<?xml version="1.0" encoding="UTF-8"?>
<testsuite xmlns:xsi="http://www.w3.org/2001/XMLSchema-instance" xsi:noNamespaceSchemaLocation="https://maven.apache.org/surefire/maven-failsafe-plugin/xsd/failsafe-test-report-3.0.xsd" version="3.0" name="starter.CucumberTestSuite" time="179.428" tests="22" errors="2" skipped="0" failures="0">
  <properties>
    <property name="java.specification.version" value="19"/>
    <property name="webdriver.chrome.driver" value="src/test/resources/webdriver/chromedriver.exe"/>
    <property name="sun.cpu.isalist" value="amd64"/>
    <property name="sun.jnu.encoding" value="Cp1252"/>
    <property name="java.class.path" value="C:\Users\Bunayya Zulfikar\3D Objects\alta_web_minpro_testcase\target\test-classes;C:\Users\Bunayya Zulfikar\.m2\repository\net\serenity-bdd\serenity-rest-assured\3.6.22\serenity-rest-assured-3.6.22.jar;C:\Users\Bunayya Zulfikar\.m2\repository\org\apache\httpcomponents\httpclient\4.5.13\httpclient-4.5.13.jar;C:\Users\Bunayya Zulfikar\.m2\repository\org\apache\httpcomponents\httpcore\4.4.13\httpcore-4.4.13.jar;C:\Users\Bunayya Zulfikar\.m2\repository\commons-logging\commons-logging\1.2\commons-logging-1.2.jar;C:\Users\Bunayya Zulfikar\.m2\repository\io\rest-assured\rest-assured\5.3.0\rest-assured-5.3.0.jar;C:\Users\Bunayya Zulfikar\.m2\repository\org\apache\httpcomponents\httpmime\4.5.13\httpmime-4.5.13.jar;C:\Users\Bunayya Zulfikar\.m2\repository\org\ccil\cowan\tagsoup\tagsoup\1.2.1\tagsoup-1.2.1.jar;C:\Users\Bunayya Zulfikar\.m2\repository\io\rest-assured\json-path\5.3.0\json-path-5.3.0.jar;C:\Users\Bunayya Zulfikar\.m2\repository\io\rest-assured\rest-assured-common\5.3.0\rest-assured-common-5.3.0.jar;C:\Users\Bunayya Zulfikar\.m2\repository\io\rest-assured\xml-path\5.3.0\xml-path-5.3.0.jar;C:\Users\Bunayya Zulfikar\.m2\repository\org\apache\groovy\groovy-json\4.0.10\groovy-json-4.0.10.jar;C:\Users\Bunayya Zulfikar\.m2\repository\org\apache\groovy\groovy-xml\4.0.10\groovy-xml-4.0.10.jar;C:\Users\Bunayya Zulfikar\.m2\repository\org\apache\groovy\groovy\4.0.10\groovy-4.0.10.jar;C:\Users\Bunayya Zulfikar\.m2\repository\org\opentest4j\opentest4j\1.2.0\opentest4j-1.2.0.jar;C:\Users\Bunayya Zulfikar\.m2\repository\net\serenity-bdd\serenity-core\3.6.21\serenity-core-3.6.21.jar;C:\Users\Bunayya Zulfikar\.m2\repository\net\serenity-bdd\serenity-model\3.6.21\serenity-model-3.6.21.jar;C:\Users\Bunayya Zulfikar\.m2\repository\org\apache\commons\commons-text\1.10.0\commons-text-1.10.0.jar;C:\Users\Bunayya Zulfikar\.m2\repository\commons-net\commons-net\3.9.0\commons-net-3.9.0.jar;C:\Users\Bunayya Zulfikar\.m2\repository\com\google\guava\guava\31.1-jre\guava-31.1-jre.jar;C:\Users\Bunayya Zulfikar\.m2\repository\com\google\guava\failureaccess\1.0.1\failureaccess-1.0.1.jar;C:\Users\Bunayya Zulfikar\.m2\repository\com\google\guava\listenablefuture\9999.0-empty-to-avoid-conflict-with-guava\listenablefuture-9999.0-empty-to-avoid-conflict-with-guava.jar;C:\Users\Bunayya Zulfikar\.m2\repository\com\google\code\findbugs\jsr305\3.0.2\jsr305-3.0.2.jar;C:\Users\Bunayya Zulfikar\.m2\repository\org\checkerframework\checker-qual\3.12.0\checker-qual-3.12.0.jar;C:\Users\Bunayya Zulfikar\.m2\repository\com\google\errorprone\error_prone_annotations\2.11.0\error_prone_annotations-2.11.0.jar;C:\Users\Bunayya Zulfikar\.m2\repository\com\google\j2objc\j2objc-annotations\1.3\j2objc-annotations-1.3.jar;C:\Users\Bunayya Zulfikar\.m2\repository\com\google\inject\guice\5.1.0\guice-5.1.0.jar;C:\Users\Bunayya Zulfikar\.m2\repository\javax\inject\javax.inject\1\javax.inject-1.jar;C:\Users\Bunayya Zulfikar\.m2\repository\aopalliance\aopalliance\1.0\aopalliance-1.0.jar;C:\Users\Bunayya Zulfikar\.m2\repository\org\jsoup\jsoup\1.14.3\jsoup-1.14.3.jar;C:\Users\Bunayya Zulfikar\.m2\repository\com\thoughtworks\xstream\xstream\1.4.20\xstream-1.4.20.jar;C:\Users\Bunayya Zulfikar\.m2\repository\io\github\x-stream\mxparser\1.2.2\mxparser-1.2.2.jar;C:\Users\Bunayya Zulfikar\.m2\repository\xmlpull\xmlpull\1.1.3.1\xmlpull-1.1.3.1.jar;C:\Users\Bunayya Zulfikar\.m2\repository\com\typesafe\config\1.4.2\config-1.4.2.jar;C:\Users\Bunayya Zulfikar\.m2\repository\org\imgscalr\imgscalr-lib\4.2\imgscalr-lib-4.2.jar;C:\Users\Bunayya Zulfikar\.m2\repository\org\awaitility\awaitility\4.2.0\awaitility-4.2.0.jar;C:\Users\Bunayya Zulfikar\.m2\repository\org\freemarker\freemarker\2.3.31\freemarker-2.3.31.jar;C:\Users\Bunayya Zulfikar\.m2\repository\io\github\classgraph\classgraph\4.8.138\classgraph-4.8.138.jar;C:\Users\Bunayya Zulfikar\.m2\repository\net\sourceforge\jexcelapi\jxl\2.6.12\jxl-2.6.12.jar;C:\Users\Bunayya Zulfikar\.m2\repository\net\bytebuddy\byte-buddy-agent\1.14.2\byte-buddy-agent-1.14.2.jar;C:\Users\Bunayya Zulfikar\.m2\repository\org\objenesis\objenesis\3.3\objenesis-3.3.jar;C:\Users\Bunayya Zulfikar\.m2\repository\net\serenity-bdd\serenity-reports\3.6.21\serenity-reports-3.6.21.jar;C:\Users\Bunayya Zulfikar\.m2\repository\net\serenity-bdd\serenity-stats\3.6.21\serenity-stats-3.6.21.jar;C:\Users\Bunayya Zulfikar\.m2\repository\net\serenity-bdd\serenity-reports-configuration\3.6.21\serenity-reports-configuration-3.6.21.jar;C:\Users\Bunayya Zulfikar\.m2\repository\com\vladsch\flexmark\flexmark-all\0.62.2\flexmark-all-0.62.2.jar;C:\Users\Bunayya Zulfikar\.m2\repository\com\vladsch\flexmark\flexmark\0.62.2\flexmark-0.62.2.jar;C:\Users\Bunayya Zulfikar\.m2\repository\com\vladsch\flexmark\flexmark-ext-abbreviation\0.62.2\flexmark-ext-abbreviation-0.62.2.jar;C:\Users\Bunayya Zulfikar\.m2\repository\com\vladsch\flexmark\flexmark-util\0.62.2\flexmark-util-0.62.2.jar;C:\Users\Bunayya Zulfikar\.m2\repository\com\vladsch\flexmark\flexmark-ext-admonition\0.62.2\flexmark-ext-admonition-0.62.2.jar;C:\Users\Bunayya Zulfikar\.m2\repository\com\vladsch\flexmark\flexmark-ext-anchorlink\0.62.2\flexmark-ext-anchorlink-0.62.2.jar;C:\Users\Bunayya Zulfikar\.m2\repository\com\vladsch\flexmark\flexmark-ext-aside\0.62.2\flexmark-ext-aside-0.62.2.jar;C:\Users\Bunayya Zulfikar\.m2\repository\com\vladsch\flexmark\flexmark-ext-attributes\0.62.2\flexmark-ext-attributes-0.62.2.jar;C:\Users\Bunayya Zulfikar\.m2\repository\com\vladsch\flexmark\flexmark-ext-autolink\0.62.2\flexmark-ext-autolink-0.62.2.jar;C:\Users\Bunayya Zulfikar\.m2\repository\org\nibor\autolink\autolink\0.6.0\autolink-0.6.0.jar;C:\Users\Bunayya Zulfikar\.m2\repository\com\vladsch\flexmark\flexmark-ext-definition\0.62.2\flexmark-ext-definition-0.62.2.jar;C:\Users\Bunayya Zulfikar\.m2\repository\com\vladsch\flexmark\flexmark-ext-emoji\0.62.2\flexmark-ext-emoji-0.62.2.jar;C:\Users\Bunayya Zulfikar\.m2\repository\com\vladsch\flexmark\flexmark-ext-enumerated-reference\0.62.2\flexmark-ext-enumerated-reference-0.62.2.jar;C:\Users\Bunayya Zulfikar\.m2\repository\com\vladsch\flexmark\flexmark-ext-escaped-character\0.62.2\flexmark-ext-escaped-character-0.62.2.jar;C:\Users\Bunayya Zulfikar\.m2\repository\com\vladsch\flexmark\flexmark-ext-footnotes\0.62.2\flexmark-ext-footnotes-0.62.2.jar;C:\Users\Bunayya Zulfikar\.m2\repository\com\vladsch\flexmark\flexmark-ext-gfm-issues\0.62.2\flexmark-ext-gfm-issues-0.62.2.jar;C:\Users\Bunayya Zulfikar\.m2\repository\com\vladsch\flexmark\flexmark-ext-gfm-strikethrough\0.62.2\flexmark-ext-gfm-strikethrough-0.62.2.jar;C:\Users\Bunayya Zulfikar\.m2\repository\com\vladsch\flexmark\flexmark-ext-gfm-tasklist\0.62.2\flexmark-ext-gfm-tasklist-0.62.2.jar;C:\Users\Bunayya Zulfikar\.m2\repository\com\vladsch\flexmark\flexmark-ext-gfm-users\0.62.2\flexmark-ext-gfm-users-0.62.2.jar;C:\Users\Bunayya Zulfikar\.m2\repository\com\vladsch\flexmark\flexmark-ext-gitlab\0.62.2\flexmark-ext-gitlab-0.62.2.jar;C:\Users\Bunayya Zulfikar\.m2\repository\com\vladsch\flexmark\flexmark-ext-jekyll-front-matter\0.62.2\flexmark-ext-jekyll-front-matter-0.62.2.jar;C:\Users\Bunayya Zulfikar\.m2\repository\com\vladsch\flexmark\flexmark-ext-jekyll-tag\0.62.2\flexmark-ext-jekyll-tag-0.62.2.jar;C:\Users\Bunayya Zulfikar\.m2\repository\com\vladsch\flexmark\flexmark-ext-media-tags\0.62.2\flexmark-ext-media-tags-0.62.2.jar;C:\Users\Bunayya Zulfikar\.m2\repository\com\vladsch\flexmark\flexmark-ext-macros\0.62.2\flexmark-ext-macros-0.62.2.jar;C:\Users\Bunayya Zulfikar\.m2\repository\com\vladsch\flexmark\flexmark-ext-ins\0.62.2\flexmark-ext-ins-0.62.2.jar;C:\Users\Bunayya Zulfikar\.m2\repository\com\vladsch\flexmark\flexmark-ext-xwiki-macros\0.62.2\flexmark-ext-xwiki-macros-0.62.2.jar;C:\Users\Bunayya Zulfikar\.m2\repository\com\vladsch\flexmark\flexmark-ext-superscript\0.62.2\flexmark-ext-superscript-0.62.2.jar;C:\Users\Bunayya Zulfikar\.m2\repository\com\vladsch\flexmark\flexmark-ext-tables\0.62.2\flexmark-ext-tables-0.62.2.jar;C:\Users\Bunayya Zulfikar\.m2\repository\com\vladsch\flexmark\flexmark-ext-toc\0.62.2\flexmark-ext-toc-0.62.2.jar;C:\Users\Bunayya Zulfikar\.m2\repository\com\vladsch\flexmark\flexmark-ext-typographic\0.62.2\flexmark-ext-typographic-0.62.2.jar;C:\Users\Bunayya Zulfikar\.m2\repository\com\vladsch\flexmark\flexmark-ext-wikilink\0.62.2\flexmark-ext-wikilink-0.62.2.jar;C:\Users\Bunayya Zulfikar\.m2\repository\com\vladsch\flexmark\flexmark-ext-yaml-front-matter\0.62.2\flexmark-ext-yaml-front-matter-0.62.2.jar;C:\Users\Bunayya Zulfikar\.m2\repository\com\vladsch\flexmark\flexmark-ext-youtube-embedded\0.62.2\flexmark-ext-youtube-embedded-0.62.2.jar;C:\Users\Bunayya Zulfikar\.m2\repository\com\vladsch\flexmark\flexmark-html2md-converter\0.62.2\flexmark-html2md-converter-0.62.2.jar;C:\Users\Bunayya Zulfikar\.m2\repository\com\vladsch\flexmark\flexmark-jira-converter\0.62.2\flexmark-jira-converter-0.62.2.jar;C:\Users\Bunayya Zulfikar\.m2\repository\com\vladsch\flexmark\flexmark-pdf-converter\0.62.2\flexmark-pdf-converter-0.62.2.jar;C:\Users\Bunayya Zulfikar\.m2\repository\com\openhtmltopdf\openhtmltopdf-core\1.0.0\openhtmltopdf-core-1.0.0.jar;C:\Users\Bunayya Zulfikar\.m2\repository\com\openhtmltopdf\openhtmltopdf-pdfbox\1.0.0\openhtmltopdf-pdfbox-1.0.0.jar;C:\Users\Bunayya Zulfikar\.m2\repository\org\apache\pdfbox\pdfbox\2.0.16\pdfbox-2.0.16.jar;C:\Users\Bunayya Zulfikar\.m2\repository\org\apache\pdfbox\fontbox\2.0.16\fontbox-2.0.16.jar;C:\Users\Bunayya Zulfikar\.m2\repository\org\apache\pdfbox\xmpbox\2.0.16\xmpbox-2.0.16.jar;C:\Users\Bunayya Zulfikar\.m2\repository\de\rototor\pdfbox\graphics2d\0.24\graphics2d-0.24.jar;C:\Users\Bunayya Zulfikar\.m2\repository\com\openhtmltopdf\openhtmltopdf-rtl-support\1.0.0\openhtmltopdf-rtl-support-1.0.0.jar;C:\Users\Bunayya Zulfikar\.m2\repository\com\openhtmltopdf\openhtmltopdf-jsoup-dom-converter\1.0.0\openhtmltopdf-jsoup-dom-converter-1.0.0.jar;C:\Users\Bunayya Zulfikar\.m2\repository\com\vladsch\flexmark\flexmark-profile-pegdown\0.62.2\flexmark-profile-pegdown-0.62.2.jar;C:\Users\Bunayya Zulfikar\.m2\repository\com\vladsch\flexmark\flexmark-util-ast\0.62.2\flexmark-util-ast-0.62.2.jar;C:\Users\Bunayya Zulfikar\.m2\repository\com\vladsch\flexmark\flexmark-util-builder\0.62.2\flexmark-util-builder-0.62.2.jar;C:\Users\Bunayya Zulfikar\.m2\repository\com\vladsch\flexmark\flexmark-util-collection\0.62.2\flexmark-util-collection-0.62.2.jar;C:\Users\Bunayya Zulfikar\.m2\repository\com\vladsch\flexmark\flexmark-util-data\0.62.2\flexmark-util-data-0.62.2.jar;C:\Users\Bunayya Zulfikar\.m2\repository\com\vladsch\flexmark\flexmark-util-dependency\0.62.2\flexmark-util-dependency-0.62.2.jar;C:\Users\Bunayya Zulfikar\.m2\repository\com\vladsch\flexmark\flexmark-util-format\0.62.2\flexmark-util-format-0.62.2.jar;C:\Users\Bunayya Zulfikar\.m2\repository\com\vladsch\flexmark\flexmark-util-html\0.62.2\flexmark-util-html-0.62.2.jar;C:\Users\Bunayya Zulfikar\.m2\repository\com\vladsch\flexmark\flexmark-util-misc\0.62.2\flexmark-util-misc-0.62.2.jar;C:\Users\Bunayya Zulfikar\.m2\repository\com\vladsch\flexmark\flexmark-util-options\0.62.2\flexmark-util-options-0.62.2.jar;C:\Users\Bunayya Zulfikar\.m2\repository\com\vladsch\flexmark\flexmark-util-sequence\0.62.2\flexmark-util-sequence-0.62.2.jar;C:\Users\Bunayya Zulfikar\.m2\repository\com\vladsch\flexmark\flexmark-util-visitor\0.62.2\flexmark-util-visitor-0.62.2.jar;C:\Users\Bunayya Zulfikar\.m2\repository\com\vladsch\flexmark\flexmark-youtrack-converter\0.62.2\flexmark-youtrack-converter-0.62.2.jar;C:\Users\Bunayya Zulfikar\.m2\repository\com\ibm\icu\icu4j\72.1\icu4j-72.1.jar;C:\Users\Bunayya Zulfikar\.m2\repository\es\nitaur\markdown\txtmark\0.16\txtmark-0.16.jar;C:\Users\Bunayya Zulfikar\.m2\repository\net\serenity-bdd\serenity-report-resources\3.6.21\serenity-report-resources-3.6.21.jar;C:\Users\Bunayya Zulfikar\.m2\repository\com\google\code\gson\gson\2.10.1\gson-2.10.1.jar;C:\Users\Bunayya Zulfikar\.m2\repository\com\fasterxml\jackson\core\jackson-core\2.15.0-rc1\jackson-core-2.15.0-rc1.jar;C:\Users\Bunayya Zulfikar\.m2\repository\com\fasterxml\jackson\core\jackson-databind\2.15.0-rc1\jackson-databind-2.15.0-rc1.jar;C:\Users\Bunayya Zulfikar\.m2\repository\com\fasterxml\jackson\core\jackson-annotations\2.15.0-rc1\jackson-annotations-2.15.0-rc1.jar;C:\Users\Bunayya Zulfikar\.m2\repository\commons-codec\commons-codec\1.15\commons-codec-1.15.jar;C:\Users\Bunayya Zulfikar\.m2\repository\commons-io\commons-io\2.11.0\commons-io-2.11.0.jar;C:\Users\Bunayya Zulfikar\.m2\repository\org\seleniumhq\selenium\selenium-java\4.8.1\selenium-java-4.8.1.jar;C:\Users\Bunayya Zulfikar\.m2\repository\org\seleniumhq\selenium\selenium-devtools-v108\4.8.1\selenium-devtools-v108-4.8.1.jar;C:\Users\Bunayya Zulfikar\.m2\repository\org\seleniumhq\selenium\selenium-devtools-v109\4.8.1\selenium-devtools-v109-4.8.1.jar;C:\Users\Bunayya Zulfikar\.m2\repository\org\seleniumhq\selenium\selenium-devtools-v110\4.8.1\selenium-devtools-v110-4.8.1.jar;C:\Users\Bunayya Zulfikar\.m2\repository\org\seleniumhq\selenium\selenium-devtools-v85\4.8.1\selenium-devtools-v85-4.8.1.jar;C:\Users\Bunayya Zulfikar\.m2\repository\org\seleniumhq\selenium\selenium-remote-driver\4.8.1\selenium-remote-driver-4.8.1.jar;C:\Users\Bunayya Zulfikar\.m2\repository\com\beust\jcommander\1.82\jcommander-1.82.jar;C:\Users\Bunayya Zulfikar\.m2\repository\io\netty\netty-buffer\4.1.87.Final\netty-buffer-4.1.87.Final.jar;C:\Users\Bunayya Zulfikar\.m2\repository\io\netty\netty-codec-http\4.1.87.Final\netty-codec-http-4.1.87.Final.jar;C:\Users\Bunayya Zulfikar\.m2\repository\io\netty\netty-codec\4.1.87.Final\netty-codec-4.1.87.Final.jar;C:\Users\Bunayya Zulfikar\.m2\repository\io\netty\netty-handler\4.1.87.Final\netty-handler-4.1.87.Final.jar;C:\Users\Bunayya Zulfikar\.m2\repository\io\netty\netty-common\4.1.87.Final\netty-common-4.1.87.Final.jar;C:\Users\Bunayya Zulfikar\.m2\repository\io\netty\netty-transport-classes-epoll\4.1.87.Final\netty-transport-classes-epoll-4.1.87.Final.jar;C:\Users\Bunayya Zulfikar\.m2\repository\io\netty\netty-transport-classes-kqueue\4.1.87.Final\netty-transport-classes-kqueue-4.1.87.Final.jar;C:\Users\Bunayya Zulfikar\.m2\repository\io\netty\netty-transport-native-epoll\4.1.87.Final\netty-transport-native-epoll-4.1.87.Final.jar;C:\Users\Bunayya Zulfikar\.m2\repository\io\netty\netty-transport-native-kqueue\4.1.87.Final\netty-transport-native-kqueue-4.1.87.Final.jar;C:\Users\Bunayya Zulfikar\.m2\repository\io\netty\netty-transport-native-unix-common\4.1.87.Final\netty-transport-native-unix-common-4.1.87.Final.jar;C:\Users\Bunayya Zulfikar\.m2\repository\io\netty\netty-transport\4.1.87.Final\netty-transport-4.1.87.Final.jar;C:\Users\Bunayya Zulfikar\.m2\repository\io\netty\netty-resolver\4.1.87.Final\netty-resolver-4.1.87.Final.jar;C:\Users\Bunayya Zulfikar\.m2\repository\io\opentelemetry\opentelemetry-api\1.22.0\opentelemetry-api-1.22.0.jar;C:\Users\Bunayya Zulfikar\.m2\repository\io\opentelemetry\opentelemetry-context\1.22.0\opentelemetry-context-1.22.0.jar;C:\Users\Bunayya Zulfikar\.m2\repository\io\opentelemetry\opentelemetry-exporter-logging\1.22.0\opentelemetry-exporter-logging-1.22.0.jar;C:\Users\Bunayya Zulfikar\.m2\repository\io\opentelemetry\opentelemetry-sdk-metrics\1.22.0\opentelemetry-sdk-metrics-1.22.0.jar;C:\Users\Bunayya Zulfikar\.m2\repository\io\opentelemetry\opentelemetry-sdk-logs\1.22.0-alpha\opentelemetry-sdk-logs-1.22.0-alpha.jar;C:\Users\Bunayya Zulfikar\.m2\repository\io\opentelemetry\opentelemetry-api-logs\1.22.0-alpha\opentelemetry-api-logs-1.22.0-alpha.jar;C:\Users\Bunayya Zulfikar\.m2\repository\io\opentelemetry\opentelemetry-sdk-common\1.22.0\opentelemetry-sdk-common-1.22.0.jar;C:\Users\Bunayya Zulfikar\.m2\repository\io\opentelemetry\opentelemetry-sdk-extension-autoconfigure-spi\1.22.0\opentelemetry-sdk-extension-autoconfigure-spi-1.22.0.jar;C:\Users\Bunayya Zulfikar\.m2\repository\io\opentelemetry\opentelemetry-sdk-extension-autoconfigure\1.22.0-alpha\opentelemetry-sdk-extension-autoconfigure-1.22.0-alpha.jar;C:\Users\Bunayya Zulfikar\.m2\repository\io\opentelemetry\opentelemetry-sdk-trace\1.22.0\opentelemetry-sdk-trace-1.22.0.jar;C:\Users\Bunayya Zulfikar\.m2\repository\io\opentelemetry\opentelemetry-sdk\1.22.0\opentelemetry-sdk-1.22.0.jar;C:\Users\Bunayya Zulfikar\.m2\repository\io\opentelemetry\opentelemetry-semconv\1.22.0-alpha\opentelemetry-semconv-1.22.0-alpha.jar;C:\Users\Bunayya Zulfikar\.m2\repository\io\ous\jtoml\2.0.0\jtoml-2.0.0.jar;C:\Users\Bunayya Zulfikar\.m2\repository\org\apache\commons\commons-exec\1.3\commons-exec-1.3.jar;C:\Users\Bunayya Zulfikar\.m2\repository\org\asynchttpclient\async-http-client\2.12.3\async-http-client-2.12.3.jar;C:\Users\Bunayya Zulfikar\.m2\repository\org\asynchttpclient\async-http-client-netty-utils\2.12.3\async-http-client-netty-utils-2.12.3.jar;C:\Users\Bunayya Zulfikar\.m2\repository\io\netty\netty-codec-socks\4.1.60.Final\netty-codec-socks-4.1.60.Final.jar;C:\Users\Bunayya Zulfikar\.m2\repository\io\netty\netty-handler-proxy\4.1.60.Final\netty-handler-proxy-4.1.60.Final.jar;C:\Users\Bunayya Zulfikar\.m2\repository\io\netty\netty-transport-native-epoll\4.1.60.Final\netty-transport-native-epoll-4.1.60.Final-linux-x86_64.jar;C:\Users\Bunayya Zulfikar\.m2\repository\io\netty\netty-transport-native-kqueue\4.1.60.Final\netty-transport-native-kqueue-4.1.60.Final-osx-x86_64.jar;C:\Users\Bunayya Zulfikar\.m2\repository\org\reactivestreams\reactive-streams\1.0.3\reactive-streams-1.0.3.jar;C:\Users\Bunayya Zulfikar\.m2\repository\com\typesafe\netty\netty-reactive-streams\2.0.4\netty-reactive-streams-2.0.4.jar;C:\Users\Bunayya Zulfikar\.m2\repository\org\seleniumhq\selenium\selenium-manager\4.8.1\selenium-manager-4.8.1.jar;C:\Users\Bunayya Zulfikar\.m2\repository\org\seleniumhq\selenium\selenium-safari-driver\4.8.1\selenium-safari-driver-4.8.1.jar;C:\Users\Bunayya Zulfikar\.m2\repository\org\seleniumhq\selenium\selenium-api\4.8.1\selenium-api-4.8.1.jar;C:\Users\Bunayya Zulfikar\.m2\repository\org\seleniumhq\selenium\selenium-support\4.8.1\selenium-support-4.8.1.jar;C:\Users\Bunayya Zulfikar\.m2\repository\com\google\auto\service\auto-service-annotations\1.0.1\auto-service-annotations-1.0.1.jar;C:\Users\Bunayya Zulfikar\.m2\repository\com\google\auto\service\auto-service\1.0.1\auto-service-1.0.1.jar;C:\Users\Bunayya Zulfikar\.m2\repository\com\google\auto\auto-common\1.2\auto-common-1.2.jar;C:\Users\Bunayya Zulfikar\.m2\repository\org\seleniumhq\selenium\selenium-json\4.8.1\selenium-json-4.8.1.jar;C:\Users\Bunayya Zulfikar\.m2\repository\org\seleniumhq\selenium\selenium-chrome-driver\4.8.1\selenium-chrome-driver-4.8.1.jar;C:\Users\Bunayya Zulfikar\.m2\repository\org\seleniumhq\selenium\selenium-chromium-driver\4.8.1\selenium-chromium-driver-4.8.1.jar;C:\Users\Bunayya Zulfikar\.m2\repository\org\seleniumhq\selenium\selenium-firefox-driver\4.8.1\selenium-firefox-driver-4.8.1.jar;C:\Users\Bunayya Zulfikar\.m2\repository\org\seleniumhq\selenium\selenium-http\4.8.1\selenium-http-4.8.1.jar;C:\Users\Bunayya Zulfikar\.m2\repository\dev\failsafe\failsafe\3.3.0\failsafe-3.3.0.jar;C:\Users\Bunayya Zulfikar\.m2\repository\org\seleniumhq\selenium\selenium-edge-driver\4.8.1\selenium-edge-driver-4.8.1.jar;C:\Users\Bunayya Zulfikar\.m2\repository\org\seleniumhq\selenium\selenium-ie-driver\4.8.1\selenium-ie-driver-4.8.1.jar;C:\Users\Bunayya Zulfikar\.m2\repository\org\projectlombok\lombok\1.18.20\lombok-1.18.20.jar;C:\Users\Bunayya Zulfikar\.m2\repository\io\appium\java-client\8.3.0\java-client-8.3.0.jar;C:\Users\Bunayya Zulfikar\.m2\repository\commons-validator\commons-validator\1.7\commons-validator-1.7.jar;C:\Users\Bunayya Zulfikar\.m2\repository\commons-digester\commons-digester\2.1\commons-digester-2.1.jar;C:\Users\Bunayya Zulfikar\.m2\repository\net\sf\opencsv\opencsv\2.0\opencsv-2.0.jar;C:\Users\Bunayya Zulfikar\.m2\repository\commons-beanutils\commons-beanutils\1.9.4\commons-beanutils-1.9.4.jar;C:\Users\Bunayya Zulfikar\.m2\repository\org\apache\commons\commons-lang3\3.12.0\commons-lang3-3.12.0.jar;C:\Users\Bunayya Zulfikar\.m2\repository\commons-collections\commons-collections\3.2.2\commons-collections-3.2.2.jar;C:\Users\Bunayya Zulfikar\.m2\repository\org\fluentlenium\fluentlenium-core\0.10.2\fluentlenium-core-0.10.2.jar;C:\Users\Bunayya Zulfikar\.m2\repository\io\github\bonigarcia\webdrivermanager\5.3.0\webdrivermanager-5.3.0.jar;C:\Users\Bunayya Zulfikar\.m2\repository\com\github\docker-java\docker-java\3.2.13\docker-java-3.2.13.jar;C:\Users\Bunayya Zulfikar\.m2\repository\com\github\docker-java\docker-java-core\3.2.13\docker-java-core-3.2.13.jar;C:\Users\Bunayya Zulfikar\.m2\repository\com\github\docker-java\docker-java-api\3.2.13\docker-java-api-3.2.13.jar;C:\Users\Bunayya Zulfikar\.m2\repository\org\apache\commons\commons-compress\1.21\commons-compress-1.21.jar;C:\Users\Bunayya Zulfikar\.m2\repository\org\bouncycastle\bcpkix-jdk15on\1.64\bcpkix-jdk15on-1.64.jar;C:\Users\Bunayya Zulfikar\.m2\repository\org\bouncycastle\bcprov-jdk15on\1.64\bcprov-jdk15on-1.64.jar;C:\Users\Bunayya Zulfikar\.m2\repository\org\slf4j\jcl-over-slf4j\1.7.30\jcl-over-slf4j-1.7.30.jar;C:\Users\Bunayya Zulfikar\.m2\repository\com\github\docker-java\docker-java-transport-httpclient5\3.2.13\docker-java-transport-httpclient5-3.2.13.jar;C:\Users\Bunayya Zulfikar\.m2\repository\com\github\docker-java\docker-java-transport\3.2.13\docker-java-transport-3.2.13.jar;C:\Users\Bunayya Zulfikar\.m2\repository\net\java\dev\jna\jna\5.8.0\jna-5.8.0.jar;C:\Users\Bunayya Zulfikar\.m2\repository\org\brotli\dec\0.1.2\dec-0.1.2.jar;C:\Users\Bunayya Zulfikar\.m2\repository\org\apache\httpcomponents\client5\httpclient5\5.1.3\httpclient5-5.1.3.jar;C:\Users\Bunayya Zulfikar\.m2\repository\org\apache\httpcomponents\core5\httpcore5\5.1.3\httpcore5-5.1.3.jar;C:\Users\Bunayya Zulfikar\.m2\repository\org\apache\httpcomponents\core5\httpcore5-h2\5.1.3\httpcore5-h2-5.1.3.jar;C:\Users\Bunayya Zulfikar\.m2\repository\com\jhlabs\filters\2.0.235\filters-2.0.235.jar;C:\Users\Bunayya Zulfikar\.m2\repository\com\paulhammant\ngwebdriver\1.1.6\ngwebdriver-1.1.6.jar;C:\Users\Bunayya Zulfikar\.m2\repository\joda-time\joda-time\2.12.2\joda-time-2.12.2.jar;C:\Users\Bunayya Zulfikar\.m2\repository\org\hamcrest\hamcrest\2.2\hamcrest-2.2.jar;C:\Users\Bunayya Zulfikar\.m2\repository\com\google\jimfs\jimfs\1.2\jimfs-1.2.jar;C:\Users\Bunayya Zulfikar\.m2\repository\org\mockito\mockito-core\3.3.3\mockito-core-3.3.3.jar;C:\Users\Bunayya Zulfikar\.m2\repository\javax\xml\bind\jaxb-api\2.3.1\jaxb-api-2.3.1.jar;C:\Users\Bunayya Zulfikar\.m2\repository\javax\activation\javax.activation-api\1.2.0\javax.activation-api-1.2.0.jar;C:\Users\Bunayya Zulfikar\.m2\repository\com\sun\xml\bind\jaxb-core\2.3.0.1\jaxb-core-2.3.0.1.jar;C:\Users\Bunayya Zulfikar\.m2\repository\com\sun\xml\bind\jaxb-impl\2.3.3\jaxb-impl-2.3.3.jar;C:\Users\Bunayya Zulfikar\.m2\repository\jakarta\xml\bind\jakarta.xml.bind-api\2.3.3\jakarta.xml.bind-api-2.3.3.jar;C:\Users\Bunayya Zulfikar\.m2\repository\com\sun\activation\jakarta.activation\1.2.2\jakarta.activation-1.2.2.jar;C:\Users\Bunayya Zulfikar\.m2\repository\javax\activation\activation\1.1.1\activation-1.1.1.jar;C:\Users\Bunayya Zulfikar\.m2\repository\net\serenity-bdd\serenity-cucumber\3.6.21\serenity-cucumber-3.6.21.jar;C:\Users\Bunayya Zulfikar\.m2\repository\io\cucumber\cucumber-core\7.11.0\cucumber-core-7.11.0.jar;C:\Users\Bunayya Zulfikar\.m2\repository\io\cucumber\cucumber-gherkin\7.11.0\cucumber-gherkin-7.11.0.jar;C:\Users\Bunayya Zulfikar\.m2\repository\io\cucumber\cucumber-gherkin-messages\7.11.0\cucumber-gherkin-messages-7.11.0.jar;C:\Users\Bunayya Zulfikar\.m2\repository\io\cucumber\gherkin\26.0.3\gherkin-26.0.3.jar;C:\Users\Bunayya Zulfikar\.m2\repository\io\cucumber\messages\21.0.1\messages-21.0.1.jar;C:\Users\Bunayya Zulfikar\.m2\repository\io\cucumber\tag-expressions\5.0.1\tag-expressions-5.0.1.jar;C:\Users\Bunayya Zulfikar\.m2\repository\io\cucumber\cucumber-expressions\16.1.1\cucumber-expressions-16.1.1.jar;C:\Users\Bunayya Zulfikar\.m2\repository\io\cucumber\datatable\7.11.0\datatable-7.11.0.jar;C:\Users\Bunayya Zulfikar\.m2\repository\io\cucumber\cucumber-plugin\7.11.0\cucumber-plugin-7.11.0.jar;C:\Users\Bunayya Zulfikar\.m2\repository\io\cucumber\docstring\7.11.0\docstring-7.11.0.jar;C:\Users\Bunayya Zulfikar\.m2\repository\io\cucumber\html-formatter\20.2.1\html-formatter-20.2.1.jar;C:\Users\Bunayya Zulfikar\.m2\repository\io\cucumber\junit-xml-formatter\0.1.0\junit-xml-formatter-0.1.0.jar;C:\Users\Bunayya Zulfikar\.m2\repository\io\cucumber\ci-environment\9.1.0\ci-environment-9.1.0.jar;C:\Users\Bunayya Zulfikar\.m2\repository\io\cucumber\cucumber-java\7.11.0\cucumber-java-7.11.0.jar;C:\Users\Bunayya Zulfikar\.m2\repository\io\cucumber\cucumber-junit\7.11.0\cucumber-junit-7.11.0.jar;C:\Users\Bunayya Zulfikar\.m2\repository\org\apache\commons\commons-csv\1.5\commons-csv-1.5.jar;C:\Users\Bunayya Zulfikar\.m2\repository\net\serenity-bdd\serenity-screenplay\3.6.21\serenity-screenplay-3.6.21.jar;C:\Users\Bunayya Zulfikar\.m2\repository\net\serenity-bdd\serenity-screenplay-webdriver\3.6.21\serenity-screenplay-webdriver-3.6.21.jar;C:\Users\Bunayya Zulfikar\.m2\repository\net\serenity-bdd\serenity-ensure\3.6.21\serenity-ensure-3.6.21.jar;C:\Users\Bunayya Zulfikar\.m2\repository\net\serenity-bdd\serenity-junit\3.6.21\serenity-junit-3.6.21.jar;C:\Users\Bunayya Zulfikar\.m2\repository\org\jetbrains\kotlin\kotlin-stdlib\1.8.10\kotlin-stdlib-1.8.10.jar;C:\Users\Bunayya Zulfikar\.m2\repository\org\jetbrains\kotlin\kotlin-stdlib-common\1.8.10\kotlin-stdlib-common-1.8.10.jar;C:\Users\Bunayya Zulfikar\.m2\repository\org\jetbrains\annotations\13.0\annotations-13.0.jar;C:\Users\Bunayya Zulfikar\.m2\repository\org\junit\platform\junit-platform-launcher\1.8.2\junit-platform-launcher-1.8.2.jar;C:\Users\Bunayya Zulfikar\.m2\repository\org\junit\platform\junit-platform-engine\1.8.2\junit-platform-engine-1.8.2.jar;C:\Users\Bunayya Zulfikar\.m2\repository\org\junit\platform\junit-platform-commons\1.8.2\junit-platform-commons-1.8.2.jar;C:\Users\Bunayya Zulfikar\.m2\repository\org\apiguardian\apiguardian-api\1.1.2\apiguardian-api-1.1.2.jar;C:\Users\Bunayya Zulfikar\.m2\repository\org\junit\jupiter\junit-jupiter-engine\5.8.2\junit-jupiter-engine-5.8.2.jar;C:\Users\Bunayya Zulfikar\.m2\repository\org\junit\jupiter\junit-jupiter-api\5.8.2\junit-jupiter-api-5.8.2.jar;C:\Users\Bunayya Zulfikar\.m2\repository\org\junit\vintage\junit-vintage-engine\5.8.2\junit-vintage-engine-5.8.2.jar;C:\Users\Bunayya Zulfikar\.m2\repository\junit\junit\4.13.2\junit-4.13.2.jar;C:\Users\Bunayya Zulfikar\.m2\repository\org\hamcrest\hamcrest-core\1.3\hamcrest-core-1.3.jar;C:\Users\Bunayya Zulfikar\.m2\repository\ch\qos\logback\logback-classic\1.2.10\logback-classic-1.2.10.jar;C:\Users\Bunayya Zulfikar\.m2\repository\ch\qos\logback\logback-core\1.2.10\logback-core-1.2.10.jar;C:\Users\Bunayya Zulfikar\.m2\repository\org\slf4j\slf4j-api\1.7.32\slf4j-api-1.7.32.jar;C:\Users\Bunayya Zulfikar\.m2\repository\org\assertj\assertj-core\3.23.1\assertj-core-3.23.1.jar;C:\Users\Bunayya Zulfikar\.m2\repository\net\bytebuddy\byte-buddy\1.12.10\byte-buddy-1.12.10.jar;C:\Users\Bunayya Zulfikar\.m2\repository\com\googlecode\json-simple\json-simple\1.1.1\json-simple-1.1.1.jar;"/>
    <property name="java.vm.vendor" value="Oracle Corporation"/>
    <property name="sun.arch.data.model" value="64"/>
    <property name="user.variant" value=""/>
    <property name="java.vendor.url" value="https://java.oracle.com/"/>
    <property name="user.timezone" value="Asia/Jakarta"/>
    <property name="os.name" value="Windows 10"/>
    <property name="java.vm.specification.version" value="19"/>
    <property name="sun.java.launcher" value="SUN_STANDARD"/>
    <property name="user.country" value="ID"/>
    <property name="sun.boot.library.path" value="C:\Program Files\Java\jdk-19\bin"/>
    <property name="sun.java.command" value="org.apache.maven.surefire.booter.ForkedBooter C:\Users\Bunayya Zulfikar\AppData\Local\Temp\surefire8048762960535673274 2023-05-11T19-20-09_907-jvmRun1 surefire6290807951039623315tmp surefire_08021977930321320506tmp"/>
    <property name="jdk.debug" value="release"/>
    <property name="surefire.test.class.path" value="C:\Users\Bunayya Zulfikar\3D Objects\alta_web_minpro_testcase\target\test-classes;C:\Users\Bunayya Zulfikar\.m2\repository\net\serenity-bdd\serenity-rest-assured\3.6.22\serenity-rest-assured-3.6.22.jar;C:\Users\Bunayya Zulfikar\.m2\repository\org\apache\httpcomponents\httpclient\4.5.13\httpclient-4.5.13.jar;C:\Users\Bunayya Zulfikar\.m2\repository\org\apache\httpcomponents\httpcore\4.4.13\httpcore-4.4.13.jar;C:\Users\Bunayya Zulfikar\.m2\repository\commons-logging\commons-logging\1.2\commons-logging-1.2.jar;C:\Users\Bunayya Zulfikar\.m2\repository\io\rest-assured\rest-assured\5.3.0\rest-assured-5.3.0.jar;C:\Users\Bunayya Zulfikar\.m2\repository\org\apache\httpcomponents\httpmime\4.5.13\httpmime-4.5.13.jar;C:\Users\Bunayya Zulfikar\.m2\repository\org\ccil\cowan\tagsoup\tagsoup\1.2.1\tagsoup-1.2.1.jar;C:\Users\Bunayya Zulfikar\.m2\repository\io\rest-assured\json-path\5.3.0\json-path-5.3.0.jar;C:\Users\Bunayya Zulfikar\.m2\repository\io\rest-assured\rest-assured-common\5.3.0\rest-assured-common-5.3.0.jar;C:\Users\Bunayya Zulfikar\.m2\repository\io\rest-assured\xml-path\5.3.0\xml-path-5.3.0.jar;C:\Users\Bunayya Zulfikar\.m2\repository\org\apache\groovy\groovy-json\4.0.10\groovy-json-4.0.10.jar;C:\Users\Bunayya Zulfikar\.m2\repository\org\apache\groovy\groovy-xml\4.0.10\groovy-xml-4.0.10.jar;C:\Users\Bunayya Zulfikar\.m2\repository\org\apache\groovy\groovy\4.0.10\groovy-4.0.10.jar;C:\Users\Bunayya Zulfikar\.m2\repository\org\opentest4j\opentest4j\1.2.0\opentest4j-1.2.0.jar;C:\Users\Bunayya Zulfikar\.m2\repository\net\serenity-bdd\serenity-core\3.6.21\serenity-core-3.6.21.jar;C:\Users\Bunayya Zulfikar\.m2\repository\net\serenity-bdd\serenity-model\3.6.21\serenity-model-3.6.21.jar;C:\Users\Bunayya Zulfikar\.m2\repository\org\apache\commons\commons-text\1.10.0\commons-text-1.10.0.jar;C:\Users\Bunayya Zulfikar\.m2\repository\commons-net\commons-net\3.9.0\commons-net-3.9.0.jar;C:\Users\Bunayya Zulfikar\.m2\repository\com\google\guava\guava\31.1-jre\guava-31.1-jre.jar;C:\Users\Bunayya Zulfikar\.m2\repository\com\google\guava\failureaccess\1.0.1\failureaccess-1.0.1.jar;C:\Users\Bunayya Zulfikar\.m2\repository\com\google\guava\listenablefuture\9999.0-empty-to-avoid-conflict-with-guava\listenablefuture-9999.0-empty-to-avoid-conflict-with-guava.jar;C:\Users\Bunayya Zulfikar\.m2\repository\com\google\code\findbugs\jsr305\3.0.2\jsr305-3.0.2.jar;C:\Users\Bunayya Zulfikar\.m2\repository\org\checkerframework\checker-qual\3.12.0\checker-qual-3.12.0.jar;C:\Users\Bunayya Zulfikar\.m2\repository\com\google\errorprone\error_prone_annotations\2.11.0\error_prone_annotations-2.11.0.jar;C:\Users\Bunayya Zulfikar\.m2\repository\com\google\j2objc\j2objc-annotations\1.3\j2objc-annotations-1.3.jar;C:\Users\Bunayya Zulfikar\.m2\repository\com\google\inject\guice\5.1.0\guice-5.1.0.jar;C:\Users\Bunayya Zulfikar\.m2\repository\javax\inject\javax.inject\1\javax.inject-1.jar;C:\Users\Bunayya Zulfikar\.m2\repository\aopalliance\aopalliance\1.0\aopalliance-1.0.jar;C:\Users\Bunayya Zulfikar\.m2\repository\org\jsoup\jsoup\1.14.3\jsoup-1.14.3.jar;C:\Users\Bunayya Zulfikar\.m2\repository\com\thoughtworks\xstream\xstream\1.4.20\xstream-1.4.20.jar;C:\Users\Bunayya Zulfikar\.m2\repository\io\github\x-stream\mxparser\1.2.2\mxparser-1.2.2.jar;C:\Users\Bunayya Zulfikar\.m2\repository\xmlpull\xmlpull\1.1.3.1\xmlpull-1.1.3.1.jar;C:\Users\Bunayya Zulfikar\.m2\repository\com\typesafe\config\1.4.2\config-1.4.2.jar;C:\Users\Bunayya Zulfikar\.m2\repository\org\imgscalr\imgscalr-lib\4.2\imgscalr-lib-4.2.jar;C:\Users\Bunayya Zulfikar\.m2\repository\org\awaitility\awaitility\4.2.0\awaitility-4.2.0.jar;C:\Users\Bunayya Zulfikar\.m2\repository\org\freemarker\freemarker\2.3.31\freemarker-2.3.31.jar;C:\Users\Bunayya Zulfikar\.m2\repository\io\github\classgraph\classgraph\4.8.138\classgraph-4.8.138.jar;C:\Users\Bunayya Zulfikar\.m2\repository\net\sourceforge\jexcelapi\jxl\2.6.12\jxl-2.6.12.jar;C:\Users\Bunayya Zulfikar\.m2\repository\net\bytebuddy\byte-buddy-agent\1.14.2\byte-buddy-agent-1.14.2.jar;C:\Users\Bunayya Zulfikar\.m2\repository\org\objenesis\objenesis\3.3\objenesis-3.3.jar;C:\Users\Bunayya Zulfikar\.m2\repository\net\serenity-bdd\serenity-reports\3.6.21\serenity-reports-3.6.21.jar;C:\Users\Bunayya Zulfikar\.m2\repository\net\serenity-bdd\serenity-stats\3.6.21\serenity-stats-3.6.21.jar;C:\Users\Bunayya Zulfikar\.m2\repository\net\serenity-bdd\serenity-reports-configuration\3.6.21\serenity-reports-configuration-3.6.21.jar;C:\Users\Bunayya Zulfikar\.m2\repository\com\vladsch\flexmark\flexmark-all\0.62.2\flexmark-all-0.62.2.jar;C:\Users\Bunayya Zulfikar\.m2\repository\com\vladsch\flexmark\flexmark\0.62.2\flexmark-0.62.2.jar;C:\Users\Bunayya Zulfikar\.m2\repository\com\vladsch\flexmark\flexmark-ext-abbreviation\0.62.2\flexmark-ext-abbreviation-0.62.2.jar;C:\Users\Bunayya Zulfikar\.m2\repository\com\vladsch\flexmark\flexmark-util\0.62.2\flexmark-util-0.62.2.jar;C:\Users\Bunayya Zulfikar\.m2\repository\com\vladsch\flexmark\flexmark-ext-admonition\0.62.2\flexmark-ext-admonition-0.62.2.jar;C:\Users\Bunayya Zulfikar\.m2\repository\com\vladsch\flexmark\flexmark-ext-anchorlink\0.62.2\flexmark-ext-anchorlink-0.62.2.jar;C:\Users\Bunayya Zulfikar\.m2\repository\com\vladsch\flexmark\flexmark-ext-aside\0.62.2\flexmark-ext-aside-0.62.2.jar;C:\Users\Bunayya Zulfikar\.m2\repository\com\vladsch\flexmark\flexmark-ext-attributes\0.62.2\flexmark-ext-attributes-0.62.2.jar;C:\Users\Bunayya Zulfikar\.m2\repository\com\vladsch\flexmark\flexmark-ext-autolink\0.62.2\flexmark-ext-autolink-0.62.2.jar;C:\Users\Bunayya Zulfikar\.m2\repository\org\nibor\autolink\autolink\0.6.0\autolink-0.6.0.jar;C:\Users\Bunayya Zulfikar\.m2\repository\com\vladsch\flexmark\flexmark-ext-definition\0.62.2\flexmark-ext-definition-0.62.2.jar;C:\Users\Bunayya Zulfikar\.m2\repository\com\vladsch\flexmark\flexmark-ext-emoji\0.62.2\flexmark-ext-emoji-0.62.2.jar;C:\Users\Bunayya Zulfikar\.m2\repository\com\vladsch\flexmark\flexmark-ext-enumerated-reference\0.62.2\flexmark-ext-enumerated-reference-0.62.2.jar;C:\Users\Bunayya Zulfikar\.m2\repository\com\vladsch\flexmark\flexmark-ext-escaped-character\0.62.2\flexmark-ext-escaped-character-0.62.2.jar;C:\Users\Bunayya Zulfikar\.m2\repository\com\vladsch\flexmark\flexmark-ext-footnotes\0.62.2\flexmark-ext-footnotes-0.62.2.jar;C:\Users\Bunayya Zulfikar\.m2\repository\com\vladsch\flexmark\flexmark-ext-gfm-issues\0.62.2\flexmark-ext-gfm-issues-0.62.2.jar;C:\Users\Bunayya Zulfikar\.m2\repository\com\vladsch\flexmark\flexmark-ext-gfm-strikethrough\0.62.2\flexmark-ext-gfm-strikethrough-0.62.2.jar;C:\Users\Bunayya Zulfikar\.m2\repository\com\vladsch\flexmark\flexmark-ext-gfm-tasklist\0.62.2\flexmark-ext-gfm-tasklist-0.62.2.jar;C:\Users\Bunayya Zulfikar\.m2\repository\com\vladsch\flexmark\flexmark-ext-gfm-users\0.62.2\flexmark-ext-gfm-users-0.62.2.jar;C:\Users\Bunayya Zulfikar\.m2\repository\com\vladsch\flexmark\flexmark-ext-gitlab\0.62.2\flexmark-ext-gitlab-0.62.2.jar;C:\Users\Bunayya Zulfikar\.m2\repository\com\vladsch\flexmark\flexmark-ext-jekyll-front-matter\0.62.2\flexmark-ext-jekyll-front-matter-0.62.2.jar;C:\Users\Bunayya Zulfikar\.m2\repository\com\vladsch\flexmark\flexmark-ext-jekyll-tag\0.62.2\flexmark-ext-jekyll-tag-0.62.2.jar;C:\Users\Bunayya Zulfikar\.m2\repository\com\vladsch\flexmark\flexmark-ext-media-tags\0.62.2\flexmark-ext-media-tags-0.62.2.jar;C:\Users\Bunayya Zulfikar\.m2\repository\com\vladsch\flexmark\flexmark-ext-macros\0.62.2\flexmark-ext-macros-0.62.2.jar;C:\Users\Bunayya Zulfikar\.m2\repository\com\vladsch\flexmark\flexmark-ext-ins\0.62.2\flexmark-ext-ins-0.62.2.jar;C:\Users\Bunayya Zulfikar\.m2\repository\com\vladsch\flexmark\flexmark-ext-xwiki-macros\0.62.2\flexmark-ext-xwiki-macros-0.62.2.jar;C:\Users\Bunayya Zulfikar\.m2\repository\com\vladsch\flexmark\flexmark-ext-superscript\0.62.2\flexmark-ext-superscript-0.62.2.jar;C:\Users\Bunayya Zulfikar\.m2\repository\com\vladsch\flexmark\flexmark-ext-tables\0.62.2\flexmark-ext-tables-0.62.2.jar;C:\Users\Bunayya Zulfikar\.m2\repository\com\vladsch\flexmark\flexmark-ext-toc\0.62.2\flexmark-ext-toc-0.62.2.jar;C:\Users\Bunayya Zulfikar\.m2\repository\com\vladsch\flexmark\flexmark-ext-typographic\0.62.2\flexmark-ext-typographic-0.62.2.jar;C:\Users\Bunayya Zulfikar\.m2\repository\com\vladsch\flexmark\flexmark-ext-wikilink\0.62.2\flexmark-ext-wikilink-0.62.2.jar;C:\Users\Bunayya Zulfikar\.m2\repository\com\vladsch\flexmark\flexmark-ext-yaml-front-matter\0.62.2\flexmark-ext-yaml-front-matter-0.62.2.jar;C:\Users\Bunayya Zulfikar\.m2\repository\com\vladsch\flexmark\flexmark-ext-youtube-embedded\0.62.2\flexmark-ext-youtube-embedded-0.62.2.jar;C:\Users\Bunayya Zulfikar\.m2\repository\com\vladsch\flexmark\flexmark-html2md-converter\0.62.2\flexmark-html2md-converter-0.62.2.jar;C:\Users\Bunayya Zulfikar\.m2\repository\com\vladsch\flexmark\flexmark-jira-converter\0.62.2\flexmark-jira-converter-0.62.2.jar;C:\Users\Bunayya Zulfikar\.m2\repository\com\vladsch\flexmark\flexmark-pdf-converter\0.62.2\flexmark-pdf-converter-0.62.2.jar;C:\Users\Bunayya Zulfikar\.m2\repository\com\openhtmltopdf\openhtmltopdf-core\1.0.0\openhtmltopdf-core-1.0.0.jar;C:\Users\Bunayya Zulfikar\.m2\repository\com\openhtmltopdf\openhtmltopdf-pdfbox\1.0.0\openhtmltopdf-pdfbox-1.0.0.jar;C:\Users\Bunayya Zulfikar\.m2\repository\org\apache\pdfbox\pdfbox\2.0.16\pdfbox-2.0.16.jar;C:\Users\Bunayya Zulfikar\.m2\repository\org\apache\pdfbox\fontbox\2.0.16\fontbox-2.0.16.jar;C:\Users\Bunayya Zulfikar\.m2\repository\org\apache\pdfbox\xmpbox\2.0.16\xmpbox-2.0.16.jar;C:\Users\Bunayya Zulfikar\.m2\repository\de\rototor\pdfbox\graphics2d\0.24\graphics2d-0.24.jar;C:\Users\Bunayya Zulfikar\.m2\repository\com\openhtmltopdf\openhtmltopdf-rtl-support\1.0.0\openhtmltopdf-rtl-support-1.0.0.jar;C:\Users\Bunayya Zulfikar\.m2\repository\com\openhtmltopdf\openhtmltopdf-jsoup-dom-converter\1.0.0\openhtmltopdf-jsoup-dom-converter-1.0.0.jar;C:\Users\Bunayya Zulfikar\.m2\repository\com\vladsch\flexmark\flexmark-profile-pegdown\0.62.2\flexmark-profile-pegdown-0.62.2.jar;C:\Users\Bunayya Zulfikar\.m2\repository\com\vladsch\flexmark\flexmark-util-ast\0.62.2\flexmark-util-ast-0.62.2.jar;C:\Users\Bunayya Zulfikar\.m2\repository\com\vladsch\flexmark\flexmark-util-builder\0.62.2\flexmark-util-builder-0.62.2.jar;C:\Users\Bunayya Zulfikar\.m2\repository\com\vladsch\flexmark\flexmark-util-collection\0.62.2\flexmark-util-collection-0.62.2.jar;C:\Users\Bunayya Zulfikar\.m2\repository\com\vladsch\flexmark\flexmark-util-data\0.62.2\flexmark-util-data-0.62.2.jar;C:\Users\Bunayya Zulfikar\.m2\repository\com\vladsch\flexmark\flexmark-util-dependency\0.62.2\flexmark-util-dependency-0.62.2.jar;C:\Users\Bunayya Zulfikar\.m2\repository\com\vladsch\flexmark\flexmark-util-format\0.62.2\flexmark-util-format-0.62.2.jar;C:\Users\Bunayya Zulfikar\.m2\repository\com\vladsch\flexmark\flexmark-util-html\0.62.2\flexmark-util-html-0.62.2.jar;C:\Users\Bunayya Zulfikar\.m2\repository\com\vladsch\flexmark\flexmark-util-misc\0.62.2\flexmark-util-misc-0.62.2.jar;C:\Users\Bunayya Zulfikar\.m2\repository\com\vladsch\flexmark\flexmark-util-options\0.62.2\flexmark-util-options-0.62.2.jar;C:\Users\Bunayya Zulfikar\.m2\repository\com\vladsch\flexmark\flexmark-util-sequence\0.62.2\flexmark-util-sequence-0.62.2.jar;C:\Users\Bunayya Zulfikar\.m2\repository\com\vladsch\flexmark\flexmark-util-visitor\0.62.2\flexmark-util-visitor-0.62.2.jar;C:\Users\Bunayya Zulfikar\.m2\repository\com\vladsch\flexmark\flexmark-youtrack-converter\0.62.2\flexmark-youtrack-converter-0.62.2.jar;C:\Users\Bunayya Zulfikar\.m2\repository\com\ibm\icu\icu4j\72.1\icu4j-72.1.jar;C:\Users\Bunayya Zulfikar\.m2\repository\es\nitaur\markdown\txtmark\0.16\txtmark-0.16.jar;C:\Users\Bunayya Zulfikar\.m2\repository\net\serenity-bdd\serenity-report-resources\3.6.21\serenity-report-resources-3.6.21.jar;C:\Users\Bunayya Zulfikar\.m2\repository\com\google\code\gson\gson\2.10.1\gson-2.10.1.jar;C:\Users\Bunayya Zulfikar\.m2\repository\com\fasterxml\jackson\core\jackson-core\2.15.0-rc1\jackson-core-2.15.0-rc1.jar;C:\Users\Bunayya Zulfikar\.m2\repository\com\fasterxml\jackson\core\jackson-databind\2.15.0-rc1\jackson-databind-2.15.0-rc1.jar;C:\Users\Bunayya Zulfikar\.m2\repository\com\fasterxml\jackson\core\jackson-annotations\2.15.0-rc1\jackson-annotations-2.15.0-rc1.jar;C:\Users\Bunayya Zulfikar\.m2\repository\commons-codec\commons-codec\1.15\commons-codec-1.15.jar;C:\Users\Bunayya Zulfikar\.m2\repository\commons-io\commons-io\2.11.0\commons-io-2.11.0.jar;C:\Users\Bunayya Zulfikar\.m2\repository\org\seleniumhq\selenium\selenium-java\4.8.1\selenium-java-4.8.1.jar;C:\Users\Bunayya Zulfikar\.m2\repository\org\seleniumhq\selenium\selenium-devtools-v108\4.8.1\selenium-devtools-v108-4.8.1.jar;C:\Users\Bunayya Zulfikar\.m2\repository\org\seleniumhq\selenium\selenium-devtools-v109\4.8.1\selenium-devtools-v109-4.8.1.jar;C:\Users\Bunayya Zulfikar\.m2\repository\org\seleniumhq\selenium\selenium-devtools-v110\4.8.1\selenium-devtools-v110-4.8.1.jar;C:\Users\Bunayya Zulfikar\.m2\repository\org\seleniumhq\selenium\selenium-devtools-v85\4.8.1\selenium-devtools-v85-4.8.1.jar;C:\Users\Bunayya Zulfikar\.m2\repository\org\seleniumhq\selenium\selenium-remote-driver\4.8.1\selenium-remote-driver-4.8.1.jar;C:\Users\Bunayya Zulfikar\.m2\repository\com\beust\jcommander\1.82\jcommander-1.82.jar;C:\Users\Bunayya Zulfikar\.m2\repository\io\netty\netty-buffer\4.1.87.Final\netty-buffer-4.1.87.Final.jar;C:\Users\Bunayya Zulfikar\.m2\repository\io\netty\netty-codec-http\4.1.87.Final\netty-codec-http-4.1.87.Final.jar;C:\Users\Bunayya Zulfikar\.m2\repository\io\netty\netty-codec\4.1.87.Final\netty-codec-4.1.87.Final.jar;C:\Users\Bunayya Zulfikar\.m2\repository\io\netty\netty-handler\4.1.87.Final\netty-handler-4.1.87.Final.jar;C:\Users\Bunayya Zulfikar\.m2\repository\io\netty\netty-common\4.1.87.Final\netty-common-4.1.87.Final.jar;C:\Users\Bunayya Zulfikar\.m2\repository\io\netty\netty-transport-classes-epoll\4.1.87.Final\netty-transport-classes-epoll-4.1.87.Final.jar;C:\Users\Bunayya Zulfikar\.m2\repository\io\netty\netty-transport-classes-kqueue\4.1.87.Final\netty-transport-classes-kqueue-4.1.87.Final.jar;C:\Users\Bunayya Zulfikar\.m2\repository\io\netty\netty-transport-native-epoll\4.1.87.Final\netty-transport-native-epoll-4.1.87.Final.jar;C:\Users\Bunayya Zulfikar\.m2\repository\io\netty\netty-transport-native-kqueue\4.1.87.Final\netty-transport-native-kqueue-4.1.87.Final.jar;C:\Users\Bunayya Zulfikar\.m2\repository\io\netty\netty-transport-native-unix-common\4.1.87.Final\netty-transport-native-unix-common-4.1.87.Final.jar;C:\Users\Bunayya Zulfikar\.m2\repository\io\netty\netty-transport\4.1.87.Final\netty-transport-4.1.87.Final.jar;C:\Users\Bunayya Zulfikar\.m2\repository\io\netty\netty-resolver\4.1.87.Final\netty-resolver-4.1.87.Final.jar;C:\Users\Bunayya Zulfikar\.m2\repository\io\opentelemetry\opentelemetry-api\1.22.0\opentelemetry-api-1.22.0.jar;C:\Users\Bunayya Zulfikar\.m2\repository\io\opentelemetry\opentelemetry-context\1.22.0\opentelemetry-context-1.22.0.jar;C:\Users\Bunayya Zulfikar\.m2\repository\io\opentelemetry\opentelemetry-exporter-logging\1.22.0\opentelemetry-exporter-logging-1.22.0.jar;C:\Users\Bunayya Zulfikar\.m2\repository\io\opentelemetry\opentelemetry-sdk-metrics\1.22.0\opentelemetry-sdk-metrics-1.22.0.jar;C:\Users\Bunayya Zulfikar\.m2\repository\io\opentelemetry\opentelemetry-sdk-logs\1.22.0-alpha\opentelemetry-sdk-logs-1.22.0-alpha.jar;C:\Users\Bunayya Zulfikar\.m2\repository\io\opentelemetry\opentelemetry-api-logs\1.22.0-alpha\opentelemetry-api-logs-1.22.0-alpha.jar;C:\Users\Bunayya Zulfikar\.m2\repository\io\opentelemetry\opentelemetry-sdk-common\1.22.0\opentelemetry-sdk-common-1.22.0.jar;C:\Users\Bunayya Zulfikar\.m2\repository\io\opentelemetry\opentelemetry-sdk-extension-autoconfigure-spi\1.22.0\opentelemetry-sdk-extension-autoconfigure-spi-1.22.0.jar;C:\Users\Bunayya Zulfikar\.m2\repository\io\opentelemetry\opentelemetry-sdk-extension-autoconfigure\1.22.0-alpha\opentelemetry-sdk-extension-autoconfigure-1.22.0-alpha.jar;C:\Users\Bunayya Zulfikar\.m2\repository\io\opentelemetry\opentelemetry-sdk-trace\1.22.0\opentelemetry-sdk-trace-1.22.0.jar;C:\Users\Bunayya Zulfikar\.m2\repository\io\opentelemetry\opentelemetry-sdk\1.22.0\opentelemetry-sdk-1.22.0.jar;C:\Users\Bunayya Zulfikar\.m2\repository\io\opentelemetry\opentelemetry-semconv\1.22.0-alpha\opentelemetry-semconv-1.22.0-alpha.jar;C:\Users\Bunayya Zulfikar\.m2\repository\io\ous\jtoml\2.0.0\jtoml-2.0.0.jar;C:\Users\Bunayya Zulfikar\.m2\repository\org\apache\commons\commons-exec\1.3\commons-exec-1.3.jar;C:\Users\Bunayya Zulfikar\.m2\repository\org\asynchttpclient\async-http-client\2.12.3\async-http-client-2.12.3.jar;C:\Users\Bunayya Zulfikar\.m2\repository\org\asynchttpclient\async-http-client-netty-utils\2.12.3\async-http-client-netty-utils-2.12.3.jar;C:\Users\Bunayya Zulfikar\.m2\repository\io\netty\netty-codec-socks\4.1.60.Final\netty-codec-socks-4.1.60.Final.jar;C:\Users\Bunayya Zulfikar\.m2\repository\io\netty\netty-handler-proxy\4.1.60.Final\netty-handler-proxy-4.1.60.Final.jar;C:\Users\Bunayya Zulfikar\.m2\repository\io\netty\netty-transport-native-epoll\4.1.60.Final\netty-transport-native-epoll-4.1.60.Final-linux-x86_64.jar;C:\Users\Bunayya Zulfikar\.m2\repository\io\netty\netty-transport-native-kqueue\4.1.60.Final\netty-transport-native-kqueue-4.1.60.Final-osx-x86_64.jar;C:\Users\Bunayya Zulfikar\.m2\repository\org\reactivestreams\reactive-streams\1.0.3\reactive-streams-1.0.3.jar;C:\Users\Bunayya Zulfikar\.m2\repository\com\typesafe\netty\netty-reactive-streams\2.0.4\netty-reactive-streams-2.0.4.jar;C:\Users\Bunayya Zulfikar\.m2\repository\org\seleniumhq\selenium\selenium-manager\4.8.1\selenium-manager-4.8.1.jar;C:\Users\Bunayya Zulfikar\.m2\repository\org\seleniumhq\selenium\selenium-safari-driver\4.8.1\selenium-safari-driver-4.8.1.jar;C:\Users\Bunayya Zulfikar\.m2\repository\org\seleniumhq\selenium\selenium-api\4.8.1\selenium-api-4.8.1.jar;C:\Users\Bunayya Zulfikar\.m2\repository\org\seleniumhq\selenium\selenium-support\4.8.1\selenium-support-4.8.1.jar;C:\Users\Bunayya Zulfikar\.m2\repository\com\google\auto\service\auto-service-annotations\1.0.1\auto-service-annotations-1.0.1.jar;C:\Users\Bunayya Zulfikar\.m2\repository\com\google\auto\service\auto-service\1.0.1\auto-service-1.0.1.jar;C:\Users\Bunayya Zulfikar\.m2\repository\com\google\auto\auto-common\1.2\auto-common-1.2.jar;C:\Users\Bunayya Zulfikar\.m2\repository\org\seleniumhq\selenium\selenium-json\4.8.1\selenium-json-4.8.1.jar;C:\Users\Bunayya Zulfikar\.m2\repository\org\seleniumhq\selenium\selenium-chrome-driver\4.8.1\selenium-chrome-driver-4.8.1.jar;C:\Users\Bunayya Zulfikar\.m2\repository\org\seleniumhq\selenium\selenium-chromium-driver\4.8.1\selenium-chromium-driver-4.8.1.jar;C:\Users\Bunayya Zulfikar\.m2\repository\org\seleniumhq\selenium\selenium-firefox-driver\4.8.1\selenium-firefox-driver-4.8.1.jar;C:\Users\Bunayya Zulfikar\.m2\repository\org\seleniumhq\selenium\selenium-http\4.8.1\selenium-http-4.8.1.jar;C:\Users\Bunayya Zulfikar\.m2\repository\dev\failsafe\failsafe\3.3.0\failsafe-3.3.0.jar;C:\Users\Bunayya Zulfikar\.m2\repository\org\seleniumhq\selenium\selenium-edge-driver\4.8.1\selenium-edge-driver-4.8.1.jar;C:\Users\Bunayya Zulfikar\.m2\repository\org\seleniumhq\selenium\selenium-ie-driver\4.8.1\selenium-ie-driver-4.8.1.jar;C:\Users\Bunayya Zulfikar\.m2\repository\org\projectlombok\lombok\1.18.20\lombok-1.18.20.jar;C:\Users\Bunayya Zulfikar\.m2\repository\io\appium\java-client\8.3.0\java-client-8.3.0.jar;C:\Users\Bunayya Zulfikar\.m2\repository\commons-validator\commons-validator\1.7\commons-validator-1.7.jar;C:\Users\Bunayya Zulfikar\.m2\repository\commons-digester\commons-digester\2.1\commons-digester-2.1.jar;C:\Users\Bunayya Zulfikar\.m2\repository\net\sf\opencsv\opencsv\2.0\opencsv-2.0.jar;C:\Users\Bunayya Zulfikar\.m2\repository\commons-beanutils\commons-beanutils\1.9.4\commons-beanutils-1.9.4.jar;C:\Users\Bunayya Zulfikar\.m2\repository\org\apache\commons\commons-lang3\3.12.0\commons-lang3-3.12.0.jar;C:\Users\Bunayya Zulfikar\.m2\repository\commons-collections\commons-collections\3.2.2\commons-collections-3.2.2.jar;C:\Users\Bunayya Zulfikar\.m2\repository\org\fluentlenium\fluentlenium-core\0.10.2\fluentlenium-core-0.10.2.jar;C:\Users\Bunayya Zulfikar\.m2\repository\io\github\bonigarcia\webdrivermanager\5.3.0\webdrivermanager-5.3.0.jar;C:\Users\Bunayya Zulfikar\.m2\repository\com\github\docker-java\docker-java\3.2.13\docker-java-3.2.13.jar;C:\Users\Bunayya Zulfikar\.m2\repository\com\github\docker-java\docker-java-core\3.2.13\docker-java-core-3.2.13.jar;C:\Users\Bunayya Zulfikar\.m2\repository\com\github\docker-java\docker-java-api\3.2.13\docker-java-api-3.2.13.jar;C:\Users\Bunayya Zulfikar\.m2\repository\org\apache\commons\commons-compress\1.21\commons-compress-1.21.jar;C:\Users\Bunayya Zulfikar\.m2\repository\org\bouncycastle\bcpkix-jdk15on\1.64\bcpkix-jdk15on-1.64.jar;C:\Users\Bunayya Zulfikar\.m2\repository\org\bouncycastle\bcprov-jdk15on\1.64\bcprov-jdk15on-1.64.jar;C:\Users\Bunayya Zulfikar\.m2\repository\org\slf4j\jcl-over-slf4j\1.7.30\jcl-over-slf4j-1.7.30.jar;C:\Users\Bunayya Zulfikar\.m2\repository\com\github\docker-java\docker-java-transport-httpclient5\3.2.13\docker-java-transport-httpclient5-3.2.13.jar;C:\Users\Bunayya Zulfikar\.m2\repository\com\github\docker-java\docker-java-transport\3.2.13\docker-java-transport-3.2.13.jar;C:\Users\Bunayya Zulfikar\.m2\repository\net\java\dev\jna\jna\5.8.0\jna-5.8.0.jar;C:\Users\Bunayya Zulfikar\.m2\repository\org\brotli\dec\0.1.2\dec-0.1.2.jar;C:\Users\Bunayya Zulfikar\.m2\repository\org\apache\httpcomponents\client5\httpclient5\5.1.3\httpclient5-5.1.3.jar;C:\Users\Bunayya Zulfikar\.m2\repository\org\apache\httpcomponents\core5\httpcore5\5.1.3\httpcore5-5.1.3.jar;C:\Users\Bunayya Zulfikar\.m2\repository\org\apache\httpcomponents\core5\httpcore5-h2\5.1.3\httpcore5-h2-5.1.3.jar;C:\Users\Bunayya Zulfikar\.m2\repository\com\jhlabs\filters\2.0.235\filters-2.0.235.jar;C:\Users\Bunayya Zulfikar\.m2\repository\com\paulhammant\ngwebdriver\1.1.6\ngwebdriver-1.1.6.jar;C:\Users\Bunayya Zulfikar\.m2\repository\joda-time\joda-time\2.12.2\joda-time-2.12.2.jar;C:\Users\Bunayya Zulfikar\.m2\repository\org\hamcrest\hamcrest\2.2\hamcrest-2.2.jar;C:\Users\Bunayya Zulfikar\.m2\repository\com\google\jimfs\jimfs\1.2\jimfs-1.2.jar;C:\Users\Bunayya Zulfikar\.m2\repository\org\mockito\mockito-core\3.3.3\mockito-core-3.3.3.jar;C:\Users\Bunayya Zulfikar\.m2\repository\javax\xml\bind\jaxb-api\2.3.1\jaxb-api-2.3.1.jar;C:\Users\Bunayya Zulfikar\.m2\repository\javax\activation\javax.activation-api\1.2.0\javax.activation-api-1.2.0.jar;C:\Users\Bunayya Zulfikar\.m2\repository\com\sun\xml\bind\jaxb-core\2.3.0.1\jaxb-core-2.3.0.1.jar;C:\Users\Bunayya Zulfikar\.m2\repository\com\sun\xml\bind\jaxb-impl\2.3.3\jaxb-impl-2.3.3.jar;C:\Users\Bunayya Zulfikar\.m2\repository\jakarta\xml\bind\jakarta.xml.bind-api\2.3.3\jakarta.xml.bind-api-2.3.3.jar;C:\Users\Bunayya Zulfikar\.m2\repository\com\sun\activation\jakarta.activation\1.2.2\jakarta.activation-1.2.2.jar;C:\Users\Bunayya Zulfikar\.m2\repository\javax\activation\activation\1.1.1\activation-1.1.1.jar;C:\Users\Bunayya Zulfikar\.m2\repository\net\serenity-bdd\serenity-cucumber\3.6.21\serenity-cucumber-3.6.21.jar;C:\Users\Bunayya Zulfikar\.m2\repository\io\cucumber\cucumber-core\7.11.0\cucumber-core-7.11.0.jar;C:\Users\Bunayya Zulfikar\.m2\repository\io\cucumber\cucumber-gherkin\7.11.0\cucumber-gherkin-7.11.0.jar;C:\Users\Bunayya Zulfikar\.m2\repository\io\cucumber\cucumber-gherkin-messages\7.11.0\cucumber-gherkin-messages-7.11.0.jar;C:\Users\Bunayya Zulfikar\.m2\repository\io\cucumber\gherkin\26.0.3\gherkin-26.0.3.jar;C:\Users\Bunayya Zulfikar\.m2\repository\io\cucumber\messages\21.0.1\messages-21.0.1.jar;C:\Users\Bunayya Zulfikar\.m2\repository\io\cucumber\tag-expressions\5.0.1\tag-expressions-5.0.1.jar;C:\Users\Bunayya Zulfikar\.m2\repository\io\cucumber\cucumber-expressions\16.1.1\cucumber-expressions-16.1.1.jar;C:\Users\Bunayya Zulfikar\.m2\repository\io\cucumber\datatable\7.11.0\datatable-7.11.0.jar;C:\Users\Bunayya Zulfikar\.m2\repository\io\cucumber\cucumber-plugin\7.11.0\cucumber-plugin-7.11.0.jar;C:\Users\Bunayya Zulfikar\.m2\repository\io\cucumber\docstring\7.11.0\docstring-7.11.0.jar;C:\Users\Bunayya Zulfikar\.m2\repository\io\cucumber\html-formatter\20.2.1\html-formatter-20.2.1.jar;C:\Users\Bunayya Zulfikar\.m2\repository\io\cucumber\junit-xml-formatter\0.1.0\junit-xml-formatter-0.1.0.jar;C:\Users\Bunayya Zulfikar\.m2\repository\io\cucumber\ci-environment\9.1.0\ci-environment-9.1.0.jar;C:\Users\Bunayya Zulfikar\.m2\repository\io\cucumber\cucumber-java\7.11.0\cucumber-java-7.11.0.jar;C:\Users\Bunayya Zulfikar\.m2\repository\io\cucumber\cucumber-junit\7.11.0\cucumber-junit-7.11.0.jar;C:\Users\Bunayya Zulfikar\.m2\repository\org\apache\commons\commons-csv\1.5\commons-csv-1.5.jar;C:\Users\Bunayya Zulfikar\.m2\repository\net\serenity-bdd\serenity-screenplay\3.6.21\serenity-screenplay-3.6.21.jar;C:\Users\Bunayya Zulfikar\.m2\repository\net\serenity-bdd\serenity-screenplay-webdriver\3.6.21\serenity-screenplay-webdriver-3.6.21.jar;C:\Users\Bunayya Zulfikar\.m2\repository\net\serenity-bdd\serenity-ensure\3.6.21\serenity-ensure-3.6.21.jar;C:\Users\Bunayya Zulfikar\.m2\repository\net\serenity-bdd\serenity-junit\3.6.21\serenity-junit-3.6.21.jar;C:\Users\Bunayya Zulfikar\.m2\repository\org\jetbrains\kotlin\kotlin-stdlib\1.8.10\kotlin-stdlib-1.8.10.jar;C:\Users\Bunayya Zulfikar\.m2\repository\org\jetbrains\kotlin\kotlin-stdlib-common\1.8.10\kotlin-stdlib-common-1.8.10.jar;C:\Users\Bunayya Zulfikar\.m2\repository\org\jetbrains\annotations\13.0\annotations-13.0.jar;C:\Users\Bunayya Zulfikar\.m2\repository\org\junit\platform\junit-platform-launcher\1.8.2\junit-platform-launcher-1.8.2.jar;C:\Users\Bunayya Zulfikar\.m2\repository\org\junit\platform\junit-platform-engine\1.8.2\junit-platform-engine-1.8.2.jar;C:\Users\Bunayya Zulfikar\.m2\repository\org\junit\platform\junit-platform-commons\1.8.2\junit-platform-commons-1.8.2.jar;C:\Users\Bunayya Zulfikar\.m2\repository\org\apiguardian\apiguardian-api\1.1.2\apiguardian-api-1.1.2.jar;C:\Users\Bunayya Zulfikar\.m2\repository\org\junit\jupiter\junit-jupiter-engine\5.8.2\junit-jupiter-engine-5.8.2.jar;C:\Users\Bunayya Zulfikar\.m2\repository\org\junit\jupiter\junit-jupiter-api\5.8.2\junit-jupiter-api-5.8.2.jar;C:\Users\Bunayya Zulfikar\.m2\repository\org\junit\vintage\junit-vintage-engine\5.8.2\junit-vintage-engine-5.8.2.jar;C:\Users\Bunayya Zulfikar\.m2\repository\junit\junit\4.13.2\junit-4.13.2.jar;C:\Users\Bunayya Zulfikar\.m2\repository\org\hamcrest\hamcrest-core\1.3\hamcrest-core-1.3.jar;C:\Users\Bunayya Zulfikar\.m2\repository\ch\qos\logback\logback-classic\1.2.10\logback-classic-1.2.10.jar;C:\Users\Bunayya Zulfikar\.m2\repository\ch\qos\logback\logback-core\1.2.10\logback-core-1.2.10.jar;C:\Users\Bunayya Zulfikar\.m2\repository\org\slf4j\slf4j-api\1.7.32\slf4j-api-1.7.32.jar;C:\Users\Bunayya Zulfikar\.m2\repository\org\assertj\assertj-core\3.23.1\assertj-core-3.23.1.jar;C:\Users\Bunayya Zulfikar\.m2\repository\net\bytebuddy\byte-buddy\1.12.10\byte-buddy-1.12.10.jar;C:\Users\Bunayya Zulfikar\.m2\repository\com\googlecode\json-simple\json-simple\1.1.1\json-simple-1.1.1.jar;"/>
    <property name="sun.cpu.endian" value="little"/>
    <property name="user.home" value="C:\Users\Bunayya Zulfikar"/>
    <property name="user.language" value="en"/>
    <property name="java.specification.vendor" value="Oracle Corporation"/>
    <property name="jdk.module.path" value="C:\Users\Bunayya Zulfikar\3D Objects\alta_web_minpro_testcase\target\alta-1.0-SNAPSHOT.jar"/>
    <property name="java.version.date" value="2023-01-17"/>
    <property name="java.home" value="C:\Program Files\Java\jdk-19"/>
    <property name="file.separator" value="\"/>
    <property name="basedir" value="C:\Users\Bunayya Zulfikar\3D Objects\alta_web_minpro_testcase"/>
    <property name="java.vm.compressedOopsMode" value="Zero based"/>
    <property name="line.separator" value="&#10;"/>
    <property name="java.vm.specification.vendor" value="Oracle Corporation"/>
    <property name="java.specification.name" value="Java Platform API Specification"/>
    <property name="surefire.real.class.path" value="C:\Users\Bunayya Zulfikar\.m2\repository\org\apache\maven\surefire\surefire-booter\3.0.0-M5\surefire-booter-3.0.0-M5.jar;C:\Users\Bunayya Zulfikar\.m2\repository\org\apache\maven\surefire\surefire-api\3.0.0-M5\surefire-api-3.0.0-M5.jar;C:\Users\Bunayya Zulfikar\.m2\repository\org\apache\maven\surefire\surefire-logger-api\3.0.0-M5\surefire-logger-api-3.0.0-M5.jar;C:\Users\Bunayya Zulfikar\.m2\repository\org\apache\maven\surefire\surefire-shared-utils\3.0.0-M4\surefire-shared-utils-3.0.0-M4.jar;C:\Users\Bunayya Zulfikar\.m2\repository\org\apache\maven\surefire\surefire-extensions-spi\3.0.0-M5\surefire-extensions-spi-3.0.0-M5.jar;C:\Users\Bunayya Zulfikar\3D Objects\alta_web_minpro_testcase\target\test-classes;C:\Users\Bunayya Zulfikar\.m2\repository\net\serenity-bdd\serenity-rest-assured\3.6.22\serenity-rest-assured-3.6.22.jar;C:\Users\Bunayya Zulfikar\.m2\repository\org\apache\httpcomponents\httpclient\4.5.13\httpclient-4.5.13.jar;C:\Users\Bunayya Zulfikar\.m2\repository\org\apache\httpcomponents\httpcore\4.4.13\httpcore-4.4.13.jar;C:\Users\Bunayya Zulfikar\.m2\repository\commons-logging\commons-logging\1.2\commons-logging-1.2.jar;C:\Users\Bunayya Zulfikar\.m2\repository\io\rest-assured\rest-assured\5.3.0\rest-assured-5.3.0.jar;C:\Users\Bunayya Zulfikar\.m2\repository\org\apache\httpcomponents\httpmime\4.5.13\httpmime-4.5.13.jar;C:\Users\Bunayya Zulfikar\.m2\repository\org\ccil\cowan\tagsoup\tagsoup\1.2.1\tagsoup-1.2.1.jar;C:\Users\Bunayya Zulfikar\.m2\repository\io\rest-assured\json-path\5.3.0\json-path-5.3.0.jar;C:\Users\Bunayya Zulfikar\.m2\repository\io\rest-assured\rest-assured-common\5.3.0\rest-assured-common-5.3.0.jar;C:\Users\Bunayya Zulfikar\.m2\repository\io\rest-assured\xml-path\5.3.0\xml-path-5.3.0.jar;C:\Users\Bunayya Zulfikar\.m2\repository\org\apache\groovy\groovy-json\4.0.10\groovy-json-4.0.10.jar;C:\Users\Bunayya Zulfikar\.m2\repository\org\apache\groovy\groovy-xml\4.0.10\groovy-xml-4.0.10.jar;C:\Users\Bunayya Zulfikar\.m2\repository\org\apache\groovy\groovy\4.0.10\groovy-4.0.10.jar;C:\Users\Bunayya Zulfikar\.m2\repository\org\opentest4j\opentest4j\1.2.0\opentest4j-1.2.0.jar;C:\Users\Bunayya Zulfikar\.m2\repository\net\serenity-bdd\serenity-core\3.6.21\serenity-core-3.6.21.jar;C:\Users\Bunayya Zulfikar\.m2\repository\net\serenity-bdd\serenity-model\3.6.21\serenity-model-3.6.21.jar;C:\Users\Bunayya Zulfikar\.m2\repository\org\apache\commons\commons-text\1.10.0\commons-text-1.10.0.jar;C:\Users\Bunayya Zulfikar\.m2\repository\commons-net\commons-net\3.9.0\commons-net-3.9.0.jar;C:\Users\Bunayya Zulfikar\.m2\repository\com\google\guava\guava\31.1-jre\guava-31.1-jre.jar;C:\Users\Bunayya Zulfikar\.m2\repository\com\google\guava\failureaccess\1.0.1\failureaccess-1.0.1.jar;C:\Users\Bunayya Zulfikar\.m2\repository\com\google\guava\listenablefuture\9999.0-empty-to-avoid-conflict-with-guava\listenablefuture-9999.0-empty-to-avoid-conflict-with-guava.jar;C:\Users\Bunayya Zulfikar\.m2\repository\com\google\code\findbugs\jsr305\3.0.2\jsr305-3.0.2.jar;C:\Users\Bunayya Zulfikar\.m2\repository\org\checkerframework\checker-qual\3.12.0\checker-qual-3.12.0.jar;C:\Users\Bunayya Zulfikar\.m2\repository\com\google\errorprone\error_prone_annotations\2.11.0\error_prone_annotations-2.11.0.jar;C:\Users\Bunayya Zulfikar\.m2\repository\com\google\j2objc\j2objc-annotations\1.3\j2objc-annotations-1.3.jar;C:\Users\Bunayya Zulfikar\.m2\repository\com\google\inject\guice\5.1.0\guice-5.1.0.jar;C:\Users\Bunayya Zulfikar\.m2\repository\javax\inject\javax.inject\1\javax.inject-1.jar;C:\Users\Bunayya Zulfikar\.m2\repository\aopalliance\aopalliance\1.0\aopalliance-1.0.jar;C:\Users\Bunayya Zulfikar\.m2\repository\org\jsoup\jsoup\1.14.3\jsoup-1.14.3.jar;C:\Users\Bunayya Zulfikar\.m2\repository\com\thoughtworks\xstream\xstream\1.4.20\xstream-1.4.20.jar;C:\Users\Bunayya Zulfikar\.m2\repository\io\github\x-stream\mxparser\1.2.2\mxparser-1.2.2.jar;C:\Users\Bunayya Zulfikar\.m2\repository\xmlpull\xmlpull\1.1.3.1\xmlpull-1.1.3.1.jar;C:\Users\Bunayya Zulfikar\.m2\repository\com\typesafe\config\1.4.2\config-1.4.2.jar;C:\Users\Bunayya Zulfikar\.m2\repository\org\imgscalr\imgscalr-lib\4.2\imgscalr-lib-4.2.jar;C:\Users\Bunayya Zulfikar\.m2\repository\org\awaitility\awaitility\4.2.0\awaitility-4.2.0.jar;C:\Users\Bunayya Zulfikar\.m2\repository\org\freemarker\freemarker\2.3.31\freemarker-2.3.31.jar;C:\Users\Bunayya Zulfikar\.m2\repository\io\github\classgraph\classgraph\4.8.138\classgraph-4.8.138.jar;C:\Users\Bunayya Zulfikar\.m2\repository\net\sourceforge\jexcelapi\jxl\2.6.12\jxl-2.6.12.jar;C:\Users\Bunayya Zulfikar\.m2\repository\net\bytebuddy\byte-buddy-agent\1.14.2\byte-buddy-agent-1.14.2.jar;C:\Users\Bunayya Zulfikar\.m2\repository\org\objenesis\objenesis\3.3\objenesis-3.3.jar;C:\Users\Bunayya Zulfikar\.m2\repository\net\serenity-bdd\serenity-reports\3.6.21\serenity-reports-3.6.21.jar;C:\Users\Bunayya Zulfikar\.m2\repository\net\serenity-bdd\serenity-stats\3.6.21\serenity-stats-3.6.21.jar;C:\Users\Bunayya Zulfikar\.m2\repository\net\serenity-bdd\serenity-reports-configuration\3.6.21\serenity-reports-configuration-3.6.21.jar;C:\Users\Bunayya Zulfikar\.m2\repository\com\vladsch\flexmark\flexmark-all\0.62.2\flexmark-all-0.62.2.jar;C:\Users\Bunayya Zulfikar\.m2\repository\com\vladsch\flexmark\flexmark\0.62.2\flexmark-0.62.2.jar;C:\Users\Bunayya Zulfikar\.m2\repository\com\vladsch\flexmark\flexmark-ext-abbreviation\0.62.2\flexmark-ext-abbreviation-0.62.2.jar;C:\Users\Bunayya Zulfikar\.m2\repository\com\vladsch\flexmark\flexmark-util\0.62.2\flexmark-util-0.62.2.jar;C:\Users\Bunayya Zulfikar\.m2\repository\com\vladsch\flexmark\flexmark-ext-admonition\0.62.2\flexmark-ext-admonition-0.62.2.jar;C:\Users\Bunayya Zulfikar\.m2\repository\com\vladsch\flexmark\flexmark-ext-anchorlink\0.62.2\flexmark-ext-anchorlink-0.62.2.jar;C:\Users\Bunayya Zulfikar\.m2\repository\com\vladsch\flexmark\flexmark-ext-aside\0.62.2\flexmark-ext-aside-0.62.2.jar;C:\Users\Bunayya Zulfikar\.m2\repository\com\vladsch\flexmark\flexmark-ext-attributes\0.62.2\flexmark-ext-attributes-0.62.2.jar;C:\Users\Bunayya Zulfikar\.m2\repository\com\vladsch\flexmark\flexmark-ext-autolink\0.62.2\flexmark-ext-autolink-0.62.2.jar;C:\Users\Bunayya Zulfikar\.m2\repository\org\nibor\autolink\autolink\0.6.0\autolink-0.6.0.jar;C:\Users\Bunayya Zulfikar\.m2\repository\com\vladsch\flexmark\flexmark-ext-definition\0.62.2\flexmark-ext-definition-0.62.2.jar;C:\Users\Bunayya Zulfikar\.m2\repository\com\vladsch\flexmark\flexmark-ext-emoji\0.62.2\flexmark-ext-emoji-0.62.2.jar;C:\Users\Bunayya Zulfikar\.m2\repository\com\vladsch\flexmark\flexmark-ext-enumerated-reference\0.62.2\flexmark-ext-enumerated-reference-0.62.2.jar;C:\Users\Bunayya Zulfikar\.m2\repository\com\vladsch\flexmark\flexmark-ext-escaped-character\0.62.2\flexmark-ext-escaped-character-0.62.2.jar;C:\Users\Bunayya Zulfikar\.m2\repository\com\vladsch\flexmark\flexmark-ext-footnotes\0.62.2\flexmark-ext-footnotes-0.62.2.jar;C:\Users\Bunayya Zulfikar\.m2\repository\com\vladsch\flexmark\flexmark-ext-gfm-issues\0.62.2\flexmark-ext-gfm-issues-0.62.2.jar;C:\Users\Bunayya Zulfikar\.m2\repository\com\vladsch\flexmark\flexmark-ext-gfm-strikethrough\0.62.2\flexmark-ext-gfm-strikethrough-0.62.2.jar;C:\Users\Bunayya Zulfikar\.m2\repository\com\vladsch\flexmark\flexmark-ext-gfm-tasklist\0.62.2\flexmark-ext-gfm-tasklist-0.62.2.jar;C:\Users\Bunayya Zulfikar\.m2\repository\com\vladsch\flexmark\flexmark-ext-gfm-users\0.62.2\flexmark-ext-gfm-users-0.62.2.jar;C:\Users\Bunayya Zulfikar\.m2\repository\com\vladsch\flexmark\flexmark-ext-gitlab\0.62.2\flexmark-ext-gitlab-0.62.2.jar;C:\Users\Bunayya Zulfikar\.m2\repository\com\vladsch\flexmark\flexmark-ext-jekyll-front-matter\0.62.2\flexmark-ext-jekyll-front-matter-0.62.2.jar;C:\Users\Bunayya Zulfikar\.m2\repository\com\vladsch\flexmark\flexmark-ext-jekyll-tag\0.62.2\flexmark-ext-jekyll-tag-0.62.2.jar;C:\Users\Bunayya Zulfikar\.m2\repository\com\vladsch\flexmark\flexmark-ext-media-tags\0.62.2\flexmark-ext-media-tags-0.62.2.jar;C:\Users\Bunayya Zulfikar\.m2\repository\com\vladsch\flexmark\flexmark-ext-macros\0.62.2\flexmark-ext-macros-0.62.2.jar;C:\Users\Bunayya Zulfikar\.m2\repository\com\vladsch\flexmark\flexmark-ext-ins\0.62.2\flexmark-ext-ins-0.62.2.jar;C:\Users\Bunayya Zulfikar\.m2\repository\com\vladsch\flexmark\flexmark-ext-xwiki-macros\0.62.2\flexmark-ext-xwiki-macros-0.62.2.jar;C:\Users\Bunayya Zulfikar\.m2\repository\com\vladsch\flexmark\flexmark-ext-superscript\0.62.2\flexmark-ext-superscript-0.62.2.jar;C:\Users\Bunayya Zulfikar\.m2\repository\com\vladsch\flexmark\flexmark-ext-tables\0.62.2\flexmark-ext-tables-0.62.2.jar;C:\Users\Bunayya Zulfikar\.m2\repository\com\vladsch\flexmark\flexmark-ext-toc\0.62.2\flexmark-ext-toc-0.62.2.jar;C:\Users\Bunayya Zulfikar\.m2\repository\com\vladsch\flexmark\flexmark-ext-typographic\0.62.2\flexmark-ext-typographic-0.62.2.jar;C:\Users\Bunayya Zulfikar\.m2\repository\com\vladsch\flexmark\flexmark-ext-wikilink\0.62.2\flexmark-ext-wikilink-0.62.2.jar;C:\Users\Bunayya Zulfikar\.m2\repository\com\vladsch\flexmark\flexmark-ext-yaml-front-matter\0.62.2\flexmark-ext-yaml-front-matter-0.62.2.jar;C:\Users\Bunayya Zulfikar\.m2\repository\com\vladsch\flexmark\flexmark-ext-youtube-embedded\0.62.2\flexmark-ext-youtube-embedded-0.62.2.jar;C:\Users\Bunayya Zulfikar\.m2\repository\com\vladsch\flexmark\flexmark-html2md-converter\0.62.2\flexmark-html2md-converter-0.62.2.jar;C:\Users\Bunayya Zulfikar\.m2\repository\com\vladsch\flexmark\flexmark-jira-converter\0.62.2\flexmark-jira-converter-0.62.2.jar;C:\Users\Bunayya Zulfikar\.m2\repository\com\vladsch\flexmark\flexmark-pdf-converter\0.62.2\flexmark-pdf-converter-0.62.2.jar;C:\Users\Bunayya Zulfikar\.m2\repository\com\openhtmltopdf\openhtmltopdf-core\1.0.0\openhtmltopdf-core-1.0.0.jar;C:\Users\Bunayya Zulfikar\.m2\repository\com\openhtmltopdf\openhtmltopdf-pdfbox\1.0.0\openhtmltopdf-pdfbox-1.0.0.jar;C:\Users\Bunayya Zulfikar\.m2\repository\org\apache\pdfbox\pdfbox\2.0.16\pdfbox-2.0.16.jar;C:\Users\Bunayya Zulfikar\.m2\repository\org\apache\pdfbox\fontbox\2.0.16\fontbox-2.0.16.jar;C:\Users\Bunayya Zulfikar\.m2\repository\org\apache\pdfbox\xmpbox\2.0.16\xmpbox-2.0.16.jar;C:\Users\Bunayya Zulfikar\.m2\repository\de\rototor\pdfbox\graphics2d\0.24\graphics2d-0.24.jar;C:\Users\Bunayya Zulfikar\.m2\repository\com\openhtmltopdf\openhtmltopdf-rtl-support\1.0.0\openhtmltopdf-rtl-support-1.0.0.jar;C:\Users\Bunayya Zulfikar\.m2\repository\com\openhtmltopdf\openhtmltopdf-jsoup-dom-converter\1.0.0\openhtmltopdf-jsoup-dom-converter-1.0.0.jar;C:\Users\Bunayya Zulfikar\.m2\repository\com\vladsch\flexmark\flexmark-profile-pegdown\0.62.2\flexmark-profile-pegdown-0.62.2.jar;C:\Users\Bunayya Zulfikar\.m2\repository\com\vladsch\flexmark\flexmark-util-ast\0.62.2\flexmark-util-ast-0.62.2.jar;C:\Users\Bunayya Zulfikar\.m2\repository\com\vladsch\flexmark\flexmark-util-builder\0.62.2\flexmark-util-builder-0.62.2.jar;C:\Users\Bunayya Zulfikar\.m2\repository\com\vladsch\flexmark\flexmark-util-collection\0.62.2\flexmark-util-collection-0.62.2.jar;C:\Users\Bunayya Zulfikar\.m2\repository\com\vladsch\flexmark\flexmark-util-data\0.62.2\flexmark-util-data-0.62.2.jar;C:\Users\Bunayya Zulfikar\.m2\repository\com\vladsch\flexmark\flexmark-util-dependency\0.62.2\flexmark-util-dependency-0.62.2.jar;C:\Users\Bunayya Zulfikar\.m2\repository\com\vladsch\flexmark\flexmark-util-format\0.62.2\flexmark-util-format-0.62.2.jar;C:\Users\Bunayya Zulfikar\.m2\repository\com\vladsch\flexmark\flexmark-util-html\0.62.2\flexmark-util-html-0.62.2.jar;C:\Users\Bunayya Zulfikar\.m2\repository\com\vladsch\flexmark\flexmark-util-misc\0.62.2\flexmark-util-misc-0.62.2.jar;C:\Users\Bunayya Zulfikar\.m2\repository\com\vladsch\flexmark\flexmark-util-options\0.62.2\flexmark-util-options-0.62.2.jar;C:\Users\Bunayya Zulfikar\.m2\repository\com\vladsch\flexmark\flexmark-util-sequence\0.62.2\flexmark-util-sequence-0.62.2.jar;C:\Users\Bunayya Zulfikar\.m2\repository\com\vladsch\flexmark\flexmark-util-visitor\0.62.2\flexmark-util-visitor-0.62.2.jar;C:\Users\Bunayya Zulfikar\.m2\repository\com\vladsch\flexmark\flexmark-youtrack-converter\0.62.2\flexmark-youtrack-converter-0.62.2.jar;C:\Users\Bunayya Zulfikar\.m2\repository\com\ibm\icu\icu4j\72.1\icu4j-72.1.jar;C:\Users\Bunayya Zulfikar\.m2\repository\es\nitaur\markdown\txtmark\0.16\txtmark-0.16.jar;C:\Users\Bunayya Zulfikar\.m2\repository\net\serenity-bdd\serenity-report-resources\3.6.21\serenity-report-resources-3.6.21.jar;C:\Users\Bunayya Zulfikar\.m2\repository\com\google\code\gson\gson\2.10.1\gson-2.10.1.jar;C:\Users\Bunayya Zulfikar\.m2\repository\com\fasterxml\jackson\core\jackson-core\2.15.0-rc1\jackson-core-2.15.0-rc1.jar;C:\Users\Bunayya Zulfikar\.m2\repository\com\fasterxml\jackson\core\jackson-databind\2.15.0-rc1\jackson-databind-2.15.0-rc1.jar;C:\Users\Bunayya Zulfikar\.m2\repository\com\fasterxml\jackson\core\jackson-annotations\2.15.0-rc1\jackson-annotations-2.15.0-rc1.jar;C:\Users\Bunayya Zulfikar\.m2\repository\commons-codec\commons-codec\1.15\commons-codec-1.15.jar;C:\Users\Bunayya Zulfikar\.m2\repository\commons-io\commons-io\2.11.0\commons-io-2.11.0.jar;C:\Users\Bunayya Zulfikar\.m2\repository\org\seleniumhq\selenium\selenium-java\4.8.1\selenium-java-4.8.1.jar;C:\Users\Bunayya Zulfikar\.m2\repository\org\seleniumhq\selenium\selenium-devtools-v108\4.8.1\selenium-devtools-v108-4.8.1.jar;C:\Users\Bunayya Zulfikar\.m2\repository\org\seleniumhq\selenium\selenium-devtools-v109\4.8.1\selenium-devtools-v109-4.8.1.jar;C:\Users\Bunayya Zulfikar\.m2\repository\org\seleniumhq\selenium\selenium-devtools-v110\4.8.1\selenium-devtools-v110-4.8.1.jar;C:\Users\Bunayya Zulfikar\.m2\repository\org\seleniumhq\selenium\selenium-devtools-v85\4.8.1\selenium-devtools-v85-4.8.1.jar;C:\Users\Bunayya Zulfikar\.m2\repository\org\seleniumhq\selenium\selenium-remote-driver\4.8.1\selenium-remote-driver-4.8.1.jar;C:\Users\Bunayya Zulfikar\.m2\repository\com\beust\jcommander\1.82\jcommander-1.82.jar;C:\Users\Bunayya Zulfikar\.m2\repository\io\netty\netty-buffer\4.1.87.Final\netty-buffer-4.1.87.Final.jar;C:\Users\Bunayya Zulfikar\.m2\repository\io\netty\netty-codec-http\4.1.87.Final\netty-codec-http-4.1.87.Final.jar;C:\Users\Bunayya Zulfikar\.m2\repository\io\netty\netty-codec\4.1.87.Final\netty-codec-4.1.87.Final.jar;C:\Users\Bunayya Zulfikar\.m2\repository\io\netty\netty-handler\4.1.87.Final\netty-handler-4.1.87.Final.jar;C:\Users\Bunayya Zulfikar\.m2\repository\io\netty\netty-common\4.1.87.Final\netty-common-4.1.87.Final.jar;C:\Users\Bunayya Zulfikar\.m2\repository\io\netty\netty-transport-classes-epoll\4.1.87.Final\netty-transport-classes-epoll-4.1.87.Final.jar;C:\Users\Bunayya Zulfikar\.m2\repository\io\netty\netty-transport-classes-kqueue\4.1.87.Final\netty-transport-classes-kqueue-4.1.87.Final.jar;C:\Users\Bunayya Zulfikar\.m2\repository\io\netty\netty-transport-native-epoll\4.1.87.Final\netty-transport-native-epoll-4.1.87.Final.jar;C:\Users\Bunayya Zulfikar\.m2\repository\io\netty\netty-transport-native-kqueue\4.1.87.Final\netty-transport-native-kqueue-4.1.87.Final.jar;C:\Users\Bunayya Zulfikar\.m2\repository\io\netty\netty-transport-native-unix-common\4.1.87.Final\netty-transport-native-unix-common-4.1.87.Final.jar;C:\Users\Bunayya Zulfikar\.m2\repository\io\netty\netty-transport\4.1.87.Final\netty-transport-4.1.87.Final.jar;C:\Users\Bunayya Zulfikar\.m2\repository\io\netty\netty-resolver\4.1.87.Final\netty-resolver-4.1.87.Final.jar;C:\Users\Bunayya Zulfikar\.m2\repository\io\opentelemetry\opentelemetry-api\1.22.0\opentelemetry-api-1.22.0.jar;C:\Users\Bunayya Zulfikar\.m2\repository\io\opentelemetry\opentelemetry-context\1.22.0\opentelemetry-context-1.22.0.jar;C:\Users\Bunayya Zulfikar\.m2\repository\io\opentelemetry\opentelemetry-exporter-logging\1.22.0\opentelemetry-exporter-logging-1.22.0.jar;C:\Users\Bunayya Zulfikar\.m2\repository\io\opentelemetry\opentelemetry-sdk-metrics\1.22.0\opentelemetry-sdk-metrics-1.22.0.jar;C:\Users\Bunayya Zulfikar\.m2\repository\io\opentelemetry\opentelemetry-sdk-logs\1.22.0-alpha\opentelemetry-sdk-logs-1.22.0-alpha.jar;C:\Users\Bunayya Zulfikar\.m2\repository\io\opentelemetry\opentelemetry-api-logs\1.22.0-alpha\opentelemetry-api-logs-1.22.0-alpha.jar;C:\Users\Bunayya Zulfikar\.m2\repository\io\opentelemetry\opentelemetry-sdk-common\1.22.0\opentelemetry-sdk-common-1.22.0.jar;C:\Users\Bunayya Zulfikar\.m2\repository\io\opentelemetry\opentelemetry-sdk-extension-autoconfigure-spi\1.22.0\opentelemetry-sdk-extension-autoconfigure-spi-1.22.0.jar;C:\Users\Bunayya Zulfikar\.m2\repository\io\opentelemetry\opentelemetry-sdk-extension-autoconfigure\1.22.0-alpha\opentelemetry-sdk-extension-autoconfigure-1.22.0-alpha.jar;C:\Users\Bunayya Zulfikar\.m2\repository\io\opentelemetry\opentelemetry-sdk-trace\1.22.0\opentelemetry-sdk-trace-1.22.0.jar;C:\Users\Bunayya Zulfikar\.m2\repository\io\opentelemetry\opentelemetry-sdk\1.22.0\opentelemetry-sdk-1.22.0.jar;C:\Users\Bunayya Zulfikar\.m2\repository\io\opentelemetry\opentelemetry-semconv\1.22.0-alpha\opentelemetry-semconv-1.22.0-alpha.jar;C:\Users\Bunayya Zulfikar\.m2\repository\io\ous\jtoml\2.0.0\jtoml-2.0.0.jar;C:\Users\Bunayya Zulfikar\.m2\repository\org\apache\commons\commons-exec\1.3\commons-exec-1.3.jar;C:\Users\Bunayya Zulfikar\.m2\repository\org\asynchttpclient\async-http-client\2.12.3\async-http-client-2.12.3.jar;C:\Users\Bunayya Zulfikar\.m2\repository\org\asynchttpclient\async-http-client-netty-utils\2.12.3\async-http-client-netty-utils-2.12.3.jar;C:\Users\Bunayya Zulfikar\.m2\repository\io\netty\netty-codec-socks\4.1.60.Final\netty-codec-socks-4.1.60.Final.jar;C:\Users\Bunayya Zulfikar\.m2\repository\io\netty\netty-handler-proxy\4.1.60.Final\netty-handler-proxy-4.1.60.Final.jar;C:\Users\Bunayya Zulfikar\.m2\repository\io\netty\netty-transport-native-epoll\4.1.60.Final\netty-transport-native-epoll-4.1.60.Final-linux-x86_64.jar;C:\Users\Bunayya Zulfikar\.m2\repository\io\netty\netty-transport-native-kqueue\4.1.60.Final\netty-transport-native-kqueue-4.1.60.Final-osx-x86_64.jar;C:\Users\Bunayya Zulfikar\.m2\repository\org\reactivestreams\reactive-streams\1.0.3\reactive-streams-1.0.3.jar;C:\Users\Bunayya Zulfikar\.m2\repository\com\typesafe\netty\netty-reactive-streams\2.0.4\netty-reactive-streams-2.0.4.jar;C:\Users\Bunayya Zulfikar\.m2\repository\org\seleniumhq\selenium\selenium-manager\4.8.1\selenium-manager-4.8.1.jar;C:\Users\Bunayya Zulfikar\.m2\repository\org\seleniumhq\selenium\selenium-safari-driver\4.8.1\selenium-safari-driver-4.8.1.jar;C:\Users\Bunayya Zulfikar\.m2\repository\org\seleniumhq\selenium\selenium-api\4.8.1\selenium-api-4.8.1.jar;C:\Users\Bunayya Zulfikar\.m2\repository\org\seleniumhq\selenium\selenium-support\4.8.1\selenium-support-4.8.1.jar;C:\Users\Bunayya Zulfikar\.m2\repository\com\google\auto\service\auto-service-annotations\1.0.1\auto-service-annotations-1.0.1.jar;C:\Users\Bunayya Zulfikar\.m2\repository\com\google\auto\service\auto-service\1.0.1\auto-service-1.0.1.jar;C:\Users\Bunayya Zulfikar\.m2\repository\com\google\auto\auto-common\1.2\auto-common-1.2.jar;C:\Users\Bunayya Zulfikar\.m2\repository\org\seleniumhq\selenium\selenium-json\4.8.1\selenium-json-4.8.1.jar;C:\Users\Bunayya Zulfikar\.m2\repository\org\seleniumhq\selenium\selenium-chrome-driver\4.8.1\selenium-chrome-driver-4.8.1.jar;C:\Users\Bunayya Zulfikar\.m2\repository\org\seleniumhq\selenium\selenium-chromium-driver\4.8.1\selenium-chromium-driver-4.8.1.jar;C:\Users\Bunayya Zulfikar\.m2\repository\org\seleniumhq\selenium\selenium-firefox-driver\4.8.1\selenium-firefox-driver-4.8.1.jar;C:\Users\Bunayya Zulfikar\.m2\repository\org\seleniumhq\selenium\selenium-http\4.8.1\selenium-http-4.8.1.jar;C:\Users\Bunayya Zulfikar\.m2\repository\dev\failsafe\failsafe\3.3.0\failsafe-3.3.0.jar;C:\Users\Bunayya Zulfikar\.m2\repository\org\seleniumhq\selenium\selenium-edge-driver\4.8.1\selenium-edge-driver-4.8.1.jar;C:\Users\Bunayya Zulfikar\.m2\repository\org\seleniumhq\selenium\selenium-ie-driver\4.8.1\selenium-ie-driver-4.8.1.jar;C:\Users\Bunayya Zulfikar\.m2\repository\org\projectlombok\lombok\1.18.20\lombok-1.18.20.jar;C:\Users\Bunayya Zulfikar\.m2\repository\io\appium\java-client\8.3.0\java-client-8.3.0.jar;C:\Users\Bunayya Zulfikar\.m2\repository\commons-validator\commons-validator\1.7\commons-validator-1.7.jar;C:\Users\Bunayya Zulfikar\.m2\repository\commons-digester\commons-digester\2.1\commons-digester-2.1.jar;C:\Users\Bunayya Zulfikar\.m2\repository\net\sf\opencsv\opencsv\2.0\opencsv-2.0.jar;C:\Users\Bunayya Zulfikar\.m2\repository\commons-beanutils\commons-beanutils\1.9.4\commons-beanutils-1.9.4.jar;C:\Users\Bunayya Zulfikar\.m2\repository\org\apache\commons\commons-lang3\3.12.0\commons-lang3-3.12.0.jar;C:\Users\Bunayya Zulfikar\.m2\repository\commons-collections\commons-collections\3.2.2\commons-collections-3.2.2.jar;C:\Users\Bunayya Zulfikar\.m2\repository\org\fluentlenium\fluentlenium-core\0.10.2\fluentlenium-core-0.10.2.jar;C:\Users\Bunayya Zulfikar\.m2\repository\io\github\bonigarcia\webdrivermanager\5.3.0\webdrivermanager-5.3.0.jar;C:\Users\Bunayya Zulfikar\.m2\repository\com\github\docker-java\docker-java\3.2.13\docker-java-3.2.13.jar;C:\Users\Bunayya Zulfikar\.m2\repository\com\github\docker-java\docker-java-core\3.2.13\docker-java-core-3.2.13.jar;C:\Users\Bunayya Zulfikar\.m2\repository\com\github\docker-java\docker-java-api\3.2.13\docker-java-api-3.2.13.jar;C:\Users\Bunayya Zulfikar\.m2\repository\org\apache\commons\commons-compress\1.21\commons-compress-1.21.jar;C:\Users\Bunayya Zulfikar\.m2\repository\org\bouncycastle\bcpkix-jdk15on\1.64\bcpkix-jdk15on-1.64.jar;C:\Users\Bunayya Zulfikar\.m2\repository\org\bouncycastle\bcprov-jdk15on\1.64\bcprov-jdk15on-1.64.jar;C:\Users\Bunayya Zulfikar\.m2\repository\org\slf4j\jcl-over-slf4j\1.7.30\jcl-over-slf4j-1.7.30.jar;C:\Users\Bunayya Zulfikar\.m2\repository\com\github\docker-java\docker-java-transport-httpclient5\3.2.13\docker-java-transport-httpclient5-3.2.13.jar;C:\Users\Bunayya Zulfikar\.m2\repository\com\github\docker-java\docker-java-transport\3.2.13\docker-java-transport-3.2.13.jar;C:\Users\Bunayya Zulfikar\.m2\repository\net\java\dev\jna\jna\5.8.0\jna-5.8.0.jar;C:\Users\Bunayya Zulfikar\.m2\repository\org\brotli\dec\0.1.2\dec-0.1.2.jar;C:\Users\Bunayya Zulfikar\.m2\repository\org\apache\httpcomponents\client5\httpclient5\5.1.3\httpclient5-5.1.3.jar;C:\Users\Bunayya Zulfikar\.m2\repository\org\apache\httpcomponents\core5\httpcore5\5.1.3\httpcore5-5.1.3.jar;C:\Users\Bunayya Zulfikar\.m2\repository\org\apache\httpcomponents\core5\httpcore5-h2\5.1.3\httpcore5-h2-5.1.3.jar;C:\Users\Bunayya Zulfikar\.m2\repository\com\jhlabs\filters\2.0.235\filters-2.0.235.jar;C:\Users\Bunayya Zulfikar\.m2\repository\com\paulhammant\ngwebdriver\1.1.6\ngwebdriver-1.1.6.jar;C:\Users\Bunayya Zulfikar\.m2\repository\joda-time\joda-time\2.12.2\joda-time-2.12.2.jar;C:\Users\Bunayya Zulfikar\.m2\repository\org\hamcrest\hamcrest\2.2\hamcrest-2.2.jar;C:\Users\Bunayya Zulfikar\.m2\repository\com\google\jimfs\jimfs\1.2\jimfs-1.2.jar;C:\Users\Bunayya Zulfikar\.m2\repository\org\mockito\mockito-core\3.3.3\mockito-core-3.3.3.jar;C:\Users\Bunayya Zulfikar\.m2\repository\javax\xml\bind\jaxb-api\2.3.1\jaxb-api-2.3.1.jar;C:\Users\Bunayya Zulfikar\.m2\repository\javax\activation\javax.activation-api\1.2.0\javax.activation-api-1.2.0.jar;C:\Users\Bunayya Zulfikar\.m2\repository\com\sun\xml\bind\jaxb-core\2.3.0.1\jaxb-core-2.3.0.1.jar;C:\Users\Bunayya Zulfikar\.m2\repository\com\sun\xml\bind\jaxb-impl\2.3.3\jaxb-impl-2.3.3.jar;C:\Users\Bunayya Zulfikar\.m2\repository\jakarta\xml\bind\jakarta.xml.bind-api\2.3.3\jakarta.xml.bind-api-2.3.3.jar;C:\Users\Bunayya Zulfikar\.m2\repository\com\sun\activation\jakarta.activation\1.2.2\jakarta.activation-1.2.2.jar;C:\Users\Bunayya Zulfikar\.m2\repository\javax\activation\activation\1.1.1\activation-1.1.1.jar;C:\Users\Bunayya Zulfikar\.m2\repository\net\serenity-bdd\serenity-cucumber\3.6.21\serenity-cucumber-3.6.21.jar;C:\Users\Bunayya Zulfikar\.m2\repository\io\cucumber\cucumber-core\7.11.0\cucumber-core-7.11.0.jar;C:\Users\Bunayya Zulfikar\.m2\repository\io\cucumber\cucumber-gherkin\7.11.0\cucumber-gherkin-7.11.0.jar;C:\Users\Bunayya Zulfikar\.m2\repository\io\cucumber\cucumber-gherkin-messages\7.11.0\cucumber-gherkin-messages-7.11.0.jar;C:\Users\Bunayya Zulfikar\.m2\repository\io\cucumber\gherkin\26.0.3\gherkin-26.0.3.jar;C:\Users\Bunayya Zulfikar\.m2\repository\io\cucumber\messages\21.0.1\messages-21.0.1.jar;C:\Users\Bunayya Zulfikar\.m2\repository\io\cucumber\tag-expressions\5.0.1\tag-expressions-5.0.1.jar;C:\Users\Bunayya Zulfikar\.m2\repository\io\cucumber\cucumber-expressions\16.1.1\cucumber-expressions-16.1.1.jar;C:\Users\Bunayya Zulfikar\.m2\repository\io\cucumber\datatable\7.11.0\datatable-7.11.0.jar;C:\Users\Bunayya Zulfikar\.m2\repository\io\cucumber\cucumber-plugin\7.11.0\cucumber-plugin-7.11.0.jar;C:\Users\Bunayya Zulfikar\.m2\repository\io\cucumber\docstring\7.11.0\docstring-7.11.0.jar;C:\Users\Bunayya Zulfikar\.m2\repository\io\cucumber\html-formatter\20.2.1\html-formatter-20.2.1.jar;C:\Users\Bunayya Zulfikar\.m2\repository\io\cucumber\junit-xml-formatter\0.1.0\junit-xml-formatter-0.1.0.jar;C:\Users\Bunayya Zulfikar\.m2\repository\io\cucumber\ci-environment\9.1.0\ci-environment-9.1.0.jar;C:\Users\Bunayya Zulfikar\.m2\repository\io\cucumber\cucumber-java\7.11.0\cucumber-java-7.11.0.jar;C:\Users\Bunayya Zulfikar\.m2\repository\io\cucumber\cucumber-junit\7.11.0\cucumber-junit-7.11.0.jar;C:\Users\Bunayya Zulfikar\.m2\repository\org\apache\commons\commons-csv\1.5\commons-csv-1.5.jar;C:\Users\Bunayya Zulfikar\.m2\repository\net\serenity-bdd\serenity-screenplay\3.6.21\serenity-screenplay-3.6.21.jar;C:\Users\Bunayya Zulfikar\.m2\repository\net\serenity-bdd\serenity-screenplay-webdriver\3.6.21\serenity-screenplay-webdriver-3.6.21.jar;C:\Users\Bunayya Zulfikar\.m2\repository\net\serenity-bdd\serenity-ensure\3.6.21\serenity-ensure-3.6.21.jar;C:\Users\Bunayya Zulfikar\.m2\repository\net\serenity-bdd\serenity-junit\3.6.21\serenity-junit-3.6.21.jar;C:\Users\Bunayya Zulfikar\.m2\repository\org\jetbrains\kotlin\kotlin-stdlib\1.8.10\kotlin-stdlib-1.8.10.jar;C:\Users\Bunayya Zulfikar\.m2\repository\org\jetbrains\kotlin\kotlin-stdlib-common\1.8.10\kotlin-stdlib-common-1.8.10.jar;C:\Users\Bunayya Zulfikar\.m2\repository\org\jetbrains\annotations\13.0\annotations-13.0.jar;C:\Users\Bunayya Zulfikar\.m2\repository\org\junit\platform\junit-platform-launcher\1.8.2\junit-platform-launcher-1.8.2.jar;C:\Users\Bunayya Zulfikar\.m2\repository\org\junit\platform\junit-platform-engine\1.8.2\junit-platform-engine-1.8.2.jar;C:\Users\Bunayya Zulfikar\.m2\repository\org\junit\platform\junit-platform-commons\1.8.2\junit-platform-commons-1.8.2.jar;C:\Users\Bunayya Zulfikar\.m2\repository\org\apiguardian\apiguardian-api\1.1.2\apiguardian-api-1.1.2.jar;C:\Users\Bunayya Zulfikar\.m2\repository\org\junit\jupiter\junit-jupiter-engine\5.8.2\junit-jupiter-engine-5.8.2.jar;C:\Users\Bunayya Zulfikar\.m2\repository\org\junit\jupiter\junit-jupiter-api\5.8.2\junit-jupiter-api-5.8.2.jar;C:\Users\Bunayya Zulfikar\.m2\repository\org\junit\vintage\junit-vintage-engine\5.8.2\junit-vintage-engine-5.8.2.jar;C:\Users\Bunayya Zulfikar\.m2\repository\junit\junit\4.13.2\junit-4.13.2.jar;C:\Users\Bunayya Zulfikar\.m2\repository\org\hamcrest\hamcrest-core\1.3\hamcrest-core-1.3.jar;C:\Users\Bunayya Zulfikar\.m2\repository\ch\qos\logback\logback-classic\1.2.10\logback-classic-1.2.10.jar;C:\Users\Bunayya Zulfikar\.m2\repository\ch\qos\logback\logback-core\1.2.10\logback-core-1.2.10.jar;C:\Users\Bunayya Zulfikar\.m2\repository\org\slf4j\slf4j-api\1.7.32\slf4j-api-1.7.32.jar;C:\Users\Bunayya Zulfikar\.m2\repository\org\assertj\assertj-core\3.23.1\assertj-core-3.23.1.jar;C:\Users\Bunayya Zulfikar\.m2\repository\net\bytebuddy\byte-buddy\1.12.10\byte-buddy-1.12.10.jar;C:\Users\Bunayya Zulfikar\.m2\repository\com\googlecode\json-simple\json-simple\1.1.1\json-simple-1.1.1.jar;C:\Users\Bunayya Zulfikar\.m2\repository\org\apache\maven\surefire\surefire-junit-platform\3.0.0-M5\surefire-junit-platform-3.0.0-M5.jar;C:\Users\Bunayya Zulfikar\.m2\repository\org\apache\maven\surefire\common-java5\3.0.0-M5\common-java5-3.0.0-M5.jar"/>
    <property name="user.script" value=""/>
    <property name="java.protocol.handler.pkgs" value="com.google.common"/>
    <property name="sun.management.compiler" value="HotSpot 64-Bit Tiered Compilers"/>
    <property name="java.runtime.version" value="19.0.2+7-44"/>
    <property name="user.name" value="Fanotralala"/>
    <property name="stdout.encoding" value="Cp1252"/>
    <property name="path.separator" value=";"/>
    <property name="os.version" value="10.0"/>
    <property name="java.runtime.name" value="Java(TM) SE Runtime Environment"/>
    <property name="file.encoding" value="UTF-8"/>
    <property name="webdriver.base.url" value=""/>
    <property name="java.vm.name" value="Java HotSpot(TM) 64-Bit Server VM"/>
    <property name="localRepository" value="C:\Users\Bunayya Zulfikar\.m2\repository"/>
    <property name="java.vendor.url.bug" value="https://bugreport.java.com/bugreport/"/>
    <property name="java.io.tmpdir" value="C:\Users\BUNAYY~1\AppData\Local\Temp\"/>
    <property name="java.version" value="19.0.2"/>
    <property name="user.dir" value="C:\Users\Bunayya Zulfikar\3D Objects\alta_web_minpro_testcase"/>
    <property name="os.arch" value="amd64"/>
    <property name="java.vm.specification.name" value="Java Virtual Machine Specification"/>
    <property name="sun.os.patch.level" value=""/>
    <property name="native.encoding" value="Cp1252"/>
    <property name="java.library.path" value="C:\Program Files\Java\jdk-19\bin;C:\WINDOWS\Sun\Java\bin;C:\WINDOWS\system32;C:\WINDOWS;C:\Program Files\Common Files\Oracle\Java\javapath;C:\Program Files (x86)\Common Files\Oracle\Java\javapath;C:\Python310\Scripts\;C:\Python310\;C:\Program Files (x86)\Common Files\Intel\Shared Libraries\redist\intel64\compiler;C:\Program Files (x86)\Common Files\Intel\Shared Files\cpp\bin\Intel64;C:\Windows\system32;C:\Windows;C:\Windows\System32\Wbem;C:\Windows\System32\WindowsPowerShell\v1.0\;C:\Windows\System32\OpenSSH\;C:\Program Files (x86)\NVIDIA Corporation\PhysX\Common;C:\Program Files\NVIDIA Corporation\NVIDIA NvDLISR;C:\Program Files (x86)\MKVToolNix;C:\WINDOWS\system32;C:\WINDOWS;C:\WINDOWS\System32\Wbem;C:\WINDOWS\System32\WindowsPowerShell\v1.0\;C:\WINDOWS\System32\OpenSSH\;C:\Program Files\nodejs\;C:\ProgramData\chocolatey\bin;C:\Program Files\Git\cmd;C:\xampp\php;C:\ProgramData\ComposerSetup\bin;C:\PROGRA~1\IBM\SQLLIB\BIN;C:\PROGRA~1\IBM\SQLLIB\FUNCTION;C:\PROGRA~1\IBM\SQLLIB\SAMPLES\REPL;C:\Program Files\apache-maven-3.9.1\bin;C:\Program Files\Java\jdk-19\bin;C:\Users\Bunayya Zulfikar\AppData\Local\Microsoft\WindowsApps;C:\Users\Bunayya Zulfikar\AppData\Local\Programs\Microsoft VS Code\bin;C:\Program Files\Java\jdk-19\bin;C:\Users\Bunayya Zulfikar\AppData\Roaming\npm;C:\Users\Bunayya Zulfikar\AppData\Roaming\Composer\vendor\bin;C:\Users\Bunayya Zulfikar\AppData\Local\GitHubDesktop\bin;C:\Users\Bunayya Zulfikar\AppData\Local\spicetify;C:\Users\Bunayya Zulfikar\AppData\Local\Android\Sdk\platform-tools;C:\Users\Bunayya Zulfikar\AppData\Local\Android\Sdk\tools;C:\Users\Bunayya Zulfikar\AppData\Local\Android\Sdk\tools\bin;C:\Program Files\Gradle\gradle-8.1\bin;;."/>
    <property name="java.vm.info" value="mixed mode"/>
    <property name="stderr.encoding" value="Cp1252"/>
    <property name="java.vendor" value="Oracle Corporation"/>
    <property name="java.vm.version" value="19.0.2+7-44"/>
    <property name="sun.io.unicode.encoding" value="UnicodeLittle"/>
    <property name="java.class.version" value="63.0"/>
  </properties>
  <testcase name="Register with valid data" classname="Register to Alta-shop Account" time="10.835">
    <error type="org.openqa.selenium.NoSuchElementException"><![CDATA[org.openqa.selenium.NoSuchElementException: 
no such element: Unable to locate element: {"method":"css selector","selector":".v\-btn\-\-is\-elevated"}
  (Session info: chrome=113.0.5672.93)
For documentation on this error, please visit: https://selenium.dev/exceptions/#no_such_element
Build info: version: '4.8.1', revision: '8ebccac989'
System info: os.name: 'Windows 10', os.arch: 'amd64', os.version: '10.0', java.version: '19.0.2'
Driver info: org.openqa.selenium.chrome.ChromeDriver
Command: [a51ffbfc86ec9c7ff623b6e09fb3b619, findElement {using=class name, value=v-btn--is-elevated}]
Capabilities {acceptInsecureCerts: false, browserName: chrome, browserVersion: 113.0.5672.93, chrome: {chromedriverVersion: 113.0.5672.63 (0e1a4471d5ae..., userDataDir: C:\Users\BUNAYY~1\AppData\L...}, goog:chromeOptions: {debuggerAddress: localhost:52883}, networkConnectionEnabled: false, pageLoadStrategy: normal, platformName: WINDOWS, proxy: Proxy(), se:cdp: ws://localhost:52883/devtoo..., se:cdpVersion: 113.0.5672.93, setWindowRect: true, strictFileInteractability: false, timeouts: {implicit: 0, pageLoad: 300000, script: 30000}, unhandledPromptBehavior: dismiss and notify, webauthn:extension:credBlob: true, webauthn:extension:largeBlob: true, webauthn:extension:minPinLength: true, webauthn:extension:prf: true, webauthn:virtualAuthenticators: true}
Session ID: a51ffbfc86ec9c7ff623b6e09fb3b619
]]></error>
    <system-out><![CDATA[19:20:13.243 [main] DEBUG net.thucydides.core.guice.Injectors - Created injector for module net.thucydides.core.guice.ThucydidesModule
19:20:13.546 [main] DEBUG io.cucumber.core.plugin.SerenityReporter - Running feature from file:///C:/Users/Bunayya%20Zulfikar/3D%20Objects/alta_web_minpro_testcase/src/test/resources/features/1.%20Register.feature
19:20:13.701 [main] DEBUG net.thucydides.core.guice.Injectors - Created injector for module net.thucydides.core.guice.webdriver.WebDriverModule
19:20:13.715 [main] INFO  - 

-------------------------------------------------------------------------------------
     _______. _______ .______       _______ .__   __.  __  .___________.____    ____ 
    /       ||   ____||   _  \     |   ____||  \ |  | |  | |           |\   \  /   / 
   |   (----`|  |__   |  |_)  |    |  |__   |   \|  | |  | `---|  |----` \   \/   /  
    \   \    |   __|  |      /     |   __|  |  . `  | |  |     |  |       \_    _/   
.----)   |   |  |____ |  |\  \----.|  |____ |  |\   | |  |     |  |         |  |     
|_______/    |_______|| _| `._____||_______||__| \__| |__|     |__|         |__|    
                                                                                     
 News and tutorials at http://www.serenity-bdd.info                                  
 Documentation at https://wakaleo.gitbooks.io/the-serenity-book/content/             
 Join the Serenity Community on Gitter: https://gitter.im/serenity-bdd/serenity-core 
 Serenity BDD Support and Training at http://serenity-bdd.info/#/trainingandsupport  
-------------------------------------------------------------------------------------

19:20:13.717 [main] DEBUG net.thucydides.core.steps.StepEventBus - Test suite started for story net.thucydides.core.model.Story@529b74ce
19:20:13.718 [main] INFO  - Test Suite Started: Register to Alta-shop Account
19:20:13.731 [main] DEBUG io.cucumber.core.plugin.SerenityReporter - Running feature from file:///C:/Users/Bunayya%20Zulfikar/3D%20Objects/alta_web_minpro_testcase/src/test/resources/features/2.%20Login.feature
19:20:13.735 [main] DEBUG net.thucydides.core.steps.StepEventBus - Test suite started for story net.thucydides.core.model.Story@dffa83ad
19:20:13.735 [main] INFO  - Test Suite Started: Login to Alta-shop Account
19:20:13.735 [main] DEBUG io.cucumber.core.plugin.SerenityReporter - Running feature from file:///C:/Users/Bunayya%20Zulfikar/3D%20Objects/alta_web_minpro_testcase/src/test/resources/features/3.%20Product.feature
19:20:13.738 [main] DEBUG net.thucydides.core.steps.StepEventBus - Test suite started for story net.thucydides.core.model.Story@8d346be0
19:20:13.747 [main] INFO  - Test Suite Started: Product
19:20:13.747 [main] DEBUG io.cucumber.core.plugin.SerenityReporter - Running feature from file:///C:/Users/Bunayya%20Zulfikar/3D%20Objects/alta_web_minpro_testcase/src/test/resources/features/4.%20Category.feature
19:20:13.750 [main] DEBUG net.thucydides.core.steps.StepEventBus - Test suite started for story net.thucydides.core.model.Story@45bcdf51
19:20:13.750 [main] INFO  - Test Suite Started: Category
19:20:13.750 [main] DEBUG io.cucumber.core.plugin.SerenityReporter - Running feature from file:///C:/Users/Bunayya%20Zulfikar/3D%20Objects/alta_web_minpro_testcase/src/test/resources/features/5.%20Transaction.feature
19:20:13.754 [main] DEBUG net.thucydides.core.steps.StepEventBus - Test suite started for story net.thucydides.core.model.Story@9c152c7e
19:20:13.754 [main] INFO  - Test Suite Started: Transaction
19:20:13.754 [main] DEBUG io.cucumber.core.plugin.SerenityReporter - Running feature from file:///C:/Users/Bunayya%20Zulfikar/3D%20Objects/alta_web_minpro_testcase/src/test/resources/features/6.%20Logout.feature
19:20:13.756 [main] DEBUG net.thucydides.core.steps.StepEventBus - Test suite started for story net.thucydides.core.model.Story@17228dd2
19:20:13.757 [main] INFO  - Test Suite Started: Logout from Alta-shop Account
19:20:13.757 [main] DEBUG io.cucumber.core.plugin.SerenityReporter - Running feature from file:///C:/Users/Bunayya%20Zulfikar/3D%20Objects/alta_web_minpro_testcase/src/test/resources/features/1.%20Register.feature
19:20:13.760 [main] DEBUG net.thucydides.core.steps.StepEventBus - Test suite started for story net.thucydides.core.model.Story@529b74ce
19:20:13.760 [main] INFO  - Test Suite Started: Register to Alta-shop Account

Scenario: Register with valid data          &amp#27;[90m# src/test/resources/features/1. Register.feature:7&amp#27;[0m
19:20:13.863 [main] DEBUG io.cucumber.core.plugin.SerenityReporter - Running feature from file:///C:/Users/Bunayya%20Zulfikar/3D%20Objects/alta_web_minpro_testcase/src/test/resources/features/1.%20Register.feature
19:20:13.996 [main] INFO  - 
  _____   ___   ___   _____     ___   _____     _     ___   _____   ___   ___  
 |_   _| | __| / __| |_   _|   / __| |_   _|   /_\   | _ \ |_   _| | __| |   \ 
   | |   | _|  \__ \   | |     \__ \   | |    / _ \  |   /   | |   | _|  | |) |
   |_|   |___| |___/   |_|     |___/   |_|   /_/ \_\ |_|_\   |_|   |___| |___/ 

Register with valid data(register-to-alta-shop-account;register-with-valid-data)
--------------------------------------------------------------------------------
19:20:14.057 [main] DEBUG net.thucydides.core.requirements.model.cucumber.CucumberParser - Loading feature C:\Users\Bunayya Zulfikar\3D Objects\alta_web_minpro_testcase\src\test\resources\features\1. Register.feature
19:20:14.082 [main] DEBUG net.thucydides.core.requirements.model.cucumber.CucumberParser - Loading feature C:\Users\Bunayya Zulfikar\3D Objects\alta_web_minpro_testcase\src\test\resources\features\2. Login.feature
19:20:14.089 [main] DEBUG net.thucydides.core.requirements.model.cucumber.CucumberParser - Loading feature C:\Users\Bunayya Zulfikar\3D Objects\alta_web_minpro_testcase\src\test\resources\features\3. Product.feature
19:20:14.101 [main] DEBUG net.thucydides.core.requirements.model.cucumber.CucumberParser - Loading feature C:\Users\Bunayya Zulfikar\3D Objects\alta_web_minpro_testcase\src\test\resources\features\4. Category.feature
19:20:14.109 [main] DEBUG net.thucydides.core.requirements.model.cucumber.CucumberParser - Loading feature C:\Users\Bunayya Zulfikar\3D Objects\alta_web_minpro_testcase\src\test\resources\features\5. Transaction.feature
19:20:14.117 [main] DEBUG net.thucydides.core.requirements.model.cucumber.CucumberParser - Loading feature C:\Users\Bunayya Zulfikar\3D Objects\alta_web_minpro_testcase\src\test\resources\features\6. Logout.feature
19:20:14.904 [main] DEBUG net.thucydides.core.steps.StepInterceptor - STARTING STEP: LoginSteps.onTheLoginPage - openPage
19:20:15.009 [main] INFO net.serenitybdd.core.webdriver.driverproviders.ChromeDriverProvider - Starting Chrome driver instance with capabilities:
19:20:15.011 [main] INFO net.serenitybdd.core.webdriver.driverproviders.ChromeDriverProvider - Capabilities {acceptInsecureCerts: false, browserName: chrome, goog:chromeOptions: {args: [remote-allow-origins=*], extensions: []}}
19:20:15.130 [main] DEBUG io.netty.util.internal.logging.InternalLoggerFactory - Using SLF4J as the default logging framework
19:20:15.135 [main] DEBUG io.netty.util.ResourceLeakDetector - -Dio.netty.leakDetection.level: simple
19:20:15.135 [main] DEBUG io.netty.util.ResourceLeakDetector - -Dio.netty.leakDetection.targetRecords: 4
19:20:15.140 [main] DEBUG io.netty.util.ResourceLeakDetectorFactory - Loaded default ResourceLeakDetector: io.netty.util.ResourceLeakDetector@115c946b
19:20:15.161 [main] DEBUG io.netty.util.internal.PlatformDependent0 - -Dio.netty.noUnsafe: false
19:20:15.161 [main] DEBUG io.netty.util.internal.PlatformDependent0 - Java version: 19
19:20:15.161 [main] DEBUG io.netty.util.internal.PlatformDependent0 - sun.misc.Unsafe.theUnsafe: available
19:20:15.162 [main] DEBUG io.netty.util.internal.PlatformDependent0 - sun.misc.Unsafe.copyMemory: available
19:20:15.163 [main] DEBUG io.netty.util.internal.PlatformDependent0 - sun.misc.Unsafe.storeFence: available
19:20:15.164 [main] DEBUG io.netty.util.internal.PlatformDependent0 - java.nio.Buffer.address: available
19:20:15.165 [main] DEBUG io.netty.util.internal.PlatformDependent0 - direct buffer constructor: unavailable: Reflective setAccessible(true) disabled
19:20:15.165 [main] DEBUG io.netty.util.internal.PlatformDependent0 - java.nio.Bits.unaligned: available, true
19:20:15.167 [main] DEBUG io.netty.util.internal.PlatformDependent0 - jdk.internal.misc.Unsafe.allocateUninitializedArray(int): unavailable: class io.netty.util.internal.PlatformDependent0$7 cannot access class jdk.internal.misc.Unsafe (in module java.base) because module java.base does not export jdk.internal.misc to unnamed module @1e6454ec
19:20:15.169 [main] DEBUG io.netty.util.internal.PlatformDependent0 - java.nio.DirectByteBuffer.<init>(long, int): unavailable
19:20:15.169 [main] DEBUG io.netty.util.internal.PlatformDependent - sun.misc.Unsafe: available
19:20:15.171 [main] DEBUG io.netty.util.internal.PlatformDependent - maxDirectMemory: 4271898624 bytes (maybe)
19:20:15.171 [main] DEBUG io.netty.util.internal.PlatformDependent - -Dio.netty.tmpdir: C:\Users\BUNAYY~1\AppData\Local\Temp (java.io.tmpdir)
19:20:15.171 [main] DEBUG io.netty.util.internal.PlatformDependent - -Dio.netty.bitMode: 64 (sun.arch.data.model)
19:20:15.172 [main] DEBUG io.netty.util.internal.PlatformDependent - Platform: Windows
19:20:15.173 [main] DEBUG io.netty.util.internal.PlatformDependent - -Dio.netty.maxDirectMemory: -1 bytes
19:20:15.173 [main] DEBUG io.netty.util.internal.PlatformDependent - -Dio.netty.uninitializedArrayAllocationThreshold: -1
19:20:15.174 [main] DEBUG io.netty.util.internal.CleanerJava9 - java.nio.ByteBuffer.cleaner(): available
19:20:15.174 [main] DEBUG io.netty.util.internal.PlatformDependent - -Dio.netty.noPreferDirect: false
19:20:15.188 [main] DEBUG io.netty.util.internal.PlatformDependent - org.jctools-core.MpscChunkedArrayQueue: available
19:20:15.213 [main] DEBUG io.netty.util.internal.InternalThreadLocalMap - -Dio.netty.threadLocalMap.stringBuilder.initialSize: 1024
19:20:15.213 [main] DEBUG io.netty.util.internal.InternalThreadLocalMap - -Dio.netty.threadLocalMap.stringBuilder.maxSize: 4096
19:20:15.404 [main] DEBUG io.netty.handler.ssl.JdkSslContext - Default protocols (JDK): [TLSv1.3, TLSv1.2] 
19:20:15.404 [main] DEBUG io.netty.handler.ssl.JdkSslContext - Default cipher suites (JDK): [TLS_ECDHE_ECDSA_WITH_AES_256_GCM_SHA384, TLS_ECDHE_ECDSA_WITH_AES_128_GCM_SHA256, TLS_ECDHE_RSA_WITH_AES_128_GCM_SHA256, TLS_ECDHE_RSA_WITH_AES_256_GCM_SHA384, TLS_ECDHE_RSA_WITH_AES_128_CBC_SHA, TLS_ECDHE_RSA_WITH_AES_256_CBC_SHA, TLS_RSA_WITH_AES_128_GCM_SHA256, TLS_RSA_WITH_AES_128_CBC_SHA, TLS_RSA_WITH_AES_256_CBC_SHA, TLS_AES_128_GCM_SHA256, TLS_AES_256_GCM_SHA384]
19:20:15.442 [main] DEBUG io.netty.channel.MultithreadEventLoopGroup - -Dio.netty.eventLoopThreads: 24
19:20:15.453 [main] DEBUG io.netty.channel.nio.NioEventLoop - -Dio.netty.noKeySetOptimization: false
19:20:15.453 [main] DEBUG io.netty.channel.nio.NioEventLoop - -Dio.netty.selectorAutoRebuildThreshold: 512
19:20:15.517 [main] DEBUG io.netty.buffer.PooledByteBufAllocator - -Dio.netty.allocator.numHeapArenas: 24
19:20:15.517 [main] DEBUG io.netty.buffer.PooledByteBufAllocator - -Dio.netty.allocator.numDirectArenas: 24
19:20:15.517 [main] DEBUG io.netty.buffer.PooledByteBufAllocator - -Dio.netty.allocator.pageSize: 8192
19:20:15.517 [main] DEBUG io.netty.buffer.PooledByteBufAllocator - -Dio.netty.allocator.maxOrder: 9
19:20:15.517 [main] DEBUG io.netty.buffer.PooledByteBufAllocator - -Dio.netty.allocator.chunkSize: 4194304
19:20:15.517 [main] DEBUG io.netty.buffer.PooledByteBufAllocator - -Dio.netty.allocator.smallCacheSize: 256
19:20:15.517 [main] DEBUG io.netty.buffer.PooledByteBufAllocator - -Dio.netty.allocator.normalCacheSize: 64
19:20:15.517 [main] DEBUG io.netty.buffer.PooledByteBufAllocator - -Dio.netty.allocator.maxCachedBufferCapacity: 32768
19:20:15.517 [main] DEBUG io.netty.buffer.PooledByteBufAllocator - -Dio.netty.allocator.cacheTrimInterval: 8192
19:20:15.517 [main] DEBUG io.netty.buffer.PooledByteBufAllocator - -Dio.netty.allocator.cacheTrimIntervalMillis: 0
19:20:15.517 [main] DEBUG io.netty.buffer.PooledByteBufAllocator - -Dio.netty.allocator.useCacheForAllThreads: false
19:20:15.517 [main] DEBUG io.netty.buffer.PooledByteBufAllocator - -Dio.netty.allocator.maxCachedByteBuffersPerChunk: 1023
19:20:15.528 [main] DEBUG io.netty.buffer.ByteBufUtil - -Dio.netty.allocator.type: pooled
19:20:15.528 [main] DEBUG io.netty.buffer.ByteBufUtil - -Dio.netty.threadLocalDirectBufferSize: 0
19:20:15.528 [main] DEBUG io.netty.buffer.ByteBufUtil - -Dio.netty.maxThreadLocalCharBufferSize: 16384
19:20:15.809 [Forwarding newSession on session null to remote] DEBUG io.netty.channel.DefaultChannelId - -Dio.netty.processId: 36580 (auto-detected)
19:20:15.811 [Forwarding newSession on session null to remote] DEBUG io.netty.util.NetUtil - -Djava.net.preferIPv4Stack: false
19:20:15.811 [Forwarding newSession on session null to remote] DEBUG io.netty.util.NetUtil - -Djava.net.preferIPv6Addresses: false
19:20:15.825 [Forwarding newSession on session null to remote] DEBUG io.netty.util.NetUtilInitializations - Loopback interface: lo (Software Loopback Interface 1, 127.0.0.1)
19:20:15.825 [Forwarding newSession on session null to remote] DEBUG io.netty.util.NetUtil - Failed to get SOMAXCONN from sysctl and file \proc\sys\net\core\somaxconn. Default: 200
19:20:15.846 [Forwarding newSession on session null to remote] DEBUG io.netty.channel.DefaultChannelId - -Dio.netty.machineId: 7c:b2:7d:ff:fe:02:f3:d2 (auto-detected)
19:20:15.904 [AsyncHttpClient-1-2] DEBUG io.netty.buffer.AbstractByteBuf - -Dio.netty.buffer.checkAccessible: true
19:20:15.905 [AsyncHttpClient-1-2] DEBUG io.netty.buffer.AbstractByteBuf - -Dio.netty.buffer.checkBounds: true
19:20:15.905 [AsyncHttpClient-1-2] DEBUG io.netty.util.ResourceLeakDetectorFactory - Loaded default ResourceLeakDetector: io.netty.util.ResourceLeakDetector@36ef3539
19:20:15.916 [AsyncHttpClient-1-2] DEBUG org.asynchttpclient.netty.channel.NettyConnectListener - Using new Channel '[id: 0xb595b2bf, L:/127.0.0.1:52882 - R:localhost/127.0.0.1:42367]' for 'POST' to '/session'
19:20:15.930 [AsyncHttpClient-1-2] DEBUG io.netty.util.Recycler - -Dio.netty.recycler.maxCapacityPerThread: 4096
19:20:15.930 [AsyncHttpClient-1-2] DEBUG io.netty.util.Recycler - -Dio.netty.recycler.ratio: 8
19:20:15.930 [AsyncHttpClient-1-2] DEBUG io.netty.util.Recycler - -Dio.netty.recycler.chunkSize: 32
19:20:15.930 [AsyncHttpClient-1-2] DEBUG io.netty.util.Recycler - -Dio.netty.recycler.blocking: false
19:20:16.769 [AsyncHttpClient-1-2] DEBUG io.netty.handler.codec.compression.Brotli - brotli4j not in the classpath; Brotli support will be unavailable.
19:20:16.769 [AsyncHttpClient-1-2] DEBUG org.asynchttpclient.netty.handler.HttpHandler - 

Request DefaultHttpRequest(decodeResult: success, version: HTTP/1.1)
POST /session HTTP/1.1
User-Agent: selenium/4.8.1 (java windows)
Content-Length: 507
Content-Type: application/json; charset=utf-8
host: localhost:42367
accept: */*

Response DefaultHttpResponse(decodeResult: success, version: HTTP/1.1)
HTTP/1.1 200 OK
Content-Length: 862
Content-Type: application/json; charset=utf-8
cache-control: no-cache

19:20:16.780 [AsyncHttpClient-1-2] DEBUG org.asynchttpclient.netty.channel.ChannelManager - Adding key: http://localhost:42367 for channel [id: 0xb595b2bf, L:/127.0.0.1:52882 - R:localhost/127.0.0.1:42367]
19:20:16.877 [AsyncHttpClient-1-3] DEBUG org.asynchttpclient.netty.channel.NettyConnectListener - Using new Channel '[id: 0xbcdb305b, L:/127.0.0.1:52890 - R:localhost/127.0.0.1:52883]' for 'GET' to '/json/version'
19:20:16.881 [AsyncHttpClient-1-3] DEBUG org.asynchttpclient.netty.handler.HttpHandler - 

Request DefaultFullHttpRequest(decodeResult: success, version: HTTP/1.1, content: EmptyByteBufBE)
GET /json/version HTTP/1.1
User-Agent: selenium/4.8.1 (java windows)
host: localhost:52883
accept: */*

Response DefaultHttpResponse(decodeResult: success, version: HTTP/1.1)
HTTP/1.1 200 OK
Content-Security-Policy: frame-ancestors 'none'
Content-Length: 422
Content-Type: application/json; charset=UTF-8

19:20:16.881 [AsyncHttpClient-1-3] DEBUG org.asynchttpclient.netty.channel.ChannelManager - Adding key: http://localhost:52883 for channel [id: 0xbcdb305b, L:/127.0.0.1:52890 - R:localhost/127.0.0.1:52883]
19:20:16.893 [main] DEBUG io.netty.util.internal.ThreadLocalRandom - -Dio.netty.initialSeedUniquifier: 0x75e2df3e6a56c6c4
19:20:16.898 [AsyncHttpClient-1-4] DEBUG org.asynchttpclient.netty.channel.NettyConnectListener - Using new Channel '[id: 0x8fbfc8de, L:/127.0.0.1:52891 - R:localhost/127.0.0.1:52883]' for 'GET' to '/devtools/browser/1b95a3d9-ffef-49b8-a2fa-903ef644af4b'
19:20:16.903 [AsyncHttpClient-1-4] DEBUG org.asynchttpclient.netty.handler.WebSocketHandler - 

Request DefaultFullHttpRequest(decodeResult: success, version: HTTP/1.1, content: EmptyByteBufBE)
GET /devtools/browser/1b95a3d9-ffef-49b8-a2fa-903ef644af4b HTTP/1.1
upgrade: websocket
connection: upgrade
sec-websocket-key: EJXoGhm7si/QukaL8zgRrw==
sec-websocket-version: 13
origin: http://localhost:52883
host: localhost:52883
accept: */*
user-agent: AHC/2.1

Response DefaultHttpResponse(decodeResult: success, version: HTTP/1.1)
HTTP/1.1 101 WebSocket Protocol Handshake
Upgrade: WebSocket
Connection: Upgrade
Sec-WebSocket-Accept: xes6e1Kiw/THKX4aCBTe4fqcy2Y=

19:20:17.064 [Forwarding get on session a51ffbfc86ec9c7ff623b6e09fb3b619 to remote] DEBUG org.asynchttpclient.netty.request.NettyRequestSender - Using pooled Channel '[id: 0xb595b2bf, L:/127.0.0.1:52882 - R:localhost/127.0.0.1:42367]' for 'POST' to 'http://localhost:42367/session/a51ffbfc86ec9c7ff623b6e09fb3b619/url'
19:20:17.064 [Forwarding get on session a51ffbfc86ec9c7ff623b6e09fb3b619 to remote] DEBUG org.asynchttpclient.netty.request.NettyRequestSender - Using open Channel [id: 0xb595b2bf, L:/127.0.0.1:52882 - R:localhost/127.0.0.1:42367] for POST '/session/a51ffbfc86ec9c7ff623b6e09fb3b619/url'
19:20:17.597 [AsyncHttpClient-1-1] DEBUG org.asynchttpclient.netty.channel.DefaultChannelPool - Entry count for : http://localhost:52883 : 1
19:20:17.916 [AsyncHttpClient-1-2] DEBUG org.asynchttpclient.netty.handler.HttpHandler - 

Request DefaultHttpRequest(decodeResult: success, version: HTTP/1.1)
POST /session/a51ffbfc86ec9c7ff623b6e09fb3b619/url HTTP/1.1
User-Agent: selenium/4.8.1 (java windows)
Content-Length: 80
Content-Type: application/json; charset=utf-8
host: localhost:42367
accept: */*

Response DefaultHttpResponse(decodeResult: success, version: HTTP/1.1)
HTTP/1.1 200 OK
Content-Length: 14
Content-Type: application/json; charset=utf-8
cache-control: no-cache

19:20:17.916 [AsyncHttpClient-1-2] DEBUG org.asynchttpclient.netty.channel.ChannelManager - Adding key: http://localhost:42367 for channel [id: 0xb595b2bf, L:/127.0.0.1:52882 - R:localhost/127.0.0.1:42367]
19:20:17.921 [Forwarding setTimeout on session a51ffbfc86ec9c7ff623b6e09fb3b619 to remote] DEBUG org.asynchttpclient.netty.request.NettyRequestSender - Using pooled Channel '[id: 0xb595b2bf, L:/127.0.0.1:52882 - R:localhost/127.0.0.1:42367]' for 'POST' to 'http://localhost:42367/session/a51ffbfc86ec9c7ff623b6e09fb3b619/timeouts'
19:20:17.921 [Forwarding setTimeout on session a51ffbfc86ec9c7ff623b6e09fb3b619 to remote] DEBUG org.asynchttpclient.netty.request.NettyRequestSender - Using open Channel [id: 0xb595b2bf, L:/127.0.0.1:52882 - R:localhost/127.0.0.1:42367] for POST '/session/a51ffbfc86ec9c7ff623b6e09fb3b619/timeouts'
19:20:17.923 [AsyncHttpClient-1-2] DEBUG org.asynchttpclient.netty.handler.HttpHandler - 

Request DefaultHttpRequest(decodeResult: success, version: HTTP/1.1)
POST /session/a51ffbfc86ec9c7ff623b6e09fb3b619/timeouts HTTP/1.1
User-Agent: selenium/4.8.1 (java windows)
Content-Length: 22
Content-Type: application/json; charset=utf-8
host: localhost:42367
accept: */*

Response DefaultHttpResponse(decodeResult: success, version: HTTP/1.1)
HTTP/1.1 200 OK
Content-Length: 14
Content-Type: application/json; charset=utf-8
cache-control: no-cache

19:20:17.923 [AsyncHttpClient-1-2] DEBUG org.asynchttpclient.netty.channel.ChannelManager - Adding key: http://localhost:42367 for channel [id: 0xb595b2bf, L:/127.0.0.1:52882 - R:localhost/127.0.0.1:42367]
19:20:17.956 [main] DEBUG net.serenitybdd.core.photography.Darkroom - Opening darkroom
19:20:17.958 [Darkroom Processing Line] DEBUG net.serenitybdd.core.photography.DarkroomProcessingLine - Darkroom processing line starting up
19:20:17.985 [Forwarding getAlertText on session a51ffbfc86ec9c7ff623b6e09fb3b619 to remote] DEBUG org.asynchttpclient.netty.request.NettyRequestSender - Using pooled Channel '[id: 0xb595b2bf, L:/127.0.0.1:52882 - R:localhost/127.0.0.1:42367]' for 'GET' to 'http://localhost:42367/session/a51ffbfc86ec9c7ff623b6e09fb3b619/alert/text'
19:20:17.985 [Forwarding getAlertText on session a51ffbfc86ec9c7ff623b6e09fb3b619 to remote] DEBUG org.asynchttpclient.netty.request.NettyRequestSender - Using open Channel [id: 0xb595b2bf, L:/127.0.0.1:52882 - R:localhost/127.0.0.1:42367] for GET '/session/a51ffbfc86ec9c7ff623b6e09fb3b619/alert/text'
19:20:17.987 [AsyncHttpClient-1-2] DEBUG org.asynchttpclient.netty.handler.HttpHandler - 

Request DefaultFullHttpRequest(decodeResult: success, version: HTTP/1.1, content: EmptyByteBufBE)
GET /session/a51ffbfc86ec9c7ff623b6e09fb3b619/alert/text HTTP/1.1
User-Agent: selenium/4.8.1 (java windows)
Cache-Control: no-cache
Content-Type: application/json; charset=utf-8
host: localhost:42367
accept: */*

Response DefaultHttpResponse(decodeResult: success, version: HTTP/1.1)
HTTP/1.1 404 Not Found
Content-Length: 847
Content-Type: application/json; charset=utf-8
cache-control: no-cache

19:20:17.987 [AsyncHttpClient-1-2] DEBUG org.asynchttpclient.netty.channel.ChannelManager - Adding key: http://localhost:42367 for channel [id: 0xb595b2bf, L:/127.0.0.1:52882 - R:localhost/127.0.0.1:42367]
19:20:17.994 [Forwarding getCurrentUrl on session a51ffbfc86ec9c7ff623b6e09fb3b619 to remote] DEBUG org.asynchttpclient.netty.request.NettyRequestSender - Using pooled Channel '[id: 0xb595b2bf, L:/127.0.0.1:52882 - R:localhost/127.0.0.1:42367]' for 'GET' to 'http://localhost:42367/session/a51ffbfc86ec9c7ff623b6e09fb3b619/url'
19:20:17.994 [Forwarding getCurrentUrl on session a51ffbfc86ec9c7ff623b6e09fb3b619 to remote] DEBUG org.asynchttpclient.netty.request.NettyRequestSender - Using open Channel [id: 0xb595b2bf, L:/127.0.0.1:52882 - R:localhost/127.0.0.1:42367] for GET '/session/a51ffbfc86ec9c7ff623b6e09fb3b619/url'
19:20:18.001 [AsyncHttpClient-1-2] DEBUG org.asynchttpclient.netty.handler.HttpHandler - 

Request DefaultFullHttpRequest(decodeResult: success, version: HTTP/1.1, content: EmptyByteBufBE)
GET /session/a51ffbfc86ec9c7ff623b6e09fb3b619/url HTTP/1.1
User-Agent: selenium/4.8.1 (java windows)
Cache-Control: no-cache
Content-Type: application/json; charset=utf-8
host: localhost:42367
accept: */*

Response DefaultHttpResponse(decodeResult: success, version: HTTP/1.1)
HTTP/1.1 200 OK
Content-Length: 52
Content-Type: application/json; charset=utf-8
cache-control: no-cache

19:20:18.002 [AsyncHttpClient-1-2] DEBUG org.asynchttpclient.netty.channel.ChannelManager - Adding key: http://localhost:42367 for channel [id: 0xb595b2bf, L:/127.0.0.1:52882 - R:localhost/127.0.0.1:42367]
19:20:18.006 [Forwarding screenshot on session a51ffbfc86ec9c7ff623b6e09fb3b619 to remote] DEBUG org.asynchttpclient.netty.request.NettyRequestSender - Using pooled Channel '[id: 0xb595b2bf, L:/127.0.0.1:52882 - R:localhost/127.0.0.1:42367]' for 'GET' to 'http://localhost:42367/session/a51ffbfc86ec9c7ff623b6e09fb3b619/screenshot'
19:20:18.006 [Forwarding screenshot on session a51ffbfc86ec9c7ff623b6e09fb3b619 to remote] DEBUG org.asynchttpclient.netty.request.NettyRequestSender - Using open Channel [id: 0xb595b2bf, L:/127.0.0.1:52882 - R:localhost/127.0.0.1:42367] for GET '/session/a51ffbfc86ec9c7ff623b6e09fb3b619/screenshot'
19:20:18.107 [AsyncHttpClient-1-2] DEBUG org.asynchttpclient.netty.handler.HttpHandler - 

Request DefaultFullHttpRequest(decodeResult: success, version: HTTP/1.1, content: EmptyByteBufBE)
GET /session/a51ffbfc86ec9c7ff623b6e09fb3b619/screenshot HTTP/1.1
User-Agent: selenium/4.8.1 (java windows)
Cache-Control: no-cache
Content-Type: application/json; charset=utf-8
host: localhost:42367
accept: */*

Response DefaultHttpResponse(decodeResult: success, version: HTTP/1.1)
HTTP/1.1 200 OK
Content-Length: 32164
Content-Type: application/json; charset=utf-8
cache-control: no-cache

19:20:18.108 [AsyncHttpClient-1-2] DEBUG org.asynchttpclient.netty.channel.ChannelManager - Adding key: http://localhost:42367 for channel [id: 0xb595b2bf, L:/127.0.0.1:52882 - R:localhost/127.0.0.1:42367]
19:20:18.190 [main] DEBUG net.serenitybdd.core.photography.Darkroom - Send negative for processing for target\site\serenity\f4b49707fcc9272c4e90fdf349dfbad3221ac52097d160c26c1352cbec86c0f7.png
19:20:18.190 [Darkroom Processing Line] DEBUG net.serenitybdd.core.photography.DarkroomProcessingLine - Processing screenshot image in /var/screenshots/screenshot-12758821758809847023
19:20:18.190 [Darkroom Processing Line] DEBUG net.serenitybdd.core.photography.DarkroomProcessingLine - Saving screenshot to target\site\serenity\f4b49707fcc9272c4e90fdf349dfbad3221ac52097d160c26c1352cbec86c0f7.png
19:20:18.195 [main] DEBUG net.thucydides.core.steps.StepInterceptor - STEP DONE: openPage
  &amp#27;[32mGiven &amp#27;[0m&amp#27;[32mI am on the alta-shop login page&amp#27;[0m    &amp#27;[90m# starter.stepdefinitions.LoginSteps.onTheLoginPage()&amp#27;[0m
19:20:18.217 [Forwarding getPageSource on session a51ffbfc86ec9c7ff623b6e09fb3b619 to remote] DEBUG org.asynchttpclient.netty.request.NettyRequestSender - Using pooled Channel '[id: 0xb595b2bf, L:/127.0.0.1:52882 - R:localhost/127.0.0.1:42367]' for 'POST' to 'http://localhost:42367/session/a51ffbfc86ec9c7ff623b6e09fb3b619/execute/sync'
19:20:18.217 [Forwarding getPageSource on session a51ffbfc86ec9c7ff623b6e09fb3b619 to remote] DEBUG org.asynchttpclient.netty.request.NettyRequestSender - Using open Channel [id: 0xb595b2bf, L:/127.0.0.1:52882 - R:localhost/127.0.0.1:42367] for POST '/session/a51ffbfc86ec9c7ff623b6e09fb3b619/execute/sync'
19:20:18.225 [AsyncHttpClient-1-2] DEBUG org.asynchttpclient.netty.handler.HttpHandler - 

Request DefaultHttpRequest(decodeResult: success, version: HTTP/1.1)
POST /session/a51ffbfc86ec9c7ff623b6e09fb3b619/execute/sync HTTP/1.1
User-Agent: selenium/4.8.1 (java windows)
Content-Length: 176
Content-Type: application/json; charset=utf-8
host: localhost:42367
accept: */*

Response DefaultHttpResponse(decodeResult: success, version: HTTP/1.1)
HTTP/1.1 200 OK
Content-Length: 21659
Content-Type: application/json; charset=utf-8
cache-control: no-cache

19:20:18.226 [AsyncHttpClient-1-2] DEBUG org.asynchttpclient.netty.channel.ChannelManager - Adding key: http://localhost:42367 for channel [id: 0xb595b2bf, L:/127.0.0.1:52882 - R:localhost/127.0.0.1:42367]
19:20:18.302 [Forwarding getCurrentUrl on session a51ffbfc86ec9c7ff623b6e09fb3b619 to remote] DEBUG org.asynchttpclient.netty.request.NettyRequestSender - Using pooled Channel '[id: 0xb595b2bf, L:/127.0.0.1:52882 - R:localhost/127.0.0.1:42367]' for 'GET' to 'http://localhost:42367/session/a51ffbfc86ec9c7ff623b6e09fb3b619/url'
19:20:18.303 [Forwarding getCurrentUrl on session a51ffbfc86ec9c7ff623b6e09fb3b619 to remote] DEBUG org.asynchttpclient.netty.request.NettyRequestSender - Using open Channel [id: 0xb595b2bf, L:/127.0.0.1:52882 - R:localhost/127.0.0.1:42367] for GET '/session/a51ffbfc86ec9c7ff623b6e09fb3b619/url'
19:20:18.308 [AsyncHttpClient-1-2] DEBUG org.asynchttpclient.netty.handler.HttpHandler - 

Request DefaultFullHttpRequest(decodeResult: success, version: HTTP/1.1, content: EmptyByteBufBE)
GET /session/a51ffbfc86ec9c7ff623b6e09fb3b619/url HTTP/1.1
User-Agent: selenium/4.8.1 (java windows)
Cache-Control: no-cache
Content-Type: application/json; charset=utf-8
host: localhost:42367
accept: */*

Response DefaultHttpResponse(decodeResult: success, version: HTTP/1.1)
HTTP/1.1 200 OK
Content-Length: 52
Content-Type: application/json; charset=utf-8
cache-control: no-cache

19:20:18.308 [AsyncHttpClient-1-2] DEBUG org.asynchttpclient.netty.channel.ChannelManager - Adding key: http://localhost:42367 for channel [id: 0xb595b2bf, L:/127.0.0.1:52882 - R:localhost/127.0.0.1:42367]
19:20:18.444 [Forwarding getAlertText on session a51ffbfc86ec9c7ff623b6e09fb3b619 to remote] DEBUG org.asynchttpclient.netty.request.NettyRequestSender - Using pooled Channel '[id: 0xb595b2bf, L:/127.0.0.1:52882 - R:localhost/127.0.0.1:42367]' for 'GET' to 'http://localhost:42367/session/a51ffbfc86ec9c7ff623b6e09fb3b619/alert/text'
19:20:18.444 [Forwarding getAlertText on session a51ffbfc86ec9c7ff623b6e09fb3b619 to remote] DEBUG org.asynchttpclient.netty.request.NettyRequestSender - Using open Channel [id: 0xb595b2bf, L:/127.0.0.1:52882 - R:localhost/127.0.0.1:42367] for GET '/session/a51ffbfc86ec9c7ff623b6e09fb3b619/alert/text'
19:20:18.446 [AsyncHttpClient-1-2] DEBUG org.asynchttpclient.netty.handler.HttpHandler - 

Request DefaultFullHttpRequest(decodeResult: success, version: HTTP/1.1, content: EmptyByteBufBE)
GET /session/a51ffbfc86ec9c7ff623b6e09fb3b619/alert/text HTTP/1.1
User-Agent: selenium/4.8.1 (java windows)
Cache-Control: no-cache
Content-Type: application/json; charset=utf-8
host: localhost:42367
accept: */*

Response DefaultHttpResponse(decodeResult: success, version: HTTP/1.1)
HTTP/1.1 404 Not Found
Content-Length: 847
Content-Type: application/json; charset=utf-8
cache-control: no-cache

19:20:18.446 [AsyncHttpClient-1-2] DEBUG org.asynchttpclient.netty.channel.ChannelManager - Adding key: http://localhost:42367 for channel [id: 0xb595b2bf, L:/127.0.0.1:52882 - R:localhost/127.0.0.1:42367]
19:20:18.448 [Forwarding getCurrentUrl on session a51ffbfc86ec9c7ff623b6e09fb3b619 to remote] DEBUG org.asynchttpclient.netty.request.NettyRequestSender - Using pooled Channel '[id: 0xb595b2bf, L:/127.0.0.1:52882 - R:localhost/127.0.0.1:42367]' for 'GET' to 'http://localhost:42367/session/a51ffbfc86ec9c7ff623b6e09fb3b619/url'
19:20:18.448 [Forwarding getCurrentUrl on session a51ffbfc86ec9c7ff623b6e09fb3b619 to remote] DEBUG org.asynchttpclient.netty.request.NettyRequestSender - Using open Channel [id: 0xb595b2bf, L:/127.0.0.1:52882 - R:localhost/127.0.0.1:42367] for GET '/session/a51ffbfc86ec9c7ff623b6e09fb3b619/url'
19:20:18.453 [AsyncHttpClient-1-2] DEBUG org.asynchttpclient.netty.handler.HttpHandler - 

Request DefaultFullHttpRequest(decodeResult: success, version: HTTP/1.1, content: EmptyByteBufBE)
GET /session/a51ffbfc86ec9c7ff623b6e09fb3b619/url HTTP/1.1
User-Agent: selenium/4.8.1 (java windows)
Cache-Control: no-cache
Content-Type: application/json; charset=utf-8
host: localhost:42367
accept: */*

Response DefaultHttpResponse(decodeResult: success, version: HTTP/1.1)
HTTP/1.1 200 OK
Content-Length: 52
Content-Type: application/json; charset=utf-8
cache-control: no-cache

19:20:18.453 [AsyncHttpClient-1-2] DEBUG org.asynchttpclient.netty.channel.ChannelManager - Adding key: http://localhost:42367 for channel [id: 0xb595b2bf, L:/127.0.0.1:52882 - R:localhost/127.0.0.1:42367]
19:20:18.454 [Forwarding screenshot on session a51ffbfc86ec9c7ff623b6e09fb3b619 to remote] DEBUG org.asynchttpclient.netty.request.NettyRequestSender - Using pooled Channel '[id: 0xb595b2bf, L:/127.0.0.1:52882 - R:localhost/127.0.0.1:42367]' for 'GET' to 'http://localhost:42367/session/a51ffbfc86ec9c7ff623b6e09fb3b619/screenshot'
19:20:18.454 [Forwarding screenshot on session a51ffbfc86ec9c7ff623b6e09fb3b619 to remote] DEBUG org.asynchttpclient.netty.request.NettyRequestSender - Using open Channel [id: 0xb595b2bf, L:/127.0.0.1:52882 - R:localhost/127.0.0.1:42367] for GET '/session/a51ffbfc86ec9c7ff623b6e09fb3b619/screenshot'
19:20:18.531 [AsyncHttpClient-1-2] DEBUG org.asynchttpclient.netty.handler.HttpHandler - 

Request DefaultFullHttpRequest(decodeResult: success, version: HTTP/1.1, content: EmptyByteBufBE)
GET /session/a51ffbfc86ec9c7ff623b6e09fb3b619/screenshot HTTP/1.1
User-Agent: selenium/4.8.1 (java windows)
Cache-Control: no-cache
Content-Type: application/json; charset=utf-8
host: localhost:42367
accept: */*

Response DefaultHttpResponse(decodeResult: success, version: HTTP/1.1)
HTTP/1.1 200 OK
Content-Length: 32164
Content-Type: application/json; charset=utf-8
cache-control: no-cache

19:20:18.531 [AsyncHttpClient-1-2] DEBUG org.asynchttpclient.netty.channel.ChannelManager - Adding key: http://localhost:42367 for channel [id: 0xb595b2bf, L:/127.0.0.1:52882 - R:localhost/127.0.0.1:42367]
19:20:18.535 [main] DEBUG net.serenitybdd.core.photography.Darkroom - Send negative for processing for target\site\serenity\f4b49707fcc9272c4e90fdf349dfbad3221ac52097d160c26c1352cbec86c0f7.png
19:20:18.536 [Forwarding getPageSource on session a51ffbfc86ec9c7ff623b6e09fb3b619 to remote] DEBUG org.asynchttpclient.netty.request.NettyRequestSender - Using pooled Channel '[id: 0xb595b2bf, L:/127.0.0.1:52882 - R:localhost/127.0.0.1:42367]' for 'POST' to 'http://localhost:42367/session/a51ffbfc86ec9c7ff623b6e09fb3b619/execute/sync'
19:20:18.537 [Forwarding getPageSource on session a51ffbfc86ec9c7ff623b6e09fb3b619 to remote] DEBUG org.asynchttpclient.netty.request.NettyRequestSender - Using open Channel [id: 0xb595b2bf, L:/127.0.0.1:52882 - R:localhost/127.0.0.1:42367] for POST '/session/a51ffbfc86ec9c7ff623b6e09fb3b619/execute/sync'
19:20:18.546 [AsyncHttpClient-1-2] DEBUG org.asynchttpclient.netty.handler.HttpHandler - 

Request DefaultHttpRequest(decodeResult: success, version: HTTP/1.1)
POST /session/a51ffbfc86ec9c7ff623b6e09fb3b619/execute/sync HTTP/1.1
User-Agent: selenium/4.8.1 (java windows)
Content-Length: 176
Content-Type: application/json; charset=utf-8
host: localhost:42367
accept: */*

Response DefaultHttpResponse(decodeResult: success, version: HTTP/1.1)
HTTP/1.1 200 OK
Content-Length: 21659
Content-Type: application/json; charset=utf-8
cache-control: no-cache

19:20:18.547 [AsyncHttpClient-1-2] DEBUG org.asynchttpclient.netty.channel.ChannelManager - Adding key: http://localhost:42367 for channel [id: 0xb595b2bf, L:/127.0.0.1:52882 - R:localhost/127.0.0.1:42367]
19:20:18.555 [Forwarding getCurrentUrl on session a51ffbfc86ec9c7ff623b6e09fb3b619 to remote] DEBUG org.asynchttpclient.netty.request.NettyRequestSender - Using pooled Channel '[id: 0xb595b2bf, L:/127.0.0.1:52882 - R:localhost/127.0.0.1:42367]' for 'GET' to 'http://localhost:42367/session/a51ffbfc86ec9c7ff623b6e09fb3b619/url'
19:20:18.555 [Forwarding getCurrentUrl on session a51ffbfc86ec9c7ff623b6e09fb3b619 to remote] DEBUG org.asynchttpclient.netty.request.NettyRequestSender - Using open Channel [id: 0xb595b2bf, L:/127.0.0.1:52882 - R:localhost/127.0.0.1:42367] for GET '/session/a51ffbfc86ec9c7ff623b6e09fb3b619/url'
19:20:18.631 [AsyncHttpClient-1-2] DEBUG org.asynchttpclient.netty.handler.HttpHandler - 

Request DefaultFullHttpRequest(decodeResult: success, version: HTTP/1.1, content: EmptyByteBufBE)
GET /session/a51ffbfc86ec9c7ff623b6e09fb3b619/url HTTP/1.1
User-Agent: selenium/4.8.1 (java windows)
Cache-Control: no-cache
Content-Type: application/json; charset=utf-8
host: localhost:42367
accept: */*

Response DefaultHttpResponse(decodeResult: success, version: HTTP/1.1)
HTTP/1.1 200 OK
Content-Length: 52
Content-Type: application/json; charset=utf-8
cache-control: no-cache

19:20:18.632 [AsyncHttpClient-1-2] DEBUG org.asynchttpclient.netty.channel.ChannelManager - Adding key: http://localhost:42367 for channel [id: 0xb595b2bf, L:/127.0.0.1:52882 - R:localhost/127.0.0.1:42367]
19:20:18.637 [main] DEBUG net.thucydides.core.steps.StepInterceptor - STARTING STEP: RegisterSteps.clickLoginButton - clickRegisterLink
19:20:18.667 [Forwarding findElement on session a51ffbfc86ec9c7ff623b6e09fb3b619 to remote] DEBUG org.asynchttpclient.netty.request.NettyRequestSender - Using pooled Channel '[id: 0xb595b2bf, L:/127.0.0.1:52882 - R:localhost/127.0.0.1:42367]' for 'POST' to 'http://localhost:42367/session/a51ffbfc86ec9c7ff623b6e09fb3b619/element'
19:20:18.667 [Forwarding findElement on session a51ffbfc86ec9c7ff623b6e09fb3b619 to remote] DEBUG org.asynchttpclient.netty.request.NettyRequestSender - Using open Channel [id: 0xb595b2bf, L:/127.0.0.1:52882 - R:localhost/127.0.0.1:42367] for POST '/session/a51ffbfc86ec9c7ff623b6e09fb3b619/element'
19:20:18.700 [AsyncHttpClient-1-1] DEBUG org.asynchttpclient.netty.channel.DefaultChannelPool - Entry count for : http://localhost:52883 : 1
19:20:18.704 [AsyncHttpClient-1-2] DEBUG org.asynchttpclient.netty.handler.HttpHandler - 

Request DefaultHttpRequest(decodeResult: success, version: HTTP/1.1)
POST /session/a51ffbfc86ec9c7ff623b6e09fb3b619/element HTTP/1.1
User-Agent: selenium/4.8.1 (java windows)
Content-Length: 84
Content-Type: application/json; charset=utf-8
host: localhost:42367
accept: */*

Response DefaultHttpResponse(decodeResult: success, version: HTTP/1.1)
HTTP/1.1 200 OK
Content-Length: 94
Content-Type: application/json; charset=utf-8
cache-control: no-cache

19:20:18.704 [AsyncHttpClient-1-2] DEBUG org.asynchttpclient.netty.channel.ChannelManager - Adding key: http://localhost:42367 for channel [id: 0xb595b2bf, L:/127.0.0.1:52882 - R:localhost/127.0.0.1:42367]
19:20:18.711 [Forwarding getElementTagName on session a51ffbfc86ec9c7ff623b6e09fb3b619 to remote] DEBUG org.asynchttpclient.netty.request.NettyRequestSender - Using pooled Channel '[id: 0xb595b2bf, L:/127.0.0.1:52882 - R:localhost/127.0.0.1:42367]' for 'GET' to 'http://localhost:42367/session/a51ffbfc86ec9c7ff623b6e09fb3b619/element/98FB57135932EA7AE35D0B7EA1D50C91_element_5/name'
19:20:18.711 [Forwarding getElementTagName on session a51ffbfc86ec9c7ff623b6e09fb3b619 to remote] DEBUG org.asynchttpclient.netty.request.NettyRequestSender - Using open Channel [id: 0xb595b2bf, L:/127.0.0.1:52882 - R:localhost/127.0.0.1:42367] for GET '/session/a51ffbfc86ec9c7ff623b6e09fb3b619/element/98FB57135932EA7AE35D0B7EA1D50C91_element_5/name'
19:20:18.723 [AsyncHttpClient-1-2] DEBUG org.asynchttpclient.netty.handler.HttpHandler - 

Request DefaultFullHttpRequest(decodeResult: success, version: HTTP/1.1, content: EmptyByteBufBE)
GET /session/a51ffbfc86ec9c7ff623b6e09fb3b619/element/98FB57135932EA7AE35D0B7EA1D50C91_element_5/name HTTP/1.1
User-Agent: selenium/4.8.1 (java windows)
Cache-Control: no-cache
Content-Type: application/json; charset=utf-8
host: localhost:42367
accept: */*

Response DefaultHttpResponse(decodeResult: success, version: HTTP/1.1)
HTTP/1.1 200 OK
Content-Length: 13
Content-Type: application/json; charset=utf-8
cache-control: no-cache

19:20:18.723 [AsyncHttpClient-1-2] DEBUG org.asynchttpclient.netty.channel.ChannelManager - Adding key: http://localhost:42367 for channel [id: 0xb595b2bf, L:/127.0.0.1:52882 - R:localhost/127.0.0.1:42367]
19:20:18.726 [Forwarding getElementTagName on session a51ffbfc86ec9c7ff623b6e09fb3b619 to remote] DEBUG org.asynchttpclient.netty.request.NettyRequestSender - Using pooled Channel '[id: 0xb595b2bf, L:/127.0.0.1:52882 - R:localhost/127.0.0.1:42367]' for 'GET' to 'http://localhost:42367/session/a51ffbfc86ec9c7ff623b6e09fb3b619/element/98FB57135932EA7AE35D0B7EA1D50C91_element_5/name'
19:20:18.726 [Forwarding getElementTagName on session a51ffbfc86ec9c7ff623b6e09fb3b619 to remote] DEBUG org.asynchttpclient.netty.request.NettyRequestSender - Using open Channel [id: 0xb595b2bf, L:/127.0.0.1:52882 - R:localhost/127.0.0.1:42367] for GET '/session/a51ffbfc86ec9c7ff623b6e09fb3b619/element/98FB57135932EA7AE35D0B7EA1D50C91_element_5/name'
19:20:18.732 [AsyncHttpClient-1-2] DEBUG org.asynchttpclient.netty.handler.HttpHandler - 

Request DefaultFullHttpRequest(decodeResult: success, version: HTTP/1.1, content: EmptyByteBufBE)
GET /session/a51ffbfc86ec9c7ff623b6e09fb3b619/element/98FB57135932EA7AE35D0B7EA1D50C91_element_5/name HTTP/1.1
User-Agent: selenium/4.8.1 (java windows)
Cache-Control: no-cache
Content-Type: application/json; charset=utf-8
host: localhost:42367
accept: */*

Response DefaultHttpResponse(decodeResult: success, version: HTTP/1.1)
HTTP/1.1 200 OK
Content-Length: 13
Content-Type: application/json; charset=utf-8
cache-control: no-cache

19:20:18.732 [AsyncHttpClient-1-2] DEBUG org.asynchttpclient.netty.channel.ChannelManager - Adding key: http://localhost:42367 for channel [id: 0xb595b2bf, L:/127.0.0.1:52882 - R:localhost/127.0.0.1:42367]
19:20:18.738 [Forwarding findElement on session a51ffbfc86ec9c7ff623b6e09fb3b619 to remote] DEBUG org.asynchttpclient.netty.request.NettyRequestSender - Using pooled Channel '[id: 0xb595b2bf, L:/127.0.0.1:52882 - R:localhost/127.0.0.1:42367]' for 'POST' to 'http://localhost:42367/session/a51ffbfc86ec9c7ff623b6e09fb3b619/element'
19:20:18.738 [Forwarding findElement on session a51ffbfc86ec9c7ff623b6e09fb3b619 to remote] DEBUG org.asynchttpclient.netty.request.NettyRequestSender - Using open Channel [id: 0xb595b2bf, L:/127.0.0.1:52882 - R:localhost/127.0.0.1:42367] for POST '/session/a51ffbfc86ec9c7ff623b6e09fb3b619/element'
19:20:18.751 [AsyncHttpClient-1-2] DEBUG org.asynchttpclient.netty.handler.HttpHandler - 

Request DefaultHttpRequest(decodeResult: success, version: HTTP/1.1)
POST /session/a51ffbfc86ec9c7ff623b6e09fb3b619/element HTTP/1.1
User-Agent: selenium/4.8.1 (java windows)
Content-Length: 84
Content-Type: application/json; charset=utf-8
host: localhost:42367
accept: */*

Response DefaultHttpResponse(decodeResult: success, version: HTTP/1.1)
HTTP/1.1 200 OK
Content-Length: 94
Content-Type: application/json; charset=utf-8
cache-control: no-cache

19:20:18.751 [AsyncHttpClient-1-2] DEBUG org.asynchttpclient.netty.channel.ChannelManager - Adding key: http://localhost:42367 for channel [id: 0xb595b2bf, L:/127.0.0.1:52882 - R:localhost/127.0.0.1:42367]
19:20:18.753 [Forwarding clickElement on session a51ffbfc86ec9c7ff623b6e09fb3b619 to remote] DEBUG org.asynchttpclient.netty.request.NettyRequestSender - Using pooled Channel '[id: 0xb595b2bf, L:/127.0.0.1:52882 - R:localhost/127.0.0.1:42367]' for 'POST' to 'http://localhost:42367/session/a51ffbfc86ec9c7ff623b6e09fb3b619/element/98FB57135932EA7AE35D0B7EA1D50C91_element_5/click'
19:20:18.754 [Forwarding clickElement on session a51ffbfc86ec9c7ff623b6e09fb3b619 to remote] DEBUG org.asynchttpclient.netty.request.NettyRequestSender - Using open Channel [id: 0xb595b2bf, L:/127.0.0.1:52882 - R:localhost/127.0.0.1:42367] for POST '/session/a51ffbfc86ec9c7ff623b6e09fb3b619/element/98FB57135932EA7AE35D0B7EA1D50C91_element_5/click'
19:20:18.886 [AsyncHttpClient-1-2] DEBUG org.asynchttpclient.netty.handler.HttpHandler - 

Request DefaultHttpRequest(decodeResult: success, version: HTTP/1.1)
POST /session/a51ffbfc86ec9c7ff623b6e09fb3b619/element/98FB57135932EA7AE35D0B7EA1D50C91_element_5/click HTTP/1.1
User-Agent: selenium/4.8.1 (java windows)
Content-Length: 56
Content-Type: application/json; charset=utf-8
host: localhost:42367
accept: */*

Response DefaultHttpResponse(decodeResult: success, version: HTTP/1.1)
HTTP/1.1 200 OK
Content-Length: 14
Content-Type: application/json; charset=utf-8
cache-control: no-cache

19:20:18.886 [AsyncHttpClient-1-2] DEBUG org.asynchttpclient.netty.channel.ChannelManager - Adding key: http://localhost:42367 for channel [id: 0xb595b2bf, L:/127.0.0.1:52882 - R:localhost/127.0.0.1:42367]
19:20:18.898 [Forwarding getAlertText on session a51ffbfc86ec9c7ff623b6e09fb3b619 to remote] DEBUG org.asynchttpclient.netty.request.NettyRequestSender - Using pooled Channel '[id: 0xb595b2bf, L:/127.0.0.1:52882 - R:localhost/127.0.0.1:42367]' for 'GET' to 'http://localhost:42367/session/a51ffbfc86ec9c7ff623b6e09fb3b619/alert/text'
19:20:18.898 [Forwarding getAlertText on session a51ffbfc86ec9c7ff623b6e09fb3b619 to remote] DEBUG org.asynchttpclient.netty.request.NettyRequestSender - Using open Channel [id: 0xb595b2bf, L:/127.0.0.1:52882 - R:localhost/127.0.0.1:42367] for GET '/session/a51ffbfc86ec9c7ff623b6e09fb3b619/alert/text'
19:20:18.900 [AsyncHttpClient-1-2] DEBUG org.asynchttpclient.netty.handler.HttpHandler - 

Request DefaultFullHttpRequest(decodeResult: success, version: HTTP/1.1, content: EmptyByteBufBE)
GET /session/a51ffbfc86ec9c7ff623b6e09fb3b619/alert/text HTTP/1.1
User-Agent: selenium/4.8.1 (java windows)
Cache-Control: no-cache
Content-Type: application/json; charset=utf-8
host: localhost:42367
accept: */*

Response DefaultHttpResponse(decodeResult: success, version: HTTP/1.1)
HTTP/1.1 404 Not Found
Content-Length: 847
Content-Type: application/json; charset=utf-8
cache-control: no-cache

19:20:18.901 [AsyncHttpClient-1-2] DEBUG org.asynchttpclient.netty.channel.ChannelManager - Adding key: http://localhost:42367 for channel [id: 0xb595b2bf, L:/127.0.0.1:52882 - R:localhost/127.0.0.1:42367]
19:20:18.903 [Forwarding getCurrentUrl on session a51ffbfc86ec9c7ff623b6e09fb3b619 to remote] DEBUG org.asynchttpclient.netty.request.NettyRequestSender - Using pooled Channel '[id: 0xb595b2bf, L:/127.0.0.1:52882 - R:localhost/127.0.0.1:42367]' for 'GET' to 'http://localhost:42367/session/a51ffbfc86ec9c7ff623b6e09fb3b619/url'
19:20:18.903 [Forwarding getCurrentUrl on session a51ffbfc86ec9c7ff623b6e09fb3b619 to remote] DEBUG org.asynchttpclient.netty.request.NettyRequestSender - Using open Channel [id: 0xb595b2bf, L:/127.0.0.1:52882 - R:localhost/127.0.0.1:42367] for GET '/session/a51ffbfc86ec9c7ff623b6e09fb3b619/url'
19:20:18.907 [AsyncHttpClient-1-2] DEBUG org.asynchttpclient.netty.handler.HttpHandler - 

Request DefaultFullHttpRequest(decodeResult: success, version: HTTP/1.1, content: EmptyByteBufBE)
GET /session/a51ffbfc86ec9c7ff623b6e09fb3b619/url HTTP/1.1
User-Agent: selenium/4.8.1 (java windows)
Cache-Control: no-cache
Content-Type: application/json; charset=utf-8
host: localhost:42367
accept: */*

Response DefaultHttpResponse(decodeResult: success, version: HTTP/1.1)
HTTP/1.1 200 OK
Content-Length: 54
Content-Type: application/json; charset=utf-8
cache-control: no-cache

19:20:18.907 [AsyncHttpClient-1-2] DEBUG org.asynchttpclient.netty.channel.ChannelManager - Adding key: http://localhost:42367 for channel [id: 0xb595b2bf, L:/127.0.0.1:52882 - R:localhost/127.0.0.1:42367]
19:20:18.908 [Forwarding screenshot on session a51ffbfc86ec9c7ff623b6e09fb3b619 to remote] DEBUG org.asynchttpclient.netty.request.NettyRequestSender - Using pooled Channel '[id: 0xb595b2bf, L:/127.0.0.1:52882 - R:localhost/127.0.0.1:42367]' for 'GET' to 'http://localhost:42367/session/a51ffbfc86ec9c7ff623b6e09fb3b619/screenshot'
19:20:18.908 [Forwarding screenshot on session a51ffbfc86ec9c7ff623b6e09fb3b619 to remote] DEBUG org.asynchttpclient.netty.request.NettyRequestSender - Using open Channel [id: 0xb595b2bf, L:/127.0.0.1:52882 - R:localhost/127.0.0.1:42367] for GET '/session/a51ffbfc86ec9c7ff623b6e09fb3b619/screenshot'
19:20:19.021 [AsyncHttpClient-1-2] DEBUG org.asynchttpclient.netty.handler.HttpHandler - 

Request DefaultFullHttpRequest(decodeResult: success, version: HTTP/1.1, content: EmptyByteBufBE)
GET /session/a51ffbfc86ec9c7ff623b6e09fb3b619/screenshot HTTP/1.1
User-Agent: selenium/4.8.1 (java windows)
Cache-Control: no-cache
Content-Type: application/json; charset=utf-8
host: localhost:42367
accept: */*

Response DefaultHttpResponse(decodeResult: success, version: HTTP/1.1)
HTTP/1.1 200 OK
Content-Length: 37536
Content-Type: application/json; charset=utf-8
cache-control: no-cache

19:20:19.022 [AsyncHttpClient-1-2] DEBUG org.asynchttpclient.netty.channel.ChannelManager - Adding key: http://localhost:42367 for channel [id: 0xb595b2bf, L:/127.0.0.1:52882 - R:localhost/127.0.0.1:42367]
19:20:19.026 [main] DEBUG net.serenitybdd.core.photography.Darkroom - Send negative for processing for target\site\serenity\d856852381f6a0cf6c7337f6eab3668d41c13333266411246934cde843428b7e.png
19:20:19.027 [Darkroom Processing Line] DEBUG net.serenitybdd.core.photography.DarkroomProcessingLine - Processing screenshot image in /var/screenshots/screenshot-17487065814747220782
19:20:19.027 [Darkroom Processing Line] DEBUG net.serenitybdd.core.photography.DarkroomProcessingLine - Saving screenshot to target\site\serenity\d856852381f6a0cf6c7337f6eab3668d41c13333266411246934cde843428b7e.png
19:20:19.027 [main] DEBUG net.thucydides.core.steps.StepInterceptor - STEP DONE: clickRegisterLink
  &amp#27;[32mWhen &amp#27;[0m&amp#27;[32mI go to the alta-shop register page&amp#27;[0m  &amp#27;[90m# starter.stepdefinitions.RegisterSteps.clickLoginButton()&amp#27;[0m
19:20:19.042 [Forwarding getPageSource on session a51ffbfc86ec9c7ff623b6e09fb3b619 to remote] DEBUG org.asynchttpclient.netty.request.NettyRequestSender - Using pooled Channel '[id: 0xb595b2bf, L:/127.0.0.1:52882 - R:localhost/127.0.0.1:42367]' for 'POST' to 'http://localhost:42367/session/a51ffbfc86ec9c7ff623b6e09fb3b619/execute/sync'
19:20:19.043 [Forwarding getPageSource on session a51ffbfc86ec9c7ff623b6e09fb3b619 to remote] DEBUG org.asynchttpclient.netty.request.NettyRequestSender - Using open Channel [id: 0xb595b2bf, L:/127.0.0.1:52882 - R:localhost/127.0.0.1:42367] for POST '/session/a51ffbfc86ec9c7ff623b6e09fb3b619/execute/sync'
19:20:19.050 [AsyncHttpClient-1-2] DEBUG org.asynchttpclient.netty.handler.HttpHandler - 

Request DefaultHttpRequest(decodeResult: success, version: HTTP/1.1)
POST /session/a51ffbfc86ec9c7ff623b6e09fb3b619/execute/sync HTTP/1.1
User-Agent: selenium/4.8.1 (java windows)
Content-Length: 176
Content-Type: application/json; charset=utf-8
host: localhost:42367
accept: */*

Response DefaultHttpResponse(decodeResult: success, version: HTTP/1.1)
HTTP/1.1 200 OK
Content-Length: 22314
Content-Type: application/json; charset=utf-8
cache-control: no-cache

19:20:19.051 [AsyncHttpClient-1-2] DEBUG org.asynchttpclient.netty.channel.ChannelManager - Adding key: http://localhost:42367 for channel [id: 0xb595b2bf, L:/127.0.0.1:52882 - R:localhost/127.0.0.1:42367]
19:20:19.058 [Forwarding getCurrentUrl on session a51ffbfc86ec9c7ff623b6e09fb3b619 to remote] DEBUG org.asynchttpclient.netty.request.NettyRequestSender - Using pooled Channel '[id: 0xb595b2bf, L:/127.0.0.1:52882 - R:localhost/127.0.0.1:42367]' for 'GET' to 'http://localhost:42367/session/a51ffbfc86ec9c7ff623b6e09fb3b619/url'
19:20:19.058 [Forwarding getCurrentUrl on session a51ffbfc86ec9c7ff623b6e09fb3b619 to remote] DEBUG org.asynchttpclient.netty.request.NettyRequestSender - Using open Channel [id: 0xb595b2bf, L:/127.0.0.1:52882 - R:localhost/127.0.0.1:42367] for GET '/session/a51ffbfc86ec9c7ff623b6e09fb3b619/url'
19:20:19.063 [AsyncHttpClient-1-2] DEBUG org.asynchttpclient.netty.handler.HttpHandler - 

Request DefaultFullHttpRequest(decodeResult: success, version: HTTP/1.1, content: EmptyByteBufBE)
GET /session/a51ffbfc86ec9c7ff623b6e09fb3b619/url HTTP/1.1
User-Agent: selenium/4.8.1 (java windows)
Cache-Control: no-cache
Content-Type: application/json; charset=utf-8
host: localhost:42367
accept: */*

Response DefaultHttpResponse(decodeResult: success, version: HTTP/1.1)
HTTP/1.1 200 OK
Content-Length: 54
Content-Type: application/json; charset=utf-8
cache-control: no-cache

19:20:19.063 [AsyncHttpClient-1-2] DEBUG org.asynchttpclient.netty.channel.ChannelManager - Adding key: http://localhost:42367 for channel [id: 0xb595b2bf, L:/127.0.0.1:52882 - R:localhost/127.0.0.1:42367]
19:20:19.084 [Forwarding getAlertText on session a51ffbfc86ec9c7ff623b6e09fb3b619 to remote] DEBUG org.asynchttpclient.netty.request.NettyRequestSender - Using pooled Channel '[id: 0xb595b2bf, L:/127.0.0.1:52882 - R:localhost/127.0.0.1:42367]' for 'GET' to 'http://localhost:42367/session/a51ffbfc86ec9c7ff623b6e09fb3b619/alert/text'
19:20:19.085 [Forwarding getAlertText on session a51ffbfc86ec9c7ff623b6e09fb3b619 to remote] DEBUG org.asynchttpclient.netty.request.NettyRequestSender - Using open Channel [id: 0xb595b2bf, L:/127.0.0.1:52882 - R:localhost/127.0.0.1:42367] for GET '/session/a51ffbfc86ec9c7ff623b6e09fb3b619/alert/text'
19:20:19.088 [AsyncHttpClient-1-2] DEBUG org.asynchttpclient.netty.handler.HttpHandler - 

Request DefaultFullHttpRequest(decodeResult: success, version: HTTP/1.1, content: EmptyByteBufBE)
GET /session/a51ffbfc86ec9c7ff623b6e09fb3b619/alert/text HTTP/1.1
User-Agent: selenium/4.8.1 (java windows)
Cache-Control: no-cache
Content-Type: application/json; charset=utf-8
host: localhost:42367
accept: */*

Response DefaultHttpResponse(decodeResult: success, version: HTTP/1.1)
HTTP/1.1 404 Not Found
Content-Length: 847
Content-Type: application/json; charset=utf-8
cache-control: no-cache

19:20:19.089 [AsyncHttpClient-1-2] DEBUG org.asynchttpclient.netty.channel.ChannelManager - Adding key: http://localhost:42367 for channel [id: 0xb595b2bf, L:/127.0.0.1:52882 - R:localhost/127.0.0.1:42367]
19:20:19.091 [Forwarding getCurrentUrl on session a51ffbfc86ec9c7ff623b6e09fb3b619 to remote] DEBUG org.asynchttpclient.netty.request.NettyRequestSender - Using pooled Channel '[id: 0xb595b2bf, L:/127.0.0.1:52882 - R:localhost/127.0.0.1:42367]' for 'GET' to 'http://localhost:42367/session/a51ffbfc86ec9c7ff623b6e09fb3b619/url'
19:20:19.091 [Forwarding getCurrentUrl on session a51ffbfc86ec9c7ff623b6e09fb3b619 to remote] DEBUG org.asynchttpclient.netty.request.NettyRequestSender - Using open Channel [id: 0xb595b2bf, L:/127.0.0.1:52882 - R:localhost/127.0.0.1:42367] for GET '/session/a51ffbfc86ec9c7ff623b6e09fb3b619/url'
19:20:19.098 [AsyncHttpClient-1-2] DEBUG org.asynchttpclient.netty.handler.HttpHandler - 

Request DefaultFullHttpRequest(decodeResult: success, version: HTTP/1.1, content: EmptyByteBufBE)
GET /session/a51ffbfc86ec9c7ff623b6e09fb3b619/url HTTP/1.1
User-Agent: selenium/4.8.1 (java windows)
Cache-Control: no-cache
Content-Type: application/json; charset=utf-8
host: localhost:42367
accept: */*

Response DefaultHttpResponse(decodeResult: success, version: HTTP/1.1)
HTTP/1.1 200 OK
Content-Length: 54
Content-Type: application/json; charset=utf-8
cache-control: no-cache

19:20:19.098 [AsyncHttpClient-1-2] DEBUG org.asynchttpclient.netty.channel.ChannelManager - Adding key: http://localhost:42367 for channel [id: 0xb595b2bf, L:/127.0.0.1:52882 - R:localhost/127.0.0.1:42367]
19:20:19.101 [Forwarding screenshot on session a51ffbfc86ec9c7ff623b6e09fb3b619 to remote] DEBUG org.asynchttpclient.netty.request.NettyRequestSender - Using pooled Channel '[id: 0xb595b2bf, L:/127.0.0.1:52882 - R:localhost/127.0.0.1:42367]' for 'GET' to 'http://localhost:42367/session/a51ffbfc86ec9c7ff623b6e09fb3b619/screenshot'
19:20:19.101 [Forwarding screenshot on session a51ffbfc86ec9c7ff623b6e09fb3b619 to remote] DEBUG org.asynchttpclient.netty.request.NettyRequestSender - Using open Channel [id: 0xb595b2bf, L:/127.0.0.1:52882 - R:localhost/127.0.0.1:42367] for GET '/session/a51ffbfc86ec9c7ff623b6e09fb3b619/screenshot'
19:20:19.196 [AsyncHttpClient-1-2] DEBUG org.asynchttpclient.netty.handler.HttpHandler - 

Request DefaultFullHttpRequest(decodeResult: success, version: HTTP/1.1, content: EmptyByteBufBE)
GET /session/a51ffbfc86ec9c7ff623b6e09fb3b619/screenshot HTTP/1.1
User-Agent: selenium/4.8.1 (java windows)
Cache-Control: no-cache
Content-Type: application/json; charset=utf-8
host: localhost:42367
accept: */*

Response DefaultHttpResponse(decodeResult: success, version: HTTP/1.1)
HTTP/1.1 200 OK
Content-Length: 37532
Content-Type: application/json; charset=utf-8
cache-control: no-cache

19:20:19.197 [AsyncHttpClient-1-2] DEBUG org.asynchttpclient.netty.channel.ChannelManager - Adding key: http://localhost:42367 for channel [id: 0xb595b2bf, L:/127.0.0.1:52882 - R:localhost/127.0.0.1:42367]
19:20:19.199 [main] DEBUG net.serenitybdd.core.photography.Darkroom - Send negative for processing for target\site\serenity\ecc6ab840bda103f95e4734b07ad45198a4ee20fb87be22f021a10030494e1ba.png
19:20:19.200 [Darkroom Processing Line] DEBUG net.serenitybdd.core.photography.DarkroomProcessingLine - Processing screenshot image in /var/screenshots/screenshot-9049858803840767621
19:20:19.200 [Darkroom Processing Line] DEBUG net.serenitybdd.core.photography.DarkroomProcessingLine - Saving screenshot to target\site\serenity\ecc6ab840bda103f95e4734b07ad45198a4ee20fb87be22f021a10030494e1ba.png
19:20:19.201 [Forwarding getPageSource on session a51ffbfc86ec9c7ff623b6e09fb3b619 to remote] DEBUG org.asynchttpclient.netty.request.NettyRequestSender - Using pooled Channel '[id: 0xb595b2bf, L:/127.0.0.1:52882 - R:localhost/127.0.0.1:42367]' for 'POST' to 'http://localhost:42367/session/a51ffbfc86ec9c7ff623b6e09fb3b619/execute/sync'
19:20:19.201 [Forwarding getPageSource on session a51ffbfc86ec9c7ff623b6e09fb3b619 to remote] DEBUG org.asynchttpclient.netty.request.NettyRequestSender - Using open Channel [id: 0xb595b2bf, L:/127.0.0.1:52882 - R:localhost/127.0.0.1:42367] for POST '/session/a51ffbfc86ec9c7ff623b6e09fb3b619/execute/sync'
19:20:19.206 [AsyncHttpClient-1-2] DEBUG org.asynchttpclient.netty.handler.HttpHandler - 

Request DefaultHttpRequest(decodeResult: success, version: HTTP/1.1)
POST /session/a51ffbfc86ec9c7ff623b6e09fb3b619/execute/sync HTTP/1.1
User-Agent: selenium/4.8.1 (java windows)
Content-Length: 176
Content-Type: application/json; charset=utf-8
host: localhost:42367
accept: */*

Response DefaultHttpResponse(decodeResult: success, version: HTTP/1.1)
HTTP/1.1 200 OK
Content-Length: 22314
Content-Type: application/json; charset=utf-8
cache-control: no-cache

19:20:19.207 [AsyncHttpClient-1-2] DEBUG org.asynchttpclient.netty.channel.ChannelManager - Adding key: http://localhost:42367 for channel [id: 0xb595b2bf, L:/127.0.0.1:52882 - R:localhost/127.0.0.1:42367]
19:20:19.213 [Forwarding getCurrentUrl on session a51ffbfc86ec9c7ff623b6e09fb3b619 to remote] DEBUG org.asynchttpclient.netty.request.NettyRequestSender - Using pooled Channel '[id: 0xb595b2bf, L:/127.0.0.1:52882 - R:localhost/127.0.0.1:42367]' for 'GET' to 'http://localhost:42367/session/a51ffbfc86ec9c7ff623b6e09fb3b619/url'
19:20:19.213 [Forwarding getCurrentUrl on session a51ffbfc86ec9c7ff623b6e09fb3b619 to remote] DEBUG org.asynchttpclient.netty.request.NettyRequestSender - Using open Channel [id: 0xb595b2bf, L:/127.0.0.1:52882 - R:localhost/127.0.0.1:42367] for GET '/session/a51ffbfc86ec9c7ff623b6e09fb3b619/url'
19:20:19.218 [AsyncHttpClient-1-2] DEBUG org.asynchttpclient.netty.handler.HttpHandler - 

Request DefaultFullHttpRequest(decodeResult: success, version: HTTP/1.1, content: EmptyByteBufBE)
GET /session/a51ffbfc86ec9c7ff623b6e09fb3b619/url HTTP/1.1
User-Agent: selenium/4.8.1 (java windows)
Cache-Control: no-cache
Content-Type: application/json; charset=utf-8
host: localhost:42367
accept: */*

Response DefaultHttpResponse(decodeResult: success, version: HTTP/1.1)
HTTP/1.1 200 OK
Content-Length: 54
Content-Type: application/json; charset=utf-8
cache-control: no-cache

19:20:19.218 [AsyncHttpClient-1-2] DEBUG org.asynchttpclient.netty.channel.ChannelManager - Adding key: http://localhost:42367 for channel [id: 0xb595b2bf, L:/127.0.0.1:52882 - R:localhost/127.0.0.1:42367]
19:20:19.220 [main] DEBUG net.thucydides.core.steps.StepInterceptor - STARTING STEP: RegisterSteps.inputFullnameReg - inputFullnameReg
19:20:19.224 [Forwarding findElement on session a51ffbfc86ec9c7ff623b6e09fb3b619 to remote] DEBUG org.asynchttpclient.netty.request.NettyRequestSender - Using pooled Channel '[id: 0xb595b2bf, L:/127.0.0.1:52882 - R:localhost/127.0.0.1:42367]' for 'POST' to 'http://localhost:42367/session/a51ffbfc86ec9c7ff623b6e09fb3b619/element'
19:20:19.224 [Forwarding findElement on session a51ffbfc86ec9c7ff623b6e09fb3b619 to remote] DEBUG org.asynchttpclient.netty.request.NettyRequestSender - Using open Channel [id: 0xb595b2bf, L:/127.0.0.1:52882 - R:localhost/127.0.0.1:42367] for POST '/session/a51ffbfc86ec9c7ff623b6e09fb3b619/element'
19:20:19.235 [AsyncHttpClient-1-2] DEBUG org.asynchttpclient.netty.handler.HttpHandler - 

Request DefaultHttpRequest(decodeResult: success, version: HTTP/1.1)
POST /session/a51ffbfc86ec9c7ff623b6e09fb3b619/element HTTP/1.1
User-Agent: selenium/4.8.1 (java windows)
Content-Length: 55
Content-Type: application/json; charset=utf-8
host: localhost:42367
accept: */*

Response DefaultHttpResponse(decodeResult: success, version: HTTP/1.1)
HTTP/1.1 200 OK
Content-Length: 94
Content-Type: application/json; charset=utf-8
cache-control: no-cache

19:20:19.235 [AsyncHttpClient-1-2] DEBUG org.asynchttpclient.netty.channel.ChannelManager - Adding key: http://localhost:42367 for channel [id: 0xb595b2bf, L:/127.0.0.1:52882 - R:localhost/127.0.0.1:42367]
19:20:19.237 [Forwarding clearElement on session a51ffbfc86ec9c7ff623b6e09fb3b619 to remote] DEBUG org.asynchttpclient.netty.request.NettyRequestSender - Using pooled Channel '[id: 0xb595b2bf, L:/127.0.0.1:52882 - R:localhost/127.0.0.1:42367]' for 'POST' to 'http://localhost:42367/session/a51ffbfc86ec9c7ff623b6e09fb3b619/element/98FB57135932EA7AE35D0B7EA1D50C91_element_7/clear'
19:20:19.237 [Forwarding clearElement on session a51ffbfc86ec9c7ff623b6e09fb3b619 to remote] DEBUG org.asynchttpclient.netty.request.NettyRequestSender - Using open Channel [id: 0xb595b2bf, L:/127.0.0.1:52882 - R:localhost/127.0.0.1:42367] for POST '/session/a51ffbfc86ec9c7ff623b6e09fb3b619/element/98FB57135932EA7AE35D0B7EA1D50C91_element_7/clear'
19:20:19.275 [AsyncHttpClient-1-2] DEBUG org.asynchttpclient.netty.handler.HttpHandler - 

Request DefaultHttpRequest(decodeResult: success, version: HTTP/1.1)
POST /session/a51ffbfc86ec9c7ff623b6e09fb3b619/element/98FB57135932EA7AE35D0B7EA1D50C91_element_7/clear HTTP/1.1
User-Agent: selenium/4.8.1 (java windows)
Content-Length: 56
Content-Type: application/json; charset=utf-8
host: localhost:42367
accept: */*

Response DefaultHttpResponse(decodeResult: success, version: HTTP/1.1)
HTTP/1.1 200 OK
Content-Length: 14
Content-Type: application/json; charset=utf-8
cache-control: no-cache

19:20:19.275 [AsyncHttpClient-1-2] DEBUG org.asynchttpclient.netty.channel.ChannelManager - Adding key: http://localhost:42367 for channel [id: 0xb595b2bf, L:/127.0.0.1:52882 - R:localhost/127.0.0.1:42367]
19:20:19.279 [Forwarding sendKeysToElement on session a51ffbfc86ec9c7ff623b6e09fb3b619 to remote] DEBUG org.asynchttpclient.netty.request.NettyRequestSender - Using pooled Channel '[id: 0xb595b2bf, L:/127.0.0.1:52882 - R:localhost/127.0.0.1:42367]' for 'POST' to 'http://localhost:42367/session/a51ffbfc86ec9c7ff623b6e09fb3b619/element/98FB57135932EA7AE35D0B7EA1D50C91_element_7/value'
19:20:19.279 [Forwarding sendKeysToElement on session a51ffbfc86ec9c7ff623b6e09fb3b619 to remote] DEBUG org.asynchttpclient.netty.request.NettyRequestSender - Using open Channel [id: 0xb595b2bf, L:/127.0.0.1:52882 - R:localhost/127.0.0.1:42367] for POST '/session/a51ffbfc86ec9c7ff623b6e09fb3b619/element/98FB57135932EA7AE35D0B7EA1D50C91_element_7/value'
19:20:19.370 [AsyncHttpClient-1-2] DEBUG org.asynchttpclient.netty.handler.HttpHandler - 

Request DefaultHttpRequest(decodeResult: success, version: HTTP/1.1)
POST /session/a51ffbfc86ec9c7ff623b6e09fb3b619/element/98FB57135932EA7AE35D0B7EA1D50C91_element_7/value HTTP/1.1
User-Agent: selenium/4.8.1 (java windows)
Content-Length: 227
Content-Type: application/json; charset=utf-8
host: localhost:42367
accept: */*

Response DefaultHttpResponse(decodeResult: success, version: HTTP/1.1)
HTTP/1.1 200 OK
Content-Length: 14
Content-Type: application/json; charset=utf-8
cache-control: no-cache

19:20:19.370 [AsyncHttpClient-1-2] DEBUG org.asynchttpclient.netty.channel.ChannelManager - Adding key: http://localhost:42367 for channel [id: 0xb595b2bf, L:/127.0.0.1:52882 - R:localhost/127.0.0.1:42367]
19:20:19.383 [Forwarding getAlertText on session a51ffbfc86ec9c7ff623b6e09fb3b619 to remote] DEBUG org.asynchttpclient.netty.request.NettyRequestSender - Using pooled Channel '[id: 0xb595b2bf, L:/127.0.0.1:52882 - R:localhost/127.0.0.1:42367]' for 'GET' to 'http://localhost:42367/session/a51ffbfc86ec9c7ff623b6e09fb3b619/alert/text'
19:20:19.383 [Forwarding getAlertText on session a51ffbfc86ec9c7ff623b6e09fb3b619 to remote] DEBUG org.asynchttpclient.netty.request.NettyRequestSender - Using open Channel [id: 0xb595b2bf, L:/127.0.0.1:52882 - R:localhost/127.0.0.1:42367] for GET '/session/a51ffbfc86ec9c7ff623b6e09fb3b619/alert/text'
19:20:19.387 [AsyncHttpClient-1-2] DEBUG org.asynchttpclient.netty.handler.HttpHandler - 

Request DefaultFullHttpRequest(decodeResult: success, version: HTTP/1.1, content: EmptyByteBufBE)
GET /session/a51ffbfc86ec9c7ff623b6e09fb3b619/alert/text HTTP/1.1
User-Agent: selenium/4.8.1 (java windows)
Cache-Control: no-cache
Content-Type: application/json; charset=utf-8
host: localhost:42367
accept: */*

Response DefaultHttpResponse(decodeResult: success, version: HTTP/1.1)
HTTP/1.1 404 Not Found
Content-Length: 847
Content-Type: application/json; charset=utf-8
cache-control: no-cache

19:20:19.387 [AsyncHttpClient-1-2] DEBUG org.asynchttpclient.netty.channel.ChannelManager - Adding key: http://localhost:42367 for channel [id: 0xb595b2bf, L:/127.0.0.1:52882 - R:localhost/127.0.0.1:42367]
19:20:19.389 [Forwarding getCurrentUrl on session a51ffbfc86ec9c7ff623b6e09fb3b619 to remote] DEBUG org.asynchttpclient.netty.request.NettyRequestSender - Using pooled Channel '[id: 0xb595b2bf, L:/127.0.0.1:52882 - R:localhost/127.0.0.1:42367]' for 'GET' to 'http://localhost:42367/session/a51ffbfc86ec9c7ff623b6e09fb3b619/url'
19:20:19.389 [Forwarding getCurrentUrl on session a51ffbfc86ec9c7ff623b6e09fb3b619 to remote] DEBUG org.asynchttpclient.netty.request.NettyRequestSender - Using open Channel [id: 0xb595b2bf, L:/127.0.0.1:52882 - R:localhost/127.0.0.1:42367] for GET '/session/a51ffbfc86ec9c7ff623b6e09fb3b619/url'
19:20:19.395 [AsyncHttpClient-1-2] DEBUG org.asynchttpclient.netty.handler.HttpHandler - 

Request DefaultFullHttpRequest(decodeResult: success, version: HTTP/1.1, content: EmptyByteBufBE)
GET /session/a51ffbfc86ec9c7ff623b6e09fb3b619/url HTTP/1.1
User-Agent: selenium/4.8.1 (java windows)
Cache-Control: no-cache
Content-Type: application/json; charset=utf-8
host: localhost:42367
accept: */*

Response DefaultHttpResponse(decodeResult: success, version: HTTP/1.1)
HTTP/1.1 200 OK
Content-Length: 54
Content-Type: application/json; charset=utf-8
cache-control: no-cache

19:20:19.395 [AsyncHttpClient-1-2] DEBUG org.asynchttpclient.netty.channel.ChannelManager - Adding key: http://localhost:42367 for channel [id: 0xb595b2bf, L:/127.0.0.1:52882 - R:localhost/127.0.0.1:42367]
19:20:19.397 [Forwarding screenshot on session a51ffbfc86ec9c7ff623b6e09fb3b619 to remote] DEBUG org.asynchttpclient.netty.request.NettyRequestSender - Using pooled Channel '[id: 0xb595b2bf, L:/127.0.0.1:52882 - R:localhost/127.0.0.1:42367]' for 'GET' to 'http://localhost:42367/session/a51ffbfc86ec9c7ff623b6e09fb3b619/screenshot'
19:20:19.397 [Forwarding screenshot on session a51ffbfc86ec9c7ff623b6e09fb3b619 to remote] DEBUG org.asynchttpclient.netty.request.NettyRequestSender - Using open Channel [id: 0xb595b2bf, L:/127.0.0.1:52882 - R:localhost/127.0.0.1:42367] for GET '/session/a51ffbfc86ec9c7ff623b6e09fb3b619/screenshot'
19:20:19.529 [AsyncHttpClient-1-2] DEBUG org.asynchttpclient.netty.handler.HttpHandler - 

Request DefaultFullHttpRequest(decodeResult: success, version: HTTP/1.1, content: EmptyByteBufBE)
GET /session/a51ffbfc86ec9c7ff623b6e09fb3b619/screenshot HTTP/1.1
User-Agent: selenium/4.8.1 (java windows)
Cache-Control: no-cache
Content-Type: application/json; charset=utf-8
host: localhost:42367
accept: */*

Response DefaultHttpResponse(decodeResult: success, version: HTTP/1.1)
HTTP/1.1 200 OK
Content-Length: 41640
Content-Type: application/json; charset=utf-8
cache-control: no-cache

19:20:19.530 [AsyncHttpClient-1-2] DEBUG org.asynchttpclient.netty.channel.ChannelManager - Adding key: http://localhost:42367 for channel [id: 0xb595b2bf, L:/127.0.0.1:52882 - R:localhost/127.0.0.1:42367]
19:20:19.534 [main] DEBUG net.serenitybdd.core.photography.Darkroom - Send negative for processing for target\site\serenity\94ebe84cab232f312ce4f0e5016298853602976b63e3da77980f3971069eb124.png
19:20:19.534 [main] DEBUG net.thucydides.core.steps.StepInterceptor - STEP DONE: inputFullnameReg
19:20:19.534 [Darkroom Processing Line] DEBUG net.serenitybdd.core.photography.DarkroomProcessingLine - Processing screenshot image in /var/screenshots/screenshot-7064144777616339596
19:20:19.534 [Darkroom Processing Line] DEBUG net.serenitybdd.core.photography.DarkroomProcessingLine - Saving screenshot to target\site\serenity\94ebe84cab232f312ce4f0e5016298853602976b63e3da77980f3971069eb124.png
  &amp#27;[32mAnd &amp#27;[0m&amp#27;[32mI input correct fullname for register&amp#27;[0m &amp#27;[90m# starter.stepdefinitions.RegisterSteps.inputFullnameReg()&amp#27;[0m
19:20:19.547 [Forwarding getPageSource on session a51ffbfc86ec9c7ff623b6e09fb3b619 to remote] DEBUG org.asynchttpclient.netty.request.NettyRequestSender - Using pooled Channel '[id: 0xb595b2bf, L:/127.0.0.1:52882 - R:localhost/127.0.0.1:42367]' for 'POST' to 'http://localhost:42367/session/a51ffbfc86ec9c7ff623b6e09fb3b619/execute/sync'
19:20:19.547 [Forwarding getPageSource on session a51ffbfc86ec9c7ff623b6e09fb3b619 to remote] DEBUG org.asynchttpclient.netty.request.NettyRequestSender - Using open Channel [id: 0xb595b2bf, L:/127.0.0.1:52882 - R:localhost/127.0.0.1:42367] for POST '/session/a51ffbfc86ec9c7ff623b6e09fb3b619/execute/sync'
19:20:19.554 [AsyncHttpClient-1-2] DEBUG org.asynchttpclient.netty.handler.HttpHandler - 

Request DefaultHttpRequest(decodeResult: success, version: HTTP/1.1)
POST /session/a51ffbfc86ec9c7ff623b6e09fb3b619/execute/sync HTTP/1.1
User-Agent: selenium/4.8.1 (java windows)
Content-Length: 176
Content-Type: application/json; charset=utf-8
host: localhost:42367
accept: */*

Response DefaultHttpResponse(decodeResult: success, version: HTTP/1.1)
HTTP/1.1 200 OK
Content-Length: 22435
Content-Type: application/json; charset=utf-8
cache-control: no-cache

19:20:19.555 [AsyncHttpClient-1-2] DEBUG org.asynchttpclient.netty.channel.ChannelManager - Adding key: http://localhost:42367 for channel [id: 0xb595b2bf, L:/127.0.0.1:52882 - R:localhost/127.0.0.1:42367]
19:20:19.561 [Forwarding getCurrentUrl on session a51ffbfc86ec9c7ff623b6e09fb3b619 to remote] DEBUG org.asynchttpclient.netty.request.NettyRequestSender - Using pooled Channel '[id: 0xb595b2bf, L:/127.0.0.1:52882 - R:localhost/127.0.0.1:42367]' for 'GET' to 'http://localhost:42367/session/a51ffbfc86ec9c7ff623b6e09fb3b619/url'
19:20:19.562 [Forwarding getCurrentUrl on session a51ffbfc86ec9c7ff623b6e09fb3b619 to remote] DEBUG org.asynchttpclient.netty.request.NettyRequestSender - Using open Channel [id: 0xb595b2bf, L:/127.0.0.1:52882 - R:localhost/127.0.0.1:42367] for GET '/session/a51ffbfc86ec9c7ff623b6e09fb3b619/url'
19:20:19.569 [AsyncHttpClient-1-2] DEBUG org.asynchttpclient.netty.handler.HttpHandler - 

Request DefaultFullHttpRequest(decodeResult: success, version: HTTP/1.1, content: EmptyByteBufBE)
GET /session/a51ffbfc86ec9c7ff623b6e09fb3b619/url HTTP/1.1
User-Agent: selenium/4.8.1 (java windows)
Cache-Control: no-cache
Content-Type: application/json; charset=utf-8
host: localhost:42367
accept: */*

Response DefaultHttpResponse(decodeResult: success, version: HTTP/1.1)
HTTP/1.1 200 OK
Content-Length: 54
Content-Type: application/json; charset=utf-8
cache-control: no-cache

19:20:19.570 [AsyncHttpClient-1-2] DEBUG org.asynchttpclient.netty.channel.ChannelManager - Adding key: http://localhost:42367 for channel [id: 0xb595b2bf, L:/127.0.0.1:52882 - R:localhost/127.0.0.1:42367]
19:20:19.584 [Forwarding getPageSource on session a51ffbfc86ec9c7ff623b6e09fb3b619 to remote] DEBUG org.asynchttpclient.netty.request.NettyRequestSender - Using pooled Channel '[id: 0xb595b2bf, L:/127.0.0.1:52882 - R:localhost/127.0.0.1:42367]' for 'POST' to 'http://localhost:42367/session/a51ffbfc86ec9c7ff623b6e09fb3b619/execute/sync'
19:20:19.584 [Forwarding getPageSource on session a51ffbfc86ec9c7ff623b6e09fb3b619 to remote] DEBUG org.asynchttpclient.netty.request.NettyRequestSender - Using open Channel [id: 0xb595b2bf, L:/127.0.0.1:52882 - R:localhost/127.0.0.1:42367] for POST '/session/a51ffbfc86ec9c7ff623b6e09fb3b619/execute/sync'
19:20:19.593 [AsyncHttpClient-1-2] DEBUG org.asynchttpclient.netty.handler.HttpHandler - 

Request DefaultHttpRequest(decodeResult: success, version: HTTP/1.1)
POST /session/a51ffbfc86ec9c7ff623b6e09fb3b619/execute/sync HTTP/1.1
User-Agent: selenium/4.8.1 (java windows)
Content-Length: 176
Content-Type: application/json; charset=utf-8
host: localhost:42367
accept: */*

Response DefaultHttpResponse(decodeResult: success, version: HTTP/1.1)
HTTP/1.1 200 OK
Content-Length: 22435
Content-Type: application/json; charset=utf-8
cache-control: no-cache

19:20:19.594 [AsyncHttpClient-1-2] DEBUG org.asynchttpclient.netty.channel.ChannelManager - Adding key: http://localhost:42367 for channel [id: 0xb595b2bf, L:/127.0.0.1:52882 - R:localhost/127.0.0.1:42367]
19:20:19.598 [Forwarding getCurrentUrl on session a51ffbfc86ec9c7ff623b6e09fb3b619 to remote] DEBUG org.asynchttpclient.netty.request.NettyRequestSender - Using pooled Channel '[id: 0xb595b2bf, L:/127.0.0.1:52882 - R:localhost/127.0.0.1:42367]' for 'GET' to 'http://localhost:42367/session/a51ffbfc86ec9c7ff623b6e09fb3b619/url'
19:20:19.598 [Forwarding getCurrentUrl on session a51ffbfc86ec9c7ff623b6e09fb3b619 to remote] DEBUG org.asynchttpclient.netty.request.NettyRequestSender - Using open Channel [id: 0xb595b2bf, L:/127.0.0.1:52882 - R:localhost/127.0.0.1:42367] for GET '/session/a51ffbfc86ec9c7ff623b6e09fb3b619/url'
19:20:19.604 [AsyncHttpClient-1-2] DEBUG org.asynchttpclient.netty.handler.HttpHandler - 

Request DefaultFullHttpRequest(decodeResult: success, version: HTTP/1.1, content: EmptyByteBufBE)
GET /session/a51ffbfc86ec9c7ff623b6e09fb3b619/url HTTP/1.1
User-Agent: selenium/4.8.1 (java windows)
Cache-Control: no-cache
Content-Type: application/json; charset=utf-8
host: localhost:42367
accept: */*

Response DefaultHttpResponse(decodeResult: success, version: HTTP/1.1)
HTTP/1.1 200 OK
Content-Length: 54
Content-Type: application/json; charset=utf-8
cache-control: no-cache

19:20:19.604 [AsyncHttpClient-1-2] DEBUG org.asynchttpclient.netty.channel.ChannelManager - Adding key: http://localhost:42367 for channel [id: 0xb595b2bf, L:/127.0.0.1:52882 - R:localhost/127.0.0.1:42367]
19:20:19.606 [main] DEBUG net.thucydides.core.steps.StepInterceptor - STARTING STEP: RegisterSteps.inputEmailReg - inputEmailReg
19:20:19.610 [Forwarding findElement on session a51ffbfc86ec9c7ff623b6e09fb3b619 to remote] DEBUG org.asynchttpclient.netty.request.NettyRequestSender - Using pooled Channel '[id: 0xb595b2bf, L:/127.0.0.1:52882 - R:localhost/127.0.0.1:42367]' for 'POST' to 'http://localhost:42367/session/a51ffbfc86ec9c7ff623b6e09fb3b619/element'
19:20:19.610 [Forwarding findElement on session a51ffbfc86ec9c7ff623b6e09fb3b619 to remote] DEBUG org.asynchttpclient.netty.request.NettyRequestSender - Using open Channel [id: 0xb595b2bf, L:/127.0.0.1:52882 - R:localhost/127.0.0.1:42367] for POST '/session/a51ffbfc86ec9c7ff623b6e09fb3b619/element'
19:20:19.626 [AsyncHttpClient-1-2] DEBUG org.asynchttpclient.netty.handler.HttpHandler - 

Request DefaultHttpRequest(decodeResult: success, version: HTTP/1.1)
POST /session/a51ffbfc86ec9c7ff623b6e09fb3b619/element HTTP/1.1
User-Agent: selenium/4.8.1 (java windows)
Content-Length: 55
Content-Type: application/json; charset=utf-8
host: localhost:42367
accept: */*

Response DefaultHttpResponse(decodeResult: success, version: HTTP/1.1)
HTTP/1.1 200 OK
Content-Length: 94
Content-Type: application/json; charset=utf-8
cache-control: no-cache

19:20:19.627 [AsyncHttpClient-1-2] DEBUG org.asynchttpclient.netty.channel.ChannelManager - Adding key: http://localhost:42367 for channel [id: 0xb595b2bf, L:/127.0.0.1:52882 - R:localhost/127.0.0.1:42367]
19:20:19.628 [Forwarding clearElement on session a51ffbfc86ec9c7ff623b6e09fb3b619 to remote] DEBUG org.asynchttpclient.netty.request.NettyRequestSender - Using pooled Channel '[id: 0xb595b2bf, L:/127.0.0.1:52882 - R:localhost/127.0.0.1:42367]' for 'POST' to 'http://localhost:42367/session/a51ffbfc86ec9c7ff623b6e09fb3b619/element/98FB57135932EA7AE35D0B7EA1D50C91_element_9/clear'
19:20:19.628 [Forwarding clearElement on session a51ffbfc86ec9c7ff623b6e09fb3b619 to remote] DEBUG org.asynchttpclient.netty.request.NettyRequestSender - Using open Channel [id: 0xb595b2bf, L:/127.0.0.1:52882 - R:localhost/127.0.0.1:42367] for POST '/session/a51ffbfc86ec9c7ff623b6e09fb3b619/element/98FB57135932EA7AE35D0B7EA1D50C91_element_9/clear'
19:20:19.697 [AsyncHttpClient-1-2] DEBUG org.asynchttpclient.netty.handler.HttpHandler - 

Request DefaultHttpRequest(decodeResult: success, version: HTTP/1.1)
POST /session/a51ffbfc86ec9c7ff623b6e09fb3b619/element/98FB57135932EA7AE35D0B7EA1D50C91_element_9/clear HTTP/1.1
User-Agent: selenium/4.8.1 (java windows)
Content-Length: 56
Content-Type: application/json; charset=utf-8
host: localhost:42367
accept: */*

Response DefaultHttpResponse(decodeResult: success, version: HTTP/1.1)
HTTP/1.1 200 OK
Content-Length: 14
Content-Type: application/json; charset=utf-8
cache-control: no-cache

19:20:19.698 [AsyncHttpClient-1-2] DEBUG org.asynchttpclient.netty.channel.ChannelManager - Adding key: http://localhost:42367 for channel [id: 0xb595b2bf, L:/127.0.0.1:52882 - R:localhost/127.0.0.1:42367]
19:20:19.702 [Forwarding sendKeysToElement on session a51ffbfc86ec9c7ff623b6e09fb3b619 to remote] DEBUG org.asynchttpclient.netty.request.NettyRequestSender - Using pooled Channel '[id: 0xb595b2bf, L:/127.0.0.1:52882 - R:localhost/127.0.0.1:42367]' for 'POST' to 'http://localhost:42367/session/a51ffbfc86ec9c7ff623b6e09fb3b619/element/98FB57135932EA7AE35D0B7EA1D50C91_element_9/value'
19:20:19.703 [Forwarding sendKeysToElement on session a51ffbfc86ec9c7ff623b6e09fb3b619 to remote] DEBUG org.asynchttpclient.netty.request.NettyRequestSender - Using open Channel [id: 0xb595b2bf, L:/127.0.0.1:52882 - R:localhost/127.0.0.1:42367] for POST '/session/a51ffbfc86ec9c7ff623b6e09fb3b619/element/98FB57135932EA7AE35D0B7EA1D50C91_element_9/value'
19:20:19.867 [AsyncHttpClient-1-1] DEBUG org.asynchttpclient.netty.channel.DefaultChannelPool - Entry count for : http://localhost:52883 : 1
19:20:20.037 [AsyncHttpClient-1-2] DEBUG org.asynchttpclient.netty.handler.HttpHandler - 

Request DefaultHttpRequest(decodeResult: success, version: HTTP/1.1)
POST /session/a51ffbfc86ec9c7ff623b6e09fb3b619/element/98FB57135932EA7AE35D0B7EA1D50C91_element_9/value HTTP/1.1
User-Agent: selenium/4.8.1 (java windows)
Content-Length: 237
Content-Type: application/json; charset=utf-8
host: localhost:42367
accept: */*

Response DefaultHttpResponse(decodeResult: success, version: HTTP/1.1)
HTTP/1.1 200 OK
Content-Length: 14
Content-Type: application/json; charset=utf-8
cache-control: no-cache

19:20:20.038 [AsyncHttpClient-1-2] DEBUG org.asynchttpclient.netty.channel.ChannelManager - Adding key: http://localhost:42367 for channel [id: 0xb595b2bf, L:/127.0.0.1:52882 - R:localhost/127.0.0.1:42367]
19:20:20.054 [Forwarding getAlertText on session a51ffbfc86ec9c7ff623b6e09fb3b619 to remote] DEBUG org.asynchttpclient.netty.request.NettyRequestSender - Using pooled Channel '[id: 0xb595b2bf, L:/127.0.0.1:52882 - R:localhost/127.0.0.1:42367]' for 'GET' to 'http://localhost:42367/session/a51ffbfc86ec9c7ff623b6e09fb3b619/alert/text'
19:20:20.054 [Forwarding getAlertText on session a51ffbfc86ec9c7ff623b6e09fb3b619 to remote] DEBUG org.asynchttpclient.netty.request.NettyRequestSender - Using open Channel [id: 0xb595b2bf, L:/127.0.0.1:52882 - R:localhost/127.0.0.1:42367] for GET '/session/a51ffbfc86ec9c7ff623b6e09fb3b619/alert/text'
19:20:20.057 [AsyncHttpClient-1-2] DEBUG org.asynchttpclient.netty.handler.HttpHandler - 

Request DefaultFullHttpRequest(decodeResult: success, version: HTTP/1.1, content: EmptyByteBufBE)
GET /session/a51ffbfc86ec9c7ff623b6e09fb3b619/alert/text HTTP/1.1
User-Agent: selenium/4.8.1 (java windows)
Cache-Control: no-cache
Content-Type: application/json; charset=utf-8
host: localhost:42367
accept: */*

Response DefaultHttpResponse(decodeResult: success, version: HTTP/1.1)
HTTP/1.1 404 Not Found
Content-Length: 847
Content-Type: application/json; charset=utf-8
cache-control: no-cache

19:20:20.058 [AsyncHttpClient-1-2] DEBUG org.asynchttpclient.netty.channel.ChannelManager - Adding key: http://localhost:42367 for channel [id: 0xb595b2bf, L:/127.0.0.1:52882 - R:localhost/127.0.0.1:42367]
19:20:20.060 [Forwarding getCurrentUrl on session a51ffbfc86ec9c7ff623b6e09fb3b619 to remote] DEBUG org.asynchttpclient.netty.request.NettyRequestSender - Using pooled Channel '[id: 0xb595b2bf, L:/127.0.0.1:52882 - R:localhost/127.0.0.1:42367]' for 'GET' to 'http://localhost:42367/session/a51ffbfc86ec9c7ff623b6e09fb3b619/url'
19:20:20.060 [Forwarding getCurrentUrl on session a51ffbfc86ec9c7ff623b6e09fb3b619 to remote] DEBUG org.asynchttpclient.netty.request.NettyRequestSender - Using open Channel [id: 0xb595b2bf, L:/127.0.0.1:52882 - R:localhost/127.0.0.1:42367] for GET '/session/a51ffbfc86ec9c7ff623b6e09fb3b619/url'
19:20:20.069 [AsyncHttpClient-1-2] DEBUG org.asynchttpclient.netty.handler.HttpHandler - 

Request DefaultFullHttpRequest(decodeResult: success, version: HTTP/1.1, content: EmptyByteBufBE)
GET /session/a51ffbfc86ec9c7ff623b6e09fb3b619/url HTTP/1.1
User-Agent: selenium/4.8.1 (java windows)
Cache-Control: no-cache
Content-Type: application/json; charset=utf-8
host: localhost:42367
accept: */*

Response DefaultHttpResponse(decodeResult: success, version: HTTP/1.1)
HTTP/1.1 200 OK
Content-Length: 54
Content-Type: application/json; charset=utf-8
cache-control: no-cache

19:20:20.070 [AsyncHttpClient-1-2] DEBUG org.asynchttpclient.netty.channel.ChannelManager - Adding key: http://localhost:42367 for channel [id: 0xb595b2bf, L:/127.0.0.1:52882 - R:localhost/127.0.0.1:42367]
19:20:20.071 [Forwarding screenshot on session a51ffbfc86ec9c7ff623b6e09fb3b619 to remote] DEBUG org.asynchttpclient.netty.request.NettyRequestSender - Using pooled Channel '[id: 0xb595b2bf, L:/127.0.0.1:52882 - R:localhost/127.0.0.1:42367]' for 'GET' to 'http://localhost:42367/session/a51ffbfc86ec9c7ff623b6e09fb3b619/screenshot'
19:20:20.071 [Forwarding screenshot on session a51ffbfc86ec9c7ff623b6e09fb3b619 to remote] DEBUG org.asynchttpclient.netty.request.NettyRequestSender - Using open Channel [id: 0xb595b2bf, L:/127.0.0.1:52882 - R:localhost/127.0.0.1:42367] for GET '/session/a51ffbfc86ec9c7ff623b6e09fb3b619/screenshot'
19:20:20.202 [AsyncHttpClient-1-2] DEBUG org.asynchttpclient.netty.handler.HttpHandler - 

Request DefaultFullHttpRequest(decodeResult: success, version: HTTP/1.1, content: EmptyByteBufBE)
GET /session/a51ffbfc86ec9c7ff623b6e09fb3b619/screenshot HTTP/1.1
User-Agent: selenium/4.8.1 (java windows)
Cache-Control: no-cache
Content-Type: application/json; charset=utf-8
host: localhost:42367
accept: */*

Response DefaultHttpResponse(decodeResult: success, version: HTTP/1.1)
HTTP/1.1 200 OK
Content-Length: 46080
Content-Type: application/json; charset=utf-8
cache-control: no-cache

19:20:20.203 [AsyncHttpClient-1-2] DEBUG org.asynchttpclient.netty.channel.ChannelManager - Adding key: http://localhost:42367 for channel [id: 0xb595b2bf, L:/127.0.0.1:52882 - R:localhost/127.0.0.1:42367]
19:20:20.209 [main] DEBUG net.serenitybdd.core.photography.Darkroom - Send negative for processing for target\site\serenity\28efad26baa245593f92f182a30c5ec8aab0bd86313fd1ecaa5dda29feb2aa52.png
19:20:20.209 [main] DEBUG net.thucydides.core.steps.StepInterceptor - STEP DONE: inputEmailReg
  &amp#27;[32mAnd &amp#27;[0m&amp#27;[32mI input correct email for register&amp#27;[0m    &amp#27;[90m# starter.stepdefinitions.RegisterSteps.inputEmailReg()&amp#27;[0m
19:20:20.210 [Darkroom Processing Line] DEBUG net.serenitybdd.core.photography.DarkroomProcessingLine - Processing screenshot image in /var/screenshots/screenshot-17958905790861742176
19:20:20.210 [Darkroom Processing Line] DEBUG net.serenitybdd.core.photography.DarkroomProcessingLine - Saving screenshot to target\site\serenity\28efad26baa245593f92f182a30c5ec8aab0bd86313fd1ecaa5dda29feb2aa52.png
19:20:20.231 [Forwarding getPageSource on session a51ffbfc86ec9c7ff623b6e09fb3b619 to remote] DEBUG org.asynchttpclient.netty.request.NettyRequestSender - Using pooled Channel '[id: 0xb595b2bf, L:/127.0.0.1:52882 - R:localhost/127.0.0.1:42367]' for 'POST' to 'http://localhost:42367/session/a51ffbfc86ec9c7ff623b6e09fb3b619/execute/sync'
19:20:20.231 [Forwarding getPageSource on session a51ffbfc86ec9c7ff623b6e09fb3b619 to remote] DEBUG org.asynchttpclient.netty.request.NettyRequestSender - Using open Channel [id: 0xb595b2bf, L:/127.0.0.1:52882 - R:localhost/127.0.0.1:42367] for POST '/session/a51ffbfc86ec9c7ff623b6e09fb3b619/execute/sync'
19:20:20.239 [AsyncHttpClient-1-2] DEBUG org.asynchttpclient.netty.handler.HttpHandler - 

Request DefaultHttpRequest(decodeResult: success, version: HTTP/1.1)
POST /session/a51ffbfc86ec9c7ff623b6e09fb3b619/execute/sync HTTP/1.1
User-Agent: selenium/4.8.1 (java windows)
Content-Length: 176
Content-Type: application/json; charset=utf-8
host: localhost:42367
accept: */*

Response DefaultHttpResponse(decodeResult: success, version: HTTP/1.1)
HTTP/1.1 200 OK
Content-Length: 22494
Content-Type: application/json; charset=utf-8
cache-control: no-cache

19:20:20.239 [AsyncHttpClient-1-2] DEBUG org.asynchttpclient.netty.channel.ChannelManager - Adding key: http://localhost:42367 for channel [id: 0xb595b2bf, L:/127.0.0.1:52882 - R:localhost/127.0.0.1:42367]
19:20:20.245 [Forwarding getCurrentUrl on session a51ffbfc86ec9c7ff623b6e09fb3b619 to remote] DEBUG org.asynchttpclient.netty.request.NettyRequestSender - Using pooled Channel '[id: 0xb595b2bf, L:/127.0.0.1:52882 - R:localhost/127.0.0.1:42367]' for 'GET' to 'http://localhost:42367/session/a51ffbfc86ec9c7ff623b6e09fb3b619/url'
19:20:20.245 [Forwarding getCurrentUrl on session a51ffbfc86ec9c7ff623b6e09fb3b619 to remote] DEBUG org.asynchttpclient.netty.request.NettyRequestSender - Using open Channel [id: 0xb595b2bf, L:/127.0.0.1:52882 - R:localhost/127.0.0.1:42367] for GET '/session/a51ffbfc86ec9c7ff623b6e09fb3b619/url'
19:20:20.250 [AsyncHttpClient-1-2] DEBUG org.asynchttpclient.netty.handler.HttpHandler - 

Request DefaultFullHttpRequest(decodeResult: success, version: HTTP/1.1, content: EmptyByteBufBE)
GET /session/a51ffbfc86ec9c7ff623b6e09fb3b619/url HTTP/1.1
User-Agent: selenium/4.8.1 (java windows)
Cache-Control: no-cache
Content-Type: application/json; charset=utf-8
host: localhost:42367
accept: */*

Response DefaultHttpResponse(decodeResult: success, version: HTTP/1.1)
HTTP/1.1 200 OK
Content-Length: 54
Content-Type: application/json; charset=utf-8
cache-control: no-cache

19:20:20.250 [AsyncHttpClient-1-2] DEBUG org.asynchttpclient.netty.channel.ChannelManager - Adding key: http://localhost:42367 for channel [id: 0xb595b2bf, L:/127.0.0.1:52882 - R:localhost/127.0.0.1:42367]
19:20:20.264 [Forwarding getAlertText on session a51ffbfc86ec9c7ff623b6e09fb3b619 to remote] DEBUG org.asynchttpclient.netty.request.NettyRequestSender - Using pooled Channel '[id: 0xb595b2bf, L:/127.0.0.1:52882 - R:localhost/127.0.0.1:42367]' for 'GET' to 'http://localhost:42367/session/a51ffbfc86ec9c7ff623b6e09fb3b619/alert/text'
19:20:20.264 [Forwarding getAlertText on session a51ffbfc86ec9c7ff623b6e09fb3b619 to remote] DEBUG org.asynchttpclient.netty.request.NettyRequestSender - Using open Channel [id: 0xb595b2bf, L:/127.0.0.1:52882 - R:localhost/127.0.0.1:42367] for GET '/session/a51ffbfc86ec9c7ff623b6e09fb3b619/alert/text'
19:20:20.265 [AsyncHttpClient-1-2] DEBUG org.asynchttpclient.netty.handler.HttpHandler - 

Request DefaultFullHttpRequest(decodeResult: success, version: HTTP/1.1, content: EmptyByteBufBE)
GET /session/a51ffbfc86ec9c7ff623b6e09fb3b619/alert/text HTTP/1.1
User-Agent: selenium/4.8.1 (java windows)
Cache-Control: no-cache
Content-Type: application/json; charset=utf-8
host: localhost:42367
accept: */*

Response DefaultHttpResponse(decodeResult: success, version: HTTP/1.1)
HTTP/1.1 404 Not Found
Content-Length: 847
Content-Type: application/json; charset=utf-8
cache-control: no-cache

19:20:20.265 [AsyncHttpClient-1-2] DEBUG org.asynchttpclient.netty.channel.ChannelManager - Adding key: http://localhost:42367 for channel [id: 0xb595b2bf, L:/127.0.0.1:52882 - R:localhost/127.0.0.1:42367]
19:20:20.267 [Forwarding getCurrentUrl on session a51ffbfc86ec9c7ff623b6e09fb3b619 to remote] DEBUG org.asynchttpclient.netty.request.NettyRequestSender - Using pooled Channel '[id: 0xb595b2bf, L:/127.0.0.1:52882 - R:localhost/127.0.0.1:42367]' for 'GET' to 'http://localhost:42367/session/a51ffbfc86ec9c7ff623b6e09fb3b619/url'
19:20:20.267 [Forwarding getCurrentUrl on session a51ffbfc86ec9c7ff623b6e09fb3b619 to remote] DEBUG org.asynchttpclient.netty.request.NettyRequestSender - Using open Channel [id: 0xb595b2bf, L:/127.0.0.1:52882 - R:localhost/127.0.0.1:42367] for GET '/session/a51ffbfc86ec9c7ff623b6e09fb3b619/url'
19:20:20.274 [AsyncHttpClient-1-2] DEBUG org.asynchttpclient.netty.handler.HttpHandler - 

Request DefaultFullHttpRequest(decodeResult: success, version: HTTP/1.1, content: EmptyByteBufBE)
GET /session/a51ffbfc86ec9c7ff623b6e09fb3b619/url HTTP/1.1
User-Agent: selenium/4.8.1 (java windows)
Cache-Control: no-cache
Content-Type: application/json; charset=utf-8
host: localhost:42367
accept: */*

Response DefaultHttpResponse(decodeResult: success, version: HTTP/1.1)
HTTP/1.1 200 OK
Content-Length: 54
Content-Type: application/json; charset=utf-8
cache-control: no-cache

19:20:20.274 [AsyncHttpClient-1-2] DEBUG org.asynchttpclient.netty.channel.ChannelManager - Adding key: http://localhost:42367 for channel [id: 0xb595b2bf, L:/127.0.0.1:52882 - R:localhost/127.0.0.1:42367]
19:20:20.276 [Forwarding screenshot on session a51ffbfc86ec9c7ff623b6e09fb3b619 to remote] DEBUG org.asynchttpclient.netty.request.NettyRequestSender - Using pooled Channel '[id: 0xb595b2bf, L:/127.0.0.1:52882 - R:localhost/127.0.0.1:42367]' for 'GET' to 'http://localhost:42367/session/a51ffbfc86ec9c7ff623b6e09fb3b619/screenshot'
19:20:20.276 [Forwarding screenshot on session a51ffbfc86ec9c7ff623b6e09fb3b619 to remote] DEBUG org.asynchttpclient.netty.request.NettyRequestSender - Using open Channel [id: 0xb595b2bf, L:/127.0.0.1:52882 - R:localhost/127.0.0.1:42367] for GET '/session/a51ffbfc86ec9c7ff623b6e09fb3b619/screenshot'
19:20:20.431 [AsyncHttpClient-1-2] DEBUG org.asynchttpclient.netty.handler.HttpHandler - 

Request DefaultFullHttpRequest(decodeResult: success, version: HTTP/1.1, content: EmptyByteBufBE)
GET /session/a51ffbfc86ec9c7ff623b6e09fb3b619/screenshot HTTP/1.1
User-Agent: selenium/4.8.1 (java windows)
Cache-Control: no-cache
Content-Type: application/json; charset=utf-8
host: localhost:42367
accept: */*

Response DefaultHttpResponse(decodeResult: success, version: HTTP/1.1)
HTTP/1.1 200 OK
Content-Length: 45584
Content-Type: application/json; charset=utf-8
cache-control: no-cache

19:20:20.432 [AsyncHttpClient-1-2] DEBUG org.asynchttpclient.netty.channel.ChannelManager - Adding key: http://localhost:42367 for channel [id: 0xb595b2bf, L:/127.0.0.1:52882 - R:localhost/127.0.0.1:42367]
19:20:20.435 [main] DEBUG net.serenitybdd.core.photography.Darkroom - Send negative for processing for target\site\serenity\78067f1211d2b08ffb8a6b80590a9d0aefe9165b709863feac113c1be188bed4.png
19:20:20.436 [Darkroom Processing Line] DEBUG net.serenitybdd.core.photography.DarkroomProcessingLine - Processing screenshot image in /var/screenshots/screenshot-1197392857830263469
19:20:20.436 [Darkroom Processing Line] DEBUG net.serenitybdd.core.photography.DarkroomProcessingLine - Saving screenshot to target\site\serenity\78067f1211d2b08ffb8a6b80590a9d0aefe9165b709863feac113c1be188bed4.png
19:20:20.438 [Forwarding getPageSource on session a51ffbfc86ec9c7ff623b6e09fb3b619 to remote] DEBUG org.asynchttpclient.netty.request.NettyRequestSender - Using pooled Channel '[id: 0xb595b2bf, L:/127.0.0.1:52882 - R:localhost/127.0.0.1:42367]' for 'POST' to 'http://localhost:42367/session/a51ffbfc86ec9c7ff623b6e09fb3b619/execute/sync'
19:20:20.438 [Forwarding getPageSource on session a51ffbfc86ec9c7ff623b6e09fb3b619 to remote] DEBUG org.asynchttpclient.netty.request.NettyRequestSender - Using open Channel [id: 0xb595b2bf, L:/127.0.0.1:52882 - R:localhost/127.0.0.1:42367] for POST '/session/a51ffbfc86ec9c7ff623b6e09fb3b619/execute/sync'
19:20:20.446 [AsyncHttpClient-1-2] DEBUG org.asynchttpclient.netty.handler.HttpHandler - 

Request DefaultHttpRequest(decodeResult: success, version: HTTP/1.1)
POST /session/a51ffbfc86ec9c7ff623b6e09fb3b619/execute/sync HTTP/1.1
User-Agent: selenium/4.8.1 (java windows)
Content-Length: 176
Content-Type: application/json; charset=utf-8
host: localhost:42367
accept: */*

Response DefaultHttpResponse(decodeResult: success, version: HTTP/1.1)
HTTP/1.1 200 OK
Content-Length: 22494
Content-Type: application/json; charset=utf-8
cache-control: no-cache

19:20:20.447 [AsyncHttpClient-1-2] DEBUG org.asynchttpclient.netty.channel.ChannelManager - Adding key: http://localhost:42367 for channel [id: 0xb595b2bf, L:/127.0.0.1:52882 - R:localhost/127.0.0.1:42367]
19:20:20.452 [Forwarding getCurrentUrl on session a51ffbfc86ec9c7ff623b6e09fb3b619 to remote] DEBUG org.asynchttpclient.netty.request.NettyRequestSender - Using pooled Channel '[id: 0xb595b2bf, L:/127.0.0.1:52882 - R:localhost/127.0.0.1:42367]' for 'GET' to 'http://localhost:42367/session/a51ffbfc86ec9c7ff623b6e09fb3b619/url'
19:20:20.452 [Forwarding getCurrentUrl on session a51ffbfc86ec9c7ff623b6e09fb3b619 to remote] DEBUG org.asynchttpclient.netty.request.NettyRequestSender - Using open Channel [id: 0xb595b2bf, L:/127.0.0.1:52882 - R:localhost/127.0.0.1:42367] for GET '/session/a51ffbfc86ec9c7ff623b6e09fb3b619/url'
19:20:20.465 [AsyncHttpClient-1-2] DEBUG org.asynchttpclient.netty.handler.HttpHandler - 

Request DefaultFullHttpRequest(decodeResult: success, version: HTTP/1.1, content: EmptyByteBufBE)
GET /session/a51ffbfc86ec9c7ff623b6e09fb3b619/url HTTP/1.1
User-Agent: selenium/4.8.1 (java windows)
Cache-Control: no-cache
Content-Type: application/json; charset=utf-8
host: localhost:42367
accept: */*

Response DefaultHttpResponse(decodeResult: success, version: HTTP/1.1)
HTTP/1.1 200 OK
Content-Length: 54
Content-Type: application/json; charset=utf-8
cache-control: no-cache

19:20:20.465 [AsyncHttpClient-1-2] DEBUG org.asynchttpclient.netty.channel.ChannelManager - Adding key: http://localhost:42367 for channel [id: 0xb595b2bf, L:/127.0.0.1:52882 - R:localhost/127.0.0.1:42367]
19:20:20.468 [main] DEBUG net.thucydides.core.steps.StepInterceptor - STARTING STEP: RegisterSteps.inputPasswordReg - inputPasswordReg
19:20:20.472 [Forwarding findElement on session a51ffbfc86ec9c7ff623b6e09fb3b619 to remote] DEBUG org.asynchttpclient.netty.request.NettyRequestSender - Using pooled Channel '[id: 0xb595b2bf, L:/127.0.0.1:52882 - R:localhost/127.0.0.1:42367]' for 'POST' to 'http://localhost:42367/session/a51ffbfc86ec9c7ff623b6e09fb3b619/element'
19:20:20.472 [Forwarding findElement on session a51ffbfc86ec9c7ff623b6e09fb3b619 to remote] DEBUG org.asynchttpclient.netty.request.NettyRequestSender - Using open Channel [id: 0xb595b2bf, L:/127.0.0.1:52882 - R:localhost/127.0.0.1:42367] for POST '/session/a51ffbfc86ec9c7ff623b6e09fb3b619/element'
19:20:20.485 [AsyncHttpClient-1-2] DEBUG org.asynchttpclient.netty.handler.HttpHandler - 

Request DefaultHttpRequest(decodeResult: success, version: HTTP/1.1)
POST /session/a51ffbfc86ec9c7ff623b6e09fb3b619/element HTTP/1.1
User-Agent: selenium/4.8.1 (java windows)
Content-Length: 55
Content-Type: application/json; charset=utf-8
host: localhost:42367
accept: */*

Response DefaultHttpResponse(decodeResult: success, version: HTTP/1.1)
HTTP/1.1 200 OK
Content-Length: 95
Content-Type: application/json; charset=utf-8
cache-control: no-cache

19:20:20.485 [AsyncHttpClient-1-2] DEBUG org.asynchttpclient.netty.channel.ChannelManager - Adding key: http://localhost:42367 for channel [id: 0xb595b2bf, L:/127.0.0.1:52882 - R:localhost/127.0.0.1:42367]
19:20:20.487 [Forwarding clearElement on session a51ffbfc86ec9c7ff623b6e09fb3b619 to remote] DEBUG org.asynchttpclient.netty.request.NettyRequestSender - Using pooled Channel '[id: 0xb595b2bf, L:/127.0.0.1:52882 - R:localhost/127.0.0.1:42367]' for 'POST' to 'http://localhost:42367/session/a51ffbfc86ec9c7ff623b6e09fb3b619/element/98FB57135932EA7AE35D0B7EA1D50C91_element_10/clear'
19:20:20.487 [Forwarding clearElement on session a51ffbfc86ec9c7ff623b6e09fb3b619 to remote] DEBUG org.asynchttpclient.netty.request.NettyRequestSender - Using open Channel [id: 0xb595b2bf, L:/127.0.0.1:52882 - R:localhost/127.0.0.1:42367] for POST '/session/a51ffbfc86ec9c7ff623b6e09fb3b619/element/98FB57135932EA7AE35D0B7EA1D50C91_element_10/clear'
19:20:20.518 [AsyncHttpClient-1-2] DEBUG org.asynchttpclient.netty.handler.HttpHandler - 

Request DefaultHttpRequest(decodeResult: success, version: HTTP/1.1)
POST /session/a51ffbfc86ec9c7ff623b6e09fb3b619/element/98FB57135932EA7AE35D0B7EA1D50C91_element_10/clear HTTP/1.1
User-Agent: selenium/4.8.1 (java windows)
Content-Length: 57
Content-Type: application/json; charset=utf-8
host: localhost:42367
accept: */*

Response DefaultHttpResponse(decodeResult: success, version: HTTP/1.1)
HTTP/1.1 200 OK
Content-Length: 14
Content-Type: application/json; charset=utf-8
cache-control: no-cache

19:20:20.518 [AsyncHttpClient-1-2] DEBUG org.asynchttpclient.netty.channel.ChannelManager - Adding key: http://localhost:42367 for channel [id: 0xb595b2bf, L:/127.0.0.1:52882 - R:localhost/127.0.0.1:42367]
19:20:20.521 [Forwarding sendKeysToElement on session a51ffbfc86ec9c7ff623b6e09fb3b619 to remote] DEBUG org.asynchttpclient.netty.request.NettyRequestSender - Using pooled Channel '[id: 0xb595b2bf, L:/127.0.0.1:52882 - R:localhost/127.0.0.1:42367]' for 'POST' to 'http://localhost:42367/session/a51ffbfc86ec9c7ff623b6e09fb3b619/element/98FB57135932EA7AE35D0B7EA1D50C91_element_10/value'
19:20:20.521 [Forwarding sendKeysToElement on session a51ffbfc86ec9c7ff623b6e09fb3b619 to remote] DEBUG org.asynchttpclient.netty.request.NettyRequestSender - Using open Channel [id: 0xb595b2bf, L:/127.0.0.1:52882 - R:localhost/127.0.0.1:42367] for POST '/session/a51ffbfc86ec9c7ff623b6e09fb3b619/element/98FB57135932EA7AE35D0B7EA1D50C91_element_10/value'
19:20:20.617 [AsyncHttpClient-1-2] DEBUG org.asynchttpclient.netty.handler.HttpHandler - 

Request DefaultHttpRequest(decodeResult: success, version: HTTP/1.1)
POST /session/a51ffbfc86ec9c7ff623b6e09fb3b619/element/98FB57135932EA7AE35D0B7EA1D50C91_element_10/value HTTP/1.1
User-Agent: selenium/4.8.1 (java windows)
Content-Length: 188
Content-Type: application/json; charset=utf-8
host: localhost:42367
accept: */*

Response DefaultHttpResponse(decodeResult: success, version: HTTP/1.1)
HTTP/1.1 200 OK
Content-Length: 14
Content-Type: application/json; charset=utf-8
cache-control: no-cache

19:20:20.617 [AsyncHttpClient-1-2] DEBUG org.asynchttpclient.netty.channel.ChannelManager - Adding key: http://localhost:42367 for channel [id: 0xb595b2bf, L:/127.0.0.1:52882 - R:localhost/127.0.0.1:42367]
19:20:20.631 [Forwarding getAlertText on session a51ffbfc86ec9c7ff623b6e09fb3b619 to remote] DEBUG org.asynchttpclient.netty.request.NettyRequestSender - Using pooled Channel '[id: 0xb595b2bf, L:/127.0.0.1:52882 - R:localhost/127.0.0.1:42367]' for 'GET' to 'http://localhost:42367/session/a51ffbfc86ec9c7ff623b6e09fb3b619/alert/text'
19:20:20.631 [Forwarding getAlertText on session a51ffbfc86ec9c7ff623b6e09fb3b619 to remote] DEBUG org.asynchttpclient.netty.request.NettyRequestSender - Using open Channel [id: 0xb595b2bf, L:/127.0.0.1:52882 - R:localhost/127.0.0.1:42367] for GET '/session/a51ffbfc86ec9c7ff623b6e09fb3b619/alert/text'
19:20:20.633 [AsyncHttpClient-1-2] DEBUG org.asynchttpclient.netty.handler.HttpHandler - 

Request DefaultFullHttpRequest(decodeResult: success, version: HTTP/1.1, content: EmptyByteBufBE)
GET /session/a51ffbfc86ec9c7ff623b6e09fb3b619/alert/text HTTP/1.1
User-Agent: selenium/4.8.1 (java windows)
Cache-Control: no-cache
Content-Type: application/json; charset=utf-8
host: localhost:42367
accept: */*

Response DefaultHttpResponse(decodeResult: success, version: HTTP/1.1)
HTTP/1.1 404 Not Found
Content-Length: 847
Content-Type: application/json; charset=utf-8
cache-control: no-cache

19:20:20.633 [AsyncHttpClient-1-2] DEBUG org.asynchttpclient.netty.channel.ChannelManager - Adding key: http://localhost:42367 for channel [id: 0xb595b2bf, L:/127.0.0.1:52882 - R:localhost/127.0.0.1:42367]
19:20:20.635 [Forwarding getCurrentUrl on session a51ffbfc86ec9c7ff623b6e09fb3b619 to remote] DEBUG org.asynchttpclient.netty.request.NettyRequestSender - Using pooled Channel '[id: 0xb595b2bf, L:/127.0.0.1:52882 - R:localhost/127.0.0.1:42367]' for 'GET' to 'http://localhost:42367/session/a51ffbfc86ec9c7ff623b6e09fb3b619/url'
19:20:20.635 [Forwarding getCurrentUrl on session a51ffbfc86ec9c7ff623b6e09fb3b619 to remote] DEBUG org.asynchttpclient.netty.request.NettyRequestSender - Using open Channel [id: 0xb595b2bf, L:/127.0.0.1:52882 - R:localhost/127.0.0.1:42367] for GET '/session/a51ffbfc86ec9c7ff623b6e09fb3b619/url'
19:20:20.640 [AsyncHttpClient-1-2] DEBUG org.asynchttpclient.netty.handler.HttpHandler - 

Request DefaultFullHttpRequest(decodeResult: success, version: HTTP/1.1, content: EmptyByteBufBE)
GET /session/a51ffbfc86ec9c7ff623b6e09fb3b619/url HTTP/1.1
User-Agent: selenium/4.8.1 (java windows)
Cache-Control: no-cache
Content-Type: application/json; charset=utf-8
host: localhost:42367
accept: */*

Response DefaultHttpResponse(decodeResult: success, version: HTTP/1.1)
HTTP/1.1 200 OK
Content-Length: 54
Content-Type: application/json; charset=utf-8
cache-control: no-cache

19:20:20.640 [AsyncHttpClient-1-2] DEBUG org.asynchttpclient.netty.channel.ChannelManager - Adding key: http://localhost:42367 for channel [id: 0xb595b2bf, L:/127.0.0.1:52882 - R:localhost/127.0.0.1:42367]
19:20:20.642 [Forwarding screenshot on session a51ffbfc86ec9c7ff623b6e09fb3b619 to remote] DEBUG org.asynchttpclient.netty.request.NettyRequestSender - Using pooled Channel '[id: 0xb595b2bf, L:/127.0.0.1:52882 - R:localhost/127.0.0.1:42367]' for 'GET' to 'http://localhost:42367/session/a51ffbfc86ec9c7ff623b6e09fb3b619/screenshot'
19:20:20.642 [Forwarding screenshot on session a51ffbfc86ec9c7ff623b6e09fb3b619 to remote] DEBUG org.asynchttpclient.netty.request.NettyRequestSender - Using open Channel [id: 0xb595b2bf, L:/127.0.0.1:52882 - R:localhost/127.0.0.1:42367] for GET '/session/a51ffbfc86ec9c7ff623b6e09fb3b619/screenshot'
19:20:20.769 [AsyncHttpClient-1-2] DEBUG org.asynchttpclient.netty.handler.HttpHandler - 

Request DefaultFullHttpRequest(decodeResult: success, version: HTTP/1.1, content: EmptyByteBufBE)
GET /session/a51ffbfc86ec9c7ff623b6e09fb3b619/screenshot HTTP/1.1
User-Agent: selenium/4.8.1 (java windows)
Cache-Control: no-cache
Content-Type: application/json; charset=utf-8
host: localhost:42367
accept: */*

Response DefaultHttpResponse(decodeResult: success, version: HTTP/1.1)
HTTP/1.1 200 OK
Content-Length: 49140
Content-Type: application/json; charset=utf-8
cache-control: no-cache

19:20:20.770 [AsyncHttpClient-1-2] DEBUG org.asynchttpclient.netty.channel.ChannelManager - Adding key: http://localhost:42367 for channel [id: 0xb595b2bf, L:/127.0.0.1:52882 - R:localhost/127.0.0.1:42367]
19:20:20.773 [main] DEBUG net.serenitybdd.core.photography.Darkroom - Send negative for processing for target\site\serenity\e09e001b15177f0599eaecba041129c71e1b70bee5dbbe5fc25c48309e1619d9.png
19:20:20.774 [main] DEBUG net.thucydides.core.steps.StepInterceptor - STEP DONE: inputPasswordReg
19:20:20.774 [Darkroom Processing Line] DEBUG net.serenitybdd.core.photography.DarkroomProcessingLine - Processing screenshot image in /var/screenshots/screenshot-11633703471686506387
19:20:20.774 [Darkroom Processing Line] DEBUG net.serenitybdd.core.photography.DarkroomProcessingLine - Saving screenshot to target\site\serenity\e09e001b15177f0599eaecba041129c71e1b70bee5dbbe5fc25c48309e1619d9.png
  &amp#27;[32mAnd &amp#27;[0m&amp#27;[32mI input correct password for register&amp#27;[0m &amp#27;[90m# starter.stepdefinitions.RegisterSteps.inputPasswordReg()&amp#27;[0m
19:20:20.791 [Forwarding getPageSource on session a51ffbfc86ec9c7ff623b6e09fb3b619 to remote] DEBUG org.asynchttpclient.netty.request.NettyRequestSender - Using pooled Channel '[id: 0xb595b2bf, L:/127.0.0.1:52882 - R:localhost/127.0.0.1:42367]' for 'POST' to 'http://localhost:42367/session/a51ffbfc86ec9c7ff623b6e09fb3b619/execute/sync'
19:20:20.792 [Forwarding getPageSource on session a51ffbfc86ec9c7ff623b6e09fb3b619 to remote] DEBUG org.asynchttpclient.netty.request.NettyRequestSender - Using open Channel [id: 0xb595b2bf, L:/127.0.0.1:52882 - R:localhost/127.0.0.1:42367] for POST '/session/a51ffbfc86ec9c7ff623b6e09fb3b619/execute/sync'
19:20:20.802 [AsyncHttpClient-1-2] DEBUG org.asynchttpclient.netty.handler.HttpHandler - 

Request DefaultHttpRequest(decodeResult: success, version: HTTP/1.1)
POST /session/a51ffbfc86ec9c7ff623b6e09fb3b619/execute/sync HTTP/1.1
User-Agent: selenium/4.8.1 (java windows)
Content-Length: 176
Content-Type: application/json; charset=utf-8
host: localhost:42367
accept: */*

Response DefaultHttpResponse(decodeResult: success, version: HTTP/1.1)
HTTP/1.1 200 OK
Content-Length: 22553
Content-Type: application/json; charset=utf-8
cache-control: no-cache

19:20:20.802 [AsyncHttpClient-1-2] DEBUG org.asynchttpclient.netty.channel.ChannelManager - Adding key: http://localhost:42367 for channel [id: 0xb595b2bf, L:/127.0.0.1:52882 - R:localhost/127.0.0.1:42367]
19:20:20.807 [Forwarding getCurrentUrl on session a51ffbfc86ec9c7ff623b6e09fb3b619 to remote] DEBUG org.asynchttpclient.netty.request.NettyRequestSender - Using pooled Channel '[id: 0xb595b2bf, L:/127.0.0.1:52882 - R:localhost/127.0.0.1:42367]' for 'GET' to 'http://localhost:42367/session/a51ffbfc86ec9c7ff623b6e09fb3b619/url'
19:20:20.808 [Forwarding getCurrentUrl on session a51ffbfc86ec9c7ff623b6e09fb3b619 to remote] DEBUG org.asynchttpclient.netty.request.NettyRequestSender - Using open Channel [id: 0xb595b2bf, L:/127.0.0.1:52882 - R:localhost/127.0.0.1:42367] for GET '/session/a51ffbfc86ec9c7ff623b6e09fb3b619/url'
19:20:20.823 [AsyncHttpClient-1-2] DEBUG org.asynchttpclient.netty.handler.HttpHandler - 

Request DefaultFullHttpRequest(decodeResult: success, version: HTTP/1.1, content: EmptyByteBufBE)
GET /session/a51ffbfc86ec9c7ff623b6e09fb3b619/url HTTP/1.1
User-Agent: selenium/4.8.1 (java windows)
Cache-Control: no-cache
Content-Type: application/json; charset=utf-8
host: localhost:42367
accept: */*

Response DefaultHttpResponse(decodeResult: success, version: HTTP/1.1)
HTTP/1.1 200 OK
Content-Length: 54
Content-Type: application/json; charset=utf-8
cache-control: no-cache

19:20:20.823 [AsyncHttpClient-1-2] DEBUG org.asynchttpclient.netty.channel.ChannelManager - Adding key: http://localhost:42367 for channel [id: 0xb595b2bf, L:/127.0.0.1:52882 - R:localhost/127.0.0.1:42367]
19:20:20.839 [Forwarding getAlertText on session a51ffbfc86ec9c7ff623b6e09fb3b619 to remote] DEBUG org.asynchttpclient.netty.request.NettyRequestSender - Using pooled Channel '[id: 0xb595b2bf, L:/127.0.0.1:52882 - R:localhost/127.0.0.1:42367]' for 'GET' to 'http://localhost:42367/session/a51ffbfc86ec9c7ff623b6e09fb3b619/alert/text'
19:20:20.839 [Forwarding getAlertText on session a51ffbfc86ec9c7ff623b6e09fb3b619 to remote] DEBUG org.asynchttpclient.netty.request.NettyRequestSender - Using open Channel [id: 0xb595b2bf, L:/127.0.0.1:52882 - R:localhost/127.0.0.1:42367] for GET '/session/a51ffbfc86ec9c7ff623b6e09fb3b619/alert/text'
19:20:20.841 [AsyncHttpClient-1-2] DEBUG org.asynchttpclient.netty.handler.HttpHandler - 

Request DefaultFullHttpRequest(decodeResult: success, version: HTTP/1.1, content: EmptyByteBufBE)
GET /session/a51ffbfc86ec9c7ff623b6e09fb3b619/alert/text HTTP/1.1
User-Agent: selenium/4.8.1 (java windows)
Cache-Control: no-cache
Content-Type: application/json; charset=utf-8
host: localhost:42367
accept: */*

Response DefaultHttpResponse(decodeResult: success, version: HTTP/1.1)
HTTP/1.1 404 Not Found
Content-Length: 847
Content-Type: application/json; charset=utf-8
cache-control: no-cache

19:20:20.841 [AsyncHttpClient-1-2] DEBUG org.asynchttpclient.netty.channel.ChannelManager - Adding key: http://localhost:42367 for channel [id: 0xb595b2bf, L:/127.0.0.1:52882 - R:localhost/127.0.0.1:42367]
19:20:20.843 [Forwarding getCurrentUrl on session a51ffbfc86ec9c7ff623b6e09fb3b619 to remote] DEBUG org.asynchttpclient.netty.request.NettyRequestSender - Using pooled Channel '[id: 0xb595b2bf, L:/127.0.0.1:52882 - R:localhost/127.0.0.1:42367]' for 'GET' to 'http://localhost:42367/session/a51ffbfc86ec9c7ff623b6e09fb3b619/url'
19:20:20.843 [Forwarding getCurrentUrl on session a51ffbfc86ec9c7ff623b6e09fb3b619 to remote] DEBUG org.asynchttpclient.netty.request.NettyRequestSender - Using open Channel [id: 0xb595b2bf, L:/127.0.0.1:52882 - R:localhost/127.0.0.1:42367] for GET '/session/a51ffbfc86ec9c7ff623b6e09fb3b619/url'
19:20:20.850 [AsyncHttpClient-1-2] DEBUG org.asynchttpclient.netty.handler.HttpHandler - 

Request DefaultFullHttpRequest(decodeResult: success, version: HTTP/1.1, content: EmptyByteBufBE)
GET /session/a51ffbfc86ec9c7ff623b6e09fb3b619/url HTTP/1.1
User-Agent: selenium/4.8.1 (java windows)
Cache-Control: no-cache
Content-Type: application/json; charset=utf-8
host: localhost:42367
accept: */*

Response DefaultHttpResponse(decodeResult: success, version: HTTP/1.1)
HTTP/1.1 200 OK
Content-Length: 54
Content-Type: application/json; charset=utf-8
cache-control: no-cache

19:20:20.850 [AsyncHttpClient-1-2] DEBUG org.asynchttpclient.netty.channel.ChannelManager - Adding key: http://localhost:42367 for channel [id: 0xb595b2bf, L:/127.0.0.1:52882 - R:localhost/127.0.0.1:42367]
19:20:20.853 [Forwarding screenshot on session a51ffbfc86ec9c7ff623b6e09fb3b619 to remote] DEBUG org.asynchttpclient.netty.request.NettyRequestSender - Using pooled Channel '[id: 0xb595b2bf, L:/127.0.0.1:52882 - R:localhost/127.0.0.1:42367]' for 'GET' to 'http://localhost:42367/session/a51ffbfc86ec9c7ff623b6e09fb3b619/screenshot'
19:20:20.853 [Forwarding screenshot on session a51ffbfc86ec9c7ff623b6e09fb3b619 to remote] DEBUG org.asynchttpclient.netty.request.NettyRequestSender - Using open Channel [id: 0xb595b2bf, L:/127.0.0.1:52882 - R:localhost/127.0.0.1:42367] for GET '/session/a51ffbfc86ec9c7ff623b6e09fb3b619/screenshot'
19:20:20.898 [AsyncHttpClient-1-1] DEBUG org.asynchttpclient.netty.channel.DefaultChannelPool - Entry count for : http://localhost:52883 : 1
19:20:20.986 [AsyncHttpClient-1-2] DEBUG org.asynchttpclient.netty.handler.HttpHandler - 

Request DefaultFullHttpRequest(decodeResult: success, version: HTTP/1.1, content: EmptyByteBufBE)
GET /session/a51ffbfc86ec9c7ff623b6e09fb3b619/screenshot HTTP/1.1
User-Agent: selenium/4.8.1 (java windows)
Cache-Control: no-cache
Content-Type: application/json; charset=utf-8
host: localhost:42367
accept: */*

Response DefaultHttpResponse(decodeResult: success, version: HTTP/1.1)
HTTP/1.1 200 OK
Content-Length: 48112
Content-Type: application/json; charset=utf-8
cache-control: no-cache

19:20:20.987 [AsyncHttpClient-1-2] DEBUG org.asynchttpclient.netty.channel.ChannelManager - Adding key: http://localhost:42367 for channel [id: 0xb595b2bf, L:/127.0.0.1:52882 - R:localhost/127.0.0.1:42367]
19:20:20.990 [main] DEBUG net.serenitybdd.core.photography.Darkroom - Send negative for processing for target\site\serenity\caa2a412bf91420f6a673b8c39f247ef78cae8fd6abc4f5c1ac8960a91cd09cc.png
19:20:20.991 [Darkroom Processing Line] DEBUG net.serenitybdd.core.photography.DarkroomProcessingLine - Processing screenshot image in /var/screenshots/screenshot-9445480884849185673
19:20:20.991 [Darkroom Processing Line] DEBUG net.serenitybdd.core.photography.DarkroomProcessingLine - Saving screenshot to target\site\serenity\caa2a412bf91420f6a673b8c39f247ef78cae8fd6abc4f5c1ac8960a91cd09cc.png
19:20:20.993 [Forwarding getPageSource on session a51ffbfc86ec9c7ff623b6e09fb3b619 to remote] DEBUG org.asynchttpclient.netty.request.NettyRequestSender - Using pooled Channel '[id: 0xb595b2bf, L:/127.0.0.1:52882 - R:localhost/127.0.0.1:42367]' for 'POST' to 'http://localhost:42367/session/a51ffbfc86ec9c7ff623b6e09fb3b619/execute/sync'
19:20:20.993 [Forwarding getPageSource on session a51ffbfc86ec9c7ff623b6e09fb3b619 to remote] DEBUG org.asynchttpclient.netty.request.NettyRequestSender - Using open Channel [id: 0xb595b2bf, L:/127.0.0.1:52882 - R:localhost/127.0.0.1:42367] for POST '/session/a51ffbfc86ec9c7ff623b6e09fb3b619/execute/sync'
19:20:21.001 [AsyncHttpClient-1-2] DEBUG org.asynchttpclient.netty.handler.HttpHandler - 

Request DefaultHttpRequest(decodeResult: success, version: HTTP/1.1)
POST /session/a51ffbfc86ec9c7ff623b6e09fb3b619/execute/sync HTTP/1.1
User-Agent: selenium/4.8.1 (java windows)
Content-Length: 176
Content-Type: application/json; charset=utf-8
host: localhost:42367
accept: */*

Response DefaultHttpResponse(decodeResult: success, version: HTTP/1.1)
HTTP/1.1 200 OK
Content-Length: 22553
Content-Type: application/json; charset=utf-8
cache-control: no-cache

19:20:21.001 [AsyncHttpClient-1-2] DEBUG org.asynchttpclient.netty.channel.ChannelManager - Adding key: http://localhost:42367 for channel [id: 0xb595b2bf, L:/127.0.0.1:52882 - R:localhost/127.0.0.1:42367]
19:20:21.007 [Forwarding getCurrentUrl on session a51ffbfc86ec9c7ff623b6e09fb3b619 to remote] DEBUG org.asynchttpclient.netty.request.NettyRequestSender - Using pooled Channel '[id: 0xb595b2bf, L:/127.0.0.1:52882 - R:localhost/127.0.0.1:42367]' for 'GET' to 'http://localhost:42367/session/a51ffbfc86ec9c7ff623b6e09fb3b619/url'
19:20:21.007 [Forwarding getCurrentUrl on session a51ffbfc86ec9c7ff623b6e09fb3b619 to remote] DEBUG org.asynchttpclient.netty.request.NettyRequestSender - Using open Channel [id: 0xb595b2bf, L:/127.0.0.1:52882 - R:localhost/127.0.0.1:42367] for GET '/session/a51ffbfc86ec9c7ff623b6e09fb3b619/url'
19:20:21.026 [AsyncHttpClient-1-2] DEBUG org.asynchttpclient.netty.handler.HttpHandler - 

Request DefaultFullHttpRequest(decodeResult: success, version: HTTP/1.1, content: EmptyByteBufBE)
GET /session/a51ffbfc86ec9c7ff623b6e09fb3b619/url HTTP/1.1
User-Agent: selenium/4.8.1 (java windows)
Cache-Control: no-cache
Content-Type: application/json; charset=utf-8
host: localhost:42367
accept: */*

Response DefaultHttpResponse(decodeResult: success, version: HTTP/1.1)
HTTP/1.1 200 OK
Content-Length: 54
Content-Type: application/json; charset=utf-8
cache-control: no-cache

19:20:21.026 [AsyncHttpClient-1-2] DEBUG org.asynchttpclient.netty.channel.ChannelManager - Adding key: http://localhost:42367 for channel [id: 0xb595b2bf, L:/127.0.0.1:52882 - R:localhost/127.0.0.1:42367]
19:20:21.028 [main] DEBUG net.thucydides.core.steps.StepInterceptor - STARTING STEP: RegisterSteps.ClickRegisterButton - ClickRegisterButton
19:20:21.035 [Forwarding findElement on session a51ffbfc86ec9c7ff623b6e09fb3b619 to remote] DEBUG org.asynchttpclient.netty.request.NettyRequestSender - Using pooled Channel '[id: 0xb595b2bf, L:/127.0.0.1:52882 - R:localhost/127.0.0.1:42367]' for 'POST' to 'http://localhost:42367/session/a51ffbfc86ec9c7ff623b6e09fb3b619/element'
19:20:21.035 [Forwarding findElement on session a51ffbfc86ec9c7ff623b6e09fb3b619 to remote] DEBUG org.asynchttpclient.netty.request.NettyRequestSender - Using open Channel [id: 0xb595b2bf, L:/127.0.0.1:52882 - R:localhost/127.0.0.1:42367] for POST '/session/a51ffbfc86ec9c7ff623b6e09fb3b619/element'
19:20:21.056 [AsyncHttpClient-1-2] DEBUG org.asynchttpclient.netty.handler.HttpHandler - 

Request DefaultHttpRequest(decodeResult: success, version: HTTP/1.1)
POST /session/a51ffbfc86ec9c7ff623b6e09fb3b619/element HTTP/1.1
User-Agent: selenium/4.8.1 (java windows)
Content-Length: 71
Content-Type: application/json; charset=utf-8
host: localhost:42367
accept: */*

Response DefaultHttpResponse(decodeResult: success, version: HTTP/1.1)
HTTP/1.1 200 OK
Content-Length: 95
Content-Type: application/json; charset=utf-8
cache-control: no-cache

19:20:21.056 [AsyncHttpClient-1-2] DEBUG org.asynchttpclient.netty.channel.ChannelManager - Adding key: http://localhost:42367 for channel [id: 0xb595b2bf, L:/127.0.0.1:52882 - R:localhost/127.0.0.1:42367]
19:20:21.060 [Forwarding getElementTagName on session a51ffbfc86ec9c7ff623b6e09fb3b619 to remote] DEBUG org.asynchttpclient.netty.request.NettyRequestSender - Using pooled Channel '[id: 0xb595b2bf, L:/127.0.0.1:52882 - R:localhost/127.0.0.1:42367]' for 'GET' to 'http://localhost:42367/session/a51ffbfc86ec9c7ff623b6e09fb3b619/element/98FB57135932EA7AE35D0B7EA1D50C91_element_11/name'
19:20:21.060 [Forwarding getElementTagName on session a51ffbfc86ec9c7ff623b6e09fb3b619 to remote] DEBUG org.asynchttpclient.netty.request.NettyRequestSender - Using open Channel [id: 0xb595b2bf, L:/127.0.0.1:52882 - R:localhost/127.0.0.1:42367] for GET '/session/a51ffbfc86ec9c7ff623b6e09fb3b619/element/98FB57135932EA7AE35D0B7EA1D50C91_element_11/name'
19:20:21.077 [AsyncHttpClient-1-2] DEBUG org.asynchttpclient.netty.handler.HttpHandler - 

Request DefaultFullHttpRequest(decodeResult: success, version: HTTP/1.1, content: EmptyByteBufBE)
GET /session/a51ffbfc86ec9c7ff623b6e09fb3b619/element/98FB57135932EA7AE35D0B7EA1D50C91_element_11/name HTTP/1.1
User-Agent: selenium/4.8.1 (java windows)
Cache-Control: no-cache
Content-Type: application/json; charset=utf-8
host: localhost:42367
accept: */*

Response DefaultHttpResponse(decodeResult: success, version: HTTP/1.1)
HTTP/1.1 200 OK
Content-Length: 18
Content-Type: application/json; charset=utf-8
cache-control: no-cache

19:20:21.078 [AsyncHttpClient-1-2] DEBUG org.asynchttpclient.netty.channel.ChannelManager - Adding key: http://localhost:42367 for channel [id: 0xb595b2bf, L:/127.0.0.1:52882 - R:localhost/127.0.0.1:42367]
19:20:21.081 [Forwarding getElementTagName on session a51ffbfc86ec9c7ff623b6e09fb3b619 to remote] DEBUG org.asynchttpclient.netty.request.NettyRequestSender - Using pooled Channel '[id: 0xb595b2bf, L:/127.0.0.1:52882 - R:localhost/127.0.0.1:42367]' for 'GET' to 'http://localhost:42367/session/a51ffbfc86ec9c7ff623b6e09fb3b619/element/98FB57135932EA7AE35D0B7EA1D50C91_element_11/name'
19:20:21.081 [Forwarding getElementTagName on session a51ffbfc86ec9c7ff623b6e09fb3b619 to remote] DEBUG org.asynchttpclient.netty.request.NettyRequestSender - Using open Channel [id: 0xb595b2bf, L:/127.0.0.1:52882 - R:localhost/127.0.0.1:42367] for GET '/session/a51ffbfc86ec9c7ff623b6e09fb3b619/element/98FB57135932EA7AE35D0B7EA1D50C91_element_11/name'
19:20:21.103 [AsyncHttpClient-1-2] DEBUG org.asynchttpclient.netty.handler.HttpHandler - 

Request DefaultFullHttpRequest(decodeResult: success, version: HTTP/1.1, content: EmptyByteBufBE)
GET /session/a51ffbfc86ec9c7ff623b6e09fb3b619/element/98FB57135932EA7AE35D0B7EA1D50C91_element_11/name HTTP/1.1
User-Agent: selenium/4.8.1 (java windows)
Cache-Control: no-cache
Content-Type: application/json; charset=utf-8
host: localhost:42367
accept: */*

Response DefaultHttpResponse(decodeResult: success, version: HTTP/1.1)
HTTP/1.1 200 OK
Content-Length: 18
Content-Type: application/json; charset=utf-8
cache-control: no-cache

19:20:21.103 [AsyncHttpClient-1-2] DEBUG org.asynchttpclient.netty.channel.ChannelManager - Adding key: http://localhost:42367 for channel [id: 0xb595b2bf, L:/127.0.0.1:52882 - R:localhost/127.0.0.1:42367]
19:20:21.113 [Forwarding isElementEnabled on session a51ffbfc86ec9c7ff623b6e09fb3b619 to remote] DEBUG org.asynchttpclient.netty.request.NettyRequestSender - Using pooled Channel '[id: 0xb595b2bf, L:/127.0.0.1:52882 - R:localhost/127.0.0.1:42367]' for 'GET' to 'http://localhost:42367/session/a51ffbfc86ec9c7ff623b6e09fb3b619/element/98FB57135932EA7AE35D0B7EA1D50C91_element_11/enabled'
19:20:21.113 [Forwarding isElementEnabled on session a51ffbfc86ec9c7ff623b6e09fb3b619 to remote] DEBUG org.asynchttpclient.netty.request.NettyRequestSender - Using open Channel [id: 0xb595b2bf, L:/127.0.0.1:52882 - R:localhost/127.0.0.1:42367] for GET '/session/a51ffbfc86ec9c7ff623b6e09fb3b619/element/98FB57135932EA7AE35D0B7EA1D50C91_element_11/enabled'
19:20:21.220 [AsyncHttpClient-1-2] DEBUG org.asynchttpclient.netty.handler.HttpHandler - 

Request DefaultFullHttpRequest(decodeResult: success, version: HTTP/1.1, content: EmptyByteBufBE)
GET /session/a51ffbfc86ec9c7ff623b6e09fb3b619/element/98FB57135932EA7AE35D0B7EA1D50C91_element_11/enabled HTTP/1.1
User-Agent: selenium/4.8.1 (java windows)
Cache-Control: no-cache
Content-Type: application/json; charset=utf-8
host: localhost:42367
accept: */*

Response DefaultHttpResponse(decodeResult: success, version: HTTP/1.1)
HTTP/1.1 200 OK
Content-Length: 14
Content-Type: application/json; charset=utf-8
cache-control: no-cache

19:20:21.220 [AsyncHttpClient-1-2] DEBUG org.asynchttpclient.netty.channel.ChannelManager - Adding key: http://localhost:42367 for channel [id: 0xb595b2bf, L:/127.0.0.1:52882 - R:localhost/127.0.0.1:42367]
19:20:21.223 [Forwarding isElementEnabled on session a51ffbfc86ec9c7ff623b6e09fb3b619 to remote] DEBUG org.asynchttpclient.netty.request.NettyRequestSender - Using pooled Channel '[id: 0xb595b2bf, L:/127.0.0.1:52882 - R:localhost/127.0.0.1:42367]' for 'GET' to 'http://localhost:42367/session/a51ffbfc86ec9c7ff623b6e09fb3b619/element/98FB57135932EA7AE35D0B7EA1D50C91_element_11/enabled'
19:20:21.224 [Forwarding isElementEnabled on session a51ffbfc86ec9c7ff623b6e09fb3b619 to remote] DEBUG org.asynchttpclient.netty.request.NettyRequestSender - Using open Channel [id: 0xb595b2bf, L:/127.0.0.1:52882 - R:localhost/127.0.0.1:42367] for GET '/session/a51ffbfc86ec9c7ff623b6e09fb3b619/element/98FB57135932EA7AE35D0B7EA1D50C91_element_11/enabled'
19:20:21.259 [AsyncHttpClient-1-2] DEBUG org.asynchttpclient.netty.handler.HttpHandler - 

Request DefaultFullHttpRequest(decodeResult: success, version: HTTP/1.1, content: EmptyByteBufBE)
GET /session/a51ffbfc86ec9c7ff623b6e09fb3b619/element/98FB57135932EA7AE35D0B7EA1D50C91_element_11/enabled HTTP/1.1
User-Agent: selenium/4.8.1 (java windows)
Cache-Control: no-cache
Content-Type: application/json; charset=utf-8
host: localhost:42367
accept: */*

Response DefaultHttpResponse(decodeResult: success, version: HTTP/1.1)
HTTP/1.1 200 OK
Content-Length: 14
Content-Type: application/json; charset=utf-8
cache-control: no-cache

19:20:21.259 [AsyncHttpClient-1-2] DEBUG org.asynchttpclient.netty.channel.ChannelManager - Adding key: http://localhost:42367 for channel [id: 0xb595b2bf, L:/127.0.0.1:52882 - R:localhost/127.0.0.1:42367]
19:20:21.263 [Forwarding findElement on session a51ffbfc86ec9c7ff623b6e09fb3b619 to remote] DEBUG org.asynchttpclient.netty.request.NettyRequestSender - Using pooled Channel '[id: 0xb595b2bf, L:/127.0.0.1:52882 - R:localhost/127.0.0.1:42367]' for 'POST' to 'http://localhost:42367/session/a51ffbfc86ec9c7ff623b6e09fb3b619/element'
19:20:21.263 [Forwarding findElement on session a51ffbfc86ec9c7ff623b6e09fb3b619 to remote] DEBUG org.asynchttpclient.netty.request.NettyRequestSender - Using open Channel [id: 0xb595b2bf, L:/127.0.0.1:52882 - R:localhost/127.0.0.1:42367] for POST '/session/a51ffbfc86ec9c7ff623b6e09fb3b619/element'
19:20:21.284 [AsyncHttpClient-1-2] DEBUG org.asynchttpclient.netty.handler.HttpHandler - 

Request DefaultHttpRequest(decodeResult: success, version: HTTP/1.1)
POST /session/a51ffbfc86ec9c7ff623b6e09fb3b619/element HTTP/1.1
User-Agent: selenium/4.8.1 (java windows)
Content-Length: 71
Content-Type: application/json; charset=utf-8
host: localhost:42367
accept: */*

Response DefaultHttpResponse(decodeResult: success, version: HTTP/1.1)
HTTP/1.1 200 OK
Content-Length: 95
Content-Type: application/json; charset=utf-8
cache-control: no-cache

19:20:21.285 [AsyncHttpClient-1-2] DEBUG org.asynchttpclient.netty.channel.ChannelManager - Adding key: http://localhost:42367 for channel [id: 0xb595b2bf, L:/127.0.0.1:52882 - R:localhost/127.0.0.1:42367]
19:20:21.286 [Forwarding clickElement on session a51ffbfc86ec9c7ff623b6e09fb3b619 to remote] DEBUG org.asynchttpclient.netty.request.NettyRequestSender - Using pooled Channel '[id: 0xb595b2bf, L:/127.0.0.1:52882 - R:localhost/127.0.0.1:42367]' for 'POST' to 'http://localhost:42367/session/a51ffbfc86ec9c7ff623b6e09fb3b619/element/98FB57135932EA7AE35D0B7EA1D50C91_element_11/click'
19:20:21.286 [Forwarding clickElement on session a51ffbfc86ec9c7ff623b6e09fb3b619 to remote] DEBUG org.asynchttpclient.netty.request.NettyRequestSender - Using open Channel [id: 0xb595b2bf, L:/127.0.0.1:52882 - R:localhost/127.0.0.1:42367] for POST '/session/a51ffbfc86ec9c7ff623b6e09fb3b619/element/98FB57135932EA7AE35D0B7EA1D50C91_element_11/click'
19:20:21.495 [AsyncHttpClient-1-2] DEBUG org.asynchttpclient.netty.handler.HttpHandler - 

Request DefaultHttpRequest(decodeResult: success, version: HTTP/1.1)
POST /session/a51ffbfc86ec9c7ff623b6e09fb3b619/element/98FB57135932EA7AE35D0B7EA1D50C91_element_11/click HTTP/1.1
User-Agent: selenium/4.8.1 (java windows)
Content-Length: 57
Content-Type: application/json; charset=utf-8
host: localhost:42367
accept: */*

Response DefaultHttpResponse(decodeResult: success, version: HTTP/1.1)
HTTP/1.1 200 OK
Content-Length: 14
Content-Type: application/json; charset=utf-8
cache-control: no-cache

19:20:21.496 [AsyncHttpClient-1-2] DEBUG org.asynchttpclient.netty.channel.ChannelManager - Adding key: http://localhost:42367 for channel [id: 0xb595b2bf, L:/127.0.0.1:52882 - R:localhost/127.0.0.1:42367]
19:20:21.507 [Forwarding getAlertText on session a51ffbfc86ec9c7ff623b6e09fb3b619 to remote] DEBUG org.asynchttpclient.netty.request.NettyRequestSender - Using pooled Channel '[id: 0xb595b2bf, L:/127.0.0.1:52882 - R:localhost/127.0.0.1:42367]' for 'GET' to 'http://localhost:42367/session/a51ffbfc86ec9c7ff623b6e09fb3b619/alert/text'
19:20:21.508 [Forwarding getAlertText on session a51ffbfc86ec9c7ff623b6e09fb3b619 to remote] DEBUG org.asynchttpclient.netty.request.NettyRequestSender - Using open Channel [id: 0xb595b2bf, L:/127.0.0.1:52882 - R:localhost/127.0.0.1:42367] for GET '/session/a51ffbfc86ec9c7ff623b6e09fb3b619/alert/text'
19:20:21.525 [AsyncHttpClient-1-2] DEBUG org.asynchttpclient.netty.handler.HttpHandler - 

Request DefaultFullHttpRequest(decodeResult: success, version: HTTP/1.1, content: EmptyByteBufBE)
GET /session/a51ffbfc86ec9c7ff623b6e09fb3b619/alert/text HTTP/1.1
User-Agent: selenium/4.8.1 (java windows)
Cache-Control: no-cache
Content-Type: application/json; charset=utf-8
host: localhost:42367
accept: */*

Response DefaultHttpResponse(decodeResult: success, version: HTTP/1.1)
HTTP/1.1 404 Not Found
Content-Length: 847
Content-Type: application/json; charset=utf-8
cache-control: no-cache

19:20:21.525 [AsyncHttpClient-1-2] DEBUG org.asynchttpclient.netty.channel.ChannelManager - Adding key: http://localhost:42367 for channel [id: 0xb595b2bf, L:/127.0.0.1:52882 - R:localhost/127.0.0.1:42367]
19:20:21.527 [Forwarding getCurrentUrl on session a51ffbfc86ec9c7ff623b6e09fb3b619 to remote] DEBUG org.asynchttpclient.netty.request.NettyRequestSender - Using pooled Channel '[id: 0xb595b2bf, L:/127.0.0.1:52882 - R:localhost/127.0.0.1:42367]' for 'GET' to 'http://localhost:42367/session/a51ffbfc86ec9c7ff623b6e09fb3b619/url'
19:20:21.527 [Forwarding getCurrentUrl on session a51ffbfc86ec9c7ff623b6e09fb3b619 to remote] DEBUG org.asynchttpclient.netty.request.NettyRequestSender - Using open Channel [id: 0xb595b2bf, L:/127.0.0.1:52882 - R:localhost/127.0.0.1:42367] for GET '/session/a51ffbfc86ec9c7ff623b6e09fb3b619/url'
19:20:21.542 [AsyncHttpClient-1-2] DEBUG org.asynchttpclient.netty.handler.HttpHandler - 

Request DefaultFullHttpRequest(decodeResult: success, version: HTTP/1.1, content: EmptyByteBufBE)
GET /session/a51ffbfc86ec9c7ff623b6e09fb3b619/url HTTP/1.1
User-Agent: selenium/4.8.1 (java windows)
Cache-Control: no-cache
Content-Type: application/json; charset=utf-8
host: localhost:42367
accept: */*

Response DefaultHttpResponse(decodeResult: success, version: HTTP/1.1)
HTTP/1.1 200 OK
Content-Length: 54
Content-Type: application/json; charset=utf-8
cache-control: no-cache

19:20:21.542 [AsyncHttpClient-1-2] DEBUG org.asynchttpclient.netty.channel.ChannelManager - Adding key: http://localhost:42367 for channel [id: 0xb595b2bf, L:/127.0.0.1:52882 - R:localhost/127.0.0.1:42367]
19:20:21.544 [Forwarding screenshot on session a51ffbfc86ec9c7ff623b6e09fb3b619 to remote] DEBUG org.asynchttpclient.netty.request.NettyRequestSender - Using pooled Channel '[id: 0xb595b2bf, L:/127.0.0.1:52882 - R:localhost/127.0.0.1:42367]' for 'GET' to 'http://localhost:42367/session/a51ffbfc86ec9c7ff623b6e09fb3b619/screenshot'
19:20:21.544 [Forwarding screenshot on session a51ffbfc86ec9c7ff623b6e09fb3b619 to remote] DEBUG org.asynchttpclient.netty.request.NettyRequestSender - Using open Channel [id: 0xb595b2bf, L:/127.0.0.1:52882 - R:localhost/127.0.0.1:42367] for GET '/session/a51ffbfc86ec9c7ff623b6e09fb3b619/screenshot'
19:20:21.713 [AsyncHttpClient-1-2] DEBUG org.asynchttpclient.netty.handler.HttpHandler - 

Request DefaultFullHttpRequest(decodeResult: success, version: HTTP/1.1, content: EmptyByteBufBE)
GET /session/a51ffbfc86ec9c7ff623b6e09fb3b619/screenshot HTTP/1.1
User-Agent: selenium/4.8.1 (java windows)
Cache-Control: no-cache
Content-Type: application/json; charset=utf-8
host: localhost:42367
accept: */*

Response DefaultHttpResponse(decodeResult: success, version: HTTP/1.1)
HTTP/1.1 200 OK
Content-Length: 48112
Content-Type: application/json; charset=utf-8
cache-control: no-cache

19:20:21.714 [AsyncHttpClient-1-2] DEBUG org.asynchttpclient.netty.channel.ChannelManager - Adding key: http://localhost:42367 for channel [id: 0xb595b2bf, L:/127.0.0.1:52882 - R:localhost/127.0.0.1:42367]
19:20:21.718 [main] DEBUG net.serenitybdd.core.photography.Darkroom - Send negative for processing for target\site\serenity\184cc0448e8d40c66bf4c4446183c7f590cc930e6776e51ee8bc4869eb3ad8f1.png
19:20:21.718 [main] DEBUG net.thucydides.core.steps.StepInterceptor - STEP DONE: ClickRegisterButton
19:20:21.718 [Darkroom Processing Line] DEBUG net.serenitybdd.core.photography.DarkroomProcessingLine - Processing screenshot image in /var/screenshots/screenshot-14414375438024692354
  &amp#27;[32mAnd &amp#27;[0m&amp#27;[32mI click on the register button&amp#27;[0m        &amp#27;[90m# starter.stepdefinitions.RegisterSteps.ClickRegisterButton()&amp#27;[0m
19:20:21.719 [Darkroom Processing Line] DEBUG net.serenitybdd.core.photography.DarkroomProcessingLine - Saving screenshot to target\site\serenity\184cc0448e8d40c66bf4c4446183c7f590cc930e6776e51ee8bc4869eb3ad8f1.png
19:20:21.736 [Forwarding getPageSource on session a51ffbfc86ec9c7ff623b6e09fb3b619 to remote] DEBUG org.asynchttpclient.netty.request.NettyRequestSender - Using pooled Channel '[id: 0xb595b2bf, L:/127.0.0.1:52882 - R:localhost/127.0.0.1:42367]' for 'POST' to 'http://localhost:42367/session/a51ffbfc86ec9c7ff623b6e09fb3b619/execute/sync'
19:20:21.737 [Forwarding getPageSource on session a51ffbfc86ec9c7ff623b6e09fb3b619 to remote] DEBUG org.asynchttpclient.netty.request.NettyRequestSender - Using open Channel [id: 0xb595b2bf, L:/127.0.0.1:52882 - R:localhost/127.0.0.1:42367] for POST '/session/a51ffbfc86ec9c7ff623b6e09fb3b619/execute/sync'
19:20:21.746 [AsyncHttpClient-1-2] DEBUG org.asynchttpclient.netty.handler.HttpHandler - 

Request DefaultHttpRequest(decodeResult: success, version: HTTP/1.1)
POST /session/a51ffbfc86ec9c7ff623b6e09fb3b619/execute/sync HTTP/1.1
User-Agent: selenium/4.8.1 (java windows)
Content-Length: 176
Content-Type: application/json; charset=utf-8
host: localhost:42367
accept: */*

Response DefaultHttpResponse(decodeResult: success, version: HTTP/1.1)
HTTP/1.1 200 OK
Content-Length: 22822
Content-Type: application/json; charset=utf-8
cache-control: no-cache

19:20:21.747 [AsyncHttpClient-1-2] DEBUG org.asynchttpclient.netty.channel.ChannelManager - Adding key: http://localhost:42367 for channel [id: 0xb595b2bf, L:/127.0.0.1:52882 - R:localhost/127.0.0.1:42367]
19:20:21.751 [Forwarding getCurrentUrl on session a51ffbfc86ec9c7ff623b6e09fb3b619 to remote] DEBUG org.asynchttpclient.netty.request.NettyRequestSender - Using pooled Channel '[id: 0xb595b2bf, L:/127.0.0.1:52882 - R:localhost/127.0.0.1:42367]' for 'GET' to 'http://localhost:42367/session/a51ffbfc86ec9c7ff623b6e09fb3b619/url'
19:20:21.752 [Forwarding getCurrentUrl on session a51ffbfc86ec9c7ff623b6e09fb3b619 to remote] DEBUG org.asynchttpclient.netty.request.NettyRequestSender - Using open Channel [id: 0xb595b2bf, L:/127.0.0.1:52882 - R:localhost/127.0.0.1:42367] for GET '/session/a51ffbfc86ec9c7ff623b6e09fb3b619/url'
19:20:21.758 [AsyncHttpClient-1-2] DEBUG org.asynchttpclient.netty.handler.HttpHandler - 

Request DefaultFullHttpRequest(decodeResult: success, version: HTTP/1.1, content: EmptyByteBufBE)
GET /session/a51ffbfc86ec9c7ff623b6e09fb3b619/url HTTP/1.1
User-Agent: selenium/4.8.1 (java windows)
Cache-Control: no-cache
Content-Type: application/json; charset=utf-8
host: localhost:42367
accept: */*

Response DefaultHttpResponse(decodeResult: success, version: HTTP/1.1)
HTTP/1.1 200 OK
Content-Length: 54
Content-Type: application/json; charset=utf-8
cache-control: no-cache

19:20:21.759 [AsyncHttpClient-1-2] DEBUG org.asynchttpclient.netty.channel.ChannelManager - Adding key: http://localhost:42367 for channel [id: 0xb595b2bf, L:/127.0.0.1:52882 - R:localhost/127.0.0.1:42367]
19:20:21.775 [Forwarding getAlertText on session a51ffbfc86ec9c7ff623b6e09fb3b619 to remote] DEBUG org.asynchttpclient.netty.request.NettyRequestSender - Using pooled Channel '[id: 0xb595b2bf, L:/127.0.0.1:52882 - R:localhost/127.0.0.1:42367]' for 'GET' to 'http://localhost:42367/session/a51ffbfc86ec9c7ff623b6e09fb3b619/alert/text'
19:20:21.775 [Forwarding getAlertText on session a51ffbfc86ec9c7ff623b6e09fb3b619 to remote] DEBUG org.asynchttpclient.netty.request.NettyRequestSender - Using open Channel [id: 0xb595b2bf, L:/127.0.0.1:52882 - R:localhost/127.0.0.1:42367] for GET '/session/a51ffbfc86ec9c7ff623b6e09fb3b619/alert/text'
19:20:21.779 [AsyncHttpClient-1-2] DEBUG org.asynchttpclient.netty.handler.HttpHandler - 

Request DefaultFullHttpRequest(decodeResult: success, version: HTTP/1.1, content: EmptyByteBufBE)
GET /session/a51ffbfc86ec9c7ff623b6e09fb3b619/alert/text HTTP/1.1
User-Agent: selenium/4.8.1 (java windows)
Cache-Control: no-cache
Content-Type: application/json; charset=utf-8
host: localhost:42367
accept: */*

Response DefaultHttpResponse(decodeResult: success, version: HTTP/1.1)
HTTP/1.1 404 Not Found
Content-Length: 847
Content-Type: application/json; charset=utf-8
cache-control: no-cache

19:20:21.780 [AsyncHttpClient-1-2] DEBUG org.asynchttpclient.netty.channel.ChannelManager - Adding key: http://localhost:42367 for channel [id: 0xb595b2bf, L:/127.0.0.1:52882 - R:localhost/127.0.0.1:42367]
19:20:21.782 [Forwarding getCurrentUrl on session a51ffbfc86ec9c7ff623b6e09fb3b619 to remote] DEBUG org.asynchttpclient.netty.request.NettyRequestSender - Using pooled Channel '[id: 0xb595b2bf, L:/127.0.0.1:52882 - R:localhost/127.0.0.1:42367]' for 'GET' to 'http://localhost:42367/session/a51ffbfc86ec9c7ff623b6e09fb3b619/url'
19:20:21.783 [Forwarding getCurrentUrl on session a51ffbfc86ec9c7ff623b6e09fb3b619 to remote] DEBUG org.asynchttpclient.netty.request.NettyRequestSender - Using open Channel [id: 0xb595b2bf, L:/127.0.0.1:52882 - R:localhost/127.0.0.1:42367] for GET '/session/a51ffbfc86ec9c7ff623b6e09fb3b619/url'
19:20:21.791 [AsyncHttpClient-1-2] DEBUG org.asynchttpclient.netty.handler.HttpHandler - 

Request DefaultFullHttpRequest(decodeResult: success, version: HTTP/1.1, content: EmptyByteBufBE)
GET /session/a51ffbfc86ec9c7ff623b6e09fb3b619/url HTTP/1.1
User-Agent: selenium/4.8.1 (java windows)
Cache-Control: no-cache
Content-Type: application/json; charset=utf-8
host: localhost:42367
accept: */*

Response DefaultHttpResponse(decodeResult: success, version: HTTP/1.1)
HTTP/1.1 200 OK
Content-Length: 54
Content-Type: application/json; charset=utf-8
cache-control: no-cache

19:20:21.792 [AsyncHttpClient-1-2] DEBUG org.asynchttpclient.netty.channel.ChannelManager - Adding key: http://localhost:42367 for channel [id: 0xb595b2bf, L:/127.0.0.1:52882 - R:localhost/127.0.0.1:42367]
19:20:21.794 [Forwarding screenshot on session a51ffbfc86ec9c7ff623b6e09fb3b619 to remote] DEBUG org.asynchttpclient.netty.request.NettyRequestSender - Using pooled Channel '[id: 0xb595b2bf, L:/127.0.0.1:52882 - R:localhost/127.0.0.1:42367]' for 'GET' to 'http://localhost:42367/session/a51ffbfc86ec9c7ff623b6e09fb3b619/screenshot'
19:20:21.794 [Forwarding screenshot on session a51ffbfc86ec9c7ff623b6e09fb3b619 to remote] DEBUG org.asynchttpclient.netty.request.NettyRequestSender - Using open Channel [id: 0xb595b2bf, L:/127.0.0.1:52882 - R:localhost/127.0.0.1:42367] for GET '/session/a51ffbfc86ec9c7ff623b6e09fb3b619/screenshot'
19:20:21.929 [AsyncHttpClient-1-2] DEBUG org.asynchttpclient.netty.handler.HttpHandler - 

Request DefaultFullHttpRequest(decodeResult: success, version: HTTP/1.1, content: EmptyByteBufBE)
GET /session/a51ffbfc86ec9c7ff623b6e09fb3b619/screenshot HTTP/1.1
User-Agent: selenium/4.8.1 (java windows)
Cache-Control: no-cache
Content-Type: application/json; charset=utf-8
host: localhost:42367
accept: */*

Response DefaultHttpResponse(decodeResult: success, version: HTTP/1.1)
HTTP/1.1 200 OK
Content-Length: 47048
Content-Type: application/json; charset=utf-8
cache-control: no-cache

19:20:21.929 [AsyncHttpClient-1-2] DEBUG org.asynchttpclient.netty.channel.ChannelManager - Adding key: http://localhost:42367 for channel [id: 0xb595b2bf, L:/127.0.0.1:52882 - R:localhost/127.0.0.1:42367]
19:20:21.931 [main] DEBUG net.serenitybdd.core.photography.Darkroom - Send negative for processing for target\site\serenity\7aa86f1b1cb81c14590c6dbf5c239ed50b00694cdddd15bab36503fa5f88cec2.png
19:20:21.932 [Darkroom Processing Line] DEBUG net.serenitybdd.core.photography.DarkroomProcessingLine - Processing screenshot image in /var/screenshots/screenshot-8336241725785615328
19:20:21.932 [Darkroom Processing Line] DEBUG net.serenitybdd.core.photography.DarkroomProcessingLine - Saving screenshot to target\site\serenity\7aa86f1b1cb81c14590c6dbf5c239ed50b00694cdddd15bab36503fa5f88cec2.png
19:20:21.933 [Forwarding getPageSource on session a51ffbfc86ec9c7ff623b6e09fb3b619 to remote] DEBUG org.asynchttpclient.netty.request.NettyRequestSender - Using pooled Channel '[id: 0xb595b2bf, L:/127.0.0.1:52882 - R:localhost/127.0.0.1:42367]' for 'POST' to 'http://localhost:42367/session/a51ffbfc86ec9c7ff623b6e09fb3b619/execute/sync'
19:20:21.933 [Forwarding getPageSource on session a51ffbfc86ec9c7ff623b6e09fb3b619 to remote] DEBUG org.asynchttpclient.netty.request.NettyRequestSender - Using open Channel [id: 0xb595b2bf, L:/127.0.0.1:52882 - R:localhost/127.0.0.1:42367] for POST '/session/a51ffbfc86ec9c7ff623b6e09fb3b619/execute/sync'
19:20:21.938 [AsyncHttpClient-1-2] DEBUG org.asynchttpclient.netty.handler.HttpHandler - 

Request DefaultHttpRequest(decodeResult: success, version: HTTP/1.1)
POST /session/a51ffbfc86ec9c7ff623b6e09fb3b619/execute/sync HTTP/1.1
User-Agent: selenium/4.8.1 (java windows)
Content-Length: 176
Content-Type: application/json; charset=utf-8
host: localhost:42367
accept: */*

Response DefaultHttpResponse(decodeResult: success, version: HTTP/1.1)
HTTP/1.1 200 OK
Content-Length: 22822
Content-Type: application/json; charset=utf-8
cache-control: no-cache

19:20:21.939 [AsyncHttpClient-1-2] DEBUG org.asynchttpclient.netty.channel.ChannelManager - Adding key: http://localhost:42367 for channel [id: 0xb595b2bf, L:/127.0.0.1:52882 - R:localhost/127.0.0.1:42367]
19:20:21.947 [Forwarding getCurrentUrl on session a51ffbfc86ec9c7ff623b6e09fb3b619 to remote] DEBUG org.asynchttpclient.netty.request.NettyRequestSender - Using pooled Channel '[id: 0xb595b2bf, L:/127.0.0.1:52882 - R:localhost/127.0.0.1:42367]' for 'GET' to 'http://localhost:42367/session/a51ffbfc86ec9c7ff623b6e09fb3b619/url'
19:20:21.947 [Forwarding getCurrentUrl on session a51ffbfc86ec9c7ff623b6e09fb3b619 to remote] DEBUG org.asynchttpclient.netty.request.NettyRequestSender - Using open Channel [id: 0xb595b2bf, L:/127.0.0.1:52882 - R:localhost/127.0.0.1:42367] for GET '/session/a51ffbfc86ec9c7ff623b6e09fb3b619/url'
19:20:21.952 [AsyncHttpClient-1-2] DEBUG org.asynchttpclient.netty.handler.HttpHandler - 

Request DefaultFullHttpRequest(decodeResult: success, version: HTTP/1.1, content: EmptyByteBufBE)
GET /session/a51ffbfc86ec9c7ff623b6e09fb3b619/url HTTP/1.1
User-Agent: selenium/4.8.1 (java windows)
Cache-Control: no-cache
Content-Type: application/json; charset=utf-8
host: localhost:42367
accept: */*

Response DefaultHttpResponse(decodeResult: success, version: HTTP/1.1)
HTTP/1.1 200 OK
Content-Length: 54
Content-Type: application/json; charset=utf-8
cache-control: no-cache

19:20:21.953 [AsyncHttpClient-1-2] DEBUG org.asynchttpclient.netty.channel.ChannelManager - Adding key: http://localhost:42367 for channel [id: 0xb595b2bf, L:/127.0.0.1:52882 - R:localhost/127.0.0.1:42367]
19:20:21.955 [main] DEBUG net.thucydides.core.steps.StepInterceptor - STARTING STEP: RegisterSteps.validateOnLoginPage - validateOnLoginPage
19:20:21.959 [Forwarding findElement on session a51ffbfc86ec9c7ff623b6e09fb3b619 to remote] DEBUG org.asynchttpclient.netty.request.NettyRequestSender - Using pooled Channel '[id: 0xb595b2bf, L:/127.0.0.1:52882 - R:localhost/127.0.0.1:42367]' for 'POST' to 'http://localhost:42367/session/a51ffbfc86ec9c7ff623b6e09fb3b619/element'
19:20:21.959 [Forwarding findElement on session a51ffbfc86ec9c7ff623b6e09fb3b619 to remote] DEBUG org.asynchttpclient.netty.request.NettyRequestSender - Using open Channel [id: 0xb595b2bf, L:/127.0.0.1:52882 - R:localhost/127.0.0.1:42367] for POST '/session/a51ffbfc86ec9c7ff623b6e09fb3b619/element'
19:20:22.012 [AsyncHttpClient-1-1] DEBUG org.asynchttpclient.netty.channel.DefaultChannelPool - Entry count for : http://localhost:52883 : 1
19:20:23.098 [AsyncHttpClient-1-1] DEBUG org.asynchttpclient.netty.channel.DefaultChannelPool - Entry count for : http://localhost:52883 : 1
19:20:24.036 [AsyncHttpClient-1-2] DEBUG org.asynchttpclient.netty.handler.HttpHandler - 

Request DefaultHttpRequest(decodeResult: success, version: HTTP/1.1)
POST /session/a51ffbfc86ec9c7ff623b6e09fb3b619/element HTTP/1.1
User-Agent: selenium/4.8.1 (java windows)
Content-Length: 71
Content-Type: application/json; charset=utf-8
host: localhost:42367
accept: */*

Response DefaultHttpResponse(decodeResult: success, version: HTTP/1.1)
HTTP/1.1 404 Not Found
Content-Length: 981
Content-Type: application/json; charset=utf-8
cache-control: no-cache

19:20:24.036 [AsyncHttpClient-1-2] DEBUG org.asynchttpclient.netty.channel.ChannelManager - Adding key: http://localhost:42367 for channel [id: 0xb595b2bf, L:/127.0.0.1:52882 - R:localhost/127.0.0.1:42367]
19:20:24.047 [Forwarding getAlertText on session a51ffbfc86ec9c7ff623b6e09fb3b619 to remote] DEBUG org.asynchttpclient.netty.request.NettyRequestSender - Using pooled Channel '[id: 0xb595b2bf, L:/127.0.0.1:52882 - R:localhost/127.0.0.1:42367]' for 'GET' to 'http://localhost:42367/session/a51ffbfc86ec9c7ff623b6e09fb3b619/alert/text'
19:20:24.047 [Forwarding getAlertText on session a51ffbfc86ec9c7ff623b6e09fb3b619 to remote] DEBUG org.asynchttpclient.netty.request.NettyRequestSender - Using open Channel [id: 0xb595b2bf, L:/127.0.0.1:52882 - R:localhost/127.0.0.1:42367] for GET '/session/a51ffbfc86ec9c7ff623b6e09fb3b619/alert/text'
19:20:24.050 [AsyncHttpClient-1-2] DEBUG org.asynchttpclient.netty.handler.HttpHandler - 

Request DefaultFullHttpRequest(decodeResult: success, version: HTTP/1.1, content: EmptyByteBufBE)
GET /session/a51ffbfc86ec9c7ff623b6e09fb3b619/alert/text HTTP/1.1
User-Agent: selenium/4.8.1 (java windows)
Cache-Control: no-cache
Content-Type: application/json; charset=utf-8
host: localhost:42367
accept: */*

Response DefaultHttpResponse(decodeResult: success, version: HTTP/1.1)
HTTP/1.1 404 Not Found
Content-Length: 847
Content-Type: application/json; charset=utf-8
cache-control: no-cache

19:20:24.050 [AsyncHttpClient-1-2] DEBUG org.asynchttpclient.netty.channel.ChannelManager - Adding key: http://localhost:42367 for channel [id: 0xb595b2bf, L:/127.0.0.1:52882 - R:localhost/127.0.0.1:42367]
19:20:24.052 [Forwarding getCurrentUrl on session a51ffbfc86ec9c7ff623b6e09fb3b619 to remote] DEBUG org.asynchttpclient.netty.request.NettyRequestSender - Using pooled Channel '[id: 0xb595b2bf, L:/127.0.0.1:52882 - R:localhost/127.0.0.1:42367]' for 'GET' to 'http://localhost:42367/session/a51ffbfc86ec9c7ff623b6e09fb3b619/url'
19:20:24.052 [Forwarding getCurrentUrl on session a51ffbfc86ec9c7ff623b6e09fb3b619 to remote] DEBUG org.asynchttpclient.netty.request.NettyRequestSender - Using open Channel [id: 0xb595b2bf, L:/127.0.0.1:52882 - R:localhost/127.0.0.1:42367] for GET '/session/a51ffbfc86ec9c7ff623b6e09fb3b619/url'
19:20:24.057 [AsyncHttpClient-1-2] DEBUG org.asynchttpclient.netty.handler.HttpHandler - 

Request DefaultFullHttpRequest(decodeResult: success, version: HTTP/1.1, content: EmptyByteBufBE)
GET /session/a51ffbfc86ec9c7ff623b6e09fb3b619/url HTTP/1.1
User-Agent: selenium/4.8.1 (java windows)
Cache-Control: no-cache
Content-Type: application/json; charset=utf-8
host: localhost:42367
accept: */*

Response DefaultHttpResponse(decodeResult: success, version: HTTP/1.1)
HTTP/1.1 200 OK
Content-Length: 54
Content-Type: application/json; charset=utf-8
cache-control: no-cache

19:20:24.057 [AsyncHttpClient-1-2] DEBUG org.asynchttpclient.netty.channel.ChannelManager - Adding key: http://localhost:42367 for channel [id: 0xb595b2bf, L:/127.0.0.1:52882 - R:localhost/127.0.0.1:42367]
19:20:24.058 [Forwarding screenshot on session a51ffbfc86ec9c7ff623b6e09fb3b619 to remote] DEBUG org.asynchttpclient.netty.request.NettyRequestSender - Using pooled Channel '[id: 0xb595b2bf, L:/127.0.0.1:52882 - R:localhost/127.0.0.1:42367]' for 'GET' to 'http://localhost:42367/session/a51ffbfc86ec9c7ff623b6e09fb3b619/screenshot'
19:20:24.058 [Forwarding screenshot on session a51ffbfc86ec9c7ff623b6e09fb3b619 to remote] DEBUG org.asynchttpclient.netty.request.NettyRequestSender - Using open Channel [id: 0xb595b2bf, L:/127.0.0.1:52882 - R:localhost/127.0.0.1:42367] for GET '/session/a51ffbfc86ec9c7ff623b6e09fb3b619/screenshot'
19:20:24.169 [AsyncHttpClient-1-2] DEBUG org.asynchttpclient.netty.handler.HttpHandler - 

Request DefaultFullHttpRequest(decodeResult: success, version: HTTP/1.1, content: EmptyByteBufBE)
GET /session/a51ffbfc86ec9c7ff623b6e09fb3b619/screenshot HTTP/1.1
User-Agent: selenium/4.8.1 (java windows)
Cache-Control: no-cache
Content-Type: application/json; charset=utf-8
host: localhost:42367
accept: */*

Response DefaultHttpResponse(decodeResult: success, version: HTTP/1.1)
HTTP/1.1 200 OK
Content-Length: 47124
Content-Type: application/json; charset=utf-8
cache-control: no-cache

19:20:24.170 [AsyncHttpClient-1-2] DEBUG org.asynchttpclient.netty.channel.ChannelManager - Adding key: http://localhost:42367 for channel [id: 0xb595b2bf, L:/127.0.0.1:52882 - R:localhost/127.0.0.1:42367]
19:20:24.172 [main] DEBUG net.serenitybdd.core.photography.Darkroom - Send negative for processing for target\site\serenity\84827c718019453e2252ab4f6e2b757dc61c62750eb049ee378f0fe0e7e81ee9.png
19:20:24.172 [Darkroom Processing Line] DEBUG net.serenitybdd.core.photography.DarkroomProcessingLine - Processing screenshot image in /var/screenshots/screenshot-8912333185196787755
19:20:24.172 [Darkroom Processing Line] DEBUG net.serenitybdd.core.photography.DarkroomProcessingLine - Saving screenshot to target\site\serenity\84827c718019453e2252ab4f6e2b757dc61c62750eb049ee378f0fe0e7e81ee9.png
19:20:24.173 [Forwarding getPageSource on session a51ffbfc86ec9c7ff623b6e09fb3b619 to remote] DEBUG org.asynchttpclient.netty.request.NettyRequestSender - Using pooled Channel '[id: 0xb595b2bf, L:/127.0.0.1:52882 - R:localhost/127.0.0.1:42367]' for 'POST' to 'http://localhost:42367/session/a51ffbfc86ec9c7ff623b6e09fb3b619/execute/sync'
19:20:24.173 [Forwarding getPageSource on session a51ffbfc86ec9c7ff623b6e09fb3b619 to remote] DEBUG org.asynchttpclient.netty.request.NettyRequestSender - Using open Channel [id: 0xb595b2bf, L:/127.0.0.1:52882 - R:localhost/127.0.0.1:42367] for POST '/session/a51ffbfc86ec9c7ff623b6e09fb3b619/execute/sync'
19:20:24.180 [AsyncHttpClient-1-2] DEBUG org.asynchttpclient.netty.handler.HttpHandler - 

Request DefaultHttpRequest(decodeResult: success, version: HTTP/1.1)
POST /session/a51ffbfc86ec9c7ff623b6e09fb3b619/execute/sync HTTP/1.1
User-Agent: selenium/4.8.1 (java windows)
Content-Length: 176
Content-Type: application/json; charset=utf-8
host: localhost:42367
accept: */*

Response DefaultHttpResponse(decodeResult: success, version: HTTP/1.1)
HTTP/1.1 200 OK
Content-Length: 22502
Content-Type: application/json; charset=utf-8
cache-control: no-cache

19:20:24.180 [AsyncHttpClient-1-2] DEBUG org.asynchttpclient.netty.channel.ChannelManager - Adding key: http://localhost:42367 for channel [id: 0xb595b2bf, L:/127.0.0.1:52882 - R:localhost/127.0.0.1:42367]
19:20:24.183 [Forwarding getCurrentUrl on session a51ffbfc86ec9c7ff623b6e09fb3b619 to remote] DEBUG org.asynchttpclient.netty.request.NettyRequestSender - Using pooled Channel '[id: 0xb595b2bf, L:/127.0.0.1:52882 - R:localhost/127.0.0.1:42367]' for 'GET' to 'http://localhost:42367/session/a51ffbfc86ec9c7ff623b6e09fb3b619/url'
19:20:24.183 [Forwarding getCurrentUrl on session a51ffbfc86ec9c7ff623b6e09fb3b619 to remote] DEBUG org.asynchttpclient.netty.request.NettyRequestSender - Using open Channel [id: 0xb595b2bf, L:/127.0.0.1:52882 - R:localhost/127.0.0.1:42367] for GET '/session/a51ffbfc86ec9c7ff623b6e09fb3b619/url'
19:20:24.188 [AsyncHttpClient-1-2] DEBUG org.asynchttpclient.netty.handler.HttpHandler - 

Request DefaultFullHttpRequest(decodeResult: success, version: HTTP/1.1, content: EmptyByteBufBE)
GET /session/a51ffbfc86ec9c7ff623b6e09fb3b619/url HTTP/1.1
User-Agent: selenium/4.8.1 (java windows)
Cache-Control: no-cache
Content-Type: application/json; charset=utf-8
host: localhost:42367
accept: */*

Response DefaultHttpResponse(decodeResult: success, version: HTTP/1.1)
HTTP/1.1 200 OK
Content-Length: 54
Content-Type: application/json; charset=utf-8
cache-control: no-cache

19:20:24.188 [AsyncHttpClient-1-2] DEBUG org.asynchttpclient.netty.channel.ChannelManager - Adding key: http://localhost:42367 for channel [id: 0xb595b2bf, L:/127.0.0.1:52882 - R:localhost/127.0.0.1:42367]
19:20:24.197 [AsyncHttpClient-1-1] DEBUG org.asynchttpclient.netty.channel.DefaultChannelPool - Entry count for : http://localhost:52883 : 1
19:20:24.197 [AsyncHttpClient-1-1] DEBUG org.asynchttpclient.netty.channel.DefaultChannelPool - Entry count for : http://localhost:42367 : 1
  &amp#27;[31mThen &amp#27;[0m&amp#27;[31mI should be redirected to login page&amp#27;[0m &amp#27;[90m# starter.stepdefinitions.RegisterSteps.validateOnLoginPage()&amp#27;[0m
      &amp#27;[31morg.openqa.selenium.NoSuchElementException: no such element: Unable to locate element: {"method":"css selector","selector":".v\-btn\-\-is\-elevated"}
  (Session info: chrome=113.0.5672.93)
For documentation on this error, please visit: https://selenium.dev/exceptions/#no_such_element
Build info: version: '4.8.1', revision: '8ebccac989'
System info: os.name: 'Windows 10', os.arch: 'amd64', os.version: '10.0', java.version: '19.0.2'
Driver info: org.openqa.selenium.chrome.ChromeDriver
Command: [a51ffbfc86ec9c7ff623b6e09fb3b619, findElement {using=class name, value=v-btn--is-elevated}]
Capabilities {acceptInsecureCerts: false, browserName: chrome, browserVersion: 113.0.5672.93, chrome: {chromedriverVersion: 113.0.5672.63 (0e1a4471d5ae..., userDataDir: C:\Users\BUNAYY~1\AppData\L...}, goog:chromeOptions: {debuggerAddress: localhost:52883}, networkConnectionEnabled: false, pageLoadStrategy: normal, platformName: WINDOWS, proxy: Proxy(), se:cdp: ws://localhost:52883/devtoo..., se:cdpVersion: 113.0.5672.93, setWindowRect: true, strictFileInteractability: false, timeouts: {implicit: 0, pageLoad: 300000, script: 30000}, unhandledPromptBehavior: dismiss and notify, webauthn:extension:credBlob: true, webauthn:extension:largeBlob: true, webauthn:extension:minPinLength: true, webauthn:extension:prf: true, webauthn:virtualAuthenticators: true}
Session ID: a51ffbfc86ec9c7ff623b6e09fb3b619
	at java.base/jdk.internal.reflect.DirectConstructorHandleAccessor.newInstance(DirectConstructorHandleAccessor.java:67)
	at java.base/java.lang.reflect.Constructor.newInstanceWithCaller(Constructor.java:500)
	at java.base/java.lang.reflect.Constructor.newInstance(Constructor.java:484)
	at org.openqa.selenium.remote.codec.w3c.W3CHttpResponseCodec.createException(W3CHttpResponseCodec.java:200)
	at org.openqa.selenium.remote.codec.w3c.W3CHttpResponseCodec.decode(W3CHttpResponseCodec.java:133)
	at org.openqa.selenium.remote.codec.w3c.W3CHttpResponseCodec.decode(W3CHttpResponseCodec.java:53)
	at org.openqa.selenium.remote.HttpCommandExecutor.execute(HttpCommandExecutor.java:184)
	at org.openqa.selenium.remote.service.DriverCommandExecutor.invokeExecute(DriverCommandExecutor.java:167)
	at org.openqa.selenium.remote.service.DriverCommandExecutor.execute(DriverCommandExecutor.java:142)
	at org.openqa.selenium.remote.RemoteWebDriver.execute(RemoteWebDriver.java:543)
	at org.openqa.selenium.remote.ElementLocation$ElementFinder$2.findElement(ElementLocation.java:162)
	at org.openqa.selenium.remote.ElementLocation.findElement(ElementLocation.java:60)
	at org.openqa.selenium.remote.RemoteWebDriver.findElement(RemoteWebDriver.java:352)
	at org.openqa.selenium.remote.RemoteWebDriver.findElement(RemoteWebDriver.java:344)
	at net.thucydides.core.webdriver.WebDriverFacade.findElement(WebDriverFacade.java:242)
	at net.serenitybdd.core.pages.WebElementResolverByLocator.resolveForDriver(WebElementResolverByLocator.java:25)
	at net.serenitybdd.core.pages.WebElementFacadeImpl.getResolvedElement(WebElementFacadeImpl.java:189)
	at net.serenitybdd.core.pages.WebElementFacadeImpl.getElement(WebElementFacadeImpl.java:184)
	at net.serenitybdd.core.pages.WebElementFacadeImpl.isDisplayed(WebElementFacadeImpl.java:1321)
	at alta@1.0-SNAPSHOT/starter.pages.LoginPage.validateOnLoginPage(LoginPage.java:36)
	at alta@1.0-SNAPSHOT/starter.pages.LoginPage$ByteBuddy$7850SIqN.validateOnLoginPage$accessor$gPeNbxin(Unknown Source)
	at java.base/jdk.internal.reflect.DirectMethodHandleAccessor.invoke(DirectMethodHandleAccessor.java:104)
	at java.base/java.lang.reflect.Method.invoke(Method.java:578)
	at net.thucydides.core.steps.StepInterceptor.invokeMethod(StepInterceptor.java:518)
	at net.thucydides.core.steps.StepInterceptor.executeTestStepMethod(StepInterceptor.java:498)
	at net.thucydides.core.steps.StepInterceptor.runTestStep(StepInterceptor.java:472)
	at net.thucydides.core.steps.StepInterceptor.runOrSkipMethod(StepInterceptor.java:211)
	at net.thucydides.core.steps.StepInterceptor.testStepResult(StepInterceptor.java:198)
	at net.thucydides.core.steps.StepInterceptor.intercept(StepInterceptor.java:86)
	at net.thucydides.core.steps.ProxyConfiguration$InterceptorDispatcher.intercept(ProxyConfiguration.java:51)
	at alta@1.0-SNAPSHOT/starter.pages.LoginPage$ByteBuddy$7850SIqN.validateOnLoginPage(Unknown Source)
	at alta@1.0-SNAPSHOT/starter.stepdefinitions.RegisterSteps.validateOnLoginPage(RegisterSteps.java:54)
	at ✽.I should be redirected to login page(file:///C:/Users/Bunayya%20Zulfikar/3D%20Objects/alta_web_minpro_testcase/src/test/resources/features/1.%20Register.feature:14)
&amp#27;[0m
19:20:24.225 [main] ERROR  - 
  _____   ___   ___   _____     ___   ___   ___    ___    ___ 
 |_   _| | __| / __| |_   _|   | __| | _ \ | _ \  / _ \  | _ \
   | |   | _|  \__ \   | |     | _|  |   / |   / | (_) | |   /
   |_|   |___| |___/   |_|     |___| |_|_\ |_|_\  \___/  |_|_\

Register with valid data
---------------------------------------------------------------
19:20:24.227 [main] DEBUG  - RELATED ISSUES: 
19:20:24.228 [main] ERROR  -     Test failed at step: Validate on login page
19:20:24.228 [main] ERROR  -     no such element: Unable to locate element: {"method":"css selector","selector":".v\-btn\-\-is\-elevated"}
19:20:24.290 [Driver Command Executor] DEBUG org.asynchttpclient.netty.request.NettyRequestSender - Using pooled Channel '[id: 0xb595b2bf, L:/127.0.0.1:52882 - R:localhost/127.0.0.1:42367]' for 'DELETE' to 'http://localhost:42367/session/a51ffbfc86ec9c7ff623b6e09fb3b619'
19:20:24.291 [Driver Command Executor] DEBUG org.asynchttpclient.netty.request.NettyRequestSender - Using open Channel [id: 0xb595b2bf, L:/127.0.0.1:52882 - R:localhost/127.0.0.1:42367] for DELETE '/session/a51ffbfc86ec9c7ff623b6e09fb3b619'
19:20:24.293 [AsyncHttpClient-1-4] DEBUG org.asynchttpclient.netty.handler.WebSocketHandler - Channel Closed: [id: 0x8fbfc8de, L:/127.0.0.1:52891 ! R:localhost/127.0.0.1:52883] with attribute NettyResponseFuture{currentRetry=0,
	isDone=1,
	isCancelled=0,
	asyncHandler=org.asynchttpclient.ws.WebSocketUpgradeHandler@43c791c0,
	nettyRequest=org.asynchttpclient.netty.request.NettyRequest@3d5c7951,
	future=java.util.concurrent.CompletableFuture@45c17961[Completed normally],
	uri=ws://localhost:52883/devtools/browser/1b95a3d9-ffef-49b8-a2fa-903ef644af4b,
	keepAlive=true,
	redirectCount=0,
	timeoutsHolder=null,
	inAuth=0,
	touch=1683807616922}
19:20:24.294 [AsyncHttpClient-1-4] DEBUG org.asynchttpclient.netty.channel.ChannelManager - Closing Channel [id: 0x8fbfc8de, L:/127.0.0.1:52891 ! R:localhost/127.0.0.1:52883] 
19:20:24.379 [AsyncHttpClient-1-3] DEBUG org.asynchttpclient.netty.handler.HttpHandler - Unexpected I/O exception on channel [id: 0xbcdb305b, L:/127.0.0.1:52890 - R:localhost/127.0.0.1:52883]
java.net.SocketException: Connection reset
	at java.base/sun.nio.ch.SocketChannelImpl.throwConnectionReset(SocketChannelImpl.java:401)
	at java.base/sun.nio.ch.SocketChannelImpl.read(SocketChannelImpl.java:434)
	at io.netty.buffer.PooledByteBuf.setBytes(PooledByteBuf.java:259)
	at io.netty.buffer.AbstractByteBuf.writeBytes(AbstractByteBuf.java:1132)
	at io.netty.channel.socket.nio.NioSocketChannel.doReadBytes(NioSocketChannel.java:357)
	at io.netty.channel.nio.AbstractNioByteChannel$NioByteUnsafe.read(AbstractNioByteChannel.java:151)
	at io.netty.channel.nio.NioEventLoop.processSelectedKey(NioEventLoop.java:788)
	at io.netty.channel.nio.NioEventLoop.processSelectedKeysOptimized(NioEventLoop.java:724)
	at io.netty.channel.nio.NioEventLoop.processSelectedKeys(NioEventLoop.java:650)
	at io.netty.channel.nio.NioEventLoop.run(NioEventLoop.java:562)
	at io.netty.util.concurrent.SingleThreadEventExecutor$4.run(SingleThreadEventExecutor.java:997)
	at io.netty.util.internal.ThreadExecutorMap$2.run(ThreadExecutorMap.java:74)
	at io.netty.util.concurrent.FastThreadLocalRunnable.run(FastThreadLocalRunnable.java:30)
	at java.base/java.lang.Thread.run(Thread.java:1589)
19:20:24.379 [AsyncHttpClient-1-3] DEBUG org.asynchttpclient.netty.channel.ChannelManager - Closing Channel [id: 0xbcdb305b, L:/127.0.0.1:52890 - R:localhost/127.0.0.1:52883] 
19:20:24.381 [AsyncHttpClient-1-3] DEBUG org.asynchttpclient.netty.handler.HttpHandler - Channel Closed: [id: 0xbcdb305b, L:/127.0.0.1:52890 ! R:localhost/127.0.0.1:52883] with attribute DISCARD
19:20:24.428 [AsyncHttpClient-1-2] DEBUG org.asynchttpclient.netty.handler.HttpHandler - 

Request DefaultFullHttpRequest(decodeResult: success, version: HTTP/1.1, content: EmptyByteBufBE)
DELETE /session/a51ffbfc86ec9c7ff623b6e09fb3b619 HTTP/1.1
User-Agent: selenium/4.8.1 (java windows)
Content-Type: application/json; charset=utf-8
host: localhost:42367
accept: */*

Response DefaultHttpResponse(decodeResult: success, version: HTTP/1.1)
HTTP/1.1 200 OK
Content-Length: 14
Content-Type: application/json; charset=utf-8
cache-control: no-cache

19:20:24.428 [AsyncHttpClient-1-2] DEBUG org.asynchttpclient.netty.channel.ChannelManager - Adding key: http://localhost:42367 for channel [id: 0xb595b2bf, L:/127.0.0.1:52882 - R:localhost/127.0.0.1:42367]
19:20:24.517 [AsyncHttpClient-1-2] DEBUG org.asynchttpclient.netty.handler.HttpHandler - Channel Closed: [id: 0xb595b2bf, L:/127.0.0.1:52882 ! R:localhost/127.0.0.1:42367] with attribute DISCARD
]]></system-out>
    <system-err><![CDATA[Starting ChromeDriver 113.0.5672.63 (0e1a4471d5ae5bf128b1bd8f4d627c8cbd55f70c-refs/branch-heads/5672@{#912}) on port 42367
Only local connections are allowed.
Please see https://chromedriver.chromium.org/security-considerations for suggestions on keeping ChromeDriver safe.
ChromeDriver was started successfully.
May 11, 2023 7:20:16 PM org.openqa.selenium.devtools.CdpVersionFinder findNearestMatch
WARNING: Unable to find an exact match for CDP version 113, so returning the closest version found: 110
]]></system-err>
  </testcase>
  <testcase name="Register without fill the fullname" classname="Register to Alta-shop Account" time="5.348">
    <system-out><![CDATA[
Scenario: Register without fill the fullname   &amp#27;[90m# src/test/resources/features/1. Register.feature:16&amp#27;[0m
19:20:24.613 [main] DEBUG io.cucumber.core.plugin.SerenityReporter - Running feature from file:///C:/Users/Bunayya%20Zulfikar/3D%20Objects/alta_web_minpro_testcase/src/test/resources/features/1.%20Register.feature
19:20:24.618 [main] INFO  - 
  _____   ___   ___   _____     ___   _____     _     ___   _____   ___   ___  
 |_   _| | __| / __| |_   _|   / __| |_   _|   /_\   | _ \ |_   _| | __| |   \ 
   | |   | _|  \__ \   | |     \__ \   | |    / _ \  |   /   | |   | _|  | |) |
   |_|   |___| |___/   |_|     |___/   |_|   /_/ \_\ |_|_\   |_|   |___| |___/ 

Register without fill the fullname(register-to-alta-shop-account;register-without-fill-the-fullname)
--------------------------------------------------------------------------------
19:20:24.656 [main] DEBUG net.thucydides.core.steps.StepInterceptor - STARTING STEP: LoginSteps.onTheLoginPage - openPage
19:20:24.840 [main] INFO net.serenitybdd.core.webdriver.driverproviders.ChromeDriverProvider - Starting Chrome driver instance with capabilities:
19:20:24.840 [main] INFO net.serenitybdd.core.webdriver.driverproviders.ChromeDriverProvider - Capabilities {acceptInsecureCerts: false, browserName: chrome, goog:chromeOptions: {args: [remote-allow-origins=*], extensions: []}}
19:20:24.983 [AsyncHttpClient-1-5] DEBUG org.asynchttpclient.netty.channel.NettyConnectListener - Using new Channel '[id: 0xd5d337a2, L:/127.0.0.1:60772 - R:localhost/127.0.0.1:45990]' for 'POST' to '/session'
19:20:25.301 [AsyncHttpClient-1-1] DEBUG org.asynchttpclient.netty.channel.DefaultChannelPool - Entry count for : http://localhost:52883 : 1
19:20:25.301 [AsyncHttpClient-1-1] DEBUG org.asynchttpclient.netty.channel.DefaultChannelPool - Entry count for : http://localhost:42367 : 1
19:20:25.301 [AsyncHttpClient-1-1] DEBUG org.asynchttpclient.netty.channel.DefaultChannelPool - Adding Candidate expired Channel [id: 0xbcdb305b, L:/127.0.0.1:52890 ! R:localhost/127.0.0.1:52883] isIdleTimeoutExpired=false isRemotelyClosed=true isTtlExpired=false
19:20:25.301 [AsyncHttpClient-1-1] DEBUG org.asynchttpclient.netty.channel.DefaultChannelPool - Closing Idle Channel [id: 0xbcdb305b, L:/127.0.0.1:52890 ! R:localhost/127.0.0.1:52883]
19:20:25.302 [AsyncHttpClient-1-1] DEBUG org.asynchttpclient.netty.channel.DefaultChannelPool - Adding Candidate expired Channel [id: 0xb595b2bf, L:/127.0.0.1:52882 ! R:localhost/127.0.0.1:42367] isIdleTimeoutExpired=false isRemotelyClosed=true isTtlExpired=false
19:20:25.302 [AsyncHttpClient-1-1] DEBUG org.asynchttpclient.netty.channel.DefaultChannelPool - Closing Idle Channel [id: 0xb595b2bf, L:/127.0.0.1:52882 ! R:localhost/127.0.0.1:42367]
19:20:25.302 [AsyncHttpClient-1-1] DEBUG org.asynchttpclient.netty.channel.DefaultChannelPool - Closed 2 connections out of 2 in 1 ms
19:20:25.938 [AsyncHttpClient-1-5] DEBUG org.asynchttpclient.netty.handler.HttpHandler - 

Request DefaultHttpRequest(decodeResult: success, version: HTTP/1.1)
POST /session HTTP/1.1
User-Agent: selenium/4.8.1 (java windows)
Content-Length: 507
Content-Type: application/json; charset=utf-8
host: localhost:45990
accept: */*

Response DefaultHttpResponse(decodeResult: success, version: HTTP/1.1)
HTTP/1.1 200 OK
Content-Length: 861
Content-Type: application/json; charset=utf-8
cache-control: no-cache

19:20:25.938 [AsyncHttpClient-1-5] DEBUG org.asynchttpclient.netty.channel.ChannelManager - Adding key: http://localhost:45990 for channel [id: 0xd5d337a2, L:/127.0.0.1:60772 - R:localhost/127.0.0.1:45990]
19:20:25.948 [AsyncHttpClient-1-6] DEBUG org.asynchttpclient.netty.channel.NettyConnectListener - Using new Channel '[id: 0xe456b04e, L:/127.0.0.1:60780 - R:localhost/127.0.0.1:60773]' for 'GET' to '/json/version'
19:20:25.952 [AsyncHttpClient-1-6] DEBUG org.asynchttpclient.netty.handler.HttpHandler - 

Request DefaultFullHttpRequest(decodeResult: success, version: HTTP/1.1, content: EmptyByteBufBE)
GET /json/version HTTP/1.1
User-Agent: selenium/4.8.1 (java windows)
host: localhost:60773
accept: */*

Response DefaultHttpResponse(decodeResult: success, version: HTTP/1.1)
HTTP/1.1 200 OK
Content-Security-Policy: frame-ancestors 'none'
Content-Length: 422
Content-Type: application/json; charset=UTF-8

19:20:25.952 [AsyncHttpClient-1-6] DEBUG org.asynchttpclient.netty.channel.ChannelManager - Adding key: http://localhost:60773 for channel [id: 0xe456b04e, L:/127.0.0.1:60780 - R:localhost/127.0.0.1:60773]
19:20:25.960 [AsyncHttpClient-1-7] DEBUG org.asynchttpclient.netty.channel.NettyConnectListener - Using new Channel '[id: 0xfd357321, L:/127.0.0.1:60781 - R:localhost/127.0.0.1:60773]' for 'GET' to '/devtools/browser/0038aad9-e0d4-4094-884b-bd11b4ac14aa'
19:20:25.964 [AsyncHttpClient-1-7] DEBUG org.asynchttpclient.netty.handler.WebSocketHandler - 

Request DefaultFullHttpRequest(decodeResult: success, version: HTTP/1.1, content: EmptyByteBufBE)
GET /devtools/browser/0038aad9-e0d4-4094-884b-bd11b4ac14aa HTTP/1.1
upgrade: websocket
connection: upgrade
sec-websocket-key: QzG1svGXf7NFpS1rEqr/0Q==
sec-websocket-version: 13
origin: http://localhost:60773
host: localhost:60773
accept: */*
user-agent: AHC/2.1

Response DefaultHttpResponse(decodeResult: success, version: HTTP/1.1)
HTTP/1.1 101 WebSocket Protocol Handshake
Upgrade: WebSocket
Connection: Upgrade
Sec-WebSocket-Accept: hO9kUZZFTIVB3mHC5Dhg5ib1WXE=

19:20:25.972 [Forwarding get on session 0ad3acc7632ccba329ed4266328702ac to remote] DEBUG org.asynchttpclient.netty.request.NettyRequestSender - Using pooled Channel '[id: 0xd5d337a2, L:/127.0.0.1:60772 - R:localhost/127.0.0.1:45990]' for 'POST' to 'http://localhost:45990/session/0ad3acc7632ccba329ed4266328702ac/url'
19:20:25.972 [Forwarding get on session 0ad3acc7632ccba329ed4266328702ac to remote] DEBUG org.asynchttpclient.netty.request.NettyRequestSender - Using open Channel [id: 0xd5d337a2, L:/127.0.0.1:60772 - R:localhost/127.0.0.1:45990] for POST '/session/0ad3acc7632ccba329ed4266328702ac/url'
19:20:26.397 [AsyncHttpClient-1-1] DEBUG org.asynchttpclient.netty.channel.DefaultChannelPool - Entry count for : http://localhost:60773 : 1
19:20:26.880 [AsyncHttpClient-1-5] DEBUG org.asynchttpclient.netty.handler.HttpHandler - 

Request DefaultHttpRequest(decodeResult: success, version: HTTP/1.1)
POST /session/0ad3acc7632ccba329ed4266328702ac/url HTTP/1.1
User-Agent: selenium/4.8.1 (java windows)
Content-Length: 80
Content-Type: application/json; charset=utf-8
host: localhost:45990
accept: */*

Response DefaultHttpResponse(decodeResult: success, version: HTTP/1.1)
HTTP/1.1 200 OK
Content-Length: 14
Content-Type: application/json; charset=utf-8
cache-control: no-cache

19:20:26.880 [AsyncHttpClient-1-5] DEBUG org.asynchttpclient.netty.channel.ChannelManager - Adding key: http://localhost:45990 for channel [id: 0xd5d337a2, L:/127.0.0.1:60772 - R:localhost/127.0.0.1:45990]
19:20:26.881 [Forwarding setTimeout on session 0ad3acc7632ccba329ed4266328702ac to remote] DEBUG org.asynchttpclient.netty.request.NettyRequestSender - Using pooled Channel '[id: 0xd5d337a2, L:/127.0.0.1:60772 - R:localhost/127.0.0.1:45990]' for 'POST' to 'http://localhost:45990/session/0ad3acc7632ccba329ed4266328702ac/timeouts'
19:20:26.881 [Forwarding setTimeout on session 0ad3acc7632ccba329ed4266328702ac to remote] DEBUG org.asynchttpclient.netty.request.NettyRequestSender - Using open Channel [id: 0xd5d337a2, L:/127.0.0.1:60772 - R:localhost/127.0.0.1:45990] for POST '/session/0ad3acc7632ccba329ed4266328702ac/timeouts'
19:20:26.882 [AsyncHttpClient-1-5] DEBUG org.asynchttpclient.netty.handler.HttpHandler - 

Request DefaultHttpRequest(decodeResult: success, version: HTTP/1.1)
POST /session/0ad3acc7632ccba329ed4266328702ac/timeouts HTTP/1.1
User-Agent: selenium/4.8.1 (java windows)
Content-Length: 22
Content-Type: application/json; charset=utf-8
host: localhost:45990
accept: */*

Response DefaultHttpResponse(decodeResult: success, version: HTTP/1.1)
HTTP/1.1 200 OK
Content-Length: 14
Content-Type: application/json; charset=utf-8
cache-control: no-cache

19:20:26.882 [AsyncHttpClient-1-5] DEBUG org.asynchttpclient.netty.channel.ChannelManager - Adding key: http://localhost:45990 for channel [id: 0xd5d337a2, L:/127.0.0.1:60772 - R:localhost/127.0.0.1:45990]
19:20:26.890 [Forwarding getAlertText on session 0ad3acc7632ccba329ed4266328702ac to remote] DEBUG org.asynchttpclient.netty.request.NettyRequestSender - Using pooled Channel '[id: 0xd5d337a2, L:/127.0.0.1:60772 - R:localhost/127.0.0.1:45990]' for 'GET' to 'http://localhost:45990/session/0ad3acc7632ccba329ed4266328702ac/alert/text'
19:20:26.890 [Forwarding getAlertText on session 0ad3acc7632ccba329ed4266328702ac to remote] DEBUG org.asynchttpclient.netty.request.NettyRequestSender - Using open Channel [id: 0xd5d337a2, L:/127.0.0.1:60772 - R:localhost/127.0.0.1:45990] for GET '/session/0ad3acc7632ccba329ed4266328702ac/alert/text'
19:20:26.891 [AsyncHttpClient-1-5] DEBUG org.asynchttpclient.netty.handler.HttpHandler - 

Request DefaultFullHttpRequest(decodeResult: success, version: HTTP/1.1, content: EmptyByteBufBE)
GET /session/0ad3acc7632ccba329ed4266328702ac/alert/text HTTP/1.1
User-Agent: selenium/4.8.1 (java windows)
Cache-Control: no-cache
Content-Type: application/json; charset=utf-8
host: localhost:45990
accept: */*

Response DefaultHttpResponse(decodeResult: success, version: HTTP/1.1)
HTTP/1.1 404 Not Found
Content-Length: 847
Content-Type: application/json; charset=utf-8
cache-control: no-cache

19:20:26.891 [AsyncHttpClient-1-5] DEBUG org.asynchttpclient.netty.channel.ChannelManager - Adding key: http://localhost:45990 for channel [id: 0xd5d337a2, L:/127.0.0.1:60772 - R:localhost/127.0.0.1:45990]
19:20:26.893 [Forwarding getCurrentUrl on session 0ad3acc7632ccba329ed4266328702ac to remote] DEBUG org.asynchttpclient.netty.request.NettyRequestSender - Using pooled Channel '[id: 0xd5d337a2, L:/127.0.0.1:60772 - R:localhost/127.0.0.1:45990]' for 'GET' to 'http://localhost:45990/session/0ad3acc7632ccba329ed4266328702ac/url'
19:20:26.893 [Forwarding getCurrentUrl on session 0ad3acc7632ccba329ed4266328702ac to remote] DEBUG org.asynchttpclient.netty.request.NettyRequestSender - Using open Channel [id: 0xd5d337a2, L:/127.0.0.1:60772 - R:localhost/127.0.0.1:45990] for GET '/session/0ad3acc7632ccba329ed4266328702ac/url'
19:20:26.898 [AsyncHttpClient-1-5] DEBUG org.asynchttpclient.netty.handler.HttpHandler - 

Request DefaultFullHttpRequest(decodeResult: success, version: HTTP/1.1, content: EmptyByteBufBE)
GET /session/0ad3acc7632ccba329ed4266328702ac/url HTTP/1.1
User-Agent: selenium/4.8.1 (java windows)
Cache-Control: no-cache
Content-Type: application/json; charset=utf-8
host: localhost:45990
accept: */*

Response DefaultHttpResponse(decodeResult: success, version: HTTP/1.1)
HTTP/1.1 200 OK
Content-Length: 52
Content-Type: application/json; charset=utf-8
cache-control: no-cache

19:20:26.898 [AsyncHttpClient-1-5] DEBUG org.asynchttpclient.netty.channel.ChannelManager - Adding key: http://localhost:45990 for channel [id: 0xd5d337a2, L:/127.0.0.1:60772 - R:localhost/127.0.0.1:45990]
19:20:26.899 [Forwarding screenshot on session 0ad3acc7632ccba329ed4266328702ac to remote] DEBUG org.asynchttpclient.netty.request.NettyRequestSender - Using pooled Channel '[id: 0xd5d337a2, L:/127.0.0.1:60772 - R:localhost/127.0.0.1:45990]' for 'GET' to 'http://localhost:45990/session/0ad3acc7632ccba329ed4266328702ac/screenshot'
19:20:26.899 [Forwarding screenshot on session 0ad3acc7632ccba329ed4266328702ac to remote] DEBUG org.asynchttpclient.netty.request.NettyRequestSender - Using open Channel [id: 0xd5d337a2, L:/127.0.0.1:60772 - R:localhost/127.0.0.1:45990] for GET '/session/0ad3acc7632ccba329ed4266328702ac/screenshot'
19:20:26.982 [AsyncHttpClient-1-5] DEBUG org.asynchttpclient.netty.handler.HttpHandler - 

Request DefaultFullHttpRequest(decodeResult: success, version: HTTP/1.1, content: EmptyByteBufBE)
GET /session/0ad3acc7632ccba329ed4266328702ac/screenshot HTTP/1.1
User-Agent: selenium/4.8.1 (java windows)
Cache-Control: no-cache
Content-Type: application/json; charset=utf-8
host: localhost:45990
accept: */*

Response DefaultHttpResponse(decodeResult: success, version: HTTP/1.1)
HTTP/1.1 200 OK
Content-Length: 32168
Content-Type: application/json; charset=utf-8
cache-control: no-cache

19:20:26.982 [AsyncHttpClient-1-5] DEBUG org.asynchttpclient.netty.channel.ChannelManager - Adding key: http://localhost:45990 for channel [id: 0xd5d337a2, L:/127.0.0.1:60772 - R:localhost/127.0.0.1:45990]
19:20:26.983 [main] DEBUG net.serenitybdd.core.photography.Darkroom - Send negative for processing for target\site\serenity\d00787a84e57ae9818ec6333fe71d83a89fc0961433dfe7832481e3dca8fda29.png
19:20:26.984 [main] DEBUG net.thucydides.core.steps.StepInterceptor - STEP DONE: openPage
19:20:26.984 [Darkroom Processing Line] DEBUG net.serenitybdd.core.photography.DarkroomProcessingLine - Processing screenshot image in /var/screenshots/screenshot-2527019382858897991
19:20:26.984 [Darkroom Processing Line] DEBUG net.serenitybdd.core.photography.DarkroomProcessingLine - Saving screenshot to target\site\serenity\d00787a84e57ae9818ec6333fe71d83a89fc0961433dfe7832481e3dca8fda29.png
  &amp#27;[32mGiven &amp#27;[0m&amp#27;[32mI am on the alta-shop login page&amp#27;[0m       &amp#27;[90m# starter.stepdefinitions.LoginSteps.onTheLoginPage()&amp#27;[0m
19:20:26.995 [Forwarding getPageSource on session 0ad3acc7632ccba329ed4266328702ac to remote] DEBUG org.asynchttpclient.netty.request.NettyRequestSender - Using pooled Channel '[id: 0xd5d337a2, L:/127.0.0.1:60772 - R:localhost/127.0.0.1:45990]' for 'POST' to 'http://localhost:45990/session/0ad3acc7632ccba329ed4266328702ac/execute/sync'
19:20:26.995 [Forwarding getPageSource on session 0ad3acc7632ccba329ed4266328702ac to remote] DEBUG org.asynchttpclient.netty.request.NettyRequestSender - Using open Channel [id: 0xd5d337a2, L:/127.0.0.1:60772 - R:localhost/127.0.0.1:45990] for POST '/session/0ad3acc7632ccba329ed4266328702ac/execute/sync'
19:20:27.002 [AsyncHttpClient-1-5] DEBUG org.asynchttpclient.netty.handler.HttpHandler - 

Request DefaultHttpRequest(decodeResult: success, version: HTTP/1.1)
POST /session/0ad3acc7632ccba329ed4266328702ac/execute/sync HTTP/1.1
User-Agent: selenium/4.8.1 (java windows)
Content-Length: 176
Content-Type: application/json; charset=utf-8
host: localhost:45990
accept: */*

Response DefaultHttpResponse(decodeResult: success, version: HTTP/1.1)
HTTP/1.1 200 OK
Content-Length: 21659
Content-Type: application/json; charset=utf-8
cache-control: no-cache

19:20:27.002 [AsyncHttpClient-1-5] DEBUG org.asynchttpclient.netty.channel.ChannelManager - Adding key: http://localhost:45990 for channel [id: 0xd5d337a2, L:/127.0.0.1:60772 - R:localhost/127.0.0.1:45990]
19:20:27.005 [Forwarding getCurrentUrl on session 0ad3acc7632ccba329ed4266328702ac to remote] DEBUG org.asynchttpclient.netty.request.NettyRequestSender - Using pooled Channel '[id: 0xd5d337a2, L:/127.0.0.1:60772 - R:localhost/127.0.0.1:45990]' for 'GET' to 'http://localhost:45990/session/0ad3acc7632ccba329ed4266328702ac/url'
19:20:27.005 [Forwarding getCurrentUrl on session 0ad3acc7632ccba329ed4266328702ac to remote] DEBUG org.asynchttpclient.netty.request.NettyRequestSender - Using open Channel [id: 0xd5d337a2, L:/127.0.0.1:60772 - R:localhost/127.0.0.1:45990] for GET '/session/0ad3acc7632ccba329ed4266328702ac/url'
19:20:27.009 [AsyncHttpClient-1-5] DEBUG org.asynchttpclient.netty.handler.HttpHandler - 

Request DefaultFullHttpRequest(decodeResult: success, version: HTTP/1.1, content: EmptyByteBufBE)
GET /session/0ad3acc7632ccba329ed4266328702ac/url HTTP/1.1
User-Agent: selenium/4.8.1 (java windows)
Cache-Control: no-cache
Content-Type: application/json; charset=utf-8
host: localhost:45990
accept: */*

Response DefaultHttpResponse(decodeResult: success, version: HTTP/1.1)
HTTP/1.1 200 OK
Content-Length: 52
Content-Type: application/json; charset=utf-8
cache-control: no-cache

19:20:27.010 [AsyncHttpClient-1-5] DEBUG org.asynchttpclient.netty.channel.ChannelManager - Adding key: http://localhost:45990 for channel [id: 0xd5d337a2, L:/127.0.0.1:60772 - R:localhost/127.0.0.1:45990]
19:20:27.032 [Forwarding getPageSource on session 0ad3acc7632ccba329ed4266328702ac to remote] DEBUG org.asynchttpclient.netty.request.NettyRequestSender - Using pooled Channel '[id: 0xd5d337a2, L:/127.0.0.1:60772 - R:localhost/127.0.0.1:45990]' for 'POST' to 'http://localhost:45990/session/0ad3acc7632ccba329ed4266328702ac/execute/sync'
19:20:27.033 [Forwarding getPageSource on session 0ad3acc7632ccba329ed4266328702ac to remote] DEBUG org.asynchttpclient.netty.request.NettyRequestSender - Using open Channel [id: 0xd5d337a2, L:/127.0.0.1:60772 - R:localhost/127.0.0.1:45990] for POST '/session/0ad3acc7632ccba329ed4266328702ac/execute/sync'
19:20:27.040 [AsyncHttpClient-1-5] DEBUG org.asynchttpclient.netty.handler.HttpHandler - 

Request DefaultHttpRequest(decodeResult: success, version: HTTP/1.1)
POST /session/0ad3acc7632ccba329ed4266328702ac/execute/sync HTTP/1.1
User-Agent: selenium/4.8.1 (java windows)
Content-Length: 176
Content-Type: application/json; charset=utf-8
host: localhost:45990
accept: */*

Response DefaultHttpResponse(decodeResult: success, version: HTTP/1.1)
HTTP/1.1 200 OK
Content-Length: 21659
Content-Type: application/json; charset=utf-8
cache-control: no-cache

19:20:27.040 [AsyncHttpClient-1-5] DEBUG org.asynchttpclient.netty.channel.ChannelManager - Adding key: http://localhost:45990 for channel [id: 0xd5d337a2, L:/127.0.0.1:60772 - R:localhost/127.0.0.1:45990]
19:20:27.044 [Forwarding getCurrentUrl on session 0ad3acc7632ccba329ed4266328702ac to remote] DEBUG org.asynchttpclient.netty.request.NettyRequestSender - Using pooled Channel '[id: 0xd5d337a2, L:/127.0.0.1:60772 - R:localhost/127.0.0.1:45990]' for 'GET' to 'http://localhost:45990/session/0ad3acc7632ccba329ed4266328702ac/url'
19:20:27.044 [Forwarding getCurrentUrl on session 0ad3acc7632ccba329ed4266328702ac to remote] DEBUG org.asynchttpclient.netty.request.NettyRequestSender - Using open Channel [id: 0xd5d337a2, L:/127.0.0.1:60772 - R:localhost/127.0.0.1:45990] for GET '/session/0ad3acc7632ccba329ed4266328702ac/url'
19:20:27.050 [AsyncHttpClient-1-5] DEBUG org.asynchttpclient.netty.handler.HttpHandler - 

Request DefaultFullHttpRequest(decodeResult: success, version: HTTP/1.1, content: EmptyByteBufBE)
GET /session/0ad3acc7632ccba329ed4266328702ac/url HTTP/1.1
User-Agent: selenium/4.8.1 (java windows)
Cache-Control: no-cache
Content-Type: application/json; charset=utf-8
host: localhost:45990
accept: */*

Response DefaultHttpResponse(decodeResult: success, version: HTTP/1.1)
HTTP/1.1 200 OK
Content-Length: 52
Content-Type: application/json; charset=utf-8
cache-control: no-cache

19:20:27.050 [AsyncHttpClient-1-5] DEBUG org.asynchttpclient.netty.channel.ChannelManager - Adding key: http://localhost:45990 for channel [id: 0xd5d337a2, L:/127.0.0.1:60772 - R:localhost/127.0.0.1:45990]
19:20:27.054 [main] DEBUG net.thucydides.core.steps.StepInterceptor - STARTING STEP: RegisterSteps.clickLoginButton - clickRegisterLink
19:20:27.058 [Forwarding findElement on session 0ad3acc7632ccba329ed4266328702ac to remote] DEBUG org.asynchttpclient.netty.request.NettyRequestSender - Using pooled Channel '[id: 0xd5d337a2, L:/127.0.0.1:60772 - R:localhost/127.0.0.1:45990]' for 'POST' to 'http://localhost:45990/session/0ad3acc7632ccba329ed4266328702ac/element'
19:20:27.058 [Forwarding findElement on session 0ad3acc7632ccba329ed4266328702ac to remote] DEBUG org.asynchttpclient.netty.request.NettyRequestSender - Using open Channel [id: 0xd5d337a2, L:/127.0.0.1:60772 - R:localhost/127.0.0.1:45990] for POST '/session/0ad3acc7632ccba329ed4266328702ac/element'
19:20:27.074 [AsyncHttpClient-1-5] DEBUG org.asynchttpclient.netty.handler.HttpHandler - 

Request DefaultHttpRequest(decodeResult: success, version: HTTP/1.1)
POST /session/0ad3acc7632ccba329ed4266328702ac/element HTTP/1.1
User-Agent: selenium/4.8.1 (java windows)
Content-Length: 84
Content-Type: application/json; charset=utf-8
host: localhost:45990
accept: */*

Response DefaultHttpResponse(decodeResult: success, version: HTTP/1.1)
HTTP/1.1 200 OK
Content-Length: 94
Content-Type: application/json; charset=utf-8
cache-control: no-cache

19:20:27.074 [AsyncHttpClient-1-5] DEBUG org.asynchttpclient.netty.channel.ChannelManager - Adding key: http://localhost:45990 for channel [id: 0xd5d337a2, L:/127.0.0.1:60772 - R:localhost/127.0.0.1:45990]
19:20:27.076 [Forwarding getElementTagName on session 0ad3acc7632ccba329ed4266328702ac to remote] DEBUG org.asynchttpclient.netty.request.NettyRequestSender - Using pooled Channel '[id: 0xd5d337a2, L:/127.0.0.1:60772 - R:localhost/127.0.0.1:45990]' for 'GET' to 'http://localhost:45990/session/0ad3acc7632ccba329ed4266328702ac/element/9C85E41A8648180BEB5C809629340EDB_element_5/name'
19:20:27.076 [Forwarding getElementTagName on session 0ad3acc7632ccba329ed4266328702ac to remote] DEBUG org.asynchttpclient.netty.request.NettyRequestSender - Using open Channel [id: 0xd5d337a2, L:/127.0.0.1:60772 - R:localhost/127.0.0.1:45990] for GET '/session/0ad3acc7632ccba329ed4266328702ac/element/9C85E41A8648180BEB5C809629340EDB_element_5/name'
19:20:27.081 [AsyncHttpClient-1-5] DEBUG org.asynchttpclient.netty.handler.HttpHandler - 

Request DefaultFullHttpRequest(decodeResult: success, version: HTTP/1.1, content: EmptyByteBufBE)
GET /session/0ad3acc7632ccba329ed4266328702ac/element/9C85E41A8648180BEB5C809629340EDB_element_5/name HTTP/1.1
User-Agent: selenium/4.8.1 (java windows)
Cache-Control: no-cache
Content-Type: application/json; charset=utf-8
host: localhost:45990
accept: */*

Response DefaultHttpResponse(decodeResult: success, version: HTTP/1.1)
HTTP/1.1 200 OK
Content-Length: 13
Content-Type: application/json; charset=utf-8
cache-control: no-cache

19:20:27.081 [AsyncHttpClient-1-5] DEBUG org.asynchttpclient.netty.channel.ChannelManager - Adding key: http://localhost:45990 for channel [id: 0xd5d337a2, L:/127.0.0.1:60772 - R:localhost/127.0.0.1:45990]
19:20:27.082 [Forwarding getElementTagName on session 0ad3acc7632ccba329ed4266328702ac to remote] DEBUG org.asynchttpclient.netty.request.NettyRequestSender - Using pooled Channel '[id: 0xd5d337a2, L:/127.0.0.1:60772 - R:localhost/127.0.0.1:45990]' for 'GET' to 'http://localhost:45990/session/0ad3acc7632ccba329ed4266328702ac/element/9C85E41A8648180BEB5C809629340EDB_element_5/name'
19:20:27.082 [Forwarding getElementTagName on session 0ad3acc7632ccba329ed4266328702ac to remote] DEBUG org.asynchttpclient.netty.request.NettyRequestSender - Using open Channel [id: 0xd5d337a2, L:/127.0.0.1:60772 - R:localhost/127.0.0.1:45990] for GET '/session/0ad3acc7632ccba329ed4266328702ac/element/9C85E41A8648180BEB5C809629340EDB_element_5/name'
19:20:27.085 [AsyncHttpClient-1-5] DEBUG org.asynchttpclient.netty.handler.HttpHandler - 

Request DefaultFullHttpRequest(decodeResult: success, version: HTTP/1.1, content: EmptyByteBufBE)
GET /session/0ad3acc7632ccba329ed4266328702ac/element/9C85E41A8648180BEB5C809629340EDB_element_5/name HTTP/1.1
User-Agent: selenium/4.8.1 (java windows)
Cache-Control: no-cache
Content-Type: application/json; charset=utf-8
host: localhost:45990
accept: */*

Response DefaultHttpResponse(decodeResult: success, version: HTTP/1.1)
HTTP/1.1 200 OK
Content-Length: 13
Content-Type: application/json; charset=utf-8
cache-control: no-cache

19:20:27.085 [AsyncHttpClient-1-5] DEBUG org.asynchttpclient.netty.channel.ChannelManager - Adding key: http://localhost:45990 for channel [id: 0xd5d337a2, L:/127.0.0.1:60772 - R:localhost/127.0.0.1:45990]
19:20:27.087 [Forwarding findElement on session 0ad3acc7632ccba329ed4266328702ac to remote] DEBUG org.asynchttpclient.netty.request.NettyRequestSender - Using pooled Channel '[id: 0xd5d337a2, L:/127.0.0.1:60772 - R:localhost/127.0.0.1:45990]' for 'POST' to 'http://localhost:45990/session/0ad3acc7632ccba329ed4266328702ac/element'
19:20:27.087 [Forwarding findElement on session 0ad3acc7632ccba329ed4266328702ac to remote] DEBUG org.asynchttpclient.netty.request.NettyRequestSender - Using open Channel [id: 0xd5d337a2, L:/127.0.0.1:60772 - R:localhost/127.0.0.1:45990] for POST '/session/0ad3acc7632ccba329ed4266328702ac/element'
19:20:27.095 [AsyncHttpClient-1-5] DEBUG org.asynchttpclient.netty.handler.HttpHandler - 

Request DefaultHttpRequest(decodeResult: success, version: HTTP/1.1)
POST /session/0ad3acc7632ccba329ed4266328702ac/element HTTP/1.1
User-Agent: selenium/4.8.1 (java windows)
Content-Length: 84
Content-Type: application/json; charset=utf-8
host: localhost:45990
accept: */*

Response DefaultHttpResponse(decodeResult: success, version: HTTP/1.1)
HTTP/1.1 200 OK
Content-Length: 94
Content-Type: application/json; charset=utf-8
cache-control: no-cache

19:20:27.095 [AsyncHttpClient-1-5] DEBUG org.asynchttpclient.netty.channel.ChannelManager - Adding key: http://localhost:45990 for channel [id: 0xd5d337a2, L:/127.0.0.1:60772 - R:localhost/127.0.0.1:45990]
19:20:27.097 [Forwarding clickElement on session 0ad3acc7632ccba329ed4266328702ac to remote] DEBUG org.asynchttpclient.netty.request.NettyRequestSender - Using pooled Channel '[id: 0xd5d337a2, L:/127.0.0.1:60772 - R:localhost/127.0.0.1:45990]' for 'POST' to 'http://localhost:45990/session/0ad3acc7632ccba329ed4266328702ac/element/9C85E41A8648180BEB5C809629340EDB_element_5/click'
19:20:27.097 [Forwarding clickElement on session 0ad3acc7632ccba329ed4266328702ac to remote] DEBUG org.asynchttpclient.netty.request.NettyRequestSender - Using open Channel [id: 0xd5d337a2, L:/127.0.0.1:60772 - R:localhost/127.0.0.1:45990] for POST '/session/0ad3acc7632ccba329ed4266328702ac/element/9C85E41A8648180BEB5C809629340EDB_element_5/click'
19:20:27.199 [AsyncHttpClient-1-5] DEBUG org.asynchttpclient.netty.handler.HttpHandler - 

Request DefaultHttpRequest(decodeResult: success, version: HTTP/1.1)
POST /session/0ad3acc7632ccba329ed4266328702ac/element/9C85E41A8648180BEB5C809629340EDB_element_5/click HTTP/1.1
User-Agent: selenium/4.8.1 (java windows)
Content-Length: 56
Content-Type: application/json; charset=utf-8
host: localhost:45990
accept: */*

Response DefaultHttpResponse(decodeResult: success, version: HTTP/1.1)
HTTP/1.1 200 OK
Content-Length: 14
Content-Type: application/json; charset=utf-8
cache-control: no-cache

19:20:27.199 [AsyncHttpClient-1-5] DEBUG org.asynchttpclient.netty.channel.ChannelManager - Adding key: http://localhost:45990 for channel [id: 0xd5d337a2, L:/127.0.0.1:60772 - R:localhost/127.0.0.1:45990]
19:20:27.204 [Forwarding getAlertText on session 0ad3acc7632ccba329ed4266328702ac to remote] DEBUG org.asynchttpclient.netty.request.NettyRequestSender - Using pooled Channel '[id: 0xd5d337a2, L:/127.0.0.1:60772 - R:localhost/127.0.0.1:45990]' for 'GET' to 'http://localhost:45990/session/0ad3acc7632ccba329ed4266328702ac/alert/text'
19:20:27.204 [Forwarding getAlertText on session 0ad3acc7632ccba329ed4266328702ac to remote] DEBUG org.asynchttpclient.netty.request.NettyRequestSender - Using open Channel [id: 0xd5d337a2, L:/127.0.0.1:60772 - R:localhost/127.0.0.1:45990] for GET '/session/0ad3acc7632ccba329ed4266328702ac/alert/text'
19:20:27.205 [AsyncHttpClient-1-5] DEBUG org.asynchttpclient.netty.handler.HttpHandler - 

Request DefaultFullHttpRequest(decodeResult: success, version: HTTP/1.1, content: EmptyByteBufBE)
GET /session/0ad3acc7632ccba329ed4266328702ac/alert/text HTTP/1.1
User-Agent: selenium/4.8.1 (java windows)
Cache-Control: no-cache
Content-Type: application/json; charset=utf-8
host: localhost:45990
accept: */*

Response DefaultHttpResponse(decodeResult: success, version: HTTP/1.1)
HTTP/1.1 404 Not Found
Content-Length: 847
Content-Type: application/json; charset=utf-8
cache-control: no-cache

19:20:27.205 [AsyncHttpClient-1-5] DEBUG org.asynchttpclient.netty.channel.ChannelManager - Adding key: http://localhost:45990 for channel [id: 0xd5d337a2, L:/127.0.0.1:60772 - R:localhost/127.0.0.1:45990]
19:20:27.206 [Forwarding getCurrentUrl on session 0ad3acc7632ccba329ed4266328702ac to remote] DEBUG org.asynchttpclient.netty.request.NettyRequestSender - Using pooled Channel '[id: 0xd5d337a2, L:/127.0.0.1:60772 - R:localhost/127.0.0.1:45990]' for 'GET' to 'http://localhost:45990/session/0ad3acc7632ccba329ed4266328702ac/url'
19:20:27.207 [Forwarding getCurrentUrl on session 0ad3acc7632ccba329ed4266328702ac to remote] DEBUG org.asynchttpclient.netty.request.NettyRequestSender - Using open Channel [id: 0xd5d337a2, L:/127.0.0.1:60772 - R:localhost/127.0.0.1:45990] for GET '/session/0ad3acc7632ccba329ed4266328702ac/url'
19:20:27.209 [AsyncHttpClient-1-5] DEBUG org.asynchttpclient.netty.handler.HttpHandler - 

Request DefaultFullHttpRequest(decodeResult: success, version: HTTP/1.1, content: EmptyByteBufBE)
GET /session/0ad3acc7632ccba329ed4266328702ac/url HTTP/1.1
User-Agent: selenium/4.8.1 (java windows)
Cache-Control: no-cache
Content-Type: application/json; charset=utf-8
host: localhost:45990
accept: */*

Response DefaultHttpResponse(decodeResult: success, version: HTTP/1.1)
HTTP/1.1 200 OK
Content-Length: 54
Content-Type: application/json; charset=utf-8
cache-control: no-cache

19:20:27.210 [AsyncHttpClient-1-5] DEBUG org.asynchttpclient.netty.channel.ChannelManager - Adding key: http://localhost:45990 for channel [id: 0xd5d337a2, L:/127.0.0.1:60772 - R:localhost/127.0.0.1:45990]
19:20:27.211 [Forwarding screenshot on session 0ad3acc7632ccba329ed4266328702ac to remote] DEBUG org.asynchttpclient.netty.request.NettyRequestSender - Using pooled Channel '[id: 0xd5d337a2, L:/127.0.0.1:60772 - R:localhost/127.0.0.1:45990]' for 'GET' to 'http://localhost:45990/session/0ad3acc7632ccba329ed4266328702ac/screenshot'
19:20:27.211 [Forwarding screenshot on session 0ad3acc7632ccba329ed4266328702ac to remote] DEBUG org.asynchttpclient.netty.request.NettyRequestSender - Using open Channel [id: 0xd5d337a2, L:/127.0.0.1:60772 - R:localhost/127.0.0.1:45990] for GET '/session/0ad3acc7632ccba329ed4266328702ac/screenshot'
19:20:27.388 [AsyncHttpClient-1-5] DEBUG org.asynchttpclient.netty.handler.HttpHandler - 

Request DefaultFullHttpRequest(decodeResult: success, version: HTTP/1.1, content: EmptyByteBufBE)
GET /session/0ad3acc7632ccba329ed4266328702ac/screenshot HTTP/1.1
User-Agent: selenium/4.8.1 (java windows)
Cache-Control: no-cache
Content-Type: application/json; charset=utf-8
host: localhost:45990
accept: */*

Response DefaultHttpResponse(decodeResult: success, version: HTTP/1.1)
HTTP/1.1 200 OK
Content-Length: 37536
Content-Type: application/json; charset=utf-8
cache-control: no-cache

19:20:27.389 [AsyncHttpClient-1-5] DEBUG org.asynchttpclient.netty.channel.ChannelManager - Adding key: http://localhost:45990 for channel [id: 0xd5d337a2, L:/127.0.0.1:60772 - R:localhost/127.0.0.1:45990]
19:20:27.391 [main] DEBUG net.serenitybdd.core.photography.Darkroom - Send negative for processing for target\site\serenity\3090108ce82049d7b01fffd99c66025cfa246374e088db7e9af35a378e4e3fba.png
19:20:27.392 [main] DEBUG net.thucydides.core.steps.StepInterceptor - STEP DONE: clickRegisterLink
  &amp#27;[32mWhen &amp#27;[0m&amp#27;[32mI go to the alta-shop register page&amp#27;[0m     &amp#27;[90m# starter.stepdefinitions.RegisterSteps.clickLoginButton()&amp#27;[0m
19:20:27.392 [Darkroom Processing Line] DEBUG net.serenitybdd.core.photography.DarkroomProcessingLine - Processing screenshot image in /var/screenshots/screenshot-8042160503202371970
19:20:27.392 [Darkroom Processing Line] DEBUG net.serenitybdd.core.photography.DarkroomProcessingLine - Saving screenshot to target\site\serenity\3090108ce82049d7b01fffd99c66025cfa246374e088db7e9af35a378e4e3fba.png
19:20:27.406 [Forwarding getPageSource on session 0ad3acc7632ccba329ed4266328702ac to remote] DEBUG org.asynchttpclient.netty.request.NettyRequestSender - Using pooled Channel '[id: 0xd5d337a2, L:/127.0.0.1:60772 - R:localhost/127.0.0.1:45990]' for 'POST' to 'http://localhost:45990/session/0ad3acc7632ccba329ed4266328702ac/execute/sync'
19:20:27.406 [Forwarding getPageSource on session 0ad3acc7632ccba329ed4266328702ac to remote] DEBUG org.asynchttpclient.netty.request.NettyRequestSender - Using open Channel [id: 0xd5d337a2, L:/127.0.0.1:60772 - R:localhost/127.0.0.1:45990] for POST '/session/0ad3acc7632ccba329ed4266328702ac/execute/sync'
19:20:27.420 [AsyncHttpClient-1-5] DEBUG org.asynchttpclient.netty.handler.HttpHandler - 

Request DefaultHttpRequest(decodeResult: success, version: HTTP/1.1)
POST /session/0ad3acc7632ccba329ed4266328702ac/execute/sync HTTP/1.1
User-Agent: selenium/4.8.1 (java windows)
Content-Length: 176
Content-Type: application/json; charset=utf-8
host: localhost:45990
accept: */*

Response DefaultHttpResponse(decodeResult: success, version: HTTP/1.1)
HTTP/1.1 200 OK
Content-Length: 22314
Content-Type: application/json; charset=utf-8
cache-control: no-cache

19:20:27.420 [AsyncHttpClient-1-5] DEBUG org.asynchttpclient.netty.channel.ChannelManager - Adding key: http://localhost:45990 for channel [id: 0xd5d337a2, L:/127.0.0.1:60772 - R:localhost/127.0.0.1:45990]
19:20:27.425 [Forwarding getCurrentUrl on session 0ad3acc7632ccba329ed4266328702ac to remote] DEBUG org.asynchttpclient.netty.request.NettyRequestSender - Using pooled Channel '[id: 0xd5d337a2, L:/127.0.0.1:60772 - R:localhost/127.0.0.1:45990]' for 'GET' to 'http://localhost:45990/session/0ad3acc7632ccba329ed4266328702ac/url'
19:20:27.425 [Forwarding getCurrentUrl on session 0ad3acc7632ccba329ed4266328702ac to remote] DEBUG org.asynchttpclient.netty.request.NettyRequestSender - Using open Channel [id: 0xd5d337a2, L:/127.0.0.1:60772 - R:localhost/127.0.0.1:45990] for GET '/session/0ad3acc7632ccba329ed4266328702ac/url'
19:20:27.433 [AsyncHttpClient-1-5] DEBUG org.asynchttpclient.netty.handler.HttpHandler - 

Request DefaultFullHttpRequest(decodeResult: success, version: HTTP/1.1, content: EmptyByteBufBE)
GET /session/0ad3acc7632ccba329ed4266328702ac/url HTTP/1.1
User-Agent: selenium/4.8.1 (java windows)
Cache-Control: no-cache
Content-Type: application/json; charset=utf-8
host: localhost:45990
accept: */*

Response DefaultHttpResponse(decodeResult: success, version: HTTP/1.1)
HTTP/1.1 200 OK
Content-Length: 54
Content-Type: application/json; charset=utf-8
cache-control: no-cache

19:20:27.433 [AsyncHttpClient-1-5] DEBUG org.asynchttpclient.netty.channel.ChannelManager - Adding key: http://localhost:45990 for channel [id: 0xd5d337a2, L:/127.0.0.1:60772 - R:localhost/127.0.0.1:45990]
19:20:27.455 [Forwarding getAlertText on session 0ad3acc7632ccba329ed4266328702ac to remote] DEBUG org.asynchttpclient.netty.request.NettyRequestSender - Using pooled Channel '[id: 0xd5d337a2, L:/127.0.0.1:60772 - R:localhost/127.0.0.1:45990]' for 'GET' to 'http://localhost:45990/session/0ad3acc7632ccba329ed4266328702ac/alert/text'
19:20:27.455 [Forwarding getAlertText on session 0ad3acc7632ccba329ed4266328702ac to remote] DEBUG org.asynchttpclient.netty.request.NettyRequestSender - Using open Channel [id: 0xd5d337a2, L:/127.0.0.1:60772 - R:localhost/127.0.0.1:45990] for GET '/session/0ad3acc7632ccba329ed4266328702ac/alert/text'
19:20:27.460 [AsyncHttpClient-1-5] DEBUG org.asynchttpclient.netty.handler.HttpHandler - 

Request DefaultFullHttpRequest(decodeResult: success, version: HTTP/1.1, content: EmptyByteBufBE)
GET /session/0ad3acc7632ccba329ed4266328702ac/alert/text HTTP/1.1
User-Agent: selenium/4.8.1 (java windows)
Cache-Control: no-cache
Content-Type: application/json; charset=utf-8
host: localhost:45990
accept: */*

Response DefaultHttpResponse(decodeResult: success, version: HTTP/1.1)
HTTP/1.1 404 Not Found
Content-Length: 847
Content-Type: application/json; charset=utf-8
cache-control: no-cache

19:20:27.460 [AsyncHttpClient-1-5] DEBUG org.asynchttpclient.netty.channel.ChannelManager - Adding key: http://localhost:45990 for channel [id: 0xd5d337a2, L:/127.0.0.1:60772 - R:localhost/127.0.0.1:45990]
19:20:27.462 [Forwarding getCurrentUrl on session 0ad3acc7632ccba329ed4266328702ac to remote] DEBUG org.asynchttpclient.netty.request.NettyRequestSender - Using pooled Channel '[id: 0xd5d337a2, L:/127.0.0.1:60772 - R:localhost/127.0.0.1:45990]' for 'GET' to 'http://localhost:45990/session/0ad3acc7632ccba329ed4266328702ac/url'
19:20:27.462 [Forwarding getCurrentUrl on session 0ad3acc7632ccba329ed4266328702ac to remote] DEBUG org.asynchttpclient.netty.request.NettyRequestSender - Using open Channel [id: 0xd5d337a2, L:/127.0.0.1:60772 - R:localhost/127.0.0.1:45990] for GET '/session/0ad3acc7632ccba329ed4266328702ac/url'
19:20:27.479 [AsyncHttpClient-1-5] DEBUG org.asynchttpclient.netty.handler.HttpHandler - 

Request DefaultFullHttpRequest(decodeResult: success, version: HTTP/1.1, content: EmptyByteBufBE)
GET /session/0ad3acc7632ccba329ed4266328702ac/url HTTP/1.1
User-Agent: selenium/4.8.1 (java windows)
Cache-Control: no-cache
Content-Type: application/json; charset=utf-8
host: localhost:45990
accept: */*

Response DefaultHttpResponse(decodeResult: success, version: HTTP/1.1)
HTTP/1.1 200 OK
Content-Length: 54
Content-Type: application/json; charset=utf-8
cache-control: no-cache

19:20:27.480 [AsyncHttpClient-1-5] DEBUG org.asynchttpclient.netty.channel.ChannelManager - Adding key: http://localhost:45990 for channel [id: 0xd5d337a2, L:/127.0.0.1:60772 - R:localhost/127.0.0.1:45990]
19:20:27.481 [Forwarding screenshot on session 0ad3acc7632ccba329ed4266328702ac to remote] DEBUG org.asynchttpclient.netty.request.NettyRequestSender - Using pooled Channel '[id: 0xd5d337a2, L:/127.0.0.1:60772 - R:localhost/127.0.0.1:45990]' for 'GET' to 'http://localhost:45990/session/0ad3acc7632ccba329ed4266328702ac/screenshot'
19:20:27.481 [Forwarding screenshot on session 0ad3acc7632ccba329ed4266328702ac to remote] DEBUG org.asynchttpclient.netty.request.NettyRequestSender - Using open Channel [id: 0xd5d337a2, L:/127.0.0.1:60772 - R:localhost/127.0.0.1:45990] for GET '/session/0ad3acc7632ccba329ed4266328702ac/screenshot'
19:20:27.505 [AsyncHttpClient-1-1] DEBUG org.asynchttpclient.netty.channel.DefaultChannelPool - Entry count for : http://localhost:60773 : 1
19:20:27.649 [AsyncHttpClient-1-5] DEBUG org.asynchttpclient.netty.handler.HttpHandler - 

Request DefaultFullHttpRequest(decodeResult: success, version: HTTP/1.1, content: EmptyByteBufBE)
GET /session/0ad3acc7632ccba329ed4266328702ac/screenshot HTTP/1.1
User-Agent: selenium/4.8.1 (java windows)
Cache-Control: no-cache
Content-Type: application/json; charset=utf-8
host: localhost:45990
accept: */*

Response DefaultHttpResponse(decodeResult: success, version: HTTP/1.1)
HTTP/1.1 200 OK
Content-Length: 37532
Content-Type: application/json; charset=utf-8
cache-control: no-cache

19:20:27.650 [AsyncHttpClient-1-5] DEBUG org.asynchttpclient.netty.channel.ChannelManager - Adding key: http://localhost:45990 for channel [id: 0xd5d337a2, L:/127.0.0.1:60772 - R:localhost/127.0.0.1:45990]
19:20:27.652 [main] DEBUG net.serenitybdd.core.photography.Darkroom - Send negative for processing for target\site\serenity\ecc6ab840bda103f95e4734b07ad45198a4ee20fb87be22f021a10030494e1ba.png
19:20:27.655 [Forwarding getPageSource on session 0ad3acc7632ccba329ed4266328702ac to remote] DEBUG org.asynchttpclient.netty.request.NettyRequestSender - Using pooled Channel '[id: 0xd5d337a2, L:/127.0.0.1:60772 - R:localhost/127.0.0.1:45990]' for 'POST' to 'http://localhost:45990/session/0ad3acc7632ccba329ed4266328702ac/execute/sync'
19:20:27.655 [Forwarding getPageSource on session 0ad3acc7632ccba329ed4266328702ac to remote] DEBUG org.asynchttpclient.netty.request.NettyRequestSender - Using open Channel [id: 0xd5d337a2, L:/127.0.0.1:60772 - R:localhost/127.0.0.1:45990] for POST '/session/0ad3acc7632ccba329ed4266328702ac/execute/sync'
19:20:27.665 [AsyncHttpClient-1-5] DEBUG org.asynchttpclient.netty.handler.HttpHandler - 

Request DefaultHttpRequest(decodeResult: success, version: HTTP/1.1)
POST /session/0ad3acc7632ccba329ed4266328702ac/execute/sync HTTP/1.1
User-Agent: selenium/4.8.1 (java windows)
Content-Length: 176
Content-Type: application/json; charset=utf-8
host: localhost:45990
accept: */*

Response DefaultHttpResponse(decodeResult: success, version: HTTP/1.1)
HTTP/1.1 200 OK
Content-Length: 22314
Content-Type: application/json; charset=utf-8
cache-control: no-cache

19:20:27.665 [AsyncHttpClient-1-5] DEBUG org.asynchttpclient.netty.channel.ChannelManager - Adding key: http://localhost:45990 for channel [id: 0xd5d337a2, L:/127.0.0.1:60772 - R:localhost/127.0.0.1:45990]
19:20:27.668 [Forwarding getCurrentUrl on session 0ad3acc7632ccba329ed4266328702ac to remote] DEBUG org.asynchttpclient.netty.request.NettyRequestSender - Using pooled Channel '[id: 0xd5d337a2, L:/127.0.0.1:60772 - R:localhost/127.0.0.1:45990]' for 'GET' to 'http://localhost:45990/session/0ad3acc7632ccba329ed4266328702ac/url'
19:20:27.669 [Forwarding getCurrentUrl on session 0ad3acc7632ccba329ed4266328702ac to remote] DEBUG org.asynchttpclient.netty.request.NettyRequestSender - Using open Channel [id: 0xd5d337a2, L:/127.0.0.1:60772 - R:localhost/127.0.0.1:45990] for GET '/session/0ad3acc7632ccba329ed4266328702ac/url'
19:20:27.675 [AsyncHttpClient-1-5] DEBUG org.asynchttpclient.netty.handler.HttpHandler - 

Request DefaultFullHttpRequest(decodeResult: success, version: HTTP/1.1, content: EmptyByteBufBE)
GET /session/0ad3acc7632ccba329ed4266328702ac/url HTTP/1.1
User-Agent: selenium/4.8.1 (java windows)
Cache-Control: no-cache
Content-Type: application/json; charset=utf-8
host: localhost:45990
accept: */*

Response DefaultHttpResponse(decodeResult: success, version: HTTP/1.1)
HTTP/1.1 200 OK
Content-Length: 54
Content-Type: application/json; charset=utf-8
cache-control: no-cache

19:20:27.675 [AsyncHttpClient-1-5] DEBUG org.asynchttpclient.netty.channel.ChannelManager - Adding key: http://localhost:45990 for channel [id: 0xd5d337a2, L:/127.0.0.1:60772 - R:localhost/127.0.0.1:45990]
19:20:27.678 [main] DEBUG net.thucydides.core.steps.StepInterceptor - STARTING STEP: RegisterSteps.inputInvalidFullnameReg - inputFullnameReg
19:20:27.682 [Forwarding findElement on session 0ad3acc7632ccba329ed4266328702ac to remote] DEBUG org.asynchttpclient.netty.request.NettyRequestSender - Using pooled Channel '[id: 0xd5d337a2, L:/127.0.0.1:60772 - R:localhost/127.0.0.1:45990]' for 'POST' to 'http://localhost:45990/session/0ad3acc7632ccba329ed4266328702ac/element'
19:20:27.682 [Forwarding findElement on session 0ad3acc7632ccba329ed4266328702ac to remote] DEBUG org.asynchttpclient.netty.request.NettyRequestSender - Using open Channel [id: 0xd5d337a2, L:/127.0.0.1:60772 - R:localhost/127.0.0.1:45990] for POST '/session/0ad3acc7632ccba329ed4266328702ac/element'
19:20:27.699 [AsyncHttpClient-1-5] DEBUG org.asynchttpclient.netty.handler.HttpHandler - 

Request DefaultHttpRequest(decodeResult: success, version: HTTP/1.1)
POST /session/0ad3acc7632ccba329ed4266328702ac/element HTTP/1.1
User-Agent: selenium/4.8.1 (java windows)
Content-Length: 55
Content-Type: application/json; charset=utf-8
host: localhost:45990
accept: */*

Response DefaultHttpResponse(decodeResult: success, version: HTTP/1.1)
HTTP/1.1 200 OK
Content-Length: 94
Content-Type: application/json; charset=utf-8
cache-control: no-cache

19:20:27.699 [AsyncHttpClient-1-5] DEBUG org.asynchttpclient.netty.channel.ChannelManager - Adding key: http://localhost:45990 for channel [id: 0xd5d337a2, L:/127.0.0.1:60772 - R:localhost/127.0.0.1:45990]
19:20:27.701 [Forwarding clearElement on session 0ad3acc7632ccba329ed4266328702ac to remote] DEBUG org.asynchttpclient.netty.request.NettyRequestSender - Using pooled Channel '[id: 0xd5d337a2, L:/127.0.0.1:60772 - R:localhost/127.0.0.1:45990]' for 'POST' to 'http://localhost:45990/session/0ad3acc7632ccba329ed4266328702ac/element/9C85E41A8648180BEB5C809629340EDB_element_6/clear'
19:20:27.701 [Forwarding clearElement on session 0ad3acc7632ccba329ed4266328702ac to remote] DEBUG org.asynchttpclient.netty.request.NettyRequestSender - Using open Channel [id: 0xd5d337a2, L:/127.0.0.1:60772 - R:localhost/127.0.0.1:45990] for POST '/session/0ad3acc7632ccba329ed4266328702ac/element/9C85E41A8648180BEB5C809629340EDB_element_6/clear'
19:20:27.742 [AsyncHttpClient-1-5] DEBUG org.asynchttpclient.netty.handler.HttpHandler - 

Request DefaultHttpRequest(decodeResult: success, version: HTTP/1.1)
POST /session/0ad3acc7632ccba329ed4266328702ac/element/9C85E41A8648180BEB5C809629340EDB_element_6/clear HTTP/1.1
User-Agent: selenium/4.8.1 (java windows)
Content-Length: 56
Content-Type: application/json; charset=utf-8
host: localhost:45990
accept: */*

Response DefaultHttpResponse(decodeResult: success, version: HTTP/1.1)
HTTP/1.1 200 OK
Content-Length: 14
Content-Type: application/json; charset=utf-8
cache-control: no-cache

19:20:27.742 [AsyncHttpClient-1-5] DEBUG org.asynchttpclient.netty.channel.ChannelManager - Adding key: http://localhost:45990 for channel [id: 0xd5d337a2, L:/127.0.0.1:60772 - R:localhost/127.0.0.1:45990]
19:20:27.744 [Forwarding sendKeysToElement on session 0ad3acc7632ccba329ed4266328702ac to remote] DEBUG org.asynchttpclient.netty.request.NettyRequestSender - Using pooled Channel '[id: 0xd5d337a2, L:/127.0.0.1:60772 - R:localhost/127.0.0.1:45990]' for 'POST' to 'http://localhost:45990/session/0ad3acc7632ccba329ed4266328702ac/element/9C85E41A8648180BEB5C809629340EDB_element_6/value'
19:20:27.744 [Forwarding sendKeysToElement on session 0ad3acc7632ccba329ed4266328702ac to remote] DEBUG org.asynchttpclient.netty.request.NettyRequestSender - Using open Channel [id: 0xd5d337a2, L:/127.0.0.1:60772 - R:localhost/127.0.0.1:45990] for POST '/session/0ad3acc7632ccba329ed4266328702ac/element/9C85E41A8648180BEB5C809629340EDB_element_6/value'
19:20:27.799 [AsyncHttpClient-1-5] DEBUG org.asynchttpclient.netty.handler.HttpHandler - 

Request DefaultHttpRequest(decodeResult: success, version: HTTP/1.1)
POST /session/0ad3acc7632ccba329ed4266328702ac/element/9C85E41A8648180BEB5C809629340EDB_element_6/value HTTP/1.1
User-Agent: selenium/4.8.1 (java windows)
Content-Length: 88
Content-Type: application/json; charset=utf-8
host: localhost:45990
accept: */*

Response DefaultHttpResponse(decodeResult: success, version: HTTP/1.1)
HTTP/1.1 200 OK
Content-Length: 14
Content-Type: application/json; charset=utf-8
cache-control: no-cache

19:20:27.800 [AsyncHttpClient-1-5] DEBUG org.asynchttpclient.netty.channel.ChannelManager - Adding key: http://localhost:45990 for channel [id: 0xd5d337a2, L:/127.0.0.1:60772 - R:localhost/127.0.0.1:45990]
19:20:27.808 [Forwarding getAlertText on session 0ad3acc7632ccba329ed4266328702ac to remote] DEBUG org.asynchttpclient.netty.request.NettyRequestSender - Using pooled Channel '[id: 0xd5d337a2, L:/127.0.0.1:60772 - R:localhost/127.0.0.1:45990]' for 'GET' to 'http://localhost:45990/session/0ad3acc7632ccba329ed4266328702ac/alert/text'
19:20:27.808 [Forwarding getAlertText on session 0ad3acc7632ccba329ed4266328702ac to remote] DEBUG org.asynchttpclient.netty.request.NettyRequestSender - Using open Channel [id: 0xd5d337a2, L:/127.0.0.1:60772 - R:localhost/127.0.0.1:45990] for GET '/session/0ad3acc7632ccba329ed4266328702ac/alert/text'
19:20:27.811 [AsyncHttpClient-1-5] DEBUG org.asynchttpclient.netty.handler.HttpHandler - 

Request DefaultFullHttpRequest(decodeResult: success, version: HTTP/1.1, content: EmptyByteBufBE)
GET /session/0ad3acc7632ccba329ed4266328702ac/alert/text HTTP/1.1
User-Agent: selenium/4.8.1 (java windows)
Cache-Control: no-cache
Content-Type: application/json; charset=utf-8
host: localhost:45990
accept: */*

Response DefaultHttpResponse(decodeResult: success, version: HTTP/1.1)
HTTP/1.1 404 Not Found
Content-Length: 847
Content-Type: application/json; charset=utf-8
cache-control: no-cache

19:20:27.812 [AsyncHttpClient-1-5] DEBUG org.asynchttpclient.netty.channel.ChannelManager - Adding key: http://localhost:45990 for channel [id: 0xd5d337a2, L:/127.0.0.1:60772 - R:localhost/127.0.0.1:45990]
19:20:27.813 [Forwarding getCurrentUrl on session 0ad3acc7632ccba329ed4266328702ac to remote] DEBUG org.asynchttpclient.netty.request.NettyRequestSender - Using pooled Channel '[id: 0xd5d337a2, L:/127.0.0.1:60772 - R:localhost/127.0.0.1:45990]' for 'GET' to 'http://localhost:45990/session/0ad3acc7632ccba329ed4266328702ac/url'
19:20:27.814 [Forwarding getCurrentUrl on session 0ad3acc7632ccba329ed4266328702ac to remote] DEBUG org.asynchttpclient.netty.request.NettyRequestSender - Using open Channel [id: 0xd5d337a2, L:/127.0.0.1:60772 - R:localhost/127.0.0.1:45990] for GET '/session/0ad3acc7632ccba329ed4266328702ac/url'
19:20:27.818 [AsyncHttpClient-1-5] DEBUG org.asynchttpclient.netty.handler.HttpHandler - 

Request DefaultFullHttpRequest(decodeResult: success, version: HTTP/1.1, content: EmptyByteBufBE)
GET /session/0ad3acc7632ccba329ed4266328702ac/url HTTP/1.1
User-Agent: selenium/4.8.1 (java windows)
Cache-Control: no-cache
Content-Type: application/json; charset=utf-8
host: localhost:45990
accept: */*

Response DefaultHttpResponse(decodeResult: success, version: HTTP/1.1)
HTTP/1.1 200 OK
Content-Length: 54
Content-Type: application/json; charset=utf-8
cache-control: no-cache

19:20:27.818 [AsyncHttpClient-1-5] DEBUG org.asynchttpclient.netty.channel.ChannelManager - Adding key: http://localhost:45990 for channel [id: 0xd5d337a2, L:/127.0.0.1:60772 - R:localhost/127.0.0.1:45990]
19:20:27.819 [Forwarding screenshot on session 0ad3acc7632ccba329ed4266328702ac to remote] DEBUG org.asynchttpclient.netty.request.NettyRequestSender - Using pooled Channel '[id: 0xd5d337a2, L:/127.0.0.1:60772 - R:localhost/127.0.0.1:45990]' for 'GET' to 'http://localhost:45990/session/0ad3acc7632ccba329ed4266328702ac/screenshot'
19:20:27.819 [Forwarding screenshot on session 0ad3acc7632ccba329ed4266328702ac to remote] DEBUG org.asynchttpclient.netty.request.NettyRequestSender - Using open Channel [id: 0xd5d337a2, L:/127.0.0.1:60772 - R:localhost/127.0.0.1:45990] for GET '/session/0ad3acc7632ccba329ed4266328702ac/screenshot'
19:20:27.951 [AsyncHttpClient-1-5] DEBUG org.asynchttpclient.netty.handler.HttpHandler - 

Request DefaultFullHttpRequest(decodeResult: success, version: HTTP/1.1, content: EmptyByteBufBE)
GET /session/0ad3acc7632ccba329ed4266328702ac/screenshot HTTP/1.1
User-Agent: selenium/4.8.1 (java windows)
Cache-Control: no-cache
Content-Type: application/json; charset=utf-8
host: localhost:45990
accept: */*

Response DefaultHttpResponse(decodeResult: success, version: HTTP/1.1)
HTTP/1.1 200 OK
Content-Length: 38496
Content-Type: application/json; charset=utf-8
cache-control: no-cache

19:20:27.951 [AsyncHttpClient-1-5] DEBUG org.asynchttpclient.netty.channel.ChannelManager - Adding key: http://localhost:45990 for channel [id: 0xd5d337a2, L:/127.0.0.1:60772 - R:localhost/127.0.0.1:45990]
19:20:27.953 [main] DEBUG net.serenitybdd.core.photography.Darkroom - Send negative for processing for target\site\serenity\9b52a240fad43caf0810186584b8011726e47a1bf404462c7b0183b73591d42a.png
19:20:27.954 [main] DEBUG net.thucydides.core.steps.StepInterceptor - STEP DONE: inputFullnameReg
19:20:27.954 [Darkroom Processing Line] DEBUG net.serenitybdd.core.photography.DarkroomProcessingLine - Processing screenshot image in /var/screenshots/screenshot-2155707133276077086
19:20:27.954 [Darkroom Processing Line] DEBUG net.serenitybdd.core.photography.DarkroomProcessingLine - Saving screenshot to target\site\serenity\9b52a240fad43caf0810186584b8011726e47a1bf404462c7b0183b73591d42a.png
  &amp#27;[32mAnd &amp#27;[0m&amp#27;[32mI input nothing in fullname for register&amp#27;[0m &amp#27;[90m# starter.stepdefinitions.RegisterSteps.inputInvalidFullnameReg()&amp#27;[0m
19:20:27.964 [Forwarding getPageSource on session 0ad3acc7632ccba329ed4266328702ac to remote] DEBUG org.asynchttpclient.netty.request.NettyRequestSender - Using pooled Channel '[id: 0xd5d337a2, L:/127.0.0.1:60772 - R:localhost/127.0.0.1:45990]' for 'POST' to 'http://localhost:45990/session/0ad3acc7632ccba329ed4266328702ac/execute/sync'
19:20:27.964 [Forwarding getPageSource on session 0ad3acc7632ccba329ed4266328702ac to remote] DEBUG org.asynchttpclient.netty.request.NettyRequestSender - Using open Channel [id: 0xd5d337a2, L:/127.0.0.1:60772 - R:localhost/127.0.0.1:45990] for POST '/session/0ad3acc7632ccba329ed4266328702ac/execute/sync'
19:20:27.971 [AsyncHttpClient-1-5] DEBUG org.asynchttpclient.netty.handler.HttpHandler - 

Request DefaultHttpRequest(decodeResult: success, version: HTTP/1.1)
POST /session/0ad3acc7632ccba329ed4266328702ac/execute/sync HTTP/1.1
User-Agent: selenium/4.8.1 (java windows)
Content-Length: 176
Content-Type: application/json; charset=utf-8
host: localhost:45990
accept: */*

Response DefaultHttpResponse(decodeResult: success, version: HTTP/1.1)
HTTP/1.1 200 OK
Content-Length: 22392
Content-Type: application/json; charset=utf-8
cache-control: no-cache

19:20:27.971 [AsyncHttpClient-1-5] DEBUG org.asynchttpclient.netty.channel.ChannelManager - Adding key: http://localhost:45990 for channel [id: 0xd5d337a2, L:/127.0.0.1:60772 - R:localhost/127.0.0.1:45990]
19:20:27.974 [Forwarding getCurrentUrl on session 0ad3acc7632ccba329ed4266328702ac to remote] DEBUG org.asynchttpclient.netty.request.NettyRequestSender - Using pooled Channel '[id: 0xd5d337a2, L:/127.0.0.1:60772 - R:localhost/127.0.0.1:45990]' for 'GET' to 'http://localhost:45990/session/0ad3acc7632ccba329ed4266328702ac/url'
19:20:27.974 [Forwarding getCurrentUrl on session 0ad3acc7632ccba329ed4266328702ac to remote] DEBUG org.asynchttpclient.netty.request.NettyRequestSender - Using open Channel [id: 0xd5d337a2, L:/127.0.0.1:60772 - R:localhost/127.0.0.1:45990] for GET '/session/0ad3acc7632ccba329ed4266328702ac/url'
19:20:27.978 [AsyncHttpClient-1-5] DEBUG org.asynchttpclient.netty.handler.HttpHandler - 

Request DefaultFullHttpRequest(decodeResult: success, version: HTTP/1.1, content: EmptyByteBufBE)
GET /session/0ad3acc7632ccba329ed4266328702ac/url HTTP/1.1
User-Agent: selenium/4.8.1 (java windows)
Cache-Control: no-cache
Content-Type: application/json; charset=utf-8
host: localhost:45990
accept: */*

Response DefaultHttpResponse(decodeResult: success, version: HTTP/1.1)
HTTP/1.1 200 OK
Content-Length: 54
Content-Type: application/json; charset=utf-8
cache-control: no-cache

19:20:27.978 [AsyncHttpClient-1-5] DEBUG org.asynchttpclient.netty.channel.ChannelManager - Adding key: http://localhost:45990 for channel [id: 0xd5d337a2, L:/127.0.0.1:60772 - R:localhost/127.0.0.1:45990]
19:20:27.985 [Forwarding getPageSource on session 0ad3acc7632ccba329ed4266328702ac to remote] DEBUG org.asynchttpclient.netty.request.NettyRequestSender - Using pooled Channel '[id: 0xd5d337a2, L:/127.0.0.1:60772 - R:localhost/127.0.0.1:45990]' for 'POST' to 'http://localhost:45990/session/0ad3acc7632ccba329ed4266328702ac/execute/sync'
19:20:27.985 [Forwarding getPageSource on session 0ad3acc7632ccba329ed4266328702ac to remote] DEBUG org.asynchttpclient.netty.request.NettyRequestSender - Using open Channel [id: 0xd5d337a2, L:/127.0.0.1:60772 - R:localhost/127.0.0.1:45990] for POST '/session/0ad3acc7632ccba329ed4266328702ac/execute/sync'
19:20:27.991 [AsyncHttpClient-1-5] DEBUG org.asynchttpclient.netty.handler.HttpHandler - 

Request DefaultHttpRequest(decodeResult: success, version: HTTP/1.1)
POST /session/0ad3acc7632ccba329ed4266328702ac/execute/sync HTTP/1.1
User-Agent: selenium/4.8.1 (java windows)
Content-Length: 176
Content-Type: application/json; charset=utf-8
host: localhost:45990
accept: */*

Response DefaultHttpResponse(decodeResult: success, version: HTTP/1.1)
HTTP/1.1 200 OK
Content-Length: 22392
Content-Type: application/json; charset=utf-8
cache-control: no-cache

19:20:27.991 [AsyncHttpClient-1-5] DEBUG org.asynchttpclient.netty.channel.ChannelManager - Adding key: http://localhost:45990 for channel [id: 0xd5d337a2, L:/127.0.0.1:60772 - R:localhost/127.0.0.1:45990]
19:20:27.993 [Forwarding getCurrentUrl on session 0ad3acc7632ccba329ed4266328702ac to remote] DEBUG org.asynchttpclient.netty.request.NettyRequestSender - Using pooled Channel '[id: 0xd5d337a2, L:/127.0.0.1:60772 - R:localhost/127.0.0.1:45990]' for 'GET' to 'http://localhost:45990/session/0ad3acc7632ccba329ed4266328702ac/url'
19:20:27.993 [Forwarding getCurrentUrl on session 0ad3acc7632ccba329ed4266328702ac to remote] DEBUG org.asynchttpclient.netty.request.NettyRequestSender - Using open Channel [id: 0xd5d337a2, L:/127.0.0.1:60772 - R:localhost/127.0.0.1:45990] for GET '/session/0ad3acc7632ccba329ed4266328702ac/url'
19:20:28.000 [AsyncHttpClient-1-5] DEBUG org.asynchttpclient.netty.handler.HttpHandler - 

Request DefaultFullHttpRequest(decodeResult: success, version: HTTP/1.1, content: EmptyByteBufBE)
GET /session/0ad3acc7632ccba329ed4266328702ac/url HTTP/1.1
User-Agent: selenium/4.8.1 (java windows)
Cache-Control: no-cache
Content-Type: application/json; charset=utf-8
host: localhost:45990
accept: */*

Response DefaultHttpResponse(decodeResult: success, version: HTTP/1.1)
HTTP/1.1 200 OK
Content-Length: 54
Content-Type: application/json; charset=utf-8
cache-control: no-cache

19:20:28.001 [AsyncHttpClient-1-5] DEBUG org.asynchttpclient.netty.channel.ChannelManager - Adding key: http://localhost:45990 for channel [id: 0xd5d337a2, L:/127.0.0.1:60772 - R:localhost/127.0.0.1:45990]
19:20:28.003 [main] DEBUG net.thucydides.core.steps.StepInterceptor - STARTING STEP: RegisterSteps.inputEmailReg - inputEmailReg
19:20:28.007 [Forwarding findElement on session 0ad3acc7632ccba329ed4266328702ac to remote] DEBUG org.asynchttpclient.netty.request.NettyRequestSender - Using pooled Channel '[id: 0xd5d337a2, L:/127.0.0.1:60772 - R:localhost/127.0.0.1:45990]' for 'POST' to 'http://localhost:45990/session/0ad3acc7632ccba329ed4266328702ac/element'
19:20:28.007 [Forwarding findElement on session 0ad3acc7632ccba329ed4266328702ac to remote] DEBUG org.asynchttpclient.netty.request.NettyRequestSender - Using open Channel [id: 0xd5d337a2, L:/127.0.0.1:60772 - R:localhost/127.0.0.1:45990] for POST '/session/0ad3acc7632ccba329ed4266328702ac/element'
19:20:28.024 [AsyncHttpClient-1-5] DEBUG org.asynchttpclient.netty.handler.HttpHandler - 

Request DefaultHttpRequest(decodeResult: success, version: HTTP/1.1)
POST /session/0ad3acc7632ccba329ed4266328702ac/element HTTP/1.1
User-Agent: selenium/4.8.1 (java windows)
Content-Length: 55
Content-Type: application/json; charset=utf-8
host: localhost:45990
accept: */*

Response DefaultHttpResponse(decodeResult: success, version: HTTP/1.1)
HTTP/1.1 200 OK
Content-Length: 94
Content-Type: application/json; charset=utf-8
cache-control: no-cache

19:20:28.024 [AsyncHttpClient-1-5] DEBUG org.asynchttpclient.netty.channel.ChannelManager - Adding key: http://localhost:45990 for channel [id: 0xd5d337a2, L:/127.0.0.1:60772 - R:localhost/127.0.0.1:45990]
19:20:28.026 [Forwarding clearElement on session 0ad3acc7632ccba329ed4266328702ac to remote] DEBUG org.asynchttpclient.netty.request.NettyRequestSender - Using pooled Channel '[id: 0xd5d337a2, L:/127.0.0.1:60772 - R:localhost/127.0.0.1:45990]' for 'POST' to 'http://localhost:45990/session/0ad3acc7632ccba329ed4266328702ac/element/9C85E41A8648180BEB5C809629340EDB_element_9/clear'
19:20:28.026 [Forwarding clearElement on session 0ad3acc7632ccba329ed4266328702ac to remote] DEBUG org.asynchttpclient.netty.request.NettyRequestSender - Using open Channel [id: 0xd5d337a2, L:/127.0.0.1:60772 - R:localhost/127.0.0.1:45990] for POST '/session/0ad3acc7632ccba329ed4266328702ac/element/9C85E41A8648180BEB5C809629340EDB_element_9/clear'
19:20:28.067 [AsyncHttpClient-1-5] DEBUG org.asynchttpclient.netty.handler.HttpHandler - 

Request DefaultHttpRequest(decodeResult: success, version: HTTP/1.1)
POST /session/0ad3acc7632ccba329ed4266328702ac/element/9C85E41A8648180BEB5C809629340EDB_element_9/clear HTTP/1.1
User-Agent: selenium/4.8.1 (java windows)
Content-Length: 56
Content-Type: application/json; charset=utf-8
host: localhost:45990
accept: */*

Response DefaultHttpResponse(decodeResult: success, version: HTTP/1.1)
HTTP/1.1 200 OK
Content-Length: 14
Content-Type: application/json; charset=utf-8
cache-control: no-cache

19:20:28.068 [AsyncHttpClient-1-5] DEBUG org.asynchttpclient.netty.channel.ChannelManager - Adding key: http://localhost:45990 for channel [id: 0xd5d337a2, L:/127.0.0.1:60772 - R:localhost/127.0.0.1:45990]
19:20:28.071 [Forwarding sendKeysToElement on session 0ad3acc7632ccba329ed4266328702ac to remote] DEBUG org.asynchttpclient.netty.request.NettyRequestSender - Using pooled Channel '[id: 0xd5d337a2, L:/127.0.0.1:60772 - R:localhost/127.0.0.1:45990]' for 'POST' to 'http://localhost:45990/session/0ad3acc7632ccba329ed4266328702ac/element/9C85E41A8648180BEB5C809629340EDB_element_9/value'
19:20:28.071 [Forwarding sendKeysToElement on session 0ad3acc7632ccba329ed4266328702ac to remote] DEBUG org.asynchttpclient.netty.request.NettyRequestSender - Using open Channel [id: 0xd5d337a2, L:/127.0.0.1:60772 - R:localhost/127.0.0.1:45990] for POST '/session/0ad3acc7632ccba329ed4266328702ac/element/9C85E41A8648180BEB5C809629340EDB_element_9/value'
19:20:28.200 [AsyncHttpClient-1-5] DEBUG org.asynchttpclient.netty.handler.HttpHandler - 

Request DefaultHttpRequest(decodeResult: success, version: HTTP/1.1)
POST /session/0ad3acc7632ccba329ed4266328702ac/element/9C85E41A8648180BEB5C809629340EDB_element_9/value HTTP/1.1
User-Agent: selenium/4.8.1 (java windows)
Content-Length: 237
Content-Type: application/json; charset=utf-8
host: localhost:45990
accept: */*

Response DefaultHttpResponse(decodeResult: success, version: HTTP/1.1)
HTTP/1.1 200 OK
Content-Length: 14
Content-Type: application/json; charset=utf-8
cache-control: no-cache

19:20:28.200 [AsyncHttpClient-1-5] DEBUG org.asynchttpclient.netty.channel.ChannelManager - Adding key: http://localhost:45990 for channel [id: 0xd5d337a2, L:/127.0.0.1:60772 - R:localhost/127.0.0.1:45990]
19:20:28.207 [Forwarding getAlertText on session 0ad3acc7632ccba329ed4266328702ac to remote] DEBUG org.asynchttpclient.netty.request.NettyRequestSender - Using pooled Channel '[id: 0xd5d337a2, L:/127.0.0.1:60772 - R:localhost/127.0.0.1:45990]' for 'GET' to 'http://localhost:45990/session/0ad3acc7632ccba329ed4266328702ac/alert/text'
19:20:28.207 [Forwarding getAlertText on session 0ad3acc7632ccba329ed4266328702ac to remote] DEBUG org.asynchttpclient.netty.request.NettyRequestSender - Using open Channel [id: 0xd5d337a2, L:/127.0.0.1:60772 - R:localhost/127.0.0.1:45990] for GET '/session/0ad3acc7632ccba329ed4266328702ac/alert/text'
19:20:28.208 [AsyncHttpClient-1-5] DEBUG org.asynchttpclient.netty.handler.HttpHandler - 

Request DefaultFullHttpRequest(decodeResult: success, version: HTTP/1.1, content: EmptyByteBufBE)
GET /session/0ad3acc7632ccba329ed4266328702ac/alert/text HTTP/1.1
User-Agent: selenium/4.8.1 (java windows)
Cache-Control: no-cache
Content-Type: application/json; charset=utf-8
host: localhost:45990
accept: */*

Response DefaultHttpResponse(decodeResult: success, version: HTTP/1.1)
HTTP/1.1 404 Not Found
Content-Length: 847
Content-Type: application/json; charset=utf-8
cache-control: no-cache

19:20:28.208 [AsyncHttpClient-1-5] DEBUG org.asynchttpclient.netty.channel.ChannelManager - Adding key: http://localhost:45990 for channel [id: 0xd5d337a2, L:/127.0.0.1:60772 - R:localhost/127.0.0.1:45990]
19:20:28.209 [Forwarding getCurrentUrl on session 0ad3acc7632ccba329ed4266328702ac to remote] DEBUG org.asynchttpclient.netty.request.NettyRequestSender - Using pooled Channel '[id: 0xd5d337a2, L:/127.0.0.1:60772 - R:localhost/127.0.0.1:45990]' for 'GET' to 'http://localhost:45990/session/0ad3acc7632ccba329ed4266328702ac/url'
19:20:28.209 [Forwarding getCurrentUrl on session 0ad3acc7632ccba329ed4266328702ac to remote] DEBUG org.asynchttpclient.netty.request.NettyRequestSender - Using open Channel [id: 0xd5d337a2, L:/127.0.0.1:60772 - R:localhost/127.0.0.1:45990] for GET '/session/0ad3acc7632ccba329ed4266328702ac/url'
19:20:28.215 [AsyncHttpClient-1-5] DEBUG org.asynchttpclient.netty.handler.HttpHandler - 

Request DefaultFullHttpRequest(decodeResult: success, version: HTTP/1.1, content: EmptyByteBufBE)
GET /session/0ad3acc7632ccba329ed4266328702ac/url HTTP/1.1
User-Agent: selenium/4.8.1 (java windows)
Cache-Control: no-cache
Content-Type: application/json; charset=utf-8
host: localhost:45990
accept: */*

Response DefaultHttpResponse(decodeResult: success, version: HTTP/1.1)
HTTP/1.1 200 OK
Content-Length: 54
Content-Type: application/json; charset=utf-8
cache-control: no-cache

19:20:28.216 [AsyncHttpClient-1-5] DEBUG org.asynchttpclient.netty.channel.ChannelManager - Adding key: http://localhost:45990 for channel [id: 0xd5d337a2, L:/127.0.0.1:60772 - R:localhost/127.0.0.1:45990]
19:20:28.216 [Forwarding screenshot on session 0ad3acc7632ccba329ed4266328702ac to remote] DEBUG org.asynchttpclient.netty.request.NettyRequestSender - Using pooled Channel '[id: 0xd5d337a2, L:/127.0.0.1:60772 - R:localhost/127.0.0.1:45990]' for 'GET' to 'http://localhost:45990/session/0ad3acc7632ccba329ed4266328702ac/screenshot'
19:20:28.216 [Forwarding screenshot on session 0ad3acc7632ccba329ed4266328702ac to remote] DEBUG org.asynchttpclient.netty.request.NettyRequestSender - Using open Channel [id: 0xd5d337a2, L:/127.0.0.1:60772 - R:localhost/127.0.0.1:45990] for GET '/session/0ad3acc7632ccba329ed4266328702ac/screenshot'
19:20:28.353 [AsyncHttpClient-1-5] DEBUG org.asynchttpclient.netty.handler.HttpHandler - 

Request DefaultFullHttpRequest(decodeResult: success, version: HTTP/1.1, content: EmptyByteBufBE)
GET /session/0ad3acc7632ccba329ed4266328702ac/screenshot HTTP/1.1
User-Agent: selenium/4.8.1 (java windows)
Cache-Control: no-cache
Content-Type: application/json; charset=utf-8
host: localhost:45990
accept: */*

Response DefaultHttpResponse(decodeResult: success, version: HTTP/1.1)
HTTP/1.1 200 OK
Content-Length: 43728
Content-Type: application/json; charset=utf-8
cache-control: no-cache

19:20:28.353 [AsyncHttpClient-1-5] DEBUG org.asynchttpclient.netty.channel.ChannelManager - Adding key: http://localhost:45990 for channel [id: 0xd5d337a2, L:/127.0.0.1:60772 - R:localhost/127.0.0.1:45990]
19:20:28.355 [main] DEBUG net.serenitybdd.core.photography.Darkroom - Send negative for processing for target\site\serenity\500c6aa4453600939c29b478b3b376e4f6b86f8d71c0bd77fdea87b75e5da397.png
19:20:28.355 [main] DEBUG net.thucydides.core.steps.StepInterceptor - STEP DONE: inputEmailReg
19:20:28.355 [Darkroom Processing Line] DEBUG net.serenitybdd.core.photography.DarkroomProcessingLine - Processing screenshot image in /var/screenshots/screenshot-12975595134439422962
  &amp#27;[32mAnd &amp#27;[0m&amp#27;[32mI input correct email for register&amp#27;[0m       &amp#27;[90m# starter.stepdefinitions.RegisterSteps.inputEmailReg()&amp#27;[0m
19:20:28.355 [Darkroom Processing Line] DEBUG net.serenitybdd.core.photography.DarkroomProcessingLine - Saving screenshot to target\site\serenity\500c6aa4453600939c29b478b3b376e4f6b86f8d71c0bd77fdea87b75e5da397.png
19:20:28.364 [Forwarding getPageSource on session 0ad3acc7632ccba329ed4266328702ac to remote] DEBUG org.asynchttpclient.netty.request.NettyRequestSender - Using pooled Channel '[id: 0xd5d337a2, L:/127.0.0.1:60772 - R:localhost/127.0.0.1:45990]' for 'POST' to 'http://localhost:45990/session/0ad3acc7632ccba329ed4266328702ac/execute/sync'
19:20:28.364 [Forwarding getPageSource on session 0ad3acc7632ccba329ed4266328702ac to remote] DEBUG org.asynchttpclient.netty.request.NettyRequestSender - Using open Channel [id: 0xd5d337a2, L:/127.0.0.1:60772 - R:localhost/127.0.0.1:45990] for POST '/session/0ad3acc7632ccba329ed4266328702ac/execute/sync'
19:20:28.377 [AsyncHttpClient-1-5] DEBUG org.asynchttpclient.netty.handler.HttpHandler - 

Request DefaultHttpRequest(decodeResult: success, version: HTTP/1.1)
POST /session/0ad3acc7632ccba329ed4266328702ac/execute/sync HTTP/1.1
User-Agent: selenium/4.8.1 (java windows)
Content-Length: 176
Content-Type: application/json; charset=utf-8
host: localhost:45990
accept: */*

Response DefaultHttpResponse(decodeResult: success, version: HTTP/1.1)
HTTP/1.1 200 OK
Content-Length: 22435
Content-Type: application/json; charset=utf-8
cache-control: no-cache

19:20:28.377 [AsyncHttpClient-1-5] DEBUG org.asynchttpclient.netty.channel.ChannelManager - Adding key: http://localhost:45990 for channel [id: 0xd5d337a2, L:/127.0.0.1:60772 - R:localhost/127.0.0.1:45990]
19:20:28.381 [Forwarding getCurrentUrl on session 0ad3acc7632ccba329ed4266328702ac to remote] DEBUG org.asynchttpclient.netty.request.NettyRequestSender - Using pooled Channel '[id: 0xd5d337a2, L:/127.0.0.1:60772 - R:localhost/127.0.0.1:45990]' for 'GET' to 'http://localhost:45990/session/0ad3acc7632ccba329ed4266328702ac/url'
19:20:28.381 [Forwarding getCurrentUrl on session 0ad3acc7632ccba329ed4266328702ac to remote] DEBUG org.asynchttpclient.netty.request.NettyRequestSender - Using open Channel [id: 0xd5d337a2, L:/127.0.0.1:60772 - R:localhost/127.0.0.1:45990] for GET '/session/0ad3acc7632ccba329ed4266328702ac/url'
19:20:28.387 [AsyncHttpClient-1-5] DEBUG org.asynchttpclient.netty.handler.HttpHandler - 

Request DefaultFullHttpRequest(decodeResult: success, version: HTTP/1.1, content: EmptyByteBufBE)
GET /session/0ad3acc7632ccba329ed4266328702ac/url HTTP/1.1
User-Agent: selenium/4.8.1 (java windows)
Cache-Control: no-cache
Content-Type: application/json; charset=utf-8
host: localhost:45990
accept: */*

Response DefaultHttpResponse(decodeResult: success, version: HTTP/1.1)
HTTP/1.1 200 OK
Content-Length: 54
Content-Type: application/json; charset=utf-8
cache-control: no-cache

19:20:28.387 [AsyncHttpClient-1-5] DEBUG org.asynchttpclient.netty.channel.ChannelManager - Adding key: http://localhost:45990 for channel [id: 0xd5d337a2, L:/127.0.0.1:60772 - R:localhost/127.0.0.1:45990]
19:20:28.396 [Forwarding getPageSource on session 0ad3acc7632ccba329ed4266328702ac to remote] DEBUG org.asynchttpclient.netty.request.NettyRequestSender - Using pooled Channel '[id: 0xd5d337a2, L:/127.0.0.1:60772 - R:localhost/127.0.0.1:45990]' for 'POST' to 'http://localhost:45990/session/0ad3acc7632ccba329ed4266328702ac/execute/sync'
19:20:28.397 [Forwarding getPageSource on session 0ad3acc7632ccba329ed4266328702ac to remote] DEBUG org.asynchttpclient.netty.request.NettyRequestSender - Using open Channel [id: 0xd5d337a2, L:/127.0.0.1:60772 - R:localhost/127.0.0.1:45990] for POST '/session/0ad3acc7632ccba329ed4266328702ac/execute/sync'
19:20:28.405 [AsyncHttpClient-1-5] DEBUG org.asynchttpclient.netty.handler.HttpHandler - 

Request DefaultHttpRequest(decodeResult: success, version: HTTP/1.1)
POST /session/0ad3acc7632ccba329ed4266328702ac/execute/sync HTTP/1.1
User-Agent: selenium/4.8.1 (java windows)
Content-Length: 176
Content-Type: application/json; charset=utf-8
host: localhost:45990
accept: */*

Response DefaultHttpResponse(decodeResult: success, version: HTTP/1.1)
HTTP/1.1 200 OK
Content-Length: 22435
Content-Type: application/json; charset=utf-8
cache-control: no-cache

19:20:28.406 [AsyncHttpClient-1-5] DEBUG org.asynchttpclient.netty.channel.ChannelManager - Adding key: http://localhost:45990 for channel [id: 0xd5d337a2, L:/127.0.0.1:60772 - R:localhost/127.0.0.1:45990]
19:20:28.408 [Forwarding getCurrentUrl on session 0ad3acc7632ccba329ed4266328702ac to remote] DEBUG org.asynchttpclient.netty.request.NettyRequestSender - Using pooled Channel '[id: 0xd5d337a2, L:/127.0.0.1:60772 - R:localhost/127.0.0.1:45990]' for 'GET' to 'http://localhost:45990/session/0ad3acc7632ccba329ed4266328702ac/url'
19:20:28.408 [Forwarding getCurrentUrl on session 0ad3acc7632ccba329ed4266328702ac to remote] DEBUG org.asynchttpclient.netty.request.NettyRequestSender - Using open Channel [id: 0xd5d337a2, L:/127.0.0.1:60772 - R:localhost/127.0.0.1:45990] for GET '/session/0ad3acc7632ccba329ed4266328702ac/url'
19:20:28.412 [AsyncHttpClient-1-5] DEBUG org.asynchttpclient.netty.handler.HttpHandler - 

Request DefaultFullHttpRequest(decodeResult: success, version: HTTP/1.1, content: EmptyByteBufBE)
GET /session/0ad3acc7632ccba329ed4266328702ac/url HTTP/1.1
User-Agent: selenium/4.8.1 (java windows)
Cache-Control: no-cache
Content-Type: application/json; charset=utf-8
host: localhost:45990
accept: */*

Response DefaultHttpResponse(decodeResult: success, version: HTTP/1.1)
HTTP/1.1 200 OK
Content-Length: 54
Content-Type: application/json; charset=utf-8
cache-control: no-cache

19:20:28.412 [AsyncHttpClient-1-5] DEBUG org.asynchttpclient.netty.channel.ChannelManager - Adding key: http://localhost:45990 for channel [id: 0xd5d337a2, L:/127.0.0.1:60772 - R:localhost/127.0.0.1:45990]
19:20:28.419 [main] DEBUG net.thucydides.core.steps.StepInterceptor - STARTING STEP: RegisterSteps.inputPasswordReg - inputPasswordReg
19:20:28.424 [Forwarding findElement on session 0ad3acc7632ccba329ed4266328702ac to remote] DEBUG org.asynchttpclient.netty.request.NettyRequestSender - Using pooled Channel '[id: 0xd5d337a2, L:/127.0.0.1:60772 - R:localhost/127.0.0.1:45990]' for 'POST' to 'http://localhost:45990/session/0ad3acc7632ccba329ed4266328702ac/element'
19:20:28.424 [Forwarding findElement on session 0ad3acc7632ccba329ed4266328702ac to remote] DEBUG org.asynchttpclient.netty.request.NettyRequestSender - Using open Channel [id: 0xd5d337a2, L:/127.0.0.1:60772 - R:localhost/127.0.0.1:45990] for POST '/session/0ad3acc7632ccba329ed4266328702ac/element'
19:20:28.465 [AsyncHttpClient-1-5] DEBUG org.asynchttpclient.netty.handler.HttpHandler - 

Request DefaultHttpRequest(decodeResult: success, version: HTTP/1.1)
POST /session/0ad3acc7632ccba329ed4266328702ac/element HTTP/1.1
User-Agent: selenium/4.8.1 (java windows)
Content-Length: 55
Content-Type: application/json; charset=utf-8
host: localhost:45990
accept: */*

Response DefaultHttpResponse(decodeResult: success, version: HTTP/1.1)
HTTP/1.1 200 OK
Content-Length: 95
Content-Type: application/json; charset=utf-8
cache-control: no-cache

19:20:28.466 [AsyncHttpClient-1-5] DEBUG org.asynchttpclient.netty.channel.ChannelManager - Adding key: http://localhost:45990 for channel [id: 0xd5d337a2, L:/127.0.0.1:60772 - R:localhost/127.0.0.1:45990]
19:20:28.469 [Forwarding clearElement on session 0ad3acc7632ccba329ed4266328702ac to remote] DEBUG org.asynchttpclient.netty.request.NettyRequestSender - Using pooled Channel '[id: 0xd5d337a2, L:/127.0.0.1:60772 - R:localhost/127.0.0.1:45990]' for 'POST' to 'http://localhost:45990/session/0ad3acc7632ccba329ed4266328702ac/element/9C85E41A8648180BEB5C809629340EDB_element_10/clear'
19:20:28.470 [Forwarding clearElement on session 0ad3acc7632ccba329ed4266328702ac to remote] DEBUG org.asynchttpclient.netty.request.NettyRequestSender - Using open Channel [id: 0xd5d337a2, L:/127.0.0.1:60772 - R:localhost/127.0.0.1:45990] for POST '/session/0ad3acc7632ccba329ed4266328702ac/element/9C85E41A8648180BEB5C809629340EDB_element_10/clear'
19:20:28.603 [AsyncHttpClient-1-1] DEBUG org.asynchttpclient.netty.channel.DefaultChannelPool - Entry count for : http://localhost:60773 : 1
19:20:28.669 [AsyncHttpClient-1-5] DEBUG org.asynchttpclient.netty.handler.HttpHandler - 

Request DefaultHttpRequest(decodeResult: success, version: HTTP/1.1)
POST /session/0ad3acc7632ccba329ed4266328702ac/element/9C85E41A8648180BEB5C809629340EDB_element_10/clear HTTP/1.1
User-Agent: selenium/4.8.1 (java windows)
Content-Length: 57
Content-Type: application/json; charset=utf-8
host: localhost:45990
accept: */*

Response DefaultHttpResponse(decodeResult: success, version: HTTP/1.1)
HTTP/1.1 200 OK
Content-Length: 14
Content-Type: application/json; charset=utf-8
cache-control: no-cache

19:20:28.669 [AsyncHttpClient-1-5] DEBUG org.asynchttpclient.netty.channel.ChannelManager - Adding key: http://localhost:45990 for channel [id: 0xd5d337a2, L:/127.0.0.1:60772 - R:localhost/127.0.0.1:45990]
19:20:28.672 [Forwarding sendKeysToElement on session 0ad3acc7632ccba329ed4266328702ac to remote] DEBUG org.asynchttpclient.netty.request.NettyRequestSender - Using pooled Channel '[id: 0xd5d337a2, L:/127.0.0.1:60772 - R:localhost/127.0.0.1:45990]' for 'POST' to 'http://localhost:45990/session/0ad3acc7632ccba329ed4266328702ac/element/9C85E41A8648180BEB5C809629340EDB_element_10/value'
19:20:28.672 [Forwarding sendKeysToElement on session 0ad3acc7632ccba329ed4266328702ac to remote] DEBUG org.asynchttpclient.netty.request.NettyRequestSender - Using open Channel [id: 0xd5d337a2, L:/127.0.0.1:60772 - R:localhost/127.0.0.1:45990] for POST '/session/0ad3acc7632ccba329ed4266328702ac/element/9C85E41A8648180BEB5C809629340EDB_element_10/value'
19:20:28.824 [AsyncHttpClient-1-5] DEBUG org.asynchttpclient.netty.handler.HttpHandler - 

Request DefaultHttpRequest(decodeResult: success, version: HTTP/1.1)
POST /session/0ad3acc7632ccba329ed4266328702ac/element/9C85E41A8648180BEB5C809629340EDB_element_10/value HTTP/1.1
User-Agent: selenium/4.8.1 (java windows)
Content-Length: 188
Content-Type: application/json; charset=utf-8
host: localhost:45990
accept: */*

Response DefaultHttpResponse(decodeResult: success, version: HTTP/1.1)
HTTP/1.1 200 OK
Content-Length: 14
Content-Type: application/json; charset=utf-8
cache-control: no-cache

19:20:28.824 [AsyncHttpClient-1-5] DEBUG org.asynchttpclient.netty.channel.ChannelManager - Adding key: http://localhost:45990 for channel [id: 0xd5d337a2, L:/127.0.0.1:60772 - R:localhost/127.0.0.1:45990]
19:20:28.830 [Forwarding getAlertText on session 0ad3acc7632ccba329ed4266328702ac to remote] DEBUG org.asynchttpclient.netty.request.NettyRequestSender - Using pooled Channel '[id: 0xd5d337a2, L:/127.0.0.1:60772 - R:localhost/127.0.0.1:45990]' for 'GET' to 'http://localhost:45990/session/0ad3acc7632ccba329ed4266328702ac/alert/text'
19:20:28.830 [Forwarding getAlertText on session 0ad3acc7632ccba329ed4266328702ac to remote] DEBUG org.asynchttpclient.netty.request.NettyRequestSender - Using open Channel [id: 0xd5d337a2, L:/127.0.0.1:60772 - R:localhost/127.0.0.1:45990] for GET '/session/0ad3acc7632ccba329ed4266328702ac/alert/text'
19:20:28.832 [AsyncHttpClient-1-5] DEBUG org.asynchttpclient.netty.handler.HttpHandler - 

Request DefaultFullHttpRequest(decodeResult: success, version: HTTP/1.1, content: EmptyByteBufBE)
GET /session/0ad3acc7632ccba329ed4266328702ac/alert/text HTTP/1.1
User-Agent: selenium/4.8.1 (java windows)
Cache-Control: no-cache
Content-Type: application/json; charset=utf-8
host: localhost:45990
accept: */*

Response DefaultHttpResponse(decodeResult: success, version: HTTP/1.1)
HTTP/1.1 404 Not Found
Content-Length: 847
Content-Type: application/json; charset=utf-8
cache-control: no-cache

19:20:28.832 [AsyncHttpClient-1-5] DEBUG org.asynchttpclient.netty.channel.ChannelManager - Adding key: http://localhost:45990 for channel [id: 0xd5d337a2, L:/127.0.0.1:60772 - R:localhost/127.0.0.1:45990]
19:20:28.833 [Forwarding getCurrentUrl on session 0ad3acc7632ccba329ed4266328702ac to remote] DEBUG org.asynchttpclient.netty.request.NettyRequestSender - Using pooled Channel '[id: 0xd5d337a2, L:/127.0.0.1:60772 - R:localhost/127.0.0.1:45990]' for 'GET' to 'http://localhost:45990/session/0ad3acc7632ccba329ed4266328702ac/url'
19:20:28.833 [Forwarding getCurrentUrl on session 0ad3acc7632ccba329ed4266328702ac to remote] DEBUG org.asynchttpclient.netty.request.NettyRequestSender - Using open Channel [id: 0xd5d337a2, L:/127.0.0.1:60772 - R:localhost/127.0.0.1:45990] for GET '/session/0ad3acc7632ccba329ed4266328702ac/url'
19:20:28.836 [AsyncHttpClient-1-5] DEBUG org.asynchttpclient.netty.handler.HttpHandler - 

Request DefaultFullHttpRequest(decodeResult: success, version: HTTP/1.1, content: EmptyByteBufBE)
GET /session/0ad3acc7632ccba329ed4266328702ac/url HTTP/1.1
User-Agent: selenium/4.8.1 (java windows)
Cache-Control: no-cache
Content-Type: application/json; charset=utf-8
host: localhost:45990
accept: */*

Response DefaultHttpResponse(decodeResult: success, version: HTTP/1.1)
HTTP/1.1 200 OK
Content-Length: 54
Content-Type: application/json; charset=utf-8
cache-control: no-cache

19:20:28.836 [AsyncHttpClient-1-5] DEBUG org.asynchttpclient.netty.channel.ChannelManager - Adding key: http://localhost:45990 for channel [id: 0xd5d337a2, L:/127.0.0.1:60772 - R:localhost/127.0.0.1:45990]
19:20:28.836 [Forwarding screenshot on session 0ad3acc7632ccba329ed4266328702ac to remote] DEBUG org.asynchttpclient.netty.request.NettyRequestSender - Using pooled Channel '[id: 0xd5d337a2, L:/127.0.0.1:60772 - R:localhost/127.0.0.1:45990]' for 'GET' to 'http://localhost:45990/session/0ad3acc7632ccba329ed4266328702ac/screenshot'
19:20:28.837 [Forwarding screenshot on session 0ad3acc7632ccba329ed4266328702ac to remote] DEBUG org.asynchttpclient.netty.request.NettyRequestSender - Using open Channel [id: 0xd5d337a2, L:/127.0.0.1:60772 - R:localhost/127.0.0.1:45990] for GET '/session/0ad3acc7632ccba329ed4266328702ac/screenshot'
19:20:28.962 [AsyncHttpClient-1-5] DEBUG org.asynchttpclient.netty.handler.HttpHandler - 

Request DefaultFullHttpRequest(decodeResult: success, version: HTTP/1.1, content: EmptyByteBufBE)
GET /session/0ad3acc7632ccba329ed4266328702ac/screenshot HTTP/1.1
User-Agent: selenium/4.8.1 (java windows)
Cache-Control: no-cache
Content-Type: application/json; charset=utf-8
host: localhost:45990
accept: */*

Response DefaultHttpResponse(decodeResult: success, version: HTTP/1.1)
HTTP/1.1 200 OK
Content-Length: 44940
Content-Type: application/json; charset=utf-8
cache-control: no-cache

19:20:28.963 [AsyncHttpClient-1-5] DEBUG org.asynchttpclient.netty.channel.ChannelManager - Adding key: http://localhost:45990 for channel [id: 0xd5d337a2, L:/127.0.0.1:60772 - R:localhost/127.0.0.1:45990]
19:20:28.966 [main] DEBUG net.serenitybdd.core.photography.Darkroom - Send negative for processing for target\site\serenity\4e4617590dba9af3ee41ce5aa2e96dbe783cb8636e28fb4803f623d21f14defe.png
19:20:28.966 [main] DEBUG net.thucydides.core.steps.StepInterceptor - STEP DONE: inputPasswordReg
  &amp#27;[32mAnd &amp#27;[0m&amp#27;[32mI input correct password for register&amp#27;[0m    &amp#27;[90m# starter.stepdefinitions.RegisterSteps.inputPasswordReg()&amp#27;[0m
19:20:28.967 [Darkroom Processing Line] DEBUG net.serenitybdd.core.photography.DarkroomProcessingLine - Processing screenshot image in /var/screenshots/screenshot-96681360202261718
19:20:28.967 [Darkroom Processing Line] DEBUG net.serenitybdd.core.photography.DarkroomProcessingLine - Saving screenshot to target\site\serenity\4e4617590dba9af3ee41ce5aa2e96dbe783cb8636e28fb4803f623d21f14defe.png
19:20:28.976 [Forwarding getPageSource on session 0ad3acc7632ccba329ed4266328702ac to remote] DEBUG org.asynchttpclient.netty.request.NettyRequestSender - Using pooled Channel '[id: 0xd5d337a2, L:/127.0.0.1:60772 - R:localhost/127.0.0.1:45990]' for 'POST' to 'http://localhost:45990/session/0ad3acc7632ccba329ed4266328702ac/execute/sync'
19:20:28.976 [Forwarding getPageSource on session 0ad3acc7632ccba329ed4266328702ac to remote] DEBUG org.asynchttpclient.netty.request.NettyRequestSender - Using open Channel [id: 0xd5d337a2, L:/127.0.0.1:60772 - R:localhost/127.0.0.1:45990] for POST '/session/0ad3acc7632ccba329ed4266328702ac/execute/sync'
19:20:28.985 [AsyncHttpClient-1-5] DEBUG org.asynchttpclient.netty.handler.HttpHandler - 

Request DefaultHttpRequest(decodeResult: success, version: HTTP/1.1)
POST /session/0ad3acc7632ccba329ed4266328702ac/execute/sync HTTP/1.1
User-Agent: selenium/4.8.1 (java windows)
Content-Length: 176
Content-Type: application/json; charset=utf-8
host: localhost:45990
accept: */*

Response DefaultHttpResponse(decodeResult: success, version: HTTP/1.1)
HTTP/1.1 200 OK
Content-Length: 22494
Content-Type: application/json; charset=utf-8
cache-control: no-cache

19:20:28.985 [AsyncHttpClient-1-5] DEBUG org.asynchttpclient.netty.channel.ChannelManager - Adding key: http://localhost:45990 for channel [id: 0xd5d337a2, L:/127.0.0.1:60772 - R:localhost/127.0.0.1:45990]
19:20:28.987 [Forwarding getCurrentUrl on session 0ad3acc7632ccba329ed4266328702ac to remote] DEBUG org.asynchttpclient.netty.request.NettyRequestSender - Using pooled Channel '[id: 0xd5d337a2, L:/127.0.0.1:60772 - R:localhost/127.0.0.1:45990]' for 'GET' to 'http://localhost:45990/session/0ad3acc7632ccba329ed4266328702ac/url'
19:20:28.987 [Forwarding getCurrentUrl on session 0ad3acc7632ccba329ed4266328702ac to remote] DEBUG org.asynchttpclient.netty.request.NettyRequestSender - Using open Channel [id: 0xd5d337a2, L:/127.0.0.1:60772 - R:localhost/127.0.0.1:45990] for GET '/session/0ad3acc7632ccba329ed4266328702ac/url'
19:20:28.993 [AsyncHttpClient-1-5] DEBUG org.asynchttpclient.netty.handler.HttpHandler - 

Request DefaultFullHttpRequest(decodeResult: success, version: HTTP/1.1, content: EmptyByteBufBE)
GET /session/0ad3acc7632ccba329ed4266328702ac/url HTTP/1.1
User-Agent: selenium/4.8.1 (java windows)
Cache-Control: no-cache
Content-Type: application/json; charset=utf-8
host: localhost:45990
accept: */*

Response DefaultHttpResponse(decodeResult: success, version: HTTP/1.1)
HTTP/1.1 200 OK
Content-Length: 54
Content-Type: application/json; charset=utf-8
cache-control: no-cache

19:20:28.993 [AsyncHttpClient-1-5] DEBUG org.asynchttpclient.netty.channel.ChannelManager - Adding key: http://localhost:45990 for channel [id: 0xd5d337a2, L:/127.0.0.1:60772 - R:localhost/127.0.0.1:45990]
19:20:29.000 [Forwarding getPageSource on session 0ad3acc7632ccba329ed4266328702ac to remote] DEBUG org.asynchttpclient.netty.request.NettyRequestSender - Using pooled Channel '[id: 0xd5d337a2, L:/127.0.0.1:60772 - R:localhost/127.0.0.1:45990]' for 'POST' to 'http://localhost:45990/session/0ad3acc7632ccba329ed4266328702ac/execute/sync'
19:20:29.000 [Forwarding getPageSource on session 0ad3acc7632ccba329ed4266328702ac to remote] DEBUG org.asynchttpclient.netty.request.NettyRequestSender - Using open Channel [id: 0xd5d337a2, L:/127.0.0.1:60772 - R:localhost/127.0.0.1:45990] for POST '/session/0ad3acc7632ccba329ed4266328702ac/execute/sync'
19:20:29.009 [AsyncHttpClient-1-5] DEBUG org.asynchttpclient.netty.handler.HttpHandler - 

Request DefaultHttpRequest(decodeResult: success, version: HTTP/1.1)
POST /session/0ad3acc7632ccba329ed4266328702ac/execute/sync HTTP/1.1
User-Agent: selenium/4.8.1 (java windows)
Content-Length: 176
Content-Type: application/json; charset=utf-8
host: localhost:45990
accept: */*

Response DefaultHttpResponse(decodeResult: success, version: HTTP/1.1)
HTTP/1.1 200 OK
Content-Length: 22494
Content-Type: application/json; charset=utf-8
cache-control: no-cache

19:20:29.009 [AsyncHttpClient-1-5] DEBUG org.asynchttpclient.netty.channel.ChannelManager - Adding key: http://localhost:45990 for channel [id: 0xd5d337a2, L:/127.0.0.1:60772 - R:localhost/127.0.0.1:45990]
19:20:29.012 [Forwarding getCurrentUrl on session 0ad3acc7632ccba329ed4266328702ac to remote] DEBUG org.asynchttpclient.netty.request.NettyRequestSender - Using pooled Channel '[id: 0xd5d337a2, L:/127.0.0.1:60772 - R:localhost/127.0.0.1:45990]' for 'GET' to 'http://localhost:45990/session/0ad3acc7632ccba329ed4266328702ac/url'
19:20:29.012 [Forwarding getCurrentUrl on session 0ad3acc7632ccba329ed4266328702ac to remote] DEBUG org.asynchttpclient.netty.request.NettyRequestSender - Using open Channel [id: 0xd5d337a2, L:/127.0.0.1:60772 - R:localhost/127.0.0.1:45990] for GET '/session/0ad3acc7632ccba329ed4266328702ac/url'
19:20:29.016 [AsyncHttpClient-1-5] DEBUG org.asynchttpclient.netty.handler.HttpHandler - 

Request DefaultFullHttpRequest(decodeResult: success, version: HTTP/1.1, content: EmptyByteBufBE)
GET /session/0ad3acc7632ccba329ed4266328702ac/url HTTP/1.1
User-Agent: selenium/4.8.1 (java windows)
Cache-Control: no-cache
Content-Type: application/json; charset=utf-8
host: localhost:45990
accept: */*

Response DefaultHttpResponse(decodeResult: success, version: HTTP/1.1)
HTTP/1.1 200 OK
Content-Length: 54
Content-Type: application/json; charset=utf-8
cache-control: no-cache

19:20:29.016 [AsyncHttpClient-1-5] DEBUG org.asynchttpclient.netty.channel.ChannelManager - Adding key: http://localhost:45990 for channel [id: 0xd5d337a2, L:/127.0.0.1:60772 - R:localhost/127.0.0.1:45990]
19:20:29.018 [main] DEBUG net.thucydides.core.steps.StepInterceptor - STARTING STEP: RegisterSteps.ClickRegisterButton - ClickRegisterButton
19:20:29.022 [Forwarding findElement on session 0ad3acc7632ccba329ed4266328702ac to remote] DEBUG org.asynchttpclient.netty.request.NettyRequestSender - Using pooled Channel '[id: 0xd5d337a2, L:/127.0.0.1:60772 - R:localhost/127.0.0.1:45990]' for 'POST' to 'http://localhost:45990/session/0ad3acc7632ccba329ed4266328702ac/element'
19:20:29.022 [Forwarding findElement on session 0ad3acc7632ccba329ed4266328702ac to remote] DEBUG org.asynchttpclient.netty.request.NettyRequestSender - Using open Channel [id: 0xd5d337a2, L:/127.0.0.1:60772 - R:localhost/127.0.0.1:45990] for POST '/session/0ad3acc7632ccba329ed4266328702ac/element'
19:20:29.037 [AsyncHttpClient-1-5] DEBUG org.asynchttpclient.netty.handler.HttpHandler - 

Request DefaultHttpRequest(decodeResult: success, version: HTTP/1.1)
POST /session/0ad3acc7632ccba329ed4266328702ac/element HTTP/1.1
User-Agent: selenium/4.8.1 (java windows)
Content-Length: 71
Content-Type: application/json; charset=utf-8
host: localhost:45990
accept: */*

Response DefaultHttpResponse(decodeResult: success, version: HTTP/1.1)
HTTP/1.1 200 OK
Content-Length: 95
Content-Type: application/json; charset=utf-8
cache-control: no-cache

19:20:29.037 [AsyncHttpClient-1-5] DEBUG org.asynchttpclient.netty.channel.ChannelManager - Adding key: http://localhost:45990 for channel [id: 0xd5d337a2, L:/127.0.0.1:60772 - R:localhost/127.0.0.1:45990]
19:20:29.039 [Forwarding getElementTagName on session 0ad3acc7632ccba329ed4266328702ac to remote] DEBUG org.asynchttpclient.netty.request.NettyRequestSender - Using pooled Channel '[id: 0xd5d337a2, L:/127.0.0.1:60772 - R:localhost/127.0.0.1:45990]' for 'GET' to 'http://localhost:45990/session/0ad3acc7632ccba329ed4266328702ac/element/9C85E41A8648180BEB5C809629340EDB_element_11/name'
19:20:29.039 [Forwarding getElementTagName on session 0ad3acc7632ccba329ed4266328702ac to remote] DEBUG org.asynchttpclient.netty.request.NettyRequestSender - Using open Channel [id: 0xd5d337a2, L:/127.0.0.1:60772 - R:localhost/127.0.0.1:45990] for GET '/session/0ad3acc7632ccba329ed4266328702ac/element/9C85E41A8648180BEB5C809629340EDB_element_11/name'
19:20:29.043 [AsyncHttpClient-1-5] DEBUG org.asynchttpclient.netty.handler.HttpHandler - 

Request DefaultFullHttpRequest(decodeResult: success, version: HTTP/1.1, content: EmptyByteBufBE)
GET /session/0ad3acc7632ccba329ed4266328702ac/element/9C85E41A8648180BEB5C809629340EDB_element_11/name HTTP/1.1
User-Agent: selenium/4.8.1 (java windows)
Cache-Control: no-cache
Content-Type: application/json; charset=utf-8
host: localhost:45990
accept: */*

Response DefaultHttpResponse(decodeResult: success, version: HTTP/1.1)
HTTP/1.1 200 OK
Content-Length: 18
Content-Type: application/json; charset=utf-8
cache-control: no-cache

19:20:29.043 [AsyncHttpClient-1-5] DEBUG org.asynchttpclient.netty.channel.ChannelManager - Adding key: http://localhost:45990 for channel [id: 0xd5d337a2, L:/127.0.0.1:60772 - R:localhost/127.0.0.1:45990]
19:20:29.044 [Forwarding getElementTagName on session 0ad3acc7632ccba329ed4266328702ac to remote] DEBUG org.asynchttpclient.netty.request.NettyRequestSender - Using pooled Channel '[id: 0xd5d337a2, L:/127.0.0.1:60772 - R:localhost/127.0.0.1:45990]' for 'GET' to 'http://localhost:45990/session/0ad3acc7632ccba329ed4266328702ac/element/9C85E41A8648180BEB5C809629340EDB_element_11/name'
19:20:29.045 [Forwarding getElementTagName on session 0ad3acc7632ccba329ed4266328702ac to remote] DEBUG org.asynchttpclient.netty.request.NettyRequestSender - Using open Channel [id: 0xd5d337a2, L:/127.0.0.1:60772 - R:localhost/127.0.0.1:45990] for GET '/session/0ad3acc7632ccba329ed4266328702ac/element/9C85E41A8648180BEB5C809629340EDB_element_11/name'
19:20:29.056 [AsyncHttpClient-1-5] DEBUG org.asynchttpclient.netty.handler.HttpHandler - 

Request DefaultFullHttpRequest(decodeResult: success, version: HTTP/1.1, content: EmptyByteBufBE)
GET /session/0ad3acc7632ccba329ed4266328702ac/element/9C85E41A8648180BEB5C809629340EDB_element_11/name HTTP/1.1
User-Agent: selenium/4.8.1 (java windows)
Cache-Control: no-cache
Content-Type: application/json; charset=utf-8
host: localhost:45990
accept: */*

Response DefaultHttpResponse(decodeResult: success, version: HTTP/1.1)
HTTP/1.1 200 OK
Content-Length: 18
Content-Type: application/json; charset=utf-8
cache-control: no-cache

19:20:29.056 [AsyncHttpClient-1-5] DEBUG org.asynchttpclient.netty.channel.ChannelManager - Adding key: http://localhost:45990 for channel [id: 0xd5d337a2, L:/127.0.0.1:60772 - R:localhost/127.0.0.1:45990]
19:20:29.058 [Forwarding isElementEnabled on session 0ad3acc7632ccba329ed4266328702ac to remote] DEBUG org.asynchttpclient.netty.request.NettyRequestSender - Using pooled Channel '[id: 0xd5d337a2, L:/127.0.0.1:60772 - R:localhost/127.0.0.1:45990]' for 'GET' to 'http://localhost:45990/session/0ad3acc7632ccba329ed4266328702ac/element/9C85E41A8648180BEB5C809629340EDB_element_11/enabled'
19:20:29.058 [Forwarding isElementEnabled on session 0ad3acc7632ccba329ed4266328702ac to remote] DEBUG org.asynchttpclient.netty.request.NettyRequestSender - Using open Channel [id: 0xd5d337a2, L:/127.0.0.1:60772 - R:localhost/127.0.0.1:45990] for GET '/session/0ad3acc7632ccba329ed4266328702ac/element/9C85E41A8648180BEB5C809629340EDB_element_11/enabled'
19:20:29.067 [AsyncHttpClient-1-5] DEBUG org.asynchttpclient.netty.handler.HttpHandler - 

Request DefaultFullHttpRequest(decodeResult: success, version: HTTP/1.1, content: EmptyByteBufBE)
GET /session/0ad3acc7632ccba329ed4266328702ac/element/9C85E41A8648180BEB5C809629340EDB_element_11/enabled HTTP/1.1
User-Agent: selenium/4.8.1 (java windows)
Cache-Control: no-cache
Content-Type: application/json; charset=utf-8
host: localhost:45990
accept: */*

Response DefaultHttpResponse(decodeResult: success, version: HTTP/1.1)
HTTP/1.1 200 OK
Content-Length: 14
Content-Type: application/json; charset=utf-8
cache-control: no-cache

19:20:29.067 [AsyncHttpClient-1-5] DEBUG org.asynchttpclient.netty.channel.ChannelManager - Adding key: http://localhost:45990 for channel [id: 0xd5d337a2, L:/127.0.0.1:60772 - R:localhost/127.0.0.1:45990]
19:20:29.069 [Forwarding isElementEnabled on session 0ad3acc7632ccba329ed4266328702ac to remote] DEBUG org.asynchttpclient.netty.request.NettyRequestSender - Using pooled Channel '[id: 0xd5d337a2, L:/127.0.0.1:60772 - R:localhost/127.0.0.1:45990]' for 'GET' to 'http://localhost:45990/session/0ad3acc7632ccba329ed4266328702ac/element/9C85E41A8648180BEB5C809629340EDB_element_11/enabled'
19:20:29.069 [Forwarding isElementEnabled on session 0ad3acc7632ccba329ed4266328702ac to remote] DEBUG org.asynchttpclient.netty.request.NettyRequestSender - Using open Channel [id: 0xd5d337a2, L:/127.0.0.1:60772 - R:localhost/127.0.0.1:45990] for GET '/session/0ad3acc7632ccba329ed4266328702ac/element/9C85E41A8648180BEB5C809629340EDB_element_11/enabled'
19:20:29.075 [AsyncHttpClient-1-5] DEBUG org.asynchttpclient.netty.handler.HttpHandler - 

Request DefaultFullHttpRequest(decodeResult: success, version: HTTP/1.1, content: EmptyByteBufBE)
GET /session/0ad3acc7632ccba329ed4266328702ac/element/9C85E41A8648180BEB5C809629340EDB_element_11/enabled HTTP/1.1
User-Agent: selenium/4.8.1 (java windows)
Cache-Control: no-cache
Content-Type: application/json; charset=utf-8
host: localhost:45990
accept: */*

Response DefaultHttpResponse(decodeResult: success, version: HTTP/1.1)
HTTP/1.1 200 OK
Content-Length: 14
Content-Type: application/json; charset=utf-8
cache-control: no-cache

19:20:29.075 [AsyncHttpClient-1-5] DEBUG org.asynchttpclient.netty.channel.ChannelManager - Adding key: http://localhost:45990 for channel [id: 0xd5d337a2, L:/127.0.0.1:60772 - R:localhost/127.0.0.1:45990]
19:20:29.077 [Forwarding findElement on session 0ad3acc7632ccba329ed4266328702ac to remote] DEBUG org.asynchttpclient.netty.request.NettyRequestSender - Using pooled Channel '[id: 0xd5d337a2, L:/127.0.0.1:60772 - R:localhost/127.0.0.1:45990]' for 'POST' to 'http://localhost:45990/session/0ad3acc7632ccba329ed4266328702ac/element'
19:20:29.077 [Forwarding findElement on session 0ad3acc7632ccba329ed4266328702ac to remote] DEBUG org.asynchttpclient.netty.request.NettyRequestSender - Using open Channel [id: 0xd5d337a2, L:/127.0.0.1:60772 - R:localhost/127.0.0.1:45990] for POST '/session/0ad3acc7632ccba329ed4266328702ac/element'
19:20:29.083 [AsyncHttpClient-1-5] DEBUG org.asynchttpclient.netty.handler.HttpHandler - 

Request DefaultHttpRequest(decodeResult: success, version: HTTP/1.1)
POST /session/0ad3acc7632ccba329ed4266328702ac/element HTTP/1.1
User-Agent: selenium/4.8.1 (java windows)
Content-Length: 71
Content-Type: application/json; charset=utf-8
host: localhost:45990
accept: */*

Response DefaultHttpResponse(decodeResult: success, version: HTTP/1.1)
HTTP/1.1 200 OK
Content-Length: 95
Content-Type: application/json; charset=utf-8
cache-control: no-cache

19:20:29.084 [AsyncHttpClient-1-5] DEBUG org.asynchttpclient.netty.channel.ChannelManager - Adding key: http://localhost:45990 for channel [id: 0xd5d337a2, L:/127.0.0.1:60772 - R:localhost/127.0.0.1:45990]
19:20:29.086 [Forwarding clickElement on session 0ad3acc7632ccba329ed4266328702ac to remote] DEBUG org.asynchttpclient.netty.request.NettyRequestSender - Using pooled Channel '[id: 0xd5d337a2, L:/127.0.0.1:60772 - R:localhost/127.0.0.1:45990]' for 'POST' to 'http://localhost:45990/session/0ad3acc7632ccba329ed4266328702ac/element/9C85E41A8648180BEB5C809629340EDB_element_11/click'
19:20:29.086 [Forwarding clickElement on session 0ad3acc7632ccba329ed4266328702ac to remote] DEBUG org.asynchttpclient.netty.request.NettyRequestSender - Using open Channel [id: 0xd5d337a2, L:/127.0.0.1:60772 - R:localhost/127.0.0.1:45990] for POST '/session/0ad3acc7632ccba329ed4266328702ac/element/9C85E41A8648180BEB5C809629340EDB_element_11/click'
19:20:29.128 [AsyncHttpClient-1-5] DEBUG org.asynchttpclient.netty.handler.HttpHandler - 

Request DefaultHttpRequest(decodeResult: success, version: HTTP/1.1)
POST /session/0ad3acc7632ccba329ed4266328702ac/element/9C85E41A8648180BEB5C809629340EDB_element_11/click HTTP/1.1
User-Agent: selenium/4.8.1 (java windows)
Content-Length: 57
Content-Type: application/json; charset=utf-8
host: localhost:45990
accept: */*

Response DefaultHttpResponse(decodeResult: success, version: HTTP/1.1)
HTTP/1.1 200 OK
Content-Length: 14
Content-Type: application/json; charset=utf-8
cache-control: no-cache

19:20:29.128 [AsyncHttpClient-1-5] DEBUG org.asynchttpclient.netty.channel.ChannelManager - Adding key: http://localhost:45990 for channel [id: 0xd5d337a2, L:/127.0.0.1:60772 - R:localhost/127.0.0.1:45990]
19:20:29.137 [Forwarding getAlertText on session 0ad3acc7632ccba329ed4266328702ac to remote] DEBUG org.asynchttpclient.netty.request.NettyRequestSender - Using pooled Channel '[id: 0xd5d337a2, L:/127.0.0.1:60772 - R:localhost/127.0.0.1:45990]' for 'GET' to 'http://localhost:45990/session/0ad3acc7632ccba329ed4266328702ac/alert/text'
19:20:29.137 [Forwarding getAlertText on session 0ad3acc7632ccba329ed4266328702ac to remote] DEBUG org.asynchttpclient.netty.request.NettyRequestSender - Using open Channel [id: 0xd5d337a2, L:/127.0.0.1:60772 - R:localhost/127.0.0.1:45990] for GET '/session/0ad3acc7632ccba329ed4266328702ac/alert/text'
19:20:29.139 [AsyncHttpClient-1-5] DEBUG org.asynchttpclient.netty.handler.HttpHandler - 

Request DefaultFullHttpRequest(decodeResult: success, version: HTTP/1.1, content: EmptyByteBufBE)
GET /session/0ad3acc7632ccba329ed4266328702ac/alert/text HTTP/1.1
User-Agent: selenium/4.8.1 (java windows)
Cache-Control: no-cache
Content-Type: application/json; charset=utf-8
host: localhost:45990
accept: */*

Response DefaultHttpResponse(decodeResult: success, version: HTTP/1.1)
HTTP/1.1 404 Not Found
Content-Length: 847
Content-Type: application/json; charset=utf-8
cache-control: no-cache

19:20:29.139 [AsyncHttpClient-1-5] DEBUG org.asynchttpclient.netty.channel.ChannelManager - Adding key: http://localhost:45990 for channel [id: 0xd5d337a2, L:/127.0.0.1:60772 - R:localhost/127.0.0.1:45990]
19:20:29.141 [Forwarding getCurrentUrl on session 0ad3acc7632ccba329ed4266328702ac to remote] DEBUG org.asynchttpclient.netty.request.NettyRequestSender - Using pooled Channel '[id: 0xd5d337a2, L:/127.0.0.1:60772 - R:localhost/127.0.0.1:45990]' for 'GET' to 'http://localhost:45990/session/0ad3acc7632ccba329ed4266328702ac/url'
19:20:29.141 [Forwarding getCurrentUrl on session 0ad3acc7632ccba329ed4266328702ac to remote] DEBUG org.asynchttpclient.netty.request.NettyRequestSender - Using open Channel [id: 0xd5d337a2, L:/127.0.0.1:60772 - R:localhost/127.0.0.1:45990] for GET '/session/0ad3acc7632ccba329ed4266328702ac/url'
19:20:29.148 [AsyncHttpClient-1-5] DEBUG org.asynchttpclient.netty.handler.HttpHandler - 

Request DefaultFullHttpRequest(decodeResult: success, version: HTTP/1.1, content: EmptyByteBufBE)
GET /session/0ad3acc7632ccba329ed4266328702ac/url HTTP/1.1
User-Agent: selenium/4.8.1 (java windows)
Cache-Control: no-cache
Content-Type: application/json; charset=utf-8
host: localhost:45990
accept: */*

Response DefaultHttpResponse(decodeResult: success, version: HTTP/1.1)
HTTP/1.1 200 OK
Content-Length: 54
Content-Type: application/json; charset=utf-8
cache-control: no-cache

19:20:29.148 [AsyncHttpClient-1-5] DEBUG org.asynchttpclient.netty.channel.ChannelManager - Adding key: http://localhost:45990 for channel [id: 0xd5d337a2, L:/127.0.0.1:60772 - R:localhost/127.0.0.1:45990]
19:20:29.149 [Forwarding screenshot on session 0ad3acc7632ccba329ed4266328702ac to remote] DEBUG org.asynchttpclient.netty.request.NettyRequestSender - Using pooled Channel '[id: 0xd5d337a2, L:/127.0.0.1:60772 - R:localhost/127.0.0.1:45990]' for 'GET' to 'http://localhost:45990/session/0ad3acc7632ccba329ed4266328702ac/screenshot'
19:20:29.149 [Forwarding screenshot on session 0ad3acc7632ccba329ed4266328702ac to remote] DEBUG org.asynchttpclient.netty.request.NettyRequestSender - Using open Channel [id: 0xd5d337a2, L:/127.0.0.1:60772 - R:localhost/127.0.0.1:45990] for GET '/session/0ad3acc7632ccba329ed4266328702ac/screenshot'
19:20:29.256 [AsyncHttpClient-1-5] DEBUG org.asynchttpclient.netty.handler.HttpHandler - 

Request DefaultFullHttpRequest(decodeResult: success, version: HTTP/1.1, content: EmptyByteBufBE)
GET /session/0ad3acc7632ccba329ed4266328702ac/screenshot HTTP/1.1
User-Agent: selenium/4.8.1 (java windows)
Cache-Control: no-cache
Content-Type: application/json; charset=utf-8
host: localhost:45990
accept: */*

Response DefaultHttpResponse(decodeResult: success, version: HTTP/1.1)
HTTP/1.1 200 OK
Content-Length: 44540
Content-Type: application/json; charset=utf-8
cache-control: no-cache

19:20:29.257 [AsyncHttpClient-1-5] DEBUG org.asynchttpclient.netty.channel.ChannelManager - Adding key: http://localhost:45990 for channel [id: 0xd5d337a2, L:/127.0.0.1:60772 - R:localhost/127.0.0.1:45990]
19:20:29.260 [main] DEBUG net.serenitybdd.core.photography.Darkroom - Send negative for processing for target\site\serenity\2d7b27182bb8c4b2d5a807ef9cb25286985bbbb6ff2c793ef725a977dacf3ea2.png
19:20:29.261 [main] DEBUG net.thucydides.core.steps.StepInterceptor - STEP DONE: ClickRegisterButton
19:20:29.261 [Darkroom Processing Line] DEBUG net.serenitybdd.core.photography.DarkroomProcessingLine - Processing screenshot image in /var/screenshots/screenshot-2345184323545684492
19:20:29.261 [Darkroom Processing Line] DEBUG net.serenitybdd.core.photography.DarkroomProcessingLine - Saving screenshot to target\site\serenity\2d7b27182bb8c4b2d5a807ef9cb25286985bbbb6ff2c793ef725a977dacf3ea2.png
  &amp#27;[32mWhen &amp#27;[0m&amp#27;[32mI click on the register button&amp#27;[0m          &amp#27;[90m# starter.stepdefinitions.RegisterSteps.ClickRegisterButton()&amp#27;[0m
19:20:29.273 [Forwarding getPageSource on session 0ad3acc7632ccba329ed4266328702ac to remote] DEBUG org.asynchttpclient.netty.request.NettyRequestSender - Using pooled Channel '[id: 0xd5d337a2, L:/127.0.0.1:60772 - R:localhost/127.0.0.1:45990]' for 'POST' to 'http://localhost:45990/session/0ad3acc7632ccba329ed4266328702ac/execute/sync'
19:20:29.273 [Forwarding getPageSource on session 0ad3acc7632ccba329ed4266328702ac to remote] DEBUG org.asynchttpclient.netty.request.NettyRequestSender - Using open Channel [id: 0xd5d337a2, L:/127.0.0.1:60772 - R:localhost/127.0.0.1:45990] for POST '/session/0ad3acc7632ccba329ed4266328702ac/execute/sync'
19:20:29.279 [AsyncHttpClient-1-5] DEBUG org.asynchttpclient.netty.handler.HttpHandler - 

Request DefaultHttpRequest(decodeResult: success, version: HTTP/1.1)
POST /session/0ad3acc7632ccba329ed4266328702ac/execute/sync HTTP/1.1
User-Agent: selenium/4.8.1 (java windows)
Content-Length: 176
Content-Type: application/json; charset=utf-8
host: localhost:45990
accept: */*

Response DefaultHttpResponse(decodeResult: success, version: HTTP/1.1)
HTTP/1.1 200 OK
Content-Length: 23206
Content-Type: application/json; charset=utf-8
cache-control: no-cache

19:20:29.279 [AsyncHttpClient-1-5] DEBUG org.asynchttpclient.netty.channel.ChannelManager - Adding key: http://localhost:45990 for channel [id: 0xd5d337a2, L:/127.0.0.1:60772 - R:localhost/127.0.0.1:45990]
19:20:29.282 [Forwarding getCurrentUrl on session 0ad3acc7632ccba329ed4266328702ac to remote] DEBUG org.asynchttpclient.netty.request.NettyRequestSender - Using pooled Channel '[id: 0xd5d337a2, L:/127.0.0.1:60772 - R:localhost/127.0.0.1:45990]' for 'GET' to 'http://localhost:45990/session/0ad3acc7632ccba329ed4266328702ac/url'
19:20:29.282 [Forwarding getCurrentUrl on session 0ad3acc7632ccba329ed4266328702ac to remote] DEBUG org.asynchttpclient.netty.request.NettyRequestSender - Using open Channel [id: 0xd5d337a2, L:/127.0.0.1:60772 - R:localhost/127.0.0.1:45990] for GET '/session/0ad3acc7632ccba329ed4266328702ac/url'
19:20:29.287 [AsyncHttpClient-1-5] DEBUG org.asynchttpclient.netty.handler.HttpHandler - 

Request DefaultFullHttpRequest(decodeResult: success, version: HTTP/1.1, content: EmptyByteBufBE)
GET /session/0ad3acc7632ccba329ed4266328702ac/url HTTP/1.1
User-Agent: selenium/4.8.1 (java windows)
Cache-Control: no-cache
Content-Type: application/json; charset=utf-8
host: localhost:45990
accept: */*

Response DefaultHttpResponse(decodeResult: success, version: HTTP/1.1)
HTTP/1.1 200 OK
Content-Length: 54
Content-Type: application/json; charset=utf-8
cache-control: no-cache

19:20:29.287 [AsyncHttpClient-1-5] DEBUG org.asynchttpclient.netty.channel.ChannelManager - Adding key: http://localhost:45990 for channel [id: 0xd5d337a2, L:/127.0.0.1:60772 - R:localhost/127.0.0.1:45990]
19:20:29.296 [Forwarding getPageSource on session 0ad3acc7632ccba329ed4266328702ac to remote] DEBUG org.asynchttpclient.netty.request.NettyRequestSender - Using pooled Channel '[id: 0xd5d337a2, L:/127.0.0.1:60772 - R:localhost/127.0.0.1:45990]' for 'POST' to 'http://localhost:45990/session/0ad3acc7632ccba329ed4266328702ac/execute/sync'
19:20:29.296 [Forwarding getPageSource on session 0ad3acc7632ccba329ed4266328702ac to remote] DEBUG org.asynchttpclient.netty.request.NettyRequestSender - Using open Channel [id: 0xd5d337a2, L:/127.0.0.1:60772 - R:localhost/127.0.0.1:45990] for POST '/session/0ad3acc7632ccba329ed4266328702ac/execute/sync'
19:20:29.302 [AsyncHttpClient-1-5] DEBUG org.asynchttpclient.netty.handler.HttpHandler - 

Request DefaultHttpRequest(decodeResult: success, version: HTTP/1.1)
POST /session/0ad3acc7632ccba329ed4266328702ac/execute/sync HTTP/1.1
User-Agent: selenium/4.8.1 (java windows)
Content-Length: 176
Content-Type: application/json; charset=utf-8
host: localhost:45990
accept: */*

Response DefaultHttpResponse(decodeResult: success, version: HTTP/1.1)
HTTP/1.1 200 OK
Content-Length: 23206
Content-Type: application/json; charset=utf-8
cache-control: no-cache

19:20:29.302 [AsyncHttpClient-1-5] DEBUG org.asynchttpclient.netty.channel.ChannelManager - Adding key: http://localhost:45990 for channel [id: 0xd5d337a2, L:/127.0.0.1:60772 - R:localhost/127.0.0.1:45990]
19:20:29.304 [Forwarding getCurrentUrl on session 0ad3acc7632ccba329ed4266328702ac to remote] DEBUG org.asynchttpclient.netty.request.NettyRequestSender - Using pooled Channel '[id: 0xd5d337a2, L:/127.0.0.1:60772 - R:localhost/127.0.0.1:45990]' for 'GET' to 'http://localhost:45990/session/0ad3acc7632ccba329ed4266328702ac/url'
19:20:29.304 [Forwarding getCurrentUrl on session 0ad3acc7632ccba329ed4266328702ac to remote] DEBUG org.asynchttpclient.netty.request.NettyRequestSender - Using open Channel [id: 0xd5d337a2, L:/127.0.0.1:60772 - R:localhost/127.0.0.1:45990] for GET '/session/0ad3acc7632ccba329ed4266328702ac/url'
19:20:29.307 [AsyncHttpClient-1-5] DEBUG org.asynchttpclient.netty.handler.HttpHandler - 

Request DefaultFullHttpRequest(decodeResult: success, version: HTTP/1.1, content: EmptyByteBufBE)
GET /session/0ad3acc7632ccba329ed4266328702ac/url HTTP/1.1
User-Agent: selenium/4.8.1 (java windows)
Cache-Control: no-cache
Content-Type: application/json; charset=utf-8
host: localhost:45990
accept: */*

Response DefaultHttpResponse(decodeResult: success, version: HTTP/1.1)
HTTP/1.1 200 OK
Content-Length: 54
Content-Type: application/json; charset=utf-8
cache-control: no-cache

19:20:29.307 [AsyncHttpClient-1-5] DEBUG org.asynchttpclient.netty.channel.ChannelManager - Adding key: http://localhost:45990 for channel [id: 0xd5d337a2, L:/127.0.0.1:60772 - R:localhost/127.0.0.1:45990]
19:20:29.309 [main] DEBUG net.thucydides.core.steps.StepInterceptor - STARTING STEP: LoginSteps.alertContent - incorrectAlert
19:20:29.311 [Forwarding findElement on session 0ad3acc7632ccba329ed4266328702ac to remote] DEBUG org.asynchttpclient.netty.request.NettyRequestSender - Using pooled Channel '[id: 0xd5d337a2, L:/127.0.0.1:60772 - R:localhost/127.0.0.1:45990]' for 'POST' to 'http://localhost:45990/session/0ad3acc7632ccba329ed4266328702ac/element'
19:20:29.311 [Forwarding findElement on session 0ad3acc7632ccba329ed4266328702ac to remote] DEBUG org.asynchttpclient.netty.request.NettyRequestSender - Using open Channel [id: 0xd5d337a2, L:/127.0.0.1:60772 - R:localhost/127.0.0.1:45990] for POST '/session/0ad3acc7632ccba329ed4266328702ac/element'
19:20:29.322 [AsyncHttpClient-1-5] DEBUG org.asynchttpclient.netty.handler.HttpHandler - 

Request DefaultHttpRequest(decodeResult: success, version: HTTP/1.1)
POST /session/0ad3acc7632ccba329ed4266328702ac/element HTTP/1.1
User-Agent: selenium/4.8.1 (java windows)
Content-Length: 54
Content-Type: application/json; charset=utf-8
host: localhost:45990
accept: */*

Response DefaultHttpResponse(decodeResult: success, version: HTTP/1.1)
HTTP/1.1 200 OK
Content-Length: 95
Content-Type: application/json; charset=utf-8
cache-control: no-cache

19:20:29.323 [AsyncHttpClient-1-5] DEBUG org.asynchttpclient.netty.channel.ChannelManager - Adding key: http://localhost:45990 for channel [id: 0xd5d337a2, L:/127.0.0.1:60772 - R:localhost/127.0.0.1:45990]
19:20:29.329 [Forwarding isElementDisplayed on session 0ad3acc7632ccba329ed4266328702ac to remote] DEBUG org.asynchttpclient.netty.request.NettyRequestSender - Using pooled Channel '[id: 0xd5d337a2, L:/127.0.0.1:60772 - R:localhost/127.0.0.1:45990]' for 'POST' to 'http://localhost:45990/session/0ad3acc7632ccba329ed4266328702ac/execute/sync'
19:20:29.330 [Forwarding isElementDisplayed on session 0ad3acc7632ccba329ed4266328702ac to remote] DEBUG org.asynchttpclient.netty.request.NettyRequestSender - Using open Channel [id: 0xd5d337a2, L:/127.0.0.1:60772 - R:localhost/127.0.0.1:45990] for POST '/session/0ad3acc7632ccba329ed4266328702ac/execute/sync'
19:20:29.348 [AsyncHttpClient-1-5] DEBUG org.asynchttpclient.netty.handler.HttpHandler - 

Request DefaultHttpRequest(decodeResult: success, version: HTTP/1.1)
POST /session/0ad3acc7632ccba329ed4266328702ac/execute/sync HTTP/1.1
User-Agent: selenium/4.8.1 (java windows)
Content-Length: 48814
Content-Type: application/json; charset=utf-8
host: localhost:45990
accept: */*

Response DefaultHttpResponse(decodeResult: success, version: HTTP/1.1)
HTTP/1.1 200 OK
Content-Length: 14
Content-Type: application/json; charset=utf-8
cache-control: no-cache

19:20:29.348 [AsyncHttpClient-1-5] DEBUG org.asynchttpclient.netty.channel.ChannelManager - Adding key: http://localhost:45990 for channel [id: 0xd5d337a2, L:/127.0.0.1:60772 - R:localhost/127.0.0.1:45990]
19:20:29.352 [Forwarding getAlertText on session 0ad3acc7632ccba329ed4266328702ac to remote] DEBUG org.asynchttpclient.netty.request.NettyRequestSender - Using pooled Channel '[id: 0xd5d337a2, L:/127.0.0.1:60772 - R:localhost/127.0.0.1:45990]' for 'GET' to 'http://localhost:45990/session/0ad3acc7632ccba329ed4266328702ac/alert/text'
19:20:29.352 [Forwarding getAlertText on session 0ad3acc7632ccba329ed4266328702ac to remote] DEBUG org.asynchttpclient.netty.request.NettyRequestSender - Using open Channel [id: 0xd5d337a2, L:/127.0.0.1:60772 - R:localhost/127.0.0.1:45990] for GET '/session/0ad3acc7632ccba329ed4266328702ac/alert/text'
19:20:29.354 [AsyncHttpClient-1-5] DEBUG org.asynchttpclient.netty.handler.HttpHandler - 

Request DefaultFullHttpRequest(decodeResult: success, version: HTTP/1.1, content: EmptyByteBufBE)
GET /session/0ad3acc7632ccba329ed4266328702ac/alert/text HTTP/1.1
User-Agent: selenium/4.8.1 (java windows)
Cache-Control: no-cache
Content-Type: application/json; charset=utf-8
host: localhost:45990
accept: */*

Response DefaultHttpResponse(decodeResult: success, version: HTTP/1.1)
HTTP/1.1 404 Not Found
Content-Length: 847
Content-Type: application/json; charset=utf-8
cache-control: no-cache

19:20:29.354 [AsyncHttpClient-1-5] DEBUG org.asynchttpclient.netty.channel.ChannelManager - Adding key: http://localhost:45990 for channel [id: 0xd5d337a2, L:/127.0.0.1:60772 - R:localhost/127.0.0.1:45990]
19:20:29.355 [Forwarding getCurrentUrl on session 0ad3acc7632ccba329ed4266328702ac to remote] DEBUG org.asynchttpclient.netty.request.NettyRequestSender - Using pooled Channel '[id: 0xd5d337a2, L:/127.0.0.1:60772 - R:localhost/127.0.0.1:45990]' for 'GET' to 'http://localhost:45990/session/0ad3acc7632ccba329ed4266328702ac/url'
19:20:29.355 [Forwarding getCurrentUrl on session 0ad3acc7632ccba329ed4266328702ac to remote] DEBUG org.asynchttpclient.netty.request.NettyRequestSender - Using open Channel [id: 0xd5d337a2, L:/127.0.0.1:60772 - R:localhost/127.0.0.1:45990] for GET '/session/0ad3acc7632ccba329ed4266328702ac/url'
19:20:29.359 [AsyncHttpClient-1-5] DEBUG org.asynchttpclient.netty.handler.HttpHandler - 

Request DefaultFullHttpRequest(decodeResult: success, version: HTTP/1.1, content: EmptyByteBufBE)
GET /session/0ad3acc7632ccba329ed4266328702ac/url HTTP/1.1
User-Agent: selenium/4.8.1 (java windows)
Cache-Control: no-cache
Content-Type: application/json; charset=utf-8
host: localhost:45990
accept: */*

Response DefaultHttpResponse(decodeResult: success, version: HTTP/1.1)
HTTP/1.1 200 OK
Content-Length: 54
Content-Type: application/json; charset=utf-8
cache-control: no-cache

19:20:29.359 [AsyncHttpClient-1-5] DEBUG org.asynchttpclient.netty.channel.ChannelManager - Adding key: http://localhost:45990 for channel [id: 0xd5d337a2, L:/127.0.0.1:60772 - R:localhost/127.0.0.1:45990]
19:20:29.360 [Forwarding screenshot on session 0ad3acc7632ccba329ed4266328702ac to remote] DEBUG org.asynchttpclient.netty.request.NettyRequestSender - Using pooled Channel '[id: 0xd5d337a2, L:/127.0.0.1:60772 - R:localhost/127.0.0.1:45990]' for 'GET' to 'http://localhost:45990/session/0ad3acc7632ccba329ed4266328702ac/screenshot'
19:20:29.360 [Forwarding screenshot on session 0ad3acc7632ccba329ed4266328702ac to remote] DEBUG org.asynchttpclient.netty.request.NettyRequestSender - Using open Channel [id: 0xd5d337a2, L:/127.0.0.1:60772 - R:localhost/127.0.0.1:45990] for GET '/session/0ad3acc7632ccba329ed4266328702ac/screenshot'
19:20:29.481 [AsyncHttpClient-1-5] DEBUG org.asynchttpclient.netty.handler.HttpHandler - 

Request DefaultFullHttpRequest(decodeResult: success, version: HTTP/1.1, content: EmptyByteBufBE)
GET /session/0ad3acc7632ccba329ed4266328702ac/screenshot HTTP/1.1
User-Agent: selenium/4.8.1 (java windows)
Cache-Control: no-cache
Content-Type: application/json; charset=utf-8
host: localhost:45990
accept: */*

Response DefaultHttpResponse(decodeResult: success, version: HTTP/1.1)
HTTP/1.1 200 OK
Content-Length: 46668
Content-Type: application/json; charset=utf-8
cache-control: no-cache

19:20:29.481 [AsyncHttpClient-1-5] DEBUG org.asynchttpclient.netty.channel.ChannelManager - Adding key: http://localhost:45990 for channel [id: 0xd5d337a2, L:/127.0.0.1:60772 - R:localhost/127.0.0.1:45990]
19:20:29.484 [main] DEBUG net.serenitybdd.core.photography.Darkroom - Send negative for processing for target\site\serenity\40964720913823ee45dfcc3feca5504cbb739df628cdd6fa75ea7b6eabfeef37.png
19:20:29.484 [main] DEBUG net.thucydides.core.steps.StepInterceptor - STEP DONE: incorrectAlert
  &amp#27;[32mThen &amp#27;[0m&amp#27;[32mI should see the error message&amp#27;[0m          &amp#27;[90m# starter.stepdefinitions.LoginSteps.alertContent()&amp#27;[0m
19:20:29.484 [Darkroom Processing Line] DEBUG net.serenitybdd.core.photography.DarkroomProcessingLine - Processing screenshot image in /var/screenshots/screenshot-17132567106941743520
19:20:29.484 [Darkroom Processing Line] DEBUG net.serenitybdd.core.photography.DarkroomProcessingLine - Saving screenshot to target\site\serenity\40964720913823ee45dfcc3feca5504cbb739df628cdd6fa75ea7b6eabfeef37.png
19:20:29.492 [main] INFO  - 
  _____   ___   ___   _____     ___     _     ___   ___   ___   ___  
 |_   _| | __| / __| |_   _|   | _ \   /_\   / __| / __| | __| |   \ 
   | |   | _|  \__ \   | |     |  _/  / _ \  \__ \ \__ \ | _|  | |) |
   |_|   |___| |___/   |_|     |_|   /_/ \_\ |___/ |___/ |___| |___/ 

Register without fill the fullname
----------------------------------------------------------------------
19:20:29.494 [AsyncHttpClient-1-7] DEBUG org.asynchttpclient.netty.handler.WebSocketHandler - Channel Closed: [id: 0xfd357321, L:/127.0.0.1:60781 ! R:localhost/127.0.0.1:60773] with attribute NettyResponseFuture{currentRetry=0,
	isDone=1,
	isCancelled=0,
	asyncHandler=org.asynchttpclient.ws.WebSocketUpgradeHandler@2941668d,
	nettyRequest=org.asynchttpclient.netty.request.NettyRequest@6c43edc1,
	future=java.util.concurrent.CompletableFuture@7fed351[Completed normally],
	uri=ws://localhost:60773/devtools/browser/0038aad9-e0d4-4094-884b-bd11b4ac14aa,
	keepAlive=true,
	redirectCount=0,
	timeoutsHolder=null,
	inAuth=0,
	touch=1683807625965}
19:20:29.494 [AsyncHttpClient-1-7] DEBUG org.asynchttpclient.netty.channel.ChannelManager - Closing Channel [id: 0xfd357321, L:/127.0.0.1:60781 ! R:localhost/127.0.0.1:60773] 
19:20:29.494 [Driver Command Executor] DEBUG org.asynchttpclient.netty.request.NettyRequestSender - Using pooled Channel '[id: 0xd5d337a2, L:/127.0.0.1:60772 - R:localhost/127.0.0.1:45990]' for 'DELETE' to 'http://localhost:45990/session/0ad3acc7632ccba329ed4266328702ac'
19:20:29.494 [Driver Command Executor] DEBUG org.asynchttpclient.netty.request.NettyRequestSender - Using open Channel [id: 0xd5d337a2, L:/127.0.0.1:60772 - R:localhost/127.0.0.1:45990] for DELETE '/session/0ad3acc7632ccba329ed4266328702ac'
19:20:29.660 [AsyncHttpClient-1-6] DEBUG org.asynchttpclient.netty.handler.HttpHandler - Unexpected I/O exception on channel [id: 0xe456b04e, L:/127.0.0.1:60780 - R:localhost/127.0.0.1:60773]
java.net.SocketException: Connection reset
	at java.base/sun.nio.ch.SocketChannelImpl.throwConnectionReset(SocketChannelImpl.java:401)
	at java.base/sun.nio.ch.SocketChannelImpl.read(SocketChannelImpl.java:434)
	at io.netty.buffer.PooledByteBuf.setBytes(PooledByteBuf.java:259)
	at io.netty.buffer.AbstractByteBuf.writeBytes(AbstractByteBuf.java:1132)
	at io.netty.channel.socket.nio.NioSocketChannel.doReadBytes(NioSocketChannel.java:357)
	at io.netty.channel.nio.AbstractNioByteChannel$NioByteUnsafe.read(AbstractNioByteChannel.java:151)
	at io.netty.channel.nio.NioEventLoop.processSelectedKey(NioEventLoop.java:788)
	at io.netty.channel.nio.NioEventLoop.processSelectedKeysOptimized(NioEventLoop.java:724)
	at io.netty.channel.nio.NioEventLoop.processSelectedKeys(NioEventLoop.java:650)
	at io.netty.channel.nio.NioEventLoop.run(NioEventLoop.java:562)
	at io.netty.util.concurrent.SingleThreadEventExecutor$4.run(SingleThreadEventExecutor.java:997)
	at io.netty.util.internal.ThreadExecutorMap$2.run(ThreadExecutorMap.java:74)
	at io.netty.util.concurrent.FastThreadLocalRunnable.run(FastThreadLocalRunnable.java:30)
	at java.base/java.lang.Thread.run(Thread.java:1589)
19:20:29.660 [AsyncHttpClient-1-6] DEBUG org.asynchttpclient.netty.channel.ChannelManager - Closing Channel [id: 0xe456b04e, L:/127.0.0.1:60780 - R:localhost/127.0.0.1:60773] 
19:20:29.661 [AsyncHttpClient-1-6] DEBUG org.asynchttpclient.netty.handler.HttpHandler - Channel Closed: [id: 0xe456b04e, L:/127.0.0.1:60780 ! R:localhost/127.0.0.1:60773] with attribute DISCARD
19:20:29.699 [AsyncHttpClient-1-1] DEBUG org.asynchttpclient.netty.channel.DefaultChannelPool - Entry count for : http://localhost:60773 : 1
19:20:29.699 [AsyncHttpClient-1-1] DEBUG org.asynchttpclient.netty.channel.DefaultChannelPool - Adding Candidate expired Channel [id: 0xe456b04e, L:/127.0.0.1:60780 ! R:localhost/127.0.0.1:60773] isIdleTimeoutExpired=false isRemotelyClosed=true isTtlExpired=false
19:20:29.699 [AsyncHttpClient-1-1] DEBUG org.asynchttpclient.netty.channel.DefaultChannelPool - Closing Idle Channel [id: 0xe456b04e, L:/127.0.0.1:60780 ! R:localhost/127.0.0.1:60773]
19:20:29.699 [AsyncHttpClient-1-1] DEBUG org.asynchttpclient.netty.channel.DefaultChannelPool - Closed 1 connections out of 1 in 0 ms
19:20:29.703 [AsyncHttpClient-1-5] DEBUG org.asynchttpclient.netty.handler.HttpHandler - 

Request DefaultFullHttpRequest(decodeResult: success, version: HTTP/1.1, content: EmptyByteBufBE)
DELETE /session/0ad3acc7632ccba329ed4266328702ac HTTP/1.1
User-Agent: selenium/4.8.1 (java windows)
Content-Type: application/json; charset=utf-8
host: localhost:45990
accept: */*

Response DefaultHttpResponse(decodeResult: success, version: HTTP/1.1)
HTTP/1.1 200 OK
Content-Length: 14
Content-Type: application/json; charset=utf-8
cache-control: no-cache

19:20:29.703 [AsyncHttpClient-1-5] DEBUG org.asynchttpclient.netty.channel.ChannelManager - Adding key: http://localhost:45990 for channel [id: 0xd5d337a2, L:/127.0.0.1:60772 - R:localhost/127.0.0.1:45990]
19:20:29.896 [AsyncHttpClient-1-5] DEBUG org.asynchttpclient.netty.handler.HttpHandler - Channel Closed: [id: 0xd5d337a2, L:/127.0.0.1:60772 ! R:localhost/127.0.0.1:45990] with attribute DISCARD
]]></system-out>
    <system-err><![CDATA[Starting ChromeDriver 113.0.5672.63 (0e1a4471d5ae5bf128b1bd8f4d627c8cbd55f70c-refs/branch-heads/5672@{#912}) on port 45990
Only local connections are allowed.
Please see https://chromedriver.chromium.org/security-considerations for suggestions on keeping ChromeDriver safe.
ChromeDriver was started successfully.
May 11, 2023 7:20:25 PM org.openqa.selenium.devtools.CdpVersionFinder findNearestMatch
WARNING: Unable to find an exact match for CDP version 113, so returning the closest version found: 110
]]></system-err>
  </testcase>
  <testcase name="Register without fill the email" classname="Register to Alta-shop Account" time="4.849">
    <system-out><![CDATA[
Scenario: Register without fill the email   &amp#27;[90m# src/test/resources/features/1. Register.feature:25&amp#27;[0m
19:20:29.962 [main] DEBUG io.cucumber.core.plugin.SerenityReporter - Running feature from file:///C:/Users/Bunayya%20Zulfikar/3D%20Objects/alta_web_minpro_testcase/src/test/resources/features/1.%20Register.feature
19:20:29.965 [main] INFO  - 
  _____   ___   ___   _____     ___   _____     _     ___   _____   ___   ___  
 |_   _| | __| / __| |_   _|   / __| |_   _|   /_\   | _ \ |_   _| | __| |   \ 
   | |   | _|  \__ \   | |     \__ \   | |    / _ \  |   /   | |   | _|  | |) |
   |_|   |___| |___/   |_|     |___/   |_|   /_/ \_\ |_|_\   |_|   |___| |___/ 

Register without fill the email(register-to-alta-shop-account;register-without-fill-the-email)
--------------------------------------------------------------------------------
19:20:30.000 [main] DEBUG net.thucydides.core.steps.StepInterceptor - STARTING STEP: LoginSteps.onTheLoginPage - openPage
19:20:30.067 [main] INFO net.serenitybdd.core.webdriver.driverproviders.ChromeDriverProvider - Starting Chrome driver instance with capabilities:
19:20:30.067 [main] INFO net.serenitybdd.core.webdriver.driverproviders.ChromeDriverProvider - Capabilities {acceptInsecureCerts: false, browserName: chrome, goog:chromeOptions: {args: [remote-allow-origins=*], extensions: []}}
19:20:30.146 [AsyncHttpClient-1-8] DEBUG org.asynchttpclient.netty.channel.NettyConnectListener - Using new Channel '[id: 0x791b31b6, L:/127.0.0.1:60796 - R:localhost/127.0.0.1:12192]' for 'POST' to '/session'
19:20:30.798 [AsyncHttpClient-1-1] DEBUG org.asynchttpclient.netty.channel.DefaultChannelPool - Entry count for : http://localhost:45990 : 1
19:20:30.798 [AsyncHttpClient-1-1] DEBUG org.asynchttpclient.netty.channel.DefaultChannelPool - Adding Candidate expired Channel [id: 0xd5d337a2, L:/127.0.0.1:60772 ! R:localhost/127.0.0.1:45990] isIdleTimeoutExpired=false isRemotelyClosed=true isTtlExpired=false
19:20:30.798 [AsyncHttpClient-1-1] DEBUG org.asynchttpclient.netty.channel.DefaultChannelPool - Closing Idle Channel [id: 0xd5d337a2, L:/127.0.0.1:60772 ! R:localhost/127.0.0.1:45990]
19:20:30.798 [AsyncHttpClient-1-1] DEBUG org.asynchttpclient.netty.channel.DefaultChannelPool - Closed 1 connections out of 1 in 0 ms
19:20:30.920 [AsyncHttpClient-1-8] DEBUG org.asynchttpclient.netty.handler.HttpHandler - 

Request DefaultHttpRequest(decodeResult: success, version: HTTP/1.1)
POST /session HTTP/1.1
User-Agent: selenium/4.8.1 (java windows)
Content-Length: 507
Content-Type: application/json; charset=utf-8
host: localhost:12192
accept: */*

Response DefaultHttpResponse(decodeResult: success, version: HTTP/1.1)
HTTP/1.1 200 OK
Content-Length: 861
Content-Type: application/json; charset=utf-8
cache-control: no-cache

19:20:30.921 [AsyncHttpClient-1-8] DEBUG org.asynchttpclient.netty.channel.ChannelManager - Adding key: http://localhost:12192 for channel [id: 0x791b31b6, L:/127.0.0.1:60796 - R:localhost/127.0.0.1:12192]
19:20:30.940 [AsyncHttpClient-1-9] DEBUG org.asynchttpclient.netty.channel.NettyConnectListener - Using new Channel '[id: 0x8ad69d77, L:/127.0.0.1:60804 - R:localhost/127.0.0.1:60798]' for 'GET' to '/json/version'
19:20:30.943 [AsyncHttpClient-1-9] DEBUG org.asynchttpclient.netty.handler.HttpHandler - 

Request DefaultFullHttpRequest(decodeResult: success, version: HTTP/1.1, content: EmptyByteBufBE)
GET /json/version HTTP/1.1
User-Agent: selenium/4.8.1 (java windows)
host: localhost:60798
accept: */*

Response DefaultHttpResponse(decodeResult: success, version: HTTP/1.1)
HTTP/1.1 200 OK
Content-Security-Policy: frame-ancestors 'none'
Content-Length: 422
Content-Type: application/json; charset=UTF-8

19:20:30.944 [AsyncHttpClient-1-9] DEBUG org.asynchttpclient.netty.channel.ChannelManager - Adding key: http://localhost:60798 for channel [id: 0x8ad69d77, L:/127.0.0.1:60804 - R:localhost/127.0.0.1:60798]
19:20:30.947 [AsyncHttpClient-1-10] DEBUG org.asynchttpclient.netty.channel.NettyConnectListener - Using new Channel '[id: 0xb251feb6, L:/127.0.0.1:60805 - R:localhost/127.0.0.1:60798]' for 'GET' to '/devtools/browser/47182784-1cd7-4ec7-82c7-be7c85844445'
19:20:30.951 [AsyncHttpClient-1-10] DEBUG org.asynchttpclient.netty.handler.WebSocketHandler - 

Request DefaultFullHttpRequest(decodeResult: success, version: HTTP/1.1, content: EmptyByteBufBE)
GET /devtools/browser/47182784-1cd7-4ec7-82c7-be7c85844445 HTTP/1.1
upgrade: websocket
connection: upgrade
sec-websocket-key: oXBgDP8u1l+EzUzD+eLPbw==
sec-websocket-version: 13
origin: http://localhost:60798
host: localhost:60798
accept: */*
user-agent: AHC/2.1

Response DefaultHttpResponse(decodeResult: success, version: HTTP/1.1)
HTTP/1.1 101 WebSocket Protocol Handshake
Upgrade: WebSocket
Connection: Upgrade
Sec-WebSocket-Accept: /4/Z6ulEVhdwX9ibVe/rKJY6j+M=

19:20:30.957 [Forwarding get on session 8d923332b75e5a2c3028437cb0933c6a to remote] DEBUG org.asynchttpclient.netty.request.NettyRequestSender - Using pooled Channel '[id: 0x791b31b6, L:/127.0.0.1:60796 - R:localhost/127.0.0.1:12192]' for 'POST' to 'http://localhost:12192/session/8d923332b75e5a2c3028437cb0933c6a/url'
19:20:30.957 [Forwarding get on session 8d923332b75e5a2c3028437cb0933c6a to remote] DEBUG org.asynchttpclient.netty.request.NettyRequestSender - Using open Channel [id: 0x791b31b6, L:/127.0.0.1:60796 - R:localhost/127.0.0.1:12192] for POST '/session/8d923332b75e5a2c3028437cb0933c6a/url'
19:20:31.645 [AsyncHttpClient-1-8] DEBUG org.asynchttpclient.netty.handler.HttpHandler - 

Request DefaultHttpRequest(decodeResult: success, version: HTTP/1.1)
POST /session/8d923332b75e5a2c3028437cb0933c6a/url HTTP/1.1
User-Agent: selenium/4.8.1 (java windows)
Content-Length: 80
Content-Type: application/json; charset=utf-8
host: localhost:12192
accept: */*

Response DefaultHttpResponse(decodeResult: success, version: HTTP/1.1)
HTTP/1.1 200 OK
Content-Length: 14
Content-Type: application/json; charset=utf-8
cache-control: no-cache

19:20:31.645 [AsyncHttpClient-1-8] DEBUG org.asynchttpclient.netty.channel.ChannelManager - Adding key: http://localhost:12192 for channel [id: 0x791b31b6, L:/127.0.0.1:60796 - R:localhost/127.0.0.1:12192]
19:20:31.647 [Forwarding setTimeout on session 8d923332b75e5a2c3028437cb0933c6a to remote] DEBUG org.asynchttpclient.netty.request.NettyRequestSender - Using pooled Channel '[id: 0x791b31b6, L:/127.0.0.1:60796 - R:localhost/127.0.0.1:12192]' for 'POST' to 'http://localhost:12192/session/8d923332b75e5a2c3028437cb0933c6a/timeouts'
19:20:31.647 [Forwarding setTimeout on session 8d923332b75e5a2c3028437cb0933c6a to remote] DEBUG org.asynchttpclient.netty.request.NettyRequestSender - Using open Channel [id: 0x791b31b6, L:/127.0.0.1:60796 - R:localhost/127.0.0.1:12192] for POST '/session/8d923332b75e5a2c3028437cb0933c6a/timeouts'
19:20:31.648 [AsyncHttpClient-1-8] DEBUG org.asynchttpclient.netty.handler.HttpHandler - 

Request DefaultHttpRequest(decodeResult: success, version: HTTP/1.1)
POST /session/8d923332b75e5a2c3028437cb0933c6a/timeouts HTTP/1.1
User-Agent: selenium/4.8.1 (java windows)
Content-Length: 22
Content-Type: application/json; charset=utf-8
host: localhost:12192
accept: */*

Response DefaultHttpResponse(decodeResult: success, version: HTTP/1.1)
HTTP/1.1 200 OK
Content-Length: 14
Content-Type: application/json; charset=utf-8
cache-control: no-cache

19:20:31.649 [AsyncHttpClient-1-8] DEBUG org.asynchttpclient.netty.channel.ChannelManager - Adding key: http://localhost:12192 for channel [id: 0x791b31b6, L:/127.0.0.1:60796 - R:localhost/127.0.0.1:12192]
19:20:31.658 [Forwarding getAlertText on session 8d923332b75e5a2c3028437cb0933c6a to remote] DEBUG org.asynchttpclient.netty.request.NettyRequestSender - Using pooled Channel '[id: 0x791b31b6, L:/127.0.0.1:60796 - R:localhost/127.0.0.1:12192]' for 'GET' to 'http://localhost:12192/session/8d923332b75e5a2c3028437cb0933c6a/alert/text'
19:20:31.658 [Forwarding getAlertText on session 8d923332b75e5a2c3028437cb0933c6a to remote] DEBUG org.asynchttpclient.netty.request.NettyRequestSender - Using open Channel [id: 0x791b31b6, L:/127.0.0.1:60796 - R:localhost/127.0.0.1:12192] for GET '/session/8d923332b75e5a2c3028437cb0933c6a/alert/text'
19:20:31.660 [AsyncHttpClient-1-8] DEBUG org.asynchttpclient.netty.handler.HttpHandler - 

Request DefaultFullHttpRequest(decodeResult: success, version: HTTP/1.1, content: EmptyByteBufBE)
GET /session/8d923332b75e5a2c3028437cb0933c6a/alert/text HTTP/1.1
User-Agent: selenium/4.8.1 (java windows)
Cache-Control: no-cache
Content-Type: application/json; charset=utf-8
host: localhost:12192
accept: */*

Response DefaultHttpResponse(decodeResult: success, version: HTTP/1.1)
HTTP/1.1 404 Not Found
Content-Length: 847
Content-Type: application/json; charset=utf-8
cache-control: no-cache

19:20:31.660 [AsyncHttpClient-1-8] DEBUG org.asynchttpclient.netty.channel.ChannelManager - Adding key: http://localhost:12192 for channel [id: 0x791b31b6, L:/127.0.0.1:60796 - R:localhost/127.0.0.1:12192]
19:20:31.661 [Forwarding getCurrentUrl on session 8d923332b75e5a2c3028437cb0933c6a to remote] DEBUG org.asynchttpclient.netty.request.NettyRequestSender - Using pooled Channel '[id: 0x791b31b6, L:/127.0.0.1:60796 - R:localhost/127.0.0.1:12192]' for 'GET' to 'http://localhost:12192/session/8d923332b75e5a2c3028437cb0933c6a/url'
19:20:31.661 [Forwarding getCurrentUrl on session 8d923332b75e5a2c3028437cb0933c6a to remote] DEBUG org.asynchttpclient.netty.request.NettyRequestSender - Using open Channel [id: 0x791b31b6, L:/127.0.0.1:60796 - R:localhost/127.0.0.1:12192] for GET '/session/8d923332b75e5a2c3028437cb0933c6a/url'
19:20:31.668 [AsyncHttpClient-1-8] DEBUG org.asynchttpclient.netty.handler.HttpHandler - 

Request DefaultFullHttpRequest(decodeResult: success, version: HTTP/1.1, content: EmptyByteBufBE)
GET /session/8d923332b75e5a2c3028437cb0933c6a/url HTTP/1.1
User-Agent: selenium/4.8.1 (java windows)
Cache-Control: no-cache
Content-Type: application/json; charset=utf-8
host: localhost:12192
accept: */*

Response DefaultHttpResponse(decodeResult: success, version: HTTP/1.1)
HTTP/1.1 200 OK
Content-Length: 52
Content-Type: application/json; charset=utf-8
cache-control: no-cache

19:20:31.668 [AsyncHttpClient-1-8] DEBUG org.asynchttpclient.netty.channel.ChannelManager - Adding key: http://localhost:12192 for channel [id: 0x791b31b6, L:/127.0.0.1:60796 - R:localhost/127.0.0.1:12192]
19:20:31.669 [Forwarding screenshot on session 8d923332b75e5a2c3028437cb0933c6a to remote] DEBUG org.asynchttpclient.netty.request.NettyRequestSender - Using pooled Channel '[id: 0x791b31b6, L:/127.0.0.1:60796 - R:localhost/127.0.0.1:12192]' for 'GET' to 'http://localhost:12192/session/8d923332b75e5a2c3028437cb0933c6a/screenshot'
19:20:31.670 [Forwarding screenshot on session 8d923332b75e5a2c3028437cb0933c6a to remote] DEBUG org.asynchttpclient.netty.request.NettyRequestSender - Using open Channel [id: 0x791b31b6, L:/127.0.0.1:60796 - R:localhost/127.0.0.1:12192] for GET '/session/8d923332b75e5a2c3028437cb0933c6a/screenshot'
19:20:31.848 [AsyncHttpClient-1-8] DEBUG org.asynchttpclient.netty.handler.HttpHandler - 

Request DefaultFullHttpRequest(decodeResult: success, version: HTTP/1.1, content: EmptyByteBufBE)
GET /session/8d923332b75e5a2c3028437cb0933c6a/screenshot HTTP/1.1
User-Agent: selenium/4.8.1 (java windows)
Cache-Control: no-cache
Content-Type: application/json; charset=utf-8
host: localhost:12192
accept: */*

Response DefaultHttpResponse(decodeResult: success, version: HTTP/1.1)
HTTP/1.1 200 OK
Content-Length: 32168
Content-Type: application/json; charset=utf-8
cache-control: no-cache

19:20:31.848 [AsyncHttpClient-1-8] DEBUG org.asynchttpclient.netty.channel.ChannelManager - Adding key: http://localhost:12192 for channel [id: 0x791b31b6, L:/127.0.0.1:60796 - R:localhost/127.0.0.1:12192]
19:20:31.849 [main] DEBUG net.serenitybdd.core.photography.Darkroom - Send negative for processing for target\site\serenity\d00787a84e57ae9818ec6333fe71d83a89fc0961433dfe7832481e3dca8fda29.png
19:20:31.849 [main] DEBUG net.thucydides.core.steps.StepInterceptor - STEP DONE: openPage
  &amp#27;[32mGiven &amp#27;[0m&amp#27;[32mI am on the alta-shop login page&amp#27;[0m    &amp#27;[90m# starter.stepdefinitions.LoginSteps.onTheLoginPage()&amp#27;[0m
19:20:31.856 [Forwarding getPageSource on session 8d923332b75e5a2c3028437cb0933c6a to remote] DEBUG org.asynchttpclient.netty.request.NettyRequestSender - Using pooled Channel '[id: 0x791b31b6, L:/127.0.0.1:60796 - R:localhost/127.0.0.1:12192]' for 'POST' to 'http://localhost:12192/session/8d923332b75e5a2c3028437cb0933c6a/execute/sync'
19:20:31.856 [Forwarding getPageSource on session 8d923332b75e5a2c3028437cb0933c6a to remote] DEBUG org.asynchttpclient.netty.request.NettyRequestSender - Using open Channel [id: 0x791b31b6, L:/127.0.0.1:60796 - R:localhost/127.0.0.1:12192] for POST '/session/8d923332b75e5a2c3028437cb0933c6a/execute/sync'
19:20:31.861 [AsyncHttpClient-1-8] DEBUG org.asynchttpclient.netty.handler.HttpHandler - 

Request DefaultHttpRequest(decodeResult: success, version: HTTP/1.1)
POST /session/8d923332b75e5a2c3028437cb0933c6a/execute/sync HTTP/1.1
User-Agent: selenium/4.8.1 (java windows)
Content-Length: 176
Content-Type: application/json; charset=utf-8
host: localhost:12192
accept: */*

Response DefaultHttpResponse(decodeResult: success, version: HTTP/1.1)
HTTP/1.1 200 OK
Content-Length: 21659
Content-Type: application/json; charset=utf-8
cache-control: no-cache

19:20:31.861 [AsyncHttpClient-1-8] DEBUG org.asynchttpclient.netty.channel.ChannelManager - Adding key: http://localhost:12192 for channel [id: 0x791b31b6, L:/127.0.0.1:60796 - R:localhost/127.0.0.1:12192]
19:20:31.863 [Forwarding getCurrentUrl on session 8d923332b75e5a2c3028437cb0933c6a to remote] DEBUG org.asynchttpclient.netty.request.NettyRequestSender - Using pooled Channel '[id: 0x791b31b6, L:/127.0.0.1:60796 - R:localhost/127.0.0.1:12192]' for 'GET' to 'http://localhost:12192/session/8d923332b75e5a2c3028437cb0933c6a/url'
19:20:31.863 [Forwarding getCurrentUrl on session 8d923332b75e5a2c3028437cb0933c6a to remote] DEBUG org.asynchttpclient.netty.request.NettyRequestSender - Using open Channel [id: 0x791b31b6, L:/127.0.0.1:60796 - R:localhost/127.0.0.1:12192] for GET '/session/8d923332b75e5a2c3028437cb0933c6a/url'
19:20:31.866 [AsyncHttpClient-1-8] DEBUG org.asynchttpclient.netty.handler.HttpHandler - 

Request DefaultFullHttpRequest(decodeResult: success, version: HTTP/1.1, content: EmptyByteBufBE)
GET /session/8d923332b75e5a2c3028437cb0933c6a/url HTTP/1.1
User-Agent: selenium/4.8.1 (java windows)
Cache-Control: no-cache
Content-Type: application/json; charset=utf-8
host: localhost:12192
accept: */*

Response DefaultHttpResponse(decodeResult: success, version: HTTP/1.1)
HTTP/1.1 200 OK
Content-Length: 52
Content-Type: application/json; charset=utf-8
cache-control: no-cache

19:20:31.866 [AsyncHttpClient-1-8] DEBUG org.asynchttpclient.netty.channel.ChannelManager - Adding key: http://localhost:12192 for channel [id: 0x791b31b6, L:/127.0.0.1:60796 - R:localhost/127.0.0.1:12192]
19:20:31.882 [Forwarding getPageSource on session 8d923332b75e5a2c3028437cb0933c6a to remote] DEBUG org.asynchttpclient.netty.request.NettyRequestSender - Using pooled Channel '[id: 0x791b31b6, L:/127.0.0.1:60796 - R:localhost/127.0.0.1:12192]' for 'POST' to 'http://localhost:12192/session/8d923332b75e5a2c3028437cb0933c6a/execute/sync'
19:20:31.882 [Forwarding getPageSource on session 8d923332b75e5a2c3028437cb0933c6a to remote] DEBUG org.asynchttpclient.netty.request.NettyRequestSender - Using open Channel [id: 0x791b31b6, L:/127.0.0.1:60796 - R:localhost/127.0.0.1:12192] for POST '/session/8d923332b75e5a2c3028437cb0933c6a/execute/sync'
19:20:31.888 [AsyncHttpClient-1-8] DEBUG org.asynchttpclient.netty.handler.HttpHandler - 

Request DefaultHttpRequest(decodeResult: success, version: HTTP/1.1)
POST /session/8d923332b75e5a2c3028437cb0933c6a/execute/sync HTTP/1.1
User-Agent: selenium/4.8.1 (java windows)
Content-Length: 176
Content-Type: application/json; charset=utf-8
host: localhost:12192
accept: */*

Response DefaultHttpResponse(decodeResult: success, version: HTTP/1.1)
HTTP/1.1 200 OK
Content-Length: 21659
Content-Type: application/json; charset=utf-8
cache-control: no-cache

19:20:31.888 [AsyncHttpClient-1-8] DEBUG org.asynchttpclient.netty.channel.ChannelManager - Adding key: http://localhost:12192 for channel [id: 0x791b31b6, L:/127.0.0.1:60796 - R:localhost/127.0.0.1:12192]
19:20:31.890 [Forwarding getCurrentUrl on session 8d923332b75e5a2c3028437cb0933c6a to remote] DEBUG org.asynchttpclient.netty.request.NettyRequestSender - Using pooled Channel '[id: 0x791b31b6, L:/127.0.0.1:60796 - R:localhost/127.0.0.1:12192]' for 'GET' to 'http://localhost:12192/session/8d923332b75e5a2c3028437cb0933c6a/url'
19:20:31.890 [Forwarding getCurrentUrl on session 8d923332b75e5a2c3028437cb0933c6a to remote] DEBUG org.asynchttpclient.netty.request.NettyRequestSender - Using open Channel [id: 0x791b31b6, L:/127.0.0.1:60796 - R:localhost/127.0.0.1:12192] for GET '/session/8d923332b75e5a2c3028437cb0933c6a/url'
19:20:31.894 [AsyncHttpClient-1-8] DEBUG org.asynchttpclient.netty.handler.HttpHandler - 

Request DefaultFullHttpRequest(decodeResult: success, version: HTTP/1.1, content: EmptyByteBufBE)
GET /session/8d923332b75e5a2c3028437cb0933c6a/url HTTP/1.1
User-Agent: selenium/4.8.1 (java windows)
Cache-Control: no-cache
Content-Type: application/json; charset=utf-8
host: localhost:12192
accept: */*

Response DefaultHttpResponse(decodeResult: success, version: HTTP/1.1)
HTTP/1.1 200 OK
Content-Length: 52
Content-Type: application/json; charset=utf-8
cache-control: no-cache

19:20:31.894 [AsyncHttpClient-1-8] DEBUG org.asynchttpclient.netty.channel.ChannelManager - Adding key: http://localhost:12192 for channel [id: 0x791b31b6, L:/127.0.0.1:60796 - R:localhost/127.0.0.1:12192]
19:20:31.896 [main] DEBUG net.thucydides.core.steps.StepInterceptor - STARTING STEP: RegisterSteps.clickLoginButton - clickRegisterLink
19:20:31.898 [Forwarding findElement on session 8d923332b75e5a2c3028437cb0933c6a to remote] DEBUG org.asynchttpclient.netty.request.NettyRequestSender - Using pooled Channel '[id: 0x791b31b6, L:/127.0.0.1:60796 - R:localhost/127.0.0.1:12192]' for 'POST' to 'http://localhost:12192/session/8d923332b75e5a2c3028437cb0933c6a/element'
19:20:31.898 [Forwarding findElement on session 8d923332b75e5a2c3028437cb0933c6a to remote] DEBUG org.asynchttpclient.netty.request.NettyRequestSender - Using open Channel [id: 0x791b31b6, L:/127.0.0.1:60796 - R:localhost/127.0.0.1:12192] for POST '/session/8d923332b75e5a2c3028437cb0933c6a/element'
19:20:31.900 [AsyncHttpClient-1-1] DEBUG org.asynchttpclient.netty.channel.DefaultChannelPool - Entry count for : http://localhost:60798 : 1
19:20:31.912 [AsyncHttpClient-1-8] DEBUG org.asynchttpclient.netty.handler.HttpHandler - 

Request DefaultHttpRequest(decodeResult: success, version: HTTP/1.1)
POST /session/8d923332b75e5a2c3028437cb0933c6a/element HTTP/1.1
User-Agent: selenium/4.8.1 (java windows)
Content-Length: 84
Content-Type: application/json; charset=utf-8
host: localhost:12192
accept: */*

Response DefaultHttpResponse(decodeResult: success, version: HTTP/1.1)
HTTP/1.1 200 OK
Content-Length: 94
Content-Type: application/json; charset=utf-8
cache-control: no-cache

19:20:31.912 [AsyncHttpClient-1-8] DEBUG org.asynchttpclient.netty.channel.ChannelManager - Adding key: http://localhost:12192 for channel [id: 0x791b31b6, L:/127.0.0.1:60796 - R:localhost/127.0.0.1:12192]
19:20:31.914 [Forwarding getElementTagName on session 8d923332b75e5a2c3028437cb0933c6a to remote] DEBUG org.asynchttpclient.netty.request.NettyRequestSender - Using pooled Channel '[id: 0x791b31b6, L:/127.0.0.1:60796 - R:localhost/127.0.0.1:12192]' for 'GET' to 'http://localhost:12192/session/8d923332b75e5a2c3028437cb0933c6a/element/2A09EF65E4BF348788D99777A2A00F91_element_5/name'
19:20:31.914 [Forwarding getElementTagName on session 8d923332b75e5a2c3028437cb0933c6a to remote] DEBUG org.asynchttpclient.netty.request.NettyRequestSender - Using open Channel [id: 0x791b31b6, L:/127.0.0.1:60796 - R:localhost/127.0.0.1:12192] for GET '/session/8d923332b75e5a2c3028437cb0933c6a/element/2A09EF65E4BF348788D99777A2A00F91_element_5/name'
19:20:31.920 [AsyncHttpClient-1-8] DEBUG org.asynchttpclient.netty.handler.HttpHandler - 

Request DefaultFullHttpRequest(decodeResult: success, version: HTTP/1.1, content: EmptyByteBufBE)
GET /session/8d923332b75e5a2c3028437cb0933c6a/element/2A09EF65E4BF348788D99777A2A00F91_element_5/name HTTP/1.1
User-Agent: selenium/4.8.1 (java windows)
Cache-Control: no-cache
Content-Type: application/json; charset=utf-8
host: localhost:12192
accept: */*

Response DefaultHttpResponse(decodeResult: success, version: HTTP/1.1)
HTTP/1.1 200 OK
Content-Length: 13
Content-Type: application/json; charset=utf-8
cache-control: no-cache

19:20:31.920 [AsyncHttpClient-1-8] DEBUG org.asynchttpclient.netty.channel.ChannelManager - Adding key: http://localhost:12192 for channel [id: 0x791b31b6, L:/127.0.0.1:60796 - R:localhost/127.0.0.1:12192]
19:20:31.921 [Forwarding getElementTagName on session 8d923332b75e5a2c3028437cb0933c6a to remote] DEBUG org.asynchttpclient.netty.request.NettyRequestSender - Using pooled Channel '[id: 0x791b31b6, L:/127.0.0.1:60796 - R:localhost/127.0.0.1:12192]' for 'GET' to 'http://localhost:12192/session/8d923332b75e5a2c3028437cb0933c6a/element/2A09EF65E4BF348788D99777A2A00F91_element_5/name'
19:20:31.921 [Forwarding getElementTagName on session 8d923332b75e5a2c3028437cb0933c6a to remote] DEBUG org.asynchttpclient.netty.request.NettyRequestSender - Using open Channel [id: 0x791b31b6, L:/127.0.0.1:60796 - R:localhost/127.0.0.1:12192] for GET '/session/8d923332b75e5a2c3028437cb0933c6a/element/2A09EF65E4BF348788D99777A2A00F91_element_5/name'
19:20:31.925 [AsyncHttpClient-1-8] DEBUG org.asynchttpclient.netty.handler.HttpHandler - 

Request DefaultFullHttpRequest(decodeResult: success, version: HTTP/1.1, content: EmptyByteBufBE)
GET /session/8d923332b75e5a2c3028437cb0933c6a/element/2A09EF65E4BF348788D99777A2A00F91_element_5/name HTTP/1.1
User-Agent: selenium/4.8.1 (java windows)
Cache-Control: no-cache
Content-Type: application/json; charset=utf-8
host: localhost:12192
accept: */*

Response DefaultHttpResponse(decodeResult: success, version: HTTP/1.1)
HTTP/1.1 200 OK
Content-Length: 13
Content-Type: application/json; charset=utf-8
cache-control: no-cache

19:20:31.925 [AsyncHttpClient-1-8] DEBUG org.asynchttpclient.netty.channel.ChannelManager - Adding key: http://localhost:12192 for channel [id: 0x791b31b6, L:/127.0.0.1:60796 - R:localhost/127.0.0.1:12192]
19:20:31.926 [Forwarding findElement on session 8d923332b75e5a2c3028437cb0933c6a to remote] DEBUG org.asynchttpclient.netty.request.NettyRequestSender - Using pooled Channel '[id: 0x791b31b6, L:/127.0.0.1:60796 - R:localhost/127.0.0.1:12192]' for 'POST' to 'http://localhost:12192/session/8d923332b75e5a2c3028437cb0933c6a/element'
19:20:31.926 [Forwarding findElement on session 8d923332b75e5a2c3028437cb0933c6a to remote] DEBUG org.asynchttpclient.netty.request.NettyRequestSender - Using open Channel [id: 0x791b31b6, L:/127.0.0.1:60796 - R:localhost/127.0.0.1:12192] for POST '/session/8d923332b75e5a2c3028437cb0933c6a/element'
19:20:31.933 [AsyncHttpClient-1-8] DEBUG org.asynchttpclient.netty.handler.HttpHandler - 

Request DefaultHttpRequest(decodeResult: success, version: HTTP/1.1)
POST /session/8d923332b75e5a2c3028437cb0933c6a/element HTTP/1.1
User-Agent: selenium/4.8.1 (java windows)
Content-Length: 84
Content-Type: application/json; charset=utf-8
host: localhost:12192
accept: */*

Response DefaultHttpResponse(decodeResult: success, version: HTTP/1.1)
HTTP/1.1 200 OK
Content-Length: 94
Content-Type: application/json; charset=utf-8
cache-control: no-cache

19:20:31.933 [AsyncHttpClient-1-8] DEBUG org.asynchttpclient.netty.channel.ChannelManager - Adding key: http://localhost:12192 for channel [id: 0x791b31b6, L:/127.0.0.1:60796 - R:localhost/127.0.0.1:12192]
19:20:31.933 [Forwarding clickElement on session 8d923332b75e5a2c3028437cb0933c6a to remote] DEBUG org.asynchttpclient.netty.request.NettyRequestSender - Using pooled Channel '[id: 0x791b31b6, L:/127.0.0.1:60796 - R:localhost/127.0.0.1:12192]' for 'POST' to 'http://localhost:12192/session/8d923332b75e5a2c3028437cb0933c6a/element/2A09EF65E4BF348788D99777A2A00F91_element_5/click'
19:20:31.933 [Forwarding clickElement on session 8d923332b75e5a2c3028437cb0933c6a to remote] DEBUG org.asynchttpclient.netty.request.NettyRequestSender - Using open Channel [id: 0x791b31b6, L:/127.0.0.1:60796 - R:localhost/127.0.0.1:12192] for POST '/session/8d923332b75e5a2c3028437cb0933c6a/element/2A09EF65E4BF348788D99777A2A00F91_element_5/click'
19:20:32.028 [AsyncHttpClient-1-8] DEBUG org.asynchttpclient.netty.handler.HttpHandler - 

Request DefaultHttpRequest(decodeResult: success, version: HTTP/1.1)
POST /session/8d923332b75e5a2c3028437cb0933c6a/element/2A09EF65E4BF348788D99777A2A00F91_element_5/click HTTP/1.1
User-Agent: selenium/4.8.1 (java windows)
Content-Length: 56
Content-Type: application/json; charset=utf-8
host: localhost:12192
accept: */*

Response DefaultHttpResponse(decodeResult: success, version: HTTP/1.1)
HTTP/1.1 200 OK
Content-Length: 14
Content-Type: application/json; charset=utf-8
cache-control: no-cache

19:20:32.028 [AsyncHttpClient-1-8] DEBUG org.asynchttpclient.netty.channel.ChannelManager - Adding key: http://localhost:12192 for channel [id: 0x791b31b6, L:/127.0.0.1:60796 - R:localhost/127.0.0.1:12192]
19:20:32.034 [Forwarding getAlertText on session 8d923332b75e5a2c3028437cb0933c6a to remote] DEBUG org.asynchttpclient.netty.request.NettyRequestSender - Using pooled Channel '[id: 0x791b31b6, L:/127.0.0.1:60796 - R:localhost/127.0.0.1:12192]' for 'GET' to 'http://localhost:12192/session/8d923332b75e5a2c3028437cb0933c6a/alert/text'
19:20:32.034 [Forwarding getAlertText on session 8d923332b75e5a2c3028437cb0933c6a to remote] DEBUG org.asynchttpclient.netty.request.NettyRequestSender - Using open Channel [id: 0x791b31b6, L:/127.0.0.1:60796 - R:localhost/127.0.0.1:12192] for GET '/session/8d923332b75e5a2c3028437cb0933c6a/alert/text'
19:20:32.035 [AsyncHttpClient-1-8] DEBUG org.asynchttpclient.netty.handler.HttpHandler - 

Request DefaultFullHttpRequest(decodeResult: success, version: HTTP/1.1, content: EmptyByteBufBE)
GET /session/8d923332b75e5a2c3028437cb0933c6a/alert/text HTTP/1.1
User-Agent: selenium/4.8.1 (java windows)
Cache-Control: no-cache
Content-Type: application/json; charset=utf-8
host: localhost:12192
accept: */*

Response DefaultHttpResponse(decodeResult: success, version: HTTP/1.1)
HTTP/1.1 404 Not Found
Content-Length: 847
Content-Type: application/json; charset=utf-8
cache-control: no-cache

19:20:32.036 [AsyncHttpClient-1-8] DEBUG org.asynchttpclient.netty.channel.ChannelManager - Adding key: http://localhost:12192 for channel [id: 0x791b31b6, L:/127.0.0.1:60796 - R:localhost/127.0.0.1:12192]
19:20:32.036 [Forwarding getCurrentUrl on session 8d923332b75e5a2c3028437cb0933c6a to remote] DEBUG org.asynchttpclient.netty.request.NettyRequestSender - Using pooled Channel '[id: 0x791b31b6, L:/127.0.0.1:60796 - R:localhost/127.0.0.1:12192]' for 'GET' to 'http://localhost:12192/session/8d923332b75e5a2c3028437cb0933c6a/url'
19:20:32.037 [Forwarding getCurrentUrl on session 8d923332b75e5a2c3028437cb0933c6a to remote] DEBUG org.asynchttpclient.netty.request.NettyRequestSender - Using open Channel [id: 0x791b31b6, L:/127.0.0.1:60796 - R:localhost/127.0.0.1:12192] for GET '/session/8d923332b75e5a2c3028437cb0933c6a/url'
19:20:32.041 [AsyncHttpClient-1-8] DEBUG org.asynchttpclient.netty.handler.HttpHandler - 

Request DefaultFullHttpRequest(decodeResult: success, version: HTTP/1.1, content: EmptyByteBufBE)
GET /session/8d923332b75e5a2c3028437cb0933c6a/url HTTP/1.1
User-Agent: selenium/4.8.1 (java windows)
Cache-Control: no-cache
Content-Type: application/json; charset=utf-8
host: localhost:12192
accept: */*

Response DefaultHttpResponse(decodeResult: success, version: HTTP/1.1)
HTTP/1.1 200 OK
Content-Length: 54
Content-Type: application/json; charset=utf-8
cache-control: no-cache

19:20:32.041 [AsyncHttpClient-1-8] DEBUG org.asynchttpclient.netty.channel.ChannelManager - Adding key: http://localhost:12192 for channel [id: 0x791b31b6, L:/127.0.0.1:60796 - R:localhost/127.0.0.1:12192]
19:20:32.042 [Forwarding screenshot on session 8d923332b75e5a2c3028437cb0933c6a to remote] DEBUG org.asynchttpclient.netty.request.NettyRequestSender - Using pooled Channel '[id: 0x791b31b6, L:/127.0.0.1:60796 - R:localhost/127.0.0.1:12192]' for 'GET' to 'http://localhost:12192/session/8d923332b75e5a2c3028437cb0933c6a/screenshot'
19:20:32.042 [Forwarding screenshot on session 8d923332b75e5a2c3028437cb0933c6a to remote] DEBUG org.asynchttpclient.netty.request.NettyRequestSender - Using open Channel [id: 0x791b31b6, L:/127.0.0.1:60796 - R:localhost/127.0.0.1:12192] for GET '/session/8d923332b75e5a2c3028437cb0933c6a/screenshot'
19:20:32.145 [AsyncHttpClient-1-8] DEBUG org.asynchttpclient.netty.handler.HttpHandler - 

Request DefaultFullHttpRequest(decodeResult: success, version: HTTP/1.1, content: EmptyByteBufBE)
GET /session/8d923332b75e5a2c3028437cb0933c6a/screenshot HTTP/1.1
User-Agent: selenium/4.8.1 (java windows)
Cache-Control: no-cache
Content-Type: application/json; charset=utf-8
host: localhost:12192
accept: */*

Response DefaultHttpResponse(decodeResult: success, version: HTTP/1.1)
HTTP/1.1 200 OK
Content-Length: 37536
Content-Type: application/json; charset=utf-8
cache-control: no-cache

19:20:32.145 [AsyncHttpClient-1-8] DEBUG org.asynchttpclient.netty.channel.ChannelManager - Adding key: http://localhost:12192 for channel [id: 0x791b31b6, L:/127.0.0.1:60796 - R:localhost/127.0.0.1:12192]
19:20:32.148 [main] DEBUG net.serenitybdd.core.photography.Darkroom - Send negative for processing for target\site\serenity\28b33a7d33d77ac654519f5d975c635941fbf12aff80ca2d76b67cee529c60d9.png
19:20:32.148 [main] DEBUG net.thucydides.core.steps.StepInterceptor - STEP DONE: clickRegisterLink
19:20:32.148 [Darkroom Processing Line] DEBUG net.serenitybdd.core.photography.DarkroomProcessingLine - Processing screenshot image in /var/screenshots/screenshot-14002682328939748283
19:20:32.148 [Darkroom Processing Line] DEBUG net.serenitybdd.core.photography.DarkroomProcessingLine - Saving screenshot to target\site\serenity\28b33a7d33d77ac654519f5d975c635941fbf12aff80ca2d76b67cee529c60d9.png
  &amp#27;[32mWhen &amp#27;[0m&amp#27;[32mI go to the alta-shop register page&amp#27;[0m  &amp#27;[90m# starter.stepdefinitions.RegisterSteps.clickLoginButton()&amp#27;[0m
19:20:32.162 [Forwarding getPageSource on session 8d923332b75e5a2c3028437cb0933c6a to remote] DEBUG org.asynchttpclient.netty.request.NettyRequestSender - Using pooled Channel '[id: 0x791b31b6, L:/127.0.0.1:60796 - R:localhost/127.0.0.1:12192]' for 'POST' to 'http://localhost:12192/session/8d923332b75e5a2c3028437cb0933c6a/execute/sync'
19:20:32.162 [Forwarding getPageSource on session 8d923332b75e5a2c3028437cb0933c6a to remote] DEBUG org.asynchttpclient.netty.request.NettyRequestSender - Using open Channel [id: 0x791b31b6, L:/127.0.0.1:60796 - R:localhost/127.0.0.1:12192] for POST '/session/8d923332b75e5a2c3028437cb0933c6a/execute/sync'
19:20:32.174 [AsyncHttpClient-1-8] DEBUG org.asynchttpclient.netty.handler.HttpHandler - 

Request DefaultHttpRequest(decodeResult: success, version: HTTP/1.1)
POST /session/8d923332b75e5a2c3028437cb0933c6a/execute/sync HTTP/1.1
User-Agent: selenium/4.8.1 (java windows)
Content-Length: 176
Content-Type: application/json; charset=utf-8
host: localhost:12192
accept: */*

Response DefaultHttpResponse(decodeResult: success, version: HTTP/1.1)
HTTP/1.1 200 OK
Content-Length: 22314
Content-Type: application/json; charset=utf-8
cache-control: no-cache

19:20:32.174 [AsyncHttpClient-1-8] DEBUG org.asynchttpclient.netty.channel.ChannelManager - Adding key: http://localhost:12192 for channel [id: 0x791b31b6, L:/127.0.0.1:60796 - R:localhost/127.0.0.1:12192]
19:20:32.178 [Forwarding getCurrentUrl on session 8d923332b75e5a2c3028437cb0933c6a to remote] DEBUG org.asynchttpclient.netty.request.NettyRequestSender - Using pooled Channel '[id: 0x791b31b6, L:/127.0.0.1:60796 - R:localhost/127.0.0.1:12192]' for 'GET' to 'http://localhost:12192/session/8d923332b75e5a2c3028437cb0933c6a/url'
19:20:32.178 [Forwarding getCurrentUrl on session 8d923332b75e5a2c3028437cb0933c6a to remote] DEBUG org.asynchttpclient.netty.request.NettyRequestSender - Using open Channel [id: 0x791b31b6, L:/127.0.0.1:60796 - R:localhost/127.0.0.1:12192] for GET '/session/8d923332b75e5a2c3028437cb0933c6a/url'
19:20:32.232 [AsyncHttpClient-1-8] DEBUG org.asynchttpclient.netty.handler.HttpHandler - 

Request DefaultFullHttpRequest(decodeResult: success, version: HTTP/1.1, content: EmptyByteBufBE)
GET /session/8d923332b75e5a2c3028437cb0933c6a/url HTTP/1.1
User-Agent: selenium/4.8.1 (java windows)
Cache-Control: no-cache
Content-Type: application/json; charset=utf-8
host: localhost:12192
accept: */*

Response DefaultHttpResponse(decodeResult: success, version: HTTP/1.1)
HTTP/1.1 200 OK
Content-Length: 54
Content-Type: application/json; charset=utf-8
cache-control: no-cache

19:20:32.232 [AsyncHttpClient-1-8] DEBUG org.asynchttpclient.netty.channel.ChannelManager - Adding key: http://localhost:12192 for channel [id: 0x791b31b6, L:/127.0.0.1:60796 - R:localhost/127.0.0.1:12192]
19:20:32.249 [Forwarding getAlertText on session 8d923332b75e5a2c3028437cb0933c6a to remote] DEBUG org.asynchttpclient.netty.request.NettyRequestSender - Using pooled Channel '[id: 0x791b31b6, L:/127.0.0.1:60796 - R:localhost/127.0.0.1:12192]' for 'GET' to 'http://localhost:12192/session/8d923332b75e5a2c3028437cb0933c6a/alert/text'
19:20:32.249 [Forwarding getAlertText on session 8d923332b75e5a2c3028437cb0933c6a to remote] DEBUG org.asynchttpclient.netty.request.NettyRequestSender - Using open Channel [id: 0x791b31b6, L:/127.0.0.1:60796 - R:localhost/127.0.0.1:12192] for GET '/session/8d923332b75e5a2c3028437cb0933c6a/alert/text'
19:20:32.288 [AsyncHttpClient-1-8] DEBUG org.asynchttpclient.netty.handler.HttpHandler - 

Request DefaultFullHttpRequest(decodeResult: success, version: HTTP/1.1, content: EmptyByteBufBE)
GET /session/8d923332b75e5a2c3028437cb0933c6a/alert/text HTTP/1.1
User-Agent: selenium/4.8.1 (java windows)
Cache-Control: no-cache
Content-Type: application/json; charset=utf-8
host: localhost:12192
accept: */*

Response DefaultHttpResponse(decodeResult: success, version: HTTP/1.1)
HTTP/1.1 404 Not Found
Content-Length: 847
Content-Type: application/json; charset=utf-8
cache-control: no-cache

19:20:32.288 [AsyncHttpClient-1-8] DEBUG org.asynchttpclient.netty.channel.ChannelManager - Adding key: http://localhost:12192 for channel [id: 0x791b31b6, L:/127.0.0.1:60796 - R:localhost/127.0.0.1:12192]
19:20:32.290 [Forwarding getCurrentUrl on session 8d923332b75e5a2c3028437cb0933c6a to remote] DEBUG org.asynchttpclient.netty.request.NettyRequestSender - Using pooled Channel '[id: 0x791b31b6, L:/127.0.0.1:60796 - R:localhost/127.0.0.1:12192]' for 'GET' to 'http://localhost:12192/session/8d923332b75e5a2c3028437cb0933c6a/url'
19:20:32.290 [Forwarding getCurrentUrl on session 8d923332b75e5a2c3028437cb0933c6a to remote] DEBUG org.asynchttpclient.netty.request.NettyRequestSender - Using open Channel [id: 0x791b31b6, L:/127.0.0.1:60796 - R:localhost/127.0.0.1:12192] for GET '/session/8d923332b75e5a2c3028437cb0933c6a/url'
19:20:32.304 [AsyncHttpClient-1-8] DEBUG org.asynchttpclient.netty.handler.HttpHandler - 

Request DefaultFullHttpRequest(decodeResult: success, version: HTTP/1.1, content: EmptyByteBufBE)
GET /session/8d923332b75e5a2c3028437cb0933c6a/url HTTP/1.1
User-Agent: selenium/4.8.1 (java windows)
Cache-Control: no-cache
Content-Type: application/json; charset=utf-8
host: localhost:12192
accept: */*

Response DefaultHttpResponse(decodeResult: success, version: HTTP/1.1)
HTTP/1.1 200 OK
Content-Length: 54
Content-Type: application/json; charset=utf-8
cache-control: no-cache

19:20:32.305 [AsyncHttpClient-1-8] DEBUG org.asynchttpclient.netty.channel.ChannelManager - Adding key: http://localhost:12192 for channel [id: 0x791b31b6, L:/127.0.0.1:60796 - R:localhost/127.0.0.1:12192]
19:20:32.306 [Forwarding screenshot on session 8d923332b75e5a2c3028437cb0933c6a to remote] DEBUG org.asynchttpclient.netty.request.NettyRequestSender - Using pooled Channel '[id: 0x791b31b6, L:/127.0.0.1:60796 - R:localhost/127.0.0.1:12192]' for 'GET' to 'http://localhost:12192/session/8d923332b75e5a2c3028437cb0933c6a/screenshot'
19:20:32.306 [Forwarding screenshot on session 8d923332b75e5a2c3028437cb0933c6a to remote] DEBUG org.asynchttpclient.netty.request.NettyRequestSender - Using open Channel [id: 0x791b31b6, L:/127.0.0.1:60796 - R:localhost/127.0.0.1:12192] for GET '/session/8d923332b75e5a2c3028437cb0933c6a/screenshot'
19:20:32.458 [AsyncHttpClient-1-8] DEBUG org.asynchttpclient.netty.handler.HttpHandler - 

Request DefaultFullHttpRequest(decodeResult: success, version: HTTP/1.1, content: EmptyByteBufBE)
GET /session/8d923332b75e5a2c3028437cb0933c6a/screenshot HTTP/1.1
User-Agent: selenium/4.8.1 (java windows)
Cache-Control: no-cache
Content-Type: application/json; charset=utf-8
host: localhost:12192
accept: */*

Response DefaultHttpResponse(decodeResult: success, version: HTTP/1.1)
HTTP/1.1 200 OK
Content-Length: 37532
Content-Type: application/json; charset=utf-8
cache-control: no-cache

19:20:32.459 [AsyncHttpClient-1-8] DEBUG org.asynchttpclient.netty.channel.ChannelManager - Adding key: http://localhost:12192 for channel [id: 0x791b31b6, L:/127.0.0.1:60796 - R:localhost/127.0.0.1:12192]
19:20:32.462 [main] DEBUG net.serenitybdd.core.photography.Darkroom - Send negative for processing for target\site\serenity\ecc6ab840bda103f95e4734b07ad45198a4ee20fb87be22f021a10030494e1ba.png
19:20:32.464 [Forwarding getPageSource on session 8d923332b75e5a2c3028437cb0933c6a to remote] DEBUG org.asynchttpclient.netty.request.NettyRequestSender - Using pooled Channel '[id: 0x791b31b6, L:/127.0.0.1:60796 - R:localhost/127.0.0.1:12192]' for 'POST' to 'http://localhost:12192/session/8d923332b75e5a2c3028437cb0933c6a/execute/sync'
19:20:32.464 [Forwarding getPageSource on session 8d923332b75e5a2c3028437cb0933c6a to remote] DEBUG org.asynchttpclient.netty.request.NettyRequestSender - Using open Channel [id: 0x791b31b6, L:/127.0.0.1:60796 - R:localhost/127.0.0.1:12192] for POST '/session/8d923332b75e5a2c3028437cb0933c6a/execute/sync'
19:20:32.476 [AsyncHttpClient-1-8] DEBUG org.asynchttpclient.netty.handler.HttpHandler - 

Request DefaultHttpRequest(decodeResult: success, version: HTTP/1.1)
POST /session/8d923332b75e5a2c3028437cb0933c6a/execute/sync HTTP/1.1
User-Agent: selenium/4.8.1 (java windows)
Content-Length: 176
Content-Type: application/json; charset=utf-8
host: localhost:12192
accept: */*

Response DefaultHttpResponse(decodeResult: success, version: HTTP/1.1)
HTTP/1.1 200 OK
Content-Length: 22314
Content-Type: application/json; charset=utf-8
cache-control: no-cache

19:20:32.477 [AsyncHttpClient-1-8] DEBUG org.asynchttpclient.netty.channel.ChannelManager - Adding key: http://localhost:12192 for channel [id: 0x791b31b6, L:/127.0.0.1:60796 - R:localhost/127.0.0.1:12192]
19:20:32.481 [Forwarding getCurrentUrl on session 8d923332b75e5a2c3028437cb0933c6a to remote] DEBUG org.asynchttpclient.netty.request.NettyRequestSender - Using pooled Channel '[id: 0x791b31b6, L:/127.0.0.1:60796 - R:localhost/127.0.0.1:12192]' for 'GET' to 'http://localhost:12192/session/8d923332b75e5a2c3028437cb0933c6a/url'
19:20:32.481 [Forwarding getCurrentUrl on session 8d923332b75e5a2c3028437cb0933c6a to remote] DEBUG org.asynchttpclient.netty.request.NettyRequestSender - Using open Channel [id: 0x791b31b6, L:/127.0.0.1:60796 - R:localhost/127.0.0.1:12192] for GET '/session/8d923332b75e5a2c3028437cb0933c6a/url'
19:20:32.490 [AsyncHttpClient-1-8] DEBUG org.asynchttpclient.netty.handler.HttpHandler - 

Request DefaultFullHttpRequest(decodeResult: success, version: HTTP/1.1, content: EmptyByteBufBE)
GET /session/8d923332b75e5a2c3028437cb0933c6a/url HTTP/1.1
User-Agent: selenium/4.8.1 (java windows)
Cache-Control: no-cache
Content-Type: application/json; charset=utf-8
host: localhost:12192
accept: */*

Response DefaultHttpResponse(decodeResult: success, version: HTTP/1.1)
HTTP/1.1 200 OK
Content-Length: 54
Content-Type: application/json; charset=utf-8
cache-control: no-cache

19:20:32.490 [AsyncHttpClient-1-8] DEBUG org.asynchttpclient.netty.channel.ChannelManager - Adding key: http://localhost:12192 for channel [id: 0x791b31b6, L:/127.0.0.1:60796 - R:localhost/127.0.0.1:12192]
19:20:32.492 [main] DEBUG net.thucydides.core.steps.StepInterceptor - STARTING STEP: RegisterSteps.inputFullnameReg - inputFullnameReg
19:20:32.497 [Forwarding findElement on session 8d923332b75e5a2c3028437cb0933c6a to remote] DEBUG org.asynchttpclient.netty.request.NettyRequestSender - Using pooled Channel '[id: 0x791b31b6, L:/127.0.0.1:60796 - R:localhost/127.0.0.1:12192]' for 'POST' to 'http://localhost:12192/session/8d923332b75e5a2c3028437cb0933c6a/element'
19:20:32.497 [Forwarding findElement on session 8d923332b75e5a2c3028437cb0933c6a to remote] DEBUG org.asynchttpclient.netty.request.NettyRequestSender - Using open Channel [id: 0x791b31b6, L:/127.0.0.1:60796 - R:localhost/127.0.0.1:12192] for POST '/session/8d923332b75e5a2c3028437cb0933c6a/element'
19:20:32.517 [AsyncHttpClient-1-8] DEBUG org.asynchttpclient.netty.handler.HttpHandler - 

Request DefaultHttpRequest(decodeResult: success, version: HTTP/1.1)
POST /session/8d923332b75e5a2c3028437cb0933c6a/element HTTP/1.1
User-Agent: selenium/4.8.1 (java windows)
Content-Length: 55
Content-Type: application/json; charset=utf-8
host: localhost:12192
accept: */*

Response DefaultHttpResponse(decodeResult: success, version: HTTP/1.1)
HTTP/1.1 200 OK
Content-Length: 94
Content-Type: application/json; charset=utf-8
cache-control: no-cache

19:20:32.517 [AsyncHttpClient-1-8] DEBUG org.asynchttpclient.netty.channel.ChannelManager - Adding key: http://localhost:12192 for channel [id: 0x791b31b6, L:/127.0.0.1:60796 - R:localhost/127.0.0.1:12192]
19:20:32.519 [Forwarding clearElement on session 8d923332b75e5a2c3028437cb0933c6a to remote] DEBUG org.asynchttpclient.netty.request.NettyRequestSender - Using pooled Channel '[id: 0x791b31b6, L:/127.0.0.1:60796 - R:localhost/127.0.0.1:12192]' for 'POST' to 'http://localhost:12192/session/8d923332b75e5a2c3028437cb0933c6a/element/2A09EF65E4BF348788D99777A2A00F91_element_6/clear'
19:20:32.519 [Forwarding clearElement on session 8d923332b75e5a2c3028437cb0933c6a to remote] DEBUG org.asynchttpclient.netty.request.NettyRequestSender - Using open Channel [id: 0x791b31b6, L:/127.0.0.1:60796 - R:localhost/127.0.0.1:12192] for POST '/session/8d923332b75e5a2c3028437cb0933c6a/element/2A09EF65E4BF348788D99777A2A00F91_element_6/clear'
19:20:32.563 [AsyncHttpClient-1-8] DEBUG org.asynchttpclient.netty.handler.HttpHandler - 

Request DefaultHttpRequest(decodeResult: success, version: HTTP/1.1)
POST /session/8d923332b75e5a2c3028437cb0933c6a/element/2A09EF65E4BF348788D99777A2A00F91_element_6/clear HTTP/1.1
User-Agent: selenium/4.8.1 (java windows)
Content-Length: 56
Content-Type: application/json; charset=utf-8
host: localhost:12192
accept: */*

Response DefaultHttpResponse(decodeResult: success, version: HTTP/1.1)
HTTP/1.1 200 OK
Content-Length: 14
Content-Type: application/json; charset=utf-8
cache-control: no-cache

19:20:32.563 [AsyncHttpClient-1-8] DEBUG org.asynchttpclient.netty.channel.ChannelManager - Adding key: http://localhost:12192 for channel [id: 0x791b31b6, L:/127.0.0.1:60796 - R:localhost/127.0.0.1:12192]
19:20:32.565 [Forwarding sendKeysToElement on session 8d923332b75e5a2c3028437cb0933c6a to remote] DEBUG org.asynchttpclient.netty.request.NettyRequestSender - Using pooled Channel '[id: 0x791b31b6, L:/127.0.0.1:60796 - R:localhost/127.0.0.1:12192]' for 'POST' to 'http://localhost:12192/session/8d923332b75e5a2c3028437cb0933c6a/element/2A09EF65E4BF348788D99777A2A00F91_element_6/value'
19:20:32.565 [Forwarding sendKeysToElement on session 8d923332b75e5a2c3028437cb0933c6a to remote] DEBUG org.asynchttpclient.netty.request.NettyRequestSender - Using open Channel [id: 0x791b31b6, L:/127.0.0.1:60796 - R:localhost/127.0.0.1:12192] for POST '/session/8d923332b75e5a2c3028437cb0933c6a/element/2A09EF65E4BF348788D99777A2A00F91_element_6/value'
19:20:32.695 [AsyncHttpClient-1-8] DEBUG org.asynchttpclient.netty.handler.HttpHandler - 

Request DefaultHttpRequest(decodeResult: success, version: HTTP/1.1)
POST /session/8d923332b75e5a2c3028437cb0933c6a/element/2A09EF65E4BF348788D99777A2A00F91_element_6/value HTTP/1.1
User-Agent: selenium/4.8.1 (java windows)
Content-Length: 227
Content-Type: application/json; charset=utf-8
host: localhost:12192
accept: */*

Response DefaultHttpResponse(decodeResult: success, version: HTTP/1.1)
HTTP/1.1 200 OK
Content-Length: 14
Content-Type: application/json; charset=utf-8
cache-control: no-cache

19:20:32.696 [AsyncHttpClient-1-8] DEBUG org.asynchttpclient.netty.channel.ChannelManager - Adding key: http://localhost:12192 for channel [id: 0x791b31b6, L:/127.0.0.1:60796 - R:localhost/127.0.0.1:12192]
19:20:32.706 [Forwarding getAlertText on session 8d923332b75e5a2c3028437cb0933c6a to remote] DEBUG org.asynchttpclient.netty.request.NettyRequestSender - Using pooled Channel '[id: 0x791b31b6, L:/127.0.0.1:60796 - R:localhost/127.0.0.1:12192]' for 'GET' to 'http://localhost:12192/session/8d923332b75e5a2c3028437cb0933c6a/alert/text'
19:20:32.706 [Forwarding getAlertText on session 8d923332b75e5a2c3028437cb0933c6a to remote] DEBUG org.asynchttpclient.netty.request.NettyRequestSender - Using open Channel [id: 0x791b31b6, L:/127.0.0.1:60796 - R:localhost/127.0.0.1:12192] for GET '/session/8d923332b75e5a2c3028437cb0933c6a/alert/text'
19:20:32.708 [AsyncHttpClient-1-8] DEBUG org.asynchttpclient.netty.handler.HttpHandler - 

Request DefaultFullHttpRequest(decodeResult: success, version: HTTP/1.1, content: EmptyByteBufBE)
GET /session/8d923332b75e5a2c3028437cb0933c6a/alert/text HTTP/1.1
User-Agent: selenium/4.8.1 (java windows)
Cache-Control: no-cache
Content-Type: application/json; charset=utf-8
host: localhost:12192
accept: */*

Response DefaultHttpResponse(decodeResult: success, version: HTTP/1.1)
HTTP/1.1 404 Not Found
Content-Length: 847
Content-Type: application/json; charset=utf-8
cache-control: no-cache

19:20:32.708 [AsyncHttpClient-1-8] DEBUG org.asynchttpclient.netty.channel.ChannelManager - Adding key: http://localhost:12192 for channel [id: 0x791b31b6, L:/127.0.0.1:60796 - R:localhost/127.0.0.1:12192]
19:20:32.709 [Forwarding getCurrentUrl on session 8d923332b75e5a2c3028437cb0933c6a to remote] DEBUG org.asynchttpclient.netty.request.NettyRequestSender - Using pooled Channel '[id: 0x791b31b6, L:/127.0.0.1:60796 - R:localhost/127.0.0.1:12192]' for 'GET' to 'http://localhost:12192/session/8d923332b75e5a2c3028437cb0933c6a/url'
19:20:32.709 [Forwarding getCurrentUrl on session 8d923332b75e5a2c3028437cb0933c6a to remote] DEBUG org.asynchttpclient.netty.request.NettyRequestSender - Using open Channel [id: 0x791b31b6, L:/127.0.0.1:60796 - R:localhost/127.0.0.1:12192] for GET '/session/8d923332b75e5a2c3028437cb0933c6a/url'
19:20:32.715 [AsyncHttpClient-1-8] DEBUG org.asynchttpclient.netty.handler.HttpHandler - 

Request DefaultFullHttpRequest(decodeResult: success, version: HTTP/1.1, content: EmptyByteBufBE)
GET /session/8d923332b75e5a2c3028437cb0933c6a/url HTTP/1.1
User-Agent: selenium/4.8.1 (java windows)
Cache-Control: no-cache
Content-Type: application/json; charset=utf-8
host: localhost:12192
accept: */*

Response DefaultHttpResponse(decodeResult: success, version: HTTP/1.1)
HTTP/1.1 200 OK
Content-Length: 54
Content-Type: application/json; charset=utf-8
cache-control: no-cache

19:20:32.715 [AsyncHttpClient-1-8] DEBUG org.asynchttpclient.netty.channel.ChannelManager - Adding key: http://localhost:12192 for channel [id: 0x791b31b6, L:/127.0.0.1:60796 - R:localhost/127.0.0.1:12192]
19:20:32.716 [Forwarding screenshot on session 8d923332b75e5a2c3028437cb0933c6a to remote] DEBUG org.asynchttpclient.netty.request.NettyRequestSender - Using pooled Channel '[id: 0x791b31b6, L:/127.0.0.1:60796 - R:localhost/127.0.0.1:12192]' for 'GET' to 'http://localhost:12192/session/8d923332b75e5a2c3028437cb0933c6a/screenshot'
19:20:32.717 [Forwarding screenshot on session 8d923332b75e5a2c3028437cb0933c6a to remote] DEBUG org.asynchttpclient.netty.request.NettyRequestSender - Using open Channel [id: 0x791b31b6, L:/127.0.0.1:60796 - R:localhost/127.0.0.1:12192] for GET '/session/8d923332b75e5a2c3028437cb0933c6a/screenshot'
19:20:32.860 [AsyncHttpClient-1-8] DEBUG org.asynchttpclient.netty.handler.HttpHandler - 

Request DefaultFullHttpRequest(decodeResult: success, version: HTTP/1.1, content: EmptyByteBufBE)
GET /session/8d923332b75e5a2c3028437cb0933c6a/screenshot HTTP/1.1
User-Agent: selenium/4.8.1 (java windows)
Cache-Control: no-cache
Content-Type: application/json; charset=utf-8
host: localhost:12192
accept: */*

Response DefaultHttpResponse(decodeResult: success, version: HTTP/1.1)
HTTP/1.1 200 OK
Content-Length: 41536
Content-Type: application/json; charset=utf-8
cache-control: no-cache

19:20:32.860 [AsyncHttpClient-1-8] DEBUG org.asynchttpclient.netty.channel.ChannelManager - Adding key: http://localhost:12192 for channel [id: 0x791b31b6, L:/127.0.0.1:60796 - R:localhost/127.0.0.1:12192]
19:20:32.862 [main] DEBUG net.serenitybdd.core.photography.Darkroom - Send negative for processing for target\site\serenity\e39c94304d14d83df36ad068fb5c6515102723245f50e2a7791108f5de52b3c0.png
19:20:32.862 [main] DEBUG net.thucydides.core.steps.StepInterceptor - STEP DONE: inputFullnameReg
19:20:32.862 [Darkroom Processing Line] DEBUG net.serenitybdd.core.photography.DarkroomProcessingLine - Processing screenshot image in /var/screenshots/screenshot-1041601471722232280
19:20:32.862 [Darkroom Processing Line] DEBUG net.serenitybdd.core.photography.DarkroomProcessingLine - Saving screenshot to target\site\serenity\e39c94304d14d83df36ad068fb5c6515102723245f50e2a7791108f5de52b3c0.png
  &amp#27;[32mAnd &amp#27;[0m&amp#27;[32mI input correct fullname for register&amp#27;[0m &amp#27;[90m# starter.stepdefinitions.RegisterSteps.inputFullnameReg()&amp#27;[0m
19:20:32.878 [Forwarding getPageSource on session 8d923332b75e5a2c3028437cb0933c6a to remote] DEBUG org.asynchttpclient.netty.request.NettyRequestSender - Using pooled Channel '[id: 0x791b31b6, L:/127.0.0.1:60796 - R:localhost/127.0.0.1:12192]' for 'POST' to 'http://localhost:12192/session/8d923332b75e5a2c3028437cb0933c6a/execute/sync'
19:20:32.878 [Forwarding getPageSource on session 8d923332b75e5a2c3028437cb0933c6a to remote] DEBUG org.asynchttpclient.netty.request.NettyRequestSender - Using open Channel [id: 0x791b31b6, L:/127.0.0.1:60796 - R:localhost/127.0.0.1:12192] for POST '/session/8d923332b75e5a2c3028437cb0933c6a/execute/sync'
19:20:32.885 [AsyncHttpClient-1-8] DEBUG org.asynchttpclient.netty.handler.HttpHandler - 

Request DefaultHttpRequest(decodeResult: success, version: HTTP/1.1)
POST /session/8d923332b75e5a2c3028437cb0933c6a/execute/sync HTTP/1.1
User-Agent: selenium/4.8.1 (java windows)
Content-Length: 176
Content-Type: application/json; charset=utf-8
host: localhost:12192
accept: */*

Response DefaultHttpResponse(decodeResult: success, version: HTTP/1.1)
HTTP/1.1 200 OK
Content-Length: 22435
Content-Type: application/json; charset=utf-8
cache-control: no-cache

19:20:32.885 [AsyncHttpClient-1-8] DEBUG org.asynchttpclient.netty.channel.ChannelManager - Adding key: http://localhost:12192 for channel [id: 0x791b31b6, L:/127.0.0.1:60796 - R:localhost/127.0.0.1:12192]
19:20:32.889 [Forwarding getCurrentUrl on session 8d923332b75e5a2c3028437cb0933c6a to remote] DEBUG org.asynchttpclient.netty.request.NettyRequestSender - Using pooled Channel '[id: 0x791b31b6, L:/127.0.0.1:60796 - R:localhost/127.0.0.1:12192]' for 'GET' to 'http://localhost:12192/session/8d923332b75e5a2c3028437cb0933c6a/url'
19:20:32.889 [Forwarding getCurrentUrl on session 8d923332b75e5a2c3028437cb0933c6a to remote] DEBUG org.asynchttpclient.netty.request.NettyRequestSender - Using open Channel [id: 0x791b31b6, L:/127.0.0.1:60796 - R:localhost/127.0.0.1:12192] for GET '/session/8d923332b75e5a2c3028437cb0933c6a/url'
19:20:32.897 [AsyncHttpClient-1-8] DEBUG org.asynchttpclient.netty.handler.HttpHandler - 

Request DefaultFullHttpRequest(decodeResult: success, version: HTTP/1.1, content: EmptyByteBufBE)
GET /session/8d923332b75e5a2c3028437cb0933c6a/url HTTP/1.1
User-Agent: selenium/4.8.1 (java windows)
Cache-Control: no-cache
Content-Type: application/json; charset=utf-8
host: localhost:12192
accept: */*

Response DefaultHttpResponse(decodeResult: success, version: HTTP/1.1)
HTTP/1.1 200 OK
Content-Length: 54
Content-Type: application/json; charset=utf-8
cache-control: no-cache

19:20:32.897 [AsyncHttpClient-1-8] DEBUG org.asynchttpclient.netty.channel.ChannelManager - Adding key: http://localhost:12192 for channel [id: 0x791b31b6, L:/127.0.0.1:60796 - R:localhost/127.0.0.1:12192]
19:20:32.907 [Forwarding getPageSource on session 8d923332b75e5a2c3028437cb0933c6a to remote] DEBUG org.asynchttpclient.netty.request.NettyRequestSender - Using pooled Channel '[id: 0x791b31b6, L:/127.0.0.1:60796 - R:localhost/127.0.0.1:12192]' for 'POST' to 'http://localhost:12192/session/8d923332b75e5a2c3028437cb0933c6a/execute/sync'
19:20:32.907 [Forwarding getPageSource on session 8d923332b75e5a2c3028437cb0933c6a to remote] DEBUG org.asynchttpclient.netty.request.NettyRequestSender - Using open Channel [id: 0x791b31b6, L:/127.0.0.1:60796 - R:localhost/127.0.0.1:12192] for POST '/session/8d923332b75e5a2c3028437cb0933c6a/execute/sync'
19:20:32.913 [AsyncHttpClient-1-8] DEBUG org.asynchttpclient.netty.handler.HttpHandler - 

Request DefaultHttpRequest(decodeResult: success, version: HTTP/1.1)
POST /session/8d923332b75e5a2c3028437cb0933c6a/execute/sync HTTP/1.1
User-Agent: selenium/4.8.1 (java windows)
Content-Length: 176
Content-Type: application/json; charset=utf-8
host: localhost:12192
accept: */*

Response DefaultHttpResponse(decodeResult: success, version: HTTP/1.1)
HTTP/1.1 200 OK
Content-Length: 22435
Content-Type: application/json; charset=utf-8
cache-control: no-cache

19:20:32.913 [AsyncHttpClient-1-8] DEBUG org.asynchttpclient.netty.channel.ChannelManager - Adding key: http://localhost:12192 for channel [id: 0x791b31b6, L:/127.0.0.1:60796 - R:localhost/127.0.0.1:12192]
19:20:32.915 [Forwarding getCurrentUrl on session 8d923332b75e5a2c3028437cb0933c6a to remote] DEBUG org.asynchttpclient.netty.request.NettyRequestSender - Using pooled Channel '[id: 0x791b31b6, L:/127.0.0.1:60796 - R:localhost/127.0.0.1:12192]' for 'GET' to 'http://localhost:12192/session/8d923332b75e5a2c3028437cb0933c6a/url'
19:20:32.915 [Forwarding getCurrentUrl on session 8d923332b75e5a2c3028437cb0933c6a to remote] DEBUG org.asynchttpclient.netty.request.NettyRequestSender - Using open Channel [id: 0x791b31b6, L:/127.0.0.1:60796 - R:localhost/127.0.0.1:12192] for GET '/session/8d923332b75e5a2c3028437cb0933c6a/url'
19:20:32.919 [AsyncHttpClient-1-8] DEBUG org.asynchttpclient.netty.handler.HttpHandler - 

Request DefaultFullHttpRequest(decodeResult: success, version: HTTP/1.1, content: EmptyByteBufBE)
GET /session/8d923332b75e5a2c3028437cb0933c6a/url HTTP/1.1
User-Agent: selenium/4.8.1 (java windows)
Cache-Control: no-cache
Content-Type: application/json; charset=utf-8
host: localhost:12192
accept: */*

Response DefaultHttpResponse(decodeResult: success, version: HTTP/1.1)
HTTP/1.1 200 OK
Content-Length: 54
Content-Type: application/json; charset=utf-8
cache-control: no-cache

19:20:32.919 [AsyncHttpClient-1-8] DEBUG org.asynchttpclient.netty.channel.ChannelManager - Adding key: http://localhost:12192 for channel [id: 0x791b31b6, L:/127.0.0.1:60796 - R:localhost/127.0.0.1:12192]
19:20:32.921 [main] DEBUG net.thucydides.core.steps.StepInterceptor - STARTING STEP: RegisterSteps.inputInvalidEmailReg - inputEmailReg
19:20:32.924 [Forwarding findElement on session 8d923332b75e5a2c3028437cb0933c6a to remote] DEBUG org.asynchttpclient.netty.request.NettyRequestSender - Using pooled Channel '[id: 0x791b31b6, L:/127.0.0.1:60796 - R:localhost/127.0.0.1:12192]' for 'POST' to 'http://localhost:12192/session/8d923332b75e5a2c3028437cb0933c6a/element'
19:20:32.924 [Forwarding findElement on session 8d923332b75e5a2c3028437cb0933c6a to remote] DEBUG org.asynchttpclient.netty.request.NettyRequestSender - Using open Channel [id: 0x791b31b6, L:/127.0.0.1:60796 - R:localhost/127.0.0.1:12192] for POST '/session/8d923332b75e5a2c3028437cb0933c6a/element'
19:20:32.941 [AsyncHttpClient-1-8] DEBUG org.asynchttpclient.netty.handler.HttpHandler - 

Request DefaultHttpRequest(decodeResult: success, version: HTTP/1.1)
POST /session/8d923332b75e5a2c3028437cb0933c6a/element HTTP/1.1
User-Agent: selenium/4.8.1 (java windows)
Content-Length: 55
Content-Type: application/json; charset=utf-8
host: localhost:12192
accept: */*

Response DefaultHttpResponse(decodeResult: success, version: HTTP/1.1)
HTTP/1.1 200 OK
Content-Length: 94
Content-Type: application/json; charset=utf-8
cache-control: no-cache

19:20:32.941 [AsyncHttpClient-1-8] DEBUG org.asynchttpclient.netty.channel.ChannelManager - Adding key: http://localhost:12192 for channel [id: 0x791b31b6, L:/127.0.0.1:60796 - R:localhost/127.0.0.1:12192]
19:20:32.943 [Forwarding clearElement on session 8d923332b75e5a2c3028437cb0933c6a to remote] DEBUG org.asynchttpclient.netty.request.NettyRequestSender - Using pooled Channel '[id: 0x791b31b6, L:/127.0.0.1:60796 - R:localhost/127.0.0.1:12192]' for 'POST' to 'http://localhost:12192/session/8d923332b75e5a2c3028437cb0933c6a/element/2A09EF65E4BF348788D99777A2A00F91_element_9/clear'
19:20:32.943 [Forwarding clearElement on session 8d923332b75e5a2c3028437cb0933c6a to remote] DEBUG org.asynchttpclient.netty.request.NettyRequestSender - Using open Channel [id: 0x791b31b6, L:/127.0.0.1:60796 - R:localhost/127.0.0.1:12192] for POST '/session/8d923332b75e5a2c3028437cb0933c6a/element/2A09EF65E4BF348788D99777A2A00F91_element_9/clear'
19:20:32.967 [AsyncHttpClient-1-8] DEBUG org.asynchttpclient.netty.handler.HttpHandler - 

Request DefaultHttpRequest(decodeResult: success, version: HTTP/1.1)
POST /session/8d923332b75e5a2c3028437cb0933c6a/element/2A09EF65E4BF348788D99777A2A00F91_element_9/clear HTTP/1.1
User-Agent: selenium/4.8.1 (java windows)
Content-Length: 56
Content-Type: application/json; charset=utf-8
host: localhost:12192
accept: */*

Response DefaultHttpResponse(decodeResult: success, version: HTTP/1.1)
HTTP/1.1 200 OK
Content-Length: 14
Content-Type: application/json; charset=utf-8
cache-control: no-cache

19:20:32.967 [AsyncHttpClient-1-8] DEBUG org.asynchttpclient.netty.channel.ChannelManager - Adding key: http://localhost:12192 for channel [id: 0x791b31b6, L:/127.0.0.1:60796 - R:localhost/127.0.0.1:12192]
19:20:32.969 [Forwarding sendKeysToElement on session 8d923332b75e5a2c3028437cb0933c6a to remote] DEBUG org.asynchttpclient.netty.request.NettyRequestSender - Using pooled Channel '[id: 0x791b31b6, L:/127.0.0.1:60796 - R:localhost/127.0.0.1:12192]' for 'POST' to 'http://localhost:12192/session/8d923332b75e5a2c3028437cb0933c6a/element/2A09EF65E4BF348788D99777A2A00F91_element_9/value'
19:20:32.969 [Forwarding sendKeysToElement on session 8d923332b75e5a2c3028437cb0933c6a to remote] DEBUG org.asynchttpclient.netty.request.NettyRequestSender - Using open Channel [id: 0x791b31b6, L:/127.0.0.1:60796 - R:localhost/127.0.0.1:12192] for POST '/session/8d923332b75e5a2c3028437cb0933c6a/element/2A09EF65E4BF348788D99777A2A00F91_element_9/value'
19:20:32.997 [AsyncHttpClient-1-1] DEBUG org.asynchttpclient.netty.channel.DefaultChannelPool - Entry count for : http://localhost:60798 : 1
19:20:33.012 [AsyncHttpClient-1-8] DEBUG org.asynchttpclient.netty.handler.HttpHandler - 

Request DefaultHttpRequest(decodeResult: success, version: HTTP/1.1)
POST /session/8d923332b75e5a2c3028437cb0933c6a/element/2A09EF65E4BF348788D99777A2A00F91_element_9/value HTTP/1.1
User-Agent: selenium/4.8.1 (java windows)
Content-Length: 88
Content-Type: application/json; charset=utf-8
host: localhost:12192
accept: */*

Response DefaultHttpResponse(decodeResult: success, version: HTTP/1.1)
HTTP/1.1 200 OK
Content-Length: 14
Content-Type: application/json; charset=utf-8
cache-control: no-cache

19:20:33.012 [AsyncHttpClient-1-8] DEBUG org.asynchttpclient.netty.channel.ChannelManager - Adding key: http://localhost:12192 for channel [id: 0x791b31b6, L:/127.0.0.1:60796 - R:localhost/127.0.0.1:12192]
19:20:33.020 [Forwarding getAlertText on session 8d923332b75e5a2c3028437cb0933c6a to remote] DEBUG org.asynchttpclient.netty.request.NettyRequestSender - Using pooled Channel '[id: 0x791b31b6, L:/127.0.0.1:60796 - R:localhost/127.0.0.1:12192]' for 'GET' to 'http://localhost:12192/session/8d923332b75e5a2c3028437cb0933c6a/alert/text'
19:20:33.021 [Forwarding getAlertText on session 8d923332b75e5a2c3028437cb0933c6a to remote] DEBUG org.asynchttpclient.netty.request.NettyRequestSender - Using open Channel [id: 0x791b31b6, L:/127.0.0.1:60796 - R:localhost/127.0.0.1:12192] for GET '/session/8d923332b75e5a2c3028437cb0933c6a/alert/text'
19:20:33.022 [AsyncHttpClient-1-8] DEBUG org.asynchttpclient.netty.handler.HttpHandler - 

Request DefaultFullHttpRequest(decodeResult: success, version: HTTP/1.1, content: EmptyByteBufBE)
GET /session/8d923332b75e5a2c3028437cb0933c6a/alert/text HTTP/1.1
User-Agent: selenium/4.8.1 (java windows)
Cache-Control: no-cache
Content-Type: application/json; charset=utf-8
host: localhost:12192
accept: */*

Response DefaultHttpResponse(decodeResult: success, version: HTTP/1.1)
HTTP/1.1 404 Not Found
Content-Length: 847
Content-Type: application/json; charset=utf-8
cache-control: no-cache

19:20:33.022 [AsyncHttpClient-1-8] DEBUG org.asynchttpclient.netty.channel.ChannelManager - Adding key: http://localhost:12192 for channel [id: 0x791b31b6, L:/127.0.0.1:60796 - R:localhost/127.0.0.1:12192]
19:20:33.023 [Forwarding getCurrentUrl on session 8d923332b75e5a2c3028437cb0933c6a to remote] DEBUG org.asynchttpclient.netty.request.NettyRequestSender - Using pooled Channel '[id: 0x791b31b6, L:/127.0.0.1:60796 - R:localhost/127.0.0.1:12192]' for 'GET' to 'http://localhost:12192/session/8d923332b75e5a2c3028437cb0933c6a/url'
19:20:33.023 [Forwarding getCurrentUrl on session 8d923332b75e5a2c3028437cb0933c6a to remote] DEBUG org.asynchttpclient.netty.request.NettyRequestSender - Using open Channel [id: 0x791b31b6, L:/127.0.0.1:60796 - R:localhost/127.0.0.1:12192] for GET '/session/8d923332b75e5a2c3028437cb0933c6a/url'
19:20:33.028 [AsyncHttpClient-1-8] DEBUG org.asynchttpclient.netty.handler.HttpHandler - 

Request DefaultFullHttpRequest(decodeResult: success, version: HTTP/1.1, content: EmptyByteBufBE)
GET /session/8d923332b75e5a2c3028437cb0933c6a/url HTTP/1.1
User-Agent: selenium/4.8.1 (java windows)
Cache-Control: no-cache
Content-Type: application/json; charset=utf-8
host: localhost:12192
accept: */*

Response DefaultHttpResponse(decodeResult: success, version: HTTP/1.1)
HTTP/1.1 200 OK
Content-Length: 54
Content-Type: application/json; charset=utf-8
cache-control: no-cache

19:20:33.028 [AsyncHttpClient-1-8] DEBUG org.asynchttpclient.netty.channel.ChannelManager - Adding key: http://localhost:12192 for channel [id: 0x791b31b6, L:/127.0.0.1:60796 - R:localhost/127.0.0.1:12192]
19:20:33.029 [Forwarding screenshot on session 8d923332b75e5a2c3028437cb0933c6a to remote] DEBUG org.asynchttpclient.netty.request.NettyRequestSender - Using pooled Channel '[id: 0x791b31b6, L:/127.0.0.1:60796 - R:localhost/127.0.0.1:12192]' for 'GET' to 'http://localhost:12192/session/8d923332b75e5a2c3028437cb0933c6a/screenshot'
19:20:33.029 [Forwarding screenshot on session 8d923332b75e5a2c3028437cb0933c6a to remote] DEBUG org.asynchttpclient.netty.request.NettyRequestSender - Using open Channel [id: 0x791b31b6, L:/127.0.0.1:60796 - R:localhost/127.0.0.1:12192] for GET '/session/8d923332b75e5a2c3028437cb0933c6a/screenshot'
19:20:33.219 [AsyncHttpClient-1-8] DEBUG org.asynchttpclient.netty.handler.HttpHandler - 

Request DefaultFullHttpRequest(decodeResult: success, version: HTTP/1.1, content: EmptyByteBufBE)
GET /session/8d923332b75e5a2c3028437cb0933c6a/screenshot HTTP/1.1
User-Agent: selenium/4.8.1 (java windows)
Cache-Control: no-cache
Content-Type: application/json; charset=utf-8
host: localhost:12192
accept: */*

Response DefaultHttpResponse(decodeResult: success, version: HTTP/1.1)
HTTP/1.1 200 OK
Content-Length: 40836
Content-Type: application/json; charset=utf-8
cache-control: no-cache

19:20:33.219 [AsyncHttpClient-1-8] DEBUG org.asynchttpclient.netty.channel.ChannelManager - Adding key: http://localhost:12192 for channel [id: 0x791b31b6, L:/127.0.0.1:60796 - R:localhost/127.0.0.1:12192]
19:20:33.222 [main] DEBUG net.serenitybdd.core.photography.Darkroom - Send negative for processing for target\site\serenity\b18ccddf22fd2cc5ea26b4e89f9059d93fef04fe12fa8842dd1936b8e11a4fcb.png
19:20:33.223 [Darkroom Processing Line] DEBUG net.serenitybdd.core.photography.DarkroomProcessingLine - Processing screenshot image in /var/screenshots/screenshot-3670840130650186667
19:20:33.223 [main] DEBUG net.thucydides.core.steps.StepInterceptor - STEP DONE: inputEmailReg
19:20:33.223 [Darkroom Processing Line] DEBUG net.serenitybdd.core.photography.DarkroomProcessingLine - Saving screenshot to target\site\serenity\b18ccddf22fd2cc5ea26b4e89f9059d93fef04fe12fa8842dd1936b8e11a4fcb.png
  &amp#27;[32mAnd &amp#27;[0m&amp#27;[32mI input nothing in email for register&amp#27;[0m &amp#27;[90m# starter.stepdefinitions.RegisterSteps.inputInvalidEmailReg()&amp#27;[0m
19:20:33.235 [Forwarding getPageSource on session 8d923332b75e5a2c3028437cb0933c6a to remote] DEBUG org.asynchttpclient.netty.request.NettyRequestSender - Using pooled Channel '[id: 0x791b31b6, L:/127.0.0.1:60796 - R:localhost/127.0.0.1:12192]' for 'POST' to 'http://localhost:12192/session/8d923332b75e5a2c3028437cb0933c6a/execute/sync'
19:20:33.235 [Forwarding getPageSource on session 8d923332b75e5a2c3028437cb0933c6a to remote] DEBUG org.asynchttpclient.netty.request.NettyRequestSender - Using open Channel [id: 0x791b31b6, L:/127.0.0.1:60796 - R:localhost/127.0.0.1:12192] for POST '/session/8d923332b75e5a2c3028437cb0933c6a/execute/sync'
19:20:33.242 [AsyncHttpClient-1-8] DEBUG org.asynchttpclient.netty.handler.HttpHandler - 

Request DefaultHttpRequest(decodeResult: success, version: HTTP/1.1)
POST /session/8d923332b75e5a2c3028437cb0933c6a/execute/sync HTTP/1.1
User-Agent: selenium/4.8.1 (java windows)
Content-Length: 176
Content-Type: application/json; charset=utf-8
host: localhost:12192
accept: */*

Response DefaultHttpResponse(decodeResult: success, version: HTTP/1.1)
HTTP/1.1 200 OK
Content-Length: 22451
Content-Type: application/json; charset=utf-8
cache-control: no-cache

19:20:33.242 [AsyncHttpClient-1-8] DEBUG org.asynchttpclient.netty.channel.ChannelManager - Adding key: http://localhost:12192 for channel [id: 0x791b31b6, L:/127.0.0.1:60796 - R:localhost/127.0.0.1:12192]
19:20:33.244 [Forwarding getCurrentUrl on session 8d923332b75e5a2c3028437cb0933c6a to remote] DEBUG org.asynchttpclient.netty.request.NettyRequestSender - Using pooled Channel '[id: 0x791b31b6, L:/127.0.0.1:60796 - R:localhost/127.0.0.1:12192]' for 'GET' to 'http://localhost:12192/session/8d923332b75e5a2c3028437cb0933c6a/url'
19:20:33.244 [Forwarding getCurrentUrl on session 8d923332b75e5a2c3028437cb0933c6a to remote] DEBUG org.asynchttpclient.netty.request.NettyRequestSender - Using open Channel [id: 0x791b31b6, L:/127.0.0.1:60796 - R:localhost/127.0.0.1:12192] for GET '/session/8d923332b75e5a2c3028437cb0933c6a/url'
19:20:33.250 [AsyncHttpClient-1-8] DEBUG org.asynchttpclient.netty.handler.HttpHandler - 

Request DefaultFullHttpRequest(decodeResult: success, version: HTTP/1.1, content: EmptyByteBufBE)
GET /session/8d923332b75e5a2c3028437cb0933c6a/url HTTP/1.1
User-Agent: selenium/4.8.1 (java windows)
Cache-Control: no-cache
Content-Type: application/json; charset=utf-8
host: localhost:12192
accept: */*

Response DefaultHttpResponse(decodeResult: success, version: HTTP/1.1)
HTTP/1.1 200 OK
Content-Length: 54
Content-Type: application/json; charset=utf-8
cache-control: no-cache

19:20:33.250 [AsyncHttpClient-1-8] DEBUG org.asynchttpclient.netty.channel.ChannelManager - Adding key: http://localhost:12192 for channel [id: 0x791b31b6, L:/127.0.0.1:60796 - R:localhost/127.0.0.1:12192]
19:20:33.263 [Forwarding getPageSource on session 8d923332b75e5a2c3028437cb0933c6a to remote] DEBUG org.asynchttpclient.netty.request.NettyRequestSender - Using pooled Channel '[id: 0x791b31b6, L:/127.0.0.1:60796 - R:localhost/127.0.0.1:12192]' for 'POST' to 'http://localhost:12192/session/8d923332b75e5a2c3028437cb0933c6a/execute/sync'
19:20:33.263 [Forwarding getPageSource on session 8d923332b75e5a2c3028437cb0933c6a to remote] DEBUG org.asynchttpclient.netty.request.NettyRequestSender - Using open Channel [id: 0x791b31b6, L:/127.0.0.1:60796 - R:localhost/127.0.0.1:12192] for POST '/session/8d923332b75e5a2c3028437cb0933c6a/execute/sync'
19:20:33.269 [AsyncHttpClient-1-8] DEBUG org.asynchttpclient.netty.handler.HttpHandler - 

Request DefaultHttpRequest(decodeResult: success, version: HTTP/1.1)
POST /session/8d923332b75e5a2c3028437cb0933c6a/execute/sync HTTP/1.1
User-Agent: selenium/4.8.1 (java windows)
Content-Length: 176
Content-Type: application/json; charset=utf-8
host: localhost:12192
accept: */*

Response DefaultHttpResponse(decodeResult: success, version: HTTP/1.1)
HTTP/1.1 200 OK
Content-Length: 22451
Content-Type: application/json; charset=utf-8
cache-control: no-cache

19:20:33.269 [AsyncHttpClient-1-8] DEBUG org.asynchttpclient.netty.channel.ChannelManager - Adding key: http://localhost:12192 for channel [id: 0x791b31b6, L:/127.0.0.1:60796 - R:localhost/127.0.0.1:12192]
19:20:33.271 [Forwarding getCurrentUrl on session 8d923332b75e5a2c3028437cb0933c6a to remote] DEBUG org.asynchttpclient.netty.request.NettyRequestSender - Using pooled Channel '[id: 0x791b31b6, L:/127.0.0.1:60796 - R:localhost/127.0.0.1:12192]' for 'GET' to 'http://localhost:12192/session/8d923332b75e5a2c3028437cb0933c6a/url'
19:20:33.271 [Forwarding getCurrentUrl on session 8d923332b75e5a2c3028437cb0933c6a to remote] DEBUG org.asynchttpclient.netty.request.NettyRequestSender - Using open Channel [id: 0x791b31b6, L:/127.0.0.1:60796 - R:localhost/127.0.0.1:12192] for GET '/session/8d923332b75e5a2c3028437cb0933c6a/url'
19:20:33.277 [AsyncHttpClient-1-8] DEBUG org.asynchttpclient.netty.handler.HttpHandler - 

Request DefaultFullHttpRequest(decodeResult: success, version: HTTP/1.1, content: EmptyByteBufBE)
GET /session/8d923332b75e5a2c3028437cb0933c6a/url HTTP/1.1
User-Agent: selenium/4.8.1 (java windows)
Cache-Control: no-cache
Content-Type: application/json; charset=utf-8
host: localhost:12192
accept: */*

Response DefaultHttpResponse(decodeResult: success, version: HTTP/1.1)
HTTP/1.1 200 OK
Content-Length: 54
Content-Type: application/json; charset=utf-8
cache-control: no-cache

19:20:33.277 [AsyncHttpClient-1-8] DEBUG org.asynchttpclient.netty.channel.ChannelManager - Adding key: http://localhost:12192 for channel [id: 0x791b31b6, L:/127.0.0.1:60796 - R:localhost/127.0.0.1:12192]
19:20:33.280 [main] DEBUG net.thucydides.core.steps.StepInterceptor - STARTING STEP: RegisterSteps.inputPasswordReg - inputPasswordReg
19:20:33.284 [Forwarding findElement on session 8d923332b75e5a2c3028437cb0933c6a to remote] DEBUG org.asynchttpclient.netty.request.NettyRequestSender - Using pooled Channel '[id: 0x791b31b6, L:/127.0.0.1:60796 - R:localhost/127.0.0.1:12192]' for 'POST' to 'http://localhost:12192/session/8d923332b75e5a2c3028437cb0933c6a/element'
19:20:33.284 [Forwarding findElement on session 8d923332b75e5a2c3028437cb0933c6a to remote] DEBUG org.asynchttpclient.netty.request.NettyRequestSender - Using open Channel [id: 0x791b31b6, L:/127.0.0.1:60796 - R:localhost/127.0.0.1:12192] for POST '/session/8d923332b75e5a2c3028437cb0933c6a/element'
19:20:33.300 [AsyncHttpClient-1-8] DEBUG org.asynchttpclient.netty.handler.HttpHandler - 

Request DefaultHttpRequest(decodeResult: success, version: HTTP/1.1)
POST /session/8d923332b75e5a2c3028437cb0933c6a/element HTTP/1.1
User-Agent: selenium/4.8.1 (java windows)
Content-Length: 55
Content-Type: application/json; charset=utf-8
host: localhost:12192
accept: */*

Response DefaultHttpResponse(decodeResult: success, version: HTTP/1.1)
HTTP/1.1 200 OK
Content-Length: 95
Content-Type: application/json; charset=utf-8
cache-control: no-cache

19:20:33.300 [AsyncHttpClient-1-8] DEBUG org.asynchttpclient.netty.channel.ChannelManager - Adding key: http://localhost:12192 for channel [id: 0x791b31b6, L:/127.0.0.1:60796 - R:localhost/127.0.0.1:12192]
19:20:33.301 [Forwarding clearElement on session 8d923332b75e5a2c3028437cb0933c6a to remote] DEBUG org.asynchttpclient.netty.request.NettyRequestSender - Using pooled Channel '[id: 0x791b31b6, L:/127.0.0.1:60796 - R:localhost/127.0.0.1:12192]' for 'POST' to 'http://localhost:12192/session/8d923332b75e5a2c3028437cb0933c6a/element/2A09EF65E4BF348788D99777A2A00F91_element_10/clear'
19:20:33.301 [Forwarding clearElement on session 8d923332b75e5a2c3028437cb0933c6a to remote] DEBUG org.asynchttpclient.netty.request.NettyRequestSender - Using open Channel [id: 0x791b31b6, L:/127.0.0.1:60796 - R:localhost/127.0.0.1:12192] for POST '/session/8d923332b75e5a2c3028437cb0933c6a/element/2A09EF65E4BF348788D99777A2A00F91_element_10/clear'
19:20:33.361 [AsyncHttpClient-1-8] DEBUG org.asynchttpclient.netty.handler.HttpHandler - 

Request DefaultHttpRequest(decodeResult: success, version: HTTP/1.1)
POST /session/8d923332b75e5a2c3028437cb0933c6a/element/2A09EF65E4BF348788D99777A2A00F91_element_10/clear HTTP/1.1
User-Agent: selenium/4.8.1 (java windows)
Content-Length: 57
Content-Type: application/json; charset=utf-8
host: localhost:12192
accept: */*

Response DefaultHttpResponse(decodeResult: success, version: HTTP/1.1)
HTTP/1.1 200 OK
Content-Length: 14
Content-Type: application/json; charset=utf-8
cache-control: no-cache

19:20:33.361 [AsyncHttpClient-1-8] DEBUG org.asynchttpclient.netty.channel.ChannelManager - Adding key: http://localhost:12192 for channel [id: 0x791b31b6, L:/127.0.0.1:60796 - R:localhost/127.0.0.1:12192]
19:20:33.365 [Forwarding sendKeysToElement on session 8d923332b75e5a2c3028437cb0933c6a to remote] DEBUG org.asynchttpclient.netty.request.NettyRequestSender - Using pooled Channel '[id: 0x791b31b6, L:/127.0.0.1:60796 - R:localhost/127.0.0.1:12192]' for 'POST' to 'http://localhost:12192/session/8d923332b75e5a2c3028437cb0933c6a/element/2A09EF65E4BF348788D99777A2A00F91_element_10/value'
19:20:33.365 [Forwarding sendKeysToElement on session 8d923332b75e5a2c3028437cb0933c6a to remote] DEBUG org.asynchttpclient.netty.request.NettyRequestSender - Using open Channel [id: 0x791b31b6, L:/127.0.0.1:60796 - R:localhost/127.0.0.1:12192] for POST '/session/8d923332b75e5a2c3028437cb0933c6a/element/2A09EF65E4BF348788D99777A2A00F91_element_10/value'
19:20:33.635 [AsyncHttpClient-1-8] DEBUG org.asynchttpclient.netty.handler.HttpHandler - 

Request DefaultHttpRequest(decodeResult: success, version: HTTP/1.1)
POST /session/8d923332b75e5a2c3028437cb0933c6a/element/2A09EF65E4BF348788D99777A2A00F91_element_10/value HTTP/1.1
User-Agent: selenium/4.8.1 (java windows)
Content-Length: 188
Content-Type: application/json; charset=utf-8
host: localhost:12192
accept: */*

Response DefaultHttpResponse(decodeResult: success, version: HTTP/1.1)
HTTP/1.1 200 OK
Content-Length: 14
Content-Type: application/json; charset=utf-8
cache-control: no-cache

19:20:33.635 [AsyncHttpClient-1-8] DEBUG org.asynchttpclient.netty.channel.ChannelManager - Adding key: http://localhost:12192 for channel [id: 0x791b31b6, L:/127.0.0.1:60796 - R:localhost/127.0.0.1:12192]
19:20:33.646 [Forwarding getAlertText on session 8d923332b75e5a2c3028437cb0933c6a to remote] DEBUG org.asynchttpclient.netty.request.NettyRequestSender - Using pooled Channel '[id: 0x791b31b6, L:/127.0.0.1:60796 - R:localhost/127.0.0.1:12192]' for 'GET' to 'http://localhost:12192/session/8d923332b75e5a2c3028437cb0933c6a/alert/text'
19:20:33.646 [Forwarding getAlertText on session 8d923332b75e5a2c3028437cb0933c6a to remote] DEBUG org.asynchttpclient.netty.request.NettyRequestSender - Using open Channel [id: 0x791b31b6, L:/127.0.0.1:60796 - R:localhost/127.0.0.1:12192] for GET '/session/8d923332b75e5a2c3028437cb0933c6a/alert/text'
19:20:33.648 [AsyncHttpClient-1-8] DEBUG org.asynchttpclient.netty.handler.HttpHandler - 

Request DefaultFullHttpRequest(decodeResult: success, version: HTTP/1.1, content: EmptyByteBufBE)
GET /session/8d923332b75e5a2c3028437cb0933c6a/alert/text HTTP/1.1
User-Agent: selenium/4.8.1 (java windows)
Cache-Control: no-cache
Content-Type: application/json; charset=utf-8
host: localhost:12192
accept: */*

Response DefaultHttpResponse(decodeResult: success, version: HTTP/1.1)
HTTP/1.1 404 Not Found
Content-Length: 847
Content-Type: application/json; charset=utf-8
cache-control: no-cache

19:20:33.648 [AsyncHttpClient-1-8] DEBUG org.asynchttpclient.netty.channel.ChannelManager - Adding key: http://localhost:12192 for channel [id: 0x791b31b6, L:/127.0.0.1:60796 - R:localhost/127.0.0.1:12192]
19:20:33.650 [Forwarding getCurrentUrl on session 8d923332b75e5a2c3028437cb0933c6a to remote] DEBUG org.asynchttpclient.netty.request.NettyRequestSender - Using pooled Channel '[id: 0x791b31b6, L:/127.0.0.1:60796 - R:localhost/127.0.0.1:12192]' for 'GET' to 'http://localhost:12192/session/8d923332b75e5a2c3028437cb0933c6a/url'
19:20:33.650 [Forwarding getCurrentUrl on session 8d923332b75e5a2c3028437cb0933c6a to remote] DEBUG org.asynchttpclient.netty.request.NettyRequestSender - Using open Channel [id: 0x791b31b6, L:/127.0.0.1:60796 - R:localhost/127.0.0.1:12192] for GET '/session/8d923332b75e5a2c3028437cb0933c6a/url'
19:20:33.661 [AsyncHttpClient-1-8] DEBUG org.asynchttpclient.netty.handler.HttpHandler - 

Request DefaultFullHttpRequest(decodeResult: success, version: HTTP/1.1, content: EmptyByteBufBE)
GET /session/8d923332b75e5a2c3028437cb0933c6a/url HTTP/1.1
User-Agent: selenium/4.8.1 (java windows)
Cache-Control: no-cache
Content-Type: application/json; charset=utf-8
host: localhost:12192
accept: */*

Response DefaultHttpResponse(decodeResult: success, version: HTTP/1.1)
HTTP/1.1 200 OK
Content-Length: 54
Content-Type: application/json; charset=utf-8
cache-control: no-cache

19:20:33.661 [AsyncHttpClient-1-8] DEBUG org.asynchttpclient.netty.channel.ChannelManager - Adding key: http://localhost:12192 for channel [id: 0x791b31b6, L:/127.0.0.1:60796 - R:localhost/127.0.0.1:12192]
19:20:33.662 [Forwarding screenshot on session 8d923332b75e5a2c3028437cb0933c6a to remote] DEBUG org.asynchttpclient.netty.request.NettyRequestSender - Using pooled Channel '[id: 0x791b31b6, L:/127.0.0.1:60796 - R:localhost/127.0.0.1:12192]' for 'GET' to 'http://localhost:12192/session/8d923332b75e5a2c3028437cb0933c6a/screenshot'
19:20:33.662 [Forwarding screenshot on session 8d923332b75e5a2c3028437cb0933c6a to remote] DEBUG org.asynchttpclient.netty.request.NettyRequestSender - Using open Channel [id: 0x791b31b6, L:/127.0.0.1:60796 - R:localhost/127.0.0.1:12192] for GET '/session/8d923332b75e5a2c3028437cb0933c6a/screenshot'
19:20:33.807 [AsyncHttpClient-1-8] DEBUG org.asynchttpclient.netty.handler.HttpHandler - 

Request DefaultFullHttpRequest(decodeResult: success, version: HTTP/1.1, content: EmptyByteBufBE)
GET /session/8d923332b75e5a2c3028437cb0933c6a/screenshot HTTP/1.1
User-Agent: selenium/4.8.1 (java windows)
Cache-Control: no-cache
Content-Type: application/json; charset=utf-8
host: localhost:12192
accept: */*

Response DefaultHttpResponse(decodeResult: success, version: HTTP/1.1)
HTTP/1.1 200 OK
Content-Length: 44004
Content-Type: application/json; charset=utf-8
cache-control: no-cache

19:20:33.807 [AsyncHttpClient-1-8] DEBUG org.asynchttpclient.netty.channel.ChannelManager - Adding key: http://localhost:12192 for channel [id: 0x791b31b6, L:/127.0.0.1:60796 - R:localhost/127.0.0.1:12192]
19:20:33.810 [main] DEBUG net.serenitybdd.core.photography.Darkroom - Send negative for processing for target\site\serenity\8f205aef83fb1708dcad6f936f6737c16bae7279cee5ace960cf12e800d48be0.png
19:20:33.810 [main] DEBUG net.thucydides.core.steps.StepInterceptor - STEP DONE: inputPasswordReg
19:20:33.810 [Darkroom Processing Line] DEBUG net.serenitybdd.core.photography.DarkroomProcessingLine - Processing screenshot image in /var/screenshots/screenshot-11184372970073803929
19:20:33.810 [Darkroom Processing Line] DEBUG net.serenitybdd.core.photography.DarkroomProcessingLine - Saving screenshot to target\site\serenity\8f205aef83fb1708dcad6f936f6737c16bae7279cee5ace960cf12e800d48be0.png
  &amp#27;[32mAnd &amp#27;[0m&amp#27;[32mI input correct password for register&amp#27;[0m &amp#27;[90m# starter.stepdefinitions.RegisterSteps.inputPasswordReg()&amp#27;[0m
19:20:33.824 [Forwarding getPageSource on session 8d923332b75e5a2c3028437cb0933c6a to remote] DEBUG org.asynchttpclient.netty.request.NettyRequestSender - Using pooled Channel '[id: 0x791b31b6, L:/127.0.0.1:60796 - R:localhost/127.0.0.1:12192]' for 'POST' to 'http://localhost:12192/session/8d923332b75e5a2c3028437cb0933c6a/execute/sync'
19:20:33.825 [Forwarding getPageSource on session 8d923332b75e5a2c3028437cb0933c6a to remote] DEBUG org.asynchttpclient.netty.request.NettyRequestSender - Using open Channel [id: 0x791b31b6, L:/127.0.0.1:60796 - R:localhost/127.0.0.1:12192] for POST '/session/8d923332b75e5a2c3028437cb0933c6a/execute/sync'
19:20:33.834 [AsyncHttpClient-1-8] DEBUG org.asynchttpclient.netty.handler.HttpHandler - 

Request DefaultHttpRequest(decodeResult: success, version: HTTP/1.1)
POST /session/8d923332b75e5a2c3028437cb0933c6a/execute/sync HTTP/1.1
User-Agent: selenium/4.8.1 (java windows)
Content-Length: 176
Content-Type: application/json; charset=utf-8
host: localhost:12192
accept: */*

Response DefaultHttpResponse(decodeResult: success, version: HTTP/1.1)
HTTP/1.1 200 OK
Content-Length: 22494
Content-Type: application/json; charset=utf-8
cache-control: no-cache

19:20:33.834 [AsyncHttpClient-1-8] DEBUG org.asynchttpclient.netty.channel.ChannelManager - Adding key: http://localhost:12192 for channel [id: 0x791b31b6, L:/127.0.0.1:60796 - R:localhost/127.0.0.1:12192]
19:20:33.837 [Forwarding getCurrentUrl on session 8d923332b75e5a2c3028437cb0933c6a to remote] DEBUG org.asynchttpclient.netty.request.NettyRequestSender - Using pooled Channel '[id: 0x791b31b6, L:/127.0.0.1:60796 - R:localhost/127.0.0.1:12192]' for 'GET' to 'http://localhost:12192/session/8d923332b75e5a2c3028437cb0933c6a/url'
19:20:33.837 [Forwarding getCurrentUrl on session 8d923332b75e5a2c3028437cb0933c6a to remote] DEBUG org.asynchttpclient.netty.request.NettyRequestSender - Using open Channel [id: 0x791b31b6, L:/127.0.0.1:60796 - R:localhost/127.0.0.1:12192] for GET '/session/8d923332b75e5a2c3028437cb0933c6a/url'
19:20:33.841 [AsyncHttpClient-1-8] DEBUG org.asynchttpclient.netty.handler.HttpHandler - 

Request DefaultFullHttpRequest(decodeResult: success, version: HTTP/1.1, content: EmptyByteBufBE)
GET /session/8d923332b75e5a2c3028437cb0933c6a/url HTTP/1.1
User-Agent: selenium/4.8.1 (java windows)
Cache-Control: no-cache
Content-Type: application/json; charset=utf-8
host: localhost:12192
accept: */*

Response DefaultHttpResponse(decodeResult: success, version: HTTP/1.1)
HTTP/1.1 200 OK
Content-Length: 54
Content-Type: application/json; charset=utf-8
cache-control: no-cache

19:20:33.841 [AsyncHttpClient-1-8] DEBUG org.asynchttpclient.netty.channel.ChannelManager - Adding key: http://localhost:12192 for channel [id: 0x791b31b6, L:/127.0.0.1:60796 - R:localhost/127.0.0.1:12192]
19:20:33.853 [Forwarding getPageSource on session 8d923332b75e5a2c3028437cb0933c6a to remote] DEBUG org.asynchttpclient.netty.request.NettyRequestSender - Using pooled Channel '[id: 0x791b31b6, L:/127.0.0.1:60796 - R:localhost/127.0.0.1:12192]' for 'POST' to 'http://localhost:12192/session/8d923332b75e5a2c3028437cb0933c6a/execute/sync'
19:20:33.853 [Forwarding getPageSource on session 8d923332b75e5a2c3028437cb0933c6a to remote] DEBUG org.asynchttpclient.netty.request.NettyRequestSender - Using open Channel [id: 0x791b31b6, L:/127.0.0.1:60796 - R:localhost/127.0.0.1:12192] for POST '/session/8d923332b75e5a2c3028437cb0933c6a/execute/sync'
19:20:33.860 [AsyncHttpClient-1-8] DEBUG org.asynchttpclient.netty.handler.HttpHandler - 

Request DefaultHttpRequest(decodeResult: success, version: HTTP/1.1)
POST /session/8d923332b75e5a2c3028437cb0933c6a/execute/sync HTTP/1.1
User-Agent: selenium/4.8.1 (java windows)
Content-Length: 176
Content-Type: application/json; charset=utf-8
host: localhost:12192
accept: */*

Response DefaultHttpResponse(decodeResult: success, version: HTTP/1.1)
HTTP/1.1 200 OK
Content-Length: 22494
Content-Type: application/json; charset=utf-8
cache-control: no-cache

19:20:33.860 [AsyncHttpClient-1-8] DEBUG org.asynchttpclient.netty.channel.ChannelManager - Adding key: http://localhost:12192 for channel [id: 0x791b31b6, L:/127.0.0.1:60796 - R:localhost/127.0.0.1:12192]
19:20:33.863 [Forwarding getCurrentUrl on session 8d923332b75e5a2c3028437cb0933c6a to remote] DEBUG org.asynchttpclient.netty.request.NettyRequestSender - Using pooled Channel '[id: 0x791b31b6, L:/127.0.0.1:60796 - R:localhost/127.0.0.1:12192]' for 'GET' to 'http://localhost:12192/session/8d923332b75e5a2c3028437cb0933c6a/url'
19:20:33.863 [Forwarding getCurrentUrl on session 8d923332b75e5a2c3028437cb0933c6a to remote] DEBUG org.asynchttpclient.netty.request.NettyRequestSender - Using open Channel [id: 0x791b31b6, L:/127.0.0.1:60796 - R:localhost/127.0.0.1:12192] for GET '/session/8d923332b75e5a2c3028437cb0933c6a/url'
19:20:33.867 [AsyncHttpClient-1-8] DEBUG org.asynchttpclient.netty.handler.HttpHandler - 

Request DefaultFullHttpRequest(decodeResult: success, version: HTTP/1.1, content: EmptyByteBufBE)
GET /session/8d923332b75e5a2c3028437cb0933c6a/url HTTP/1.1
User-Agent: selenium/4.8.1 (java windows)
Cache-Control: no-cache
Content-Type: application/json; charset=utf-8
host: localhost:12192
accept: */*

Response DefaultHttpResponse(decodeResult: success, version: HTTP/1.1)
HTTP/1.1 200 OK
Content-Length: 54
Content-Type: application/json; charset=utf-8
cache-control: no-cache

19:20:33.867 [AsyncHttpClient-1-8] DEBUG org.asynchttpclient.netty.channel.ChannelManager - Adding key: http://localhost:12192 for channel [id: 0x791b31b6, L:/127.0.0.1:60796 - R:localhost/127.0.0.1:12192]
19:20:33.869 [main] DEBUG net.thucydides.core.steps.StepInterceptor - STARTING STEP: RegisterSteps.ClickRegisterButton - ClickRegisterButton
19:20:33.872 [Forwarding findElement on session 8d923332b75e5a2c3028437cb0933c6a to remote] DEBUG org.asynchttpclient.netty.request.NettyRequestSender - Using pooled Channel '[id: 0x791b31b6, L:/127.0.0.1:60796 - R:localhost/127.0.0.1:12192]' for 'POST' to 'http://localhost:12192/session/8d923332b75e5a2c3028437cb0933c6a/element'
19:20:33.872 [Forwarding findElement on session 8d923332b75e5a2c3028437cb0933c6a to remote] DEBUG org.asynchttpclient.netty.request.NettyRequestSender - Using open Channel [id: 0x791b31b6, L:/127.0.0.1:60796 - R:localhost/127.0.0.1:12192] for POST '/session/8d923332b75e5a2c3028437cb0933c6a/element'
19:20:33.886 [AsyncHttpClient-1-8] DEBUG org.asynchttpclient.netty.handler.HttpHandler - 

Request DefaultHttpRequest(decodeResult: success, version: HTTP/1.1)
POST /session/8d923332b75e5a2c3028437cb0933c6a/element HTTP/1.1
User-Agent: selenium/4.8.1 (java windows)
Content-Length: 71
Content-Type: application/json; charset=utf-8
host: localhost:12192
accept: */*

Response DefaultHttpResponse(decodeResult: success, version: HTTP/1.1)
HTTP/1.1 200 OK
Content-Length: 95
Content-Type: application/json; charset=utf-8
cache-control: no-cache

19:20:33.886 [AsyncHttpClient-1-8] DEBUG org.asynchttpclient.netty.channel.ChannelManager - Adding key: http://localhost:12192 for channel [id: 0x791b31b6, L:/127.0.0.1:60796 - R:localhost/127.0.0.1:12192]
19:20:33.887 [Forwarding getElementTagName on session 8d923332b75e5a2c3028437cb0933c6a to remote] DEBUG org.asynchttpclient.netty.request.NettyRequestSender - Using pooled Channel '[id: 0x791b31b6, L:/127.0.0.1:60796 - R:localhost/127.0.0.1:12192]' for 'GET' to 'http://localhost:12192/session/8d923332b75e5a2c3028437cb0933c6a/element/2A09EF65E4BF348788D99777A2A00F91_element_11/name'
19:20:33.888 [Forwarding getElementTagName on session 8d923332b75e5a2c3028437cb0933c6a to remote] DEBUG org.asynchttpclient.netty.request.NettyRequestSender - Using open Channel [id: 0x791b31b6, L:/127.0.0.1:60796 - R:localhost/127.0.0.1:12192] for GET '/session/8d923332b75e5a2c3028437cb0933c6a/element/2A09EF65E4BF348788D99777A2A00F91_element_11/name'
19:20:33.891 [AsyncHttpClient-1-8] DEBUG org.asynchttpclient.netty.handler.HttpHandler - 

Request DefaultFullHttpRequest(decodeResult: success, version: HTTP/1.1, content: EmptyByteBufBE)
GET /session/8d923332b75e5a2c3028437cb0933c6a/element/2A09EF65E4BF348788D99777A2A00F91_element_11/name HTTP/1.1
User-Agent: selenium/4.8.1 (java windows)
Cache-Control: no-cache
Content-Type: application/json; charset=utf-8
host: localhost:12192
accept: */*

Response DefaultHttpResponse(decodeResult: success, version: HTTP/1.1)
HTTP/1.1 200 OK
Content-Length: 18
Content-Type: application/json; charset=utf-8
cache-control: no-cache

19:20:33.891 [AsyncHttpClient-1-8] DEBUG org.asynchttpclient.netty.channel.ChannelManager - Adding key: http://localhost:12192 for channel [id: 0x791b31b6, L:/127.0.0.1:60796 - R:localhost/127.0.0.1:12192]
19:20:33.894 [Forwarding getElementTagName on session 8d923332b75e5a2c3028437cb0933c6a to remote] DEBUG org.asynchttpclient.netty.request.NettyRequestSender - Using pooled Channel '[id: 0x791b31b6, L:/127.0.0.1:60796 - R:localhost/127.0.0.1:12192]' for 'GET' to 'http://localhost:12192/session/8d923332b75e5a2c3028437cb0933c6a/element/2A09EF65E4BF348788D99777A2A00F91_element_11/name'
19:20:33.894 [Forwarding getElementTagName on session 8d923332b75e5a2c3028437cb0933c6a to remote] DEBUG org.asynchttpclient.netty.request.NettyRequestSender - Using open Channel [id: 0x791b31b6, L:/127.0.0.1:60796 - R:localhost/127.0.0.1:12192] for GET '/session/8d923332b75e5a2c3028437cb0933c6a/element/2A09EF65E4BF348788D99777A2A00F91_element_11/name'
19:20:33.901 [AsyncHttpClient-1-8] DEBUG org.asynchttpclient.netty.handler.HttpHandler - 

Request DefaultFullHttpRequest(decodeResult: success, version: HTTP/1.1, content: EmptyByteBufBE)
GET /session/8d923332b75e5a2c3028437cb0933c6a/element/2A09EF65E4BF348788D99777A2A00F91_element_11/name HTTP/1.1
User-Agent: selenium/4.8.1 (java windows)
Cache-Control: no-cache
Content-Type: application/json; charset=utf-8
host: localhost:12192
accept: */*

Response DefaultHttpResponse(decodeResult: success, version: HTTP/1.1)
HTTP/1.1 200 OK
Content-Length: 18
Content-Type: application/json; charset=utf-8
cache-control: no-cache

19:20:33.901 [AsyncHttpClient-1-8] DEBUG org.asynchttpclient.netty.channel.ChannelManager - Adding key: http://localhost:12192 for channel [id: 0x791b31b6, L:/127.0.0.1:60796 - R:localhost/127.0.0.1:12192]
19:20:33.903 [Forwarding isElementEnabled on session 8d923332b75e5a2c3028437cb0933c6a to remote] DEBUG org.asynchttpclient.netty.request.NettyRequestSender - Using pooled Channel '[id: 0x791b31b6, L:/127.0.0.1:60796 - R:localhost/127.0.0.1:12192]' for 'GET' to 'http://localhost:12192/session/8d923332b75e5a2c3028437cb0933c6a/element/2A09EF65E4BF348788D99777A2A00F91_element_11/enabled'
19:20:33.903 [Forwarding isElementEnabled on session 8d923332b75e5a2c3028437cb0933c6a to remote] DEBUG org.asynchttpclient.netty.request.NettyRequestSender - Using open Channel [id: 0x791b31b6, L:/127.0.0.1:60796 - R:localhost/127.0.0.1:12192] for GET '/session/8d923332b75e5a2c3028437cb0933c6a/element/2A09EF65E4BF348788D99777A2A00F91_element_11/enabled'
19:20:33.909 [AsyncHttpClient-1-8] DEBUG org.asynchttpclient.netty.handler.HttpHandler - 

Request DefaultFullHttpRequest(decodeResult: success, version: HTTP/1.1, content: EmptyByteBufBE)
GET /session/8d923332b75e5a2c3028437cb0933c6a/element/2A09EF65E4BF348788D99777A2A00F91_element_11/enabled HTTP/1.1
User-Agent: selenium/4.8.1 (java windows)
Cache-Control: no-cache
Content-Type: application/json; charset=utf-8
host: localhost:12192
accept: */*

Response DefaultHttpResponse(decodeResult: success, version: HTTP/1.1)
HTTP/1.1 200 OK
Content-Length: 14
Content-Type: application/json; charset=utf-8
cache-control: no-cache

19:20:33.909 [AsyncHttpClient-1-8] DEBUG org.asynchttpclient.netty.channel.ChannelManager - Adding key: http://localhost:12192 for channel [id: 0x791b31b6, L:/127.0.0.1:60796 - R:localhost/127.0.0.1:12192]
19:20:33.910 [Forwarding isElementEnabled on session 8d923332b75e5a2c3028437cb0933c6a to remote] DEBUG org.asynchttpclient.netty.request.NettyRequestSender - Using pooled Channel '[id: 0x791b31b6, L:/127.0.0.1:60796 - R:localhost/127.0.0.1:12192]' for 'GET' to 'http://localhost:12192/session/8d923332b75e5a2c3028437cb0933c6a/element/2A09EF65E4BF348788D99777A2A00F91_element_11/enabled'
19:20:33.910 [Forwarding isElementEnabled on session 8d923332b75e5a2c3028437cb0933c6a to remote] DEBUG org.asynchttpclient.netty.request.NettyRequestSender - Using open Channel [id: 0x791b31b6, L:/127.0.0.1:60796 - R:localhost/127.0.0.1:12192] for GET '/session/8d923332b75e5a2c3028437cb0933c6a/element/2A09EF65E4BF348788D99777A2A00F91_element_11/enabled'
19:20:33.916 [AsyncHttpClient-1-8] DEBUG org.asynchttpclient.netty.handler.HttpHandler - 

Request DefaultFullHttpRequest(decodeResult: success, version: HTTP/1.1, content: EmptyByteBufBE)
GET /session/8d923332b75e5a2c3028437cb0933c6a/element/2A09EF65E4BF348788D99777A2A00F91_element_11/enabled HTTP/1.1
User-Agent: selenium/4.8.1 (java windows)
Cache-Control: no-cache
Content-Type: application/json; charset=utf-8
host: localhost:12192
accept: */*

Response DefaultHttpResponse(decodeResult: success, version: HTTP/1.1)
HTTP/1.1 200 OK
Content-Length: 14
Content-Type: application/json; charset=utf-8
cache-control: no-cache

19:20:33.916 [AsyncHttpClient-1-8] DEBUG org.asynchttpclient.netty.channel.ChannelManager - Adding key: http://localhost:12192 for channel [id: 0x791b31b6, L:/127.0.0.1:60796 - R:localhost/127.0.0.1:12192]
19:20:33.917 [Forwarding findElement on session 8d923332b75e5a2c3028437cb0933c6a to remote] DEBUG org.asynchttpclient.netty.request.NettyRequestSender - Using pooled Channel '[id: 0x791b31b6, L:/127.0.0.1:60796 - R:localhost/127.0.0.1:12192]' for 'POST' to 'http://localhost:12192/session/8d923332b75e5a2c3028437cb0933c6a/element'
19:20:33.917 [Forwarding findElement on session 8d923332b75e5a2c3028437cb0933c6a to remote] DEBUG org.asynchttpclient.netty.request.NettyRequestSender - Using open Channel [id: 0x791b31b6, L:/127.0.0.1:60796 - R:localhost/127.0.0.1:12192] for POST '/session/8d923332b75e5a2c3028437cb0933c6a/element'
19:20:33.925 [AsyncHttpClient-1-8] DEBUG org.asynchttpclient.netty.handler.HttpHandler - 

Request DefaultHttpRequest(decodeResult: success, version: HTTP/1.1)
POST /session/8d923332b75e5a2c3028437cb0933c6a/element HTTP/1.1
User-Agent: selenium/4.8.1 (java windows)
Content-Length: 71
Content-Type: application/json; charset=utf-8
host: localhost:12192
accept: */*

Response DefaultHttpResponse(decodeResult: success, version: HTTP/1.1)
HTTP/1.1 200 OK
Content-Length: 95
Content-Type: application/json; charset=utf-8
cache-control: no-cache

19:20:33.925 [AsyncHttpClient-1-8] DEBUG org.asynchttpclient.netty.channel.ChannelManager - Adding key: http://localhost:12192 for channel [id: 0x791b31b6, L:/127.0.0.1:60796 - R:localhost/127.0.0.1:12192]
19:20:33.927 [Forwarding clickElement on session 8d923332b75e5a2c3028437cb0933c6a to remote] DEBUG org.asynchttpclient.netty.request.NettyRequestSender - Using pooled Channel '[id: 0x791b31b6, L:/127.0.0.1:60796 - R:localhost/127.0.0.1:12192]' for 'POST' to 'http://localhost:12192/session/8d923332b75e5a2c3028437cb0933c6a/element/2A09EF65E4BF348788D99777A2A00F91_element_11/click'
19:20:33.927 [Forwarding clickElement on session 8d923332b75e5a2c3028437cb0933c6a to remote] DEBUG org.asynchttpclient.netty.request.NettyRequestSender - Using open Channel [id: 0x791b31b6, L:/127.0.0.1:60796 - R:localhost/127.0.0.1:12192] for POST '/session/8d923332b75e5a2c3028437cb0933c6a/element/2A09EF65E4BF348788D99777A2A00F91_element_11/click'
19:20:33.970 [AsyncHttpClient-1-8] DEBUG org.asynchttpclient.netty.handler.HttpHandler - 

Request DefaultHttpRequest(decodeResult: success, version: HTTP/1.1)
POST /session/8d923332b75e5a2c3028437cb0933c6a/element/2A09EF65E4BF348788D99777A2A00F91_element_11/click HTTP/1.1
User-Agent: selenium/4.8.1 (java windows)
Content-Length: 57
Content-Type: application/json; charset=utf-8
host: localhost:12192
accept: */*

Response DefaultHttpResponse(decodeResult: success, version: HTTP/1.1)
HTTP/1.1 200 OK
Content-Length: 14
Content-Type: application/json; charset=utf-8
cache-control: no-cache

19:20:33.971 [AsyncHttpClient-1-8] DEBUG org.asynchttpclient.netty.channel.ChannelManager - Adding key: http://localhost:12192 for channel [id: 0x791b31b6, L:/127.0.0.1:60796 - R:localhost/127.0.0.1:12192]
19:20:33.977 [Forwarding getAlertText on session 8d923332b75e5a2c3028437cb0933c6a to remote] DEBUG org.asynchttpclient.netty.request.NettyRequestSender - Using pooled Channel '[id: 0x791b31b6, L:/127.0.0.1:60796 - R:localhost/127.0.0.1:12192]' for 'GET' to 'http://localhost:12192/session/8d923332b75e5a2c3028437cb0933c6a/alert/text'
19:20:33.977 [Forwarding getAlertText on session 8d923332b75e5a2c3028437cb0933c6a to remote] DEBUG org.asynchttpclient.netty.request.NettyRequestSender - Using open Channel [id: 0x791b31b6, L:/127.0.0.1:60796 - R:localhost/127.0.0.1:12192] for GET '/session/8d923332b75e5a2c3028437cb0933c6a/alert/text'
19:20:33.979 [AsyncHttpClient-1-8] DEBUG org.asynchttpclient.netty.handler.HttpHandler - 

Request DefaultFullHttpRequest(decodeResult: success, version: HTTP/1.1, content: EmptyByteBufBE)
GET /session/8d923332b75e5a2c3028437cb0933c6a/alert/text HTTP/1.1
User-Agent: selenium/4.8.1 (java windows)
Cache-Control: no-cache
Content-Type: application/json; charset=utf-8
host: localhost:12192
accept: */*

Response DefaultHttpResponse(decodeResult: success, version: HTTP/1.1)
HTTP/1.1 404 Not Found
Content-Length: 847
Content-Type: application/json; charset=utf-8
cache-control: no-cache

19:20:33.979 [AsyncHttpClient-1-8] DEBUG org.asynchttpclient.netty.channel.ChannelManager - Adding key: http://localhost:12192 for channel [id: 0x791b31b6, L:/127.0.0.1:60796 - R:localhost/127.0.0.1:12192]
19:20:33.980 [Forwarding getCurrentUrl on session 8d923332b75e5a2c3028437cb0933c6a to remote] DEBUG org.asynchttpclient.netty.request.NettyRequestSender - Using pooled Channel '[id: 0x791b31b6, L:/127.0.0.1:60796 - R:localhost/127.0.0.1:12192]' for 'GET' to 'http://localhost:12192/session/8d923332b75e5a2c3028437cb0933c6a/url'
19:20:33.980 [Forwarding getCurrentUrl on session 8d923332b75e5a2c3028437cb0933c6a to remote] DEBUG org.asynchttpclient.netty.request.NettyRequestSender - Using open Channel [id: 0x791b31b6, L:/127.0.0.1:60796 - R:localhost/127.0.0.1:12192] for GET '/session/8d923332b75e5a2c3028437cb0933c6a/url'
19:20:33.985 [AsyncHttpClient-1-8] DEBUG org.asynchttpclient.netty.handler.HttpHandler - 

Request DefaultFullHttpRequest(decodeResult: success, version: HTTP/1.1, content: EmptyByteBufBE)
GET /session/8d923332b75e5a2c3028437cb0933c6a/url HTTP/1.1
User-Agent: selenium/4.8.1 (java windows)
Cache-Control: no-cache
Content-Type: application/json; charset=utf-8
host: localhost:12192
accept: */*

Response DefaultHttpResponse(decodeResult: success, version: HTTP/1.1)
HTTP/1.1 200 OK
Content-Length: 54
Content-Type: application/json; charset=utf-8
cache-control: no-cache

19:20:33.985 [AsyncHttpClient-1-8] DEBUG org.asynchttpclient.netty.channel.ChannelManager - Adding key: http://localhost:12192 for channel [id: 0x791b31b6, L:/127.0.0.1:60796 - R:localhost/127.0.0.1:12192]
19:20:33.985 [Forwarding screenshot on session 8d923332b75e5a2c3028437cb0933c6a to remote] DEBUG org.asynchttpclient.netty.request.NettyRequestSender - Using pooled Channel '[id: 0x791b31b6, L:/127.0.0.1:60796 - R:localhost/127.0.0.1:12192]' for 'GET' to 'http://localhost:12192/session/8d923332b75e5a2c3028437cb0933c6a/screenshot'
19:20:33.985 [Forwarding screenshot on session 8d923332b75e5a2c3028437cb0933c6a to remote] DEBUG org.asynchttpclient.netty.request.NettyRequestSender - Using open Channel [id: 0x791b31b6, L:/127.0.0.1:60796 - R:localhost/127.0.0.1:12192] for GET '/session/8d923332b75e5a2c3028437cb0933c6a/screenshot'
19:20:34.097 [AsyncHttpClient-1-1] DEBUG org.asynchttpclient.netty.channel.DefaultChannelPool - Entry count for : http://localhost:60798 : 1
19:20:34.121 [AsyncHttpClient-1-8] DEBUG org.asynchttpclient.netty.handler.HttpHandler - 

Request DefaultFullHttpRequest(decodeResult: success, version: HTTP/1.1, content: EmptyByteBufBE)
GET /session/8d923332b75e5a2c3028437cb0933c6a/screenshot HTTP/1.1
User-Agent: selenium/4.8.1 (java windows)
Cache-Control: no-cache
Content-Type: application/json; charset=utf-8
host: localhost:12192
accept: */*

Response DefaultHttpResponse(decodeResult: success, version: HTTP/1.1)
HTTP/1.1 200 OK
Content-Length: 43168
Content-Type: application/json; charset=utf-8
cache-control: no-cache

19:20:34.121 [AsyncHttpClient-1-8] DEBUG org.asynchttpclient.netty.channel.ChannelManager - Adding key: http://localhost:12192 for channel [id: 0x791b31b6, L:/127.0.0.1:60796 - R:localhost/127.0.0.1:12192]
19:20:34.124 [main] DEBUG net.serenitybdd.core.photography.Darkroom - Send negative for processing for target\site\serenity\ca9cb15cf8b8761ac74e674880c995988bcc226426571a06c91e19d3f349f5f6.png
19:20:34.125 [main] DEBUG net.thucydides.core.steps.StepInterceptor - STEP DONE: ClickRegisterButton
19:20:34.125 [Darkroom Processing Line] DEBUG net.serenitybdd.core.photography.DarkroomProcessingLine - Processing screenshot image in /var/screenshots/screenshot-11712536232737887223
19:20:34.125 [Darkroom Processing Line] DEBUG net.serenitybdd.core.photography.DarkroomProcessingLine - Saving screenshot to target\site\serenity\ca9cb15cf8b8761ac74e674880c995988bcc226426571a06c91e19d3f349f5f6.png
  &amp#27;[32mWhen &amp#27;[0m&amp#27;[32mI click on the register button&amp#27;[0m       &amp#27;[90m# starter.stepdefinitions.RegisterSteps.ClickRegisterButton()&amp#27;[0m
19:20:34.139 [Forwarding getPageSource on session 8d923332b75e5a2c3028437cb0933c6a to remote] DEBUG org.asynchttpclient.netty.request.NettyRequestSender - Using pooled Channel '[id: 0x791b31b6, L:/127.0.0.1:60796 - R:localhost/127.0.0.1:12192]' for 'POST' to 'http://localhost:12192/session/8d923332b75e5a2c3028437cb0933c6a/execute/sync'
19:20:34.139 [Forwarding getPageSource on session 8d923332b75e5a2c3028437cb0933c6a to remote] DEBUG org.asynchttpclient.netty.request.NettyRequestSender - Using open Channel [id: 0x791b31b6, L:/127.0.0.1:60796 - R:localhost/127.0.0.1:12192] for POST '/session/8d923332b75e5a2c3028437cb0933c6a/execute/sync'
19:20:34.147 [AsyncHttpClient-1-8] DEBUG org.asynchttpclient.netty.handler.HttpHandler - 

Request DefaultHttpRequest(decodeResult: success, version: HTTP/1.1)
POST /session/8d923332b75e5a2c3028437cb0933c6a/execute/sync HTTP/1.1
User-Agent: selenium/4.8.1 (java windows)
Content-Length: 176
Content-Type: application/json; charset=utf-8
host: localhost:12192
accept: */*

Response DefaultHttpResponse(decodeResult: success, version: HTTP/1.1)
HTTP/1.1 200 OK
Content-Length: 23205
Content-Type: application/json; charset=utf-8
cache-control: no-cache

19:20:34.147 [AsyncHttpClient-1-8] DEBUG org.asynchttpclient.netty.channel.ChannelManager - Adding key: http://localhost:12192 for channel [id: 0x791b31b6, L:/127.0.0.1:60796 - R:localhost/127.0.0.1:12192]
19:20:34.150 [Forwarding getCurrentUrl on session 8d923332b75e5a2c3028437cb0933c6a to remote] DEBUG org.asynchttpclient.netty.request.NettyRequestSender - Using pooled Channel '[id: 0x791b31b6, L:/127.0.0.1:60796 - R:localhost/127.0.0.1:12192]' for 'GET' to 'http://localhost:12192/session/8d923332b75e5a2c3028437cb0933c6a/url'
19:20:34.150 [Forwarding getCurrentUrl on session 8d923332b75e5a2c3028437cb0933c6a to remote] DEBUG org.asynchttpclient.netty.request.NettyRequestSender - Using open Channel [id: 0x791b31b6, L:/127.0.0.1:60796 - R:localhost/127.0.0.1:12192] for GET '/session/8d923332b75e5a2c3028437cb0933c6a/url'
19:20:34.154 [AsyncHttpClient-1-8] DEBUG org.asynchttpclient.netty.handler.HttpHandler - 

Request DefaultFullHttpRequest(decodeResult: success, version: HTTP/1.1, content: EmptyByteBufBE)
GET /session/8d923332b75e5a2c3028437cb0933c6a/url HTTP/1.1
User-Agent: selenium/4.8.1 (java windows)
Cache-Control: no-cache
Content-Type: application/json; charset=utf-8
host: localhost:12192
accept: */*

Response DefaultHttpResponse(decodeResult: success, version: HTTP/1.1)
HTTP/1.1 200 OK
Content-Length: 54
Content-Type: application/json; charset=utf-8
cache-control: no-cache

19:20:34.154 [AsyncHttpClient-1-8] DEBUG org.asynchttpclient.netty.channel.ChannelManager - Adding key: http://localhost:12192 for channel [id: 0x791b31b6, L:/127.0.0.1:60796 - R:localhost/127.0.0.1:12192]
19:20:34.163 [Forwarding getPageSource on session 8d923332b75e5a2c3028437cb0933c6a to remote] DEBUG org.asynchttpclient.netty.request.NettyRequestSender - Using pooled Channel '[id: 0x791b31b6, L:/127.0.0.1:60796 - R:localhost/127.0.0.1:12192]' for 'POST' to 'http://localhost:12192/session/8d923332b75e5a2c3028437cb0933c6a/execute/sync'
19:20:34.163 [Forwarding getPageSource on session 8d923332b75e5a2c3028437cb0933c6a to remote] DEBUG org.asynchttpclient.netty.request.NettyRequestSender - Using open Channel [id: 0x791b31b6, L:/127.0.0.1:60796 - R:localhost/127.0.0.1:12192] for POST '/session/8d923332b75e5a2c3028437cb0933c6a/execute/sync'
19:20:34.168 [AsyncHttpClient-1-8] DEBUG org.asynchttpclient.netty.handler.HttpHandler - 

Request DefaultHttpRequest(decodeResult: success, version: HTTP/1.1)
POST /session/8d923332b75e5a2c3028437cb0933c6a/execute/sync HTTP/1.1
User-Agent: selenium/4.8.1 (java windows)
Content-Length: 176
Content-Type: application/json; charset=utf-8
host: localhost:12192
accept: */*

Response DefaultHttpResponse(decodeResult: success, version: HTTP/1.1)
HTTP/1.1 200 OK
Content-Length: 23205
Content-Type: application/json; charset=utf-8
cache-control: no-cache

19:20:34.168 [AsyncHttpClient-1-8] DEBUG org.asynchttpclient.netty.channel.ChannelManager - Adding key: http://localhost:12192 for channel [id: 0x791b31b6, L:/127.0.0.1:60796 - R:localhost/127.0.0.1:12192]
19:20:34.170 [Forwarding getCurrentUrl on session 8d923332b75e5a2c3028437cb0933c6a to remote] DEBUG org.asynchttpclient.netty.request.NettyRequestSender - Using pooled Channel '[id: 0x791b31b6, L:/127.0.0.1:60796 - R:localhost/127.0.0.1:12192]' for 'GET' to 'http://localhost:12192/session/8d923332b75e5a2c3028437cb0933c6a/url'
19:20:34.171 [Forwarding getCurrentUrl on session 8d923332b75e5a2c3028437cb0933c6a to remote] DEBUG org.asynchttpclient.netty.request.NettyRequestSender - Using open Channel [id: 0x791b31b6, L:/127.0.0.1:60796 - R:localhost/127.0.0.1:12192] for GET '/session/8d923332b75e5a2c3028437cb0933c6a/url'
19:20:34.178 [AsyncHttpClient-1-8] DEBUG org.asynchttpclient.netty.handler.HttpHandler - 

Request DefaultFullHttpRequest(decodeResult: success, version: HTTP/1.1, content: EmptyByteBufBE)
GET /session/8d923332b75e5a2c3028437cb0933c6a/url HTTP/1.1
User-Agent: selenium/4.8.1 (java windows)
Cache-Control: no-cache
Content-Type: application/json; charset=utf-8
host: localhost:12192
accept: */*

Response DefaultHttpResponse(decodeResult: success, version: HTTP/1.1)
HTTP/1.1 200 OK
Content-Length: 54
Content-Type: application/json; charset=utf-8
cache-control: no-cache

19:20:34.178 [AsyncHttpClient-1-8] DEBUG org.asynchttpclient.netty.channel.ChannelManager - Adding key: http://localhost:12192 for channel [id: 0x791b31b6, L:/127.0.0.1:60796 - R:localhost/127.0.0.1:12192]
19:20:34.180 [main] DEBUG net.thucydides.core.steps.StepInterceptor - STARTING STEP: LoginSteps.alertContent - incorrectAlert
19:20:34.183 [Forwarding findElement on session 8d923332b75e5a2c3028437cb0933c6a to remote] DEBUG org.asynchttpclient.netty.request.NettyRequestSender - Using pooled Channel '[id: 0x791b31b6, L:/127.0.0.1:60796 - R:localhost/127.0.0.1:12192]' for 'POST' to 'http://localhost:12192/session/8d923332b75e5a2c3028437cb0933c6a/element'
19:20:34.183 [Forwarding findElement on session 8d923332b75e5a2c3028437cb0933c6a to remote] DEBUG org.asynchttpclient.netty.request.NettyRequestSender - Using open Channel [id: 0x791b31b6, L:/127.0.0.1:60796 - R:localhost/127.0.0.1:12192] for POST '/session/8d923332b75e5a2c3028437cb0933c6a/element'
19:20:34.194 [AsyncHttpClient-1-8] DEBUG org.asynchttpclient.netty.handler.HttpHandler - 

Request DefaultHttpRequest(decodeResult: success, version: HTTP/1.1)
POST /session/8d923332b75e5a2c3028437cb0933c6a/element HTTP/1.1
User-Agent: selenium/4.8.1 (java windows)
Content-Length: 54
Content-Type: application/json; charset=utf-8
host: localhost:12192
accept: */*

Response DefaultHttpResponse(decodeResult: success, version: HTTP/1.1)
HTTP/1.1 200 OK
Content-Length: 95
Content-Type: application/json; charset=utf-8
cache-control: no-cache

19:20:34.195 [AsyncHttpClient-1-8] DEBUG org.asynchttpclient.netty.channel.ChannelManager - Adding key: http://localhost:12192 for channel [id: 0x791b31b6, L:/127.0.0.1:60796 - R:localhost/127.0.0.1:12192]
19:20:34.199 [Forwarding isElementDisplayed on session 8d923332b75e5a2c3028437cb0933c6a to remote] DEBUG org.asynchttpclient.netty.request.NettyRequestSender - Using pooled Channel '[id: 0x791b31b6, L:/127.0.0.1:60796 - R:localhost/127.0.0.1:12192]' for 'POST' to 'http://localhost:12192/session/8d923332b75e5a2c3028437cb0933c6a/execute/sync'
19:20:34.199 [Forwarding isElementDisplayed on session 8d923332b75e5a2c3028437cb0933c6a to remote] DEBUG org.asynchttpclient.netty.request.NettyRequestSender - Using open Channel [id: 0x791b31b6, L:/127.0.0.1:60796 - R:localhost/127.0.0.1:12192] for POST '/session/8d923332b75e5a2c3028437cb0933c6a/execute/sync'
19:20:34.214 [AsyncHttpClient-1-8] DEBUG org.asynchttpclient.netty.handler.HttpHandler - 

Request DefaultHttpRequest(decodeResult: success, version: HTTP/1.1)
POST /session/8d923332b75e5a2c3028437cb0933c6a/execute/sync HTTP/1.1
User-Agent: selenium/4.8.1 (java windows)
Content-Length: 48814
Content-Type: application/json; charset=utf-8
host: localhost:12192
accept: */*

Response DefaultHttpResponse(decodeResult: success, version: HTTP/1.1)
HTTP/1.1 200 OK
Content-Length: 14
Content-Type: application/json; charset=utf-8
cache-control: no-cache

19:20:34.215 [AsyncHttpClient-1-8] DEBUG org.asynchttpclient.netty.channel.ChannelManager - Adding key: http://localhost:12192 for channel [id: 0x791b31b6, L:/127.0.0.1:60796 - R:localhost/127.0.0.1:12192]
19:20:34.219 [Forwarding getAlertText on session 8d923332b75e5a2c3028437cb0933c6a to remote] DEBUG org.asynchttpclient.netty.request.NettyRequestSender - Using pooled Channel '[id: 0x791b31b6, L:/127.0.0.1:60796 - R:localhost/127.0.0.1:12192]' for 'GET' to 'http://localhost:12192/session/8d923332b75e5a2c3028437cb0933c6a/alert/text'
19:20:34.219 [Forwarding getAlertText on session 8d923332b75e5a2c3028437cb0933c6a to remote] DEBUG org.asynchttpclient.netty.request.NettyRequestSender - Using open Channel [id: 0x791b31b6, L:/127.0.0.1:60796 - R:localhost/127.0.0.1:12192] for GET '/session/8d923332b75e5a2c3028437cb0933c6a/alert/text'
19:20:34.220 [AsyncHttpClient-1-8] DEBUG org.asynchttpclient.netty.handler.HttpHandler - 

Request DefaultFullHttpRequest(decodeResult: success, version: HTTP/1.1, content: EmptyByteBufBE)
GET /session/8d923332b75e5a2c3028437cb0933c6a/alert/text HTTP/1.1
User-Agent: selenium/4.8.1 (java windows)
Cache-Control: no-cache
Content-Type: application/json; charset=utf-8
host: localhost:12192
accept: */*

Response DefaultHttpResponse(decodeResult: success, version: HTTP/1.1)
HTTP/1.1 404 Not Found
Content-Length: 847
Content-Type: application/json; charset=utf-8
cache-control: no-cache

19:20:34.220 [AsyncHttpClient-1-8] DEBUG org.asynchttpclient.netty.channel.ChannelManager - Adding key: http://localhost:12192 for channel [id: 0x791b31b6, L:/127.0.0.1:60796 - R:localhost/127.0.0.1:12192]
19:20:34.221 [Forwarding getCurrentUrl on session 8d923332b75e5a2c3028437cb0933c6a to remote] DEBUG org.asynchttpclient.netty.request.NettyRequestSender - Using pooled Channel '[id: 0x791b31b6, L:/127.0.0.1:60796 - R:localhost/127.0.0.1:12192]' for 'GET' to 'http://localhost:12192/session/8d923332b75e5a2c3028437cb0933c6a/url'
19:20:34.221 [Forwarding getCurrentUrl on session 8d923332b75e5a2c3028437cb0933c6a to remote] DEBUG org.asynchttpclient.netty.request.NettyRequestSender - Using open Channel [id: 0x791b31b6, L:/127.0.0.1:60796 - R:localhost/127.0.0.1:12192] for GET '/session/8d923332b75e5a2c3028437cb0933c6a/url'
19:20:34.226 [AsyncHttpClient-1-8] DEBUG org.asynchttpclient.netty.handler.HttpHandler - 

Request DefaultFullHttpRequest(decodeResult: success, version: HTTP/1.1, content: EmptyByteBufBE)
GET /session/8d923332b75e5a2c3028437cb0933c6a/url HTTP/1.1
User-Agent: selenium/4.8.1 (java windows)
Cache-Control: no-cache
Content-Type: application/json; charset=utf-8
host: localhost:12192
accept: */*

Response DefaultHttpResponse(decodeResult: success, version: HTTP/1.1)
HTTP/1.1 200 OK
Content-Length: 54
Content-Type: application/json; charset=utf-8
cache-control: no-cache

19:20:34.226 [AsyncHttpClient-1-8] DEBUG org.asynchttpclient.netty.channel.ChannelManager - Adding key: http://localhost:12192 for channel [id: 0x791b31b6, L:/127.0.0.1:60796 - R:localhost/127.0.0.1:12192]
19:20:34.226 [Forwarding screenshot on session 8d923332b75e5a2c3028437cb0933c6a to remote] DEBUG org.asynchttpclient.netty.request.NettyRequestSender - Using pooled Channel '[id: 0x791b31b6, L:/127.0.0.1:60796 - R:localhost/127.0.0.1:12192]' for 'GET' to 'http://localhost:12192/session/8d923332b75e5a2c3028437cb0933c6a/screenshot'
19:20:34.226 [Forwarding screenshot on session 8d923332b75e5a2c3028437cb0933c6a to remote] DEBUG org.asynchttpclient.netty.request.NettyRequestSender - Using open Channel [id: 0x791b31b6, L:/127.0.0.1:60796 - R:localhost/127.0.0.1:12192] for GET '/session/8d923332b75e5a2c3028437cb0933c6a/screenshot'
19:20:34.352 [AsyncHttpClient-1-8] DEBUG org.asynchttpclient.netty.handler.HttpHandler - 

Request DefaultFullHttpRequest(decodeResult: success, version: HTTP/1.1, content: EmptyByteBufBE)
GET /session/8d923332b75e5a2c3028437cb0933c6a/screenshot HTTP/1.1
User-Agent: selenium/4.8.1 (java windows)
Cache-Control: no-cache
Content-Type: application/json; charset=utf-8
host: localhost:12192
accept: */*

Response DefaultHttpResponse(decodeResult: success, version: HTTP/1.1)
HTTP/1.1 200 OK
Content-Length: 45364
Content-Type: application/json; charset=utf-8
cache-control: no-cache

19:20:34.352 [AsyncHttpClient-1-8] DEBUG org.asynchttpclient.netty.channel.ChannelManager - Adding key: http://localhost:12192 for channel [id: 0x791b31b6, L:/127.0.0.1:60796 - R:localhost/127.0.0.1:12192]
19:20:34.354 [main] DEBUG net.serenitybdd.core.photography.Darkroom - Send negative for processing for target\site\serenity\9ea88b7742d118a377c66620600924c91d50096d6c8b9eb15313da3ddaa4c1a9.png
19:20:34.354 [main] DEBUG net.thucydides.core.steps.StepInterceptor - STEP DONE: incorrectAlert
19:20:34.354 [Darkroom Processing Line] DEBUG net.serenitybdd.core.photography.DarkroomProcessingLine - Processing screenshot image in /var/screenshots/screenshot-13562825071550457540
19:20:34.354 [Darkroom Processing Line] DEBUG net.serenitybdd.core.photography.DarkroomProcessingLine - Saving screenshot to target\site\serenity\9ea88b7742d118a377c66620600924c91d50096d6c8b9eb15313da3ddaa4c1a9.png
  &amp#27;[32mThen &amp#27;[0m&amp#27;[32mI should see the error message&amp#27;[0m       &amp#27;[90m# starter.stepdefinitions.LoginSteps.alertContent()&amp#27;[0m
19:20:34.361 [main] INFO  - 
  _____   ___   ___   _____     ___     _     ___   ___   ___   ___  
 |_   _| | __| / __| |_   _|   | _ \   /_\   / __| / __| | __| |   \ 
   | |   | _|  \__ \   | |     |  _/  / _ \  \__ \ \__ \ | _|  | |) |
   |_|   |___| |___/   |_|     |_|   /_/ \_\ |___/ |___/ |___| |___/ 

Register without fill the email
----------------------------------------------------------------------
19:20:34.362 [AsyncHttpClient-1-10] DEBUG org.asynchttpclient.netty.handler.WebSocketHandler - Channel Closed: [id: 0xb251feb6, L:/127.0.0.1:60805 ! R:localhost/127.0.0.1:60798] with attribute NettyResponseFuture{currentRetry=0,
	isDone=1,
	isCancelled=0,
	asyncHandler=org.asynchttpclient.ws.WebSocketUpgradeHandler@6d618b43,
	nettyRequest=org.asynchttpclient.netty.request.NettyRequest@2863088b,
	future=java.util.concurrent.CompletableFuture@d3edcc[Completed normally],
	uri=ws://localhost:60798/devtools/browser/47182784-1cd7-4ec7-82c7-be7c85844445,
	keepAlive=true,
	redirectCount=0,
	timeoutsHolder=null,
	inAuth=0,
	touch=1683807630952}
19:20:34.362 [AsyncHttpClient-1-10] DEBUG org.asynchttpclient.netty.channel.ChannelManager - Closing Channel [id: 0xb251feb6, L:/127.0.0.1:60805 ! R:localhost/127.0.0.1:60798] 
19:20:34.363 [Driver Command Executor] DEBUG org.asynchttpclient.netty.request.NettyRequestSender - Using pooled Channel '[id: 0x791b31b6, L:/127.0.0.1:60796 - R:localhost/127.0.0.1:12192]' for 'DELETE' to 'http://localhost:12192/session/8d923332b75e5a2c3028437cb0933c6a'
19:20:34.363 [Driver Command Executor] DEBUG org.asynchttpclient.netty.request.NettyRequestSender - Using open Channel [id: 0x791b31b6, L:/127.0.0.1:60796 - R:localhost/127.0.0.1:12192] for DELETE '/session/8d923332b75e5a2c3028437cb0933c6a'
19:20:34.635 [AsyncHttpClient-1-9] DEBUG org.asynchttpclient.netty.handler.HttpHandler - Unexpected I/O exception on channel [id: 0x8ad69d77, L:/127.0.0.1:60804 - R:localhost/127.0.0.1:60798]
java.net.SocketException: Connection reset
	at java.base/sun.nio.ch.SocketChannelImpl.throwConnectionReset(SocketChannelImpl.java:401)
	at java.base/sun.nio.ch.SocketChannelImpl.read(SocketChannelImpl.java:434)
	at io.netty.buffer.PooledByteBuf.setBytes(PooledByteBuf.java:259)
	at io.netty.buffer.AbstractByteBuf.writeBytes(AbstractByteBuf.java:1132)
	at io.netty.channel.socket.nio.NioSocketChannel.doReadBytes(NioSocketChannel.java:357)
	at io.netty.channel.nio.AbstractNioByteChannel$NioByteUnsafe.read(AbstractNioByteChannel.java:151)
	at io.netty.channel.nio.NioEventLoop.processSelectedKey(NioEventLoop.java:788)
	at io.netty.channel.nio.NioEventLoop.processSelectedKeysOptimized(NioEventLoop.java:724)
	at io.netty.channel.nio.NioEventLoop.processSelectedKeys(NioEventLoop.java:650)
	at io.netty.channel.nio.NioEventLoop.run(NioEventLoop.java:562)
	at io.netty.util.concurrent.SingleThreadEventExecutor$4.run(SingleThreadEventExecutor.java:997)
	at io.netty.util.internal.ThreadExecutorMap$2.run(ThreadExecutorMap.java:74)
	at io.netty.util.concurrent.FastThreadLocalRunnable.run(FastThreadLocalRunnable.java:30)
	at java.base/java.lang.Thread.run(Thread.java:1589)
19:20:34.635 [AsyncHttpClient-1-9] DEBUG org.asynchttpclient.netty.channel.ChannelManager - Closing Channel [id: 0x8ad69d77, L:/127.0.0.1:60804 - R:localhost/127.0.0.1:60798] 
19:20:34.636 [AsyncHttpClient-1-9] DEBUG org.asynchttpclient.netty.handler.HttpHandler - Channel Closed: [id: 0x8ad69d77, L:/127.0.0.1:60804 ! R:localhost/127.0.0.1:60798] with attribute DISCARD
19:20:34.669 [AsyncHttpClient-1-8] DEBUG org.asynchttpclient.netty.handler.HttpHandler - 

Request DefaultFullHttpRequest(decodeResult: success, version: HTTP/1.1, content: EmptyByteBufBE)
DELETE /session/8d923332b75e5a2c3028437cb0933c6a HTTP/1.1
User-Agent: selenium/4.8.1 (java windows)
Content-Type: application/json; charset=utf-8
host: localhost:12192
accept: */*

Response DefaultHttpResponse(decodeResult: success, version: HTTP/1.1)
HTTP/1.1 200 OK
Content-Length: 14
Content-Type: application/json; charset=utf-8
cache-control: no-cache

19:20:34.670 [AsyncHttpClient-1-8] DEBUG org.asynchttpclient.netty.channel.ChannelManager - Adding key: http://localhost:12192 for channel [id: 0x791b31b6, L:/127.0.0.1:60796 - R:localhost/127.0.0.1:12192]
19:20:34.752 [AsyncHttpClient-1-8] DEBUG org.asynchttpclient.netty.handler.HttpHandler - Channel Closed: [id: 0x791b31b6, L:/127.0.0.1:60796 ! R:localhost/127.0.0.1:12192] with attribute DISCARD
]]></system-out>
    <system-err><![CDATA[Starting ChromeDriver 113.0.5672.63 (0e1a4471d5ae5bf128b1bd8f4d627c8cbd55f70c-refs/branch-heads/5672@{#912}) on port 12192
Only local connections are allowed.
Please see https://chromedriver.chromium.org/security-considerations for suggestions on keeping ChromeDriver safe.
ChromeDriver was started successfully.
May 11, 2023 7:20:30 PM org.openqa.selenium.devtools.CdpVersionFinder findNearestMatch
WARNING: Unable to find an exact match for CDP version 113, so returning the closest version found: 110
]]></system-err>
  </testcase>
  <testcase name="Register without fill the password" classname="Register to Alta-shop Account" time="4.76">
    <system-out><![CDATA[
Scenario: Register without fill the password   &amp#27;[90m# src/test/resources/features/1. Register.feature:34&amp#27;[0m
19:20:34.806 [main] DEBUG io.cucumber.core.plugin.SerenityReporter - Running feature from file:///C:/Users/Bunayya%20Zulfikar/3D%20Objects/alta_web_minpro_testcase/src/test/resources/features/1.%20Register.feature
19:20:34.809 [main] INFO  - 
  _____   ___   ___   _____     ___   _____     _     ___   _____   ___   ___  
 |_   _| | __| / __| |_   _|   / __| |_   _|   /_\   | _ \ |_   _| | __| |   \ 
   | |   | _|  \__ \   | |     \__ \   | |    / _ \  |   /   | |   | _|  | |) |
   |_|   |___| |___/   |_|     |___/   |_|   /_/ \_\ |_|_\   |_|   |___| |___/ 

Register without fill the password(register-to-alta-shop-account;register-without-fill-the-password)
--------------------------------------------------------------------------------
19:20:34.847 [main] DEBUG net.thucydides.core.steps.StepInterceptor - STARTING STEP: LoginSteps.onTheLoginPage - openPage
19:20:34.919 [main] INFO net.serenitybdd.core.webdriver.driverproviders.ChromeDriverProvider - Starting Chrome driver instance with capabilities:
19:20:34.919 [main] INFO net.serenitybdd.core.webdriver.driverproviders.ChromeDriverProvider - Capabilities {acceptInsecureCerts: false, browserName: chrome, goog:chromeOptions: {args: [remote-allow-origins=*], extensions: []}}
19:20:34.990 [AsyncHttpClient-1-11] DEBUG org.asynchttpclient.netty.channel.NettyConnectListener - Using new Channel '[id: 0x1bbe2821, L:/127.0.0.1:60824 - R:localhost/127.0.0.1:15965]' for 'POST' to '/session'
19:20:35.203 [AsyncHttpClient-1-1] DEBUG org.asynchttpclient.netty.channel.DefaultChannelPool - Entry count for : http://localhost:12192 : 1
19:20:35.203 [AsyncHttpClient-1-1] DEBUG org.asynchttpclient.netty.channel.DefaultChannelPool - Entry count for : http://localhost:60798 : 1
19:20:35.203 [AsyncHttpClient-1-1] DEBUG org.asynchttpclient.netty.channel.DefaultChannelPool - Adding Candidate expired Channel [id: 0x791b31b6, L:/127.0.0.1:60796 ! R:localhost/127.0.0.1:12192] isIdleTimeoutExpired=false isRemotelyClosed=true isTtlExpired=false
19:20:35.203 [AsyncHttpClient-1-1] DEBUG org.asynchttpclient.netty.channel.DefaultChannelPool - Closing Idle Channel [id: 0x791b31b6, L:/127.0.0.1:60796 ! R:localhost/127.0.0.1:12192]
19:20:35.203 [AsyncHttpClient-1-1] DEBUG org.asynchttpclient.netty.channel.DefaultChannelPool - Adding Candidate expired Channel [id: 0x8ad69d77, L:/127.0.0.1:60804 ! R:localhost/127.0.0.1:60798] isIdleTimeoutExpired=false isRemotelyClosed=true isTtlExpired=false
19:20:35.203 [AsyncHttpClient-1-1] DEBUG org.asynchttpclient.netty.channel.DefaultChannelPool - Closing Idle Channel [id: 0x8ad69d77, L:/127.0.0.1:60804 ! R:localhost/127.0.0.1:60798]
19:20:35.203 [AsyncHttpClient-1-1] DEBUG org.asynchttpclient.netty.channel.DefaultChannelPool - Closed 2 connections out of 2 in 0 ms
19:20:35.630 [AsyncHttpClient-1-11] DEBUG org.asynchttpclient.netty.handler.HttpHandler - 

Request DefaultHttpRequest(decodeResult: success, version: HTTP/1.1)
POST /session HTTP/1.1
User-Agent: selenium/4.8.1 (java windows)
Content-Length: 507
Content-Type: application/json; charset=utf-8
host: localhost:15965
accept: */*

Response DefaultHttpResponse(decodeResult: success, version: HTTP/1.1)
HTTP/1.1 200 OK
Content-Length: 862
Content-Type: application/json; charset=utf-8
cache-control: no-cache

19:20:35.631 [AsyncHttpClient-1-11] DEBUG org.asynchttpclient.netty.channel.ChannelManager - Adding key: http://localhost:15965 for channel [id: 0x1bbe2821, L:/127.0.0.1:60824 - R:localhost/127.0.0.1:15965]
19:20:35.638 [AsyncHttpClient-1-12] DEBUG org.asynchttpclient.netty.channel.NettyConnectListener - Using new Channel '[id: 0xb403bae9, L:/127.0.0.1:60831 - R:localhost/127.0.0.1:60825]' for 'GET' to '/json/version'
19:20:35.640 [AsyncHttpClient-1-12] DEBUG org.asynchttpclient.netty.handler.HttpHandler - 

Request DefaultFullHttpRequest(decodeResult: success, version: HTTP/1.1, content: EmptyByteBufBE)
GET /json/version HTTP/1.1
User-Agent: selenium/4.8.1 (java windows)
host: localhost:60825
accept: */*

Response DefaultHttpResponse(decodeResult: success, version: HTTP/1.1)
HTTP/1.1 200 OK
Content-Security-Policy: frame-ancestors 'none'
Content-Length: 422
Content-Type: application/json; charset=UTF-8

19:20:35.640 [AsyncHttpClient-1-12] DEBUG org.asynchttpclient.netty.channel.ChannelManager - Adding key: http://localhost:60825 for channel [id: 0xb403bae9, L:/127.0.0.1:60831 - R:localhost/127.0.0.1:60825]
19:20:35.642 [AsyncHttpClient-1-13] DEBUG org.asynchttpclient.netty.channel.NettyConnectListener - Using new Channel '[id: 0x5d1b4932, L:/127.0.0.1:60832 - R:localhost/127.0.0.1:60825]' for 'GET' to '/devtools/browser/8ddc195a-b089-457d-929f-0e3f652d0fa7'
19:20:35.644 [AsyncHttpClient-1-13] DEBUG org.asynchttpclient.netty.handler.WebSocketHandler - 

Request DefaultFullHttpRequest(decodeResult: success, version: HTTP/1.1, content: EmptyByteBufBE)
GET /devtools/browser/8ddc195a-b089-457d-929f-0e3f652d0fa7 HTTP/1.1
upgrade: websocket
connection: upgrade
sec-websocket-key: pl6vLGTFxPW9M0HmoSVC4Q==
sec-websocket-version: 13
origin: http://localhost:60825
host: localhost:60825
accept: */*
user-agent: AHC/2.1

Response DefaultHttpResponse(decodeResult: success, version: HTTP/1.1)
HTTP/1.1 101 WebSocket Protocol Handshake
Upgrade: WebSocket
Connection: Upgrade
Sec-WebSocket-Accept: j0rELAnS7NDtv00OcwLNN2z8QUs=

19:20:35.649 [Forwarding get on session 1e974bd806e454f0700a98f638ee2997 to remote] DEBUG org.asynchttpclient.netty.request.NettyRequestSender - Using pooled Channel '[id: 0x1bbe2821, L:/127.0.0.1:60824 - R:localhost/127.0.0.1:15965]' for 'POST' to 'http://localhost:15965/session/1e974bd806e454f0700a98f638ee2997/url'
19:20:35.649 [Forwarding get on session 1e974bd806e454f0700a98f638ee2997 to remote] DEBUG org.asynchttpclient.netty.request.NettyRequestSender - Using open Channel [id: 0x1bbe2821, L:/127.0.0.1:60824 - R:localhost/127.0.0.1:15965] for POST '/session/1e974bd806e454f0700a98f638ee2997/url'
19:20:36.225 [AsyncHttpClient-1-11] DEBUG org.asynchttpclient.netty.handler.HttpHandler - 

Request DefaultHttpRequest(decodeResult: success, version: HTTP/1.1)
POST /session/1e974bd806e454f0700a98f638ee2997/url HTTP/1.1
User-Agent: selenium/4.8.1 (java windows)
Content-Length: 80
Content-Type: application/json; charset=utf-8
host: localhost:15965
accept: */*

Response DefaultHttpResponse(decodeResult: success, version: HTTP/1.1)
HTTP/1.1 200 OK
Content-Length: 14
Content-Type: application/json; charset=utf-8
cache-control: no-cache

19:20:36.225 [AsyncHttpClient-1-11] DEBUG org.asynchttpclient.netty.channel.ChannelManager - Adding key: http://localhost:15965 for channel [id: 0x1bbe2821, L:/127.0.0.1:60824 - R:localhost/127.0.0.1:15965]
19:20:36.226 [Forwarding setTimeout on session 1e974bd806e454f0700a98f638ee2997 to remote] DEBUG org.asynchttpclient.netty.request.NettyRequestSender - Using pooled Channel '[id: 0x1bbe2821, L:/127.0.0.1:60824 - R:localhost/127.0.0.1:15965]' for 'POST' to 'http://localhost:15965/session/1e974bd806e454f0700a98f638ee2997/timeouts'
19:20:36.226 [Forwarding setTimeout on session 1e974bd806e454f0700a98f638ee2997 to remote] DEBUG org.asynchttpclient.netty.request.NettyRequestSender - Using open Channel [id: 0x1bbe2821, L:/127.0.0.1:60824 - R:localhost/127.0.0.1:15965] for POST '/session/1e974bd806e454f0700a98f638ee2997/timeouts'
19:20:36.226 [AsyncHttpClient-1-11] DEBUG org.asynchttpclient.netty.handler.HttpHandler - 

Request DefaultHttpRequest(decodeResult: success, version: HTTP/1.1)
POST /session/1e974bd806e454f0700a98f638ee2997/timeouts HTTP/1.1
User-Agent: selenium/4.8.1 (java windows)
Content-Length: 22
Content-Type: application/json; charset=utf-8
host: localhost:15965
accept: */*

Response DefaultHttpResponse(decodeResult: success, version: HTTP/1.1)
HTTP/1.1 200 OK
Content-Length: 14
Content-Type: application/json; charset=utf-8
cache-control: no-cache

19:20:36.226 [AsyncHttpClient-1-11] DEBUG org.asynchttpclient.netty.channel.ChannelManager - Adding key: http://localhost:15965 for channel [id: 0x1bbe2821, L:/127.0.0.1:60824 - R:localhost/127.0.0.1:15965]
19:20:36.231 [Forwarding getAlertText on session 1e974bd806e454f0700a98f638ee2997 to remote] DEBUG org.asynchttpclient.netty.request.NettyRequestSender - Using pooled Channel '[id: 0x1bbe2821, L:/127.0.0.1:60824 - R:localhost/127.0.0.1:15965]' for 'GET' to 'http://localhost:15965/session/1e974bd806e454f0700a98f638ee2997/alert/text'
19:20:36.231 [Forwarding getAlertText on session 1e974bd806e454f0700a98f638ee2997 to remote] DEBUG org.asynchttpclient.netty.request.NettyRequestSender - Using open Channel [id: 0x1bbe2821, L:/127.0.0.1:60824 - R:localhost/127.0.0.1:15965] for GET '/session/1e974bd806e454f0700a98f638ee2997/alert/text'
19:20:36.233 [AsyncHttpClient-1-11] DEBUG org.asynchttpclient.netty.handler.HttpHandler - 

Request DefaultFullHttpRequest(decodeResult: success, version: HTTP/1.1, content: EmptyByteBufBE)
GET /session/1e974bd806e454f0700a98f638ee2997/alert/text HTTP/1.1
User-Agent: selenium/4.8.1 (java windows)
Cache-Control: no-cache
Content-Type: application/json; charset=utf-8
host: localhost:15965
accept: */*

Response DefaultHttpResponse(decodeResult: success, version: HTTP/1.1)
HTTP/1.1 404 Not Found
Content-Length: 847
Content-Type: application/json; charset=utf-8
cache-control: no-cache

19:20:36.233 [AsyncHttpClient-1-11] DEBUG org.asynchttpclient.netty.channel.ChannelManager - Adding key: http://localhost:15965 for channel [id: 0x1bbe2821, L:/127.0.0.1:60824 - R:localhost/127.0.0.1:15965]
19:20:36.234 [Forwarding getCurrentUrl on session 1e974bd806e454f0700a98f638ee2997 to remote] DEBUG org.asynchttpclient.netty.request.NettyRequestSender - Using pooled Channel '[id: 0x1bbe2821, L:/127.0.0.1:60824 - R:localhost/127.0.0.1:15965]' for 'GET' to 'http://localhost:15965/session/1e974bd806e454f0700a98f638ee2997/url'
19:20:36.234 [Forwarding getCurrentUrl on session 1e974bd806e454f0700a98f638ee2997 to remote] DEBUG org.asynchttpclient.netty.request.NettyRequestSender - Using open Channel [id: 0x1bbe2821, L:/127.0.0.1:60824 - R:localhost/127.0.0.1:15965] for GET '/session/1e974bd806e454f0700a98f638ee2997/url'
19:20:36.241 [AsyncHttpClient-1-11] DEBUG org.asynchttpclient.netty.handler.HttpHandler - 

Request DefaultFullHttpRequest(decodeResult: success, version: HTTP/1.1, content: EmptyByteBufBE)
GET /session/1e974bd806e454f0700a98f638ee2997/url HTTP/1.1
User-Agent: selenium/4.8.1 (java windows)
Cache-Control: no-cache
Content-Type: application/json; charset=utf-8
host: localhost:15965
accept: */*

Response DefaultHttpResponse(decodeResult: success, version: HTTP/1.1)
HTTP/1.1 200 OK
Content-Length: 52
Content-Type: application/json; charset=utf-8
cache-control: no-cache

19:20:36.241 [AsyncHttpClient-1-11] DEBUG org.asynchttpclient.netty.channel.ChannelManager - Adding key: http://localhost:15965 for channel [id: 0x1bbe2821, L:/127.0.0.1:60824 - R:localhost/127.0.0.1:15965]
19:20:36.241 [Forwarding screenshot on session 1e974bd806e454f0700a98f638ee2997 to remote] DEBUG org.asynchttpclient.netty.request.NettyRequestSender - Using pooled Channel '[id: 0x1bbe2821, L:/127.0.0.1:60824 - R:localhost/127.0.0.1:15965]' for 'GET' to 'http://localhost:15965/session/1e974bd806e454f0700a98f638ee2997/screenshot'
19:20:36.242 [Forwarding screenshot on session 1e974bd806e454f0700a98f638ee2997 to remote] DEBUG org.asynchttpclient.netty.request.NettyRequestSender - Using open Channel [id: 0x1bbe2821, L:/127.0.0.1:60824 - R:localhost/127.0.0.1:15965] for GET '/session/1e974bd806e454f0700a98f638ee2997/screenshot'
19:20:36.302 [AsyncHttpClient-1-1] DEBUG org.asynchttpclient.netty.channel.DefaultChannelPool - Entry count for : http://localhost:60825 : 1
19:20:36.493 [AsyncHttpClient-1-11] DEBUG org.asynchttpclient.netty.handler.HttpHandler - 

Request DefaultFullHttpRequest(decodeResult: success, version: HTTP/1.1, content: EmptyByteBufBE)
GET /session/1e974bd806e454f0700a98f638ee2997/screenshot HTTP/1.1
User-Agent: selenium/4.8.1 (java windows)
Cache-Control: no-cache
Content-Type: application/json; charset=utf-8
host: localhost:15965
accept: */*

Response DefaultHttpResponse(decodeResult: success, version: HTTP/1.1)
HTTP/1.1 200 OK
Content-Length: 32168
Content-Type: application/json; charset=utf-8
cache-control: no-cache

19:20:36.494 [AsyncHttpClient-1-11] DEBUG org.asynchttpclient.netty.channel.ChannelManager - Adding key: http://localhost:15965 for channel [id: 0x1bbe2821, L:/127.0.0.1:60824 - R:localhost/127.0.0.1:15965]
19:20:36.495 [main] DEBUG net.serenitybdd.core.photography.Darkroom - Send negative for processing for target\site\serenity\d00787a84e57ae9818ec6333fe71d83a89fc0961433dfe7832481e3dca8fda29.png
19:20:36.495 [main] DEBUG net.thucydides.core.steps.StepInterceptor - STEP DONE: openPage
  &amp#27;[32mGiven &amp#27;[0m&amp#27;[32mI am on the alta-shop login page&amp#27;[0m       &amp#27;[90m# starter.stepdefinitions.LoginSteps.onTheLoginPage()&amp#27;[0m
19:20:36.503 [Forwarding getPageSource on session 1e974bd806e454f0700a98f638ee2997 to remote] DEBUG org.asynchttpclient.netty.request.NettyRequestSender - Using pooled Channel '[id: 0x1bbe2821, L:/127.0.0.1:60824 - R:localhost/127.0.0.1:15965]' for 'POST' to 'http://localhost:15965/session/1e974bd806e454f0700a98f638ee2997/execute/sync'
19:20:36.503 [Forwarding getPageSource on session 1e974bd806e454f0700a98f638ee2997 to remote] DEBUG org.asynchttpclient.netty.request.NettyRequestSender - Using open Channel [id: 0x1bbe2821, L:/127.0.0.1:60824 - R:localhost/127.0.0.1:15965] for POST '/session/1e974bd806e454f0700a98f638ee2997/execute/sync'
19:20:36.509 [AsyncHttpClient-1-11] DEBUG org.asynchttpclient.netty.handler.HttpHandler - 

Request DefaultHttpRequest(decodeResult: success, version: HTTP/1.1)
POST /session/1e974bd806e454f0700a98f638ee2997/execute/sync HTTP/1.1
User-Agent: selenium/4.8.1 (java windows)
Content-Length: 176
Content-Type: application/json; charset=utf-8
host: localhost:15965
accept: */*

Response DefaultHttpResponse(decodeResult: success, version: HTTP/1.1)
HTTP/1.1 200 OK
Content-Length: 21659
Content-Type: application/json; charset=utf-8
cache-control: no-cache

19:20:36.513 [AsyncHttpClient-1-11] DEBUG org.asynchttpclient.netty.channel.ChannelManager - Adding key: http://localhost:15965 for channel [id: 0x1bbe2821, L:/127.0.0.1:60824 - R:localhost/127.0.0.1:15965]
19:20:36.515 [Forwarding getCurrentUrl on session 1e974bd806e454f0700a98f638ee2997 to remote] DEBUG org.asynchttpclient.netty.request.NettyRequestSender - Using pooled Channel '[id: 0x1bbe2821, L:/127.0.0.1:60824 - R:localhost/127.0.0.1:15965]' for 'GET' to 'http://localhost:15965/session/1e974bd806e454f0700a98f638ee2997/url'
19:20:36.515 [Forwarding getCurrentUrl on session 1e974bd806e454f0700a98f638ee2997 to remote] DEBUG org.asynchttpclient.netty.request.NettyRequestSender - Using open Channel [id: 0x1bbe2821, L:/127.0.0.1:60824 - R:localhost/127.0.0.1:15965] for GET '/session/1e974bd806e454f0700a98f638ee2997/url'
19:20:36.519 [AsyncHttpClient-1-11] DEBUG org.asynchttpclient.netty.handler.HttpHandler - 

Request DefaultFullHttpRequest(decodeResult: success, version: HTTP/1.1, content: EmptyByteBufBE)
GET /session/1e974bd806e454f0700a98f638ee2997/url HTTP/1.1
User-Agent: selenium/4.8.1 (java windows)
Cache-Control: no-cache
Content-Type: application/json; charset=utf-8
host: localhost:15965
accept: */*

Response DefaultHttpResponse(decodeResult: success, version: HTTP/1.1)
HTTP/1.1 200 OK
Content-Length: 52
Content-Type: application/json; charset=utf-8
cache-control: no-cache

19:20:36.519 [AsyncHttpClient-1-11] DEBUG org.asynchttpclient.netty.channel.ChannelManager - Adding key: http://localhost:15965 for channel [id: 0x1bbe2821, L:/127.0.0.1:60824 - R:localhost/127.0.0.1:15965]
19:20:36.535 [Forwarding getPageSource on session 1e974bd806e454f0700a98f638ee2997 to remote] DEBUG org.asynchttpclient.netty.request.NettyRequestSender - Using pooled Channel '[id: 0x1bbe2821, L:/127.0.0.1:60824 - R:localhost/127.0.0.1:15965]' for 'POST' to 'http://localhost:15965/session/1e974bd806e454f0700a98f638ee2997/execute/sync'
19:20:36.536 [Forwarding getPageSource on session 1e974bd806e454f0700a98f638ee2997 to remote] DEBUG org.asynchttpclient.netty.request.NettyRequestSender - Using open Channel [id: 0x1bbe2821, L:/127.0.0.1:60824 - R:localhost/127.0.0.1:15965] for POST '/session/1e974bd806e454f0700a98f638ee2997/execute/sync'
19:20:36.542 [AsyncHttpClient-1-11] DEBUG org.asynchttpclient.netty.handler.HttpHandler - 

Request DefaultHttpRequest(decodeResult: success, version: HTTP/1.1)
POST /session/1e974bd806e454f0700a98f638ee2997/execute/sync HTTP/1.1
User-Agent: selenium/4.8.1 (java windows)
Content-Length: 176
Content-Type: application/json; charset=utf-8
host: localhost:15965
accept: */*

Response DefaultHttpResponse(decodeResult: success, version: HTTP/1.1)
HTTP/1.1 200 OK
Content-Length: 21659
Content-Type: application/json; charset=utf-8
cache-control: no-cache

19:20:36.542 [AsyncHttpClient-1-11] DEBUG org.asynchttpclient.netty.channel.ChannelManager - Adding key: http://localhost:15965 for channel [id: 0x1bbe2821, L:/127.0.0.1:60824 - R:localhost/127.0.0.1:15965]
19:20:36.544 [Forwarding getCurrentUrl on session 1e974bd806e454f0700a98f638ee2997 to remote] DEBUG org.asynchttpclient.netty.request.NettyRequestSender - Using pooled Channel '[id: 0x1bbe2821, L:/127.0.0.1:60824 - R:localhost/127.0.0.1:15965]' for 'GET' to 'http://localhost:15965/session/1e974bd806e454f0700a98f638ee2997/url'
19:20:36.544 [Forwarding getCurrentUrl on session 1e974bd806e454f0700a98f638ee2997 to remote] DEBUG org.asynchttpclient.netty.request.NettyRequestSender - Using open Channel [id: 0x1bbe2821, L:/127.0.0.1:60824 - R:localhost/127.0.0.1:15965] for GET '/session/1e974bd806e454f0700a98f638ee2997/url'
19:20:36.548 [AsyncHttpClient-1-11] DEBUG org.asynchttpclient.netty.handler.HttpHandler - 

Request DefaultFullHttpRequest(decodeResult: success, version: HTTP/1.1, content: EmptyByteBufBE)
GET /session/1e974bd806e454f0700a98f638ee2997/url HTTP/1.1
User-Agent: selenium/4.8.1 (java windows)
Cache-Control: no-cache
Content-Type: application/json; charset=utf-8
host: localhost:15965
accept: */*

Response DefaultHttpResponse(decodeResult: success, version: HTTP/1.1)
HTTP/1.1 200 OK
Content-Length: 52
Content-Type: application/json; charset=utf-8
cache-control: no-cache

19:20:36.548 [AsyncHttpClient-1-11] DEBUG org.asynchttpclient.netty.channel.ChannelManager - Adding key: http://localhost:15965 for channel [id: 0x1bbe2821, L:/127.0.0.1:60824 - R:localhost/127.0.0.1:15965]
19:20:36.550 [main] DEBUG net.thucydides.core.steps.StepInterceptor - STARTING STEP: RegisterSteps.clickLoginButton - clickRegisterLink
19:20:36.552 [Forwarding findElement on session 1e974bd806e454f0700a98f638ee2997 to remote] DEBUG org.asynchttpclient.netty.request.NettyRequestSender - Using pooled Channel '[id: 0x1bbe2821, L:/127.0.0.1:60824 - R:localhost/127.0.0.1:15965]' for 'POST' to 'http://localhost:15965/session/1e974bd806e454f0700a98f638ee2997/element'
19:20:36.552 [Forwarding findElement on session 1e974bd806e454f0700a98f638ee2997 to remote] DEBUG org.asynchttpclient.netty.request.NettyRequestSender - Using open Channel [id: 0x1bbe2821, L:/127.0.0.1:60824 - R:localhost/127.0.0.1:15965] for POST '/session/1e974bd806e454f0700a98f638ee2997/element'
19:20:36.562 [AsyncHttpClient-1-11] DEBUG org.asynchttpclient.netty.handler.HttpHandler - 

Request DefaultHttpRequest(decodeResult: success, version: HTTP/1.1)
POST /session/1e974bd806e454f0700a98f638ee2997/element HTTP/1.1
User-Agent: selenium/4.8.1 (java windows)
Content-Length: 84
Content-Type: application/json; charset=utf-8
host: localhost:15965
accept: */*

Response DefaultHttpResponse(decodeResult: success, version: HTTP/1.1)
HTTP/1.1 200 OK
Content-Length: 94
Content-Type: application/json; charset=utf-8
cache-control: no-cache

19:20:36.562 [AsyncHttpClient-1-11] DEBUG org.asynchttpclient.netty.channel.ChannelManager - Adding key: http://localhost:15965 for channel [id: 0x1bbe2821, L:/127.0.0.1:60824 - R:localhost/127.0.0.1:15965]
19:20:36.563 [Forwarding getElementTagName on session 1e974bd806e454f0700a98f638ee2997 to remote] DEBUG org.asynchttpclient.netty.request.NettyRequestSender - Using pooled Channel '[id: 0x1bbe2821, L:/127.0.0.1:60824 - R:localhost/127.0.0.1:15965]' for 'GET' to 'http://localhost:15965/session/1e974bd806e454f0700a98f638ee2997/element/7B9440C28F930D3C77E3DF20AA8800D0_element_5/name'
19:20:36.563 [Forwarding getElementTagName on session 1e974bd806e454f0700a98f638ee2997 to remote] DEBUG org.asynchttpclient.netty.request.NettyRequestSender - Using open Channel [id: 0x1bbe2821, L:/127.0.0.1:60824 - R:localhost/127.0.0.1:15965] for GET '/session/1e974bd806e454f0700a98f638ee2997/element/7B9440C28F930D3C77E3DF20AA8800D0_element_5/name'
19:20:36.568 [AsyncHttpClient-1-11] DEBUG org.asynchttpclient.netty.handler.HttpHandler - 

Request DefaultFullHttpRequest(decodeResult: success, version: HTTP/1.1, content: EmptyByteBufBE)
GET /session/1e974bd806e454f0700a98f638ee2997/element/7B9440C28F930D3C77E3DF20AA8800D0_element_5/name HTTP/1.1
User-Agent: selenium/4.8.1 (java windows)
Cache-Control: no-cache
Content-Type: application/json; charset=utf-8
host: localhost:15965
accept: */*

Response DefaultHttpResponse(decodeResult: success, version: HTTP/1.1)
HTTP/1.1 200 OK
Content-Length: 13
Content-Type: application/json; charset=utf-8
cache-control: no-cache

19:20:36.568 [AsyncHttpClient-1-11] DEBUG org.asynchttpclient.netty.channel.ChannelManager - Adding key: http://localhost:15965 for channel [id: 0x1bbe2821, L:/127.0.0.1:60824 - R:localhost/127.0.0.1:15965]
19:20:36.569 [Forwarding getElementTagName on session 1e974bd806e454f0700a98f638ee2997 to remote] DEBUG org.asynchttpclient.netty.request.NettyRequestSender - Using pooled Channel '[id: 0x1bbe2821, L:/127.0.0.1:60824 - R:localhost/127.0.0.1:15965]' for 'GET' to 'http://localhost:15965/session/1e974bd806e454f0700a98f638ee2997/element/7B9440C28F930D3C77E3DF20AA8800D0_element_5/name'
19:20:36.569 [Forwarding getElementTagName on session 1e974bd806e454f0700a98f638ee2997 to remote] DEBUG org.asynchttpclient.netty.request.NettyRequestSender - Using open Channel [id: 0x1bbe2821, L:/127.0.0.1:60824 - R:localhost/127.0.0.1:15965] for GET '/session/1e974bd806e454f0700a98f638ee2997/element/7B9440C28F930D3C77E3DF20AA8800D0_element_5/name'
19:20:36.574 [AsyncHttpClient-1-11] DEBUG org.asynchttpclient.netty.handler.HttpHandler - 

Request DefaultFullHttpRequest(decodeResult: success, version: HTTP/1.1, content: EmptyByteBufBE)
GET /session/1e974bd806e454f0700a98f638ee2997/element/7B9440C28F930D3C77E3DF20AA8800D0_element_5/name HTTP/1.1
User-Agent: selenium/4.8.1 (java windows)
Cache-Control: no-cache
Content-Type: application/json; charset=utf-8
host: localhost:15965
accept: */*

Response DefaultHttpResponse(decodeResult: success, version: HTTP/1.1)
HTTP/1.1 200 OK
Content-Length: 13
Content-Type: application/json; charset=utf-8
cache-control: no-cache

19:20:36.574 [AsyncHttpClient-1-11] DEBUG org.asynchttpclient.netty.channel.ChannelManager - Adding key: http://localhost:15965 for channel [id: 0x1bbe2821, L:/127.0.0.1:60824 - R:localhost/127.0.0.1:15965]
19:20:36.576 [Forwarding findElement on session 1e974bd806e454f0700a98f638ee2997 to remote] DEBUG org.asynchttpclient.netty.request.NettyRequestSender - Using pooled Channel '[id: 0x1bbe2821, L:/127.0.0.1:60824 - R:localhost/127.0.0.1:15965]' for 'POST' to 'http://localhost:15965/session/1e974bd806e454f0700a98f638ee2997/element'
19:20:36.576 [Forwarding findElement on session 1e974bd806e454f0700a98f638ee2997 to remote] DEBUG org.asynchttpclient.netty.request.NettyRequestSender - Using open Channel [id: 0x1bbe2821, L:/127.0.0.1:60824 - R:localhost/127.0.0.1:15965] for POST '/session/1e974bd806e454f0700a98f638ee2997/element'
19:20:36.584 [AsyncHttpClient-1-11] DEBUG org.asynchttpclient.netty.handler.HttpHandler - 

Request DefaultHttpRequest(decodeResult: success, version: HTTP/1.1)
POST /session/1e974bd806e454f0700a98f638ee2997/element HTTP/1.1
User-Agent: selenium/4.8.1 (java windows)
Content-Length: 84
Content-Type: application/json; charset=utf-8
host: localhost:15965
accept: */*

Response DefaultHttpResponse(decodeResult: success, version: HTTP/1.1)
HTTP/1.1 200 OK
Content-Length: 94
Content-Type: application/json; charset=utf-8
cache-control: no-cache

19:20:36.584 [AsyncHttpClient-1-11] DEBUG org.asynchttpclient.netty.channel.ChannelManager - Adding key: http://localhost:15965 for channel [id: 0x1bbe2821, L:/127.0.0.1:60824 - R:localhost/127.0.0.1:15965]
19:20:36.585 [Forwarding clickElement on session 1e974bd806e454f0700a98f638ee2997 to remote] DEBUG org.asynchttpclient.netty.request.NettyRequestSender - Using pooled Channel '[id: 0x1bbe2821, L:/127.0.0.1:60824 - R:localhost/127.0.0.1:15965]' for 'POST' to 'http://localhost:15965/session/1e974bd806e454f0700a98f638ee2997/element/7B9440C28F930D3C77E3DF20AA8800D0_element_5/click'
19:20:36.585 [Forwarding clickElement on session 1e974bd806e454f0700a98f638ee2997 to remote] DEBUG org.asynchttpclient.netty.request.NettyRequestSender - Using open Channel [id: 0x1bbe2821, L:/127.0.0.1:60824 - R:localhost/127.0.0.1:15965] for POST '/session/1e974bd806e454f0700a98f638ee2997/element/7B9440C28F930D3C77E3DF20AA8800D0_element_5/click'
19:20:36.697 [AsyncHttpClient-1-11] DEBUG org.asynchttpclient.netty.handler.HttpHandler - 

Request DefaultHttpRequest(decodeResult: success, version: HTTP/1.1)
POST /session/1e974bd806e454f0700a98f638ee2997/element/7B9440C28F930D3C77E3DF20AA8800D0_element_5/click HTTP/1.1
User-Agent: selenium/4.8.1 (java windows)
Content-Length: 56
Content-Type: application/json; charset=utf-8
host: localhost:15965
accept: */*

Response DefaultHttpResponse(decodeResult: success, version: HTTP/1.1)
HTTP/1.1 200 OK
Content-Length: 14
Content-Type: application/json; charset=utf-8
cache-control: no-cache

19:20:36.697 [AsyncHttpClient-1-11] DEBUG org.asynchttpclient.netty.channel.ChannelManager - Adding key: http://localhost:15965 for channel [id: 0x1bbe2821, L:/127.0.0.1:60824 - R:localhost/127.0.0.1:15965]
19:20:36.703 [Forwarding getAlertText on session 1e974bd806e454f0700a98f638ee2997 to remote] DEBUG org.asynchttpclient.netty.request.NettyRequestSender - Using pooled Channel '[id: 0x1bbe2821, L:/127.0.0.1:60824 - R:localhost/127.0.0.1:15965]' for 'GET' to 'http://localhost:15965/session/1e974bd806e454f0700a98f638ee2997/alert/text'
19:20:36.703 [Forwarding getAlertText on session 1e974bd806e454f0700a98f638ee2997 to remote] DEBUG org.asynchttpclient.netty.request.NettyRequestSender - Using open Channel [id: 0x1bbe2821, L:/127.0.0.1:60824 - R:localhost/127.0.0.1:15965] for GET '/session/1e974bd806e454f0700a98f638ee2997/alert/text'
19:20:36.705 [AsyncHttpClient-1-11] DEBUG org.asynchttpclient.netty.handler.HttpHandler - 

Request DefaultFullHttpRequest(decodeResult: success, version: HTTP/1.1, content: EmptyByteBufBE)
GET /session/1e974bd806e454f0700a98f638ee2997/alert/text HTTP/1.1
User-Agent: selenium/4.8.1 (java windows)
Cache-Control: no-cache
Content-Type: application/json; charset=utf-8
host: localhost:15965
accept: */*

Response DefaultHttpResponse(decodeResult: success, version: HTTP/1.1)
HTTP/1.1 404 Not Found
Content-Length: 847
Content-Type: application/json; charset=utf-8
cache-control: no-cache

19:20:36.705 [AsyncHttpClient-1-11] DEBUG org.asynchttpclient.netty.channel.ChannelManager - Adding key: http://localhost:15965 for channel [id: 0x1bbe2821, L:/127.0.0.1:60824 - R:localhost/127.0.0.1:15965]
19:20:36.706 [Forwarding getCurrentUrl on session 1e974bd806e454f0700a98f638ee2997 to remote] DEBUG org.asynchttpclient.netty.request.NettyRequestSender - Using pooled Channel '[id: 0x1bbe2821, L:/127.0.0.1:60824 - R:localhost/127.0.0.1:15965]' for 'GET' to 'http://localhost:15965/session/1e974bd806e454f0700a98f638ee2997/url'
19:20:36.706 [Forwarding getCurrentUrl on session 1e974bd806e454f0700a98f638ee2997 to remote] DEBUG org.asynchttpclient.netty.request.NettyRequestSender - Using open Channel [id: 0x1bbe2821, L:/127.0.0.1:60824 - R:localhost/127.0.0.1:15965] for GET '/session/1e974bd806e454f0700a98f638ee2997/url'
19:20:36.711 [AsyncHttpClient-1-11] DEBUG org.asynchttpclient.netty.handler.HttpHandler - 

Request DefaultFullHttpRequest(decodeResult: success, version: HTTP/1.1, content: EmptyByteBufBE)
GET /session/1e974bd806e454f0700a98f638ee2997/url HTTP/1.1
User-Agent: selenium/4.8.1 (java windows)
Cache-Control: no-cache
Content-Type: application/json; charset=utf-8
host: localhost:15965
accept: */*

Response DefaultHttpResponse(decodeResult: success, version: HTTP/1.1)
HTTP/1.1 200 OK
Content-Length: 54
Content-Type: application/json; charset=utf-8
cache-control: no-cache

19:20:36.711 [AsyncHttpClient-1-11] DEBUG org.asynchttpclient.netty.channel.ChannelManager - Adding key: http://localhost:15965 for channel [id: 0x1bbe2821, L:/127.0.0.1:60824 - R:localhost/127.0.0.1:15965]
19:20:36.712 [Forwarding screenshot on session 1e974bd806e454f0700a98f638ee2997 to remote] DEBUG org.asynchttpclient.netty.request.NettyRequestSender - Using pooled Channel '[id: 0x1bbe2821, L:/127.0.0.1:60824 - R:localhost/127.0.0.1:15965]' for 'GET' to 'http://localhost:15965/session/1e974bd806e454f0700a98f638ee2997/screenshot'
19:20:36.712 [Forwarding screenshot on session 1e974bd806e454f0700a98f638ee2997 to remote] DEBUG org.asynchttpclient.netty.request.NettyRequestSender - Using open Channel [id: 0x1bbe2821, L:/127.0.0.1:60824 - R:localhost/127.0.0.1:15965] for GET '/session/1e974bd806e454f0700a98f638ee2997/screenshot'
19:20:36.895 [AsyncHttpClient-1-11] DEBUG org.asynchttpclient.netty.handler.HttpHandler - 

Request DefaultFullHttpRequest(decodeResult: success, version: HTTP/1.1, content: EmptyByteBufBE)
GET /session/1e974bd806e454f0700a98f638ee2997/screenshot HTTP/1.1
User-Agent: selenium/4.8.1 (java windows)
Cache-Control: no-cache
Content-Type: application/json; charset=utf-8
host: localhost:15965
accept: */*

Response DefaultHttpResponse(decodeResult: success, version: HTTP/1.1)
HTTP/1.1 200 OK
Content-Length: 37536
Content-Type: application/json; charset=utf-8
cache-control: no-cache

19:20:36.896 [AsyncHttpClient-1-11] DEBUG org.asynchttpclient.netty.channel.ChannelManager - Adding key: http://localhost:15965 for channel [id: 0x1bbe2821, L:/127.0.0.1:60824 - R:localhost/127.0.0.1:15965]
19:20:36.899 [main] DEBUG net.serenitybdd.core.photography.Darkroom - Send negative for processing for target\site\serenity\826057b3d31f13d94091684acb27c51b8fc01d1df21bacae14a5abaabf2afbee.png
19:20:36.899 [main] DEBUG net.thucydides.core.steps.StepInterceptor - STEP DONE: clickRegisterLink
  &amp#27;[32mWhen &amp#27;[0m&amp#27;[32mI go to the alta-shop register page&amp#27;[0m     &amp#27;[90m# starter.stepdefinitions.RegisterSteps.clickLoginButton()&amp#27;[0m
19:20:36.899 [Darkroom Processing Line] DEBUG net.serenitybdd.core.photography.DarkroomProcessingLine - Processing screenshot image in /var/screenshots/screenshot-718530962469309484
19:20:36.899 [Darkroom Processing Line] DEBUG net.serenitybdd.core.photography.DarkroomProcessingLine - Saving screenshot to target\site\serenity\826057b3d31f13d94091684acb27c51b8fc01d1df21bacae14a5abaabf2afbee.png
19:20:36.913 [Forwarding getPageSource on session 1e974bd806e454f0700a98f638ee2997 to remote] DEBUG org.asynchttpclient.netty.request.NettyRequestSender - Using pooled Channel '[id: 0x1bbe2821, L:/127.0.0.1:60824 - R:localhost/127.0.0.1:15965]' for 'POST' to 'http://localhost:15965/session/1e974bd806e454f0700a98f638ee2997/execute/sync'
19:20:36.913 [Forwarding getPageSource on session 1e974bd806e454f0700a98f638ee2997 to remote] DEBUG org.asynchttpclient.netty.request.NettyRequestSender - Using open Channel [id: 0x1bbe2821, L:/127.0.0.1:60824 - R:localhost/127.0.0.1:15965] for POST '/session/1e974bd806e454f0700a98f638ee2997/execute/sync'
19:20:36.945 [AsyncHttpClient-1-11] DEBUG org.asynchttpclient.netty.handler.HttpHandler - 

Request DefaultHttpRequest(decodeResult: success, version: HTTP/1.1)
POST /session/1e974bd806e454f0700a98f638ee2997/execute/sync HTTP/1.1
User-Agent: selenium/4.8.1 (java windows)
Content-Length: 176
Content-Type: application/json; charset=utf-8
host: localhost:15965
accept: */*

Response DefaultHttpResponse(decodeResult: success, version: HTTP/1.1)
HTTP/1.1 200 OK
Content-Length: 22314
Content-Type: application/json; charset=utf-8
cache-control: no-cache

19:20:36.946 [AsyncHttpClient-1-11] DEBUG org.asynchttpclient.netty.channel.ChannelManager - Adding key: http://localhost:15965 for channel [id: 0x1bbe2821, L:/127.0.0.1:60824 - R:localhost/127.0.0.1:15965]
19:20:36.948 [Forwarding getCurrentUrl on session 1e974bd806e454f0700a98f638ee2997 to remote] DEBUG org.asynchttpclient.netty.request.NettyRequestSender - Using pooled Channel '[id: 0x1bbe2821, L:/127.0.0.1:60824 - R:localhost/127.0.0.1:15965]' for 'GET' to 'http://localhost:15965/session/1e974bd806e454f0700a98f638ee2997/url'
19:20:36.948 [Forwarding getCurrentUrl on session 1e974bd806e454f0700a98f638ee2997 to remote] DEBUG org.asynchttpclient.netty.request.NettyRequestSender - Using open Channel [id: 0x1bbe2821, L:/127.0.0.1:60824 - R:localhost/127.0.0.1:15965] for GET '/session/1e974bd806e454f0700a98f638ee2997/url'
19:20:36.952 [AsyncHttpClient-1-11] DEBUG org.asynchttpclient.netty.handler.HttpHandler - 

Request DefaultFullHttpRequest(decodeResult: success, version: HTTP/1.1, content: EmptyByteBufBE)
GET /session/1e974bd806e454f0700a98f638ee2997/url HTTP/1.1
User-Agent: selenium/4.8.1 (java windows)
Cache-Control: no-cache
Content-Type: application/json; charset=utf-8
host: localhost:15965
accept: */*

Response DefaultHttpResponse(decodeResult: success, version: HTTP/1.1)
HTTP/1.1 200 OK
Content-Length: 54
Content-Type: application/json; charset=utf-8
cache-control: no-cache

19:20:36.953 [AsyncHttpClient-1-11] DEBUG org.asynchttpclient.netty.channel.ChannelManager - Adding key: http://localhost:15965 for channel [id: 0x1bbe2821, L:/127.0.0.1:60824 - R:localhost/127.0.0.1:15965]
19:20:36.964 [Forwarding getAlertText on session 1e974bd806e454f0700a98f638ee2997 to remote] DEBUG org.asynchttpclient.netty.request.NettyRequestSender - Using pooled Channel '[id: 0x1bbe2821, L:/127.0.0.1:60824 - R:localhost/127.0.0.1:15965]' for 'GET' to 'http://localhost:15965/session/1e974bd806e454f0700a98f638ee2997/alert/text'
19:20:36.964 [Forwarding getAlertText on session 1e974bd806e454f0700a98f638ee2997 to remote] DEBUG org.asynchttpclient.netty.request.NettyRequestSender - Using open Channel [id: 0x1bbe2821, L:/127.0.0.1:60824 - R:localhost/127.0.0.1:15965] for GET '/session/1e974bd806e454f0700a98f638ee2997/alert/text'
19:20:36.966 [AsyncHttpClient-1-11] DEBUG org.asynchttpclient.netty.handler.HttpHandler - 

Request DefaultFullHttpRequest(decodeResult: success, version: HTTP/1.1, content: EmptyByteBufBE)
GET /session/1e974bd806e454f0700a98f638ee2997/alert/text HTTP/1.1
User-Agent: selenium/4.8.1 (java windows)
Cache-Control: no-cache
Content-Type: application/json; charset=utf-8
host: localhost:15965
accept: */*

Response DefaultHttpResponse(decodeResult: success, version: HTTP/1.1)
HTTP/1.1 404 Not Found
Content-Length: 847
Content-Type: application/json; charset=utf-8
cache-control: no-cache

19:20:36.967 [AsyncHttpClient-1-11] DEBUG org.asynchttpclient.netty.channel.ChannelManager - Adding key: http://localhost:15965 for channel [id: 0x1bbe2821, L:/127.0.0.1:60824 - R:localhost/127.0.0.1:15965]
19:20:36.968 [Forwarding getCurrentUrl on session 1e974bd806e454f0700a98f638ee2997 to remote] DEBUG org.asynchttpclient.netty.request.NettyRequestSender - Using pooled Channel '[id: 0x1bbe2821, L:/127.0.0.1:60824 - R:localhost/127.0.0.1:15965]' for 'GET' to 'http://localhost:15965/session/1e974bd806e454f0700a98f638ee2997/url'
19:20:36.968 [Forwarding getCurrentUrl on session 1e974bd806e454f0700a98f638ee2997 to remote] DEBUG org.asynchttpclient.netty.request.NettyRequestSender - Using open Channel [id: 0x1bbe2821, L:/127.0.0.1:60824 - R:localhost/127.0.0.1:15965] for GET '/session/1e974bd806e454f0700a98f638ee2997/url'
19:20:36.985 [AsyncHttpClient-1-11] DEBUG org.asynchttpclient.netty.handler.HttpHandler - 

Request DefaultFullHttpRequest(decodeResult: success, version: HTTP/1.1, content: EmptyByteBufBE)
GET /session/1e974bd806e454f0700a98f638ee2997/url HTTP/1.1
User-Agent: selenium/4.8.1 (java windows)
Cache-Control: no-cache
Content-Type: application/json; charset=utf-8
host: localhost:15965
accept: */*

Response DefaultHttpResponse(decodeResult: success, version: HTTP/1.1)
HTTP/1.1 200 OK
Content-Length: 54
Content-Type: application/json; charset=utf-8
cache-control: no-cache

19:20:36.985 [AsyncHttpClient-1-11] DEBUG org.asynchttpclient.netty.channel.ChannelManager - Adding key: http://localhost:15965 for channel [id: 0x1bbe2821, L:/127.0.0.1:60824 - R:localhost/127.0.0.1:15965]
19:20:36.986 [Forwarding screenshot on session 1e974bd806e454f0700a98f638ee2997 to remote] DEBUG org.asynchttpclient.netty.request.NettyRequestSender - Using pooled Channel '[id: 0x1bbe2821, L:/127.0.0.1:60824 - R:localhost/127.0.0.1:15965]' for 'GET' to 'http://localhost:15965/session/1e974bd806e454f0700a98f638ee2997/screenshot'
19:20:36.986 [Forwarding screenshot on session 1e974bd806e454f0700a98f638ee2997 to remote] DEBUG org.asynchttpclient.netty.request.NettyRequestSender - Using open Channel [id: 0x1bbe2821, L:/127.0.0.1:60824 - R:localhost/127.0.0.1:15965] for GET '/session/1e974bd806e454f0700a98f638ee2997/screenshot'
19:20:37.140 [AsyncHttpClient-1-11] DEBUG org.asynchttpclient.netty.handler.HttpHandler - 

Request DefaultFullHttpRequest(decodeResult: success, version: HTTP/1.1, content: EmptyByteBufBE)
GET /session/1e974bd806e454f0700a98f638ee2997/screenshot HTTP/1.1
User-Agent: selenium/4.8.1 (java windows)
Cache-Control: no-cache
Content-Type: application/json; charset=utf-8
host: localhost:15965
accept: */*

Response DefaultHttpResponse(decodeResult: success, version: HTTP/1.1)
HTTP/1.1 200 OK
Content-Length: 37532
Content-Type: application/json; charset=utf-8
cache-control: no-cache

19:20:37.140 [AsyncHttpClient-1-11] DEBUG org.asynchttpclient.netty.channel.ChannelManager - Adding key: http://localhost:15965 for channel [id: 0x1bbe2821, L:/127.0.0.1:60824 - R:localhost/127.0.0.1:15965]
19:20:37.142 [main] DEBUG net.serenitybdd.core.photography.Darkroom - Send negative for processing for target\site\serenity\ecc6ab840bda103f95e4734b07ad45198a4ee20fb87be22f021a10030494e1ba.png
19:20:37.143 [Forwarding getPageSource on session 1e974bd806e454f0700a98f638ee2997 to remote] DEBUG org.asynchttpclient.netty.request.NettyRequestSender - Using pooled Channel '[id: 0x1bbe2821, L:/127.0.0.1:60824 - R:localhost/127.0.0.1:15965]' for 'POST' to 'http://localhost:15965/session/1e974bd806e454f0700a98f638ee2997/execute/sync'
19:20:37.143 [Forwarding getPageSource on session 1e974bd806e454f0700a98f638ee2997 to remote] DEBUG org.asynchttpclient.netty.request.NettyRequestSender - Using open Channel [id: 0x1bbe2821, L:/127.0.0.1:60824 - R:localhost/127.0.0.1:15965] for POST '/session/1e974bd806e454f0700a98f638ee2997/execute/sync'
19:20:37.148 [AsyncHttpClient-1-11] DEBUG org.asynchttpclient.netty.handler.HttpHandler - 

Request DefaultHttpRequest(decodeResult: success, version: HTTP/1.1)
POST /session/1e974bd806e454f0700a98f638ee2997/execute/sync HTTP/1.1
User-Agent: selenium/4.8.1 (java windows)
Content-Length: 176
Content-Type: application/json; charset=utf-8
host: localhost:15965
accept: */*

Response DefaultHttpResponse(decodeResult: success, version: HTTP/1.1)
HTTP/1.1 200 OK
Content-Length: 22314
Content-Type: application/json; charset=utf-8
cache-control: no-cache

19:20:37.149 [AsyncHttpClient-1-11] DEBUG org.asynchttpclient.netty.channel.ChannelManager - Adding key: http://localhost:15965 for channel [id: 0x1bbe2821, L:/127.0.0.1:60824 - R:localhost/127.0.0.1:15965]
19:20:37.152 [Forwarding getCurrentUrl on session 1e974bd806e454f0700a98f638ee2997 to remote] DEBUG org.asynchttpclient.netty.request.NettyRequestSender - Using pooled Channel '[id: 0x1bbe2821, L:/127.0.0.1:60824 - R:localhost/127.0.0.1:15965]' for 'GET' to 'http://localhost:15965/session/1e974bd806e454f0700a98f638ee2997/url'
19:20:37.152 [Forwarding getCurrentUrl on session 1e974bd806e454f0700a98f638ee2997 to remote] DEBUG org.asynchttpclient.netty.request.NettyRequestSender - Using open Channel [id: 0x1bbe2821, L:/127.0.0.1:60824 - R:localhost/127.0.0.1:15965] for GET '/session/1e974bd806e454f0700a98f638ee2997/url'
19:20:37.157 [AsyncHttpClient-1-11] DEBUG org.asynchttpclient.netty.handler.HttpHandler - 

Request DefaultFullHttpRequest(decodeResult: success, version: HTTP/1.1, content: EmptyByteBufBE)
GET /session/1e974bd806e454f0700a98f638ee2997/url HTTP/1.1
User-Agent: selenium/4.8.1 (java windows)
Cache-Control: no-cache
Content-Type: application/json; charset=utf-8
host: localhost:15965
accept: */*

Response DefaultHttpResponse(decodeResult: success, version: HTTP/1.1)
HTTP/1.1 200 OK
Content-Length: 54
Content-Type: application/json; charset=utf-8
cache-control: no-cache

19:20:37.157 [AsyncHttpClient-1-11] DEBUG org.asynchttpclient.netty.channel.ChannelManager - Adding key: http://localhost:15965 for channel [id: 0x1bbe2821, L:/127.0.0.1:60824 - R:localhost/127.0.0.1:15965]
19:20:37.159 [main] DEBUG net.thucydides.core.steps.StepInterceptor - STARTING STEP: RegisterSteps.inputFullnameReg - inputFullnameReg
19:20:37.161 [Forwarding findElement on session 1e974bd806e454f0700a98f638ee2997 to remote] DEBUG org.asynchttpclient.netty.request.NettyRequestSender - Using pooled Channel '[id: 0x1bbe2821, L:/127.0.0.1:60824 - R:localhost/127.0.0.1:15965]' for 'POST' to 'http://localhost:15965/session/1e974bd806e454f0700a98f638ee2997/element'
19:20:37.161 [Forwarding findElement on session 1e974bd806e454f0700a98f638ee2997 to remote] DEBUG org.asynchttpclient.netty.request.NettyRequestSender - Using open Channel [id: 0x1bbe2821, L:/127.0.0.1:60824 - R:localhost/127.0.0.1:15965] for POST '/session/1e974bd806e454f0700a98f638ee2997/element'
19:20:37.172 [AsyncHttpClient-1-11] DEBUG org.asynchttpclient.netty.handler.HttpHandler - 

Request DefaultHttpRequest(decodeResult: success, version: HTTP/1.1)
POST /session/1e974bd806e454f0700a98f638ee2997/element HTTP/1.1
User-Agent: selenium/4.8.1 (java windows)
Content-Length: 55
Content-Type: application/json; charset=utf-8
host: localhost:15965
accept: */*

Response DefaultHttpResponse(decodeResult: success, version: HTTP/1.1)
HTTP/1.1 200 OK
Content-Length: 94
Content-Type: application/json; charset=utf-8
cache-control: no-cache

19:20:37.172 [AsyncHttpClient-1-11] DEBUG org.asynchttpclient.netty.channel.ChannelManager - Adding key: http://localhost:15965 for channel [id: 0x1bbe2821, L:/127.0.0.1:60824 - R:localhost/127.0.0.1:15965]
19:20:37.173 [Forwarding clearElement on session 1e974bd806e454f0700a98f638ee2997 to remote] DEBUG org.asynchttpclient.netty.request.NettyRequestSender - Using pooled Channel '[id: 0x1bbe2821, L:/127.0.0.1:60824 - R:localhost/127.0.0.1:15965]' for 'POST' to 'http://localhost:15965/session/1e974bd806e454f0700a98f638ee2997/element/7B9440C28F930D3C77E3DF20AA8800D0_element_6/clear'
19:20:37.173 [Forwarding clearElement on session 1e974bd806e454f0700a98f638ee2997 to remote] DEBUG org.asynchttpclient.netty.request.NettyRequestSender - Using open Channel [id: 0x1bbe2821, L:/127.0.0.1:60824 - R:localhost/127.0.0.1:15965] for POST '/session/1e974bd806e454f0700a98f638ee2997/element/7B9440C28F930D3C77E3DF20AA8800D0_element_6/clear'
19:20:37.205 [AsyncHttpClient-1-11] DEBUG org.asynchttpclient.netty.handler.HttpHandler - 

Request DefaultHttpRequest(decodeResult: success, version: HTTP/1.1)
POST /session/1e974bd806e454f0700a98f638ee2997/element/7B9440C28F930D3C77E3DF20AA8800D0_element_6/clear HTTP/1.1
User-Agent: selenium/4.8.1 (java windows)
Content-Length: 56
Content-Type: application/json; charset=utf-8
host: localhost:15965
accept: */*

Response DefaultHttpResponse(decodeResult: success, version: HTTP/1.1)
HTTP/1.1 200 OK
Content-Length: 14
Content-Type: application/json; charset=utf-8
cache-control: no-cache

19:20:37.205 [AsyncHttpClient-1-11] DEBUG org.asynchttpclient.netty.channel.ChannelManager - Adding key: http://localhost:15965 for channel [id: 0x1bbe2821, L:/127.0.0.1:60824 - R:localhost/127.0.0.1:15965]
19:20:37.207 [Forwarding sendKeysToElement on session 1e974bd806e454f0700a98f638ee2997 to remote] DEBUG org.asynchttpclient.netty.request.NettyRequestSender - Using pooled Channel '[id: 0x1bbe2821, L:/127.0.0.1:60824 - R:localhost/127.0.0.1:15965]' for 'POST' to 'http://localhost:15965/session/1e974bd806e454f0700a98f638ee2997/element/7B9440C28F930D3C77E3DF20AA8800D0_element_6/value'
19:20:37.207 [Forwarding sendKeysToElement on session 1e974bd806e454f0700a98f638ee2997 to remote] DEBUG org.asynchttpclient.netty.request.NettyRequestSender - Using open Channel [id: 0x1bbe2821, L:/127.0.0.1:60824 - R:localhost/127.0.0.1:15965] for POST '/session/1e974bd806e454f0700a98f638ee2997/element/7B9440C28F930D3C77E3DF20AA8800D0_element_6/value'
19:20:37.316 [AsyncHttpClient-1-11] DEBUG org.asynchttpclient.netty.handler.HttpHandler - 

Request DefaultHttpRequest(decodeResult: success, version: HTTP/1.1)
POST /session/1e974bd806e454f0700a98f638ee2997/element/7B9440C28F930D3C77E3DF20AA8800D0_element_6/value HTTP/1.1
User-Agent: selenium/4.8.1 (java windows)
Content-Length: 227
Content-Type: application/json; charset=utf-8
host: localhost:15965
accept: */*

Response DefaultHttpResponse(decodeResult: success, version: HTTP/1.1)
HTTP/1.1 200 OK
Content-Length: 14
Content-Type: application/json; charset=utf-8
cache-control: no-cache

19:20:37.317 [AsyncHttpClient-1-11] DEBUG org.asynchttpclient.netty.channel.ChannelManager - Adding key: http://localhost:15965 for channel [id: 0x1bbe2821, L:/127.0.0.1:60824 - R:localhost/127.0.0.1:15965]
19:20:37.321 [Forwarding getAlertText on session 1e974bd806e454f0700a98f638ee2997 to remote] DEBUG org.asynchttpclient.netty.request.NettyRequestSender - Using pooled Channel '[id: 0x1bbe2821, L:/127.0.0.1:60824 - R:localhost/127.0.0.1:15965]' for 'GET' to 'http://localhost:15965/session/1e974bd806e454f0700a98f638ee2997/alert/text'
19:20:37.321 [Forwarding getAlertText on session 1e974bd806e454f0700a98f638ee2997 to remote] DEBUG org.asynchttpclient.netty.request.NettyRequestSender - Using open Channel [id: 0x1bbe2821, L:/127.0.0.1:60824 - R:localhost/127.0.0.1:15965] for GET '/session/1e974bd806e454f0700a98f638ee2997/alert/text'
19:20:37.322 [AsyncHttpClient-1-11] DEBUG org.asynchttpclient.netty.handler.HttpHandler - 

Request DefaultFullHttpRequest(decodeResult: success, version: HTTP/1.1, content: EmptyByteBufBE)
GET /session/1e974bd806e454f0700a98f638ee2997/alert/text HTTP/1.1
User-Agent: selenium/4.8.1 (java windows)
Cache-Control: no-cache
Content-Type: application/json; charset=utf-8
host: localhost:15965
accept: */*

Response DefaultHttpResponse(decodeResult: success, version: HTTP/1.1)
HTTP/1.1 404 Not Found
Content-Length: 847
Content-Type: application/json; charset=utf-8
cache-control: no-cache

19:20:37.322 [AsyncHttpClient-1-11] DEBUG org.asynchttpclient.netty.channel.ChannelManager - Adding key: http://localhost:15965 for channel [id: 0x1bbe2821, L:/127.0.0.1:60824 - R:localhost/127.0.0.1:15965]
19:20:37.322 [Forwarding getCurrentUrl on session 1e974bd806e454f0700a98f638ee2997 to remote] DEBUG org.asynchttpclient.netty.request.NettyRequestSender - Using pooled Channel '[id: 0x1bbe2821, L:/127.0.0.1:60824 - R:localhost/127.0.0.1:15965]' for 'GET' to 'http://localhost:15965/session/1e974bd806e454f0700a98f638ee2997/url'
19:20:37.322 [Forwarding getCurrentUrl on session 1e974bd806e454f0700a98f638ee2997 to remote] DEBUG org.asynchttpclient.netty.request.NettyRequestSender - Using open Channel [id: 0x1bbe2821, L:/127.0.0.1:60824 - R:localhost/127.0.0.1:15965] for GET '/session/1e974bd806e454f0700a98f638ee2997/url'
19:20:37.326 [AsyncHttpClient-1-11] DEBUG org.asynchttpclient.netty.handler.HttpHandler - 

Request DefaultFullHttpRequest(decodeResult: success, version: HTTP/1.1, content: EmptyByteBufBE)
GET /session/1e974bd806e454f0700a98f638ee2997/url HTTP/1.1
User-Agent: selenium/4.8.1 (java windows)
Cache-Control: no-cache
Content-Type: application/json; charset=utf-8
host: localhost:15965
accept: */*

Response DefaultHttpResponse(decodeResult: success, version: HTTP/1.1)
HTTP/1.1 200 OK
Content-Length: 54
Content-Type: application/json; charset=utf-8
cache-control: no-cache

19:20:37.326 [AsyncHttpClient-1-11] DEBUG org.asynchttpclient.netty.channel.ChannelManager - Adding key: http://localhost:15965 for channel [id: 0x1bbe2821, L:/127.0.0.1:60824 - R:localhost/127.0.0.1:15965]
19:20:37.327 [Forwarding screenshot on session 1e974bd806e454f0700a98f638ee2997 to remote] DEBUG org.asynchttpclient.netty.request.NettyRequestSender - Using pooled Channel '[id: 0x1bbe2821, L:/127.0.0.1:60824 - R:localhost/127.0.0.1:15965]' for 'GET' to 'http://localhost:15965/session/1e974bd806e454f0700a98f638ee2997/screenshot'
19:20:37.327 [Forwarding screenshot on session 1e974bd806e454f0700a98f638ee2997 to remote] DEBUG org.asynchttpclient.netty.request.NettyRequestSender - Using open Channel [id: 0x1bbe2821, L:/127.0.0.1:60824 - R:localhost/127.0.0.1:15965] for GET '/session/1e974bd806e454f0700a98f638ee2997/screenshot'
19:20:37.397 [AsyncHttpClient-1-1] DEBUG org.asynchttpclient.netty.channel.DefaultChannelPool - Entry count for : http://localhost:60825 : 1
19:20:37.541 [AsyncHttpClient-1-11] DEBUG org.asynchttpclient.netty.handler.HttpHandler - 

Request DefaultFullHttpRequest(decodeResult: success, version: HTTP/1.1, content: EmptyByteBufBE)
GET /session/1e974bd806e454f0700a98f638ee2997/screenshot HTTP/1.1
User-Agent: selenium/4.8.1 (java windows)
Cache-Control: no-cache
Content-Type: application/json; charset=utf-8
host: localhost:15965
accept: */*

Response DefaultHttpResponse(decodeResult: success, version: HTTP/1.1)
HTTP/1.1 200 OK
Content-Length: 40980
Content-Type: application/json; charset=utf-8
cache-control: no-cache

19:20:37.541 [AsyncHttpClient-1-11] DEBUG org.asynchttpclient.netty.channel.ChannelManager - Adding key: http://localhost:15965 for channel [id: 0x1bbe2821, L:/127.0.0.1:60824 - R:localhost/127.0.0.1:15965]
19:20:37.544 [main] DEBUG net.serenitybdd.core.photography.Darkroom - Send negative for processing for target\site\serenity\8ee03e55a7b3226ee01c357ee5e277e9f3a4a05dcc4ae1e758fe7c719e92540f.png
19:20:37.544 [main] DEBUG net.thucydides.core.steps.StepInterceptor - STEP DONE: inputFullnameReg
19:20:37.544 [Darkroom Processing Line] DEBUG net.serenitybdd.core.photography.DarkroomProcessingLine - Processing screenshot image in /var/screenshots/screenshot-5753687610962304031
19:20:37.544 [Darkroom Processing Line] DEBUG net.serenitybdd.core.photography.DarkroomProcessingLine - Saving screenshot to target\site\serenity\8ee03e55a7b3226ee01c357ee5e277e9f3a4a05dcc4ae1e758fe7c719e92540f.png
  &amp#27;[32mAnd &amp#27;[0m&amp#27;[32mI input correct fullname for register&amp#27;[0m    &amp#27;[90m# starter.stepdefinitions.RegisterSteps.inputFullnameReg()&amp#27;[0m
19:20:37.555 [Forwarding getPageSource on session 1e974bd806e454f0700a98f638ee2997 to remote] DEBUG org.asynchttpclient.netty.request.NettyRequestSender - Using pooled Channel '[id: 0x1bbe2821, L:/127.0.0.1:60824 - R:localhost/127.0.0.1:15965]' for 'POST' to 'http://localhost:15965/session/1e974bd806e454f0700a98f638ee2997/execute/sync'
19:20:37.555 [Forwarding getPageSource on session 1e974bd806e454f0700a98f638ee2997 to remote] DEBUG org.asynchttpclient.netty.request.NettyRequestSender - Using open Channel [id: 0x1bbe2821, L:/127.0.0.1:60824 - R:localhost/127.0.0.1:15965] for POST '/session/1e974bd806e454f0700a98f638ee2997/execute/sync'
19:20:37.563 [AsyncHttpClient-1-11] DEBUG org.asynchttpclient.netty.handler.HttpHandler - 

Request DefaultHttpRequest(decodeResult: success, version: HTTP/1.1)
POST /session/1e974bd806e454f0700a98f638ee2997/execute/sync HTTP/1.1
User-Agent: selenium/4.8.1 (java windows)
Content-Length: 176
Content-Type: application/json; charset=utf-8
host: localhost:15965
accept: */*

Response DefaultHttpResponse(decodeResult: success, version: HTTP/1.1)
HTTP/1.1 200 OK
Content-Length: 22435
Content-Type: application/json; charset=utf-8
cache-control: no-cache

19:20:37.563 [AsyncHttpClient-1-11] DEBUG org.asynchttpclient.netty.channel.ChannelManager - Adding key: http://localhost:15965 for channel [id: 0x1bbe2821, L:/127.0.0.1:60824 - R:localhost/127.0.0.1:15965]
19:20:37.568 [Forwarding getCurrentUrl on session 1e974bd806e454f0700a98f638ee2997 to remote] DEBUG org.asynchttpclient.netty.request.NettyRequestSender - Using pooled Channel '[id: 0x1bbe2821, L:/127.0.0.1:60824 - R:localhost/127.0.0.1:15965]' for 'GET' to 'http://localhost:15965/session/1e974bd806e454f0700a98f638ee2997/url'
19:20:37.568 [Forwarding getCurrentUrl on session 1e974bd806e454f0700a98f638ee2997 to remote] DEBUG org.asynchttpclient.netty.request.NettyRequestSender - Using open Channel [id: 0x1bbe2821, L:/127.0.0.1:60824 - R:localhost/127.0.0.1:15965] for GET '/session/1e974bd806e454f0700a98f638ee2997/url'
19:20:37.573 [AsyncHttpClient-1-11] DEBUG org.asynchttpclient.netty.handler.HttpHandler - 

Request DefaultFullHttpRequest(decodeResult: success, version: HTTP/1.1, content: EmptyByteBufBE)
GET /session/1e974bd806e454f0700a98f638ee2997/url HTTP/1.1
User-Agent: selenium/4.8.1 (java windows)
Cache-Control: no-cache
Content-Type: application/json; charset=utf-8
host: localhost:15965
accept: */*

Response DefaultHttpResponse(decodeResult: success, version: HTTP/1.1)
HTTP/1.1 200 OK
Content-Length: 54
Content-Type: application/json; charset=utf-8
cache-control: no-cache

19:20:37.573 [AsyncHttpClient-1-11] DEBUG org.asynchttpclient.netty.channel.ChannelManager - Adding key: http://localhost:15965 for channel [id: 0x1bbe2821, L:/127.0.0.1:60824 - R:localhost/127.0.0.1:15965]
19:20:37.585 [Forwarding getPageSource on session 1e974bd806e454f0700a98f638ee2997 to remote] DEBUG org.asynchttpclient.netty.request.NettyRequestSender - Using pooled Channel '[id: 0x1bbe2821, L:/127.0.0.1:60824 - R:localhost/127.0.0.1:15965]' for 'POST' to 'http://localhost:15965/session/1e974bd806e454f0700a98f638ee2997/execute/sync'
19:20:37.585 [Forwarding getPageSource on session 1e974bd806e454f0700a98f638ee2997 to remote] DEBUG org.asynchttpclient.netty.request.NettyRequestSender - Using open Channel [id: 0x1bbe2821, L:/127.0.0.1:60824 - R:localhost/127.0.0.1:15965] for POST '/session/1e974bd806e454f0700a98f638ee2997/execute/sync'
19:20:37.593 [AsyncHttpClient-1-11] DEBUG org.asynchttpclient.netty.handler.HttpHandler - 

Request DefaultHttpRequest(decodeResult: success, version: HTTP/1.1)
POST /session/1e974bd806e454f0700a98f638ee2997/execute/sync HTTP/1.1
User-Agent: selenium/4.8.1 (java windows)
Content-Length: 176
Content-Type: application/json; charset=utf-8
host: localhost:15965
accept: */*

Response DefaultHttpResponse(decodeResult: success, version: HTTP/1.1)
HTTP/1.1 200 OK
Content-Length: 22435
Content-Type: application/json; charset=utf-8
cache-control: no-cache

19:20:37.593 [AsyncHttpClient-1-11] DEBUG org.asynchttpclient.netty.channel.ChannelManager - Adding key: http://localhost:15965 for channel [id: 0x1bbe2821, L:/127.0.0.1:60824 - R:localhost/127.0.0.1:15965]
19:20:37.596 [Forwarding getCurrentUrl on session 1e974bd806e454f0700a98f638ee2997 to remote] DEBUG org.asynchttpclient.netty.request.NettyRequestSender - Using pooled Channel '[id: 0x1bbe2821, L:/127.0.0.1:60824 - R:localhost/127.0.0.1:15965]' for 'GET' to 'http://localhost:15965/session/1e974bd806e454f0700a98f638ee2997/url'
19:20:37.596 [Forwarding getCurrentUrl on session 1e974bd806e454f0700a98f638ee2997 to remote] DEBUG org.asynchttpclient.netty.request.NettyRequestSender - Using open Channel [id: 0x1bbe2821, L:/127.0.0.1:60824 - R:localhost/127.0.0.1:15965] for GET '/session/1e974bd806e454f0700a98f638ee2997/url'
19:20:37.604 [AsyncHttpClient-1-11] DEBUG org.asynchttpclient.netty.handler.HttpHandler - 

Request DefaultFullHttpRequest(decodeResult: success, version: HTTP/1.1, content: EmptyByteBufBE)
GET /session/1e974bd806e454f0700a98f638ee2997/url HTTP/1.1
User-Agent: selenium/4.8.1 (java windows)
Cache-Control: no-cache
Content-Type: application/json; charset=utf-8
host: localhost:15965
accept: */*

Response DefaultHttpResponse(decodeResult: success, version: HTTP/1.1)
HTTP/1.1 200 OK
Content-Length: 54
Content-Type: application/json; charset=utf-8
cache-control: no-cache

19:20:37.605 [AsyncHttpClient-1-11] DEBUG org.asynchttpclient.netty.channel.ChannelManager - Adding key: http://localhost:15965 for channel [id: 0x1bbe2821, L:/127.0.0.1:60824 - R:localhost/127.0.0.1:15965]
19:20:37.607 [main] DEBUG net.thucydides.core.steps.StepInterceptor - STARTING STEP: RegisterSteps.inputEmailReg - inputEmailReg
19:20:37.612 [Forwarding findElement on session 1e974bd806e454f0700a98f638ee2997 to remote] DEBUG org.asynchttpclient.netty.request.NettyRequestSender - Using pooled Channel '[id: 0x1bbe2821, L:/127.0.0.1:60824 - R:localhost/127.0.0.1:15965]' for 'POST' to 'http://localhost:15965/session/1e974bd806e454f0700a98f638ee2997/element'
19:20:37.612 [Forwarding findElement on session 1e974bd806e454f0700a98f638ee2997 to remote] DEBUG org.asynchttpclient.netty.request.NettyRequestSender - Using open Channel [id: 0x1bbe2821, L:/127.0.0.1:60824 - R:localhost/127.0.0.1:15965] for POST '/session/1e974bd806e454f0700a98f638ee2997/element'
19:20:37.632 [AsyncHttpClient-1-11] DEBUG org.asynchttpclient.netty.handler.HttpHandler - 

Request DefaultHttpRequest(decodeResult: success, version: HTTP/1.1)
POST /session/1e974bd806e454f0700a98f638ee2997/element HTTP/1.1
User-Agent: selenium/4.8.1 (java windows)
Content-Length: 55
Content-Type: application/json; charset=utf-8
host: localhost:15965
accept: */*

Response DefaultHttpResponse(decodeResult: success, version: HTTP/1.1)
HTTP/1.1 200 OK
Content-Length: 94
Content-Type: application/json; charset=utf-8
cache-control: no-cache

19:20:37.632 [AsyncHttpClient-1-11] DEBUG org.asynchttpclient.netty.channel.ChannelManager - Adding key: http://localhost:15965 for channel [id: 0x1bbe2821, L:/127.0.0.1:60824 - R:localhost/127.0.0.1:15965]
19:20:37.633 [Forwarding clearElement on session 1e974bd806e454f0700a98f638ee2997 to remote] DEBUG org.asynchttpclient.netty.request.NettyRequestSender - Using pooled Channel '[id: 0x1bbe2821, L:/127.0.0.1:60824 - R:localhost/127.0.0.1:15965]' for 'POST' to 'http://localhost:15965/session/1e974bd806e454f0700a98f638ee2997/element/7B9440C28F930D3C77E3DF20AA8800D0_element_9/clear'
19:20:37.633 [Forwarding clearElement on session 1e974bd806e454f0700a98f638ee2997 to remote] DEBUG org.asynchttpclient.netty.request.NettyRequestSender - Using open Channel [id: 0x1bbe2821, L:/127.0.0.1:60824 - R:localhost/127.0.0.1:15965] for POST '/session/1e974bd806e454f0700a98f638ee2997/element/7B9440C28F930D3C77E3DF20AA8800D0_element_9/clear'
19:20:37.667 [AsyncHttpClient-1-11] DEBUG org.asynchttpclient.netty.handler.HttpHandler - 

Request DefaultHttpRequest(decodeResult: success, version: HTTP/1.1)
POST /session/1e974bd806e454f0700a98f638ee2997/element/7B9440C28F930D3C77E3DF20AA8800D0_element_9/clear HTTP/1.1
User-Agent: selenium/4.8.1 (java windows)
Content-Length: 56
Content-Type: application/json; charset=utf-8
host: localhost:15965
accept: */*

Response DefaultHttpResponse(decodeResult: success, version: HTTP/1.1)
HTTP/1.1 200 OK
Content-Length: 14
Content-Type: application/json; charset=utf-8
cache-control: no-cache

19:20:37.667 [AsyncHttpClient-1-11] DEBUG org.asynchttpclient.netty.channel.ChannelManager - Adding key: http://localhost:15965 for channel [id: 0x1bbe2821, L:/127.0.0.1:60824 - R:localhost/127.0.0.1:15965]
19:20:37.669 [Forwarding sendKeysToElement on session 1e974bd806e454f0700a98f638ee2997 to remote] DEBUG org.asynchttpclient.netty.request.NettyRequestSender - Using pooled Channel '[id: 0x1bbe2821, L:/127.0.0.1:60824 - R:localhost/127.0.0.1:15965]' for 'POST' to 'http://localhost:15965/session/1e974bd806e454f0700a98f638ee2997/element/7B9440C28F930D3C77E3DF20AA8800D0_element_9/value'
19:20:37.669 [Forwarding sendKeysToElement on session 1e974bd806e454f0700a98f638ee2997 to remote] DEBUG org.asynchttpclient.netty.request.NettyRequestSender - Using open Channel [id: 0x1bbe2821, L:/127.0.0.1:60824 - R:localhost/127.0.0.1:15965] for POST '/session/1e974bd806e454f0700a98f638ee2997/element/7B9440C28F930D3C77E3DF20AA8800D0_element_9/value'
19:20:37.785 [AsyncHttpClient-1-11] DEBUG org.asynchttpclient.netty.handler.HttpHandler - 

Request DefaultHttpRequest(decodeResult: success, version: HTTP/1.1)
POST /session/1e974bd806e454f0700a98f638ee2997/element/7B9440C28F930D3C77E3DF20AA8800D0_element_9/value HTTP/1.1
User-Agent: selenium/4.8.1 (java windows)
Content-Length: 237
Content-Type: application/json; charset=utf-8
host: localhost:15965
accept: */*

Response DefaultHttpResponse(decodeResult: success, version: HTTP/1.1)
HTTP/1.1 200 OK
Content-Length: 14
Content-Type: application/json; charset=utf-8
cache-control: no-cache

19:20:37.785 [AsyncHttpClient-1-11] DEBUG org.asynchttpclient.netty.channel.ChannelManager - Adding key: http://localhost:15965 for channel [id: 0x1bbe2821, L:/127.0.0.1:60824 - R:localhost/127.0.0.1:15965]
19:20:37.791 [Forwarding getAlertText on session 1e974bd806e454f0700a98f638ee2997 to remote] DEBUG org.asynchttpclient.netty.request.NettyRequestSender - Using pooled Channel '[id: 0x1bbe2821, L:/127.0.0.1:60824 - R:localhost/127.0.0.1:15965]' for 'GET' to 'http://localhost:15965/session/1e974bd806e454f0700a98f638ee2997/alert/text'
19:20:37.792 [Forwarding getAlertText on session 1e974bd806e454f0700a98f638ee2997 to remote] DEBUG org.asynchttpclient.netty.request.NettyRequestSender - Using open Channel [id: 0x1bbe2821, L:/127.0.0.1:60824 - R:localhost/127.0.0.1:15965] for GET '/session/1e974bd806e454f0700a98f638ee2997/alert/text'
19:20:37.793 [AsyncHttpClient-1-11] DEBUG org.asynchttpclient.netty.handler.HttpHandler - 

Request DefaultFullHttpRequest(decodeResult: success, version: HTTP/1.1, content: EmptyByteBufBE)
GET /session/1e974bd806e454f0700a98f638ee2997/alert/text HTTP/1.1
User-Agent: selenium/4.8.1 (java windows)
Cache-Control: no-cache
Content-Type: application/json; charset=utf-8
host: localhost:15965
accept: */*

Response DefaultHttpResponse(decodeResult: success, version: HTTP/1.1)
HTTP/1.1 404 Not Found
Content-Length: 847
Content-Type: application/json; charset=utf-8
cache-control: no-cache

19:20:37.793 [AsyncHttpClient-1-11] DEBUG org.asynchttpclient.netty.channel.ChannelManager - Adding key: http://localhost:15965 for channel [id: 0x1bbe2821, L:/127.0.0.1:60824 - R:localhost/127.0.0.1:15965]
19:20:37.794 [Forwarding getCurrentUrl on session 1e974bd806e454f0700a98f638ee2997 to remote] DEBUG org.asynchttpclient.netty.request.NettyRequestSender - Using pooled Channel '[id: 0x1bbe2821, L:/127.0.0.1:60824 - R:localhost/127.0.0.1:15965]' for 'GET' to 'http://localhost:15965/session/1e974bd806e454f0700a98f638ee2997/url'
19:20:37.794 [Forwarding getCurrentUrl on session 1e974bd806e454f0700a98f638ee2997 to remote] DEBUG org.asynchttpclient.netty.request.NettyRequestSender - Using open Channel [id: 0x1bbe2821, L:/127.0.0.1:60824 - R:localhost/127.0.0.1:15965] for GET '/session/1e974bd806e454f0700a98f638ee2997/url'
19:20:37.800 [AsyncHttpClient-1-11] DEBUG org.asynchttpclient.netty.handler.HttpHandler - 

Request DefaultFullHttpRequest(decodeResult: success, version: HTTP/1.1, content: EmptyByteBufBE)
GET /session/1e974bd806e454f0700a98f638ee2997/url HTTP/1.1
User-Agent: selenium/4.8.1 (java windows)
Cache-Control: no-cache
Content-Type: application/json; charset=utf-8
host: localhost:15965
accept: */*

Response DefaultHttpResponse(decodeResult: success, version: HTTP/1.1)
HTTP/1.1 200 OK
Content-Length: 54
Content-Type: application/json; charset=utf-8
cache-control: no-cache

19:20:37.800 [AsyncHttpClient-1-11] DEBUG org.asynchttpclient.netty.channel.ChannelManager - Adding key: http://localhost:15965 for channel [id: 0x1bbe2821, L:/127.0.0.1:60824 - R:localhost/127.0.0.1:15965]
19:20:37.800 [Forwarding screenshot on session 1e974bd806e454f0700a98f638ee2997 to remote] DEBUG org.asynchttpclient.netty.request.NettyRequestSender - Using pooled Channel '[id: 0x1bbe2821, L:/127.0.0.1:60824 - R:localhost/127.0.0.1:15965]' for 'GET' to 'http://localhost:15965/session/1e974bd806e454f0700a98f638ee2997/screenshot'
19:20:37.800 [Forwarding screenshot on session 1e974bd806e454f0700a98f638ee2997 to remote] DEBUG org.asynchttpclient.netty.request.NettyRequestSender - Using open Channel [id: 0x1bbe2821, L:/127.0.0.1:60824 - R:localhost/127.0.0.1:15965] for GET '/session/1e974bd806e454f0700a98f638ee2997/screenshot'
19:20:37.939 [AsyncHttpClient-1-11] DEBUG org.asynchttpclient.netty.handler.HttpHandler - 

Request DefaultFullHttpRequest(decodeResult: success, version: HTTP/1.1, content: EmptyByteBufBE)
GET /session/1e974bd806e454f0700a98f638ee2997/screenshot HTTP/1.1
User-Agent: selenium/4.8.1 (java windows)
Cache-Control: no-cache
Content-Type: application/json; charset=utf-8
host: localhost:15965
accept: */*

Response DefaultHttpResponse(decodeResult: success, version: HTTP/1.1)
HTTP/1.1 200 OK
Content-Length: 45492
Content-Type: application/json; charset=utf-8
cache-control: no-cache

19:20:37.939 [AsyncHttpClient-1-11] DEBUG org.asynchttpclient.netty.channel.ChannelManager - Adding key: http://localhost:15965 for channel [id: 0x1bbe2821, L:/127.0.0.1:60824 - R:localhost/127.0.0.1:15965]
19:20:37.941 [main] DEBUG net.serenitybdd.core.photography.Darkroom - Send negative for processing for target\site\serenity\0174b1702bbb8fe31f2033d22e166ab43a3cb7b078afeb4539124974bc5306aa.png
19:20:37.941 [main] DEBUG net.thucydides.core.steps.StepInterceptor - STEP DONE: inputEmailReg
  &amp#27;[32mAnd &amp#27;[0m&amp#27;[32mI input correct email for register&amp#27;[0m       &amp#27;[90m# starter.stepdefinitions.RegisterSteps.inputEmailReg()&amp#27;[0m
19:20:37.941 [Darkroom Processing Line] DEBUG net.serenitybdd.core.photography.DarkroomProcessingLine - Processing screenshot image in /var/screenshots/screenshot-16799633796048274961
19:20:37.941 [Darkroom Processing Line] DEBUG net.serenitybdd.core.photography.DarkroomProcessingLine - Saving screenshot to target\site\serenity\0174b1702bbb8fe31f2033d22e166ab43a3cb7b078afeb4539124974bc5306aa.png
19:20:37.951 [Forwarding getPageSource on session 1e974bd806e454f0700a98f638ee2997 to remote] DEBUG org.asynchttpclient.netty.request.NettyRequestSender - Using pooled Channel '[id: 0x1bbe2821, L:/127.0.0.1:60824 - R:localhost/127.0.0.1:15965]' for 'POST' to 'http://localhost:15965/session/1e974bd806e454f0700a98f638ee2997/execute/sync'
19:20:37.951 [Forwarding getPageSource on session 1e974bd806e454f0700a98f638ee2997 to remote] DEBUG org.asynchttpclient.netty.request.NettyRequestSender - Using open Channel [id: 0x1bbe2821, L:/127.0.0.1:60824 - R:localhost/127.0.0.1:15965] for POST '/session/1e974bd806e454f0700a98f638ee2997/execute/sync'
19:20:37.958 [AsyncHttpClient-1-11] DEBUG org.asynchttpclient.netty.handler.HttpHandler - 

Request DefaultHttpRequest(decodeResult: success, version: HTTP/1.1)
POST /session/1e974bd806e454f0700a98f638ee2997/execute/sync HTTP/1.1
User-Agent: selenium/4.8.1 (java windows)
Content-Length: 176
Content-Type: application/json; charset=utf-8
host: localhost:15965
accept: */*

Response DefaultHttpResponse(decodeResult: success, version: HTTP/1.1)
HTTP/1.1 200 OK
Content-Length: 22494
Content-Type: application/json; charset=utf-8
cache-control: no-cache

19:20:37.958 [AsyncHttpClient-1-11] DEBUG org.asynchttpclient.netty.channel.ChannelManager - Adding key: http://localhost:15965 for channel [id: 0x1bbe2821, L:/127.0.0.1:60824 - R:localhost/127.0.0.1:15965]
19:20:37.960 [Forwarding getCurrentUrl on session 1e974bd806e454f0700a98f638ee2997 to remote] DEBUG org.asynchttpclient.netty.request.NettyRequestSender - Using pooled Channel '[id: 0x1bbe2821, L:/127.0.0.1:60824 - R:localhost/127.0.0.1:15965]' for 'GET' to 'http://localhost:15965/session/1e974bd806e454f0700a98f638ee2997/url'
19:20:37.960 [Forwarding getCurrentUrl on session 1e974bd806e454f0700a98f638ee2997 to remote] DEBUG org.asynchttpclient.netty.request.NettyRequestSender - Using open Channel [id: 0x1bbe2821, L:/127.0.0.1:60824 - R:localhost/127.0.0.1:15965] for GET '/session/1e974bd806e454f0700a98f638ee2997/url'
19:20:37.969 [AsyncHttpClient-1-11] DEBUG org.asynchttpclient.netty.handler.HttpHandler - 

Request DefaultFullHttpRequest(decodeResult: success, version: HTTP/1.1, content: EmptyByteBufBE)
GET /session/1e974bd806e454f0700a98f638ee2997/url HTTP/1.1
User-Agent: selenium/4.8.1 (java windows)
Cache-Control: no-cache
Content-Type: application/json; charset=utf-8
host: localhost:15965
accept: */*

Response DefaultHttpResponse(decodeResult: success, version: HTTP/1.1)
HTTP/1.1 200 OK
Content-Length: 54
Content-Type: application/json; charset=utf-8
cache-control: no-cache

19:20:37.969 [AsyncHttpClient-1-11] DEBUG org.asynchttpclient.netty.channel.ChannelManager - Adding key: http://localhost:15965 for channel [id: 0x1bbe2821, L:/127.0.0.1:60824 - R:localhost/127.0.0.1:15965]
19:20:37.981 [Forwarding getPageSource on session 1e974bd806e454f0700a98f638ee2997 to remote] DEBUG org.asynchttpclient.netty.request.NettyRequestSender - Using pooled Channel '[id: 0x1bbe2821, L:/127.0.0.1:60824 - R:localhost/127.0.0.1:15965]' for 'POST' to 'http://localhost:15965/session/1e974bd806e454f0700a98f638ee2997/execute/sync'
19:20:37.981 [Forwarding getPageSource on session 1e974bd806e454f0700a98f638ee2997 to remote] DEBUG org.asynchttpclient.netty.request.NettyRequestSender - Using open Channel [id: 0x1bbe2821, L:/127.0.0.1:60824 - R:localhost/127.0.0.1:15965] for POST '/session/1e974bd806e454f0700a98f638ee2997/execute/sync'
19:20:37.986 [AsyncHttpClient-1-11] DEBUG org.asynchttpclient.netty.handler.HttpHandler - 

Request DefaultHttpRequest(decodeResult: success, version: HTTP/1.1)
POST /session/1e974bd806e454f0700a98f638ee2997/execute/sync HTTP/1.1
User-Agent: selenium/4.8.1 (java windows)
Content-Length: 176
Content-Type: application/json; charset=utf-8
host: localhost:15965
accept: */*

Response DefaultHttpResponse(decodeResult: success, version: HTTP/1.1)
HTTP/1.1 200 OK
Content-Length: 22494
Content-Type: application/json; charset=utf-8
cache-control: no-cache

19:20:37.986 [AsyncHttpClient-1-11] DEBUG org.asynchttpclient.netty.channel.ChannelManager - Adding key: http://localhost:15965 for channel [id: 0x1bbe2821, L:/127.0.0.1:60824 - R:localhost/127.0.0.1:15965]
19:20:37.988 [Forwarding getCurrentUrl on session 1e974bd806e454f0700a98f638ee2997 to remote] DEBUG org.asynchttpclient.netty.request.NettyRequestSender - Using pooled Channel '[id: 0x1bbe2821, L:/127.0.0.1:60824 - R:localhost/127.0.0.1:15965]' for 'GET' to 'http://localhost:15965/session/1e974bd806e454f0700a98f638ee2997/url'
19:20:37.988 [Forwarding getCurrentUrl on session 1e974bd806e454f0700a98f638ee2997 to remote] DEBUG org.asynchttpclient.netty.request.NettyRequestSender - Using open Channel [id: 0x1bbe2821, L:/127.0.0.1:60824 - R:localhost/127.0.0.1:15965] for GET '/session/1e974bd806e454f0700a98f638ee2997/url'
19:20:37.991 [AsyncHttpClient-1-11] DEBUG org.asynchttpclient.netty.handler.HttpHandler - 

Request DefaultFullHttpRequest(decodeResult: success, version: HTTP/1.1, content: EmptyByteBufBE)
GET /session/1e974bd806e454f0700a98f638ee2997/url HTTP/1.1
User-Agent: selenium/4.8.1 (java windows)
Cache-Control: no-cache
Content-Type: application/json; charset=utf-8
host: localhost:15965
accept: */*

Response DefaultHttpResponse(decodeResult: success, version: HTTP/1.1)
HTTP/1.1 200 OK
Content-Length: 54
Content-Type: application/json; charset=utf-8
cache-control: no-cache

19:20:37.991 [AsyncHttpClient-1-11] DEBUG org.asynchttpclient.netty.channel.ChannelManager - Adding key: http://localhost:15965 for channel [id: 0x1bbe2821, L:/127.0.0.1:60824 - R:localhost/127.0.0.1:15965]
19:20:37.993 [main] DEBUG net.thucydides.core.steps.StepInterceptor - STARTING STEP: RegisterSteps.inputInvalidPasswordReg - inputPasswordReg
19:20:37.994 [Forwarding findElement on session 1e974bd806e454f0700a98f638ee2997 to remote] DEBUG org.asynchttpclient.netty.request.NettyRequestSender - Using pooled Channel '[id: 0x1bbe2821, L:/127.0.0.1:60824 - R:localhost/127.0.0.1:15965]' for 'POST' to 'http://localhost:15965/session/1e974bd806e454f0700a98f638ee2997/element'
19:20:37.994 [Forwarding findElement on session 1e974bd806e454f0700a98f638ee2997 to remote] DEBUG org.asynchttpclient.netty.request.NettyRequestSender - Using open Channel [id: 0x1bbe2821, L:/127.0.0.1:60824 - R:localhost/127.0.0.1:15965] for POST '/session/1e974bd806e454f0700a98f638ee2997/element'
19:20:38.005 [AsyncHttpClient-1-11] DEBUG org.asynchttpclient.netty.handler.HttpHandler - 

Request DefaultHttpRequest(decodeResult: success, version: HTTP/1.1)
POST /session/1e974bd806e454f0700a98f638ee2997/element HTTP/1.1
User-Agent: selenium/4.8.1 (java windows)
Content-Length: 55
Content-Type: application/json; charset=utf-8
host: localhost:15965
accept: */*

Response DefaultHttpResponse(decodeResult: success, version: HTTP/1.1)
HTTP/1.1 200 OK
Content-Length: 95
Content-Type: application/json; charset=utf-8
cache-control: no-cache

19:20:38.005 [AsyncHttpClient-1-11] DEBUG org.asynchttpclient.netty.channel.ChannelManager - Adding key: http://localhost:15965 for channel [id: 0x1bbe2821, L:/127.0.0.1:60824 - R:localhost/127.0.0.1:15965]
19:20:38.007 [Forwarding clearElement on session 1e974bd806e454f0700a98f638ee2997 to remote] DEBUG org.asynchttpclient.netty.request.NettyRequestSender - Using pooled Channel '[id: 0x1bbe2821, L:/127.0.0.1:60824 - R:localhost/127.0.0.1:15965]' for 'POST' to 'http://localhost:15965/session/1e974bd806e454f0700a98f638ee2997/element/7B9440C28F930D3C77E3DF20AA8800D0_element_10/clear'
19:20:38.007 [Forwarding clearElement on session 1e974bd806e454f0700a98f638ee2997 to remote] DEBUG org.asynchttpclient.netty.request.NettyRequestSender - Using open Channel [id: 0x1bbe2821, L:/127.0.0.1:60824 - R:localhost/127.0.0.1:15965] for POST '/session/1e974bd806e454f0700a98f638ee2997/element/7B9440C28F930D3C77E3DF20AA8800D0_element_10/clear'
19:20:38.164 [AsyncHttpClient-1-11] DEBUG org.asynchttpclient.netty.handler.HttpHandler - 

Request DefaultHttpRequest(decodeResult: success, version: HTTP/1.1)
POST /session/1e974bd806e454f0700a98f638ee2997/element/7B9440C28F930D3C77E3DF20AA8800D0_element_10/clear HTTP/1.1
User-Agent: selenium/4.8.1 (java windows)
Content-Length: 57
Content-Type: application/json; charset=utf-8
host: localhost:15965
accept: */*

Response DefaultHttpResponse(decodeResult: success, version: HTTP/1.1)
HTTP/1.1 200 OK
Content-Length: 14
Content-Type: application/json; charset=utf-8
cache-control: no-cache

19:20:38.164 [AsyncHttpClient-1-11] DEBUG org.asynchttpclient.netty.channel.ChannelManager - Adding key: http://localhost:15965 for channel [id: 0x1bbe2821, L:/127.0.0.1:60824 - R:localhost/127.0.0.1:15965]
19:20:38.167 [Forwarding sendKeysToElement on session 1e974bd806e454f0700a98f638ee2997 to remote] DEBUG org.asynchttpclient.netty.request.NettyRequestSender - Using pooled Channel '[id: 0x1bbe2821, L:/127.0.0.1:60824 - R:localhost/127.0.0.1:15965]' for 'POST' to 'http://localhost:15965/session/1e974bd806e454f0700a98f638ee2997/element/7B9440C28F930D3C77E3DF20AA8800D0_element_10/value'
19:20:38.167 [Forwarding sendKeysToElement on session 1e974bd806e454f0700a98f638ee2997 to remote] DEBUG org.asynchttpclient.netty.request.NettyRequestSender - Using open Channel [id: 0x1bbe2821, L:/127.0.0.1:60824 - R:localhost/127.0.0.1:15965] for POST '/session/1e974bd806e454f0700a98f638ee2997/element/7B9440C28F930D3C77E3DF20AA8800D0_element_10/value'
19:20:38.245 [AsyncHttpClient-1-11] DEBUG org.asynchttpclient.netty.handler.HttpHandler - 

Request DefaultHttpRequest(decodeResult: success, version: HTTP/1.1)
POST /session/1e974bd806e454f0700a98f638ee2997/element/7B9440C28F930D3C77E3DF20AA8800D0_element_10/value HTTP/1.1
User-Agent: selenium/4.8.1 (java windows)
Content-Length: 89
Content-Type: application/json; charset=utf-8
host: localhost:15965
accept: */*

Response DefaultHttpResponse(decodeResult: success, version: HTTP/1.1)
HTTP/1.1 200 OK
Content-Length: 14
Content-Type: application/json; charset=utf-8
cache-control: no-cache

19:20:38.245 [AsyncHttpClient-1-11] DEBUG org.asynchttpclient.netty.channel.ChannelManager - Adding key: http://localhost:15965 for channel [id: 0x1bbe2821, L:/127.0.0.1:60824 - R:localhost/127.0.0.1:15965]
19:20:38.257 [Forwarding getAlertText on session 1e974bd806e454f0700a98f638ee2997 to remote] DEBUG org.asynchttpclient.netty.request.NettyRequestSender - Using pooled Channel '[id: 0x1bbe2821, L:/127.0.0.1:60824 - R:localhost/127.0.0.1:15965]' for 'GET' to 'http://localhost:15965/session/1e974bd806e454f0700a98f638ee2997/alert/text'
19:20:38.257 [Forwarding getAlertText on session 1e974bd806e454f0700a98f638ee2997 to remote] DEBUG org.asynchttpclient.netty.request.NettyRequestSender - Using open Channel [id: 0x1bbe2821, L:/127.0.0.1:60824 - R:localhost/127.0.0.1:15965] for GET '/session/1e974bd806e454f0700a98f638ee2997/alert/text'
19:20:38.259 [AsyncHttpClient-1-11] DEBUG org.asynchttpclient.netty.handler.HttpHandler - 

Request DefaultFullHttpRequest(decodeResult: success, version: HTTP/1.1, content: EmptyByteBufBE)
GET /session/1e974bd806e454f0700a98f638ee2997/alert/text HTTP/1.1
User-Agent: selenium/4.8.1 (java windows)
Cache-Control: no-cache
Content-Type: application/json; charset=utf-8
host: localhost:15965
accept: */*

Response DefaultHttpResponse(decodeResult: success, version: HTTP/1.1)
HTTP/1.1 404 Not Found
Content-Length: 847
Content-Type: application/json; charset=utf-8
cache-control: no-cache

19:20:38.260 [AsyncHttpClient-1-11] DEBUG org.asynchttpclient.netty.channel.ChannelManager - Adding key: http://localhost:15965 for channel [id: 0x1bbe2821, L:/127.0.0.1:60824 - R:localhost/127.0.0.1:15965]
19:20:38.261 [Forwarding getCurrentUrl on session 1e974bd806e454f0700a98f638ee2997 to remote] DEBUG org.asynchttpclient.netty.request.NettyRequestSender - Using pooled Channel '[id: 0x1bbe2821, L:/127.0.0.1:60824 - R:localhost/127.0.0.1:15965]' for 'GET' to 'http://localhost:15965/session/1e974bd806e454f0700a98f638ee2997/url'
19:20:38.261 [Forwarding getCurrentUrl on session 1e974bd806e454f0700a98f638ee2997 to remote] DEBUG org.asynchttpclient.netty.request.NettyRequestSender - Using open Channel [id: 0x1bbe2821, L:/127.0.0.1:60824 - R:localhost/127.0.0.1:15965] for GET '/session/1e974bd806e454f0700a98f638ee2997/url'
19:20:38.265 [AsyncHttpClient-1-11] DEBUG org.asynchttpclient.netty.handler.HttpHandler - 

Request DefaultFullHttpRequest(decodeResult: success, version: HTTP/1.1, content: EmptyByteBufBE)
GET /session/1e974bd806e454f0700a98f638ee2997/url HTTP/1.1
User-Agent: selenium/4.8.1 (java windows)
Cache-Control: no-cache
Content-Type: application/json; charset=utf-8
host: localhost:15965
accept: */*

Response DefaultHttpResponse(decodeResult: success, version: HTTP/1.1)
HTTP/1.1 200 OK
Content-Length: 54
Content-Type: application/json; charset=utf-8
cache-control: no-cache

19:20:38.265 [AsyncHttpClient-1-11] DEBUG org.asynchttpclient.netty.channel.ChannelManager - Adding key: http://localhost:15965 for channel [id: 0x1bbe2821, L:/127.0.0.1:60824 - R:localhost/127.0.0.1:15965]
19:20:38.265 [Forwarding screenshot on session 1e974bd806e454f0700a98f638ee2997 to remote] DEBUG org.asynchttpclient.netty.request.NettyRequestSender - Using pooled Channel '[id: 0x1bbe2821, L:/127.0.0.1:60824 - R:localhost/127.0.0.1:15965]' for 'GET' to 'http://localhost:15965/session/1e974bd806e454f0700a98f638ee2997/screenshot'
19:20:38.265 [Forwarding screenshot on session 1e974bd806e454f0700a98f638ee2997 to remote] DEBUG org.asynchttpclient.netty.request.NettyRequestSender - Using open Channel [id: 0x1bbe2821, L:/127.0.0.1:60824 - R:localhost/127.0.0.1:15965] for GET '/session/1e974bd806e454f0700a98f638ee2997/screenshot'
19:20:38.439 [AsyncHttpClient-1-11] DEBUG org.asynchttpclient.netty.handler.HttpHandler - 

Request DefaultFullHttpRequest(decodeResult: success, version: HTTP/1.1, content: EmptyByteBufBE)
GET /session/1e974bd806e454f0700a98f638ee2997/screenshot HTTP/1.1
User-Agent: selenium/4.8.1 (java windows)
Cache-Control: no-cache
Content-Type: application/json; charset=utf-8
host: localhost:15965
accept: */*

Response DefaultHttpResponse(decodeResult: success, version: HTTP/1.1)
HTTP/1.1 200 OK
Content-Length: 44912
Content-Type: application/json; charset=utf-8
cache-control: no-cache

19:20:38.439 [AsyncHttpClient-1-11] DEBUG org.asynchttpclient.netty.channel.ChannelManager - Adding key: http://localhost:15965 for channel [id: 0x1bbe2821, L:/127.0.0.1:60824 - R:localhost/127.0.0.1:15965]
19:20:38.442 [main] DEBUG net.serenitybdd.core.photography.Darkroom - Send negative for processing for target\site\serenity\35aad54192193362efa77510db8bf49fb31e29e7b84f10f08efa58eac37039a7.png
19:20:38.442 [main] DEBUG net.thucydides.core.steps.StepInterceptor - STEP DONE: inputPasswordReg
  &amp#27;[32mAnd &amp#27;[0m&amp#27;[32mI input nothing in password for register&amp#27;[0m &amp#27;[90m# starter.stepdefinitions.RegisterSteps.inputInvalidPasswordReg()&amp#27;[0m
19:20:38.443 [Darkroom Processing Line] DEBUG net.serenitybdd.core.photography.DarkroomProcessingLine - Processing screenshot image in /var/screenshots/screenshot-1994985565782419702
19:20:38.443 [Darkroom Processing Line] DEBUG net.serenitybdd.core.photography.DarkroomProcessingLine - Saving screenshot to target\site\serenity\35aad54192193362efa77510db8bf49fb31e29e7b84f10f08efa58eac37039a7.png
19:20:38.452 [Forwarding getPageSource on session 1e974bd806e454f0700a98f638ee2997 to remote] DEBUG org.asynchttpclient.netty.request.NettyRequestSender - Using pooled Channel '[id: 0x1bbe2821, L:/127.0.0.1:60824 - R:localhost/127.0.0.1:15965]' for 'POST' to 'http://localhost:15965/session/1e974bd806e454f0700a98f638ee2997/execute/sync'
19:20:38.452 [Forwarding getPageSource on session 1e974bd806e454f0700a98f638ee2997 to remote] DEBUG org.asynchttpclient.netty.request.NettyRequestSender - Using open Channel [id: 0x1bbe2821, L:/127.0.0.1:60824 - R:localhost/127.0.0.1:15965] for POST '/session/1e974bd806e454f0700a98f638ee2997/execute/sync'
19:20:38.458 [AsyncHttpClient-1-11] DEBUG org.asynchttpclient.netty.handler.HttpHandler - 

Request DefaultHttpRequest(decodeResult: success, version: HTTP/1.1)
POST /session/1e974bd806e454f0700a98f638ee2997/execute/sync HTTP/1.1
User-Agent: selenium/4.8.1 (java windows)
Content-Length: 176
Content-Type: application/json; charset=utf-8
host: localhost:15965
accept: */*

Response DefaultHttpResponse(decodeResult: success, version: HTTP/1.1)
HTTP/1.1 200 OK
Content-Length: 22510
Content-Type: application/json; charset=utf-8
cache-control: no-cache

19:20:38.459 [AsyncHttpClient-1-11] DEBUG org.asynchttpclient.netty.channel.ChannelManager - Adding key: http://localhost:15965 for channel [id: 0x1bbe2821, L:/127.0.0.1:60824 - R:localhost/127.0.0.1:15965]
19:20:38.460 [Forwarding getCurrentUrl on session 1e974bd806e454f0700a98f638ee2997 to remote] DEBUG org.asynchttpclient.netty.request.NettyRequestSender - Using pooled Channel '[id: 0x1bbe2821, L:/127.0.0.1:60824 - R:localhost/127.0.0.1:15965]' for 'GET' to 'http://localhost:15965/session/1e974bd806e454f0700a98f638ee2997/url'
19:20:38.460 [Forwarding getCurrentUrl on session 1e974bd806e454f0700a98f638ee2997 to remote] DEBUG org.asynchttpclient.netty.request.NettyRequestSender - Using open Channel [id: 0x1bbe2821, L:/127.0.0.1:60824 - R:localhost/127.0.0.1:15965] for GET '/session/1e974bd806e454f0700a98f638ee2997/url'
19:20:38.464 [AsyncHttpClient-1-11] DEBUG org.asynchttpclient.netty.handler.HttpHandler - 

Request DefaultFullHttpRequest(decodeResult: success, version: HTTP/1.1, content: EmptyByteBufBE)
GET /session/1e974bd806e454f0700a98f638ee2997/url HTTP/1.1
User-Agent: selenium/4.8.1 (java windows)
Cache-Control: no-cache
Content-Type: application/json; charset=utf-8
host: localhost:15965
accept: */*

Response DefaultHttpResponse(decodeResult: success, version: HTTP/1.1)
HTTP/1.1 200 OK
Content-Length: 54
Content-Type: application/json; charset=utf-8
cache-control: no-cache

19:20:38.464 [AsyncHttpClient-1-11] DEBUG org.asynchttpclient.netty.channel.ChannelManager - Adding key: http://localhost:15965 for channel [id: 0x1bbe2821, L:/127.0.0.1:60824 - R:localhost/127.0.0.1:15965]
19:20:38.471 [Forwarding getPageSource on session 1e974bd806e454f0700a98f638ee2997 to remote] DEBUG org.asynchttpclient.netty.request.NettyRequestSender - Using pooled Channel '[id: 0x1bbe2821, L:/127.0.0.1:60824 - R:localhost/127.0.0.1:15965]' for 'POST' to 'http://localhost:15965/session/1e974bd806e454f0700a98f638ee2997/execute/sync'
19:20:38.471 [Forwarding getPageSource on session 1e974bd806e454f0700a98f638ee2997 to remote] DEBUG org.asynchttpclient.netty.request.NettyRequestSender - Using open Channel [id: 0x1bbe2821, L:/127.0.0.1:60824 - R:localhost/127.0.0.1:15965] for POST '/session/1e974bd806e454f0700a98f638ee2997/execute/sync'
19:20:38.476 [AsyncHttpClient-1-11] DEBUG org.asynchttpclient.netty.handler.HttpHandler - 

Request DefaultHttpRequest(decodeResult: success, version: HTTP/1.1)
POST /session/1e974bd806e454f0700a98f638ee2997/execute/sync HTTP/1.1
User-Agent: selenium/4.8.1 (java windows)
Content-Length: 176
Content-Type: application/json; charset=utf-8
host: localhost:15965
accept: */*

Response DefaultHttpResponse(decodeResult: success, version: HTTP/1.1)
HTTP/1.1 200 OK
Content-Length: 22510
Content-Type: application/json; charset=utf-8
cache-control: no-cache

19:20:38.476 [AsyncHttpClient-1-11] DEBUG org.asynchttpclient.netty.channel.ChannelManager - Adding key: http://localhost:15965 for channel [id: 0x1bbe2821, L:/127.0.0.1:60824 - R:localhost/127.0.0.1:15965]
19:20:38.477 [Forwarding getCurrentUrl on session 1e974bd806e454f0700a98f638ee2997 to remote] DEBUG org.asynchttpclient.netty.request.NettyRequestSender - Using pooled Channel '[id: 0x1bbe2821, L:/127.0.0.1:60824 - R:localhost/127.0.0.1:15965]' for 'GET' to 'http://localhost:15965/session/1e974bd806e454f0700a98f638ee2997/url'
19:20:38.477 [Forwarding getCurrentUrl on session 1e974bd806e454f0700a98f638ee2997 to remote] DEBUG org.asynchttpclient.netty.request.NettyRequestSender - Using open Channel [id: 0x1bbe2821, L:/127.0.0.1:60824 - R:localhost/127.0.0.1:15965] for GET '/session/1e974bd806e454f0700a98f638ee2997/url'
19:20:38.480 [AsyncHttpClient-1-11] DEBUG org.asynchttpclient.netty.handler.HttpHandler - 

Request DefaultFullHttpRequest(decodeResult: success, version: HTTP/1.1, content: EmptyByteBufBE)
GET /session/1e974bd806e454f0700a98f638ee2997/url HTTP/1.1
User-Agent: selenium/4.8.1 (java windows)
Cache-Control: no-cache
Content-Type: application/json; charset=utf-8
host: localhost:15965
accept: */*

Response DefaultHttpResponse(decodeResult: success, version: HTTP/1.1)
HTTP/1.1 200 OK
Content-Length: 54
Content-Type: application/json; charset=utf-8
cache-control: no-cache

19:20:38.480 [AsyncHttpClient-1-11] DEBUG org.asynchttpclient.netty.channel.ChannelManager - Adding key: http://localhost:15965 for channel [id: 0x1bbe2821, L:/127.0.0.1:60824 - R:localhost/127.0.0.1:15965]
19:20:38.482 [main] DEBUG net.thucydides.core.steps.StepInterceptor - STARTING STEP: RegisterSteps.ClickRegisterButton - ClickRegisterButton
19:20:38.484 [Forwarding findElement on session 1e974bd806e454f0700a98f638ee2997 to remote] DEBUG org.asynchttpclient.netty.request.NettyRequestSender - Using pooled Channel '[id: 0x1bbe2821, L:/127.0.0.1:60824 - R:localhost/127.0.0.1:15965]' for 'POST' to 'http://localhost:15965/session/1e974bd806e454f0700a98f638ee2997/element'
19:20:38.484 [Forwarding findElement on session 1e974bd806e454f0700a98f638ee2997 to remote] DEBUG org.asynchttpclient.netty.request.NettyRequestSender - Using open Channel [id: 0x1bbe2821, L:/127.0.0.1:60824 - R:localhost/127.0.0.1:15965] for POST '/session/1e974bd806e454f0700a98f638ee2997/element'
19:20:38.499 [AsyncHttpClient-1-11] DEBUG org.asynchttpclient.netty.handler.HttpHandler - 

Request DefaultHttpRequest(decodeResult: success, version: HTTP/1.1)
POST /session/1e974bd806e454f0700a98f638ee2997/element HTTP/1.1
User-Agent: selenium/4.8.1 (java windows)
Content-Length: 71
Content-Type: application/json; charset=utf-8
host: localhost:15965
accept: */*

Response DefaultHttpResponse(decodeResult: success, version: HTTP/1.1)
HTTP/1.1 200 OK
Content-Length: 95
Content-Type: application/json; charset=utf-8
cache-control: no-cache

19:20:38.499 [AsyncHttpClient-1-11] DEBUG org.asynchttpclient.netty.channel.ChannelManager - Adding key: http://localhost:15965 for channel [id: 0x1bbe2821, L:/127.0.0.1:60824 - R:localhost/127.0.0.1:15965]
19:20:38.500 [AsyncHttpClient-1-1] DEBUG org.asynchttpclient.netty.channel.DefaultChannelPool - Entry count for : http://localhost:15965 : 1
19:20:38.500 [AsyncHttpClient-1-1] DEBUG org.asynchttpclient.netty.channel.DefaultChannelPool - Entry count for : http://localhost:60825 : 1
19:20:38.500 [Forwarding getElementTagName on session 1e974bd806e454f0700a98f638ee2997 to remote] DEBUG org.asynchttpclient.netty.request.NettyRequestSender - Using pooled Channel '[id: 0x1bbe2821, L:/127.0.0.1:60824 - R:localhost/127.0.0.1:15965]' for 'GET' to 'http://localhost:15965/session/1e974bd806e454f0700a98f638ee2997/element/7B9440C28F930D3C77E3DF20AA8800D0_element_11/name'
19:20:38.501 [Forwarding getElementTagName on session 1e974bd806e454f0700a98f638ee2997 to remote] DEBUG org.asynchttpclient.netty.request.NettyRequestSender - Using open Channel [id: 0x1bbe2821, L:/127.0.0.1:60824 - R:localhost/127.0.0.1:15965] for GET '/session/1e974bd806e454f0700a98f638ee2997/element/7B9440C28F930D3C77E3DF20AA8800D0_element_11/name'
19:20:38.507 [AsyncHttpClient-1-11] DEBUG org.asynchttpclient.netty.handler.HttpHandler - 

Request DefaultFullHttpRequest(decodeResult: success, version: HTTP/1.1, content: EmptyByteBufBE)
GET /session/1e974bd806e454f0700a98f638ee2997/element/7B9440C28F930D3C77E3DF20AA8800D0_element_11/name HTTP/1.1
User-Agent: selenium/4.8.1 (java windows)
Cache-Control: no-cache
Content-Type: application/json; charset=utf-8
host: localhost:15965
accept: */*

Response DefaultHttpResponse(decodeResult: success, version: HTTP/1.1)
HTTP/1.1 200 OK
Content-Length: 18
Content-Type: application/json; charset=utf-8
cache-control: no-cache

19:20:38.507 [AsyncHttpClient-1-11] DEBUG org.asynchttpclient.netty.channel.ChannelManager - Adding key: http://localhost:15965 for channel [id: 0x1bbe2821, L:/127.0.0.1:60824 - R:localhost/127.0.0.1:15965]
19:20:38.508 [Forwarding getElementTagName on session 1e974bd806e454f0700a98f638ee2997 to remote] DEBUG org.asynchttpclient.netty.request.NettyRequestSender - Using pooled Channel '[id: 0x1bbe2821, L:/127.0.0.1:60824 - R:localhost/127.0.0.1:15965]' for 'GET' to 'http://localhost:15965/session/1e974bd806e454f0700a98f638ee2997/element/7B9440C28F930D3C77E3DF20AA8800D0_element_11/name'
19:20:38.508 [Forwarding getElementTagName on session 1e974bd806e454f0700a98f638ee2997 to remote] DEBUG org.asynchttpclient.netty.request.NettyRequestSender - Using open Channel [id: 0x1bbe2821, L:/127.0.0.1:60824 - R:localhost/127.0.0.1:15965] for GET '/session/1e974bd806e454f0700a98f638ee2997/element/7B9440C28F930D3C77E3DF20AA8800D0_element_11/name'
19:20:38.514 [AsyncHttpClient-1-11] DEBUG org.asynchttpclient.netty.handler.HttpHandler - 

Request DefaultFullHttpRequest(decodeResult: success, version: HTTP/1.1, content: EmptyByteBufBE)
GET /session/1e974bd806e454f0700a98f638ee2997/element/7B9440C28F930D3C77E3DF20AA8800D0_element_11/name HTTP/1.1
User-Agent: selenium/4.8.1 (java windows)
Cache-Control: no-cache
Content-Type: application/json; charset=utf-8
host: localhost:15965
accept: */*

Response DefaultHttpResponse(decodeResult: success, version: HTTP/1.1)
HTTP/1.1 200 OK
Content-Length: 18
Content-Type: application/json; charset=utf-8
cache-control: no-cache

19:20:38.514 [AsyncHttpClient-1-11] DEBUG org.asynchttpclient.netty.channel.ChannelManager - Adding key: http://localhost:15965 for channel [id: 0x1bbe2821, L:/127.0.0.1:60824 - R:localhost/127.0.0.1:15965]
19:20:38.515 [Forwarding isElementEnabled on session 1e974bd806e454f0700a98f638ee2997 to remote] DEBUG org.asynchttpclient.netty.request.NettyRequestSender - Using pooled Channel '[id: 0x1bbe2821, L:/127.0.0.1:60824 - R:localhost/127.0.0.1:15965]' for 'GET' to 'http://localhost:15965/session/1e974bd806e454f0700a98f638ee2997/element/7B9440C28F930D3C77E3DF20AA8800D0_element_11/enabled'
19:20:38.515 [Forwarding isElementEnabled on session 1e974bd806e454f0700a98f638ee2997 to remote] DEBUG org.asynchttpclient.netty.request.NettyRequestSender - Using open Channel [id: 0x1bbe2821, L:/127.0.0.1:60824 - R:localhost/127.0.0.1:15965] for GET '/session/1e974bd806e454f0700a98f638ee2997/element/7B9440C28F930D3C77E3DF20AA8800D0_element_11/enabled'
19:20:38.523 [AsyncHttpClient-1-11] DEBUG org.asynchttpclient.netty.handler.HttpHandler - 

Request DefaultFullHttpRequest(decodeResult: success, version: HTTP/1.1, content: EmptyByteBufBE)
GET /session/1e974bd806e454f0700a98f638ee2997/element/7B9440C28F930D3C77E3DF20AA8800D0_element_11/enabled HTTP/1.1
User-Agent: selenium/4.8.1 (java windows)
Cache-Control: no-cache
Content-Type: application/json; charset=utf-8
host: localhost:15965
accept: */*

Response DefaultHttpResponse(decodeResult: success, version: HTTP/1.1)
HTTP/1.1 200 OK
Content-Length: 14
Content-Type: application/json; charset=utf-8
cache-control: no-cache

19:20:38.523 [AsyncHttpClient-1-11] DEBUG org.asynchttpclient.netty.channel.ChannelManager - Adding key: http://localhost:15965 for channel [id: 0x1bbe2821, L:/127.0.0.1:60824 - R:localhost/127.0.0.1:15965]
19:20:38.524 [Forwarding isElementEnabled on session 1e974bd806e454f0700a98f638ee2997 to remote] DEBUG org.asynchttpclient.netty.request.NettyRequestSender - Using pooled Channel '[id: 0x1bbe2821, L:/127.0.0.1:60824 - R:localhost/127.0.0.1:15965]' for 'GET' to 'http://localhost:15965/session/1e974bd806e454f0700a98f638ee2997/element/7B9440C28F930D3C77E3DF20AA8800D0_element_11/enabled'
19:20:38.524 [Forwarding isElementEnabled on session 1e974bd806e454f0700a98f638ee2997 to remote] DEBUG org.asynchttpclient.netty.request.NettyRequestSender - Using open Channel [id: 0x1bbe2821, L:/127.0.0.1:60824 - R:localhost/127.0.0.1:15965] for GET '/session/1e974bd806e454f0700a98f638ee2997/element/7B9440C28F930D3C77E3DF20AA8800D0_element_11/enabled'
19:20:38.530 [AsyncHttpClient-1-11] DEBUG org.asynchttpclient.netty.handler.HttpHandler - 

Request DefaultFullHttpRequest(decodeResult: success, version: HTTP/1.1, content: EmptyByteBufBE)
GET /session/1e974bd806e454f0700a98f638ee2997/element/7B9440C28F930D3C77E3DF20AA8800D0_element_11/enabled HTTP/1.1
User-Agent: selenium/4.8.1 (java windows)
Cache-Control: no-cache
Content-Type: application/json; charset=utf-8
host: localhost:15965
accept: */*

Response DefaultHttpResponse(decodeResult: success, version: HTTP/1.1)
HTTP/1.1 200 OK
Content-Length: 14
Content-Type: application/json; charset=utf-8
cache-control: no-cache

19:20:38.530 [AsyncHttpClient-1-11] DEBUG org.asynchttpclient.netty.channel.ChannelManager - Adding key: http://localhost:15965 for channel [id: 0x1bbe2821, L:/127.0.0.1:60824 - R:localhost/127.0.0.1:15965]
19:20:38.531 [Forwarding findElement on session 1e974bd806e454f0700a98f638ee2997 to remote] DEBUG org.asynchttpclient.netty.request.NettyRequestSender - Using pooled Channel '[id: 0x1bbe2821, L:/127.0.0.1:60824 - R:localhost/127.0.0.1:15965]' for 'POST' to 'http://localhost:15965/session/1e974bd806e454f0700a98f638ee2997/element'
19:20:38.531 [Forwarding findElement on session 1e974bd806e454f0700a98f638ee2997 to remote] DEBUG org.asynchttpclient.netty.request.NettyRequestSender - Using open Channel [id: 0x1bbe2821, L:/127.0.0.1:60824 - R:localhost/127.0.0.1:15965] for POST '/session/1e974bd806e454f0700a98f638ee2997/element'
19:20:38.540 [AsyncHttpClient-1-11] DEBUG org.asynchttpclient.netty.handler.HttpHandler - 

Request DefaultHttpRequest(decodeResult: success, version: HTTP/1.1)
POST /session/1e974bd806e454f0700a98f638ee2997/element HTTP/1.1
User-Agent: selenium/4.8.1 (java windows)
Content-Length: 71
Content-Type: application/json; charset=utf-8
host: localhost:15965
accept: */*

Response DefaultHttpResponse(decodeResult: success, version: HTTP/1.1)
HTTP/1.1 200 OK
Content-Length: 95
Content-Type: application/json; charset=utf-8
cache-control: no-cache

19:20:38.540 [AsyncHttpClient-1-11] DEBUG org.asynchttpclient.netty.channel.ChannelManager - Adding key: http://localhost:15965 for channel [id: 0x1bbe2821, L:/127.0.0.1:60824 - R:localhost/127.0.0.1:15965]
19:20:38.541 [Forwarding clickElement on session 1e974bd806e454f0700a98f638ee2997 to remote] DEBUG org.asynchttpclient.netty.request.NettyRequestSender - Using pooled Channel '[id: 0x1bbe2821, L:/127.0.0.1:60824 - R:localhost/127.0.0.1:15965]' for 'POST' to 'http://localhost:15965/session/1e974bd806e454f0700a98f638ee2997/element/7B9440C28F930D3C77E3DF20AA8800D0_element_11/click'
19:20:38.541 [Forwarding clickElement on session 1e974bd806e454f0700a98f638ee2997 to remote] DEBUG org.asynchttpclient.netty.request.NettyRequestSender - Using open Channel [id: 0x1bbe2821, L:/127.0.0.1:60824 - R:localhost/127.0.0.1:15965] for POST '/session/1e974bd806e454f0700a98f638ee2997/element/7B9440C28F930D3C77E3DF20AA8800D0_element_11/click'
19:20:38.589 [AsyncHttpClient-1-11] DEBUG org.asynchttpclient.netty.handler.HttpHandler - 

Request DefaultHttpRequest(decodeResult: success, version: HTTP/1.1)
POST /session/1e974bd806e454f0700a98f638ee2997/element/7B9440C28F930D3C77E3DF20AA8800D0_element_11/click HTTP/1.1
User-Agent: selenium/4.8.1 (java windows)
Content-Length: 57
Content-Type: application/json; charset=utf-8
host: localhost:15965
accept: */*

Response DefaultHttpResponse(decodeResult: success, version: HTTP/1.1)
HTTP/1.1 200 OK
Content-Length: 14
Content-Type: application/json; charset=utf-8
cache-control: no-cache

19:20:38.589 [AsyncHttpClient-1-11] DEBUG org.asynchttpclient.netty.channel.ChannelManager - Adding key: http://localhost:15965 for channel [id: 0x1bbe2821, L:/127.0.0.1:60824 - R:localhost/127.0.0.1:15965]
19:20:38.594 [Forwarding getAlertText on session 1e974bd806e454f0700a98f638ee2997 to remote] DEBUG org.asynchttpclient.netty.request.NettyRequestSender - Using pooled Channel '[id: 0x1bbe2821, L:/127.0.0.1:60824 - R:localhost/127.0.0.1:15965]' for 'GET' to 'http://localhost:15965/session/1e974bd806e454f0700a98f638ee2997/alert/text'
19:20:38.594 [Forwarding getAlertText on session 1e974bd806e454f0700a98f638ee2997 to remote] DEBUG org.asynchttpclient.netty.request.NettyRequestSender - Using open Channel [id: 0x1bbe2821, L:/127.0.0.1:60824 - R:localhost/127.0.0.1:15965] for GET '/session/1e974bd806e454f0700a98f638ee2997/alert/text'
19:20:38.597 [AsyncHttpClient-1-11] DEBUG org.asynchttpclient.netty.handler.HttpHandler - 

Request DefaultFullHttpRequest(decodeResult: success, version: HTTP/1.1, content: EmptyByteBufBE)
GET /session/1e974bd806e454f0700a98f638ee2997/alert/text HTTP/1.1
User-Agent: selenium/4.8.1 (java windows)
Cache-Control: no-cache
Content-Type: application/json; charset=utf-8
host: localhost:15965
accept: */*

Response DefaultHttpResponse(decodeResult: success, version: HTTP/1.1)
HTTP/1.1 404 Not Found
Content-Length: 847
Content-Type: application/json; charset=utf-8
cache-control: no-cache

19:20:38.597 [AsyncHttpClient-1-11] DEBUG org.asynchttpclient.netty.channel.ChannelManager - Adding key: http://localhost:15965 for channel [id: 0x1bbe2821, L:/127.0.0.1:60824 - R:localhost/127.0.0.1:15965]
19:20:38.598 [Forwarding getCurrentUrl on session 1e974bd806e454f0700a98f638ee2997 to remote] DEBUG org.asynchttpclient.netty.request.NettyRequestSender - Using pooled Channel '[id: 0x1bbe2821, L:/127.0.0.1:60824 - R:localhost/127.0.0.1:15965]' for 'GET' to 'http://localhost:15965/session/1e974bd806e454f0700a98f638ee2997/url'
19:20:38.598 [Forwarding getCurrentUrl on session 1e974bd806e454f0700a98f638ee2997 to remote] DEBUG org.asynchttpclient.netty.request.NettyRequestSender - Using open Channel [id: 0x1bbe2821, L:/127.0.0.1:60824 - R:localhost/127.0.0.1:15965] for GET '/session/1e974bd806e454f0700a98f638ee2997/url'
19:20:38.602 [AsyncHttpClient-1-11] DEBUG org.asynchttpclient.netty.handler.HttpHandler - 

Request DefaultFullHttpRequest(decodeResult: success, version: HTTP/1.1, content: EmptyByteBufBE)
GET /session/1e974bd806e454f0700a98f638ee2997/url HTTP/1.1
User-Agent: selenium/4.8.1 (java windows)
Cache-Control: no-cache
Content-Type: application/json; charset=utf-8
host: localhost:15965
accept: */*

Response DefaultHttpResponse(decodeResult: success, version: HTTP/1.1)
HTTP/1.1 200 OK
Content-Length: 54
Content-Type: application/json; charset=utf-8
cache-control: no-cache

19:20:38.602 [AsyncHttpClient-1-11] DEBUG org.asynchttpclient.netty.channel.ChannelManager - Adding key: http://localhost:15965 for channel [id: 0x1bbe2821, L:/127.0.0.1:60824 - R:localhost/127.0.0.1:15965]
19:20:38.603 [Forwarding screenshot on session 1e974bd806e454f0700a98f638ee2997 to remote] DEBUG org.asynchttpclient.netty.request.NettyRequestSender - Using pooled Channel '[id: 0x1bbe2821, L:/127.0.0.1:60824 - R:localhost/127.0.0.1:15965]' for 'GET' to 'http://localhost:15965/session/1e974bd806e454f0700a98f638ee2997/screenshot'
19:20:38.603 [Forwarding screenshot on session 1e974bd806e454f0700a98f638ee2997 to remote] DEBUG org.asynchttpclient.netty.request.NettyRequestSender - Using open Channel [id: 0x1bbe2821, L:/127.0.0.1:60824 - R:localhost/127.0.0.1:15965] for GET '/session/1e974bd806e454f0700a98f638ee2997/screenshot'
19:20:38.802 [AsyncHttpClient-1-11] DEBUG org.asynchttpclient.netty.handler.HttpHandler - 

Request DefaultFullHttpRequest(decodeResult: success, version: HTTP/1.1, content: EmptyByteBufBE)
GET /session/1e974bd806e454f0700a98f638ee2997/screenshot HTTP/1.1
User-Agent: selenium/4.8.1 (java windows)
Cache-Control: no-cache
Content-Type: application/json; charset=utf-8
host: localhost:15965
accept: */*

Response DefaultHttpResponse(decodeResult: success, version: HTTP/1.1)
HTTP/1.1 200 OK
Content-Length: 45280
Content-Type: application/json; charset=utf-8
cache-control: no-cache

19:20:38.802 [AsyncHttpClient-1-11] DEBUG org.asynchttpclient.netty.channel.ChannelManager - Adding key: http://localhost:15965 for channel [id: 0x1bbe2821, L:/127.0.0.1:60824 - R:localhost/127.0.0.1:15965]
19:20:38.804 [main] DEBUG net.serenitybdd.core.photography.Darkroom - Send negative for processing for target\site\serenity\3f52ac3ef13d976c4cfe2e8adad4127da56830bdb4a6706d29dc0f6d1f075d07.png
19:20:38.804 [main] DEBUG net.thucydides.core.steps.StepInterceptor - STEP DONE: ClickRegisterButton
  &amp#27;[32mWhen &amp#27;[0m&amp#27;[32mI click on the register button&amp#27;[0m          &amp#27;[90m# starter.stepdefinitions.RegisterSteps.ClickRegisterButton()&amp#27;[0m
19:20:38.804 [Darkroom Processing Line] DEBUG net.serenitybdd.core.photography.DarkroomProcessingLine - Processing screenshot image in /var/screenshots/screenshot-16871221469447252634
19:20:38.804 [Darkroom Processing Line] DEBUG net.serenitybdd.core.photography.DarkroomProcessingLine - Saving screenshot to target\site\serenity\3f52ac3ef13d976c4cfe2e8adad4127da56830bdb4a6706d29dc0f6d1f075d07.png
19:20:38.818 [Forwarding getPageSource on session 1e974bd806e454f0700a98f638ee2997 to remote] DEBUG org.asynchttpclient.netty.request.NettyRequestSender - Using pooled Channel '[id: 0x1bbe2821, L:/127.0.0.1:60824 - R:localhost/127.0.0.1:15965]' for 'POST' to 'http://localhost:15965/session/1e974bd806e454f0700a98f638ee2997/execute/sync'
19:20:38.818 [Forwarding getPageSource on session 1e974bd806e454f0700a98f638ee2997 to remote] DEBUG org.asynchttpclient.netty.request.NettyRequestSender - Using open Channel [id: 0x1bbe2821, L:/127.0.0.1:60824 - R:localhost/127.0.0.1:15965] for POST '/session/1e974bd806e454f0700a98f638ee2997/execute/sync'
19:20:38.827 [AsyncHttpClient-1-11] DEBUG org.asynchttpclient.netty.handler.HttpHandler - 

Request DefaultHttpRequest(decodeResult: success, version: HTTP/1.1)
POST /session/1e974bd806e454f0700a98f638ee2997/execute/sync HTTP/1.1
User-Agent: selenium/4.8.1 (java windows)
Content-Length: 176
Content-Type: application/json; charset=utf-8
host: localhost:15965
accept: */*

Response DefaultHttpResponse(decodeResult: success, version: HTTP/1.1)
HTTP/1.1 200 OK
Content-Length: 23195
Content-Type: application/json; charset=utf-8
cache-control: no-cache

19:20:38.827 [AsyncHttpClient-1-11] DEBUG org.asynchttpclient.netty.channel.ChannelManager - Adding key: http://localhost:15965 for channel [id: 0x1bbe2821, L:/127.0.0.1:60824 - R:localhost/127.0.0.1:15965]
19:20:38.829 [Forwarding getCurrentUrl on session 1e974bd806e454f0700a98f638ee2997 to remote] DEBUG org.asynchttpclient.netty.request.NettyRequestSender - Using pooled Channel '[id: 0x1bbe2821, L:/127.0.0.1:60824 - R:localhost/127.0.0.1:15965]' for 'GET' to 'http://localhost:15965/session/1e974bd806e454f0700a98f638ee2997/url'
19:20:38.829 [Forwarding getCurrentUrl on session 1e974bd806e454f0700a98f638ee2997 to remote] DEBUG org.asynchttpclient.netty.request.NettyRequestSender - Using open Channel [id: 0x1bbe2821, L:/127.0.0.1:60824 - R:localhost/127.0.0.1:15965] for GET '/session/1e974bd806e454f0700a98f638ee2997/url'
19:20:38.835 [AsyncHttpClient-1-11] DEBUG org.asynchttpclient.netty.handler.HttpHandler - 

Request DefaultFullHttpRequest(decodeResult: success, version: HTTP/1.1, content: EmptyByteBufBE)
GET /session/1e974bd806e454f0700a98f638ee2997/url HTTP/1.1
User-Agent: selenium/4.8.1 (java windows)
Cache-Control: no-cache
Content-Type: application/json; charset=utf-8
host: localhost:15965
accept: */*

Response DefaultHttpResponse(decodeResult: success, version: HTTP/1.1)
HTTP/1.1 200 OK
Content-Length: 54
Content-Type: application/json; charset=utf-8
cache-control: no-cache

19:20:38.835 [AsyncHttpClient-1-11] DEBUG org.asynchttpclient.netty.channel.ChannelManager - Adding key: http://localhost:15965 for channel [id: 0x1bbe2821, L:/127.0.0.1:60824 - R:localhost/127.0.0.1:15965]
19:20:38.846 [Forwarding getPageSource on session 1e974bd806e454f0700a98f638ee2997 to remote] DEBUG org.asynchttpclient.netty.request.NettyRequestSender - Using pooled Channel '[id: 0x1bbe2821, L:/127.0.0.1:60824 - R:localhost/127.0.0.1:15965]' for 'POST' to 'http://localhost:15965/session/1e974bd806e454f0700a98f638ee2997/execute/sync'
19:20:38.846 [Forwarding getPageSource on session 1e974bd806e454f0700a98f638ee2997 to remote] DEBUG org.asynchttpclient.netty.request.NettyRequestSender - Using open Channel [id: 0x1bbe2821, L:/127.0.0.1:60824 - R:localhost/127.0.0.1:15965] for POST '/session/1e974bd806e454f0700a98f638ee2997/execute/sync'
19:20:38.852 [AsyncHttpClient-1-11] DEBUG org.asynchttpclient.netty.handler.HttpHandler - 

Request DefaultHttpRequest(decodeResult: success, version: HTTP/1.1)
POST /session/1e974bd806e454f0700a98f638ee2997/execute/sync HTTP/1.1
User-Agent: selenium/4.8.1 (java windows)
Content-Length: 176
Content-Type: application/json; charset=utf-8
host: localhost:15965
accept: */*

Response DefaultHttpResponse(decodeResult: success, version: HTTP/1.1)
HTTP/1.1 200 OK
Content-Length: 23196
Content-Type: application/json; charset=utf-8
cache-control: no-cache

19:20:38.852 [AsyncHttpClient-1-11] DEBUG org.asynchttpclient.netty.channel.ChannelManager - Adding key: http://localhost:15965 for channel [id: 0x1bbe2821, L:/127.0.0.1:60824 - R:localhost/127.0.0.1:15965]
19:20:38.854 [Forwarding getCurrentUrl on session 1e974bd806e454f0700a98f638ee2997 to remote] DEBUG org.asynchttpclient.netty.request.NettyRequestSender - Using pooled Channel '[id: 0x1bbe2821, L:/127.0.0.1:60824 - R:localhost/127.0.0.1:15965]' for 'GET' to 'http://localhost:15965/session/1e974bd806e454f0700a98f638ee2997/url'
19:20:38.854 [Forwarding getCurrentUrl on session 1e974bd806e454f0700a98f638ee2997 to remote] DEBUG org.asynchttpclient.netty.request.NettyRequestSender - Using open Channel [id: 0x1bbe2821, L:/127.0.0.1:60824 - R:localhost/127.0.0.1:15965] for GET '/session/1e974bd806e454f0700a98f638ee2997/url'
19:20:38.858 [AsyncHttpClient-1-11] DEBUG org.asynchttpclient.netty.handler.HttpHandler - 

Request DefaultFullHttpRequest(decodeResult: success, version: HTTP/1.1, content: EmptyByteBufBE)
GET /session/1e974bd806e454f0700a98f638ee2997/url HTTP/1.1
User-Agent: selenium/4.8.1 (java windows)
Cache-Control: no-cache
Content-Type: application/json; charset=utf-8
host: localhost:15965
accept: */*

Response DefaultHttpResponse(decodeResult: success, version: HTTP/1.1)
HTTP/1.1 200 OK
Content-Length: 54
Content-Type: application/json; charset=utf-8
cache-control: no-cache

19:20:38.859 [AsyncHttpClient-1-11] DEBUG org.asynchttpclient.netty.channel.ChannelManager - Adding key: http://localhost:15965 for channel [id: 0x1bbe2821, L:/127.0.0.1:60824 - R:localhost/127.0.0.1:15965]
19:20:38.863 [main] DEBUG net.thucydides.core.steps.StepInterceptor - STARTING STEP: LoginSteps.alertContent - incorrectAlert
19:20:38.867 [Forwarding findElement on session 1e974bd806e454f0700a98f638ee2997 to remote] DEBUG org.asynchttpclient.netty.request.NettyRequestSender - Using pooled Channel '[id: 0x1bbe2821, L:/127.0.0.1:60824 - R:localhost/127.0.0.1:15965]' for 'POST' to 'http://localhost:15965/session/1e974bd806e454f0700a98f638ee2997/element'
19:20:38.867 [Forwarding findElement on session 1e974bd806e454f0700a98f638ee2997 to remote] DEBUG org.asynchttpclient.netty.request.NettyRequestSender - Using open Channel [id: 0x1bbe2821, L:/127.0.0.1:60824 - R:localhost/127.0.0.1:15965] for POST '/session/1e974bd806e454f0700a98f638ee2997/element'
19:20:38.883 [AsyncHttpClient-1-11] DEBUG org.asynchttpclient.netty.handler.HttpHandler - 

Request DefaultHttpRequest(decodeResult: success, version: HTTP/1.1)
POST /session/1e974bd806e454f0700a98f638ee2997/element HTTP/1.1
User-Agent: selenium/4.8.1 (java windows)
Content-Length: 54
Content-Type: application/json; charset=utf-8
host: localhost:15965
accept: */*

Response DefaultHttpResponse(decodeResult: success, version: HTTP/1.1)
HTTP/1.1 200 OK
Content-Length: 95
Content-Type: application/json; charset=utf-8
cache-control: no-cache

19:20:38.883 [AsyncHttpClient-1-11] DEBUG org.asynchttpclient.netty.channel.ChannelManager - Adding key: http://localhost:15965 for channel [id: 0x1bbe2821, L:/127.0.0.1:60824 - R:localhost/127.0.0.1:15965]
19:20:38.886 [Forwarding isElementDisplayed on session 1e974bd806e454f0700a98f638ee2997 to remote] DEBUG org.asynchttpclient.netty.request.NettyRequestSender - Using pooled Channel '[id: 0x1bbe2821, L:/127.0.0.1:60824 - R:localhost/127.0.0.1:15965]' for 'POST' to 'http://localhost:15965/session/1e974bd806e454f0700a98f638ee2997/execute/sync'
19:20:38.886 [Forwarding isElementDisplayed on session 1e974bd806e454f0700a98f638ee2997 to remote] DEBUG org.asynchttpclient.netty.request.NettyRequestSender - Using open Channel [id: 0x1bbe2821, L:/127.0.0.1:60824 - R:localhost/127.0.0.1:15965] for POST '/session/1e974bd806e454f0700a98f638ee2997/execute/sync'
19:20:38.908 [AsyncHttpClient-1-11] DEBUG org.asynchttpclient.netty.handler.HttpHandler - 

Request DefaultHttpRequest(decodeResult: success, version: HTTP/1.1)
POST /session/1e974bd806e454f0700a98f638ee2997/execute/sync HTTP/1.1
User-Agent: selenium/4.8.1 (java windows)
Content-Length: 48814
Content-Type: application/json; charset=utf-8
host: localhost:15965
accept: */*

Response DefaultHttpResponse(decodeResult: success, version: HTTP/1.1)
HTTP/1.1 200 OK
Content-Length: 14
Content-Type: application/json; charset=utf-8
cache-control: no-cache

19:20:38.909 [AsyncHttpClient-1-11] DEBUG org.asynchttpclient.netty.channel.ChannelManager - Adding key: http://localhost:15965 for channel [id: 0x1bbe2821, L:/127.0.0.1:60824 - R:localhost/127.0.0.1:15965]
19:20:38.917 [Forwarding getAlertText on session 1e974bd806e454f0700a98f638ee2997 to remote] DEBUG org.asynchttpclient.netty.request.NettyRequestSender - Using pooled Channel '[id: 0x1bbe2821, L:/127.0.0.1:60824 - R:localhost/127.0.0.1:15965]' for 'GET' to 'http://localhost:15965/session/1e974bd806e454f0700a98f638ee2997/alert/text'
19:20:38.917 [Forwarding getAlertText on session 1e974bd806e454f0700a98f638ee2997 to remote] DEBUG org.asynchttpclient.netty.request.NettyRequestSender - Using open Channel [id: 0x1bbe2821, L:/127.0.0.1:60824 - R:localhost/127.0.0.1:15965] for GET '/session/1e974bd806e454f0700a98f638ee2997/alert/text'
19:20:38.919 [AsyncHttpClient-1-11] DEBUG org.asynchttpclient.netty.handler.HttpHandler - 

Request DefaultFullHttpRequest(decodeResult: success, version: HTTP/1.1, content: EmptyByteBufBE)
GET /session/1e974bd806e454f0700a98f638ee2997/alert/text HTTP/1.1
User-Agent: selenium/4.8.1 (java windows)
Cache-Control: no-cache
Content-Type: application/json; charset=utf-8
host: localhost:15965
accept: */*

Response DefaultHttpResponse(decodeResult: success, version: HTTP/1.1)
HTTP/1.1 404 Not Found
Content-Length: 847
Content-Type: application/json; charset=utf-8
cache-control: no-cache

19:20:38.919 [AsyncHttpClient-1-11] DEBUG org.asynchttpclient.netty.channel.ChannelManager - Adding key: http://localhost:15965 for channel [id: 0x1bbe2821, L:/127.0.0.1:60824 - R:localhost/127.0.0.1:15965]
19:20:38.920 [Forwarding getCurrentUrl on session 1e974bd806e454f0700a98f638ee2997 to remote] DEBUG org.asynchttpclient.netty.request.NettyRequestSender - Using pooled Channel '[id: 0x1bbe2821, L:/127.0.0.1:60824 - R:localhost/127.0.0.1:15965]' for 'GET' to 'http://localhost:15965/session/1e974bd806e454f0700a98f638ee2997/url'
19:20:38.921 [Forwarding getCurrentUrl on session 1e974bd806e454f0700a98f638ee2997 to remote] DEBUG org.asynchttpclient.netty.request.NettyRequestSender - Using open Channel [id: 0x1bbe2821, L:/127.0.0.1:60824 - R:localhost/127.0.0.1:15965] for GET '/session/1e974bd806e454f0700a98f638ee2997/url'
19:20:38.926 [AsyncHttpClient-1-11] DEBUG org.asynchttpclient.netty.handler.HttpHandler - 

Request DefaultFullHttpRequest(decodeResult: success, version: HTTP/1.1, content: EmptyByteBufBE)
GET /session/1e974bd806e454f0700a98f638ee2997/url HTTP/1.1
User-Agent: selenium/4.8.1 (java windows)
Cache-Control: no-cache
Content-Type: application/json; charset=utf-8
host: localhost:15965
accept: */*

Response DefaultHttpResponse(decodeResult: success, version: HTTP/1.1)
HTTP/1.1 200 OK
Content-Length: 54
Content-Type: application/json; charset=utf-8
cache-control: no-cache

19:20:38.926 [AsyncHttpClient-1-11] DEBUG org.asynchttpclient.netty.channel.ChannelManager - Adding key: http://localhost:15965 for channel [id: 0x1bbe2821, L:/127.0.0.1:60824 - R:localhost/127.0.0.1:15965]
19:20:38.927 [Forwarding screenshot on session 1e974bd806e454f0700a98f638ee2997 to remote] DEBUG org.asynchttpclient.netty.request.NettyRequestSender - Using pooled Channel '[id: 0x1bbe2821, L:/127.0.0.1:60824 - R:localhost/127.0.0.1:15965]' for 'GET' to 'http://localhost:15965/session/1e974bd806e454f0700a98f638ee2997/screenshot'
19:20:38.927 [Forwarding screenshot on session 1e974bd806e454f0700a98f638ee2997 to remote] DEBUG org.asynchttpclient.netty.request.NettyRequestSender - Using open Channel [id: 0x1bbe2821, L:/127.0.0.1:60824 - R:localhost/127.0.0.1:15965] for GET '/session/1e974bd806e454f0700a98f638ee2997/screenshot'
19:20:39.060 [AsyncHttpClient-1-11] DEBUG org.asynchttpclient.netty.handler.HttpHandler - 

Request DefaultFullHttpRequest(decodeResult: success, version: HTTP/1.1, content: EmptyByteBufBE)
GET /session/1e974bd806e454f0700a98f638ee2997/screenshot HTTP/1.1
User-Agent: selenium/4.8.1 (java windows)
Cache-Control: no-cache
Content-Type: application/json; charset=utf-8
host: localhost:15965
accept: */*

Response DefaultHttpResponse(decodeResult: success, version: HTTP/1.1)
HTTP/1.1 200 OK
Content-Length: 47088
Content-Type: application/json; charset=utf-8
cache-control: no-cache

19:20:39.061 [AsyncHttpClient-1-11] DEBUG org.asynchttpclient.netty.channel.ChannelManager - Adding key: http://localhost:15965 for channel [id: 0x1bbe2821, L:/127.0.0.1:60824 - R:localhost/127.0.0.1:15965]
19:20:39.063 [main] DEBUG net.serenitybdd.core.photography.Darkroom - Send negative for processing for target\site\serenity\b376654cb27508f36dfd30a7a7c271bc9c4a1e3d8766c385b457a7fec2c5812b.png
19:20:39.063 [main] DEBUG net.thucydides.core.steps.StepInterceptor - STEP DONE: incorrectAlert
  &amp#27;[32mThen &amp#27;[0m&amp#27;[32mI should see the error message&amp#27;[0m          &amp#27;[90m# starter.stepdefinitions.LoginSteps.alertContent()&amp#27;[0m
19:20:39.064 [Darkroom Processing Line] DEBUG net.serenitybdd.core.photography.DarkroomProcessingLine - Processing screenshot image in /var/screenshots/screenshot-12804400075641961436
19:20:39.064 [Darkroom Processing Line] DEBUG net.serenitybdd.core.photography.DarkroomProcessingLine - Saving screenshot to target\site\serenity\b376654cb27508f36dfd30a7a7c271bc9c4a1e3d8766c385b457a7fec2c5812b.png
19:20:39.071 [main] INFO  - 
  _____   ___   ___   _____     ___     _     ___   ___   ___   ___  
 |_   _| | __| / __| |_   _|   | _ \   /_\   / __| / __| | __| |   \ 
   | |   | _|  \__ \   | |     |  _/  / _ \  \__ \ \__ \ | _|  | |) |
   |_|   |___| |___/   |_|     |_|   /_/ \_\ |___/ |___/ |___| |___/ 

Register without fill the password
----------------------------------------------------------------------
19:20:39.073 [AsyncHttpClient-1-13] DEBUG org.asynchttpclient.netty.handler.WebSocketHandler - Channel Closed: [id: 0x5d1b4932, L:/127.0.0.1:60832 ! R:localhost/127.0.0.1:60825] with attribute NettyResponseFuture{currentRetry=0,
	isDone=1,
	isCancelled=0,
	asyncHandler=org.asynchttpclient.ws.WebSocketUpgradeHandler@1cca8308,
	nettyRequest=org.asynchttpclient.netty.request.NettyRequest@59c80ef5,
	future=java.util.concurrent.CompletableFuture@58b85c9c[Completed normally],
	uri=ws://localhost:60825/devtools/browser/8ddc195a-b089-457d-929f-0e3f652d0fa7,
	keepAlive=true,
	redirectCount=0,
	timeoutsHolder=null,
	inAuth=0,
	touch=1683807635644}
19:20:39.073 [AsyncHttpClient-1-13] DEBUG org.asynchttpclient.netty.channel.ChannelManager - Closing Channel [id: 0x5d1b4932, L:/127.0.0.1:60832 ! R:localhost/127.0.0.1:60825] 
19:20:39.073 [Driver Command Executor] DEBUG org.asynchttpclient.netty.request.NettyRequestSender - Using pooled Channel '[id: 0x1bbe2821, L:/127.0.0.1:60824 - R:localhost/127.0.0.1:15965]' for 'DELETE' to 'http://localhost:15965/session/1e974bd806e454f0700a98f638ee2997'
19:20:39.073 [Driver Command Executor] DEBUG org.asynchttpclient.netty.request.NettyRequestSender - Using open Channel [id: 0x1bbe2821, L:/127.0.0.1:60824 - R:localhost/127.0.0.1:15965] for DELETE '/session/1e974bd806e454f0700a98f638ee2997'
19:20:39.370 [AsyncHttpClient-1-12] DEBUG org.asynchttpclient.netty.handler.HttpHandler - Unexpected I/O exception on channel [id: 0xb403bae9, L:/127.0.0.1:60831 - R:localhost/127.0.0.1:60825]
java.net.SocketException: Connection reset
	at java.base/sun.nio.ch.SocketChannelImpl.throwConnectionReset(SocketChannelImpl.java:401)
	at java.base/sun.nio.ch.SocketChannelImpl.read(SocketChannelImpl.java:434)
	at io.netty.buffer.PooledByteBuf.setBytes(PooledByteBuf.java:259)
	at io.netty.buffer.AbstractByteBuf.writeBytes(AbstractByteBuf.java:1132)
	at io.netty.channel.socket.nio.NioSocketChannel.doReadBytes(NioSocketChannel.java:357)
	at io.netty.channel.nio.AbstractNioByteChannel$NioByteUnsafe.read(AbstractNioByteChannel.java:151)
	at io.netty.channel.nio.NioEventLoop.processSelectedKey(NioEventLoop.java:788)
	at io.netty.channel.nio.NioEventLoop.processSelectedKeysOptimized(NioEventLoop.java:724)
	at io.netty.channel.nio.NioEventLoop.processSelectedKeys(NioEventLoop.java:650)
	at io.netty.channel.nio.NioEventLoop.run(NioEventLoop.java:562)
	at io.netty.util.concurrent.SingleThreadEventExecutor$4.run(SingleThreadEventExecutor.java:997)
	at io.netty.util.internal.ThreadExecutorMap$2.run(ThreadExecutorMap.java:74)
	at io.netty.util.concurrent.FastThreadLocalRunnable.run(FastThreadLocalRunnable.java:30)
	at java.base/java.lang.Thread.run(Thread.java:1589)
19:20:39.370 [AsyncHttpClient-1-12] DEBUG org.asynchttpclient.netty.channel.ChannelManager - Closing Channel [id: 0xb403bae9, L:/127.0.0.1:60831 - R:localhost/127.0.0.1:60825] 
19:20:39.370 [AsyncHttpClient-1-12] DEBUG org.asynchttpclient.netty.handler.HttpHandler - Channel Closed: [id: 0xb403bae9, L:/127.0.0.1:60831 ! R:localhost/127.0.0.1:60825] with attribute DISCARD
19:20:39.388 [AsyncHttpClient-1-11] DEBUG org.asynchttpclient.netty.handler.HttpHandler - 

Request DefaultFullHttpRequest(decodeResult: success, version: HTTP/1.1, content: EmptyByteBufBE)
DELETE /session/1e974bd806e454f0700a98f638ee2997 HTTP/1.1
User-Agent: selenium/4.8.1 (java windows)
Content-Type: application/json; charset=utf-8
host: localhost:15965
accept: */*

Response DefaultHttpResponse(decodeResult: success, version: HTTP/1.1)
HTTP/1.1 200 OK
Content-Length: 14
Content-Type: application/json; charset=utf-8
cache-control: no-cache

19:20:39.389 [AsyncHttpClient-1-11] DEBUG org.asynchttpclient.netty.channel.ChannelManager - Adding key: http://localhost:15965 for channel [id: 0x1bbe2821, L:/127.0.0.1:60824 - R:localhost/127.0.0.1:15965]
19:20:39.513 [AsyncHttpClient-1-11] DEBUG org.asynchttpclient.netty.handler.HttpHandler - Channel Closed: [id: 0x1bbe2821, L:/127.0.0.1:60824 ! R:localhost/127.0.0.1:15965] with attribute DISCARD
]]></system-out>
    <system-err><![CDATA[Starting ChromeDriver 113.0.5672.63 (0e1a4471d5ae5bf128b1bd8f4d627c8cbd55f70c-refs/branch-heads/5672@{#912}) on port 15965
Only local connections are allowed.
Please see https://chromedriver.chromium.org/security-considerations for suggestions on keeping ChromeDriver safe.
ChromeDriver was started successfully.
May 11, 2023 7:20:35 PM org.openqa.selenium.devtools.CdpVersionFinder findNearestMatch
WARNING: Unable to find an exact match for CDP version 113, so returning the closest version found: 110
]]></system-err>
  </testcase>
  <testcase name="Register with existed email" classname="Register to Alta-shop Account" time="4.837">
    <system-out><![CDATA[
Scenario: Register with existed email       &amp#27;[90m# src/test/resources/features/1. Register.feature:43&amp#27;[0m
19:20:39.567 [main] DEBUG io.cucumber.core.plugin.SerenityReporter - Running feature from file:///C:/Users/Bunayya%20Zulfikar/3D%20Objects/alta_web_minpro_testcase/src/test/resources/features/1.%20Register.feature
19:20:39.569 [main] INFO  - 
  _____   ___   ___   _____     ___   _____     _     ___   _____   ___   ___  
 |_   _| | __| / __| |_   _|   / __| |_   _|   /_\   | _ \ |_   _| | __| |   \ 
   | |   | _|  \__ \   | |     \__ \   | |    / _ \  |   /   | |   | _|  | |) |
   |_|   |___| |___/   |_|     |___/   |_|   /_/ \_\ |_|_\   |_|   |___| |___/ 

Register with existed email(register-to-alta-shop-account;register-with-existed-email)
--------------------------------------------------------------------------------
19:20:39.590 [main] DEBUG net.thucydides.core.steps.StepInterceptor - STARTING STEP: LoginSteps.onTheLoginPage - openPage
19:20:39.606 [AsyncHttpClient-1-1] DEBUG org.asynchttpclient.netty.channel.DefaultChannelPool - Entry count for : http://localhost:15965 : 1
19:20:39.606 [AsyncHttpClient-1-1] DEBUG org.asynchttpclient.netty.channel.DefaultChannelPool - Entry count for : http://localhost:60825 : 1
19:20:39.606 [AsyncHttpClient-1-1] DEBUG org.asynchttpclient.netty.channel.DefaultChannelPool - Adding Candidate expired Channel [id: 0x1bbe2821, L:/127.0.0.1:60824 ! R:localhost/127.0.0.1:15965] isIdleTimeoutExpired=false isRemotelyClosed=true isTtlExpired=false
19:20:39.606 [AsyncHttpClient-1-1] DEBUG org.asynchttpclient.netty.channel.DefaultChannelPool - Closing Idle Channel [id: 0x1bbe2821, L:/127.0.0.1:60824 ! R:localhost/127.0.0.1:15965]
19:20:39.606 [AsyncHttpClient-1-1] DEBUG org.asynchttpclient.netty.channel.DefaultChannelPool - Adding Candidate expired Channel [id: 0xb403bae9, L:/127.0.0.1:60831 ! R:localhost/127.0.0.1:60825] isIdleTimeoutExpired=false isRemotelyClosed=true isTtlExpired=false
19:20:39.606 [AsyncHttpClient-1-1] DEBUG org.asynchttpclient.netty.channel.DefaultChannelPool - Closing Idle Channel [id: 0xb403bae9, L:/127.0.0.1:60831 ! R:localhost/127.0.0.1:60825]
19:20:39.606 [AsyncHttpClient-1-1] DEBUG org.asynchttpclient.netty.channel.DefaultChannelPool - Closed 2 connections out of 2 in 0 ms
19:20:39.655 [main] INFO net.serenitybdd.core.webdriver.driverproviders.ChromeDriverProvider - Starting Chrome driver instance with capabilities:
19:20:39.655 [main] INFO net.serenitybdd.core.webdriver.driverproviders.ChromeDriverProvider - Capabilities {acceptInsecureCerts: false, browserName: chrome, goog:chromeOptions: {args: [remote-allow-origins=*], extensions: []}}
19:20:39.736 [AsyncHttpClient-1-14] DEBUG org.asynchttpclient.netty.channel.NettyConnectListener - Using new Channel '[id: 0x7ea716b6, L:/127.0.0.1:60850 - R:localhost/127.0.0.1:38422]' for 'POST' to '/session'
19:20:40.359 [AsyncHttpClient-1-14] DEBUG org.asynchttpclient.netty.handler.HttpHandler - 

Request DefaultHttpRequest(decodeResult: success, version: HTTP/1.1)
POST /session HTTP/1.1
User-Agent: selenium/4.8.1 (java windows)
Content-Length: 507
Content-Type: application/json; charset=utf-8
host: localhost:38422
accept: */*

Response DefaultHttpResponse(decodeResult: success, version: HTTP/1.1)
HTTP/1.1 200 OK
Content-Length: 862
Content-Type: application/json; charset=utf-8
cache-control: no-cache

19:20:40.360 [AsyncHttpClient-1-14] DEBUG org.asynchttpclient.netty.channel.ChannelManager - Adding key: http://localhost:38422 for channel [id: 0x7ea716b6, L:/127.0.0.1:60850 - R:localhost/127.0.0.1:38422]
19:20:40.368 [AsyncHttpClient-1-15] DEBUG org.asynchttpclient.netty.channel.NettyConnectListener - Using new Channel '[id: 0x0e9b265d, L:/127.0.0.1:60857 - R:localhost/127.0.0.1:60851]' for 'GET' to '/json/version'
19:20:40.370 [AsyncHttpClient-1-15] DEBUG org.asynchttpclient.netty.handler.HttpHandler - 

Request DefaultFullHttpRequest(decodeResult: success, version: HTTP/1.1, content: EmptyByteBufBE)
GET /json/version HTTP/1.1
User-Agent: selenium/4.8.1 (java windows)
host: localhost:60851
accept: */*

Response DefaultHttpResponse(decodeResult: success, version: HTTP/1.1)
HTTP/1.1 200 OK
Content-Security-Policy: frame-ancestors 'none'
Content-Length: 422
Content-Type: application/json; charset=UTF-8

19:20:40.371 [AsyncHttpClient-1-15] DEBUG org.asynchttpclient.netty.channel.ChannelManager - Adding key: http://localhost:60851 for channel [id: 0x0e9b265d, L:/127.0.0.1:60857 - R:localhost/127.0.0.1:60851]
19:20:40.373 [AsyncHttpClient-1-16] DEBUG org.asynchttpclient.netty.channel.NettyConnectListener - Using new Channel '[id: 0x1edc9038, L:/127.0.0.1:60858 - R:localhost/127.0.0.1:60851]' for 'GET' to '/devtools/browser/4dfd3b0b-ec61-4255-aeef-e0b059c4c981'
19:20:40.375 [AsyncHttpClient-1-16] DEBUG org.asynchttpclient.netty.handler.WebSocketHandler - 

Request DefaultFullHttpRequest(decodeResult: success, version: HTTP/1.1, content: EmptyByteBufBE)
GET /devtools/browser/4dfd3b0b-ec61-4255-aeef-e0b059c4c981 HTTP/1.1
upgrade: websocket
connection: upgrade
sec-websocket-key: STBioEjBm2ygNBVdNPn9bg==
sec-websocket-version: 13
origin: http://localhost:60851
host: localhost:60851
accept: */*
user-agent: AHC/2.1

Response DefaultHttpResponse(decodeResult: success, version: HTTP/1.1)
HTTP/1.1 101 WebSocket Protocol Handshake
Upgrade: WebSocket
Connection: Upgrade
Sec-WebSocket-Accept: fDcGnclxHihxmBxUMojfFRpUzrY=

19:20:40.380 [Forwarding get on session 6ecf2f0f48ba618e60b66eb014d87788 to remote] DEBUG org.asynchttpclient.netty.request.NettyRequestSender - Using pooled Channel '[id: 0x7ea716b6, L:/127.0.0.1:60850 - R:localhost/127.0.0.1:38422]' for 'POST' to 'http://localhost:38422/session/6ecf2f0f48ba618e60b66eb014d87788/url'
19:20:40.380 [Forwarding get on session 6ecf2f0f48ba618e60b66eb014d87788 to remote] DEBUG org.asynchttpclient.netty.request.NettyRequestSender - Using open Channel [id: 0x7ea716b6, L:/127.0.0.1:60850 - R:localhost/127.0.0.1:38422] for POST '/session/6ecf2f0f48ba618e60b66eb014d87788/url'
19:20:40.701 [AsyncHttpClient-1-1] DEBUG org.asynchttpclient.netty.channel.DefaultChannelPool - Entry count for : http://localhost:60851 : 1
19:20:40.998 [AsyncHttpClient-1-14] DEBUG org.asynchttpclient.netty.handler.HttpHandler - 

Request DefaultHttpRequest(decodeResult: success, version: HTTP/1.1)
POST /session/6ecf2f0f48ba618e60b66eb014d87788/url HTTP/1.1
User-Agent: selenium/4.8.1 (java windows)
Content-Length: 80
Content-Type: application/json; charset=utf-8
host: localhost:38422
accept: */*

Response DefaultHttpResponse(decodeResult: success, version: HTTP/1.1)
HTTP/1.1 200 OK
Content-Length: 14
Content-Type: application/json; charset=utf-8
cache-control: no-cache

19:20:40.998 [AsyncHttpClient-1-14] DEBUG org.asynchttpclient.netty.channel.ChannelManager - Adding key: http://localhost:38422 for channel [id: 0x7ea716b6, L:/127.0.0.1:60850 - R:localhost/127.0.0.1:38422]
19:20:40.999 [Forwarding setTimeout on session 6ecf2f0f48ba618e60b66eb014d87788 to remote] DEBUG org.asynchttpclient.netty.request.NettyRequestSender - Using pooled Channel '[id: 0x7ea716b6, L:/127.0.0.1:60850 - R:localhost/127.0.0.1:38422]' for 'POST' to 'http://localhost:38422/session/6ecf2f0f48ba618e60b66eb014d87788/timeouts'
19:20:40.999 [Forwarding setTimeout on session 6ecf2f0f48ba618e60b66eb014d87788 to remote] DEBUG org.asynchttpclient.netty.request.NettyRequestSender - Using open Channel [id: 0x7ea716b6, L:/127.0.0.1:60850 - R:localhost/127.0.0.1:38422] for POST '/session/6ecf2f0f48ba618e60b66eb014d87788/timeouts'
19:20:41.000 [AsyncHttpClient-1-14] DEBUG org.asynchttpclient.netty.handler.HttpHandler - 

Request DefaultHttpRequest(decodeResult: success, version: HTTP/1.1)
POST /session/6ecf2f0f48ba618e60b66eb014d87788/timeouts HTTP/1.1
User-Agent: selenium/4.8.1 (java windows)
Content-Length: 22
Content-Type: application/json; charset=utf-8
host: localhost:38422
accept: */*

Response DefaultHttpResponse(decodeResult: success, version: HTTP/1.1)
HTTP/1.1 200 OK
Content-Length: 14
Content-Type: application/json; charset=utf-8
cache-control: no-cache

19:20:41.000 [AsyncHttpClient-1-14] DEBUG org.asynchttpclient.netty.channel.ChannelManager - Adding key: http://localhost:38422 for channel [id: 0x7ea716b6, L:/127.0.0.1:60850 - R:localhost/127.0.0.1:38422]
19:20:41.008 [Forwarding getAlertText on session 6ecf2f0f48ba618e60b66eb014d87788 to remote] DEBUG org.asynchttpclient.netty.request.NettyRequestSender - Using pooled Channel '[id: 0x7ea716b6, L:/127.0.0.1:60850 - R:localhost/127.0.0.1:38422]' for 'GET' to 'http://localhost:38422/session/6ecf2f0f48ba618e60b66eb014d87788/alert/text'
19:20:41.008 [Forwarding getAlertText on session 6ecf2f0f48ba618e60b66eb014d87788 to remote] DEBUG org.asynchttpclient.netty.request.NettyRequestSender - Using open Channel [id: 0x7ea716b6, L:/127.0.0.1:60850 - R:localhost/127.0.0.1:38422] for GET '/session/6ecf2f0f48ba618e60b66eb014d87788/alert/text'
19:20:41.011 [AsyncHttpClient-1-14] DEBUG org.asynchttpclient.netty.handler.HttpHandler - 

Request DefaultFullHttpRequest(decodeResult: success, version: HTTP/1.1, content: EmptyByteBufBE)
GET /session/6ecf2f0f48ba618e60b66eb014d87788/alert/text HTTP/1.1
User-Agent: selenium/4.8.1 (java windows)
Cache-Control: no-cache
Content-Type: application/json; charset=utf-8
host: localhost:38422
accept: */*

Response DefaultHttpResponse(decodeResult: success, version: HTTP/1.1)
HTTP/1.1 404 Not Found
Content-Length: 847
Content-Type: application/json; charset=utf-8
cache-control: no-cache

19:20:41.011 [AsyncHttpClient-1-14] DEBUG org.asynchttpclient.netty.channel.ChannelManager - Adding key: http://localhost:38422 for channel [id: 0x7ea716b6, L:/127.0.0.1:60850 - R:localhost/127.0.0.1:38422]
19:20:41.013 [Forwarding getCurrentUrl on session 6ecf2f0f48ba618e60b66eb014d87788 to remote] DEBUG org.asynchttpclient.netty.request.NettyRequestSender - Using pooled Channel '[id: 0x7ea716b6, L:/127.0.0.1:60850 - R:localhost/127.0.0.1:38422]' for 'GET' to 'http://localhost:38422/session/6ecf2f0f48ba618e60b66eb014d87788/url'
19:20:41.013 [Forwarding getCurrentUrl on session 6ecf2f0f48ba618e60b66eb014d87788 to remote] DEBUG org.asynchttpclient.netty.request.NettyRequestSender - Using open Channel [id: 0x7ea716b6, L:/127.0.0.1:60850 - R:localhost/127.0.0.1:38422] for GET '/session/6ecf2f0f48ba618e60b66eb014d87788/url'
19:20:41.029 [AsyncHttpClient-1-14] DEBUG org.asynchttpclient.netty.handler.HttpHandler - 

Request DefaultFullHttpRequest(decodeResult: success, version: HTTP/1.1, content: EmptyByteBufBE)
GET /session/6ecf2f0f48ba618e60b66eb014d87788/url HTTP/1.1
User-Agent: selenium/4.8.1 (java windows)
Cache-Control: no-cache
Content-Type: application/json; charset=utf-8
host: localhost:38422
accept: */*

Response DefaultHttpResponse(decodeResult: success, version: HTTP/1.1)
HTTP/1.1 200 OK
Content-Length: 52
Content-Type: application/json; charset=utf-8
cache-control: no-cache

19:20:41.029 [AsyncHttpClient-1-14] DEBUG org.asynchttpclient.netty.channel.ChannelManager - Adding key: http://localhost:38422 for channel [id: 0x7ea716b6, L:/127.0.0.1:60850 - R:localhost/127.0.0.1:38422]
19:20:41.030 [Forwarding screenshot on session 6ecf2f0f48ba618e60b66eb014d87788 to remote] DEBUG org.asynchttpclient.netty.request.NettyRequestSender - Using pooled Channel '[id: 0x7ea716b6, L:/127.0.0.1:60850 - R:localhost/127.0.0.1:38422]' for 'GET' to 'http://localhost:38422/session/6ecf2f0f48ba618e60b66eb014d87788/screenshot'
19:20:41.030 [Forwarding screenshot on session 6ecf2f0f48ba618e60b66eb014d87788 to remote] DEBUG org.asynchttpclient.netty.request.NettyRequestSender - Using open Channel [id: 0x7ea716b6, L:/127.0.0.1:60850 - R:localhost/127.0.0.1:38422] for GET '/session/6ecf2f0f48ba618e60b66eb014d87788/screenshot'
19:20:41.324 [AsyncHttpClient-1-14] DEBUG org.asynchttpclient.netty.handler.HttpHandler - 

Request DefaultFullHttpRequest(decodeResult: success, version: HTTP/1.1, content: EmptyByteBufBE)
GET /session/6ecf2f0f48ba618e60b66eb014d87788/screenshot HTTP/1.1
User-Agent: selenium/4.8.1 (java windows)
Cache-Control: no-cache
Content-Type: application/json; charset=utf-8
host: localhost:38422
accept: */*

Response DefaultHttpResponse(decodeResult: success, version: HTTP/1.1)
HTTP/1.1 200 OK
Content-Length: 32168
Content-Type: application/json; charset=utf-8
cache-control: no-cache

19:20:41.324 [AsyncHttpClient-1-14] DEBUG org.asynchttpclient.netty.channel.ChannelManager - Adding key: http://localhost:38422 for channel [id: 0x7ea716b6, L:/127.0.0.1:60850 - R:localhost/127.0.0.1:38422]
19:20:41.325 [main] DEBUG net.serenitybdd.core.photography.Darkroom - Send negative for processing for target\site\serenity\d00787a84e57ae9818ec6333fe71d83a89fc0961433dfe7832481e3dca8fda29.png
19:20:41.325 [main] DEBUG net.thucydides.core.steps.StepInterceptor - STEP DONE: openPage
  &amp#27;[32mGiven &amp#27;[0m&amp#27;[32mI am on the alta-shop login page&amp#27;[0m    &amp#27;[90m# starter.stepdefinitions.LoginSteps.onTheLoginPage()&amp#27;[0m
19:20:41.332 [Forwarding getPageSource on session 6ecf2f0f48ba618e60b66eb014d87788 to remote] DEBUG org.asynchttpclient.netty.request.NettyRequestSender - Using pooled Channel '[id: 0x7ea716b6, L:/127.0.0.1:60850 - R:localhost/127.0.0.1:38422]' for 'POST' to 'http://localhost:38422/session/6ecf2f0f48ba618e60b66eb014d87788/execute/sync'
19:20:41.332 [Forwarding getPageSource on session 6ecf2f0f48ba618e60b66eb014d87788 to remote] DEBUG org.asynchttpclient.netty.request.NettyRequestSender - Using open Channel [id: 0x7ea716b6, L:/127.0.0.1:60850 - R:localhost/127.0.0.1:38422] for POST '/session/6ecf2f0f48ba618e60b66eb014d87788/execute/sync'
19:20:41.338 [AsyncHttpClient-1-14] DEBUG org.asynchttpclient.netty.handler.HttpHandler - 

Request DefaultHttpRequest(decodeResult: success, version: HTTP/1.1)
POST /session/6ecf2f0f48ba618e60b66eb014d87788/execute/sync HTTP/1.1
User-Agent: selenium/4.8.1 (java windows)
Content-Length: 176
Content-Type: application/json; charset=utf-8
host: localhost:38422
accept: */*

Response DefaultHttpResponse(decodeResult: success, version: HTTP/1.1)
HTTP/1.1 200 OK
Content-Length: 21659
Content-Type: application/json; charset=utf-8
cache-control: no-cache

19:20:41.338 [AsyncHttpClient-1-14] DEBUG org.asynchttpclient.netty.channel.ChannelManager - Adding key: http://localhost:38422 for channel [id: 0x7ea716b6, L:/127.0.0.1:60850 - R:localhost/127.0.0.1:38422]
19:20:41.339 [Forwarding getCurrentUrl on session 6ecf2f0f48ba618e60b66eb014d87788 to remote] DEBUG org.asynchttpclient.netty.request.NettyRequestSender - Using pooled Channel '[id: 0x7ea716b6, L:/127.0.0.1:60850 - R:localhost/127.0.0.1:38422]' for 'GET' to 'http://localhost:38422/session/6ecf2f0f48ba618e60b66eb014d87788/url'
19:20:41.339 [Forwarding getCurrentUrl on session 6ecf2f0f48ba618e60b66eb014d87788 to remote] DEBUG org.asynchttpclient.netty.request.NettyRequestSender - Using open Channel [id: 0x7ea716b6, L:/127.0.0.1:60850 - R:localhost/127.0.0.1:38422] for GET '/session/6ecf2f0f48ba618e60b66eb014d87788/url'
19:20:41.343 [AsyncHttpClient-1-14] DEBUG org.asynchttpclient.netty.handler.HttpHandler - 

Request DefaultFullHttpRequest(decodeResult: success, version: HTTP/1.1, content: EmptyByteBufBE)
GET /session/6ecf2f0f48ba618e60b66eb014d87788/url HTTP/1.1
User-Agent: selenium/4.8.1 (java windows)
Cache-Control: no-cache
Content-Type: application/json; charset=utf-8
host: localhost:38422
accept: */*

Response DefaultHttpResponse(decodeResult: success, version: HTTP/1.1)
HTTP/1.1 200 OK
Content-Length: 52
Content-Type: application/json; charset=utf-8
cache-control: no-cache

19:20:41.343 [AsyncHttpClient-1-14] DEBUG org.asynchttpclient.netty.channel.ChannelManager - Adding key: http://localhost:38422 for channel [id: 0x7ea716b6, L:/127.0.0.1:60850 - R:localhost/127.0.0.1:38422]
19:20:41.355 [Forwarding getPageSource on session 6ecf2f0f48ba618e60b66eb014d87788 to remote] DEBUG org.asynchttpclient.netty.request.NettyRequestSender - Using pooled Channel '[id: 0x7ea716b6, L:/127.0.0.1:60850 - R:localhost/127.0.0.1:38422]' for 'POST' to 'http://localhost:38422/session/6ecf2f0f48ba618e60b66eb014d87788/execute/sync'
19:20:41.355 [Forwarding getPageSource on session 6ecf2f0f48ba618e60b66eb014d87788 to remote] DEBUG org.asynchttpclient.netty.request.NettyRequestSender - Using open Channel [id: 0x7ea716b6, L:/127.0.0.1:60850 - R:localhost/127.0.0.1:38422] for POST '/session/6ecf2f0f48ba618e60b66eb014d87788/execute/sync'
19:20:41.365 [AsyncHttpClient-1-14] DEBUG org.asynchttpclient.netty.handler.HttpHandler - 

Request DefaultHttpRequest(decodeResult: success, version: HTTP/1.1)
POST /session/6ecf2f0f48ba618e60b66eb014d87788/execute/sync HTTP/1.1
User-Agent: selenium/4.8.1 (java windows)
Content-Length: 176
Content-Type: application/json; charset=utf-8
host: localhost:38422
accept: */*

Response DefaultHttpResponse(decodeResult: success, version: HTTP/1.1)
HTTP/1.1 200 OK
Content-Length: 21659
Content-Type: application/json; charset=utf-8
cache-control: no-cache

19:20:41.366 [AsyncHttpClient-1-14] DEBUG org.asynchttpclient.netty.channel.ChannelManager - Adding key: http://localhost:38422 for channel [id: 0x7ea716b6, L:/127.0.0.1:60850 - R:localhost/127.0.0.1:38422]
19:20:41.368 [Forwarding getCurrentUrl on session 6ecf2f0f48ba618e60b66eb014d87788 to remote] DEBUG org.asynchttpclient.netty.request.NettyRequestSender - Using pooled Channel '[id: 0x7ea716b6, L:/127.0.0.1:60850 - R:localhost/127.0.0.1:38422]' for 'GET' to 'http://localhost:38422/session/6ecf2f0f48ba618e60b66eb014d87788/url'
19:20:41.368 [Forwarding getCurrentUrl on session 6ecf2f0f48ba618e60b66eb014d87788 to remote] DEBUG org.asynchttpclient.netty.request.NettyRequestSender - Using open Channel [id: 0x7ea716b6, L:/127.0.0.1:60850 - R:localhost/127.0.0.1:38422] for GET '/session/6ecf2f0f48ba618e60b66eb014d87788/url'
19:20:41.372 [AsyncHttpClient-1-14] DEBUG org.asynchttpclient.netty.handler.HttpHandler - 

Request DefaultFullHttpRequest(decodeResult: success, version: HTTP/1.1, content: EmptyByteBufBE)
GET /session/6ecf2f0f48ba618e60b66eb014d87788/url HTTP/1.1
User-Agent: selenium/4.8.1 (java windows)
Cache-Control: no-cache
Content-Type: application/json; charset=utf-8
host: localhost:38422
accept: */*

Response DefaultHttpResponse(decodeResult: success, version: HTTP/1.1)
HTTP/1.1 200 OK
Content-Length: 52
Content-Type: application/json; charset=utf-8
cache-control: no-cache

19:20:41.372 [AsyncHttpClient-1-14] DEBUG org.asynchttpclient.netty.channel.ChannelManager - Adding key: http://localhost:38422 for channel [id: 0x7ea716b6, L:/127.0.0.1:60850 - R:localhost/127.0.0.1:38422]
19:20:41.375 [main] DEBUG net.thucydides.core.steps.StepInterceptor - STARTING STEP: RegisterSteps.clickLoginButton - clickRegisterLink
19:20:41.377 [Forwarding findElement on session 6ecf2f0f48ba618e60b66eb014d87788 to remote] DEBUG org.asynchttpclient.netty.request.NettyRequestSender - Using pooled Channel '[id: 0x7ea716b6, L:/127.0.0.1:60850 - R:localhost/127.0.0.1:38422]' for 'POST' to 'http://localhost:38422/session/6ecf2f0f48ba618e60b66eb014d87788/element'
19:20:41.377 [Forwarding findElement on session 6ecf2f0f48ba618e60b66eb014d87788 to remote] DEBUG org.asynchttpclient.netty.request.NettyRequestSender - Using open Channel [id: 0x7ea716b6, L:/127.0.0.1:60850 - R:localhost/127.0.0.1:38422] for POST '/session/6ecf2f0f48ba618e60b66eb014d87788/element'
19:20:41.388 [AsyncHttpClient-1-14] DEBUG org.asynchttpclient.netty.handler.HttpHandler - 

Request DefaultHttpRequest(decodeResult: success, version: HTTP/1.1)
POST /session/6ecf2f0f48ba618e60b66eb014d87788/element HTTP/1.1
User-Agent: selenium/4.8.1 (java windows)
Content-Length: 84
Content-Type: application/json; charset=utf-8
host: localhost:38422
accept: */*

Response DefaultHttpResponse(decodeResult: success, version: HTTP/1.1)
HTTP/1.1 200 OK
Content-Length: 94
Content-Type: application/json; charset=utf-8
cache-control: no-cache

19:20:41.389 [AsyncHttpClient-1-14] DEBUG org.asynchttpclient.netty.channel.ChannelManager - Adding key: http://localhost:38422 for channel [id: 0x7ea716b6, L:/127.0.0.1:60850 - R:localhost/127.0.0.1:38422]
19:20:41.389 [Forwarding getElementTagName on session 6ecf2f0f48ba618e60b66eb014d87788 to remote] DEBUG org.asynchttpclient.netty.request.NettyRequestSender - Using pooled Channel '[id: 0x7ea716b6, L:/127.0.0.1:60850 - R:localhost/127.0.0.1:38422]' for 'GET' to 'http://localhost:38422/session/6ecf2f0f48ba618e60b66eb014d87788/element/961C5032EB8BC7E7B8B1EB56DA071FB8_element_5/name'
19:20:41.389 [Forwarding getElementTagName on session 6ecf2f0f48ba618e60b66eb014d87788 to remote] DEBUG org.asynchttpclient.netty.request.NettyRequestSender - Using open Channel [id: 0x7ea716b6, L:/127.0.0.1:60850 - R:localhost/127.0.0.1:38422] for GET '/session/6ecf2f0f48ba618e60b66eb014d87788/element/961C5032EB8BC7E7B8B1EB56DA071FB8_element_5/name'
19:20:41.396 [AsyncHttpClient-1-14] DEBUG org.asynchttpclient.netty.handler.HttpHandler - 

Request DefaultFullHttpRequest(decodeResult: success, version: HTTP/1.1, content: EmptyByteBufBE)
GET /session/6ecf2f0f48ba618e60b66eb014d87788/element/961C5032EB8BC7E7B8B1EB56DA071FB8_element_5/name HTTP/1.1
User-Agent: selenium/4.8.1 (java windows)
Cache-Control: no-cache
Content-Type: application/json; charset=utf-8
host: localhost:38422
accept: */*

Response DefaultHttpResponse(decodeResult: success, version: HTTP/1.1)
HTTP/1.1 200 OK
Content-Length: 13
Content-Type: application/json; charset=utf-8
cache-control: no-cache

19:20:41.396 [AsyncHttpClient-1-14] DEBUG org.asynchttpclient.netty.channel.ChannelManager - Adding key: http://localhost:38422 for channel [id: 0x7ea716b6, L:/127.0.0.1:60850 - R:localhost/127.0.0.1:38422]
19:20:41.397 [Forwarding getElementTagName on session 6ecf2f0f48ba618e60b66eb014d87788 to remote] DEBUG org.asynchttpclient.netty.request.NettyRequestSender - Using pooled Channel '[id: 0x7ea716b6, L:/127.0.0.1:60850 - R:localhost/127.0.0.1:38422]' for 'GET' to 'http://localhost:38422/session/6ecf2f0f48ba618e60b66eb014d87788/element/961C5032EB8BC7E7B8B1EB56DA071FB8_element_5/name'
19:20:41.397 [Forwarding getElementTagName on session 6ecf2f0f48ba618e60b66eb014d87788 to remote] DEBUG org.asynchttpclient.netty.request.NettyRequestSender - Using open Channel [id: 0x7ea716b6, L:/127.0.0.1:60850 - R:localhost/127.0.0.1:38422] for GET '/session/6ecf2f0f48ba618e60b66eb014d87788/element/961C5032EB8BC7E7B8B1EB56DA071FB8_element_5/name'
19:20:41.401 [AsyncHttpClient-1-14] DEBUG org.asynchttpclient.netty.handler.HttpHandler - 

Request DefaultFullHttpRequest(decodeResult: success, version: HTTP/1.1, content: EmptyByteBufBE)
GET /session/6ecf2f0f48ba618e60b66eb014d87788/element/961C5032EB8BC7E7B8B1EB56DA071FB8_element_5/name HTTP/1.1
User-Agent: selenium/4.8.1 (java windows)
Cache-Control: no-cache
Content-Type: application/json; charset=utf-8
host: localhost:38422
accept: */*

Response DefaultHttpResponse(decodeResult: success, version: HTTP/1.1)
HTTP/1.1 200 OK
Content-Length: 13
Content-Type: application/json; charset=utf-8
cache-control: no-cache

19:20:41.401 [AsyncHttpClient-1-14] DEBUG org.asynchttpclient.netty.channel.ChannelManager - Adding key: http://localhost:38422 for channel [id: 0x7ea716b6, L:/127.0.0.1:60850 - R:localhost/127.0.0.1:38422]
19:20:41.402 [Forwarding findElement on session 6ecf2f0f48ba618e60b66eb014d87788 to remote] DEBUG org.asynchttpclient.netty.request.NettyRequestSender - Using pooled Channel '[id: 0x7ea716b6, L:/127.0.0.1:60850 - R:localhost/127.0.0.1:38422]' for 'POST' to 'http://localhost:38422/session/6ecf2f0f48ba618e60b66eb014d87788/element'
19:20:41.402 [Forwarding findElement on session 6ecf2f0f48ba618e60b66eb014d87788 to remote] DEBUG org.asynchttpclient.netty.request.NettyRequestSender - Using open Channel [id: 0x7ea716b6, L:/127.0.0.1:60850 - R:localhost/127.0.0.1:38422] for POST '/session/6ecf2f0f48ba618e60b66eb014d87788/element'
19:20:41.407 [AsyncHttpClient-1-14] DEBUG org.asynchttpclient.netty.handler.HttpHandler - 

Request DefaultHttpRequest(decodeResult: success, version: HTTP/1.1)
POST /session/6ecf2f0f48ba618e60b66eb014d87788/element HTTP/1.1
User-Agent: selenium/4.8.1 (java windows)
Content-Length: 84
Content-Type: application/json; charset=utf-8
host: localhost:38422
accept: */*

Response DefaultHttpResponse(decodeResult: success, version: HTTP/1.1)
HTTP/1.1 200 OK
Content-Length: 94
Content-Type: application/json; charset=utf-8
cache-control: no-cache

19:20:41.407 [AsyncHttpClient-1-14] DEBUG org.asynchttpclient.netty.channel.ChannelManager - Adding key: http://localhost:38422 for channel [id: 0x7ea716b6, L:/127.0.0.1:60850 - R:localhost/127.0.0.1:38422]
19:20:41.408 [Forwarding clickElement on session 6ecf2f0f48ba618e60b66eb014d87788 to remote] DEBUG org.asynchttpclient.netty.request.NettyRequestSender - Using pooled Channel '[id: 0x7ea716b6, L:/127.0.0.1:60850 - R:localhost/127.0.0.1:38422]' for 'POST' to 'http://localhost:38422/session/6ecf2f0f48ba618e60b66eb014d87788/element/961C5032EB8BC7E7B8B1EB56DA071FB8_element_5/click'
19:20:41.408 [Forwarding clickElement on session 6ecf2f0f48ba618e60b66eb014d87788 to remote] DEBUG org.asynchttpclient.netty.request.NettyRequestSender - Using open Channel [id: 0x7ea716b6, L:/127.0.0.1:60850 - R:localhost/127.0.0.1:38422] for POST '/session/6ecf2f0f48ba618e60b66eb014d87788/element/961C5032EB8BC7E7B8B1EB56DA071FB8_element_5/click'
19:20:41.511 [AsyncHttpClient-1-14] DEBUG org.asynchttpclient.netty.handler.HttpHandler - 

Request DefaultHttpRequest(decodeResult: success, version: HTTP/1.1)
POST /session/6ecf2f0f48ba618e60b66eb014d87788/element/961C5032EB8BC7E7B8B1EB56DA071FB8_element_5/click HTTP/1.1
User-Agent: selenium/4.8.1 (java windows)
Content-Length: 56
Content-Type: application/json; charset=utf-8
host: localhost:38422
accept: */*

Response DefaultHttpResponse(decodeResult: success, version: HTTP/1.1)
HTTP/1.1 200 OK
Content-Length: 14
Content-Type: application/json; charset=utf-8
cache-control: no-cache

19:20:41.512 [AsyncHttpClient-1-14] DEBUG org.asynchttpclient.netty.channel.ChannelManager - Adding key: http://localhost:38422 for channel [id: 0x7ea716b6, L:/127.0.0.1:60850 - R:localhost/127.0.0.1:38422]
19:20:41.517 [Forwarding getAlertText on session 6ecf2f0f48ba618e60b66eb014d87788 to remote] DEBUG org.asynchttpclient.netty.request.NettyRequestSender - Using pooled Channel '[id: 0x7ea716b6, L:/127.0.0.1:60850 - R:localhost/127.0.0.1:38422]' for 'GET' to 'http://localhost:38422/session/6ecf2f0f48ba618e60b66eb014d87788/alert/text'
19:20:41.517 [Forwarding getAlertText on session 6ecf2f0f48ba618e60b66eb014d87788 to remote] DEBUG org.asynchttpclient.netty.request.NettyRequestSender - Using open Channel [id: 0x7ea716b6, L:/127.0.0.1:60850 - R:localhost/127.0.0.1:38422] for GET '/session/6ecf2f0f48ba618e60b66eb014d87788/alert/text'
19:20:41.520 [AsyncHttpClient-1-14] DEBUG org.asynchttpclient.netty.handler.HttpHandler - 

Request DefaultFullHttpRequest(decodeResult: success, version: HTTP/1.1, content: EmptyByteBufBE)
GET /session/6ecf2f0f48ba618e60b66eb014d87788/alert/text HTTP/1.1
User-Agent: selenium/4.8.1 (java windows)
Cache-Control: no-cache
Content-Type: application/json; charset=utf-8
host: localhost:38422
accept: */*

Response DefaultHttpResponse(decodeResult: success, version: HTTP/1.1)
HTTP/1.1 404 Not Found
Content-Length: 847
Content-Type: application/json; charset=utf-8
cache-control: no-cache

19:20:41.520 [AsyncHttpClient-1-14] DEBUG org.asynchttpclient.netty.channel.ChannelManager - Adding key: http://localhost:38422 for channel [id: 0x7ea716b6, L:/127.0.0.1:60850 - R:localhost/127.0.0.1:38422]
19:20:41.521 [Forwarding getCurrentUrl on session 6ecf2f0f48ba618e60b66eb014d87788 to remote] DEBUG org.asynchttpclient.netty.request.NettyRequestSender - Using pooled Channel '[id: 0x7ea716b6, L:/127.0.0.1:60850 - R:localhost/127.0.0.1:38422]' for 'GET' to 'http://localhost:38422/session/6ecf2f0f48ba618e60b66eb014d87788/url'
19:20:41.521 [Forwarding getCurrentUrl on session 6ecf2f0f48ba618e60b66eb014d87788 to remote] DEBUG org.asynchttpclient.netty.request.NettyRequestSender - Using open Channel [id: 0x7ea716b6, L:/127.0.0.1:60850 - R:localhost/127.0.0.1:38422] for GET '/session/6ecf2f0f48ba618e60b66eb014d87788/url'
19:20:41.524 [AsyncHttpClient-1-14] DEBUG org.asynchttpclient.netty.handler.HttpHandler - 

Request DefaultFullHttpRequest(decodeResult: success, version: HTTP/1.1, content: EmptyByteBufBE)
GET /session/6ecf2f0f48ba618e60b66eb014d87788/url HTTP/1.1
User-Agent: selenium/4.8.1 (java windows)
Cache-Control: no-cache
Content-Type: application/json; charset=utf-8
host: localhost:38422
accept: */*

Response DefaultHttpResponse(decodeResult: success, version: HTTP/1.1)
HTTP/1.1 200 OK
Content-Length: 54
Content-Type: application/json; charset=utf-8
cache-control: no-cache

19:20:41.524 [AsyncHttpClient-1-14] DEBUG org.asynchttpclient.netty.channel.ChannelManager - Adding key: http://localhost:38422 for channel [id: 0x7ea716b6, L:/127.0.0.1:60850 - R:localhost/127.0.0.1:38422]
19:20:41.525 [Forwarding screenshot on session 6ecf2f0f48ba618e60b66eb014d87788 to remote] DEBUG org.asynchttpclient.netty.request.NettyRequestSender - Using pooled Channel '[id: 0x7ea716b6, L:/127.0.0.1:60850 - R:localhost/127.0.0.1:38422]' for 'GET' to 'http://localhost:38422/session/6ecf2f0f48ba618e60b66eb014d87788/screenshot'
19:20:41.525 [Forwarding screenshot on session 6ecf2f0f48ba618e60b66eb014d87788 to remote] DEBUG org.asynchttpclient.netty.request.NettyRequestSender - Using open Channel [id: 0x7ea716b6, L:/127.0.0.1:60850 - R:localhost/127.0.0.1:38422] for GET '/session/6ecf2f0f48ba618e60b66eb014d87788/screenshot'
19:20:41.617 [AsyncHttpClient-1-14] DEBUG org.asynchttpclient.netty.handler.HttpHandler - 

Request DefaultFullHttpRequest(decodeResult: success, version: HTTP/1.1, content: EmptyByteBufBE)
GET /session/6ecf2f0f48ba618e60b66eb014d87788/screenshot HTTP/1.1
User-Agent: selenium/4.8.1 (java windows)
Cache-Control: no-cache
Content-Type: application/json; charset=utf-8
host: localhost:38422
accept: */*

Response DefaultHttpResponse(decodeResult: success, version: HTTP/1.1)
HTTP/1.1 200 OK
Content-Length: 37536
Content-Type: application/json; charset=utf-8
cache-control: no-cache

19:20:41.617 [AsyncHttpClient-1-14] DEBUG org.asynchttpclient.netty.channel.ChannelManager - Adding key: http://localhost:38422 for channel [id: 0x7ea716b6, L:/127.0.0.1:60850 - R:localhost/127.0.0.1:38422]
19:20:41.619 [main] DEBUG net.serenitybdd.core.photography.Darkroom - Send negative for processing for target\site\serenity\9a2928dbaa7e3a1acaeaf6b8b5bc2c07e44a709516bf540ab01b8736f221caca.png
19:20:41.619 [main] DEBUG net.thucydides.core.steps.StepInterceptor - STEP DONE: clickRegisterLink
  &amp#27;[32mWhen &amp#27;[0m&amp#27;[32mI go to the alta-shop register page&amp#27;[0m  &amp#27;[90m# starter.stepdefinitions.RegisterSteps.clickLoginButton()&amp#27;[0m
19:20:41.620 [Darkroom Processing Line] DEBUG net.serenitybdd.core.photography.DarkroomProcessingLine - Processing screenshot image in /var/screenshots/screenshot-14598423294957264854
19:20:41.620 [Darkroom Processing Line] DEBUG net.serenitybdd.core.photography.DarkroomProcessingLine - Saving screenshot to target\site\serenity\9a2928dbaa7e3a1acaeaf6b8b5bc2c07e44a709516bf540ab01b8736f221caca.png
19:20:41.631 [Forwarding getPageSource on session 6ecf2f0f48ba618e60b66eb014d87788 to remote] DEBUG org.asynchttpclient.netty.request.NettyRequestSender - Using pooled Channel '[id: 0x7ea716b6, L:/127.0.0.1:60850 - R:localhost/127.0.0.1:38422]' for 'POST' to 'http://localhost:38422/session/6ecf2f0f48ba618e60b66eb014d87788/execute/sync'
19:20:41.631 [Forwarding getPageSource on session 6ecf2f0f48ba618e60b66eb014d87788 to remote] DEBUG org.asynchttpclient.netty.request.NettyRequestSender - Using open Channel [id: 0x7ea716b6, L:/127.0.0.1:60850 - R:localhost/127.0.0.1:38422] for POST '/session/6ecf2f0f48ba618e60b66eb014d87788/execute/sync'
19:20:41.639 [AsyncHttpClient-1-14] DEBUG org.asynchttpclient.netty.handler.HttpHandler - 

Request DefaultHttpRequest(decodeResult: success, version: HTTP/1.1)
POST /session/6ecf2f0f48ba618e60b66eb014d87788/execute/sync HTTP/1.1
User-Agent: selenium/4.8.1 (java windows)
Content-Length: 176
Content-Type: application/json; charset=utf-8
host: localhost:38422
accept: */*

Response DefaultHttpResponse(decodeResult: success, version: HTTP/1.1)
HTTP/1.1 200 OK
Content-Length: 22314
Content-Type: application/json; charset=utf-8
cache-control: no-cache

19:20:41.639 [AsyncHttpClient-1-14] DEBUG org.asynchttpclient.netty.channel.ChannelManager - Adding key: http://localhost:38422 for channel [id: 0x7ea716b6, L:/127.0.0.1:60850 - R:localhost/127.0.0.1:38422]
19:20:41.641 [Forwarding getCurrentUrl on session 6ecf2f0f48ba618e60b66eb014d87788 to remote] DEBUG org.asynchttpclient.netty.request.NettyRequestSender - Using pooled Channel '[id: 0x7ea716b6, L:/127.0.0.1:60850 - R:localhost/127.0.0.1:38422]' for 'GET' to 'http://localhost:38422/session/6ecf2f0f48ba618e60b66eb014d87788/url'
19:20:41.641 [Forwarding getCurrentUrl on session 6ecf2f0f48ba618e60b66eb014d87788 to remote] DEBUG org.asynchttpclient.netty.request.NettyRequestSender - Using open Channel [id: 0x7ea716b6, L:/127.0.0.1:60850 - R:localhost/127.0.0.1:38422] for GET '/session/6ecf2f0f48ba618e60b66eb014d87788/url'
19:20:41.646 [AsyncHttpClient-1-14] DEBUG org.asynchttpclient.netty.handler.HttpHandler - 

Request DefaultFullHttpRequest(decodeResult: success, version: HTTP/1.1, content: EmptyByteBufBE)
GET /session/6ecf2f0f48ba618e60b66eb014d87788/url HTTP/1.1
User-Agent: selenium/4.8.1 (java windows)
Cache-Control: no-cache
Content-Type: application/json; charset=utf-8
host: localhost:38422
accept: */*

Response DefaultHttpResponse(decodeResult: success, version: HTTP/1.1)
HTTP/1.1 200 OK
Content-Length: 54
Content-Type: application/json; charset=utf-8
cache-control: no-cache

19:20:41.646 [AsyncHttpClient-1-14] DEBUG org.asynchttpclient.netty.channel.ChannelManager - Adding key: http://localhost:38422 for channel [id: 0x7ea716b6, L:/127.0.0.1:60850 - R:localhost/127.0.0.1:38422]
19:20:41.659 [Forwarding getPageSource on session 6ecf2f0f48ba618e60b66eb014d87788 to remote] DEBUG org.asynchttpclient.netty.request.NettyRequestSender - Using pooled Channel '[id: 0x7ea716b6, L:/127.0.0.1:60850 - R:localhost/127.0.0.1:38422]' for 'POST' to 'http://localhost:38422/session/6ecf2f0f48ba618e60b66eb014d87788/execute/sync'
19:20:41.660 [Forwarding getPageSource on session 6ecf2f0f48ba618e60b66eb014d87788 to remote] DEBUG org.asynchttpclient.netty.request.NettyRequestSender - Using open Channel [id: 0x7ea716b6, L:/127.0.0.1:60850 - R:localhost/127.0.0.1:38422] for POST '/session/6ecf2f0f48ba618e60b66eb014d87788/execute/sync'
19:20:41.705 [AsyncHttpClient-1-14] DEBUG org.asynchttpclient.netty.handler.HttpHandler - 

Request DefaultHttpRequest(decodeResult: success, version: HTTP/1.1)
POST /session/6ecf2f0f48ba618e60b66eb014d87788/execute/sync HTTP/1.1
User-Agent: selenium/4.8.1 (java windows)
Content-Length: 176
Content-Type: application/json; charset=utf-8
host: localhost:38422
accept: */*

Response DefaultHttpResponse(decodeResult: success, version: HTTP/1.1)
HTTP/1.1 200 OK
Content-Length: 22314
Content-Type: application/json; charset=utf-8
cache-control: no-cache

19:20:41.705 [AsyncHttpClient-1-14] DEBUG org.asynchttpclient.netty.channel.ChannelManager - Adding key: http://localhost:38422 for channel [id: 0x7ea716b6, L:/127.0.0.1:60850 - R:localhost/127.0.0.1:38422]
19:20:41.708 [Forwarding getCurrentUrl on session 6ecf2f0f48ba618e60b66eb014d87788 to remote] DEBUG org.asynchttpclient.netty.request.NettyRequestSender - Using pooled Channel '[id: 0x7ea716b6, L:/127.0.0.1:60850 - R:localhost/127.0.0.1:38422]' for 'GET' to 'http://localhost:38422/session/6ecf2f0f48ba618e60b66eb014d87788/url'
19:20:41.708 [Forwarding getCurrentUrl on session 6ecf2f0f48ba618e60b66eb014d87788 to remote] DEBUG org.asynchttpclient.netty.request.NettyRequestSender - Using open Channel [id: 0x7ea716b6, L:/127.0.0.1:60850 - R:localhost/127.0.0.1:38422] for GET '/session/6ecf2f0f48ba618e60b66eb014d87788/url'
19:20:41.747 [AsyncHttpClient-1-14] DEBUG org.asynchttpclient.netty.handler.HttpHandler - 

Request DefaultFullHttpRequest(decodeResult: success, version: HTTP/1.1, content: EmptyByteBufBE)
GET /session/6ecf2f0f48ba618e60b66eb014d87788/url HTTP/1.1
User-Agent: selenium/4.8.1 (java windows)
Cache-Control: no-cache
Content-Type: application/json; charset=utf-8
host: localhost:38422
accept: */*

Response DefaultHttpResponse(decodeResult: success, version: HTTP/1.1)
HTTP/1.1 200 OK
Content-Length: 54
Content-Type: application/json; charset=utf-8
cache-control: no-cache

19:20:41.747 [AsyncHttpClient-1-14] DEBUG org.asynchttpclient.netty.channel.ChannelManager - Adding key: http://localhost:38422 for channel [id: 0x7ea716b6, L:/127.0.0.1:60850 - R:localhost/127.0.0.1:38422]
19:20:41.751 [main] DEBUG net.thucydides.core.steps.StepInterceptor - STARTING STEP: RegisterSteps.inputFullnameReg - inputFullnameReg
19:20:41.757 [Forwarding findElement on session 6ecf2f0f48ba618e60b66eb014d87788 to remote] DEBUG org.asynchttpclient.netty.request.NettyRequestSender - Using pooled Channel '[id: 0x7ea716b6, L:/127.0.0.1:60850 - R:localhost/127.0.0.1:38422]' for 'POST' to 'http://localhost:38422/session/6ecf2f0f48ba618e60b66eb014d87788/element'
19:20:41.757 [Forwarding findElement on session 6ecf2f0f48ba618e60b66eb014d87788 to remote] DEBUG org.asynchttpclient.netty.request.NettyRequestSender - Using open Channel [id: 0x7ea716b6, L:/127.0.0.1:60850 - R:localhost/127.0.0.1:38422] for POST '/session/6ecf2f0f48ba618e60b66eb014d87788/element'
19:20:41.801 [AsyncHttpClient-1-14] DEBUG org.asynchttpclient.netty.handler.HttpHandler - 

Request DefaultHttpRequest(decodeResult: success, version: HTTP/1.1)
POST /session/6ecf2f0f48ba618e60b66eb014d87788/element HTTP/1.1
User-Agent: selenium/4.8.1 (java windows)
Content-Length: 55
Content-Type: application/json; charset=utf-8
host: localhost:38422
accept: */*

Response DefaultHttpResponse(decodeResult: success, version: HTTP/1.1)
HTTP/1.1 200 OK
Content-Length: 94
Content-Type: application/json; charset=utf-8
cache-control: no-cache

19:20:41.802 [AsyncHttpClient-1-14] DEBUG org.asynchttpclient.netty.channel.ChannelManager - Adding key: http://localhost:38422 for channel [id: 0x7ea716b6, L:/127.0.0.1:60850 - R:localhost/127.0.0.1:38422]
19:20:41.807 [Forwarding clearElement on session 6ecf2f0f48ba618e60b66eb014d87788 to remote] DEBUG org.asynchttpclient.netty.request.NettyRequestSender - Using pooled Channel '[id: 0x7ea716b6, L:/127.0.0.1:60850 - R:localhost/127.0.0.1:38422]' for 'POST' to 'http://localhost:38422/session/6ecf2f0f48ba618e60b66eb014d87788/element/961C5032EB8BC7E7B8B1EB56DA071FB8_element_6/clear'
19:20:41.807 [Forwarding clearElement on session 6ecf2f0f48ba618e60b66eb014d87788 to remote] DEBUG org.asynchttpclient.netty.request.NettyRequestSender - Using open Channel [id: 0x7ea716b6, L:/127.0.0.1:60850 - R:localhost/127.0.0.1:38422] for POST '/session/6ecf2f0f48ba618e60b66eb014d87788/element/961C5032EB8BC7E7B8B1EB56DA071FB8_element_6/clear'
19:20:41.809 [AsyncHttpClient-1-1] DEBUG org.asynchttpclient.netty.channel.DefaultChannelPool - Entry count for : http://localhost:60851 : 1
19:20:41.875 [AsyncHttpClient-1-14] DEBUG org.asynchttpclient.netty.handler.HttpHandler - 

Request DefaultHttpRequest(decodeResult: success, version: HTTP/1.1)
POST /session/6ecf2f0f48ba618e60b66eb014d87788/element/961C5032EB8BC7E7B8B1EB56DA071FB8_element_6/clear HTTP/1.1
User-Agent: selenium/4.8.1 (java windows)
Content-Length: 56
Content-Type: application/json; charset=utf-8
host: localhost:38422
accept: */*

Response DefaultHttpResponse(decodeResult: success, version: HTTP/1.1)
HTTP/1.1 200 OK
Content-Length: 14
Content-Type: application/json; charset=utf-8
cache-control: no-cache

19:20:41.876 [AsyncHttpClient-1-14] DEBUG org.asynchttpclient.netty.channel.ChannelManager - Adding key: http://localhost:38422 for channel [id: 0x7ea716b6, L:/127.0.0.1:60850 - R:localhost/127.0.0.1:38422]
19:20:41.879 [Forwarding sendKeysToElement on session 6ecf2f0f48ba618e60b66eb014d87788 to remote] DEBUG org.asynchttpclient.netty.request.NettyRequestSender - Using pooled Channel '[id: 0x7ea716b6, L:/127.0.0.1:60850 - R:localhost/127.0.0.1:38422]' for 'POST' to 'http://localhost:38422/session/6ecf2f0f48ba618e60b66eb014d87788/element/961C5032EB8BC7E7B8B1EB56DA071FB8_element_6/value'
19:20:41.879 [Forwarding sendKeysToElement on session 6ecf2f0f48ba618e60b66eb014d87788 to remote] DEBUG org.asynchttpclient.netty.request.NettyRequestSender - Using open Channel [id: 0x7ea716b6, L:/127.0.0.1:60850 - R:localhost/127.0.0.1:38422] for POST '/session/6ecf2f0f48ba618e60b66eb014d87788/element/961C5032EB8BC7E7B8B1EB56DA071FB8_element_6/value'
19:20:41.994 [AsyncHttpClient-1-14] DEBUG org.asynchttpclient.netty.handler.HttpHandler - 

Request DefaultHttpRequest(decodeResult: success, version: HTTP/1.1)
POST /session/6ecf2f0f48ba618e60b66eb014d87788/element/961C5032EB8BC7E7B8B1EB56DA071FB8_element_6/value HTTP/1.1
User-Agent: selenium/4.8.1 (java windows)
Content-Length: 227
Content-Type: application/json; charset=utf-8
host: localhost:38422
accept: */*

Response DefaultHttpResponse(decodeResult: success, version: HTTP/1.1)
HTTP/1.1 200 OK
Content-Length: 14
Content-Type: application/json; charset=utf-8
cache-control: no-cache

19:20:41.994 [AsyncHttpClient-1-14] DEBUG org.asynchttpclient.netty.channel.ChannelManager - Adding key: http://localhost:38422 for channel [id: 0x7ea716b6, L:/127.0.0.1:60850 - R:localhost/127.0.0.1:38422]
19:20:41.999 [Forwarding getAlertText on session 6ecf2f0f48ba618e60b66eb014d87788 to remote] DEBUG org.asynchttpclient.netty.request.NettyRequestSender - Using pooled Channel '[id: 0x7ea716b6, L:/127.0.0.1:60850 - R:localhost/127.0.0.1:38422]' for 'GET' to 'http://localhost:38422/session/6ecf2f0f48ba618e60b66eb014d87788/alert/text'
19:20:41.999 [Forwarding getAlertText on session 6ecf2f0f48ba618e60b66eb014d87788 to remote] DEBUG org.asynchttpclient.netty.request.NettyRequestSender - Using open Channel [id: 0x7ea716b6, L:/127.0.0.1:60850 - R:localhost/127.0.0.1:38422] for GET '/session/6ecf2f0f48ba618e60b66eb014d87788/alert/text'
19:20:42.000 [AsyncHttpClient-1-14] DEBUG org.asynchttpclient.netty.handler.HttpHandler - 

Request DefaultFullHttpRequest(decodeResult: success, version: HTTP/1.1, content: EmptyByteBufBE)
GET /session/6ecf2f0f48ba618e60b66eb014d87788/alert/text HTTP/1.1
User-Agent: selenium/4.8.1 (java windows)
Cache-Control: no-cache
Content-Type: application/json; charset=utf-8
host: localhost:38422
accept: */*

Response DefaultHttpResponse(decodeResult: success, version: HTTP/1.1)
HTTP/1.1 404 Not Found
Content-Length: 847
Content-Type: application/json; charset=utf-8
cache-control: no-cache

19:20:42.000 [AsyncHttpClient-1-14] DEBUG org.asynchttpclient.netty.channel.ChannelManager - Adding key: http://localhost:38422 for channel [id: 0x7ea716b6, L:/127.0.0.1:60850 - R:localhost/127.0.0.1:38422]
19:20:42.001 [Forwarding getCurrentUrl on session 6ecf2f0f48ba618e60b66eb014d87788 to remote] DEBUG org.asynchttpclient.netty.request.NettyRequestSender - Using pooled Channel '[id: 0x7ea716b6, L:/127.0.0.1:60850 - R:localhost/127.0.0.1:38422]' for 'GET' to 'http://localhost:38422/session/6ecf2f0f48ba618e60b66eb014d87788/url'
19:20:42.001 [Forwarding getCurrentUrl on session 6ecf2f0f48ba618e60b66eb014d87788 to remote] DEBUG org.asynchttpclient.netty.request.NettyRequestSender - Using open Channel [id: 0x7ea716b6, L:/127.0.0.1:60850 - R:localhost/127.0.0.1:38422] for GET '/session/6ecf2f0f48ba618e60b66eb014d87788/url'
19:20:42.005 [AsyncHttpClient-1-14] DEBUG org.asynchttpclient.netty.handler.HttpHandler - 

Request DefaultFullHttpRequest(decodeResult: success, version: HTTP/1.1, content: EmptyByteBufBE)
GET /session/6ecf2f0f48ba618e60b66eb014d87788/url HTTP/1.1
User-Agent: selenium/4.8.1 (java windows)
Cache-Control: no-cache
Content-Type: application/json; charset=utf-8
host: localhost:38422
accept: */*

Response DefaultHttpResponse(decodeResult: success, version: HTTP/1.1)
HTTP/1.1 200 OK
Content-Length: 54
Content-Type: application/json; charset=utf-8
cache-control: no-cache

19:20:42.005 [AsyncHttpClient-1-14] DEBUG org.asynchttpclient.netty.channel.ChannelManager - Adding key: http://localhost:38422 for channel [id: 0x7ea716b6, L:/127.0.0.1:60850 - R:localhost/127.0.0.1:38422]
19:20:42.006 [Forwarding screenshot on session 6ecf2f0f48ba618e60b66eb014d87788 to remote] DEBUG org.asynchttpclient.netty.request.NettyRequestSender - Using pooled Channel '[id: 0x7ea716b6, L:/127.0.0.1:60850 - R:localhost/127.0.0.1:38422]' for 'GET' to 'http://localhost:38422/session/6ecf2f0f48ba618e60b66eb014d87788/screenshot'
19:20:42.006 [Forwarding screenshot on session 6ecf2f0f48ba618e60b66eb014d87788 to remote] DEBUG org.asynchttpclient.netty.request.NettyRequestSender - Using open Channel [id: 0x7ea716b6, L:/127.0.0.1:60850 - R:localhost/127.0.0.1:38422] for GET '/session/6ecf2f0f48ba618e60b66eb014d87788/screenshot'
19:20:42.113 [AsyncHttpClient-1-14] DEBUG org.asynchttpclient.netty.handler.HttpHandler - 

Request DefaultFullHttpRequest(decodeResult: success, version: HTTP/1.1, content: EmptyByteBufBE)
GET /session/6ecf2f0f48ba618e60b66eb014d87788/screenshot HTTP/1.1
User-Agent: selenium/4.8.1 (java windows)
Cache-Control: no-cache
Content-Type: application/json; charset=utf-8
host: localhost:38422
accept: */*

Response DefaultHttpResponse(decodeResult: success, version: HTTP/1.1)
HTTP/1.1 200 OK
Content-Length: 41660
Content-Type: application/json; charset=utf-8
cache-control: no-cache

19:20:42.113 [AsyncHttpClient-1-14] DEBUG org.asynchttpclient.netty.channel.ChannelManager - Adding key: http://localhost:38422 for channel [id: 0x7ea716b6, L:/127.0.0.1:60850 - R:localhost/127.0.0.1:38422]
19:20:42.115 [main] DEBUG net.serenitybdd.core.photography.Darkroom - Send negative for processing for target\site\serenity\797edc232bc2344d2b470ac8e13fe0a7662c3f3544124d6db94c498998104d6e.png
19:20:42.115 [main] DEBUG net.thucydides.core.steps.StepInterceptor - STEP DONE: inputFullnameReg
  &amp#27;[32mAnd &amp#27;[0m&amp#27;[32mI input correct fullname for register&amp#27;[0m &amp#27;[90m# starter.stepdefinitions.RegisterSteps.inputFullnameReg()&amp#27;[0m
19:20:42.115 [Darkroom Processing Line] DEBUG net.serenitybdd.core.photography.DarkroomProcessingLine - Processing screenshot image in /var/screenshots/screenshot-15382589329518838915
19:20:42.115 [Darkroom Processing Line] DEBUG net.serenitybdd.core.photography.DarkroomProcessingLine - Saving screenshot to target\site\serenity\797edc232bc2344d2b470ac8e13fe0a7662c3f3544124d6db94c498998104d6e.png
19:20:42.122 [Forwarding getPageSource on session 6ecf2f0f48ba618e60b66eb014d87788 to remote] DEBUG org.asynchttpclient.netty.request.NettyRequestSender - Using pooled Channel '[id: 0x7ea716b6, L:/127.0.0.1:60850 - R:localhost/127.0.0.1:38422]' for 'POST' to 'http://localhost:38422/session/6ecf2f0f48ba618e60b66eb014d87788/execute/sync'
19:20:42.122 [Forwarding getPageSource on session 6ecf2f0f48ba618e60b66eb014d87788 to remote] DEBUG org.asynchttpclient.netty.request.NettyRequestSender - Using open Channel [id: 0x7ea716b6, L:/127.0.0.1:60850 - R:localhost/127.0.0.1:38422] for POST '/session/6ecf2f0f48ba618e60b66eb014d87788/execute/sync'
19:20:42.130 [AsyncHttpClient-1-14] DEBUG org.asynchttpclient.netty.handler.HttpHandler - 

Request DefaultHttpRequest(decodeResult: success, version: HTTP/1.1)
POST /session/6ecf2f0f48ba618e60b66eb014d87788/execute/sync HTTP/1.1
User-Agent: selenium/4.8.1 (java windows)
Content-Length: 176
Content-Type: application/json; charset=utf-8
host: localhost:38422
accept: */*

Response DefaultHttpResponse(decodeResult: success, version: HTTP/1.1)
HTTP/1.1 200 OK
Content-Length: 22435
Content-Type: application/json; charset=utf-8
cache-control: no-cache

19:20:42.130 [AsyncHttpClient-1-14] DEBUG org.asynchttpclient.netty.channel.ChannelManager - Adding key: http://localhost:38422 for channel [id: 0x7ea716b6, L:/127.0.0.1:60850 - R:localhost/127.0.0.1:38422]
19:20:42.131 [Forwarding getCurrentUrl on session 6ecf2f0f48ba618e60b66eb014d87788 to remote] DEBUG org.asynchttpclient.netty.request.NettyRequestSender - Using pooled Channel '[id: 0x7ea716b6, L:/127.0.0.1:60850 - R:localhost/127.0.0.1:38422]' for 'GET' to 'http://localhost:38422/session/6ecf2f0f48ba618e60b66eb014d87788/url'
19:20:42.131 [Forwarding getCurrentUrl on session 6ecf2f0f48ba618e60b66eb014d87788 to remote] DEBUG org.asynchttpclient.netty.request.NettyRequestSender - Using open Channel [id: 0x7ea716b6, L:/127.0.0.1:60850 - R:localhost/127.0.0.1:38422] for GET '/session/6ecf2f0f48ba618e60b66eb014d87788/url'
19:20:42.137 [AsyncHttpClient-1-14] DEBUG org.asynchttpclient.netty.handler.HttpHandler - 

Request DefaultFullHttpRequest(decodeResult: success, version: HTTP/1.1, content: EmptyByteBufBE)
GET /session/6ecf2f0f48ba618e60b66eb014d87788/url HTTP/1.1
User-Agent: selenium/4.8.1 (java windows)
Cache-Control: no-cache
Content-Type: application/json; charset=utf-8
host: localhost:38422
accept: */*

Response DefaultHttpResponse(decodeResult: success, version: HTTP/1.1)
HTTP/1.1 200 OK
Content-Length: 54
Content-Type: application/json; charset=utf-8
cache-control: no-cache

19:20:42.137 [AsyncHttpClient-1-14] DEBUG org.asynchttpclient.netty.channel.ChannelManager - Adding key: http://localhost:38422 for channel [id: 0x7ea716b6, L:/127.0.0.1:60850 - R:localhost/127.0.0.1:38422]
19:20:42.145 [Forwarding getPageSource on session 6ecf2f0f48ba618e60b66eb014d87788 to remote] DEBUG org.asynchttpclient.netty.request.NettyRequestSender - Using pooled Channel '[id: 0x7ea716b6, L:/127.0.0.1:60850 - R:localhost/127.0.0.1:38422]' for 'POST' to 'http://localhost:38422/session/6ecf2f0f48ba618e60b66eb014d87788/execute/sync'
19:20:42.145 [Forwarding getPageSource on session 6ecf2f0f48ba618e60b66eb014d87788 to remote] DEBUG org.asynchttpclient.netty.request.NettyRequestSender - Using open Channel [id: 0x7ea716b6, L:/127.0.0.1:60850 - R:localhost/127.0.0.1:38422] for POST '/session/6ecf2f0f48ba618e60b66eb014d87788/execute/sync'
19:20:42.150 [AsyncHttpClient-1-14] DEBUG org.asynchttpclient.netty.handler.HttpHandler - 

Request DefaultHttpRequest(decodeResult: success, version: HTTP/1.1)
POST /session/6ecf2f0f48ba618e60b66eb014d87788/execute/sync HTTP/1.1
User-Agent: selenium/4.8.1 (java windows)
Content-Length: 176
Content-Type: application/json; charset=utf-8
host: localhost:38422
accept: */*

Response DefaultHttpResponse(decodeResult: success, version: HTTP/1.1)
HTTP/1.1 200 OK
Content-Length: 22435
Content-Type: application/json; charset=utf-8
cache-control: no-cache

19:20:42.150 [AsyncHttpClient-1-14] DEBUG org.asynchttpclient.netty.channel.ChannelManager - Adding key: http://localhost:38422 for channel [id: 0x7ea716b6, L:/127.0.0.1:60850 - R:localhost/127.0.0.1:38422]
19:20:42.152 [Forwarding getCurrentUrl on session 6ecf2f0f48ba618e60b66eb014d87788 to remote] DEBUG org.asynchttpclient.netty.request.NettyRequestSender - Using pooled Channel '[id: 0x7ea716b6, L:/127.0.0.1:60850 - R:localhost/127.0.0.1:38422]' for 'GET' to 'http://localhost:38422/session/6ecf2f0f48ba618e60b66eb014d87788/url'
19:20:42.152 [Forwarding getCurrentUrl on session 6ecf2f0f48ba618e60b66eb014d87788 to remote] DEBUG org.asynchttpclient.netty.request.NettyRequestSender - Using open Channel [id: 0x7ea716b6, L:/127.0.0.1:60850 - R:localhost/127.0.0.1:38422] for GET '/session/6ecf2f0f48ba618e60b66eb014d87788/url'
19:20:42.156 [AsyncHttpClient-1-14] DEBUG org.asynchttpclient.netty.handler.HttpHandler - 

Request DefaultFullHttpRequest(decodeResult: success, version: HTTP/1.1, content: EmptyByteBufBE)
GET /session/6ecf2f0f48ba618e60b66eb014d87788/url HTTP/1.1
User-Agent: selenium/4.8.1 (java windows)
Cache-Control: no-cache
Content-Type: application/json; charset=utf-8
host: localhost:38422
accept: */*

Response DefaultHttpResponse(decodeResult: success, version: HTTP/1.1)
HTTP/1.1 200 OK
Content-Length: 54
Content-Type: application/json; charset=utf-8
cache-control: no-cache

19:20:42.156 [AsyncHttpClient-1-14] DEBUG org.asynchttpclient.netty.channel.ChannelManager - Adding key: http://localhost:38422 for channel [id: 0x7ea716b6, L:/127.0.0.1:60850 - R:localhost/127.0.0.1:38422]
19:20:42.158 [main] DEBUG net.thucydides.core.steps.StepInterceptor - STARTING STEP: RegisterSteps.inputExistedEmailReg - inputEmailReg
19:20:42.159 [Forwarding findElement on session 6ecf2f0f48ba618e60b66eb014d87788 to remote] DEBUG org.asynchttpclient.netty.request.NettyRequestSender - Using pooled Channel '[id: 0x7ea716b6, L:/127.0.0.1:60850 - R:localhost/127.0.0.1:38422]' for 'POST' to 'http://localhost:38422/session/6ecf2f0f48ba618e60b66eb014d87788/element'
19:20:42.159 [Forwarding findElement on session 6ecf2f0f48ba618e60b66eb014d87788 to remote] DEBUG org.asynchttpclient.netty.request.NettyRequestSender - Using open Channel [id: 0x7ea716b6, L:/127.0.0.1:60850 - R:localhost/127.0.0.1:38422] for POST '/session/6ecf2f0f48ba618e60b66eb014d87788/element'
19:20:42.172 [AsyncHttpClient-1-14] DEBUG org.asynchttpclient.netty.handler.HttpHandler - 

Request DefaultHttpRequest(decodeResult: success, version: HTTP/1.1)
POST /session/6ecf2f0f48ba618e60b66eb014d87788/element HTTP/1.1
User-Agent: selenium/4.8.1 (java windows)
Content-Length: 55
Content-Type: application/json; charset=utf-8
host: localhost:38422
accept: */*

Response DefaultHttpResponse(decodeResult: success, version: HTTP/1.1)
HTTP/1.1 200 OK
Content-Length: 94
Content-Type: application/json; charset=utf-8
cache-control: no-cache

19:20:42.172 [AsyncHttpClient-1-14] DEBUG org.asynchttpclient.netty.channel.ChannelManager - Adding key: http://localhost:38422 for channel [id: 0x7ea716b6, L:/127.0.0.1:60850 - R:localhost/127.0.0.1:38422]
19:20:42.173 [Forwarding clearElement on session 6ecf2f0f48ba618e60b66eb014d87788 to remote] DEBUG org.asynchttpclient.netty.request.NettyRequestSender - Using pooled Channel '[id: 0x7ea716b6, L:/127.0.0.1:60850 - R:localhost/127.0.0.1:38422]' for 'POST' to 'http://localhost:38422/session/6ecf2f0f48ba618e60b66eb014d87788/element/961C5032EB8BC7E7B8B1EB56DA071FB8_element_9/clear'
19:20:42.173 [Forwarding clearElement on session 6ecf2f0f48ba618e60b66eb014d87788 to remote] DEBUG org.asynchttpclient.netty.request.NettyRequestSender - Using open Channel [id: 0x7ea716b6, L:/127.0.0.1:60850 - R:localhost/127.0.0.1:38422] for POST '/session/6ecf2f0f48ba618e60b66eb014d87788/element/961C5032EB8BC7E7B8B1EB56DA071FB8_element_9/clear'
19:20:42.199 [AsyncHttpClient-1-14] DEBUG org.asynchttpclient.netty.handler.HttpHandler - 

Request DefaultHttpRequest(decodeResult: success, version: HTTP/1.1)
POST /session/6ecf2f0f48ba618e60b66eb014d87788/element/961C5032EB8BC7E7B8B1EB56DA071FB8_element_9/clear HTTP/1.1
User-Agent: selenium/4.8.1 (java windows)
Content-Length: 56
Content-Type: application/json; charset=utf-8
host: localhost:38422
accept: */*

Response DefaultHttpResponse(decodeResult: success, version: HTTP/1.1)
HTTP/1.1 200 OK
Content-Length: 14
Content-Type: application/json; charset=utf-8
cache-control: no-cache

19:20:42.199 [AsyncHttpClient-1-14] DEBUG org.asynchttpclient.netty.channel.ChannelManager - Adding key: http://localhost:38422 for channel [id: 0x7ea716b6, L:/127.0.0.1:60850 - R:localhost/127.0.0.1:38422]
19:20:42.200 [Forwarding sendKeysToElement on session 6ecf2f0f48ba618e60b66eb014d87788 to remote] DEBUG org.asynchttpclient.netty.request.NettyRequestSender - Using pooled Channel '[id: 0x7ea716b6, L:/127.0.0.1:60850 - R:localhost/127.0.0.1:38422]' for 'POST' to 'http://localhost:38422/session/6ecf2f0f48ba618e60b66eb014d87788/element/961C5032EB8BC7E7B8B1EB56DA071FB8_element_9/value'
19:20:42.200 [Forwarding sendKeysToElement on session 6ecf2f0f48ba618e60b66eb014d87788 to remote] DEBUG org.asynchttpclient.netty.request.NettyRequestSender - Using open Channel [id: 0x7ea716b6, L:/127.0.0.1:60850 - R:localhost/127.0.0.1:38422] for POST '/session/6ecf2f0f48ba618e60b66eb014d87788/element/961C5032EB8BC7E7B8B1EB56DA071FB8_element_9/value'
19:20:42.321 [AsyncHttpClient-1-14] DEBUG org.asynchttpclient.netty.handler.HttpHandler - 

Request DefaultHttpRequest(decodeResult: success, version: HTTP/1.1)
POST /session/6ecf2f0f48ba618e60b66eb014d87788/element/961C5032EB8BC7E7B8B1EB56DA071FB8_element_9/value HTTP/1.1
User-Agent: selenium/4.8.1 (java windows)
Content-Length: 247
Content-Type: application/json; charset=utf-8
host: localhost:38422
accept: */*

Response DefaultHttpResponse(decodeResult: success, version: HTTP/1.1)
HTTP/1.1 200 OK
Content-Length: 14
Content-Type: application/json; charset=utf-8
cache-control: no-cache

19:20:42.321 [AsyncHttpClient-1-14] DEBUG org.asynchttpclient.netty.channel.ChannelManager - Adding key: http://localhost:38422 for channel [id: 0x7ea716b6, L:/127.0.0.1:60850 - R:localhost/127.0.0.1:38422]
19:20:42.328 [Forwarding getAlertText on session 6ecf2f0f48ba618e60b66eb014d87788 to remote] DEBUG org.asynchttpclient.netty.request.NettyRequestSender - Using pooled Channel '[id: 0x7ea716b6, L:/127.0.0.1:60850 - R:localhost/127.0.0.1:38422]' for 'GET' to 'http://localhost:38422/session/6ecf2f0f48ba618e60b66eb014d87788/alert/text'
19:20:42.329 [Forwarding getAlertText on session 6ecf2f0f48ba618e60b66eb014d87788 to remote] DEBUG org.asynchttpclient.netty.request.NettyRequestSender - Using open Channel [id: 0x7ea716b6, L:/127.0.0.1:60850 - R:localhost/127.0.0.1:38422] for GET '/session/6ecf2f0f48ba618e60b66eb014d87788/alert/text'
19:20:42.334 [AsyncHttpClient-1-14] DEBUG org.asynchttpclient.netty.handler.HttpHandler - 

Request DefaultFullHttpRequest(decodeResult: success, version: HTTP/1.1, content: EmptyByteBufBE)
GET /session/6ecf2f0f48ba618e60b66eb014d87788/alert/text HTTP/1.1
User-Agent: selenium/4.8.1 (java windows)
Cache-Control: no-cache
Content-Type: application/json; charset=utf-8
host: localhost:38422
accept: */*

Response DefaultHttpResponse(decodeResult: success, version: HTTP/1.1)
HTTP/1.1 404 Not Found
Content-Length: 847
Content-Type: application/json; charset=utf-8
cache-control: no-cache

19:20:42.334 [AsyncHttpClient-1-14] DEBUG org.asynchttpclient.netty.channel.ChannelManager - Adding key: http://localhost:38422 for channel [id: 0x7ea716b6, L:/127.0.0.1:60850 - R:localhost/127.0.0.1:38422]
19:20:42.335 [Forwarding getCurrentUrl on session 6ecf2f0f48ba618e60b66eb014d87788 to remote] DEBUG org.asynchttpclient.netty.request.NettyRequestSender - Using pooled Channel '[id: 0x7ea716b6, L:/127.0.0.1:60850 - R:localhost/127.0.0.1:38422]' for 'GET' to 'http://localhost:38422/session/6ecf2f0f48ba618e60b66eb014d87788/url'
19:20:42.335 [Forwarding getCurrentUrl on session 6ecf2f0f48ba618e60b66eb014d87788 to remote] DEBUG org.asynchttpclient.netty.request.NettyRequestSender - Using open Channel [id: 0x7ea716b6, L:/127.0.0.1:60850 - R:localhost/127.0.0.1:38422] for GET '/session/6ecf2f0f48ba618e60b66eb014d87788/url'
19:20:42.342 [AsyncHttpClient-1-14] DEBUG org.asynchttpclient.netty.handler.HttpHandler - 

Request DefaultFullHttpRequest(decodeResult: success, version: HTTP/1.1, content: EmptyByteBufBE)
GET /session/6ecf2f0f48ba618e60b66eb014d87788/url HTTP/1.1
User-Agent: selenium/4.8.1 (java windows)
Cache-Control: no-cache
Content-Type: application/json; charset=utf-8
host: localhost:38422
accept: */*

Response DefaultHttpResponse(decodeResult: success, version: HTTP/1.1)
HTTP/1.1 200 OK
Content-Length: 54
Content-Type: application/json; charset=utf-8
cache-control: no-cache

19:20:42.342 [AsyncHttpClient-1-14] DEBUG org.asynchttpclient.netty.channel.ChannelManager - Adding key: http://localhost:38422 for channel [id: 0x7ea716b6, L:/127.0.0.1:60850 - R:localhost/127.0.0.1:38422]
19:20:42.343 [Forwarding screenshot on session 6ecf2f0f48ba618e60b66eb014d87788 to remote] DEBUG org.asynchttpclient.netty.request.NettyRequestSender - Using pooled Channel '[id: 0x7ea716b6, L:/127.0.0.1:60850 - R:localhost/127.0.0.1:38422]' for 'GET' to 'http://localhost:38422/session/6ecf2f0f48ba618e60b66eb014d87788/screenshot'
19:20:42.344 [Forwarding screenshot on session 6ecf2f0f48ba618e60b66eb014d87788 to remote] DEBUG org.asynchttpclient.netty.request.NettyRequestSender - Using open Channel [id: 0x7ea716b6, L:/127.0.0.1:60850 - R:localhost/127.0.0.1:38422] for GET '/session/6ecf2f0f48ba618e60b66eb014d87788/screenshot'
19:20:42.495 [AsyncHttpClient-1-14] DEBUG org.asynchttpclient.netty.handler.HttpHandler - 

Request DefaultFullHttpRequest(decodeResult: success, version: HTTP/1.1, content: EmptyByteBufBE)
GET /session/6ecf2f0f48ba618e60b66eb014d87788/screenshot HTTP/1.1
User-Agent: selenium/4.8.1 (java windows)
Cache-Control: no-cache
Content-Type: application/json; charset=utf-8
host: localhost:38422
accept: */*

Response DefaultHttpResponse(decodeResult: success, version: HTTP/1.1)
HTTP/1.1 200 OK
Content-Length: 45920
Content-Type: application/json; charset=utf-8
cache-control: no-cache

19:20:42.495 [AsyncHttpClient-1-14] DEBUG org.asynchttpclient.netty.channel.ChannelManager - Adding key: http://localhost:38422 for channel [id: 0x7ea716b6, L:/127.0.0.1:60850 - R:localhost/127.0.0.1:38422]
19:20:42.497 [main] DEBUG net.serenitybdd.core.photography.Darkroom - Send negative for processing for target\site\serenity\3b39315704e6d2b0c389894177d4ef77bb3292fccffdf140cca24a8d5651b72a.png
19:20:42.497 [main] DEBUG net.thucydides.core.steps.StepInterceptor - STEP DONE: inputEmailReg
  &amp#27;[32mAnd &amp#27;[0m&amp#27;[32mI input existed email for register&amp#27;[0m    &amp#27;[90m# starter.stepdefinitions.RegisterSteps.inputExistedEmailReg()&amp#27;[0m
19:20:42.497 [Darkroom Processing Line] DEBUG net.serenitybdd.core.photography.DarkroomProcessingLine - Processing screenshot image in /var/screenshots/screenshot-9163476157173076307
19:20:42.497 [Darkroom Processing Line] DEBUG net.serenitybdd.core.photography.DarkroomProcessingLine - Saving screenshot to target\site\serenity\3b39315704e6d2b0c389894177d4ef77bb3292fccffdf140cca24a8d5651b72a.png
19:20:42.511 [Forwarding getPageSource on session 6ecf2f0f48ba618e60b66eb014d87788 to remote] DEBUG org.asynchttpclient.netty.request.NettyRequestSender - Using pooled Channel '[id: 0x7ea716b6, L:/127.0.0.1:60850 - R:localhost/127.0.0.1:38422]' for 'POST' to 'http://localhost:38422/session/6ecf2f0f48ba618e60b66eb014d87788/execute/sync'
19:20:42.511 [Forwarding getPageSource on session 6ecf2f0f48ba618e60b66eb014d87788 to remote] DEBUG org.asynchttpclient.netty.request.NettyRequestSender - Using open Channel [id: 0x7ea716b6, L:/127.0.0.1:60850 - R:localhost/127.0.0.1:38422] for POST '/session/6ecf2f0f48ba618e60b66eb014d87788/execute/sync'
19:20:42.524 [AsyncHttpClient-1-14] DEBUG org.asynchttpclient.netty.handler.HttpHandler - 

Request DefaultHttpRequest(decodeResult: success, version: HTTP/1.1)
POST /session/6ecf2f0f48ba618e60b66eb014d87788/execute/sync HTTP/1.1
User-Agent: selenium/4.8.1 (java windows)
Content-Length: 176
Content-Type: application/json; charset=utf-8
host: localhost:38422
accept: */*

Response DefaultHttpResponse(decodeResult: success, version: HTTP/1.1)
HTTP/1.1 200 OK
Content-Length: 22494
Content-Type: application/json; charset=utf-8
cache-control: no-cache

19:20:42.524 [AsyncHttpClient-1-14] DEBUG org.asynchttpclient.netty.channel.ChannelManager - Adding key: http://localhost:38422 for channel [id: 0x7ea716b6, L:/127.0.0.1:60850 - R:localhost/127.0.0.1:38422]
19:20:42.527 [Forwarding getCurrentUrl on session 6ecf2f0f48ba618e60b66eb014d87788 to remote] DEBUG org.asynchttpclient.netty.request.NettyRequestSender - Using pooled Channel '[id: 0x7ea716b6, L:/127.0.0.1:60850 - R:localhost/127.0.0.1:38422]' for 'GET' to 'http://localhost:38422/session/6ecf2f0f48ba618e60b66eb014d87788/url'
19:20:42.527 [Forwarding getCurrentUrl on session 6ecf2f0f48ba618e60b66eb014d87788 to remote] DEBUG org.asynchttpclient.netty.request.NettyRequestSender - Using open Channel [id: 0x7ea716b6, L:/127.0.0.1:60850 - R:localhost/127.0.0.1:38422] for GET '/session/6ecf2f0f48ba618e60b66eb014d87788/url'
19:20:42.535 [AsyncHttpClient-1-14] DEBUG org.asynchttpclient.netty.handler.HttpHandler - 

Request DefaultFullHttpRequest(decodeResult: success, version: HTTP/1.1, content: EmptyByteBufBE)
GET /session/6ecf2f0f48ba618e60b66eb014d87788/url HTTP/1.1
User-Agent: selenium/4.8.1 (java windows)
Cache-Control: no-cache
Content-Type: application/json; charset=utf-8
host: localhost:38422
accept: */*

Response DefaultHttpResponse(decodeResult: success, version: HTTP/1.1)
HTTP/1.1 200 OK
Content-Length: 54
Content-Type: application/json; charset=utf-8
cache-control: no-cache

19:20:42.535 [AsyncHttpClient-1-14] DEBUG org.asynchttpclient.netty.channel.ChannelManager - Adding key: http://localhost:38422 for channel [id: 0x7ea716b6, L:/127.0.0.1:60850 - R:localhost/127.0.0.1:38422]
19:20:42.546 [Forwarding getPageSource on session 6ecf2f0f48ba618e60b66eb014d87788 to remote] DEBUG org.asynchttpclient.netty.request.NettyRequestSender - Using pooled Channel '[id: 0x7ea716b6, L:/127.0.0.1:60850 - R:localhost/127.0.0.1:38422]' for 'POST' to 'http://localhost:38422/session/6ecf2f0f48ba618e60b66eb014d87788/execute/sync'
19:20:42.546 [Forwarding getPageSource on session 6ecf2f0f48ba618e60b66eb014d87788 to remote] DEBUG org.asynchttpclient.netty.request.NettyRequestSender - Using open Channel [id: 0x7ea716b6, L:/127.0.0.1:60850 - R:localhost/127.0.0.1:38422] for POST '/session/6ecf2f0f48ba618e60b66eb014d87788/execute/sync'
19:20:42.552 [AsyncHttpClient-1-14] DEBUG org.asynchttpclient.netty.handler.HttpHandler - 

Request DefaultHttpRequest(decodeResult: success, version: HTTP/1.1)
POST /session/6ecf2f0f48ba618e60b66eb014d87788/execute/sync HTTP/1.1
User-Agent: selenium/4.8.1 (java windows)
Content-Length: 176
Content-Type: application/json; charset=utf-8
host: localhost:38422
accept: */*

Response DefaultHttpResponse(decodeResult: success, version: HTTP/1.1)
HTTP/1.1 200 OK
Content-Length: 22494
Content-Type: application/json; charset=utf-8
cache-control: no-cache

19:20:42.553 [AsyncHttpClient-1-14] DEBUG org.asynchttpclient.netty.channel.ChannelManager - Adding key: http://localhost:38422 for channel [id: 0x7ea716b6, L:/127.0.0.1:60850 - R:localhost/127.0.0.1:38422]
19:20:42.556 [Forwarding getCurrentUrl on session 6ecf2f0f48ba618e60b66eb014d87788 to remote] DEBUG org.asynchttpclient.netty.request.NettyRequestSender - Using pooled Channel '[id: 0x7ea716b6, L:/127.0.0.1:60850 - R:localhost/127.0.0.1:38422]' for 'GET' to 'http://localhost:38422/session/6ecf2f0f48ba618e60b66eb014d87788/url'
19:20:42.556 [Forwarding getCurrentUrl on session 6ecf2f0f48ba618e60b66eb014d87788 to remote] DEBUG org.asynchttpclient.netty.request.NettyRequestSender - Using open Channel [id: 0x7ea716b6, L:/127.0.0.1:60850 - R:localhost/127.0.0.1:38422] for GET '/session/6ecf2f0f48ba618e60b66eb014d87788/url'
19:20:42.562 [AsyncHttpClient-1-14] DEBUG org.asynchttpclient.netty.handler.HttpHandler - 

Request DefaultFullHttpRequest(decodeResult: success, version: HTTP/1.1, content: EmptyByteBufBE)
GET /session/6ecf2f0f48ba618e60b66eb014d87788/url HTTP/1.1
User-Agent: selenium/4.8.1 (java windows)
Cache-Control: no-cache
Content-Type: application/json; charset=utf-8
host: localhost:38422
accept: */*

Response DefaultHttpResponse(decodeResult: success, version: HTTP/1.1)
HTTP/1.1 200 OK
Content-Length: 54
Content-Type: application/json; charset=utf-8
cache-control: no-cache

19:20:42.563 [AsyncHttpClient-1-14] DEBUG org.asynchttpclient.netty.channel.ChannelManager - Adding key: http://localhost:38422 for channel [id: 0x7ea716b6, L:/127.0.0.1:60850 - R:localhost/127.0.0.1:38422]
19:20:42.565 [main] DEBUG net.thucydides.core.steps.StepInterceptor - STARTING STEP: RegisterSteps.inputPasswordReg - inputPasswordReg
19:20:42.568 [Forwarding findElement on session 6ecf2f0f48ba618e60b66eb014d87788 to remote] DEBUG org.asynchttpclient.netty.request.NettyRequestSender - Using pooled Channel '[id: 0x7ea716b6, L:/127.0.0.1:60850 - R:localhost/127.0.0.1:38422]' for 'POST' to 'http://localhost:38422/session/6ecf2f0f48ba618e60b66eb014d87788/element'
19:20:42.568 [Forwarding findElement on session 6ecf2f0f48ba618e60b66eb014d87788 to remote] DEBUG org.asynchttpclient.netty.request.NettyRequestSender - Using open Channel [id: 0x7ea716b6, L:/127.0.0.1:60850 - R:localhost/127.0.0.1:38422] for POST '/session/6ecf2f0f48ba618e60b66eb014d87788/element'
19:20:42.592 [AsyncHttpClient-1-14] DEBUG org.asynchttpclient.netty.handler.HttpHandler - 

Request DefaultHttpRequest(decodeResult: success, version: HTTP/1.1)
POST /session/6ecf2f0f48ba618e60b66eb014d87788/element HTTP/1.1
User-Agent: selenium/4.8.1 (java windows)
Content-Length: 55
Content-Type: application/json; charset=utf-8
host: localhost:38422
accept: */*

Response DefaultHttpResponse(decodeResult: success, version: HTTP/1.1)
HTTP/1.1 200 OK
Content-Length: 95
Content-Type: application/json; charset=utf-8
cache-control: no-cache

19:20:42.592 [AsyncHttpClient-1-14] DEBUG org.asynchttpclient.netty.channel.ChannelManager - Adding key: http://localhost:38422 for channel [id: 0x7ea716b6, L:/127.0.0.1:60850 - R:localhost/127.0.0.1:38422]
19:20:42.594 [Forwarding clearElement on session 6ecf2f0f48ba618e60b66eb014d87788 to remote] DEBUG org.asynchttpclient.netty.request.NettyRequestSender - Using pooled Channel '[id: 0x7ea716b6, L:/127.0.0.1:60850 - R:localhost/127.0.0.1:38422]' for 'POST' to 'http://localhost:38422/session/6ecf2f0f48ba618e60b66eb014d87788/element/961C5032EB8BC7E7B8B1EB56DA071FB8_element_10/clear'
19:20:42.594 [Forwarding clearElement on session 6ecf2f0f48ba618e60b66eb014d87788 to remote] DEBUG org.asynchttpclient.netty.request.NettyRequestSender - Using open Channel [id: 0x7ea716b6, L:/127.0.0.1:60850 - R:localhost/127.0.0.1:38422] for POST '/session/6ecf2f0f48ba618e60b66eb014d87788/element/961C5032EB8BC7E7B8B1EB56DA071FB8_element_10/clear'
19:20:42.627 [AsyncHttpClient-1-14] DEBUG org.asynchttpclient.netty.handler.HttpHandler - 

Request DefaultHttpRequest(decodeResult: success, version: HTTP/1.1)
POST /session/6ecf2f0f48ba618e60b66eb014d87788/element/961C5032EB8BC7E7B8B1EB56DA071FB8_element_10/clear HTTP/1.1
User-Agent: selenium/4.8.1 (java windows)
Content-Length: 57
Content-Type: application/json; charset=utf-8
host: localhost:38422
accept: */*

Response DefaultHttpResponse(decodeResult: success, version: HTTP/1.1)
HTTP/1.1 200 OK
Content-Length: 14
Content-Type: application/json; charset=utf-8
cache-control: no-cache

19:20:42.627 [AsyncHttpClient-1-14] DEBUG org.asynchttpclient.netty.channel.ChannelManager - Adding key: http://localhost:38422 for channel [id: 0x7ea716b6, L:/127.0.0.1:60850 - R:localhost/127.0.0.1:38422]
19:20:42.629 [Forwarding sendKeysToElement on session 6ecf2f0f48ba618e60b66eb014d87788 to remote] DEBUG org.asynchttpclient.netty.request.NettyRequestSender - Using pooled Channel '[id: 0x7ea716b6, L:/127.0.0.1:60850 - R:localhost/127.0.0.1:38422]' for 'POST' to 'http://localhost:38422/session/6ecf2f0f48ba618e60b66eb014d87788/element/961C5032EB8BC7E7B8B1EB56DA071FB8_element_10/value'
19:20:42.629 [Forwarding sendKeysToElement on session 6ecf2f0f48ba618e60b66eb014d87788 to remote] DEBUG org.asynchttpclient.netty.request.NettyRequestSender - Using open Channel [id: 0x7ea716b6, L:/127.0.0.1:60850 - R:localhost/127.0.0.1:38422] for POST '/session/6ecf2f0f48ba618e60b66eb014d87788/element/961C5032EB8BC7E7B8B1EB56DA071FB8_element_10/value'
19:20:42.744 [AsyncHttpClient-1-14] DEBUG org.asynchttpclient.netty.handler.HttpHandler - 

Request DefaultHttpRequest(decodeResult: success, version: HTTP/1.1)
POST /session/6ecf2f0f48ba618e60b66eb014d87788/element/961C5032EB8BC7E7B8B1EB56DA071FB8_element_10/value HTTP/1.1
User-Agent: selenium/4.8.1 (java windows)
Content-Length: 188
Content-Type: application/json; charset=utf-8
host: localhost:38422
accept: */*

Response DefaultHttpResponse(decodeResult: success, version: HTTP/1.1)
HTTP/1.1 200 OK
Content-Length: 14
Content-Type: application/json; charset=utf-8
cache-control: no-cache

19:20:42.744 [AsyncHttpClient-1-14] DEBUG org.asynchttpclient.netty.channel.ChannelManager - Adding key: http://localhost:38422 for channel [id: 0x7ea716b6, L:/127.0.0.1:60850 - R:localhost/127.0.0.1:38422]
19:20:42.753 [Forwarding getAlertText on session 6ecf2f0f48ba618e60b66eb014d87788 to remote] DEBUG org.asynchttpclient.netty.request.NettyRequestSender - Using pooled Channel '[id: 0x7ea716b6, L:/127.0.0.1:60850 - R:localhost/127.0.0.1:38422]' for 'GET' to 'http://localhost:38422/session/6ecf2f0f48ba618e60b66eb014d87788/alert/text'
19:20:42.753 [Forwarding getAlertText on session 6ecf2f0f48ba618e60b66eb014d87788 to remote] DEBUG org.asynchttpclient.netty.request.NettyRequestSender - Using open Channel [id: 0x7ea716b6, L:/127.0.0.1:60850 - R:localhost/127.0.0.1:38422] for GET '/session/6ecf2f0f48ba618e60b66eb014d87788/alert/text'
19:20:42.761 [AsyncHttpClient-1-14] DEBUG org.asynchttpclient.netty.handler.HttpHandler - 

Request DefaultFullHttpRequest(decodeResult: success, version: HTTP/1.1, content: EmptyByteBufBE)
GET /session/6ecf2f0f48ba618e60b66eb014d87788/alert/text HTTP/1.1
User-Agent: selenium/4.8.1 (java windows)
Cache-Control: no-cache
Content-Type: application/json; charset=utf-8
host: localhost:38422
accept: */*

Response DefaultHttpResponse(decodeResult: success, version: HTTP/1.1)
HTTP/1.1 404 Not Found
Content-Length: 847
Content-Type: application/json; charset=utf-8
cache-control: no-cache

19:20:42.762 [AsyncHttpClient-1-14] DEBUG org.asynchttpclient.netty.channel.ChannelManager - Adding key: http://localhost:38422 for channel [id: 0x7ea716b6, L:/127.0.0.1:60850 - R:localhost/127.0.0.1:38422]
19:20:42.763 [Forwarding getCurrentUrl on session 6ecf2f0f48ba618e60b66eb014d87788 to remote] DEBUG org.asynchttpclient.netty.request.NettyRequestSender - Using pooled Channel '[id: 0x7ea716b6, L:/127.0.0.1:60850 - R:localhost/127.0.0.1:38422]' for 'GET' to 'http://localhost:38422/session/6ecf2f0f48ba618e60b66eb014d87788/url'
19:20:42.764 [Forwarding getCurrentUrl on session 6ecf2f0f48ba618e60b66eb014d87788 to remote] DEBUG org.asynchttpclient.netty.request.NettyRequestSender - Using open Channel [id: 0x7ea716b6, L:/127.0.0.1:60850 - R:localhost/127.0.0.1:38422] for GET '/session/6ecf2f0f48ba618e60b66eb014d87788/url'
19:20:42.786 [AsyncHttpClient-1-14] DEBUG org.asynchttpclient.netty.handler.HttpHandler - 

Request DefaultFullHttpRequest(decodeResult: success, version: HTTP/1.1, content: EmptyByteBufBE)
GET /session/6ecf2f0f48ba618e60b66eb014d87788/url HTTP/1.1
User-Agent: selenium/4.8.1 (java windows)
Cache-Control: no-cache
Content-Type: application/json; charset=utf-8
host: localhost:38422
accept: */*

Response DefaultHttpResponse(decodeResult: success, version: HTTP/1.1)
HTTP/1.1 200 OK
Content-Length: 54
Content-Type: application/json; charset=utf-8
cache-control: no-cache

19:20:42.786 [AsyncHttpClient-1-14] DEBUG org.asynchttpclient.netty.channel.ChannelManager - Adding key: http://localhost:38422 for channel [id: 0x7ea716b6, L:/127.0.0.1:60850 - R:localhost/127.0.0.1:38422]
19:20:42.788 [Forwarding screenshot on session 6ecf2f0f48ba618e60b66eb014d87788 to remote] DEBUG org.asynchttpclient.netty.request.NettyRequestSender - Using pooled Channel '[id: 0x7ea716b6, L:/127.0.0.1:60850 - R:localhost/127.0.0.1:38422]' for 'GET' to 'http://localhost:38422/session/6ecf2f0f48ba618e60b66eb014d87788/screenshot'
19:20:42.788 [Forwarding screenshot on session 6ecf2f0f48ba618e60b66eb014d87788 to remote] DEBUG org.asynchttpclient.netty.request.NettyRequestSender - Using open Channel [id: 0x7ea716b6, L:/127.0.0.1:60850 - R:localhost/127.0.0.1:38422] for GET '/session/6ecf2f0f48ba618e60b66eb014d87788/screenshot'
19:20:42.897 [AsyncHttpClient-1-1] DEBUG org.asynchttpclient.netty.channel.DefaultChannelPool - Entry count for : http://localhost:60851 : 1
19:20:43.032 [AsyncHttpClient-1-14] DEBUG org.asynchttpclient.netty.handler.HttpHandler - 

Request DefaultFullHttpRequest(decodeResult: success, version: HTTP/1.1, content: EmptyByteBufBE)
GET /session/6ecf2f0f48ba618e60b66eb014d87788/screenshot HTTP/1.1
User-Agent: selenium/4.8.1 (java windows)
Cache-Control: no-cache
Content-Type: application/json; charset=utf-8
host: localhost:38422
accept: */*

Response DefaultHttpResponse(decodeResult: success, version: HTTP/1.1)
HTTP/1.1 200 OK
Content-Length: 48436
Content-Type: application/json; charset=utf-8
cache-control: no-cache

19:20:43.032 [AsyncHttpClient-1-14] DEBUG org.asynchttpclient.netty.channel.ChannelManager - Adding key: http://localhost:38422 for channel [id: 0x7ea716b6, L:/127.0.0.1:60850 - R:localhost/127.0.0.1:38422]
19:20:43.035 [main] DEBUG net.serenitybdd.core.photography.Darkroom - Send negative for processing for target\site\serenity\b64a00dbc91207348628eeef05c37c171e086969618a3b2ac0a6b57b80c8ab04.png
19:20:43.035 [main] DEBUG net.thucydides.core.steps.StepInterceptor - STEP DONE: inputPasswordReg
  &amp#27;[32mAnd &amp#27;[0m&amp#27;[32mI input correct password for register&amp#27;[0m &amp#27;[90m# starter.stepdefinitions.RegisterSteps.inputPasswordReg()&amp#27;[0m
19:20:43.039 [Darkroom Processing Line] DEBUG net.serenitybdd.core.photography.DarkroomProcessingLine - Processing screenshot image in /var/screenshots/screenshot-15619227808263877320
19:20:43.039 [Darkroom Processing Line] DEBUG net.serenitybdd.core.photography.DarkroomProcessingLine - Saving screenshot to target\site\serenity\b64a00dbc91207348628eeef05c37c171e086969618a3b2ac0a6b57b80c8ab04.png
19:20:43.050 [Forwarding getPageSource on session 6ecf2f0f48ba618e60b66eb014d87788 to remote] DEBUG org.asynchttpclient.netty.request.NettyRequestSender - Using pooled Channel '[id: 0x7ea716b6, L:/127.0.0.1:60850 - R:localhost/127.0.0.1:38422]' for 'POST' to 'http://localhost:38422/session/6ecf2f0f48ba618e60b66eb014d87788/execute/sync'
19:20:43.050 [Forwarding getPageSource on session 6ecf2f0f48ba618e60b66eb014d87788 to remote] DEBUG org.asynchttpclient.netty.request.NettyRequestSender - Using open Channel [id: 0x7ea716b6, L:/127.0.0.1:60850 - R:localhost/127.0.0.1:38422] for POST '/session/6ecf2f0f48ba618e60b66eb014d87788/execute/sync'
19:20:43.069 [AsyncHttpClient-1-14] DEBUG org.asynchttpclient.netty.handler.HttpHandler - 

Request DefaultHttpRequest(decodeResult: success, version: HTTP/1.1)
POST /session/6ecf2f0f48ba618e60b66eb014d87788/execute/sync HTTP/1.1
User-Agent: selenium/4.8.1 (java windows)
Content-Length: 176
Content-Type: application/json; charset=utf-8
host: localhost:38422
accept: */*

Response DefaultHttpResponse(decodeResult: success, version: HTTP/1.1)
HTTP/1.1 200 OK
Content-Length: 22553
Content-Type: application/json; charset=utf-8
cache-control: no-cache

19:20:43.069 [AsyncHttpClient-1-14] DEBUG org.asynchttpclient.netty.channel.ChannelManager - Adding key: http://localhost:38422 for channel [id: 0x7ea716b6, L:/127.0.0.1:60850 - R:localhost/127.0.0.1:38422]
19:20:43.072 [Forwarding getCurrentUrl on session 6ecf2f0f48ba618e60b66eb014d87788 to remote] DEBUG org.asynchttpclient.netty.request.NettyRequestSender - Using pooled Channel '[id: 0x7ea716b6, L:/127.0.0.1:60850 - R:localhost/127.0.0.1:38422]' for 'GET' to 'http://localhost:38422/session/6ecf2f0f48ba618e60b66eb014d87788/url'
19:20:43.072 [Forwarding getCurrentUrl on session 6ecf2f0f48ba618e60b66eb014d87788 to remote] DEBUG org.asynchttpclient.netty.request.NettyRequestSender - Using open Channel [id: 0x7ea716b6, L:/127.0.0.1:60850 - R:localhost/127.0.0.1:38422] for GET '/session/6ecf2f0f48ba618e60b66eb014d87788/url'
19:20:43.078 [AsyncHttpClient-1-14] DEBUG org.asynchttpclient.netty.handler.HttpHandler - 

Request DefaultFullHttpRequest(decodeResult: success, version: HTTP/1.1, content: EmptyByteBufBE)
GET /session/6ecf2f0f48ba618e60b66eb014d87788/url HTTP/1.1
User-Agent: selenium/4.8.1 (java windows)
Cache-Control: no-cache
Content-Type: application/json; charset=utf-8
host: localhost:38422
accept: */*

Response DefaultHttpResponse(decodeResult: success, version: HTTP/1.1)
HTTP/1.1 200 OK
Content-Length: 54
Content-Type: application/json; charset=utf-8
cache-control: no-cache

19:20:43.078 [AsyncHttpClient-1-14] DEBUG org.asynchttpclient.netty.channel.ChannelManager - Adding key: http://localhost:38422 for channel [id: 0x7ea716b6, L:/127.0.0.1:60850 - R:localhost/127.0.0.1:38422]
19:20:43.092 [Forwarding getAlertText on session 6ecf2f0f48ba618e60b66eb014d87788 to remote] DEBUG org.asynchttpclient.netty.request.NettyRequestSender - Using pooled Channel '[id: 0x7ea716b6, L:/127.0.0.1:60850 - R:localhost/127.0.0.1:38422]' for 'GET' to 'http://localhost:38422/session/6ecf2f0f48ba618e60b66eb014d87788/alert/text'
19:20:43.093 [Forwarding getAlertText on session 6ecf2f0f48ba618e60b66eb014d87788 to remote] DEBUG org.asynchttpclient.netty.request.NettyRequestSender - Using open Channel [id: 0x7ea716b6, L:/127.0.0.1:60850 - R:localhost/127.0.0.1:38422] for GET '/session/6ecf2f0f48ba618e60b66eb014d87788/alert/text'
19:20:43.096 [AsyncHttpClient-1-14] DEBUG org.asynchttpclient.netty.handler.HttpHandler - 

Request DefaultFullHttpRequest(decodeResult: success, version: HTTP/1.1, content: EmptyByteBufBE)
GET /session/6ecf2f0f48ba618e60b66eb014d87788/alert/text HTTP/1.1
User-Agent: selenium/4.8.1 (java windows)
Cache-Control: no-cache
Content-Type: application/json; charset=utf-8
host: localhost:38422
accept: */*

Response DefaultHttpResponse(decodeResult: success, version: HTTP/1.1)
HTTP/1.1 404 Not Found
Content-Length: 847
Content-Type: application/json; charset=utf-8
cache-control: no-cache

19:20:43.096 [AsyncHttpClient-1-14] DEBUG org.asynchttpclient.netty.channel.ChannelManager - Adding key: http://localhost:38422 for channel [id: 0x7ea716b6, L:/127.0.0.1:60850 - R:localhost/127.0.0.1:38422]
19:20:43.098 [Forwarding getCurrentUrl on session 6ecf2f0f48ba618e60b66eb014d87788 to remote] DEBUG org.asynchttpclient.netty.request.NettyRequestSender - Using pooled Channel '[id: 0x7ea716b6, L:/127.0.0.1:60850 - R:localhost/127.0.0.1:38422]' for 'GET' to 'http://localhost:38422/session/6ecf2f0f48ba618e60b66eb014d87788/url'
19:20:43.098 [Forwarding getCurrentUrl on session 6ecf2f0f48ba618e60b66eb014d87788 to remote] DEBUG org.asynchttpclient.netty.request.NettyRequestSender - Using open Channel [id: 0x7ea716b6, L:/127.0.0.1:60850 - R:localhost/127.0.0.1:38422] for GET '/session/6ecf2f0f48ba618e60b66eb014d87788/url'
19:20:43.104 [AsyncHttpClient-1-14] DEBUG org.asynchttpclient.netty.handler.HttpHandler - 

Request DefaultFullHttpRequest(decodeResult: success, version: HTTP/1.1, content: EmptyByteBufBE)
GET /session/6ecf2f0f48ba618e60b66eb014d87788/url HTTP/1.1
User-Agent: selenium/4.8.1 (java windows)
Cache-Control: no-cache
Content-Type: application/json; charset=utf-8
host: localhost:38422
accept: */*

Response DefaultHttpResponse(decodeResult: success, version: HTTP/1.1)
HTTP/1.1 200 OK
Content-Length: 54
Content-Type: application/json; charset=utf-8
cache-control: no-cache

19:20:43.104 [AsyncHttpClient-1-14] DEBUG org.asynchttpclient.netty.channel.ChannelManager - Adding key: http://localhost:38422 for channel [id: 0x7ea716b6, L:/127.0.0.1:60850 - R:localhost/127.0.0.1:38422]
19:20:43.105 [Forwarding screenshot on session 6ecf2f0f48ba618e60b66eb014d87788 to remote] DEBUG org.asynchttpclient.netty.request.NettyRequestSender - Using pooled Channel '[id: 0x7ea716b6, L:/127.0.0.1:60850 - R:localhost/127.0.0.1:38422]' for 'GET' to 'http://localhost:38422/session/6ecf2f0f48ba618e60b66eb014d87788/screenshot'
19:20:43.105 [Forwarding screenshot on session 6ecf2f0f48ba618e60b66eb014d87788 to remote] DEBUG org.asynchttpclient.netty.request.NettyRequestSender - Using open Channel [id: 0x7ea716b6, L:/127.0.0.1:60850 - R:localhost/127.0.0.1:38422] for GET '/session/6ecf2f0f48ba618e60b66eb014d87788/screenshot'
19:20:43.297 [AsyncHttpClient-1-14] DEBUG org.asynchttpclient.netty.handler.HttpHandler - 

Request DefaultFullHttpRequest(decodeResult: success, version: HTTP/1.1, content: EmptyByteBufBE)
GET /session/6ecf2f0f48ba618e60b66eb014d87788/screenshot HTTP/1.1
User-Agent: selenium/4.8.1 (java windows)
Cache-Control: no-cache
Content-Type: application/json; charset=utf-8
host: localhost:38422
accept: */*

Response DefaultHttpResponse(decodeResult: success, version: HTTP/1.1)
HTTP/1.1 200 OK
Content-Length: 47712
Content-Type: application/json; charset=utf-8
cache-control: no-cache

19:20:43.297 [AsyncHttpClient-1-14] DEBUG org.asynchttpclient.netty.channel.ChannelManager - Adding key: http://localhost:38422 for channel [id: 0x7ea716b6, L:/127.0.0.1:60850 - R:localhost/127.0.0.1:38422]
19:20:43.300 [main] DEBUG net.serenitybdd.core.photography.Darkroom - Send negative for processing for target\site\serenity\4a5266a117cbee683dad700db3ebc2f0f3ee4cc00fc365b7a5bcc889f3d0d925.png
19:20:43.300 [Darkroom Processing Line] DEBUG net.serenitybdd.core.photography.DarkroomProcessingLine - Processing screenshot image in /var/screenshots/screenshot-9819828478452126013
19:20:43.300 [Darkroom Processing Line] DEBUG net.serenitybdd.core.photography.DarkroomProcessingLine - Saving screenshot to target\site\serenity\4a5266a117cbee683dad700db3ebc2f0f3ee4cc00fc365b7a5bcc889f3d0d925.png
19:20:43.302 [Forwarding getPageSource on session 6ecf2f0f48ba618e60b66eb014d87788 to remote] DEBUG org.asynchttpclient.netty.request.NettyRequestSender - Using pooled Channel '[id: 0x7ea716b6, L:/127.0.0.1:60850 - R:localhost/127.0.0.1:38422]' for 'POST' to 'http://localhost:38422/session/6ecf2f0f48ba618e60b66eb014d87788/execute/sync'
19:20:43.302 [Forwarding getPageSource on session 6ecf2f0f48ba618e60b66eb014d87788 to remote] DEBUG org.asynchttpclient.netty.request.NettyRequestSender - Using open Channel [id: 0x7ea716b6, L:/127.0.0.1:60850 - R:localhost/127.0.0.1:38422] for POST '/session/6ecf2f0f48ba618e60b66eb014d87788/execute/sync'
19:20:43.314 [AsyncHttpClient-1-14] DEBUG org.asynchttpclient.netty.handler.HttpHandler - 

Request DefaultHttpRequest(decodeResult: success, version: HTTP/1.1)
POST /session/6ecf2f0f48ba618e60b66eb014d87788/execute/sync HTTP/1.1
User-Agent: selenium/4.8.1 (java windows)
Content-Length: 176
Content-Type: application/json; charset=utf-8
host: localhost:38422
accept: */*

Response DefaultHttpResponse(decodeResult: success, version: HTTP/1.1)
HTTP/1.1 200 OK
Content-Length: 22553
Content-Type: application/json; charset=utf-8
cache-control: no-cache

19:20:43.314 [AsyncHttpClient-1-14] DEBUG org.asynchttpclient.netty.channel.ChannelManager - Adding key: http://localhost:38422 for channel [id: 0x7ea716b6, L:/127.0.0.1:60850 - R:localhost/127.0.0.1:38422]
19:20:43.316 [Forwarding getCurrentUrl on session 6ecf2f0f48ba618e60b66eb014d87788 to remote] DEBUG org.asynchttpclient.netty.request.NettyRequestSender - Using pooled Channel '[id: 0x7ea716b6, L:/127.0.0.1:60850 - R:localhost/127.0.0.1:38422]' for 'GET' to 'http://localhost:38422/session/6ecf2f0f48ba618e60b66eb014d87788/url'
19:20:43.317 [Forwarding getCurrentUrl on session 6ecf2f0f48ba618e60b66eb014d87788 to remote] DEBUG org.asynchttpclient.netty.request.NettyRequestSender - Using open Channel [id: 0x7ea716b6, L:/127.0.0.1:60850 - R:localhost/127.0.0.1:38422] for GET '/session/6ecf2f0f48ba618e60b66eb014d87788/url'
19:20:43.322 [AsyncHttpClient-1-14] DEBUG org.asynchttpclient.netty.handler.HttpHandler - 

Request DefaultFullHttpRequest(decodeResult: success, version: HTTP/1.1, content: EmptyByteBufBE)
GET /session/6ecf2f0f48ba618e60b66eb014d87788/url HTTP/1.1
User-Agent: selenium/4.8.1 (java windows)
Cache-Control: no-cache
Content-Type: application/json; charset=utf-8
host: localhost:38422
accept: */*

Response DefaultHttpResponse(decodeResult: success, version: HTTP/1.1)
HTTP/1.1 200 OK
Content-Length: 54
Content-Type: application/json; charset=utf-8
cache-control: no-cache

19:20:43.322 [AsyncHttpClient-1-14] DEBUG org.asynchttpclient.netty.channel.ChannelManager - Adding key: http://localhost:38422 for channel [id: 0x7ea716b6, L:/127.0.0.1:60850 - R:localhost/127.0.0.1:38422]
19:20:43.325 [main] DEBUG net.thucydides.core.steps.StepInterceptor - STARTING STEP: RegisterSteps.ClickRegisterButton - ClickRegisterButton
19:20:43.329 [Forwarding findElement on session 6ecf2f0f48ba618e60b66eb014d87788 to remote] DEBUG org.asynchttpclient.netty.request.NettyRequestSender - Using pooled Channel '[id: 0x7ea716b6, L:/127.0.0.1:60850 - R:localhost/127.0.0.1:38422]' for 'POST' to 'http://localhost:38422/session/6ecf2f0f48ba618e60b66eb014d87788/element'
19:20:43.329 [Forwarding findElement on session 6ecf2f0f48ba618e60b66eb014d87788 to remote] DEBUG org.asynchttpclient.netty.request.NettyRequestSender - Using open Channel [id: 0x7ea716b6, L:/127.0.0.1:60850 - R:localhost/127.0.0.1:38422] for POST '/session/6ecf2f0f48ba618e60b66eb014d87788/element'
19:20:43.344 [AsyncHttpClient-1-14] DEBUG org.asynchttpclient.netty.handler.HttpHandler - 

Request DefaultHttpRequest(decodeResult: success, version: HTTP/1.1)
POST /session/6ecf2f0f48ba618e60b66eb014d87788/element HTTP/1.1
User-Agent: selenium/4.8.1 (java windows)
Content-Length: 71
Content-Type: application/json; charset=utf-8
host: localhost:38422
accept: */*

Response DefaultHttpResponse(decodeResult: success, version: HTTP/1.1)
HTTP/1.1 200 OK
Content-Length: 95
Content-Type: application/json; charset=utf-8
cache-control: no-cache

19:20:43.344 [AsyncHttpClient-1-14] DEBUG org.asynchttpclient.netty.channel.ChannelManager - Adding key: http://localhost:38422 for channel [id: 0x7ea716b6, L:/127.0.0.1:60850 - R:localhost/127.0.0.1:38422]
19:20:43.345 [Forwarding getElementTagName on session 6ecf2f0f48ba618e60b66eb014d87788 to remote] DEBUG org.asynchttpclient.netty.request.NettyRequestSender - Using pooled Channel '[id: 0x7ea716b6, L:/127.0.0.1:60850 - R:localhost/127.0.0.1:38422]' for 'GET' to 'http://localhost:38422/session/6ecf2f0f48ba618e60b66eb014d87788/element/961C5032EB8BC7E7B8B1EB56DA071FB8_element_11/name'
19:20:43.345 [Forwarding getElementTagName on session 6ecf2f0f48ba618e60b66eb014d87788 to remote] DEBUG org.asynchttpclient.netty.request.NettyRequestSender - Using open Channel [id: 0x7ea716b6, L:/127.0.0.1:60850 - R:localhost/127.0.0.1:38422] for GET '/session/6ecf2f0f48ba618e60b66eb014d87788/element/961C5032EB8BC7E7B8B1EB56DA071FB8_element_11/name'
19:20:43.349 [AsyncHttpClient-1-14] DEBUG org.asynchttpclient.netty.handler.HttpHandler - 

Request DefaultFullHttpRequest(decodeResult: success, version: HTTP/1.1, content: EmptyByteBufBE)
GET /session/6ecf2f0f48ba618e60b66eb014d87788/element/961C5032EB8BC7E7B8B1EB56DA071FB8_element_11/name HTTP/1.1
User-Agent: selenium/4.8.1 (java windows)
Cache-Control: no-cache
Content-Type: application/json; charset=utf-8
host: localhost:38422
accept: */*

Response DefaultHttpResponse(decodeResult: success, version: HTTP/1.1)
HTTP/1.1 200 OK
Content-Length: 18
Content-Type: application/json; charset=utf-8
cache-control: no-cache

19:20:43.349 [AsyncHttpClient-1-14] DEBUG org.asynchttpclient.netty.channel.ChannelManager - Adding key: http://localhost:38422 for channel [id: 0x7ea716b6, L:/127.0.0.1:60850 - R:localhost/127.0.0.1:38422]
19:20:43.350 [Forwarding getElementTagName on session 6ecf2f0f48ba618e60b66eb014d87788 to remote] DEBUG org.asynchttpclient.netty.request.NettyRequestSender - Using pooled Channel '[id: 0x7ea716b6, L:/127.0.0.1:60850 - R:localhost/127.0.0.1:38422]' for 'GET' to 'http://localhost:38422/session/6ecf2f0f48ba618e60b66eb014d87788/element/961C5032EB8BC7E7B8B1EB56DA071FB8_element_11/name'
19:20:43.350 [Forwarding getElementTagName on session 6ecf2f0f48ba618e60b66eb014d87788 to remote] DEBUG org.asynchttpclient.netty.request.NettyRequestSender - Using open Channel [id: 0x7ea716b6, L:/127.0.0.1:60850 - R:localhost/127.0.0.1:38422] for GET '/session/6ecf2f0f48ba618e60b66eb014d87788/element/961C5032EB8BC7E7B8B1EB56DA071FB8_element_11/name'
19:20:43.354 [AsyncHttpClient-1-14] DEBUG org.asynchttpclient.netty.handler.HttpHandler - 

Request DefaultFullHttpRequest(decodeResult: success, version: HTTP/1.1, content: EmptyByteBufBE)
GET /session/6ecf2f0f48ba618e60b66eb014d87788/element/961C5032EB8BC7E7B8B1EB56DA071FB8_element_11/name HTTP/1.1
User-Agent: selenium/4.8.1 (java windows)
Cache-Control: no-cache
Content-Type: application/json; charset=utf-8
host: localhost:38422
accept: */*

Response DefaultHttpResponse(decodeResult: success, version: HTTP/1.1)
HTTP/1.1 200 OK
Content-Length: 18
Content-Type: application/json; charset=utf-8
cache-control: no-cache

19:20:43.354 [AsyncHttpClient-1-14] DEBUG org.asynchttpclient.netty.channel.ChannelManager - Adding key: http://localhost:38422 for channel [id: 0x7ea716b6, L:/127.0.0.1:60850 - R:localhost/127.0.0.1:38422]
19:20:43.356 [Forwarding isElementEnabled on session 6ecf2f0f48ba618e60b66eb014d87788 to remote] DEBUG org.asynchttpclient.netty.request.NettyRequestSender - Using pooled Channel '[id: 0x7ea716b6, L:/127.0.0.1:60850 - R:localhost/127.0.0.1:38422]' for 'GET' to 'http://localhost:38422/session/6ecf2f0f48ba618e60b66eb014d87788/element/961C5032EB8BC7E7B8B1EB56DA071FB8_element_11/enabled'
19:20:43.356 [Forwarding isElementEnabled on session 6ecf2f0f48ba618e60b66eb014d87788 to remote] DEBUG org.asynchttpclient.netty.request.NettyRequestSender - Using open Channel [id: 0x7ea716b6, L:/127.0.0.1:60850 - R:localhost/127.0.0.1:38422] for GET '/session/6ecf2f0f48ba618e60b66eb014d87788/element/961C5032EB8BC7E7B8B1EB56DA071FB8_element_11/enabled'
19:20:43.363 [AsyncHttpClient-1-14] DEBUG org.asynchttpclient.netty.handler.HttpHandler - 

Request DefaultFullHttpRequest(decodeResult: success, version: HTTP/1.1, content: EmptyByteBufBE)
GET /session/6ecf2f0f48ba618e60b66eb014d87788/element/961C5032EB8BC7E7B8B1EB56DA071FB8_element_11/enabled HTTP/1.1
User-Agent: selenium/4.8.1 (java windows)
Cache-Control: no-cache
Content-Type: application/json; charset=utf-8
host: localhost:38422
accept: */*

Response DefaultHttpResponse(decodeResult: success, version: HTTP/1.1)
HTTP/1.1 200 OK
Content-Length: 14
Content-Type: application/json; charset=utf-8
cache-control: no-cache

19:20:43.363 [AsyncHttpClient-1-14] DEBUG org.asynchttpclient.netty.channel.ChannelManager - Adding key: http://localhost:38422 for channel [id: 0x7ea716b6, L:/127.0.0.1:60850 - R:localhost/127.0.0.1:38422]
19:20:43.365 [Forwarding isElementEnabled on session 6ecf2f0f48ba618e60b66eb014d87788 to remote] DEBUG org.asynchttpclient.netty.request.NettyRequestSender - Using pooled Channel '[id: 0x7ea716b6, L:/127.0.0.1:60850 - R:localhost/127.0.0.1:38422]' for 'GET' to 'http://localhost:38422/session/6ecf2f0f48ba618e60b66eb014d87788/element/961C5032EB8BC7E7B8B1EB56DA071FB8_element_11/enabled'
19:20:43.365 [Forwarding isElementEnabled on session 6ecf2f0f48ba618e60b66eb014d87788 to remote] DEBUG org.asynchttpclient.netty.request.NettyRequestSender - Using open Channel [id: 0x7ea716b6, L:/127.0.0.1:60850 - R:localhost/127.0.0.1:38422] for GET '/session/6ecf2f0f48ba618e60b66eb014d87788/element/961C5032EB8BC7E7B8B1EB56DA071FB8_element_11/enabled'
19:20:43.371 [AsyncHttpClient-1-14] DEBUG org.asynchttpclient.netty.handler.HttpHandler - 

Request DefaultFullHttpRequest(decodeResult: success, version: HTTP/1.1, content: EmptyByteBufBE)
GET /session/6ecf2f0f48ba618e60b66eb014d87788/element/961C5032EB8BC7E7B8B1EB56DA071FB8_element_11/enabled HTTP/1.1
User-Agent: selenium/4.8.1 (java windows)
Cache-Control: no-cache
Content-Type: application/json; charset=utf-8
host: localhost:38422
accept: */*

Response DefaultHttpResponse(decodeResult: success, version: HTTP/1.1)
HTTP/1.1 200 OK
Content-Length: 14
Content-Type: application/json; charset=utf-8
cache-control: no-cache

19:20:43.371 [AsyncHttpClient-1-14] DEBUG org.asynchttpclient.netty.channel.ChannelManager - Adding key: http://localhost:38422 for channel [id: 0x7ea716b6, L:/127.0.0.1:60850 - R:localhost/127.0.0.1:38422]
19:20:43.374 [Forwarding findElement on session 6ecf2f0f48ba618e60b66eb014d87788 to remote] DEBUG org.asynchttpclient.netty.request.NettyRequestSender - Using pooled Channel '[id: 0x7ea716b6, L:/127.0.0.1:60850 - R:localhost/127.0.0.1:38422]' for 'POST' to 'http://localhost:38422/session/6ecf2f0f48ba618e60b66eb014d87788/element'
19:20:43.374 [Forwarding findElement on session 6ecf2f0f48ba618e60b66eb014d87788 to remote] DEBUG org.asynchttpclient.netty.request.NettyRequestSender - Using open Channel [id: 0x7ea716b6, L:/127.0.0.1:60850 - R:localhost/127.0.0.1:38422] for POST '/session/6ecf2f0f48ba618e60b66eb014d87788/element'
19:20:43.382 [AsyncHttpClient-1-14] DEBUG org.asynchttpclient.netty.handler.HttpHandler - 

Request DefaultHttpRequest(decodeResult: success, version: HTTP/1.1)
POST /session/6ecf2f0f48ba618e60b66eb014d87788/element HTTP/1.1
User-Agent: selenium/4.8.1 (java windows)
Content-Length: 71
Content-Type: application/json; charset=utf-8
host: localhost:38422
accept: */*

Response DefaultHttpResponse(decodeResult: success, version: HTTP/1.1)
HTTP/1.1 200 OK
Content-Length: 95
Content-Type: application/json; charset=utf-8
cache-control: no-cache

19:20:43.382 [AsyncHttpClient-1-14] DEBUG org.asynchttpclient.netty.channel.ChannelManager - Adding key: http://localhost:38422 for channel [id: 0x7ea716b6, L:/127.0.0.1:60850 - R:localhost/127.0.0.1:38422]
19:20:43.383 [Forwarding clickElement on session 6ecf2f0f48ba618e60b66eb014d87788 to remote] DEBUG org.asynchttpclient.netty.request.NettyRequestSender - Using pooled Channel '[id: 0x7ea716b6, L:/127.0.0.1:60850 - R:localhost/127.0.0.1:38422]' for 'POST' to 'http://localhost:38422/session/6ecf2f0f48ba618e60b66eb014d87788/element/961C5032EB8BC7E7B8B1EB56DA071FB8_element_11/click'
19:20:43.383 [Forwarding clickElement on session 6ecf2f0f48ba618e60b66eb014d87788 to remote] DEBUG org.asynchttpclient.netty.request.NettyRequestSender - Using open Channel [id: 0x7ea716b6, L:/127.0.0.1:60850 - R:localhost/127.0.0.1:38422] for POST '/session/6ecf2f0f48ba618e60b66eb014d87788/element/961C5032EB8BC7E7B8B1EB56DA071FB8_element_11/click'
19:20:43.435 [AsyncHttpClient-1-14] DEBUG org.asynchttpclient.netty.handler.HttpHandler - 

Request DefaultHttpRequest(decodeResult: success, version: HTTP/1.1)
POST /session/6ecf2f0f48ba618e60b66eb014d87788/element/961C5032EB8BC7E7B8B1EB56DA071FB8_element_11/click HTTP/1.1
User-Agent: selenium/4.8.1 (java windows)
Content-Length: 57
Content-Type: application/json; charset=utf-8
host: localhost:38422
accept: */*

Response DefaultHttpResponse(decodeResult: success, version: HTTP/1.1)
HTTP/1.1 200 OK
Content-Length: 14
Content-Type: application/json; charset=utf-8
cache-control: no-cache

19:20:43.435 [AsyncHttpClient-1-14] DEBUG org.asynchttpclient.netty.channel.ChannelManager - Adding key: http://localhost:38422 for channel [id: 0x7ea716b6, L:/127.0.0.1:60850 - R:localhost/127.0.0.1:38422]
19:20:43.444 [Forwarding getAlertText on session 6ecf2f0f48ba618e60b66eb014d87788 to remote] DEBUG org.asynchttpclient.netty.request.NettyRequestSender - Using pooled Channel '[id: 0x7ea716b6, L:/127.0.0.1:60850 - R:localhost/127.0.0.1:38422]' for 'GET' to 'http://localhost:38422/session/6ecf2f0f48ba618e60b66eb014d87788/alert/text'
19:20:43.444 [Forwarding getAlertText on session 6ecf2f0f48ba618e60b66eb014d87788 to remote] DEBUG org.asynchttpclient.netty.request.NettyRequestSender - Using open Channel [id: 0x7ea716b6, L:/127.0.0.1:60850 - R:localhost/127.0.0.1:38422] for GET '/session/6ecf2f0f48ba618e60b66eb014d87788/alert/text'
19:20:43.446 [AsyncHttpClient-1-14] DEBUG org.asynchttpclient.netty.handler.HttpHandler - 

Request DefaultFullHttpRequest(decodeResult: success, version: HTTP/1.1, content: EmptyByteBufBE)
GET /session/6ecf2f0f48ba618e60b66eb014d87788/alert/text HTTP/1.1
User-Agent: selenium/4.8.1 (java windows)
Cache-Control: no-cache
Content-Type: application/json; charset=utf-8
host: localhost:38422
accept: */*

Response DefaultHttpResponse(decodeResult: success, version: HTTP/1.1)
HTTP/1.1 404 Not Found
Content-Length: 847
Content-Type: application/json; charset=utf-8
cache-control: no-cache

19:20:43.447 [AsyncHttpClient-1-14] DEBUG org.asynchttpclient.netty.channel.ChannelManager - Adding key: http://localhost:38422 for channel [id: 0x7ea716b6, L:/127.0.0.1:60850 - R:localhost/127.0.0.1:38422]
19:20:43.448 [Forwarding getCurrentUrl on session 6ecf2f0f48ba618e60b66eb014d87788 to remote] DEBUG org.asynchttpclient.netty.request.NettyRequestSender - Using pooled Channel '[id: 0x7ea716b6, L:/127.0.0.1:60850 - R:localhost/127.0.0.1:38422]' for 'GET' to 'http://localhost:38422/session/6ecf2f0f48ba618e60b66eb014d87788/url'
19:20:43.448 [Forwarding getCurrentUrl on session 6ecf2f0f48ba618e60b66eb014d87788 to remote] DEBUG org.asynchttpclient.netty.request.NettyRequestSender - Using open Channel [id: 0x7ea716b6, L:/127.0.0.1:60850 - R:localhost/127.0.0.1:38422] for GET '/session/6ecf2f0f48ba618e60b66eb014d87788/url'
19:20:43.457 [AsyncHttpClient-1-14] DEBUG org.asynchttpclient.netty.handler.HttpHandler - 

Request DefaultFullHttpRequest(decodeResult: success, version: HTTP/1.1, content: EmptyByteBufBE)
GET /session/6ecf2f0f48ba618e60b66eb014d87788/url HTTP/1.1
User-Agent: selenium/4.8.1 (java windows)
Cache-Control: no-cache
Content-Type: application/json; charset=utf-8
host: localhost:38422
accept: */*

Response DefaultHttpResponse(decodeResult: success, version: HTTP/1.1)
HTTP/1.1 200 OK
Content-Length: 54
Content-Type: application/json; charset=utf-8
cache-control: no-cache

19:20:43.457 [AsyncHttpClient-1-14] DEBUG org.asynchttpclient.netty.channel.ChannelManager - Adding key: http://localhost:38422 for channel [id: 0x7ea716b6, L:/127.0.0.1:60850 - R:localhost/127.0.0.1:38422]
19:20:43.458 [Forwarding screenshot on session 6ecf2f0f48ba618e60b66eb014d87788 to remote] DEBUG org.asynchttpclient.netty.request.NettyRequestSender - Using pooled Channel '[id: 0x7ea716b6, L:/127.0.0.1:60850 - R:localhost/127.0.0.1:38422]' for 'GET' to 'http://localhost:38422/session/6ecf2f0f48ba618e60b66eb014d87788/screenshot'
19:20:43.458 [Forwarding screenshot on session 6ecf2f0f48ba618e60b66eb014d87788 to remote] DEBUG org.asynchttpclient.netty.request.NettyRequestSender - Using open Channel [id: 0x7ea716b6, L:/127.0.0.1:60850 - R:localhost/127.0.0.1:38422] for GET '/session/6ecf2f0f48ba618e60b66eb014d87788/screenshot'
19:20:43.570 [AsyncHttpClient-1-14] DEBUG org.asynchttpclient.netty.handler.HttpHandler - 

Request DefaultFullHttpRequest(decodeResult: success, version: HTTP/1.1, content: EmptyByteBufBE)
GET /session/6ecf2f0f48ba618e60b66eb014d87788/screenshot HTTP/1.1
User-Agent: selenium/4.8.1 (java windows)
Cache-Control: no-cache
Content-Type: application/json; charset=utf-8
host: localhost:38422
accept: */*

Response DefaultHttpResponse(decodeResult: success, version: HTTP/1.1)
HTTP/1.1 200 OK
Content-Length: 48184
Content-Type: application/json; charset=utf-8
cache-control: no-cache

19:20:43.571 [AsyncHttpClient-1-14] DEBUG org.asynchttpclient.netty.channel.ChannelManager - Adding key: http://localhost:38422 for channel [id: 0x7ea716b6, L:/127.0.0.1:60850 - R:localhost/127.0.0.1:38422]
19:20:43.573 [main] DEBUG net.serenitybdd.core.photography.Darkroom - Send negative for processing for target\site\serenity\a16395840e1e2cf1197b877925b84a8d63a186d9606e7398a0f38dbafb5bda85.png
19:20:43.574 [main] DEBUG net.thucydides.core.steps.StepInterceptor - STEP DONE: ClickRegisterButton
  &amp#27;[32mWhen &amp#27;[0m&amp#27;[32mI click on the register button&amp#27;[0m       &amp#27;[90m# starter.stepdefinitions.RegisterSteps.ClickRegisterButton()&amp#27;[0m
19:20:43.574 [Darkroom Processing Line] DEBUG net.serenitybdd.core.photography.DarkroomProcessingLine - Processing screenshot image in /var/screenshots/screenshot-2324056791396282357
19:20:43.574 [Darkroom Processing Line] DEBUG net.serenitybdd.core.photography.DarkroomProcessingLine - Saving screenshot to target\site\serenity\a16395840e1e2cf1197b877925b84a8d63a186d9606e7398a0f38dbafb5bda85.png
19:20:43.586 [Forwarding getPageSource on session 6ecf2f0f48ba618e60b66eb014d87788 to remote] DEBUG org.asynchttpclient.netty.request.NettyRequestSender - Using pooled Channel '[id: 0x7ea716b6, L:/127.0.0.1:60850 - R:localhost/127.0.0.1:38422]' for 'POST' to 'http://localhost:38422/session/6ecf2f0f48ba618e60b66eb014d87788/execute/sync'
19:20:43.586 [Forwarding getPageSource on session 6ecf2f0f48ba618e60b66eb014d87788 to remote] DEBUG org.asynchttpclient.netty.request.NettyRequestSender - Using open Channel [id: 0x7ea716b6, L:/127.0.0.1:60850 - R:localhost/127.0.0.1:38422] for POST '/session/6ecf2f0f48ba618e60b66eb014d87788/execute/sync'
19:20:43.594 [AsyncHttpClient-1-14] DEBUG org.asynchttpclient.netty.handler.HttpHandler - 

Request DefaultHttpRequest(decodeResult: success, version: HTTP/1.1)
POST /session/6ecf2f0f48ba618e60b66eb014d87788/execute/sync HTTP/1.1
User-Agent: selenium/4.8.1 (java windows)
Content-Length: 176
Content-Type: application/json; charset=utf-8
host: localhost:38422
accept: */*

Response DefaultHttpResponse(decodeResult: success, version: HTTP/1.1)
HTTP/1.1 200 OK
Content-Length: 23265
Content-Type: application/json; charset=utf-8
cache-control: no-cache

19:20:43.594 [AsyncHttpClient-1-14] DEBUG org.asynchttpclient.netty.channel.ChannelManager - Adding key: http://localhost:38422 for channel [id: 0x7ea716b6, L:/127.0.0.1:60850 - R:localhost/127.0.0.1:38422]
19:20:43.596 [Forwarding getCurrentUrl on session 6ecf2f0f48ba618e60b66eb014d87788 to remote] DEBUG org.asynchttpclient.netty.request.NettyRequestSender - Using pooled Channel '[id: 0x7ea716b6, L:/127.0.0.1:60850 - R:localhost/127.0.0.1:38422]' for 'GET' to 'http://localhost:38422/session/6ecf2f0f48ba618e60b66eb014d87788/url'
19:20:43.597 [Forwarding getCurrentUrl on session 6ecf2f0f48ba618e60b66eb014d87788 to remote] DEBUG org.asynchttpclient.netty.request.NettyRequestSender - Using open Channel [id: 0x7ea716b6, L:/127.0.0.1:60850 - R:localhost/127.0.0.1:38422] for GET '/session/6ecf2f0f48ba618e60b66eb014d87788/url'
19:20:43.605 [AsyncHttpClient-1-14] DEBUG org.asynchttpclient.netty.handler.HttpHandler - 

Request DefaultFullHttpRequest(decodeResult: success, version: HTTP/1.1, content: EmptyByteBufBE)
GET /session/6ecf2f0f48ba618e60b66eb014d87788/url HTTP/1.1
User-Agent: selenium/4.8.1 (java windows)
Cache-Control: no-cache
Content-Type: application/json; charset=utf-8
host: localhost:38422
accept: */*

Response DefaultHttpResponse(decodeResult: success, version: HTTP/1.1)
HTTP/1.1 200 OK
Content-Length: 54
Content-Type: application/json; charset=utf-8
cache-control: no-cache

19:20:43.605 [AsyncHttpClient-1-14] DEBUG org.asynchttpclient.netty.channel.ChannelManager - Adding key: http://localhost:38422 for channel [id: 0x7ea716b6, L:/127.0.0.1:60850 - R:localhost/127.0.0.1:38422]
19:20:43.617 [Forwarding getPageSource on session 6ecf2f0f48ba618e60b66eb014d87788 to remote] DEBUG org.asynchttpclient.netty.request.NettyRequestSender - Using pooled Channel '[id: 0x7ea716b6, L:/127.0.0.1:60850 - R:localhost/127.0.0.1:38422]' for 'POST' to 'http://localhost:38422/session/6ecf2f0f48ba618e60b66eb014d87788/execute/sync'
19:20:43.617 [Forwarding getPageSource on session 6ecf2f0f48ba618e60b66eb014d87788 to remote] DEBUG org.asynchttpclient.netty.request.NettyRequestSender - Using open Channel [id: 0x7ea716b6, L:/127.0.0.1:60850 - R:localhost/127.0.0.1:38422] for POST '/session/6ecf2f0f48ba618e60b66eb014d87788/execute/sync'
19:20:43.628 [AsyncHttpClient-1-14] DEBUG org.asynchttpclient.netty.handler.HttpHandler - 

Request DefaultHttpRequest(decodeResult: success, version: HTTP/1.1)
POST /session/6ecf2f0f48ba618e60b66eb014d87788/execute/sync HTTP/1.1
User-Agent: selenium/4.8.1 (java windows)
Content-Length: 176
Content-Type: application/json; charset=utf-8
host: localhost:38422
accept: */*

Response DefaultHttpResponse(decodeResult: success, version: HTTP/1.1)
HTTP/1.1 200 OK
Content-Length: 23265
Content-Type: application/json; charset=utf-8
cache-control: no-cache

19:20:43.628 [AsyncHttpClient-1-14] DEBUG org.asynchttpclient.netty.channel.ChannelManager - Adding key: http://localhost:38422 for channel [id: 0x7ea716b6, L:/127.0.0.1:60850 - R:localhost/127.0.0.1:38422]
19:20:43.630 [Forwarding getCurrentUrl on session 6ecf2f0f48ba618e60b66eb014d87788 to remote] DEBUG org.asynchttpclient.netty.request.NettyRequestSender - Using pooled Channel '[id: 0x7ea716b6, L:/127.0.0.1:60850 - R:localhost/127.0.0.1:38422]' for 'GET' to 'http://localhost:38422/session/6ecf2f0f48ba618e60b66eb014d87788/url'
19:20:43.630 [Forwarding getCurrentUrl on session 6ecf2f0f48ba618e60b66eb014d87788 to remote] DEBUG org.asynchttpclient.netty.request.NettyRequestSender - Using open Channel [id: 0x7ea716b6, L:/127.0.0.1:60850 - R:localhost/127.0.0.1:38422] for GET '/session/6ecf2f0f48ba618e60b66eb014d87788/url'
19:20:43.633 [AsyncHttpClient-1-14] DEBUG org.asynchttpclient.netty.handler.HttpHandler - 

Request DefaultFullHttpRequest(decodeResult: success, version: HTTP/1.1, content: EmptyByteBufBE)
GET /session/6ecf2f0f48ba618e60b66eb014d87788/url HTTP/1.1
User-Agent: selenium/4.8.1 (java windows)
Cache-Control: no-cache
Content-Type: application/json; charset=utf-8
host: localhost:38422
accept: */*

Response DefaultHttpResponse(decodeResult: success, version: HTTP/1.1)
HTTP/1.1 200 OK
Content-Length: 54
Content-Type: application/json; charset=utf-8
cache-control: no-cache

19:20:43.634 [AsyncHttpClient-1-14] DEBUG org.asynchttpclient.netty.channel.ChannelManager - Adding key: http://localhost:38422 for channel [id: 0x7ea716b6, L:/127.0.0.1:60850 - R:localhost/127.0.0.1:38422]
19:20:43.636 [main] DEBUG net.thucydides.core.steps.StepInterceptor - STARTING STEP: LoginSteps.alertContent - incorrectAlert
19:20:43.638 [Forwarding findElement on session 6ecf2f0f48ba618e60b66eb014d87788 to remote] DEBUG org.asynchttpclient.netty.request.NettyRequestSender - Using pooled Channel '[id: 0x7ea716b6, L:/127.0.0.1:60850 - R:localhost/127.0.0.1:38422]' for 'POST' to 'http://localhost:38422/session/6ecf2f0f48ba618e60b66eb014d87788/element'
19:20:43.638 [Forwarding findElement on session 6ecf2f0f48ba618e60b66eb014d87788 to remote] DEBUG org.asynchttpclient.netty.request.NettyRequestSender - Using open Channel [id: 0x7ea716b6, L:/127.0.0.1:60850 - R:localhost/127.0.0.1:38422] for POST '/session/6ecf2f0f48ba618e60b66eb014d87788/element'
19:20:43.653 [AsyncHttpClient-1-14] DEBUG org.asynchttpclient.netty.handler.HttpHandler - 

Request DefaultHttpRequest(decodeResult: success, version: HTTP/1.1)
POST /session/6ecf2f0f48ba618e60b66eb014d87788/element HTTP/1.1
User-Agent: selenium/4.8.1 (java windows)
Content-Length: 54
Content-Type: application/json; charset=utf-8
host: localhost:38422
accept: */*

Response DefaultHttpResponse(decodeResult: success, version: HTTP/1.1)
HTTP/1.1 200 OK
Content-Length: 95
Content-Type: application/json; charset=utf-8
cache-control: no-cache

19:20:43.653 [AsyncHttpClient-1-14] DEBUG org.asynchttpclient.netty.channel.ChannelManager - Adding key: http://localhost:38422 for channel [id: 0x7ea716b6, L:/127.0.0.1:60850 - R:localhost/127.0.0.1:38422]
19:20:43.657 [Forwarding isElementDisplayed on session 6ecf2f0f48ba618e60b66eb014d87788 to remote] DEBUG org.asynchttpclient.netty.request.NettyRequestSender - Using pooled Channel '[id: 0x7ea716b6, L:/127.0.0.1:60850 - R:localhost/127.0.0.1:38422]' for 'POST' to 'http://localhost:38422/session/6ecf2f0f48ba618e60b66eb014d87788/execute/sync'
19:20:43.657 [Forwarding isElementDisplayed on session 6ecf2f0f48ba618e60b66eb014d87788 to remote] DEBUG org.asynchttpclient.netty.request.NettyRequestSender - Using open Channel [id: 0x7ea716b6, L:/127.0.0.1:60850 - R:localhost/127.0.0.1:38422] for POST '/session/6ecf2f0f48ba618e60b66eb014d87788/execute/sync'
19:20:43.674 [AsyncHttpClient-1-14] DEBUG org.asynchttpclient.netty.handler.HttpHandler - 

Request DefaultHttpRequest(decodeResult: success, version: HTTP/1.1)
POST /session/6ecf2f0f48ba618e60b66eb014d87788/execute/sync HTTP/1.1
User-Agent: selenium/4.8.1 (java windows)
Content-Length: 48814
Content-Type: application/json; charset=utf-8
host: localhost:38422
accept: */*

Response DefaultHttpResponse(decodeResult: success, version: HTTP/1.1)
HTTP/1.1 200 OK
Content-Length: 14
Content-Type: application/json; charset=utf-8
cache-control: no-cache

19:20:43.675 [AsyncHttpClient-1-14] DEBUG org.asynchttpclient.netty.channel.ChannelManager - Adding key: http://localhost:38422 for channel [id: 0x7ea716b6, L:/127.0.0.1:60850 - R:localhost/127.0.0.1:38422]
19:20:43.682 [Forwarding getAlertText on session 6ecf2f0f48ba618e60b66eb014d87788 to remote] DEBUG org.asynchttpclient.netty.request.NettyRequestSender - Using pooled Channel '[id: 0x7ea716b6, L:/127.0.0.1:60850 - R:localhost/127.0.0.1:38422]' for 'GET' to 'http://localhost:38422/session/6ecf2f0f48ba618e60b66eb014d87788/alert/text'
19:20:43.682 [Forwarding getAlertText on session 6ecf2f0f48ba618e60b66eb014d87788 to remote] DEBUG org.asynchttpclient.netty.request.NettyRequestSender - Using open Channel [id: 0x7ea716b6, L:/127.0.0.1:60850 - R:localhost/127.0.0.1:38422] for GET '/session/6ecf2f0f48ba618e60b66eb014d87788/alert/text'
19:20:43.683 [AsyncHttpClient-1-14] DEBUG org.asynchttpclient.netty.handler.HttpHandler - 

Request DefaultFullHttpRequest(decodeResult: success, version: HTTP/1.1, content: EmptyByteBufBE)
GET /session/6ecf2f0f48ba618e60b66eb014d87788/alert/text HTTP/1.1
User-Agent: selenium/4.8.1 (java windows)
Cache-Control: no-cache
Content-Type: application/json; charset=utf-8
host: localhost:38422
accept: */*

Response DefaultHttpResponse(decodeResult: success, version: HTTP/1.1)
HTTP/1.1 404 Not Found
Content-Length: 847
Content-Type: application/json; charset=utf-8
cache-control: no-cache

19:20:43.683 [AsyncHttpClient-1-14] DEBUG org.asynchttpclient.netty.channel.ChannelManager - Adding key: http://localhost:38422 for channel [id: 0x7ea716b6, L:/127.0.0.1:60850 - R:localhost/127.0.0.1:38422]
19:20:43.684 [Forwarding getCurrentUrl on session 6ecf2f0f48ba618e60b66eb014d87788 to remote] DEBUG org.asynchttpclient.netty.request.NettyRequestSender - Using pooled Channel '[id: 0x7ea716b6, L:/127.0.0.1:60850 - R:localhost/127.0.0.1:38422]' for 'GET' to 'http://localhost:38422/session/6ecf2f0f48ba618e60b66eb014d87788/url'
19:20:43.684 [Forwarding getCurrentUrl on session 6ecf2f0f48ba618e60b66eb014d87788 to remote] DEBUG org.asynchttpclient.netty.request.NettyRequestSender - Using open Channel [id: 0x7ea716b6, L:/127.0.0.1:60850 - R:localhost/127.0.0.1:38422] for GET '/session/6ecf2f0f48ba618e60b66eb014d87788/url'
19:20:43.689 [AsyncHttpClient-1-14] DEBUG org.asynchttpclient.netty.handler.HttpHandler - 

Request DefaultFullHttpRequest(decodeResult: success, version: HTTP/1.1, content: EmptyByteBufBE)
GET /session/6ecf2f0f48ba618e60b66eb014d87788/url HTTP/1.1
User-Agent: selenium/4.8.1 (java windows)
Cache-Control: no-cache
Content-Type: application/json; charset=utf-8
host: localhost:38422
accept: */*

Response DefaultHttpResponse(decodeResult: success, version: HTTP/1.1)
HTTP/1.1 200 OK
Content-Length: 54
Content-Type: application/json; charset=utf-8
cache-control: no-cache

19:20:43.689 [AsyncHttpClient-1-14] DEBUG org.asynchttpclient.netty.channel.ChannelManager - Adding key: http://localhost:38422 for channel [id: 0x7ea716b6, L:/127.0.0.1:60850 - R:localhost/127.0.0.1:38422]
19:20:43.690 [Forwarding screenshot on session 6ecf2f0f48ba618e60b66eb014d87788 to remote] DEBUG org.asynchttpclient.netty.request.NettyRequestSender - Using pooled Channel '[id: 0x7ea716b6, L:/127.0.0.1:60850 - R:localhost/127.0.0.1:38422]' for 'GET' to 'http://localhost:38422/session/6ecf2f0f48ba618e60b66eb014d87788/screenshot'
19:20:43.690 [Forwarding screenshot on session 6ecf2f0f48ba618e60b66eb014d87788 to remote] DEBUG org.asynchttpclient.netty.request.NettyRequestSender - Using open Channel [id: 0x7ea716b6, L:/127.0.0.1:60850 - R:localhost/127.0.0.1:38422] for GET '/session/6ecf2f0f48ba618e60b66eb014d87788/screenshot'
19:20:43.839 [AsyncHttpClient-1-14] DEBUG org.asynchttpclient.netty.handler.HttpHandler - 

Request DefaultFullHttpRequest(decodeResult: success, version: HTTP/1.1, content: EmptyByteBufBE)
GET /session/6ecf2f0f48ba618e60b66eb014d87788/screenshot HTTP/1.1
User-Agent: selenium/4.8.1 (java windows)
Cache-Control: no-cache
Content-Type: application/json; charset=utf-8
host: localhost:38422
accept: */*

Response DefaultHttpResponse(decodeResult: success, version: HTTP/1.1)
HTTP/1.1 200 OK
Content-Length: 49912
Content-Type: application/json; charset=utf-8
cache-control: no-cache

19:20:43.839 [AsyncHttpClient-1-14] DEBUG org.asynchttpclient.netty.channel.ChannelManager - Adding key: http://localhost:38422 for channel [id: 0x7ea716b6, L:/127.0.0.1:60850 - R:localhost/127.0.0.1:38422]
19:20:43.841 [main] DEBUG net.serenitybdd.core.photography.Darkroom - Send negative for processing for target\site\serenity\27829a523232ed3127a2a843bdadd79ea681f8ca407f5168057929720de31f65.png
19:20:43.842 [main] DEBUG net.thucydides.core.steps.StepInterceptor - STEP DONE: incorrectAlert
  &amp#27;[32mThen &amp#27;[0m&amp#27;[32mI should see the error message&amp#27;[0m       &amp#27;[90m# starter.stepdefinitions.LoginSteps.alertContent()&amp#27;[0m
19:20:43.842 [Darkroom Processing Line] DEBUG net.serenitybdd.core.photography.DarkroomProcessingLine - Processing screenshot image in /var/screenshots/screenshot-172512097598975568
19:20:43.842 [Darkroom Processing Line] DEBUG net.serenitybdd.core.photography.DarkroomProcessingLine - Saving screenshot to target\site\serenity\27829a523232ed3127a2a843bdadd79ea681f8ca407f5168057929720de31f65.png
19:20:43.851 [main] INFO  - 
  _____   ___   ___   _____     ___     _     ___   ___   ___   ___  
 |_   _| | __| / __| |_   _|   | _ \   /_\   / __| / __| | __| |   \ 
   | |   | _|  \__ \   | |     |  _/  / _ \  \__ \ \__ \ | _|  | |) |
   |_|   |___| |___/   |_|     |_|   /_/ \_\ |___/ |___/ |___| |___/ 

Register with existed email
----------------------------------------------------------------------
19:20:43.853 [AsyncHttpClient-1-16] DEBUG org.asynchttpclient.netty.handler.WebSocketHandler - Channel Closed: [id: 0x1edc9038, L:/127.0.0.1:60858 ! R:localhost/127.0.0.1:60851] with attribute NettyResponseFuture{currentRetry=0,
	isDone=1,
	isCancelled=0,
	asyncHandler=org.asynchttpclient.ws.WebSocketUpgradeHandler@cf9f281,
	nettyRequest=org.asynchttpclient.netty.request.NettyRequest@49fb6d7a,
	future=java.util.concurrent.CompletableFuture@433faba5[Completed normally],
	uri=ws://localhost:60851/devtools/browser/4dfd3b0b-ec61-4255-aeef-e0b059c4c981,
	keepAlive=true,
	redirectCount=0,
	timeoutsHolder=null,
	inAuth=0,
	touch=1683807640376}
19:20:43.853 [AsyncHttpClient-1-16] DEBUG org.asynchttpclient.netty.channel.ChannelManager - Closing Channel [id: 0x1edc9038, L:/127.0.0.1:60858 ! R:localhost/127.0.0.1:60851] 
19:20:43.858 [Driver Command Executor] DEBUG org.asynchttpclient.netty.request.NettyRequestSender - Using pooled Channel '[id: 0x7ea716b6, L:/127.0.0.1:60850 - R:localhost/127.0.0.1:38422]' for 'DELETE' to 'http://localhost:38422/session/6ecf2f0f48ba618e60b66eb014d87788'
19:20:43.859 [Driver Command Executor] DEBUG org.asynchttpclient.netty.request.NettyRequestSender - Using open Channel [id: 0x7ea716b6, L:/127.0.0.1:60850 - R:localhost/127.0.0.1:38422] for DELETE '/session/6ecf2f0f48ba618e60b66eb014d87788'
19:20:44.003 [AsyncHttpClient-1-1] DEBUG org.asynchttpclient.netty.channel.DefaultChannelPool - Entry count for : http://localhost:60851 : 1
19:20:44.164 [AsyncHttpClient-1-15] DEBUG org.asynchttpclient.netty.handler.HttpHandler - Unexpected I/O exception on channel [id: 0x0e9b265d, L:/127.0.0.1:60857 - R:localhost/127.0.0.1:60851]
java.net.SocketException: Connection reset
	at java.base/sun.nio.ch.SocketChannelImpl.throwConnectionReset(SocketChannelImpl.java:401)
	at java.base/sun.nio.ch.SocketChannelImpl.read(SocketChannelImpl.java:434)
	at io.netty.buffer.PooledByteBuf.setBytes(PooledByteBuf.java:259)
	at io.netty.buffer.AbstractByteBuf.writeBytes(AbstractByteBuf.java:1132)
	at io.netty.channel.socket.nio.NioSocketChannel.doReadBytes(NioSocketChannel.java:357)
	at io.netty.channel.nio.AbstractNioByteChannel$NioByteUnsafe.read(AbstractNioByteChannel.java:151)
	at io.netty.channel.nio.NioEventLoop.processSelectedKey(NioEventLoop.java:788)
	at io.netty.channel.nio.NioEventLoop.processSelectedKeysOptimized(NioEventLoop.java:724)
	at io.netty.channel.nio.NioEventLoop.processSelectedKeys(NioEventLoop.java:650)
	at io.netty.channel.nio.NioEventLoop.run(NioEventLoop.java:562)
	at io.netty.util.concurrent.SingleThreadEventExecutor$4.run(SingleThreadEventExecutor.java:997)
	at io.netty.util.internal.ThreadExecutorMap$2.run(ThreadExecutorMap.java:74)
	at io.netty.util.concurrent.FastThreadLocalRunnable.run(FastThreadLocalRunnable.java:30)
	at java.base/java.lang.Thread.run(Thread.java:1589)
19:20:44.164 [AsyncHttpClient-1-15] DEBUG org.asynchttpclient.netty.channel.ChannelManager - Closing Channel [id: 0x0e9b265d, L:/127.0.0.1:60857 - R:localhost/127.0.0.1:60851] 
19:20:44.165 [AsyncHttpClient-1-15] DEBUG org.asynchttpclient.netty.handler.HttpHandler - Channel Closed: [id: 0x0e9b265d, L:/127.0.0.1:60857 ! R:localhost/127.0.0.1:60851] with attribute DISCARD
19:20:44.199 [AsyncHttpClient-1-14] DEBUG org.asynchttpclient.netty.handler.HttpHandler - 

Request DefaultFullHttpRequest(decodeResult: success, version: HTTP/1.1, content: EmptyByteBufBE)
DELETE /session/6ecf2f0f48ba618e60b66eb014d87788 HTTP/1.1
User-Agent: selenium/4.8.1 (java windows)
Content-Type: application/json; charset=utf-8
host: localhost:38422
accept: */*

Response DefaultHttpResponse(decodeResult: success, version: HTTP/1.1)
HTTP/1.1 200 OK
Content-Length: 14
Content-Type: application/json; charset=utf-8
cache-control: no-cache

19:20:44.199 [AsyncHttpClient-1-14] DEBUG org.asynchttpclient.netty.channel.ChannelManager - Adding key: http://localhost:38422 for channel [id: 0x7ea716b6, L:/127.0.0.1:60850 - R:localhost/127.0.0.1:38422]
19:20:44.354 [AsyncHttpClient-1-14] DEBUG org.asynchttpclient.netty.handler.HttpHandler - Channel Closed: [id: 0x7ea716b6, L:/127.0.0.1:60850 ! R:localhost/127.0.0.1:38422] with attribute DISCARD
]]></system-out>
    <system-err><![CDATA[Starting ChromeDriver 113.0.5672.63 (0e1a4471d5ae5bf128b1bd8f4d627c8cbd55f70c-refs/branch-heads/5672@{#912}) on port 38422
Only local connections are allowed.
Please see https://chromedriver.chromium.org/security-considerations for suggestions on keeping ChromeDriver safe.
ChromeDriver was started successfully.
May 11, 2023 7:20:40 PM org.openqa.selenium.devtools.CdpVersionFinder findNearestMatch
WARNING: Unable to find an exact match for CDP version 113, so returning the closest version found: 110
]]></system-err>
  </testcase>
  <testcase name="Login with correct credentials" classname="Login to Alta-shop Account" time="4.139">
    <system-out><![CDATA[19:20:44.399 [main] DEBUG io.cucumber.core.plugin.SerenityReporter - Running feature from file:///C:/Users/Bunayya%20Zulfikar/3D%20Objects/alta_web_minpro_testcase/src/test/resources/features/2.%20Login.feature
19:20:44.402 [main] DEBUG net.thucydides.core.steps.StepEventBus - Test suite started for story net.thucydides.core.model.Story@dffa83ad
19:20:44.402 [main] INFO  - Test Suite Started: Login to Alta-shop Account

Scenario: Login with correct credentials                &amp#27;[90m# src/test/resources/features/2. Login.feature:7&amp#27;[0m
19:20:44.410 [main] DEBUG io.cucumber.core.plugin.SerenityReporter - Running feature from file:///C:/Users/Bunayya%20Zulfikar/3D%20Objects/alta_web_minpro_testcase/src/test/resources/features/2.%20Login.feature
19:20:44.412 [main] INFO  - 
  _____   ___   ___   _____     ___   _____     _     ___   _____   ___   ___  
 |_   _| | __| / __| |_   _|   / __| |_   _|   /_\   | _ \ |_   _| | __| |   \ 
   | |   | _|  \__ \   | |     \__ \   | |    / _ \  |   /   | |   | _|  | |) |
   |_|   |___| |___/   |_|     |___/   |_|   /_/ \_\ |_|_\   |_|   |___| |___/ 

Login with correct credentials(login-to-alta-shop-account;login-with-correct-credentials)
--------------------------------------------------------------------------------
19:20:44.437 [main] DEBUG net.thucydides.core.steps.StepInterceptor - STARTING STEP: LoginSteps.onTheLoginPage - openPage
19:20:44.510 [main] INFO net.serenitybdd.core.webdriver.driverproviders.ChromeDriverProvider - Starting Chrome driver instance with capabilities:
19:20:44.510 [main] INFO net.serenitybdd.core.webdriver.driverproviders.ChromeDriverProvider - Capabilities {acceptInsecureCerts: false, browserName: chrome, goog:chromeOptions: {args: [remote-allow-origins=*], extensions: []}}
19:20:44.587 [AsyncHttpClient-1-17] DEBUG org.asynchttpclient.netty.channel.NettyConnectListener - Using new Channel '[id: 0x835d5124, L:/127.0.0.1:60876 - R:localhost/127.0.0.1:9273]' for 'POST' to '/session'
19:20:45.096 [AsyncHttpClient-1-1] DEBUG org.asynchttpclient.netty.channel.DefaultChannelPool - Entry count for : http://localhost:38422 : 1
19:20:45.096 [AsyncHttpClient-1-1] DEBUG org.asynchttpclient.netty.channel.DefaultChannelPool - Entry count for : http://localhost:60851 : 1
19:20:45.096 [AsyncHttpClient-1-1] DEBUG org.asynchttpclient.netty.channel.DefaultChannelPool - Adding Candidate expired Channel [id: 0x7ea716b6, L:/127.0.0.1:60850 ! R:localhost/127.0.0.1:38422] isIdleTimeoutExpired=false isRemotelyClosed=true isTtlExpired=false
19:20:45.096 [AsyncHttpClient-1-1] DEBUG org.asynchttpclient.netty.channel.DefaultChannelPool - Closing Idle Channel [id: 0x7ea716b6, L:/127.0.0.1:60850 ! R:localhost/127.0.0.1:38422]
19:20:45.096 [AsyncHttpClient-1-1] DEBUG org.asynchttpclient.netty.channel.DefaultChannelPool - Adding Candidate expired Channel [id: 0x0e9b265d, L:/127.0.0.1:60857 ! R:localhost/127.0.0.1:60851] isIdleTimeoutExpired=false isRemotelyClosed=true isTtlExpired=false
19:20:45.096 [AsyncHttpClient-1-1] DEBUG org.asynchttpclient.netty.channel.DefaultChannelPool - Closing Idle Channel [id: 0x0e9b265d, L:/127.0.0.1:60857 ! R:localhost/127.0.0.1:60851]
19:20:45.096 [AsyncHttpClient-1-1] DEBUG org.asynchttpclient.netty.channel.DefaultChannelPool - Closed 2 connections out of 2 in 0 ms
19:20:45.364 [AsyncHttpClient-1-17] DEBUG org.asynchttpclient.netty.handler.HttpHandler - 

Request DefaultHttpRequest(decodeResult: success, version: HTTP/1.1)
POST /session HTTP/1.1
User-Agent: selenium/4.8.1 (java windows)
Content-Length: 507
Content-Type: application/json; charset=utf-8
host: localhost:9273
accept: */*

Response DefaultHttpResponse(decodeResult: success, version: HTTP/1.1)
HTTP/1.1 200 OK
Content-Length: 862
Content-Type: application/json; charset=utf-8
cache-control: no-cache

19:20:45.364 [AsyncHttpClient-1-17] DEBUG org.asynchttpclient.netty.channel.ChannelManager - Adding key: http://localhost:9273 for channel [id: 0x835d5124, L:/127.0.0.1:60876 - R:localhost/127.0.0.1:9273]
19:20:45.374 [AsyncHttpClient-1-18] DEBUG org.asynchttpclient.netty.channel.NettyConnectListener - Using new Channel '[id: 0x4de0df36, L:/127.0.0.1:60884 - R:localhost/127.0.0.1:60877]' for 'GET' to '/json/version'
19:20:45.377 [AsyncHttpClient-1-18] DEBUG org.asynchttpclient.netty.handler.HttpHandler - 

Request DefaultFullHttpRequest(decodeResult: success, version: HTTP/1.1, content: EmptyByteBufBE)
GET /json/version HTTP/1.1
User-Agent: selenium/4.8.1 (java windows)
host: localhost:60877
accept: */*

Response DefaultHttpResponse(decodeResult: success, version: HTTP/1.1)
HTTP/1.1 200 OK
Content-Security-Policy: frame-ancestors 'none'
Content-Length: 422
Content-Type: application/json; charset=UTF-8

19:20:45.377 [AsyncHttpClient-1-18] DEBUG org.asynchttpclient.netty.channel.ChannelManager - Adding key: http://localhost:60877 for channel [id: 0x4de0df36, L:/127.0.0.1:60884 - R:localhost/127.0.0.1:60877]
19:20:45.385 [AsyncHttpClient-1-19] DEBUG org.asynchttpclient.netty.channel.NettyConnectListener - Using new Channel '[id: 0x518fe81a, L:/127.0.0.1:60885 - R:localhost/127.0.0.1:60877]' for 'GET' to '/devtools/browser/b958e9eb-3b99-4e9d-ab39-582f29dbb14e'
19:20:45.387 [AsyncHttpClient-1-19] DEBUG org.asynchttpclient.netty.handler.WebSocketHandler - 

Request DefaultFullHttpRequest(decodeResult: success, version: HTTP/1.1, content: EmptyByteBufBE)
GET /devtools/browser/b958e9eb-3b99-4e9d-ab39-582f29dbb14e HTTP/1.1
upgrade: websocket
connection: upgrade
sec-websocket-key: Jo0JE/K4zMoS67ru+9/Ckg==
sec-websocket-version: 13
origin: http://localhost:60877
host: localhost:60877
accept: */*
user-agent: AHC/2.1

Response DefaultHttpResponse(decodeResult: success, version: HTTP/1.1)
HTTP/1.1 101 WebSocket Protocol Handshake
Upgrade: WebSocket
Connection: Upgrade
Sec-WebSocket-Accept: 1VawT42gT8KJEniQ+TGvqugMnww=

19:20:45.392 [Forwarding get on session 906941b0dc07b95bd80b3e8eb2eec6ed to remote] DEBUG org.asynchttpclient.netty.request.NettyRequestSender - Using pooled Channel '[id: 0x835d5124, L:/127.0.0.1:60876 - R:localhost/127.0.0.1:9273]' for 'POST' to 'http://localhost:9273/session/906941b0dc07b95bd80b3e8eb2eec6ed/url'
19:20:45.392 [Forwarding get on session 906941b0dc07b95bd80b3e8eb2eec6ed to remote] DEBUG org.asynchttpclient.netty.request.NettyRequestSender - Using open Channel [id: 0x835d5124, L:/127.0.0.1:60876 - R:localhost/127.0.0.1:9273] for POST '/session/906941b0dc07b95bd80b3e8eb2eec6ed/url'
19:20:46.079 [AsyncHttpClient-1-17] DEBUG org.asynchttpclient.netty.handler.HttpHandler - 

Request DefaultHttpRequest(decodeResult: success, version: HTTP/1.1)
POST /session/906941b0dc07b95bd80b3e8eb2eec6ed/url HTTP/1.1
User-Agent: selenium/4.8.1 (java windows)
Content-Length: 80
Content-Type: application/json; charset=utf-8
host: localhost:9273
accept: */*

Response DefaultHttpResponse(decodeResult: success, version: HTTP/1.1)
HTTP/1.1 200 OK
Content-Length: 14
Content-Type: application/json; charset=utf-8
cache-control: no-cache

19:20:46.080 [AsyncHttpClient-1-17] DEBUG org.asynchttpclient.netty.channel.ChannelManager - Adding key: http://localhost:9273 for channel [id: 0x835d5124, L:/127.0.0.1:60876 - R:localhost/127.0.0.1:9273]
19:20:46.080 [Forwarding setTimeout on session 906941b0dc07b95bd80b3e8eb2eec6ed to remote] DEBUG org.asynchttpclient.netty.request.NettyRequestSender - Using pooled Channel '[id: 0x835d5124, L:/127.0.0.1:60876 - R:localhost/127.0.0.1:9273]' for 'POST' to 'http://localhost:9273/session/906941b0dc07b95bd80b3e8eb2eec6ed/timeouts'
19:20:46.080 [Forwarding setTimeout on session 906941b0dc07b95bd80b3e8eb2eec6ed to remote] DEBUG org.asynchttpclient.netty.request.NettyRequestSender - Using open Channel [id: 0x835d5124, L:/127.0.0.1:60876 - R:localhost/127.0.0.1:9273] for POST '/session/906941b0dc07b95bd80b3e8eb2eec6ed/timeouts'
19:20:46.081 [AsyncHttpClient-1-17] DEBUG org.asynchttpclient.netty.handler.HttpHandler - 

Request DefaultHttpRequest(decodeResult: success, version: HTTP/1.1)
POST /session/906941b0dc07b95bd80b3e8eb2eec6ed/timeouts HTTP/1.1
User-Agent: selenium/4.8.1 (java windows)
Content-Length: 22
Content-Type: application/json; charset=utf-8
host: localhost:9273
accept: */*

Response DefaultHttpResponse(decodeResult: success, version: HTTP/1.1)
HTTP/1.1 200 OK
Content-Length: 14
Content-Type: application/json; charset=utf-8
cache-control: no-cache

19:20:46.081 [AsyncHttpClient-1-17] DEBUG org.asynchttpclient.netty.channel.ChannelManager - Adding key: http://localhost:9273 for channel [id: 0x835d5124, L:/127.0.0.1:60876 - R:localhost/127.0.0.1:9273]
19:20:46.087 [main] DEBUG net.serenitybdd.core.photography.Darkroom - Opening darkroom
19:20:46.087 [Darkroom Processing Line] DEBUG net.serenitybdd.core.photography.DarkroomProcessingLine - Darkroom processing line starting up
19:20:46.088 [Forwarding getAlertText on session 906941b0dc07b95bd80b3e8eb2eec6ed to remote] DEBUG org.asynchttpclient.netty.request.NettyRequestSender - Using pooled Channel '[id: 0x835d5124, L:/127.0.0.1:60876 - R:localhost/127.0.0.1:9273]' for 'GET' to 'http://localhost:9273/session/906941b0dc07b95bd80b3e8eb2eec6ed/alert/text'
19:20:46.088 [Forwarding getAlertText on session 906941b0dc07b95bd80b3e8eb2eec6ed to remote] DEBUG org.asynchttpclient.netty.request.NettyRequestSender - Using open Channel [id: 0x835d5124, L:/127.0.0.1:60876 - R:localhost/127.0.0.1:9273] for GET '/session/906941b0dc07b95bd80b3e8eb2eec6ed/alert/text'
19:20:46.089 [AsyncHttpClient-1-17] DEBUG org.asynchttpclient.netty.handler.HttpHandler - 

Request DefaultFullHttpRequest(decodeResult: success, version: HTTP/1.1, content: EmptyByteBufBE)
GET /session/906941b0dc07b95bd80b3e8eb2eec6ed/alert/text HTTP/1.1
User-Agent: selenium/4.8.1 (java windows)
Cache-Control: no-cache
Content-Type: application/json; charset=utf-8
host: localhost:9273
accept: */*

Response DefaultHttpResponse(decodeResult: success, version: HTTP/1.1)
HTTP/1.1 404 Not Found
Content-Length: 847
Content-Type: application/json; charset=utf-8
cache-control: no-cache

19:20:46.089 [AsyncHttpClient-1-17] DEBUG org.asynchttpclient.netty.channel.ChannelManager - Adding key: http://localhost:9273 for channel [id: 0x835d5124, L:/127.0.0.1:60876 - R:localhost/127.0.0.1:9273]
19:20:46.090 [Forwarding getCurrentUrl on session 906941b0dc07b95bd80b3e8eb2eec6ed to remote] DEBUG org.asynchttpclient.netty.request.NettyRequestSender - Using pooled Channel '[id: 0x835d5124, L:/127.0.0.1:60876 - R:localhost/127.0.0.1:9273]' for 'GET' to 'http://localhost:9273/session/906941b0dc07b95bd80b3e8eb2eec6ed/url'
19:20:46.090 [Forwarding getCurrentUrl on session 906941b0dc07b95bd80b3e8eb2eec6ed to remote] DEBUG org.asynchttpclient.netty.request.NettyRequestSender - Using open Channel [id: 0x835d5124, L:/127.0.0.1:60876 - R:localhost/127.0.0.1:9273] for GET '/session/906941b0dc07b95bd80b3e8eb2eec6ed/url'
19:20:46.095 [AsyncHttpClient-1-17] DEBUG org.asynchttpclient.netty.handler.HttpHandler - 

Request DefaultFullHttpRequest(decodeResult: success, version: HTTP/1.1, content: EmptyByteBufBE)
GET /session/906941b0dc07b95bd80b3e8eb2eec6ed/url HTTP/1.1
User-Agent: selenium/4.8.1 (java windows)
Cache-Control: no-cache
Content-Type: application/json; charset=utf-8
host: localhost:9273
accept: */*

Response DefaultHttpResponse(decodeResult: success, version: HTTP/1.1)
HTTP/1.1 200 OK
Content-Length: 52
Content-Type: application/json; charset=utf-8
cache-control: no-cache

19:20:46.095 [AsyncHttpClient-1-17] DEBUG org.asynchttpclient.netty.channel.ChannelManager - Adding key: http://localhost:9273 for channel [id: 0x835d5124, L:/127.0.0.1:60876 - R:localhost/127.0.0.1:9273]
19:20:46.096 [Forwarding screenshot on session 906941b0dc07b95bd80b3e8eb2eec6ed to remote] DEBUG org.asynchttpclient.netty.request.NettyRequestSender - Using pooled Channel '[id: 0x835d5124, L:/127.0.0.1:60876 - R:localhost/127.0.0.1:9273]' for 'GET' to 'http://localhost:9273/session/906941b0dc07b95bd80b3e8eb2eec6ed/screenshot'
19:20:46.096 [Forwarding screenshot on session 906941b0dc07b95bd80b3e8eb2eec6ed to remote] DEBUG org.asynchttpclient.netty.request.NettyRequestSender - Using open Channel [id: 0x835d5124, L:/127.0.0.1:60876 - R:localhost/127.0.0.1:9273] for GET '/session/906941b0dc07b95bd80b3e8eb2eec6ed/screenshot'
19:20:46.197 [AsyncHttpClient-1-1] DEBUG org.asynchttpclient.netty.channel.DefaultChannelPool - Entry count for : http://localhost:60877 : 1
19:20:46.405 [AsyncHttpClient-1-17] DEBUG org.asynchttpclient.netty.handler.HttpHandler - 

Request DefaultFullHttpRequest(decodeResult: success, version: HTTP/1.1, content: EmptyByteBufBE)
GET /session/906941b0dc07b95bd80b3e8eb2eec6ed/screenshot HTTP/1.1
User-Agent: selenium/4.8.1 (java windows)
Cache-Control: no-cache
Content-Type: application/json; charset=utf-8
host: localhost:9273
accept: */*

Response DefaultHttpResponse(decodeResult: success, version: HTTP/1.1)
HTTP/1.1 200 OK
Content-Length: 32168
Content-Type: application/json; charset=utf-8
cache-control: no-cache

19:20:46.405 [AsyncHttpClient-1-17] DEBUG org.asynchttpclient.netty.channel.ChannelManager - Adding key: http://localhost:9273 for channel [id: 0x835d5124, L:/127.0.0.1:60876 - R:localhost/127.0.0.1:9273]
19:20:46.407 [main] DEBUG net.serenitybdd.core.photography.Darkroom - Send negative for processing for target\site\serenity\d00787a84e57ae9818ec6333fe71d83a89fc0961433dfe7832481e3dca8fda29.png
19:20:46.407 [main] DEBUG net.thucydides.core.steps.StepInterceptor - STEP DONE: openPage
  &amp#27;[32mGiven &amp#27;[0m&amp#27;[32mI am on the alta-shop login page&amp#27;[0m                &amp#27;[90m# starter.stepdefinitions.LoginSteps.onTheLoginPage()&amp#27;[0m
19:20:46.419 [Forwarding getPageSource on session 906941b0dc07b95bd80b3e8eb2eec6ed to remote] DEBUG org.asynchttpclient.netty.request.NettyRequestSender - Using pooled Channel '[id: 0x835d5124, L:/127.0.0.1:60876 - R:localhost/127.0.0.1:9273]' for 'POST' to 'http://localhost:9273/session/906941b0dc07b95bd80b3e8eb2eec6ed/execute/sync'
19:20:46.419 [Forwarding getPageSource on session 906941b0dc07b95bd80b3e8eb2eec6ed to remote] DEBUG org.asynchttpclient.netty.request.NettyRequestSender - Using open Channel [id: 0x835d5124, L:/127.0.0.1:60876 - R:localhost/127.0.0.1:9273] for POST '/session/906941b0dc07b95bd80b3e8eb2eec6ed/execute/sync'
19:20:46.427 [AsyncHttpClient-1-17] DEBUG org.asynchttpclient.netty.handler.HttpHandler - 

Request DefaultHttpRequest(decodeResult: success, version: HTTP/1.1)
POST /session/906941b0dc07b95bd80b3e8eb2eec6ed/execute/sync HTTP/1.1
User-Agent: selenium/4.8.1 (java windows)
Content-Length: 176
Content-Type: application/json; charset=utf-8
host: localhost:9273
accept: */*

Response DefaultHttpResponse(decodeResult: success, version: HTTP/1.1)
HTTP/1.1 200 OK
Content-Length: 21659
Content-Type: application/json; charset=utf-8
cache-control: no-cache

19:20:46.427 [AsyncHttpClient-1-17] DEBUG org.asynchttpclient.netty.channel.ChannelManager - Adding key: http://localhost:9273 for channel [id: 0x835d5124, L:/127.0.0.1:60876 - R:localhost/127.0.0.1:9273]
19:20:46.429 [Forwarding getCurrentUrl on session 906941b0dc07b95bd80b3e8eb2eec6ed to remote] DEBUG org.asynchttpclient.netty.request.NettyRequestSender - Using pooled Channel '[id: 0x835d5124, L:/127.0.0.1:60876 - R:localhost/127.0.0.1:9273]' for 'GET' to 'http://localhost:9273/session/906941b0dc07b95bd80b3e8eb2eec6ed/url'
19:20:46.429 [Forwarding getCurrentUrl on session 906941b0dc07b95bd80b3e8eb2eec6ed to remote] DEBUG org.asynchttpclient.netty.request.NettyRequestSender - Using open Channel [id: 0x835d5124, L:/127.0.0.1:60876 - R:localhost/127.0.0.1:9273] for GET '/session/906941b0dc07b95bd80b3e8eb2eec6ed/url'
19:20:46.433 [AsyncHttpClient-1-17] DEBUG org.asynchttpclient.netty.handler.HttpHandler - 

Request DefaultFullHttpRequest(decodeResult: success, version: HTTP/1.1, content: EmptyByteBufBE)
GET /session/906941b0dc07b95bd80b3e8eb2eec6ed/url HTTP/1.1
User-Agent: selenium/4.8.1 (java windows)
Cache-Control: no-cache
Content-Type: application/json; charset=utf-8
host: localhost:9273
accept: */*

Response DefaultHttpResponse(decodeResult: success, version: HTTP/1.1)
HTTP/1.1 200 OK
Content-Length: 52
Content-Type: application/json; charset=utf-8
cache-control: no-cache

19:20:46.433 [AsyncHttpClient-1-17] DEBUG org.asynchttpclient.netty.channel.ChannelManager - Adding key: http://localhost:9273 for channel [id: 0x835d5124, L:/127.0.0.1:60876 - R:localhost/127.0.0.1:9273]
19:20:46.442 [Forwarding getPageSource on session 906941b0dc07b95bd80b3e8eb2eec6ed to remote] DEBUG org.asynchttpclient.netty.request.NettyRequestSender - Using pooled Channel '[id: 0x835d5124, L:/127.0.0.1:60876 - R:localhost/127.0.0.1:9273]' for 'POST' to 'http://localhost:9273/session/906941b0dc07b95bd80b3e8eb2eec6ed/execute/sync'
19:20:46.442 [Forwarding getPageSource on session 906941b0dc07b95bd80b3e8eb2eec6ed to remote] DEBUG org.asynchttpclient.netty.request.NettyRequestSender - Using open Channel [id: 0x835d5124, L:/127.0.0.1:60876 - R:localhost/127.0.0.1:9273] for POST '/session/906941b0dc07b95bd80b3e8eb2eec6ed/execute/sync'
19:20:46.446 [AsyncHttpClient-1-17] DEBUG org.asynchttpclient.netty.handler.HttpHandler - 

Request DefaultHttpRequest(decodeResult: success, version: HTTP/1.1)
POST /session/906941b0dc07b95bd80b3e8eb2eec6ed/execute/sync HTTP/1.1
User-Agent: selenium/4.8.1 (java windows)
Content-Length: 176
Content-Type: application/json; charset=utf-8
host: localhost:9273
accept: */*

Response DefaultHttpResponse(decodeResult: success, version: HTTP/1.1)
HTTP/1.1 200 OK
Content-Length: 21659
Content-Type: application/json; charset=utf-8
cache-control: no-cache

19:20:46.447 [AsyncHttpClient-1-17] DEBUG org.asynchttpclient.netty.channel.ChannelManager - Adding key: http://localhost:9273 for channel [id: 0x835d5124, L:/127.0.0.1:60876 - R:localhost/127.0.0.1:9273]
19:20:46.448 [Forwarding getCurrentUrl on session 906941b0dc07b95bd80b3e8eb2eec6ed to remote] DEBUG org.asynchttpclient.netty.request.NettyRequestSender - Using pooled Channel '[id: 0x835d5124, L:/127.0.0.1:60876 - R:localhost/127.0.0.1:9273]' for 'GET' to 'http://localhost:9273/session/906941b0dc07b95bd80b3e8eb2eec6ed/url'
19:20:46.448 [Forwarding getCurrentUrl on session 906941b0dc07b95bd80b3e8eb2eec6ed to remote] DEBUG org.asynchttpclient.netty.request.NettyRequestSender - Using open Channel [id: 0x835d5124, L:/127.0.0.1:60876 - R:localhost/127.0.0.1:9273] for GET '/session/906941b0dc07b95bd80b3e8eb2eec6ed/url'
19:20:46.454 [AsyncHttpClient-1-17] DEBUG org.asynchttpclient.netty.handler.HttpHandler - 

Request DefaultFullHttpRequest(decodeResult: success, version: HTTP/1.1, content: EmptyByteBufBE)
GET /session/906941b0dc07b95bd80b3e8eb2eec6ed/url HTTP/1.1
User-Agent: selenium/4.8.1 (java windows)
Cache-Control: no-cache
Content-Type: application/json; charset=utf-8
host: localhost:9273
accept: */*

Response DefaultHttpResponse(decodeResult: success, version: HTTP/1.1)
HTTP/1.1 200 OK
Content-Length: 52
Content-Type: application/json; charset=utf-8
cache-control: no-cache

19:20:46.454 [AsyncHttpClient-1-17] DEBUG org.asynchttpclient.netty.channel.ChannelManager - Adding key: http://localhost:9273 for channel [id: 0x835d5124, L:/127.0.0.1:60876 - R:localhost/127.0.0.1:9273]
19:20:46.456 [main] DEBUG net.thucydides.core.steps.StepInterceptor - STARTING STEP: LoginSteps.inputEmail - inputEmail
19:20:46.458 [Forwarding findElement on session 906941b0dc07b95bd80b3e8eb2eec6ed to remote] DEBUG org.asynchttpclient.netty.request.NettyRequestSender - Using pooled Channel '[id: 0x835d5124, L:/127.0.0.1:60876 - R:localhost/127.0.0.1:9273]' for 'POST' to 'http://localhost:9273/session/906941b0dc07b95bd80b3e8eb2eec6ed/element'
19:20:46.458 [Forwarding findElement on session 906941b0dc07b95bd80b3e8eb2eec6ed to remote] DEBUG org.asynchttpclient.netty.request.NettyRequestSender - Using open Channel [id: 0x835d5124, L:/127.0.0.1:60876 - R:localhost/127.0.0.1:9273] for POST '/session/906941b0dc07b95bd80b3e8eb2eec6ed/element'
19:20:46.473 [AsyncHttpClient-1-17] DEBUG org.asynchttpclient.netty.handler.HttpHandler - 

Request DefaultHttpRequest(decodeResult: success, version: HTTP/1.1)
POST /session/906941b0dc07b95bd80b3e8eb2eec6ed/element HTTP/1.1
User-Agent: selenium/4.8.1 (java windows)
Content-Length: 55
Content-Type: application/json; charset=utf-8
host: localhost:9273
accept: */*

Response DefaultHttpResponse(decodeResult: success, version: HTTP/1.1)
HTTP/1.1 200 OK
Content-Length: 94
Content-Type: application/json; charset=utf-8
cache-control: no-cache

19:20:46.473 [AsyncHttpClient-1-17] DEBUG org.asynchttpclient.netty.channel.ChannelManager - Adding key: http://localhost:9273 for channel [id: 0x835d5124, L:/127.0.0.1:60876 - R:localhost/127.0.0.1:9273]
19:20:46.474 [Forwarding clearElement on session 906941b0dc07b95bd80b3e8eb2eec6ed to remote] DEBUG org.asynchttpclient.netty.request.NettyRequestSender - Using pooled Channel '[id: 0x835d5124, L:/127.0.0.1:60876 - R:localhost/127.0.0.1:9273]' for 'POST' to 'http://localhost:9273/session/906941b0dc07b95bd80b3e8eb2eec6ed/element/53996245CD960540EE5F0ACE1C633DA0_element_5/clear'
19:20:46.474 [Forwarding clearElement on session 906941b0dc07b95bd80b3e8eb2eec6ed to remote] DEBUG org.asynchttpclient.netty.request.NettyRequestSender - Using open Channel [id: 0x835d5124, L:/127.0.0.1:60876 - R:localhost/127.0.0.1:9273] for POST '/session/906941b0dc07b95bd80b3e8eb2eec6ed/element/53996245CD960540EE5F0ACE1C633DA0_element_5/clear'
19:20:46.512 [AsyncHttpClient-1-17] DEBUG org.asynchttpclient.netty.handler.HttpHandler - 

Request DefaultHttpRequest(decodeResult: success, version: HTTP/1.1)
POST /session/906941b0dc07b95bd80b3e8eb2eec6ed/element/53996245CD960540EE5F0ACE1C633DA0_element_5/clear HTTP/1.1
User-Agent: selenium/4.8.1 (java windows)
Content-Length: 56
Content-Type: application/json; charset=utf-8
host: localhost:9273
accept: */*

Response DefaultHttpResponse(decodeResult: success, version: HTTP/1.1)
HTTP/1.1 200 OK
Content-Length: 14
Content-Type: application/json; charset=utf-8
cache-control: no-cache

19:20:46.512 [AsyncHttpClient-1-17] DEBUG org.asynchttpclient.netty.channel.ChannelManager - Adding key: http://localhost:9273 for channel [id: 0x835d5124, L:/127.0.0.1:60876 - R:localhost/127.0.0.1:9273]
19:20:46.513 [Forwarding sendKeysToElement on session 906941b0dc07b95bd80b3e8eb2eec6ed to remote] DEBUG org.asynchttpclient.netty.request.NettyRequestSender - Using pooled Channel '[id: 0x835d5124, L:/127.0.0.1:60876 - R:localhost/127.0.0.1:9273]' for 'POST' to 'http://localhost:9273/session/906941b0dc07b95bd80b3e8eb2eec6ed/element/53996245CD960540EE5F0ACE1C633DA0_element_5/value'
19:20:46.513 [Forwarding sendKeysToElement on session 906941b0dc07b95bd80b3e8eb2eec6ed to remote] DEBUG org.asynchttpclient.netty.request.NettyRequestSender - Using open Channel [id: 0x835d5124, L:/127.0.0.1:60876 - R:localhost/127.0.0.1:9273] for POST '/session/906941b0dc07b95bd80b3e8eb2eec6ed/element/53996245CD960540EE5F0ACE1C633DA0_element_5/value'
19:20:46.645 [AsyncHttpClient-1-17] DEBUG org.asynchttpclient.netty.handler.HttpHandler - 

Request DefaultHttpRequest(decodeResult: success, version: HTTP/1.1)
POST /session/906941b0dc07b95bd80b3e8eb2eec6ed/element/53996245CD960540EE5F0ACE1C633DA0_element_5/value HTTP/1.1
User-Agent: selenium/4.8.1 (java windows)
Content-Length: 247
Content-Type: application/json; charset=utf-8
host: localhost:9273
accept: */*

Response DefaultHttpResponse(decodeResult: success, version: HTTP/1.1)
HTTP/1.1 200 OK
Content-Length: 14
Content-Type: application/json; charset=utf-8
cache-control: no-cache

19:20:46.645 [AsyncHttpClient-1-17] DEBUG org.asynchttpclient.netty.channel.ChannelManager - Adding key: http://localhost:9273 for channel [id: 0x835d5124, L:/127.0.0.1:60876 - R:localhost/127.0.0.1:9273]
19:20:46.655 [Forwarding getAlertText on session 906941b0dc07b95bd80b3e8eb2eec6ed to remote] DEBUG org.asynchttpclient.netty.request.NettyRequestSender - Using pooled Channel '[id: 0x835d5124, L:/127.0.0.1:60876 - R:localhost/127.0.0.1:9273]' for 'GET' to 'http://localhost:9273/session/906941b0dc07b95bd80b3e8eb2eec6ed/alert/text'
19:20:46.655 [Forwarding getAlertText on session 906941b0dc07b95bd80b3e8eb2eec6ed to remote] DEBUG org.asynchttpclient.netty.request.NettyRequestSender - Using open Channel [id: 0x835d5124, L:/127.0.0.1:60876 - R:localhost/127.0.0.1:9273] for GET '/session/906941b0dc07b95bd80b3e8eb2eec6ed/alert/text'
19:20:46.656 [AsyncHttpClient-1-17] DEBUG org.asynchttpclient.netty.handler.HttpHandler - 

Request DefaultFullHttpRequest(decodeResult: success, version: HTTP/1.1, content: EmptyByteBufBE)
GET /session/906941b0dc07b95bd80b3e8eb2eec6ed/alert/text HTTP/1.1
User-Agent: selenium/4.8.1 (java windows)
Cache-Control: no-cache
Content-Type: application/json; charset=utf-8
host: localhost:9273
accept: */*

Response DefaultHttpResponse(decodeResult: success, version: HTTP/1.1)
HTTP/1.1 404 Not Found
Content-Length: 847
Content-Type: application/json; charset=utf-8
cache-control: no-cache

19:20:46.656 [AsyncHttpClient-1-17] DEBUG org.asynchttpclient.netty.channel.ChannelManager - Adding key: http://localhost:9273 for channel [id: 0x835d5124, L:/127.0.0.1:60876 - R:localhost/127.0.0.1:9273]
19:20:46.657 [Forwarding getCurrentUrl on session 906941b0dc07b95bd80b3e8eb2eec6ed to remote] DEBUG org.asynchttpclient.netty.request.NettyRequestSender - Using pooled Channel '[id: 0x835d5124, L:/127.0.0.1:60876 - R:localhost/127.0.0.1:9273]' for 'GET' to 'http://localhost:9273/session/906941b0dc07b95bd80b3e8eb2eec6ed/url'
19:20:46.657 [Forwarding getCurrentUrl on session 906941b0dc07b95bd80b3e8eb2eec6ed to remote] DEBUG org.asynchttpclient.netty.request.NettyRequestSender - Using open Channel [id: 0x835d5124, L:/127.0.0.1:60876 - R:localhost/127.0.0.1:9273] for GET '/session/906941b0dc07b95bd80b3e8eb2eec6ed/url'
19:20:46.662 [AsyncHttpClient-1-17] DEBUG org.asynchttpclient.netty.handler.HttpHandler - 

Request DefaultFullHttpRequest(decodeResult: success, version: HTTP/1.1, content: EmptyByteBufBE)
GET /session/906941b0dc07b95bd80b3e8eb2eec6ed/url HTTP/1.1
User-Agent: selenium/4.8.1 (java windows)
Cache-Control: no-cache
Content-Type: application/json; charset=utf-8
host: localhost:9273
accept: */*

Response DefaultHttpResponse(decodeResult: success, version: HTTP/1.1)
HTTP/1.1 200 OK
Content-Length: 52
Content-Type: application/json; charset=utf-8
cache-control: no-cache

19:20:46.662 [AsyncHttpClient-1-17] DEBUG org.asynchttpclient.netty.channel.ChannelManager - Adding key: http://localhost:9273 for channel [id: 0x835d5124, L:/127.0.0.1:60876 - R:localhost/127.0.0.1:9273]
19:20:46.664 [Forwarding screenshot on session 906941b0dc07b95bd80b3e8eb2eec6ed to remote] DEBUG org.asynchttpclient.netty.request.NettyRequestSender - Using pooled Channel '[id: 0x835d5124, L:/127.0.0.1:60876 - R:localhost/127.0.0.1:9273]' for 'GET' to 'http://localhost:9273/session/906941b0dc07b95bd80b3e8eb2eec6ed/screenshot'
19:20:46.664 [Forwarding screenshot on session 906941b0dc07b95bd80b3e8eb2eec6ed to remote] DEBUG org.asynchttpclient.netty.request.NettyRequestSender - Using open Channel [id: 0x835d5124, L:/127.0.0.1:60876 - R:localhost/127.0.0.1:9273] for GET '/session/906941b0dc07b95bd80b3e8eb2eec6ed/screenshot'
19:20:46.786 [AsyncHttpClient-1-17] DEBUG org.asynchttpclient.netty.handler.HttpHandler - 

Request DefaultFullHttpRequest(decodeResult: success, version: HTTP/1.1, content: EmptyByteBufBE)
GET /session/906941b0dc07b95bd80b3e8eb2eec6ed/screenshot HTTP/1.1
User-Agent: selenium/4.8.1 (java windows)
Cache-Control: no-cache
Content-Type: application/json; charset=utf-8
host: localhost:9273
accept: */*

Response DefaultHttpResponse(decodeResult: success, version: HTTP/1.1)
HTTP/1.1 200 OK
Content-Length: 37512
Content-Type: application/json; charset=utf-8
cache-control: no-cache

19:20:46.786 [AsyncHttpClient-1-17] DEBUG org.asynchttpclient.netty.channel.ChannelManager - Adding key: http://localhost:9273 for channel [id: 0x835d5124, L:/127.0.0.1:60876 - R:localhost/127.0.0.1:9273]
19:20:46.789 [main] DEBUG net.serenitybdd.core.photography.Darkroom - Send negative for processing for target\site\serenity\128ca5677d98d3963b8c643fdc17c58ad6bf8d5c6fb44af53c18ba9f0ab39323.png
19:20:46.789 [main] DEBUG net.thucydides.core.steps.StepInterceptor - STEP DONE: inputEmail
19:20:46.789 [Darkroom Processing Line] DEBUG net.serenitybdd.core.photography.DarkroomProcessingLine - Processing screenshot image in /var/screenshots/screenshot-5073563496772506216
19:20:46.789 [Darkroom Processing Line] DEBUG net.serenitybdd.core.photography.DarkroomProcessingLine - Saving screenshot to target\site\serenity\128ca5677d98d3963b8c643fdc17c58ad6bf8d5c6fb44af53c18ba9f0ab39323.png
  &amp#27;[32mAnd &amp#27;[0m&amp#27;[32mI enter correct email&amp#27;[0m                             &amp#27;[90m# starter.stepdefinitions.LoginSteps.inputEmail()&amp#27;[0m
19:20:46.799 [Forwarding getPageSource on session 906941b0dc07b95bd80b3e8eb2eec6ed to remote] DEBUG org.asynchttpclient.netty.request.NettyRequestSender - Using pooled Channel '[id: 0x835d5124, L:/127.0.0.1:60876 - R:localhost/127.0.0.1:9273]' for 'POST' to 'http://localhost:9273/session/906941b0dc07b95bd80b3e8eb2eec6ed/execute/sync'
19:20:46.799 [Forwarding getPageSource on session 906941b0dc07b95bd80b3e8eb2eec6ed to remote] DEBUG org.asynchttpclient.netty.request.NettyRequestSender - Using open Channel [id: 0x835d5124, L:/127.0.0.1:60876 - R:localhost/127.0.0.1:9273] for POST '/session/906941b0dc07b95bd80b3e8eb2eec6ed/execute/sync'
19:20:46.806 [AsyncHttpClient-1-17] DEBUG org.asynchttpclient.netty.handler.HttpHandler - 

Request DefaultHttpRequest(decodeResult: success, version: HTTP/1.1)
POST /session/906941b0dc07b95bd80b3e8eb2eec6ed/execute/sync HTTP/1.1
User-Agent: selenium/4.8.1 (java windows)
Content-Length: 176
Content-Type: application/json; charset=utf-8
host: localhost:9273
accept: */*

Response DefaultHttpResponse(decodeResult: success, version: HTTP/1.1)
HTTP/1.1 200 OK
Content-Length: 21780
Content-Type: application/json; charset=utf-8
cache-control: no-cache

19:20:46.806 [AsyncHttpClient-1-17] DEBUG org.asynchttpclient.netty.channel.ChannelManager - Adding key: http://localhost:9273 for channel [id: 0x835d5124, L:/127.0.0.1:60876 - R:localhost/127.0.0.1:9273]
19:20:46.808 [Forwarding getCurrentUrl on session 906941b0dc07b95bd80b3e8eb2eec6ed to remote] DEBUG org.asynchttpclient.netty.request.NettyRequestSender - Using pooled Channel '[id: 0x835d5124, L:/127.0.0.1:60876 - R:localhost/127.0.0.1:9273]' for 'GET' to 'http://localhost:9273/session/906941b0dc07b95bd80b3e8eb2eec6ed/url'
19:20:46.808 [Forwarding getCurrentUrl on session 906941b0dc07b95bd80b3e8eb2eec6ed to remote] DEBUG org.asynchttpclient.netty.request.NettyRequestSender - Using open Channel [id: 0x835d5124, L:/127.0.0.1:60876 - R:localhost/127.0.0.1:9273] for GET '/session/906941b0dc07b95bd80b3e8eb2eec6ed/url'
19:20:46.816 [AsyncHttpClient-1-17] DEBUG org.asynchttpclient.netty.handler.HttpHandler - 

Request DefaultFullHttpRequest(decodeResult: success, version: HTTP/1.1, content: EmptyByteBufBE)
GET /session/906941b0dc07b95bd80b3e8eb2eec6ed/url HTTP/1.1
User-Agent: selenium/4.8.1 (java windows)
Cache-Control: no-cache
Content-Type: application/json; charset=utf-8
host: localhost:9273
accept: */*

Response DefaultHttpResponse(decodeResult: success, version: HTTP/1.1)
HTTP/1.1 200 OK
Content-Length: 52
Content-Type: application/json; charset=utf-8
cache-control: no-cache

19:20:46.816 [AsyncHttpClient-1-17] DEBUG org.asynchttpclient.netty.channel.ChannelManager - Adding key: http://localhost:9273 for channel [id: 0x835d5124, L:/127.0.0.1:60876 - R:localhost/127.0.0.1:9273]
19:20:46.830 [Forwarding getPageSource on session 906941b0dc07b95bd80b3e8eb2eec6ed to remote] DEBUG org.asynchttpclient.netty.request.NettyRequestSender - Using pooled Channel '[id: 0x835d5124, L:/127.0.0.1:60876 - R:localhost/127.0.0.1:9273]' for 'POST' to 'http://localhost:9273/session/906941b0dc07b95bd80b3e8eb2eec6ed/execute/sync'
19:20:46.830 [Forwarding getPageSource on session 906941b0dc07b95bd80b3e8eb2eec6ed to remote] DEBUG org.asynchttpclient.netty.request.NettyRequestSender - Using open Channel [id: 0x835d5124, L:/127.0.0.1:60876 - R:localhost/127.0.0.1:9273] for POST '/session/906941b0dc07b95bd80b3e8eb2eec6ed/execute/sync'
19:20:46.843 [AsyncHttpClient-1-17] DEBUG org.asynchttpclient.netty.handler.HttpHandler - 

Request DefaultHttpRequest(decodeResult: success, version: HTTP/1.1)
POST /session/906941b0dc07b95bd80b3e8eb2eec6ed/execute/sync HTTP/1.1
User-Agent: selenium/4.8.1 (java windows)
Content-Length: 176
Content-Type: application/json; charset=utf-8
host: localhost:9273
accept: */*

Response DefaultHttpResponse(decodeResult: success, version: HTTP/1.1)
HTTP/1.1 200 OK
Content-Length: 21780
Content-Type: application/json; charset=utf-8
cache-control: no-cache

19:20:46.843 [AsyncHttpClient-1-17] DEBUG org.asynchttpclient.netty.channel.ChannelManager - Adding key: http://localhost:9273 for channel [id: 0x835d5124, L:/127.0.0.1:60876 - R:localhost/127.0.0.1:9273]
19:20:46.847 [Forwarding getCurrentUrl on session 906941b0dc07b95bd80b3e8eb2eec6ed to remote] DEBUG org.asynchttpclient.netty.request.NettyRequestSender - Using pooled Channel '[id: 0x835d5124, L:/127.0.0.1:60876 - R:localhost/127.0.0.1:9273]' for 'GET' to 'http://localhost:9273/session/906941b0dc07b95bd80b3e8eb2eec6ed/url'
19:20:46.847 [Forwarding getCurrentUrl on session 906941b0dc07b95bd80b3e8eb2eec6ed to remote] DEBUG org.asynchttpclient.netty.request.NettyRequestSender - Using open Channel [id: 0x835d5124, L:/127.0.0.1:60876 - R:localhost/127.0.0.1:9273] for GET '/session/906941b0dc07b95bd80b3e8eb2eec6ed/url'
19:20:46.866 [AsyncHttpClient-1-17] DEBUG org.asynchttpclient.netty.handler.HttpHandler - 

Request DefaultFullHttpRequest(decodeResult: success, version: HTTP/1.1, content: EmptyByteBufBE)
GET /session/906941b0dc07b95bd80b3e8eb2eec6ed/url HTTP/1.1
User-Agent: selenium/4.8.1 (java windows)
Cache-Control: no-cache
Content-Type: application/json; charset=utf-8
host: localhost:9273
accept: */*

Response DefaultHttpResponse(decodeResult: success, version: HTTP/1.1)
HTTP/1.1 200 OK
Content-Length: 52
Content-Type: application/json; charset=utf-8
cache-control: no-cache

19:20:46.866 [AsyncHttpClient-1-17] DEBUG org.asynchttpclient.netty.channel.ChannelManager - Adding key: http://localhost:9273 for channel [id: 0x835d5124, L:/127.0.0.1:60876 - R:localhost/127.0.0.1:9273]
19:20:46.869 [main] DEBUG net.thucydides.core.steps.StepInterceptor - STARTING STEP: LoginSteps.inputPassword - inputPassword
19:20:46.873 [Forwarding findElement on session 906941b0dc07b95bd80b3e8eb2eec6ed to remote] DEBUG org.asynchttpclient.netty.request.NettyRequestSender - Using pooled Channel '[id: 0x835d5124, L:/127.0.0.1:60876 - R:localhost/127.0.0.1:9273]' for 'POST' to 'http://localhost:9273/session/906941b0dc07b95bd80b3e8eb2eec6ed/element'
19:20:46.873 [Forwarding findElement on session 906941b0dc07b95bd80b3e8eb2eec6ed to remote] DEBUG org.asynchttpclient.netty.request.NettyRequestSender - Using open Channel [id: 0x835d5124, L:/127.0.0.1:60876 - R:localhost/127.0.0.1:9273] for POST '/session/906941b0dc07b95bd80b3e8eb2eec6ed/element'
19:20:46.903 [AsyncHttpClient-1-17] DEBUG org.asynchttpclient.netty.handler.HttpHandler - 

Request DefaultHttpRequest(decodeResult: success, version: HTTP/1.1)
POST /session/906941b0dc07b95bd80b3e8eb2eec6ed/element HTTP/1.1
User-Agent: selenium/4.8.1 (java windows)
Content-Length: 55
Content-Type: application/json; charset=utf-8
host: localhost:9273
accept: */*

Response DefaultHttpResponse(decodeResult: success, version: HTTP/1.1)
HTTP/1.1 200 OK
Content-Length: 94
Content-Type: application/json; charset=utf-8
cache-control: no-cache

19:20:46.903 [AsyncHttpClient-1-17] DEBUG org.asynchttpclient.netty.channel.ChannelManager - Adding key: http://localhost:9273 for channel [id: 0x835d5124, L:/127.0.0.1:60876 - R:localhost/127.0.0.1:9273]
19:20:46.905 [Forwarding clearElement on session 906941b0dc07b95bd80b3e8eb2eec6ed to remote] DEBUG org.asynchttpclient.netty.request.NettyRequestSender - Using pooled Channel '[id: 0x835d5124, L:/127.0.0.1:60876 - R:localhost/127.0.0.1:9273]' for 'POST' to 'http://localhost:9273/session/906941b0dc07b95bd80b3e8eb2eec6ed/element/53996245CD960540EE5F0ACE1C633DA0_element_7/clear'
19:20:46.905 [Forwarding clearElement on session 906941b0dc07b95bd80b3e8eb2eec6ed to remote] DEBUG org.asynchttpclient.netty.request.NettyRequestSender - Using open Channel [id: 0x835d5124, L:/127.0.0.1:60876 - R:localhost/127.0.0.1:9273] for POST '/session/906941b0dc07b95bd80b3e8eb2eec6ed/element/53996245CD960540EE5F0ACE1C633DA0_element_7/clear'
19:20:46.995 [AsyncHttpClient-1-17] DEBUG org.asynchttpclient.netty.handler.HttpHandler - 

Request DefaultHttpRequest(decodeResult: success, version: HTTP/1.1)
POST /session/906941b0dc07b95bd80b3e8eb2eec6ed/element/53996245CD960540EE5F0ACE1C633DA0_element_7/clear HTTP/1.1
User-Agent: selenium/4.8.1 (java windows)
Content-Length: 56
Content-Type: application/json; charset=utf-8
host: localhost:9273
accept: */*

Response DefaultHttpResponse(decodeResult: success, version: HTTP/1.1)
HTTP/1.1 200 OK
Content-Length: 14
Content-Type: application/json; charset=utf-8
cache-control: no-cache

19:20:46.996 [AsyncHttpClient-1-17] DEBUG org.asynchttpclient.netty.channel.ChannelManager - Adding key: http://localhost:9273 for channel [id: 0x835d5124, L:/127.0.0.1:60876 - R:localhost/127.0.0.1:9273]
19:20:46.998 [Forwarding sendKeysToElement on session 906941b0dc07b95bd80b3e8eb2eec6ed to remote] DEBUG org.asynchttpclient.netty.request.NettyRequestSender - Using pooled Channel '[id: 0x835d5124, L:/127.0.0.1:60876 - R:localhost/127.0.0.1:9273]' for 'POST' to 'http://localhost:9273/session/906941b0dc07b95bd80b3e8eb2eec6ed/element/53996245CD960540EE5F0ACE1C633DA0_element_7/value'
19:20:46.998 [Forwarding sendKeysToElement on session 906941b0dc07b95bd80b3e8eb2eec6ed to remote] DEBUG org.asynchttpclient.netty.request.NettyRequestSender - Using open Channel [id: 0x835d5124, L:/127.0.0.1:60876 - R:localhost/127.0.0.1:9273] for POST '/session/906941b0dc07b95bd80b3e8eb2eec6ed/element/53996245CD960540EE5F0ACE1C633DA0_element_7/value'
19:20:47.098 [AsyncHttpClient-1-17] DEBUG org.asynchttpclient.netty.handler.HttpHandler - 

Request DefaultHttpRequest(decodeResult: success, version: HTTP/1.1)
POST /session/906941b0dc07b95bd80b3e8eb2eec6ed/element/53996245CD960540EE5F0ACE1C633DA0_element_7/value HTTP/1.1
User-Agent: selenium/4.8.1 (java windows)
Content-Length: 147
Content-Type: application/json; charset=utf-8
host: localhost:9273
accept: */*

Response DefaultHttpResponse(decodeResult: success, version: HTTP/1.1)
HTTP/1.1 200 OK
Content-Length: 14
Content-Type: application/json; charset=utf-8
cache-control: no-cache

19:20:47.098 [AsyncHttpClient-1-17] DEBUG org.asynchttpclient.netty.channel.ChannelManager - Adding key: http://localhost:9273 for channel [id: 0x835d5124, L:/127.0.0.1:60876 - R:localhost/127.0.0.1:9273]
19:20:47.107 [Forwarding getAlertText on session 906941b0dc07b95bd80b3e8eb2eec6ed to remote] DEBUG org.asynchttpclient.netty.request.NettyRequestSender - Using pooled Channel '[id: 0x835d5124, L:/127.0.0.1:60876 - R:localhost/127.0.0.1:9273]' for 'GET' to 'http://localhost:9273/session/906941b0dc07b95bd80b3e8eb2eec6ed/alert/text'
19:20:47.107 [Forwarding getAlertText on session 906941b0dc07b95bd80b3e8eb2eec6ed to remote] DEBUG org.asynchttpclient.netty.request.NettyRequestSender - Using open Channel [id: 0x835d5124, L:/127.0.0.1:60876 - R:localhost/127.0.0.1:9273] for GET '/session/906941b0dc07b95bd80b3e8eb2eec6ed/alert/text'
19:20:47.110 [AsyncHttpClient-1-17] DEBUG org.asynchttpclient.netty.handler.HttpHandler - 

Request DefaultFullHttpRequest(decodeResult: success, version: HTTP/1.1, content: EmptyByteBufBE)
GET /session/906941b0dc07b95bd80b3e8eb2eec6ed/alert/text HTTP/1.1
User-Agent: selenium/4.8.1 (java windows)
Cache-Control: no-cache
Content-Type: application/json; charset=utf-8
host: localhost:9273
accept: */*

Response DefaultHttpResponse(decodeResult: success, version: HTTP/1.1)
HTTP/1.1 404 Not Found
Content-Length: 847
Content-Type: application/json; charset=utf-8
cache-control: no-cache

19:20:47.110 [AsyncHttpClient-1-17] DEBUG org.asynchttpclient.netty.channel.ChannelManager - Adding key: http://localhost:9273 for channel [id: 0x835d5124, L:/127.0.0.1:60876 - R:localhost/127.0.0.1:9273]
19:20:47.111 [Forwarding getCurrentUrl on session 906941b0dc07b95bd80b3e8eb2eec6ed to remote] DEBUG org.asynchttpclient.netty.request.NettyRequestSender - Using pooled Channel '[id: 0x835d5124, L:/127.0.0.1:60876 - R:localhost/127.0.0.1:9273]' for 'GET' to 'http://localhost:9273/session/906941b0dc07b95bd80b3e8eb2eec6ed/url'
19:20:47.111 [Forwarding getCurrentUrl on session 906941b0dc07b95bd80b3e8eb2eec6ed to remote] DEBUG org.asynchttpclient.netty.request.NettyRequestSender - Using open Channel [id: 0x835d5124, L:/127.0.0.1:60876 - R:localhost/127.0.0.1:9273] for GET '/session/906941b0dc07b95bd80b3e8eb2eec6ed/url'
19:20:47.117 [AsyncHttpClient-1-17] DEBUG org.asynchttpclient.netty.handler.HttpHandler - 

Request DefaultFullHttpRequest(decodeResult: success, version: HTTP/1.1, content: EmptyByteBufBE)
GET /session/906941b0dc07b95bd80b3e8eb2eec6ed/url HTTP/1.1
User-Agent: selenium/4.8.1 (java windows)
Cache-Control: no-cache
Content-Type: application/json; charset=utf-8
host: localhost:9273
accept: */*

Response DefaultHttpResponse(decodeResult: success, version: HTTP/1.1)
HTTP/1.1 200 OK
Content-Length: 52
Content-Type: application/json; charset=utf-8
cache-control: no-cache

19:20:47.117 [AsyncHttpClient-1-17] DEBUG org.asynchttpclient.netty.channel.ChannelManager - Adding key: http://localhost:9273 for channel [id: 0x835d5124, L:/127.0.0.1:60876 - R:localhost/127.0.0.1:9273]
19:20:47.118 [Forwarding screenshot on session 906941b0dc07b95bd80b3e8eb2eec6ed to remote] DEBUG org.asynchttpclient.netty.request.NettyRequestSender - Using pooled Channel '[id: 0x835d5124, L:/127.0.0.1:60876 - R:localhost/127.0.0.1:9273]' for 'GET' to 'http://localhost:9273/session/906941b0dc07b95bd80b3e8eb2eec6ed/screenshot'
19:20:47.118 [Forwarding screenshot on session 906941b0dc07b95bd80b3e8eb2eec6ed to remote] DEBUG org.asynchttpclient.netty.request.NettyRequestSender - Using open Channel [id: 0x835d5124, L:/127.0.0.1:60876 - R:localhost/127.0.0.1:9273] for GET '/session/906941b0dc07b95bd80b3e8eb2eec6ed/screenshot'
19:20:47.230 [AsyncHttpClient-1-17] DEBUG org.asynchttpclient.netty.handler.HttpHandler - 

Request DefaultFullHttpRequest(decodeResult: success, version: HTTP/1.1, content: EmptyByteBufBE)
GET /session/906941b0dc07b95bd80b3e8eb2eec6ed/screenshot HTTP/1.1
User-Agent: selenium/4.8.1 (java windows)
Cache-Control: no-cache
Content-Type: application/json; charset=utf-8
host: localhost:9273
accept: */*

Response DefaultHttpResponse(decodeResult: success, version: HTTP/1.1)
HTTP/1.1 200 OK
Content-Length: 39424
Content-Type: application/json; charset=utf-8
cache-control: no-cache

19:20:47.231 [AsyncHttpClient-1-17] DEBUG org.asynchttpclient.netty.channel.ChannelManager - Adding key: http://localhost:9273 for channel [id: 0x835d5124, L:/127.0.0.1:60876 - R:localhost/127.0.0.1:9273]
19:20:47.232 [main] DEBUG net.serenitybdd.core.photography.Darkroom - Send negative for processing for target\site\serenity\dd283f7ec34d9ff803d3cffee84264ed125eba21ce63887d060d274c6f3d180d.png
19:20:47.232 [main] DEBUG net.thucydides.core.steps.StepInterceptor - STEP DONE: inputPassword
  &amp#27;[32mAnd &amp#27;[0m&amp#27;[32mI enter correct password&amp#27;[0m                          &amp#27;[90m# starter.stepdefinitions.LoginSteps.inputPassword()&amp#27;[0m
19:20:47.233 [Darkroom Processing Line] DEBUG net.serenitybdd.core.photography.DarkroomProcessingLine - Processing screenshot image in /var/screenshots/screenshot-17240904891234208931
19:20:47.233 [Darkroom Processing Line] DEBUG net.serenitybdd.core.photography.DarkroomProcessingLine - Saving screenshot to target\site\serenity\dd283f7ec34d9ff803d3cffee84264ed125eba21ce63887d060d274c6f3d180d.png
19:20:47.240 [Forwarding getPageSource on session 906941b0dc07b95bd80b3e8eb2eec6ed to remote] DEBUG org.asynchttpclient.netty.request.NettyRequestSender - Using pooled Channel '[id: 0x835d5124, L:/127.0.0.1:60876 - R:localhost/127.0.0.1:9273]' for 'POST' to 'http://localhost:9273/session/906941b0dc07b95bd80b3e8eb2eec6ed/execute/sync'
19:20:47.240 [Forwarding getPageSource on session 906941b0dc07b95bd80b3e8eb2eec6ed to remote] DEBUG org.asynchttpclient.netty.request.NettyRequestSender - Using open Channel [id: 0x835d5124, L:/127.0.0.1:60876 - R:localhost/127.0.0.1:9273] for POST '/session/906941b0dc07b95bd80b3e8eb2eec6ed/execute/sync'
19:20:47.249 [AsyncHttpClient-1-17] DEBUG org.asynchttpclient.netty.handler.HttpHandler - 

Request DefaultHttpRequest(decodeResult: success, version: HTTP/1.1)
POST /session/906941b0dc07b95bd80b3e8eb2eec6ed/execute/sync HTTP/1.1
User-Agent: selenium/4.8.1 (java windows)
Content-Length: 176
Content-Type: application/json; charset=utf-8
host: localhost:9273
accept: */*

Response DefaultHttpResponse(decodeResult: success, version: HTTP/1.1)
HTTP/1.1 200 OK
Content-Length: 21839
Content-Type: application/json; charset=utf-8
cache-control: no-cache

19:20:47.249 [AsyncHttpClient-1-17] DEBUG org.asynchttpclient.netty.channel.ChannelManager - Adding key: http://localhost:9273 for channel [id: 0x835d5124, L:/127.0.0.1:60876 - R:localhost/127.0.0.1:9273]
19:20:47.251 [Forwarding getCurrentUrl on session 906941b0dc07b95bd80b3e8eb2eec6ed to remote] DEBUG org.asynchttpclient.netty.request.NettyRequestSender - Using pooled Channel '[id: 0x835d5124, L:/127.0.0.1:60876 - R:localhost/127.0.0.1:9273]' for 'GET' to 'http://localhost:9273/session/906941b0dc07b95bd80b3e8eb2eec6ed/url'
19:20:47.251 [Forwarding getCurrentUrl on session 906941b0dc07b95bd80b3e8eb2eec6ed to remote] DEBUG org.asynchttpclient.netty.request.NettyRequestSender - Using open Channel [id: 0x835d5124, L:/127.0.0.1:60876 - R:localhost/127.0.0.1:9273] for GET '/session/906941b0dc07b95bd80b3e8eb2eec6ed/url'
19:20:47.258 [AsyncHttpClient-1-17] DEBUG org.asynchttpclient.netty.handler.HttpHandler - 

Request DefaultFullHttpRequest(decodeResult: success, version: HTTP/1.1, content: EmptyByteBufBE)
GET /session/906941b0dc07b95bd80b3e8eb2eec6ed/url HTTP/1.1
User-Agent: selenium/4.8.1 (java windows)
Cache-Control: no-cache
Content-Type: application/json; charset=utf-8
host: localhost:9273
accept: */*

Response DefaultHttpResponse(decodeResult: success, version: HTTP/1.1)
HTTP/1.1 200 OK
Content-Length: 52
Content-Type: application/json; charset=utf-8
cache-control: no-cache

19:20:47.258 [AsyncHttpClient-1-17] DEBUG org.asynchttpclient.netty.channel.ChannelManager - Adding key: http://localhost:9273 for channel [id: 0x835d5124, L:/127.0.0.1:60876 - R:localhost/127.0.0.1:9273]
19:20:47.268 [Forwarding getPageSource on session 906941b0dc07b95bd80b3e8eb2eec6ed to remote] DEBUG org.asynchttpclient.netty.request.NettyRequestSender - Using pooled Channel '[id: 0x835d5124, L:/127.0.0.1:60876 - R:localhost/127.0.0.1:9273]' for 'POST' to 'http://localhost:9273/session/906941b0dc07b95bd80b3e8eb2eec6ed/execute/sync'
19:20:47.268 [Forwarding getPageSource on session 906941b0dc07b95bd80b3e8eb2eec6ed to remote] DEBUG org.asynchttpclient.netty.request.NettyRequestSender - Using open Channel [id: 0x835d5124, L:/127.0.0.1:60876 - R:localhost/127.0.0.1:9273] for POST '/session/906941b0dc07b95bd80b3e8eb2eec6ed/execute/sync'
19:20:47.274 [AsyncHttpClient-1-17] DEBUG org.asynchttpclient.netty.handler.HttpHandler - 

Request DefaultHttpRequest(decodeResult: success, version: HTTP/1.1)
POST /session/906941b0dc07b95bd80b3e8eb2eec6ed/execute/sync HTTP/1.1
User-Agent: selenium/4.8.1 (java windows)
Content-Length: 176
Content-Type: application/json; charset=utf-8
host: localhost:9273
accept: */*

Response DefaultHttpResponse(decodeResult: success, version: HTTP/1.1)
HTTP/1.1 200 OK
Content-Length: 21839
Content-Type: application/json; charset=utf-8
cache-control: no-cache

19:20:47.275 [AsyncHttpClient-1-17] DEBUG org.asynchttpclient.netty.channel.ChannelManager - Adding key: http://localhost:9273 for channel [id: 0x835d5124, L:/127.0.0.1:60876 - R:localhost/127.0.0.1:9273]
19:20:47.277 [Forwarding getCurrentUrl on session 906941b0dc07b95bd80b3e8eb2eec6ed to remote] DEBUG org.asynchttpclient.netty.request.NettyRequestSender - Using pooled Channel '[id: 0x835d5124, L:/127.0.0.1:60876 - R:localhost/127.0.0.1:9273]' for 'GET' to 'http://localhost:9273/session/906941b0dc07b95bd80b3e8eb2eec6ed/url'
19:20:47.277 [Forwarding getCurrentUrl on session 906941b0dc07b95bd80b3e8eb2eec6ed to remote] DEBUG org.asynchttpclient.netty.request.NettyRequestSender - Using open Channel [id: 0x835d5124, L:/127.0.0.1:60876 - R:localhost/127.0.0.1:9273] for GET '/session/906941b0dc07b95bd80b3e8eb2eec6ed/url'
19:20:47.280 [AsyncHttpClient-1-17] DEBUG org.asynchttpclient.netty.handler.HttpHandler - 

Request DefaultFullHttpRequest(decodeResult: success, version: HTTP/1.1, content: EmptyByteBufBE)
GET /session/906941b0dc07b95bd80b3e8eb2eec6ed/url HTTP/1.1
User-Agent: selenium/4.8.1 (java windows)
Cache-Control: no-cache
Content-Type: application/json; charset=utf-8
host: localhost:9273
accept: */*

Response DefaultHttpResponse(decodeResult: success, version: HTTP/1.1)
HTTP/1.1 200 OK
Content-Length: 52
Content-Type: application/json; charset=utf-8
cache-control: no-cache

19:20:47.280 [AsyncHttpClient-1-17] DEBUG org.asynchttpclient.netty.channel.ChannelManager - Adding key: http://localhost:9273 for channel [id: 0x835d5124, L:/127.0.0.1:60876 - R:localhost/127.0.0.1:9273]
19:20:47.283 [main] DEBUG net.thucydides.core.steps.StepInterceptor - STARTING STEP: LoginSteps.clickLoginButton - clickLoginButton
19:20:47.285 [Forwarding findElement on session 906941b0dc07b95bd80b3e8eb2eec6ed to remote] DEBUG org.asynchttpclient.netty.request.NettyRequestSender - Using pooled Channel '[id: 0x835d5124, L:/127.0.0.1:60876 - R:localhost/127.0.0.1:9273]' for 'POST' to 'http://localhost:9273/session/906941b0dc07b95bd80b3e8eb2eec6ed/element'
19:20:47.285 [Forwarding findElement on session 906941b0dc07b95bd80b3e8eb2eec6ed to remote] DEBUG org.asynchttpclient.netty.request.NettyRequestSender - Using open Channel [id: 0x835d5124, L:/127.0.0.1:60876 - R:localhost/127.0.0.1:9273] for POST '/session/906941b0dc07b95bd80b3e8eb2eec6ed/element'
19:20:47.299 [AsyncHttpClient-1-1] DEBUG org.asynchttpclient.netty.channel.DefaultChannelPool - Entry count for : http://localhost:60877 : 1
19:20:47.302 [AsyncHttpClient-1-17] DEBUG org.asynchttpclient.netty.handler.HttpHandler - 

Request DefaultHttpRequest(decodeResult: success, version: HTTP/1.1)
POST /session/906941b0dc07b95bd80b3e8eb2eec6ed/element HTTP/1.1
User-Agent: selenium/4.8.1 (java windows)
Content-Length: 71
Content-Type: application/json; charset=utf-8
host: localhost:9273
accept: */*

Response DefaultHttpResponse(decodeResult: success, version: HTTP/1.1)
HTTP/1.1 200 OK
Content-Length: 94
Content-Type: application/json; charset=utf-8
cache-control: no-cache

19:20:47.302 [AsyncHttpClient-1-17] DEBUG org.asynchttpclient.netty.channel.ChannelManager - Adding key: http://localhost:9273 for channel [id: 0x835d5124, L:/127.0.0.1:60876 - R:localhost/127.0.0.1:9273]
19:20:47.303 [Forwarding getElementTagName on session 906941b0dc07b95bd80b3e8eb2eec6ed to remote] DEBUG org.asynchttpclient.netty.request.NettyRequestSender - Using pooled Channel '[id: 0x835d5124, L:/127.0.0.1:60876 - R:localhost/127.0.0.1:9273]' for 'GET' to 'http://localhost:9273/session/906941b0dc07b95bd80b3e8eb2eec6ed/element/53996245CD960540EE5F0ACE1C633DA0_element_8/name'
19:20:47.304 [Forwarding getElementTagName on session 906941b0dc07b95bd80b3e8eb2eec6ed to remote] DEBUG org.asynchttpclient.netty.request.NettyRequestSender - Using open Channel [id: 0x835d5124, L:/127.0.0.1:60876 - R:localhost/127.0.0.1:9273] for GET '/session/906941b0dc07b95bd80b3e8eb2eec6ed/element/53996245CD960540EE5F0ACE1C633DA0_element_8/name'
19:20:47.309 [AsyncHttpClient-1-17] DEBUG org.asynchttpclient.netty.handler.HttpHandler - 

Request DefaultFullHttpRequest(decodeResult: success, version: HTTP/1.1, content: EmptyByteBufBE)
GET /session/906941b0dc07b95bd80b3e8eb2eec6ed/element/53996245CD960540EE5F0ACE1C633DA0_element_8/name HTTP/1.1
User-Agent: selenium/4.8.1 (java windows)
Cache-Control: no-cache
Content-Type: application/json; charset=utf-8
host: localhost:9273
accept: */*

Response DefaultHttpResponse(decodeResult: success, version: HTTP/1.1)
HTTP/1.1 200 OK
Content-Length: 18
Content-Type: application/json; charset=utf-8
cache-control: no-cache

19:20:47.309 [AsyncHttpClient-1-17] DEBUG org.asynchttpclient.netty.channel.ChannelManager - Adding key: http://localhost:9273 for channel [id: 0x835d5124, L:/127.0.0.1:60876 - R:localhost/127.0.0.1:9273]
19:20:47.311 [Forwarding getElementTagName on session 906941b0dc07b95bd80b3e8eb2eec6ed to remote] DEBUG org.asynchttpclient.netty.request.NettyRequestSender - Using pooled Channel '[id: 0x835d5124, L:/127.0.0.1:60876 - R:localhost/127.0.0.1:9273]' for 'GET' to 'http://localhost:9273/session/906941b0dc07b95bd80b3e8eb2eec6ed/element/53996245CD960540EE5F0ACE1C633DA0_element_8/name'
19:20:47.311 [Forwarding getElementTagName on session 906941b0dc07b95bd80b3e8eb2eec6ed to remote] DEBUG org.asynchttpclient.netty.request.NettyRequestSender - Using open Channel [id: 0x835d5124, L:/127.0.0.1:60876 - R:localhost/127.0.0.1:9273] for GET '/session/906941b0dc07b95bd80b3e8eb2eec6ed/element/53996245CD960540EE5F0ACE1C633DA0_element_8/name'
19:20:47.316 [AsyncHttpClient-1-17] DEBUG org.asynchttpclient.netty.handler.HttpHandler - 

Request DefaultFullHttpRequest(decodeResult: success, version: HTTP/1.1, content: EmptyByteBufBE)
GET /session/906941b0dc07b95bd80b3e8eb2eec6ed/element/53996245CD960540EE5F0ACE1C633DA0_element_8/name HTTP/1.1
User-Agent: selenium/4.8.1 (java windows)
Cache-Control: no-cache
Content-Type: application/json; charset=utf-8
host: localhost:9273
accept: */*

Response DefaultHttpResponse(decodeResult: success, version: HTTP/1.1)
HTTP/1.1 200 OK
Content-Length: 18
Content-Type: application/json; charset=utf-8
cache-control: no-cache

19:20:47.316 [AsyncHttpClient-1-17] DEBUG org.asynchttpclient.netty.channel.ChannelManager - Adding key: http://localhost:9273 for channel [id: 0x835d5124, L:/127.0.0.1:60876 - R:localhost/127.0.0.1:9273]
19:20:47.318 [Forwarding isElementEnabled on session 906941b0dc07b95bd80b3e8eb2eec6ed to remote] DEBUG org.asynchttpclient.netty.request.NettyRequestSender - Using pooled Channel '[id: 0x835d5124, L:/127.0.0.1:60876 - R:localhost/127.0.0.1:9273]' for 'GET' to 'http://localhost:9273/session/906941b0dc07b95bd80b3e8eb2eec6ed/element/53996245CD960540EE5F0ACE1C633DA0_element_8/enabled'
19:20:47.318 [Forwarding isElementEnabled on session 906941b0dc07b95bd80b3e8eb2eec6ed to remote] DEBUG org.asynchttpclient.netty.request.NettyRequestSender - Using open Channel [id: 0x835d5124, L:/127.0.0.1:60876 - R:localhost/127.0.0.1:9273] for GET '/session/906941b0dc07b95bd80b3e8eb2eec6ed/element/53996245CD960540EE5F0ACE1C633DA0_element_8/enabled'
19:20:47.326 [AsyncHttpClient-1-17] DEBUG org.asynchttpclient.netty.handler.HttpHandler - 

Request DefaultFullHttpRequest(decodeResult: success, version: HTTP/1.1, content: EmptyByteBufBE)
GET /session/906941b0dc07b95bd80b3e8eb2eec6ed/element/53996245CD960540EE5F0ACE1C633DA0_element_8/enabled HTTP/1.1
User-Agent: selenium/4.8.1 (java windows)
Cache-Control: no-cache
Content-Type: application/json; charset=utf-8
host: localhost:9273
accept: */*

Response DefaultHttpResponse(decodeResult: success, version: HTTP/1.1)
HTTP/1.1 200 OK
Content-Length: 14
Content-Type: application/json; charset=utf-8
cache-control: no-cache

19:20:47.327 [AsyncHttpClient-1-17] DEBUG org.asynchttpclient.netty.channel.ChannelManager - Adding key: http://localhost:9273 for channel [id: 0x835d5124, L:/127.0.0.1:60876 - R:localhost/127.0.0.1:9273]
19:20:47.328 [Forwarding isElementEnabled on session 906941b0dc07b95bd80b3e8eb2eec6ed to remote] DEBUG org.asynchttpclient.netty.request.NettyRequestSender - Using pooled Channel '[id: 0x835d5124, L:/127.0.0.1:60876 - R:localhost/127.0.0.1:9273]' for 'GET' to 'http://localhost:9273/session/906941b0dc07b95bd80b3e8eb2eec6ed/element/53996245CD960540EE5F0ACE1C633DA0_element_8/enabled'
19:20:47.328 [Forwarding isElementEnabled on session 906941b0dc07b95bd80b3e8eb2eec6ed to remote] DEBUG org.asynchttpclient.netty.request.NettyRequestSender - Using open Channel [id: 0x835d5124, L:/127.0.0.1:60876 - R:localhost/127.0.0.1:9273] for GET '/session/906941b0dc07b95bd80b3e8eb2eec6ed/element/53996245CD960540EE5F0ACE1C633DA0_element_8/enabled'
19:20:47.337 [AsyncHttpClient-1-17] DEBUG org.asynchttpclient.netty.handler.HttpHandler - 

Request DefaultFullHttpRequest(decodeResult: success, version: HTTP/1.1, content: EmptyByteBufBE)
GET /session/906941b0dc07b95bd80b3e8eb2eec6ed/element/53996245CD960540EE5F0ACE1C633DA0_element_8/enabled HTTP/1.1
User-Agent: selenium/4.8.1 (java windows)
Cache-Control: no-cache
Content-Type: application/json; charset=utf-8
host: localhost:9273
accept: */*

Response DefaultHttpResponse(decodeResult: success, version: HTTP/1.1)
HTTP/1.1 200 OK
Content-Length: 14
Content-Type: application/json; charset=utf-8
cache-control: no-cache

19:20:47.337 [AsyncHttpClient-1-17] DEBUG org.asynchttpclient.netty.channel.ChannelManager - Adding key: http://localhost:9273 for channel [id: 0x835d5124, L:/127.0.0.1:60876 - R:localhost/127.0.0.1:9273]
19:20:47.339 [Forwarding findElement on session 906941b0dc07b95bd80b3e8eb2eec6ed to remote] DEBUG org.asynchttpclient.netty.request.NettyRequestSender - Using pooled Channel '[id: 0x835d5124, L:/127.0.0.1:60876 - R:localhost/127.0.0.1:9273]' for 'POST' to 'http://localhost:9273/session/906941b0dc07b95bd80b3e8eb2eec6ed/element'
19:20:47.339 [Forwarding findElement on session 906941b0dc07b95bd80b3e8eb2eec6ed to remote] DEBUG org.asynchttpclient.netty.request.NettyRequestSender - Using open Channel [id: 0x835d5124, L:/127.0.0.1:60876 - R:localhost/127.0.0.1:9273] for POST '/session/906941b0dc07b95bd80b3e8eb2eec6ed/element'
19:20:47.348 [AsyncHttpClient-1-17] DEBUG org.asynchttpclient.netty.handler.HttpHandler - 

Request DefaultHttpRequest(decodeResult: success, version: HTTP/1.1)
POST /session/906941b0dc07b95bd80b3e8eb2eec6ed/element HTTP/1.1
User-Agent: selenium/4.8.1 (java windows)
Content-Length: 71
Content-Type: application/json; charset=utf-8
host: localhost:9273
accept: */*

Response DefaultHttpResponse(decodeResult: success, version: HTTP/1.1)
HTTP/1.1 200 OK
Content-Length: 94
Content-Type: application/json; charset=utf-8
cache-control: no-cache

19:20:47.348 [AsyncHttpClient-1-17] DEBUG org.asynchttpclient.netty.channel.ChannelManager - Adding key: http://localhost:9273 for channel [id: 0x835d5124, L:/127.0.0.1:60876 - R:localhost/127.0.0.1:9273]
19:20:47.348 [Forwarding clickElement on session 906941b0dc07b95bd80b3e8eb2eec6ed to remote] DEBUG org.asynchttpclient.netty.request.NettyRequestSender - Using pooled Channel '[id: 0x835d5124, L:/127.0.0.1:60876 - R:localhost/127.0.0.1:9273]' for 'POST' to 'http://localhost:9273/session/906941b0dc07b95bd80b3e8eb2eec6ed/element/53996245CD960540EE5F0ACE1C633DA0_element_8/click'
19:20:47.349 [Forwarding clickElement on session 906941b0dc07b95bd80b3e8eb2eec6ed to remote] DEBUG org.asynchttpclient.netty.request.NettyRequestSender - Using open Channel [id: 0x835d5124, L:/127.0.0.1:60876 - R:localhost/127.0.0.1:9273] for POST '/session/906941b0dc07b95bd80b3e8eb2eec6ed/element/53996245CD960540EE5F0ACE1C633DA0_element_8/click'
19:20:47.394 [AsyncHttpClient-1-17] DEBUG org.asynchttpclient.netty.handler.HttpHandler - 

Request DefaultHttpRequest(decodeResult: success, version: HTTP/1.1)
POST /session/906941b0dc07b95bd80b3e8eb2eec6ed/element/53996245CD960540EE5F0ACE1C633DA0_element_8/click HTTP/1.1
User-Agent: selenium/4.8.1 (java windows)
Content-Length: 56
Content-Type: application/json; charset=utf-8
host: localhost:9273
accept: */*

Response DefaultHttpResponse(decodeResult: success, version: HTTP/1.1)
HTTP/1.1 200 OK
Content-Length: 14
Content-Type: application/json; charset=utf-8
cache-control: no-cache

19:20:47.394 [AsyncHttpClient-1-17] DEBUG org.asynchttpclient.netty.channel.ChannelManager - Adding key: http://localhost:9273 for channel [id: 0x835d5124, L:/127.0.0.1:60876 - R:localhost/127.0.0.1:9273]
19:20:47.398 [Forwarding getAlertText on session 906941b0dc07b95bd80b3e8eb2eec6ed to remote] DEBUG org.asynchttpclient.netty.request.NettyRequestSender - Using pooled Channel '[id: 0x835d5124, L:/127.0.0.1:60876 - R:localhost/127.0.0.1:9273]' for 'GET' to 'http://localhost:9273/session/906941b0dc07b95bd80b3e8eb2eec6ed/alert/text'
19:20:47.398 [Forwarding getAlertText on session 906941b0dc07b95bd80b3e8eb2eec6ed to remote] DEBUG org.asynchttpclient.netty.request.NettyRequestSender - Using open Channel [id: 0x835d5124, L:/127.0.0.1:60876 - R:localhost/127.0.0.1:9273] for GET '/session/906941b0dc07b95bd80b3e8eb2eec6ed/alert/text'
19:20:47.401 [AsyncHttpClient-1-17] DEBUG org.asynchttpclient.netty.handler.HttpHandler - 

Request DefaultFullHttpRequest(decodeResult: success, version: HTTP/1.1, content: EmptyByteBufBE)
GET /session/906941b0dc07b95bd80b3e8eb2eec6ed/alert/text HTTP/1.1
User-Agent: selenium/4.8.1 (java windows)
Cache-Control: no-cache
Content-Type: application/json; charset=utf-8
host: localhost:9273
accept: */*

Response DefaultHttpResponse(decodeResult: success, version: HTTP/1.1)
HTTP/1.1 404 Not Found
Content-Length: 847
Content-Type: application/json; charset=utf-8
cache-control: no-cache

19:20:47.401 [AsyncHttpClient-1-17] DEBUG org.asynchttpclient.netty.channel.ChannelManager - Adding key: http://localhost:9273 for channel [id: 0x835d5124, L:/127.0.0.1:60876 - R:localhost/127.0.0.1:9273]
19:20:47.402 [Forwarding getCurrentUrl on session 906941b0dc07b95bd80b3e8eb2eec6ed to remote] DEBUG org.asynchttpclient.netty.request.NettyRequestSender - Using pooled Channel '[id: 0x835d5124, L:/127.0.0.1:60876 - R:localhost/127.0.0.1:9273]' for 'GET' to 'http://localhost:9273/session/906941b0dc07b95bd80b3e8eb2eec6ed/url'
19:20:47.402 [Forwarding getCurrentUrl on session 906941b0dc07b95bd80b3e8eb2eec6ed to remote] DEBUG org.asynchttpclient.netty.request.NettyRequestSender - Using open Channel [id: 0x835d5124, L:/127.0.0.1:60876 - R:localhost/127.0.0.1:9273] for GET '/session/906941b0dc07b95bd80b3e8eb2eec6ed/url'
19:20:47.405 [AsyncHttpClient-1-17] DEBUG org.asynchttpclient.netty.handler.HttpHandler - 

Request DefaultFullHttpRequest(decodeResult: success, version: HTTP/1.1, content: EmptyByteBufBE)
GET /session/906941b0dc07b95bd80b3e8eb2eec6ed/url HTTP/1.1
User-Agent: selenium/4.8.1 (java windows)
Cache-Control: no-cache
Content-Type: application/json; charset=utf-8
host: localhost:9273
accept: */*

Response DefaultHttpResponse(decodeResult: success, version: HTTP/1.1)
HTTP/1.1 200 OK
Content-Length: 52
Content-Type: application/json; charset=utf-8
cache-control: no-cache

19:20:47.405 [AsyncHttpClient-1-17] DEBUG org.asynchttpclient.netty.channel.ChannelManager - Adding key: http://localhost:9273 for channel [id: 0x835d5124, L:/127.0.0.1:60876 - R:localhost/127.0.0.1:9273]
19:20:47.406 [Forwarding screenshot on session 906941b0dc07b95bd80b3e8eb2eec6ed to remote] DEBUG org.asynchttpclient.netty.request.NettyRequestSender - Using pooled Channel '[id: 0x835d5124, L:/127.0.0.1:60876 - R:localhost/127.0.0.1:9273]' for 'GET' to 'http://localhost:9273/session/906941b0dc07b95bd80b3e8eb2eec6ed/screenshot'
19:20:47.406 [Forwarding screenshot on session 906941b0dc07b95bd80b3e8eb2eec6ed to remote] DEBUG org.asynchttpclient.netty.request.NettyRequestSender - Using open Channel [id: 0x835d5124, L:/127.0.0.1:60876 - R:localhost/127.0.0.1:9273] for GET '/session/906941b0dc07b95bd80b3e8eb2eec6ed/screenshot'
19:20:47.541 [AsyncHttpClient-1-17] DEBUG org.asynchttpclient.netty.handler.HttpHandler - 

Request DefaultFullHttpRequest(decodeResult: success, version: HTTP/1.1, content: EmptyByteBufBE)
GET /session/906941b0dc07b95bd80b3e8eb2eec6ed/screenshot HTTP/1.1
User-Agent: selenium/4.8.1 (java windows)
Cache-Control: no-cache
Content-Type: application/json; charset=utf-8
host: localhost:9273
accept: */*

Response DefaultHttpResponse(decodeResult: success, version: HTTP/1.1)
HTTP/1.1 200 OK
Content-Length: 38688
Content-Type: application/json; charset=utf-8
cache-control: no-cache

19:20:47.541 [AsyncHttpClient-1-17] DEBUG org.asynchttpclient.netty.channel.ChannelManager - Adding key: http://localhost:9273 for channel [id: 0x835d5124, L:/127.0.0.1:60876 - R:localhost/127.0.0.1:9273]
19:20:47.543 [main] DEBUG net.serenitybdd.core.photography.Darkroom - Send negative for processing for target\site\serenity\4390bbebd51f44cdf06544bd4e03af0e2545810cb080a1a38a0d89953635f95e.png
19:20:47.543 [main] DEBUG net.thucydides.core.steps.StepInterceptor - STEP DONE: clickLoginButton
19:20:47.543 [Darkroom Processing Line] DEBUG net.serenitybdd.core.photography.DarkroomProcessingLine - Processing screenshot image in /var/screenshots/screenshot-17278944797697497725
  &amp#27;[32mWhen &amp#27;[0m&amp#27;[32mI click on the login button&amp#27;[0m                      &amp#27;[90m# starter.stepdefinitions.LoginSteps.clickLoginButton()&amp#27;[0m
19:20:47.543 [Darkroom Processing Line] DEBUG net.serenitybdd.core.photography.DarkroomProcessingLine - Saving screenshot to target\site\serenity\4390bbebd51f44cdf06544bd4e03af0e2545810cb080a1a38a0d89953635f95e.png
19:20:47.553 [Forwarding getPageSource on session 906941b0dc07b95bd80b3e8eb2eec6ed to remote] DEBUG org.asynchttpclient.netty.request.NettyRequestSender - Using pooled Channel '[id: 0x835d5124, L:/127.0.0.1:60876 - R:localhost/127.0.0.1:9273]' for 'POST' to 'http://localhost:9273/session/906941b0dc07b95bd80b3e8eb2eec6ed/execute/sync'
19:20:47.553 [Forwarding getPageSource on session 906941b0dc07b95bd80b3e8eb2eec6ed to remote] DEBUG org.asynchttpclient.netty.request.NettyRequestSender - Using open Channel [id: 0x835d5124, L:/127.0.0.1:60876 - R:localhost/127.0.0.1:9273] for POST '/session/906941b0dc07b95bd80b3e8eb2eec6ed/execute/sync'
19:20:47.560 [AsyncHttpClient-1-17] DEBUG org.asynchttpclient.netty.handler.HttpHandler - 

Request DefaultHttpRequest(decodeResult: success, version: HTTP/1.1)
POST /session/906941b0dc07b95bd80b3e8eb2eec6ed/execute/sync HTTP/1.1
User-Agent: selenium/4.8.1 (java windows)
Content-Length: 176
Content-Type: application/json; charset=utf-8
host: localhost:9273
accept: */*

Response DefaultHttpResponse(decodeResult: success, version: HTTP/1.1)
HTTP/1.1 200 OK
Content-Length: 22119
Content-Type: application/json; charset=utf-8
cache-control: no-cache

19:20:47.560 [AsyncHttpClient-1-17] DEBUG org.asynchttpclient.netty.channel.ChannelManager - Adding key: http://localhost:9273 for channel [id: 0x835d5124, L:/127.0.0.1:60876 - R:localhost/127.0.0.1:9273]
19:20:47.563 [Forwarding getCurrentUrl on session 906941b0dc07b95bd80b3e8eb2eec6ed to remote] DEBUG org.asynchttpclient.netty.request.NettyRequestSender - Using pooled Channel '[id: 0x835d5124, L:/127.0.0.1:60876 - R:localhost/127.0.0.1:9273]' for 'GET' to 'http://localhost:9273/session/906941b0dc07b95bd80b3e8eb2eec6ed/url'
19:20:47.563 [Forwarding getCurrentUrl on session 906941b0dc07b95bd80b3e8eb2eec6ed to remote] DEBUG org.asynchttpclient.netty.request.NettyRequestSender - Using open Channel [id: 0x835d5124, L:/127.0.0.1:60876 - R:localhost/127.0.0.1:9273] for GET '/session/906941b0dc07b95bd80b3e8eb2eec6ed/url'
19:20:47.572 [AsyncHttpClient-1-17] DEBUG org.asynchttpclient.netty.handler.HttpHandler - 

Request DefaultFullHttpRequest(decodeResult: success, version: HTTP/1.1, content: EmptyByteBufBE)
GET /session/906941b0dc07b95bd80b3e8eb2eec6ed/url HTTP/1.1
User-Agent: selenium/4.8.1 (java windows)
Cache-Control: no-cache
Content-Type: application/json; charset=utf-8
host: localhost:9273
accept: */*

Response DefaultHttpResponse(decodeResult: success, version: HTTP/1.1)
HTTP/1.1 200 OK
Content-Length: 52
Content-Type: application/json; charset=utf-8
cache-control: no-cache

19:20:47.572 [AsyncHttpClient-1-17] DEBUG org.asynchttpclient.netty.channel.ChannelManager - Adding key: http://localhost:9273 for channel [id: 0x835d5124, L:/127.0.0.1:60876 - R:localhost/127.0.0.1:9273]
19:20:47.585 [Forwarding getPageSource on session 906941b0dc07b95bd80b3e8eb2eec6ed to remote] DEBUG org.asynchttpclient.netty.request.NettyRequestSender - Using pooled Channel '[id: 0x835d5124, L:/127.0.0.1:60876 - R:localhost/127.0.0.1:9273]' for 'POST' to 'http://localhost:9273/session/906941b0dc07b95bd80b3e8eb2eec6ed/execute/sync'
19:20:47.585 [Forwarding getPageSource on session 906941b0dc07b95bd80b3e8eb2eec6ed to remote] DEBUG org.asynchttpclient.netty.request.NettyRequestSender - Using open Channel [id: 0x835d5124, L:/127.0.0.1:60876 - R:localhost/127.0.0.1:9273] for POST '/session/906941b0dc07b95bd80b3e8eb2eec6ed/execute/sync'
19:20:47.594 [AsyncHttpClient-1-17] DEBUG org.asynchttpclient.netty.handler.HttpHandler - 

Request DefaultHttpRequest(decodeResult: success, version: HTTP/1.1)
POST /session/906941b0dc07b95bd80b3e8eb2eec6ed/execute/sync HTTP/1.1
User-Agent: selenium/4.8.1 (java windows)
Content-Length: 176
Content-Type: application/json; charset=utf-8
host: localhost:9273
accept: */*

Response DefaultHttpResponse(decodeResult: success, version: HTTP/1.1)
HTTP/1.1 200 OK
Content-Length: 22119
Content-Type: application/json; charset=utf-8
cache-control: no-cache

19:20:47.594 [AsyncHttpClient-1-17] DEBUG org.asynchttpclient.netty.channel.ChannelManager - Adding key: http://localhost:9273 for channel [id: 0x835d5124, L:/127.0.0.1:60876 - R:localhost/127.0.0.1:9273]
19:20:47.597 [Forwarding getCurrentUrl on session 906941b0dc07b95bd80b3e8eb2eec6ed to remote] DEBUG org.asynchttpclient.netty.request.NettyRequestSender - Using pooled Channel '[id: 0x835d5124, L:/127.0.0.1:60876 - R:localhost/127.0.0.1:9273]' for 'GET' to 'http://localhost:9273/session/906941b0dc07b95bd80b3e8eb2eec6ed/url'
19:20:47.597 [Forwarding getCurrentUrl on session 906941b0dc07b95bd80b3e8eb2eec6ed to remote] DEBUG org.asynchttpclient.netty.request.NettyRequestSender - Using open Channel [id: 0x835d5124, L:/127.0.0.1:60876 - R:localhost/127.0.0.1:9273] for GET '/session/906941b0dc07b95bd80b3e8eb2eec6ed/url'
19:20:47.601 [AsyncHttpClient-1-17] DEBUG org.asynchttpclient.netty.handler.HttpHandler - 

Request DefaultFullHttpRequest(decodeResult: success, version: HTTP/1.1, content: EmptyByteBufBE)
GET /session/906941b0dc07b95bd80b3e8eb2eec6ed/url HTTP/1.1
User-Agent: selenium/4.8.1 (java windows)
Cache-Control: no-cache
Content-Type: application/json; charset=utf-8
host: localhost:9273
accept: */*

Response DefaultHttpResponse(decodeResult: success, version: HTTP/1.1)
HTTP/1.1 200 OK
Content-Length: 52
Content-Type: application/json; charset=utf-8
cache-control: no-cache

19:20:47.601 [AsyncHttpClient-1-17] DEBUG org.asynchttpclient.netty.channel.ChannelManager - Adding key: http://localhost:9273 for channel [id: 0x835d5124, L:/127.0.0.1:60876 - R:localhost/127.0.0.1:9273]
19:20:47.604 [main] DEBUG net.thucydides.core.steps.StepInterceptor - STARTING STEP: LoginSteps.validateOnHomePage - validateOnHomePage
19:20:47.607 [Forwarding findElement on session 906941b0dc07b95bd80b3e8eb2eec6ed to remote] DEBUG org.asynchttpclient.netty.request.NettyRequestSender - Using pooled Channel '[id: 0x835d5124, L:/127.0.0.1:60876 - R:localhost/127.0.0.1:9273]' for 'POST' to 'http://localhost:9273/session/906941b0dc07b95bd80b3e8eb2eec6ed/element'
19:20:47.607 [Forwarding findElement on session 906941b0dc07b95bd80b3e8eb2eec6ed to remote] DEBUG org.asynchttpclient.netty.request.NettyRequestSender - Using open Channel [id: 0x835d5124, L:/127.0.0.1:60876 - R:localhost/127.0.0.1:9273] for POST '/session/906941b0dc07b95bd80b3e8eb2eec6ed/element'
19:20:47.872 [AsyncHttpClient-1-17] DEBUG org.asynchttpclient.netty.handler.HttpHandler - 

Request DefaultHttpRequest(decodeResult: success, version: HTTP/1.1)
POST /session/906941b0dc07b95bd80b3e8eb2eec6ed/element HTTP/1.1
User-Agent: selenium/4.8.1 (java windows)
Content-Length: 54
Content-Type: application/json; charset=utf-8
host: localhost:9273
accept: */*

Response DefaultHttpResponse(decodeResult: success, version: HTTP/1.1)
HTTP/1.1 200 OK
Content-Length: 94
Content-Type: application/json; charset=utf-8
cache-control: no-cache

19:20:47.872 [AsyncHttpClient-1-17] DEBUG org.asynchttpclient.netty.channel.ChannelManager - Adding key: http://localhost:9273 for channel [id: 0x835d5124, L:/127.0.0.1:60876 - R:localhost/127.0.0.1:9273]
19:20:47.876 [Forwarding isElementDisplayed on session 906941b0dc07b95bd80b3e8eb2eec6ed to remote] DEBUG org.asynchttpclient.netty.request.NettyRequestSender - Using pooled Channel '[id: 0x835d5124, L:/127.0.0.1:60876 - R:localhost/127.0.0.1:9273]' for 'POST' to 'http://localhost:9273/session/906941b0dc07b95bd80b3e8eb2eec6ed/execute/sync'
19:20:47.876 [Forwarding isElementDisplayed on session 906941b0dc07b95bd80b3e8eb2eec6ed to remote] DEBUG org.asynchttpclient.netty.request.NettyRequestSender - Using open Channel [id: 0x835d5124, L:/127.0.0.1:60876 - R:localhost/127.0.0.1:9273] for POST '/session/906941b0dc07b95bd80b3e8eb2eec6ed/execute/sync'
19:20:47.901 [AsyncHttpClient-1-17] DEBUG org.asynchttpclient.netty.handler.HttpHandler - 

Request DefaultHttpRequest(decodeResult: success, version: HTTP/1.1)
POST /session/906941b0dc07b95bd80b3e8eb2eec6ed/execute/sync HTTP/1.1
User-Agent: selenium/4.8.1 (java windows)
Content-Length: 48813
Content-Type: application/json; charset=utf-8
host: localhost:9273
accept: */*

Response DefaultHttpResponse(decodeResult: success, version: HTTP/1.1)
HTTP/1.1 200 OK
Content-Length: 14
Content-Type: application/json; charset=utf-8
cache-control: no-cache

19:20:47.902 [AsyncHttpClient-1-17] DEBUG org.asynchttpclient.netty.channel.ChannelManager - Adding key: http://localhost:9273 for channel [id: 0x835d5124, L:/127.0.0.1:60876 - R:localhost/127.0.0.1:9273]
19:20:47.910 [Forwarding getAlertText on session 906941b0dc07b95bd80b3e8eb2eec6ed to remote] DEBUG org.asynchttpclient.netty.request.NettyRequestSender - Using pooled Channel '[id: 0x835d5124, L:/127.0.0.1:60876 - R:localhost/127.0.0.1:9273]' for 'GET' to 'http://localhost:9273/session/906941b0dc07b95bd80b3e8eb2eec6ed/alert/text'
19:20:47.910 [Forwarding getAlertText on session 906941b0dc07b95bd80b3e8eb2eec6ed to remote] DEBUG org.asynchttpclient.netty.request.NettyRequestSender - Using open Channel [id: 0x835d5124, L:/127.0.0.1:60876 - R:localhost/127.0.0.1:9273] for GET '/session/906941b0dc07b95bd80b3e8eb2eec6ed/alert/text'
19:20:47.913 [AsyncHttpClient-1-17] DEBUG org.asynchttpclient.netty.handler.HttpHandler - 

Request DefaultFullHttpRequest(decodeResult: success, version: HTTP/1.1, content: EmptyByteBufBE)
GET /session/906941b0dc07b95bd80b3e8eb2eec6ed/alert/text HTTP/1.1
User-Agent: selenium/4.8.1 (java windows)
Cache-Control: no-cache
Content-Type: application/json; charset=utf-8
host: localhost:9273
accept: */*

Response DefaultHttpResponse(decodeResult: success, version: HTTP/1.1)
HTTP/1.1 404 Not Found
Content-Length: 847
Content-Type: application/json; charset=utf-8
cache-control: no-cache

19:20:47.913 [AsyncHttpClient-1-17] DEBUG org.asynchttpclient.netty.channel.ChannelManager - Adding key: http://localhost:9273 for channel [id: 0x835d5124, L:/127.0.0.1:60876 - R:localhost/127.0.0.1:9273]
19:20:47.915 [Forwarding getCurrentUrl on session 906941b0dc07b95bd80b3e8eb2eec6ed to remote] DEBUG org.asynchttpclient.netty.request.NettyRequestSender - Using pooled Channel '[id: 0x835d5124, L:/127.0.0.1:60876 - R:localhost/127.0.0.1:9273]' for 'GET' to 'http://localhost:9273/session/906941b0dc07b95bd80b3e8eb2eec6ed/url'
19:20:47.915 [Forwarding getCurrentUrl on session 906941b0dc07b95bd80b3e8eb2eec6ed to remote] DEBUG org.asynchttpclient.netty.request.NettyRequestSender - Using open Channel [id: 0x835d5124, L:/127.0.0.1:60876 - R:localhost/127.0.0.1:9273] for GET '/session/906941b0dc07b95bd80b3e8eb2eec6ed/url'
19:20:47.928 [AsyncHttpClient-1-17] DEBUG org.asynchttpclient.netty.handler.HttpHandler - 

Request DefaultFullHttpRequest(decodeResult: success, version: HTTP/1.1, content: EmptyByteBufBE)
GET /session/906941b0dc07b95bd80b3e8eb2eec6ed/url HTTP/1.1
User-Agent: selenium/4.8.1 (java windows)
Cache-Control: no-cache
Content-Type: application/json; charset=utf-8
host: localhost:9273
accept: */*

Response DefaultHttpResponse(decodeResult: success, version: HTTP/1.1)
HTTP/1.1 200 OK
Content-Length: 41
Content-Type: application/json; charset=utf-8
cache-control: no-cache

19:20:47.928 [AsyncHttpClient-1-17] DEBUG org.asynchttpclient.netty.channel.ChannelManager - Adding key: http://localhost:9273 for channel [id: 0x835d5124, L:/127.0.0.1:60876 - R:localhost/127.0.0.1:9273]
19:20:47.930 [Forwarding screenshot on session 906941b0dc07b95bd80b3e8eb2eec6ed to remote] DEBUG org.asynchttpclient.netty.request.NettyRequestSender - Using pooled Channel '[id: 0x835d5124, L:/127.0.0.1:60876 - R:localhost/127.0.0.1:9273]' for 'GET' to 'http://localhost:9273/session/906941b0dc07b95bd80b3e8eb2eec6ed/screenshot'
19:20:47.930 [Forwarding screenshot on session 906941b0dc07b95bd80b3e8eb2eec6ed to remote] DEBUG org.asynchttpclient.netty.request.NettyRequestSender - Using open Channel [id: 0x835d5124, L:/127.0.0.1:60876 - R:localhost/127.0.0.1:9273] for GET '/session/906941b0dc07b95bd80b3e8eb2eec6ed/screenshot'
19:20:48.186 [AsyncHttpClient-1-17] DEBUG org.asynchttpclient.netty.handler.HttpHandler - 

Request DefaultFullHttpRequest(decodeResult: success, version: HTTP/1.1, content: EmptyByteBufBE)
GET /session/906941b0dc07b95bd80b3e8eb2eec6ed/screenshot HTTP/1.1
User-Agent: selenium/4.8.1 (java windows)
Cache-Control: no-cache
Content-Type: application/json; charset=utf-8
host: localhost:9273
accept: */*

Response DefaultHttpResponse(decodeResult: success, version: HTTP/1.1)
HTTP/1.1 200 OK
Content-Length: 30536
Content-Type: application/json; charset=utf-8
cache-control: no-cache

19:20:48.186 [AsyncHttpClient-1-17] DEBUG org.asynchttpclient.netty.channel.ChannelManager - Adding key: http://localhost:9273 for channel [id: 0x835d5124, L:/127.0.0.1:60876 - R:localhost/127.0.0.1:9273]
19:20:48.188 [main] DEBUG net.serenitybdd.core.photography.Darkroom - Send negative for processing for target\site\serenity\f0c4dfbb2b275c0a4532cc144464b07c681128c8d8421877b1acc67ac3754647.png
19:20:48.189 [main] DEBUG net.thucydides.core.steps.StepInterceptor - STEP DONE: validateOnHomePage
  &amp#27;[32mThen &amp#27;[0m&amp#27;[32mI should be redirected to my alta-shop home page&amp#27;[0m &amp#27;[90m# starter.stepdefinitions.LoginSteps.validateOnHomePage()&amp#27;[0m
19:20:48.189 [Darkroom Processing Line] DEBUG net.serenitybdd.core.photography.DarkroomProcessingLine - Processing screenshot image in /var/screenshots/screenshot-10117857290647760644
19:20:48.189 [Darkroom Processing Line] DEBUG net.serenitybdd.core.photography.DarkroomProcessingLine - Saving screenshot to target\site\serenity\f0c4dfbb2b275c0a4532cc144464b07c681128c8d8421877b1acc67ac3754647.png
19:20:48.196 [main] INFO  - 
  _____   ___   ___   _____     ___     _     ___   ___   ___   ___  
 |_   _| | __| / __| |_   _|   | _ \   /_\   / __| / __| | __| |   \ 
   | |   | _|  \__ \   | |     |  _/  / _ \  \__ \ \__ \ | _|  | |) |
   |_|   |___| |___/   |_|     |_|   /_/ \_\ |___/ |___/ |___| |___/ 

Login with correct credentials
----------------------------------------------------------------------
19:20:48.198 [AsyncHttpClient-1-19] DEBUG org.asynchttpclient.netty.handler.WebSocketHandler - Channel Closed: [id: 0x518fe81a, L:/127.0.0.1:60885 ! R:localhost/127.0.0.1:60877] with attribute NettyResponseFuture{currentRetry=0,
	isDone=1,
	isCancelled=0,
	asyncHandler=org.asynchttpclient.ws.WebSocketUpgradeHandler@6aed3fea,
	nettyRequest=org.asynchttpclient.netty.request.NettyRequest@2fefacd3,
	future=java.util.concurrent.CompletableFuture@65948c30[Completed normally],
	uri=ws://localhost:60877/devtools/browser/b958e9eb-3b99-4e9d-ab39-582f29dbb14e,
	keepAlive=true,
	redirectCount=0,
	timeoutsHolder=null,
	inAuth=0,
	touch=1683807645387}
19:20:48.198 [AsyncHttpClient-1-19] DEBUG org.asynchttpclient.netty.channel.ChannelManager - Closing Channel [id: 0x518fe81a, L:/127.0.0.1:60885 ! R:localhost/127.0.0.1:60877] 
19:20:48.205 [Driver Command Executor] DEBUG org.asynchttpclient.netty.request.NettyRequestSender - Using pooled Channel '[id: 0x835d5124, L:/127.0.0.1:60876 - R:localhost/127.0.0.1:9273]' for 'DELETE' to 'http://localhost:9273/session/906941b0dc07b95bd80b3e8eb2eec6ed'
19:20:48.205 [Driver Command Executor] DEBUG org.asynchttpclient.netty.request.NettyRequestSender - Using open Channel [id: 0x835d5124, L:/127.0.0.1:60876 - R:localhost/127.0.0.1:9273] for DELETE '/session/906941b0dc07b95bd80b3e8eb2eec6ed'
19:20:48.347 [AsyncHttpClient-1-18] DEBUG org.asynchttpclient.netty.handler.HttpHandler - Unexpected I/O exception on channel [id: 0x4de0df36, L:/127.0.0.1:60884 - R:localhost/127.0.0.1:60877]
java.net.SocketException: Connection reset
	at java.base/sun.nio.ch.SocketChannelImpl.throwConnectionReset(SocketChannelImpl.java:401)
	at java.base/sun.nio.ch.SocketChannelImpl.read(SocketChannelImpl.java:434)
	at io.netty.buffer.PooledByteBuf.setBytes(PooledByteBuf.java:259)
	at io.netty.buffer.AbstractByteBuf.writeBytes(AbstractByteBuf.java:1132)
	at io.netty.channel.socket.nio.NioSocketChannel.doReadBytes(NioSocketChannel.java:357)
	at io.netty.channel.nio.AbstractNioByteChannel$NioByteUnsafe.read(AbstractNioByteChannel.java:151)
	at io.netty.channel.nio.NioEventLoop.processSelectedKey(NioEventLoop.java:788)
	at io.netty.channel.nio.NioEventLoop.processSelectedKeysOptimized(NioEventLoop.java:724)
	at io.netty.channel.nio.NioEventLoop.processSelectedKeys(NioEventLoop.java:650)
	at io.netty.channel.nio.NioEventLoop.run(NioEventLoop.java:562)
	at io.netty.util.concurrent.SingleThreadEventExecutor$4.run(SingleThreadEventExecutor.java:997)
	at io.netty.util.internal.ThreadExecutorMap$2.run(ThreadExecutorMap.java:74)
	at io.netty.util.concurrent.FastThreadLocalRunnable.run(FastThreadLocalRunnable.java:30)
	at java.base/java.lang.Thread.run(Thread.java:1589)
19:20:48.347 [AsyncHttpClient-1-18] DEBUG org.asynchttpclient.netty.channel.ChannelManager - Closing Channel [id: 0x4de0df36, L:/127.0.0.1:60884 - R:localhost/127.0.0.1:60877] 
19:20:48.348 [AsyncHttpClient-1-18] DEBUG org.asynchttpclient.netty.handler.HttpHandler - Channel Closed: [id: 0x4de0df36, L:/127.0.0.1:60884 ! R:localhost/127.0.0.1:60877] with attribute DISCARD
19:20:48.371 [AsyncHttpClient-1-17] DEBUG org.asynchttpclient.netty.handler.HttpHandler - 

Request DefaultFullHttpRequest(decodeResult: success, version: HTTP/1.1, content: EmptyByteBufBE)
DELETE /session/906941b0dc07b95bd80b3e8eb2eec6ed HTTP/1.1
User-Agent: selenium/4.8.1 (java windows)
Content-Type: application/json; charset=utf-8
host: localhost:9273
accept: */*

Response DefaultHttpResponse(decodeResult: success, version: HTTP/1.1)
HTTP/1.1 200 OK
Content-Length: 14
Content-Type: application/json; charset=utf-8
cache-control: no-cache

19:20:48.371 [AsyncHttpClient-1-17] DEBUG org.asynchttpclient.netty.channel.ChannelManager - Adding key: http://localhost:9273 for channel [id: 0x835d5124, L:/127.0.0.1:60876 - R:localhost/127.0.0.1:9273]
19:20:48.397 [AsyncHttpClient-1-1] DEBUG org.asynchttpclient.netty.channel.DefaultChannelPool - Entry count for : http://localhost:9273 : 1
19:20:48.397 [AsyncHttpClient-1-1] DEBUG org.asynchttpclient.netty.channel.DefaultChannelPool - Entry count for : http://localhost:60877 : 1
19:20:48.397 [AsyncHttpClient-1-1] DEBUG org.asynchttpclient.netty.channel.DefaultChannelPool - Adding Candidate expired Channel [id: 0x4de0df36, L:/127.0.0.1:60884 ! R:localhost/127.0.0.1:60877] isIdleTimeoutExpired=false isRemotelyClosed=true isTtlExpired=false
19:20:48.397 [AsyncHttpClient-1-1] DEBUG org.asynchttpclient.netty.channel.DefaultChannelPool - Closing Idle Channel [id: 0x4de0df36, L:/127.0.0.1:60884 ! R:localhost/127.0.0.1:60877]
19:20:48.397 [AsyncHttpClient-1-1] DEBUG org.asynchttpclient.netty.channel.DefaultChannelPool - Closed 1 connections out of 2 in 0 ms
19:20:48.483 [AsyncHttpClient-1-17] DEBUG org.asynchttpclient.netty.handler.HttpHandler - Channel Closed: [id: 0x835d5124, L:/127.0.0.1:60876 ! R:localhost/127.0.0.1:9273] with attribute DISCARD
]]></system-out>
    <system-err><![CDATA[Starting ChromeDriver 113.0.5672.63 (0e1a4471d5ae5bf128b1bd8f4d627c8cbd55f70c-refs/branch-heads/5672@{#912}) on port 9273
Only local connections are allowed.
Please see https://chromedriver.chromium.org/security-considerations for suggestions on keeping ChromeDriver safe.
ChromeDriver was started successfully.
May 11, 2023 7:20:45 PM org.openqa.selenium.devtools.CdpVersionFinder findNearestMatch
WARNING: Unable to find an exact match for CDP version 113, so returning the closest version found: 110
]]></system-err>
  </testcase>
  <testcase name="Login with wrong password" classname="Login to Alta-shop Account" time="3.628">
    <system-out><![CDATA[
Scenario: Login with wrong password      &amp#27;[90m# src/test/resources/features/2. Login.feature:14&amp#27;[0m
19:20:48.548 [main] DEBUG io.cucumber.core.plugin.SerenityReporter - Running feature from file:///C:/Users/Bunayya%20Zulfikar/3D%20Objects/alta_web_minpro_testcase/src/test/resources/features/2.%20Login.feature
19:20:48.550 [main] INFO  - 
  _____   ___   ___   _____     ___   _____     _     ___   _____   ___   ___  
 |_   _| | __| / __| |_   _|   / __| |_   _|   /_\   | _ \ |_   _| | __| |   \ 
   | |   | _|  \__ \   | |     \__ \   | |    / _ \  |   /   | |   | _|  | |) |
   |_|   |___| |___/   |_|     |___/   |_|   /_/ \_\ |_|_\   |_|   |___| |___/ 

Login with wrong password(login-to-alta-shop-account;login-with-wrong-password)
--------------------------------------------------------------------------------
19:20:48.575 [main] DEBUG net.thucydides.core.steps.StepInterceptor - STARTING STEP: LoginSteps.onTheLoginPage - openPage
19:20:48.644 [main] INFO net.serenitybdd.core.webdriver.driverproviders.ChromeDriverProvider - Starting Chrome driver instance with capabilities:
19:20:48.644 [main] INFO net.serenitybdd.core.webdriver.driverproviders.ChromeDriverProvider - Capabilities {acceptInsecureCerts: false, browserName: chrome, goog:chromeOptions: {args: [remote-allow-origins=*], extensions: []}}
19:20:48.716 [AsyncHttpClient-1-20] DEBUG org.asynchttpclient.netty.channel.NettyConnectListener - Using new Channel '[id: 0x03b7f3d3, L:/127.0.0.1:60900 - R:localhost/127.0.0.1:13009]' for 'POST' to '/session'
19:20:49.449 [AsyncHttpClient-1-20] DEBUG org.asynchttpclient.netty.handler.HttpHandler - 

Request DefaultHttpRequest(decodeResult: success, version: HTTP/1.1)
POST /session HTTP/1.1
User-Agent: selenium/4.8.1 (java windows)
Content-Length: 507
Content-Type: application/json; charset=utf-8
host: localhost:13009
accept: */*

Response DefaultHttpResponse(decodeResult: success, version: HTTP/1.1)
HTTP/1.1 200 OK
Content-Length: 860
Content-Type: application/json; charset=utf-8
cache-control: no-cache

19:20:49.450 [AsyncHttpClient-1-20] DEBUG org.asynchttpclient.netty.channel.ChannelManager - Adding key: http://localhost:13009 for channel [id: 0x03b7f3d3, L:/127.0.0.1:60900 - R:localhost/127.0.0.1:13009]
19:20:49.459 [AsyncHttpClient-1-21] DEBUG org.asynchttpclient.netty.channel.NettyConnectListener - Using new Channel '[id: 0x49d13f66, L:/127.0.0.1:60907 - R:localhost/127.0.0.1:60901]' for 'GET' to '/json/version'
19:20:49.464 [AsyncHttpClient-1-21] DEBUG org.asynchttpclient.netty.handler.HttpHandler - 

Request DefaultFullHttpRequest(decodeResult: success, version: HTTP/1.1, content: EmptyByteBufBE)
GET /json/version HTTP/1.1
User-Agent: selenium/4.8.1 (java windows)
host: localhost:60901
accept: */*

Response DefaultHttpResponse(decodeResult: success, version: HTTP/1.1)
HTTP/1.1 200 OK
Content-Security-Policy: frame-ancestors 'none'
Content-Length: 422
Content-Type: application/json; charset=UTF-8

19:20:49.465 [AsyncHttpClient-1-21] DEBUG org.asynchttpclient.netty.channel.ChannelManager - Adding key: http://localhost:60901 for channel [id: 0x49d13f66, L:/127.0.0.1:60907 - R:localhost/127.0.0.1:60901]
19:20:49.468 [AsyncHttpClient-1-22] DEBUG org.asynchttpclient.netty.channel.NettyConnectListener - Using new Channel '[id: 0xca8008a7, L:/127.0.0.1:60908 - R:localhost/127.0.0.1:60901]' for 'GET' to '/devtools/browser/da50be90-e19c-487d-924a-407a67f35bbb'
19:20:49.471 [AsyncHttpClient-1-22] DEBUG org.asynchttpclient.netty.handler.WebSocketHandler - 

Request DefaultFullHttpRequest(decodeResult: success, version: HTTP/1.1, content: EmptyByteBufBE)
GET /devtools/browser/da50be90-e19c-487d-924a-407a67f35bbb HTTP/1.1
upgrade: websocket
connection: upgrade
sec-websocket-key: laKWv8UM/m9y+3QPMuGqNA==
sec-websocket-version: 13
origin: http://localhost:60901
host: localhost:60901
accept: */*
user-agent: AHC/2.1

Response DefaultHttpResponse(decodeResult: success, version: HTTP/1.1)
HTTP/1.1 101 WebSocket Protocol Handshake
Upgrade: WebSocket
Connection: Upgrade
Sec-WebSocket-Accept: zk4FYvwwztGptWRag5tcPEHKd3g=

19:20:49.477 [Forwarding get on session 94bb8610a5d1969fabf88ee55d8f5ad0 to remote] DEBUG org.asynchttpclient.netty.request.NettyRequestSender - Using pooled Channel '[id: 0x03b7f3d3, L:/127.0.0.1:60900 - R:localhost/127.0.0.1:13009]' for 'POST' to 'http://localhost:13009/session/94bb8610a5d1969fabf88ee55d8f5ad0/url'
19:20:49.477 [Forwarding get on session 94bb8610a5d1969fabf88ee55d8f5ad0 to remote] DEBUG org.asynchttpclient.netty.request.NettyRequestSender - Using open Channel [id: 0x03b7f3d3, L:/127.0.0.1:60900 - R:localhost/127.0.0.1:13009] for POST '/session/94bb8610a5d1969fabf88ee55d8f5ad0/url'
19:20:49.497 [AsyncHttpClient-1-1] DEBUG org.asynchttpclient.netty.channel.DefaultChannelPool - Entry count for : http://localhost:9273 : 1
19:20:49.497 [AsyncHttpClient-1-1] DEBUG org.asynchttpclient.netty.channel.DefaultChannelPool - Entry count for : http://localhost:60901 : 1
19:20:49.498 [AsyncHttpClient-1-1] DEBUG org.asynchttpclient.netty.channel.DefaultChannelPool - Adding Candidate expired Channel [id: 0x835d5124, L:/127.0.0.1:60876 ! R:localhost/127.0.0.1:9273] isIdleTimeoutExpired=false isRemotelyClosed=true isTtlExpired=false
19:20:49.498 [AsyncHttpClient-1-1] DEBUG org.asynchttpclient.netty.channel.DefaultChannelPool - Closing Idle Channel [id: 0x835d5124, L:/127.0.0.1:60876 ! R:localhost/127.0.0.1:9273]
19:20:49.498 [AsyncHttpClient-1-1] DEBUG org.asynchttpclient.netty.channel.DefaultChannelPool - Closed 1 connections out of 2 in 1 ms
19:20:50.010 [AsyncHttpClient-1-20] DEBUG org.asynchttpclient.netty.handler.HttpHandler - 

Request DefaultHttpRequest(decodeResult: success, version: HTTP/1.1)
POST /session/94bb8610a5d1969fabf88ee55d8f5ad0/url HTTP/1.1
User-Agent: selenium/4.8.1 (java windows)
Content-Length: 80
Content-Type: application/json; charset=utf-8
host: localhost:13009
accept: */*

Response DefaultHttpResponse(decodeResult: success, version: HTTP/1.1)
HTTP/1.1 200 OK
Content-Length: 14
Content-Type: application/json; charset=utf-8
cache-control: no-cache

19:20:50.010 [AsyncHttpClient-1-20] DEBUG org.asynchttpclient.netty.channel.ChannelManager - Adding key: http://localhost:13009 for channel [id: 0x03b7f3d3, L:/127.0.0.1:60900 - R:localhost/127.0.0.1:13009]
19:20:50.011 [Forwarding setTimeout on session 94bb8610a5d1969fabf88ee55d8f5ad0 to remote] DEBUG org.asynchttpclient.netty.request.NettyRequestSender - Using pooled Channel '[id: 0x03b7f3d3, L:/127.0.0.1:60900 - R:localhost/127.0.0.1:13009]' for 'POST' to 'http://localhost:13009/session/94bb8610a5d1969fabf88ee55d8f5ad0/timeouts'
19:20:50.011 [Forwarding setTimeout on session 94bb8610a5d1969fabf88ee55d8f5ad0 to remote] DEBUG org.asynchttpclient.netty.request.NettyRequestSender - Using open Channel [id: 0x03b7f3d3, L:/127.0.0.1:60900 - R:localhost/127.0.0.1:13009] for POST '/session/94bb8610a5d1969fabf88ee55d8f5ad0/timeouts'
19:20:50.012 [AsyncHttpClient-1-20] DEBUG org.asynchttpclient.netty.handler.HttpHandler - 

Request DefaultHttpRequest(decodeResult: success, version: HTTP/1.1)
POST /session/94bb8610a5d1969fabf88ee55d8f5ad0/timeouts HTTP/1.1
User-Agent: selenium/4.8.1 (java windows)
Content-Length: 22
Content-Type: application/json; charset=utf-8
host: localhost:13009
accept: */*

Response DefaultHttpResponse(decodeResult: success, version: HTTP/1.1)
HTTP/1.1 200 OK
Content-Length: 14
Content-Type: application/json; charset=utf-8
cache-control: no-cache

19:20:50.012 [AsyncHttpClient-1-20] DEBUG org.asynchttpclient.netty.channel.ChannelManager - Adding key: http://localhost:13009 for channel [id: 0x03b7f3d3, L:/127.0.0.1:60900 - R:localhost/127.0.0.1:13009]
19:20:50.020 [Forwarding getAlertText on session 94bb8610a5d1969fabf88ee55d8f5ad0 to remote] DEBUG org.asynchttpclient.netty.request.NettyRequestSender - Using pooled Channel '[id: 0x03b7f3d3, L:/127.0.0.1:60900 - R:localhost/127.0.0.1:13009]' for 'GET' to 'http://localhost:13009/session/94bb8610a5d1969fabf88ee55d8f5ad0/alert/text'
19:20:50.021 [Forwarding getAlertText on session 94bb8610a5d1969fabf88ee55d8f5ad0 to remote] DEBUG org.asynchttpclient.netty.request.NettyRequestSender - Using open Channel [id: 0x03b7f3d3, L:/127.0.0.1:60900 - R:localhost/127.0.0.1:13009] for GET '/session/94bb8610a5d1969fabf88ee55d8f5ad0/alert/text'
19:20:50.022 [AsyncHttpClient-1-20] DEBUG org.asynchttpclient.netty.handler.HttpHandler - 

Request DefaultFullHttpRequest(decodeResult: success, version: HTTP/1.1, content: EmptyByteBufBE)
GET /session/94bb8610a5d1969fabf88ee55d8f5ad0/alert/text HTTP/1.1
User-Agent: selenium/4.8.1 (java windows)
Cache-Control: no-cache
Content-Type: application/json; charset=utf-8
host: localhost:13009
accept: */*

Response DefaultHttpResponse(decodeResult: success, version: HTTP/1.1)
HTTP/1.1 404 Not Found
Content-Length: 847
Content-Type: application/json; charset=utf-8
cache-control: no-cache

19:20:50.022 [AsyncHttpClient-1-20] DEBUG org.asynchttpclient.netty.channel.ChannelManager - Adding key: http://localhost:13009 for channel [id: 0x03b7f3d3, L:/127.0.0.1:60900 - R:localhost/127.0.0.1:13009]
19:20:50.023 [Forwarding getCurrentUrl on session 94bb8610a5d1969fabf88ee55d8f5ad0 to remote] DEBUG org.asynchttpclient.netty.request.NettyRequestSender - Using pooled Channel '[id: 0x03b7f3d3, L:/127.0.0.1:60900 - R:localhost/127.0.0.1:13009]' for 'GET' to 'http://localhost:13009/session/94bb8610a5d1969fabf88ee55d8f5ad0/url'
19:20:50.023 [Forwarding getCurrentUrl on session 94bb8610a5d1969fabf88ee55d8f5ad0 to remote] DEBUG org.asynchttpclient.netty.request.NettyRequestSender - Using open Channel [id: 0x03b7f3d3, L:/127.0.0.1:60900 - R:localhost/127.0.0.1:13009] for GET '/session/94bb8610a5d1969fabf88ee55d8f5ad0/url'
19:20:50.028 [AsyncHttpClient-1-20] DEBUG org.asynchttpclient.netty.handler.HttpHandler - 

Request DefaultFullHttpRequest(decodeResult: success, version: HTTP/1.1, content: EmptyByteBufBE)
GET /session/94bb8610a5d1969fabf88ee55d8f5ad0/url HTTP/1.1
User-Agent: selenium/4.8.1 (java windows)
Cache-Control: no-cache
Content-Type: application/json; charset=utf-8
host: localhost:13009
accept: */*

Response DefaultHttpResponse(decodeResult: success, version: HTTP/1.1)
HTTP/1.1 200 OK
Content-Length: 52
Content-Type: application/json; charset=utf-8
cache-control: no-cache

19:20:50.028 [AsyncHttpClient-1-20] DEBUG org.asynchttpclient.netty.channel.ChannelManager - Adding key: http://localhost:13009 for channel [id: 0x03b7f3d3, L:/127.0.0.1:60900 - R:localhost/127.0.0.1:13009]
19:20:50.029 [Forwarding screenshot on session 94bb8610a5d1969fabf88ee55d8f5ad0 to remote] DEBUG org.asynchttpclient.netty.request.NettyRequestSender - Using pooled Channel '[id: 0x03b7f3d3, L:/127.0.0.1:60900 - R:localhost/127.0.0.1:13009]' for 'GET' to 'http://localhost:13009/session/94bb8610a5d1969fabf88ee55d8f5ad0/screenshot'
19:20:50.029 [Forwarding screenshot on session 94bb8610a5d1969fabf88ee55d8f5ad0 to remote] DEBUG org.asynchttpclient.netty.request.NettyRequestSender - Using open Channel [id: 0x03b7f3d3, L:/127.0.0.1:60900 - R:localhost/127.0.0.1:13009] for GET '/session/94bb8610a5d1969fabf88ee55d8f5ad0/screenshot'
19:20:50.252 [AsyncHttpClient-1-20] DEBUG org.asynchttpclient.netty.handler.HttpHandler - 

Request DefaultFullHttpRequest(decodeResult: success, version: HTTP/1.1, content: EmptyByteBufBE)
GET /session/94bb8610a5d1969fabf88ee55d8f5ad0/screenshot HTTP/1.1
User-Agent: selenium/4.8.1 (java windows)
Cache-Control: no-cache
Content-Type: application/json; charset=utf-8
host: localhost:13009
accept: */*

Response DefaultHttpResponse(decodeResult: success, version: HTTP/1.1)
HTTP/1.1 200 OK
Content-Length: 32168
Content-Type: application/json; charset=utf-8
cache-control: no-cache

19:20:50.253 [AsyncHttpClient-1-20] DEBUG org.asynchttpclient.netty.channel.ChannelManager - Adding key: http://localhost:13009 for channel [id: 0x03b7f3d3, L:/127.0.0.1:60900 - R:localhost/127.0.0.1:13009]
19:20:50.255 [main] DEBUG net.serenitybdd.core.photography.Darkroom - Send negative for processing for target\site\serenity\d00787a84e57ae9818ec6333fe71d83a89fc0961433dfe7832481e3dca8fda29.png
19:20:50.255 [main] DEBUG net.thucydides.core.steps.StepInterceptor - STEP DONE: openPage
  &amp#27;[32mGiven &amp#27;[0m&amp#27;[32mI am on the alta-shop login page&amp#27;[0m &amp#27;[90m# starter.stepdefinitions.LoginSteps.onTheLoginPage()&amp#27;[0m
19:20:50.262 [Forwarding getPageSource on session 94bb8610a5d1969fabf88ee55d8f5ad0 to remote] DEBUG org.asynchttpclient.netty.request.NettyRequestSender - Using pooled Channel '[id: 0x03b7f3d3, L:/127.0.0.1:60900 - R:localhost/127.0.0.1:13009]' for 'POST' to 'http://localhost:13009/session/94bb8610a5d1969fabf88ee55d8f5ad0/execute/sync'
19:20:50.262 [Forwarding getPageSource on session 94bb8610a5d1969fabf88ee55d8f5ad0 to remote] DEBUG org.asynchttpclient.netty.request.NettyRequestSender - Using open Channel [id: 0x03b7f3d3, L:/127.0.0.1:60900 - R:localhost/127.0.0.1:13009] for POST '/session/94bb8610a5d1969fabf88ee55d8f5ad0/execute/sync'
19:20:50.270 [AsyncHttpClient-1-20] DEBUG org.asynchttpclient.netty.handler.HttpHandler - 

Request DefaultHttpRequest(decodeResult: success, version: HTTP/1.1)
POST /session/94bb8610a5d1969fabf88ee55d8f5ad0/execute/sync HTTP/1.1
User-Agent: selenium/4.8.1 (java windows)
Content-Length: 176
Content-Type: application/json; charset=utf-8
host: localhost:13009
accept: */*

Response DefaultHttpResponse(decodeResult: success, version: HTTP/1.1)
HTTP/1.1 200 OK
Content-Length: 21659
Content-Type: application/json; charset=utf-8
cache-control: no-cache

19:20:50.270 [AsyncHttpClient-1-20] DEBUG org.asynchttpclient.netty.channel.ChannelManager - Adding key: http://localhost:13009 for channel [id: 0x03b7f3d3, L:/127.0.0.1:60900 - R:localhost/127.0.0.1:13009]
19:20:50.271 [Forwarding getCurrentUrl on session 94bb8610a5d1969fabf88ee55d8f5ad0 to remote] DEBUG org.asynchttpclient.netty.request.NettyRequestSender - Using pooled Channel '[id: 0x03b7f3d3, L:/127.0.0.1:60900 - R:localhost/127.0.0.1:13009]' for 'GET' to 'http://localhost:13009/session/94bb8610a5d1969fabf88ee55d8f5ad0/url'
19:20:50.271 [Forwarding getCurrentUrl on session 94bb8610a5d1969fabf88ee55d8f5ad0 to remote] DEBUG org.asynchttpclient.netty.request.NettyRequestSender - Using open Channel [id: 0x03b7f3d3, L:/127.0.0.1:60900 - R:localhost/127.0.0.1:13009] for GET '/session/94bb8610a5d1969fabf88ee55d8f5ad0/url'
19:20:50.277 [AsyncHttpClient-1-20] DEBUG org.asynchttpclient.netty.handler.HttpHandler - 

Request DefaultFullHttpRequest(decodeResult: success, version: HTTP/1.1, content: EmptyByteBufBE)
GET /session/94bb8610a5d1969fabf88ee55d8f5ad0/url HTTP/1.1
User-Agent: selenium/4.8.1 (java windows)
Cache-Control: no-cache
Content-Type: application/json; charset=utf-8
host: localhost:13009
accept: */*

Response DefaultHttpResponse(decodeResult: success, version: HTTP/1.1)
HTTP/1.1 200 OK
Content-Length: 52
Content-Type: application/json; charset=utf-8
cache-control: no-cache

19:20:50.277 [AsyncHttpClient-1-20] DEBUG org.asynchttpclient.netty.channel.ChannelManager - Adding key: http://localhost:13009 for channel [id: 0x03b7f3d3, L:/127.0.0.1:60900 - R:localhost/127.0.0.1:13009]
19:20:50.286 [Forwarding getPageSource on session 94bb8610a5d1969fabf88ee55d8f5ad0 to remote] DEBUG org.asynchttpclient.netty.request.NettyRequestSender - Using pooled Channel '[id: 0x03b7f3d3, L:/127.0.0.1:60900 - R:localhost/127.0.0.1:13009]' for 'POST' to 'http://localhost:13009/session/94bb8610a5d1969fabf88ee55d8f5ad0/execute/sync'
19:20:50.286 [Forwarding getPageSource on session 94bb8610a5d1969fabf88ee55d8f5ad0 to remote] DEBUG org.asynchttpclient.netty.request.NettyRequestSender - Using open Channel [id: 0x03b7f3d3, L:/127.0.0.1:60900 - R:localhost/127.0.0.1:13009] for POST '/session/94bb8610a5d1969fabf88ee55d8f5ad0/execute/sync'
19:20:50.293 [AsyncHttpClient-1-20] DEBUG org.asynchttpclient.netty.handler.HttpHandler - 

Request DefaultHttpRequest(decodeResult: success, version: HTTP/1.1)
POST /session/94bb8610a5d1969fabf88ee55d8f5ad0/execute/sync HTTP/1.1
User-Agent: selenium/4.8.1 (java windows)
Content-Length: 176
Content-Type: application/json; charset=utf-8
host: localhost:13009
accept: */*

Response DefaultHttpResponse(decodeResult: success, version: HTTP/1.1)
HTTP/1.1 200 OK
Content-Length: 21659
Content-Type: application/json; charset=utf-8
cache-control: no-cache

19:20:50.293 [AsyncHttpClient-1-20] DEBUG org.asynchttpclient.netty.channel.ChannelManager - Adding key: http://localhost:13009 for channel [id: 0x03b7f3d3, L:/127.0.0.1:60900 - R:localhost/127.0.0.1:13009]
19:20:50.294 [Forwarding getCurrentUrl on session 94bb8610a5d1969fabf88ee55d8f5ad0 to remote] DEBUG org.asynchttpclient.netty.request.NettyRequestSender - Using pooled Channel '[id: 0x03b7f3d3, L:/127.0.0.1:60900 - R:localhost/127.0.0.1:13009]' for 'GET' to 'http://localhost:13009/session/94bb8610a5d1969fabf88ee55d8f5ad0/url'
19:20:50.294 [Forwarding getCurrentUrl on session 94bb8610a5d1969fabf88ee55d8f5ad0 to remote] DEBUG org.asynchttpclient.netty.request.NettyRequestSender - Using open Channel [id: 0x03b7f3d3, L:/127.0.0.1:60900 - R:localhost/127.0.0.1:13009] for GET '/session/94bb8610a5d1969fabf88ee55d8f5ad0/url'
19:20:50.298 [AsyncHttpClient-1-20] DEBUG org.asynchttpclient.netty.handler.HttpHandler - 

Request DefaultFullHttpRequest(decodeResult: success, version: HTTP/1.1, content: EmptyByteBufBE)
GET /session/94bb8610a5d1969fabf88ee55d8f5ad0/url HTTP/1.1
User-Agent: selenium/4.8.1 (java windows)
Cache-Control: no-cache
Content-Type: application/json; charset=utf-8
host: localhost:13009
accept: */*

Response DefaultHttpResponse(decodeResult: success, version: HTTP/1.1)
HTTP/1.1 200 OK
Content-Length: 52
Content-Type: application/json; charset=utf-8
cache-control: no-cache

19:20:50.298 [AsyncHttpClient-1-20] DEBUG org.asynchttpclient.netty.channel.ChannelManager - Adding key: http://localhost:13009 for channel [id: 0x03b7f3d3, L:/127.0.0.1:60900 - R:localhost/127.0.0.1:13009]
19:20:50.301 [main] DEBUG net.thucydides.core.steps.StepInterceptor - STARTING STEP: LoginSteps.inputEmail - inputEmail
19:20:50.302 [Forwarding findElement on session 94bb8610a5d1969fabf88ee55d8f5ad0 to remote] DEBUG org.asynchttpclient.netty.request.NettyRequestSender - Using pooled Channel '[id: 0x03b7f3d3, L:/127.0.0.1:60900 - R:localhost/127.0.0.1:13009]' for 'POST' to 'http://localhost:13009/session/94bb8610a5d1969fabf88ee55d8f5ad0/element'
19:20:50.302 [Forwarding findElement on session 94bb8610a5d1969fabf88ee55d8f5ad0 to remote] DEBUG org.asynchttpclient.netty.request.NettyRequestSender - Using open Channel [id: 0x03b7f3d3, L:/127.0.0.1:60900 - R:localhost/127.0.0.1:13009] for POST '/session/94bb8610a5d1969fabf88ee55d8f5ad0/element'
19:20:50.314 [AsyncHttpClient-1-20] DEBUG org.asynchttpclient.netty.handler.HttpHandler - 

Request DefaultHttpRequest(decodeResult: success, version: HTTP/1.1)
POST /session/94bb8610a5d1969fabf88ee55d8f5ad0/element HTTP/1.1
User-Agent: selenium/4.8.1 (java windows)
Content-Length: 55
Content-Type: application/json; charset=utf-8
host: localhost:13009
accept: */*

Response DefaultHttpResponse(decodeResult: success, version: HTTP/1.1)
HTTP/1.1 200 OK
Content-Length: 94
Content-Type: application/json; charset=utf-8
cache-control: no-cache

19:20:50.314 [AsyncHttpClient-1-20] DEBUG org.asynchttpclient.netty.channel.ChannelManager - Adding key: http://localhost:13009 for channel [id: 0x03b7f3d3, L:/127.0.0.1:60900 - R:localhost/127.0.0.1:13009]
19:20:50.315 [Forwarding clearElement on session 94bb8610a5d1969fabf88ee55d8f5ad0 to remote] DEBUG org.asynchttpclient.netty.request.NettyRequestSender - Using pooled Channel '[id: 0x03b7f3d3, L:/127.0.0.1:60900 - R:localhost/127.0.0.1:13009]' for 'POST' to 'http://localhost:13009/session/94bb8610a5d1969fabf88ee55d8f5ad0/element/6C65F26094E5501979A4A2A588E127B1_element_5/clear'
19:20:50.315 [Forwarding clearElement on session 94bb8610a5d1969fabf88ee55d8f5ad0 to remote] DEBUG org.asynchttpclient.netty.request.NettyRequestSender - Using open Channel [id: 0x03b7f3d3, L:/127.0.0.1:60900 - R:localhost/127.0.0.1:13009] for POST '/session/94bb8610a5d1969fabf88ee55d8f5ad0/element/6C65F26094E5501979A4A2A588E127B1_element_5/clear'
19:20:50.358 [AsyncHttpClient-1-20] DEBUG org.asynchttpclient.netty.handler.HttpHandler - 

Request DefaultHttpRequest(decodeResult: success, version: HTTP/1.1)
POST /session/94bb8610a5d1969fabf88ee55d8f5ad0/element/6C65F26094E5501979A4A2A588E127B1_element_5/clear HTTP/1.1
User-Agent: selenium/4.8.1 (java windows)
Content-Length: 56
Content-Type: application/json; charset=utf-8
host: localhost:13009
accept: */*

Response DefaultHttpResponse(decodeResult: success, version: HTTP/1.1)
HTTP/1.1 200 OK
Content-Length: 14
Content-Type: application/json; charset=utf-8
cache-control: no-cache

19:20:50.358 [AsyncHttpClient-1-20] DEBUG org.asynchttpclient.netty.channel.ChannelManager - Adding key: http://localhost:13009 for channel [id: 0x03b7f3d3, L:/127.0.0.1:60900 - R:localhost/127.0.0.1:13009]
19:20:50.359 [Forwarding sendKeysToElement on session 94bb8610a5d1969fabf88ee55d8f5ad0 to remote] DEBUG org.asynchttpclient.netty.request.NettyRequestSender - Using pooled Channel '[id: 0x03b7f3d3, L:/127.0.0.1:60900 - R:localhost/127.0.0.1:13009]' for 'POST' to 'http://localhost:13009/session/94bb8610a5d1969fabf88ee55d8f5ad0/element/6C65F26094E5501979A4A2A588E127B1_element_5/value'
19:20:50.360 [Forwarding sendKeysToElement on session 94bb8610a5d1969fabf88ee55d8f5ad0 to remote] DEBUG org.asynchttpclient.netty.request.NettyRequestSender - Using open Channel [id: 0x03b7f3d3, L:/127.0.0.1:60900 - R:localhost/127.0.0.1:13009] for POST '/session/94bb8610a5d1969fabf88ee55d8f5ad0/element/6C65F26094E5501979A4A2A588E127B1_element_5/value'
19:20:50.488 [AsyncHttpClient-1-20] DEBUG org.asynchttpclient.netty.handler.HttpHandler - 

Request DefaultHttpRequest(decodeResult: success, version: HTTP/1.1)
POST /session/94bb8610a5d1969fabf88ee55d8f5ad0/element/6C65F26094E5501979A4A2A588E127B1_element_5/value HTTP/1.1
User-Agent: selenium/4.8.1 (java windows)
Content-Length: 247
Content-Type: application/json; charset=utf-8
host: localhost:13009
accept: */*

Response DefaultHttpResponse(decodeResult: success, version: HTTP/1.1)
HTTP/1.1 200 OK
Content-Length: 14
Content-Type: application/json; charset=utf-8
cache-control: no-cache

19:20:50.488 [AsyncHttpClient-1-20] DEBUG org.asynchttpclient.netty.channel.ChannelManager - Adding key: http://localhost:13009 for channel [id: 0x03b7f3d3, L:/127.0.0.1:60900 - R:localhost/127.0.0.1:13009]
19:20:50.496 [Forwarding getAlertText on session 94bb8610a5d1969fabf88ee55d8f5ad0 to remote] DEBUG org.asynchttpclient.netty.request.NettyRequestSender - Using pooled Channel '[id: 0x03b7f3d3, L:/127.0.0.1:60900 - R:localhost/127.0.0.1:13009]' for 'GET' to 'http://localhost:13009/session/94bb8610a5d1969fabf88ee55d8f5ad0/alert/text'
19:20:50.496 [Forwarding getAlertText on session 94bb8610a5d1969fabf88ee55d8f5ad0 to remote] DEBUG org.asynchttpclient.netty.request.NettyRequestSender - Using open Channel [id: 0x03b7f3d3, L:/127.0.0.1:60900 - R:localhost/127.0.0.1:13009] for GET '/session/94bb8610a5d1969fabf88ee55d8f5ad0/alert/text'
19:20:50.498 [AsyncHttpClient-1-20] DEBUG org.asynchttpclient.netty.handler.HttpHandler - 

Request DefaultFullHttpRequest(decodeResult: success, version: HTTP/1.1, content: EmptyByteBufBE)
GET /session/94bb8610a5d1969fabf88ee55d8f5ad0/alert/text HTTP/1.1
User-Agent: selenium/4.8.1 (java windows)
Cache-Control: no-cache
Content-Type: application/json; charset=utf-8
host: localhost:13009
accept: */*

Response DefaultHttpResponse(decodeResult: success, version: HTTP/1.1)
HTTP/1.1 404 Not Found
Content-Length: 847
Content-Type: application/json; charset=utf-8
cache-control: no-cache

19:20:50.499 [AsyncHttpClient-1-20] DEBUG org.asynchttpclient.netty.channel.ChannelManager - Adding key: http://localhost:13009 for channel [id: 0x03b7f3d3, L:/127.0.0.1:60900 - R:localhost/127.0.0.1:13009]
19:20:50.500 [Forwarding getCurrentUrl on session 94bb8610a5d1969fabf88ee55d8f5ad0 to remote] DEBUG org.asynchttpclient.netty.request.NettyRequestSender - Using pooled Channel '[id: 0x03b7f3d3, L:/127.0.0.1:60900 - R:localhost/127.0.0.1:13009]' for 'GET' to 'http://localhost:13009/session/94bb8610a5d1969fabf88ee55d8f5ad0/url'
19:20:50.500 [Forwarding getCurrentUrl on session 94bb8610a5d1969fabf88ee55d8f5ad0 to remote] DEBUG org.asynchttpclient.netty.request.NettyRequestSender - Using open Channel [id: 0x03b7f3d3, L:/127.0.0.1:60900 - R:localhost/127.0.0.1:13009] for GET '/session/94bb8610a5d1969fabf88ee55d8f5ad0/url'
19:20:50.506 [AsyncHttpClient-1-20] DEBUG org.asynchttpclient.netty.handler.HttpHandler - 

Request DefaultFullHttpRequest(decodeResult: success, version: HTTP/1.1, content: EmptyByteBufBE)
GET /session/94bb8610a5d1969fabf88ee55d8f5ad0/url HTTP/1.1
User-Agent: selenium/4.8.1 (java windows)
Cache-Control: no-cache
Content-Type: application/json; charset=utf-8
host: localhost:13009
accept: */*

Response DefaultHttpResponse(decodeResult: success, version: HTTP/1.1)
HTTP/1.1 200 OK
Content-Length: 52
Content-Type: application/json; charset=utf-8
cache-control: no-cache

19:20:50.506 [AsyncHttpClient-1-20] DEBUG org.asynchttpclient.netty.channel.ChannelManager - Adding key: http://localhost:13009 for channel [id: 0x03b7f3d3, L:/127.0.0.1:60900 - R:localhost/127.0.0.1:13009]
19:20:50.506 [Forwarding screenshot on session 94bb8610a5d1969fabf88ee55d8f5ad0 to remote] DEBUG org.asynchttpclient.netty.request.NettyRequestSender - Using pooled Channel '[id: 0x03b7f3d3, L:/127.0.0.1:60900 - R:localhost/127.0.0.1:13009]' for 'GET' to 'http://localhost:13009/session/94bb8610a5d1969fabf88ee55d8f5ad0/screenshot'
19:20:50.506 [Forwarding screenshot on session 94bb8610a5d1969fabf88ee55d8f5ad0 to remote] DEBUG org.asynchttpclient.netty.request.NettyRequestSender - Using open Channel [id: 0x03b7f3d3, L:/127.0.0.1:60900 - R:localhost/127.0.0.1:13009] for GET '/session/94bb8610a5d1969fabf88ee55d8f5ad0/screenshot'
19:20:50.603 [AsyncHttpClient-1-1] DEBUG org.asynchttpclient.netty.channel.DefaultChannelPool - Entry count for : http://localhost:60901 : 1
19:20:50.622 [AsyncHttpClient-1-20] DEBUG org.asynchttpclient.netty.handler.HttpHandler - 

Request DefaultFullHttpRequest(decodeResult: success, version: HTTP/1.1, content: EmptyByteBufBE)
GET /session/94bb8610a5d1969fabf88ee55d8f5ad0/screenshot HTTP/1.1
User-Agent: selenium/4.8.1 (java windows)
Cache-Control: no-cache
Content-Type: application/json; charset=utf-8
host: localhost:13009
accept: */*

Response DefaultHttpResponse(decodeResult: success, version: HTTP/1.1)
HTTP/1.1 200 OK
Content-Length: 37516
Content-Type: application/json; charset=utf-8
cache-control: no-cache

19:20:50.623 [AsyncHttpClient-1-20] DEBUG org.asynchttpclient.netty.channel.ChannelManager - Adding key: http://localhost:13009 for channel [id: 0x03b7f3d3, L:/127.0.0.1:60900 - R:localhost/127.0.0.1:13009]
19:20:50.624 [main] DEBUG net.serenitybdd.core.photography.Darkroom - Send negative for processing for target\site\serenity\eb08007a579a484bb950fb893d65e45b64d47266963fb07ee4805f9e00c6e21c.png
19:20:50.625 [main] DEBUG net.thucydides.core.steps.StepInterceptor - STEP DONE: inputEmail
  &amp#27;[32mAnd &amp#27;[0m&amp#27;[32mI enter correct email&amp#27;[0m              &amp#27;[90m# starter.stepdefinitions.LoginSteps.inputEmail()&amp#27;[0m
19:20:50.625 [Darkroom Processing Line] DEBUG net.serenitybdd.core.photography.DarkroomProcessingLine - Processing screenshot image in /var/screenshots/screenshot-11900236734924461741
19:20:50.625 [Darkroom Processing Line] DEBUG net.serenitybdd.core.photography.DarkroomProcessingLine - Saving screenshot to target\site\serenity\eb08007a579a484bb950fb893d65e45b64d47266963fb07ee4805f9e00c6e21c.png
19:20:50.632 [Forwarding getPageSource on session 94bb8610a5d1969fabf88ee55d8f5ad0 to remote] DEBUG org.asynchttpclient.netty.request.NettyRequestSender - Using pooled Channel '[id: 0x03b7f3d3, L:/127.0.0.1:60900 - R:localhost/127.0.0.1:13009]' for 'POST' to 'http://localhost:13009/session/94bb8610a5d1969fabf88ee55d8f5ad0/execute/sync'
19:20:50.632 [Forwarding getPageSource on session 94bb8610a5d1969fabf88ee55d8f5ad0 to remote] DEBUG org.asynchttpclient.netty.request.NettyRequestSender - Using open Channel [id: 0x03b7f3d3, L:/127.0.0.1:60900 - R:localhost/127.0.0.1:13009] for POST '/session/94bb8610a5d1969fabf88ee55d8f5ad0/execute/sync'
19:20:50.636 [AsyncHttpClient-1-20] DEBUG org.asynchttpclient.netty.handler.HttpHandler - 

Request DefaultHttpRequest(decodeResult: success, version: HTTP/1.1)
POST /session/94bb8610a5d1969fabf88ee55d8f5ad0/execute/sync HTTP/1.1
User-Agent: selenium/4.8.1 (java windows)
Content-Length: 176
Content-Type: application/json; charset=utf-8
host: localhost:13009
accept: */*

Response DefaultHttpResponse(decodeResult: success, version: HTTP/1.1)
HTTP/1.1 200 OK
Content-Length: 21780
Content-Type: application/json; charset=utf-8
cache-control: no-cache

19:20:50.637 [AsyncHttpClient-1-20] DEBUG org.asynchttpclient.netty.channel.ChannelManager - Adding key: http://localhost:13009 for channel [id: 0x03b7f3d3, L:/127.0.0.1:60900 - R:localhost/127.0.0.1:13009]
19:20:50.638 [Forwarding getCurrentUrl on session 94bb8610a5d1969fabf88ee55d8f5ad0 to remote] DEBUG org.asynchttpclient.netty.request.NettyRequestSender - Using pooled Channel '[id: 0x03b7f3d3, L:/127.0.0.1:60900 - R:localhost/127.0.0.1:13009]' for 'GET' to 'http://localhost:13009/session/94bb8610a5d1969fabf88ee55d8f5ad0/url'
19:20:50.638 [Forwarding getCurrentUrl on session 94bb8610a5d1969fabf88ee55d8f5ad0 to remote] DEBUG org.asynchttpclient.netty.request.NettyRequestSender - Using open Channel [id: 0x03b7f3d3, L:/127.0.0.1:60900 - R:localhost/127.0.0.1:13009] for GET '/session/94bb8610a5d1969fabf88ee55d8f5ad0/url'
19:20:50.641 [AsyncHttpClient-1-20] DEBUG org.asynchttpclient.netty.handler.HttpHandler - 

Request DefaultFullHttpRequest(decodeResult: success, version: HTTP/1.1, content: EmptyByteBufBE)
GET /session/94bb8610a5d1969fabf88ee55d8f5ad0/url HTTP/1.1
User-Agent: selenium/4.8.1 (java windows)
Cache-Control: no-cache
Content-Type: application/json; charset=utf-8
host: localhost:13009
accept: */*

Response DefaultHttpResponse(decodeResult: success, version: HTTP/1.1)
HTTP/1.1 200 OK
Content-Length: 52
Content-Type: application/json; charset=utf-8
cache-control: no-cache

19:20:50.641 [AsyncHttpClient-1-20] DEBUG org.asynchttpclient.netty.channel.ChannelManager - Adding key: http://localhost:13009 for channel [id: 0x03b7f3d3, L:/127.0.0.1:60900 - R:localhost/127.0.0.1:13009]
19:20:50.654 [Forwarding getPageSource on session 94bb8610a5d1969fabf88ee55d8f5ad0 to remote] DEBUG org.asynchttpclient.netty.request.NettyRequestSender - Using pooled Channel '[id: 0x03b7f3d3, L:/127.0.0.1:60900 - R:localhost/127.0.0.1:13009]' for 'POST' to 'http://localhost:13009/session/94bb8610a5d1969fabf88ee55d8f5ad0/execute/sync'
19:20:50.654 [Forwarding getPageSource on session 94bb8610a5d1969fabf88ee55d8f5ad0 to remote] DEBUG org.asynchttpclient.netty.request.NettyRequestSender - Using open Channel [id: 0x03b7f3d3, L:/127.0.0.1:60900 - R:localhost/127.0.0.1:13009] for POST '/session/94bb8610a5d1969fabf88ee55d8f5ad0/execute/sync'
19:20:50.661 [AsyncHttpClient-1-20] DEBUG org.asynchttpclient.netty.handler.HttpHandler - 

Request DefaultHttpRequest(decodeResult: success, version: HTTP/1.1)
POST /session/94bb8610a5d1969fabf88ee55d8f5ad0/execute/sync HTTP/1.1
User-Agent: selenium/4.8.1 (java windows)
Content-Length: 176
Content-Type: application/json; charset=utf-8
host: localhost:13009
accept: */*

Response DefaultHttpResponse(decodeResult: success, version: HTTP/1.1)
HTTP/1.1 200 OK
Content-Length: 21780
Content-Type: application/json; charset=utf-8
cache-control: no-cache

19:20:50.662 [AsyncHttpClient-1-20] DEBUG org.asynchttpclient.netty.channel.ChannelManager - Adding key: http://localhost:13009 for channel [id: 0x03b7f3d3, L:/127.0.0.1:60900 - R:localhost/127.0.0.1:13009]
19:20:50.665 [Forwarding getCurrentUrl on session 94bb8610a5d1969fabf88ee55d8f5ad0 to remote] DEBUG org.asynchttpclient.netty.request.NettyRequestSender - Using pooled Channel '[id: 0x03b7f3d3, L:/127.0.0.1:60900 - R:localhost/127.0.0.1:13009]' for 'GET' to 'http://localhost:13009/session/94bb8610a5d1969fabf88ee55d8f5ad0/url'
19:20:50.665 [Forwarding getCurrentUrl on session 94bb8610a5d1969fabf88ee55d8f5ad0 to remote] DEBUG org.asynchttpclient.netty.request.NettyRequestSender - Using open Channel [id: 0x03b7f3d3, L:/127.0.0.1:60900 - R:localhost/127.0.0.1:13009] for GET '/session/94bb8610a5d1969fabf88ee55d8f5ad0/url'
19:20:50.674 [AsyncHttpClient-1-20] DEBUG org.asynchttpclient.netty.handler.HttpHandler - 

Request DefaultFullHttpRequest(decodeResult: success, version: HTTP/1.1, content: EmptyByteBufBE)
GET /session/94bb8610a5d1969fabf88ee55d8f5ad0/url HTTP/1.1
User-Agent: selenium/4.8.1 (java windows)
Cache-Control: no-cache
Content-Type: application/json; charset=utf-8
host: localhost:13009
accept: */*

Response DefaultHttpResponse(decodeResult: success, version: HTTP/1.1)
HTTP/1.1 200 OK
Content-Length: 52
Content-Type: application/json; charset=utf-8
cache-control: no-cache

19:20:50.674 [AsyncHttpClient-1-20] DEBUG org.asynchttpclient.netty.channel.ChannelManager - Adding key: http://localhost:13009 for channel [id: 0x03b7f3d3, L:/127.0.0.1:60900 - R:localhost/127.0.0.1:13009]
19:20:50.678 [main] DEBUG net.thucydides.core.steps.StepInterceptor - STARTING STEP: LoginSteps.inputIncorrectPassword - inputPassword
19:20:50.682 [Forwarding findElement on session 94bb8610a5d1969fabf88ee55d8f5ad0 to remote] DEBUG org.asynchttpclient.netty.request.NettyRequestSender - Using pooled Channel '[id: 0x03b7f3d3, L:/127.0.0.1:60900 - R:localhost/127.0.0.1:13009]' for 'POST' to 'http://localhost:13009/session/94bb8610a5d1969fabf88ee55d8f5ad0/element'
19:20:50.682 [Forwarding findElement on session 94bb8610a5d1969fabf88ee55d8f5ad0 to remote] DEBUG org.asynchttpclient.netty.request.NettyRequestSender - Using open Channel [id: 0x03b7f3d3, L:/127.0.0.1:60900 - R:localhost/127.0.0.1:13009] for POST '/session/94bb8610a5d1969fabf88ee55d8f5ad0/element'
19:20:50.753 [AsyncHttpClient-1-20] DEBUG org.asynchttpclient.netty.handler.HttpHandler - 

Request DefaultHttpRequest(decodeResult: success, version: HTTP/1.1)
POST /session/94bb8610a5d1969fabf88ee55d8f5ad0/element HTTP/1.1
User-Agent: selenium/4.8.1 (java windows)
Content-Length: 55
Content-Type: application/json; charset=utf-8
host: localhost:13009
accept: */*

Response DefaultHttpResponse(decodeResult: success, version: HTTP/1.1)
HTTP/1.1 200 OK
Content-Length: 94
Content-Type: application/json; charset=utf-8
cache-control: no-cache

19:20:50.753 [AsyncHttpClient-1-20] DEBUG org.asynchttpclient.netty.channel.ChannelManager - Adding key: http://localhost:13009 for channel [id: 0x03b7f3d3, L:/127.0.0.1:60900 - R:localhost/127.0.0.1:13009]
19:20:50.755 [Forwarding clearElement on session 94bb8610a5d1969fabf88ee55d8f5ad0 to remote] DEBUG org.asynchttpclient.netty.request.NettyRequestSender - Using pooled Channel '[id: 0x03b7f3d3, L:/127.0.0.1:60900 - R:localhost/127.0.0.1:13009]' for 'POST' to 'http://localhost:13009/session/94bb8610a5d1969fabf88ee55d8f5ad0/element/6C65F26094E5501979A4A2A588E127B1_element_7/clear'
19:20:50.755 [Forwarding clearElement on session 94bb8610a5d1969fabf88ee55d8f5ad0 to remote] DEBUG org.asynchttpclient.netty.request.NettyRequestSender - Using open Channel [id: 0x03b7f3d3, L:/127.0.0.1:60900 - R:localhost/127.0.0.1:13009] for POST '/session/94bb8610a5d1969fabf88ee55d8f5ad0/element/6C65F26094E5501979A4A2A588E127B1_element_7/clear'
19:20:50.836 [AsyncHttpClient-1-20] DEBUG org.asynchttpclient.netty.handler.HttpHandler - 

Request DefaultHttpRequest(decodeResult: success, version: HTTP/1.1)
POST /session/94bb8610a5d1969fabf88ee55d8f5ad0/element/6C65F26094E5501979A4A2A588E127B1_element_7/clear HTTP/1.1
User-Agent: selenium/4.8.1 (java windows)
Content-Length: 56
Content-Type: application/json; charset=utf-8
host: localhost:13009
accept: */*

Response DefaultHttpResponse(decodeResult: success, version: HTTP/1.1)
HTTP/1.1 200 OK
Content-Length: 14
Content-Type: application/json; charset=utf-8
cache-control: no-cache

19:20:50.837 [AsyncHttpClient-1-20] DEBUG org.asynchttpclient.netty.channel.ChannelManager - Adding key: http://localhost:13009 for channel [id: 0x03b7f3d3, L:/127.0.0.1:60900 - R:localhost/127.0.0.1:13009]
19:20:50.840 [Forwarding sendKeysToElement on session 94bb8610a5d1969fabf88ee55d8f5ad0 to remote] DEBUG org.asynchttpclient.netty.request.NettyRequestSender - Using pooled Channel '[id: 0x03b7f3d3, L:/127.0.0.1:60900 - R:localhost/127.0.0.1:13009]' for 'POST' to 'http://localhost:13009/session/94bb8610a5d1969fabf88ee55d8f5ad0/element/6C65F26094E5501979A4A2A588E127B1_element_7/value'
19:20:50.840 [Forwarding sendKeysToElement on session 94bb8610a5d1969fabf88ee55d8f5ad0 to remote] DEBUG org.asynchttpclient.netty.request.NettyRequestSender - Using open Channel [id: 0x03b7f3d3, L:/127.0.0.1:60900 - R:localhost/127.0.0.1:13009] for POST '/session/94bb8610a5d1969fabf88ee55d8f5ad0/element/6C65F26094E5501979A4A2A588E127B1_element_7/value'
19:20:51.002 [AsyncHttpClient-1-20] DEBUG org.asynchttpclient.netty.handler.HttpHandler - 

Request DefaultHttpRequest(decodeResult: success, version: HTTP/1.1)
POST /session/94bb8610a5d1969fabf88ee55d8f5ad0/element/6C65F26094E5501979A4A2A588E127B1_element_7/value HTTP/1.1
User-Agent: selenium/4.8.1 (java windows)
Content-Length: 147
Content-Type: application/json; charset=utf-8
host: localhost:13009
accept: */*

Response DefaultHttpResponse(decodeResult: success, version: HTTP/1.1)
HTTP/1.1 200 OK
Content-Length: 14
Content-Type: application/json; charset=utf-8
cache-control: no-cache

19:20:51.002 [AsyncHttpClient-1-20] DEBUG org.asynchttpclient.netty.channel.ChannelManager - Adding key: http://localhost:13009 for channel [id: 0x03b7f3d3, L:/127.0.0.1:60900 - R:localhost/127.0.0.1:13009]
19:20:51.011 [Forwarding getAlertText on session 94bb8610a5d1969fabf88ee55d8f5ad0 to remote] DEBUG org.asynchttpclient.netty.request.NettyRequestSender - Using pooled Channel '[id: 0x03b7f3d3, L:/127.0.0.1:60900 - R:localhost/127.0.0.1:13009]' for 'GET' to 'http://localhost:13009/session/94bb8610a5d1969fabf88ee55d8f5ad0/alert/text'
19:20:51.012 [Forwarding getAlertText on session 94bb8610a5d1969fabf88ee55d8f5ad0 to remote] DEBUG org.asynchttpclient.netty.request.NettyRequestSender - Using open Channel [id: 0x03b7f3d3, L:/127.0.0.1:60900 - R:localhost/127.0.0.1:13009] for GET '/session/94bb8610a5d1969fabf88ee55d8f5ad0/alert/text'
19:20:51.014 [AsyncHttpClient-1-20] DEBUG org.asynchttpclient.netty.handler.HttpHandler - 

Request DefaultFullHttpRequest(decodeResult: success, version: HTTP/1.1, content: EmptyByteBufBE)
GET /session/94bb8610a5d1969fabf88ee55d8f5ad0/alert/text HTTP/1.1
User-Agent: selenium/4.8.1 (java windows)
Cache-Control: no-cache
Content-Type: application/json; charset=utf-8
host: localhost:13009
accept: */*

Response DefaultHttpResponse(decodeResult: success, version: HTTP/1.1)
HTTP/1.1 404 Not Found
Content-Length: 847
Content-Type: application/json; charset=utf-8
cache-control: no-cache

19:20:51.015 [AsyncHttpClient-1-20] DEBUG org.asynchttpclient.netty.channel.ChannelManager - Adding key: http://localhost:13009 for channel [id: 0x03b7f3d3, L:/127.0.0.1:60900 - R:localhost/127.0.0.1:13009]
19:20:51.016 [Forwarding getCurrentUrl on session 94bb8610a5d1969fabf88ee55d8f5ad0 to remote] DEBUG org.asynchttpclient.netty.request.NettyRequestSender - Using pooled Channel '[id: 0x03b7f3d3, L:/127.0.0.1:60900 - R:localhost/127.0.0.1:13009]' for 'GET' to 'http://localhost:13009/session/94bb8610a5d1969fabf88ee55d8f5ad0/url'
19:20:51.016 [Forwarding getCurrentUrl on session 94bb8610a5d1969fabf88ee55d8f5ad0 to remote] DEBUG org.asynchttpclient.netty.request.NettyRequestSender - Using open Channel [id: 0x03b7f3d3, L:/127.0.0.1:60900 - R:localhost/127.0.0.1:13009] for GET '/session/94bb8610a5d1969fabf88ee55d8f5ad0/url'
19:20:51.030 [AsyncHttpClient-1-20] DEBUG org.asynchttpclient.netty.handler.HttpHandler - 

Request DefaultFullHttpRequest(decodeResult: success, version: HTTP/1.1, content: EmptyByteBufBE)
GET /session/94bb8610a5d1969fabf88ee55d8f5ad0/url HTTP/1.1
User-Agent: selenium/4.8.1 (java windows)
Cache-Control: no-cache
Content-Type: application/json; charset=utf-8
host: localhost:13009
accept: */*

Response DefaultHttpResponse(decodeResult: success, version: HTTP/1.1)
HTTP/1.1 200 OK
Content-Length: 52
Content-Type: application/json; charset=utf-8
cache-control: no-cache

19:20:51.031 [AsyncHttpClient-1-20] DEBUG org.asynchttpclient.netty.channel.ChannelManager - Adding key: http://localhost:13009 for channel [id: 0x03b7f3d3, L:/127.0.0.1:60900 - R:localhost/127.0.0.1:13009]
19:20:51.032 [Forwarding screenshot on session 94bb8610a5d1969fabf88ee55d8f5ad0 to remote] DEBUG org.asynchttpclient.netty.request.NettyRequestSender - Using pooled Channel '[id: 0x03b7f3d3, L:/127.0.0.1:60900 - R:localhost/127.0.0.1:13009]' for 'GET' to 'http://localhost:13009/session/94bb8610a5d1969fabf88ee55d8f5ad0/screenshot'
19:20:51.032 [Forwarding screenshot on session 94bb8610a5d1969fabf88ee55d8f5ad0 to remote] DEBUG org.asynchttpclient.netty.request.NettyRequestSender - Using open Channel [id: 0x03b7f3d3, L:/127.0.0.1:60900 - R:localhost/127.0.0.1:13009] for GET '/session/94bb8610a5d1969fabf88ee55d8f5ad0/screenshot'
19:20:51.161 [AsyncHttpClient-1-20] DEBUG org.asynchttpclient.netty.handler.HttpHandler - 

Request DefaultFullHttpRequest(decodeResult: success, version: HTTP/1.1, content: EmptyByteBufBE)
GET /session/94bb8610a5d1969fabf88ee55d8f5ad0/screenshot HTTP/1.1
User-Agent: selenium/4.8.1 (java windows)
Cache-Control: no-cache
Content-Type: application/json; charset=utf-8
host: localhost:13009
accept: */*

Response DefaultHttpResponse(decodeResult: success, version: HTTP/1.1)
HTTP/1.1 200 OK
Content-Length: 37488
Content-Type: application/json; charset=utf-8
cache-control: no-cache

19:20:51.162 [AsyncHttpClient-1-20] DEBUG org.asynchttpclient.netty.channel.ChannelManager - Adding key: http://localhost:13009 for channel [id: 0x03b7f3d3, L:/127.0.0.1:60900 - R:localhost/127.0.0.1:13009]
19:20:51.164 [main] DEBUG net.serenitybdd.core.photography.Darkroom - Send negative for processing for target\site\serenity\6d74a6ab2faf911eacc0fc2ef38a20071f89df756d3e24cfa52da0ef9dd1a59c.png
19:20:51.164 [main] DEBUG net.thucydides.core.steps.StepInterceptor - STEP DONE: inputPassword
19:20:51.164 [Darkroom Processing Line] DEBUG net.serenitybdd.core.photography.DarkroomProcessingLine - Processing screenshot image in /var/screenshots/screenshot-14031199404865603789
  &amp#27;[32mAnd &amp#27;[0m&amp#27;[32mI enter incorrect password&amp#27;[0m         &amp#27;[90m# starter.stepdefinitions.LoginSteps.inputIncorrectPassword()&amp#27;[0m
19:20:51.164 [Darkroom Processing Line] DEBUG net.serenitybdd.core.photography.DarkroomProcessingLine - Saving screenshot to target\site\serenity\6d74a6ab2faf911eacc0fc2ef38a20071f89df756d3e24cfa52da0ef9dd1a59c.png
19:20:51.175 [Forwarding getPageSource on session 94bb8610a5d1969fabf88ee55d8f5ad0 to remote] DEBUG org.asynchttpclient.netty.request.NettyRequestSender - Using pooled Channel '[id: 0x03b7f3d3, L:/127.0.0.1:60900 - R:localhost/127.0.0.1:13009]' for 'POST' to 'http://localhost:13009/session/94bb8610a5d1969fabf88ee55d8f5ad0/execute/sync'
19:20:51.175 [Forwarding getPageSource on session 94bb8610a5d1969fabf88ee55d8f5ad0 to remote] DEBUG org.asynchttpclient.netty.request.NettyRequestSender - Using open Channel [id: 0x03b7f3d3, L:/127.0.0.1:60900 - R:localhost/127.0.0.1:13009] for POST '/session/94bb8610a5d1969fabf88ee55d8f5ad0/execute/sync'
19:20:51.187 [AsyncHttpClient-1-20] DEBUG org.asynchttpclient.netty.handler.HttpHandler - 

Request DefaultHttpRequest(decodeResult: success, version: HTTP/1.1)
POST /session/94bb8610a5d1969fabf88ee55d8f5ad0/execute/sync HTTP/1.1
User-Agent: selenium/4.8.1 (java windows)
Content-Length: 176
Content-Type: application/json; charset=utf-8
host: localhost:13009
accept: */*

Response DefaultHttpResponse(decodeResult: success, version: HTTP/1.1)
HTTP/1.1 200 OK
Content-Length: 21839
Content-Type: application/json; charset=utf-8
cache-control: no-cache

19:20:51.187 [AsyncHttpClient-1-20] DEBUG org.asynchttpclient.netty.channel.ChannelManager - Adding key: http://localhost:13009 for channel [id: 0x03b7f3d3, L:/127.0.0.1:60900 - R:localhost/127.0.0.1:13009]
19:20:51.190 [Forwarding getCurrentUrl on session 94bb8610a5d1969fabf88ee55d8f5ad0 to remote] DEBUG org.asynchttpclient.netty.request.NettyRequestSender - Using pooled Channel '[id: 0x03b7f3d3, L:/127.0.0.1:60900 - R:localhost/127.0.0.1:13009]' for 'GET' to 'http://localhost:13009/session/94bb8610a5d1969fabf88ee55d8f5ad0/url'
19:20:51.190 [Forwarding getCurrentUrl on session 94bb8610a5d1969fabf88ee55d8f5ad0 to remote] DEBUG org.asynchttpclient.netty.request.NettyRequestSender - Using open Channel [id: 0x03b7f3d3, L:/127.0.0.1:60900 - R:localhost/127.0.0.1:13009] for GET '/session/94bb8610a5d1969fabf88ee55d8f5ad0/url'
19:20:51.196 [AsyncHttpClient-1-20] DEBUG org.asynchttpclient.netty.handler.HttpHandler - 

Request DefaultFullHttpRequest(decodeResult: success, version: HTTP/1.1, content: EmptyByteBufBE)
GET /session/94bb8610a5d1969fabf88ee55d8f5ad0/url HTTP/1.1
User-Agent: selenium/4.8.1 (java windows)
Cache-Control: no-cache
Content-Type: application/json; charset=utf-8
host: localhost:13009
accept: */*

Response DefaultHttpResponse(decodeResult: success, version: HTTP/1.1)
HTTP/1.1 200 OK
Content-Length: 52
Content-Type: application/json; charset=utf-8
cache-control: no-cache

19:20:51.196 [AsyncHttpClient-1-20] DEBUG org.asynchttpclient.netty.channel.ChannelManager - Adding key: http://localhost:13009 for channel [id: 0x03b7f3d3, L:/127.0.0.1:60900 - R:localhost/127.0.0.1:13009]
19:20:51.207 [Forwarding getPageSource on session 94bb8610a5d1969fabf88ee55d8f5ad0 to remote] DEBUG org.asynchttpclient.netty.request.NettyRequestSender - Using pooled Channel '[id: 0x03b7f3d3, L:/127.0.0.1:60900 - R:localhost/127.0.0.1:13009]' for 'POST' to 'http://localhost:13009/session/94bb8610a5d1969fabf88ee55d8f5ad0/execute/sync'
19:20:51.207 [Forwarding getPageSource on session 94bb8610a5d1969fabf88ee55d8f5ad0 to remote] DEBUG org.asynchttpclient.netty.request.NettyRequestSender - Using open Channel [id: 0x03b7f3d3, L:/127.0.0.1:60900 - R:localhost/127.0.0.1:13009] for POST '/session/94bb8610a5d1969fabf88ee55d8f5ad0/execute/sync'
19:20:51.217 [AsyncHttpClient-1-20] DEBUG org.asynchttpclient.netty.handler.HttpHandler - 

Request DefaultHttpRequest(decodeResult: success, version: HTTP/1.1)
POST /session/94bb8610a5d1969fabf88ee55d8f5ad0/execute/sync HTTP/1.1
User-Agent: selenium/4.8.1 (java windows)
Content-Length: 176
Content-Type: application/json; charset=utf-8
host: localhost:13009
accept: */*

Response DefaultHttpResponse(decodeResult: success, version: HTTP/1.1)
HTTP/1.1 200 OK
Content-Length: 21839
Content-Type: application/json; charset=utf-8
cache-control: no-cache

19:20:51.217 [AsyncHttpClient-1-20] DEBUG org.asynchttpclient.netty.channel.ChannelManager - Adding key: http://localhost:13009 for channel [id: 0x03b7f3d3, L:/127.0.0.1:60900 - R:localhost/127.0.0.1:13009]
19:20:51.220 [Forwarding getCurrentUrl on session 94bb8610a5d1969fabf88ee55d8f5ad0 to remote] DEBUG org.asynchttpclient.netty.request.NettyRequestSender - Using pooled Channel '[id: 0x03b7f3d3, L:/127.0.0.1:60900 - R:localhost/127.0.0.1:13009]' for 'GET' to 'http://localhost:13009/session/94bb8610a5d1969fabf88ee55d8f5ad0/url'
19:20:51.220 [Forwarding getCurrentUrl on session 94bb8610a5d1969fabf88ee55d8f5ad0 to remote] DEBUG org.asynchttpclient.netty.request.NettyRequestSender - Using open Channel [id: 0x03b7f3d3, L:/127.0.0.1:60900 - R:localhost/127.0.0.1:13009] for GET '/session/94bb8610a5d1969fabf88ee55d8f5ad0/url'
19:20:51.225 [AsyncHttpClient-1-20] DEBUG org.asynchttpclient.netty.handler.HttpHandler - 

Request DefaultFullHttpRequest(decodeResult: success, version: HTTP/1.1, content: EmptyByteBufBE)
GET /session/94bb8610a5d1969fabf88ee55d8f5ad0/url HTTP/1.1
User-Agent: selenium/4.8.1 (java windows)
Cache-Control: no-cache
Content-Type: application/json; charset=utf-8
host: localhost:13009
accept: */*

Response DefaultHttpResponse(decodeResult: success, version: HTTP/1.1)
HTTP/1.1 200 OK
Content-Length: 52
Content-Type: application/json; charset=utf-8
cache-control: no-cache

19:20:51.225 [AsyncHttpClient-1-20] DEBUG org.asynchttpclient.netty.channel.ChannelManager - Adding key: http://localhost:13009 for channel [id: 0x03b7f3d3, L:/127.0.0.1:60900 - R:localhost/127.0.0.1:13009]
19:20:51.228 [main] DEBUG net.thucydides.core.steps.StepInterceptor - STARTING STEP: LoginSteps.clickLoginButton - clickLoginButton
19:20:51.237 [Forwarding findElement on session 94bb8610a5d1969fabf88ee55d8f5ad0 to remote] DEBUG org.asynchttpclient.netty.request.NettyRequestSender - Using pooled Channel '[id: 0x03b7f3d3, L:/127.0.0.1:60900 - R:localhost/127.0.0.1:13009]' for 'POST' to 'http://localhost:13009/session/94bb8610a5d1969fabf88ee55d8f5ad0/element'
19:20:51.237 [Forwarding findElement on session 94bb8610a5d1969fabf88ee55d8f5ad0 to remote] DEBUG org.asynchttpclient.netty.request.NettyRequestSender - Using open Channel [id: 0x03b7f3d3, L:/127.0.0.1:60900 - R:localhost/127.0.0.1:13009] for POST '/session/94bb8610a5d1969fabf88ee55d8f5ad0/element'
19:20:51.257 [AsyncHttpClient-1-20] DEBUG org.asynchttpclient.netty.handler.HttpHandler - 

Request DefaultHttpRequest(decodeResult: success, version: HTTP/1.1)
POST /session/94bb8610a5d1969fabf88ee55d8f5ad0/element HTTP/1.1
User-Agent: selenium/4.8.1 (java windows)
Content-Length: 71
Content-Type: application/json; charset=utf-8
host: localhost:13009
accept: */*

Response DefaultHttpResponse(decodeResult: success, version: HTTP/1.1)
HTTP/1.1 200 OK
Content-Length: 94
Content-Type: application/json; charset=utf-8
cache-control: no-cache

19:20:51.257 [AsyncHttpClient-1-20] DEBUG org.asynchttpclient.netty.channel.ChannelManager - Adding key: http://localhost:13009 for channel [id: 0x03b7f3d3, L:/127.0.0.1:60900 - R:localhost/127.0.0.1:13009]
19:20:51.258 [Forwarding getElementTagName on session 94bb8610a5d1969fabf88ee55d8f5ad0 to remote] DEBUG org.asynchttpclient.netty.request.NettyRequestSender - Using pooled Channel '[id: 0x03b7f3d3, L:/127.0.0.1:60900 - R:localhost/127.0.0.1:13009]' for 'GET' to 'http://localhost:13009/session/94bb8610a5d1969fabf88ee55d8f5ad0/element/6C65F26094E5501979A4A2A588E127B1_element_8/name'
19:20:51.258 [Forwarding getElementTagName on session 94bb8610a5d1969fabf88ee55d8f5ad0 to remote] DEBUG org.asynchttpclient.netty.request.NettyRequestSender - Using open Channel [id: 0x03b7f3d3, L:/127.0.0.1:60900 - R:localhost/127.0.0.1:13009] for GET '/session/94bb8610a5d1969fabf88ee55d8f5ad0/element/6C65F26094E5501979A4A2A588E127B1_element_8/name'
19:20:51.265 [AsyncHttpClient-1-20] DEBUG org.asynchttpclient.netty.handler.HttpHandler - 

Request DefaultFullHttpRequest(decodeResult: success, version: HTTP/1.1, content: EmptyByteBufBE)
GET /session/94bb8610a5d1969fabf88ee55d8f5ad0/element/6C65F26094E5501979A4A2A588E127B1_element_8/name HTTP/1.1
User-Agent: selenium/4.8.1 (java windows)
Cache-Control: no-cache
Content-Type: application/json; charset=utf-8
host: localhost:13009
accept: */*

Response DefaultHttpResponse(decodeResult: success, version: HTTP/1.1)
HTTP/1.1 200 OK
Content-Length: 18
Content-Type: application/json; charset=utf-8
cache-control: no-cache

19:20:51.265 [AsyncHttpClient-1-20] DEBUG org.asynchttpclient.netty.channel.ChannelManager - Adding key: http://localhost:13009 for channel [id: 0x03b7f3d3, L:/127.0.0.1:60900 - R:localhost/127.0.0.1:13009]
19:20:51.266 [Forwarding getElementTagName on session 94bb8610a5d1969fabf88ee55d8f5ad0 to remote] DEBUG org.asynchttpclient.netty.request.NettyRequestSender - Using pooled Channel '[id: 0x03b7f3d3, L:/127.0.0.1:60900 - R:localhost/127.0.0.1:13009]' for 'GET' to 'http://localhost:13009/session/94bb8610a5d1969fabf88ee55d8f5ad0/element/6C65F26094E5501979A4A2A588E127B1_element_8/name'
19:20:51.266 [Forwarding getElementTagName on session 94bb8610a5d1969fabf88ee55d8f5ad0 to remote] DEBUG org.asynchttpclient.netty.request.NettyRequestSender - Using open Channel [id: 0x03b7f3d3, L:/127.0.0.1:60900 - R:localhost/127.0.0.1:13009] for GET '/session/94bb8610a5d1969fabf88ee55d8f5ad0/element/6C65F26094E5501979A4A2A588E127B1_element_8/name'
19:20:51.276 [AsyncHttpClient-1-20] DEBUG org.asynchttpclient.netty.handler.HttpHandler - 

Request DefaultFullHttpRequest(decodeResult: success, version: HTTP/1.1, content: EmptyByteBufBE)
GET /session/94bb8610a5d1969fabf88ee55d8f5ad0/element/6C65F26094E5501979A4A2A588E127B1_element_8/name HTTP/1.1
User-Agent: selenium/4.8.1 (java windows)
Cache-Control: no-cache
Content-Type: application/json; charset=utf-8
host: localhost:13009
accept: */*

Response DefaultHttpResponse(decodeResult: success, version: HTTP/1.1)
HTTP/1.1 200 OK
Content-Length: 18
Content-Type: application/json; charset=utf-8
cache-control: no-cache

19:20:51.276 [AsyncHttpClient-1-20] DEBUG org.asynchttpclient.netty.channel.ChannelManager - Adding key: http://localhost:13009 for channel [id: 0x03b7f3d3, L:/127.0.0.1:60900 - R:localhost/127.0.0.1:13009]
19:20:51.278 [Forwarding isElementEnabled on session 94bb8610a5d1969fabf88ee55d8f5ad0 to remote] DEBUG org.asynchttpclient.netty.request.NettyRequestSender - Using pooled Channel '[id: 0x03b7f3d3, L:/127.0.0.1:60900 - R:localhost/127.0.0.1:13009]' for 'GET' to 'http://localhost:13009/session/94bb8610a5d1969fabf88ee55d8f5ad0/element/6C65F26094E5501979A4A2A588E127B1_element_8/enabled'
19:20:51.278 [Forwarding isElementEnabled on session 94bb8610a5d1969fabf88ee55d8f5ad0 to remote] DEBUG org.asynchttpclient.netty.request.NettyRequestSender - Using open Channel [id: 0x03b7f3d3, L:/127.0.0.1:60900 - R:localhost/127.0.0.1:13009] for GET '/session/94bb8610a5d1969fabf88ee55d8f5ad0/element/6C65F26094E5501979A4A2A588E127B1_element_8/enabled'
19:20:51.292 [AsyncHttpClient-1-20] DEBUG org.asynchttpclient.netty.handler.HttpHandler - 

Request DefaultFullHttpRequest(decodeResult: success, version: HTTP/1.1, content: EmptyByteBufBE)
GET /session/94bb8610a5d1969fabf88ee55d8f5ad0/element/6C65F26094E5501979A4A2A588E127B1_element_8/enabled HTTP/1.1
User-Agent: selenium/4.8.1 (java windows)
Cache-Control: no-cache
Content-Type: application/json; charset=utf-8
host: localhost:13009
accept: */*

Response DefaultHttpResponse(decodeResult: success, version: HTTP/1.1)
HTTP/1.1 200 OK
Content-Length: 14
Content-Type: application/json; charset=utf-8
cache-control: no-cache

19:20:51.292 [AsyncHttpClient-1-20] DEBUG org.asynchttpclient.netty.channel.ChannelManager - Adding key: http://localhost:13009 for channel [id: 0x03b7f3d3, L:/127.0.0.1:60900 - R:localhost/127.0.0.1:13009]
19:20:51.293 [Forwarding isElementEnabled on session 94bb8610a5d1969fabf88ee55d8f5ad0 to remote] DEBUG org.asynchttpclient.netty.request.NettyRequestSender - Using pooled Channel '[id: 0x03b7f3d3, L:/127.0.0.1:60900 - R:localhost/127.0.0.1:13009]' for 'GET' to 'http://localhost:13009/session/94bb8610a5d1969fabf88ee55d8f5ad0/element/6C65F26094E5501979A4A2A588E127B1_element_8/enabled'
19:20:51.293 [Forwarding isElementEnabled on session 94bb8610a5d1969fabf88ee55d8f5ad0 to remote] DEBUG org.asynchttpclient.netty.request.NettyRequestSender - Using open Channel [id: 0x03b7f3d3, L:/127.0.0.1:60900 - R:localhost/127.0.0.1:13009] for GET '/session/94bb8610a5d1969fabf88ee55d8f5ad0/element/6C65F26094E5501979A4A2A588E127B1_element_8/enabled'
19:20:51.302 [AsyncHttpClient-1-20] DEBUG org.asynchttpclient.netty.handler.HttpHandler - 

Request DefaultFullHttpRequest(decodeResult: success, version: HTTP/1.1, content: EmptyByteBufBE)
GET /session/94bb8610a5d1969fabf88ee55d8f5ad0/element/6C65F26094E5501979A4A2A588E127B1_element_8/enabled HTTP/1.1
User-Agent: selenium/4.8.1 (java windows)
Cache-Control: no-cache
Content-Type: application/json; charset=utf-8
host: localhost:13009
accept: */*

Response DefaultHttpResponse(decodeResult: success, version: HTTP/1.1)
HTTP/1.1 200 OK
Content-Length: 14
Content-Type: application/json; charset=utf-8
cache-control: no-cache

19:20:51.303 [AsyncHttpClient-1-20] DEBUG org.asynchttpclient.netty.channel.ChannelManager - Adding key: http://localhost:13009 for channel [id: 0x03b7f3d3, L:/127.0.0.1:60900 - R:localhost/127.0.0.1:13009]
19:20:51.304 [Forwarding findElement on session 94bb8610a5d1969fabf88ee55d8f5ad0 to remote] DEBUG org.asynchttpclient.netty.request.NettyRequestSender - Using pooled Channel '[id: 0x03b7f3d3, L:/127.0.0.1:60900 - R:localhost/127.0.0.1:13009]' for 'POST' to 'http://localhost:13009/session/94bb8610a5d1969fabf88ee55d8f5ad0/element'
19:20:51.304 [Forwarding findElement on session 94bb8610a5d1969fabf88ee55d8f5ad0 to remote] DEBUG org.asynchttpclient.netty.request.NettyRequestSender - Using open Channel [id: 0x03b7f3d3, L:/127.0.0.1:60900 - R:localhost/127.0.0.1:13009] for POST '/session/94bb8610a5d1969fabf88ee55d8f5ad0/element'
19:20:51.311 [AsyncHttpClient-1-20] DEBUG org.asynchttpclient.netty.handler.HttpHandler - 

Request DefaultHttpRequest(decodeResult: success, version: HTTP/1.1)
POST /session/94bb8610a5d1969fabf88ee55d8f5ad0/element HTTP/1.1
User-Agent: selenium/4.8.1 (java windows)
Content-Length: 71
Content-Type: application/json; charset=utf-8
host: localhost:13009
accept: */*

Response DefaultHttpResponse(decodeResult: success, version: HTTP/1.1)
HTTP/1.1 200 OK
Content-Length: 94
Content-Type: application/json; charset=utf-8
cache-control: no-cache

19:20:51.311 [AsyncHttpClient-1-20] DEBUG org.asynchttpclient.netty.channel.ChannelManager - Adding key: http://localhost:13009 for channel [id: 0x03b7f3d3, L:/127.0.0.1:60900 - R:localhost/127.0.0.1:13009]
19:20:51.312 [Forwarding clickElement on session 94bb8610a5d1969fabf88ee55d8f5ad0 to remote] DEBUG org.asynchttpclient.netty.request.NettyRequestSender - Using pooled Channel '[id: 0x03b7f3d3, L:/127.0.0.1:60900 - R:localhost/127.0.0.1:13009]' for 'POST' to 'http://localhost:13009/session/94bb8610a5d1969fabf88ee55d8f5ad0/element/6C65F26094E5501979A4A2A588E127B1_element_8/click'
19:20:51.312 [Forwarding clickElement on session 94bb8610a5d1969fabf88ee55d8f5ad0 to remote] DEBUG org.asynchttpclient.netty.request.NettyRequestSender - Using open Channel [id: 0x03b7f3d3, L:/127.0.0.1:60900 - R:localhost/127.0.0.1:13009] for POST '/session/94bb8610a5d1969fabf88ee55d8f5ad0/element/6C65F26094E5501979A4A2A588E127B1_element_8/click'
19:20:51.358 [AsyncHttpClient-1-20] DEBUG org.asynchttpclient.netty.handler.HttpHandler - 

Request DefaultHttpRequest(decodeResult: success, version: HTTP/1.1)
POST /session/94bb8610a5d1969fabf88ee55d8f5ad0/element/6C65F26094E5501979A4A2A588E127B1_element_8/click HTTP/1.1
User-Agent: selenium/4.8.1 (java windows)
Content-Length: 56
Content-Type: application/json; charset=utf-8
host: localhost:13009
accept: */*

Response DefaultHttpResponse(decodeResult: success, version: HTTP/1.1)
HTTP/1.1 200 OK
Content-Length: 14
Content-Type: application/json; charset=utf-8
cache-control: no-cache

19:20:51.358 [AsyncHttpClient-1-20] DEBUG org.asynchttpclient.netty.channel.ChannelManager - Adding key: http://localhost:13009 for channel [id: 0x03b7f3d3, L:/127.0.0.1:60900 - R:localhost/127.0.0.1:13009]
19:20:51.363 [Forwarding getAlertText on session 94bb8610a5d1969fabf88ee55d8f5ad0 to remote] DEBUG org.asynchttpclient.netty.request.NettyRequestSender - Using pooled Channel '[id: 0x03b7f3d3, L:/127.0.0.1:60900 - R:localhost/127.0.0.1:13009]' for 'GET' to 'http://localhost:13009/session/94bb8610a5d1969fabf88ee55d8f5ad0/alert/text'
19:20:51.363 [Forwarding getAlertText on session 94bb8610a5d1969fabf88ee55d8f5ad0 to remote] DEBUG org.asynchttpclient.netty.request.NettyRequestSender - Using open Channel [id: 0x03b7f3d3, L:/127.0.0.1:60900 - R:localhost/127.0.0.1:13009] for GET '/session/94bb8610a5d1969fabf88ee55d8f5ad0/alert/text'
19:20:51.364 [AsyncHttpClient-1-20] DEBUG org.asynchttpclient.netty.handler.HttpHandler - 

Request DefaultFullHttpRequest(decodeResult: success, version: HTTP/1.1, content: EmptyByteBufBE)
GET /session/94bb8610a5d1969fabf88ee55d8f5ad0/alert/text HTTP/1.1
User-Agent: selenium/4.8.1 (java windows)
Cache-Control: no-cache
Content-Type: application/json; charset=utf-8
host: localhost:13009
accept: */*

Response DefaultHttpResponse(decodeResult: success, version: HTTP/1.1)
HTTP/1.1 404 Not Found
Content-Length: 847
Content-Type: application/json; charset=utf-8
cache-control: no-cache

19:20:51.364 [AsyncHttpClient-1-20] DEBUG org.asynchttpclient.netty.channel.ChannelManager - Adding key: http://localhost:13009 for channel [id: 0x03b7f3d3, L:/127.0.0.1:60900 - R:localhost/127.0.0.1:13009]
19:20:51.365 [Forwarding getCurrentUrl on session 94bb8610a5d1969fabf88ee55d8f5ad0 to remote] DEBUG org.asynchttpclient.netty.request.NettyRequestSender - Using pooled Channel '[id: 0x03b7f3d3, L:/127.0.0.1:60900 - R:localhost/127.0.0.1:13009]' for 'GET' to 'http://localhost:13009/session/94bb8610a5d1969fabf88ee55d8f5ad0/url'
19:20:51.365 [Forwarding getCurrentUrl on session 94bb8610a5d1969fabf88ee55d8f5ad0 to remote] DEBUG org.asynchttpclient.netty.request.NettyRequestSender - Using open Channel [id: 0x03b7f3d3, L:/127.0.0.1:60900 - R:localhost/127.0.0.1:13009] for GET '/session/94bb8610a5d1969fabf88ee55d8f5ad0/url'
19:20:51.367 [AsyncHttpClient-1-20] DEBUG org.asynchttpclient.netty.handler.HttpHandler - 

Request DefaultFullHttpRequest(decodeResult: success, version: HTTP/1.1, content: EmptyByteBufBE)
GET /session/94bb8610a5d1969fabf88ee55d8f5ad0/url HTTP/1.1
User-Agent: selenium/4.8.1 (java windows)
Cache-Control: no-cache
Content-Type: application/json; charset=utf-8
host: localhost:13009
accept: */*

Response DefaultHttpResponse(decodeResult: success, version: HTTP/1.1)
HTTP/1.1 200 OK
Content-Length: 52
Content-Type: application/json; charset=utf-8
cache-control: no-cache

19:20:51.368 [AsyncHttpClient-1-20] DEBUG org.asynchttpclient.netty.channel.ChannelManager - Adding key: http://localhost:13009 for channel [id: 0x03b7f3d3, L:/127.0.0.1:60900 - R:localhost/127.0.0.1:13009]
19:20:51.368 [Forwarding screenshot on session 94bb8610a5d1969fabf88ee55d8f5ad0 to remote] DEBUG org.asynchttpclient.netty.request.NettyRequestSender - Using pooled Channel '[id: 0x03b7f3d3, L:/127.0.0.1:60900 - R:localhost/127.0.0.1:13009]' for 'GET' to 'http://localhost:13009/session/94bb8610a5d1969fabf88ee55d8f5ad0/screenshot'
19:20:51.368 [Forwarding screenshot on session 94bb8610a5d1969fabf88ee55d8f5ad0 to remote] DEBUG org.asynchttpclient.netty.request.NettyRequestSender - Using open Channel [id: 0x03b7f3d3, L:/127.0.0.1:60900 - R:localhost/127.0.0.1:13009] for GET '/session/94bb8610a5d1969fabf88ee55d8f5ad0/screenshot'
19:20:51.489 [AsyncHttpClient-1-20] DEBUG org.asynchttpclient.netty.handler.HttpHandler - 

Request DefaultFullHttpRequest(decodeResult: success, version: HTTP/1.1, content: EmptyByteBufBE)
GET /session/94bb8610a5d1969fabf88ee55d8f5ad0/screenshot HTTP/1.1
User-Agent: selenium/4.8.1 (java windows)
Cache-Control: no-cache
Content-Type: application/json; charset=utf-8
host: localhost:13009
accept: */*

Response DefaultHttpResponse(decodeResult: success, version: HTTP/1.1)
HTTP/1.1 200 OK
Content-Length: 36856
Content-Type: application/json; charset=utf-8
cache-control: no-cache

19:20:51.490 [AsyncHttpClient-1-20] DEBUG org.asynchttpclient.netty.channel.ChannelManager - Adding key: http://localhost:13009 for channel [id: 0x03b7f3d3, L:/127.0.0.1:60900 - R:localhost/127.0.0.1:13009]
19:20:51.492 [main] DEBUG net.serenitybdd.core.photography.Darkroom - Send negative for processing for target\site\serenity\8a5ec980631f66a64648d346647a830f243b3b942c4a6e4c0a75bc060c1a6c08.png
19:20:51.492 [main] DEBUG net.thucydides.core.steps.StepInterceptor - STEP DONE: clickLoginButton
  &amp#27;[32mWhen &amp#27;[0m&amp#27;[32mI click on the login button&amp#27;[0m       &amp#27;[90m# starter.stepdefinitions.LoginSteps.clickLoginButton()&amp#27;[0m
19:20:51.492 [Darkroom Processing Line] DEBUG net.serenitybdd.core.photography.DarkroomProcessingLine - Processing screenshot image in /var/screenshots/screenshot-3942766811822538823
19:20:51.492 [Darkroom Processing Line] DEBUG net.serenitybdd.core.photography.DarkroomProcessingLine - Saving screenshot to target\site\serenity\8a5ec980631f66a64648d346647a830f243b3b942c4a6e4c0a75bc060c1a6c08.png
19:20:51.502 [Forwarding getPageSource on session 94bb8610a5d1969fabf88ee55d8f5ad0 to remote] DEBUG org.asynchttpclient.netty.request.NettyRequestSender - Using pooled Channel '[id: 0x03b7f3d3, L:/127.0.0.1:60900 - R:localhost/127.0.0.1:13009]' for 'POST' to 'http://localhost:13009/session/94bb8610a5d1969fabf88ee55d8f5ad0/execute/sync'
19:20:51.503 [Forwarding getPageSource on session 94bb8610a5d1969fabf88ee55d8f5ad0 to remote] DEBUG org.asynchttpclient.netty.request.NettyRequestSender - Using open Channel [id: 0x03b7f3d3, L:/127.0.0.1:60900 - R:localhost/127.0.0.1:13009] for POST '/session/94bb8610a5d1969fabf88ee55d8f5ad0/execute/sync'
19:20:51.509 [AsyncHttpClient-1-20] DEBUG org.asynchttpclient.netty.handler.HttpHandler - 

Request DefaultHttpRequest(decodeResult: success, version: HTTP/1.1)
POST /session/94bb8610a5d1969fabf88ee55d8f5ad0/execute/sync HTTP/1.1
User-Agent: selenium/4.8.1 (java windows)
Content-Length: 176
Content-Type: application/json; charset=utf-8
host: localhost:13009
accept: */*

Response DefaultHttpResponse(decodeResult: success, version: HTTP/1.1)
HTTP/1.1 200 OK
Content-Length: 22119
Content-Type: application/json; charset=utf-8
cache-control: no-cache

19:20:51.509 [AsyncHttpClient-1-20] DEBUG org.asynchttpclient.netty.channel.ChannelManager - Adding key: http://localhost:13009 for channel [id: 0x03b7f3d3, L:/127.0.0.1:60900 - R:localhost/127.0.0.1:13009]
19:20:51.512 [Forwarding getCurrentUrl on session 94bb8610a5d1969fabf88ee55d8f5ad0 to remote] DEBUG org.asynchttpclient.netty.request.NettyRequestSender - Using pooled Channel '[id: 0x03b7f3d3, L:/127.0.0.1:60900 - R:localhost/127.0.0.1:13009]' for 'GET' to 'http://localhost:13009/session/94bb8610a5d1969fabf88ee55d8f5ad0/url'
19:20:51.512 [Forwarding getCurrentUrl on session 94bb8610a5d1969fabf88ee55d8f5ad0 to remote] DEBUG org.asynchttpclient.netty.request.NettyRequestSender - Using open Channel [id: 0x03b7f3d3, L:/127.0.0.1:60900 - R:localhost/127.0.0.1:13009] for GET '/session/94bb8610a5d1969fabf88ee55d8f5ad0/url'
19:20:51.525 [AsyncHttpClient-1-20] DEBUG org.asynchttpclient.netty.handler.HttpHandler - 

Request DefaultFullHttpRequest(decodeResult: success, version: HTTP/1.1, content: EmptyByteBufBE)
GET /session/94bb8610a5d1969fabf88ee55d8f5ad0/url HTTP/1.1
User-Agent: selenium/4.8.1 (java windows)
Cache-Control: no-cache
Content-Type: application/json; charset=utf-8
host: localhost:13009
accept: */*

Response DefaultHttpResponse(decodeResult: success, version: HTTP/1.1)
HTTP/1.1 200 OK
Content-Length: 52
Content-Type: application/json; charset=utf-8
cache-control: no-cache

19:20:51.525 [AsyncHttpClient-1-20] DEBUG org.asynchttpclient.netty.channel.ChannelManager - Adding key: http://localhost:13009 for channel [id: 0x03b7f3d3, L:/127.0.0.1:60900 - R:localhost/127.0.0.1:13009]
19:20:51.536 [Forwarding getPageSource on session 94bb8610a5d1969fabf88ee55d8f5ad0 to remote] DEBUG org.asynchttpclient.netty.request.NettyRequestSender - Using pooled Channel '[id: 0x03b7f3d3, L:/127.0.0.1:60900 - R:localhost/127.0.0.1:13009]' for 'POST' to 'http://localhost:13009/session/94bb8610a5d1969fabf88ee55d8f5ad0/execute/sync'
19:20:51.536 [Forwarding getPageSource on session 94bb8610a5d1969fabf88ee55d8f5ad0 to remote] DEBUG org.asynchttpclient.netty.request.NettyRequestSender - Using open Channel [id: 0x03b7f3d3, L:/127.0.0.1:60900 - R:localhost/127.0.0.1:13009] for POST '/session/94bb8610a5d1969fabf88ee55d8f5ad0/execute/sync'
19:20:51.541 [AsyncHttpClient-1-20] DEBUG org.asynchttpclient.netty.handler.HttpHandler - 

Request DefaultHttpRequest(decodeResult: success, version: HTTP/1.1)
POST /session/94bb8610a5d1969fabf88ee55d8f5ad0/execute/sync HTTP/1.1
User-Agent: selenium/4.8.1 (java windows)
Content-Length: 176
Content-Type: application/json; charset=utf-8
host: localhost:13009
accept: */*

Response DefaultHttpResponse(decodeResult: success, version: HTTP/1.1)
HTTP/1.1 200 OK
Content-Length: 22580
Content-Type: application/json; charset=utf-8
cache-control: no-cache

19:20:51.541 [AsyncHttpClient-1-20] DEBUG org.asynchttpclient.netty.channel.ChannelManager - Adding key: http://localhost:13009 for channel [id: 0x03b7f3d3, L:/127.0.0.1:60900 - R:localhost/127.0.0.1:13009]
19:20:51.543 [Forwarding getCurrentUrl on session 94bb8610a5d1969fabf88ee55d8f5ad0 to remote] DEBUG org.asynchttpclient.netty.request.NettyRequestSender - Using pooled Channel '[id: 0x03b7f3d3, L:/127.0.0.1:60900 - R:localhost/127.0.0.1:13009]' for 'GET' to 'http://localhost:13009/session/94bb8610a5d1969fabf88ee55d8f5ad0/url'
19:20:51.543 [Forwarding getCurrentUrl on session 94bb8610a5d1969fabf88ee55d8f5ad0 to remote] DEBUG org.asynchttpclient.netty.request.NettyRequestSender - Using open Channel [id: 0x03b7f3d3, L:/127.0.0.1:60900 - R:localhost/127.0.0.1:13009] for GET '/session/94bb8610a5d1969fabf88ee55d8f5ad0/url'
19:20:51.550 [AsyncHttpClient-1-20] DEBUG org.asynchttpclient.netty.handler.HttpHandler - 

Request DefaultFullHttpRequest(decodeResult: success, version: HTTP/1.1, content: EmptyByteBufBE)
GET /session/94bb8610a5d1969fabf88ee55d8f5ad0/url HTTP/1.1
User-Agent: selenium/4.8.1 (java windows)
Cache-Control: no-cache
Content-Type: application/json; charset=utf-8
host: localhost:13009
accept: */*

Response DefaultHttpResponse(decodeResult: success, version: HTTP/1.1)
HTTP/1.1 200 OK
Content-Length: 52
Content-Type: application/json; charset=utf-8
cache-control: no-cache

19:20:51.550 [AsyncHttpClient-1-20] DEBUG org.asynchttpclient.netty.channel.ChannelManager - Adding key: http://localhost:13009 for channel [id: 0x03b7f3d3, L:/127.0.0.1:60900 - R:localhost/127.0.0.1:13009]
19:20:51.552 [main] DEBUG net.thucydides.core.steps.StepInterceptor - STARTING STEP: LoginSteps.alertContent - incorrectAlert
19:20:51.553 [Forwarding findElement on session 94bb8610a5d1969fabf88ee55d8f5ad0 to remote] DEBUG org.asynchttpclient.netty.request.NettyRequestSender - Using pooled Channel '[id: 0x03b7f3d3, L:/127.0.0.1:60900 - R:localhost/127.0.0.1:13009]' for 'POST' to 'http://localhost:13009/session/94bb8610a5d1969fabf88ee55d8f5ad0/element'
19:20:51.553 [Forwarding findElement on session 94bb8610a5d1969fabf88ee55d8f5ad0 to remote] DEBUG org.asynchttpclient.netty.request.NettyRequestSender - Using open Channel [id: 0x03b7f3d3, L:/127.0.0.1:60900 - R:localhost/127.0.0.1:13009] for POST '/session/94bb8610a5d1969fabf88ee55d8f5ad0/element'
19:20:51.565 [AsyncHttpClient-1-20] DEBUG org.asynchttpclient.netty.handler.HttpHandler - 

Request DefaultHttpRequest(decodeResult: success, version: HTTP/1.1)
POST /session/94bb8610a5d1969fabf88ee55d8f5ad0/element HTTP/1.1
User-Agent: selenium/4.8.1 (java windows)
Content-Length: 54
Content-Type: application/json; charset=utf-8
host: localhost:13009
accept: */*

Response DefaultHttpResponse(decodeResult: success, version: HTTP/1.1)
HTTP/1.1 200 OK
Content-Length: 95
Content-Type: application/json; charset=utf-8
cache-control: no-cache

19:20:51.565 [AsyncHttpClient-1-20] DEBUG org.asynchttpclient.netty.channel.ChannelManager - Adding key: http://localhost:13009 for channel [id: 0x03b7f3d3, L:/127.0.0.1:60900 - R:localhost/127.0.0.1:13009]
19:20:51.568 [Forwarding isElementDisplayed on session 94bb8610a5d1969fabf88ee55d8f5ad0 to remote] DEBUG org.asynchttpclient.netty.request.NettyRequestSender - Using pooled Channel '[id: 0x03b7f3d3, L:/127.0.0.1:60900 - R:localhost/127.0.0.1:13009]' for 'POST' to 'http://localhost:13009/session/94bb8610a5d1969fabf88ee55d8f5ad0/execute/sync'
19:20:51.568 [Forwarding isElementDisplayed on session 94bb8610a5d1969fabf88ee55d8f5ad0 to remote] DEBUG org.asynchttpclient.netty.request.NettyRequestSender - Using open Channel [id: 0x03b7f3d3, L:/127.0.0.1:60900 - R:localhost/127.0.0.1:13009] for POST '/session/94bb8610a5d1969fabf88ee55d8f5ad0/execute/sync'
19:20:51.585 [AsyncHttpClient-1-20] DEBUG org.asynchttpclient.netty.handler.HttpHandler - 

Request DefaultHttpRequest(decodeResult: success, version: HTTP/1.1)
POST /session/94bb8610a5d1969fabf88ee55d8f5ad0/execute/sync HTTP/1.1
User-Agent: selenium/4.8.1 (java windows)
Content-Length: 48814
Content-Type: application/json; charset=utf-8
host: localhost:13009
accept: */*

Response DefaultHttpResponse(decodeResult: success, version: HTTP/1.1)
HTTP/1.1 200 OK
Content-Length: 14
Content-Type: application/json; charset=utf-8
cache-control: no-cache

19:20:51.585 [AsyncHttpClient-1-20] DEBUG org.asynchttpclient.netty.channel.ChannelManager - Adding key: http://localhost:13009 for channel [id: 0x03b7f3d3, L:/127.0.0.1:60900 - R:localhost/127.0.0.1:13009]
19:20:51.592 [Forwarding getAlertText on session 94bb8610a5d1969fabf88ee55d8f5ad0 to remote] DEBUG org.asynchttpclient.netty.request.NettyRequestSender - Using pooled Channel '[id: 0x03b7f3d3, L:/127.0.0.1:60900 - R:localhost/127.0.0.1:13009]' for 'GET' to 'http://localhost:13009/session/94bb8610a5d1969fabf88ee55d8f5ad0/alert/text'
19:20:51.592 [Forwarding getAlertText on session 94bb8610a5d1969fabf88ee55d8f5ad0 to remote] DEBUG org.asynchttpclient.netty.request.NettyRequestSender - Using open Channel [id: 0x03b7f3d3, L:/127.0.0.1:60900 - R:localhost/127.0.0.1:13009] for GET '/session/94bb8610a5d1969fabf88ee55d8f5ad0/alert/text'
19:20:51.594 [AsyncHttpClient-1-20] DEBUG org.asynchttpclient.netty.handler.HttpHandler - 

Request DefaultFullHttpRequest(decodeResult: success, version: HTTP/1.1, content: EmptyByteBufBE)
GET /session/94bb8610a5d1969fabf88ee55d8f5ad0/alert/text HTTP/1.1
User-Agent: selenium/4.8.1 (java windows)
Cache-Control: no-cache
Content-Type: application/json; charset=utf-8
host: localhost:13009
accept: */*

Response DefaultHttpResponse(decodeResult: success, version: HTTP/1.1)
HTTP/1.1 404 Not Found
Content-Length: 847
Content-Type: application/json; charset=utf-8
cache-control: no-cache

19:20:51.594 [AsyncHttpClient-1-20] DEBUG org.asynchttpclient.netty.channel.ChannelManager - Adding key: http://localhost:13009 for channel [id: 0x03b7f3d3, L:/127.0.0.1:60900 - R:localhost/127.0.0.1:13009]
19:20:51.595 [Forwarding getCurrentUrl on session 94bb8610a5d1969fabf88ee55d8f5ad0 to remote] DEBUG org.asynchttpclient.netty.request.NettyRequestSender - Using pooled Channel '[id: 0x03b7f3d3, L:/127.0.0.1:60900 - R:localhost/127.0.0.1:13009]' for 'GET' to 'http://localhost:13009/session/94bb8610a5d1969fabf88ee55d8f5ad0/url'
19:20:51.596 [Forwarding getCurrentUrl on session 94bb8610a5d1969fabf88ee55d8f5ad0 to remote] DEBUG org.asynchttpclient.netty.request.NettyRequestSender - Using open Channel [id: 0x03b7f3d3, L:/127.0.0.1:60900 - R:localhost/127.0.0.1:13009] for GET '/session/94bb8610a5d1969fabf88ee55d8f5ad0/url'
19:20:51.602 [AsyncHttpClient-1-20] DEBUG org.asynchttpclient.netty.handler.HttpHandler - 

Request DefaultFullHttpRequest(decodeResult: success, version: HTTP/1.1, content: EmptyByteBufBE)
GET /session/94bb8610a5d1969fabf88ee55d8f5ad0/url HTTP/1.1
User-Agent: selenium/4.8.1 (java windows)
Cache-Control: no-cache
Content-Type: application/json; charset=utf-8
host: localhost:13009
accept: */*

Response DefaultHttpResponse(decodeResult: success, version: HTTP/1.1)
HTTP/1.1 200 OK
Content-Length: 52
Content-Type: application/json; charset=utf-8
cache-control: no-cache

19:20:51.602 [AsyncHttpClient-1-20] DEBUG org.asynchttpclient.netty.channel.ChannelManager - Adding key: http://localhost:13009 for channel [id: 0x03b7f3d3, L:/127.0.0.1:60900 - R:localhost/127.0.0.1:13009]
19:20:51.603 [Forwarding screenshot on session 94bb8610a5d1969fabf88ee55d8f5ad0 to remote] DEBUG org.asynchttpclient.netty.request.NettyRequestSender - Using pooled Channel '[id: 0x03b7f3d3, L:/127.0.0.1:60900 - R:localhost/127.0.0.1:13009]' for 'GET' to 'http://localhost:13009/session/94bb8610a5d1969fabf88ee55d8f5ad0/screenshot'
19:20:51.603 [Forwarding screenshot on session 94bb8610a5d1969fabf88ee55d8f5ad0 to remote] DEBUG org.asynchttpclient.netty.request.NettyRequestSender - Using open Channel [id: 0x03b7f3d3, L:/127.0.0.1:60900 - R:localhost/127.0.0.1:13009] for GET '/session/94bb8610a5d1969fabf88ee55d8f5ad0/screenshot'
19:20:51.699 [AsyncHttpClient-1-1] DEBUG org.asynchttpclient.netty.channel.DefaultChannelPool - Entry count for : http://localhost:60901 : 1
19:20:51.799 [AsyncHttpClient-1-20] DEBUG org.asynchttpclient.netty.handler.HttpHandler - 

Request DefaultFullHttpRequest(decodeResult: success, version: HTTP/1.1, content: EmptyByteBufBE)
GET /session/94bb8610a5d1969fabf88ee55d8f5ad0/screenshot HTTP/1.1
User-Agent: selenium/4.8.1 (java windows)
Cache-Control: no-cache
Content-Type: application/json; charset=utf-8
host: localhost:13009
accept: */*

Response DefaultHttpResponse(decodeResult: success, version: HTTP/1.1)
HTTP/1.1 200 OK
Content-Length: 44524
Content-Type: application/json; charset=utf-8
cache-control: no-cache

19:20:51.799 [AsyncHttpClient-1-20] DEBUG org.asynchttpclient.netty.channel.ChannelManager - Adding key: http://localhost:13009 for channel [id: 0x03b7f3d3, L:/127.0.0.1:60900 - R:localhost/127.0.0.1:13009]
19:20:51.804 [main] DEBUG net.serenitybdd.core.photography.Darkroom - Send negative for processing for target\site\serenity\a0d9428479f8d8cd370e33161eaeff520f918eaef4c3d10272a9973560e785c8.png
19:20:51.804 [main] DEBUG net.thucydides.core.steps.StepInterceptor - STEP DONE: incorrectAlert
  &amp#27;[32mThen &amp#27;[0m&amp#27;[32mI should see the error message&amp#27;[0m    &amp#27;[90m# starter.stepdefinitions.LoginSteps.alertContent()&amp#27;[0m
19:20:51.805 [Darkroom Processing Line] DEBUG net.serenitybdd.core.photography.DarkroomProcessingLine - Processing screenshot image in /var/screenshots/screenshot-14832964556602038658
19:20:51.805 [Darkroom Processing Line] DEBUG net.serenitybdd.core.photography.DarkroomProcessingLine - Saving screenshot to target\site\serenity\a0d9428479f8d8cd370e33161eaeff520f918eaef4c3d10272a9973560e785c8.png
19:20:51.810 [main] INFO  - 
  _____   ___   ___   _____     ___     _     ___   ___   ___   ___  
 |_   _| | __| / __| |_   _|   | _ \   /_\   / __| / __| | __| |   \ 
   | |   | _|  \__ \   | |     |  _/  / _ \  \__ \ \__ \ | _|  | |) |
   |_|   |___| |___/   |_|     |_|   /_/ \_\ |___/ |___/ |___| |___/ 

Login with wrong password
----------------------------------------------------------------------
19:20:51.811 [AsyncHttpClient-1-22] DEBUG org.asynchttpclient.netty.handler.WebSocketHandler - Channel Closed: [id: 0xca8008a7, L:/127.0.0.1:60908 ! R:localhost/127.0.0.1:60901] with attribute NettyResponseFuture{currentRetry=0,
	isDone=1,
	isCancelled=0,
	asyncHandler=org.asynchttpclient.ws.WebSocketUpgradeHandler@48695341,
	nettyRequest=org.asynchttpclient.netty.request.NettyRequest@d6bd428,
	future=java.util.concurrent.CompletableFuture@46703504[Completed normally],
	uri=ws://localhost:60901/devtools/browser/da50be90-e19c-487d-924a-407a67f35bbb,
	keepAlive=true,
	redirectCount=0,
	timeoutsHolder=null,
	inAuth=0,
	touch=1683807649473}
19:20:51.812 [AsyncHttpClient-1-22] DEBUG org.asynchttpclient.netty.channel.ChannelManager - Closing Channel [id: 0xca8008a7, L:/127.0.0.1:60908 ! R:localhost/127.0.0.1:60901] 
19:20:51.826 [Driver Command Executor] DEBUG org.asynchttpclient.netty.request.NettyRequestSender - Using pooled Channel '[id: 0x03b7f3d3, L:/127.0.0.1:60900 - R:localhost/127.0.0.1:13009]' for 'DELETE' to 'http://localhost:13009/session/94bb8610a5d1969fabf88ee55d8f5ad0'
19:20:51.826 [Driver Command Executor] DEBUG org.asynchttpclient.netty.request.NettyRequestSender - Using open Channel [id: 0x03b7f3d3, L:/127.0.0.1:60900 - R:localhost/127.0.0.1:13009] for DELETE '/session/94bb8610a5d1969fabf88ee55d8f5ad0'
19:20:52.007 [AsyncHttpClient-1-21] DEBUG org.asynchttpclient.netty.handler.HttpHandler - Unexpected I/O exception on channel [id: 0x49d13f66, L:/127.0.0.1:60907 - R:localhost/127.0.0.1:60901]
java.net.SocketException: Connection reset
	at java.base/sun.nio.ch.SocketChannelImpl.throwConnectionReset(SocketChannelImpl.java:401)
	at java.base/sun.nio.ch.SocketChannelImpl.read(SocketChannelImpl.java:434)
	at io.netty.buffer.PooledByteBuf.setBytes(PooledByteBuf.java:259)
	at io.netty.buffer.AbstractByteBuf.writeBytes(AbstractByteBuf.java:1132)
	at io.netty.channel.socket.nio.NioSocketChannel.doReadBytes(NioSocketChannel.java:357)
	at io.netty.channel.nio.AbstractNioByteChannel$NioByteUnsafe.read(AbstractNioByteChannel.java:151)
	at io.netty.channel.nio.NioEventLoop.processSelectedKey(NioEventLoop.java:788)
	at io.netty.channel.nio.NioEventLoop.processSelectedKeysOptimized(NioEventLoop.java:724)
	at io.netty.channel.nio.NioEventLoop.processSelectedKeys(NioEventLoop.java:650)
	at io.netty.channel.nio.NioEventLoop.run(NioEventLoop.java:562)
	at io.netty.util.concurrent.SingleThreadEventExecutor$4.run(SingleThreadEventExecutor.java:997)
	at io.netty.util.internal.ThreadExecutorMap$2.run(ThreadExecutorMap.java:74)
	at io.netty.util.concurrent.FastThreadLocalRunnable.run(FastThreadLocalRunnable.java:30)
	at java.base/java.lang.Thread.run(Thread.java:1589)
19:20:52.007 [AsyncHttpClient-1-21] DEBUG org.asynchttpclient.netty.channel.ChannelManager - Closing Channel [id: 0x49d13f66, L:/127.0.0.1:60907 - R:localhost/127.0.0.1:60901] 
19:20:52.008 [AsyncHttpClient-1-21] DEBUG org.asynchttpclient.netty.handler.HttpHandler - Channel Closed: [id: 0x49d13f66, L:/127.0.0.1:60907 ! R:localhost/127.0.0.1:60901] with attribute DISCARD
19:20:52.037 [AsyncHttpClient-1-20] DEBUG org.asynchttpclient.netty.handler.HttpHandler - 

Request DefaultFullHttpRequest(decodeResult: success, version: HTTP/1.1, content: EmptyByteBufBE)
DELETE /session/94bb8610a5d1969fabf88ee55d8f5ad0 HTTP/1.1
User-Agent: selenium/4.8.1 (java windows)
Content-Type: application/json; charset=utf-8
host: localhost:13009
accept: */*

Response DefaultHttpResponse(decodeResult: success, version: HTTP/1.1)
HTTP/1.1 200 OK
Content-Length: 14
Content-Type: application/json; charset=utf-8
cache-control: no-cache

19:20:52.037 [AsyncHttpClient-1-20] DEBUG org.asynchttpclient.netty.channel.ChannelManager - Adding key: http://localhost:13009 for channel [id: 0x03b7f3d3, L:/127.0.0.1:60900 - R:localhost/127.0.0.1:13009]
19:20:52.109 [AsyncHttpClient-1-20] DEBUG org.asynchttpclient.netty.handler.HttpHandler - Channel Closed: [id: 0x03b7f3d3, L:/127.0.0.1:60900 ! R:localhost/127.0.0.1:13009] with attribute DISCARD
]]></system-out>
    <system-err><![CDATA[Starting ChromeDriver 113.0.5672.63 (0e1a4471d5ae5bf128b1bd8f4d627c8cbd55f70c-refs/branch-heads/5672@{#912}) on port 13009
Only local connections are allowed.
Please see https://chromedriver.chromium.org/security-considerations for suggestions on keeping ChromeDriver safe.
ChromeDriver was started successfully.
May 11, 2023 7:20:49 PM org.openqa.selenium.devtools.CdpVersionFinder findNearestMatch
WARNING: Unable to find an exact match for CDP version 113, so returning the closest version found: 110
]]></system-err>
  </testcase>
  <testcase name="Login with wrong email" classname="Login to Alta-shop Account" time="3.836">
    <system-out><![CDATA[
Scenario: Login with wrong email         &amp#27;[90m# src/test/resources/features/2. Login.feature:21&amp#27;[0m
19:20:52.177 [main] DEBUG io.cucumber.core.plugin.SerenityReporter - Running feature from file:///C:/Users/Bunayya%20Zulfikar/3D%20Objects/alta_web_minpro_testcase/src/test/resources/features/2.%20Login.feature
19:20:52.182 [main] INFO  - 
  _____   ___   ___   _____     ___   _____     _     ___   _____   ___   ___  
 |_   _| | __| / __| |_   _|   / __| |_   _|   /_\   | _ \ |_   _| | __| |   \ 
   | |   | _|  \__ \   | |     \__ \   | |    / _ \  |   /   | |   | _|  | |) |
   |_|   |___| |___/   |_|     |___/   |_|   /_/ \_\ |_|_\   |_|   |___| |___/ 

Login with wrong email(login-to-alta-shop-account;login-with-wrong-email)
--------------------------------------------------------------------------------
19:20:52.234 [main] DEBUG net.thucydides.core.steps.StepInterceptor - STARTING STEP: LoginSteps.onTheLoginPage - openPage
19:20:52.327 [main] INFO net.serenitybdd.core.webdriver.driverproviders.ChromeDriverProvider - Starting Chrome driver instance with capabilities:
19:20:52.327 [main] INFO net.serenitybdd.core.webdriver.driverproviders.ChromeDriverProvider - Capabilities {acceptInsecureCerts: false, browserName: chrome, goog:chromeOptions: {args: [remote-allow-origins=*], extensions: []}}
19:20:52.405 [AsyncHttpClient-1-23] DEBUG org.asynchttpclient.netty.channel.NettyConnectListener - Using new Channel '[id: 0x6b92ad69, L:/127.0.0.1:60922 - R:localhost/127.0.0.1:21022]' for 'POST' to '/session'
19:20:52.798 [AsyncHttpClient-1-1] DEBUG org.asynchttpclient.netty.channel.DefaultChannelPool - Entry count for : http://localhost:13009 : 1
19:20:52.798 [AsyncHttpClient-1-1] DEBUG org.asynchttpclient.netty.channel.DefaultChannelPool - Entry count for : http://localhost:60901 : 1
19:20:52.798 [AsyncHttpClient-1-1] DEBUG org.asynchttpclient.netty.channel.DefaultChannelPool - Adding Candidate expired Channel [id: 0x03b7f3d3, L:/127.0.0.1:60900 ! R:localhost/127.0.0.1:13009] isIdleTimeoutExpired=false isRemotelyClosed=true isTtlExpired=false
19:20:52.798 [AsyncHttpClient-1-1] DEBUG org.asynchttpclient.netty.channel.DefaultChannelPool - Closing Idle Channel [id: 0x03b7f3d3, L:/127.0.0.1:60900 ! R:localhost/127.0.0.1:13009]
19:20:52.798 [AsyncHttpClient-1-1] DEBUG org.asynchttpclient.netty.channel.DefaultChannelPool - Adding Candidate expired Channel [id: 0x49d13f66, L:/127.0.0.1:60907 ! R:localhost/127.0.0.1:60901] isIdleTimeoutExpired=false isRemotelyClosed=true isTtlExpired=false
19:20:52.798 [AsyncHttpClient-1-1] DEBUG org.asynchttpclient.netty.channel.DefaultChannelPool - Closing Idle Channel [id: 0x49d13f66, L:/127.0.0.1:60907 ! R:localhost/127.0.0.1:60901]
19:20:52.798 [AsyncHttpClient-1-1] DEBUG org.asynchttpclient.netty.channel.DefaultChannelPool - Closed 2 connections out of 2 in 0 ms
19:20:53.142 [AsyncHttpClient-1-23] DEBUG org.asynchttpclient.netty.handler.HttpHandler - 

Request DefaultHttpRequest(decodeResult: success, version: HTTP/1.1)
POST /session HTTP/1.1
User-Agent: selenium/4.8.1 (java windows)
Content-Length: 507
Content-Type: application/json; charset=utf-8
host: localhost:21022
accept: */*

Response DefaultHttpResponse(decodeResult: success, version: HTTP/1.1)
HTTP/1.1 200 OK
Content-Length: 861
Content-Type: application/json; charset=utf-8
cache-control: no-cache

19:20:53.142 [AsyncHttpClient-1-23] DEBUG org.asynchttpclient.netty.channel.ChannelManager - Adding key: http://localhost:21022 for channel [id: 0x6b92ad69, L:/127.0.0.1:60922 - R:localhost/127.0.0.1:21022]
19:20:53.149 [AsyncHttpClient-1-24] DEBUG org.asynchttpclient.netty.channel.NettyConnectListener - Using new Channel '[id: 0x3b7b4284, L:/127.0.0.1:60930 - R:localhost/127.0.0.1:60923]' for 'GET' to '/json/version'
19:20:53.152 [AsyncHttpClient-1-24] DEBUG org.asynchttpclient.netty.handler.HttpHandler - 

Request DefaultFullHttpRequest(decodeResult: success, version: HTTP/1.1, content: EmptyByteBufBE)
GET /json/version HTTP/1.1
User-Agent: selenium/4.8.1 (java windows)
host: localhost:60923
accept: */*

Response DefaultHttpResponse(decodeResult: success, version: HTTP/1.1)
HTTP/1.1 200 OK
Content-Security-Policy: frame-ancestors 'none'
Content-Length: 422
Content-Type: application/json; charset=UTF-8

19:20:53.152 [AsyncHttpClient-1-24] DEBUG org.asynchttpclient.netty.channel.ChannelManager - Adding key: http://localhost:60923 for channel [id: 0x3b7b4284, L:/127.0.0.1:60930 - R:localhost/127.0.0.1:60923]
19:20:53.155 [AsyncHttpClient-1-25] DEBUG org.asynchttpclient.netty.channel.NettyConnectListener - Using new Channel '[id: 0xdffdd9e3, L:/127.0.0.1:60931 - R:localhost/127.0.0.1:60923]' for 'GET' to '/devtools/browser/2075bec4-e36b-4b54-be80-68402286c432'
19:20:53.157 [AsyncHttpClient-1-25] DEBUG org.asynchttpclient.netty.handler.WebSocketHandler - 

Request DefaultFullHttpRequest(decodeResult: success, version: HTTP/1.1, content: EmptyByteBufBE)
GET /devtools/browser/2075bec4-e36b-4b54-be80-68402286c432 HTTP/1.1
upgrade: websocket
connection: upgrade
sec-websocket-key: 7hyhPxpvaFLIjjoYpPZuBw==
sec-websocket-version: 13
origin: http://localhost:60923
host: localhost:60923
accept: */*
user-agent: AHC/2.1

Response DefaultHttpResponse(decodeResult: success, version: HTTP/1.1)
HTTP/1.1 101 WebSocket Protocol Handshake
Upgrade: WebSocket
Connection: Upgrade
Sec-WebSocket-Accept: 6bL93aiYGF2yxPj24h8E2TS1PbI=

19:20:53.163 [Forwarding get on session d0c67762d1b8785cfe84068c4c6ee29f to remote] DEBUG org.asynchttpclient.netty.request.NettyRequestSender - Using pooled Channel '[id: 0x6b92ad69, L:/127.0.0.1:60922 - R:localhost/127.0.0.1:21022]' for 'POST' to 'http://localhost:21022/session/d0c67762d1b8785cfe84068c4c6ee29f/url'
19:20:53.163 [Forwarding get on session d0c67762d1b8785cfe84068c4c6ee29f to remote] DEBUG org.asynchttpclient.netty.request.NettyRequestSender - Using open Channel [id: 0x6b92ad69, L:/127.0.0.1:60922 - R:localhost/127.0.0.1:21022] for POST '/session/d0c67762d1b8785cfe84068c4c6ee29f/url'
19:20:53.657 [AsyncHttpClient-1-23] DEBUG org.asynchttpclient.netty.handler.HttpHandler - 

Request DefaultHttpRequest(decodeResult: success, version: HTTP/1.1)
POST /session/d0c67762d1b8785cfe84068c4c6ee29f/url HTTP/1.1
User-Agent: selenium/4.8.1 (java windows)
Content-Length: 80
Content-Type: application/json; charset=utf-8
host: localhost:21022
accept: */*

Response DefaultHttpResponse(decodeResult: success, version: HTTP/1.1)
HTTP/1.1 200 OK
Content-Length: 14
Content-Type: application/json; charset=utf-8
cache-control: no-cache

19:20:53.657 [AsyncHttpClient-1-23] DEBUG org.asynchttpclient.netty.channel.ChannelManager - Adding key: http://localhost:21022 for channel [id: 0x6b92ad69, L:/127.0.0.1:60922 - R:localhost/127.0.0.1:21022]
19:20:53.658 [Forwarding setTimeout on session d0c67762d1b8785cfe84068c4c6ee29f to remote] DEBUG org.asynchttpclient.netty.request.NettyRequestSender - Using pooled Channel '[id: 0x6b92ad69, L:/127.0.0.1:60922 - R:localhost/127.0.0.1:21022]' for 'POST' to 'http://localhost:21022/session/d0c67762d1b8785cfe84068c4c6ee29f/timeouts'
19:20:53.658 [Forwarding setTimeout on session d0c67762d1b8785cfe84068c4c6ee29f to remote] DEBUG org.asynchttpclient.netty.request.NettyRequestSender - Using open Channel [id: 0x6b92ad69, L:/127.0.0.1:60922 - R:localhost/127.0.0.1:21022] for POST '/session/d0c67762d1b8785cfe84068c4c6ee29f/timeouts'
19:20:53.659 [AsyncHttpClient-1-23] DEBUG org.asynchttpclient.netty.handler.HttpHandler - 

Request DefaultHttpRequest(decodeResult: success, version: HTTP/1.1)
POST /session/d0c67762d1b8785cfe84068c4c6ee29f/timeouts HTTP/1.1
User-Agent: selenium/4.8.1 (java windows)
Content-Length: 22
Content-Type: application/json; charset=utf-8
host: localhost:21022
accept: */*

Response DefaultHttpResponse(decodeResult: success, version: HTTP/1.1)
HTTP/1.1 200 OK
Content-Length: 14
Content-Type: application/json; charset=utf-8
cache-control: no-cache

19:20:53.659 [AsyncHttpClient-1-23] DEBUG org.asynchttpclient.netty.channel.ChannelManager - Adding key: http://localhost:21022 for channel [id: 0x6b92ad69, L:/127.0.0.1:60922 - R:localhost/127.0.0.1:21022]
19:20:53.668 [Forwarding getAlertText on session d0c67762d1b8785cfe84068c4c6ee29f to remote] DEBUG org.asynchttpclient.netty.request.NettyRequestSender - Using pooled Channel '[id: 0x6b92ad69, L:/127.0.0.1:60922 - R:localhost/127.0.0.1:21022]' for 'GET' to 'http://localhost:21022/session/d0c67762d1b8785cfe84068c4c6ee29f/alert/text'
19:20:53.668 [Forwarding getAlertText on session d0c67762d1b8785cfe84068c4c6ee29f to remote] DEBUG org.asynchttpclient.netty.request.NettyRequestSender - Using open Channel [id: 0x6b92ad69, L:/127.0.0.1:60922 - R:localhost/127.0.0.1:21022] for GET '/session/d0c67762d1b8785cfe84068c4c6ee29f/alert/text'
19:20:53.670 [AsyncHttpClient-1-23] DEBUG org.asynchttpclient.netty.handler.HttpHandler - 

Request DefaultFullHttpRequest(decodeResult: success, version: HTTP/1.1, content: EmptyByteBufBE)
GET /session/d0c67762d1b8785cfe84068c4c6ee29f/alert/text HTTP/1.1
User-Agent: selenium/4.8.1 (java windows)
Cache-Control: no-cache
Content-Type: application/json; charset=utf-8
host: localhost:21022
accept: */*

Response DefaultHttpResponse(decodeResult: success, version: HTTP/1.1)
HTTP/1.1 404 Not Found
Content-Length: 847
Content-Type: application/json; charset=utf-8
cache-control: no-cache

19:20:53.670 [AsyncHttpClient-1-23] DEBUG org.asynchttpclient.netty.channel.ChannelManager - Adding key: http://localhost:21022 for channel [id: 0x6b92ad69, L:/127.0.0.1:60922 - R:localhost/127.0.0.1:21022]
19:20:53.672 [Forwarding getCurrentUrl on session d0c67762d1b8785cfe84068c4c6ee29f to remote] DEBUG org.asynchttpclient.netty.request.NettyRequestSender - Using pooled Channel '[id: 0x6b92ad69, L:/127.0.0.1:60922 - R:localhost/127.0.0.1:21022]' for 'GET' to 'http://localhost:21022/session/d0c67762d1b8785cfe84068c4c6ee29f/url'
19:20:53.672 [Forwarding getCurrentUrl on session d0c67762d1b8785cfe84068c4c6ee29f to remote] DEBUG org.asynchttpclient.netty.request.NettyRequestSender - Using open Channel [id: 0x6b92ad69, L:/127.0.0.1:60922 - R:localhost/127.0.0.1:21022] for GET '/session/d0c67762d1b8785cfe84068c4c6ee29f/url'
19:20:53.677 [AsyncHttpClient-1-23] DEBUG org.asynchttpclient.netty.handler.HttpHandler - 

Request DefaultFullHttpRequest(decodeResult: success, version: HTTP/1.1, content: EmptyByteBufBE)
GET /session/d0c67762d1b8785cfe84068c4c6ee29f/url HTTP/1.1
User-Agent: selenium/4.8.1 (java windows)
Cache-Control: no-cache
Content-Type: application/json; charset=utf-8
host: localhost:21022
accept: */*

Response DefaultHttpResponse(decodeResult: success, version: HTTP/1.1)
HTTP/1.1 200 OK
Content-Length: 52
Content-Type: application/json; charset=utf-8
cache-control: no-cache

19:20:53.678 [AsyncHttpClient-1-23] DEBUG org.asynchttpclient.netty.channel.ChannelManager - Adding key: http://localhost:21022 for channel [id: 0x6b92ad69, L:/127.0.0.1:60922 - R:localhost/127.0.0.1:21022]
19:20:53.678 [Forwarding screenshot on session d0c67762d1b8785cfe84068c4c6ee29f to remote] DEBUG org.asynchttpclient.netty.request.NettyRequestSender - Using pooled Channel '[id: 0x6b92ad69, L:/127.0.0.1:60922 - R:localhost/127.0.0.1:21022]' for 'GET' to 'http://localhost:21022/session/d0c67762d1b8785cfe84068c4c6ee29f/screenshot'
19:20:53.678 [Forwarding screenshot on session d0c67762d1b8785cfe84068c4c6ee29f to remote] DEBUG org.asynchttpclient.netty.request.NettyRequestSender - Using open Channel [id: 0x6b92ad69, L:/127.0.0.1:60922 - R:localhost/127.0.0.1:21022] for GET '/session/d0c67762d1b8785cfe84068c4c6ee29f/screenshot'
19:20:53.898 [AsyncHttpClient-1-1] DEBUG org.asynchttpclient.netty.channel.DefaultChannelPool - Entry count for : http://localhost:60923 : 1
19:20:53.938 [AsyncHttpClient-1-23] DEBUG org.asynchttpclient.netty.handler.HttpHandler - 

Request DefaultFullHttpRequest(decodeResult: success, version: HTTP/1.1, content: EmptyByteBufBE)
GET /session/d0c67762d1b8785cfe84068c4c6ee29f/screenshot HTTP/1.1
User-Agent: selenium/4.8.1 (java windows)
Cache-Control: no-cache
Content-Type: application/json; charset=utf-8
host: localhost:21022
accept: */*

Response DefaultHttpResponse(decodeResult: success, version: HTTP/1.1)
HTTP/1.1 200 OK
Content-Length: 32168
Content-Type: application/json; charset=utf-8
cache-control: no-cache

19:20:53.938 [AsyncHttpClient-1-23] DEBUG org.asynchttpclient.netty.channel.ChannelManager - Adding key: http://localhost:21022 for channel [id: 0x6b92ad69, L:/127.0.0.1:60922 - R:localhost/127.0.0.1:21022]
19:20:53.939 [main] DEBUG net.serenitybdd.core.photography.Darkroom - Send negative for processing for target\site\serenity\d00787a84e57ae9818ec6333fe71d83a89fc0961433dfe7832481e3dca8fda29.png
19:20:53.940 [main] DEBUG net.thucydides.core.steps.StepInterceptor - STEP DONE: openPage
  &amp#27;[32mGiven &amp#27;[0m&amp#27;[32mI am on the alta-shop login page&amp#27;[0m &amp#27;[90m# starter.stepdefinitions.LoginSteps.onTheLoginPage()&amp#27;[0m
19:20:53.945 [Forwarding getPageSource on session d0c67762d1b8785cfe84068c4c6ee29f to remote] DEBUG org.asynchttpclient.netty.request.NettyRequestSender - Using pooled Channel '[id: 0x6b92ad69, L:/127.0.0.1:60922 - R:localhost/127.0.0.1:21022]' for 'POST' to 'http://localhost:21022/session/d0c67762d1b8785cfe84068c4c6ee29f/execute/sync'
19:20:53.945 [Forwarding getPageSource on session d0c67762d1b8785cfe84068c4c6ee29f to remote] DEBUG org.asynchttpclient.netty.request.NettyRequestSender - Using open Channel [id: 0x6b92ad69, L:/127.0.0.1:60922 - R:localhost/127.0.0.1:21022] for POST '/session/d0c67762d1b8785cfe84068c4c6ee29f/execute/sync'
19:20:53.950 [AsyncHttpClient-1-23] DEBUG org.asynchttpclient.netty.handler.HttpHandler - 

Request DefaultHttpRequest(decodeResult: success, version: HTTP/1.1)
POST /session/d0c67762d1b8785cfe84068c4c6ee29f/execute/sync HTTP/1.1
User-Agent: selenium/4.8.1 (java windows)
Content-Length: 176
Content-Type: application/json; charset=utf-8
host: localhost:21022
accept: */*

Response DefaultHttpResponse(decodeResult: success, version: HTTP/1.1)
HTTP/1.1 200 OK
Content-Length: 21659
Content-Type: application/json; charset=utf-8
cache-control: no-cache

19:20:53.950 [AsyncHttpClient-1-23] DEBUG org.asynchttpclient.netty.channel.ChannelManager - Adding key: http://localhost:21022 for channel [id: 0x6b92ad69, L:/127.0.0.1:60922 - R:localhost/127.0.0.1:21022]
19:20:53.953 [Forwarding getCurrentUrl on session d0c67762d1b8785cfe84068c4c6ee29f to remote] DEBUG org.asynchttpclient.netty.request.NettyRequestSender - Using pooled Channel '[id: 0x6b92ad69, L:/127.0.0.1:60922 - R:localhost/127.0.0.1:21022]' for 'GET' to 'http://localhost:21022/session/d0c67762d1b8785cfe84068c4c6ee29f/url'
19:20:53.953 [Forwarding getCurrentUrl on session d0c67762d1b8785cfe84068c4c6ee29f to remote] DEBUG org.asynchttpclient.netty.request.NettyRequestSender - Using open Channel [id: 0x6b92ad69, L:/127.0.0.1:60922 - R:localhost/127.0.0.1:21022] for GET '/session/d0c67762d1b8785cfe84068c4c6ee29f/url'
19:20:53.956 [AsyncHttpClient-1-23] DEBUG org.asynchttpclient.netty.handler.HttpHandler - 

Request DefaultFullHttpRequest(decodeResult: success, version: HTTP/1.1, content: EmptyByteBufBE)
GET /session/d0c67762d1b8785cfe84068c4c6ee29f/url HTTP/1.1
User-Agent: selenium/4.8.1 (java windows)
Cache-Control: no-cache
Content-Type: application/json; charset=utf-8
host: localhost:21022
accept: */*

Response DefaultHttpResponse(decodeResult: success, version: HTTP/1.1)
HTTP/1.1 200 OK
Content-Length: 52
Content-Type: application/json; charset=utf-8
cache-control: no-cache

19:20:53.956 [AsyncHttpClient-1-23] DEBUG org.asynchttpclient.netty.channel.ChannelManager - Adding key: http://localhost:21022 for channel [id: 0x6b92ad69, L:/127.0.0.1:60922 - R:localhost/127.0.0.1:21022]
19:20:53.963 [Forwarding getPageSource on session d0c67762d1b8785cfe84068c4c6ee29f to remote] DEBUG org.asynchttpclient.netty.request.NettyRequestSender - Using pooled Channel '[id: 0x6b92ad69, L:/127.0.0.1:60922 - R:localhost/127.0.0.1:21022]' for 'POST' to 'http://localhost:21022/session/d0c67762d1b8785cfe84068c4c6ee29f/execute/sync'
19:20:53.963 [Forwarding getPageSource on session d0c67762d1b8785cfe84068c4c6ee29f to remote] DEBUG org.asynchttpclient.netty.request.NettyRequestSender - Using open Channel [id: 0x6b92ad69, L:/127.0.0.1:60922 - R:localhost/127.0.0.1:21022] for POST '/session/d0c67762d1b8785cfe84068c4c6ee29f/execute/sync'
19:20:53.971 [AsyncHttpClient-1-23] DEBUG org.asynchttpclient.netty.handler.HttpHandler - 

Request DefaultHttpRequest(decodeResult: success, version: HTTP/1.1)
POST /session/d0c67762d1b8785cfe84068c4c6ee29f/execute/sync HTTP/1.1
User-Agent: selenium/4.8.1 (java windows)
Content-Length: 176
Content-Type: application/json; charset=utf-8
host: localhost:21022
accept: */*

Response DefaultHttpResponse(decodeResult: success, version: HTTP/1.1)
HTTP/1.1 200 OK
Content-Length: 21659
Content-Type: application/json; charset=utf-8
cache-control: no-cache

19:20:53.971 [AsyncHttpClient-1-23] DEBUG org.asynchttpclient.netty.channel.ChannelManager - Adding key: http://localhost:21022 for channel [id: 0x6b92ad69, L:/127.0.0.1:60922 - R:localhost/127.0.0.1:21022]
19:20:53.974 [Forwarding getCurrentUrl on session d0c67762d1b8785cfe84068c4c6ee29f to remote] DEBUG org.asynchttpclient.netty.request.NettyRequestSender - Using pooled Channel '[id: 0x6b92ad69, L:/127.0.0.1:60922 - R:localhost/127.0.0.1:21022]' for 'GET' to 'http://localhost:21022/session/d0c67762d1b8785cfe84068c4c6ee29f/url'
19:20:53.974 [Forwarding getCurrentUrl on session d0c67762d1b8785cfe84068c4c6ee29f to remote] DEBUG org.asynchttpclient.netty.request.NettyRequestSender - Using open Channel [id: 0x6b92ad69, L:/127.0.0.1:60922 - R:localhost/127.0.0.1:21022] for GET '/session/d0c67762d1b8785cfe84068c4c6ee29f/url'
19:20:53.980 [AsyncHttpClient-1-23] DEBUG org.asynchttpclient.netty.handler.HttpHandler - 

Request DefaultFullHttpRequest(decodeResult: success, version: HTTP/1.1, content: EmptyByteBufBE)
GET /session/d0c67762d1b8785cfe84068c4c6ee29f/url HTTP/1.1
User-Agent: selenium/4.8.1 (java windows)
Cache-Control: no-cache
Content-Type: application/json; charset=utf-8
host: localhost:21022
accept: */*

Response DefaultHttpResponse(decodeResult: success, version: HTTP/1.1)
HTTP/1.1 200 OK
Content-Length: 52
Content-Type: application/json; charset=utf-8
cache-control: no-cache

19:20:53.980 [AsyncHttpClient-1-23] DEBUG org.asynchttpclient.netty.channel.ChannelManager - Adding key: http://localhost:21022 for channel [id: 0x6b92ad69, L:/127.0.0.1:60922 - R:localhost/127.0.0.1:21022]
19:20:53.981 [main] DEBUG net.thucydides.core.steps.StepInterceptor - STARTING STEP: LoginSteps.inputIncorrectEmail - inputEmail
19:20:53.984 [Forwarding findElement on session d0c67762d1b8785cfe84068c4c6ee29f to remote] DEBUG org.asynchttpclient.netty.request.NettyRequestSender - Using pooled Channel '[id: 0x6b92ad69, L:/127.0.0.1:60922 - R:localhost/127.0.0.1:21022]' for 'POST' to 'http://localhost:21022/session/d0c67762d1b8785cfe84068c4c6ee29f/element'
19:20:53.984 [Forwarding findElement on session d0c67762d1b8785cfe84068c4c6ee29f to remote] DEBUG org.asynchttpclient.netty.request.NettyRequestSender - Using open Channel [id: 0x6b92ad69, L:/127.0.0.1:60922 - R:localhost/127.0.0.1:21022] for POST '/session/d0c67762d1b8785cfe84068c4c6ee29f/element'
19:20:53.998 [AsyncHttpClient-1-23] DEBUG org.asynchttpclient.netty.handler.HttpHandler - 

Request DefaultHttpRequest(decodeResult: success, version: HTTP/1.1)
POST /session/d0c67762d1b8785cfe84068c4c6ee29f/element HTTP/1.1
User-Agent: selenium/4.8.1 (java windows)
Content-Length: 55
Content-Type: application/json; charset=utf-8
host: localhost:21022
accept: */*

Response DefaultHttpResponse(decodeResult: success, version: HTTP/1.1)
HTTP/1.1 200 OK
Content-Length: 94
Content-Type: application/json; charset=utf-8
cache-control: no-cache

19:20:53.998 [AsyncHttpClient-1-23] DEBUG org.asynchttpclient.netty.channel.ChannelManager - Adding key: http://localhost:21022 for channel [id: 0x6b92ad69, L:/127.0.0.1:60922 - R:localhost/127.0.0.1:21022]
19:20:53.999 [Forwarding clearElement on session d0c67762d1b8785cfe84068c4c6ee29f to remote] DEBUG org.asynchttpclient.netty.request.NettyRequestSender - Using pooled Channel '[id: 0x6b92ad69, L:/127.0.0.1:60922 - R:localhost/127.0.0.1:21022]' for 'POST' to 'http://localhost:21022/session/d0c67762d1b8785cfe84068c4c6ee29f/element/97D3EFC8CB426FA55ABD95E83B3787C4_element_5/clear'
19:20:53.999 [Forwarding clearElement on session d0c67762d1b8785cfe84068c4c6ee29f to remote] DEBUG org.asynchttpclient.netty.request.NettyRequestSender - Using open Channel [id: 0x6b92ad69, L:/127.0.0.1:60922 - R:localhost/127.0.0.1:21022] for POST '/session/d0c67762d1b8785cfe84068c4c6ee29f/element/97D3EFC8CB426FA55ABD95E83B3787C4_element_5/clear'
19:20:54.034 [AsyncHttpClient-1-23] DEBUG org.asynchttpclient.netty.handler.HttpHandler - 

Request DefaultHttpRequest(decodeResult: success, version: HTTP/1.1)
POST /session/d0c67762d1b8785cfe84068c4c6ee29f/element/97D3EFC8CB426FA55ABD95E83B3787C4_element_5/clear HTTP/1.1
User-Agent: selenium/4.8.1 (java windows)
Content-Length: 56
Content-Type: application/json; charset=utf-8
host: localhost:21022
accept: */*

Response DefaultHttpResponse(decodeResult: success, version: HTTP/1.1)
HTTP/1.1 200 OK
Content-Length: 14
Content-Type: application/json; charset=utf-8
cache-control: no-cache

19:20:54.034 [AsyncHttpClient-1-23] DEBUG org.asynchttpclient.netty.channel.ChannelManager - Adding key: http://localhost:21022 for channel [id: 0x6b92ad69, L:/127.0.0.1:60922 - R:localhost/127.0.0.1:21022]
19:20:54.035 [Forwarding sendKeysToElement on session d0c67762d1b8785cfe84068c4c6ee29f to remote] DEBUG org.asynchttpclient.netty.request.NettyRequestSender - Using pooled Channel '[id: 0x6b92ad69, L:/127.0.0.1:60922 - R:localhost/127.0.0.1:21022]' for 'POST' to 'http://localhost:21022/session/d0c67762d1b8785cfe84068c4c6ee29f/element/97D3EFC8CB426FA55ABD95E83B3787C4_element_5/value'
19:20:54.035 [Forwarding sendKeysToElement on session d0c67762d1b8785cfe84068c4c6ee29f to remote] DEBUG org.asynchttpclient.netty.request.NettyRequestSender - Using open Channel [id: 0x6b92ad69, L:/127.0.0.1:60922 - R:localhost/127.0.0.1:21022] for POST '/session/d0c67762d1b8785cfe84068c4c6ee29f/element/97D3EFC8CB426FA55ABD95E83B3787C4_element_5/value'
19:20:54.176 [AsyncHttpClient-1-23] DEBUG org.asynchttpclient.netty.handler.HttpHandler - 

Request DefaultHttpRequest(decodeResult: success, version: HTTP/1.1)
POST /session/d0c67762d1b8785cfe84068c4c6ee29f/element/97D3EFC8CB426FA55ABD95E83B3787C4_element_5/value HTTP/1.1
User-Agent: selenium/4.8.1 (java windows)
Content-Length: 277
Content-Type: application/json; charset=utf-8
host: localhost:21022
accept: */*

Response DefaultHttpResponse(decodeResult: success, version: HTTP/1.1)
HTTP/1.1 200 OK
Content-Length: 14
Content-Type: application/json; charset=utf-8
cache-control: no-cache

19:20:54.176 [AsyncHttpClient-1-23] DEBUG org.asynchttpclient.netty.channel.ChannelManager - Adding key: http://localhost:21022 for channel [id: 0x6b92ad69, L:/127.0.0.1:60922 - R:localhost/127.0.0.1:21022]
19:20:54.181 [Forwarding getAlertText on session d0c67762d1b8785cfe84068c4c6ee29f to remote] DEBUG org.asynchttpclient.netty.request.NettyRequestSender - Using pooled Channel '[id: 0x6b92ad69, L:/127.0.0.1:60922 - R:localhost/127.0.0.1:21022]' for 'GET' to 'http://localhost:21022/session/d0c67762d1b8785cfe84068c4c6ee29f/alert/text'
19:20:54.181 [Forwarding getAlertText on session d0c67762d1b8785cfe84068c4c6ee29f to remote] DEBUG org.asynchttpclient.netty.request.NettyRequestSender - Using open Channel [id: 0x6b92ad69, L:/127.0.0.1:60922 - R:localhost/127.0.0.1:21022] for GET '/session/d0c67762d1b8785cfe84068c4c6ee29f/alert/text'
19:20:54.182 [AsyncHttpClient-1-23] DEBUG org.asynchttpclient.netty.handler.HttpHandler - 

Request DefaultFullHttpRequest(decodeResult: success, version: HTTP/1.1, content: EmptyByteBufBE)
GET /session/d0c67762d1b8785cfe84068c4c6ee29f/alert/text HTTP/1.1
User-Agent: selenium/4.8.1 (java windows)
Cache-Control: no-cache
Content-Type: application/json; charset=utf-8
host: localhost:21022
accept: */*

Response DefaultHttpResponse(decodeResult: success, version: HTTP/1.1)
HTTP/1.1 404 Not Found
Content-Length: 847
Content-Type: application/json; charset=utf-8
cache-control: no-cache

19:20:54.182 [AsyncHttpClient-1-23] DEBUG org.asynchttpclient.netty.channel.ChannelManager - Adding key: http://localhost:21022 for channel [id: 0x6b92ad69, L:/127.0.0.1:60922 - R:localhost/127.0.0.1:21022]
19:20:54.183 [Forwarding getCurrentUrl on session d0c67762d1b8785cfe84068c4c6ee29f to remote] DEBUG org.asynchttpclient.netty.request.NettyRequestSender - Using pooled Channel '[id: 0x6b92ad69, L:/127.0.0.1:60922 - R:localhost/127.0.0.1:21022]' for 'GET' to 'http://localhost:21022/session/d0c67762d1b8785cfe84068c4c6ee29f/url'
19:20:54.183 [Forwarding getCurrentUrl on session d0c67762d1b8785cfe84068c4c6ee29f to remote] DEBUG org.asynchttpclient.netty.request.NettyRequestSender - Using open Channel [id: 0x6b92ad69, L:/127.0.0.1:60922 - R:localhost/127.0.0.1:21022] for GET '/session/d0c67762d1b8785cfe84068c4c6ee29f/url'
19:20:54.188 [AsyncHttpClient-1-23] DEBUG org.asynchttpclient.netty.handler.HttpHandler - 

Request DefaultFullHttpRequest(decodeResult: success, version: HTTP/1.1, content: EmptyByteBufBE)
GET /session/d0c67762d1b8785cfe84068c4c6ee29f/url HTTP/1.1
User-Agent: selenium/4.8.1 (java windows)
Cache-Control: no-cache
Content-Type: application/json; charset=utf-8
host: localhost:21022
accept: */*

Response DefaultHttpResponse(decodeResult: success, version: HTTP/1.1)
HTTP/1.1 200 OK
Content-Length: 52
Content-Type: application/json; charset=utf-8
cache-control: no-cache

19:20:54.188 [AsyncHttpClient-1-23] DEBUG org.asynchttpclient.netty.channel.ChannelManager - Adding key: http://localhost:21022 for channel [id: 0x6b92ad69, L:/127.0.0.1:60922 - R:localhost/127.0.0.1:21022]
19:20:54.189 [Forwarding screenshot on session d0c67762d1b8785cfe84068c4c6ee29f to remote] DEBUG org.asynchttpclient.netty.request.NettyRequestSender - Using pooled Channel '[id: 0x6b92ad69, L:/127.0.0.1:60922 - R:localhost/127.0.0.1:21022]' for 'GET' to 'http://localhost:21022/session/d0c67762d1b8785cfe84068c4c6ee29f/screenshot'
19:20:54.189 [Forwarding screenshot on session d0c67762d1b8785cfe84068c4c6ee29f to remote] DEBUG org.asynchttpclient.netty.request.NettyRequestSender - Using open Channel [id: 0x6b92ad69, L:/127.0.0.1:60922 - R:localhost/127.0.0.1:21022] for GET '/session/d0c67762d1b8785cfe84068c4c6ee29f/screenshot'
19:20:54.301 [AsyncHttpClient-1-23] DEBUG org.asynchttpclient.netty.handler.HttpHandler - 

Request DefaultFullHttpRequest(decodeResult: success, version: HTTP/1.1, content: EmptyByteBufBE)
GET /session/d0c67762d1b8785cfe84068c4c6ee29f/screenshot HTTP/1.1
User-Agent: selenium/4.8.1 (java windows)
Cache-Control: no-cache
Content-Type: application/json; charset=utf-8
host: localhost:21022
accept: */*

Response DefaultHttpResponse(decodeResult: success, version: HTTP/1.1)
HTTP/1.1 200 OK
Content-Length: 38956
Content-Type: application/json; charset=utf-8
cache-control: no-cache

19:20:54.302 [AsyncHttpClient-1-23] DEBUG org.asynchttpclient.netty.channel.ChannelManager - Adding key: http://localhost:21022 for channel [id: 0x6b92ad69, L:/127.0.0.1:60922 - R:localhost/127.0.0.1:21022]
19:20:54.304 [main] DEBUG net.serenitybdd.core.photography.Darkroom - Send negative for processing for target\site\serenity\5beef58fb0b3023be2f44a08c647cf8ac0dbd6970059ecf9f6c43493eb5473f3.png
19:20:54.304 [main] DEBUG net.thucydides.core.steps.StepInterceptor - STEP DONE: inputEmail
  &amp#27;[32mAnd &amp#27;[0m&amp#27;[32mI enter incorrect email&amp#27;[0m            &amp#27;[90m# starter.stepdefinitions.LoginSteps.inputIncorrectEmail()&amp#27;[0m
19:20:54.304 [Darkroom Processing Line] DEBUG net.serenitybdd.core.photography.DarkroomProcessingLine - Processing screenshot image in /var/screenshots/screenshot-11364084374888374455
19:20:54.304 [Darkroom Processing Line] DEBUG net.serenitybdd.core.photography.DarkroomProcessingLine - Saving screenshot to target\site\serenity\5beef58fb0b3023be2f44a08c647cf8ac0dbd6970059ecf9f6c43493eb5473f3.png
19:20:54.313 [Forwarding getPageSource on session d0c67762d1b8785cfe84068c4c6ee29f to remote] DEBUG org.asynchttpclient.netty.request.NettyRequestSender - Using pooled Channel '[id: 0x6b92ad69, L:/127.0.0.1:60922 - R:localhost/127.0.0.1:21022]' for 'POST' to 'http://localhost:21022/session/d0c67762d1b8785cfe84068c4c6ee29f/execute/sync'
19:20:54.313 [Forwarding getPageSource on session d0c67762d1b8785cfe84068c4c6ee29f to remote] DEBUG org.asynchttpclient.netty.request.NettyRequestSender - Using open Channel [id: 0x6b92ad69, L:/127.0.0.1:60922 - R:localhost/127.0.0.1:21022] for POST '/session/d0c67762d1b8785cfe84068c4c6ee29f/execute/sync'
19:20:54.321 [AsyncHttpClient-1-23] DEBUG org.asynchttpclient.netty.handler.HttpHandler - 

Request DefaultHttpRequest(decodeResult: success, version: HTTP/1.1)
POST /session/d0c67762d1b8785cfe84068c4c6ee29f/execute/sync HTTP/1.1
User-Agent: selenium/4.8.1 (java windows)
Content-Length: 176
Content-Type: application/json; charset=utf-8
host: localhost:21022
accept: */*

Response DefaultHttpResponse(decodeResult: success, version: HTTP/1.1)
HTTP/1.1 200 OK
Content-Length: 21780
Content-Type: application/json; charset=utf-8
cache-control: no-cache

19:20:54.321 [AsyncHttpClient-1-23] DEBUG org.asynchttpclient.netty.channel.ChannelManager - Adding key: http://localhost:21022 for channel [id: 0x6b92ad69, L:/127.0.0.1:60922 - R:localhost/127.0.0.1:21022]
19:20:54.325 [Forwarding getCurrentUrl on session d0c67762d1b8785cfe84068c4c6ee29f to remote] DEBUG org.asynchttpclient.netty.request.NettyRequestSender - Using pooled Channel '[id: 0x6b92ad69, L:/127.0.0.1:60922 - R:localhost/127.0.0.1:21022]' for 'GET' to 'http://localhost:21022/session/d0c67762d1b8785cfe84068c4c6ee29f/url'
19:20:54.325 [Forwarding getCurrentUrl on session d0c67762d1b8785cfe84068c4c6ee29f to remote] DEBUG org.asynchttpclient.netty.request.NettyRequestSender - Using open Channel [id: 0x6b92ad69, L:/127.0.0.1:60922 - R:localhost/127.0.0.1:21022] for GET '/session/d0c67762d1b8785cfe84068c4c6ee29f/url'
19:20:54.343 [AsyncHttpClient-1-23] DEBUG org.asynchttpclient.netty.handler.HttpHandler - 

Request DefaultFullHttpRequest(decodeResult: success, version: HTTP/1.1, content: EmptyByteBufBE)
GET /session/d0c67762d1b8785cfe84068c4c6ee29f/url HTTP/1.1
User-Agent: selenium/4.8.1 (java windows)
Cache-Control: no-cache
Content-Type: application/json; charset=utf-8
host: localhost:21022
accept: */*

Response DefaultHttpResponse(decodeResult: success, version: HTTP/1.1)
HTTP/1.1 200 OK
Content-Length: 52
Content-Type: application/json; charset=utf-8
cache-control: no-cache

19:20:54.343 [AsyncHttpClient-1-23] DEBUG org.asynchttpclient.netty.channel.ChannelManager - Adding key: http://localhost:21022 for channel [id: 0x6b92ad69, L:/127.0.0.1:60922 - R:localhost/127.0.0.1:21022]
19:20:54.356 [Forwarding getAlertText on session d0c67762d1b8785cfe84068c4c6ee29f to remote] DEBUG org.asynchttpclient.netty.request.NettyRequestSender - Using pooled Channel '[id: 0x6b92ad69, L:/127.0.0.1:60922 - R:localhost/127.0.0.1:21022]' for 'GET' to 'http://localhost:21022/session/d0c67762d1b8785cfe84068c4c6ee29f/alert/text'
19:20:54.356 [Forwarding getAlertText on session d0c67762d1b8785cfe84068c4c6ee29f to remote] DEBUG org.asynchttpclient.netty.request.NettyRequestSender - Using open Channel [id: 0x6b92ad69, L:/127.0.0.1:60922 - R:localhost/127.0.0.1:21022] for GET '/session/d0c67762d1b8785cfe84068c4c6ee29f/alert/text'
19:20:54.360 [AsyncHttpClient-1-23] DEBUG org.asynchttpclient.netty.handler.HttpHandler - 

Request DefaultFullHttpRequest(decodeResult: success, version: HTTP/1.1, content: EmptyByteBufBE)
GET /session/d0c67762d1b8785cfe84068c4c6ee29f/alert/text HTTP/1.1
User-Agent: selenium/4.8.1 (java windows)
Cache-Control: no-cache
Content-Type: application/json; charset=utf-8
host: localhost:21022
accept: */*

Response DefaultHttpResponse(decodeResult: success, version: HTTP/1.1)
HTTP/1.1 404 Not Found
Content-Length: 847
Content-Type: application/json; charset=utf-8
cache-control: no-cache

19:20:54.360 [AsyncHttpClient-1-23] DEBUG org.asynchttpclient.netty.channel.ChannelManager - Adding key: http://localhost:21022 for channel [id: 0x6b92ad69, L:/127.0.0.1:60922 - R:localhost/127.0.0.1:21022]
19:20:54.361 [Forwarding getCurrentUrl on session d0c67762d1b8785cfe84068c4c6ee29f to remote] DEBUG org.asynchttpclient.netty.request.NettyRequestSender - Using pooled Channel '[id: 0x6b92ad69, L:/127.0.0.1:60922 - R:localhost/127.0.0.1:21022]' for 'GET' to 'http://localhost:21022/session/d0c67762d1b8785cfe84068c4c6ee29f/url'
19:20:54.361 [Forwarding getCurrentUrl on session d0c67762d1b8785cfe84068c4c6ee29f to remote] DEBUG org.asynchttpclient.netty.request.NettyRequestSender - Using open Channel [id: 0x6b92ad69, L:/127.0.0.1:60922 - R:localhost/127.0.0.1:21022] for GET '/session/d0c67762d1b8785cfe84068c4c6ee29f/url'
19:20:54.370 [AsyncHttpClient-1-23] DEBUG org.asynchttpclient.netty.handler.HttpHandler - 

Request DefaultFullHttpRequest(decodeResult: success, version: HTTP/1.1, content: EmptyByteBufBE)
GET /session/d0c67762d1b8785cfe84068c4c6ee29f/url HTTP/1.1
User-Agent: selenium/4.8.1 (java windows)
Cache-Control: no-cache
Content-Type: application/json; charset=utf-8
host: localhost:21022
accept: */*

Response DefaultHttpResponse(decodeResult: success, version: HTTP/1.1)
HTTP/1.1 200 OK
Content-Length: 52
Content-Type: application/json; charset=utf-8
cache-control: no-cache

19:20:54.370 [AsyncHttpClient-1-23] DEBUG org.asynchttpclient.netty.channel.ChannelManager - Adding key: http://localhost:21022 for channel [id: 0x6b92ad69, L:/127.0.0.1:60922 - R:localhost/127.0.0.1:21022]
19:20:54.371 [Forwarding screenshot on session d0c67762d1b8785cfe84068c4c6ee29f to remote] DEBUG org.asynchttpclient.netty.request.NettyRequestSender - Using pooled Channel '[id: 0x6b92ad69, L:/127.0.0.1:60922 - R:localhost/127.0.0.1:21022]' for 'GET' to 'http://localhost:21022/session/d0c67762d1b8785cfe84068c4c6ee29f/screenshot'
19:20:54.371 [Forwarding screenshot on session d0c67762d1b8785cfe84068c4c6ee29f to remote] DEBUG org.asynchttpclient.netty.request.NettyRequestSender - Using open Channel [id: 0x6b92ad69, L:/127.0.0.1:60922 - R:localhost/127.0.0.1:21022] for GET '/session/d0c67762d1b8785cfe84068c4c6ee29f/screenshot'
19:20:54.586 [AsyncHttpClient-1-23] DEBUG org.asynchttpclient.netty.handler.HttpHandler - 

Request DefaultFullHttpRequest(decodeResult: success, version: HTTP/1.1, content: EmptyByteBufBE)
GET /session/d0c67762d1b8785cfe84068c4c6ee29f/screenshot HTTP/1.1
User-Agent: selenium/4.8.1 (java windows)
Cache-Control: no-cache
Content-Type: application/json; charset=utf-8
host: localhost:21022
accept: */*

Response DefaultHttpResponse(decodeResult: success, version: HTTP/1.1)
HTTP/1.1 200 OK
Content-Length: 38620
Content-Type: application/json; charset=utf-8
cache-control: no-cache

19:20:54.586 [AsyncHttpClient-1-23] DEBUG org.asynchttpclient.netty.channel.ChannelManager - Adding key: http://localhost:21022 for channel [id: 0x6b92ad69, L:/127.0.0.1:60922 - R:localhost/127.0.0.1:21022]
19:20:54.588 [main] DEBUG net.serenitybdd.core.photography.Darkroom - Send negative for processing for target\site\serenity\78b5a2f512302adce4d2c16ea1779c169ab27e33113224b5d3f8b66c2006f3df.png
19:20:54.589 [Darkroom Processing Line] DEBUG net.serenitybdd.core.photography.DarkroomProcessingLine - Processing screenshot image in /var/screenshots/screenshot-4515902032636809928
19:20:54.589 [Darkroom Processing Line] DEBUG net.serenitybdd.core.photography.DarkroomProcessingLine - Saving screenshot to target\site\serenity\78b5a2f512302adce4d2c16ea1779c169ab27e33113224b5d3f8b66c2006f3df.png
19:20:54.590 [Forwarding getPageSource on session d0c67762d1b8785cfe84068c4c6ee29f to remote] DEBUG org.asynchttpclient.netty.request.NettyRequestSender - Using pooled Channel '[id: 0x6b92ad69, L:/127.0.0.1:60922 - R:localhost/127.0.0.1:21022]' for 'POST' to 'http://localhost:21022/session/d0c67762d1b8785cfe84068c4c6ee29f/execute/sync'
19:20:54.590 [Forwarding getPageSource on session d0c67762d1b8785cfe84068c4c6ee29f to remote] DEBUG org.asynchttpclient.netty.request.NettyRequestSender - Using open Channel [id: 0x6b92ad69, L:/127.0.0.1:60922 - R:localhost/127.0.0.1:21022] for POST '/session/d0c67762d1b8785cfe84068c4c6ee29f/execute/sync'
19:20:54.599 [AsyncHttpClient-1-23] DEBUG org.asynchttpclient.netty.handler.HttpHandler - 

Request DefaultHttpRequest(decodeResult: success, version: HTTP/1.1)
POST /session/d0c67762d1b8785cfe84068c4c6ee29f/execute/sync HTTP/1.1
User-Agent: selenium/4.8.1 (java windows)
Content-Length: 176
Content-Type: application/json; charset=utf-8
host: localhost:21022
accept: */*

Response DefaultHttpResponse(decodeResult: success, version: HTTP/1.1)
HTTP/1.1 200 OK
Content-Length: 21780
Content-Type: application/json; charset=utf-8
cache-control: no-cache

19:20:54.599 [AsyncHttpClient-1-23] DEBUG org.asynchttpclient.netty.channel.ChannelManager - Adding key: http://localhost:21022 for channel [id: 0x6b92ad69, L:/127.0.0.1:60922 - R:localhost/127.0.0.1:21022]
19:20:54.602 [Forwarding getCurrentUrl on session d0c67762d1b8785cfe84068c4c6ee29f to remote] DEBUG org.asynchttpclient.netty.request.NettyRequestSender - Using pooled Channel '[id: 0x6b92ad69, L:/127.0.0.1:60922 - R:localhost/127.0.0.1:21022]' for 'GET' to 'http://localhost:21022/session/d0c67762d1b8785cfe84068c4c6ee29f/url'
19:20:54.602 [Forwarding getCurrentUrl on session d0c67762d1b8785cfe84068c4c6ee29f to remote] DEBUG org.asynchttpclient.netty.request.NettyRequestSender - Using open Channel [id: 0x6b92ad69, L:/127.0.0.1:60922 - R:localhost/127.0.0.1:21022] for GET '/session/d0c67762d1b8785cfe84068c4c6ee29f/url'
19:20:54.610 [AsyncHttpClient-1-23] DEBUG org.asynchttpclient.netty.handler.HttpHandler - 

Request DefaultFullHttpRequest(decodeResult: success, version: HTTP/1.1, content: EmptyByteBufBE)
GET /session/d0c67762d1b8785cfe84068c4c6ee29f/url HTTP/1.1
User-Agent: selenium/4.8.1 (java windows)
Cache-Control: no-cache
Content-Type: application/json; charset=utf-8
host: localhost:21022
accept: */*

Response DefaultHttpResponse(decodeResult: success, version: HTTP/1.1)
HTTP/1.1 200 OK
Content-Length: 52
Content-Type: application/json; charset=utf-8
cache-control: no-cache

19:20:54.610 [AsyncHttpClient-1-23] DEBUG org.asynchttpclient.netty.channel.ChannelManager - Adding key: http://localhost:21022 for channel [id: 0x6b92ad69, L:/127.0.0.1:60922 - R:localhost/127.0.0.1:21022]
19:20:54.613 [main] DEBUG net.thucydides.core.steps.StepInterceptor - STARTING STEP: LoginSteps.inputPassword - inputPassword
19:20:54.616 [Forwarding findElement on session d0c67762d1b8785cfe84068c4c6ee29f to remote] DEBUG org.asynchttpclient.netty.request.NettyRequestSender - Using pooled Channel '[id: 0x6b92ad69, L:/127.0.0.1:60922 - R:localhost/127.0.0.1:21022]' for 'POST' to 'http://localhost:21022/session/d0c67762d1b8785cfe84068c4c6ee29f/element'
19:20:54.616 [Forwarding findElement on session d0c67762d1b8785cfe84068c4c6ee29f to remote] DEBUG org.asynchttpclient.netty.request.NettyRequestSender - Using open Channel [id: 0x6b92ad69, L:/127.0.0.1:60922 - R:localhost/127.0.0.1:21022] for POST '/session/d0c67762d1b8785cfe84068c4c6ee29f/element'
19:20:54.653 [AsyncHttpClient-1-23] DEBUG org.asynchttpclient.netty.handler.HttpHandler - 

Request DefaultHttpRequest(decodeResult: success, version: HTTP/1.1)
POST /session/d0c67762d1b8785cfe84068c4c6ee29f/element HTTP/1.1
User-Agent: selenium/4.8.1 (java windows)
Content-Length: 55
Content-Type: application/json; charset=utf-8
host: localhost:21022
accept: */*

Response DefaultHttpResponse(decodeResult: success, version: HTTP/1.1)
HTTP/1.1 200 OK
Content-Length: 94
Content-Type: application/json; charset=utf-8
cache-control: no-cache

19:20:54.653 [AsyncHttpClient-1-23] DEBUG org.asynchttpclient.netty.channel.ChannelManager - Adding key: http://localhost:21022 for channel [id: 0x6b92ad69, L:/127.0.0.1:60922 - R:localhost/127.0.0.1:21022]
19:20:54.654 [Forwarding clearElement on session d0c67762d1b8785cfe84068c4c6ee29f to remote] DEBUG org.asynchttpclient.netty.request.NettyRequestSender - Using pooled Channel '[id: 0x6b92ad69, L:/127.0.0.1:60922 - R:localhost/127.0.0.1:21022]' for 'POST' to 'http://localhost:21022/session/d0c67762d1b8785cfe84068c4c6ee29f/element/97D3EFC8CB426FA55ABD95E83B3787C4_element_7/clear'
19:20:54.654 [Forwarding clearElement on session d0c67762d1b8785cfe84068c4c6ee29f to remote] DEBUG org.asynchttpclient.netty.request.NettyRequestSender - Using open Channel [id: 0x6b92ad69, L:/127.0.0.1:60922 - R:localhost/127.0.0.1:21022] for POST '/session/d0c67762d1b8785cfe84068c4c6ee29f/element/97D3EFC8CB426FA55ABD95E83B3787C4_element_7/clear'
19:20:54.693 [AsyncHttpClient-1-23] DEBUG org.asynchttpclient.netty.handler.HttpHandler - 

Request DefaultHttpRequest(decodeResult: success, version: HTTP/1.1)
POST /session/d0c67762d1b8785cfe84068c4c6ee29f/element/97D3EFC8CB426FA55ABD95E83B3787C4_element_7/clear HTTP/1.1
User-Agent: selenium/4.8.1 (java windows)
Content-Length: 56
Content-Type: application/json; charset=utf-8
host: localhost:21022
accept: */*

Response DefaultHttpResponse(decodeResult: success, version: HTTP/1.1)
HTTP/1.1 200 OK
Content-Length: 14
Content-Type: application/json; charset=utf-8
cache-control: no-cache

19:20:54.693 [AsyncHttpClient-1-23] DEBUG org.asynchttpclient.netty.channel.ChannelManager - Adding key: http://localhost:21022 for channel [id: 0x6b92ad69, L:/127.0.0.1:60922 - R:localhost/127.0.0.1:21022]
19:20:54.695 [Forwarding sendKeysToElement on session d0c67762d1b8785cfe84068c4c6ee29f to remote] DEBUG org.asynchttpclient.netty.request.NettyRequestSender - Using pooled Channel '[id: 0x6b92ad69, L:/127.0.0.1:60922 - R:localhost/127.0.0.1:21022]' for 'POST' to 'http://localhost:21022/session/d0c67762d1b8785cfe84068c4c6ee29f/element/97D3EFC8CB426FA55ABD95E83B3787C4_element_7/value'
19:20:54.695 [Forwarding sendKeysToElement on session d0c67762d1b8785cfe84068c4c6ee29f to remote] DEBUG org.asynchttpclient.netty.request.NettyRequestSender - Using open Channel [id: 0x6b92ad69, L:/127.0.0.1:60922 - R:localhost/127.0.0.1:21022] for POST '/session/d0c67762d1b8785cfe84068c4c6ee29f/element/97D3EFC8CB426FA55ABD95E83B3787C4_element_7/value'
19:20:54.797 [AsyncHttpClient-1-23] DEBUG org.asynchttpclient.netty.handler.HttpHandler - 

Request DefaultHttpRequest(decodeResult: success, version: HTTP/1.1)
POST /session/d0c67762d1b8785cfe84068c4c6ee29f/element/97D3EFC8CB426FA55ABD95E83B3787C4_element_7/value HTTP/1.1
User-Agent: selenium/4.8.1 (java windows)
Content-Length: 147
Content-Type: application/json; charset=utf-8
host: localhost:21022
accept: */*

Response DefaultHttpResponse(decodeResult: success, version: HTTP/1.1)
HTTP/1.1 200 OK
Content-Length: 14
Content-Type: application/json; charset=utf-8
cache-control: no-cache

19:20:54.797 [AsyncHttpClient-1-23] DEBUG org.asynchttpclient.netty.channel.ChannelManager - Adding key: http://localhost:21022 for channel [id: 0x6b92ad69, L:/127.0.0.1:60922 - R:localhost/127.0.0.1:21022]
19:20:54.805 [Forwarding getAlertText on session d0c67762d1b8785cfe84068c4c6ee29f to remote] DEBUG org.asynchttpclient.netty.request.NettyRequestSender - Using pooled Channel '[id: 0x6b92ad69, L:/127.0.0.1:60922 - R:localhost/127.0.0.1:21022]' for 'GET' to 'http://localhost:21022/session/d0c67762d1b8785cfe84068c4c6ee29f/alert/text'
19:20:54.805 [Forwarding getAlertText on session d0c67762d1b8785cfe84068c4c6ee29f to remote] DEBUG org.asynchttpclient.netty.request.NettyRequestSender - Using open Channel [id: 0x6b92ad69, L:/127.0.0.1:60922 - R:localhost/127.0.0.1:21022] for GET '/session/d0c67762d1b8785cfe84068c4c6ee29f/alert/text'
19:20:54.806 [AsyncHttpClient-1-23] DEBUG org.asynchttpclient.netty.handler.HttpHandler - 

Request DefaultFullHttpRequest(decodeResult: success, version: HTTP/1.1, content: EmptyByteBufBE)
GET /session/d0c67762d1b8785cfe84068c4c6ee29f/alert/text HTTP/1.1
User-Agent: selenium/4.8.1 (java windows)
Cache-Control: no-cache
Content-Type: application/json; charset=utf-8
host: localhost:21022
accept: */*

Response DefaultHttpResponse(decodeResult: success, version: HTTP/1.1)
HTTP/1.1 404 Not Found
Content-Length: 847
Content-Type: application/json; charset=utf-8
cache-control: no-cache

19:20:54.806 [AsyncHttpClient-1-23] DEBUG org.asynchttpclient.netty.channel.ChannelManager - Adding key: http://localhost:21022 for channel [id: 0x6b92ad69, L:/127.0.0.1:60922 - R:localhost/127.0.0.1:21022]
19:20:54.807 [Forwarding getCurrentUrl on session d0c67762d1b8785cfe84068c4c6ee29f to remote] DEBUG org.asynchttpclient.netty.request.NettyRequestSender - Using pooled Channel '[id: 0x6b92ad69, L:/127.0.0.1:60922 - R:localhost/127.0.0.1:21022]' for 'GET' to 'http://localhost:21022/session/d0c67762d1b8785cfe84068c4c6ee29f/url'
19:20:54.807 [Forwarding getCurrentUrl on session d0c67762d1b8785cfe84068c4c6ee29f to remote] DEBUG org.asynchttpclient.netty.request.NettyRequestSender - Using open Channel [id: 0x6b92ad69, L:/127.0.0.1:60922 - R:localhost/127.0.0.1:21022] for GET '/session/d0c67762d1b8785cfe84068c4c6ee29f/url'
19:20:54.813 [AsyncHttpClient-1-23] DEBUG org.asynchttpclient.netty.handler.HttpHandler - 

Request DefaultFullHttpRequest(decodeResult: success, version: HTTP/1.1, content: EmptyByteBufBE)
GET /session/d0c67762d1b8785cfe84068c4c6ee29f/url HTTP/1.1
User-Agent: selenium/4.8.1 (java windows)
Cache-Control: no-cache
Content-Type: application/json; charset=utf-8
host: localhost:21022
accept: */*

Response DefaultHttpResponse(decodeResult: success, version: HTTP/1.1)
HTTP/1.1 200 OK
Content-Length: 52
Content-Type: application/json; charset=utf-8
cache-control: no-cache

19:20:54.813 [AsyncHttpClient-1-23] DEBUG org.asynchttpclient.netty.channel.ChannelManager - Adding key: http://localhost:21022 for channel [id: 0x6b92ad69, L:/127.0.0.1:60922 - R:localhost/127.0.0.1:21022]
19:20:54.813 [Forwarding screenshot on session d0c67762d1b8785cfe84068c4c6ee29f to remote] DEBUG org.asynchttpclient.netty.request.NettyRequestSender - Using pooled Channel '[id: 0x6b92ad69, L:/127.0.0.1:60922 - R:localhost/127.0.0.1:21022]' for 'GET' to 'http://localhost:21022/session/d0c67762d1b8785cfe84068c4c6ee29f/screenshot'
19:20:54.813 [Forwarding screenshot on session d0c67762d1b8785cfe84068c4c6ee29f to remote] DEBUG org.asynchttpclient.netty.request.NettyRequestSender - Using open Channel [id: 0x6b92ad69, L:/127.0.0.1:60922 - R:localhost/127.0.0.1:21022] for GET '/session/d0c67762d1b8785cfe84068c4c6ee29f/screenshot'
19:20:54.915 [AsyncHttpClient-1-23] DEBUG org.asynchttpclient.netty.handler.HttpHandler - 

Request DefaultFullHttpRequest(decodeResult: success, version: HTTP/1.1, content: EmptyByteBufBE)
GET /session/d0c67762d1b8785cfe84068c4c6ee29f/screenshot HTTP/1.1
User-Agent: selenium/4.8.1 (java windows)
Cache-Control: no-cache
Content-Type: application/json; charset=utf-8
host: localhost:21022
accept: */*

Response DefaultHttpResponse(decodeResult: success, version: HTTP/1.1)
HTTP/1.1 200 OK
Content-Length: 41064
Content-Type: application/json; charset=utf-8
cache-control: no-cache

19:20:54.916 [AsyncHttpClient-1-23] DEBUG org.asynchttpclient.netty.channel.ChannelManager - Adding key: http://localhost:21022 for channel [id: 0x6b92ad69, L:/127.0.0.1:60922 - R:localhost/127.0.0.1:21022]
19:20:54.917 [main] DEBUG net.serenitybdd.core.photography.Darkroom - Send negative for processing for target\site\serenity\95054aee070a39df4b1abfb567bf3f2990fda94fd7943e42c4e25567254fd899.png
19:20:54.917 [main] DEBUG net.thucydides.core.steps.StepInterceptor - STEP DONE: inputPassword
  &amp#27;[32mAnd &amp#27;[0m&amp#27;[32mI enter correct password&amp#27;[0m           &amp#27;[90m# starter.stepdefinitions.LoginSteps.inputPassword()&amp#27;[0m
19:20:54.917 [Darkroom Processing Line] DEBUG net.serenitybdd.core.photography.DarkroomProcessingLine - Processing screenshot image in /var/screenshots/screenshot-3752822907935788033
19:20:54.917 [Darkroom Processing Line] DEBUG net.serenitybdd.core.photography.DarkroomProcessingLine - Saving screenshot to target\site\serenity\95054aee070a39df4b1abfb567bf3f2990fda94fd7943e42c4e25567254fd899.png
19:20:54.925 [Forwarding getPageSource on session d0c67762d1b8785cfe84068c4c6ee29f to remote] DEBUG org.asynchttpclient.netty.request.NettyRequestSender - Using pooled Channel '[id: 0x6b92ad69, L:/127.0.0.1:60922 - R:localhost/127.0.0.1:21022]' for 'POST' to 'http://localhost:21022/session/d0c67762d1b8785cfe84068c4c6ee29f/execute/sync'
19:20:54.925 [Forwarding getPageSource on session d0c67762d1b8785cfe84068c4c6ee29f to remote] DEBUG org.asynchttpclient.netty.request.NettyRequestSender - Using open Channel [id: 0x6b92ad69, L:/127.0.0.1:60922 - R:localhost/127.0.0.1:21022] for POST '/session/d0c67762d1b8785cfe84068c4c6ee29f/execute/sync'
19:20:54.939 [AsyncHttpClient-1-23] DEBUG org.asynchttpclient.netty.handler.HttpHandler - 

Request DefaultHttpRequest(decodeResult: success, version: HTTP/1.1)
POST /session/d0c67762d1b8785cfe84068c4c6ee29f/execute/sync HTTP/1.1
User-Agent: selenium/4.8.1 (java windows)
Content-Length: 176
Content-Type: application/json; charset=utf-8
host: localhost:21022
accept: */*

Response DefaultHttpResponse(decodeResult: success, version: HTTP/1.1)
HTTP/1.1 200 OK
Content-Length: 21839
Content-Type: application/json; charset=utf-8
cache-control: no-cache

19:20:54.939 [AsyncHttpClient-1-23] DEBUG org.asynchttpclient.netty.channel.ChannelManager - Adding key: http://localhost:21022 for channel [id: 0x6b92ad69, L:/127.0.0.1:60922 - R:localhost/127.0.0.1:21022]
19:20:54.941 [Forwarding getCurrentUrl on session d0c67762d1b8785cfe84068c4c6ee29f to remote] DEBUG org.asynchttpclient.netty.request.NettyRequestSender - Using pooled Channel '[id: 0x6b92ad69, L:/127.0.0.1:60922 - R:localhost/127.0.0.1:21022]' for 'GET' to 'http://localhost:21022/session/d0c67762d1b8785cfe84068c4c6ee29f/url'
19:20:54.941 [Forwarding getCurrentUrl on session d0c67762d1b8785cfe84068c4c6ee29f to remote] DEBUG org.asynchttpclient.netty.request.NettyRequestSender - Using open Channel [id: 0x6b92ad69, L:/127.0.0.1:60922 - R:localhost/127.0.0.1:21022] for GET '/session/d0c67762d1b8785cfe84068c4c6ee29f/url'
19:20:54.948 [AsyncHttpClient-1-23] DEBUG org.asynchttpclient.netty.handler.HttpHandler - 

Request DefaultFullHttpRequest(decodeResult: success, version: HTTP/1.1, content: EmptyByteBufBE)
GET /session/d0c67762d1b8785cfe84068c4c6ee29f/url HTTP/1.1
User-Agent: selenium/4.8.1 (java windows)
Cache-Control: no-cache
Content-Type: application/json; charset=utf-8
host: localhost:21022
accept: */*

Response DefaultHttpResponse(decodeResult: success, version: HTTP/1.1)
HTTP/1.1 200 OK
Content-Length: 52
Content-Type: application/json; charset=utf-8
cache-control: no-cache

19:20:54.949 [AsyncHttpClient-1-23] DEBUG org.asynchttpclient.netty.channel.ChannelManager - Adding key: http://localhost:21022 for channel [id: 0x6b92ad69, L:/127.0.0.1:60922 - R:localhost/127.0.0.1:21022]
19:20:54.957 [Forwarding getPageSource on session d0c67762d1b8785cfe84068c4c6ee29f to remote] DEBUG org.asynchttpclient.netty.request.NettyRequestSender - Using pooled Channel '[id: 0x6b92ad69, L:/127.0.0.1:60922 - R:localhost/127.0.0.1:21022]' for 'POST' to 'http://localhost:21022/session/d0c67762d1b8785cfe84068c4c6ee29f/execute/sync'
19:20:54.957 [Forwarding getPageSource on session d0c67762d1b8785cfe84068c4c6ee29f to remote] DEBUG org.asynchttpclient.netty.request.NettyRequestSender - Using open Channel [id: 0x6b92ad69, L:/127.0.0.1:60922 - R:localhost/127.0.0.1:21022] for POST '/session/d0c67762d1b8785cfe84068c4c6ee29f/execute/sync'
19:20:54.962 [AsyncHttpClient-1-23] DEBUG org.asynchttpclient.netty.handler.HttpHandler - 

Request DefaultHttpRequest(decodeResult: success, version: HTTP/1.1)
POST /session/d0c67762d1b8785cfe84068c4c6ee29f/execute/sync HTTP/1.1
User-Agent: selenium/4.8.1 (java windows)
Content-Length: 176
Content-Type: application/json; charset=utf-8
host: localhost:21022
accept: */*

Response DefaultHttpResponse(decodeResult: success, version: HTTP/1.1)
HTTP/1.1 200 OK
Content-Length: 21839
Content-Type: application/json; charset=utf-8
cache-control: no-cache

19:20:54.963 [AsyncHttpClient-1-23] DEBUG org.asynchttpclient.netty.channel.ChannelManager - Adding key: http://localhost:21022 for channel [id: 0x6b92ad69, L:/127.0.0.1:60922 - R:localhost/127.0.0.1:21022]
19:20:54.964 [Forwarding getCurrentUrl on session d0c67762d1b8785cfe84068c4c6ee29f to remote] DEBUG org.asynchttpclient.netty.request.NettyRequestSender - Using pooled Channel '[id: 0x6b92ad69, L:/127.0.0.1:60922 - R:localhost/127.0.0.1:21022]' for 'GET' to 'http://localhost:21022/session/d0c67762d1b8785cfe84068c4c6ee29f/url'
19:20:54.964 [Forwarding getCurrentUrl on session d0c67762d1b8785cfe84068c4c6ee29f to remote] DEBUG org.asynchttpclient.netty.request.NettyRequestSender - Using open Channel [id: 0x6b92ad69, L:/127.0.0.1:60922 - R:localhost/127.0.0.1:21022] for GET '/session/d0c67762d1b8785cfe84068c4c6ee29f/url'
19:20:54.969 [AsyncHttpClient-1-23] DEBUG org.asynchttpclient.netty.handler.HttpHandler - 

Request DefaultFullHttpRequest(decodeResult: success, version: HTTP/1.1, content: EmptyByteBufBE)
GET /session/d0c67762d1b8785cfe84068c4c6ee29f/url HTTP/1.1
User-Agent: selenium/4.8.1 (java windows)
Cache-Control: no-cache
Content-Type: application/json; charset=utf-8
host: localhost:21022
accept: */*

Response DefaultHttpResponse(decodeResult: success, version: HTTP/1.1)
HTTP/1.1 200 OK
Content-Length: 52
Content-Type: application/json; charset=utf-8
cache-control: no-cache

19:20:54.969 [AsyncHttpClient-1-23] DEBUG org.asynchttpclient.netty.channel.ChannelManager - Adding key: http://localhost:21022 for channel [id: 0x6b92ad69, L:/127.0.0.1:60922 - R:localhost/127.0.0.1:21022]
19:20:54.971 [main] DEBUG net.thucydides.core.steps.StepInterceptor - STARTING STEP: LoginSteps.clickLoginButton - clickLoginButton
19:20:54.973 [Forwarding findElement on session d0c67762d1b8785cfe84068c4c6ee29f to remote] DEBUG org.asynchttpclient.netty.request.NettyRequestSender - Using pooled Channel '[id: 0x6b92ad69, L:/127.0.0.1:60922 - R:localhost/127.0.0.1:21022]' for 'POST' to 'http://localhost:21022/session/d0c67762d1b8785cfe84068c4c6ee29f/element'
19:20:54.973 [Forwarding findElement on session d0c67762d1b8785cfe84068c4c6ee29f to remote] DEBUG org.asynchttpclient.netty.request.NettyRequestSender - Using open Channel [id: 0x6b92ad69, L:/127.0.0.1:60922 - R:localhost/127.0.0.1:21022] for POST '/session/d0c67762d1b8785cfe84068c4c6ee29f/element'
19:20:54.984 [AsyncHttpClient-1-23] DEBUG org.asynchttpclient.netty.handler.HttpHandler - 

Request DefaultHttpRequest(decodeResult: success, version: HTTP/1.1)
POST /session/d0c67762d1b8785cfe84068c4c6ee29f/element HTTP/1.1
User-Agent: selenium/4.8.1 (java windows)
Content-Length: 71
Content-Type: application/json; charset=utf-8
host: localhost:21022
accept: */*

Response DefaultHttpResponse(decodeResult: success, version: HTTP/1.1)
HTTP/1.1 200 OK
Content-Length: 94
Content-Type: application/json; charset=utf-8
cache-control: no-cache

19:20:54.985 [AsyncHttpClient-1-23] DEBUG org.asynchttpclient.netty.channel.ChannelManager - Adding key: http://localhost:21022 for channel [id: 0x6b92ad69, L:/127.0.0.1:60922 - R:localhost/127.0.0.1:21022]
19:20:54.985 [Forwarding getElementTagName on session d0c67762d1b8785cfe84068c4c6ee29f to remote] DEBUG org.asynchttpclient.netty.request.NettyRequestSender - Using pooled Channel '[id: 0x6b92ad69, L:/127.0.0.1:60922 - R:localhost/127.0.0.1:21022]' for 'GET' to 'http://localhost:21022/session/d0c67762d1b8785cfe84068c4c6ee29f/element/97D3EFC8CB426FA55ABD95E83B3787C4_element_8/name'
19:20:54.985 [Forwarding getElementTagName on session d0c67762d1b8785cfe84068c4c6ee29f to remote] DEBUG org.asynchttpclient.netty.request.NettyRequestSender - Using open Channel [id: 0x6b92ad69, L:/127.0.0.1:60922 - R:localhost/127.0.0.1:21022] for GET '/session/d0c67762d1b8785cfe84068c4c6ee29f/element/97D3EFC8CB426FA55ABD95E83B3787C4_element_8/name'
19:20:54.992 [AsyncHttpClient-1-23] DEBUG org.asynchttpclient.netty.handler.HttpHandler - 

Request DefaultFullHttpRequest(decodeResult: success, version: HTTP/1.1, content: EmptyByteBufBE)
GET /session/d0c67762d1b8785cfe84068c4c6ee29f/element/97D3EFC8CB426FA55ABD95E83B3787C4_element_8/name HTTP/1.1
User-Agent: selenium/4.8.1 (java windows)
Cache-Control: no-cache
Content-Type: application/json; charset=utf-8
host: localhost:21022
accept: */*

Response DefaultHttpResponse(decodeResult: success, version: HTTP/1.1)
HTTP/1.1 200 OK
Content-Length: 18
Content-Type: application/json; charset=utf-8
cache-control: no-cache

19:20:54.992 [AsyncHttpClient-1-23] DEBUG org.asynchttpclient.netty.channel.ChannelManager - Adding key: http://localhost:21022 for channel [id: 0x6b92ad69, L:/127.0.0.1:60922 - R:localhost/127.0.0.1:21022]
19:20:54.993 [Forwarding getElementTagName on session d0c67762d1b8785cfe84068c4c6ee29f to remote] DEBUG org.asynchttpclient.netty.request.NettyRequestSender - Using pooled Channel '[id: 0x6b92ad69, L:/127.0.0.1:60922 - R:localhost/127.0.0.1:21022]' for 'GET' to 'http://localhost:21022/session/d0c67762d1b8785cfe84068c4c6ee29f/element/97D3EFC8CB426FA55ABD95E83B3787C4_element_8/name'
19:20:54.993 [Forwarding getElementTagName on session d0c67762d1b8785cfe84068c4c6ee29f to remote] DEBUG org.asynchttpclient.netty.request.NettyRequestSender - Using open Channel [id: 0x6b92ad69, L:/127.0.0.1:60922 - R:localhost/127.0.0.1:21022] for GET '/session/d0c67762d1b8785cfe84068c4c6ee29f/element/97D3EFC8CB426FA55ABD95E83B3787C4_element_8/name'
19:20:54.998 [AsyncHttpClient-1-1] DEBUG org.asynchttpclient.netty.channel.DefaultChannelPool - Entry count for : http://localhost:60923 : 1
19:20:54.999 [AsyncHttpClient-1-23] DEBUG org.asynchttpclient.netty.handler.HttpHandler - 

Request DefaultFullHttpRequest(decodeResult: success, version: HTTP/1.1, content: EmptyByteBufBE)
GET /session/d0c67762d1b8785cfe84068c4c6ee29f/element/97D3EFC8CB426FA55ABD95E83B3787C4_element_8/name HTTP/1.1
User-Agent: selenium/4.8.1 (java windows)
Cache-Control: no-cache
Content-Type: application/json; charset=utf-8
host: localhost:21022
accept: */*

Response DefaultHttpResponse(decodeResult: success, version: HTTP/1.1)
HTTP/1.1 200 OK
Content-Length: 18
Content-Type: application/json; charset=utf-8
cache-control: no-cache

19:20:55.000 [AsyncHttpClient-1-23] DEBUG org.asynchttpclient.netty.channel.ChannelManager - Adding key: http://localhost:21022 for channel [id: 0x6b92ad69, L:/127.0.0.1:60922 - R:localhost/127.0.0.1:21022]
19:20:55.001 [Forwarding isElementEnabled on session d0c67762d1b8785cfe84068c4c6ee29f to remote] DEBUG org.asynchttpclient.netty.request.NettyRequestSender - Using pooled Channel '[id: 0x6b92ad69, L:/127.0.0.1:60922 - R:localhost/127.0.0.1:21022]' for 'GET' to 'http://localhost:21022/session/d0c67762d1b8785cfe84068c4c6ee29f/element/97D3EFC8CB426FA55ABD95E83B3787C4_element_8/enabled'
19:20:55.002 [Forwarding isElementEnabled on session d0c67762d1b8785cfe84068c4c6ee29f to remote] DEBUG org.asynchttpclient.netty.request.NettyRequestSender - Using open Channel [id: 0x6b92ad69, L:/127.0.0.1:60922 - R:localhost/127.0.0.1:21022] for GET '/session/d0c67762d1b8785cfe84068c4c6ee29f/element/97D3EFC8CB426FA55ABD95E83B3787C4_element_8/enabled'
19:20:55.010 [AsyncHttpClient-1-23] DEBUG org.asynchttpclient.netty.handler.HttpHandler - 

Request DefaultFullHttpRequest(decodeResult: success, version: HTTP/1.1, content: EmptyByteBufBE)
GET /session/d0c67762d1b8785cfe84068c4c6ee29f/element/97D3EFC8CB426FA55ABD95E83B3787C4_element_8/enabled HTTP/1.1
User-Agent: selenium/4.8.1 (java windows)
Cache-Control: no-cache
Content-Type: application/json; charset=utf-8
host: localhost:21022
accept: */*

Response DefaultHttpResponse(decodeResult: success, version: HTTP/1.1)
HTTP/1.1 200 OK
Content-Length: 14
Content-Type: application/json; charset=utf-8
cache-control: no-cache

19:20:55.010 [AsyncHttpClient-1-23] DEBUG org.asynchttpclient.netty.channel.ChannelManager - Adding key: http://localhost:21022 for channel [id: 0x6b92ad69, L:/127.0.0.1:60922 - R:localhost/127.0.0.1:21022]
19:20:55.012 [Forwarding isElementEnabled on session d0c67762d1b8785cfe84068c4c6ee29f to remote] DEBUG org.asynchttpclient.netty.request.NettyRequestSender - Using pooled Channel '[id: 0x6b92ad69, L:/127.0.0.1:60922 - R:localhost/127.0.0.1:21022]' for 'GET' to 'http://localhost:21022/session/d0c67762d1b8785cfe84068c4c6ee29f/element/97D3EFC8CB426FA55ABD95E83B3787C4_element_8/enabled'
19:20:55.012 [Forwarding isElementEnabled on session d0c67762d1b8785cfe84068c4c6ee29f to remote] DEBUG org.asynchttpclient.netty.request.NettyRequestSender - Using open Channel [id: 0x6b92ad69, L:/127.0.0.1:60922 - R:localhost/127.0.0.1:21022] for GET '/session/d0c67762d1b8785cfe84068c4c6ee29f/element/97D3EFC8CB426FA55ABD95E83B3787C4_element_8/enabled'
19:20:55.021 [AsyncHttpClient-1-23] DEBUG org.asynchttpclient.netty.handler.HttpHandler - 

Request DefaultFullHttpRequest(decodeResult: success, version: HTTP/1.1, content: EmptyByteBufBE)
GET /session/d0c67762d1b8785cfe84068c4c6ee29f/element/97D3EFC8CB426FA55ABD95E83B3787C4_element_8/enabled HTTP/1.1
User-Agent: selenium/4.8.1 (java windows)
Cache-Control: no-cache
Content-Type: application/json; charset=utf-8
host: localhost:21022
accept: */*

Response DefaultHttpResponse(decodeResult: success, version: HTTP/1.1)
HTTP/1.1 200 OK
Content-Length: 14
Content-Type: application/json; charset=utf-8
cache-control: no-cache

19:20:55.021 [AsyncHttpClient-1-23] DEBUG org.asynchttpclient.netty.channel.ChannelManager - Adding key: http://localhost:21022 for channel [id: 0x6b92ad69, L:/127.0.0.1:60922 - R:localhost/127.0.0.1:21022]
19:20:55.022 [Forwarding findElement on session d0c67762d1b8785cfe84068c4c6ee29f to remote] DEBUG org.asynchttpclient.netty.request.NettyRequestSender - Using pooled Channel '[id: 0x6b92ad69, L:/127.0.0.1:60922 - R:localhost/127.0.0.1:21022]' for 'POST' to 'http://localhost:21022/session/d0c67762d1b8785cfe84068c4c6ee29f/element'
19:20:55.023 [Forwarding findElement on session d0c67762d1b8785cfe84068c4c6ee29f to remote] DEBUG org.asynchttpclient.netty.request.NettyRequestSender - Using open Channel [id: 0x6b92ad69, L:/127.0.0.1:60922 - R:localhost/127.0.0.1:21022] for POST '/session/d0c67762d1b8785cfe84068c4c6ee29f/element'
19:20:55.030 [AsyncHttpClient-1-23] DEBUG org.asynchttpclient.netty.handler.HttpHandler - 

Request DefaultHttpRequest(decodeResult: success, version: HTTP/1.1)
POST /session/d0c67762d1b8785cfe84068c4c6ee29f/element HTTP/1.1
User-Agent: selenium/4.8.1 (java windows)
Content-Length: 71
Content-Type: application/json; charset=utf-8
host: localhost:21022
accept: */*

Response DefaultHttpResponse(decodeResult: success, version: HTTP/1.1)
HTTP/1.1 200 OK
Content-Length: 94
Content-Type: application/json; charset=utf-8
cache-control: no-cache

19:20:55.030 [AsyncHttpClient-1-23] DEBUG org.asynchttpclient.netty.channel.ChannelManager - Adding key: http://localhost:21022 for channel [id: 0x6b92ad69, L:/127.0.0.1:60922 - R:localhost/127.0.0.1:21022]
19:20:55.031 [Forwarding clickElement on session d0c67762d1b8785cfe84068c4c6ee29f to remote] DEBUG org.asynchttpclient.netty.request.NettyRequestSender - Using pooled Channel '[id: 0x6b92ad69, L:/127.0.0.1:60922 - R:localhost/127.0.0.1:21022]' for 'POST' to 'http://localhost:21022/session/d0c67762d1b8785cfe84068c4c6ee29f/element/97D3EFC8CB426FA55ABD95E83B3787C4_element_8/click'
19:20:55.031 [Forwarding clickElement on session d0c67762d1b8785cfe84068c4c6ee29f to remote] DEBUG org.asynchttpclient.netty.request.NettyRequestSender - Using open Channel [id: 0x6b92ad69, L:/127.0.0.1:60922 - R:localhost/127.0.0.1:21022] for POST '/session/d0c67762d1b8785cfe84068c4c6ee29f/element/97D3EFC8CB426FA55ABD95E83B3787C4_element_8/click'
19:20:55.083 [AsyncHttpClient-1-23] DEBUG org.asynchttpclient.netty.handler.HttpHandler - 

Request DefaultHttpRequest(decodeResult: success, version: HTTP/1.1)
POST /session/d0c67762d1b8785cfe84068c4c6ee29f/element/97D3EFC8CB426FA55ABD95E83B3787C4_element_8/click HTTP/1.1
User-Agent: selenium/4.8.1 (java windows)
Content-Length: 56
Content-Type: application/json; charset=utf-8
host: localhost:21022
accept: */*

Response DefaultHttpResponse(decodeResult: success, version: HTTP/1.1)
HTTP/1.1 200 OK
Content-Length: 14
Content-Type: application/json; charset=utf-8
cache-control: no-cache

19:20:55.083 [AsyncHttpClient-1-23] DEBUG org.asynchttpclient.netty.channel.ChannelManager - Adding key: http://localhost:21022 for channel [id: 0x6b92ad69, L:/127.0.0.1:60922 - R:localhost/127.0.0.1:21022]
19:20:55.088 [Forwarding getAlertText on session d0c67762d1b8785cfe84068c4c6ee29f to remote] DEBUG org.asynchttpclient.netty.request.NettyRequestSender - Using pooled Channel '[id: 0x6b92ad69, L:/127.0.0.1:60922 - R:localhost/127.0.0.1:21022]' for 'GET' to 'http://localhost:21022/session/d0c67762d1b8785cfe84068c4c6ee29f/alert/text'
19:20:55.089 [Forwarding getAlertText on session d0c67762d1b8785cfe84068c4c6ee29f to remote] DEBUG org.asynchttpclient.netty.request.NettyRequestSender - Using open Channel [id: 0x6b92ad69, L:/127.0.0.1:60922 - R:localhost/127.0.0.1:21022] for GET '/session/d0c67762d1b8785cfe84068c4c6ee29f/alert/text'
19:20:55.091 [AsyncHttpClient-1-23] DEBUG org.asynchttpclient.netty.handler.HttpHandler - 

Request DefaultFullHttpRequest(decodeResult: success, version: HTTP/1.1, content: EmptyByteBufBE)
GET /session/d0c67762d1b8785cfe84068c4c6ee29f/alert/text HTTP/1.1
User-Agent: selenium/4.8.1 (java windows)
Cache-Control: no-cache
Content-Type: application/json; charset=utf-8
host: localhost:21022
accept: */*

Response DefaultHttpResponse(decodeResult: success, version: HTTP/1.1)
HTTP/1.1 404 Not Found
Content-Length: 847
Content-Type: application/json; charset=utf-8
cache-control: no-cache

19:20:55.091 [AsyncHttpClient-1-23] DEBUG org.asynchttpclient.netty.channel.ChannelManager - Adding key: http://localhost:21022 for channel [id: 0x6b92ad69, L:/127.0.0.1:60922 - R:localhost/127.0.0.1:21022]
19:20:55.092 [Forwarding getCurrentUrl on session d0c67762d1b8785cfe84068c4c6ee29f to remote] DEBUG org.asynchttpclient.netty.request.NettyRequestSender - Using pooled Channel '[id: 0x6b92ad69, L:/127.0.0.1:60922 - R:localhost/127.0.0.1:21022]' for 'GET' to 'http://localhost:21022/session/d0c67762d1b8785cfe84068c4c6ee29f/url'
19:20:55.092 [Forwarding getCurrentUrl on session d0c67762d1b8785cfe84068c4c6ee29f to remote] DEBUG org.asynchttpclient.netty.request.NettyRequestSender - Using open Channel [id: 0x6b92ad69, L:/127.0.0.1:60922 - R:localhost/127.0.0.1:21022] for GET '/session/d0c67762d1b8785cfe84068c4c6ee29f/url'
19:20:55.097 [AsyncHttpClient-1-23] DEBUG org.asynchttpclient.netty.handler.HttpHandler - 

Request DefaultFullHttpRequest(decodeResult: success, version: HTTP/1.1, content: EmptyByteBufBE)
GET /session/d0c67762d1b8785cfe84068c4c6ee29f/url HTTP/1.1
User-Agent: selenium/4.8.1 (java windows)
Cache-Control: no-cache
Content-Type: application/json; charset=utf-8
host: localhost:21022
accept: */*

Response DefaultHttpResponse(decodeResult: success, version: HTTP/1.1)
HTTP/1.1 200 OK
Content-Length: 52
Content-Type: application/json; charset=utf-8
cache-control: no-cache

19:20:55.098 [AsyncHttpClient-1-23] DEBUG org.asynchttpclient.netty.channel.ChannelManager - Adding key: http://localhost:21022 for channel [id: 0x6b92ad69, L:/127.0.0.1:60922 - R:localhost/127.0.0.1:21022]
19:20:55.098 [Forwarding screenshot on session d0c67762d1b8785cfe84068c4c6ee29f to remote] DEBUG org.asynchttpclient.netty.request.NettyRequestSender - Using pooled Channel '[id: 0x6b92ad69, L:/127.0.0.1:60922 - R:localhost/127.0.0.1:21022]' for 'GET' to 'http://localhost:21022/session/d0c67762d1b8785cfe84068c4c6ee29f/screenshot'
19:20:55.098 [Forwarding screenshot on session d0c67762d1b8785cfe84068c4c6ee29f to remote] DEBUG org.asynchttpclient.netty.request.NettyRequestSender - Using open Channel [id: 0x6b92ad69, L:/127.0.0.1:60922 - R:localhost/127.0.0.1:21022] for GET '/session/d0c67762d1b8785cfe84068c4c6ee29f/screenshot'
19:20:55.206 [AsyncHttpClient-1-23] DEBUG org.asynchttpclient.netty.handler.HttpHandler - 

Request DefaultFullHttpRequest(decodeResult: success, version: HTTP/1.1, content: EmptyByteBufBE)
GET /session/d0c67762d1b8785cfe84068c4c6ee29f/screenshot HTTP/1.1
User-Agent: selenium/4.8.1 (java windows)
Cache-Control: no-cache
Content-Type: application/json; charset=utf-8
host: localhost:21022
accept: */*

Response DefaultHttpResponse(decodeResult: success, version: HTTP/1.1)
HTTP/1.1 200 OK
Content-Length: 40456
Content-Type: application/json; charset=utf-8
cache-control: no-cache

19:20:55.206 [AsyncHttpClient-1-23] DEBUG org.asynchttpclient.netty.channel.ChannelManager - Adding key: http://localhost:21022 for channel [id: 0x6b92ad69, L:/127.0.0.1:60922 - R:localhost/127.0.0.1:21022]
19:20:55.207 [main] DEBUG net.serenitybdd.core.photography.Darkroom - Send negative for processing for target\site\serenity\e910c295d0f84aa94efda46fb6fb18ba68cf392de1ca1b4a85e41bbddd864caf.png
19:20:55.207 [main] DEBUG net.thucydides.core.steps.StepInterceptor - STEP DONE: clickLoginButton
  &amp#27;[32mWhen &amp#27;[0m&amp#27;[32mI click on the login button&amp#27;[0m       &amp#27;[90m# starter.stepdefinitions.LoginSteps.clickLoginButton()&amp#27;[0m
19:20:55.207 [Darkroom Processing Line] DEBUG net.serenitybdd.core.photography.DarkroomProcessingLine - Processing screenshot image in /var/screenshots/screenshot-1235003535691075646
19:20:55.207 [Darkroom Processing Line] DEBUG net.serenitybdd.core.photography.DarkroomProcessingLine - Saving screenshot to target\site\serenity\e910c295d0f84aa94efda46fb6fb18ba68cf392de1ca1b4a85e41bbddd864caf.png
19:20:55.215 [Forwarding getPageSource on session d0c67762d1b8785cfe84068c4c6ee29f to remote] DEBUG org.asynchttpclient.netty.request.NettyRequestSender - Using pooled Channel '[id: 0x6b92ad69, L:/127.0.0.1:60922 - R:localhost/127.0.0.1:21022]' for 'POST' to 'http://localhost:21022/session/d0c67762d1b8785cfe84068c4c6ee29f/execute/sync'
19:20:55.215 [Forwarding getPageSource on session d0c67762d1b8785cfe84068c4c6ee29f to remote] DEBUG org.asynchttpclient.netty.request.NettyRequestSender - Using open Channel [id: 0x6b92ad69, L:/127.0.0.1:60922 - R:localhost/127.0.0.1:21022] for POST '/session/d0c67762d1b8785cfe84068c4c6ee29f/execute/sync'
19:20:55.220 [AsyncHttpClient-1-23] DEBUG org.asynchttpclient.netty.handler.HttpHandler - 

Request DefaultHttpRequest(decodeResult: success, version: HTTP/1.1)
POST /session/d0c67762d1b8785cfe84068c4c6ee29f/execute/sync HTTP/1.1
User-Agent: selenium/4.8.1 (java windows)
Content-Length: 176
Content-Type: application/json; charset=utf-8
host: localhost:21022
accept: */*

Response DefaultHttpResponse(decodeResult: success, version: HTTP/1.1)
HTTP/1.1 200 OK
Content-Length: 22119
Content-Type: application/json; charset=utf-8
cache-control: no-cache

19:20:55.220 [AsyncHttpClient-1-23] DEBUG org.asynchttpclient.netty.channel.ChannelManager - Adding key: http://localhost:21022 for channel [id: 0x6b92ad69, L:/127.0.0.1:60922 - R:localhost/127.0.0.1:21022]
19:20:55.222 [Forwarding getCurrentUrl on session d0c67762d1b8785cfe84068c4c6ee29f to remote] DEBUG org.asynchttpclient.netty.request.NettyRequestSender - Using pooled Channel '[id: 0x6b92ad69, L:/127.0.0.1:60922 - R:localhost/127.0.0.1:21022]' for 'GET' to 'http://localhost:21022/session/d0c67762d1b8785cfe84068c4c6ee29f/url'
19:20:55.222 [Forwarding getCurrentUrl on session d0c67762d1b8785cfe84068c4c6ee29f to remote] DEBUG org.asynchttpclient.netty.request.NettyRequestSender - Using open Channel [id: 0x6b92ad69, L:/127.0.0.1:60922 - R:localhost/127.0.0.1:21022] for GET '/session/d0c67762d1b8785cfe84068c4c6ee29f/url'
19:20:55.225 [AsyncHttpClient-1-23] DEBUG org.asynchttpclient.netty.handler.HttpHandler - 

Request DefaultFullHttpRequest(decodeResult: success, version: HTTP/1.1, content: EmptyByteBufBE)
GET /session/d0c67762d1b8785cfe84068c4c6ee29f/url HTTP/1.1
User-Agent: selenium/4.8.1 (java windows)
Cache-Control: no-cache
Content-Type: application/json; charset=utf-8
host: localhost:21022
accept: */*

Response DefaultHttpResponse(decodeResult: success, version: HTTP/1.1)
HTTP/1.1 200 OK
Content-Length: 52
Content-Type: application/json; charset=utf-8
cache-control: no-cache

19:20:55.225 [AsyncHttpClient-1-23] DEBUG org.asynchttpclient.netty.channel.ChannelManager - Adding key: http://localhost:21022 for channel [id: 0x6b92ad69, L:/127.0.0.1:60922 - R:localhost/127.0.0.1:21022]
19:20:55.237 [Forwarding getPageSource on session d0c67762d1b8785cfe84068c4c6ee29f to remote] DEBUG org.asynchttpclient.netty.request.NettyRequestSender - Using pooled Channel '[id: 0x6b92ad69, L:/127.0.0.1:60922 - R:localhost/127.0.0.1:21022]' for 'POST' to 'http://localhost:21022/session/d0c67762d1b8785cfe84068c4c6ee29f/execute/sync'
19:20:55.237 [Forwarding getPageSource on session d0c67762d1b8785cfe84068c4c6ee29f to remote] DEBUG org.asynchttpclient.netty.request.NettyRequestSender - Using open Channel [id: 0x6b92ad69, L:/127.0.0.1:60922 - R:localhost/127.0.0.1:21022] for POST '/session/d0c67762d1b8785cfe84068c4c6ee29f/execute/sync'
19:20:55.255 [AsyncHttpClient-1-23] DEBUG org.asynchttpclient.netty.handler.HttpHandler - 

Request DefaultHttpRequest(decodeResult: success, version: HTTP/1.1)
POST /session/d0c67762d1b8785cfe84068c4c6ee29f/execute/sync HTTP/1.1
User-Agent: selenium/4.8.1 (java windows)
Content-Length: 176
Content-Type: application/json; charset=utf-8
host: localhost:21022
accept: */*

Response DefaultHttpResponse(decodeResult: success, version: HTTP/1.1)
HTTP/1.1 200 OK
Content-Length: 22568
Content-Type: application/json; charset=utf-8
cache-control: no-cache

19:20:55.255 [AsyncHttpClient-1-23] DEBUG org.asynchttpclient.netty.channel.ChannelManager - Adding key: http://localhost:21022 for channel [id: 0x6b92ad69, L:/127.0.0.1:60922 - R:localhost/127.0.0.1:21022]
19:20:55.259 [Forwarding getCurrentUrl on session d0c67762d1b8785cfe84068c4c6ee29f to remote] DEBUG org.asynchttpclient.netty.request.NettyRequestSender - Using pooled Channel '[id: 0x6b92ad69, L:/127.0.0.1:60922 - R:localhost/127.0.0.1:21022]' for 'GET' to 'http://localhost:21022/session/d0c67762d1b8785cfe84068c4c6ee29f/url'
19:20:55.259 [Forwarding getCurrentUrl on session d0c67762d1b8785cfe84068c4c6ee29f to remote] DEBUG org.asynchttpclient.netty.request.NettyRequestSender - Using open Channel [id: 0x6b92ad69, L:/127.0.0.1:60922 - R:localhost/127.0.0.1:21022] for GET '/session/d0c67762d1b8785cfe84068c4c6ee29f/url'
19:20:55.273 [AsyncHttpClient-1-23] DEBUG org.asynchttpclient.netty.handler.HttpHandler - 

Request DefaultFullHttpRequest(decodeResult: success, version: HTTP/1.1, content: EmptyByteBufBE)
GET /session/d0c67762d1b8785cfe84068c4c6ee29f/url HTTP/1.1
User-Agent: selenium/4.8.1 (java windows)
Cache-Control: no-cache
Content-Type: application/json; charset=utf-8
host: localhost:21022
accept: */*

Response DefaultHttpResponse(decodeResult: success, version: HTTP/1.1)
HTTP/1.1 200 OK
Content-Length: 52
Content-Type: application/json; charset=utf-8
cache-control: no-cache

19:20:55.273 [AsyncHttpClient-1-23] DEBUG org.asynchttpclient.netty.channel.ChannelManager - Adding key: http://localhost:21022 for channel [id: 0x6b92ad69, L:/127.0.0.1:60922 - R:localhost/127.0.0.1:21022]
19:20:55.276 [main] DEBUG net.thucydides.core.steps.StepInterceptor - STARTING STEP: LoginSteps.alertContent - incorrectAlert
19:20:55.281 [Forwarding findElement on session d0c67762d1b8785cfe84068c4c6ee29f to remote] DEBUG org.asynchttpclient.netty.request.NettyRequestSender - Using pooled Channel '[id: 0x6b92ad69, L:/127.0.0.1:60922 - R:localhost/127.0.0.1:21022]' for 'POST' to 'http://localhost:21022/session/d0c67762d1b8785cfe84068c4c6ee29f/element'
19:20:55.281 [Forwarding findElement on session d0c67762d1b8785cfe84068c4c6ee29f to remote] DEBUG org.asynchttpclient.netty.request.NettyRequestSender - Using open Channel [id: 0x6b92ad69, L:/127.0.0.1:60922 - R:localhost/127.0.0.1:21022] for POST '/session/d0c67762d1b8785cfe84068c4c6ee29f/element'
19:20:55.360 [AsyncHttpClient-1-23] DEBUG org.asynchttpclient.netty.handler.HttpHandler - 

Request DefaultHttpRequest(decodeResult: success, version: HTTP/1.1)
POST /session/d0c67762d1b8785cfe84068c4c6ee29f/element HTTP/1.1
User-Agent: selenium/4.8.1 (java windows)
Content-Length: 54
Content-Type: application/json; charset=utf-8
host: localhost:21022
accept: */*

Response DefaultHttpResponse(decodeResult: success, version: HTTP/1.1)
HTTP/1.1 200 OK
Content-Length: 95
Content-Type: application/json; charset=utf-8
cache-control: no-cache

19:20:55.360 [AsyncHttpClient-1-23] DEBUG org.asynchttpclient.netty.channel.ChannelManager - Adding key: http://localhost:21022 for channel [id: 0x6b92ad69, L:/127.0.0.1:60922 - R:localhost/127.0.0.1:21022]
19:20:55.369 [Forwarding isElementDisplayed on session d0c67762d1b8785cfe84068c4c6ee29f to remote] DEBUG org.asynchttpclient.netty.request.NettyRequestSender - Using pooled Channel '[id: 0x6b92ad69, L:/127.0.0.1:60922 - R:localhost/127.0.0.1:21022]' for 'POST' to 'http://localhost:21022/session/d0c67762d1b8785cfe84068c4c6ee29f/execute/sync'
19:20:55.369 [Forwarding isElementDisplayed on session d0c67762d1b8785cfe84068c4c6ee29f to remote] DEBUG org.asynchttpclient.netty.request.NettyRequestSender - Using open Channel [id: 0x6b92ad69, L:/127.0.0.1:60922 - R:localhost/127.0.0.1:21022] for POST '/session/d0c67762d1b8785cfe84068c4c6ee29f/execute/sync'
19:20:55.434 [AsyncHttpClient-1-23] DEBUG org.asynchttpclient.netty.handler.HttpHandler - 

Request DefaultHttpRequest(decodeResult: success, version: HTTP/1.1)
POST /session/d0c67762d1b8785cfe84068c4c6ee29f/execute/sync HTTP/1.1
User-Agent: selenium/4.8.1 (java windows)
Content-Length: 48814
Content-Type: application/json; charset=utf-8
host: localhost:21022
accept: */*

Response DefaultHttpResponse(decodeResult: success, version: HTTP/1.1)
HTTP/1.1 200 OK
Content-Length: 14
Content-Type: application/json; charset=utf-8
cache-control: no-cache

19:20:55.434 [AsyncHttpClient-1-23] DEBUG org.asynchttpclient.netty.channel.ChannelManager - Adding key: http://localhost:21022 for channel [id: 0x6b92ad69, L:/127.0.0.1:60922 - R:localhost/127.0.0.1:21022]
19:20:55.443 [Forwarding getAlertText on session d0c67762d1b8785cfe84068c4c6ee29f to remote] DEBUG org.asynchttpclient.netty.request.NettyRequestSender - Using pooled Channel '[id: 0x6b92ad69, L:/127.0.0.1:60922 - R:localhost/127.0.0.1:21022]' for 'GET' to 'http://localhost:21022/session/d0c67762d1b8785cfe84068c4c6ee29f/alert/text'
19:20:55.443 [Forwarding getAlertText on session d0c67762d1b8785cfe84068c4c6ee29f to remote] DEBUG org.asynchttpclient.netty.request.NettyRequestSender - Using open Channel [id: 0x6b92ad69, L:/127.0.0.1:60922 - R:localhost/127.0.0.1:21022] for GET '/session/d0c67762d1b8785cfe84068c4c6ee29f/alert/text'
19:20:55.467 [AsyncHttpClient-1-23] DEBUG org.asynchttpclient.netty.handler.HttpHandler - 

Request DefaultFullHttpRequest(decodeResult: success, version: HTTP/1.1, content: EmptyByteBufBE)
GET /session/d0c67762d1b8785cfe84068c4c6ee29f/alert/text HTTP/1.1
User-Agent: selenium/4.8.1 (java windows)
Cache-Control: no-cache
Content-Type: application/json; charset=utf-8
host: localhost:21022
accept: */*

Response DefaultHttpResponse(decodeResult: success, version: HTTP/1.1)
HTTP/1.1 404 Not Found
Content-Length: 847
Content-Type: application/json; charset=utf-8
cache-control: no-cache

19:20:55.468 [AsyncHttpClient-1-23] DEBUG org.asynchttpclient.netty.channel.ChannelManager - Adding key: http://localhost:21022 for channel [id: 0x6b92ad69, L:/127.0.0.1:60922 - R:localhost/127.0.0.1:21022]
19:20:55.469 [Forwarding getCurrentUrl on session d0c67762d1b8785cfe84068c4c6ee29f to remote] DEBUG org.asynchttpclient.netty.request.NettyRequestSender - Using pooled Channel '[id: 0x6b92ad69, L:/127.0.0.1:60922 - R:localhost/127.0.0.1:21022]' for 'GET' to 'http://localhost:21022/session/d0c67762d1b8785cfe84068c4c6ee29f/url'
19:20:55.469 [Forwarding getCurrentUrl on session d0c67762d1b8785cfe84068c4c6ee29f to remote] DEBUG org.asynchttpclient.netty.request.NettyRequestSender - Using open Channel [id: 0x6b92ad69, L:/127.0.0.1:60922 - R:localhost/127.0.0.1:21022] for GET '/session/d0c67762d1b8785cfe84068c4c6ee29f/url'
19:20:55.495 [AsyncHttpClient-1-23] DEBUG org.asynchttpclient.netty.handler.HttpHandler - 

Request DefaultFullHttpRequest(decodeResult: success, version: HTTP/1.1, content: EmptyByteBufBE)
GET /session/d0c67762d1b8785cfe84068c4c6ee29f/url HTTP/1.1
User-Agent: selenium/4.8.1 (java windows)
Cache-Control: no-cache
Content-Type: application/json; charset=utf-8
host: localhost:21022
accept: */*

Response DefaultHttpResponse(decodeResult: success, version: HTTP/1.1)
HTTP/1.1 200 OK
Content-Length: 52
Content-Type: application/json; charset=utf-8
cache-control: no-cache

19:20:55.495 [AsyncHttpClient-1-23] DEBUG org.asynchttpclient.netty.channel.ChannelManager - Adding key: http://localhost:21022 for channel [id: 0x6b92ad69, L:/127.0.0.1:60922 - R:localhost/127.0.0.1:21022]
19:20:55.498 [Forwarding screenshot on session d0c67762d1b8785cfe84068c4c6ee29f to remote] DEBUG org.asynchttpclient.netty.request.NettyRequestSender - Using pooled Channel '[id: 0x6b92ad69, L:/127.0.0.1:60922 - R:localhost/127.0.0.1:21022]' for 'GET' to 'http://localhost:21022/session/d0c67762d1b8785cfe84068c4c6ee29f/screenshot'
19:20:55.498 [Forwarding screenshot on session d0c67762d1b8785cfe84068c4c6ee29f to remote] DEBUG org.asynchttpclient.netty.request.NettyRequestSender - Using open Channel [id: 0x6b92ad69, L:/127.0.0.1:60922 - R:localhost/127.0.0.1:21022] for GET '/session/d0c67762d1b8785cfe84068c4c6ee29f/screenshot'
19:20:55.668 [AsyncHttpClient-1-23] DEBUG org.asynchttpclient.netty.handler.HttpHandler - 

Request DefaultFullHttpRequest(decodeResult: success, version: HTTP/1.1, content: EmptyByteBufBE)
GET /session/d0c67762d1b8785cfe84068c4c6ee29f/screenshot HTTP/1.1
User-Agent: selenium/4.8.1 (java windows)
Cache-Control: no-cache
Content-Type: application/json; charset=utf-8
host: localhost:21022
accept: */*

Response DefaultHttpResponse(decodeResult: success, version: HTTP/1.1)
HTTP/1.1 200 OK
Content-Length: 45192
Content-Type: application/json; charset=utf-8
cache-control: no-cache

19:20:55.668 [AsyncHttpClient-1-23] DEBUG org.asynchttpclient.netty.channel.ChannelManager - Adding key: http://localhost:21022 for channel [id: 0x6b92ad69, L:/127.0.0.1:60922 - R:localhost/127.0.0.1:21022]
19:20:55.670 [main] DEBUG net.serenitybdd.core.photography.Darkroom - Send negative for processing for target\site\serenity\4f328eace8ad283b6cbca77ed82b7d695ab6b5fe2c1551ca87e9ffc4b2a868be.png
19:20:55.671 [main] DEBUG net.thucydides.core.steps.StepInterceptor - STEP DONE: incorrectAlert
  &amp#27;[32mThen &amp#27;[0m&amp#27;[32mI should see the error message&amp#27;[0m    &amp#27;[90m# starter.stepdefinitions.LoginSteps.alertContent()&amp#27;[0m
19:20:55.671 [Darkroom Processing Line] DEBUG net.serenitybdd.core.photography.DarkroomProcessingLine - Processing screenshot image in /var/screenshots/screenshot-13228968544646017684
19:20:55.671 [Darkroom Processing Line] DEBUG net.serenitybdd.core.photography.DarkroomProcessingLine - Saving screenshot to target\site\serenity\4f328eace8ad283b6cbca77ed82b7d695ab6b5fe2c1551ca87e9ffc4b2a868be.png
19:20:55.679 [main] INFO  - 
  _____   ___   ___   _____     ___     _     ___   ___   ___   ___  
 |_   _| | __| / __| |_   _|   | _ \   /_\   / __| / __| | __| |   \ 
   | |   | _|  \__ \   | |     |  _/  / _ \  \__ \ \__ \ | _|  | |) |
   |_|   |___| |___/   |_|     |_|   /_/ \_\ |___/ |___/ |___| |___/ 

Login with wrong email
----------------------------------------------------------------------
19:20:55.680 [AsyncHttpClient-1-25] DEBUG org.asynchttpclient.netty.handler.WebSocketHandler - Channel Closed: [id: 0xdffdd9e3, L:/127.0.0.1:60931 ! R:localhost/127.0.0.1:60923] with attribute NettyResponseFuture{currentRetry=0,
	isDone=1,
	isCancelled=0,
	asyncHandler=org.asynchttpclient.ws.WebSocketUpgradeHandler@447c1813,
	nettyRequest=org.asynchttpclient.netty.request.NettyRequest@17e9ef8,
	future=java.util.concurrent.CompletableFuture@6c8ceadf[Completed normally],
	uri=ws://localhost:60923/devtools/browser/2075bec4-e36b-4b54-be80-68402286c432,
	keepAlive=true,
	redirectCount=0,
	timeoutsHolder=null,
	inAuth=0,
	touch=1683807653158}
19:20:55.680 [AsyncHttpClient-1-25] DEBUG org.asynchttpclient.netty.channel.ChannelManager - Closing Channel [id: 0xdffdd9e3, L:/127.0.0.1:60931 ! R:localhost/127.0.0.1:60923] 
19:20:55.681 [Driver Command Executor] DEBUG org.asynchttpclient.netty.request.NettyRequestSender - Using pooled Channel '[id: 0x6b92ad69, L:/127.0.0.1:60922 - R:localhost/127.0.0.1:21022]' for 'DELETE' to 'http://localhost:21022/session/d0c67762d1b8785cfe84068c4c6ee29f'
19:20:55.681 [Driver Command Executor] DEBUG org.asynchttpclient.netty.request.NettyRequestSender - Using open Channel [id: 0x6b92ad69, L:/127.0.0.1:60922 - R:localhost/127.0.0.1:21022] for DELETE '/session/d0c67762d1b8785cfe84068c4c6ee29f'
19:20:55.821 [AsyncHttpClient-1-24] DEBUG org.asynchttpclient.netty.handler.HttpHandler - Unexpected I/O exception on channel [id: 0x3b7b4284, L:/127.0.0.1:60930 - R:localhost/127.0.0.1:60923]
java.net.SocketException: Connection reset
	at java.base/sun.nio.ch.SocketChannelImpl.throwConnectionReset(SocketChannelImpl.java:401)
	at java.base/sun.nio.ch.SocketChannelImpl.read(SocketChannelImpl.java:434)
	at io.netty.buffer.PooledByteBuf.setBytes(PooledByteBuf.java:259)
	at io.netty.buffer.AbstractByteBuf.writeBytes(AbstractByteBuf.java:1132)
	at io.netty.channel.socket.nio.NioSocketChannel.doReadBytes(NioSocketChannel.java:357)
	at io.netty.channel.nio.AbstractNioByteChannel$NioByteUnsafe.read(AbstractNioByteChannel.java:151)
	at io.netty.channel.nio.NioEventLoop.processSelectedKey(NioEventLoop.java:788)
	at io.netty.channel.nio.NioEventLoop.processSelectedKeysOptimized(NioEventLoop.java:724)
	at io.netty.channel.nio.NioEventLoop.processSelectedKeys(NioEventLoop.java:650)
	at io.netty.channel.nio.NioEventLoop.run(NioEventLoop.java:562)
	at io.netty.util.concurrent.SingleThreadEventExecutor$4.run(SingleThreadEventExecutor.java:997)
	at io.netty.util.internal.ThreadExecutorMap$2.run(ThreadExecutorMap.java:74)
	at io.netty.util.concurrent.FastThreadLocalRunnable.run(FastThreadLocalRunnable.java:30)
	at java.base/java.lang.Thread.run(Thread.java:1589)
19:20:55.821 [AsyncHttpClient-1-24] DEBUG org.asynchttpclient.netty.channel.ChannelManager - Closing Channel [id: 0x3b7b4284, L:/127.0.0.1:60930 - R:localhost/127.0.0.1:60923] 
19:20:55.821 [AsyncHttpClient-1-24] DEBUG org.asynchttpclient.netty.handler.HttpHandler - Channel Closed: [id: 0x3b7b4284, L:/127.0.0.1:60930 ! R:localhost/127.0.0.1:60923] with attribute DISCARD
19:20:55.861 [AsyncHttpClient-1-23] DEBUG org.asynchttpclient.netty.handler.HttpHandler - 

Request DefaultFullHttpRequest(decodeResult: success, version: HTTP/1.1, content: EmptyByteBufBE)
DELETE /session/d0c67762d1b8785cfe84068c4c6ee29f HTTP/1.1
User-Agent: selenium/4.8.1 (java windows)
Content-Type: application/json; charset=utf-8
host: localhost:21022
accept: */*

Response DefaultHttpResponse(decodeResult: success, version: HTTP/1.1)
HTTP/1.1 200 OK
Content-Length: 14
Content-Type: application/json; charset=utf-8
cache-control: no-cache

19:20:55.861 [AsyncHttpClient-1-23] DEBUG org.asynchttpclient.netty.channel.ChannelManager - Adding key: http://localhost:21022 for channel [id: 0x6b92ad69, L:/127.0.0.1:60922 - R:localhost/127.0.0.1:21022]
19:20:55.932 [AsyncHttpClient-1-23] DEBUG org.asynchttpclient.netty.handler.HttpHandler - Channel Closed: [id: 0x6b92ad69, L:/127.0.0.1:60922 ! R:localhost/127.0.0.1:21022] with attribute DISCARD
]]></system-out>
    <system-err><![CDATA[Starting ChromeDriver 113.0.5672.63 (0e1a4471d5ae5bf128b1bd8f4d627c8cbd55f70c-refs/branch-heads/5672@{#912}) on port 21022
Only local connections are allowed.
Please see https://chromedriver.chromium.org/security-considerations for suggestions on keeping ChromeDriver safe.
ChromeDriver was started successfully.
May 11, 2023 7:20:53 PM org.openqa.selenium.devtools.CdpVersionFinder findNearestMatch
WARNING: Unable to find an exact match for CDP version 113, so returning the closest version found: 110
]]></system-err>
  </testcase>
  <testcase name="Login with invalid email" classname="Login to Alta-shop Account" time="3.676">
    <system-out><![CDATA[
Scenario: Login with invalid email       &amp#27;[90m# src/test/resources/features/2. Login.feature:28&amp#27;[0m
19:20:56.015 [main] DEBUG io.cucumber.core.plugin.SerenityReporter - Running feature from file:///C:/Users/Bunayya%20Zulfikar/3D%20Objects/alta_web_minpro_testcase/src/test/resources/features/2.%20Login.feature
19:20:56.018 [main] INFO  - 
  _____   ___   ___   _____     ___   _____     _     ___   _____   ___   ___  
 |_   _| | __| / __| |_   _|   / __| |_   _|   /_\   | _ \ |_   _| | __| |   \ 
   | |   | _|  \__ \   | |     \__ \   | |    / _ \  |   /   | |   | _|  | |) |
   |_|   |___| |___/   |_|     |___/   |_|   /_/ \_\ |_|_\   |_|   |___| |___/ 

Login with invalid email(login-to-alta-shop-account;login-with-invalid-email)
--------------------------------------------------------------------------------
19:20:56.048 [main] DEBUG net.thucydides.core.steps.StepInterceptor - STARTING STEP: LoginSteps.onTheLoginPage - openPage
19:20:56.100 [AsyncHttpClient-1-1] DEBUG org.asynchttpclient.netty.channel.DefaultChannelPool - Entry count for : http://localhost:60923 : 1
19:20:56.100 [AsyncHttpClient-1-1] DEBUG org.asynchttpclient.netty.channel.DefaultChannelPool - Entry count for : http://localhost:21022 : 1
19:20:56.100 [AsyncHttpClient-1-1] DEBUG org.asynchttpclient.netty.channel.DefaultChannelPool - Adding Candidate expired Channel [id: 0x3b7b4284, L:/127.0.0.1:60930 ! R:localhost/127.0.0.1:60923] isIdleTimeoutExpired=false isRemotelyClosed=true isTtlExpired=false
19:20:56.100 [AsyncHttpClient-1-1] DEBUG org.asynchttpclient.netty.channel.DefaultChannelPool - Closing Idle Channel [id: 0x3b7b4284, L:/127.0.0.1:60930 ! R:localhost/127.0.0.1:60923]
19:20:56.100 [AsyncHttpClient-1-1] DEBUG org.asynchttpclient.netty.channel.DefaultChannelPool - Adding Candidate expired Channel [id: 0x6b92ad69, L:/127.0.0.1:60922 ! R:localhost/127.0.0.1:21022] isIdleTimeoutExpired=false isRemotelyClosed=true isTtlExpired=false
19:20:56.100 [AsyncHttpClient-1-1] DEBUG org.asynchttpclient.netty.channel.DefaultChannelPool - Closing Idle Channel [id: 0x6b92ad69, L:/127.0.0.1:60922 ! R:localhost/127.0.0.1:21022]
19:20:56.100 [AsyncHttpClient-1-1] DEBUG org.asynchttpclient.netty.channel.DefaultChannelPool - Closed 2 connections out of 2 in 0 ms
19:20:56.145 [main] INFO net.serenitybdd.core.webdriver.driverproviders.ChromeDriverProvider - Starting Chrome driver instance with capabilities:
19:20:56.145 [main] INFO net.serenitybdd.core.webdriver.driverproviders.ChromeDriverProvider - Capabilities {acceptInsecureCerts: false, browserName: chrome, goog:chromeOptions: {args: [remote-allow-origins=*], extensions: []}}
19:20:56.231 [AsyncHttpClient-1-2] DEBUG org.asynchttpclient.netty.channel.NettyConnectListener - Using new Channel '[id: 0x82480c71, L:/127.0.0.1:60945 - R:localhost/127.0.0.1:37761]' for 'POST' to '/session'
19:20:56.852 [AsyncHttpClient-1-2] DEBUG org.asynchttpclient.netty.handler.HttpHandler - 

Request DefaultHttpRequest(decodeResult: success, version: HTTP/1.1)
POST /session HTTP/1.1
User-Agent: selenium/4.8.1 (java windows)
Content-Length: 507
Content-Type: application/json; charset=utf-8
host: localhost:37761
accept: */*

Response DefaultHttpResponse(decodeResult: success, version: HTTP/1.1)
HTTP/1.1 200 OK
Content-Length: 861
Content-Type: application/json; charset=utf-8
cache-control: no-cache

19:20:56.852 [AsyncHttpClient-1-2] DEBUG org.asynchttpclient.netty.channel.ChannelManager - Adding key: http://localhost:37761 for channel [id: 0x82480c71, L:/127.0.0.1:60945 - R:localhost/127.0.0.1:37761]
19:20:56.857 [AsyncHttpClient-1-3] DEBUG org.asynchttpclient.netty.channel.NettyConnectListener - Using new Channel '[id: 0x8acbf500, L:/127.0.0.1:60953 - R:localhost/127.0.0.1:60947]' for 'GET' to '/json/version'
19:20:56.861 [AsyncHttpClient-1-3] DEBUG org.asynchttpclient.netty.handler.HttpHandler - 

Request DefaultFullHttpRequest(decodeResult: success, version: HTTP/1.1, content: EmptyByteBufBE)
GET /json/version HTTP/1.1
User-Agent: selenium/4.8.1 (java windows)
host: localhost:60947
accept: */*

Response DefaultHttpResponse(decodeResult: success, version: HTTP/1.1)
HTTP/1.1 200 OK
Content-Security-Policy: frame-ancestors 'none'
Content-Length: 422
Content-Type: application/json; charset=UTF-8

19:20:56.861 [AsyncHttpClient-1-3] DEBUG org.asynchttpclient.netty.channel.ChannelManager - Adding key: http://localhost:60947 for channel [id: 0x8acbf500, L:/127.0.0.1:60953 - R:localhost/127.0.0.1:60947]
19:20:56.863 [AsyncHttpClient-1-4] DEBUG org.asynchttpclient.netty.channel.NettyConnectListener - Using new Channel '[id: 0x9d924db8, L:/127.0.0.1:60954 - R:localhost/127.0.0.1:60947]' for 'GET' to '/devtools/browser/90add28e-92b7-41f2-950b-051437a23fc4'
19:20:56.864 [AsyncHttpClient-1-4] DEBUG org.asynchttpclient.netty.handler.WebSocketHandler - 

Request DefaultFullHttpRequest(decodeResult: success, version: HTTP/1.1, content: EmptyByteBufBE)
GET /devtools/browser/90add28e-92b7-41f2-950b-051437a23fc4 HTTP/1.1
upgrade: websocket
connection: upgrade
sec-websocket-key: ilaAs/n4q8WHYWmbWoM1OA==
sec-websocket-version: 13
origin: http://localhost:60947
host: localhost:60947
accept: */*
user-agent: AHC/2.1

Response DefaultHttpResponse(decodeResult: success, version: HTTP/1.1)
HTTP/1.1 101 WebSocket Protocol Handshake
Upgrade: WebSocket
Connection: Upgrade
Sec-WebSocket-Accept: 7c4EoLTFGTKP6ZD8kFZ7VN9t9LQ=

19:20:56.868 [Forwarding get on session 6ba4130f3350bfecd379a5bfe9abd36d to remote] DEBUG org.asynchttpclient.netty.request.NettyRequestSender - Using pooled Channel '[id: 0x82480c71, L:/127.0.0.1:60945 - R:localhost/127.0.0.1:37761]' for 'POST' to 'http://localhost:37761/session/6ba4130f3350bfecd379a5bfe9abd36d/url'
19:20:56.868 [Forwarding get on session 6ba4130f3350bfecd379a5bfe9abd36d to remote] DEBUG org.asynchttpclient.netty.request.NettyRequestSender - Using open Channel [id: 0x82480c71, L:/127.0.0.1:60945 - R:localhost/127.0.0.1:37761] for POST '/session/6ba4130f3350bfecd379a5bfe9abd36d/url'
19:20:57.198 [AsyncHttpClient-1-1] DEBUG org.asynchttpclient.netty.channel.DefaultChannelPool - Entry count for : http://localhost:60947 : 1
19:20:57.425 [AsyncHttpClient-1-2] DEBUG org.asynchttpclient.netty.handler.HttpHandler - 

Request DefaultHttpRequest(decodeResult: success, version: HTTP/1.1)
POST /session/6ba4130f3350bfecd379a5bfe9abd36d/url HTTP/1.1
User-Agent: selenium/4.8.1 (java windows)
Content-Length: 80
Content-Type: application/json; charset=utf-8
host: localhost:37761
accept: */*

Response DefaultHttpResponse(decodeResult: success, version: HTTP/1.1)
HTTP/1.1 200 OK
Content-Length: 14
Content-Type: application/json; charset=utf-8
cache-control: no-cache

19:20:57.425 [AsyncHttpClient-1-2] DEBUG org.asynchttpclient.netty.channel.ChannelManager - Adding key: http://localhost:37761 for channel [id: 0x82480c71, L:/127.0.0.1:60945 - R:localhost/127.0.0.1:37761]
19:20:57.426 [Forwarding setTimeout on session 6ba4130f3350bfecd379a5bfe9abd36d to remote] DEBUG org.asynchttpclient.netty.request.NettyRequestSender - Using pooled Channel '[id: 0x82480c71, L:/127.0.0.1:60945 - R:localhost/127.0.0.1:37761]' for 'POST' to 'http://localhost:37761/session/6ba4130f3350bfecd379a5bfe9abd36d/timeouts'
19:20:57.426 [Forwarding setTimeout on session 6ba4130f3350bfecd379a5bfe9abd36d to remote] DEBUG org.asynchttpclient.netty.request.NettyRequestSender - Using open Channel [id: 0x82480c71, L:/127.0.0.1:60945 - R:localhost/127.0.0.1:37761] for POST '/session/6ba4130f3350bfecd379a5bfe9abd36d/timeouts'
19:20:57.426 [AsyncHttpClient-1-2] DEBUG org.asynchttpclient.netty.handler.HttpHandler - 

Request DefaultHttpRequest(decodeResult: success, version: HTTP/1.1)
POST /session/6ba4130f3350bfecd379a5bfe9abd36d/timeouts HTTP/1.1
User-Agent: selenium/4.8.1 (java windows)
Content-Length: 22
Content-Type: application/json; charset=utf-8
host: localhost:37761
accept: */*

Response DefaultHttpResponse(decodeResult: success, version: HTTP/1.1)
HTTP/1.1 200 OK
Content-Length: 14
Content-Type: application/json; charset=utf-8
cache-control: no-cache

19:20:57.427 [AsyncHttpClient-1-2] DEBUG org.asynchttpclient.netty.channel.ChannelManager - Adding key: http://localhost:37761 for channel [id: 0x82480c71, L:/127.0.0.1:60945 - R:localhost/127.0.0.1:37761]
19:20:57.434 [Forwarding getAlertText on session 6ba4130f3350bfecd379a5bfe9abd36d to remote] DEBUG org.asynchttpclient.netty.request.NettyRequestSender - Using pooled Channel '[id: 0x82480c71, L:/127.0.0.1:60945 - R:localhost/127.0.0.1:37761]' for 'GET' to 'http://localhost:37761/session/6ba4130f3350bfecd379a5bfe9abd36d/alert/text'
19:20:57.434 [Forwarding getAlertText on session 6ba4130f3350bfecd379a5bfe9abd36d to remote] DEBUG org.asynchttpclient.netty.request.NettyRequestSender - Using open Channel [id: 0x82480c71, L:/127.0.0.1:60945 - R:localhost/127.0.0.1:37761] for GET '/session/6ba4130f3350bfecd379a5bfe9abd36d/alert/text'
19:20:57.435 [AsyncHttpClient-1-2] DEBUG org.asynchttpclient.netty.handler.HttpHandler - 

Request DefaultFullHttpRequest(decodeResult: success, version: HTTP/1.1, content: EmptyByteBufBE)
GET /session/6ba4130f3350bfecd379a5bfe9abd36d/alert/text HTTP/1.1
User-Agent: selenium/4.8.1 (java windows)
Cache-Control: no-cache
Content-Type: application/json; charset=utf-8
host: localhost:37761
accept: */*

Response DefaultHttpResponse(decodeResult: success, version: HTTP/1.1)
HTTP/1.1 404 Not Found
Content-Length: 847
Content-Type: application/json; charset=utf-8
cache-control: no-cache

19:20:57.435 [AsyncHttpClient-1-2] DEBUG org.asynchttpclient.netty.channel.ChannelManager - Adding key: http://localhost:37761 for channel [id: 0x82480c71, L:/127.0.0.1:60945 - R:localhost/127.0.0.1:37761]
19:20:57.436 [Forwarding getCurrentUrl on session 6ba4130f3350bfecd379a5bfe9abd36d to remote] DEBUG org.asynchttpclient.netty.request.NettyRequestSender - Using pooled Channel '[id: 0x82480c71, L:/127.0.0.1:60945 - R:localhost/127.0.0.1:37761]' for 'GET' to 'http://localhost:37761/session/6ba4130f3350bfecd379a5bfe9abd36d/url'
19:20:57.436 [Forwarding getCurrentUrl on session 6ba4130f3350bfecd379a5bfe9abd36d to remote] DEBUG org.asynchttpclient.netty.request.NettyRequestSender - Using open Channel [id: 0x82480c71, L:/127.0.0.1:60945 - R:localhost/127.0.0.1:37761] for GET '/session/6ba4130f3350bfecd379a5bfe9abd36d/url'
19:20:57.445 [AsyncHttpClient-1-2] DEBUG org.asynchttpclient.netty.handler.HttpHandler - 

Request DefaultFullHttpRequest(decodeResult: success, version: HTTP/1.1, content: EmptyByteBufBE)
GET /session/6ba4130f3350bfecd379a5bfe9abd36d/url HTTP/1.1
User-Agent: selenium/4.8.1 (java windows)
Cache-Control: no-cache
Content-Type: application/json; charset=utf-8
host: localhost:37761
accept: */*

Response DefaultHttpResponse(decodeResult: success, version: HTTP/1.1)
HTTP/1.1 200 OK
Content-Length: 52
Content-Type: application/json; charset=utf-8
cache-control: no-cache

19:20:57.445 [AsyncHttpClient-1-2] DEBUG org.asynchttpclient.netty.channel.ChannelManager - Adding key: http://localhost:37761 for channel [id: 0x82480c71, L:/127.0.0.1:60945 - R:localhost/127.0.0.1:37761]
19:20:57.446 [Forwarding screenshot on session 6ba4130f3350bfecd379a5bfe9abd36d to remote] DEBUG org.asynchttpclient.netty.request.NettyRequestSender - Using pooled Channel '[id: 0x82480c71, L:/127.0.0.1:60945 - R:localhost/127.0.0.1:37761]' for 'GET' to 'http://localhost:37761/session/6ba4130f3350bfecd379a5bfe9abd36d/screenshot'
19:20:57.446 [Forwarding screenshot on session 6ba4130f3350bfecd379a5bfe9abd36d to remote] DEBUG org.asynchttpclient.netty.request.NettyRequestSender - Using open Channel [id: 0x82480c71, L:/127.0.0.1:60945 - R:localhost/127.0.0.1:37761] for GET '/session/6ba4130f3350bfecd379a5bfe9abd36d/screenshot'
19:20:57.818 [AsyncHttpClient-1-2] DEBUG org.asynchttpclient.netty.handler.HttpHandler - 

Request DefaultFullHttpRequest(decodeResult: success, version: HTTP/1.1, content: EmptyByteBufBE)
GET /session/6ba4130f3350bfecd379a5bfe9abd36d/screenshot HTTP/1.1
User-Agent: selenium/4.8.1 (java windows)
Cache-Control: no-cache
Content-Type: application/json; charset=utf-8
host: localhost:37761
accept: */*

Response DefaultHttpResponse(decodeResult: success, version: HTTP/1.1)
HTTP/1.1 200 OK
Content-Length: 32168
Content-Type: application/json; charset=utf-8
cache-control: no-cache

19:20:57.818 [AsyncHttpClient-1-2] DEBUG org.asynchttpclient.netty.channel.ChannelManager - Adding key: http://localhost:37761 for channel [id: 0x82480c71, L:/127.0.0.1:60945 - R:localhost/127.0.0.1:37761]
19:20:57.819 [main] DEBUG net.serenitybdd.core.photography.Darkroom - Send negative for processing for target\site\serenity\d00787a84e57ae9818ec6333fe71d83a89fc0961433dfe7832481e3dca8fda29.png
19:20:57.819 [main] DEBUG net.thucydides.core.steps.StepInterceptor - STEP DONE: openPage
  &amp#27;[32mGiven &amp#27;[0m&amp#27;[32mI am on the alta-shop login page&amp#27;[0m &amp#27;[90m# starter.stepdefinitions.LoginSteps.onTheLoginPage()&amp#27;[0m
19:20:57.825 [Forwarding getPageSource on session 6ba4130f3350bfecd379a5bfe9abd36d to remote] DEBUG org.asynchttpclient.netty.request.NettyRequestSender - Using pooled Channel '[id: 0x82480c71, L:/127.0.0.1:60945 - R:localhost/127.0.0.1:37761]' for 'POST' to 'http://localhost:37761/session/6ba4130f3350bfecd379a5bfe9abd36d/execute/sync'
19:20:57.825 [Forwarding getPageSource on session 6ba4130f3350bfecd379a5bfe9abd36d to remote] DEBUG org.asynchttpclient.netty.request.NettyRequestSender - Using open Channel [id: 0x82480c71, L:/127.0.0.1:60945 - R:localhost/127.0.0.1:37761] for POST '/session/6ba4130f3350bfecd379a5bfe9abd36d/execute/sync'
19:20:57.830 [AsyncHttpClient-1-2] DEBUG org.asynchttpclient.netty.handler.HttpHandler - 

Request DefaultHttpRequest(decodeResult: success, version: HTTP/1.1)
POST /session/6ba4130f3350bfecd379a5bfe9abd36d/execute/sync HTTP/1.1
User-Agent: selenium/4.8.1 (java windows)
Content-Length: 176
Content-Type: application/json; charset=utf-8
host: localhost:37761
accept: */*

Response DefaultHttpResponse(decodeResult: success, version: HTTP/1.1)
HTTP/1.1 200 OK
Content-Length: 21659
Content-Type: application/json; charset=utf-8
cache-control: no-cache

19:20:57.830 [AsyncHttpClient-1-2] DEBUG org.asynchttpclient.netty.channel.ChannelManager - Adding key: http://localhost:37761 for channel [id: 0x82480c71, L:/127.0.0.1:60945 - R:localhost/127.0.0.1:37761]
19:20:57.831 [Forwarding getCurrentUrl on session 6ba4130f3350bfecd379a5bfe9abd36d to remote] DEBUG org.asynchttpclient.netty.request.NettyRequestSender - Using pooled Channel '[id: 0x82480c71, L:/127.0.0.1:60945 - R:localhost/127.0.0.1:37761]' for 'GET' to 'http://localhost:37761/session/6ba4130f3350bfecd379a5bfe9abd36d/url'
19:20:57.831 [Forwarding getCurrentUrl on session 6ba4130f3350bfecd379a5bfe9abd36d to remote] DEBUG org.asynchttpclient.netty.request.NettyRequestSender - Using open Channel [id: 0x82480c71, L:/127.0.0.1:60945 - R:localhost/127.0.0.1:37761] for GET '/session/6ba4130f3350bfecd379a5bfe9abd36d/url'
19:20:57.834 [AsyncHttpClient-1-2] DEBUG org.asynchttpclient.netty.handler.HttpHandler - 

Request DefaultFullHttpRequest(decodeResult: success, version: HTTP/1.1, content: EmptyByteBufBE)
GET /session/6ba4130f3350bfecd379a5bfe9abd36d/url HTTP/1.1
User-Agent: selenium/4.8.1 (java windows)
Cache-Control: no-cache
Content-Type: application/json; charset=utf-8
host: localhost:37761
accept: */*

Response DefaultHttpResponse(decodeResult: success, version: HTTP/1.1)
HTTP/1.1 200 OK
Content-Length: 52
Content-Type: application/json; charset=utf-8
cache-control: no-cache

19:20:57.834 [AsyncHttpClient-1-2] DEBUG org.asynchttpclient.netty.channel.ChannelManager - Adding key: http://localhost:37761 for channel [id: 0x82480c71, L:/127.0.0.1:60945 - R:localhost/127.0.0.1:37761]
19:20:57.839 [Forwarding getPageSource on session 6ba4130f3350bfecd379a5bfe9abd36d to remote] DEBUG org.asynchttpclient.netty.request.NettyRequestSender - Using pooled Channel '[id: 0x82480c71, L:/127.0.0.1:60945 - R:localhost/127.0.0.1:37761]' for 'POST' to 'http://localhost:37761/session/6ba4130f3350bfecd379a5bfe9abd36d/execute/sync'
19:20:57.840 [Forwarding getPageSource on session 6ba4130f3350bfecd379a5bfe9abd36d to remote] DEBUG org.asynchttpclient.netty.request.NettyRequestSender - Using open Channel [id: 0x82480c71, L:/127.0.0.1:60945 - R:localhost/127.0.0.1:37761] for POST '/session/6ba4130f3350bfecd379a5bfe9abd36d/execute/sync'
19:20:57.844 [AsyncHttpClient-1-2] DEBUG org.asynchttpclient.netty.handler.HttpHandler - 

Request DefaultHttpRequest(decodeResult: success, version: HTTP/1.1)
POST /session/6ba4130f3350bfecd379a5bfe9abd36d/execute/sync HTTP/1.1
User-Agent: selenium/4.8.1 (java windows)
Content-Length: 176
Content-Type: application/json; charset=utf-8
host: localhost:37761
accept: */*

Response DefaultHttpResponse(decodeResult: success, version: HTTP/1.1)
HTTP/1.1 200 OK
Content-Length: 21659
Content-Type: application/json; charset=utf-8
cache-control: no-cache

19:20:57.844 [AsyncHttpClient-1-2] DEBUG org.asynchttpclient.netty.channel.ChannelManager - Adding key: http://localhost:37761 for channel [id: 0x82480c71, L:/127.0.0.1:60945 - R:localhost/127.0.0.1:37761]
19:20:57.846 [Forwarding getCurrentUrl on session 6ba4130f3350bfecd379a5bfe9abd36d to remote] DEBUG org.asynchttpclient.netty.request.NettyRequestSender - Using pooled Channel '[id: 0x82480c71, L:/127.0.0.1:60945 - R:localhost/127.0.0.1:37761]' for 'GET' to 'http://localhost:37761/session/6ba4130f3350bfecd379a5bfe9abd36d/url'
19:20:57.846 [Forwarding getCurrentUrl on session 6ba4130f3350bfecd379a5bfe9abd36d to remote] DEBUG org.asynchttpclient.netty.request.NettyRequestSender - Using open Channel [id: 0x82480c71, L:/127.0.0.1:60945 - R:localhost/127.0.0.1:37761] for GET '/session/6ba4130f3350bfecd379a5bfe9abd36d/url'
19:20:57.849 [AsyncHttpClient-1-2] DEBUG org.asynchttpclient.netty.handler.HttpHandler - 

Request DefaultFullHttpRequest(decodeResult: success, version: HTTP/1.1, content: EmptyByteBufBE)
GET /session/6ba4130f3350bfecd379a5bfe9abd36d/url HTTP/1.1
User-Agent: selenium/4.8.1 (java windows)
Cache-Control: no-cache
Content-Type: application/json; charset=utf-8
host: localhost:37761
accept: */*

Response DefaultHttpResponse(decodeResult: success, version: HTTP/1.1)
HTTP/1.1 200 OK
Content-Length: 52
Content-Type: application/json; charset=utf-8
cache-control: no-cache

19:20:57.849 [AsyncHttpClient-1-2] DEBUG org.asynchttpclient.netty.channel.ChannelManager - Adding key: http://localhost:37761 for channel [id: 0x82480c71, L:/127.0.0.1:60945 - R:localhost/127.0.0.1:37761]
19:20:57.850 [main] DEBUG net.thucydides.core.steps.StepInterceptor - STARTING STEP: LoginSteps.inputIncnvalidEmail - inputEmail
19:20:57.852 [Forwarding findElement on session 6ba4130f3350bfecd379a5bfe9abd36d to remote] DEBUG org.asynchttpclient.netty.request.NettyRequestSender - Using pooled Channel '[id: 0x82480c71, L:/127.0.0.1:60945 - R:localhost/127.0.0.1:37761]' for 'POST' to 'http://localhost:37761/session/6ba4130f3350bfecd379a5bfe9abd36d/element'
19:20:57.852 [Forwarding findElement on session 6ba4130f3350bfecd379a5bfe9abd36d to remote] DEBUG org.asynchttpclient.netty.request.NettyRequestSender - Using open Channel [id: 0x82480c71, L:/127.0.0.1:60945 - R:localhost/127.0.0.1:37761] for POST '/session/6ba4130f3350bfecd379a5bfe9abd36d/element'
19:20:57.863 [AsyncHttpClient-1-2] DEBUG org.asynchttpclient.netty.handler.HttpHandler - 

Request DefaultHttpRequest(decodeResult: success, version: HTTP/1.1)
POST /session/6ba4130f3350bfecd379a5bfe9abd36d/element HTTP/1.1
User-Agent: selenium/4.8.1 (java windows)
Content-Length: 55
Content-Type: application/json; charset=utf-8
host: localhost:37761
accept: */*

Response DefaultHttpResponse(decodeResult: success, version: HTTP/1.1)
HTTP/1.1 200 OK
Content-Length: 94
Content-Type: application/json; charset=utf-8
cache-control: no-cache

19:20:57.863 [AsyncHttpClient-1-2] DEBUG org.asynchttpclient.netty.channel.ChannelManager - Adding key: http://localhost:37761 for channel [id: 0x82480c71, L:/127.0.0.1:60945 - R:localhost/127.0.0.1:37761]
19:20:57.864 [Forwarding clearElement on session 6ba4130f3350bfecd379a5bfe9abd36d to remote] DEBUG org.asynchttpclient.netty.request.NettyRequestSender - Using pooled Channel '[id: 0x82480c71, L:/127.0.0.1:60945 - R:localhost/127.0.0.1:37761]' for 'POST' to 'http://localhost:37761/session/6ba4130f3350bfecd379a5bfe9abd36d/element/636EC43276ED93E9295C4643134A390D_element_5/clear'
19:20:57.864 [Forwarding clearElement on session 6ba4130f3350bfecd379a5bfe9abd36d to remote] DEBUG org.asynchttpclient.netty.request.NettyRequestSender - Using open Channel [id: 0x82480c71, L:/127.0.0.1:60945 - R:localhost/127.0.0.1:37761] for POST '/session/6ba4130f3350bfecd379a5bfe9abd36d/element/636EC43276ED93E9295C4643134A390D_element_5/clear'
19:20:57.906 [AsyncHttpClient-1-2] DEBUG org.asynchttpclient.netty.handler.HttpHandler - 

Request DefaultHttpRequest(decodeResult: success, version: HTTP/1.1)
POST /session/6ba4130f3350bfecd379a5bfe9abd36d/element/636EC43276ED93E9295C4643134A390D_element_5/clear HTTP/1.1
User-Agent: selenium/4.8.1 (java windows)
Content-Length: 56
Content-Type: application/json; charset=utf-8
host: localhost:37761
accept: */*

Response DefaultHttpResponse(decodeResult: success, version: HTTP/1.1)
HTTP/1.1 200 OK
Content-Length: 14
Content-Type: application/json; charset=utf-8
cache-control: no-cache

19:20:57.906 [AsyncHttpClient-1-2] DEBUG org.asynchttpclient.netty.channel.ChannelManager - Adding key: http://localhost:37761 for channel [id: 0x82480c71, L:/127.0.0.1:60945 - R:localhost/127.0.0.1:37761]
19:20:57.907 [Forwarding sendKeysToElement on session 6ba4130f3350bfecd379a5bfe9abd36d to remote] DEBUG org.asynchttpclient.netty.request.NettyRequestSender - Using pooled Channel '[id: 0x82480c71, L:/127.0.0.1:60945 - R:localhost/127.0.0.1:37761]' for 'POST' to 'http://localhost:37761/session/6ba4130f3350bfecd379a5bfe9abd36d/element/636EC43276ED93E9295C4643134A390D_element_5/value'
19:20:57.907 [Forwarding sendKeysToElement on session 6ba4130f3350bfecd379a5bfe9abd36d to remote] DEBUG org.asynchttpclient.netty.request.NettyRequestSender - Using open Channel [id: 0x82480c71, L:/127.0.0.1:60945 - R:localhost/127.0.0.1:37761] for POST '/session/6ba4130f3350bfecd379a5bfe9abd36d/element/636EC43276ED93E9295C4643134A390D_element_5/value'
19:20:58.026 [AsyncHttpClient-1-2] DEBUG org.asynchttpclient.netty.handler.HttpHandler - 

Request DefaultHttpRequest(decodeResult: success, version: HTTP/1.1)
POST /session/6ba4130f3350bfecd379a5bfe9abd36d/element/636EC43276ED93E9295C4643134A390D_element_5/value HTTP/1.1
User-Agent: selenium/4.8.1 (java windows)
Content-Length: 187
Content-Type: application/json; charset=utf-8
host: localhost:37761
accept: */*

Response DefaultHttpResponse(decodeResult: success, version: HTTP/1.1)
HTTP/1.1 200 OK
Content-Length: 14
Content-Type: application/json; charset=utf-8
cache-control: no-cache

19:20:58.026 [AsyncHttpClient-1-2] DEBUG org.asynchttpclient.netty.channel.ChannelManager - Adding key: http://localhost:37761 for channel [id: 0x82480c71, L:/127.0.0.1:60945 - R:localhost/127.0.0.1:37761]
19:20:58.033 [Forwarding getAlertText on session 6ba4130f3350bfecd379a5bfe9abd36d to remote] DEBUG org.asynchttpclient.netty.request.NettyRequestSender - Using pooled Channel '[id: 0x82480c71, L:/127.0.0.1:60945 - R:localhost/127.0.0.1:37761]' for 'GET' to 'http://localhost:37761/session/6ba4130f3350bfecd379a5bfe9abd36d/alert/text'
19:20:58.033 [Forwarding getAlertText on session 6ba4130f3350bfecd379a5bfe9abd36d to remote] DEBUG org.asynchttpclient.netty.request.NettyRequestSender - Using open Channel [id: 0x82480c71, L:/127.0.0.1:60945 - R:localhost/127.0.0.1:37761] for GET '/session/6ba4130f3350bfecd379a5bfe9abd36d/alert/text'
19:20:58.034 [AsyncHttpClient-1-2] DEBUG org.asynchttpclient.netty.handler.HttpHandler - 

Request DefaultFullHttpRequest(decodeResult: success, version: HTTP/1.1, content: EmptyByteBufBE)
GET /session/6ba4130f3350bfecd379a5bfe9abd36d/alert/text HTTP/1.1
User-Agent: selenium/4.8.1 (java windows)
Cache-Control: no-cache
Content-Type: application/json; charset=utf-8
host: localhost:37761
accept: */*

Response DefaultHttpResponse(decodeResult: success, version: HTTP/1.1)
HTTP/1.1 404 Not Found
Content-Length: 847
Content-Type: application/json; charset=utf-8
cache-control: no-cache

19:20:58.034 [AsyncHttpClient-1-2] DEBUG org.asynchttpclient.netty.channel.ChannelManager - Adding key: http://localhost:37761 for channel [id: 0x82480c71, L:/127.0.0.1:60945 - R:localhost/127.0.0.1:37761]
19:20:58.035 [Forwarding getCurrentUrl on session 6ba4130f3350bfecd379a5bfe9abd36d to remote] DEBUG org.asynchttpclient.netty.request.NettyRequestSender - Using pooled Channel '[id: 0x82480c71, L:/127.0.0.1:60945 - R:localhost/127.0.0.1:37761]' for 'GET' to 'http://localhost:37761/session/6ba4130f3350bfecd379a5bfe9abd36d/url'
19:20:58.035 [Forwarding getCurrentUrl on session 6ba4130f3350bfecd379a5bfe9abd36d to remote] DEBUG org.asynchttpclient.netty.request.NettyRequestSender - Using open Channel [id: 0x82480c71, L:/127.0.0.1:60945 - R:localhost/127.0.0.1:37761] for GET '/session/6ba4130f3350bfecd379a5bfe9abd36d/url'
19:20:58.039 [AsyncHttpClient-1-2] DEBUG org.asynchttpclient.netty.handler.HttpHandler - 

Request DefaultFullHttpRequest(decodeResult: success, version: HTTP/1.1, content: EmptyByteBufBE)
GET /session/6ba4130f3350bfecd379a5bfe9abd36d/url HTTP/1.1
User-Agent: selenium/4.8.1 (java windows)
Cache-Control: no-cache
Content-Type: application/json; charset=utf-8
host: localhost:37761
accept: */*

Response DefaultHttpResponse(decodeResult: success, version: HTTP/1.1)
HTTP/1.1 200 OK
Content-Length: 52
Content-Type: application/json; charset=utf-8
cache-control: no-cache

19:20:58.039 [AsyncHttpClient-1-2] DEBUG org.asynchttpclient.netty.channel.ChannelManager - Adding key: http://localhost:37761 for channel [id: 0x82480c71, L:/127.0.0.1:60945 - R:localhost/127.0.0.1:37761]
19:20:58.040 [Forwarding screenshot on session 6ba4130f3350bfecd379a5bfe9abd36d to remote] DEBUG org.asynchttpclient.netty.request.NettyRequestSender - Using pooled Channel '[id: 0x82480c71, L:/127.0.0.1:60945 - R:localhost/127.0.0.1:37761]' for 'GET' to 'http://localhost:37761/session/6ba4130f3350bfecd379a5bfe9abd36d/screenshot'
19:20:58.040 [Forwarding screenshot on session 6ba4130f3350bfecd379a5bfe9abd36d to remote] DEBUG org.asynchttpclient.netty.request.NettyRequestSender - Using open Channel [id: 0x82480c71, L:/127.0.0.1:60945 - R:localhost/127.0.0.1:37761] for GET '/session/6ba4130f3350bfecd379a5bfe9abd36d/screenshot'
19:20:58.145 [AsyncHttpClient-1-2] DEBUG org.asynchttpclient.netty.handler.HttpHandler - 

Request DefaultFullHttpRequest(decodeResult: success, version: HTTP/1.1, content: EmptyByteBufBE)
GET /session/6ba4130f3350bfecd379a5bfe9abd36d/screenshot HTTP/1.1
User-Agent: selenium/4.8.1 (java windows)
Cache-Control: no-cache
Content-Type: application/json; charset=utf-8
host: localhost:37761
accept: */*

Response DefaultHttpResponse(decodeResult: success, version: HTTP/1.1)
HTTP/1.1 200 OK
Content-Length: 36012
Content-Type: application/json; charset=utf-8
cache-control: no-cache

19:20:58.145 [AsyncHttpClient-1-2] DEBUG org.asynchttpclient.netty.channel.ChannelManager - Adding key: http://localhost:37761 for channel [id: 0x82480c71, L:/127.0.0.1:60945 - R:localhost/127.0.0.1:37761]
19:20:58.146 [main] DEBUG net.serenitybdd.core.photography.Darkroom - Send negative for processing for target\site\serenity\e040b800a116a37f051c1c76b0196cc0f84dd003f7c77165a986dad7f6e2db3d.png
19:20:58.146 [main] DEBUG net.thucydides.core.steps.StepInterceptor - STEP DONE: inputEmail
  &amp#27;[32mAnd &amp#27;[0m&amp#27;[32mI enter invalid email&amp#27;[0m              &amp#27;[90m# starter.stepdefinitions.LoginSteps.inputIncnvalidEmail()&amp#27;[0m
19:20:58.146 [Darkroom Processing Line] DEBUG net.serenitybdd.core.photography.DarkroomProcessingLine - Processing screenshot image in /var/screenshots/screenshot-16720806761890072555
19:20:58.146 [Darkroom Processing Line] DEBUG net.serenitybdd.core.photography.DarkroomProcessingLine - Saving screenshot to target\site\serenity\e040b800a116a37f051c1c76b0196cc0f84dd003f7c77165a986dad7f6e2db3d.png
19:20:58.153 [Forwarding getPageSource on session 6ba4130f3350bfecd379a5bfe9abd36d to remote] DEBUG org.asynchttpclient.netty.request.NettyRequestSender - Using pooled Channel '[id: 0x82480c71, L:/127.0.0.1:60945 - R:localhost/127.0.0.1:37761]' for 'POST' to 'http://localhost:37761/session/6ba4130f3350bfecd379a5bfe9abd36d/execute/sync'
19:20:58.153 [Forwarding getPageSource on session 6ba4130f3350bfecd379a5bfe9abd36d to remote] DEBUG org.asynchttpclient.netty.request.NettyRequestSender - Using open Channel [id: 0x82480c71, L:/127.0.0.1:60945 - R:localhost/127.0.0.1:37761] for POST '/session/6ba4130f3350bfecd379a5bfe9abd36d/execute/sync'
19:20:58.160 [AsyncHttpClient-1-2] DEBUG org.asynchttpclient.netty.handler.HttpHandler - 

Request DefaultHttpRequest(decodeResult: success, version: HTTP/1.1)
POST /session/6ba4130f3350bfecd379a5bfe9abd36d/execute/sync HTTP/1.1
User-Agent: selenium/4.8.1 (java windows)
Content-Length: 176
Content-Type: application/json; charset=utf-8
host: localhost:37761
accept: */*

Response DefaultHttpResponse(decodeResult: success, version: HTTP/1.1)
HTTP/1.1 200 OK
Content-Length: 21780
Content-Type: application/json; charset=utf-8
cache-control: no-cache

19:20:58.161 [AsyncHttpClient-1-2] DEBUG org.asynchttpclient.netty.channel.ChannelManager - Adding key: http://localhost:37761 for channel [id: 0x82480c71, L:/127.0.0.1:60945 - R:localhost/127.0.0.1:37761]
19:20:58.163 [Forwarding getCurrentUrl on session 6ba4130f3350bfecd379a5bfe9abd36d to remote] DEBUG org.asynchttpclient.netty.request.NettyRequestSender - Using pooled Channel '[id: 0x82480c71, L:/127.0.0.1:60945 - R:localhost/127.0.0.1:37761]' for 'GET' to 'http://localhost:37761/session/6ba4130f3350bfecd379a5bfe9abd36d/url'
19:20:58.163 [Forwarding getCurrentUrl on session 6ba4130f3350bfecd379a5bfe9abd36d to remote] DEBUG org.asynchttpclient.netty.request.NettyRequestSender - Using open Channel [id: 0x82480c71, L:/127.0.0.1:60945 - R:localhost/127.0.0.1:37761] for GET '/session/6ba4130f3350bfecd379a5bfe9abd36d/url'
19:20:58.168 [AsyncHttpClient-1-2] DEBUG org.asynchttpclient.netty.handler.HttpHandler - 

Request DefaultFullHttpRequest(decodeResult: success, version: HTTP/1.1, content: EmptyByteBufBE)
GET /session/6ba4130f3350bfecd379a5bfe9abd36d/url HTTP/1.1
User-Agent: selenium/4.8.1 (java windows)
Cache-Control: no-cache
Content-Type: application/json; charset=utf-8
host: localhost:37761
accept: */*

Response DefaultHttpResponse(decodeResult: success, version: HTTP/1.1)
HTTP/1.1 200 OK
Content-Length: 52
Content-Type: application/json; charset=utf-8
cache-control: no-cache

19:20:58.168 [AsyncHttpClient-1-2] DEBUG org.asynchttpclient.netty.channel.ChannelManager - Adding key: http://localhost:37761 for channel [id: 0x82480c71, L:/127.0.0.1:60945 - R:localhost/127.0.0.1:37761]
19:20:58.183 [Forwarding getPageSource on session 6ba4130f3350bfecd379a5bfe9abd36d to remote] DEBUG org.asynchttpclient.netty.request.NettyRequestSender - Using pooled Channel '[id: 0x82480c71, L:/127.0.0.1:60945 - R:localhost/127.0.0.1:37761]' for 'POST' to 'http://localhost:37761/session/6ba4130f3350bfecd379a5bfe9abd36d/execute/sync'
19:20:58.183 [Forwarding getPageSource on session 6ba4130f3350bfecd379a5bfe9abd36d to remote] DEBUG org.asynchttpclient.netty.request.NettyRequestSender - Using open Channel [id: 0x82480c71, L:/127.0.0.1:60945 - R:localhost/127.0.0.1:37761] for POST '/session/6ba4130f3350bfecd379a5bfe9abd36d/execute/sync'
19:20:58.194 [AsyncHttpClient-1-2] DEBUG org.asynchttpclient.netty.handler.HttpHandler - 

Request DefaultHttpRequest(decodeResult: success, version: HTTP/1.1)
POST /session/6ba4130f3350bfecd379a5bfe9abd36d/execute/sync HTTP/1.1
User-Agent: selenium/4.8.1 (java windows)
Content-Length: 176
Content-Type: application/json; charset=utf-8
host: localhost:37761
accept: */*

Response DefaultHttpResponse(decodeResult: success, version: HTTP/1.1)
HTTP/1.1 200 OK
Content-Length: 21780
Content-Type: application/json; charset=utf-8
cache-control: no-cache

19:20:58.194 [AsyncHttpClient-1-2] DEBUG org.asynchttpclient.netty.channel.ChannelManager - Adding key: http://localhost:37761 for channel [id: 0x82480c71, L:/127.0.0.1:60945 - R:localhost/127.0.0.1:37761]
19:20:58.196 [Forwarding getCurrentUrl on session 6ba4130f3350bfecd379a5bfe9abd36d to remote] DEBUG org.asynchttpclient.netty.request.NettyRequestSender - Using pooled Channel '[id: 0x82480c71, L:/127.0.0.1:60945 - R:localhost/127.0.0.1:37761]' for 'GET' to 'http://localhost:37761/session/6ba4130f3350bfecd379a5bfe9abd36d/url'
19:20:58.197 [Forwarding getCurrentUrl on session 6ba4130f3350bfecd379a5bfe9abd36d to remote] DEBUG org.asynchttpclient.netty.request.NettyRequestSender - Using open Channel [id: 0x82480c71, L:/127.0.0.1:60945 - R:localhost/127.0.0.1:37761] for GET '/session/6ba4130f3350bfecd379a5bfe9abd36d/url'
19:20:58.206 [AsyncHttpClient-1-2] DEBUG org.asynchttpclient.netty.handler.HttpHandler - 

Request DefaultFullHttpRequest(decodeResult: success, version: HTTP/1.1, content: EmptyByteBufBE)
GET /session/6ba4130f3350bfecd379a5bfe9abd36d/url HTTP/1.1
User-Agent: selenium/4.8.1 (java windows)
Cache-Control: no-cache
Content-Type: application/json; charset=utf-8
host: localhost:37761
accept: */*

Response DefaultHttpResponse(decodeResult: success, version: HTTP/1.1)
HTTP/1.1 200 OK
Content-Length: 52
Content-Type: application/json; charset=utf-8
cache-control: no-cache

19:20:58.206 [AsyncHttpClient-1-2] DEBUG org.asynchttpclient.netty.channel.ChannelManager - Adding key: http://localhost:37761 for channel [id: 0x82480c71, L:/127.0.0.1:60945 - R:localhost/127.0.0.1:37761]
19:20:58.209 [main] DEBUG net.thucydides.core.steps.StepInterceptor - STARTING STEP: LoginSteps.inputPassword - inputPassword
19:20:58.211 [Forwarding findElement on session 6ba4130f3350bfecd379a5bfe9abd36d to remote] DEBUG org.asynchttpclient.netty.request.NettyRequestSender - Using pooled Channel '[id: 0x82480c71, L:/127.0.0.1:60945 - R:localhost/127.0.0.1:37761]' for 'POST' to 'http://localhost:37761/session/6ba4130f3350bfecd379a5bfe9abd36d/element'
19:20:58.211 [Forwarding findElement on session 6ba4130f3350bfecd379a5bfe9abd36d to remote] DEBUG org.asynchttpclient.netty.request.NettyRequestSender - Using open Channel [id: 0x82480c71, L:/127.0.0.1:60945 - R:localhost/127.0.0.1:37761] for POST '/session/6ba4130f3350bfecd379a5bfe9abd36d/element'
19:20:58.291 [AsyncHttpClient-1-2] DEBUG org.asynchttpclient.netty.handler.HttpHandler - 

Request DefaultHttpRequest(decodeResult: success, version: HTTP/1.1)
POST /session/6ba4130f3350bfecd379a5bfe9abd36d/element HTTP/1.1
User-Agent: selenium/4.8.1 (java windows)
Content-Length: 55
Content-Type: application/json; charset=utf-8
host: localhost:37761
accept: */*

Response DefaultHttpResponse(decodeResult: success, version: HTTP/1.1)
HTTP/1.1 200 OK
Content-Length: 94
Content-Type: application/json; charset=utf-8
cache-control: no-cache

19:20:58.292 [AsyncHttpClient-1-2] DEBUG org.asynchttpclient.netty.channel.ChannelManager - Adding key: http://localhost:37761 for channel [id: 0x82480c71, L:/127.0.0.1:60945 - R:localhost/127.0.0.1:37761]
19:20:58.294 [Forwarding clearElement on session 6ba4130f3350bfecd379a5bfe9abd36d to remote] DEBUG org.asynchttpclient.netty.request.NettyRequestSender - Using pooled Channel '[id: 0x82480c71, L:/127.0.0.1:60945 - R:localhost/127.0.0.1:37761]' for 'POST' to 'http://localhost:37761/session/6ba4130f3350bfecd379a5bfe9abd36d/element/636EC43276ED93E9295C4643134A390D_element_7/clear'
19:20:58.294 [Forwarding clearElement on session 6ba4130f3350bfecd379a5bfe9abd36d to remote] DEBUG org.asynchttpclient.netty.request.NettyRequestSender - Using open Channel [id: 0x82480c71, L:/127.0.0.1:60945 - R:localhost/127.0.0.1:37761] for POST '/session/6ba4130f3350bfecd379a5bfe9abd36d/element/636EC43276ED93E9295C4643134A390D_element_7/clear'
19:20:58.297 [AsyncHttpClient-1-1] DEBUG org.asynchttpclient.netty.channel.DefaultChannelPool - Entry count for : http://localhost:60947 : 1
19:20:58.381 [AsyncHttpClient-1-2] DEBUG org.asynchttpclient.netty.handler.HttpHandler - 

Request DefaultHttpRequest(decodeResult: success, version: HTTP/1.1)
POST /session/6ba4130f3350bfecd379a5bfe9abd36d/element/636EC43276ED93E9295C4643134A390D_element_7/clear HTTP/1.1
User-Agent: selenium/4.8.1 (java windows)
Content-Length: 56
Content-Type: application/json; charset=utf-8
host: localhost:37761
accept: */*

Response DefaultHttpResponse(decodeResult: success, version: HTTP/1.1)
HTTP/1.1 200 OK
Content-Length: 14
Content-Type: application/json; charset=utf-8
cache-control: no-cache

19:20:58.382 [AsyncHttpClient-1-2] DEBUG org.asynchttpclient.netty.channel.ChannelManager - Adding key: http://localhost:37761 for channel [id: 0x82480c71, L:/127.0.0.1:60945 - R:localhost/127.0.0.1:37761]
19:20:58.384 [Forwarding sendKeysToElement on session 6ba4130f3350bfecd379a5bfe9abd36d to remote] DEBUG org.asynchttpclient.netty.request.NettyRequestSender - Using pooled Channel '[id: 0x82480c71, L:/127.0.0.1:60945 - R:localhost/127.0.0.1:37761]' for 'POST' to 'http://localhost:37761/session/6ba4130f3350bfecd379a5bfe9abd36d/element/636EC43276ED93E9295C4643134A390D_element_7/value'
19:20:58.385 [Forwarding sendKeysToElement on session 6ba4130f3350bfecd379a5bfe9abd36d to remote] DEBUG org.asynchttpclient.netty.request.NettyRequestSender - Using open Channel [id: 0x82480c71, L:/127.0.0.1:60945 - R:localhost/127.0.0.1:37761] for POST '/session/6ba4130f3350bfecd379a5bfe9abd36d/element/636EC43276ED93E9295C4643134A390D_element_7/value'
19:20:58.567 [AsyncHttpClient-1-2] DEBUG org.asynchttpclient.netty.handler.HttpHandler - 

Request DefaultHttpRequest(decodeResult: success, version: HTTP/1.1)
POST /session/6ba4130f3350bfecd379a5bfe9abd36d/element/636EC43276ED93E9295C4643134A390D_element_7/value HTTP/1.1
User-Agent: selenium/4.8.1 (java windows)
Content-Length: 147
Content-Type: application/json; charset=utf-8
host: localhost:37761
accept: */*

Response DefaultHttpResponse(decodeResult: success, version: HTTP/1.1)
HTTP/1.1 200 OK
Content-Length: 14
Content-Type: application/json; charset=utf-8
cache-control: no-cache

19:20:58.567 [AsyncHttpClient-1-2] DEBUG org.asynchttpclient.netty.channel.ChannelManager - Adding key: http://localhost:37761 for channel [id: 0x82480c71, L:/127.0.0.1:60945 - R:localhost/127.0.0.1:37761]
19:20:58.578 [Forwarding getAlertText on session 6ba4130f3350bfecd379a5bfe9abd36d to remote] DEBUG org.asynchttpclient.netty.request.NettyRequestSender - Using pooled Channel '[id: 0x82480c71, L:/127.0.0.1:60945 - R:localhost/127.0.0.1:37761]' for 'GET' to 'http://localhost:37761/session/6ba4130f3350bfecd379a5bfe9abd36d/alert/text'
19:20:58.578 [Forwarding getAlertText on session 6ba4130f3350bfecd379a5bfe9abd36d to remote] DEBUG org.asynchttpclient.netty.request.NettyRequestSender - Using open Channel [id: 0x82480c71, L:/127.0.0.1:60945 - R:localhost/127.0.0.1:37761] for GET '/session/6ba4130f3350bfecd379a5bfe9abd36d/alert/text'
19:20:58.579 [AsyncHttpClient-1-2] DEBUG org.asynchttpclient.netty.handler.HttpHandler - 

Request DefaultFullHttpRequest(decodeResult: success, version: HTTP/1.1, content: EmptyByteBufBE)
GET /session/6ba4130f3350bfecd379a5bfe9abd36d/alert/text HTTP/1.1
User-Agent: selenium/4.8.1 (java windows)
Cache-Control: no-cache
Content-Type: application/json; charset=utf-8
host: localhost:37761
accept: */*

Response DefaultHttpResponse(decodeResult: success, version: HTTP/1.1)
HTTP/1.1 404 Not Found
Content-Length: 847
Content-Type: application/json; charset=utf-8
cache-control: no-cache

19:20:58.580 [AsyncHttpClient-1-2] DEBUG org.asynchttpclient.netty.channel.ChannelManager - Adding key: http://localhost:37761 for channel [id: 0x82480c71, L:/127.0.0.1:60945 - R:localhost/127.0.0.1:37761]
19:20:58.581 [Forwarding getCurrentUrl on session 6ba4130f3350bfecd379a5bfe9abd36d to remote] DEBUG org.asynchttpclient.netty.request.NettyRequestSender - Using pooled Channel '[id: 0x82480c71, L:/127.0.0.1:60945 - R:localhost/127.0.0.1:37761]' for 'GET' to 'http://localhost:37761/session/6ba4130f3350bfecd379a5bfe9abd36d/url'
19:20:58.581 [Forwarding getCurrentUrl on session 6ba4130f3350bfecd379a5bfe9abd36d to remote] DEBUG org.asynchttpclient.netty.request.NettyRequestSender - Using open Channel [id: 0x82480c71, L:/127.0.0.1:60945 - R:localhost/127.0.0.1:37761] for GET '/session/6ba4130f3350bfecd379a5bfe9abd36d/url'
19:20:58.592 [AsyncHttpClient-1-2] DEBUG org.asynchttpclient.netty.handler.HttpHandler - 

Request DefaultFullHttpRequest(decodeResult: success, version: HTTP/1.1, content: EmptyByteBufBE)
GET /session/6ba4130f3350bfecd379a5bfe9abd36d/url HTTP/1.1
User-Agent: selenium/4.8.1 (java windows)
Cache-Control: no-cache
Content-Type: application/json; charset=utf-8
host: localhost:37761
accept: */*

Response DefaultHttpResponse(decodeResult: success, version: HTTP/1.1)
HTTP/1.1 200 OK
Content-Length: 52
Content-Type: application/json; charset=utf-8
cache-control: no-cache

19:20:58.592 [AsyncHttpClient-1-2] DEBUG org.asynchttpclient.netty.channel.ChannelManager - Adding key: http://localhost:37761 for channel [id: 0x82480c71, L:/127.0.0.1:60945 - R:localhost/127.0.0.1:37761]
19:20:58.593 [Forwarding screenshot on session 6ba4130f3350bfecd379a5bfe9abd36d to remote] DEBUG org.asynchttpclient.netty.request.NettyRequestSender - Using pooled Channel '[id: 0x82480c71, L:/127.0.0.1:60945 - R:localhost/127.0.0.1:37761]' for 'GET' to 'http://localhost:37761/session/6ba4130f3350bfecd379a5bfe9abd36d/screenshot'
19:20:58.593 [Forwarding screenshot on session 6ba4130f3350bfecd379a5bfe9abd36d to remote] DEBUG org.asynchttpclient.netty.request.NettyRequestSender - Using open Channel [id: 0x82480c71, L:/127.0.0.1:60945 - R:localhost/127.0.0.1:37761] for GET '/session/6ba4130f3350bfecd379a5bfe9abd36d/screenshot'
19:20:58.736 [AsyncHttpClient-1-2] DEBUG org.asynchttpclient.netty.handler.HttpHandler - 

Request DefaultFullHttpRequest(decodeResult: success, version: HTTP/1.1, content: EmptyByteBufBE)
GET /session/6ba4130f3350bfecd379a5bfe9abd36d/screenshot HTTP/1.1
User-Agent: selenium/4.8.1 (java windows)
Cache-Control: no-cache
Content-Type: application/json; charset=utf-8
host: localhost:37761
accept: */*

Response DefaultHttpResponse(decodeResult: success, version: HTTP/1.1)
HTTP/1.1 200 OK
Content-Length: 37644
Content-Type: application/json; charset=utf-8
cache-control: no-cache

19:20:58.736 [AsyncHttpClient-1-2] DEBUG org.asynchttpclient.netty.channel.ChannelManager - Adding key: http://localhost:37761 for channel [id: 0x82480c71, L:/127.0.0.1:60945 - R:localhost/127.0.0.1:37761]
19:20:58.738 [main] DEBUG net.serenitybdd.core.photography.Darkroom - Send negative for processing for target\site\serenity\af0ed940dd54863dd407b4ad63fc423cf6172f00ab7a7a4c1d72481cae2cf98e.png
19:20:58.738 [main] DEBUG net.thucydides.core.steps.StepInterceptor - STEP DONE: inputPassword
  &amp#27;[32mAnd &amp#27;[0m&amp#27;[32mI enter correct password&amp#27;[0m           &amp#27;[90m# starter.stepdefinitions.LoginSteps.inputPassword()&amp#27;[0m
19:20:58.738 [Darkroom Processing Line] DEBUG net.serenitybdd.core.photography.DarkroomProcessingLine - Processing screenshot image in /var/screenshots/screenshot-2220629330569382039
19:20:58.738 [Darkroom Processing Line] DEBUG net.serenitybdd.core.photography.DarkroomProcessingLine - Saving screenshot to target\site\serenity\af0ed940dd54863dd407b4ad63fc423cf6172f00ab7a7a4c1d72481cae2cf98e.png
19:20:58.745 [Forwarding getPageSource on session 6ba4130f3350bfecd379a5bfe9abd36d to remote] DEBUG org.asynchttpclient.netty.request.NettyRequestSender - Using pooled Channel '[id: 0x82480c71, L:/127.0.0.1:60945 - R:localhost/127.0.0.1:37761]' for 'POST' to 'http://localhost:37761/session/6ba4130f3350bfecd379a5bfe9abd36d/execute/sync'
19:20:58.745 [Forwarding getPageSource on session 6ba4130f3350bfecd379a5bfe9abd36d to remote] DEBUG org.asynchttpclient.netty.request.NettyRequestSender - Using open Channel [id: 0x82480c71, L:/127.0.0.1:60945 - R:localhost/127.0.0.1:37761] for POST '/session/6ba4130f3350bfecd379a5bfe9abd36d/execute/sync'
19:20:58.750 [AsyncHttpClient-1-2] DEBUG org.asynchttpclient.netty.handler.HttpHandler - 

Request DefaultHttpRequest(decodeResult: success, version: HTTP/1.1)
POST /session/6ba4130f3350bfecd379a5bfe9abd36d/execute/sync HTTP/1.1
User-Agent: selenium/4.8.1 (java windows)
Content-Length: 176
Content-Type: application/json; charset=utf-8
host: localhost:37761
accept: */*

Response DefaultHttpResponse(decodeResult: success, version: HTTP/1.1)
HTTP/1.1 200 OK
Content-Length: 21839
Content-Type: application/json; charset=utf-8
cache-control: no-cache

19:20:58.750 [AsyncHttpClient-1-2] DEBUG org.asynchttpclient.netty.channel.ChannelManager - Adding key: http://localhost:37761 for channel [id: 0x82480c71, L:/127.0.0.1:60945 - R:localhost/127.0.0.1:37761]
19:20:58.751 [Forwarding getCurrentUrl on session 6ba4130f3350bfecd379a5bfe9abd36d to remote] DEBUG org.asynchttpclient.netty.request.NettyRequestSender - Using pooled Channel '[id: 0x82480c71, L:/127.0.0.1:60945 - R:localhost/127.0.0.1:37761]' for 'GET' to 'http://localhost:37761/session/6ba4130f3350bfecd379a5bfe9abd36d/url'
19:20:58.751 [Forwarding getCurrentUrl on session 6ba4130f3350bfecd379a5bfe9abd36d to remote] DEBUG org.asynchttpclient.netty.request.NettyRequestSender - Using open Channel [id: 0x82480c71, L:/127.0.0.1:60945 - R:localhost/127.0.0.1:37761] for GET '/session/6ba4130f3350bfecd379a5bfe9abd36d/url'
19:20:58.756 [AsyncHttpClient-1-2] DEBUG org.asynchttpclient.netty.handler.HttpHandler - 

Request DefaultFullHttpRequest(decodeResult: success, version: HTTP/1.1, content: EmptyByteBufBE)
GET /session/6ba4130f3350bfecd379a5bfe9abd36d/url HTTP/1.1
User-Agent: selenium/4.8.1 (java windows)
Cache-Control: no-cache
Content-Type: application/json; charset=utf-8
host: localhost:37761
accept: */*

Response DefaultHttpResponse(decodeResult: success, version: HTTP/1.1)
HTTP/1.1 200 OK
Content-Length: 52
Content-Type: application/json; charset=utf-8
cache-control: no-cache

19:20:58.756 [AsyncHttpClient-1-2] DEBUG org.asynchttpclient.netty.channel.ChannelManager - Adding key: http://localhost:37761 for channel [id: 0x82480c71, L:/127.0.0.1:60945 - R:localhost/127.0.0.1:37761]
19:20:58.762 [Forwarding getPageSource on session 6ba4130f3350bfecd379a5bfe9abd36d to remote] DEBUG org.asynchttpclient.netty.request.NettyRequestSender - Using pooled Channel '[id: 0x82480c71, L:/127.0.0.1:60945 - R:localhost/127.0.0.1:37761]' for 'POST' to 'http://localhost:37761/session/6ba4130f3350bfecd379a5bfe9abd36d/execute/sync'
19:20:58.762 [Forwarding getPageSource on session 6ba4130f3350bfecd379a5bfe9abd36d to remote] DEBUG org.asynchttpclient.netty.request.NettyRequestSender - Using open Channel [id: 0x82480c71, L:/127.0.0.1:60945 - R:localhost/127.0.0.1:37761] for POST '/session/6ba4130f3350bfecd379a5bfe9abd36d/execute/sync'
19:20:58.767 [AsyncHttpClient-1-2] DEBUG org.asynchttpclient.netty.handler.HttpHandler - 

Request DefaultHttpRequest(decodeResult: success, version: HTTP/1.1)
POST /session/6ba4130f3350bfecd379a5bfe9abd36d/execute/sync HTTP/1.1
User-Agent: selenium/4.8.1 (java windows)
Content-Length: 176
Content-Type: application/json; charset=utf-8
host: localhost:37761
accept: */*

Response DefaultHttpResponse(decodeResult: success, version: HTTP/1.1)
HTTP/1.1 200 OK
Content-Length: 21839
Content-Type: application/json; charset=utf-8
cache-control: no-cache

19:20:58.767 [AsyncHttpClient-1-2] DEBUG org.asynchttpclient.netty.channel.ChannelManager - Adding key: http://localhost:37761 for channel [id: 0x82480c71, L:/127.0.0.1:60945 - R:localhost/127.0.0.1:37761]
19:20:58.769 [Forwarding getCurrentUrl on session 6ba4130f3350bfecd379a5bfe9abd36d to remote] DEBUG org.asynchttpclient.netty.request.NettyRequestSender - Using pooled Channel '[id: 0x82480c71, L:/127.0.0.1:60945 - R:localhost/127.0.0.1:37761]' for 'GET' to 'http://localhost:37761/session/6ba4130f3350bfecd379a5bfe9abd36d/url'
19:20:58.769 [Forwarding getCurrentUrl on session 6ba4130f3350bfecd379a5bfe9abd36d to remote] DEBUG org.asynchttpclient.netty.request.NettyRequestSender - Using open Channel [id: 0x82480c71, L:/127.0.0.1:60945 - R:localhost/127.0.0.1:37761] for GET '/session/6ba4130f3350bfecd379a5bfe9abd36d/url'
19:20:58.776 [AsyncHttpClient-1-2] DEBUG org.asynchttpclient.netty.handler.HttpHandler - 

Request DefaultFullHttpRequest(decodeResult: success, version: HTTP/1.1, content: EmptyByteBufBE)
GET /session/6ba4130f3350bfecd379a5bfe9abd36d/url HTTP/1.1
User-Agent: selenium/4.8.1 (java windows)
Cache-Control: no-cache
Content-Type: application/json; charset=utf-8
host: localhost:37761
accept: */*

Response DefaultHttpResponse(decodeResult: success, version: HTTP/1.1)
HTTP/1.1 200 OK
Content-Length: 52
Content-Type: application/json; charset=utf-8
cache-control: no-cache

19:20:58.776 [AsyncHttpClient-1-2] DEBUG org.asynchttpclient.netty.channel.ChannelManager - Adding key: http://localhost:37761 for channel [id: 0x82480c71, L:/127.0.0.1:60945 - R:localhost/127.0.0.1:37761]
19:20:58.778 [main] DEBUG net.thucydides.core.steps.StepInterceptor - STARTING STEP: LoginSteps.clickLoginButton - clickLoginButton
19:20:58.780 [Forwarding findElement on session 6ba4130f3350bfecd379a5bfe9abd36d to remote] DEBUG org.asynchttpclient.netty.request.NettyRequestSender - Using pooled Channel '[id: 0x82480c71, L:/127.0.0.1:60945 - R:localhost/127.0.0.1:37761]' for 'POST' to 'http://localhost:37761/session/6ba4130f3350bfecd379a5bfe9abd36d/element'
19:20:58.780 [Forwarding findElement on session 6ba4130f3350bfecd379a5bfe9abd36d to remote] DEBUG org.asynchttpclient.netty.request.NettyRequestSender - Using open Channel [id: 0x82480c71, L:/127.0.0.1:60945 - R:localhost/127.0.0.1:37761] for POST '/session/6ba4130f3350bfecd379a5bfe9abd36d/element'
19:20:58.794 [AsyncHttpClient-1-2] DEBUG org.asynchttpclient.netty.handler.HttpHandler - 

Request DefaultHttpRequest(decodeResult: success, version: HTTP/1.1)
POST /session/6ba4130f3350bfecd379a5bfe9abd36d/element HTTP/1.1
User-Agent: selenium/4.8.1 (java windows)
Content-Length: 71
Content-Type: application/json; charset=utf-8
host: localhost:37761
accept: */*

Response DefaultHttpResponse(decodeResult: success, version: HTTP/1.1)
HTTP/1.1 200 OK
Content-Length: 94
Content-Type: application/json; charset=utf-8
cache-control: no-cache

19:20:58.794 [AsyncHttpClient-1-2] DEBUG org.asynchttpclient.netty.channel.ChannelManager - Adding key: http://localhost:37761 for channel [id: 0x82480c71, L:/127.0.0.1:60945 - R:localhost/127.0.0.1:37761]
19:20:58.795 [Forwarding getElementTagName on session 6ba4130f3350bfecd379a5bfe9abd36d to remote] DEBUG org.asynchttpclient.netty.request.NettyRequestSender - Using pooled Channel '[id: 0x82480c71, L:/127.0.0.1:60945 - R:localhost/127.0.0.1:37761]' for 'GET' to 'http://localhost:37761/session/6ba4130f3350bfecd379a5bfe9abd36d/element/636EC43276ED93E9295C4643134A390D_element_8/name'
19:20:58.795 [Forwarding getElementTagName on session 6ba4130f3350bfecd379a5bfe9abd36d to remote] DEBUG org.asynchttpclient.netty.request.NettyRequestSender - Using open Channel [id: 0x82480c71, L:/127.0.0.1:60945 - R:localhost/127.0.0.1:37761] for GET '/session/6ba4130f3350bfecd379a5bfe9abd36d/element/636EC43276ED93E9295C4643134A390D_element_8/name'
19:20:58.799 [AsyncHttpClient-1-2] DEBUG org.asynchttpclient.netty.handler.HttpHandler - 

Request DefaultFullHttpRequest(decodeResult: success, version: HTTP/1.1, content: EmptyByteBufBE)
GET /session/6ba4130f3350bfecd379a5bfe9abd36d/element/636EC43276ED93E9295C4643134A390D_element_8/name HTTP/1.1
User-Agent: selenium/4.8.1 (java windows)
Cache-Control: no-cache
Content-Type: application/json; charset=utf-8
host: localhost:37761
accept: */*

Response DefaultHttpResponse(decodeResult: success, version: HTTP/1.1)
HTTP/1.1 200 OK
Content-Length: 18
Content-Type: application/json; charset=utf-8
cache-control: no-cache

19:20:58.799 [AsyncHttpClient-1-2] DEBUG org.asynchttpclient.netty.channel.ChannelManager - Adding key: http://localhost:37761 for channel [id: 0x82480c71, L:/127.0.0.1:60945 - R:localhost/127.0.0.1:37761]
19:20:58.800 [Forwarding getElementTagName on session 6ba4130f3350bfecd379a5bfe9abd36d to remote] DEBUG org.asynchttpclient.netty.request.NettyRequestSender - Using pooled Channel '[id: 0x82480c71, L:/127.0.0.1:60945 - R:localhost/127.0.0.1:37761]' for 'GET' to 'http://localhost:37761/session/6ba4130f3350bfecd379a5bfe9abd36d/element/636EC43276ED93E9295C4643134A390D_element_8/name'
19:20:58.800 [Forwarding getElementTagName on session 6ba4130f3350bfecd379a5bfe9abd36d to remote] DEBUG org.asynchttpclient.netty.request.NettyRequestSender - Using open Channel [id: 0x82480c71, L:/127.0.0.1:60945 - R:localhost/127.0.0.1:37761] for GET '/session/6ba4130f3350bfecd379a5bfe9abd36d/element/636EC43276ED93E9295C4643134A390D_element_8/name'
19:20:58.804 [AsyncHttpClient-1-2] DEBUG org.asynchttpclient.netty.handler.HttpHandler - 

Request DefaultFullHttpRequest(decodeResult: success, version: HTTP/1.1, content: EmptyByteBufBE)
GET /session/6ba4130f3350bfecd379a5bfe9abd36d/element/636EC43276ED93E9295C4643134A390D_element_8/name HTTP/1.1
User-Agent: selenium/4.8.1 (java windows)
Cache-Control: no-cache
Content-Type: application/json; charset=utf-8
host: localhost:37761
accept: */*

Response DefaultHttpResponse(decodeResult: success, version: HTTP/1.1)
HTTP/1.1 200 OK
Content-Length: 18
Content-Type: application/json; charset=utf-8
cache-control: no-cache

19:20:58.804 [AsyncHttpClient-1-2] DEBUG org.asynchttpclient.netty.channel.ChannelManager - Adding key: http://localhost:37761 for channel [id: 0x82480c71, L:/127.0.0.1:60945 - R:localhost/127.0.0.1:37761]
19:20:58.806 [Forwarding isElementEnabled on session 6ba4130f3350bfecd379a5bfe9abd36d to remote] DEBUG org.asynchttpclient.netty.request.NettyRequestSender - Using pooled Channel '[id: 0x82480c71, L:/127.0.0.1:60945 - R:localhost/127.0.0.1:37761]' for 'GET' to 'http://localhost:37761/session/6ba4130f3350bfecd379a5bfe9abd36d/element/636EC43276ED93E9295C4643134A390D_element_8/enabled'
19:20:58.806 [Forwarding isElementEnabled on session 6ba4130f3350bfecd379a5bfe9abd36d to remote] DEBUG org.asynchttpclient.netty.request.NettyRequestSender - Using open Channel [id: 0x82480c71, L:/127.0.0.1:60945 - R:localhost/127.0.0.1:37761] for GET '/session/6ba4130f3350bfecd379a5bfe9abd36d/element/636EC43276ED93E9295C4643134A390D_element_8/enabled'
19:20:58.813 [AsyncHttpClient-1-2] DEBUG org.asynchttpclient.netty.handler.HttpHandler - 

Request DefaultFullHttpRequest(decodeResult: success, version: HTTP/1.1, content: EmptyByteBufBE)
GET /session/6ba4130f3350bfecd379a5bfe9abd36d/element/636EC43276ED93E9295C4643134A390D_element_8/enabled HTTP/1.1
User-Agent: selenium/4.8.1 (java windows)
Cache-Control: no-cache
Content-Type: application/json; charset=utf-8
host: localhost:37761
accept: */*

Response DefaultHttpResponse(decodeResult: success, version: HTTP/1.1)
HTTP/1.1 200 OK
Content-Length: 14
Content-Type: application/json; charset=utf-8
cache-control: no-cache

19:20:58.813 [AsyncHttpClient-1-2] DEBUG org.asynchttpclient.netty.channel.ChannelManager - Adding key: http://localhost:37761 for channel [id: 0x82480c71, L:/127.0.0.1:60945 - R:localhost/127.0.0.1:37761]
19:20:58.814 [Forwarding isElementEnabled on session 6ba4130f3350bfecd379a5bfe9abd36d to remote] DEBUG org.asynchttpclient.netty.request.NettyRequestSender - Using pooled Channel '[id: 0x82480c71, L:/127.0.0.1:60945 - R:localhost/127.0.0.1:37761]' for 'GET' to 'http://localhost:37761/session/6ba4130f3350bfecd379a5bfe9abd36d/element/636EC43276ED93E9295C4643134A390D_element_8/enabled'
19:20:58.814 [Forwarding isElementEnabled on session 6ba4130f3350bfecd379a5bfe9abd36d to remote] DEBUG org.asynchttpclient.netty.request.NettyRequestSender - Using open Channel [id: 0x82480c71, L:/127.0.0.1:60945 - R:localhost/127.0.0.1:37761] for GET '/session/6ba4130f3350bfecd379a5bfe9abd36d/element/636EC43276ED93E9295C4643134A390D_element_8/enabled'
19:20:58.819 [AsyncHttpClient-1-2] DEBUG org.asynchttpclient.netty.handler.HttpHandler - 

Request DefaultFullHttpRequest(decodeResult: success, version: HTTP/1.1, content: EmptyByteBufBE)
GET /session/6ba4130f3350bfecd379a5bfe9abd36d/element/636EC43276ED93E9295C4643134A390D_element_8/enabled HTTP/1.1
User-Agent: selenium/4.8.1 (java windows)
Cache-Control: no-cache
Content-Type: application/json; charset=utf-8
host: localhost:37761
accept: */*

Response DefaultHttpResponse(decodeResult: success, version: HTTP/1.1)
HTTP/1.1 200 OK
Content-Length: 14
Content-Type: application/json; charset=utf-8
cache-control: no-cache

19:20:58.819 [AsyncHttpClient-1-2] DEBUG org.asynchttpclient.netty.channel.ChannelManager - Adding key: http://localhost:37761 for channel [id: 0x82480c71, L:/127.0.0.1:60945 - R:localhost/127.0.0.1:37761]
19:20:58.820 [Forwarding findElement on session 6ba4130f3350bfecd379a5bfe9abd36d to remote] DEBUG org.asynchttpclient.netty.request.NettyRequestSender - Using pooled Channel '[id: 0x82480c71, L:/127.0.0.1:60945 - R:localhost/127.0.0.1:37761]' for 'POST' to 'http://localhost:37761/session/6ba4130f3350bfecd379a5bfe9abd36d/element'
19:20:58.820 [Forwarding findElement on session 6ba4130f3350bfecd379a5bfe9abd36d to remote] DEBUG org.asynchttpclient.netty.request.NettyRequestSender - Using open Channel [id: 0x82480c71, L:/127.0.0.1:60945 - R:localhost/127.0.0.1:37761] for POST '/session/6ba4130f3350bfecd379a5bfe9abd36d/element'
19:20:58.825 [AsyncHttpClient-1-2] DEBUG org.asynchttpclient.netty.handler.HttpHandler - 

Request DefaultHttpRequest(decodeResult: success, version: HTTP/1.1)
POST /session/6ba4130f3350bfecd379a5bfe9abd36d/element HTTP/1.1
User-Agent: selenium/4.8.1 (java windows)
Content-Length: 71
Content-Type: application/json; charset=utf-8
host: localhost:37761
accept: */*

Response DefaultHttpResponse(decodeResult: success, version: HTTP/1.1)
HTTP/1.1 200 OK
Content-Length: 94
Content-Type: application/json; charset=utf-8
cache-control: no-cache

19:20:58.825 [AsyncHttpClient-1-2] DEBUG org.asynchttpclient.netty.channel.ChannelManager - Adding key: http://localhost:37761 for channel [id: 0x82480c71, L:/127.0.0.1:60945 - R:localhost/127.0.0.1:37761]
19:20:58.827 [Forwarding clickElement on session 6ba4130f3350bfecd379a5bfe9abd36d to remote] DEBUG org.asynchttpclient.netty.request.NettyRequestSender - Using pooled Channel '[id: 0x82480c71, L:/127.0.0.1:60945 - R:localhost/127.0.0.1:37761]' for 'POST' to 'http://localhost:37761/session/6ba4130f3350bfecd379a5bfe9abd36d/element/636EC43276ED93E9295C4643134A390D_element_8/click'
19:20:58.827 [Forwarding clickElement on session 6ba4130f3350bfecd379a5bfe9abd36d to remote] DEBUG org.asynchttpclient.netty.request.NettyRequestSender - Using open Channel [id: 0x82480c71, L:/127.0.0.1:60945 - R:localhost/127.0.0.1:37761] for POST '/session/6ba4130f3350bfecd379a5bfe9abd36d/element/636EC43276ED93E9295C4643134A390D_element_8/click'
19:20:58.874 [AsyncHttpClient-1-2] DEBUG org.asynchttpclient.netty.handler.HttpHandler - 

Request DefaultHttpRequest(decodeResult: success, version: HTTP/1.1)
POST /session/6ba4130f3350bfecd379a5bfe9abd36d/element/636EC43276ED93E9295C4643134A390D_element_8/click HTTP/1.1
User-Agent: selenium/4.8.1 (java windows)
Content-Length: 56
Content-Type: application/json; charset=utf-8
host: localhost:37761
accept: */*

Response DefaultHttpResponse(decodeResult: success, version: HTTP/1.1)
HTTP/1.1 200 OK
Content-Length: 14
Content-Type: application/json; charset=utf-8
cache-control: no-cache

19:20:58.874 [AsyncHttpClient-1-2] DEBUG org.asynchttpclient.netty.channel.ChannelManager - Adding key: http://localhost:37761 for channel [id: 0x82480c71, L:/127.0.0.1:60945 - R:localhost/127.0.0.1:37761]
19:20:58.881 [Forwarding getAlertText on session 6ba4130f3350bfecd379a5bfe9abd36d to remote] DEBUG org.asynchttpclient.netty.request.NettyRequestSender - Using pooled Channel '[id: 0x82480c71, L:/127.0.0.1:60945 - R:localhost/127.0.0.1:37761]' for 'GET' to 'http://localhost:37761/session/6ba4130f3350bfecd379a5bfe9abd36d/alert/text'
19:20:58.881 [Forwarding getAlertText on session 6ba4130f3350bfecd379a5bfe9abd36d to remote] DEBUG org.asynchttpclient.netty.request.NettyRequestSender - Using open Channel [id: 0x82480c71, L:/127.0.0.1:60945 - R:localhost/127.0.0.1:37761] for GET '/session/6ba4130f3350bfecd379a5bfe9abd36d/alert/text'
19:20:58.882 [AsyncHttpClient-1-2] DEBUG org.asynchttpclient.netty.handler.HttpHandler - 

Request DefaultFullHttpRequest(decodeResult: success, version: HTTP/1.1, content: EmptyByteBufBE)
GET /session/6ba4130f3350bfecd379a5bfe9abd36d/alert/text HTTP/1.1
User-Agent: selenium/4.8.1 (java windows)
Cache-Control: no-cache
Content-Type: application/json; charset=utf-8
host: localhost:37761
accept: */*

Response DefaultHttpResponse(decodeResult: success, version: HTTP/1.1)
HTTP/1.1 404 Not Found
Content-Length: 847
Content-Type: application/json; charset=utf-8
cache-control: no-cache

19:20:58.882 [AsyncHttpClient-1-2] DEBUG org.asynchttpclient.netty.channel.ChannelManager - Adding key: http://localhost:37761 for channel [id: 0x82480c71, L:/127.0.0.1:60945 - R:localhost/127.0.0.1:37761]
19:20:58.883 [Forwarding getCurrentUrl on session 6ba4130f3350bfecd379a5bfe9abd36d to remote] DEBUG org.asynchttpclient.netty.request.NettyRequestSender - Using pooled Channel '[id: 0x82480c71, L:/127.0.0.1:60945 - R:localhost/127.0.0.1:37761]' for 'GET' to 'http://localhost:37761/session/6ba4130f3350bfecd379a5bfe9abd36d/url'
19:20:58.883 [Forwarding getCurrentUrl on session 6ba4130f3350bfecd379a5bfe9abd36d to remote] DEBUG org.asynchttpclient.netty.request.NettyRequestSender - Using open Channel [id: 0x82480c71, L:/127.0.0.1:60945 - R:localhost/127.0.0.1:37761] for GET '/session/6ba4130f3350bfecd379a5bfe9abd36d/url'
19:20:58.891 [AsyncHttpClient-1-2] DEBUG org.asynchttpclient.netty.handler.HttpHandler - 

Request DefaultFullHttpRequest(decodeResult: success, version: HTTP/1.1, content: EmptyByteBufBE)
GET /session/6ba4130f3350bfecd379a5bfe9abd36d/url HTTP/1.1
User-Agent: selenium/4.8.1 (java windows)
Cache-Control: no-cache
Content-Type: application/json; charset=utf-8
host: localhost:37761
accept: */*

Response DefaultHttpResponse(decodeResult: success, version: HTTP/1.1)
HTTP/1.1 200 OK
Content-Length: 52
Content-Type: application/json; charset=utf-8
cache-control: no-cache

19:20:58.891 [AsyncHttpClient-1-2] DEBUG org.asynchttpclient.netty.channel.ChannelManager - Adding key: http://localhost:37761 for channel [id: 0x82480c71, L:/127.0.0.1:60945 - R:localhost/127.0.0.1:37761]
19:20:58.891 [Forwarding screenshot on session 6ba4130f3350bfecd379a5bfe9abd36d to remote] DEBUG org.asynchttpclient.netty.request.NettyRequestSender - Using pooled Channel '[id: 0x82480c71, L:/127.0.0.1:60945 - R:localhost/127.0.0.1:37761]' for 'GET' to 'http://localhost:37761/session/6ba4130f3350bfecd379a5bfe9abd36d/screenshot'
19:20:58.891 [Forwarding screenshot on session 6ba4130f3350bfecd379a5bfe9abd36d to remote] DEBUG org.asynchttpclient.netty.request.NettyRequestSender - Using open Channel [id: 0x82480c71, L:/127.0.0.1:60945 - R:localhost/127.0.0.1:37761] for GET '/session/6ba4130f3350bfecd379a5bfe9abd36d/screenshot'
19:20:59.020 [AsyncHttpClient-1-2] DEBUG org.asynchttpclient.netty.handler.HttpHandler - 

Request DefaultFullHttpRequest(decodeResult: success, version: HTTP/1.1, content: EmptyByteBufBE)
GET /session/6ba4130f3350bfecd379a5bfe9abd36d/screenshot HTTP/1.1
User-Agent: selenium/4.8.1 (java windows)
Cache-Control: no-cache
Content-Type: application/json; charset=utf-8
host: localhost:37761
accept: */*

Response DefaultHttpResponse(decodeResult: success, version: HTTP/1.1)
HTTP/1.1 200 OK
Content-Length: 37516
Content-Type: application/json; charset=utf-8
cache-control: no-cache

19:20:59.020 [AsyncHttpClient-1-2] DEBUG org.asynchttpclient.netty.channel.ChannelManager - Adding key: http://localhost:37761 for channel [id: 0x82480c71, L:/127.0.0.1:60945 - R:localhost/127.0.0.1:37761]
19:20:59.022 [main] DEBUG net.serenitybdd.core.photography.Darkroom - Send negative for processing for target\site\serenity\7bc2492c7c38fe4463f9d79a123e92fd53934a0104c8d76f5563e00c7388d63a.png
19:20:59.022 [main] DEBUG net.thucydides.core.steps.StepInterceptor - STEP DONE: clickLoginButton
19:20:59.022 [Darkroom Processing Line] DEBUG net.serenitybdd.core.photography.DarkroomProcessingLine - Processing screenshot image in /var/screenshots/screenshot-2677937530157034821
19:20:59.022 [Darkroom Processing Line] DEBUG net.serenitybdd.core.photography.DarkroomProcessingLine - Saving screenshot to target\site\serenity\7bc2492c7c38fe4463f9d79a123e92fd53934a0104c8d76f5563e00c7388d63a.png
  &amp#27;[32mWhen &amp#27;[0m&amp#27;[32mI click on the login button&amp#27;[0m       &amp#27;[90m# starter.stepdefinitions.LoginSteps.clickLoginButton()&amp#27;[0m
19:20:59.031 [Forwarding getPageSource on session 6ba4130f3350bfecd379a5bfe9abd36d to remote] DEBUG org.asynchttpclient.netty.request.NettyRequestSender - Using pooled Channel '[id: 0x82480c71, L:/127.0.0.1:60945 - R:localhost/127.0.0.1:37761]' for 'POST' to 'http://localhost:37761/session/6ba4130f3350bfecd379a5bfe9abd36d/execute/sync'
19:20:59.031 [Forwarding getPageSource on session 6ba4130f3350bfecd379a5bfe9abd36d to remote] DEBUG org.asynchttpclient.netty.request.NettyRequestSender - Using open Channel [id: 0x82480c71, L:/127.0.0.1:60945 - R:localhost/127.0.0.1:37761] for POST '/session/6ba4130f3350bfecd379a5bfe9abd36d/execute/sync'
19:20:59.037 [AsyncHttpClient-1-2] DEBUG org.asynchttpclient.netty.handler.HttpHandler - 

Request DefaultHttpRequest(decodeResult: success, version: HTTP/1.1)
POST /session/6ba4130f3350bfecd379a5bfe9abd36d/execute/sync HTTP/1.1
User-Agent: selenium/4.8.1 (java windows)
Content-Length: 176
Content-Type: application/json; charset=utf-8
host: localhost:37761
accept: */*

Response DefaultHttpResponse(decodeResult: success, version: HTTP/1.1)
HTTP/1.1 200 OK
Content-Length: 22568
Content-Type: application/json; charset=utf-8
cache-control: no-cache

19:20:59.037 [AsyncHttpClient-1-2] DEBUG org.asynchttpclient.netty.channel.ChannelManager - Adding key: http://localhost:37761 for channel [id: 0x82480c71, L:/127.0.0.1:60945 - R:localhost/127.0.0.1:37761]
19:20:59.038 [Forwarding getCurrentUrl on session 6ba4130f3350bfecd379a5bfe9abd36d to remote] DEBUG org.asynchttpclient.netty.request.NettyRequestSender - Using pooled Channel '[id: 0x82480c71, L:/127.0.0.1:60945 - R:localhost/127.0.0.1:37761]' for 'GET' to 'http://localhost:37761/session/6ba4130f3350bfecd379a5bfe9abd36d/url'
19:20:59.038 [Forwarding getCurrentUrl on session 6ba4130f3350bfecd379a5bfe9abd36d to remote] DEBUG org.asynchttpclient.netty.request.NettyRequestSender - Using open Channel [id: 0x82480c71, L:/127.0.0.1:60945 - R:localhost/127.0.0.1:37761] for GET '/session/6ba4130f3350bfecd379a5bfe9abd36d/url'
19:20:59.042 [AsyncHttpClient-1-2] DEBUG org.asynchttpclient.netty.handler.HttpHandler - 

Request DefaultFullHttpRequest(decodeResult: success, version: HTTP/1.1, content: EmptyByteBufBE)
GET /session/6ba4130f3350bfecd379a5bfe9abd36d/url HTTP/1.1
User-Agent: selenium/4.8.1 (java windows)
Cache-Control: no-cache
Content-Type: application/json; charset=utf-8
host: localhost:37761
accept: */*

Response DefaultHttpResponse(decodeResult: success, version: HTTP/1.1)
HTTP/1.1 200 OK
Content-Length: 52
Content-Type: application/json; charset=utf-8
cache-control: no-cache

19:20:59.042 [AsyncHttpClient-1-2] DEBUG org.asynchttpclient.netty.channel.ChannelManager - Adding key: http://localhost:37761 for channel [id: 0x82480c71, L:/127.0.0.1:60945 - R:localhost/127.0.0.1:37761]
19:20:59.048 [Forwarding getPageSource on session 6ba4130f3350bfecd379a5bfe9abd36d to remote] DEBUG org.asynchttpclient.netty.request.NettyRequestSender - Using pooled Channel '[id: 0x82480c71, L:/127.0.0.1:60945 - R:localhost/127.0.0.1:37761]' for 'POST' to 'http://localhost:37761/session/6ba4130f3350bfecd379a5bfe9abd36d/execute/sync'
19:20:59.048 [Forwarding getPageSource on session 6ba4130f3350bfecd379a5bfe9abd36d to remote] DEBUG org.asynchttpclient.netty.request.NettyRequestSender - Using open Channel [id: 0x82480c71, L:/127.0.0.1:60945 - R:localhost/127.0.0.1:37761] for POST '/session/6ba4130f3350bfecd379a5bfe9abd36d/execute/sync'
19:20:59.054 [AsyncHttpClient-1-2] DEBUG org.asynchttpclient.netty.handler.HttpHandler - 

Request DefaultHttpRequest(decodeResult: success, version: HTTP/1.1)
POST /session/6ba4130f3350bfecd379a5bfe9abd36d/execute/sync HTTP/1.1
User-Agent: selenium/4.8.1 (java windows)
Content-Length: 176
Content-Type: application/json; charset=utf-8
host: localhost:37761
accept: */*

Response DefaultHttpResponse(decodeResult: success, version: HTTP/1.1)
HTTP/1.1 200 OK
Content-Length: 22568
Content-Type: application/json; charset=utf-8
cache-control: no-cache

19:20:59.054 [AsyncHttpClient-1-2] DEBUG org.asynchttpclient.netty.channel.ChannelManager - Adding key: http://localhost:37761 for channel [id: 0x82480c71, L:/127.0.0.1:60945 - R:localhost/127.0.0.1:37761]
19:20:59.055 [Forwarding getCurrentUrl on session 6ba4130f3350bfecd379a5bfe9abd36d to remote] DEBUG org.asynchttpclient.netty.request.NettyRequestSender - Using pooled Channel '[id: 0x82480c71, L:/127.0.0.1:60945 - R:localhost/127.0.0.1:37761]' for 'GET' to 'http://localhost:37761/session/6ba4130f3350bfecd379a5bfe9abd36d/url'
19:20:59.055 [Forwarding getCurrentUrl on session 6ba4130f3350bfecd379a5bfe9abd36d to remote] DEBUG org.asynchttpclient.netty.request.NettyRequestSender - Using open Channel [id: 0x82480c71, L:/127.0.0.1:60945 - R:localhost/127.0.0.1:37761] for GET '/session/6ba4130f3350bfecd379a5bfe9abd36d/url'
19:20:59.058 [AsyncHttpClient-1-2] DEBUG org.asynchttpclient.netty.handler.HttpHandler - 

Request DefaultFullHttpRequest(decodeResult: success, version: HTTP/1.1, content: EmptyByteBufBE)
GET /session/6ba4130f3350bfecd379a5bfe9abd36d/url HTTP/1.1
User-Agent: selenium/4.8.1 (java windows)
Cache-Control: no-cache
Content-Type: application/json; charset=utf-8
host: localhost:37761
accept: */*

Response DefaultHttpResponse(decodeResult: success, version: HTTP/1.1)
HTTP/1.1 200 OK
Content-Length: 52
Content-Type: application/json; charset=utf-8
cache-control: no-cache

19:20:59.058 [AsyncHttpClient-1-2] DEBUG org.asynchttpclient.netty.channel.ChannelManager - Adding key: http://localhost:37761 for channel [id: 0x82480c71, L:/127.0.0.1:60945 - R:localhost/127.0.0.1:37761]
19:20:59.061 [main] DEBUG net.thucydides.core.steps.StepInterceptor - STARTING STEP: LoginSteps.alertContent - incorrectAlert
19:20:59.063 [Forwarding findElement on session 6ba4130f3350bfecd379a5bfe9abd36d to remote] DEBUG org.asynchttpclient.netty.request.NettyRequestSender - Using pooled Channel '[id: 0x82480c71, L:/127.0.0.1:60945 - R:localhost/127.0.0.1:37761]' for 'POST' to 'http://localhost:37761/session/6ba4130f3350bfecd379a5bfe9abd36d/element'
19:20:59.063 [Forwarding findElement on session 6ba4130f3350bfecd379a5bfe9abd36d to remote] DEBUG org.asynchttpclient.netty.request.NettyRequestSender - Using open Channel [id: 0x82480c71, L:/127.0.0.1:60945 - R:localhost/127.0.0.1:37761] for POST '/session/6ba4130f3350bfecd379a5bfe9abd36d/element'
19:20:59.077 [AsyncHttpClient-1-2] DEBUG org.asynchttpclient.netty.handler.HttpHandler - 

Request DefaultHttpRequest(decodeResult: success, version: HTTP/1.1)
POST /session/6ba4130f3350bfecd379a5bfe9abd36d/element HTTP/1.1
User-Agent: selenium/4.8.1 (java windows)
Content-Length: 54
Content-Type: application/json; charset=utf-8
host: localhost:37761
accept: */*

Response DefaultHttpResponse(decodeResult: success, version: HTTP/1.1)
HTTP/1.1 200 OK
Content-Length: 95
Content-Type: application/json; charset=utf-8
cache-control: no-cache

19:20:59.077 [AsyncHttpClient-1-2] DEBUG org.asynchttpclient.netty.channel.ChannelManager - Adding key: http://localhost:37761 for channel [id: 0x82480c71, L:/127.0.0.1:60945 - R:localhost/127.0.0.1:37761]
19:20:59.079 [Forwarding isElementDisplayed on session 6ba4130f3350bfecd379a5bfe9abd36d to remote] DEBUG org.asynchttpclient.netty.request.NettyRequestSender - Using pooled Channel '[id: 0x82480c71, L:/127.0.0.1:60945 - R:localhost/127.0.0.1:37761]' for 'POST' to 'http://localhost:37761/session/6ba4130f3350bfecd379a5bfe9abd36d/execute/sync'
19:20:59.079 [Forwarding isElementDisplayed on session 6ba4130f3350bfecd379a5bfe9abd36d to remote] DEBUG org.asynchttpclient.netty.request.NettyRequestSender - Using open Channel [id: 0x82480c71, L:/127.0.0.1:60945 - R:localhost/127.0.0.1:37761] for POST '/session/6ba4130f3350bfecd379a5bfe9abd36d/execute/sync'
19:20:59.097 [AsyncHttpClient-1-2] DEBUG org.asynchttpclient.netty.handler.HttpHandler - 

Request DefaultHttpRequest(decodeResult: success, version: HTTP/1.1)
POST /session/6ba4130f3350bfecd379a5bfe9abd36d/execute/sync HTTP/1.1
User-Agent: selenium/4.8.1 (java windows)
Content-Length: 48814
Content-Type: application/json; charset=utf-8
host: localhost:37761
accept: */*

Response DefaultHttpResponse(decodeResult: success, version: HTTP/1.1)
HTTP/1.1 200 OK
Content-Length: 14
Content-Type: application/json; charset=utf-8
cache-control: no-cache

19:20:59.097 [AsyncHttpClient-1-2] DEBUG org.asynchttpclient.netty.channel.ChannelManager - Adding key: http://localhost:37761 for channel [id: 0x82480c71, L:/127.0.0.1:60945 - R:localhost/127.0.0.1:37761]
19:20:59.105 [Forwarding getAlertText on session 6ba4130f3350bfecd379a5bfe9abd36d to remote] DEBUG org.asynchttpclient.netty.request.NettyRequestSender - Using pooled Channel '[id: 0x82480c71, L:/127.0.0.1:60945 - R:localhost/127.0.0.1:37761]' for 'GET' to 'http://localhost:37761/session/6ba4130f3350bfecd379a5bfe9abd36d/alert/text'
19:20:59.105 [Forwarding getAlertText on session 6ba4130f3350bfecd379a5bfe9abd36d to remote] DEBUG org.asynchttpclient.netty.request.NettyRequestSender - Using open Channel [id: 0x82480c71, L:/127.0.0.1:60945 - R:localhost/127.0.0.1:37761] for GET '/session/6ba4130f3350bfecd379a5bfe9abd36d/alert/text'
19:20:59.110 [AsyncHttpClient-1-2] DEBUG org.asynchttpclient.netty.handler.HttpHandler - 

Request DefaultFullHttpRequest(decodeResult: success, version: HTTP/1.1, content: EmptyByteBufBE)
GET /session/6ba4130f3350bfecd379a5bfe9abd36d/alert/text HTTP/1.1
User-Agent: selenium/4.8.1 (java windows)
Cache-Control: no-cache
Content-Type: application/json; charset=utf-8
host: localhost:37761
accept: */*

Response DefaultHttpResponse(decodeResult: success, version: HTTP/1.1)
HTTP/1.1 404 Not Found
Content-Length: 847
Content-Type: application/json; charset=utf-8
cache-control: no-cache

19:20:59.110 [AsyncHttpClient-1-2] DEBUG org.asynchttpclient.netty.channel.ChannelManager - Adding key: http://localhost:37761 for channel [id: 0x82480c71, L:/127.0.0.1:60945 - R:localhost/127.0.0.1:37761]
19:20:59.112 [Forwarding getCurrentUrl on session 6ba4130f3350bfecd379a5bfe9abd36d to remote] DEBUG org.asynchttpclient.netty.request.NettyRequestSender - Using pooled Channel '[id: 0x82480c71, L:/127.0.0.1:60945 - R:localhost/127.0.0.1:37761]' for 'GET' to 'http://localhost:37761/session/6ba4130f3350bfecd379a5bfe9abd36d/url'
19:20:59.112 [Forwarding getCurrentUrl on session 6ba4130f3350bfecd379a5bfe9abd36d to remote] DEBUG org.asynchttpclient.netty.request.NettyRequestSender - Using open Channel [id: 0x82480c71, L:/127.0.0.1:60945 - R:localhost/127.0.0.1:37761] for GET '/session/6ba4130f3350bfecd379a5bfe9abd36d/url'
19:20:59.124 [AsyncHttpClient-1-2] DEBUG org.asynchttpclient.netty.handler.HttpHandler - 

Request DefaultFullHttpRequest(decodeResult: success, version: HTTP/1.1, content: EmptyByteBufBE)
GET /session/6ba4130f3350bfecd379a5bfe9abd36d/url HTTP/1.1
User-Agent: selenium/4.8.1 (java windows)
Cache-Control: no-cache
Content-Type: application/json; charset=utf-8
host: localhost:37761
accept: */*

Response DefaultHttpResponse(decodeResult: success, version: HTTP/1.1)
HTTP/1.1 200 OK
Content-Length: 52
Content-Type: application/json; charset=utf-8
cache-control: no-cache

19:20:59.124 [AsyncHttpClient-1-2] DEBUG org.asynchttpclient.netty.channel.ChannelManager - Adding key: http://localhost:37761 for channel [id: 0x82480c71, L:/127.0.0.1:60945 - R:localhost/127.0.0.1:37761]
19:20:59.125 [Forwarding screenshot on session 6ba4130f3350bfecd379a5bfe9abd36d to remote] DEBUG org.asynchttpclient.netty.request.NettyRequestSender - Using pooled Channel '[id: 0x82480c71, L:/127.0.0.1:60945 - R:localhost/127.0.0.1:37761]' for 'GET' to 'http://localhost:37761/session/6ba4130f3350bfecd379a5bfe9abd36d/screenshot'
19:20:59.125 [Forwarding screenshot on session 6ba4130f3350bfecd379a5bfe9abd36d to remote] DEBUG org.asynchttpclient.netty.request.NettyRequestSender - Using open Channel [id: 0x82480c71, L:/127.0.0.1:60945 - R:localhost/127.0.0.1:37761] for GET '/session/6ba4130f3350bfecd379a5bfe9abd36d/screenshot'
19:20:59.323 [AsyncHttpClient-1-2] DEBUG org.asynchttpclient.netty.handler.HttpHandler - 

Request DefaultFullHttpRequest(decodeResult: success, version: HTTP/1.1, content: EmptyByteBufBE)
GET /session/6ba4130f3350bfecd379a5bfe9abd36d/screenshot HTTP/1.1
User-Agent: selenium/4.8.1 (java windows)
Cache-Control: no-cache
Content-Type: application/json; charset=utf-8
host: localhost:37761
accept: */*

Response DefaultHttpResponse(decodeResult: success, version: HTTP/1.1)
HTTP/1.1 200 OK
Content-Length: 42180
Content-Type: application/json; charset=utf-8
cache-control: no-cache

19:20:59.324 [AsyncHttpClient-1-2] DEBUG org.asynchttpclient.netty.channel.ChannelManager - Adding key: http://localhost:37761 for channel [id: 0x82480c71, L:/127.0.0.1:60945 - R:localhost/127.0.0.1:37761]
19:20:59.326 [main] DEBUG net.serenitybdd.core.photography.Darkroom - Send negative for processing for target\site\serenity\329839d20b6299ffbeb28e5e3cdddbbf74e4ca5c25d3624c6db5174fb919c1c0.png
19:20:59.326 [main] DEBUG net.thucydides.core.steps.StepInterceptor - STEP DONE: incorrectAlert
  &amp#27;[32mThen &amp#27;[0m&amp#27;[32mI should see the error message&amp#27;[0m    &amp#27;[90m# starter.stepdefinitions.LoginSteps.alertContent()&amp#27;[0m
19:20:59.327 [Darkroom Processing Line] DEBUG net.serenitybdd.core.photography.DarkroomProcessingLine - Processing screenshot image in /var/screenshots/screenshot-8085931539647034157
19:20:59.327 [Darkroom Processing Line] DEBUG net.serenitybdd.core.photography.DarkroomProcessingLine - Saving screenshot to target\site\serenity\329839d20b6299ffbeb28e5e3cdddbbf74e4ca5c25d3624c6db5174fb919c1c0.png
19:20:59.335 [main] INFO  - 
  _____   ___   ___   _____     ___     _     ___   ___   ___   ___  
 |_   _| | __| / __| |_   _|   | _ \   /_\   / __| / __| | __| |   \ 
   | |   | _|  \__ \   | |     |  _/  / _ \  \__ \ \__ \ | _|  | |) |
   |_|   |___| |___/   |_|     |_|   /_/ \_\ |___/ |___/ |___| |___/ 

Login with invalid email
----------------------------------------------------------------------
19:20:59.337 [AsyncHttpClient-1-4] DEBUG org.asynchttpclient.netty.handler.WebSocketHandler - Channel Closed: [id: 0x9d924db8, L:/127.0.0.1:60954 ! R:localhost/127.0.0.1:60947] with attribute NettyResponseFuture{currentRetry=0,
	isDone=1,
	isCancelled=0,
	asyncHandler=org.asynchttpclient.ws.WebSocketUpgradeHandler@200eee9b,
	nettyRequest=org.asynchttpclient.netty.request.NettyRequest@4e960ccf,
	future=java.util.concurrent.CompletableFuture@69fca186[Completed normally],
	uri=ws://localhost:60947/devtools/browser/90add28e-92b7-41f2-950b-051437a23fc4,
	keepAlive=true,
	redirectCount=0,
	timeoutsHolder=null,
	inAuth=0,
	touch=1683807656864}
19:20:59.337 [AsyncHttpClient-1-4] DEBUG org.asynchttpclient.netty.channel.ChannelManager - Closing Channel [id: 0x9d924db8, L:/127.0.0.1:60954 ! R:localhost/127.0.0.1:60947] 
19:20:59.341 [Driver Command Executor] DEBUG org.asynchttpclient.netty.request.NettyRequestSender - Using pooled Channel '[id: 0x82480c71, L:/127.0.0.1:60945 - R:localhost/127.0.0.1:37761]' for 'DELETE' to 'http://localhost:37761/session/6ba4130f3350bfecd379a5bfe9abd36d'
19:20:59.341 [Driver Command Executor] DEBUG org.asynchttpclient.netty.request.NettyRequestSender - Using open Channel [id: 0x82480c71, L:/127.0.0.1:60945 - R:localhost/127.0.0.1:37761] for DELETE '/session/6ba4130f3350bfecd379a5bfe9abd36d'
19:20:59.398 [AsyncHttpClient-1-1] DEBUG org.asynchttpclient.netty.channel.DefaultChannelPool - Entry count for : http://localhost:60947 : 1
19:20:59.523 [AsyncHttpClient-1-3] DEBUG org.asynchttpclient.netty.handler.HttpHandler - Unexpected I/O exception on channel [id: 0x8acbf500, L:/127.0.0.1:60953 - R:localhost/127.0.0.1:60947]
java.net.SocketException: Connection reset
	at java.base/sun.nio.ch.SocketChannelImpl.throwConnectionReset(SocketChannelImpl.java:401)
	at java.base/sun.nio.ch.SocketChannelImpl.read(SocketChannelImpl.java:434)
	at io.netty.buffer.PooledByteBuf.setBytes(PooledByteBuf.java:259)
	at io.netty.buffer.AbstractByteBuf.writeBytes(AbstractByteBuf.java:1132)
	at io.netty.channel.socket.nio.NioSocketChannel.doReadBytes(NioSocketChannel.java:357)
	at io.netty.channel.nio.AbstractNioByteChannel$NioByteUnsafe.read(AbstractNioByteChannel.java:151)
	at io.netty.channel.nio.NioEventLoop.processSelectedKey(NioEventLoop.java:788)
	at io.netty.channel.nio.NioEventLoop.processSelectedKeysOptimized(NioEventLoop.java:724)
	at io.netty.channel.nio.NioEventLoop.processSelectedKeys(NioEventLoop.java:650)
	at io.netty.channel.nio.NioEventLoop.run(NioEventLoop.java:562)
	at io.netty.util.concurrent.SingleThreadEventExecutor$4.run(SingleThreadEventExecutor.java:997)
	at io.netty.util.internal.ThreadExecutorMap$2.run(ThreadExecutorMap.java:74)
	at io.netty.util.concurrent.FastThreadLocalRunnable.run(FastThreadLocalRunnable.java:30)
	at java.base/java.lang.Thread.run(Thread.java:1589)
19:20:59.523 [AsyncHttpClient-1-3] DEBUG org.asynchttpclient.netty.channel.ChannelManager - Closing Channel [id: 0x8acbf500, L:/127.0.0.1:60953 - R:localhost/127.0.0.1:60947] 
19:20:59.523 [AsyncHttpClient-1-3] DEBUG org.asynchttpclient.netty.handler.HttpHandler - Channel Closed: [id: 0x8acbf500, L:/127.0.0.1:60953 ! R:localhost/127.0.0.1:60947] with attribute DISCARD
19:20:59.549 [AsyncHttpClient-1-2] DEBUG org.asynchttpclient.netty.handler.HttpHandler - 

Request DefaultFullHttpRequest(decodeResult: success, version: HTTP/1.1, content: EmptyByteBufBE)
DELETE /session/6ba4130f3350bfecd379a5bfe9abd36d HTTP/1.1
User-Agent: selenium/4.8.1 (java windows)
Content-Type: application/json; charset=utf-8
host: localhost:37761
accept: */*

Response DefaultHttpResponse(decodeResult: success, version: HTTP/1.1)
HTTP/1.1 200 OK
Content-Length: 14
Content-Type: application/json; charset=utf-8
cache-control: no-cache

19:20:59.549 [AsyncHttpClient-1-2] DEBUG org.asynchttpclient.netty.channel.ChannelManager - Adding key: http://localhost:37761 for channel [id: 0x82480c71, L:/127.0.0.1:60945 - R:localhost/127.0.0.1:37761]
19:20:59.637 [AsyncHttpClient-1-2] DEBUG org.asynchttpclient.netty.handler.HttpHandler - Channel Closed: [id: 0x82480c71, L:/127.0.0.1:60945 ! R:localhost/127.0.0.1:37761] with attribute DISCARD
]]></system-out>
    <system-err><![CDATA[Starting ChromeDriver 113.0.5672.63 (0e1a4471d5ae5bf128b1bd8f4d627c8cbd55f70c-refs/branch-heads/5672@{#912}) on port 37761
Only local connections are allowed.
Please see https://chromedriver.chromium.org/security-considerations for suggestions on keeping ChromeDriver safe.
ChromeDriver was started successfully.
May 11, 2023 7:20:56 PM org.openqa.selenium.devtools.CdpVersionFinder findNearestMatch
WARNING: Unable to find an exact match for CDP version 113, so returning the closest version found: 110
]]></system-err>
  </testcase>
  <testcase name="Login without input any fields" classname="Login to Alta-shop Account" time="3.631">
    <system-out><![CDATA[
Scenario: Login without input any fields &amp#27;[90m# src/test/resources/features/2. Login.feature:35&amp#27;[0m
19:20:59.689 [main] DEBUG io.cucumber.core.plugin.SerenityReporter - Running feature from file:///C:/Users/Bunayya%20Zulfikar/3D%20Objects/alta_web_minpro_testcase/src/test/resources/features/2.%20Login.feature
19:20:59.691 [main] INFO  - 
  _____   ___   ___   _____     ___   _____     _     ___   _____   ___   ___  
 |_   _| | __| / __| |_   _|   / __| |_   _|   /_\   | _ \ |_   _| | __| |   \ 
   | |   | _|  \__ \   | |     \__ \   | |    / _ \  |   /   | |   | _|  | |) |
   |_|   |___| |___/   |_|     |___/   |_|   /_/ \_\ |_|_\   |_|   |___| |___/ 

Login without input any fields(login-to-alta-shop-account;login-without-input-any-fields)
--------------------------------------------------------------------------------
19:20:59.715 [main] DEBUG net.thucydides.core.steps.StepInterceptor - STARTING STEP: LoginSteps.onTheLoginPage - openPage
19:20:59.789 [main] INFO net.serenitybdd.core.webdriver.driverproviders.ChromeDriverProvider - Starting Chrome driver instance with capabilities:
19:20:59.789 [main] INFO net.serenitybdd.core.webdriver.driverproviders.ChromeDriverProvider - Capabilities {acceptInsecureCerts: false, browserName: chrome, goog:chromeOptions: {args: [remote-allow-origins=*], extensions: []}}
19:20:59.884 [AsyncHttpClient-1-5] DEBUG org.asynchttpclient.netty.channel.NettyConnectListener - Using new Channel '[id: 0x940f351a, L:/127.0.0.1:60972 - R:localhost/127.0.0.1:33963]' for 'POST' to '/session'
19:21:00.506 [AsyncHttpClient-1-1] DEBUG org.asynchttpclient.netty.channel.DefaultChannelPool - Entry count for : http://localhost:37761 : 1
19:21:00.506 [AsyncHttpClient-1-1] DEBUG org.asynchttpclient.netty.channel.DefaultChannelPool - Entry count for : http://localhost:60947 : 1
19:21:00.506 [AsyncHttpClient-1-1] DEBUG org.asynchttpclient.netty.channel.DefaultChannelPool - Adding Candidate expired Channel [id: 0x82480c71, L:/127.0.0.1:60945 ! R:localhost/127.0.0.1:37761] isIdleTimeoutExpired=false isRemotelyClosed=true isTtlExpired=false
19:21:00.506 [AsyncHttpClient-1-1] DEBUG org.asynchttpclient.netty.channel.DefaultChannelPool - Closing Idle Channel [id: 0x82480c71, L:/127.0.0.1:60945 ! R:localhost/127.0.0.1:37761]
19:21:00.506 [AsyncHttpClient-1-1] DEBUG org.asynchttpclient.netty.channel.DefaultChannelPool - Adding Candidate expired Channel [id: 0x8acbf500, L:/127.0.0.1:60953 ! R:localhost/127.0.0.1:60947] isIdleTimeoutExpired=false isRemotelyClosed=true isTtlExpired=false
19:21:00.506 [AsyncHttpClient-1-1] DEBUG org.asynchttpclient.netty.channel.DefaultChannelPool - Closing Idle Channel [id: 0x8acbf500, L:/127.0.0.1:60953 ! R:localhost/127.0.0.1:60947]
19:21:00.506 [AsyncHttpClient-1-1] DEBUG org.asynchttpclient.netty.channel.DefaultChannelPool - Closed 2 connections out of 2 in 0 ms
19:21:00.581 [AsyncHttpClient-1-5] DEBUG org.asynchttpclient.netty.handler.HttpHandler - 

Request DefaultHttpRequest(decodeResult: success, version: HTTP/1.1)
POST /session HTTP/1.1
User-Agent: selenium/4.8.1 (java windows)
Content-Length: 507
Content-Type: application/json; charset=utf-8
host: localhost:33963
accept: */*

Response DefaultHttpResponse(decodeResult: success, version: HTTP/1.1)
HTTP/1.1 200 OK
Content-Length: 861
Content-Type: application/json; charset=utf-8
cache-control: no-cache

19:21:00.581 [AsyncHttpClient-1-5] DEBUG org.asynchttpclient.netty.channel.ChannelManager - Adding key: http://localhost:33963 for channel [id: 0x940f351a, L:/127.0.0.1:60972 - R:localhost/127.0.0.1:33963]
19:21:00.587 [AsyncHttpClient-1-6] DEBUG org.asynchttpclient.netty.channel.NettyConnectListener - Using new Channel '[id: 0x0ef91b83, L:/127.0.0.1:60979 - R:localhost/127.0.0.1:60973]' for 'GET' to '/json/version'
19:21:00.589 [AsyncHttpClient-1-6] DEBUG org.asynchttpclient.netty.handler.HttpHandler - 

Request DefaultFullHttpRequest(decodeResult: success, version: HTTP/1.1, content: EmptyByteBufBE)
GET /json/version HTTP/1.1
User-Agent: selenium/4.8.1 (java windows)
host: localhost:60973
accept: */*

Response DefaultHttpResponse(decodeResult: success, version: HTTP/1.1)
HTTP/1.1 200 OK
Content-Security-Policy: frame-ancestors 'none'
Content-Length: 422
Content-Type: application/json; charset=UTF-8

19:21:00.589 [AsyncHttpClient-1-6] DEBUG org.asynchttpclient.netty.channel.ChannelManager - Adding key: http://localhost:60973 for channel [id: 0x0ef91b83, L:/127.0.0.1:60979 - R:localhost/127.0.0.1:60973]
19:21:00.591 [AsyncHttpClient-1-7] DEBUG org.asynchttpclient.netty.channel.NettyConnectListener - Using new Channel '[id: 0xf0c4de6e, L:/127.0.0.1:60980 - R:localhost/127.0.0.1:60973]' for 'GET' to '/devtools/browser/086f857e-22ea-452a-832a-67ec79a947d9'
19:21:00.592 [AsyncHttpClient-1-7] DEBUG org.asynchttpclient.netty.handler.WebSocketHandler - 

Request DefaultFullHttpRequest(decodeResult: success, version: HTTP/1.1, content: EmptyByteBufBE)
GET /devtools/browser/086f857e-22ea-452a-832a-67ec79a947d9 HTTP/1.1
upgrade: websocket
connection: upgrade
sec-websocket-key: TF6zRBOutcPVKFO0yXd4HA==
sec-websocket-version: 13
origin: http://localhost:60973
host: localhost:60973
accept: */*
user-agent: AHC/2.1

Response DefaultHttpResponse(decodeResult: success, version: HTTP/1.1)
HTTP/1.1 101 WebSocket Protocol Handshake
Upgrade: WebSocket
Connection: Upgrade
Sec-WebSocket-Accept: ChGgPqYhCN1DzzcoVmyd+gKkFqc=

19:21:00.596 [Forwarding get on session 14d7f1808e1348a22d236e3d7a4502f6 to remote] DEBUG org.asynchttpclient.netty.request.NettyRequestSender - Using pooled Channel '[id: 0x940f351a, L:/127.0.0.1:60972 - R:localhost/127.0.0.1:33963]' for 'POST' to 'http://localhost:33963/session/14d7f1808e1348a22d236e3d7a4502f6/url'
19:21:00.596 [Forwarding get on session 14d7f1808e1348a22d236e3d7a4502f6 to remote] DEBUG org.asynchttpclient.netty.request.NettyRequestSender - Using open Channel [id: 0x940f351a, L:/127.0.0.1:60972 - R:localhost/127.0.0.1:33963] for POST '/session/14d7f1808e1348a22d236e3d7a4502f6/url'
19:21:01.179 [AsyncHttpClient-1-5] DEBUG org.asynchttpclient.netty.handler.HttpHandler - 

Request DefaultHttpRequest(decodeResult: success, version: HTTP/1.1)
POST /session/14d7f1808e1348a22d236e3d7a4502f6/url HTTP/1.1
User-Agent: selenium/4.8.1 (java windows)
Content-Length: 80
Content-Type: application/json; charset=utf-8
host: localhost:33963
accept: */*

Response DefaultHttpResponse(decodeResult: success, version: HTTP/1.1)
HTTP/1.1 200 OK
Content-Length: 14
Content-Type: application/json; charset=utf-8
cache-control: no-cache

19:21:01.179 [AsyncHttpClient-1-5] DEBUG org.asynchttpclient.netty.channel.ChannelManager - Adding key: http://localhost:33963 for channel [id: 0x940f351a, L:/127.0.0.1:60972 - R:localhost/127.0.0.1:33963]
19:21:01.180 [Forwarding setTimeout on session 14d7f1808e1348a22d236e3d7a4502f6 to remote] DEBUG org.asynchttpclient.netty.request.NettyRequestSender - Using pooled Channel '[id: 0x940f351a, L:/127.0.0.1:60972 - R:localhost/127.0.0.1:33963]' for 'POST' to 'http://localhost:33963/session/14d7f1808e1348a22d236e3d7a4502f6/timeouts'
19:21:01.180 [Forwarding setTimeout on session 14d7f1808e1348a22d236e3d7a4502f6 to remote] DEBUG org.asynchttpclient.netty.request.NettyRequestSender - Using open Channel [id: 0x940f351a, L:/127.0.0.1:60972 - R:localhost/127.0.0.1:33963] for POST '/session/14d7f1808e1348a22d236e3d7a4502f6/timeouts'
19:21:01.181 [AsyncHttpClient-1-5] DEBUG org.asynchttpclient.netty.handler.HttpHandler - 

Request DefaultHttpRequest(decodeResult: success, version: HTTP/1.1)
POST /session/14d7f1808e1348a22d236e3d7a4502f6/timeouts HTTP/1.1
User-Agent: selenium/4.8.1 (java windows)
Content-Length: 22
Content-Type: application/json; charset=utf-8
host: localhost:33963
accept: */*

Response DefaultHttpResponse(decodeResult: success, version: HTTP/1.1)
HTTP/1.1 200 OK
Content-Length: 14
Content-Type: application/json; charset=utf-8
cache-control: no-cache

19:21:01.181 [AsyncHttpClient-1-5] DEBUG org.asynchttpclient.netty.channel.ChannelManager - Adding key: http://localhost:33963 for channel [id: 0x940f351a, L:/127.0.0.1:60972 - R:localhost/127.0.0.1:33963]
19:21:01.187 [Forwarding getAlertText on session 14d7f1808e1348a22d236e3d7a4502f6 to remote] DEBUG org.asynchttpclient.netty.request.NettyRequestSender - Using pooled Channel '[id: 0x940f351a, L:/127.0.0.1:60972 - R:localhost/127.0.0.1:33963]' for 'GET' to 'http://localhost:33963/session/14d7f1808e1348a22d236e3d7a4502f6/alert/text'
19:21:01.187 [Forwarding getAlertText on session 14d7f1808e1348a22d236e3d7a4502f6 to remote] DEBUG org.asynchttpclient.netty.request.NettyRequestSender - Using open Channel [id: 0x940f351a, L:/127.0.0.1:60972 - R:localhost/127.0.0.1:33963] for GET '/session/14d7f1808e1348a22d236e3d7a4502f6/alert/text'
19:21:01.188 [AsyncHttpClient-1-5] DEBUG org.asynchttpclient.netty.handler.HttpHandler - 

Request DefaultFullHttpRequest(decodeResult: success, version: HTTP/1.1, content: EmptyByteBufBE)
GET /session/14d7f1808e1348a22d236e3d7a4502f6/alert/text HTTP/1.1
User-Agent: selenium/4.8.1 (java windows)
Cache-Control: no-cache
Content-Type: application/json; charset=utf-8
host: localhost:33963
accept: */*

Response DefaultHttpResponse(decodeResult: success, version: HTTP/1.1)
HTTP/1.1 404 Not Found
Content-Length: 847
Content-Type: application/json; charset=utf-8
cache-control: no-cache

19:21:01.188 [AsyncHttpClient-1-5] DEBUG org.asynchttpclient.netty.channel.ChannelManager - Adding key: http://localhost:33963 for channel [id: 0x940f351a, L:/127.0.0.1:60972 - R:localhost/127.0.0.1:33963]
19:21:01.188 [Forwarding getCurrentUrl on session 14d7f1808e1348a22d236e3d7a4502f6 to remote] DEBUG org.asynchttpclient.netty.request.NettyRequestSender - Using pooled Channel '[id: 0x940f351a, L:/127.0.0.1:60972 - R:localhost/127.0.0.1:33963]' for 'GET' to 'http://localhost:33963/session/14d7f1808e1348a22d236e3d7a4502f6/url'
19:21:01.188 [Forwarding getCurrentUrl on session 14d7f1808e1348a22d236e3d7a4502f6 to remote] DEBUG org.asynchttpclient.netty.request.NettyRequestSender - Using open Channel [id: 0x940f351a, L:/127.0.0.1:60972 - R:localhost/127.0.0.1:33963] for GET '/session/14d7f1808e1348a22d236e3d7a4502f6/url'
19:21:01.192 [AsyncHttpClient-1-5] DEBUG org.asynchttpclient.netty.handler.HttpHandler - 

Request DefaultFullHttpRequest(decodeResult: success, version: HTTP/1.1, content: EmptyByteBufBE)
GET /session/14d7f1808e1348a22d236e3d7a4502f6/url HTTP/1.1
User-Agent: selenium/4.8.1 (java windows)
Cache-Control: no-cache
Content-Type: application/json; charset=utf-8
host: localhost:33963
accept: */*

Response DefaultHttpResponse(decodeResult: success, version: HTTP/1.1)
HTTP/1.1 200 OK
Content-Length: 52
Content-Type: application/json; charset=utf-8
cache-control: no-cache

19:21:01.192 [AsyncHttpClient-1-5] DEBUG org.asynchttpclient.netty.channel.ChannelManager - Adding key: http://localhost:33963 for channel [id: 0x940f351a, L:/127.0.0.1:60972 - R:localhost/127.0.0.1:33963]
19:21:01.193 [Forwarding screenshot on session 14d7f1808e1348a22d236e3d7a4502f6 to remote] DEBUG org.asynchttpclient.netty.request.NettyRequestSender - Using pooled Channel '[id: 0x940f351a, L:/127.0.0.1:60972 - R:localhost/127.0.0.1:33963]' for 'GET' to 'http://localhost:33963/session/14d7f1808e1348a22d236e3d7a4502f6/screenshot'
19:21:01.193 [Forwarding screenshot on session 14d7f1808e1348a22d236e3d7a4502f6 to remote] DEBUG org.asynchttpclient.netty.request.NettyRequestSender - Using open Channel [id: 0x940f351a, L:/127.0.0.1:60972 - R:localhost/127.0.0.1:33963] for GET '/session/14d7f1808e1348a22d236e3d7a4502f6/screenshot'
19:21:01.421 [AsyncHttpClient-1-5] DEBUG org.asynchttpclient.netty.handler.HttpHandler - 

Request DefaultFullHttpRequest(decodeResult: success, version: HTTP/1.1, content: EmptyByteBufBE)
GET /session/14d7f1808e1348a22d236e3d7a4502f6/screenshot HTTP/1.1
User-Agent: selenium/4.8.1 (java windows)
Cache-Control: no-cache
Content-Type: application/json; charset=utf-8
host: localhost:33963
accept: */*

Response DefaultHttpResponse(decodeResult: success, version: HTTP/1.1)
HTTP/1.1 200 OK
Content-Length: 32168
Content-Type: application/json; charset=utf-8
cache-control: no-cache

19:21:01.422 [AsyncHttpClient-1-5] DEBUG org.asynchttpclient.netty.channel.ChannelManager - Adding key: http://localhost:33963 for channel [id: 0x940f351a, L:/127.0.0.1:60972 - R:localhost/127.0.0.1:33963]
19:21:01.423 [main] DEBUG net.serenitybdd.core.photography.Darkroom - Send negative for processing for target\site\serenity\d00787a84e57ae9818ec6333fe71d83a89fc0961433dfe7832481e3dca8fda29.png
19:21:01.423 [main] DEBUG net.thucydides.core.steps.StepInterceptor - STEP DONE: openPage
  &amp#27;[32mGiven &amp#27;[0m&amp#27;[32mI am on the alta-shop login page&amp#27;[0m &amp#27;[90m# starter.stepdefinitions.LoginSteps.onTheLoginPage()&amp#27;[0m
19:21:01.429 [Forwarding getPageSource on session 14d7f1808e1348a22d236e3d7a4502f6 to remote] DEBUG org.asynchttpclient.netty.request.NettyRequestSender - Using pooled Channel '[id: 0x940f351a, L:/127.0.0.1:60972 - R:localhost/127.0.0.1:33963]' for 'POST' to 'http://localhost:33963/session/14d7f1808e1348a22d236e3d7a4502f6/execute/sync'
19:21:01.429 [Forwarding getPageSource on session 14d7f1808e1348a22d236e3d7a4502f6 to remote] DEBUG org.asynchttpclient.netty.request.NettyRequestSender - Using open Channel [id: 0x940f351a, L:/127.0.0.1:60972 - R:localhost/127.0.0.1:33963] for POST '/session/14d7f1808e1348a22d236e3d7a4502f6/execute/sync'
19:21:01.434 [AsyncHttpClient-1-5] DEBUG org.asynchttpclient.netty.handler.HttpHandler - 

Request DefaultHttpRequest(decodeResult: success, version: HTTP/1.1)
POST /session/14d7f1808e1348a22d236e3d7a4502f6/execute/sync HTTP/1.1
User-Agent: selenium/4.8.1 (java windows)
Content-Length: 176
Content-Type: application/json; charset=utf-8
host: localhost:33963
accept: */*

Response DefaultHttpResponse(decodeResult: success, version: HTTP/1.1)
HTTP/1.1 200 OK
Content-Length: 21659
Content-Type: application/json; charset=utf-8
cache-control: no-cache

19:21:01.434 [AsyncHttpClient-1-5] DEBUG org.asynchttpclient.netty.channel.ChannelManager - Adding key: http://localhost:33963 for channel [id: 0x940f351a, L:/127.0.0.1:60972 - R:localhost/127.0.0.1:33963]
19:21:01.435 [Forwarding getCurrentUrl on session 14d7f1808e1348a22d236e3d7a4502f6 to remote] DEBUG org.asynchttpclient.netty.request.NettyRequestSender - Using pooled Channel '[id: 0x940f351a, L:/127.0.0.1:60972 - R:localhost/127.0.0.1:33963]' for 'GET' to 'http://localhost:33963/session/14d7f1808e1348a22d236e3d7a4502f6/url'
19:21:01.435 [Forwarding getCurrentUrl on session 14d7f1808e1348a22d236e3d7a4502f6 to remote] DEBUG org.asynchttpclient.netty.request.NettyRequestSender - Using open Channel [id: 0x940f351a, L:/127.0.0.1:60972 - R:localhost/127.0.0.1:33963] for GET '/session/14d7f1808e1348a22d236e3d7a4502f6/url'
19:21:01.439 [AsyncHttpClient-1-5] DEBUG org.asynchttpclient.netty.handler.HttpHandler - 

Request DefaultFullHttpRequest(decodeResult: success, version: HTTP/1.1, content: EmptyByteBufBE)
GET /session/14d7f1808e1348a22d236e3d7a4502f6/url HTTP/1.1
User-Agent: selenium/4.8.1 (java windows)
Cache-Control: no-cache
Content-Type: application/json; charset=utf-8
host: localhost:33963
accept: */*

Response DefaultHttpResponse(decodeResult: success, version: HTTP/1.1)
HTTP/1.1 200 OK
Content-Length: 52
Content-Type: application/json; charset=utf-8
cache-control: no-cache

19:21:01.439 [AsyncHttpClient-1-5] DEBUG org.asynchttpclient.netty.channel.ChannelManager - Adding key: http://localhost:33963 for channel [id: 0x940f351a, L:/127.0.0.1:60972 - R:localhost/127.0.0.1:33963]
19:21:01.444 [Forwarding getPageSource on session 14d7f1808e1348a22d236e3d7a4502f6 to remote] DEBUG org.asynchttpclient.netty.request.NettyRequestSender - Using pooled Channel '[id: 0x940f351a, L:/127.0.0.1:60972 - R:localhost/127.0.0.1:33963]' for 'POST' to 'http://localhost:33963/session/14d7f1808e1348a22d236e3d7a4502f6/execute/sync'
19:21:01.444 [Forwarding getPageSource on session 14d7f1808e1348a22d236e3d7a4502f6 to remote] DEBUG org.asynchttpclient.netty.request.NettyRequestSender - Using open Channel [id: 0x940f351a, L:/127.0.0.1:60972 - R:localhost/127.0.0.1:33963] for POST '/session/14d7f1808e1348a22d236e3d7a4502f6/execute/sync'
19:21:01.449 [AsyncHttpClient-1-5] DEBUG org.asynchttpclient.netty.handler.HttpHandler - 

Request DefaultHttpRequest(decodeResult: success, version: HTTP/1.1)
POST /session/14d7f1808e1348a22d236e3d7a4502f6/execute/sync HTTP/1.1
User-Agent: selenium/4.8.1 (java windows)
Content-Length: 176
Content-Type: application/json; charset=utf-8
host: localhost:33963
accept: */*

Response DefaultHttpResponse(decodeResult: success, version: HTTP/1.1)
HTTP/1.1 200 OK
Content-Length: 21659
Content-Type: application/json; charset=utf-8
cache-control: no-cache

19:21:01.450 [AsyncHttpClient-1-5] DEBUG org.asynchttpclient.netty.channel.ChannelManager - Adding key: http://localhost:33963 for channel [id: 0x940f351a, L:/127.0.0.1:60972 - R:localhost/127.0.0.1:33963]
19:21:01.451 [Forwarding getCurrentUrl on session 14d7f1808e1348a22d236e3d7a4502f6 to remote] DEBUG org.asynchttpclient.netty.request.NettyRequestSender - Using pooled Channel '[id: 0x940f351a, L:/127.0.0.1:60972 - R:localhost/127.0.0.1:33963]' for 'GET' to 'http://localhost:33963/session/14d7f1808e1348a22d236e3d7a4502f6/url'
19:21:01.451 [Forwarding getCurrentUrl on session 14d7f1808e1348a22d236e3d7a4502f6 to remote] DEBUG org.asynchttpclient.netty.request.NettyRequestSender - Using open Channel [id: 0x940f351a, L:/127.0.0.1:60972 - R:localhost/127.0.0.1:33963] for GET '/session/14d7f1808e1348a22d236e3d7a4502f6/url'
19:21:01.457 [AsyncHttpClient-1-5] DEBUG org.asynchttpclient.netty.handler.HttpHandler - 

Request DefaultFullHttpRequest(decodeResult: success, version: HTTP/1.1, content: EmptyByteBufBE)
GET /session/14d7f1808e1348a22d236e3d7a4502f6/url HTTP/1.1
User-Agent: selenium/4.8.1 (java windows)
Cache-Control: no-cache
Content-Type: application/json; charset=utf-8
host: localhost:33963
accept: */*

Response DefaultHttpResponse(decodeResult: success, version: HTTP/1.1)
HTTP/1.1 200 OK
Content-Length: 52
Content-Type: application/json; charset=utf-8
cache-control: no-cache

19:21:01.457 [AsyncHttpClient-1-5] DEBUG org.asynchttpclient.netty.channel.ChannelManager - Adding key: http://localhost:33963 for channel [id: 0x940f351a, L:/127.0.0.1:60972 - R:localhost/127.0.0.1:33963]
19:21:01.459 [main] DEBUG net.thucydides.core.steps.StepInterceptor - STARTING STEP: LoginSteps.inputEmptyEmail - inputEmail
19:21:01.460 [Forwarding findElement on session 14d7f1808e1348a22d236e3d7a4502f6 to remote] DEBUG org.asynchttpclient.netty.request.NettyRequestSender - Using pooled Channel '[id: 0x940f351a, L:/127.0.0.1:60972 - R:localhost/127.0.0.1:33963]' for 'POST' to 'http://localhost:33963/session/14d7f1808e1348a22d236e3d7a4502f6/element'
19:21:01.461 [Forwarding findElement on session 14d7f1808e1348a22d236e3d7a4502f6 to remote] DEBUG org.asynchttpclient.netty.request.NettyRequestSender - Using open Channel [id: 0x940f351a, L:/127.0.0.1:60972 - R:localhost/127.0.0.1:33963] for POST '/session/14d7f1808e1348a22d236e3d7a4502f6/element'
19:21:01.471 [AsyncHttpClient-1-5] DEBUG org.asynchttpclient.netty.handler.HttpHandler - 

Request DefaultHttpRequest(decodeResult: success, version: HTTP/1.1)
POST /session/14d7f1808e1348a22d236e3d7a4502f6/element HTTP/1.1
User-Agent: selenium/4.8.1 (java windows)
Content-Length: 55
Content-Type: application/json; charset=utf-8
host: localhost:33963
accept: */*

Response DefaultHttpResponse(decodeResult: success, version: HTTP/1.1)
HTTP/1.1 200 OK
Content-Length: 94
Content-Type: application/json; charset=utf-8
cache-control: no-cache

19:21:01.472 [AsyncHttpClient-1-5] DEBUG org.asynchttpclient.netty.channel.ChannelManager - Adding key: http://localhost:33963 for channel [id: 0x940f351a, L:/127.0.0.1:60972 - R:localhost/127.0.0.1:33963]
19:21:01.472 [Forwarding clearElement on session 14d7f1808e1348a22d236e3d7a4502f6 to remote] DEBUG org.asynchttpclient.netty.request.NettyRequestSender - Using pooled Channel '[id: 0x940f351a, L:/127.0.0.1:60972 - R:localhost/127.0.0.1:33963]' for 'POST' to 'http://localhost:33963/session/14d7f1808e1348a22d236e3d7a4502f6/element/93EBBAD77F3850395E766FE8AA458AEF_element_5/clear'
19:21:01.472 [Forwarding clearElement on session 14d7f1808e1348a22d236e3d7a4502f6 to remote] DEBUG org.asynchttpclient.netty.request.NettyRequestSender - Using open Channel [id: 0x940f351a, L:/127.0.0.1:60972 - R:localhost/127.0.0.1:33963] for POST '/session/14d7f1808e1348a22d236e3d7a4502f6/element/93EBBAD77F3850395E766FE8AA458AEF_element_5/clear'
19:21:01.504 [AsyncHttpClient-1-5] DEBUG org.asynchttpclient.netty.handler.HttpHandler - 

Request DefaultHttpRequest(decodeResult: success, version: HTTP/1.1)
POST /session/14d7f1808e1348a22d236e3d7a4502f6/element/93EBBAD77F3850395E766FE8AA458AEF_element_5/clear HTTP/1.1
User-Agent: selenium/4.8.1 (java windows)
Content-Length: 56
Content-Type: application/json; charset=utf-8
host: localhost:33963
accept: */*

Response DefaultHttpResponse(decodeResult: success, version: HTTP/1.1)
HTTP/1.1 200 OK
Content-Length: 14
Content-Type: application/json; charset=utf-8
cache-control: no-cache

19:21:01.504 [AsyncHttpClient-1-5] DEBUG org.asynchttpclient.netty.channel.ChannelManager - Adding key: http://localhost:33963 for channel [id: 0x940f351a, L:/127.0.0.1:60972 - R:localhost/127.0.0.1:33963]
19:21:01.505 [Forwarding sendKeysToElement on session 14d7f1808e1348a22d236e3d7a4502f6 to remote] DEBUG org.asynchttpclient.netty.request.NettyRequestSender - Using pooled Channel '[id: 0x940f351a, L:/127.0.0.1:60972 - R:localhost/127.0.0.1:33963]' for 'POST' to 'http://localhost:33963/session/14d7f1808e1348a22d236e3d7a4502f6/element/93EBBAD77F3850395E766FE8AA458AEF_element_5/value'
19:21:01.505 [Forwarding sendKeysToElement on session 14d7f1808e1348a22d236e3d7a4502f6 to remote] DEBUG org.asynchttpclient.netty.request.NettyRequestSender - Using open Channel [id: 0x940f351a, L:/127.0.0.1:60972 - R:localhost/127.0.0.1:33963] for POST '/session/14d7f1808e1348a22d236e3d7a4502f6/element/93EBBAD77F3850395E766FE8AA458AEF_element_5/value'
19:21:01.551 [AsyncHttpClient-1-5] DEBUG org.asynchttpclient.netty.handler.HttpHandler - 

Request DefaultHttpRequest(decodeResult: success, version: HTTP/1.1)
POST /session/14d7f1808e1348a22d236e3d7a4502f6/element/93EBBAD77F3850395E766FE8AA458AEF_element_5/value HTTP/1.1
User-Agent: selenium/4.8.1 (java windows)
Content-Length: 88
Content-Type: application/json; charset=utf-8
host: localhost:33963
accept: */*

Response DefaultHttpResponse(decodeResult: success, version: HTTP/1.1)
HTTP/1.1 200 OK
Content-Length: 14
Content-Type: application/json; charset=utf-8
cache-control: no-cache

19:21:01.551 [AsyncHttpClient-1-5] DEBUG org.asynchttpclient.netty.channel.ChannelManager - Adding key: http://localhost:33963 for channel [id: 0x940f351a, L:/127.0.0.1:60972 - R:localhost/127.0.0.1:33963]
19:21:01.556 [Forwarding getAlertText on session 14d7f1808e1348a22d236e3d7a4502f6 to remote] DEBUG org.asynchttpclient.netty.request.NettyRequestSender - Using pooled Channel '[id: 0x940f351a, L:/127.0.0.1:60972 - R:localhost/127.0.0.1:33963]' for 'GET' to 'http://localhost:33963/session/14d7f1808e1348a22d236e3d7a4502f6/alert/text'
19:21:01.556 [Forwarding getAlertText on session 14d7f1808e1348a22d236e3d7a4502f6 to remote] DEBUG org.asynchttpclient.netty.request.NettyRequestSender - Using open Channel [id: 0x940f351a, L:/127.0.0.1:60972 - R:localhost/127.0.0.1:33963] for GET '/session/14d7f1808e1348a22d236e3d7a4502f6/alert/text'
19:21:01.557 [AsyncHttpClient-1-5] DEBUG org.asynchttpclient.netty.handler.HttpHandler - 

Request DefaultFullHttpRequest(decodeResult: success, version: HTTP/1.1, content: EmptyByteBufBE)
GET /session/14d7f1808e1348a22d236e3d7a4502f6/alert/text HTTP/1.1
User-Agent: selenium/4.8.1 (java windows)
Cache-Control: no-cache
Content-Type: application/json; charset=utf-8
host: localhost:33963
accept: */*

Response DefaultHttpResponse(decodeResult: success, version: HTTP/1.1)
HTTP/1.1 404 Not Found
Content-Length: 847
Content-Type: application/json; charset=utf-8
cache-control: no-cache

19:21:01.557 [AsyncHttpClient-1-5] DEBUG org.asynchttpclient.netty.channel.ChannelManager - Adding key: http://localhost:33963 for channel [id: 0x940f351a, L:/127.0.0.1:60972 - R:localhost/127.0.0.1:33963]
19:21:01.558 [Forwarding getCurrentUrl on session 14d7f1808e1348a22d236e3d7a4502f6 to remote] DEBUG org.asynchttpclient.netty.request.NettyRequestSender - Using pooled Channel '[id: 0x940f351a, L:/127.0.0.1:60972 - R:localhost/127.0.0.1:33963]' for 'GET' to 'http://localhost:33963/session/14d7f1808e1348a22d236e3d7a4502f6/url'
19:21:01.558 [Forwarding getCurrentUrl on session 14d7f1808e1348a22d236e3d7a4502f6 to remote] DEBUG org.asynchttpclient.netty.request.NettyRequestSender - Using open Channel [id: 0x940f351a, L:/127.0.0.1:60972 - R:localhost/127.0.0.1:33963] for GET '/session/14d7f1808e1348a22d236e3d7a4502f6/url'
19:21:01.562 [AsyncHttpClient-1-5] DEBUG org.asynchttpclient.netty.handler.HttpHandler - 

Request DefaultFullHttpRequest(decodeResult: success, version: HTTP/1.1, content: EmptyByteBufBE)
GET /session/14d7f1808e1348a22d236e3d7a4502f6/url HTTP/1.1
User-Agent: selenium/4.8.1 (java windows)
Cache-Control: no-cache
Content-Type: application/json; charset=utf-8
host: localhost:33963
accept: */*

Response DefaultHttpResponse(decodeResult: success, version: HTTP/1.1)
HTTP/1.1 200 OK
Content-Length: 52
Content-Type: application/json; charset=utf-8
cache-control: no-cache

19:21:01.562 [AsyncHttpClient-1-5] DEBUG org.asynchttpclient.netty.channel.ChannelManager - Adding key: http://localhost:33963 for channel [id: 0x940f351a, L:/127.0.0.1:60972 - R:localhost/127.0.0.1:33963]
19:21:01.562 [Forwarding screenshot on session 14d7f1808e1348a22d236e3d7a4502f6 to remote] DEBUG org.asynchttpclient.netty.request.NettyRequestSender - Using pooled Channel '[id: 0x940f351a, L:/127.0.0.1:60972 - R:localhost/127.0.0.1:33963]' for 'GET' to 'http://localhost:33963/session/14d7f1808e1348a22d236e3d7a4502f6/screenshot'
19:21:01.563 [Forwarding screenshot on session 14d7f1808e1348a22d236e3d7a4502f6 to remote] DEBUG org.asynchttpclient.netty.request.NettyRequestSender - Using open Channel [id: 0x940f351a, L:/127.0.0.1:60972 - R:localhost/127.0.0.1:33963] for GET '/session/14d7f1808e1348a22d236e3d7a4502f6/screenshot'
19:21:01.598 [AsyncHttpClient-1-1] DEBUG org.asynchttpclient.netty.channel.DefaultChannelPool - Entry count for : http://localhost:60973 : 1
19:21:01.661 [AsyncHttpClient-1-5] DEBUG org.asynchttpclient.netty.handler.HttpHandler - 

Request DefaultFullHttpRequest(decodeResult: success, version: HTTP/1.1, content: EmptyByteBufBE)
GET /session/14d7f1808e1348a22d236e3d7a4502f6/screenshot HTTP/1.1
User-Agent: selenium/4.8.1 (java windows)
Cache-Control: no-cache
Content-Type: application/json; charset=utf-8
host: localhost:33963
accept: */*

Response DefaultHttpResponse(decodeResult: success, version: HTTP/1.1)
HTTP/1.1 200 OK
Content-Length: 32716
Content-Type: application/json; charset=utf-8
cache-control: no-cache

19:21:01.661 [AsyncHttpClient-1-5] DEBUG org.asynchttpclient.netty.channel.ChannelManager - Adding key: http://localhost:33963 for channel [id: 0x940f351a, L:/127.0.0.1:60972 - R:localhost/127.0.0.1:33963]
19:21:01.663 [main] DEBUG net.serenitybdd.core.photography.Darkroom - Send negative for processing for target\site\serenity\5f09a3d332913a2d4429c24c7e99c307b34aa17931f57833b63231b629a1ac94.png
19:21:01.663 [main] DEBUG net.thucydides.core.steps.StepInterceptor - STEP DONE: inputEmail
  &amp#27;[32mAnd &amp#27;[0m&amp#27;[32mI enter empty email&amp#27;[0m                &amp#27;[90m# starter.stepdefinitions.LoginSteps.inputEmptyEmail()&amp#27;[0m
19:21:01.663 [Darkroom Processing Line] DEBUG net.serenitybdd.core.photography.DarkroomProcessingLine - Processing screenshot image in /var/screenshots/screenshot-3218856256112506478
19:21:01.663 [Darkroom Processing Line] DEBUG net.serenitybdd.core.photography.DarkroomProcessingLine - Saving screenshot to target\site\serenity\5f09a3d332913a2d4429c24c7e99c307b34aa17931f57833b63231b629a1ac94.png
19:21:01.670 [Forwarding getPageSource on session 14d7f1808e1348a22d236e3d7a4502f6 to remote] DEBUG org.asynchttpclient.netty.request.NettyRequestSender - Using pooled Channel '[id: 0x940f351a, L:/127.0.0.1:60972 - R:localhost/127.0.0.1:33963]' for 'POST' to 'http://localhost:33963/session/14d7f1808e1348a22d236e3d7a4502f6/execute/sync'
19:21:01.670 [Forwarding getPageSource on session 14d7f1808e1348a22d236e3d7a4502f6 to remote] DEBUG org.asynchttpclient.netty.request.NettyRequestSender - Using open Channel [id: 0x940f351a, L:/127.0.0.1:60972 - R:localhost/127.0.0.1:33963] for POST '/session/14d7f1808e1348a22d236e3d7a4502f6/execute/sync'
19:21:01.677 [AsyncHttpClient-1-5] DEBUG org.asynchttpclient.netty.handler.HttpHandler - 

Request DefaultHttpRequest(decodeResult: success, version: HTTP/1.1)
POST /session/14d7f1808e1348a22d236e3d7a4502f6/execute/sync HTTP/1.1
User-Agent: selenium/4.8.1 (java windows)
Content-Length: 176
Content-Type: application/json; charset=utf-8
host: localhost:33963
accept: */*

Response DefaultHttpResponse(decodeResult: success, version: HTTP/1.1)
HTTP/1.1 200 OK
Content-Length: 21737
Content-Type: application/json; charset=utf-8
cache-control: no-cache

19:21:01.677 [AsyncHttpClient-1-5] DEBUG org.asynchttpclient.netty.channel.ChannelManager - Adding key: http://localhost:33963 for channel [id: 0x940f351a, L:/127.0.0.1:60972 - R:localhost/127.0.0.1:33963]
19:21:01.678 [Forwarding getCurrentUrl on session 14d7f1808e1348a22d236e3d7a4502f6 to remote] DEBUG org.asynchttpclient.netty.request.NettyRequestSender - Using pooled Channel '[id: 0x940f351a, L:/127.0.0.1:60972 - R:localhost/127.0.0.1:33963]' for 'GET' to 'http://localhost:33963/session/14d7f1808e1348a22d236e3d7a4502f6/url'
19:21:01.678 [Forwarding getCurrentUrl on session 14d7f1808e1348a22d236e3d7a4502f6 to remote] DEBUG org.asynchttpclient.netty.request.NettyRequestSender - Using open Channel [id: 0x940f351a, L:/127.0.0.1:60972 - R:localhost/127.0.0.1:33963] for GET '/session/14d7f1808e1348a22d236e3d7a4502f6/url'
19:21:01.682 [AsyncHttpClient-1-5] DEBUG org.asynchttpclient.netty.handler.HttpHandler - 

Request DefaultFullHttpRequest(decodeResult: success, version: HTTP/1.1, content: EmptyByteBufBE)
GET /session/14d7f1808e1348a22d236e3d7a4502f6/url HTTP/1.1
User-Agent: selenium/4.8.1 (java windows)
Cache-Control: no-cache
Content-Type: application/json; charset=utf-8
host: localhost:33963
accept: */*

Response DefaultHttpResponse(decodeResult: success, version: HTTP/1.1)
HTTP/1.1 200 OK
Content-Length: 52
Content-Type: application/json; charset=utf-8
cache-control: no-cache

19:21:01.682 [AsyncHttpClient-1-5] DEBUG org.asynchttpclient.netty.channel.ChannelManager - Adding key: http://localhost:33963 for channel [id: 0x940f351a, L:/127.0.0.1:60972 - R:localhost/127.0.0.1:33963]
19:21:01.694 [Forwarding getPageSource on session 14d7f1808e1348a22d236e3d7a4502f6 to remote] DEBUG org.asynchttpclient.netty.request.NettyRequestSender - Using pooled Channel '[id: 0x940f351a, L:/127.0.0.1:60972 - R:localhost/127.0.0.1:33963]' for 'POST' to 'http://localhost:33963/session/14d7f1808e1348a22d236e3d7a4502f6/execute/sync'
19:21:01.694 [Forwarding getPageSource on session 14d7f1808e1348a22d236e3d7a4502f6 to remote] DEBUG org.asynchttpclient.netty.request.NettyRequestSender - Using open Channel [id: 0x940f351a, L:/127.0.0.1:60972 - R:localhost/127.0.0.1:33963] for POST '/session/14d7f1808e1348a22d236e3d7a4502f6/execute/sync'
19:21:01.705 [AsyncHttpClient-1-5] DEBUG org.asynchttpclient.netty.handler.HttpHandler - 

Request DefaultHttpRequest(decodeResult: success, version: HTTP/1.1)
POST /session/14d7f1808e1348a22d236e3d7a4502f6/execute/sync HTTP/1.1
User-Agent: selenium/4.8.1 (java windows)
Content-Length: 176
Content-Type: application/json; charset=utf-8
host: localhost:33963
accept: */*

Response DefaultHttpResponse(decodeResult: success, version: HTTP/1.1)
HTTP/1.1 200 OK
Content-Length: 21737
Content-Type: application/json; charset=utf-8
cache-control: no-cache

19:21:01.705 [AsyncHttpClient-1-5] DEBUG org.asynchttpclient.netty.channel.ChannelManager - Adding key: http://localhost:33963 for channel [id: 0x940f351a, L:/127.0.0.1:60972 - R:localhost/127.0.0.1:33963]
19:21:01.707 [Forwarding getCurrentUrl on session 14d7f1808e1348a22d236e3d7a4502f6 to remote] DEBUG org.asynchttpclient.netty.request.NettyRequestSender - Using pooled Channel '[id: 0x940f351a, L:/127.0.0.1:60972 - R:localhost/127.0.0.1:33963]' for 'GET' to 'http://localhost:33963/session/14d7f1808e1348a22d236e3d7a4502f6/url'
19:21:01.707 [Forwarding getCurrentUrl on session 14d7f1808e1348a22d236e3d7a4502f6 to remote] DEBUG org.asynchttpclient.netty.request.NettyRequestSender - Using open Channel [id: 0x940f351a, L:/127.0.0.1:60972 - R:localhost/127.0.0.1:33963] for GET '/session/14d7f1808e1348a22d236e3d7a4502f6/url'
19:21:01.714 [AsyncHttpClient-1-5] DEBUG org.asynchttpclient.netty.handler.HttpHandler - 

Request DefaultFullHttpRequest(decodeResult: success, version: HTTP/1.1, content: EmptyByteBufBE)
GET /session/14d7f1808e1348a22d236e3d7a4502f6/url HTTP/1.1
User-Agent: selenium/4.8.1 (java windows)
Cache-Control: no-cache
Content-Type: application/json; charset=utf-8
host: localhost:33963
accept: */*

Response DefaultHttpResponse(decodeResult: success, version: HTTP/1.1)
HTTP/1.1 200 OK
Content-Length: 52
Content-Type: application/json; charset=utf-8
cache-control: no-cache

19:21:01.714 [AsyncHttpClient-1-5] DEBUG org.asynchttpclient.netty.channel.ChannelManager - Adding key: http://localhost:33963 for channel [id: 0x940f351a, L:/127.0.0.1:60972 - R:localhost/127.0.0.1:33963]
19:21:01.716 [main] DEBUG net.thucydides.core.steps.StepInterceptor - STARTING STEP: LoginSteps.inputEmptyPassword - inputPassword
19:21:01.721 [Forwarding findElement on session 14d7f1808e1348a22d236e3d7a4502f6 to remote] DEBUG org.asynchttpclient.netty.request.NettyRequestSender - Using pooled Channel '[id: 0x940f351a, L:/127.0.0.1:60972 - R:localhost/127.0.0.1:33963]' for 'POST' to 'http://localhost:33963/session/14d7f1808e1348a22d236e3d7a4502f6/element'
19:21:01.721 [Forwarding findElement on session 14d7f1808e1348a22d236e3d7a4502f6 to remote] DEBUG org.asynchttpclient.netty.request.NettyRequestSender - Using open Channel [id: 0x940f351a, L:/127.0.0.1:60972 - R:localhost/127.0.0.1:33963] for POST '/session/14d7f1808e1348a22d236e3d7a4502f6/element'
19:21:01.754 [AsyncHttpClient-1-5] DEBUG org.asynchttpclient.netty.handler.HttpHandler - 

Request DefaultHttpRequest(decodeResult: success, version: HTTP/1.1)
POST /session/14d7f1808e1348a22d236e3d7a4502f6/element HTTP/1.1
User-Agent: selenium/4.8.1 (java windows)
Content-Length: 55
Content-Type: application/json; charset=utf-8
host: localhost:33963
accept: */*

Response DefaultHttpResponse(decodeResult: success, version: HTTP/1.1)
HTTP/1.1 200 OK
Content-Length: 94
Content-Type: application/json; charset=utf-8
cache-control: no-cache

19:21:01.754 [AsyncHttpClient-1-5] DEBUG org.asynchttpclient.netty.channel.ChannelManager - Adding key: http://localhost:33963 for channel [id: 0x940f351a, L:/127.0.0.1:60972 - R:localhost/127.0.0.1:33963]
19:21:01.755 [Forwarding clearElement on session 14d7f1808e1348a22d236e3d7a4502f6 to remote] DEBUG org.asynchttpclient.netty.request.NettyRequestSender - Using pooled Channel '[id: 0x940f351a, L:/127.0.0.1:60972 - R:localhost/127.0.0.1:33963]' for 'POST' to 'http://localhost:33963/session/14d7f1808e1348a22d236e3d7a4502f6/element/93EBBAD77F3850395E766FE8AA458AEF_element_7/clear'
19:21:01.755 [Forwarding clearElement on session 14d7f1808e1348a22d236e3d7a4502f6 to remote] DEBUG org.asynchttpclient.netty.request.NettyRequestSender - Using open Channel [id: 0x940f351a, L:/127.0.0.1:60972 - R:localhost/127.0.0.1:33963] for POST '/session/14d7f1808e1348a22d236e3d7a4502f6/element/93EBBAD77F3850395E766FE8AA458AEF_element_7/clear'
19:21:01.809 [AsyncHttpClient-1-5] DEBUG org.asynchttpclient.netty.handler.HttpHandler - 

Request DefaultHttpRequest(decodeResult: success, version: HTTP/1.1)
POST /session/14d7f1808e1348a22d236e3d7a4502f6/element/93EBBAD77F3850395E766FE8AA458AEF_element_7/clear HTTP/1.1
User-Agent: selenium/4.8.1 (java windows)
Content-Length: 56
Content-Type: application/json; charset=utf-8
host: localhost:33963
accept: */*

Response DefaultHttpResponse(decodeResult: success, version: HTTP/1.1)
HTTP/1.1 200 OK
Content-Length: 14
Content-Type: application/json; charset=utf-8
cache-control: no-cache

19:21:01.810 [AsyncHttpClient-1-5] DEBUG org.asynchttpclient.netty.channel.ChannelManager - Adding key: http://localhost:33963 for channel [id: 0x940f351a, L:/127.0.0.1:60972 - R:localhost/127.0.0.1:33963]
19:21:01.812 [Forwarding sendKeysToElement on session 14d7f1808e1348a22d236e3d7a4502f6 to remote] DEBUG org.asynchttpclient.netty.request.NettyRequestSender - Using pooled Channel '[id: 0x940f351a, L:/127.0.0.1:60972 - R:localhost/127.0.0.1:33963]' for 'POST' to 'http://localhost:33963/session/14d7f1808e1348a22d236e3d7a4502f6/element/93EBBAD77F3850395E766FE8AA458AEF_element_7/value'
19:21:01.812 [Forwarding sendKeysToElement on session 14d7f1808e1348a22d236e3d7a4502f6 to remote] DEBUG org.asynchttpclient.netty.request.NettyRequestSender - Using open Channel [id: 0x940f351a, L:/127.0.0.1:60972 - R:localhost/127.0.0.1:33963] for POST '/session/14d7f1808e1348a22d236e3d7a4502f6/element/93EBBAD77F3850395E766FE8AA458AEF_element_7/value'
19:21:02.028 [AsyncHttpClient-1-5] DEBUG org.asynchttpclient.netty.handler.HttpHandler - 

Request DefaultHttpRequest(decodeResult: success, version: HTTP/1.1)
POST /session/14d7f1808e1348a22d236e3d7a4502f6/element/93EBBAD77F3850395E766FE8AA458AEF_element_7/value HTTP/1.1
User-Agent: selenium/4.8.1 (java windows)
Content-Length: 88
Content-Type: application/json; charset=utf-8
host: localhost:33963
accept: */*

Response DefaultHttpResponse(decodeResult: success, version: HTTP/1.1)
HTTP/1.1 200 OK
Content-Length: 14
Content-Type: application/json; charset=utf-8
cache-control: no-cache

19:21:02.028 [AsyncHttpClient-1-5] DEBUG org.asynchttpclient.netty.channel.ChannelManager - Adding key: http://localhost:33963 for channel [id: 0x940f351a, L:/127.0.0.1:60972 - R:localhost/127.0.0.1:33963]
19:21:02.037 [Forwarding getAlertText on session 14d7f1808e1348a22d236e3d7a4502f6 to remote] DEBUG org.asynchttpclient.netty.request.NettyRequestSender - Using pooled Channel '[id: 0x940f351a, L:/127.0.0.1:60972 - R:localhost/127.0.0.1:33963]' for 'GET' to 'http://localhost:33963/session/14d7f1808e1348a22d236e3d7a4502f6/alert/text'
19:21:02.037 [Forwarding getAlertText on session 14d7f1808e1348a22d236e3d7a4502f6 to remote] DEBUG org.asynchttpclient.netty.request.NettyRequestSender - Using open Channel [id: 0x940f351a, L:/127.0.0.1:60972 - R:localhost/127.0.0.1:33963] for GET '/session/14d7f1808e1348a22d236e3d7a4502f6/alert/text'
19:21:02.042 [AsyncHttpClient-1-5] DEBUG org.asynchttpclient.netty.handler.HttpHandler - 

Request DefaultFullHttpRequest(decodeResult: success, version: HTTP/1.1, content: EmptyByteBufBE)
GET /session/14d7f1808e1348a22d236e3d7a4502f6/alert/text HTTP/1.1
User-Agent: selenium/4.8.1 (java windows)
Cache-Control: no-cache
Content-Type: application/json; charset=utf-8
host: localhost:33963
accept: */*

Response DefaultHttpResponse(decodeResult: success, version: HTTP/1.1)
HTTP/1.1 404 Not Found
Content-Length: 847
Content-Type: application/json; charset=utf-8
cache-control: no-cache

19:21:02.042 [AsyncHttpClient-1-5] DEBUG org.asynchttpclient.netty.channel.ChannelManager - Adding key: http://localhost:33963 for channel [id: 0x940f351a, L:/127.0.0.1:60972 - R:localhost/127.0.0.1:33963]
19:21:02.043 [Forwarding getCurrentUrl on session 14d7f1808e1348a22d236e3d7a4502f6 to remote] DEBUG org.asynchttpclient.netty.request.NettyRequestSender - Using pooled Channel '[id: 0x940f351a, L:/127.0.0.1:60972 - R:localhost/127.0.0.1:33963]' for 'GET' to 'http://localhost:33963/session/14d7f1808e1348a22d236e3d7a4502f6/url'
19:21:02.043 [Forwarding getCurrentUrl on session 14d7f1808e1348a22d236e3d7a4502f6 to remote] DEBUG org.asynchttpclient.netty.request.NettyRequestSender - Using open Channel [id: 0x940f351a, L:/127.0.0.1:60972 - R:localhost/127.0.0.1:33963] for GET '/session/14d7f1808e1348a22d236e3d7a4502f6/url'
19:21:02.048 [AsyncHttpClient-1-5] DEBUG org.asynchttpclient.netty.handler.HttpHandler - 

Request DefaultFullHttpRequest(decodeResult: success, version: HTTP/1.1, content: EmptyByteBufBE)
GET /session/14d7f1808e1348a22d236e3d7a4502f6/url HTTP/1.1
User-Agent: selenium/4.8.1 (java windows)
Cache-Control: no-cache
Content-Type: application/json; charset=utf-8
host: localhost:33963
accept: */*

Response DefaultHttpResponse(decodeResult: success, version: HTTP/1.1)
HTTP/1.1 200 OK
Content-Length: 52
Content-Type: application/json; charset=utf-8
cache-control: no-cache

19:21:02.048 [AsyncHttpClient-1-5] DEBUG org.asynchttpclient.netty.channel.ChannelManager - Adding key: http://localhost:33963 for channel [id: 0x940f351a, L:/127.0.0.1:60972 - R:localhost/127.0.0.1:33963]
19:21:02.049 [Forwarding screenshot on session 14d7f1808e1348a22d236e3d7a4502f6 to remote] DEBUG org.asynchttpclient.netty.request.NettyRequestSender - Using pooled Channel '[id: 0x940f351a, L:/127.0.0.1:60972 - R:localhost/127.0.0.1:33963]' for 'GET' to 'http://localhost:33963/session/14d7f1808e1348a22d236e3d7a4502f6/screenshot'
19:21:02.049 [Forwarding screenshot on session 14d7f1808e1348a22d236e3d7a4502f6 to remote] DEBUG org.asynchttpclient.netty.request.NettyRequestSender - Using open Channel [id: 0x940f351a, L:/127.0.0.1:60972 - R:localhost/127.0.0.1:33963] for GET '/session/14d7f1808e1348a22d236e3d7a4502f6/screenshot'
19:21:02.152 [AsyncHttpClient-1-5] DEBUG org.asynchttpclient.netty.handler.HttpHandler - 

Request DefaultFullHttpRequest(decodeResult: success, version: HTTP/1.1, content: EmptyByteBufBE)
GET /session/14d7f1808e1348a22d236e3d7a4502f6/screenshot HTTP/1.1
User-Agent: selenium/4.8.1 (java windows)
Cache-Control: no-cache
Content-Type: application/json; charset=utf-8
host: localhost:33963
accept: */*

Response DefaultHttpResponse(decodeResult: success, version: HTTP/1.1)
HTTP/1.1 200 OK
Content-Length: 32608
Content-Type: application/json; charset=utf-8
cache-control: no-cache

19:21:02.152 [AsyncHttpClient-1-5] DEBUG org.asynchttpclient.netty.channel.ChannelManager - Adding key: http://localhost:33963 for channel [id: 0x940f351a, L:/127.0.0.1:60972 - R:localhost/127.0.0.1:33963]
19:21:02.153 [main] DEBUG net.serenitybdd.core.photography.Darkroom - Send negative for processing for target\site\serenity\9562919fc06aa7c1bb009363019155dad3b9fc197b801879ec905075ab30e6f7.png
19:21:02.153 [main] DEBUG net.thucydides.core.steps.StepInterceptor - STEP DONE: inputPassword
  &amp#27;[32mAnd &amp#27;[0m&amp#27;[32mI enter empty password&amp#27;[0m             &amp#27;[90m# starter.stepdefinitions.LoginSteps.inputEmptyPassword()&amp#27;[0m
19:21:02.154 [Darkroom Processing Line] DEBUG net.serenitybdd.core.photography.DarkroomProcessingLine - Processing screenshot image in /var/screenshots/screenshot-17182323166829412511
19:21:02.154 [Darkroom Processing Line] DEBUG net.serenitybdd.core.photography.DarkroomProcessingLine - Saving screenshot to target\site\serenity\9562919fc06aa7c1bb009363019155dad3b9fc197b801879ec905075ab30e6f7.png
19:21:02.163 [Forwarding getPageSource on session 14d7f1808e1348a22d236e3d7a4502f6 to remote] DEBUG org.asynchttpclient.netty.request.NettyRequestSender - Using pooled Channel '[id: 0x940f351a, L:/127.0.0.1:60972 - R:localhost/127.0.0.1:33963]' for 'POST' to 'http://localhost:33963/session/14d7f1808e1348a22d236e3d7a4502f6/execute/sync'
19:21:02.163 [Forwarding getPageSource on session 14d7f1808e1348a22d236e3d7a4502f6 to remote] DEBUG org.asynchttpclient.netty.request.NettyRequestSender - Using open Channel [id: 0x940f351a, L:/127.0.0.1:60972 - R:localhost/127.0.0.1:33963] for POST '/session/14d7f1808e1348a22d236e3d7a4502f6/execute/sync'
19:21:02.169 [AsyncHttpClient-1-5] DEBUG org.asynchttpclient.netty.handler.HttpHandler - 

Request DefaultHttpRequest(decodeResult: success, version: HTTP/1.1)
POST /session/14d7f1808e1348a22d236e3d7a4502f6/execute/sync HTTP/1.1
User-Agent: selenium/4.8.1 (java windows)
Content-Length: 176
Content-Type: application/json; charset=utf-8
host: localhost:33963
accept: */*

Response DefaultHttpResponse(decodeResult: success, version: HTTP/1.1)
HTTP/1.1 200 OK
Content-Length: 21737
Content-Type: application/json; charset=utf-8
cache-control: no-cache

19:21:02.169 [AsyncHttpClient-1-5] DEBUG org.asynchttpclient.netty.channel.ChannelManager - Adding key: http://localhost:33963 for channel [id: 0x940f351a, L:/127.0.0.1:60972 - R:localhost/127.0.0.1:33963]
19:21:02.171 [Forwarding getCurrentUrl on session 14d7f1808e1348a22d236e3d7a4502f6 to remote] DEBUG org.asynchttpclient.netty.request.NettyRequestSender - Using pooled Channel '[id: 0x940f351a, L:/127.0.0.1:60972 - R:localhost/127.0.0.1:33963]' for 'GET' to 'http://localhost:33963/session/14d7f1808e1348a22d236e3d7a4502f6/url'
19:21:02.172 [Forwarding getCurrentUrl on session 14d7f1808e1348a22d236e3d7a4502f6 to remote] DEBUG org.asynchttpclient.netty.request.NettyRequestSender - Using open Channel [id: 0x940f351a, L:/127.0.0.1:60972 - R:localhost/127.0.0.1:33963] for GET '/session/14d7f1808e1348a22d236e3d7a4502f6/url'
19:21:02.175 [AsyncHttpClient-1-5] DEBUG org.asynchttpclient.netty.handler.HttpHandler - 

Request DefaultFullHttpRequest(decodeResult: success, version: HTTP/1.1, content: EmptyByteBufBE)
GET /session/14d7f1808e1348a22d236e3d7a4502f6/url HTTP/1.1
User-Agent: selenium/4.8.1 (java windows)
Cache-Control: no-cache
Content-Type: application/json; charset=utf-8
host: localhost:33963
accept: */*

Response DefaultHttpResponse(decodeResult: success, version: HTTP/1.1)
HTTP/1.1 200 OK
Content-Length: 52
Content-Type: application/json; charset=utf-8
cache-control: no-cache

19:21:02.176 [AsyncHttpClient-1-5] DEBUG org.asynchttpclient.netty.channel.ChannelManager - Adding key: http://localhost:33963 for channel [id: 0x940f351a, L:/127.0.0.1:60972 - R:localhost/127.0.0.1:33963]
19:21:02.184 [Forwarding getPageSource on session 14d7f1808e1348a22d236e3d7a4502f6 to remote] DEBUG org.asynchttpclient.netty.request.NettyRequestSender - Using pooled Channel '[id: 0x940f351a, L:/127.0.0.1:60972 - R:localhost/127.0.0.1:33963]' for 'POST' to 'http://localhost:33963/session/14d7f1808e1348a22d236e3d7a4502f6/execute/sync'
19:21:02.184 [Forwarding getPageSource on session 14d7f1808e1348a22d236e3d7a4502f6 to remote] DEBUG org.asynchttpclient.netty.request.NettyRequestSender - Using open Channel [id: 0x940f351a, L:/127.0.0.1:60972 - R:localhost/127.0.0.1:33963] for POST '/session/14d7f1808e1348a22d236e3d7a4502f6/execute/sync'
19:21:02.189 [AsyncHttpClient-1-5] DEBUG org.asynchttpclient.netty.handler.HttpHandler - 

Request DefaultHttpRequest(decodeResult: success, version: HTTP/1.1)
POST /session/14d7f1808e1348a22d236e3d7a4502f6/execute/sync HTTP/1.1
User-Agent: selenium/4.8.1 (java windows)
Content-Length: 176
Content-Type: application/json; charset=utf-8
host: localhost:33963
accept: */*

Response DefaultHttpResponse(decodeResult: success, version: HTTP/1.1)
HTTP/1.1 200 OK
Content-Length: 21737
Content-Type: application/json; charset=utf-8
cache-control: no-cache

19:21:02.190 [AsyncHttpClient-1-5] DEBUG org.asynchttpclient.netty.channel.ChannelManager - Adding key: http://localhost:33963 for channel [id: 0x940f351a, L:/127.0.0.1:60972 - R:localhost/127.0.0.1:33963]
19:21:02.191 [Forwarding getCurrentUrl on session 14d7f1808e1348a22d236e3d7a4502f6 to remote] DEBUG org.asynchttpclient.netty.request.NettyRequestSender - Using pooled Channel '[id: 0x940f351a, L:/127.0.0.1:60972 - R:localhost/127.0.0.1:33963]' for 'GET' to 'http://localhost:33963/session/14d7f1808e1348a22d236e3d7a4502f6/url'
19:21:02.191 [Forwarding getCurrentUrl on session 14d7f1808e1348a22d236e3d7a4502f6 to remote] DEBUG org.asynchttpclient.netty.request.NettyRequestSender - Using open Channel [id: 0x940f351a, L:/127.0.0.1:60972 - R:localhost/127.0.0.1:33963] for GET '/session/14d7f1808e1348a22d236e3d7a4502f6/url'
19:21:02.196 [AsyncHttpClient-1-5] DEBUG org.asynchttpclient.netty.handler.HttpHandler - 

Request DefaultFullHttpRequest(decodeResult: success, version: HTTP/1.1, content: EmptyByteBufBE)
GET /session/14d7f1808e1348a22d236e3d7a4502f6/url HTTP/1.1
User-Agent: selenium/4.8.1 (java windows)
Cache-Control: no-cache
Content-Type: application/json; charset=utf-8
host: localhost:33963
accept: */*

Response DefaultHttpResponse(decodeResult: success, version: HTTP/1.1)
HTTP/1.1 200 OK
Content-Length: 52
Content-Type: application/json; charset=utf-8
cache-control: no-cache

19:21:02.196 [AsyncHttpClient-1-5] DEBUG org.asynchttpclient.netty.channel.ChannelManager - Adding key: http://localhost:33963 for channel [id: 0x940f351a, L:/127.0.0.1:60972 - R:localhost/127.0.0.1:33963]
19:21:02.198 [main] DEBUG net.thucydides.core.steps.StepInterceptor - STARTING STEP: LoginSteps.clickLoginButton - clickLoginButton
19:21:02.201 [Forwarding findElement on session 14d7f1808e1348a22d236e3d7a4502f6 to remote] DEBUG org.asynchttpclient.netty.request.NettyRequestSender - Using pooled Channel '[id: 0x940f351a, L:/127.0.0.1:60972 - R:localhost/127.0.0.1:33963]' for 'POST' to 'http://localhost:33963/session/14d7f1808e1348a22d236e3d7a4502f6/element'
19:21:02.201 [Forwarding findElement on session 14d7f1808e1348a22d236e3d7a4502f6 to remote] DEBUG org.asynchttpclient.netty.request.NettyRequestSender - Using open Channel [id: 0x940f351a, L:/127.0.0.1:60972 - R:localhost/127.0.0.1:33963] for POST '/session/14d7f1808e1348a22d236e3d7a4502f6/element'
19:21:02.214 [AsyncHttpClient-1-5] DEBUG org.asynchttpclient.netty.handler.HttpHandler - 

Request DefaultHttpRequest(decodeResult: success, version: HTTP/1.1)
POST /session/14d7f1808e1348a22d236e3d7a4502f6/element HTTP/1.1
User-Agent: selenium/4.8.1 (java windows)
Content-Length: 71
Content-Type: application/json; charset=utf-8
host: localhost:33963
accept: */*

Response DefaultHttpResponse(decodeResult: success, version: HTTP/1.1)
HTTP/1.1 200 OK
Content-Length: 94
Content-Type: application/json; charset=utf-8
cache-control: no-cache

19:21:02.214 [AsyncHttpClient-1-5] DEBUG org.asynchttpclient.netty.channel.ChannelManager - Adding key: http://localhost:33963 for channel [id: 0x940f351a, L:/127.0.0.1:60972 - R:localhost/127.0.0.1:33963]
19:21:02.215 [Forwarding getElementTagName on session 14d7f1808e1348a22d236e3d7a4502f6 to remote] DEBUG org.asynchttpclient.netty.request.NettyRequestSender - Using pooled Channel '[id: 0x940f351a, L:/127.0.0.1:60972 - R:localhost/127.0.0.1:33963]' for 'GET' to 'http://localhost:33963/session/14d7f1808e1348a22d236e3d7a4502f6/element/93EBBAD77F3850395E766FE8AA458AEF_element_8/name'
19:21:02.215 [Forwarding getElementTagName on session 14d7f1808e1348a22d236e3d7a4502f6 to remote] DEBUG org.asynchttpclient.netty.request.NettyRequestSender - Using open Channel [id: 0x940f351a, L:/127.0.0.1:60972 - R:localhost/127.0.0.1:33963] for GET '/session/14d7f1808e1348a22d236e3d7a4502f6/element/93EBBAD77F3850395E766FE8AA458AEF_element_8/name'
19:21:02.221 [AsyncHttpClient-1-5] DEBUG org.asynchttpclient.netty.handler.HttpHandler - 

Request DefaultFullHttpRequest(decodeResult: success, version: HTTP/1.1, content: EmptyByteBufBE)
GET /session/14d7f1808e1348a22d236e3d7a4502f6/element/93EBBAD77F3850395E766FE8AA458AEF_element_8/name HTTP/1.1
User-Agent: selenium/4.8.1 (java windows)
Cache-Control: no-cache
Content-Type: application/json; charset=utf-8
host: localhost:33963
accept: */*

Response DefaultHttpResponse(decodeResult: success, version: HTTP/1.1)
HTTP/1.1 200 OK
Content-Length: 18
Content-Type: application/json; charset=utf-8
cache-control: no-cache

19:21:02.221 [AsyncHttpClient-1-5] DEBUG org.asynchttpclient.netty.channel.ChannelManager - Adding key: http://localhost:33963 for channel [id: 0x940f351a, L:/127.0.0.1:60972 - R:localhost/127.0.0.1:33963]
19:21:02.222 [Forwarding getElementTagName on session 14d7f1808e1348a22d236e3d7a4502f6 to remote] DEBUG org.asynchttpclient.netty.request.NettyRequestSender - Using pooled Channel '[id: 0x940f351a, L:/127.0.0.1:60972 - R:localhost/127.0.0.1:33963]' for 'GET' to 'http://localhost:33963/session/14d7f1808e1348a22d236e3d7a4502f6/element/93EBBAD77F3850395E766FE8AA458AEF_element_8/name'
19:21:02.222 [Forwarding getElementTagName on session 14d7f1808e1348a22d236e3d7a4502f6 to remote] DEBUG org.asynchttpclient.netty.request.NettyRequestSender - Using open Channel [id: 0x940f351a, L:/127.0.0.1:60972 - R:localhost/127.0.0.1:33963] for GET '/session/14d7f1808e1348a22d236e3d7a4502f6/element/93EBBAD77F3850395E766FE8AA458AEF_element_8/name'
19:21:02.226 [AsyncHttpClient-1-5] DEBUG org.asynchttpclient.netty.handler.HttpHandler - 

Request DefaultFullHttpRequest(decodeResult: success, version: HTTP/1.1, content: EmptyByteBufBE)
GET /session/14d7f1808e1348a22d236e3d7a4502f6/element/93EBBAD77F3850395E766FE8AA458AEF_element_8/name HTTP/1.1
User-Agent: selenium/4.8.1 (java windows)
Cache-Control: no-cache
Content-Type: application/json; charset=utf-8
host: localhost:33963
accept: */*

Response DefaultHttpResponse(decodeResult: success, version: HTTP/1.1)
HTTP/1.1 200 OK
Content-Length: 18
Content-Type: application/json; charset=utf-8
cache-control: no-cache

19:21:02.226 [AsyncHttpClient-1-5] DEBUG org.asynchttpclient.netty.channel.ChannelManager - Adding key: http://localhost:33963 for channel [id: 0x940f351a, L:/127.0.0.1:60972 - R:localhost/127.0.0.1:33963]
19:21:02.227 [Forwarding isElementEnabled on session 14d7f1808e1348a22d236e3d7a4502f6 to remote] DEBUG org.asynchttpclient.netty.request.NettyRequestSender - Using pooled Channel '[id: 0x940f351a, L:/127.0.0.1:60972 - R:localhost/127.0.0.1:33963]' for 'GET' to 'http://localhost:33963/session/14d7f1808e1348a22d236e3d7a4502f6/element/93EBBAD77F3850395E766FE8AA458AEF_element_8/enabled'
19:21:02.227 [Forwarding isElementEnabled on session 14d7f1808e1348a22d236e3d7a4502f6 to remote] DEBUG org.asynchttpclient.netty.request.NettyRequestSender - Using open Channel [id: 0x940f351a, L:/127.0.0.1:60972 - R:localhost/127.0.0.1:33963] for GET '/session/14d7f1808e1348a22d236e3d7a4502f6/element/93EBBAD77F3850395E766FE8AA458AEF_element_8/enabled'
19:21:02.234 [AsyncHttpClient-1-5] DEBUG org.asynchttpclient.netty.handler.HttpHandler - 

Request DefaultFullHttpRequest(decodeResult: success, version: HTTP/1.1, content: EmptyByteBufBE)
GET /session/14d7f1808e1348a22d236e3d7a4502f6/element/93EBBAD77F3850395E766FE8AA458AEF_element_8/enabled HTTP/1.1
User-Agent: selenium/4.8.1 (java windows)
Cache-Control: no-cache
Content-Type: application/json; charset=utf-8
host: localhost:33963
accept: */*

Response DefaultHttpResponse(decodeResult: success, version: HTTP/1.1)
HTTP/1.1 200 OK
Content-Length: 14
Content-Type: application/json; charset=utf-8
cache-control: no-cache

19:21:02.234 [AsyncHttpClient-1-5] DEBUG org.asynchttpclient.netty.channel.ChannelManager - Adding key: http://localhost:33963 for channel [id: 0x940f351a, L:/127.0.0.1:60972 - R:localhost/127.0.0.1:33963]
19:21:02.235 [Forwarding isElementEnabled on session 14d7f1808e1348a22d236e3d7a4502f6 to remote] DEBUG org.asynchttpclient.netty.request.NettyRequestSender - Using pooled Channel '[id: 0x940f351a, L:/127.0.0.1:60972 - R:localhost/127.0.0.1:33963]' for 'GET' to 'http://localhost:33963/session/14d7f1808e1348a22d236e3d7a4502f6/element/93EBBAD77F3850395E766FE8AA458AEF_element_8/enabled'
19:21:02.235 [Forwarding isElementEnabled on session 14d7f1808e1348a22d236e3d7a4502f6 to remote] DEBUG org.asynchttpclient.netty.request.NettyRequestSender - Using open Channel [id: 0x940f351a, L:/127.0.0.1:60972 - R:localhost/127.0.0.1:33963] for GET '/session/14d7f1808e1348a22d236e3d7a4502f6/element/93EBBAD77F3850395E766FE8AA458AEF_element_8/enabled'
19:21:02.243 [AsyncHttpClient-1-5] DEBUG org.asynchttpclient.netty.handler.HttpHandler - 

Request DefaultFullHttpRequest(decodeResult: success, version: HTTP/1.1, content: EmptyByteBufBE)
GET /session/14d7f1808e1348a22d236e3d7a4502f6/element/93EBBAD77F3850395E766FE8AA458AEF_element_8/enabled HTTP/1.1
User-Agent: selenium/4.8.1 (java windows)
Cache-Control: no-cache
Content-Type: application/json; charset=utf-8
host: localhost:33963
accept: */*

Response DefaultHttpResponse(decodeResult: success, version: HTTP/1.1)
HTTP/1.1 200 OK
Content-Length: 14
Content-Type: application/json; charset=utf-8
cache-control: no-cache

19:21:02.243 [AsyncHttpClient-1-5] DEBUG org.asynchttpclient.netty.channel.ChannelManager - Adding key: http://localhost:33963 for channel [id: 0x940f351a, L:/127.0.0.1:60972 - R:localhost/127.0.0.1:33963]
19:21:02.245 [Forwarding findElement on session 14d7f1808e1348a22d236e3d7a4502f6 to remote] DEBUG org.asynchttpclient.netty.request.NettyRequestSender - Using pooled Channel '[id: 0x940f351a, L:/127.0.0.1:60972 - R:localhost/127.0.0.1:33963]' for 'POST' to 'http://localhost:33963/session/14d7f1808e1348a22d236e3d7a4502f6/element'
19:21:02.245 [Forwarding findElement on session 14d7f1808e1348a22d236e3d7a4502f6 to remote] DEBUG org.asynchttpclient.netty.request.NettyRequestSender - Using open Channel [id: 0x940f351a, L:/127.0.0.1:60972 - R:localhost/127.0.0.1:33963] for POST '/session/14d7f1808e1348a22d236e3d7a4502f6/element'
19:21:02.252 [AsyncHttpClient-1-5] DEBUG org.asynchttpclient.netty.handler.HttpHandler - 

Request DefaultHttpRequest(decodeResult: success, version: HTTP/1.1)
POST /session/14d7f1808e1348a22d236e3d7a4502f6/element HTTP/1.1
User-Agent: selenium/4.8.1 (java windows)
Content-Length: 71
Content-Type: application/json; charset=utf-8
host: localhost:33963
accept: */*

Response DefaultHttpResponse(decodeResult: success, version: HTTP/1.1)
HTTP/1.1 200 OK
Content-Length: 94
Content-Type: application/json; charset=utf-8
cache-control: no-cache

19:21:02.252 [AsyncHttpClient-1-5] DEBUG org.asynchttpclient.netty.channel.ChannelManager - Adding key: http://localhost:33963 for channel [id: 0x940f351a, L:/127.0.0.1:60972 - R:localhost/127.0.0.1:33963]
19:21:02.252 [Forwarding clickElement on session 14d7f1808e1348a22d236e3d7a4502f6 to remote] DEBUG org.asynchttpclient.netty.request.NettyRequestSender - Using pooled Channel '[id: 0x940f351a, L:/127.0.0.1:60972 - R:localhost/127.0.0.1:33963]' for 'POST' to 'http://localhost:33963/session/14d7f1808e1348a22d236e3d7a4502f6/element/93EBBAD77F3850395E766FE8AA458AEF_element_8/click'
19:21:02.252 [Forwarding clickElement on session 14d7f1808e1348a22d236e3d7a4502f6 to remote] DEBUG org.asynchttpclient.netty.request.NettyRequestSender - Using open Channel [id: 0x940f351a, L:/127.0.0.1:60972 - R:localhost/127.0.0.1:33963] for POST '/session/14d7f1808e1348a22d236e3d7a4502f6/element/93EBBAD77F3850395E766FE8AA458AEF_element_8/click'
19:21:02.297 [AsyncHttpClient-1-5] DEBUG org.asynchttpclient.netty.handler.HttpHandler - 

Request DefaultHttpRequest(decodeResult: success, version: HTTP/1.1)
POST /session/14d7f1808e1348a22d236e3d7a4502f6/element/93EBBAD77F3850395E766FE8AA458AEF_element_8/click HTTP/1.1
User-Agent: selenium/4.8.1 (java windows)
Content-Length: 56
Content-Type: application/json; charset=utf-8
host: localhost:33963
accept: */*

Response DefaultHttpResponse(decodeResult: success, version: HTTP/1.1)
HTTP/1.1 200 OK
Content-Length: 14
Content-Type: application/json; charset=utf-8
cache-control: no-cache

19:21:02.297 [AsyncHttpClient-1-5] DEBUG org.asynchttpclient.netty.channel.ChannelManager - Adding key: http://localhost:33963 for channel [id: 0x940f351a, L:/127.0.0.1:60972 - R:localhost/127.0.0.1:33963]
19:21:02.303 [Forwarding getAlertText on session 14d7f1808e1348a22d236e3d7a4502f6 to remote] DEBUG org.asynchttpclient.netty.request.NettyRequestSender - Using pooled Channel '[id: 0x940f351a, L:/127.0.0.1:60972 - R:localhost/127.0.0.1:33963]' for 'GET' to 'http://localhost:33963/session/14d7f1808e1348a22d236e3d7a4502f6/alert/text'
19:21:02.304 [Forwarding getAlertText on session 14d7f1808e1348a22d236e3d7a4502f6 to remote] DEBUG org.asynchttpclient.netty.request.NettyRequestSender - Using open Channel [id: 0x940f351a, L:/127.0.0.1:60972 - R:localhost/127.0.0.1:33963] for GET '/session/14d7f1808e1348a22d236e3d7a4502f6/alert/text'
19:21:02.305 [AsyncHttpClient-1-5] DEBUG org.asynchttpclient.netty.handler.HttpHandler - 

Request DefaultFullHttpRequest(decodeResult: success, version: HTTP/1.1, content: EmptyByteBufBE)
GET /session/14d7f1808e1348a22d236e3d7a4502f6/alert/text HTTP/1.1
User-Agent: selenium/4.8.1 (java windows)
Cache-Control: no-cache
Content-Type: application/json; charset=utf-8
host: localhost:33963
accept: */*

Response DefaultHttpResponse(decodeResult: success, version: HTTP/1.1)
HTTP/1.1 404 Not Found
Content-Length: 847
Content-Type: application/json; charset=utf-8
cache-control: no-cache

19:21:02.305 [AsyncHttpClient-1-5] DEBUG org.asynchttpclient.netty.channel.ChannelManager - Adding key: http://localhost:33963 for channel [id: 0x940f351a, L:/127.0.0.1:60972 - R:localhost/127.0.0.1:33963]
19:21:02.306 [Forwarding getCurrentUrl on session 14d7f1808e1348a22d236e3d7a4502f6 to remote] DEBUG org.asynchttpclient.netty.request.NettyRequestSender - Using pooled Channel '[id: 0x940f351a, L:/127.0.0.1:60972 - R:localhost/127.0.0.1:33963]' for 'GET' to 'http://localhost:33963/session/14d7f1808e1348a22d236e3d7a4502f6/url'
19:21:02.306 [Forwarding getCurrentUrl on session 14d7f1808e1348a22d236e3d7a4502f6 to remote] DEBUG org.asynchttpclient.netty.request.NettyRequestSender - Using open Channel [id: 0x940f351a, L:/127.0.0.1:60972 - R:localhost/127.0.0.1:33963] for GET '/session/14d7f1808e1348a22d236e3d7a4502f6/url'
19:21:02.311 [AsyncHttpClient-1-5] DEBUG org.asynchttpclient.netty.handler.HttpHandler - 

Request DefaultFullHttpRequest(decodeResult: success, version: HTTP/1.1, content: EmptyByteBufBE)
GET /session/14d7f1808e1348a22d236e3d7a4502f6/url HTTP/1.1
User-Agent: selenium/4.8.1 (java windows)
Cache-Control: no-cache
Content-Type: application/json; charset=utf-8
host: localhost:33963
accept: */*

Response DefaultHttpResponse(decodeResult: success, version: HTTP/1.1)
HTTP/1.1 200 OK
Content-Length: 52
Content-Type: application/json; charset=utf-8
cache-control: no-cache

19:21:02.311 [AsyncHttpClient-1-5] DEBUG org.asynchttpclient.netty.channel.ChannelManager - Adding key: http://localhost:33963 for channel [id: 0x940f351a, L:/127.0.0.1:60972 - R:localhost/127.0.0.1:33963]
19:21:02.311 [Forwarding screenshot on session 14d7f1808e1348a22d236e3d7a4502f6 to remote] DEBUG org.asynchttpclient.netty.request.NettyRequestSender - Using pooled Channel '[id: 0x940f351a, L:/127.0.0.1:60972 - R:localhost/127.0.0.1:33963]' for 'GET' to 'http://localhost:33963/session/14d7f1808e1348a22d236e3d7a4502f6/screenshot'
19:21:02.311 [Forwarding screenshot on session 14d7f1808e1348a22d236e3d7a4502f6 to remote] DEBUG org.asynchttpclient.netty.request.NettyRequestSender - Using open Channel [id: 0x940f351a, L:/127.0.0.1:60972 - R:localhost/127.0.0.1:33963] for GET '/session/14d7f1808e1348a22d236e3d7a4502f6/screenshot'
19:21:02.403 [AsyncHttpClient-1-5] DEBUG org.asynchttpclient.netty.handler.HttpHandler - 

Request DefaultFullHttpRequest(decodeResult: success, version: HTTP/1.1, content: EmptyByteBufBE)
GET /session/14d7f1808e1348a22d236e3d7a4502f6/screenshot HTTP/1.1
User-Agent: selenium/4.8.1 (java windows)
Cache-Control: no-cache
Content-Type: application/json; charset=utf-8
host: localhost:33963
accept: */*

Response DefaultHttpResponse(decodeResult: success, version: HTTP/1.1)
HTTP/1.1 200 OK
Content-Length: 32616
Content-Type: application/json; charset=utf-8
cache-control: no-cache

19:21:02.403 [AsyncHttpClient-1-5] DEBUG org.asynchttpclient.netty.channel.ChannelManager - Adding key: http://localhost:33963 for channel [id: 0x940f351a, L:/127.0.0.1:60972 - R:localhost/127.0.0.1:33963]
19:21:02.404 [main] DEBUG net.serenitybdd.core.photography.Darkroom - Send negative for processing for target\site\serenity\fe535a87fb8961ab0463b7be80dcc432235453212240f5a8b1068e7512b5b178.png
19:21:02.404 [main] DEBUG net.thucydides.core.steps.StepInterceptor - STEP DONE: clickLoginButton
  &amp#27;[32mWhen &amp#27;[0m&amp#27;[32mI click on the login button&amp#27;[0m       &amp#27;[90m# starter.stepdefinitions.LoginSteps.clickLoginButton()&amp#27;[0m
19:21:02.404 [Darkroom Processing Line] DEBUG net.serenitybdd.core.photography.DarkroomProcessingLine - Processing screenshot image in /var/screenshots/screenshot-2918276694916288682
19:21:02.405 [Darkroom Processing Line] DEBUG net.serenitybdd.core.photography.DarkroomProcessingLine - Saving screenshot to target\site\serenity\fe535a87fb8961ab0463b7be80dcc432235453212240f5a8b1068e7512b5b178.png
19:21:02.415 [Forwarding getPageSource on session 14d7f1808e1348a22d236e3d7a4502f6 to remote] DEBUG org.asynchttpclient.netty.request.NettyRequestSender - Using pooled Channel '[id: 0x940f351a, L:/127.0.0.1:60972 - R:localhost/127.0.0.1:33963]' for 'POST' to 'http://localhost:33963/session/14d7f1808e1348a22d236e3d7a4502f6/execute/sync'
19:21:02.415 [Forwarding getPageSource on session 14d7f1808e1348a22d236e3d7a4502f6 to remote] DEBUG org.asynchttpclient.netty.request.NettyRequestSender - Using open Channel [id: 0x940f351a, L:/127.0.0.1:60972 - R:localhost/127.0.0.1:33963] for POST '/session/14d7f1808e1348a22d236e3d7a4502f6/execute/sync'
19:21:02.424 [AsyncHttpClient-1-5] DEBUG org.asynchttpclient.netty.handler.HttpHandler - 

Request DefaultHttpRequest(decodeResult: success, version: HTTP/1.1)
POST /session/14d7f1808e1348a22d236e3d7a4502f6/execute/sync HTTP/1.1
User-Agent: selenium/4.8.1 (java windows)
Content-Length: 176
Content-Type: application/json; charset=utf-8
host: localhost:33963
accept: */*

Response DefaultHttpResponse(decodeResult: success, version: HTTP/1.1)
HTTP/1.1 200 OK
Content-Length: 22001
Content-Type: application/json; charset=utf-8
cache-control: no-cache

19:21:02.424 [AsyncHttpClient-1-5] DEBUG org.asynchttpclient.netty.channel.ChannelManager - Adding key: http://localhost:33963 for channel [id: 0x940f351a, L:/127.0.0.1:60972 - R:localhost/127.0.0.1:33963]
19:21:02.426 [Forwarding getCurrentUrl on session 14d7f1808e1348a22d236e3d7a4502f6 to remote] DEBUG org.asynchttpclient.netty.request.NettyRequestSender - Using pooled Channel '[id: 0x940f351a, L:/127.0.0.1:60972 - R:localhost/127.0.0.1:33963]' for 'GET' to 'http://localhost:33963/session/14d7f1808e1348a22d236e3d7a4502f6/url'
19:21:02.426 [Forwarding getCurrentUrl on session 14d7f1808e1348a22d236e3d7a4502f6 to remote] DEBUG org.asynchttpclient.netty.request.NettyRequestSender - Using open Channel [id: 0x940f351a, L:/127.0.0.1:60972 - R:localhost/127.0.0.1:33963] for GET '/session/14d7f1808e1348a22d236e3d7a4502f6/url'
19:21:02.432 [AsyncHttpClient-1-5] DEBUG org.asynchttpclient.netty.handler.HttpHandler - 

Request DefaultFullHttpRequest(decodeResult: success, version: HTTP/1.1, content: EmptyByteBufBE)
GET /session/14d7f1808e1348a22d236e3d7a4502f6/url HTTP/1.1
User-Agent: selenium/4.8.1 (java windows)
Cache-Control: no-cache
Content-Type: application/json; charset=utf-8
host: localhost:33963
accept: */*

Response DefaultHttpResponse(decodeResult: success, version: HTTP/1.1)
HTTP/1.1 200 OK
Content-Length: 52
Content-Type: application/json; charset=utf-8
cache-control: no-cache

19:21:02.432 [AsyncHttpClient-1-5] DEBUG org.asynchttpclient.netty.channel.ChannelManager - Adding key: http://localhost:33963 for channel [id: 0x940f351a, L:/127.0.0.1:60972 - R:localhost/127.0.0.1:33963]
19:21:02.444 [Forwarding getPageSource on session 14d7f1808e1348a22d236e3d7a4502f6 to remote] DEBUG org.asynchttpclient.netty.request.NettyRequestSender - Using pooled Channel '[id: 0x940f351a, L:/127.0.0.1:60972 - R:localhost/127.0.0.1:33963]' for 'POST' to 'http://localhost:33963/session/14d7f1808e1348a22d236e3d7a4502f6/execute/sync'
19:21:02.444 [Forwarding getPageSource on session 14d7f1808e1348a22d236e3d7a4502f6 to remote] DEBUG org.asynchttpclient.netty.request.NettyRequestSender - Using open Channel [id: 0x940f351a, L:/127.0.0.1:60972 - R:localhost/127.0.0.1:33963] for POST '/session/14d7f1808e1348a22d236e3d7a4502f6/execute/sync'
19:21:02.451 [AsyncHttpClient-1-5] DEBUG org.asynchttpclient.netty.handler.HttpHandler - 

Request DefaultHttpRequest(decodeResult: success, version: HTTP/1.1)
POST /session/14d7f1808e1348a22d236e3d7a4502f6/execute/sync HTTP/1.1
User-Agent: selenium/4.8.1 (java windows)
Content-Length: 176
Content-Type: application/json; charset=utf-8
host: localhost:33963
accept: */*

Response DefaultHttpResponse(decodeResult: success, version: HTTP/1.1)
HTTP/1.1 200 OK
Content-Length: 22001
Content-Type: application/json; charset=utf-8
cache-control: no-cache

19:21:02.451 [AsyncHttpClient-1-5] DEBUG org.asynchttpclient.netty.channel.ChannelManager - Adding key: http://localhost:33963 for channel [id: 0x940f351a, L:/127.0.0.1:60972 - R:localhost/127.0.0.1:33963]
19:21:02.454 [Forwarding getCurrentUrl on session 14d7f1808e1348a22d236e3d7a4502f6 to remote] DEBUG org.asynchttpclient.netty.request.NettyRequestSender - Using pooled Channel '[id: 0x940f351a, L:/127.0.0.1:60972 - R:localhost/127.0.0.1:33963]' for 'GET' to 'http://localhost:33963/session/14d7f1808e1348a22d236e3d7a4502f6/url'
19:21:02.454 [Forwarding getCurrentUrl on session 14d7f1808e1348a22d236e3d7a4502f6 to remote] DEBUG org.asynchttpclient.netty.request.NettyRequestSender - Using open Channel [id: 0x940f351a, L:/127.0.0.1:60972 - R:localhost/127.0.0.1:33963] for GET '/session/14d7f1808e1348a22d236e3d7a4502f6/url'
19:21:02.459 [AsyncHttpClient-1-5] DEBUG org.asynchttpclient.netty.handler.HttpHandler - 

Request DefaultFullHttpRequest(decodeResult: success, version: HTTP/1.1, content: EmptyByteBufBE)
GET /session/14d7f1808e1348a22d236e3d7a4502f6/url HTTP/1.1
User-Agent: selenium/4.8.1 (java windows)
Cache-Control: no-cache
Content-Type: application/json; charset=utf-8
host: localhost:33963
accept: */*

Response DefaultHttpResponse(decodeResult: success, version: HTTP/1.1)
HTTP/1.1 200 OK
Content-Length: 52
Content-Type: application/json; charset=utf-8
cache-control: no-cache

19:21:02.459 [AsyncHttpClient-1-5] DEBUG org.asynchttpclient.netty.channel.ChannelManager - Adding key: http://localhost:33963 for channel [id: 0x940f351a, L:/127.0.0.1:60972 - R:localhost/127.0.0.1:33963]
19:21:02.461 [main] DEBUG net.thucydides.core.steps.StepInterceptor - STARTING STEP: LoginSteps.alertContent - incorrectAlert
19:21:02.462 [Forwarding findElement on session 14d7f1808e1348a22d236e3d7a4502f6 to remote] DEBUG org.asynchttpclient.netty.request.NettyRequestSender - Using pooled Channel '[id: 0x940f351a, L:/127.0.0.1:60972 - R:localhost/127.0.0.1:33963]' for 'POST' to 'http://localhost:33963/session/14d7f1808e1348a22d236e3d7a4502f6/element'
19:21:02.462 [Forwarding findElement on session 14d7f1808e1348a22d236e3d7a4502f6 to remote] DEBUG org.asynchttpclient.netty.request.NettyRequestSender - Using open Channel [id: 0x940f351a, L:/127.0.0.1:60972 - R:localhost/127.0.0.1:33963] for POST '/session/14d7f1808e1348a22d236e3d7a4502f6/element'
19:21:02.540 [AsyncHttpClient-1-5] DEBUG org.asynchttpclient.netty.handler.HttpHandler - 

Request DefaultHttpRequest(decodeResult: success, version: HTTP/1.1)
POST /session/14d7f1808e1348a22d236e3d7a4502f6/element HTTP/1.1
User-Agent: selenium/4.8.1 (java windows)
Content-Length: 54
Content-Type: application/json; charset=utf-8
host: localhost:33963
accept: */*

Response DefaultHttpResponse(decodeResult: success, version: HTTP/1.1)
HTTP/1.1 200 OK
Content-Length: 95
Content-Type: application/json; charset=utf-8
cache-control: no-cache

19:21:02.540 [AsyncHttpClient-1-5] DEBUG org.asynchttpclient.netty.channel.ChannelManager - Adding key: http://localhost:33963 for channel [id: 0x940f351a, L:/127.0.0.1:60972 - R:localhost/127.0.0.1:33963]
19:21:02.543 [Forwarding isElementDisplayed on session 14d7f1808e1348a22d236e3d7a4502f6 to remote] DEBUG org.asynchttpclient.netty.request.NettyRequestSender - Using pooled Channel '[id: 0x940f351a, L:/127.0.0.1:60972 - R:localhost/127.0.0.1:33963]' for 'POST' to 'http://localhost:33963/session/14d7f1808e1348a22d236e3d7a4502f6/execute/sync'
19:21:02.543 [Forwarding isElementDisplayed on session 14d7f1808e1348a22d236e3d7a4502f6 to remote] DEBUG org.asynchttpclient.netty.request.NettyRequestSender - Using open Channel [id: 0x940f351a, L:/127.0.0.1:60972 - R:localhost/127.0.0.1:33963] for POST '/session/14d7f1808e1348a22d236e3d7a4502f6/execute/sync'
19:21:02.561 [AsyncHttpClient-1-5] DEBUG org.asynchttpclient.netty.handler.HttpHandler - 

Request DefaultHttpRequest(decodeResult: success, version: HTTP/1.1)
POST /session/14d7f1808e1348a22d236e3d7a4502f6/execute/sync HTTP/1.1
User-Agent: selenium/4.8.1 (java windows)
Content-Length: 48814
Content-Type: application/json; charset=utf-8
host: localhost:33963
accept: */*

Response DefaultHttpResponse(decodeResult: success, version: HTTP/1.1)
HTTP/1.1 200 OK
Content-Length: 14
Content-Type: application/json; charset=utf-8
cache-control: no-cache

19:21:02.561 [AsyncHttpClient-1-5] DEBUG org.asynchttpclient.netty.channel.ChannelManager - Adding key: http://localhost:33963 for channel [id: 0x940f351a, L:/127.0.0.1:60972 - R:localhost/127.0.0.1:33963]
19:21:02.566 [Forwarding getAlertText on session 14d7f1808e1348a22d236e3d7a4502f6 to remote] DEBUG org.asynchttpclient.netty.request.NettyRequestSender - Using pooled Channel '[id: 0x940f351a, L:/127.0.0.1:60972 - R:localhost/127.0.0.1:33963]' for 'GET' to 'http://localhost:33963/session/14d7f1808e1348a22d236e3d7a4502f6/alert/text'
19:21:02.566 [Forwarding getAlertText on session 14d7f1808e1348a22d236e3d7a4502f6 to remote] DEBUG org.asynchttpclient.netty.request.NettyRequestSender - Using open Channel [id: 0x940f351a, L:/127.0.0.1:60972 - R:localhost/127.0.0.1:33963] for GET '/session/14d7f1808e1348a22d236e3d7a4502f6/alert/text'
19:21:02.573 [AsyncHttpClient-1-5] DEBUG org.asynchttpclient.netty.handler.HttpHandler - 

Request DefaultFullHttpRequest(decodeResult: success, version: HTTP/1.1, content: EmptyByteBufBE)
GET /session/14d7f1808e1348a22d236e3d7a4502f6/alert/text HTTP/1.1
User-Agent: selenium/4.8.1 (java windows)
Cache-Control: no-cache
Content-Type: application/json; charset=utf-8
host: localhost:33963
accept: */*

Response DefaultHttpResponse(decodeResult: success, version: HTTP/1.1)
HTTP/1.1 404 Not Found
Content-Length: 847
Content-Type: application/json; charset=utf-8
cache-control: no-cache

19:21:02.574 [AsyncHttpClient-1-5] DEBUG org.asynchttpclient.netty.channel.ChannelManager - Adding key: http://localhost:33963 for channel [id: 0x940f351a, L:/127.0.0.1:60972 - R:localhost/127.0.0.1:33963]
19:21:02.575 [Forwarding getCurrentUrl on session 14d7f1808e1348a22d236e3d7a4502f6 to remote] DEBUG org.asynchttpclient.netty.request.NettyRequestSender - Using pooled Channel '[id: 0x940f351a, L:/127.0.0.1:60972 - R:localhost/127.0.0.1:33963]' for 'GET' to 'http://localhost:33963/session/14d7f1808e1348a22d236e3d7a4502f6/url'
19:21:02.575 [Forwarding getCurrentUrl on session 14d7f1808e1348a22d236e3d7a4502f6 to remote] DEBUG org.asynchttpclient.netty.request.NettyRequestSender - Using open Channel [id: 0x940f351a, L:/127.0.0.1:60972 - R:localhost/127.0.0.1:33963] for GET '/session/14d7f1808e1348a22d236e3d7a4502f6/url'
19:21:02.585 [AsyncHttpClient-1-5] DEBUG org.asynchttpclient.netty.handler.HttpHandler - 

Request DefaultFullHttpRequest(decodeResult: success, version: HTTP/1.1, content: EmptyByteBufBE)
GET /session/14d7f1808e1348a22d236e3d7a4502f6/url HTTP/1.1
User-Agent: selenium/4.8.1 (java windows)
Cache-Control: no-cache
Content-Type: application/json; charset=utf-8
host: localhost:33963
accept: */*

Response DefaultHttpResponse(decodeResult: success, version: HTTP/1.1)
HTTP/1.1 200 OK
Content-Length: 52
Content-Type: application/json; charset=utf-8
cache-control: no-cache

19:21:02.585 [AsyncHttpClient-1-5] DEBUG org.asynchttpclient.netty.channel.ChannelManager - Adding key: http://localhost:33963 for channel [id: 0x940f351a, L:/127.0.0.1:60972 - R:localhost/127.0.0.1:33963]
19:21:02.586 [Forwarding screenshot on session 14d7f1808e1348a22d236e3d7a4502f6 to remote] DEBUG org.asynchttpclient.netty.request.NettyRequestSender - Using pooled Channel '[id: 0x940f351a, L:/127.0.0.1:60972 - R:localhost/127.0.0.1:33963]' for 'GET' to 'http://localhost:33963/session/14d7f1808e1348a22d236e3d7a4502f6/screenshot'
19:21:02.586 [Forwarding screenshot on session 14d7f1808e1348a22d236e3d7a4502f6 to remote] DEBUG org.asynchttpclient.netty.request.NettyRequestSender - Using open Channel [id: 0x940f351a, L:/127.0.0.1:60972 - R:localhost/127.0.0.1:33963] for GET '/session/14d7f1808e1348a22d236e3d7a4502f6/screenshot'
19:21:02.700 [AsyncHttpClient-1-1] DEBUG org.asynchttpclient.netty.channel.DefaultChannelPool - Entry count for : http://localhost:60973 : 1
19:21:02.756 [AsyncHttpClient-1-5] DEBUG org.asynchttpclient.netty.handler.HttpHandler - 

Request DefaultFullHttpRequest(decodeResult: success, version: HTTP/1.1, content: EmptyByteBufBE)
GET /session/14d7f1808e1348a22d236e3d7a4502f6/screenshot HTTP/1.1
User-Agent: selenium/4.8.1 (java windows)
Cache-Control: no-cache
Content-Type: application/json; charset=utf-8
host: localhost:33963
accept: */*

Response DefaultHttpResponse(decodeResult: success, version: HTTP/1.1)
HTTP/1.1 200 OK
Content-Length: 37884
Content-Type: application/json; charset=utf-8
cache-control: no-cache

19:21:02.756 [AsyncHttpClient-1-5] DEBUG org.asynchttpclient.netty.channel.ChannelManager - Adding key: http://localhost:33963 for channel [id: 0x940f351a, L:/127.0.0.1:60972 - R:localhost/127.0.0.1:33963]
19:21:02.758 [main] DEBUG net.serenitybdd.core.photography.Darkroom - Send negative for processing for target\site\serenity\11fd5a02ece9eadcc71f303edf26e51c0630e1bf2d7f4c3f26e282c74917a1d4.png
19:21:02.758 [main] DEBUG net.thucydides.core.steps.StepInterceptor - STEP DONE: incorrectAlert
19:21:02.758 [Darkroom Processing Line] DEBUG net.serenitybdd.core.photography.DarkroomProcessingLine - Processing screenshot image in /var/screenshots/screenshot-13627724997023443351
19:21:02.758 [Darkroom Processing Line] DEBUG net.serenitybdd.core.photography.DarkroomProcessingLine - Saving screenshot to target\site\serenity\11fd5a02ece9eadcc71f303edf26e51c0630e1bf2d7f4c3f26e282c74917a1d4.png
  &amp#27;[32mThen &amp#27;[0m&amp#27;[32mI should see the error message&amp#27;[0m    &amp#27;[90m# starter.stepdefinitions.LoginSteps.alertContent()&amp#27;[0m
19:21:02.767 [main] INFO  - 
  _____   ___   ___   _____     ___     _     ___   ___   ___   ___  
 |_   _| | __| / __| |_   _|   | _ \   /_\   / __| / __| | __| |   \ 
   | |   | _|  \__ \   | |     |  _/  / _ \  \__ \ \__ \ | _|  | |) |
   |_|   |___| |___/   |_|     |_|   /_/ \_\ |___/ |___/ |___| |___/ 

Login without input any fields
----------------------------------------------------------------------
19:21:02.769 [AsyncHttpClient-1-7] DEBUG org.asynchttpclient.netty.handler.WebSocketHandler - Channel Closed: [id: 0xf0c4de6e, L:/127.0.0.1:60980 ! R:localhost/127.0.0.1:60973] with attribute NettyResponseFuture{currentRetry=0,
	isDone=1,
	isCancelled=0,
	asyncHandler=org.asynchttpclient.ws.WebSocketUpgradeHandler@c6c128e,
	nettyRequest=org.asynchttpclient.netty.request.NettyRequest@7df93c09,
	future=java.util.concurrent.CompletableFuture@d47c068[Completed normally],
	uri=ws://localhost:60973/devtools/browser/086f857e-22ea-452a-832a-67ec79a947d9,
	keepAlive=true,
	redirectCount=0,
	timeoutsHolder=null,
	inAuth=0,
	touch=1683807660592}
19:21:02.769 [AsyncHttpClient-1-7] DEBUG org.asynchttpclient.netty.channel.ChannelManager - Closing Channel [id: 0xf0c4de6e, L:/127.0.0.1:60980 ! R:localhost/127.0.0.1:60973] 
19:21:02.770 [Driver Command Executor] DEBUG org.asynchttpclient.netty.request.NettyRequestSender - Using pooled Channel '[id: 0x940f351a, L:/127.0.0.1:60972 - R:localhost/127.0.0.1:33963]' for 'DELETE' to 'http://localhost:33963/session/14d7f1808e1348a22d236e3d7a4502f6'
19:21:02.770 [Driver Command Executor] DEBUG org.asynchttpclient.netty.request.NettyRequestSender - Using open Channel [id: 0x940f351a, L:/127.0.0.1:60972 - R:localhost/127.0.0.1:33963] for DELETE '/session/14d7f1808e1348a22d236e3d7a4502f6'
19:21:02.994 [AsyncHttpClient-1-6] DEBUG org.asynchttpclient.netty.handler.HttpHandler - Unexpected I/O exception on channel [id: 0x0ef91b83, L:/127.0.0.1:60979 - R:localhost/127.0.0.1:60973]
java.net.SocketException: Connection reset
	at java.base/sun.nio.ch.SocketChannelImpl.throwConnectionReset(SocketChannelImpl.java:401)
	at java.base/sun.nio.ch.SocketChannelImpl.read(SocketChannelImpl.java:434)
	at io.netty.buffer.PooledByteBuf.setBytes(PooledByteBuf.java:259)
	at io.netty.buffer.AbstractByteBuf.writeBytes(AbstractByteBuf.java:1132)
	at io.netty.channel.socket.nio.NioSocketChannel.doReadBytes(NioSocketChannel.java:357)
	at io.netty.channel.nio.AbstractNioByteChannel$NioByteUnsafe.read(AbstractNioByteChannel.java:151)
	at io.netty.channel.nio.NioEventLoop.processSelectedKey(NioEventLoop.java:788)
	at io.netty.channel.nio.NioEventLoop.processSelectedKeysOptimized(NioEventLoop.java:724)
	at io.netty.channel.nio.NioEventLoop.processSelectedKeys(NioEventLoop.java:650)
	at io.netty.channel.nio.NioEventLoop.run(NioEventLoop.java:562)
	at io.netty.util.concurrent.SingleThreadEventExecutor$4.run(SingleThreadEventExecutor.java:997)
	at io.netty.util.internal.ThreadExecutorMap$2.run(ThreadExecutorMap.java:74)
	at io.netty.util.concurrent.FastThreadLocalRunnable.run(FastThreadLocalRunnable.java:30)
	at java.base/java.lang.Thread.run(Thread.java:1589)
19:21:02.994 [AsyncHttpClient-1-6] DEBUG org.asynchttpclient.netty.channel.ChannelManager - Closing Channel [id: 0x0ef91b83, L:/127.0.0.1:60979 - R:localhost/127.0.0.1:60973] 
19:21:02.994 [AsyncHttpClient-1-6] DEBUG org.asynchttpclient.netty.handler.HttpHandler - Channel Closed: [id: 0x0ef91b83, L:/127.0.0.1:60979 ! R:localhost/127.0.0.1:60973] with attribute DISCARD
19:21:03.013 [AsyncHttpClient-1-5] DEBUG org.asynchttpclient.netty.handler.HttpHandler - 

Request DefaultFullHttpRequest(decodeResult: success, version: HTTP/1.1, content: EmptyByteBufBE)
DELETE /session/14d7f1808e1348a22d236e3d7a4502f6 HTTP/1.1
User-Agent: selenium/4.8.1 (java windows)
Content-Type: application/json; charset=utf-8
host: localhost:33963
accept: */*

Response DefaultHttpResponse(decodeResult: success, version: HTTP/1.1)
HTTP/1.1 200 OK
Content-Length: 14
Content-Type: application/json; charset=utf-8
cache-control: no-cache

19:21:03.013 [AsyncHttpClient-1-5] DEBUG org.asynchttpclient.netty.channel.ChannelManager - Adding key: http://localhost:33963 for channel [id: 0x940f351a, L:/127.0.0.1:60972 - R:localhost/127.0.0.1:33963]
19:21:03.271 [AsyncHttpClient-1-5] DEBUG org.asynchttpclient.netty.handler.HttpHandler - Channel Closed: [id: 0x940f351a, L:/127.0.0.1:60972 ! R:localhost/127.0.0.1:33963] with attribute DISCARD
]]></system-out>
    <system-err><![CDATA[Starting ChromeDriver 113.0.5672.63 (0e1a4471d5ae5bf128b1bd8f4d627c8cbd55f70c-refs/branch-heads/5672@{#912}) on port 33963
Only local connections are allowed.
Please see https://chromedriver.chromium.org/security-considerations for suggestions on keeping ChromeDriver safe.
ChromeDriver was started successfully.
May 11, 2023 7:21:00 PM org.openqa.selenium.devtools.CdpVersionFinder findNearestMatch
WARNING: Unable to find an exact match for CDP version 113, so returning the closest version found: 110
]]></system-err>
  </testcase>
  <testcase name="Add to cart by buy a product with login" classname="Product" time="5.929">
    <error type="org.openqa.selenium.NoSuchElementException"><![CDATA[org.openqa.selenium.NoSuchElementException: 
no such element: Unable to locate element: {"method":"css selector","selector":"#\35 2485"}
  (Session info: chrome=113.0.5672.93)
For documentation on this error, please visit: https://selenium.dev/exceptions/#no_such_element
Build info: version: '4.8.1', revision: '8ebccac989'
System info: os.name: 'Windows 10', os.arch: 'amd64', os.version: '10.0', java.version: '19.0.2'
Driver info: org.openqa.selenium.chrome.ChromeDriver
Command: [fb6b2a4866465ac443b9f30cf20a04b3, findElement {using=id, value=52485}]
Capabilities {acceptInsecureCerts: false, browserName: chrome, browserVersion: 113.0.5672.93, chrome: {chromedriverVersion: 113.0.5672.63 (0e1a4471d5ae..., userDataDir: C:\Users\BUNAYY~1\AppData\L...}, goog:chromeOptions: {debuggerAddress: localhost:61002}, networkConnectionEnabled: false, pageLoadStrategy: normal, platformName: WINDOWS, proxy: Proxy(), se:cdp: ws://localhost:61002/devtoo..., se:cdpVersion: 113.0.5672.93, setWindowRect: true, strictFileInteractability: false, timeouts: {implicit: 0, pageLoad: 300000, script: 30000}, unhandledPromptBehavior: dismiss and notify, webauthn:extension:credBlob: true, webauthn:extension:largeBlob: true, webauthn:extension:minPinLength: true, webauthn:extension:prf: true, webauthn:virtualAuthenticators: true}
Session ID: fb6b2a4866465ac443b9f30cf20a04b3
]]></error>
    <system-out><![CDATA[19:21:03.316 [main] DEBUG io.cucumber.core.plugin.SerenityReporter - Running feature from file:///C:/Users/Bunayya%20Zulfikar/3D%20Objects/alta_web_minpro_testcase/src/test/resources/features/3.%20Product.feature
19:21:03.318 [main] DEBUG net.thucydides.core.steps.StepEventBus - Test suite started for story net.thucydides.core.model.Story@8d346be0
19:21:03.318 [main] INFO  - Test Suite Started: Product

Scenario: Add to cart by buy a product with login         &amp#27;[90m# src/test/resources/features/3. Product.feature:7&amp#27;[0m
19:21:03.323 [main] DEBUG io.cucumber.core.plugin.SerenityReporter - Running feature from file:///C:/Users/Bunayya%20Zulfikar/3D%20Objects/alta_web_minpro_testcase/src/test/resources/features/3.%20Product.feature
19:21:03.326 [main] INFO  - 
  _____   ___   ___   _____     ___   _____     _     ___   _____   ___   ___  
 |_   _| | __| / __| |_   _|   / __| |_   _|   /_\   | _ \ |_   _| | __| |   \ 
   | |   | _|  \__ \   | |     \__ \   | |    / _ \  |   /   | |   | _|  | |) |
   |_|   |___| |___/   |_|     |___/   |_|   /_/ \_\ |_|_\   |_|   |___| |___/ 

Add to cart by buy a product with login(product;add-to-cart-by-buy-a-product-with-login)
--------------------------------------------------------------------------------
19:21:03.610 [main] DEBUG net.thucydides.core.steps.StepInterceptor - STARTING STEP: ProductSteps.onTheHomePage - openPage
19:21:03.664 [main] INFO net.serenitybdd.core.webdriver.driverproviders.ChromeDriverProvider - Starting Chrome driver instance with capabilities:
19:21:03.664 [main] INFO net.serenitybdd.core.webdriver.driverproviders.ChromeDriverProvider - Capabilities {acceptInsecureCerts: false, browserName: chrome, goog:chromeOptions: {args: [remote-allow-origins=*], extensions: []}}
19:21:03.735 [AsyncHttpClient-1-8] DEBUG org.asynchttpclient.netty.channel.NettyConnectListener - Using new Channel '[id: 0xd99c0fe4, L:/127.0.0.1:61001 - R:localhost/127.0.0.1:29958]' for 'POST' to '/session'
19:21:03.798 [AsyncHttpClient-1-1] DEBUG org.asynchttpclient.netty.channel.DefaultChannelPool - Entry count for : http://localhost:33963 : 1
19:21:03.798 [AsyncHttpClient-1-1] DEBUG org.asynchttpclient.netty.channel.DefaultChannelPool - Entry count for : http://localhost:60973 : 1
19:21:03.798 [AsyncHttpClient-1-1] DEBUG org.asynchttpclient.netty.channel.DefaultChannelPool - Adding Candidate expired Channel [id: 0x940f351a, L:/127.0.0.1:60972 ! R:localhost/127.0.0.1:33963] isIdleTimeoutExpired=false isRemotelyClosed=true isTtlExpired=false
19:21:03.798 [AsyncHttpClient-1-1] DEBUG org.asynchttpclient.netty.channel.DefaultChannelPool - Closing Idle Channel [id: 0x940f351a, L:/127.0.0.1:60972 ! R:localhost/127.0.0.1:33963]
19:21:03.798 [AsyncHttpClient-1-1] DEBUG org.asynchttpclient.netty.channel.DefaultChannelPool - Adding Candidate expired Channel [id: 0x0ef91b83, L:/127.0.0.1:60979 ! R:localhost/127.0.0.1:60973] isIdleTimeoutExpired=false isRemotelyClosed=true isTtlExpired=false
19:21:03.798 [AsyncHttpClient-1-1] DEBUG org.asynchttpclient.netty.channel.DefaultChannelPool - Closing Idle Channel [id: 0x0ef91b83, L:/127.0.0.1:60979 ! R:localhost/127.0.0.1:60973]
19:21:03.798 [AsyncHttpClient-1-1] DEBUG org.asynchttpclient.netty.channel.DefaultChannelPool - Closed 2 connections out of 2 in 0 ms
19:21:04.361 [AsyncHttpClient-1-8] DEBUG org.asynchttpclient.netty.handler.HttpHandler - 

Request DefaultHttpRequest(decodeResult: success, version: HTTP/1.1)
POST /session HTTP/1.1
User-Agent: selenium/4.8.1 (java windows)
Content-Length: 507
Content-Type: application/json; charset=utf-8
host: localhost:29958
accept: */*

Response DefaultHttpResponse(decodeResult: success, version: HTTP/1.1)
HTTP/1.1 200 OK
Content-Length: 860
Content-Type: application/json; charset=utf-8
cache-control: no-cache

19:21:04.361 [AsyncHttpClient-1-8] DEBUG org.asynchttpclient.netty.channel.ChannelManager - Adding key: http://localhost:29958 for channel [id: 0xd99c0fe4, L:/127.0.0.1:61001 - R:localhost/127.0.0.1:29958]
19:21:04.366 [AsyncHttpClient-1-9] DEBUG org.asynchttpclient.netty.channel.NettyConnectListener - Using new Channel '[id: 0x2b01a17e, L:/127.0.0.1:61009 - R:localhost/127.0.0.1:61002]' for 'GET' to '/json/version'
19:21:04.367 [AsyncHttpClient-1-9] DEBUG org.asynchttpclient.netty.handler.HttpHandler - 

Request DefaultFullHttpRequest(decodeResult: success, version: HTTP/1.1, content: EmptyByteBufBE)
GET /json/version HTTP/1.1
User-Agent: selenium/4.8.1 (java windows)
host: localhost:61002
accept: */*

Response DefaultHttpResponse(decodeResult: success, version: HTTP/1.1)
HTTP/1.1 200 OK
Content-Security-Policy: frame-ancestors 'none'
Content-Length: 422
Content-Type: application/json; charset=UTF-8

19:21:04.367 [AsyncHttpClient-1-9] DEBUG org.asynchttpclient.netty.channel.ChannelManager - Adding key: http://localhost:61002 for channel [id: 0x2b01a17e, L:/127.0.0.1:61009 - R:localhost/127.0.0.1:61002]
19:21:04.369 [AsyncHttpClient-1-10] DEBUG org.asynchttpclient.netty.channel.NettyConnectListener - Using new Channel '[id: 0x86c7461a, L:/127.0.0.1:61010 - R:localhost/127.0.0.1:61002]' for 'GET' to '/devtools/browser/9a6aade0-ced2-4ae1-8518-e021c943f228'
19:21:04.369 [AsyncHttpClient-1-10] DEBUG org.asynchttpclient.netty.handler.WebSocketHandler - 

Request DefaultFullHttpRequest(decodeResult: success, version: HTTP/1.1, content: EmptyByteBufBE)
GET /devtools/browser/9a6aade0-ced2-4ae1-8518-e021c943f228 HTTP/1.1
upgrade: websocket
connection: upgrade
sec-websocket-key: sZFKdZuoY+KCtHg3RM3pjw==
sec-websocket-version: 13
origin: http://localhost:61002
host: localhost:61002
accept: */*
user-agent: AHC/2.1

Response DefaultHttpResponse(decodeResult: success, version: HTTP/1.1)
HTTP/1.1 101 WebSocket Protocol Handshake
Upgrade: WebSocket
Connection: Upgrade
Sec-WebSocket-Accept: G+evhVXOlM9AZeMutCQTH1a5cQE=

19:21:04.373 [Forwarding get on session fb6b2a4866465ac443b9f30cf20a04b3 to remote] DEBUG org.asynchttpclient.netty.request.NettyRequestSender - Using pooled Channel '[id: 0xd99c0fe4, L:/127.0.0.1:61001 - R:localhost/127.0.0.1:29958]' for 'POST' to 'http://localhost:29958/session/fb6b2a4866465ac443b9f30cf20a04b3/url'
19:21:04.373 [Forwarding get on session fb6b2a4866465ac443b9f30cf20a04b3 to remote] DEBUG org.asynchttpclient.netty.request.NettyRequestSender - Using open Channel [id: 0xd99c0fe4, L:/127.0.0.1:61001 - R:localhost/127.0.0.1:29958] for POST '/session/fb6b2a4866465ac443b9f30cf20a04b3/url'
19:21:04.899 [AsyncHttpClient-1-1] DEBUG org.asynchttpclient.netty.channel.DefaultChannelPool - Entry count for : http://localhost:61002 : 1
19:21:04.922 [AsyncHttpClient-1-8] DEBUG org.asynchttpclient.netty.handler.HttpHandler - 

Request DefaultHttpRequest(decodeResult: success, version: HTTP/1.1)
POST /session/fb6b2a4866465ac443b9f30cf20a04b3/url HTTP/1.1
User-Agent: selenium/4.8.1 (java windows)
Content-Length: 80
Content-Type: application/json; charset=utf-8
host: localhost:29958
accept: */*

Response DefaultHttpResponse(decodeResult: success, version: HTTP/1.1)
HTTP/1.1 200 OK
Content-Length: 14
Content-Type: application/json; charset=utf-8
cache-control: no-cache

19:21:04.922 [AsyncHttpClient-1-8] DEBUG org.asynchttpclient.netty.channel.ChannelManager - Adding key: http://localhost:29958 for channel [id: 0xd99c0fe4, L:/127.0.0.1:61001 - R:localhost/127.0.0.1:29958]
19:21:04.923 [Forwarding setTimeout on session fb6b2a4866465ac443b9f30cf20a04b3 to remote] DEBUG org.asynchttpclient.netty.request.NettyRequestSender - Using pooled Channel '[id: 0xd99c0fe4, L:/127.0.0.1:61001 - R:localhost/127.0.0.1:29958]' for 'POST' to 'http://localhost:29958/session/fb6b2a4866465ac443b9f30cf20a04b3/timeouts'
19:21:04.923 [Forwarding setTimeout on session fb6b2a4866465ac443b9f30cf20a04b3 to remote] DEBUG org.asynchttpclient.netty.request.NettyRequestSender - Using open Channel [id: 0xd99c0fe4, L:/127.0.0.1:61001 - R:localhost/127.0.0.1:29958] for POST '/session/fb6b2a4866465ac443b9f30cf20a04b3/timeouts'
19:21:04.923 [AsyncHttpClient-1-8] DEBUG org.asynchttpclient.netty.handler.HttpHandler - 

Request DefaultHttpRequest(decodeResult: success, version: HTTP/1.1)
POST /session/fb6b2a4866465ac443b9f30cf20a04b3/timeouts HTTP/1.1
User-Agent: selenium/4.8.1 (java windows)
Content-Length: 22
Content-Type: application/json; charset=utf-8
host: localhost:29958
accept: */*

Response DefaultHttpResponse(decodeResult: success, version: HTTP/1.1)
HTTP/1.1 200 OK
Content-Length: 14
Content-Type: application/json; charset=utf-8
cache-control: no-cache

19:21:04.924 [AsyncHttpClient-1-8] DEBUG org.asynchttpclient.netty.channel.ChannelManager - Adding key: http://localhost:29958 for channel [id: 0xd99c0fe4, L:/127.0.0.1:61001 - R:localhost/127.0.0.1:29958]
19:21:04.930 [main] DEBUG net.serenitybdd.core.photography.Darkroom - Opening darkroom
19:21:04.931 [Darkroom Processing Line] DEBUG net.serenitybdd.core.photography.DarkroomProcessingLine - Darkroom processing line starting up
19:21:04.931 [Forwarding getAlertText on session fb6b2a4866465ac443b9f30cf20a04b3 to remote] DEBUG org.asynchttpclient.netty.request.NettyRequestSender - Using pooled Channel '[id: 0xd99c0fe4, L:/127.0.0.1:61001 - R:localhost/127.0.0.1:29958]' for 'GET' to 'http://localhost:29958/session/fb6b2a4866465ac443b9f30cf20a04b3/alert/text'
19:21:04.931 [Forwarding getAlertText on session fb6b2a4866465ac443b9f30cf20a04b3 to remote] DEBUG org.asynchttpclient.netty.request.NettyRequestSender - Using open Channel [id: 0xd99c0fe4, L:/127.0.0.1:61001 - R:localhost/127.0.0.1:29958] for GET '/session/fb6b2a4866465ac443b9f30cf20a04b3/alert/text'
19:21:04.933 [AsyncHttpClient-1-8] DEBUG org.asynchttpclient.netty.handler.HttpHandler - 

Request DefaultFullHttpRequest(decodeResult: success, version: HTTP/1.1, content: EmptyByteBufBE)
GET /session/fb6b2a4866465ac443b9f30cf20a04b3/alert/text HTTP/1.1
User-Agent: selenium/4.8.1 (java windows)
Cache-Control: no-cache
Content-Type: application/json; charset=utf-8
host: localhost:29958
accept: */*

Response DefaultHttpResponse(decodeResult: success, version: HTTP/1.1)
HTTP/1.1 404 Not Found
Content-Length: 847
Content-Type: application/json; charset=utf-8
cache-control: no-cache

19:21:04.934 [AsyncHttpClient-1-8] DEBUG org.asynchttpclient.netty.channel.ChannelManager - Adding key: http://localhost:29958 for channel [id: 0xd99c0fe4, L:/127.0.0.1:61001 - R:localhost/127.0.0.1:29958]
19:21:04.934 [Forwarding getCurrentUrl on session fb6b2a4866465ac443b9f30cf20a04b3 to remote] DEBUG org.asynchttpclient.netty.request.NettyRequestSender - Using pooled Channel '[id: 0xd99c0fe4, L:/127.0.0.1:61001 - R:localhost/127.0.0.1:29958]' for 'GET' to 'http://localhost:29958/session/fb6b2a4866465ac443b9f30cf20a04b3/url'
19:21:04.934 [Forwarding getCurrentUrl on session fb6b2a4866465ac443b9f30cf20a04b3 to remote] DEBUG org.asynchttpclient.netty.request.NettyRequestSender - Using open Channel [id: 0xd99c0fe4, L:/127.0.0.1:61001 - R:localhost/127.0.0.1:29958] for GET '/session/fb6b2a4866465ac443b9f30cf20a04b3/url'
19:21:04.945 [AsyncHttpClient-1-8] DEBUG org.asynchttpclient.netty.handler.HttpHandler - 

Request DefaultFullHttpRequest(decodeResult: success, version: HTTP/1.1, content: EmptyByteBufBE)
GET /session/fb6b2a4866465ac443b9f30cf20a04b3/url HTTP/1.1
User-Agent: selenium/4.8.1 (java windows)
Cache-Control: no-cache
Content-Type: application/json; charset=utf-8
host: localhost:29958
accept: */*

Response DefaultHttpResponse(decodeResult: success, version: HTTP/1.1)
HTTP/1.1 200 OK
Content-Length: 52
Content-Type: application/json; charset=utf-8
cache-control: no-cache

19:21:04.945 [AsyncHttpClient-1-8] DEBUG org.asynchttpclient.netty.channel.ChannelManager - Adding key: http://localhost:29958 for channel [id: 0xd99c0fe4, L:/127.0.0.1:61001 - R:localhost/127.0.0.1:29958]
19:21:04.946 [Forwarding screenshot on session fb6b2a4866465ac443b9f30cf20a04b3 to remote] DEBUG org.asynchttpclient.netty.request.NettyRequestSender - Using pooled Channel '[id: 0xd99c0fe4, L:/127.0.0.1:61001 - R:localhost/127.0.0.1:29958]' for 'GET' to 'http://localhost:29958/session/fb6b2a4866465ac443b9f30cf20a04b3/screenshot'
19:21:04.946 [Forwarding screenshot on session fb6b2a4866465ac443b9f30cf20a04b3 to remote] DEBUG org.asynchttpclient.netty.request.NettyRequestSender - Using open Channel [id: 0xd99c0fe4, L:/127.0.0.1:61001 - R:localhost/127.0.0.1:29958] for GET '/session/fb6b2a4866465ac443b9f30cf20a04b3/screenshot'
19:21:05.219 [AsyncHttpClient-1-8] DEBUG org.asynchttpclient.netty.handler.HttpHandler - 

Request DefaultFullHttpRequest(decodeResult: success, version: HTTP/1.1, content: EmptyByteBufBE)
GET /session/fb6b2a4866465ac443b9f30cf20a04b3/screenshot HTTP/1.1
User-Agent: selenium/4.8.1 (java windows)
Cache-Control: no-cache
Content-Type: application/json; charset=utf-8
host: localhost:29958
accept: */*

Response DefaultHttpResponse(decodeResult: success, version: HTTP/1.1)
HTTP/1.1 200 OK
Content-Length: 32168
Content-Type: application/json; charset=utf-8
cache-control: no-cache

19:21:05.219 [AsyncHttpClient-1-8] DEBUG org.asynchttpclient.netty.channel.ChannelManager - Adding key: http://localhost:29958 for channel [id: 0xd99c0fe4, L:/127.0.0.1:61001 - R:localhost/127.0.0.1:29958]
19:21:05.220 [main] DEBUG net.serenitybdd.core.photography.Darkroom - Send negative for processing for target\site\serenity\d00787a84e57ae9818ec6333fe71d83a89fc0961433dfe7832481e3dca8fda29.png
19:21:05.220 [main] DEBUG net.thucydides.core.steps.StepInterceptor - STEP DONE: openPage
19:21:05.225 [Forwarding getPageSource on session fb6b2a4866465ac443b9f30cf20a04b3 to remote] DEBUG org.asynchttpclient.netty.request.NettyRequestSender - Using pooled Channel '[id: 0xd99c0fe4, L:/127.0.0.1:61001 - R:localhost/127.0.0.1:29958]' for 'POST' to 'http://localhost:29958/session/fb6b2a4866465ac443b9f30cf20a04b3/execute/sync'
19:21:05.225 [Forwarding getPageSource on session fb6b2a4866465ac443b9f30cf20a04b3 to remote] DEBUG org.asynchttpclient.netty.request.NettyRequestSender - Using open Channel [id: 0xd99c0fe4, L:/127.0.0.1:61001 - R:localhost/127.0.0.1:29958] for POST '/session/fb6b2a4866465ac443b9f30cf20a04b3/execute/sync'
19:21:05.232 [AsyncHttpClient-1-8] DEBUG org.asynchttpclient.netty.handler.HttpHandler - 

Request DefaultHttpRequest(decodeResult: success, version: HTTP/1.1)
POST /session/fb6b2a4866465ac443b9f30cf20a04b3/execute/sync HTTP/1.1
User-Agent: selenium/4.8.1 (java windows)
Content-Length: 176
Content-Type: application/json; charset=utf-8
host: localhost:29958
accept: */*

Response DefaultHttpResponse(decodeResult: success, version: HTTP/1.1)
HTTP/1.1 200 OK
Content-Length: 21659
Content-Type: application/json; charset=utf-8
cache-control: no-cache

19:21:05.232 [AsyncHttpClient-1-8] DEBUG org.asynchttpclient.netty.channel.ChannelManager - Adding key: http://localhost:29958 for channel [id: 0xd99c0fe4, L:/127.0.0.1:61001 - R:localhost/127.0.0.1:29958]
19:21:05.234 [Forwarding getCurrentUrl on session fb6b2a4866465ac443b9f30cf20a04b3 to remote] DEBUG org.asynchttpclient.netty.request.NettyRequestSender - Using pooled Channel '[id: 0xd99c0fe4, L:/127.0.0.1:61001 - R:localhost/127.0.0.1:29958]' for 'GET' to 'http://localhost:29958/session/fb6b2a4866465ac443b9f30cf20a04b3/url'
19:21:05.234 [Forwarding getCurrentUrl on session fb6b2a4866465ac443b9f30cf20a04b3 to remote] DEBUG org.asynchttpclient.netty.request.NettyRequestSender - Using open Channel [id: 0xd99c0fe4, L:/127.0.0.1:61001 - R:localhost/127.0.0.1:29958] for GET '/session/fb6b2a4866465ac443b9f30cf20a04b3/url'
19:21:05.237 [AsyncHttpClient-1-8] DEBUG org.asynchttpclient.netty.handler.HttpHandler - 

Request DefaultFullHttpRequest(decodeResult: success, version: HTTP/1.1, content: EmptyByteBufBE)
GET /session/fb6b2a4866465ac443b9f30cf20a04b3/url HTTP/1.1
User-Agent: selenium/4.8.1 (java windows)
Cache-Control: no-cache
Content-Type: application/json; charset=utf-8
host: localhost:29958
accept: */*

Response DefaultHttpResponse(decodeResult: success, version: HTTP/1.1)
HTTP/1.1 200 OK
Content-Length: 52
Content-Type: application/json; charset=utf-8
cache-control: no-cache

19:21:05.238 [AsyncHttpClient-1-8] DEBUG org.asynchttpclient.netty.channel.ChannelManager - Adding key: http://localhost:29958 for channel [id: 0xd99c0fe4, L:/127.0.0.1:61001 - R:localhost/127.0.0.1:29958]
19:21:05.239 [main] DEBUG net.thucydides.core.steps.StepInterceptor - STARTING STEP: ProductSteps.onTheHomePage - inputEmail
19:21:05.241 [Forwarding findElement on session fb6b2a4866465ac443b9f30cf20a04b3 to remote] DEBUG org.asynchttpclient.netty.request.NettyRequestSender - Using pooled Channel '[id: 0xd99c0fe4, L:/127.0.0.1:61001 - R:localhost/127.0.0.1:29958]' for 'POST' to 'http://localhost:29958/session/fb6b2a4866465ac443b9f30cf20a04b3/element'
19:21:05.241 [Forwarding findElement on session fb6b2a4866465ac443b9f30cf20a04b3 to remote] DEBUG org.asynchttpclient.netty.request.NettyRequestSender - Using open Channel [id: 0xd99c0fe4, L:/127.0.0.1:61001 - R:localhost/127.0.0.1:29958] for POST '/session/fb6b2a4866465ac443b9f30cf20a04b3/element'
19:21:05.255 [AsyncHttpClient-1-8] DEBUG org.asynchttpclient.netty.handler.HttpHandler - 

Request DefaultHttpRequest(decodeResult: success, version: HTTP/1.1)
POST /session/fb6b2a4866465ac443b9f30cf20a04b3/element HTTP/1.1
User-Agent: selenium/4.8.1 (java windows)
Content-Length: 55
Content-Type: application/json; charset=utf-8
host: localhost:29958
accept: */*

Response DefaultHttpResponse(decodeResult: success, version: HTTP/1.1)
HTTP/1.1 200 OK
Content-Length: 94
Content-Type: application/json; charset=utf-8
cache-control: no-cache

19:21:05.255 [AsyncHttpClient-1-8] DEBUG org.asynchttpclient.netty.channel.ChannelManager - Adding key: http://localhost:29958 for channel [id: 0xd99c0fe4, L:/127.0.0.1:61001 - R:localhost/127.0.0.1:29958]
19:21:05.256 [Forwarding clearElement on session fb6b2a4866465ac443b9f30cf20a04b3 to remote] DEBUG org.asynchttpclient.netty.request.NettyRequestSender - Using pooled Channel '[id: 0xd99c0fe4, L:/127.0.0.1:61001 - R:localhost/127.0.0.1:29958]' for 'POST' to 'http://localhost:29958/session/fb6b2a4866465ac443b9f30cf20a04b3/element/BB87D9B179C0F63E384C57C728746A2F_element_5/clear'
19:21:05.256 [Forwarding clearElement on session fb6b2a4866465ac443b9f30cf20a04b3 to remote] DEBUG org.asynchttpclient.netty.request.NettyRequestSender - Using open Channel [id: 0xd99c0fe4, L:/127.0.0.1:61001 - R:localhost/127.0.0.1:29958] for POST '/session/fb6b2a4866465ac443b9f30cf20a04b3/element/BB87D9B179C0F63E384C57C728746A2F_element_5/clear'
19:21:05.291 [AsyncHttpClient-1-8] DEBUG org.asynchttpclient.netty.handler.HttpHandler - 

Request DefaultHttpRequest(decodeResult: success, version: HTTP/1.1)
POST /session/fb6b2a4866465ac443b9f30cf20a04b3/element/BB87D9B179C0F63E384C57C728746A2F_element_5/clear HTTP/1.1
User-Agent: selenium/4.8.1 (java windows)
Content-Length: 56
Content-Type: application/json; charset=utf-8
host: localhost:29958
accept: */*

Response DefaultHttpResponse(decodeResult: success, version: HTTP/1.1)
HTTP/1.1 200 OK
Content-Length: 14
Content-Type: application/json; charset=utf-8
cache-control: no-cache

19:21:05.291 [AsyncHttpClient-1-8] DEBUG org.asynchttpclient.netty.channel.ChannelManager - Adding key: http://localhost:29958 for channel [id: 0xd99c0fe4, L:/127.0.0.1:61001 - R:localhost/127.0.0.1:29958]
19:21:05.293 [Forwarding sendKeysToElement on session fb6b2a4866465ac443b9f30cf20a04b3 to remote] DEBUG org.asynchttpclient.netty.request.NettyRequestSender - Using pooled Channel '[id: 0xd99c0fe4, L:/127.0.0.1:61001 - R:localhost/127.0.0.1:29958]' for 'POST' to 'http://localhost:29958/session/fb6b2a4866465ac443b9f30cf20a04b3/element/BB87D9B179C0F63E384C57C728746A2F_element_5/value'
19:21:05.293 [Forwarding sendKeysToElement on session fb6b2a4866465ac443b9f30cf20a04b3 to remote] DEBUG org.asynchttpclient.netty.request.NettyRequestSender - Using open Channel [id: 0xd99c0fe4, L:/127.0.0.1:61001 - R:localhost/127.0.0.1:29958] for POST '/session/fb6b2a4866465ac443b9f30cf20a04b3/element/BB87D9B179C0F63E384C57C728746A2F_element_5/value'
19:21:05.402 [AsyncHttpClient-1-8] DEBUG org.asynchttpclient.netty.handler.HttpHandler - 

Request DefaultHttpRequest(decodeResult: success, version: HTTP/1.1)
POST /session/fb6b2a4866465ac443b9f30cf20a04b3/element/BB87D9B179C0F63E384C57C728746A2F_element_5/value HTTP/1.1
User-Agent: selenium/4.8.1 (java windows)
Content-Length: 247
Content-Type: application/json; charset=utf-8
host: localhost:29958
accept: */*

Response DefaultHttpResponse(decodeResult: success, version: HTTP/1.1)
HTTP/1.1 200 OK
Content-Length: 14
Content-Type: application/json; charset=utf-8
cache-control: no-cache

19:21:05.402 [AsyncHttpClient-1-8] DEBUG org.asynchttpclient.netty.channel.ChannelManager - Adding key: http://localhost:29958 for channel [id: 0xd99c0fe4, L:/127.0.0.1:61001 - R:localhost/127.0.0.1:29958]
19:21:05.408 [Forwarding getAlertText on session fb6b2a4866465ac443b9f30cf20a04b3 to remote] DEBUG org.asynchttpclient.netty.request.NettyRequestSender - Using pooled Channel '[id: 0xd99c0fe4, L:/127.0.0.1:61001 - R:localhost/127.0.0.1:29958]' for 'GET' to 'http://localhost:29958/session/fb6b2a4866465ac443b9f30cf20a04b3/alert/text'
19:21:05.408 [Forwarding getAlertText on session fb6b2a4866465ac443b9f30cf20a04b3 to remote] DEBUG org.asynchttpclient.netty.request.NettyRequestSender - Using open Channel [id: 0xd99c0fe4, L:/127.0.0.1:61001 - R:localhost/127.0.0.1:29958] for GET '/session/fb6b2a4866465ac443b9f30cf20a04b3/alert/text'
19:21:05.409 [AsyncHttpClient-1-8] DEBUG org.asynchttpclient.netty.handler.HttpHandler - 

Request DefaultFullHttpRequest(decodeResult: success, version: HTTP/1.1, content: EmptyByteBufBE)
GET /session/fb6b2a4866465ac443b9f30cf20a04b3/alert/text HTTP/1.1
User-Agent: selenium/4.8.1 (java windows)
Cache-Control: no-cache
Content-Type: application/json; charset=utf-8
host: localhost:29958
accept: */*

Response DefaultHttpResponse(decodeResult: success, version: HTTP/1.1)
HTTP/1.1 404 Not Found
Content-Length: 847
Content-Type: application/json; charset=utf-8
cache-control: no-cache

19:21:05.409 [AsyncHttpClient-1-8] DEBUG org.asynchttpclient.netty.channel.ChannelManager - Adding key: http://localhost:29958 for channel [id: 0xd99c0fe4, L:/127.0.0.1:61001 - R:localhost/127.0.0.1:29958]
19:21:05.410 [Forwarding getCurrentUrl on session fb6b2a4866465ac443b9f30cf20a04b3 to remote] DEBUG org.asynchttpclient.netty.request.NettyRequestSender - Using pooled Channel '[id: 0xd99c0fe4, L:/127.0.0.1:61001 - R:localhost/127.0.0.1:29958]' for 'GET' to 'http://localhost:29958/session/fb6b2a4866465ac443b9f30cf20a04b3/url'
19:21:05.410 [Forwarding getCurrentUrl on session fb6b2a4866465ac443b9f30cf20a04b3 to remote] DEBUG org.asynchttpclient.netty.request.NettyRequestSender - Using open Channel [id: 0xd99c0fe4, L:/127.0.0.1:61001 - R:localhost/127.0.0.1:29958] for GET '/session/fb6b2a4866465ac443b9f30cf20a04b3/url'
19:21:05.415 [AsyncHttpClient-1-8] DEBUG org.asynchttpclient.netty.handler.HttpHandler - 

Request DefaultFullHttpRequest(decodeResult: success, version: HTTP/1.1, content: EmptyByteBufBE)
GET /session/fb6b2a4866465ac443b9f30cf20a04b3/url HTTP/1.1
User-Agent: selenium/4.8.1 (java windows)
Cache-Control: no-cache
Content-Type: application/json; charset=utf-8
host: localhost:29958
accept: */*

Response DefaultHttpResponse(decodeResult: success, version: HTTP/1.1)
HTTP/1.1 200 OK
Content-Length: 52
Content-Type: application/json; charset=utf-8
cache-control: no-cache

19:21:05.415 [AsyncHttpClient-1-8] DEBUG org.asynchttpclient.netty.channel.ChannelManager - Adding key: http://localhost:29958 for channel [id: 0xd99c0fe4, L:/127.0.0.1:61001 - R:localhost/127.0.0.1:29958]
19:21:05.416 [Forwarding screenshot on session fb6b2a4866465ac443b9f30cf20a04b3 to remote] DEBUG org.asynchttpclient.netty.request.NettyRequestSender - Using pooled Channel '[id: 0xd99c0fe4, L:/127.0.0.1:61001 - R:localhost/127.0.0.1:29958]' for 'GET' to 'http://localhost:29958/session/fb6b2a4866465ac443b9f30cf20a04b3/screenshot'
19:21:05.416 [Forwarding screenshot on session fb6b2a4866465ac443b9f30cf20a04b3 to remote] DEBUG org.asynchttpclient.netty.request.NettyRequestSender - Using open Channel [id: 0xd99c0fe4, L:/127.0.0.1:61001 - R:localhost/127.0.0.1:29958] for GET '/session/fb6b2a4866465ac443b9f30cf20a04b3/screenshot'
19:21:05.543 [AsyncHttpClient-1-8] DEBUG org.asynchttpclient.netty.handler.HttpHandler - 

Request DefaultFullHttpRequest(decodeResult: success, version: HTTP/1.1, content: EmptyByteBufBE)
GET /session/fb6b2a4866465ac443b9f30cf20a04b3/screenshot HTTP/1.1
User-Agent: selenium/4.8.1 (java windows)
Cache-Control: no-cache
Content-Type: application/json; charset=utf-8
host: localhost:29958
accept: */*

Response DefaultHttpResponse(decodeResult: success, version: HTTP/1.1)
HTTP/1.1 200 OK
Content-Length: 37492
Content-Type: application/json; charset=utf-8
cache-control: no-cache

19:21:05.543 [AsyncHttpClient-1-8] DEBUG org.asynchttpclient.netty.channel.ChannelManager - Adding key: http://localhost:29958 for channel [id: 0xd99c0fe4, L:/127.0.0.1:61001 - R:localhost/127.0.0.1:29958]
19:21:05.544 [main] DEBUG net.serenitybdd.core.photography.Darkroom - Send negative for processing for target\site\serenity\113aef91ad349518588a897d5786e14ec57ac46237874bb69f405c5c27547ff8.png
19:21:05.544 [main] DEBUG net.thucydides.core.steps.StepInterceptor - STEP DONE: inputEmail
19:21:05.545 [Darkroom Processing Line] DEBUG net.serenitybdd.core.photography.DarkroomProcessingLine - Processing screenshot image in /var/screenshots/screenshot-4136992503429842575
19:21:05.545 [Darkroom Processing Line] DEBUG net.serenitybdd.core.photography.DarkroomProcessingLine - Saving screenshot to target\site\serenity\113aef91ad349518588a897d5786e14ec57ac46237874bb69f405c5c27547ff8.png
19:21:05.553 [Forwarding getPageSource on session fb6b2a4866465ac443b9f30cf20a04b3 to remote] DEBUG org.asynchttpclient.netty.request.NettyRequestSender - Using pooled Channel '[id: 0xd99c0fe4, L:/127.0.0.1:61001 - R:localhost/127.0.0.1:29958]' for 'POST' to 'http://localhost:29958/session/fb6b2a4866465ac443b9f30cf20a04b3/execute/sync'
19:21:05.553 [Forwarding getPageSource on session fb6b2a4866465ac443b9f30cf20a04b3 to remote] DEBUG org.asynchttpclient.netty.request.NettyRequestSender - Using open Channel [id: 0xd99c0fe4, L:/127.0.0.1:61001 - R:localhost/127.0.0.1:29958] for POST '/session/fb6b2a4866465ac443b9f30cf20a04b3/execute/sync'
19:21:05.561 [AsyncHttpClient-1-8] DEBUG org.asynchttpclient.netty.handler.HttpHandler - 

Request DefaultHttpRequest(decodeResult: success, version: HTTP/1.1)
POST /session/fb6b2a4866465ac443b9f30cf20a04b3/execute/sync HTTP/1.1
User-Agent: selenium/4.8.1 (java windows)
Content-Length: 176
Content-Type: application/json; charset=utf-8
host: localhost:29958
accept: */*

Response DefaultHttpResponse(decodeResult: success, version: HTTP/1.1)
HTTP/1.1 200 OK
Content-Length: 21780
Content-Type: application/json; charset=utf-8
cache-control: no-cache

19:21:05.561 [AsyncHttpClient-1-8] DEBUG org.asynchttpclient.netty.channel.ChannelManager - Adding key: http://localhost:29958 for channel [id: 0xd99c0fe4, L:/127.0.0.1:61001 - R:localhost/127.0.0.1:29958]
19:21:05.562 [Forwarding getCurrentUrl on session fb6b2a4866465ac443b9f30cf20a04b3 to remote] DEBUG org.asynchttpclient.netty.request.NettyRequestSender - Using pooled Channel '[id: 0xd99c0fe4, L:/127.0.0.1:61001 - R:localhost/127.0.0.1:29958]' for 'GET' to 'http://localhost:29958/session/fb6b2a4866465ac443b9f30cf20a04b3/url'
19:21:05.562 [Forwarding getCurrentUrl on session fb6b2a4866465ac443b9f30cf20a04b3 to remote] DEBUG org.asynchttpclient.netty.request.NettyRequestSender - Using open Channel [id: 0xd99c0fe4, L:/127.0.0.1:61001 - R:localhost/127.0.0.1:29958] for GET '/session/fb6b2a4866465ac443b9f30cf20a04b3/url'
19:21:05.565 [AsyncHttpClient-1-8] DEBUG org.asynchttpclient.netty.handler.HttpHandler - 

Request DefaultFullHttpRequest(decodeResult: success, version: HTTP/1.1, content: EmptyByteBufBE)
GET /session/fb6b2a4866465ac443b9f30cf20a04b3/url HTTP/1.1
User-Agent: selenium/4.8.1 (java windows)
Cache-Control: no-cache
Content-Type: application/json; charset=utf-8
host: localhost:29958
accept: */*

Response DefaultHttpResponse(decodeResult: success, version: HTTP/1.1)
HTTP/1.1 200 OK
Content-Length: 52
Content-Type: application/json; charset=utf-8
cache-control: no-cache

19:21:05.566 [AsyncHttpClient-1-8] DEBUG org.asynchttpclient.netty.channel.ChannelManager - Adding key: http://localhost:29958 for channel [id: 0xd99c0fe4, L:/127.0.0.1:61001 - R:localhost/127.0.0.1:29958]
19:21:05.568 [main] DEBUG net.thucydides.core.steps.StepInterceptor - STARTING STEP: ProductSteps.onTheHomePage - inputPassword
19:21:05.570 [Forwarding findElement on session fb6b2a4866465ac443b9f30cf20a04b3 to remote] DEBUG org.asynchttpclient.netty.request.NettyRequestSender - Using pooled Channel '[id: 0xd99c0fe4, L:/127.0.0.1:61001 - R:localhost/127.0.0.1:29958]' for 'POST' to 'http://localhost:29958/session/fb6b2a4866465ac443b9f30cf20a04b3/element'
19:21:05.570 [Forwarding findElement on session fb6b2a4866465ac443b9f30cf20a04b3 to remote] DEBUG org.asynchttpclient.netty.request.NettyRequestSender - Using open Channel [id: 0xd99c0fe4, L:/127.0.0.1:61001 - R:localhost/127.0.0.1:29958] for POST '/session/fb6b2a4866465ac443b9f30cf20a04b3/element'
19:21:05.583 [AsyncHttpClient-1-8] DEBUG org.asynchttpclient.netty.handler.HttpHandler - 

Request DefaultHttpRequest(decodeResult: success, version: HTTP/1.1)
POST /session/fb6b2a4866465ac443b9f30cf20a04b3/element HTTP/1.1
User-Agent: selenium/4.8.1 (java windows)
Content-Length: 55
Content-Type: application/json; charset=utf-8
host: localhost:29958
accept: */*

Response DefaultHttpResponse(decodeResult: success, version: HTTP/1.1)
HTTP/1.1 200 OK
Content-Length: 94
Content-Type: application/json; charset=utf-8
cache-control: no-cache

19:21:05.583 [AsyncHttpClient-1-8] DEBUG org.asynchttpclient.netty.channel.ChannelManager - Adding key: http://localhost:29958 for channel [id: 0xd99c0fe4, L:/127.0.0.1:61001 - R:localhost/127.0.0.1:29958]
19:21:05.584 [Forwarding clearElement on session fb6b2a4866465ac443b9f30cf20a04b3 to remote] DEBUG org.asynchttpclient.netty.request.NettyRequestSender - Using pooled Channel '[id: 0xd99c0fe4, L:/127.0.0.1:61001 - R:localhost/127.0.0.1:29958]' for 'POST' to 'http://localhost:29958/session/fb6b2a4866465ac443b9f30cf20a04b3/element/BB87D9B179C0F63E384C57C728746A2F_element_7/clear'
19:21:05.584 [Forwarding clearElement on session fb6b2a4866465ac443b9f30cf20a04b3 to remote] DEBUG org.asynchttpclient.netty.request.NettyRequestSender - Using open Channel [id: 0xd99c0fe4, L:/127.0.0.1:61001 - R:localhost/127.0.0.1:29958] for POST '/session/fb6b2a4866465ac443b9f30cf20a04b3/element/BB87D9B179C0F63E384C57C728746A2F_element_7/clear'
19:21:05.679 [AsyncHttpClient-1-8] DEBUG org.asynchttpclient.netty.handler.HttpHandler - 

Request DefaultHttpRequest(decodeResult: success, version: HTTP/1.1)
POST /session/fb6b2a4866465ac443b9f30cf20a04b3/element/BB87D9B179C0F63E384C57C728746A2F_element_7/clear HTTP/1.1
User-Agent: selenium/4.8.1 (java windows)
Content-Length: 56
Content-Type: application/json; charset=utf-8
host: localhost:29958
accept: */*

Response DefaultHttpResponse(decodeResult: success, version: HTTP/1.1)
HTTP/1.1 200 OK
Content-Length: 14
Content-Type: application/json; charset=utf-8
cache-control: no-cache

19:21:05.679 [AsyncHttpClient-1-8] DEBUG org.asynchttpclient.netty.channel.ChannelManager - Adding key: http://localhost:29958 for channel [id: 0xd99c0fe4, L:/127.0.0.1:61001 - R:localhost/127.0.0.1:29958]
19:21:05.682 [Forwarding sendKeysToElement on session fb6b2a4866465ac443b9f30cf20a04b3 to remote] DEBUG org.asynchttpclient.netty.request.NettyRequestSender - Using pooled Channel '[id: 0xd99c0fe4, L:/127.0.0.1:61001 - R:localhost/127.0.0.1:29958]' for 'POST' to 'http://localhost:29958/session/fb6b2a4866465ac443b9f30cf20a04b3/element/BB87D9B179C0F63E384C57C728746A2F_element_7/value'
19:21:05.682 [Forwarding sendKeysToElement on session fb6b2a4866465ac443b9f30cf20a04b3 to remote] DEBUG org.asynchttpclient.netty.request.NettyRequestSender - Using open Channel [id: 0xd99c0fe4, L:/127.0.0.1:61001 - R:localhost/127.0.0.1:29958] for POST '/session/fb6b2a4866465ac443b9f30cf20a04b3/element/BB87D9B179C0F63E384C57C728746A2F_element_7/value'
19:21:05.837 [AsyncHttpClient-1-8] DEBUG org.asynchttpclient.netty.handler.HttpHandler - 

Request DefaultHttpRequest(decodeResult: success, version: HTTP/1.1)
POST /session/fb6b2a4866465ac443b9f30cf20a04b3/element/BB87D9B179C0F63E384C57C728746A2F_element_7/value HTTP/1.1
User-Agent: selenium/4.8.1 (java windows)
Content-Length: 147
Content-Type: application/json; charset=utf-8
host: localhost:29958
accept: */*

Response DefaultHttpResponse(decodeResult: success, version: HTTP/1.1)
HTTP/1.1 200 OK
Content-Length: 14
Content-Type: application/json; charset=utf-8
cache-control: no-cache

19:21:05.837 [AsyncHttpClient-1-8] DEBUG org.asynchttpclient.netty.channel.ChannelManager - Adding key: http://localhost:29958 for channel [id: 0xd99c0fe4, L:/127.0.0.1:61001 - R:localhost/127.0.0.1:29958]
19:21:05.848 [Forwarding getAlertText on session fb6b2a4866465ac443b9f30cf20a04b3 to remote] DEBUG org.asynchttpclient.netty.request.NettyRequestSender - Using pooled Channel '[id: 0xd99c0fe4, L:/127.0.0.1:61001 - R:localhost/127.0.0.1:29958]' for 'GET' to 'http://localhost:29958/session/fb6b2a4866465ac443b9f30cf20a04b3/alert/text'
19:21:05.848 [Forwarding getAlertText on session fb6b2a4866465ac443b9f30cf20a04b3 to remote] DEBUG org.asynchttpclient.netty.request.NettyRequestSender - Using open Channel [id: 0xd99c0fe4, L:/127.0.0.1:61001 - R:localhost/127.0.0.1:29958] for GET '/session/fb6b2a4866465ac443b9f30cf20a04b3/alert/text'
19:21:05.851 [AsyncHttpClient-1-8] DEBUG org.asynchttpclient.netty.handler.HttpHandler - 

Request DefaultFullHttpRequest(decodeResult: success, version: HTTP/1.1, content: EmptyByteBufBE)
GET /session/fb6b2a4866465ac443b9f30cf20a04b3/alert/text HTTP/1.1
User-Agent: selenium/4.8.1 (java windows)
Cache-Control: no-cache
Content-Type: application/json; charset=utf-8
host: localhost:29958
accept: */*

Response DefaultHttpResponse(decodeResult: success, version: HTTP/1.1)
HTTP/1.1 404 Not Found
Content-Length: 847
Content-Type: application/json; charset=utf-8
cache-control: no-cache

19:21:05.851 [AsyncHttpClient-1-8] DEBUG org.asynchttpclient.netty.channel.ChannelManager - Adding key: http://localhost:29958 for channel [id: 0xd99c0fe4, L:/127.0.0.1:61001 - R:localhost/127.0.0.1:29958]
19:21:05.853 [Forwarding getCurrentUrl on session fb6b2a4866465ac443b9f30cf20a04b3 to remote] DEBUG org.asynchttpclient.netty.request.NettyRequestSender - Using pooled Channel '[id: 0xd99c0fe4, L:/127.0.0.1:61001 - R:localhost/127.0.0.1:29958]' for 'GET' to 'http://localhost:29958/session/fb6b2a4866465ac443b9f30cf20a04b3/url'
19:21:05.853 [Forwarding getCurrentUrl on session fb6b2a4866465ac443b9f30cf20a04b3 to remote] DEBUG org.asynchttpclient.netty.request.NettyRequestSender - Using open Channel [id: 0xd99c0fe4, L:/127.0.0.1:61001 - R:localhost/127.0.0.1:29958] for GET '/session/fb6b2a4866465ac443b9f30cf20a04b3/url'
19:21:05.863 [AsyncHttpClient-1-8] DEBUG org.asynchttpclient.netty.handler.HttpHandler - 

Request DefaultFullHttpRequest(decodeResult: success, version: HTTP/1.1, content: EmptyByteBufBE)
GET /session/fb6b2a4866465ac443b9f30cf20a04b3/url HTTP/1.1
User-Agent: selenium/4.8.1 (java windows)
Cache-Control: no-cache
Content-Type: application/json; charset=utf-8
host: localhost:29958
accept: */*

Response DefaultHttpResponse(decodeResult: success, version: HTTP/1.1)
HTTP/1.1 200 OK
Content-Length: 52
Content-Type: application/json; charset=utf-8
cache-control: no-cache

19:21:05.863 [AsyncHttpClient-1-8] DEBUG org.asynchttpclient.netty.channel.ChannelManager - Adding key: http://localhost:29958 for channel [id: 0xd99c0fe4, L:/127.0.0.1:61001 - R:localhost/127.0.0.1:29958]
19:21:05.864 [Forwarding screenshot on session fb6b2a4866465ac443b9f30cf20a04b3 to remote] DEBUG org.asynchttpclient.netty.request.NettyRequestSender - Using pooled Channel '[id: 0xd99c0fe4, L:/127.0.0.1:61001 - R:localhost/127.0.0.1:29958]' for 'GET' to 'http://localhost:29958/session/fb6b2a4866465ac443b9f30cf20a04b3/screenshot'
19:21:05.864 [Forwarding screenshot on session fb6b2a4866465ac443b9f30cf20a04b3 to remote] DEBUG org.asynchttpclient.netty.request.NettyRequestSender - Using open Channel [id: 0xd99c0fe4, L:/127.0.0.1:61001 - R:localhost/127.0.0.1:29958] for GET '/session/fb6b2a4866465ac443b9f30cf20a04b3/screenshot'
19:21:05.997 [AsyncHttpClient-1-1] DEBUG org.asynchttpclient.netty.channel.DefaultChannelPool - Entry count for : http://localhost:61002 : 1
19:21:06.056 [AsyncHttpClient-1-8] DEBUG org.asynchttpclient.netty.handler.HttpHandler - 

Request DefaultFullHttpRequest(decodeResult: success, version: HTTP/1.1, content: EmptyByteBufBE)
GET /session/fb6b2a4866465ac443b9f30cf20a04b3/screenshot HTTP/1.1
User-Agent: selenium/4.8.1 (java windows)
Cache-Control: no-cache
Content-Type: application/json; charset=utf-8
host: localhost:29958
accept: */*

Response DefaultHttpResponse(decodeResult: success, version: HTTP/1.1)
HTTP/1.1 200 OK
Content-Length: 39312
Content-Type: application/json; charset=utf-8
cache-control: no-cache

19:21:06.056 [AsyncHttpClient-1-8] DEBUG org.asynchttpclient.netty.channel.ChannelManager - Adding key: http://localhost:29958 for channel [id: 0xd99c0fe4, L:/127.0.0.1:61001 - R:localhost/127.0.0.1:29958]
19:21:06.058 [main] DEBUG net.serenitybdd.core.photography.Darkroom - Send negative for processing for target\site\serenity\5882eb80a14536ffe8f778b703df0d7d67bd9a6e972ea55f7d738f9bef640772.png
19:21:06.058 [main] DEBUG net.thucydides.core.steps.StepInterceptor - STEP DONE: inputPassword
19:21:06.058 [Darkroom Processing Line] DEBUG net.serenitybdd.core.photography.DarkroomProcessingLine - Processing screenshot image in /var/screenshots/screenshot-11324539518609612747
19:21:06.058 [Darkroom Processing Line] DEBUG net.serenitybdd.core.photography.DarkroomProcessingLine - Saving screenshot to target\site\serenity\5882eb80a14536ffe8f778b703df0d7d67bd9a6e972ea55f7d738f9bef640772.png
19:21:06.066 [Forwarding getPageSource on session fb6b2a4866465ac443b9f30cf20a04b3 to remote] DEBUG org.asynchttpclient.netty.request.NettyRequestSender - Using pooled Channel '[id: 0xd99c0fe4, L:/127.0.0.1:61001 - R:localhost/127.0.0.1:29958]' for 'POST' to 'http://localhost:29958/session/fb6b2a4866465ac443b9f30cf20a04b3/execute/sync'
19:21:06.066 [Forwarding getPageSource on session fb6b2a4866465ac443b9f30cf20a04b3 to remote] DEBUG org.asynchttpclient.netty.request.NettyRequestSender - Using open Channel [id: 0xd99c0fe4, L:/127.0.0.1:61001 - R:localhost/127.0.0.1:29958] for POST '/session/fb6b2a4866465ac443b9f30cf20a04b3/execute/sync'
19:21:06.074 [AsyncHttpClient-1-8] DEBUG org.asynchttpclient.netty.handler.HttpHandler - 

Request DefaultHttpRequest(decodeResult: success, version: HTTP/1.1)
POST /session/fb6b2a4866465ac443b9f30cf20a04b3/execute/sync HTTP/1.1
User-Agent: selenium/4.8.1 (java windows)
Content-Length: 176
Content-Type: application/json; charset=utf-8
host: localhost:29958
accept: */*

Response DefaultHttpResponse(decodeResult: success, version: HTTP/1.1)
HTTP/1.1 200 OK
Content-Length: 21839
Content-Type: application/json; charset=utf-8
cache-control: no-cache

19:21:06.074 [AsyncHttpClient-1-8] DEBUG org.asynchttpclient.netty.channel.ChannelManager - Adding key: http://localhost:29958 for channel [id: 0xd99c0fe4, L:/127.0.0.1:61001 - R:localhost/127.0.0.1:29958]
19:21:06.076 [Forwarding getCurrentUrl on session fb6b2a4866465ac443b9f30cf20a04b3 to remote] DEBUG org.asynchttpclient.netty.request.NettyRequestSender - Using pooled Channel '[id: 0xd99c0fe4, L:/127.0.0.1:61001 - R:localhost/127.0.0.1:29958]' for 'GET' to 'http://localhost:29958/session/fb6b2a4866465ac443b9f30cf20a04b3/url'
19:21:06.076 [Forwarding getCurrentUrl on session fb6b2a4866465ac443b9f30cf20a04b3 to remote] DEBUG org.asynchttpclient.netty.request.NettyRequestSender - Using open Channel [id: 0xd99c0fe4, L:/127.0.0.1:61001 - R:localhost/127.0.0.1:29958] for GET '/session/fb6b2a4866465ac443b9f30cf20a04b3/url'
19:21:06.082 [AsyncHttpClient-1-8] DEBUG org.asynchttpclient.netty.handler.HttpHandler - 

Request DefaultFullHttpRequest(decodeResult: success, version: HTTP/1.1, content: EmptyByteBufBE)
GET /session/fb6b2a4866465ac443b9f30cf20a04b3/url HTTP/1.1
User-Agent: selenium/4.8.1 (java windows)
Cache-Control: no-cache
Content-Type: application/json; charset=utf-8
host: localhost:29958
accept: */*

Response DefaultHttpResponse(decodeResult: success, version: HTTP/1.1)
HTTP/1.1 200 OK
Content-Length: 52
Content-Type: application/json; charset=utf-8
cache-control: no-cache

19:21:06.083 [AsyncHttpClient-1-8] DEBUG org.asynchttpclient.netty.channel.ChannelManager - Adding key: http://localhost:29958 for channel [id: 0xd99c0fe4, L:/127.0.0.1:61001 - R:localhost/127.0.0.1:29958]
19:21:06.085 [main] DEBUG net.thucydides.core.steps.StepInterceptor - STARTING STEP: ProductSteps.onTheHomePage - clickLoginButton
19:21:06.089 [Forwarding findElement on session fb6b2a4866465ac443b9f30cf20a04b3 to remote] DEBUG org.asynchttpclient.netty.request.NettyRequestSender - Using pooled Channel '[id: 0xd99c0fe4, L:/127.0.0.1:61001 - R:localhost/127.0.0.1:29958]' for 'POST' to 'http://localhost:29958/session/fb6b2a4866465ac443b9f30cf20a04b3/element'
19:21:06.089 [Forwarding findElement on session fb6b2a4866465ac443b9f30cf20a04b3 to remote] DEBUG org.asynchttpclient.netty.request.NettyRequestSender - Using open Channel [id: 0xd99c0fe4, L:/127.0.0.1:61001 - R:localhost/127.0.0.1:29958] for POST '/session/fb6b2a4866465ac443b9f30cf20a04b3/element'
19:21:06.106 [AsyncHttpClient-1-8] DEBUG org.asynchttpclient.netty.handler.HttpHandler - 

Request DefaultHttpRequest(decodeResult: success, version: HTTP/1.1)
POST /session/fb6b2a4866465ac443b9f30cf20a04b3/element HTTP/1.1
User-Agent: selenium/4.8.1 (java windows)
Content-Length: 71
Content-Type: application/json; charset=utf-8
host: localhost:29958
accept: */*

Response DefaultHttpResponse(decodeResult: success, version: HTTP/1.1)
HTTP/1.1 200 OK
Content-Length: 94
Content-Type: application/json; charset=utf-8
cache-control: no-cache

19:21:06.106 [AsyncHttpClient-1-8] DEBUG org.asynchttpclient.netty.channel.ChannelManager - Adding key: http://localhost:29958 for channel [id: 0xd99c0fe4, L:/127.0.0.1:61001 - R:localhost/127.0.0.1:29958]
19:21:06.108 [Forwarding getElementTagName on session fb6b2a4866465ac443b9f30cf20a04b3 to remote] DEBUG org.asynchttpclient.netty.request.NettyRequestSender - Using pooled Channel '[id: 0xd99c0fe4, L:/127.0.0.1:61001 - R:localhost/127.0.0.1:29958]' for 'GET' to 'http://localhost:29958/session/fb6b2a4866465ac443b9f30cf20a04b3/element/BB87D9B179C0F63E384C57C728746A2F_element_8/name'
19:21:06.108 [Forwarding getElementTagName on session fb6b2a4866465ac443b9f30cf20a04b3 to remote] DEBUG org.asynchttpclient.netty.request.NettyRequestSender - Using open Channel [id: 0xd99c0fe4, L:/127.0.0.1:61001 - R:localhost/127.0.0.1:29958] for GET '/session/fb6b2a4866465ac443b9f30cf20a04b3/element/BB87D9B179C0F63E384C57C728746A2F_element_8/name'
19:21:06.114 [AsyncHttpClient-1-8] DEBUG org.asynchttpclient.netty.handler.HttpHandler - 

Request DefaultFullHttpRequest(decodeResult: success, version: HTTP/1.1, content: EmptyByteBufBE)
GET /session/fb6b2a4866465ac443b9f30cf20a04b3/element/BB87D9B179C0F63E384C57C728746A2F_element_8/name HTTP/1.1
User-Agent: selenium/4.8.1 (java windows)
Cache-Control: no-cache
Content-Type: application/json; charset=utf-8
host: localhost:29958
accept: */*

Response DefaultHttpResponse(decodeResult: success, version: HTTP/1.1)
HTTP/1.1 200 OK
Content-Length: 18
Content-Type: application/json; charset=utf-8
cache-control: no-cache

19:21:06.115 [AsyncHttpClient-1-8] DEBUG org.asynchttpclient.netty.channel.ChannelManager - Adding key: http://localhost:29958 for channel [id: 0xd99c0fe4, L:/127.0.0.1:61001 - R:localhost/127.0.0.1:29958]
19:21:06.115 [Forwarding getElementTagName on session fb6b2a4866465ac443b9f30cf20a04b3 to remote] DEBUG org.asynchttpclient.netty.request.NettyRequestSender - Using pooled Channel '[id: 0xd99c0fe4, L:/127.0.0.1:61001 - R:localhost/127.0.0.1:29958]' for 'GET' to 'http://localhost:29958/session/fb6b2a4866465ac443b9f30cf20a04b3/element/BB87D9B179C0F63E384C57C728746A2F_element_8/name'
19:21:06.115 [Forwarding getElementTagName on session fb6b2a4866465ac443b9f30cf20a04b3 to remote] DEBUG org.asynchttpclient.netty.request.NettyRequestSender - Using open Channel [id: 0xd99c0fe4, L:/127.0.0.1:61001 - R:localhost/127.0.0.1:29958] for GET '/session/fb6b2a4866465ac443b9f30cf20a04b3/element/BB87D9B179C0F63E384C57C728746A2F_element_8/name'
19:21:06.120 [AsyncHttpClient-1-8] DEBUG org.asynchttpclient.netty.handler.HttpHandler - 

Request DefaultFullHttpRequest(decodeResult: success, version: HTTP/1.1, content: EmptyByteBufBE)
GET /session/fb6b2a4866465ac443b9f30cf20a04b3/element/BB87D9B179C0F63E384C57C728746A2F_element_8/name HTTP/1.1
User-Agent: selenium/4.8.1 (java windows)
Cache-Control: no-cache
Content-Type: application/json; charset=utf-8
host: localhost:29958
accept: */*

Response DefaultHttpResponse(decodeResult: success, version: HTTP/1.1)
HTTP/1.1 200 OK
Content-Length: 18
Content-Type: application/json; charset=utf-8
cache-control: no-cache

19:21:06.120 [AsyncHttpClient-1-8] DEBUG org.asynchttpclient.netty.channel.ChannelManager - Adding key: http://localhost:29958 for channel [id: 0xd99c0fe4, L:/127.0.0.1:61001 - R:localhost/127.0.0.1:29958]
19:21:06.122 [Forwarding isElementEnabled on session fb6b2a4866465ac443b9f30cf20a04b3 to remote] DEBUG org.asynchttpclient.netty.request.NettyRequestSender - Using pooled Channel '[id: 0xd99c0fe4, L:/127.0.0.1:61001 - R:localhost/127.0.0.1:29958]' for 'GET' to 'http://localhost:29958/session/fb6b2a4866465ac443b9f30cf20a04b3/element/BB87D9B179C0F63E384C57C728746A2F_element_8/enabled'
19:21:06.122 [Forwarding isElementEnabled on session fb6b2a4866465ac443b9f30cf20a04b3 to remote] DEBUG org.asynchttpclient.netty.request.NettyRequestSender - Using open Channel [id: 0xd99c0fe4, L:/127.0.0.1:61001 - R:localhost/127.0.0.1:29958] for GET '/session/fb6b2a4866465ac443b9f30cf20a04b3/element/BB87D9B179C0F63E384C57C728746A2F_element_8/enabled'
19:21:06.131 [AsyncHttpClient-1-8] DEBUG org.asynchttpclient.netty.handler.HttpHandler - 

Request DefaultFullHttpRequest(decodeResult: success, version: HTTP/1.1, content: EmptyByteBufBE)
GET /session/fb6b2a4866465ac443b9f30cf20a04b3/element/BB87D9B179C0F63E384C57C728746A2F_element_8/enabled HTTP/1.1
User-Agent: selenium/4.8.1 (java windows)
Cache-Control: no-cache
Content-Type: application/json; charset=utf-8
host: localhost:29958
accept: */*

Response DefaultHttpResponse(decodeResult: success, version: HTTP/1.1)
HTTP/1.1 200 OK
Content-Length: 14
Content-Type: application/json; charset=utf-8
cache-control: no-cache

19:21:06.131 [AsyncHttpClient-1-8] DEBUG org.asynchttpclient.netty.channel.ChannelManager - Adding key: http://localhost:29958 for channel [id: 0xd99c0fe4, L:/127.0.0.1:61001 - R:localhost/127.0.0.1:29958]
19:21:06.132 [Forwarding isElementEnabled on session fb6b2a4866465ac443b9f30cf20a04b3 to remote] DEBUG org.asynchttpclient.netty.request.NettyRequestSender - Using pooled Channel '[id: 0xd99c0fe4, L:/127.0.0.1:61001 - R:localhost/127.0.0.1:29958]' for 'GET' to 'http://localhost:29958/session/fb6b2a4866465ac443b9f30cf20a04b3/element/BB87D9B179C0F63E384C57C728746A2F_element_8/enabled'
19:21:06.132 [Forwarding isElementEnabled on session fb6b2a4866465ac443b9f30cf20a04b3 to remote] DEBUG org.asynchttpclient.netty.request.NettyRequestSender - Using open Channel [id: 0xd99c0fe4, L:/127.0.0.1:61001 - R:localhost/127.0.0.1:29958] for GET '/session/fb6b2a4866465ac443b9f30cf20a04b3/element/BB87D9B179C0F63E384C57C728746A2F_element_8/enabled'
19:21:06.142 [AsyncHttpClient-1-8] DEBUG org.asynchttpclient.netty.handler.HttpHandler - 

Request DefaultFullHttpRequest(decodeResult: success, version: HTTP/1.1, content: EmptyByteBufBE)
GET /session/fb6b2a4866465ac443b9f30cf20a04b3/element/BB87D9B179C0F63E384C57C728746A2F_element_8/enabled HTTP/1.1
User-Agent: selenium/4.8.1 (java windows)
Cache-Control: no-cache
Content-Type: application/json; charset=utf-8
host: localhost:29958
accept: */*

Response DefaultHttpResponse(decodeResult: success, version: HTTP/1.1)
HTTP/1.1 200 OK
Content-Length: 14
Content-Type: application/json; charset=utf-8
cache-control: no-cache

19:21:06.143 [AsyncHttpClient-1-8] DEBUG org.asynchttpclient.netty.channel.ChannelManager - Adding key: http://localhost:29958 for channel [id: 0xd99c0fe4, L:/127.0.0.1:61001 - R:localhost/127.0.0.1:29958]
19:21:06.145 [Forwarding findElement on session fb6b2a4866465ac443b9f30cf20a04b3 to remote] DEBUG org.asynchttpclient.netty.request.NettyRequestSender - Using pooled Channel '[id: 0xd99c0fe4, L:/127.0.0.1:61001 - R:localhost/127.0.0.1:29958]' for 'POST' to 'http://localhost:29958/session/fb6b2a4866465ac443b9f30cf20a04b3/element'
19:21:06.145 [Forwarding findElement on session fb6b2a4866465ac443b9f30cf20a04b3 to remote] DEBUG org.asynchttpclient.netty.request.NettyRequestSender - Using open Channel [id: 0xd99c0fe4, L:/127.0.0.1:61001 - R:localhost/127.0.0.1:29958] for POST '/session/fb6b2a4866465ac443b9f30cf20a04b3/element'
19:21:06.154 [AsyncHttpClient-1-8] DEBUG org.asynchttpclient.netty.handler.HttpHandler - 

Request DefaultHttpRequest(decodeResult: success, version: HTTP/1.1)
POST /session/fb6b2a4866465ac443b9f30cf20a04b3/element HTTP/1.1
User-Agent: selenium/4.8.1 (java windows)
Content-Length: 71
Content-Type: application/json; charset=utf-8
host: localhost:29958
accept: */*

Response DefaultHttpResponse(decodeResult: success, version: HTTP/1.1)
HTTP/1.1 200 OK
Content-Length: 94
Content-Type: application/json; charset=utf-8
cache-control: no-cache

19:21:06.154 [AsyncHttpClient-1-8] DEBUG org.asynchttpclient.netty.channel.ChannelManager - Adding key: http://localhost:29958 for channel [id: 0xd99c0fe4, L:/127.0.0.1:61001 - R:localhost/127.0.0.1:29958]
19:21:06.154 [Forwarding clickElement on session fb6b2a4866465ac443b9f30cf20a04b3 to remote] DEBUG org.asynchttpclient.netty.request.NettyRequestSender - Using pooled Channel '[id: 0xd99c0fe4, L:/127.0.0.1:61001 - R:localhost/127.0.0.1:29958]' for 'POST' to 'http://localhost:29958/session/fb6b2a4866465ac443b9f30cf20a04b3/element/BB87D9B179C0F63E384C57C728746A2F_element_8/click'
19:21:06.154 [Forwarding clickElement on session fb6b2a4866465ac443b9f30cf20a04b3 to remote] DEBUG org.asynchttpclient.netty.request.NettyRequestSender - Using open Channel [id: 0xd99c0fe4, L:/127.0.0.1:61001 - R:localhost/127.0.0.1:29958] for POST '/session/fb6b2a4866465ac443b9f30cf20a04b3/element/BB87D9B179C0F63E384C57C728746A2F_element_8/click'
19:21:06.201 [AsyncHttpClient-1-8] DEBUG org.asynchttpclient.netty.handler.HttpHandler - 

Request DefaultHttpRequest(decodeResult: success, version: HTTP/1.1)
POST /session/fb6b2a4866465ac443b9f30cf20a04b3/element/BB87D9B179C0F63E384C57C728746A2F_element_8/click HTTP/1.1
User-Agent: selenium/4.8.1 (java windows)
Content-Length: 56
Content-Type: application/json; charset=utf-8
host: localhost:29958
accept: */*

Response DefaultHttpResponse(decodeResult: success, version: HTTP/1.1)
HTTP/1.1 200 OK
Content-Length: 14
Content-Type: application/json; charset=utf-8
cache-control: no-cache

19:21:06.201 [AsyncHttpClient-1-8] DEBUG org.asynchttpclient.netty.channel.ChannelManager - Adding key: http://localhost:29958 for channel [id: 0xd99c0fe4, L:/127.0.0.1:61001 - R:localhost/127.0.0.1:29958]
19:21:06.206 [Forwarding getAlertText on session fb6b2a4866465ac443b9f30cf20a04b3 to remote] DEBUG org.asynchttpclient.netty.request.NettyRequestSender - Using pooled Channel '[id: 0xd99c0fe4, L:/127.0.0.1:61001 - R:localhost/127.0.0.1:29958]' for 'GET' to 'http://localhost:29958/session/fb6b2a4866465ac443b9f30cf20a04b3/alert/text'
19:21:06.206 [Forwarding getAlertText on session fb6b2a4866465ac443b9f30cf20a04b3 to remote] DEBUG org.asynchttpclient.netty.request.NettyRequestSender - Using open Channel [id: 0xd99c0fe4, L:/127.0.0.1:61001 - R:localhost/127.0.0.1:29958] for GET '/session/fb6b2a4866465ac443b9f30cf20a04b3/alert/text'
19:21:06.207 [AsyncHttpClient-1-8] DEBUG org.asynchttpclient.netty.handler.HttpHandler - 

Request DefaultFullHttpRequest(decodeResult: success, version: HTTP/1.1, content: EmptyByteBufBE)
GET /session/fb6b2a4866465ac443b9f30cf20a04b3/alert/text HTTP/1.1
User-Agent: selenium/4.8.1 (java windows)
Cache-Control: no-cache
Content-Type: application/json; charset=utf-8
host: localhost:29958
accept: */*

Response DefaultHttpResponse(decodeResult: success, version: HTTP/1.1)
HTTP/1.1 404 Not Found
Content-Length: 847
Content-Type: application/json; charset=utf-8
cache-control: no-cache

19:21:06.207 [AsyncHttpClient-1-8] DEBUG org.asynchttpclient.netty.channel.ChannelManager - Adding key: http://localhost:29958 for channel [id: 0xd99c0fe4, L:/127.0.0.1:61001 - R:localhost/127.0.0.1:29958]
19:21:06.208 [Forwarding getCurrentUrl on session fb6b2a4866465ac443b9f30cf20a04b3 to remote] DEBUG org.asynchttpclient.netty.request.NettyRequestSender - Using pooled Channel '[id: 0xd99c0fe4, L:/127.0.0.1:61001 - R:localhost/127.0.0.1:29958]' for 'GET' to 'http://localhost:29958/session/fb6b2a4866465ac443b9f30cf20a04b3/url'
19:21:06.208 [Forwarding getCurrentUrl on session fb6b2a4866465ac443b9f30cf20a04b3 to remote] DEBUG org.asynchttpclient.netty.request.NettyRequestSender - Using open Channel [id: 0xd99c0fe4, L:/127.0.0.1:61001 - R:localhost/127.0.0.1:29958] for GET '/session/fb6b2a4866465ac443b9f30cf20a04b3/url'
19:21:06.215 [AsyncHttpClient-1-8] DEBUG org.asynchttpclient.netty.handler.HttpHandler - 

Request DefaultFullHttpRequest(decodeResult: success, version: HTTP/1.1, content: EmptyByteBufBE)
GET /session/fb6b2a4866465ac443b9f30cf20a04b3/url HTTP/1.1
User-Agent: selenium/4.8.1 (java windows)
Cache-Control: no-cache
Content-Type: application/json; charset=utf-8
host: localhost:29958
accept: */*

Response DefaultHttpResponse(decodeResult: success, version: HTTP/1.1)
HTTP/1.1 200 OK
Content-Length: 52
Content-Type: application/json; charset=utf-8
cache-control: no-cache

19:21:06.215 [AsyncHttpClient-1-8] DEBUG org.asynchttpclient.netty.channel.ChannelManager - Adding key: http://localhost:29958 for channel [id: 0xd99c0fe4, L:/127.0.0.1:61001 - R:localhost/127.0.0.1:29958]
19:21:06.216 [Forwarding screenshot on session fb6b2a4866465ac443b9f30cf20a04b3 to remote] DEBUG org.asynchttpclient.netty.request.NettyRequestSender - Using pooled Channel '[id: 0xd99c0fe4, L:/127.0.0.1:61001 - R:localhost/127.0.0.1:29958]' for 'GET' to 'http://localhost:29958/session/fb6b2a4866465ac443b9f30cf20a04b3/screenshot'
19:21:06.216 [Forwarding screenshot on session fb6b2a4866465ac443b9f30cf20a04b3 to remote] DEBUG org.asynchttpclient.netty.request.NettyRequestSender - Using open Channel [id: 0xd99c0fe4, L:/127.0.0.1:61001 - R:localhost/127.0.0.1:29958] for GET '/session/fb6b2a4866465ac443b9f30cf20a04b3/screenshot'
19:21:06.425 [AsyncHttpClient-1-8] DEBUG org.asynchttpclient.netty.handler.HttpHandler - 

Request DefaultFullHttpRequest(decodeResult: success, version: HTTP/1.1, content: EmptyByteBufBE)
GET /session/fb6b2a4866465ac443b9f30cf20a04b3/screenshot HTTP/1.1
User-Agent: selenium/4.8.1 (java windows)
Cache-Control: no-cache
Content-Type: application/json; charset=utf-8
host: localhost:29958
accept: */*

Response DefaultHttpResponse(decodeResult: success, version: HTTP/1.1)
HTTP/1.1 200 OK
Content-Length: 38540
Content-Type: application/json; charset=utf-8
cache-control: no-cache

19:21:06.425 [AsyncHttpClient-1-8] DEBUG org.asynchttpclient.netty.channel.ChannelManager - Adding key: http://localhost:29958 for channel [id: 0xd99c0fe4, L:/127.0.0.1:61001 - R:localhost/127.0.0.1:29958]
19:21:06.426 [main] DEBUG net.serenitybdd.core.photography.Darkroom - Send negative for processing for target\site\serenity\15c49fa88848d336b8251ab321ebd23e4fc06feb557ad26d03608188d8a40644.png
19:21:06.426 [main] DEBUG net.thucydides.core.steps.StepInterceptor - STEP DONE: clickLoginButton
19:21:06.426 [Darkroom Processing Line] DEBUG net.serenitybdd.core.photography.DarkroomProcessingLine - Processing screenshot image in /var/screenshots/screenshot-15381228696792898453
19:21:06.426 [Darkroom Processing Line] DEBUG net.serenitybdd.core.photography.DarkroomProcessingLine - Saving screenshot to target\site\serenity\15c49fa88848d336b8251ab321ebd23e4fc06feb557ad26d03608188d8a40644.png
19:21:06.436 [Forwarding getPageSource on session fb6b2a4866465ac443b9f30cf20a04b3 to remote] DEBUG org.asynchttpclient.netty.request.NettyRequestSender - Using pooled Channel '[id: 0xd99c0fe4, L:/127.0.0.1:61001 - R:localhost/127.0.0.1:29958]' for 'POST' to 'http://localhost:29958/session/fb6b2a4866465ac443b9f30cf20a04b3/execute/sync'
19:21:06.437 [Forwarding getPageSource on session fb6b2a4866465ac443b9f30cf20a04b3 to remote] DEBUG org.asynchttpclient.netty.request.NettyRequestSender - Using open Channel [id: 0xd99c0fe4, L:/127.0.0.1:61001 - R:localhost/127.0.0.1:29958] for POST '/session/fb6b2a4866465ac443b9f30cf20a04b3/execute/sync'
19:21:06.445 [AsyncHttpClient-1-8] DEBUG org.asynchttpclient.netty.handler.HttpHandler - 

Request DefaultHttpRequest(decodeResult: success, version: HTTP/1.1)
POST /session/fb6b2a4866465ac443b9f30cf20a04b3/execute/sync HTTP/1.1
User-Agent: selenium/4.8.1 (java windows)
Content-Length: 176
Content-Type: application/json; charset=utf-8
host: localhost:29958
accept: */*

Response DefaultHttpResponse(decodeResult: success, version: HTTP/1.1)
HTTP/1.1 200 OK
Content-Length: 28798
Content-Type: application/json; charset=utf-8
cache-control: no-cache

19:21:06.445 [AsyncHttpClient-1-8] DEBUG org.asynchttpclient.netty.channel.ChannelManager - Adding key: http://localhost:29958 for channel [id: 0xd99c0fe4, L:/127.0.0.1:61001 - R:localhost/127.0.0.1:29958]
19:21:06.449 [Forwarding getCurrentUrl on session fb6b2a4866465ac443b9f30cf20a04b3 to remote] DEBUG org.asynchttpclient.netty.request.NettyRequestSender - Using pooled Channel '[id: 0xd99c0fe4, L:/127.0.0.1:61001 - R:localhost/127.0.0.1:29958]' for 'GET' to 'http://localhost:29958/session/fb6b2a4866465ac443b9f30cf20a04b3/url'
19:21:06.449 [Forwarding getCurrentUrl on session fb6b2a4866465ac443b9f30cf20a04b3 to remote] DEBUG org.asynchttpclient.netty.request.NettyRequestSender - Using open Channel [id: 0xd99c0fe4, L:/127.0.0.1:61001 - R:localhost/127.0.0.1:29958] for GET '/session/fb6b2a4866465ac443b9f30cf20a04b3/url'
19:21:06.453 [AsyncHttpClient-1-8] DEBUG org.asynchttpclient.netty.handler.HttpHandler - 

Request DefaultFullHttpRequest(decodeResult: success, version: HTTP/1.1, content: EmptyByteBufBE)
GET /session/fb6b2a4866465ac443b9f30cf20a04b3/url HTTP/1.1
User-Agent: selenium/4.8.1 (java windows)
Cache-Control: no-cache
Content-Type: application/json; charset=utf-8
host: localhost:29958
accept: */*

Response DefaultHttpResponse(decodeResult: success, version: HTTP/1.1)
HTTP/1.1 200 OK
Content-Length: 41
Content-Type: application/json; charset=utf-8
cache-control: no-cache

19:21:06.453 [AsyncHttpClient-1-8] DEBUG org.asynchttpclient.netty.channel.ChannelManager - Adding key: http://localhost:29958 for channel [id: 0xd99c0fe4, L:/127.0.0.1:61001 - R:localhost/127.0.0.1:29958]
19:21:06.455 [main] DEBUG net.thucydides.core.steps.StepInterceptor - STARTING STEP: ProductSteps.onTheHomePage - validateOnHomePage
19:21:06.457 [Forwarding findElement on session fb6b2a4866465ac443b9f30cf20a04b3 to remote] DEBUG org.asynchttpclient.netty.request.NettyRequestSender - Using pooled Channel '[id: 0xd99c0fe4, L:/127.0.0.1:61001 - R:localhost/127.0.0.1:29958]' for 'POST' to 'http://localhost:29958/session/fb6b2a4866465ac443b9f30cf20a04b3/element'
19:21:06.457 [Forwarding findElement on session fb6b2a4866465ac443b9f30cf20a04b3 to remote] DEBUG org.asynchttpclient.netty.request.NettyRequestSender - Using open Channel [id: 0xd99c0fe4, L:/127.0.0.1:61001 - R:localhost/127.0.0.1:29958] for POST '/session/fb6b2a4866465ac443b9f30cf20a04b3/element'
19:21:06.470 [AsyncHttpClient-1-8] DEBUG org.asynchttpclient.netty.handler.HttpHandler - 

Request DefaultHttpRequest(decodeResult: success, version: HTTP/1.1)
POST /session/fb6b2a4866465ac443b9f30cf20a04b3/element HTTP/1.1
User-Agent: selenium/4.8.1 (java windows)
Content-Length: 54
Content-Type: application/json; charset=utf-8
host: localhost:29958
accept: */*

Response DefaultHttpResponse(decodeResult: success, version: HTTP/1.1)
HTTP/1.1 200 OK
Content-Length: 94
Content-Type: application/json; charset=utf-8
cache-control: no-cache

19:21:06.471 [AsyncHttpClient-1-8] DEBUG org.asynchttpclient.netty.channel.ChannelManager - Adding key: http://localhost:29958 for channel [id: 0xd99c0fe4, L:/127.0.0.1:61001 - R:localhost/127.0.0.1:29958]
19:21:06.473 [Forwarding isElementDisplayed on session fb6b2a4866465ac443b9f30cf20a04b3 to remote] DEBUG org.asynchttpclient.netty.request.NettyRequestSender - Using pooled Channel '[id: 0xd99c0fe4, L:/127.0.0.1:61001 - R:localhost/127.0.0.1:29958]' for 'POST' to 'http://localhost:29958/session/fb6b2a4866465ac443b9f30cf20a04b3/execute/sync'
19:21:06.473 [Forwarding isElementDisplayed on session fb6b2a4866465ac443b9f30cf20a04b3 to remote] DEBUG org.asynchttpclient.netty.request.NettyRequestSender - Using open Channel [id: 0xd99c0fe4, L:/127.0.0.1:61001 - R:localhost/127.0.0.1:29958] for POST '/session/fb6b2a4866465ac443b9f30cf20a04b3/execute/sync'
19:21:06.491 [AsyncHttpClient-1-8] DEBUG org.asynchttpclient.netty.handler.HttpHandler - 

Request DefaultHttpRequest(decodeResult: success, version: HTTP/1.1)
POST /session/fb6b2a4866465ac443b9f30cf20a04b3/execute/sync HTTP/1.1
User-Agent: selenium/4.8.1 (java windows)
Content-Length: 48813
Content-Type: application/json; charset=utf-8
host: localhost:29958
accept: */*

Response DefaultHttpResponse(decodeResult: success, version: HTTP/1.1)
HTTP/1.1 200 OK
Content-Length: 14
Content-Type: application/json; charset=utf-8
cache-control: no-cache

19:21:06.491 [AsyncHttpClient-1-8] DEBUG org.asynchttpclient.netty.channel.ChannelManager - Adding key: http://localhost:29958 for channel [id: 0xd99c0fe4, L:/127.0.0.1:61001 - R:localhost/127.0.0.1:29958]
19:21:06.496 [Forwarding getAlertText on session fb6b2a4866465ac443b9f30cf20a04b3 to remote] DEBUG org.asynchttpclient.netty.request.NettyRequestSender - Using pooled Channel '[id: 0xd99c0fe4, L:/127.0.0.1:61001 - R:localhost/127.0.0.1:29958]' for 'GET' to 'http://localhost:29958/session/fb6b2a4866465ac443b9f30cf20a04b3/alert/text'
19:21:06.496 [Forwarding getAlertText on session fb6b2a4866465ac443b9f30cf20a04b3 to remote] DEBUG org.asynchttpclient.netty.request.NettyRequestSender - Using open Channel [id: 0xd99c0fe4, L:/127.0.0.1:61001 - R:localhost/127.0.0.1:29958] for GET '/session/fb6b2a4866465ac443b9f30cf20a04b3/alert/text'
19:21:06.498 [AsyncHttpClient-1-8] DEBUG org.asynchttpclient.netty.handler.HttpHandler - 

Request DefaultFullHttpRequest(decodeResult: success, version: HTTP/1.1, content: EmptyByteBufBE)
GET /session/fb6b2a4866465ac443b9f30cf20a04b3/alert/text HTTP/1.1
User-Agent: selenium/4.8.1 (java windows)
Cache-Control: no-cache
Content-Type: application/json; charset=utf-8
host: localhost:29958
accept: */*

Response DefaultHttpResponse(decodeResult: success, version: HTTP/1.1)
HTTP/1.1 404 Not Found
Content-Length: 847
Content-Type: application/json; charset=utf-8
cache-control: no-cache

19:21:06.498 [AsyncHttpClient-1-8] DEBUG org.asynchttpclient.netty.channel.ChannelManager - Adding key: http://localhost:29958 for channel [id: 0xd99c0fe4, L:/127.0.0.1:61001 - R:localhost/127.0.0.1:29958]
19:21:06.499 [Forwarding getCurrentUrl on session fb6b2a4866465ac443b9f30cf20a04b3 to remote] DEBUG org.asynchttpclient.netty.request.NettyRequestSender - Using pooled Channel '[id: 0xd99c0fe4, L:/127.0.0.1:61001 - R:localhost/127.0.0.1:29958]' for 'GET' to 'http://localhost:29958/session/fb6b2a4866465ac443b9f30cf20a04b3/url'
19:21:06.499 [Forwarding getCurrentUrl on session fb6b2a4866465ac443b9f30cf20a04b3 to remote] DEBUG org.asynchttpclient.netty.request.NettyRequestSender - Using open Channel [id: 0xd99c0fe4, L:/127.0.0.1:61001 - R:localhost/127.0.0.1:29958] for GET '/session/fb6b2a4866465ac443b9f30cf20a04b3/url'
19:21:06.506 [AsyncHttpClient-1-8] DEBUG org.asynchttpclient.netty.handler.HttpHandler - 

Request DefaultFullHttpRequest(decodeResult: success, version: HTTP/1.1, content: EmptyByteBufBE)
GET /session/fb6b2a4866465ac443b9f30cf20a04b3/url HTTP/1.1
User-Agent: selenium/4.8.1 (java windows)
Cache-Control: no-cache
Content-Type: application/json; charset=utf-8
host: localhost:29958
accept: */*

Response DefaultHttpResponse(decodeResult: success, version: HTTP/1.1)
HTTP/1.1 200 OK
Content-Length: 41
Content-Type: application/json; charset=utf-8
cache-control: no-cache

19:21:06.506 [AsyncHttpClient-1-8] DEBUG org.asynchttpclient.netty.channel.ChannelManager - Adding key: http://localhost:29958 for channel [id: 0xd99c0fe4, L:/127.0.0.1:61001 - R:localhost/127.0.0.1:29958]
19:21:06.506 [Forwarding screenshot on session fb6b2a4866465ac443b9f30cf20a04b3 to remote] DEBUG org.asynchttpclient.netty.request.NettyRequestSender - Using pooled Channel '[id: 0xd99c0fe4, L:/127.0.0.1:61001 - R:localhost/127.0.0.1:29958]' for 'GET' to 'http://localhost:29958/session/fb6b2a4866465ac443b9f30cf20a04b3/screenshot'
19:21:06.506 [Forwarding screenshot on session fb6b2a4866465ac443b9f30cf20a04b3 to remote] DEBUG org.asynchttpclient.netty.request.NettyRequestSender - Using open Channel [id: 0xd99c0fe4, L:/127.0.0.1:61001 - R:localhost/127.0.0.1:29958] for GET '/session/fb6b2a4866465ac443b9f30cf20a04b3/screenshot'
19:21:06.682 [AsyncHttpClient-1-8] DEBUG org.asynchttpclient.netty.handler.HttpHandler - 

Request DefaultFullHttpRequest(decodeResult: success, version: HTTP/1.1, content: EmptyByteBufBE)
GET /session/fb6b2a4866465ac443b9f30cf20a04b3/screenshot HTTP/1.1
User-Agent: selenium/4.8.1 (java windows)
Cache-Control: no-cache
Content-Type: application/json; charset=utf-8
host: localhost:29958
accept: */*

Response DefaultHttpResponse(decodeResult: success, version: HTTP/1.1)
HTTP/1.1 200 OK
Content-Length: 28888
Content-Type: application/json; charset=utf-8
cache-control: no-cache

19:21:06.682 [AsyncHttpClient-1-8] DEBUG org.asynchttpclient.netty.channel.ChannelManager - Adding key: http://localhost:29958 for channel [id: 0xd99c0fe4, L:/127.0.0.1:61001 - R:localhost/127.0.0.1:29958]
19:21:06.684 [main] DEBUG net.serenitybdd.core.photography.Darkroom - Send negative for processing for target\site\serenity\8a360dc460b17420c5518b33c58025d48bc0bac49f68844d0fd3daedb3070caf.png
19:21:06.685 [main] DEBUG net.thucydides.core.steps.StepInterceptor - STEP DONE: validateOnHomePage
  &amp#27;[32mGiven &amp#27;[0m&amp#27;[32mI already login and go to the alta-shop home page&amp#27;[0m &amp#27;[90m# starter.stepdefinitions.ProductSteps.onTheHomePage()&amp#27;[0m
19:21:06.685 [Darkroom Processing Line] DEBUG net.serenitybdd.core.photography.DarkroomProcessingLine - Processing screenshot image in /var/screenshots/screenshot-8151074645640532104
19:21:06.685 [Darkroom Processing Line] DEBUG net.serenitybdd.core.photography.DarkroomProcessingLine - Saving screenshot to target\site\serenity\8a360dc460b17420c5518b33c58025d48bc0bac49f68844d0fd3daedb3070caf.png
19:21:06.695 [Forwarding getPageSource on session fb6b2a4866465ac443b9f30cf20a04b3 to remote] DEBUG org.asynchttpclient.netty.request.NettyRequestSender - Using pooled Channel '[id: 0xd99c0fe4, L:/127.0.0.1:61001 - R:localhost/127.0.0.1:29958]' for 'POST' to 'http://localhost:29958/session/fb6b2a4866465ac443b9f30cf20a04b3/execute/sync'
19:21:06.696 [Forwarding getPageSource on session fb6b2a4866465ac443b9f30cf20a04b3 to remote] DEBUG org.asynchttpclient.netty.request.NettyRequestSender - Using open Channel [id: 0xd99c0fe4, L:/127.0.0.1:61001 - R:localhost/127.0.0.1:29958] for POST '/session/fb6b2a4866465ac443b9f30cf20a04b3/execute/sync'
19:21:06.703 [AsyncHttpClient-1-8] DEBUG org.asynchttpclient.netty.handler.HttpHandler - 

Request DefaultHttpRequest(decodeResult: success, version: HTTP/1.1)
POST /session/fb6b2a4866465ac443b9f30cf20a04b3/execute/sync HTTP/1.1
User-Agent: selenium/4.8.1 (java windows)
Content-Length: 176
Content-Type: application/json; charset=utf-8
host: localhost:29958
accept: */*

Response DefaultHttpResponse(decodeResult: success, version: HTTP/1.1)
HTTP/1.1 200 OK
Content-Length: 28798
Content-Type: application/json; charset=utf-8
cache-control: no-cache

19:21:06.704 [AsyncHttpClient-1-8] DEBUG org.asynchttpclient.netty.channel.ChannelManager - Adding key: http://localhost:29958 for channel [id: 0xd99c0fe4, L:/127.0.0.1:61001 - R:localhost/127.0.0.1:29958]
19:21:06.705 [Forwarding getCurrentUrl on session fb6b2a4866465ac443b9f30cf20a04b3 to remote] DEBUG org.asynchttpclient.netty.request.NettyRequestSender - Using pooled Channel '[id: 0xd99c0fe4, L:/127.0.0.1:61001 - R:localhost/127.0.0.1:29958]' for 'GET' to 'http://localhost:29958/session/fb6b2a4866465ac443b9f30cf20a04b3/url'
19:21:06.705 [Forwarding getCurrentUrl on session fb6b2a4866465ac443b9f30cf20a04b3 to remote] DEBUG org.asynchttpclient.netty.request.NettyRequestSender - Using open Channel [id: 0xd99c0fe4, L:/127.0.0.1:61001 - R:localhost/127.0.0.1:29958] for GET '/session/fb6b2a4866465ac443b9f30cf20a04b3/url'
19:21:06.709 [AsyncHttpClient-1-8] DEBUG org.asynchttpclient.netty.handler.HttpHandler - 

Request DefaultFullHttpRequest(decodeResult: success, version: HTTP/1.1, content: EmptyByteBufBE)
GET /session/fb6b2a4866465ac443b9f30cf20a04b3/url HTTP/1.1
User-Agent: selenium/4.8.1 (java windows)
Cache-Control: no-cache
Content-Type: application/json; charset=utf-8
host: localhost:29958
accept: */*

Response DefaultHttpResponse(decodeResult: success, version: HTTP/1.1)
HTTP/1.1 200 OK
Content-Length: 41
Content-Type: application/json; charset=utf-8
cache-control: no-cache

19:21:06.709 [AsyncHttpClient-1-8] DEBUG org.asynchttpclient.netty.channel.ChannelManager - Adding key: http://localhost:29958 for channel [id: 0xd99c0fe4, L:/127.0.0.1:61001 - R:localhost/127.0.0.1:29958]
19:21:06.716 [Forwarding getPageSource on session fb6b2a4866465ac443b9f30cf20a04b3 to remote] DEBUG org.asynchttpclient.netty.request.NettyRequestSender - Using pooled Channel '[id: 0xd99c0fe4, L:/127.0.0.1:61001 - R:localhost/127.0.0.1:29958]' for 'POST' to 'http://localhost:29958/session/fb6b2a4866465ac443b9f30cf20a04b3/execute/sync'
19:21:06.716 [Forwarding getPageSource on session fb6b2a4866465ac443b9f30cf20a04b3 to remote] DEBUG org.asynchttpclient.netty.request.NettyRequestSender - Using open Channel [id: 0xd99c0fe4, L:/127.0.0.1:61001 - R:localhost/127.0.0.1:29958] for POST '/session/fb6b2a4866465ac443b9f30cf20a04b3/execute/sync'
19:21:06.723 [AsyncHttpClient-1-8] DEBUG org.asynchttpclient.netty.handler.HttpHandler - 

Request DefaultHttpRequest(decodeResult: success, version: HTTP/1.1)
POST /session/fb6b2a4866465ac443b9f30cf20a04b3/execute/sync HTTP/1.1
User-Agent: selenium/4.8.1 (java windows)
Content-Length: 176
Content-Type: application/json; charset=utf-8
host: localhost:29958
accept: */*

Response DefaultHttpResponse(decodeResult: success, version: HTTP/1.1)
HTTP/1.1 200 OK
Content-Length: 28798
Content-Type: application/json; charset=utf-8
cache-control: no-cache

19:21:06.723 [AsyncHttpClient-1-8] DEBUG org.asynchttpclient.netty.channel.ChannelManager - Adding key: http://localhost:29958 for channel [id: 0xd99c0fe4, L:/127.0.0.1:61001 - R:localhost/127.0.0.1:29958]
19:21:06.724 [Forwarding getCurrentUrl on session fb6b2a4866465ac443b9f30cf20a04b3 to remote] DEBUG org.asynchttpclient.netty.request.NettyRequestSender - Using pooled Channel '[id: 0xd99c0fe4, L:/127.0.0.1:61001 - R:localhost/127.0.0.1:29958]' for 'GET' to 'http://localhost:29958/session/fb6b2a4866465ac443b9f30cf20a04b3/url'
19:21:06.724 [Forwarding getCurrentUrl on session fb6b2a4866465ac443b9f30cf20a04b3 to remote] DEBUG org.asynchttpclient.netty.request.NettyRequestSender - Using open Channel [id: 0xd99c0fe4, L:/127.0.0.1:61001 - R:localhost/127.0.0.1:29958] for GET '/session/fb6b2a4866465ac443b9f30cf20a04b3/url'
19:21:06.728 [AsyncHttpClient-1-8] DEBUG org.asynchttpclient.netty.handler.HttpHandler - 

Request DefaultFullHttpRequest(decodeResult: success, version: HTTP/1.1, content: EmptyByteBufBE)
GET /session/fb6b2a4866465ac443b9f30cf20a04b3/url HTTP/1.1
User-Agent: selenium/4.8.1 (java windows)
Cache-Control: no-cache
Content-Type: application/json; charset=utf-8
host: localhost:29958
accept: */*

Response DefaultHttpResponse(decodeResult: success, version: HTTP/1.1)
HTTP/1.1 200 OK
Content-Length: 41
Content-Type: application/json; charset=utf-8
cache-control: no-cache

19:21:06.728 [AsyncHttpClient-1-8] DEBUG org.asynchttpclient.netty.channel.ChannelManager - Adding key: http://localhost:29958 for channel [id: 0xd99c0fe4, L:/127.0.0.1:61001 - R:localhost/127.0.0.1:29958]
19:21:06.729 [main] DEBUG net.thucydides.core.steps.StepInterceptor - STARTING STEP: ProductSteps.chooseTheProduct - validateTheProduct
19:21:06.730 [Forwarding findElement on session fb6b2a4866465ac443b9f30cf20a04b3 to remote] DEBUG org.asynchttpclient.netty.request.NettyRequestSender - Using pooled Channel '[id: 0xd99c0fe4, L:/127.0.0.1:61001 - R:localhost/127.0.0.1:29958]' for 'POST' to 'http://localhost:29958/session/fb6b2a4866465ac443b9f30cf20a04b3/element'
19:21:06.730 [Forwarding findElement on session fb6b2a4866465ac443b9f30cf20a04b3 to remote] DEBUG org.asynchttpclient.netty.request.NettyRequestSender - Using open Channel [id: 0xd99c0fe4, L:/127.0.0.1:61001 - R:localhost/127.0.0.1:29958] for POST '/session/fb6b2a4866465ac443b9f30cf20a04b3/element'
19:21:07.104 [AsyncHttpClient-1-1] DEBUG org.asynchttpclient.netty.channel.DefaultChannelPool - Entry count for : http://localhost:61002 : 1
19:21:08.206 [AsyncHttpClient-1-1] DEBUG org.asynchttpclient.netty.channel.DefaultChannelPool - Entry count for : http://localhost:61002 : 1
19:21:08.748 [AsyncHttpClient-1-8] DEBUG org.asynchttpclient.netty.handler.HttpHandler - 

Request DefaultHttpRequest(decodeResult: success, version: HTTP/1.1)
POST /session/fb6b2a4866465ac443b9f30cf20a04b3/element HTTP/1.1
User-Agent: selenium/4.8.1 (java windows)
Content-Length: 54
Content-Type: application/json; charset=utf-8
host: localhost:29958
accept: */*

Response DefaultHttpResponse(decodeResult: success, version: HTTP/1.1)
HTTP/1.1 404 Not Found
Content-Length: 964
Content-Type: application/json; charset=utf-8
cache-control: no-cache

19:21:08.748 [AsyncHttpClient-1-8] DEBUG org.asynchttpclient.netty.channel.ChannelManager - Adding key: http://localhost:29958 for channel [id: 0xd99c0fe4, L:/127.0.0.1:61001 - R:localhost/127.0.0.1:29958]
19:21:08.752 [Forwarding getAlertText on session fb6b2a4866465ac443b9f30cf20a04b3 to remote] DEBUG org.asynchttpclient.netty.request.NettyRequestSender - Using pooled Channel '[id: 0xd99c0fe4, L:/127.0.0.1:61001 - R:localhost/127.0.0.1:29958]' for 'GET' to 'http://localhost:29958/session/fb6b2a4866465ac443b9f30cf20a04b3/alert/text'
19:21:08.752 [Forwarding getAlertText on session fb6b2a4866465ac443b9f30cf20a04b3 to remote] DEBUG org.asynchttpclient.netty.request.NettyRequestSender - Using open Channel [id: 0xd99c0fe4, L:/127.0.0.1:61001 - R:localhost/127.0.0.1:29958] for GET '/session/fb6b2a4866465ac443b9f30cf20a04b3/alert/text'
19:21:08.753 [AsyncHttpClient-1-8] DEBUG org.asynchttpclient.netty.handler.HttpHandler - 

Request DefaultFullHttpRequest(decodeResult: success, version: HTTP/1.1, content: EmptyByteBufBE)
GET /session/fb6b2a4866465ac443b9f30cf20a04b3/alert/text HTTP/1.1
User-Agent: selenium/4.8.1 (java windows)
Cache-Control: no-cache
Content-Type: application/json; charset=utf-8
host: localhost:29958
accept: */*

Response DefaultHttpResponse(decodeResult: success, version: HTTP/1.1)
HTTP/1.1 404 Not Found
Content-Length: 847
Content-Type: application/json; charset=utf-8
cache-control: no-cache

19:21:08.753 [AsyncHttpClient-1-8] DEBUG org.asynchttpclient.netty.channel.ChannelManager - Adding key: http://localhost:29958 for channel [id: 0xd99c0fe4, L:/127.0.0.1:61001 - R:localhost/127.0.0.1:29958]
19:21:08.754 [Forwarding getCurrentUrl on session fb6b2a4866465ac443b9f30cf20a04b3 to remote] DEBUG org.asynchttpclient.netty.request.NettyRequestSender - Using pooled Channel '[id: 0xd99c0fe4, L:/127.0.0.1:61001 - R:localhost/127.0.0.1:29958]' for 'GET' to 'http://localhost:29958/session/fb6b2a4866465ac443b9f30cf20a04b3/url'
19:21:08.754 [Forwarding getCurrentUrl on session fb6b2a4866465ac443b9f30cf20a04b3 to remote] DEBUG org.asynchttpclient.netty.request.NettyRequestSender - Using open Channel [id: 0xd99c0fe4, L:/127.0.0.1:61001 - R:localhost/127.0.0.1:29958] for GET '/session/fb6b2a4866465ac443b9f30cf20a04b3/url'
19:21:08.758 [AsyncHttpClient-1-8] DEBUG org.asynchttpclient.netty.handler.HttpHandler - 

Request DefaultFullHttpRequest(decodeResult: success, version: HTTP/1.1, content: EmptyByteBufBE)
GET /session/fb6b2a4866465ac443b9f30cf20a04b3/url HTTP/1.1
User-Agent: selenium/4.8.1 (java windows)
Cache-Control: no-cache
Content-Type: application/json; charset=utf-8
host: localhost:29958
accept: */*

Response DefaultHttpResponse(decodeResult: success, version: HTTP/1.1)
HTTP/1.1 200 OK
Content-Length: 41
Content-Type: application/json; charset=utf-8
cache-control: no-cache

19:21:08.758 [AsyncHttpClient-1-8] DEBUG org.asynchttpclient.netty.channel.ChannelManager - Adding key: http://localhost:29958 for channel [id: 0xd99c0fe4, L:/127.0.0.1:61001 - R:localhost/127.0.0.1:29958]
19:21:08.758 [Forwarding screenshot on session fb6b2a4866465ac443b9f30cf20a04b3 to remote] DEBUG org.asynchttpclient.netty.request.NettyRequestSender - Using pooled Channel '[id: 0xd99c0fe4, L:/127.0.0.1:61001 - R:localhost/127.0.0.1:29958]' for 'GET' to 'http://localhost:29958/session/fb6b2a4866465ac443b9f30cf20a04b3/screenshot'
19:21:08.758 [Forwarding screenshot on session fb6b2a4866465ac443b9f30cf20a04b3 to remote] DEBUG org.asynchttpclient.netty.request.NettyRequestSender - Using open Channel [id: 0xd99c0fe4, L:/127.0.0.1:61001 - R:localhost/127.0.0.1:29958] for GET '/session/fb6b2a4866465ac443b9f30cf20a04b3/screenshot'
19:21:08.902 [AsyncHttpClient-1-8] DEBUG org.asynchttpclient.netty.handler.HttpHandler - 

Request DefaultFullHttpRequest(decodeResult: success, version: HTTP/1.1, content: EmptyByteBufBE)
GET /session/fb6b2a4866465ac443b9f30cf20a04b3/screenshot HTTP/1.1
User-Agent: selenium/4.8.1 (java windows)
Cache-Control: no-cache
Content-Type: application/json; charset=utf-8
host: localhost:29958
accept: */*

Response DefaultHttpResponse(decodeResult: success, version: HTTP/1.1)
HTTP/1.1 200 OK
Content-Length: 29704
Content-Type: application/json; charset=utf-8
cache-control: no-cache

19:21:08.903 [AsyncHttpClient-1-8] DEBUG org.asynchttpclient.netty.channel.ChannelManager - Adding key: http://localhost:29958 for channel [id: 0xd99c0fe4, L:/127.0.0.1:61001 - R:localhost/127.0.0.1:29958]
19:21:08.904 [main] DEBUG net.serenitybdd.core.photography.Darkroom - Send negative for processing for target\site\serenity\98666831221a54bf58982049b64749830bc3cbdb69766ce531e3d347bd28a209.png
19:21:08.904 [Darkroom Processing Line] DEBUG net.serenitybdd.core.photography.DarkroomProcessingLine - Processing screenshot image in /var/screenshots/screenshot-15211306608502407986
19:21:08.904 [Darkroom Processing Line] DEBUG net.serenitybdd.core.photography.DarkroomProcessingLine - Saving screenshot to target\site\serenity\98666831221a54bf58982049b64749830bc3cbdb69766ce531e3d347bd28a209.png
19:21:08.905 [Forwarding getPageSource on session fb6b2a4866465ac443b9f30cf20a04b3 to remote] DEBUG org.asynchttpclient.netty.request.NettyRequestSender - Using pooled Channel '[id: 0xd99c0fe4, L:/127.0.0.1:61001 - R:localhost/127.0.0.1:29958]' for 'POST' to 'http://localhost:29958/session/fb6b2a4866465ac443b9f30cf20a04b3/execute/sync'
19:21:08.905 [Forwarding getPageSource on session fb6b2a4866465ac443b9f30cf20a04b3 to remote] DEBUG org.asynchttpclient.netty.request.NettyRequestSender - Using open Channel [id: 0xd99c0fe4, L:/127.0.0.1:61001 - R:localhost/127.0.0.1:29958] for POST '/session/fb6b2a4866465ac443b9f30cf20a04b3/execute/sync'
19:21:08.913 [AsyncHttpClient-1-8] DEBUG org.asynchttpclient.netty.handler.HttpHandler - 

Request DefaultHttpRequest(decodeResult: success, version: HTTP/1.1)
POST /session/fb6b2a4866465ac443b9f30cf20a04b3/execute/sync HTTP/1.1
User-Agent: selenium/4.8.1 (java windows)
Content-Length: 176
Content-Type: application/json; charset=utf-8
host: localhost:29958
accept: */*

Response DefaultHttpResponse(decodeResult: success, version: HTTP/1.1)
HTTP/1.1 200 OK
Content-Length: 28798
Content-Type: application/json; charset=utf-8
cache-control: no-cache

19:21:08.913 [AsyncHttpClient-1-8] DEBUG org.asynchttpclient.netty.channel.ChannelManager - Adding key: http://localhost:29958 for channel [id: 0xd99c0fe4, L:/127.0.0.1:61001 - R:localhost/127.0.0.1:29958]
19:21:08.916 [Forwarding getCurrentUrl on session fb6b2a4866465ac443b9f30cf20a04b3 to remote] DEBUG org.asynchttpclient.netty.request.NettyRequestSender - Using pooled Channel '[id: 0xd99c0fe4, L:/127.0.0.1:61001 - R:localhost/127.0.0.1:29958]' for 'GET' to 'http://localhost:29958/session/fb6b2a4866465ac443b9f30cf20a04b3/url'
19:21:08.916 [Forwarding getCurrentUrl on session fb6b2a4866465ac443b9f30cf20a04b3 to remote] DEBUG org.asynchttpclient.netty.request.NettyRequestSender - Using open Channel [id: 0xd99c0fe4, L:/127.0.0.1:61001 - R:localhost/127.0.0.1:29958] for GET '/session/fb6b2a4866465ac443b9f30cf20a04b3/url'
19:21:08.919 [AsyncHttpClient-1-8] DEBUG org.asynchttpclient.netty.handler.HttpHandler - 

Request DefaultFullHttpRequest(decodeResult: success, version: HTTP/1.1, content: EmptyByteBufBE)
GET /session/fb6b2a4866465ac443b9f30cf20a04b3/url HTTP/1.1
User-Agent: selenium/4.8.1 (java windows)
Cache-Control: no-cache
Content-Type: application/json; charset=utf-8
host: localhost:29958
accept: */*

Response DefaultHttpResponse(decodeResult: success, version: HTTP/1.1)
HTTP/1.1 200 OK
Content-Length: 41
Content-Type: application/json; charset=utf-8
cache-control: no-cache

19:21:08.919 [AsyncHttpClient-1-8] DEBUG org.asynchttpclient.netty.channel.ChannelManager - Adding key: http://localhost:29958 for channel [id: 0xd99c0fe4, L:/127.0.0.1:61001 - R:localhost/127.0.0.1:29958]
  &amp#27;[31mAnd &amp#27;[0m&amp#27;[31mI choose the product&amp#27;[0m                                &amp#27;[90m# starter.stepdefinitions.ProductSteps.chooseTheProduct()&amp#27;[0m
      &amp#27;[31morg.openqa.selenium.NoSuchElementException: no such element: Unable to locate element: {"method":"css selector","selector":"#\35 2485"}
  (Session info: chrome=113.0.5672.93)
For documentation on this error, please visit: https://selenium.dev/exceptions/#no_such_element
Build info: version: '4.8.1', revision: '8ebccac989'
System info: os.name: 'Windows 10', os.arch: 'amd64', os.version: '10.0', java.version: '19.0.2'
Driver info: org.openqa.selenium.chrome.ChromeDriver
Command: [fb6b2a4866465ac443b9f30cf20a04b3, findElement {using=id, value=52485}]
Capabilities {acceptInsecureCerts: false, browserName: chrome, browserVersion: 113.0.5672.93, chrome: {chromedriverVersion: 113.0.5672.63 (0e1a4471d5ae..., userDataDir: C:\Users\BUNAYY~1\AppData\L...}, goog:chromeOptions: {debuggerAddress: localhost:61002}, networkConnectionEnabled: false, pageLoadStrategy: normal, platformName: WINDOWS, proxy: Proxy(), se:cdp: ws://localhost:61002/devtoo..., se:cdpVersion: 113.0.5672.93, setWindowRect: true, strictFileInteractability: false, timeouts: {implicit: 0, pageLoad: 300000, script: 30000}, unhandledPromptBehavior: dismiss and notify, webauthn:extension:credBlob: true, webauthn:extension:largeBlob: true, webauthn:extension:minPinLength: true, webauthn:extension:prf: true, webauthn:virtualAuthenticators: true}
Session ID: fb6b2a4866465ac443b9f30cf20a04b3
	at java.base/jdk.internal.reflect.DirectConstructorHandleAccessor.newInstance(DirectConstructorHandleAccessor.java:67)
	at java.base/java.lang.reflect.Constructor.newInstanceWithCaller(Constructor.java:500)
	at java.base/java.lang.reflect.Constructor.newInstance(Constructor.java:484)
	at org.openqa.selenium.remote.codec.w3c.W3CHttpResponseCodec.createException(W3CHttpResponseCodec.java:200)
	at org.openqa.selenium.remote.codec.w3c.W3CHttpResponseCodec.decode(W3CHttpResponseCodec.java:133)
	at org.openqa.selenium.remote.codec.w3c.W3CHttpResponseCodec.decode(W3CHttpResponseCodec.java:53)
	at org.openqa.selenium.remote.HttpCommandExecutor.execute(HttpCommandExecutor.java:184)
	at org.openqa.selenium.remote.service.DriverCommandExecutor.invokeExecute(DriverCommandExecutor.java:167)
	at org.openqa.selenium.remote.service.DriverCommandExecutor.execute(DriverCommandExecutor.java:142)
	at org.openqa.selenium.remote.RemoteWebDriver.execute(RemoteWebDriver.java:543)
	at org.openqa.selenium.remote.ElementLocation$ElementFinder$2.findElement(ElementLocation.java:162)
	at org.openqa.selenium.remote.ElementLocation.findElement(ElementLocation.java:60)
	at org.openqa.selenium.remote.RemoteWebDriver.findElement(RemoteWebDriver.java:352)
	at org.openqa.selenium.remote.RemoteWebDriver.findElement(RemoteWebDriver.java:344)
	at net.thucydides.core.webdriver.WebDriverFacade.findElement(WebDriverFacade.java:242)
	at net.serenitybdd.core.pages.WebElementResolverByLocator.resolveForDriver(WebElementResolverByLocator.java:25)
	at net.serenitybdd.core.pages.WebElementFacadeImpl.getResolvedElement(WebElementFacadeImpl.java:189)
	at net.serenitybdd.core.pages.WebElementFacadeImpl.getElement(WebElementFacadeImpl.java:184)
	at net.serenitybdd.core.pages.WebElementFacadeImpl.isDisplayed(WebElementFacadeImpl.java:1321)
	at alta@1.0-SNAPSHOT/starter.pages.HomePage.validateTheProduct(HomePage.java:101)
	at alta@1.0-SNAPSHOT/starter.pages.HomePage$ByteBuddy$RycOBE6l.validateTheProduct$accessor$gRcpxTaz(Unknown Source)
	at java.base/jdk.internal.reflect.DirectMethodHandleAccessor.invoke(DirectMethodHandleAccessor.java:104)
	at java.base/java.lang.reflect.Method.invoke(Method.java:578)
	at net.thucydides.core.steps.StepInterceptor.invokeMethod(StepInterceptor.java:518)
	at net.thucydides.core.steps.StepInterceptor.executeTestStepMethod(StepInterceptor.java:498)
	at net.thucydides.core.steps.StepInterceptor.runTestStep(StepInterceptor.java:472)
	at net.thucydides.core.steps.StepInterceptor.runOrSkipMethod(StepInterceptor.java:211)
	at net.thucydides.core.steps.StepInterceptor.testStepResult(StepInterceptor.java:198)
	at net.thucydides.core.steps.StepInterceptor.intercept(StepInterceptor.java:86)
	at net.thucydides.core.steps.ProxyConfiguration$InterceptorDispatcher.intercept(ProxyConfiguration.java:51)
	at alta@1.0-SNAPSHOT/starter.pages.HomePage$ByteBuddy$RycOBE6l.validateTheProduct(Unknown Source)
	at alta@1.0-SNAPSHOT/starter.stepdefinitions.ProductSteps.chooseTheProduct(ProductSteps.java:40)
	at ✽.I choose the product(file:///C:/Users/Bunayya%20Zulfikar/3D%20Objects/alta_web_minpro_testcase/src/test/resources/features/3.%20Product.feature:9)
&amp#27;[0m
  &amp#27;[36mWhen &amp#27;[0m&amp#27;[36mI click BELI button from the product&amp#27;[0m               &amp#27;[90m# starter.stepdefinitions.ProductSteps.clickBeliButton()&amp#27;[0m
  &amp#27;[36mThen &amp#27;[0m&amp#27;[36mI should see the product in cart&amp#27;[0m                   &amp#27;[90m# starter.stepdefinitions.ProductSteps.validateProductHasAdded()&amp#27;[0m
19:21:08.939 [main] ERROR  - 
  _____   ___   ___   _____     ___   ___   ___    ___    ___ 
 |_   _| | __| / __| |_   _|   | __| | _ \ | _ \  / _ \  | _ \
   | |   | _|  \__ \   | |     | _|  |   / |   / | (_) | |   /
   |_|   |___| |___/   |_|     |___| |_|_\ |_|_\  \___/  |_|_\

Add to cart by buy a product with login
---------------------------------------------------------------
19:21:08.939 [main] DEBUG  - RELATED ISSUES: 
19:21:08.939 [main] ERROR  -     Test failed at step: Validate the product
19:21:08.939 [main] ERROR  -     no such element: Unable to locate element: {"method":"css selector","selector":"#\35 2485"}
19:21:08.947 [AsyncHttpClient-1-10] DEBUG org.asynchttpclient.netty.handler.WebSocketHandler - Channel Closed: [id: 0x86c7461a, L:/127.0.0.1:61010 ! R:localhost/127.0.0.1:61002] with attribute NettyResponseFuture{currentRetry=0,
	isDone=1,
	isCancelled=0,
	asyncHandler=org.asynchttpclient.ws.WebSocketUpgradeHandler@484cf7c4,
	nettyRequest=org.asynchttpclient.netty.request.NettyRequest@576ede8c,
	future=java.util.concurrent.CompletableFuture@47d8f681[Completed normally],
	uri=ws://localhost:61002/devtools/browser/9a6aade0-ced2-4ae1-8518-e021c943f228,
	keepAlive=true,
	redirectCount=0,
	timeoutsHolder=null,
	inAuth=0,
	touch=1683807664370}
19:21:08.947 [AsyncHttpClient-1-10] DEBUG org.asynchttpclient.netty.channel.ChannelManager - Closing Channel [id: 0x86c7461a, L:/127.0.0.1:61010 ! R:localhost/127.0.0.1:61002] 
19:21:08.947 [Driver Command Executor] DEBUG org.asynchttpclient.netty.request.NettyRequestSender - Using pooled Channel '[id: 0xd99c0fe4, L:/127.0.0.1:61001 - R:localhost/127.0.0.1:29958]' for 'DELETE' to 'http://localhost:29958/session/fb6b2a4866465ac443b9f30cf20a04b3'
19:21:08.947 [Driver Command Executor] DEBUG org.asynchttpclient.netty.request.NettyRequestSender - Using open Channel [id: 0xd99c0fe4, L:/127.0.0.1:61001 - R:localhost/127.0.0.1:29958] for DELETE '/session/fb6b2a4866465ac443b9f30cf20a04b3'
19:21:09.091 [AsyncHttpClient-1-9] DEBUG org.asynchttpclient.netty.handler.HttpHandler - Unexpected I/O exception on channel [id: 0x2b01a17e, L:/127.0.0.1:61009 - R:localhost/127.0.0.1:61002]
java.net.SocketException: Connection reset
	at java.base/sun.nio.ch.SocketChannelImpl.throwConnectionReset(SocketChannelImpl.java:401)
	at java.base/sun.nio.ch.SocketChannelImpl.read(SocketChannelImpl.java:434)
	at io.netty.buffer.PooledByteBuf.setBytes(PooledByteBuf.java:259)
	at io.netty.buffer.AbstractByteBuf.writeBytes(AbstractByteBuf.java:1132)
	at io.netty.channel.socket.nio.NioSocketChannel.doReadBytes(NioSocketChannel.java:357)
	at io.netty.channel.nio.AbstractNioByteChannel$NioByteUnsafe.read(AbstractNioByteChannel.java:151)
	at io.netty.channel.nio.NioEventLoop.processSelectedKey(NioEventLoop.java:788)
	at io.netty.channel.nio.NioEventLoop.processSelectedKeysOptimized(NioEventLoop.java:724)
	at io.netty.channel.nio.NioEventLoop.processSelectedKeys(NioEventLoop.java:650)
	at io.netty.channel.nio.NioEventLoop.run(NioEventLoop.java:562)
	at io.netty.util.concurrent.SingleThreadEventExecutor$4.run(SingleThreadEventExecutor.java:997)
	at io.netty.util.internal.ThreadExecutorMap$2.run(ThreadExecutorMap.java:74)
	at io.netty.util.concurrent.FastThreadLocalRunnable.run(FastThreadLocalRunnable.java:30)
	at java.base/java.lang.Thread.run(Thread.java:1589)
19:21:09.091 [AsyncHttpClient-1-9] DEBUG org.asynchttpclient.netty.channel.ChannelManager - Closing Channel [id: 0x2b01a17e, L:/127.0.0.1:61009 - R:localhost/127.0.0.1:61002] 
19:21:09.091 [AsyncHttpClient-1-9] DEBUG org.asynchttpclient.netty.handler.HttpHandler - Channel Closed: [id: 0x2b01a17e, L:/127.0.0.1:61009 ! R:localhost/127.0.0.1:61002] with attribute DISCARD
19:21:09.114 [AsyncHttpClient-1-8] DEBUG org.asynchttpclient.netty.handler.HttpHandler - 

Request DefaultFullHttpRequest(decodeResult: success, version: HTTP/1.1, content: EmptyByteBufBE)
DELETE /session/fb6b2a4866465ac443b9f30cf20a04b3 HTTP/1.1
User-Agent: selenium/4.8.1 (java windows)
Content-Type: application/json; charset=utf-8
host: localhost:29958
accept: */*

Response DefaultHttpResponse(decodeResult: success, version: HTTP/1.1)
HTTP/1.1 200 OK
Content-Length: 14
Content-Type: application/json; charset=utf-8
cache-control: no-cache

19:21:09.114 [AsyncHttpClient-1-8] DEBUG org.asynchttpclient.netty.channel.ChannelManager - Adding key: http://localhost:29958 for channel [id: 0xd99c0fe4, L:/127.0.0.1:61001 - R:localhost/127.0.0.1:29958]
19:21:09.203 [AsyncHttpClient-1-8] DEBUG org.asynchttpclient.netty.handler.HttpHandler - Channel Closed: [id: 0xd99c0fe4, L:/127.0.0.1:61001 ! R:localhost/127.0.0.1:29958] with attribute DISCARD
]]></system-out>
    <system-err><![CDATA[Starting ChromeDriver 113.0.5672.63 (0e1a4471d5ae5bf128b1bd8f4d627c8cbd55f70c-refs/branch-heads/5672@{#912}) on port 29958
Only local connections are allowed.
Please see https://chromedriver.chromium.org/security-considerations for suggestions on keeping ChromeDriver safe.
ChromeDriver was started successfully.
May 11, 2023 7:21:04 PM org.openqa.selenium.devtools.CdpVersionFinder findNearestMatch
WARNING: Unable to find an exact match for CDP version 113, so returning the closest version found: 110
]]></system-err>
  </testcase>
  <testcase name="Add to cart by buy a product without login" classname="Product" time="0.107">
    <system-out><![CDATA[
Scenario: Add to cart by buy a product without login &amp#27;[90m# src/test/resources/features/3. Product.feature:13&amp#27;[0m
19:21:09.254 [main] DEBUG io.cucumber.core.plugin.SerenityReporter - Running feature from file:///C:/Users/Bunayya%20Zulfikar/3D%20Objects/alta_web_minpro_testcase/src/test/resources/features/3.%20Product.feature
19:21:09.256 [main] INFO  - 
  _____   ___   ___   _____     ___   _____     _     ___   _____   ___   ___  
 |_   _| | __| / __| |_   _|   / __| |_   _|   /_\   | _ \ |_   _| | __| |   \ 
   | |   | _|  \__ \   | |     \__ \   | |    / _ \  |   /   | |   | _|  | |) |
   |_|   |___| |___/   |_|     |___/   |_|   /_/ \_\ |_|_\   |_|   |___| |___/ 

Add to cart by buy a product without login(product;add-to-cart-by-buy-a-product-without-login)
--------------------------------------------------------------------------------
19:21:09.296 [main] DEBUG net.thucydides.core.steps.StepInterceptor - STARTING STEP: ProductSteps.goToHomePage - clickToolbarTitle
19:21:09.299 [AsyncHttpClient-1-1] DEBUG org.asynchttpclient.netty.channel.DefaultChannelPool - Entry count for : http://localhost:61002 : 1
19:21:09.299 [AsyncHttpClient-1-1] DEBUG org.asynchttpclient.netty.channel.DefaultChannelPool - Entry count for : http://localhost:29958 : 1
19:21:09.299 [AsyncHttpClient-1-1] DEBUG org.asynchttpclient.netty.channel.DefaultChannelPool - Adding Candidate expired Channel [id: 0x2b01a17e, L:/127.0.0.1:61009 ! R:localhost/127.0.0.1:61002] isIdleTimeoutExpired=false isRemotelyClosed=true isTtlExpired=false
19:21:09.299 [AsyncHttpClient-1-1] DEBUG org.asynchttpclient.netty.channel.DefaultChannelPool - Closing Idle Channel [id: 0x2b01a17e, L:/127.0.0.1:61009 ! R:localhost/127.0.0.1:61002]
19:21:09.299 [AsyncHttpClient-1-1] DEBUG org.asynchttpclient.netty.channel.DefaultChannelPool - Adding Candidate expired Channel [id: 0xd99c0fe4, L:/127.0.0.1:61001 ! R:localhost/127.0.0.1:29958] isIdleTimeoutExpired=false isRemotelyClosed=true isTtlExpired=false
19:21:09.299 [AsyncHttpClient-1-1] DEBUG org.asynchttpclient.netty.channel.DefaultChannelPool - Closing Idle Channel [id: 0xd99c0fe4, L:/127.0.0.1:61001 ! R:localhost/127.0.0.1:29958]
19:21:09.299 [AsyncHttpClient-1-1] DEBUG org.asynchttpclient.netty.channel.DefaultChannelPool - Closed 2 connections out of 2 in 0 ms
19:21:09.302 [main] DEBUG net.thucydides.core.steps.StepInterceptor - STEP DONE: clickToolbarTitle
  &amp#27;[32mGiven &amp#27;[0m&amp#27;[32mI go to the alta-shop home page&amp#27;[0m              &amp#27;[90m# starter.stepdefinitions.ProductSteps.goToHomePage()&amp#27;[0m
19:21:09.308 [main] DEBUG net.thucydides.core.steps.StepInterceptor - STARTING STEP: ProductSteps.chooseTheProduct - validateTheProduct
19:21:09.310 [main] DEBUG net.thucydides.core.steps.StepInterceptor - STEP DONE: validateTheProduct
  &amp#27;[32mAnd &amp#27;[0m&amp#27;[32mI choose the product&amp#27;[0m                           &amp#27;[90m# starter.stepdefinitions.ProductSteps.chooseTheProduct()&amp#27;[0m
19:21:09.322 [main] DEBUG net.thucydides.core.steps.StepInterceptor - STARTING STEP: ProductSteps.clickBeliButton - clickBeliButton
19:21:09.332 [main] DEBUG net.thucydides.core.steps.StepInterceptor - STEP DONE: clickBeliButton
  &amp#27;[32mWhen &amp#27;[0m&amp#27;[32mI click BELI button from the product&amp#27;[0m          &amp#27;[90m# starter.stepdefinitions.ProductSteps.clickBeliButton()&amp#27;[0m
19:21:09.340 [main] DEBUG net.thucydides.core.steps.StepInterceptor - STARTING STEP: ProductSteps.validateOrderEmpty - clickCartIcon
19:21:09.344 [main] DEBUG net.thucydides.core.steps.StepInterceptor - STEP DONE: clickCartIcon
19:21:09.347 [main] DEBUG net.thucydides.core.steps.StepInterceptor - STARTING STEP: ProductSteps.validateOrderEmpty - validateOrderEmpty
19:21:09.350 [main] DEBUG net.thucydides.core.steps.StepInterceptor - STEP DONE: validateOrderEmpty
  &amp#27;[32mThen &amp#27;[0m&amp#27;[32mI shouldn't see the product in cart&amp#27;[0m           &amp#27;[90m# starter.stepdefinitions.ProductSteps.validateOrderEmpty()&amp#27;[0m
19:21:09.354 [main] INFO  - 
  _____   ___   ___   _____     ___     _     ___   ___   ___   ___  
 |_   _| | __| / __| |_   _|   | _ \   /_\   / __| / __| | __| |   \ 
   | |   | _|  \__ \   | |     |  _/  / _ \  \__ \ \__ \ | _|  | |) |
   |_|   |___| |___/   |_|     |_|   /_/ \_\ |___/ |___/ |___| |___/ 

Add to cart by buy a product without login
----------------------------------------------------------------------
]]></system-out>
  </testcase>
  <testcase name="Adding product from cart page" classname="Product" time="0.099">
    <system-out><![CDATA[
Scenario: Adding product from cart page            &amp#27;[90m# src/test/resources/features/3. Product.feature:19&amp#27;[0m
19:21:09.360 [main] DEBUG io.cucumber.core.plugin.SerenityReporter - Running feature from file:///C:/Users/Bunayya%20Zulfikar/3D%20Objects/alta_web_minpro_testcase/src/test/resources/features/3.%20Product.feature
19:21:09.362 [main] INFO  - 
  _____   ___   ___   _____     ___   _____     _     ___   _____   ___   ___  
 |_   _| | __| / __| |_   _|   / __| |_   _|   /_\   | _ \ |_   _| | __| |   \ 
   | |   | _|  \__ \   | |     \__ \   | |    / _ \  |   /   | |   | _|  | |) |
   |_|   |___| |___/   |_|     |___/   |_|   /_/ \_\ |_|_\   |_|   |___| |___/ 

Adding product from cart page(product;adding-product-from-cart-page)
--------------------------------------------------------------------------------
19:21:09.400 [main] DEBUG net.thucydides.core.steps.StepInterceptor - STARTING STEP: ProductSteps.goToHomePage - clickToolbarTitle
19:21:09.411 [main] DEBUG net.thucydides.core.steps.StepInterceptor - STEP DONE: clickToolbarTitle
  &amp#27;[32mGiven &amp#27;[0m&amp#27;[32mI go to the alta-shop home page&amp#27;[0m            &amp#27;[90m# starter.stepdefinitions.ProductSteps.goToHomePage()&amp#27;[0m
19:21:09.418 [main] DEBUG net.thucydides.core.steps.StepInterceptor - STARTING STEP: ProductSteps.chooseTheProduct - validateTheProduct
19:21:09.419 [main] DEBUG net.thucydides.core.steps.StepInterceptor - STEP DONE: validateTheProduct
  &amp#27;[32mAnd &amp#27;[0m&amp#27;[32mI choose the product&amp#27;[0m                         &amp#27;[90m# starter.stepdefinitions.ProductSteps.chooseTheProduct()&amp#27;[0m
19:21:09.425 [main] DEBUG net.thucydides.core.steps.StepInterceptor - STARTING STEP: ProductSteps.clickBeliButton - clickBeliButton
19:21:09.430 [main] DEBUG net.thucydides.core.steps.StepInterceptor - STEP DONE: clickBeliButton
  &amp#27;[32mWhen &amp#27;[0m&amp#27;[32mI click BELI button from the product&amp#27;[0m        &amp#27;[90m# starter.stepdefinitions.ProductSteps.clickBeliButton()&amp#27;[0m
19:21:09.439 [main] DEBUG net.thucydides.core.steps.StepInterceptor - STARTING STEP: ProductSteps.clickIncreaseProduct - clickIncreaseProduct
19:21:09.443 [main] DEBUG net.thucydides.core.steps.StepInterceptor - STEP DONE: clickIncreaseProduct
  &amp#27;[32mAnd &amp#27;[0m&amp#27;[32mI am adding 1 product in order page&amp#27;[0m          &amp#27;[90m# starter.stepdefinitions.ProductSteps.clickIncreaseProduct()&amp#27;[0m
19:21:09.449 [main] DEBUG net.thucydides.core.steps.StepInterceptor - STARTING STEP: ProductSteps.validateQuantityIncreased - validateQuantityIncreased
19:21:09.450 [main] DEBUG net.thucydides.core.steps.StepInterceptor - STEP DONE: validateQuantityIncreased
  &amp#27;[32mThen &amp#27;[0m&amp#27;[32mI should see that the product has increased&amp#27;[0m &amp#27;[90m# starter.stepdefinitions.ProductSteps.validateQuantityIncreased()&amp#27;[0m
19:21:09.454 [main] INFO  - 
  _____   ___   ___   _____     ___     _     ___   ___   ___   ___  
 |_   _| | __| / __| |_   _|   | _ \   /_\   / __| / __| | __| |   \ 
   | |   | _|  \__ \   | |     |  _/  / _ \  \__ \ \__ \ | _|  | |) |
   |_|   |___| |___/   |_|     |_|   /_/ \_\ |___/ |___/ |___| |___/ 

Adding product from cart page
----------------------------------------------------------------------
]]></system-out>
  </testcase>
  <testcase name="Reducing product from cart page" classname="Product" time="0.088">
    <system-out><![CDATA[
Scenario: Reducing product from cart page        &amp#27;[90m# src/test/resources/features/3. Product.feature:26&amp#27;[0m
19:21:09.462 [main] DEBUG io.cucumber.core.plugin.SerenityReporter - Running feature from file:///C:/Users/Bunayya%20Zulfikar/3D%20Objects/alta_web_minpro_testcase/src/test/resources/features/3.%20Product.feature
19:21:09.464 [main] INFO  - 
  _____   ___   ___   _____     ___   _____     _     ___   _____   ___   ___  
 |_   _| | __| / __| |_   _|   / __| |_   _|   /_\   | _ \ |_   _| | __| |   \ 
   | |   | _|  \__ \   | |     \__ \   | |    / _ \  |   /   | |   | _|  | |) |
   |_|   |___| |___/   |_|     |___/   |_|   /_/ \_\ |_|_\   |_|   |___| |___/ 

Reducing product from cart page(product;reducing-product-from-cart-page)
--------------------------------------------------------------------------------
19:21:09.511 [main] DEBUG net.thucydides.core.steps.StepInterceptor - STARTING STEP: ProductSteps.goToHomePage - clickToolbarTitle
19:21:09.516 [main] DEBUG net.thucydides.core.steps.StepInterceptor - STEP DONE: clickToolbarTitle
  &amp#27;[32mGiven &amp#27;[0m&amp#27;[32mI go to the alta-shop home page&amp#27;[0m          &amp#27;[90m# starter.stepdefinitions.ProductSteps.goToHomePage()&amp#27;[0m
19:21:09.520 [main] DEBUG net.thucydides.core.steps.StepInterceptor - STARTING STEP: ProductSteps.chooseTheProduct - validateTheProduct
19:21:09.520 [main] DEBUG net.thucydides.core.steps.StepInterceptor - STEP DONE: validateTheProduct
  &amp#27;[32mAnd &amp#27;[0m&amp#27;[32mI choose the product&amp#27;[0m                       &amp#27;[90m# starter.stepdefinitions.ProductSteps.chooseTheProduct()&amp#27;[0m
19:21:09.523 [main] DEBUG net.thucydides.core.steps.StepInterceptor - STARTING STEP: ProductSteps.clickBeliButton - clickBeliButton
19:21:09.526 [main] DEBUG net.thucydides.core.steps.StepInterceptor - STEP DONE: clickBeliButton
  &amp#27;[32mWhen &amp#27;[0m&amp#27;[32mI click BELI button from the product&amp#27;[0m      &amp#27;[90m# starter.stepdefinitions.ProductSteps.clickBeliButton()&amp#27;[0m
19:21:09.534 [main] DEBUG net.thucydides.core.steps.StepInterceptor - STARTING STEP: ProductSteps.clickReducedProduct - clickReduceProduct
19:21:09.538 [main] DEBUG net.thucydides.core.steps.StepInterceptor - STEP DONE: clickReduceProduct
  &amp#27;[32mAnd &amp#27;[0m&amp#27;[32mI am reducing 1 product in order page&amp#27;[0m      &amp#27;[90m# starter.stepdefinitions.ProductSteps.clickReducedProduct()&amp#27;[0m
19:21:09.541 [main] DEBUG net.thucydides.core.steps.StepInterceptor - STARTING STEP: ProductSteps.validateQuantityReduced - validateQuantityReduced
19:21:09.542 [main] DEBUG net.thucydides.core.steps.StepInterceptor - STEP DONE: validateQuantityReduced
  &amp#27;[32mThen &amp#27;[0m&amp#27;[32mI should see that the product has reduced&amp#27;[0m &amp#27;[90m# starter.stepdefinitions.ProductSteps.validateQuantityReduced()&amp#27;[0m
19:21:09.543 [main] INFO  - 
  _____   ___   ___   _____     ___     _     ___   ___   ___   ___  
 |_   _| | __| / __| |_   _|   | _ \   /_\   / __| / __| | __| |   \ 
   | |   | _|  \__ \   | |     |  _/  / _ \  \__ \ \__ \ | _|  | |) |
   |_|   |___| |___/   |_|     |_|   /_/ \_\ |___/ |___/ |___| |___/ 

Reducing product from cart page
----------------------------------------------------------------------
]]></system-out>
  </testcase>
  <testcase name="View product detail" classname="Product" time="0.099">
    <system-out><![CDATA[
Scenario: View product detail                 &amp#27;[90m# src/test/resources/features/3. Product.feature:33&amp#27;[0m
19:21:09.548 [main] DEBUG io.cucumber.core.plugin.SerenityReporter - Running feature from file:///C:/Users/Bunayya%20Zulfikar/3D%20Objects/alta_web_minpro_testcase/src/test/resources/features/3.%20Product.feature
19:21:09.551 [main] INFO  - 
  _____   ___   ___   _____     ___   _____     _     ___   _____   ___   ___  
 |_   _| | __| / __| |_   _|   / __| |_   _|   /_\   | _ \ |_   _| | __| |   \ 
   | |   | _|  \__ \   | |     \__ \   | |    / _ \  |   /   | |   | _|  | |) |
   |_|   |___| |___/   |_|     |___/   |_|   /_/ \_\ |_|_\   |_|   |___| |___/ 

View product detail(product;view-product-detail)
--------------------------------------------------------------------------------
19:21:09.602 [main] DEBUG net.thucydides.core.steps.StepInterceptor - STARTING STEP: ProductSteps.goToHomePage - clickToolbarTitle
19:21:09.608 [main] DEBUG net.thucydides.core.steps.StepInterceptor - STEP DONE: clickToolbarTitle
  &amp#27;[32mGiven &amp#27;[0m&amp#27;[32mI go to the alta-shop home page&amp#27;[0m       &amp#27;[90m# starter.stepdefinitions.ProductSteps.goToHomePage()&amp#27;[0m
19:21:09.615 [main] DEBUG net.thucydides.core.steps.StepInterceptor - STARTING STEP: ProductSteps.chooseTheProduct - validateTheProduct
19:21:09.616 [main] DEBUG net.thucydides.core.steps.StepInterceptor - STEP DONE: validateTheProduct
  &amp#27;[32mAnd &amp#27;[0m&amp#27;[32mI choose the product&amp#27;[0m                    &amp#27;[90m# starter.stepdefinitions.ProductSteps.chooseTheProduct()&amp#27;[0m
19:21:09.623 [main] DEBUG net.thucydides.core.steps.StepInterceptor - STARTING STEP: ProductSteps.clickDetailButton - clickDetailButton
19:21:09.626 [main] DEBUG net.thucydides.core.steps.StepInterceptor - STEP DONE: clickDetailButton
  &amp#27;[32mWhen &amp#27;[0m&amp#27;[32mI click DETAIL button from the product&amp#27;[0m &amp#27;[90m# starter.stepdefinitions.ProductSteps.clickDetailButton()&amp#27;[0m
19:21:09.636 [main] DEBUG net.thucydides.core.steps.StepInterceptor - STARTING STEP: ProductSteps.validateOnDetailProductPage - validateOnDetailProductPage
19:21:09.638 [main] DEBUG net.thucydides.core.steps.StepInterceptor - STEP DONE: validateOnDetailProductPage
  &amp#27;[32mThen &amp#27;[0m&amp#27;[32mI should see detail of the product&amp#27;[0m     &amp#27;[90m# starter.stepdefinitions.ProductSteps.validateOnDetailProductPage()&amp#27;[0m
19:21:09.641 [main] INFO  - 
  _____   ___   ___   _____     ___     _     ___   ___   ___   ___  
 |_   _| | __| / __| |_   _|   | _ \   /_\   / __| / __| | __| |   \ 
   | |   | _|  \__ \   | |     |  _/  / _ \  \__ \ \__ \ | _|  | |) |
   |_|   |___| |___/   |_|     |_|   /_/ \_\ |___/ |___/ |___| |___/ 

View product detail
----------------------------------------------------------------------
]]></system-out>
  </testcase>
  <testcase name="Select category" classname="Category" time="4.17">
    <system-out><![CDATA[19:21:09.643 [main] DEBUG io.cucumber.core.plugin.SerenityReporter - Running feature from file:///C:/Users/Bunayya%20Zulfikar/3D%20Objects/alta_web_minpro_testcase/src/test/resources/features/4.%20Category.feature
19:21:09.646 [main] DEBUG net.thucydides.core.steps.StepEventBus - Test suite started for story net.thucydides.core.model.Story@45bcdf51
19:21:09.647 [main] INFO  - Test Suite Started: Category

Scenario: Select category                                &amp#27;[90m# src/test/resources/features/4. Category.feature:7&amp#27;[0m
19:21:09.652 [main] DEBUG io.cucumber.core.plugin.SerenityReporter - Running feature from file:///C:/Users/Bunayya%20Zulfikar/3D%20Objects/alta_web_minpro_testcase/src/test/resources/features/4.%20Category.feature
19:21:09.660 [main] INFO  - 
  _____   ___   ___   _____     ___   _____     _     ___   _____   ___   ___  
 |_   _| | __| / __| |_   _|   / __| |_   _|   /_\   | _ \ |_   _| | __| |   \ 
   | |   | _|  \__ \   | |     \__ \   | |    / _ \  |   /   | |   | _|  | |) |
   |_|   |___| |___/   |_|     |___/   |_|   /_/ \_\ |_|_\   |_|   |___| |___/ 

Select category(category;select-category)
--------------------------------------------------------------------------------
19:21:09.700 [main] DEBUG net.thucydides.core.steps.StepInterceptor - STARTING STEP: CategorySteps.goToHomePage - openPage
19:21:09.755 [main] INFO net.serenitybdd.core.webdriver.driverproviders.ChromeDriverProvider - Starting Chrome driver instance with capabilities:
19:21:09.755 [main] INFO net.serenitybdd.core.webdriver.driverproviders.ChromeDriverProvider - Capabilities {acceptInsecureCerts: false, browserName: chrome, goog:chromeOptions: {args: [remote-allow-origins=*], extensions: []}}
19:21:09.821 [AsyncHttpClient-1-11] DEBUG org.asynchttpclient.netty.channel.NettyConnectListener - Using new Channel '[id: 0x6ab4f395, L:/127.0.0.1:61029 - R:localhost/127.0.0.1:31205]' for 'POST' to '/session'
19:21:10.546 [AsyncHttpClient-1-11] DEBUG org.asynchttpclient.netty.handler.HttpHandler - 

Request DefaultHttpRequest(decodeResult: success, version: HTTP/1.1)
POST /session HTTP/1.1
User-Agent: selenium/4.8.1 (java windows)
Content-Length: 507
Content-Type: application/json; charset=utf-8
host: localhost:31205
accept: */*

Response DefaultHttpResponse(decodeResult: success, version: HTTP/1.1)
HTTP/1.1 200 OK
Content-Length: 862
Content-Type: application/json; charset=utf-8
cache-control: no-cache

19:21:10.546 [AsyncHttpClient-1-11] DEBUG org.asynchttpclient.netty.channel.ChannelManager - Adding key: http://localhost:31205 for channel [id: 0x6ab4f395, L:/127.0.0.1:61029 - R:localhost/127.0.0.1:31205]
19:21:10.552 [AsyncHttpClient-1-12] DEBUG org.asynchttpclient.netty.channel.NettyConnectListener - Using new Channel '[id: 0xe46d1396, L:/127.0.0.1:61036 - R:localhost/127.0.0.1:61030]' for 'GET' to '/json/version'
19:21:10.555 [AsyncHttpClient-1-12] DEBUG org.asynchttpclient.netty.handler.HttpHandler - 

Request DefaultFullHttpRequest(decodeResult: success, version: HTTP/1.1, content: EmptyByteBufBE)
GET /json/version HTTP/1.1
User-Agent: selenium/4.8.1 (java windows)
host: localhost:61030
accept: */*

Response DefaultHttpResponse(decodeResult: success, version: HTTP/1.1)
HTTP/1.1 200 OK
Content-Security-Policy: frame-ancestors 'none'
Content-Length: 422
Content-Type: application/json; charset=UTF-8

19:21:10.555 [AsyncHttpClient-1-12] DEBUG org.asynchttpclient.netty.channel.ChannelManager - Adding key: http://localhost:61030 for channel [id: 0xe46d1396, L:/127.0.0.1:61036 - R:localhost/127.0.0.1:61030]
19:21:10.558 [AsyncHttpClient-1-13] DEBUG org.asynchttpclient.netty.channel.NettyConnectListener - Using new Channel '[id: 0x3d481a61, L:/127.0.0.1:61037 - R:localhost/127.0.0.1:61030]' for 'GET' to '/devtools/browser/ec84422e-4d95-4256-a48d-34d3ac498ccc'
19:21:10.559 [AsyncHttpClient-1-13] DEBUG org.asynchttpclient.netty.handler.WebSocketHandler - 

Request DefaultFullHttpRequest(decodeResult: success, version: HTTP/1.1, content: EmptyByteBufBE)
GET /devtools/browser/ec84422e-4d95-4256-a48d-34d3ac498ccc HTTP/1.1
upgrade: websocket
connection: upgrade
sec-websocket-key: tvlAyccy8Wf/lo0OnXhyHg==
sec-websocket-version: 13
origin: http://localhost:61030
host: localhost:61030
accept: */*
user-agent: AHC/2.1

Response DefaultHttpResponse(decodeResult: success, version: HTTP/1.1)
HTTP/1.1 101 WebSocket Protocol Handshake
Upgrade: WebSocket
Connection: Upgrade
Sec-WebSocket-Accept: +5crkdE136XGOo6V47hz+G+16bo=

19:21:10.564 [Forwarding get on session 6dff77d5687df887ab85d1cbd010ff16 to remote] DEBUG org.asynchttpclient.netty.request.NettyRequestSender - Using pooled Channel '[id: 0x6ab4f395, L:/127.0.0.1:61029 - R:localhost/127.0.0.1:31205]' for 'POST' to 'http://localhost:31205/session/6dff77d5687df887ab85d1cbd010ff16/url'
19:21:10.564 [Forwarding get on session 6dff77d5687df887ab85d1cbd010ff16 to remote] DEBUG org.asynchttpclient.netty.request.NettyRequestSender - Using open Channel [id: 0x6ab4f395, L:/127.0.0.1:61029 - R:localhost/127.0.0.1:31205] for POST '/session/6dff77d5687df887ab85d1cbd010ff16/url'
19:21:11.173 [AsyncHttpClient-1-11] DEBUG org.asynchttpclient.netty.handler.HttpHandler - 

Request DefaultHttpRequest(decodeResult: success, version: HTTP/1.1)
POST /session/6dff77d5687df887ab85d1cbd010ff16/url HTTP/1.1
User-Agent: selenium/4.8.1 (java windows)
Content-Length: 80
Content-Type: application/json; charset=utf-8
host: localhost:31205
accept: */*

Response DefaultHttpResponse(decodeResult: success, version: HTTP/1.1)
HTTP/1.1 200 OK
Content-Length: 14
Content-Type: application/json; charset=utf-8
cache-control: no-cache

19:21:11.173 [AsyncHttpClient-1-11] DEBUG org.asynchttpclient.netty.channel.ChannelManager - Adding key: http://localhost:31205 for channel [id: 0x6ab4f395, L:/127.0.0.1:61029 - R:localhost/127.0.0.1:31205]
19:21:11.175 [Forwarding setTimeout on session 6dff77d5687df887ab85d1cbd010ff16 to remote] DEBUG org.asynchttpclient.netty.request.NettyRequestSender - Using pooled Channel '[id: 0x6ab4f395, L:/127.0.0.1:61029 - R:localhost/127.0.0.1:31205]' for 'POST' to 'http://localhost:31205/session/6dff77d5687df887ab85d1cbd010ff16/timeouts'
19:21:11.175 [Forwarding setTimeout on session 6dff77d5687df887ab85d1cbd010ff16 to remote] DEBUG org.asynchttpclient.netty.request.NettyRequestSender - Using open Channel [id: 0x6ab4f395, L:/127.0.0.1:61029 - R:localhost/127.0.0.1:31205] for POST '/session/6dff77d5687df887ab85d1cbd010ff16/timeouts'
19:21:11.175 [AsyncHttpClient-1-11] DEBUG org.asynchttpclient.netty.handler.HttpHandler - 

Request DefaultHttpRequest(decodeResult: success, version: HTTP/1.1)
POST /session/6dff77d5687df887ab85d1cbd010ff16/timeouts HTTP/1.1
User-Agent: selenium/4.8.1 (java windows)
Content-Length: 22
Content-Type: application/json; charset=utf-8
host: localhost:31205
accept: */*

Response DefaultHttpResponse(decodeResult: success, version: HTTP/1.1)
HTTP/1.1 200 OK
Content-Length: 14
Content-Type: application/json; charset=utf-8
cache-control: no-cache

19:21:11.175 [AsyncHttpClient-1-11] DEBUG org.asynchttpclient.netty.channel.ChannelManager - Adding key: http://localhost:31205 for channel [id: 0x6ab4f395, L:/127.0.0.1:61029 - R:localhost/127.0.0.1:31205]
19:21:11.183 [main] DEBUG net.serenitybdd.core.photography.Darkroom - Opening darkroom
19:21:11.183 [Darkroom Processing Line] DEBUG net.serenitybdd.core.photography.DarkroomProcessingLine - Darkroom processing line starting up
19:21:11.184 [Forwarding getAlertText on session 6dff77d5687df887ab85d1cbd010ff16 to remote] DEBUG org.asynchttpclient.netty.request.NettyRequestSender - Using pooled Channel '[id: 0x6ab4f395, L:/127.0.0.1:61029 - R:localhost/127.0.0.1:31205]' for 'GET' to 'http://localhost:31205/session/6dff77d5687df887ab85d1cbd010ff16/alert/text'
19:21:11.184 [Forwarding getAlertText on session 6dff77d5687df887ab85d1cbd010ff16 to remote] DEBUG org.asynchttpclient.netty.request.NettyRequestSender - Using open Channel [id: 0x6ab4f395, L:/127.0.0.1:61029 - R:localhost/127.0.0.1:31205] for GET '/session/6dff77d5687df887ab85d1cbd010ff16/alert/text'
19:21:11.185 [AsyncHttpClient-1-11] DEBUG org.asynchttpclient.netty.handler.HttpHandler - 

Request DefaultFullHttpRequest(decodeResult: success, version: HTTP/1.1, content: EmptyByteBufBE)
GET /session/6dff77d5687df887ab85d1cbd010ff16/alert/text HTTP/1.1
User-Agent: selenium/4.8.1 (java windows)
Cache-Control: no-cache
Content-Type: application/json; charset=utf-8
host: localhost:31205
accept: */*

Response DefaultHttpResponse(decodeResult: success, version: HTTP/1.1)
HTTP/1.1 404 Not Found
Content-Length: 847
Content-Type: application/json; charset=utf-8
cache-control: no-cache

19:21:11.185 [AsyncHttpClient-1-11] DEBUG org.asynchttpclient.netty.channel.ChannelManager - Adding key: http://localhost:31205 for channel [id: 0x6ab4f395, L:/127.0.0.1:61029 - R:localhost/127.0.0.1:31205]
19:21:11.186 [Forwarding getCurrentUrl on session 6dff77d5687df887ab85d1cbd010ff16 to remote] DEBUG org.asynchttpclient.netty.request.NettyRequestSender - Using pooled Channel '[id: 0x6ab4f395, L:/127.0.0.1:61029 - R:localhost/127.0.0.1:31205]' for 'GET' to 'http://localhost:31205/session/6dff77d5687df887ab85d1cbd010ff16/url'
19:21:11.186 [Forwarding getCurrentUrl on session 6dff77d5687df887ab85d1cbd010ff16 to remote] DEBUG org.asynchttpclient.netty.request.NettyRequestSender - Using open Channel [id: 0x6ab4f395, L:/127.0.0.1:61029 - R:localhost/127.0.0.1:31205] for GET '/session/6dff77d5687df887ab85d1cbd010ff16/url'
19:21:11.200 [AsyncHttpClient-1-11] DEBUG org.asynchttpclient.netty.handler.HttpHandler - 

Request DefaultFullHttpRequest(decodeResult: success, version: HTTP/1.1, content: EmptyByteBufBE)
GET /session/6dff77d5687df887ab85d1cbd010ff16/url HTTP/1.1
User-Agent: selenium/4.8.1 (java windows)
Cache-Control: no-cache
Content-Type: application/json; charset=utf-8
host: localhost:31205
accept: */*

Response DefaultHttpResponse(decodeResult: success, version: HTTP/1.1)
HTTP/1.1 200 OK
Content-Length: 52
Content-Type: application/json; charset=utf-8
cache-control: no-cache

19:21:11.201 [AsyncHttpClient-1-11] DEBUG org.asynchttpclient.netty.channel.ChannelManager - Adding key: http://localhost:31205 for channel [id: 0x6ab4f395, L:/127.0.0.1:61029 - R:localhost/127.0.0.1:31205]
19:21:11.201 [Forwarding screenshot on session 6dff77d5687df887ab85d1cbd010ff16 to remote] DEBUG org.asynchttpclient.netty.request.NettyRequestSender - Using pooled Channel '[id: 0x6ab4f395, L:/127.0.0.1:61029 - R:localhost/127.0.0.1:31205]' for 'GET' to 'http://localhost:31205/session/6dff77d5687df887ab85d1cbd010ff16/screenshot'
19:21:11.201 [Forwarding screenshot on session 6dff77d5687df887ab85d1cbd010ff16 to remote] DEBUG org.asynchttpclient.netty.request.NettyRequestSender - Using open Channel [id: 0x6ab4f395, L:/127.0.0.1:61029 - R:localhost/127.0.0.1:31205] for GET '/session/6dff77d5687df887ab85d1cbd010ff16/screenshot'
19:21:11.498 [AsyncHttpClient-1-1] DEBUG org.asynchttpclient.netty.channel.DefaultChannelPool - Entry count for : http://localhost:61030 : 1
19:21:11.543 [AsyncHttpClient-1-11] DEBUG org.asynchttpclient.netty.handler.HttpHandler - 

Request DefaultFullHttpRequest(decodeResult: success, version: HTTP/1.1, content: EmptyByteBufBE)
GET /session/6dff77d5687df887ab85d1cbd010ff16/screenshot HTTP/1.1
User-Agent: selenium/4.8.1 (java windows)
Cache-Control: no-cache
Content-Type: application/json; charset=utf-8
host: localhost:31205
accept: */*

Response DefaultHttpResponse(decodeResult: success, version: HTTP/1.1)
HTTP/1.1 200 OK
Content-Length: 32168
Content-Type: application/json; charset=utf-8
cache-control: no-cache

19:21:11.543 [AsyncHttpClient-1-11] DEBUG org.asynchttpclient.netty.channel.ChannelManager - Adding key: http://localhost:31205 for channel [id: 0x6ab4f395, L:/127.0.0.1:61029 - R:localhost/127.0.0.1:31205]
19:21:11.544 [main] DEBUG net.serenitybdd.core.photography.Darkroom - Send negative for processing for target\site\serenity\d00787a84e57ae9818ec6333fe71d83a89fc0961433dfe7832481e3dca8fda29.png
19:21:11.545 [main] DEBUG net.thucydides.core.steps.StepInterceptor - STEP DONE: openPage
19:21:11.553 [Forwarding getPageSource on session 6dff77d5687df887ab85d1cbd010ff16 to remote] DEBUG org.asynchttpclient.netty.request.NettyRequestSender - Using pooled Channel '[id: 0x6ab4f395, L:/127.0.0.1:61029 - R:localhost/127.0.0.1:31205]' for 'POST' to 'http://localhost:31205/session/6dff77d5687df887ab85d1cbd010ff16/execute/sync'
19:21:11.554 [Forwarding getPageSource on session 6dff77d5687df887ab85d1cbd010ff16 to remote] DEBUG org.asynchttpclient.netty.request.NettyRequestSender - Using open Channel [id: 0x6ab4f395, L:/127.0.0.1:61029 - R:localhost/127.0.0.1:31205] for POST '/session/6dff77d5687df887ab85d1cbd010ff16/execute/sync'
19:21:11.565 [AsyncHttpClient-1-11] DEBUG org.asynchttpclient.netty.handler.HttpHandler - 

Request DefaultHttpRequest(decodeResult: success, version: HTTP/1.1)
POST /session/6dff77d5687df887ab85d1cbd010ff16/execute/sync HTTP/1.1
User-Agent: selenium/4.8.1 (java windows)
Content-Length: 176
Content-Type: application/json; charset=utf-8
host: localhost:31205
accept: */*

Response DefaultHttpResponse(decodeResult: success, version: HTTP/1.1)
HTTP/1.1 200 OK
Content-Length: 21659
Content-Type: application/json; charset=utf-8
cache-control: no-cache

19:21:11.565 [AsyncHttpClient-1-11] DEBUG org.asynchttpclient.netty.channel.ChannelManager - Adding key: http://localhost:31205 for channel [id: 0x6ab4f395, L:/127.0.0.1:61029 - R:localhost/127.0.0.1:31205]
19:21:11.566 [Forwarding getCurrentUrl on session 6dff77d5687df887ab85d1cbd010ff16 to remote] DEBUG org.asynchttpclient.netty.request.NettyRequestSender - Using pooled Channel '[id: 0x6ab4f395, L:/127.0.0.1:61029 - R:localhost/127.0.0.1:31205]' for 'GET' to 'http://localhost:31205/session/6dff77d5687df887ab85d1cbd010ff16/url'
19:21:11.566 [Forwarding getCurrentUrl on session 6dff77d5687df887ab85d1cbd010ff16 to remote] DEBUG org.asynchttpclient.netty.request.NettyRequestSender - Using open Channel [id: 0x6ab4f395, L:/127.0.0.1:61029 - R:localhost/127.0.0.1:31205] for GET '/session/6dff77d5687df887ab85d1cbd010ff16/url'
19:21:11.573 [AsyncHttpClient-1-11] DEBUG org.asynchttpclient.netty.handler.HttpHandler - 

Request DefaultFullHttpRequest(decodeResult: success, version: HTTP/1.1, content: EmptyByteBufBE)
GET /session/6dff77d5687df887ab85d1cbd010ff16/url HTTP/1.1
User-Agent: selenium/4.8.1 (java windows)
Cache-Control: no-cache
Content-Type: application/json; charset=utf-8
host: localhost:31205
accept: */*

Response DefaultHttpResponse(decodeResult: success, version: HTTP/1.1)
HTTP/1.1 200 OK
Content-Length: 52
Content-Type: application/json; charset=utf-8
cache-control: no-cache

19:21:11.573 [AsyncHttpClient-1-11] DEBUG org.asynchttpclient.netty.channel.ChannelManager - Adding key: http://localhost:31205 for channel [id: 0x6ab4f395, L:/127.0.0.1:61029 - R:localhost/127.0.0.1:31205]
19:21:11.577 [main] DEBUG net.thucydides.core.steps.StepInterceptor - STARTING STEP: CategorySteps.goToHomePage - clickToolbarTitle
19:21:11.580 [Forwarding findElement on session 6dff77d5687df887ab85d1cbd010ff16 to remote] DEBUG org.asynchttpclient.netty.request.NettyRequestSender - Using pooled Channel '[id: 0x6ab4f395, L:/127.0.0.1:61029 - R:localhost/127.0.0.1:31205]' for 'POST' to 'http://localhost:31205/session/6dff77d5687df887ab85d1cbd010ff16/element'
19:21:11.580 [Forwarding findElement on session 6dff77d5687df887ab85d1cbd010ff16 to remote] DEBUG org.asynchttpclient.netty.request.NettyRequestSender - Using open Channel [id: 0x6ab4f395, L:/127.0.0.1:61029 - R:localhost/127.0.0.1:31205] for POST '/session/6dff77d5687df887ab85d1cbd010ff16/element'
19:21:11.602 [AsyncHttpClient-1-11] DEBUG org.asynchttpclient.netty.handler.HttpHandler - 

Request DefaultHttpRequest(decodeResult: success, version: HTTP/1.1)
POST /session/6dff77d5687df887ab85d1cbd010ff16/element HTTP/1.1
User-Agent: selenium/4.8.1 (java windows)
Content-Length: 63
Content-Type: application/json; charset=utf-8
host: localhost:31205
accept: */*

Response DefaultHttpResponse(decodeResult: success, version: HTTP/1.1)
HTTP/1.1 200 OK
Content-Length: 94
Content-Type: application/json; charset=utf-8
cache-control: no-cache

19:21:11.602 [AsyncHttpClient-1-11] DEBUG org.asynchttpclient.netty.channel.ChannelManager - Adding key: http://localhost:31205 for channel [id: 0x6ab4f395, L:/127.0.0.1:61029 - R:localhost/127.0.0.1:31205]
19:21:11.603 [Forwarding getElementTagName on session 6dff77d5687df887ab85d1cbd010ff16 to remote] DEBUG org.asynchttpclient.netty.request.NettyRequestSender - Using pooled Channel '[id: 0x6ab4f395, L:/127.0.0.1:61029 - R:localhost/127.0.0.1:31205]' for 'GET' to 'http://localhost:31205/session/6dff77d5687df887ab85d1cbd010ff16/element/9678CFCB3F108E3229907A7981E4117F_element_5/name'
19:21:11.603 [Forwarding getElementTagName on session 6dff77d5687df887ab85d1cbd010ff16 to remote] DEBUG org.asynchttpclient.netty.request.NettyRequestSender - Using open Channel [id: 0x6ab4f395, L:/127.0.0.1:61029 - R:localhost/127.0.0.1:31205] for GET '/session/6dff77d5687df887ab85d1cbd010ff16/element/9678CFCB3F108E3229907A7981E4117F_element_5/name'
19:21:11.611 [AsyncHttpClient-1-11] DEBUG org.asynchttpclient.netty.handler.HttpHandler - 

Request DefaultFullHttpRequest(decodeResult: success, version: HTTP/1.1, content: EmptyByteBufBE)
GET /session/6dff77d5687df887ab85d1cbd010ff16/element/9678CFCB3F108E3229907A7981E4117F_element_5/name HTTP/1.1
User-Agent: selenium/4.8.1 (java windows)
Cache-Control: no-cache
Content-Type: application/json; charset=utf-8
host: localhost:31205
accept: */*

Response DefaultHttpResponse(decodeResult: success, version: HTTP/1.1)
HTTP/1.1 200 OK
Content-Length: 15
Content-Type: application/json; charset=utf-8
cache-control: no-cache

19:21:11.611 [AsyncHttpClient-1-11] DEBUG org.asynchttpclient.netty.channel.ChannelManager - Adding key: http://localhost:31205 for channel [id: 0x6ab4f395, L:/127.0.0.1:61029 - R:localhost/127.0.0.1:31205]
19:21:11.612 [Forwarding getElementTagName on session 6dff77d5687df887ab85d1cbd010ff16 to remote] DEBUG org.asynchttpclient.netty.request.NettyRequestSender - Using pooled Channel '[id: 0x6ab4f395, L:/127.0.0.1:61029 - R:localhost/127.0.0.1:31205]' for 'GET' to 'http://localhost:31205/session/6dff77d5687df887ab85d1cbd010ff16/element/9678CFCB3F108E3229907A7981E4117F_element_5/name'
19:21:11.612 [Forwarding getElementTagName on session 6dff77d5687df887ab85d1cbd010ff16 to remote] DEBUG org.asynchttpclient.netty.request.NettyRequestSender - Using open Channel [id: 0x6ab4f395, L:/127.0.0.1:61029 - R:localhost/127.0.0.1:31205] for GET '/session/6dff77d5687df887ab85d1cbd010ff16/element/9678CFCB3F108E3229907A7981E4117F_element_5/name'
19:21:11.620 [AsyncHttpClient-1-11] DEBUG org.asynchttpclient.netty.handler.HttpHandler - 

Request DefaultFullHttpRequest(decodeResult: success, version: HTTP/1.1, content: EmptyByteBufBE)
GET /session/6dff77d5687df887ab85d1cbd010ff16/element/9678CFCB3F108E3229907A7981E4117F_element_5/name HTTP/1.1
User-Agent: selenium/4.8.1 (java windows)
Cache-Control: no-cache
Content-Type: application/json; charset=utf-8
host: localhost:31205
accept: */*

Response DefaultHttpResponse(decodeResult: success, version: HTTP/1.1)
HTTP/1.1 200 OK
Content-Length: 15
Content-Type: application/json; charset=utf-8
cache-control: no-cache

19:21:11.620 [AsyncHttpClient-1-11] DEBUG org.asynchttpclient.netty.channel.ChannelManager - Adding key: http://localhost:31205 for channel [id: 0x6ab4f395, L:/127.0.0.1:61029 - R:localhost/127.0.0.1:31205]
19:21:11.622 [Forwarding findElement on session 6dff77d5687df887ab85d1cbd010ff16 to remote] DEBUG org.asynchttpclient.netty.request.NettyRequestSender - Using pooled Channel '[id: 0x6ab4f395, L:/127.0.0.1:61029 - R:localhost/127.0.0.1:31205]' for 'POST' to 'http://localhost:31205/session/6dff77d5687df887ab85d1cbd010ff16/element'
19:21:11.622 [Forwarding findElement on session 6dff77d5687df887ab85d1cbd010ff16 to remote] DEBUG org.asynchttpclient.netty.request.NettyRequestSender - Using open Channel [id: 0x6ab4f395, L:/127.0.0.1:61029 - R:localhost/127.0.0.1:31205] for POST '/session/6dff77d5687df887ab85d1cbd010ff16/element'
19:21:11.636 [AsyncHttpClient-1-11] DEBUG org.asynchttpclient.netty.handler.HttpHandler - 

Request DefaultHttpRequest(decodeResult: success, version: HTTP/1.1)
POST /session/6dff77d5687df887ab85d1cbd010ff16/element HTTP/1.1
User-Agent: selenium/4.8.1 (java windows)
Content-Length: 63
Content-Type: application/json; charset=utf-8
host: localhost:31205
accept: */*

Response DefaultHttpResponse(decodeResult: success, version: HTTP/1.1)
HTTP/1.1 200 OK
Content-Length: 94
Content-Type: application/json; charset=utf-8
cache-control: no-cache

19:21:11.636 [AsyncHttpClient-1-11] DEBUG org.asynchttpclient.netty.channel.ChannelManager - Adding key: http://localhost:31205 for channel [id: 0x6ab4f395, L:/127.0.0.1:61029 - R:localhost/127.0.0.1:31205]
19:21:11.637 [Forwarding clickElement on session 6dff77d5687df887ab85d1cbd010ff16 to remote] DEBUG org.asynchttpclient.netty.request.NettyRequestSender - Using pooled Channel '[id: 0x6ab4f395, L:/127.0.0.1:61029 - R:localhost/127.0.0.1:31205]' for 'POST' to 'http://localhost:31205/session/6dff77d5687df887ab85d1cbd010ff16/element/9678CFCB3F108E3229907A7981E4117F_element_5/click'
19:21:11.638 [Forwarding clickElement on session 6dff77d5687df887ab85d1cbd010ff16 to remote] DEBUG org.asynchttpclient.netty.request.NettyRequestSender - Using open Channel [id: 0x6ab4f395, L:/127.0.0.1:61029 - R:localhost/127.0.0.1:31205] for POST '/session/6dff77d5687df887ab85d1cbd010ff16/element/9678CFCB3F108E3229907A7981E4117F_element_5/click'
19:21:11.765 [AsyncHttpClient-1-11] DEBUG org.asynchttpclient.netty.handler.HttpHandler - 

Request DefaultHttpRequest(decodeResult: success, version: HTTP/1.1)
POST /session/6dff77d5687df887ab85d1cbd010ff16/element/9678CFCB3F108E3229907A7981E4117F_element_5/click HTTP/1.1
User-Agent: selenium/4.8.1 (java windows)
Content-Length: 56
Content-Type: application/json; charset=utf-8
host: localhost:31205
accept: */*

Response DefaultHttpResponse(decodeResult: success, version: HTTP/1.1)
HTTP/1.1 200 OK
Content-Length: 14
Content-Type: application/json; charset=utf-8
cache-control: no-cache

19:21:11.765 [AsyncHttpClient-1-11] DEBUG org.asynchttpclient.netty.channel.ChannelManager - Adding key: http://localhost:31205 for channel [id: 0x6ab4f395, L:/127.0.0.1:61029 - R:localhost/127.0.0.1:31205]
19:21:11.777 [Forwarding getAlertText on session 6dff77d5687df887ab85d1cbd010ff16 to remote] DEBUG org.asynchttpclient.netty.request.NettyRequestSender - Using pooled Channel '[id: 0x6ab4f395, L:/127.0.0.1:61029 - R:localhost/127.0.0.1:31205]' for 'GET' to 'http://localhost:31205/session/6dff77d5687df887ab85d1cbd010ff16/alert/text'
19:21:11.777 [Forwarding getAlertText on session 6dff77d5687df887ab85d1cbd010ff16 to remote] DEBUG org.asynchttpclient.netty.request.NettyRequestSender - Using open Channel [id: 0x6ab4f395, L:/127.0.0.1:61029 - R:localhost/127.0.0.1:31205] for GET '/session/6dff77d5687df887ab85d1cbd010ff16/alert/text'
19:21:11.781 [AsyncHttpClient-1-11] DEBUG org.asynchttpclient.netty.handler.HttpHandler - 

Request DefaultFullHttpRequest(decodeResult: success, version: HTTP/1.1, content: EmptyByteBufBE)
GET /session/6dff77d5687df887ab85d1cbd010ff16/alert/text HTTP/1.1
User-Agent: selenium/4.8.1 (java windows)
Cache-Control: no-cache
Content-Type: application/json; charset=utf-8
host: localhost:31205
accept: */*

Response DefaultHttpResponse(decodeResult: success, version: HTTP/1.1)
HTTP/1.1 404 Not Found
Content-Length: 847
Content-Type: application/json; charset=utf-8
cache-control: no-cache

19:21:11.781 [AsyncHttpClient-1-11] DEBUG org.asynchttpclient.netty.channel.ChannelManager - Adding key: http://localhost:31205 for channel [id: 0x6ab4f395, L:/127.0.0.1:61029 - R:localhost/127.0.0.1:31205]
19:21:11.782 [Forwarding getCurrentUrl on session 6dff77d5687df887ab85d1cbd010ff16 to remote] DEBUG org.asynchttpclient.netty.request.NettyRequestSender - Using pooled Channel '[id: 0x6ab4f395, L:/127.0.0.1:61029 - R:localhost/127.0.0.1:31205]' for 'GET' to 'http://localhost:31205/session/6dff77d5687df887ab85d1cbd010ff16/url'
19:21:11.782 [Forwarding getCurrentUrl on session 6dff77d5687df887ab85d1cbd010ff16 to remote] DEBUG org.asynchttpclient.netty.request.NettyRequestSender - Using open Channel [id: 0x6ab4f395, L:/127.0.0.1:61029 - R:localhost/127.0.0.1:31205] for GET '/session/6dff77d5687df887ab85d1cbd010ff16/url'
19:21:11.792 [AsyncHttpClient-1-11] DEBUG org.asynchttpclient.netty.handler.HttpHandler - 

Request DefaultFullHttpRequest(decodeResult: success, version: HTTP/1.1, content: EmptyByteBufBE)
GET /session/6dff77d5687df887ab85d1cbd010ff16/url HTTP/1.1
User-Agent: selenium/4.8.1 (java windows)
Cache-Control: no-cache
Content-Type: application/json; charset=utf-8
host: localhost:31205
accept: */*

Response DefaultHttpResponse(decodeResult: success, version: HTTP/1.1)
HTTP/1.1 200 OK
Content-Length: 41
Content-Type: application/json; charset=utf-8
cache-control: no-cache

19:21:11.792 [AsyncHttpClient-1-11] DEBUG org.asynchttpclient.netty.channel.ChannelManager - Adding key: http://localhost:31205 for channel [id: 0x6ab4f395, L:/127.0.0.1:61029 - R:localhost/127.0.0.1:31205]
19:21:11.793 [Forwarding screenshot on session 6dff77d5687df887ab85d1cbd010ff16 to remote] DEBUG org.asynchttpclient.netty.request.NettyRequestSender - Using pooled Channel '[id: 0x6ab4f395, L:/127.0.0.1:61029 - R:localhost/127.0.0.1:31205]' for 'GET' to 'http://localhost:31205/session/6dff77d5687df887ab85d1cbd010ff16/screenshot'
19:21:11.793 [Forwarding screenshot on session 6dff77d5687df887ab85d1cbd010ff16 to remote] DEBUG org.asynchttpclient.netty.request.NettyRequestSender - Using open Channel [id: 0x6ab4f395, L:/127.0.0.1:61029 - R:localhost/127.0.0.1:31205] for GET '/session/6dff77d5687df887ab85d1cbd010ff16/screenshot'
19:21:12.011 [AsyncHttpClient-1-11] DEBUG org.asynchttpclient.netty.handler.HttpHandler - 

Request DefaultFullHttpRequest(decodeResult: success, version: HTTP/1.1, content: EmptyByteBufBE)
GET /session/6dff77d5687df887ab85d1cbd010ff16/screenshot HTTP/1.1
User-Agent: selenium/4.8.1 (java windows)
Cache-Control: no-cache
Content-Type: application/json; charset=utf-8
host: localhost:31205
accept: */*

Response DefaultHttpResponse(decodeResult: success, version: HTTP/1.1)
HTTP/1.1 200 OK
Content-Length: 29256
Content-Type: application/json; charset=utf-8
cache-control: no-cache

19:21:12.011 [AsyncHttpClient-1-11] DEBUG org.asynchttpclient.netty.channel.ChannelManager - Adding key: http://localhost:31205 for channel [id: 0x6ab4f395, L:/127.0.0.1:61029 - R:localhost/127.0.0.1:31205]
19:21:12.012 [main] DEBUG net.serenitybdd.core.photography.Darkroom - Send negative for processing for target\site\serenity\996d0cfa09daef3bab2fb815edf9ef3c9b54b22d959a13edcd19990ff2672bbc.png
19:21:12.012 [main] DEBUG net.thucydides.core.steps.StepInterceptor - STEP DONE: clickToolbarTitle
  &amp#27;[32mGiven &amp#27;[0m&amp#27;[32mI go to the alta shop home page&amp#27;[0m                  &amp#27;[90m# starter.stepdefinitions.CategorySteps.goToHomePage()&amp#27;[0m
19:21:12.012 [Darkroom Processing Line] DEBUG net.serenitybdd.core.photography.DarkroomProcessingLine - Processing screenshot image in /var/screenshots/screenshot-3428118714157470755
19:21:12.013 [Darkroom Processing Line] DEBUG net.serenitybdd.core.photography.DarkroomProcessingLine - Saving screenshot to target\site\serenity\996d0cfa09daef3bab2fb815edf9ef3c9b54b22d959a13edcd19990ff2672bbc.png
19:21:12.022 [Forwarding getPageSource on session 6dff77d5687df887ab85d1cbd010ff16 to remote] DEBUG org.asynchttpclient.netty.request.NettyRequestSender - Using pooled Channel '[id: 0x6ab4f395, L:/127.0.0.1:61029 - R:localhost/127.0.0.1:31205]' for 'POST' to 'http://localhost:31205/session/6dff77d5687df887ab85d1cbd010ff16/execute/sync'
19:21:12.023 [Forwarding getPageSource on session 6dff77d5687df887ab85d1cbd010ff16 to remote] DEBUG org.asynchttpclient.netty.request.NettyRequestSender - Using open Channel [id: 0x6ab4f395, L:/127.0.0.1:61029 - R:localhost/127.0.0.1:31205] for POST '/session/6dff77d5687df887ab85d1cbd010ff16/execute/sync'
19:21:12.032 [AsyncHttpClient-1-11] DEBUG org.asynchttpclient.netty.handler.HttpHandler - 

Request DefaultHttpRequest(decodeResult: success, version: HTTP/1.1)
POST /session/6dff77d5687df887ab85d1cbd010ff16/execute/sync HTTP/1.1
User-Agent: selenium/4.8.1 (java windows)
Content-Length: 176
Content-Type: application/json; charset=utf-8
host: localhost:31205
accept: */*

Response DefaultHttpResponse(decodeResult: success, version: HTTP/1.1)
HTTP/1.1 200 OK
Content-Length: 28688
Content-Type: application/json; charset=utf-8
cache-control: no-cache

19:21:12.032 [AsyncHttpClient-1-11] DEBUG org.asynchttpclient.netty.channel.ChannelManager - Adding key: http://localhost:31205 for channel [id: 0x6ab4f395, L:/127.0.0.1:61029 - R:localhost/127.0.0.1:31205]
19:21:12.033 [Forwarding getCurrentUrl on session 6dff77d5687df887ab85d1cbd010ff16 to remote] DEBUG org.asynchttpclient.netty.request.NettyRequestSender - Using pooled Channel '[id: 0x6ab4f395, L:/127.0.0.1:61029 - R:localhost/127.0.0.1:31205]' for 'GET' to 'http://localhost:31205/session/6dff77d5687df887ab85d1cbd010ff16/url'
19:21:12.033 [Forwarding getCurrentUrl on session 6dff77d5687df887ab85d1cbd010ff16 to remote] DEBUG org.asynchttpclient.netty.request.NettyRequestSender - Using open Channel [id: 0x6ab4f395, L:/127.0.0.1:61029 - R:localhost/127.0.0.1:31205] for GET '/session/6dff77d5687df887ab85d1cbd010ff16/url'
19:21:12.036 [AsyncHttpClient-1-11] DEBUG org.asynchttpclient.netty.handler.HttpHandler - 

Request DefaultFullHttpRequest(decodeResult: success, version: HTTP/1.1, content: EmptyByteBufBE)
GET /session/6dff77d5687df887ab85d1cbd010ff16/url HTTP/1.1
User-Agent: selenium/4.8.1 (java windows)
Cache-Control: no-cache
Content-Type: application/json; charset=utf-8
host: localhost:31205
accept: */*

Response DefaultHttpResponse(decodeResult: success, version: HTTP/1.1)
HTTP/1.1 200 OK
Content-Length: 41
Content-Type: application/json; charset=utf-8
cache-control: no-cache

19:21:12.036 [AsyncHttpClient-1-11] DEBUG org.asynchttpclient.netty.channel.ChannelManager - Adding key: http://localhost:31205 for channel [id: 0x6ab4f395, L:/127.0.0.1:61029 - R:localhost/127.0.0.1:31205]
19:21:12.045 [Forwarding getPageSource on session 6dff77d5687df887ab85d1cbd010ff16 to remote] DEBUG org.asynchttpclient.netty.request.NettyRequestSender - Using pooled Channel '[id: 0x6ab4f395, L:/127.0.0.1:61029 - R:localhost/127.0.0.1:31205]' for 'POST' to 'http://localhost:31205/session/6dff77d5687df887ab85d1cbd010ff16/execute/sync'
19:21:12.045 [Forwarding getPageSource on session 6dff77d5687df887ab85d1cbd010ff16 to remote] DEBUG org.asynchttpclient.netty.request.NettyRequestSender - Using open Channel [id: 0x6ab4f395, L:/127.0.0.1:61029 - R:localhost/127.0.0.1:31205] for POST '/session/6dff77d5687df887ab85d1cbd010ff16/execute/sync'
19:21:12.071 [AsyncHttpClient-1-11] DEBUG org.asynchttpclient.netty.handler.HttpHandler - 

Request DefaultHttpRequest(decodeResult: success, version: HTTP/1.1)
POST /session/6dff77d5687df887ab85d1cbd010ff16/execute/sync HTTP/1.1
User-Agent: selenium/4.8.1 (java windows)
Content-Length: 176
Content-Type: application/json; charset=utf-8
host: localhost:31205
accept: */*

Response DefaultHttpResponse(decodeResult: success, version: HTTP/1.1)
HTTP/1.1 200 OK
Content-Length: 28688
Content-Type: application/json; charset=utf-8
cache-control: no-cache

19:21:12.072 [AsyncHttpClient-1-11] DEBUG org.asynchttpclient.netty.channel.ChannelManager - Adding key: http://localhost:31205 for channel [id: 0x6ab4f395, L:/127.0.0.1:61029 - R:localhost/127.0.0.1:31205]
19:21:12.075 [Forwarding getCurrentUrl on session 6dff77d5687df887ab85d1cbd010ff16 to remote] DEBUG org.asynchttpclient.netty.request.NettyRequestSender - Using pooled Channel '[id: 0x6ab4f395, L:/127.0.0.1:61029 - R:localhost/127.0.0.1:31205]' for 'GET' to 'http://localhost:31205/session/6dff77d5687df887ab85d1cbd010ff16/url'
19:21:12.075 [Forwarding getCurrentUrl on session 6dff77d5687df887ab85d1cbd010ff16 to remote] DEBUG org.asynchttpclient.netty.request.NettyRequestSender - Using open Channel [id: 0x6ab4f395, L:/127.0.0.1:61029 - R:localhost/127.0.0.1:31205] for GET '/session/6dff77d5687df887ab85d1cbd010ff16/url'
19:21:12.082 [AsyncHttpClient-1-11] DEBUG org.asynchttpclient.netty.handler.HttpHandler - 

Request DefaultFullHttpRequest(decodeResult: success, version: HTTP/1.1, content: EmptyByteBufBE)
GET /session/6dff77d5687df887ab85d1cbd010ff16/url HTTP/1.1
User-Agent: selenium/4.8.1 (java windows)
Cache-Control: no-cache
Content-Type: application/json; charset=utf-8
host: localhost:31205
accept: */*

Response DefaultHttpResponse(decodeResult: success, version: HTTP/1.1)
HTTP/1.1 200 OK
Content-Length: 41
Content-Type: application/json; charset=utf-8
cache-control: no-cache

19:21:12.082 [AsyncHttpClient-1-11] DEBUG org.asynchttpclient.netty.channel.ChannelManager - Adding key: http://localhost:31205 for channel [id: 0x6ab4f395, L:/127.0.0.1:61029 - R:localhost/127.0.0.1:31205]
19:21:12.086 [main] DEBUG net.thucydides.core.steps.StepInterceptor - STARTING STEP: CategorySteps.clickSelectCategory - clickSelectCategory
19:21:12.090 [Forwarding findElement on session 6dff77d5687df887ab85d1cbd010ff16 to remote] DEBUG org.asynchttpclient.netty.request.NettyRequestSender - Using pooled Channel '[id: 0x6ab4f395, L:/127.0.0.1:61029 - R:localhost/127.0.0.1:31205]' for 'POST' to 'http://localhost:31205/session/6dff77d5687df887ab85d1cbd010ff16/element'
19:21:12.090 [Forwarding findElement on session 6dff77d5687df887ab85d1cbd010ff16 to remote] DEBUG org.asynchttpclient.netty.request.NettyRequestSender - Using open Channel [id: 0x6ab4f395, L:/127.0.0.1:61029 - R:localhost/127.0.0.1:31205] for POST '/session/6dff77d5687df887ab85d1cbd010ff16/element'
19:21:12.158 [AsyncHttpClient-1-11] DEBUG org.asynchttpclient.netty.handler.HttpHandler - 

Request DefaultHttpRequest(decodeResult: success, version: HTTP/1.1)
POST /session/6dff77d5687df887ab85d1cbd010ff16/element HTTP/1.1
User-Agent: selenium/4.8.1 (java windows)
Content-Length: 118
Content-Type: application/json; charset=utf-8
host: localhost:31205
accept: */*

Response DefaultHttpResponse(decodeResult: success, version: HTTP/1.1)
HTTP/1.1 200 OK
Content-Length: 94
Content-Type: application/json; charset=utf-8
cache-control: no-cache

19:21:12.159 [AsyncHttpClient-1-11] DEBUG org.asynchttpclient.netty.channel.ChannelManager - Adding key: http://localhost:31205 for channel [id: 0x6ab4f395, L:/127.0.0.1:61029 - R:localhost/127.0.0.1:31205]
19:21:12.160 [Forwarding getElementTagName on session 6dff77d5687df887ab85d1cbd010ff16 to remote] DEBUG org.asynchttpclient.netty.request.NettyRequestSender - Using pooled Channel '[id: 0x6ab4f395, L:/127.0.0.1:61029 - R:localhost/127.0.0.1:31205]' for 'GET' to 'http://localhost:31205/session/6dff77d5687df887ab85d1cbd010ff16/element/9678CFCB3F108E3229907A7981E4117F_element_6/name'
19:21:12.160 [Forwarding getElementTagName on session 6dff77d5687df887ab85d1cbd010ff16 to remote] DEBUG org.asynchttpclient.netty.request.NettyRequestSender - Using open Channel [id: 0x6ab4f395, L:/127.0.0.1:61029 - R:localhost/127.0.0.1:31205] for GET '/session/6dff77d5687df887ab85d1cbd010ff16/element/9678CFCB3F108E3229907A7981E4117F_element_6/name'
19:21:12.219 [AsyncHttpClient-1-11] DEBUG org.asynchttpclient.netty.handler.HttpHandler - 

Request DefaultFullHttpRequest(decodeResult: success, version: HTTP/1.1, content: EmptyByteBufBE)
GET /session/6dff77d5687df887ab85d1cbd010ff16/element/9678CFCB3F108E3229907A7981E4117F_element_6/name HTTP/1.1
User-Agent: selenium/4.8.1 (java windows)
Cache-Control: no-cache
Content-Type: application/json; charset=utf-8
host: localhost:31205
accept: */*

Response DefaultHttpResponse(decodeResult: success, version: HTTP/1.1)
HTTP/1.1 200 OK
Content-Length: 15
Content-Type: application/json; charset=utf-8
cache-control: no-cache

19:21:12.220 [AsyncHttpClient-1-11] DEBUG org.asynchttpclient.netty.channel.ChannelManager - Adding key: http://localhost:31205 for channel [id: 0x6ab4f395, L:/127.0.0.1:61029 - R:localhost/127.0.0.1:31205]
19:21:12.221 [Forwarding getElementTagName on session 6dff77d5687df887ab85d1cbd010ff16 to remote] DEBUG org.asynchttpclient.netty.request.NettyRequestSender - Using pooled Channel '[id: 0x6ab4f395, L:/127.0.0.1:61029 - R:localhost/127.0.0.1:31205]' for 'GET' to 'http://localhost:31205/session/6dff77d5687df887ab85d1cbd010ff16/element/9678CFCB3F108E3229907A7981E4117F_element_6/name'
19:21:12.221 [Forwarding getElementTagName on session 6dff77d5687df887ab85d1cbd010ff16 to remote] DEBUG org.asynchttpclient.netty.request.NettyRequestSender - Using open Channel [id: 0x6ab4f395, L:/127.0.0.1:61029 - R:localhost/127.0.0.1:31205] for GET '/session/6dff77d5687df887ab85d1cbd010ff16/element/9678CFCB3F108E3229907A7981E4117F_element_6/name'
19:21:12.266 [AsyncHttpClient-1-11] DEBUG org.asynchttpclient.netty.handler.HttpHandler - 

Request DefaultFullHttpRequest(decodeResult: success, version: HTTP/1.1, content: EmptyByteBufBE)
GET /session/6dff77d5687df887ab85d1cbd010ff16/element/9678CFCB3F108E3229907A7981E4117F_element_6/name HTTP/1.1
User-Agent: selenium/4.8.1 (java windows)
Cache-Control: no-cache
Content-Type: application/json; charset=utf-8
host: localhost:31205
accept: */*

Response DefaultHttpResponse(decodeResult: success, version: HTTP/1.1)
HTTP/1.1 200 OK
Content-Length: 15
Content-Type: application/json; charset=utf-8
cache-control: no-cache

19:21:12.266 [AsyncHttpClient-1-11] DEBUG org.asynchttpclient.netty.channel.ChannelManager - Adding key: http://localhost:31205 for channel [id: 0x6ab4f395, L:/127.0.0.1:61029 - R:localhost/127.0.0.1:31205]
19:21:12.268 [Forwarding findElement on session 6dff77d5687df887ab85d1cbd010ff16 to remote] DEBUG org.asynchttpclient.netty.request.NettyRequestSender - Using pooled Channel '[id: 0x6ab4f395, L:/127.0.0.1:61029 - R:localhost/127.0.0.1:31205]' for 'POST' to 'http://localhost:31205/session/6dff77d5687df887ab85d1cbd010ff16/element'
19:21:12.268 [Forwarding findElement on session 6dff77d5687df887ab85d1cbd010ff16 to remote] DEBUG org.asynchttpclient.netty.request.NettyRequestSender - Using open Channel [id: 0x6ab4f395, L:/127.0.0.1:61029 - R:localhost/127.0.0.1:31205] for POST '/session/6dff77d5687df887ab85d1cbd010ff16/element'
19:21:12.298 [AsyncHttpClient-1-11] DEBUG org.asynchttpclient.netty.handler.HttpHandler - 

Request DefaultHttpRequest(decodeResult: success, version: HTTP/1.1)
POST /session/6dff77d5687df887ab85d1cbd010ff16/element HTTP/1.1
User-Agent: selenium/4.8.1 (java windows)
Content-Length: 118
Content-Type: application/json; charset=utf-8
host: localhost:31205
accept: */*

Response DefaultHttpResponse(decodeResult: success, version: HTTP/1.1)
HTTP/1.1 200 OK
Content-Length: 94
Content-Type: application/json; charset=utf-8
cache-control: no-cache

19:21:12.298 [AsyncHttpClient-1-11] DEBUG org.asynchttpclient.netty.channel.ChannelManager - Adding key: http://localhost:31205 for channel [id: 0x6ab4f395, L:/127.0.0.1:61029 - R:localhost/127.0.0.1:31205]
19:21:12.300 [Forwarding clickElement on session 6dff77d5687df887ab85d1cbd010ff16 to remote] DEBUG org.asynchttpclient.netty.request.NettyRequestSender - Using pooled Channel '[id: 0x6ab4f395, L:/127.0.0.1:61029 - R:localhost/127.0.0.1:31205]' for 'POST' to 'http://localhost:31205/session/6dff77d5687df887ab85d1cbd010ff16/element/9678CFCB3F108E3229907A7981E4117F_element_6/click'
19:21:12.300 [Forwarding clickElement on session 6dff77d5687df887ab85d1cbd010ff16 to remote] DEBUG org.asynchttpclient.netty.request.NettyRequestSender - Using open Channel [id: 0x6ab4f395, L:/127.0.0.1:61029 - R:localhost/127.0.0.1:31205] for POST '/session/6dff77d5687df887ab85d1cbd010ff16/element/9678CFCB3F108E3229907A7981E4117F_element_6/click'
19:21:12.490 [AsyncHttpClient-1-11] DEBUG org.asynchttpclient.netty.handler.HttpHandler - 

Request DefaultHttpRequest(decodeResult: success, version: HTTP/1.1)
POST /session/6dff77d5687df887ab85d1cbd010ff16/element/9678CFCB3F108E3229907A7981E4117F_element_6/click HTTP/1.1
User-Agent: selenium/4.8.1 (java windows)
Content-Length: 56
Content-Type: application/json; charset=utf-8
host: localhost:31205
accept: */*

Response DefaultHttpResponse(decodeResult: success, version: HTTP/1.1)
HTTP/1.1 200 OK
Content-Length: 14
Content-Type: application/json; charset=utf-8
cache-control: no-cache

19:21:12.490 [AsyncHttpClient-1-11] DEBUG org.asynchttpclient.netty.channel.ChannelManager - Adding key: http://localhost:31205 for channel [id: 0x6ab4f395, L:/127.0.0.1:61029 - R:localhost/127.0.0.1:31205]
19:21:12.498 [Forwarding getAlertText on session 6dff77d5687df887ab85d1cbd010ff16 to remote] DEBUG org.asynchttpclient.netty.request.NettyRequestSender - Using pooled Channel '[id: 0x6ab4f395, L:/127.0.0.1:61029 - R:localhost/127.0.0.1:31205]' for 'GET' to 'http://localhost:31205/session/6dff77d5687df887ab85d1cbd010ff16/alert/text'
19:21:12.498 [Forwarding getAlertText on session 6dff77d5687df887ab85d1cbd010ff16 to remote] DEBUG org.asynchttpclient.netty.request.NettyRequestSender - Using open Channel [id: 0x6ab4f395, L:/127.0.0.1:61029 - R:localhost/127.0.0.1:31205] for GET '/session/6dff77d5687df887ab85d1cbd010ff16/alert/text'
19:21:12.501 [AsyncHttpClient-1-11] DEBUG org.asynchttpclient.netty.handler.HttpHandler - 

Request DefaultFullHttpRequest(decodeResult: success, version: HTTP/1.1, content: EmptyByteBufBE)
GET /session/6dff77d5687df887ab85d1cbd010ff16/alert/text HTTP/1.1
User-Agent: selenium/4.8.1 (java windows)
Cache-Control: no-cache
Content-Type: application/json; charset=utf-8
host: localhost:31205
accept: */*

Response DefaultHttpResponse(decodeResult: success, version: HTTP/1.1)
HTTP/1.1 404 Not Found
Content-Length: 847
Content-Type: application/json; charset=utf-8
cache-control: no-cache

19:21:12.502 [AsyncHttpClient-1-11] DEBUG org.asynchttpclient.netty.channel.ChannelManager - Adding key: http://localhost:31205 for channel [id: 0x6ab4f395, L:/127.0.0.1:61029 - R:localhost/127.0.0.1:31205]
19:21:12.504 [Forwarding getCurrentUrl on session 6dff77d5687df887ab85d1cbd010ff16 to remote] DEBUG org.asynchttpclient.netty.request.NettyRequestSender - Using pooled Channel '[id: 0x6ab4f395, L:/127.0.0.1:61029 - R:localhost/127.0.0.1:31205]' for 'GET' to 'http://localhost:31205/session/6dff77d5687df887ab85d1cbd010ff16/url'
19:21:12.504 [Forwarding getCurrentUrl on session 6dff77d5687df887ab85d1cbd010ff16 to remote] DEBUG org.asynchttpclient.netty.request.NettyRequestSender - Using open Channel [id: 0x6ab4f395, L:/127.0.0.1:61029 - R:localhost/127.0.0.1:31205] for GET '/session/6dff77d5687df887ab85d1cbd010ff16/url'
19:21:12.527 [AsyncHttpClient-1-11] DEBUG org.asynchttpclient.netty.handler.HttpHandler - 

Request DefaultFullHttpRequest(decodeResult: success, version: HTTP/1.1, content: EmptyByteBufBE)
GET /session/6dff77d5687df887ab85d1cbd010ff16/url HTTP/1.1
User-Agent: selenium/4.8.1 (java windows)
Cache-Control: no-cache
Content-Type: application/json; charset=utf-8
host: localhost:31205
accept: */*

Response DefaultHttpResponse(decodeResult: success, version: HTTP/1.1)
HTTP/1.1 200 OK
Content-Length: 41
Content-Type: application/json; charset=utf-8
cache-control: no-cache

19:21:12.527 [AsyncHttpClient-1-11] DEBUG org.asynchttpclient.netty.channel.ChannelManager - Adding key: http://localhost:31205 for channel [id: 0x6ab4f395, L:/127.0.0.1:61029 - R:localhost/127.0.0.1:31205]
19:21:12.528 [Forwarding screenshot on session 6dff77d5687df887ab85d1cbd010ff16 to remote] DEBUG org.asynchttpclient.netty.request.NettyRequestSender - Using pooled Channel '[id: 0x6ab4f395, L:/127.0.0.1:61029 - R:localhost/127.0.0.1:31205]' for 'GET' to 'http://localhost:31205/session/6dff77d5687df887ab85d1cbd010ff16/screenshot'
19:21:12.529 [Forwarding screenshot on session 6dff77d5687df887ab85d1cbd010ff16 to remote] DEBUG org.asynchttpclient.netty.request.NettyRequestSender - Using open Channel [id: 0x6ab4f395, L:/127.0.0.1:61029 - R:localhost/127.0.0.1:31205] for GET '/session/6dff77d5687df887ab85d1cbd010ff16/screenshot'
19:21:12.597 [AsyncHttpClient-1-1] DEBUG org.asynchttpclient.netty.channel.DefaultChannelPool - Entry count for : http://localhost:61030 : 1
19:21:12.810 [AsyncHttpClient-1-11] DEBUG org.asynchttpclient.netty.handler.HttpHandler - 

Request DefaultFullHttpRequest(decodeResult: success, version: HTTP/1.1, content: EmptyByteBufBE)
GET /session/6dff77d5687df887ab85d1cbd010ff16/screenshot HTTP/1.1
User-Agent: selenium/4.8.1 (java windows)
Cache-Control: no-cache
Content-Type: application/json; charset=utf-8
host: localhost:31205
accept: */*

Response DefaultHttpResponse(decodeResult: success, version: HTTP/1.1)
HTTP/1.1 200 OK
Content-Length: 39520
Content-Type: application/json; charset=utf-8
cache-control: no-cache

19:21:12.811 [AsyncHttpClient-1-11] DEBUG org.asynchttpclient.netty.channel.ChannelManager - Adding key: http://localhost:31205 for channel [id: 0x6ab4f395, L:/127.0.0.1:61029 - R:localhost/127.0.0.1:31205]
19:21:12.813 [main] DEBUG net.serenitybdd.core.photography.Darkroom - Send negative for processing for target\site\serenity\541ae1e111473aba2768d09a957a89b9f532a90f5a67326cc302029568771a74.png
19:21:12.813 [main] DEBUG net.thucydides.core.steps.StepInterceptor - STEP DONE: clickSelectCategory
  &amp#27;[32mAnd &amp#27;[0m&amp#27;[32mI click select category dropdown&amp#27;[0m                   &amp#27;[90m# starter.stepdefinitions.CategorySteps.clickSelectCategory()&amp#27;[0m
19:21:12.814 [Darkroom Processing Line] DEBUG net.serenitybdd.core.photography.DarkroomProcessingLine - Processing screenshot image in /var/screenshots/screenshot-7342830570442038356
19:21:12.814 [Darkroom Processing Line] DEBUG net.serenitybdd.core.photography.DarkroomProcessingLine - Saving screenshot to target\site\serenity\541ae1e111473aba2768d09a957a89b9f532a90f5a67326cc302029568771a74.png
19:21:12.826 [Forwarding getPageSource on session 6dff77d5687df887ab85d1cbd010ff16 to remote] DEBUG org.asynchttpclient.netty.request.NettyRequestSender - Using pooled Channel '[id: 0x6ab4f395, L:/127.0.0.1:61029 - R:localhost/127.0.0.1:31205]' for 'POST' to 'http://localhost:31205/session/6dff77d5687df887ab85d1cbd010ff16/execute/sync'
19:21:12.826 [Forwarding getPageSource on session 6dff77d5687df887ab85d1cbd010ff16 to remote] DEBUG org.asynchttpclient.netty.request.NettyRequestSender - Using open Channel [id: 0x6ab4f395, L:/127.0.0.1:61029 - R:localhost/127.0.0.1:31205] for POST '/session/6dff77d5687df887ab85d1cbd010ff16/execute/sync'
19:21:12.839 [AsyncHttpClient-1-11] DEBUG org.asynchttpclient.netty.handler.HttpHandler - 

Request DefaultHttpRequest(decodeResult: success, version: HTTP/1.1)
POST /session/6dff77d5687df887ab85d1cbd010ff16/execute/sync HTTP/1.1
User-Agent: selenium/4.8.1 (java windows)
Content-Length: 176
Content-Type: application/json; charset=utf-8
host: localhost:31205
accept: */*

Response DefaultHttpResponse(decodeResult: success, version: HTTP/1.1)
HTTP/1.1 200 OK
Content-Length: 34168
Content-Type: application/json; charset=utf-8
cache-control: no-cache

19:21:12.839 [AsyncHttpClient-1-11] DEBUG org.asynchttpclient.netty.channel.ChannelManager - Adding key: http://localhost:31205 for channel [id: 0x6ab4f395, L:/127.0.0.1:61029 - R:localhost/127.0.0.1:31205]
19:21:12.843 [Forwarding getCurrentUrl on session 6dff77d5687df887ab85d1cbd010ff16 to remote] DEBUG org.asynchttpclient.netty.request.NettyRequestSender - Using pooled Channel '[id: 0x6ab4f395, L:/127.0.0.1:61029 - R:localhost/127.0.0.1:31205]' for 'GET' to 'http://localhost:31205/session/6dff77d5687df887ab85d1cbd010ff16/url'
19:21:12.843 [Forwarding getCurrentUrl on session 6dff77d5687df887ab85d1cbd010ff16 to remote] DEBUG org.asynchttpclient.netty.request.NettyRequestSender - Using open Channel [id: 0x6ab4f395, L:/127.0.0.1:61029 - R:localhost/127.0.0.1:31205] for GET '/session/6dff77d5687df887ab85d1cbd010ff16/url'
19:21:12.849 [AsyncHttpClient-1-11] DEBUG org.asynchttpclient.netty.handler.HttpHandler - 

Request DefaultFullHttpRequest(decodeResult: success, version: HTTP/1.1, content: EmptyByteBufBE)
GET /session/6dff77d5687df887ab85d1cbd010ff16/url HTTP/1.1
User-Agent: selenium/4.8.1 (java windows)
Cache-Control: no-cache
Content-Type: application/json; charset=utf-8
host: localhost:31205
accept: */*

Response DefaultHttpResponse(decodeResult: success, version: HTTP/1.1)
HTTP/1.1 200 OK
Content-Length: 41
Content-Type: application/json; charset=utf-8
cache-control: no-cache

19:21:12.849 [AsyncHttpClient-1-11] DEBUG org.asynchttpclient.netty.channel.ChannelManager - Adding key: http://localhost:31205 for channel [id: 0x6ab4f395, L:/127.0.0.1:61029 - R:localhost/127.0.0.1:31205]
19:21:12.860 [Forwarding getPageSource on session 6dff77d5687df887ab85d1cbd010ff16 to remote] DEBUG org.asynchttpclient.netty.request.NettyRequestSender - Using pooled Channel '[id: 0x6ab4f395, L:/127.0.0.1:61029 - R:localhost/127.0.0.1:31205]' for 'POST' to 'http://localhost:31205/session/6dff77d5687df887ab85d1cbd010ff16/execute/sync'
19:21:12.860 [Forwarding getPageSource on session 6dff77d5687df887ab85d1cbd010ff16 to remote] DEBUG org.asynchttpclient.netty.request.NettyRequestSender - Using open Channel [id: 0x6ab4f395, L:/127.0.0.1:61029 - R:localhost/127.0.0.1:31205] for POST '/session/6dff77d5687df887ab85d1cbd010ff16/execute/sync'
19:21:12.869 [AsyncHttpClient-1-11] DEBUG org.asynchttpclient.netty.handler.HttpHandler - 

Request DefaultHttpRequest(decodeResult: success, version: HTTP/1.1)
POST /session/6dff77d5687df887ab85d1cbd010ff16/execute/sync HTTP/1.1
User-Agent: selenium/4.8.1 (java windows)
Content-Length: 176
Content-Type: application/json; charset=utf-8
host: localhost:31205
accept: */*

Response DefaultHttpResponse(decodeResult: success, version: HTTP/1.1)
HTTP/1.1 200 OK
Content-Length: 34168
Content-Type: application/json; charset=utf-8
cache-control: no-cache

19:21:12.869 [AsyncHttpClient-1-11] DEBUG org.asynchttpclient.netty.channel.ChannelManager - Adding key: http://localhost:31205 for channel [id: 0x6ab4f395, L:/127.0.0.1:61029 - R:localhost/127.0.0.1:31205]
19:21:12.871 [Forwarding getCurrentUrl on session 6dff77d5687df887ab85d1cbd010ff16 to remote] DEBUG org.asynchttpclient.netty.request.NettyRequestSender - Using pooled Channel '[id: 0x6ab4f395, L:/127.0.0.1:61029 - R:localhost/127.0.0.1:31205]' for 'GET' to 'http://localhost:31205/session/6dff77d5687df887ab85d1cbd010ff16/url'
19:21:12.871 [Forwarding getCurrentUrl on session 6dff77d5687df887ab85d1cbd010ff16 to remote] DEBUG org.asynchttpclient.netty.request.NettyRequestSender - Using open Channel [id: 0x6ab4f395, L:/127.0.0.1:61029 - R:localhost/127.0.0.1:31205] for GET '/session/6dff77d5687df887ab85d1cbd010ff16/url'
19:21:12.874 [AsyncHttpClient-1-11] DEBUG org.asynchttpclient.netty.handler.HttpHandler - 

Request DefaultFullHttpRequest(decodeResult: success, version: HTTP/1.1, content: EmptyByteBufBE)
GET /session/6dff77d5687df887ab85d1cbd010ff16/url HTTP/1.1
User-Agent: selenium/4.8.1 (java windows)
Cache-Control: no-cache
Content-Type: application/json; charset=utf-8
host: localhost:31205
accept: */*

Response DefaultHttpResponse(decodeResult: success, version: HTTP/1.1)
HTTP/1.1 200 OK
Content-Length: 41
Content-Type: application/json; charset=utf-8
cache-control: no-cache

19:21:12.875 [AsyncHttpClient-1-11] DEBUG org.asynchttpclient.netty.channel.ChannelManager - Adding key: http://localhost:31205 for channel [id: 0x6ab4f395, L:/127.0.0.1:61029 - R:localhost/127.0.0.1:31205]
19:21:12.876 [main] DEBUG net.thucydides.core.steps.StepInterceptor - STARTING STEP: CategorySteps.clickGamingCategory - clickGamingCategory
19:21:12.879 [Forwarding findElement on session 6dff77d5687df887ab85d1cbd010ff16 to remote] DEBUG org.asynchttpclient.netty.request.NettyRequestSender - Using pooled Channel '[id: 0x6ab4f395, L:/127.0.0.1:61029 - R:localhost/127.0.0.1:31205]' for 'POST' to 'http://localhost:31205/session/6dff77d5687df887ab85d1cbd010ff16/element'
19:21:12.879 [Forwarding findElement on session 6dff77d5687df887ab85d1cbd010ff16 to remote] DEBUG org.asynchttpclient.netty.request.NettyRequestSender - Using open Channel [id: 0x6ab4f395, L:/127.0.0.1:61029 - R:localhost/127.0.0.1:31205] for POST '/session/6dff77d5687df887ab85d1cbd010ff16/element'
19:21:12.894 [AsyncHttpClient-1-11] DEBUG org.asynchttpclient.netty.handler.HttpHandler - 

Request DefaultHttpRequest(decodeResult: success, version: HTTP/1.1)
POST /session/6dff77d5687df887ab85d1cbd010ff16/element HTTP/1.1
User-Agent: selenium/4.8.1 (java windows)
Content-Length: 71
Content-Type: application/json; charset=utf-8
host: localhost:31205
accept: */*

Response DefaultHttpResponse(decodeResult: success, version: HTTP/1.1)
HTTP/1.1 200 OK
Content-Length: 94
Content-Type: application/json; charset=utf-8
cache-control: no-cache

19:21:12.894 [AsyncHttpClient-1-11] DEBUG org.asynchttpclient.netty.channel.ChannelManager - Adding key: http://localhost:31205 for channel [id: 0x6ab4f395, L:/127.0.0.1:61029 - R:localhost/127.0.0.1:31205]
19:21:12.895 [Forwarding getElementTagName on session 6dff77d5687df887ab85d1cbd010ff16 to remote] DEBUG org.asynchttpclient.netty.request.NettyRequestSender - Using pooled Channel '[id: 0x6ab4f395, L:/127.0.0.1:61029 - R:localhost/127.0.0.1:31205]' for 'GET' to 'http://localhost:31205/session/6dff77d5687df887ab85d1cbd010ff16/element/9678CFCB3F108E3229907A7981E4117F_element_9/name'
19:21:12.895 [Forwarding getElementTagName on session 6dff77d5687df887ab85d1cbd010ff16 to remote] DEBUG org.asynchttpclient.netty.request.NettyRequestSender - Using open Channel [id: 0x6ab4f395, L:/127.0.0.1:61029 - R:localhost/127.0.0.1:31205] for GET '/session/6dff77d5687df887ab85d1cbd010ff16/element/9678CFCB3F108E3229907A7981E4117F_element_9/name'
19:21:12.905 [AsyncHttpClient-1-11] DEBUG org.asynchttpclient.netty.handler.HttpHandler - 

Request DefaultFullHttpRequest(decodeResult: success, version: HTTP/1.1, content: EmptyByteBufBE)
GET /session/6dff77d5687df887ab85d1cbd010ff16/element/9678CFCB3F108E3229907A7981E4117F_element_9/name HTTP/1.1
User-Agent: selenium/4.8.1 (java windows)
Cache-Control: no-cache
Content-Type: application/json; charset=utf-8
host: localhost:31205
accept: */*

Response DefaultHttpResponse(decodeResult: success, version: HTTP/1.1)
HTTP/1.1 200 OK
Content-Length: 15
Content-Type: application/json; charset=utf-8
cache-control: no-cache

19:21:12.905 [AsyncHttpClient-1-11] DEBUG org.asynchttpclient.netty.channel.ChannelManager - Adding key: http://localhost:31205 for channel [id: 0x6ab4f395, L:/127.0.0.1:61029 - R:localhost/127.0.0.1:31205]
19:21:12.906 [Forwarding getElementTagName on session 6dff77d5687df887ab85d1cbd010ff16 to remote] DEBUG org.asynchttpclient.netty.request.NettyRequestSender - Using pooled Channel '[id: 0x6ab4f395, L:/127.0.0.1:61029 - R:localhost/127.0.0.1:31205]' for 'GET' to 'http://localhost:31205/session/6dff77d5687df887ab85d1cbd010ff16/element/9678CFCB3F108E3229907A7981E4117F_element_9/name'
19:21:12.906 [Forwarding getElementTagName on session 6dff77d5687df887ab85d1cbd010ff16 to remote] DEBUG org.asynchttpclient.netty.request.NettyRequestSender - Using open Channel [id: 0x6ab4f395, L:/127.0.0.1:61029 - R:localhost/127.0.0.1:31205] for GET '/session/6dff77d5687df887ab85d1cbd010ff16/element/9678CFCB3F108E3229907A7981E4117F_element_9/name'
19:21:12.914 [AsyncHttpClient-1-11] DEBUG org.asynchttpclient.netty.handler.HttpHandler - 

Request DefaultFullHttpRequest(decodeResult: success, version: HTTP/1.1, content: EmptyByteBufBE)
GET /session/6dff77d5687df887ab85d1cbd010ff16/element/9678CFCB3F108E3229907A7981E4117F_element_9/name HTTP/1.1
User-Agent: selenium/4.8.1 (java windows)
Cache-Control: no-cache
Content-Type: application/json; charset=utf-8
host: localhost:31205
accept: */*

Response DefaultHttpResponse(decodeResult: success, version: HTTP/1.1)
HTTP/1.1 200 OK
Content-Length: 15
Content-Type: application/json; charset=utf-8
cache-control: no-cache

19:21:12.914 [AsyncHttpClient-1-11] DEBUG org.asynchttpclient.netty.channel.ChannelManager - Adding key: http://localhost:31205 for channel [id: 0x6ab4f395, L:/127.0.0.1:61029 - R:localhost/127.0.0.1:31205]
19:21:12.916 [Forwarding findElement on session 6dff77d5687df887ab85d1cbd010ff16 to remote] DEBUG org.asynchttpclient.netty.request.NettyRequestSender - Using pooled Channel '[id: 0x6ab4f395, L:/127.0.0.1:61029 - R:localhost/127.0.0.1:31205]' for 'POST' to 'http://localhost:31205/session/6dff77d5687df887ab85d1cbd010ff16/element'
19:21:12.916 [Forwarding findElement on session 6dff77d5687df887ab85d1cbd010ff16 to remote] DEBUG org.asynchttpclient.netty.request.NettyRequestSender - Using open Channel [id: 0x6ab4f395, L:/127.0.0.1:61029 - R:localhost/127.0.0.1:31205] for POST '/session/6dff77d5687df887ab85d1cbd010ff16/element'
19:21:12.925 [AsyncHttpClient-1-11] DEBUG org.asynchttpclient.netty.handler.HttpHandler - 

Request DefaultHttpRequest(decodeResult: success, version: HTTP/1.1)
POST /session/6dff77d5687df887ab85d1cbd010ff16/element HTTP/1.1
User-Agent: selenium/4.8.1 (java windows)
Content-Length: 71
Content-Type: application/json; charset=utf-8
host: localhost:31205
accept: */*

Response DefaultHttpResponse(decodeResult: success, version: HTTP/1.1)
HTTP/1.1 200 OK
Content-Length: 94
Content-Type: application/json; charset=utf-8
cache-control: no-cache

19:21:12.925 [AsyncHttpClient-1-11] DEBUG org.asynchttpclient.netty.channel.ChannelManager - Adding key: http://localhost:31205 for channel [id: 0x6ab4f395, L:/127.0.0.1:61029 - R:localhost/127.0.0.1:31205]
19:21:12.927 [Forwarding clickElement on session 6dff77d5687df887ab85d1cbd010ff16 to remote] DEBUG org.asynchttpclient.netty.request.NettyRequestSender - Using pooled Channel '[id: 0x6ab4f395, L:/127.0.0.1:61029 - R:localhost/127.0.0.1:31205]' for 'POST' to 'http://localhost:31205/session/6dff77d5687df887ab85d1cbd010ff16/element/9678CFCB3F108E3229907A7981E4117F_element_9/click'
19:21:12.927 [Forwarding clickElement on session 6dff77d5687df887ab85d1cbd010ff16 to remote] DEBUG org.asynchttpclient.netty.request.NettyRequestSender - Using open Channel [id: 0x6ab4f395, L:/127.0.0.1:61029 - R:localhost/127.0.0.1:31205] for POST '/session/6dff77d5687df887ab85d1cbd010ff16/element/9678CFCB3F108E3229907A7981E4117F_element_9/click'
19:21:13.027 [AsyncHttpClient-1-11] DEBUG org.asynchttpclient.netty.handler.HttpHandler - 

Request DefaultHttpRequest(decodeResult: success, version: HTTP/1.1)
POST /session/6dff77d5687df887ab85d1cbd010ff16/element/9678CFCB3F108E3229907A7981E4117F_element_9/click HTTP/1.1
User-Agent: selenium/4.8.1 (java windows)
Content-Length: 56
Content-Type: application/json; charset=utf-8
host: localhost:31205
accept: */*

Response DefaultHttpResponse(decodeResult: success, version: HTTP/1.1)
HTTP/1.1 200 OK
Content-Length: 14
Content-Type: application/json; charset=utf-8
cache-control: no-cache

19:21:13.028 [AsyncHttpClient-1-11] DEBUG org.asynchttpclient.netty.channel.ChannelManager - Adding key: http://localhost:31205 for channel [id: 0x6ab4f395, L:/127.0.0.1:61029 - R:localhost/127.0.0.1:31205]
19:21:13.035 [Forwarding getAlertText on session 6dff77d5687df887ab85d1cbd010ff16 to remote] DEBUG org.asynchttpclient.netty.request.NettyRequestSender - Using pooled Channel '[id: 0x6ab4f395, L:/127.0.0.1:61029 - R:localhost/127.0.0.1:31205]' for 'GET' to 'http://localhost:31205/session/6dff77d5687df887ab85d1cbd010ff16/alert/text'
19:21:13.035 [Forwarding getAlertText on session 6dff77d5687df887ab85d1cbd010ff16 to remote] DEBUG org.asynchttpclient.netty.request.NettyRequestSender - Using open Channel [id: 0x6ab4f395, L:/127.0.0.1:61029 - R:localhost/127.0.0.1:31205] for GET '/session/6dff77d5687df887ab85d1cbd010ff16/alert/text'
19:21:13.037 [AsyncHttpClient-1-11] DEBUG org.asynchttpclient.netty.handler.HttpHandler - 

Request DefaultFullHttpRequest(decodeResult: success, version: HTTP/1.1, content: EmptyByteBufBE)
GET /session/6dff77d5687df887ab85d1cbd010ff16/alert/text HTTP/1.1
User-Agent: selenium/4.8.1 (java windows)
Cache-Control: no-cache
Content-Type: application/json; charset=utf-8
host: localhost:31205
accept: */*

Response DefaultHttpResponse(decodeResult: success, version: HTTP/1.1)
HTTP/1.1 404 Not Found
Content-Length: 847
Content-Type: application/json; charset=utf-8
cache-control: no-cache

19:21:13.037 [AsyncHttpClient-1-11] DEBUG org.asynchttpclient.netty.channel.ChannelManager - Adding key: http://localhost:31205 for channel [id: 0x6ab4f395, L:/127.0.0.1:61029 - R:localhost/127.0.0.1:31205]
19:21:13.037 [Forwarding getCurrentUrl on session 6dff77d5687df887ab85d1cbd010ff16 to remote] DEBUG org.asynchttpclient.netty.request.NettyRequestSender - Using pooled Channel '[id: 0x6ab4f395, L:/127.0.0.1:61029 - R:localhost/127.0.0.1:31205]' for 'GET' to 'http://localhost:31205/session/6dff77d5687df887ab85d1cbd010ff16/url'
19:21:13.038 [Forwarding getCurrentUrl on session 6dff77d5687df887ab85d1cbd010ff16 to remote] DEBUG org.asynchttpclient.netty.request.NettyRequestSender - Using open Channel [id: 0x6ab4f395, L:/127.0.0.1:61029 - R:localhost/127.0.0.1:31205] for GET '/session/6dff77d5687df887ab85d1cbd010ff16/url'
19:21:13.047 [AsyncHttpClient-1-11] DEBUG org.asynchttpclient.netty.handler.HttpHandler - 

Request DefaultFullHttpRequest(decodeResult: success, version: HTTP/1.1, content: EmptyByteBufBE)
GET /session/6dff77d5687df887ab85d1cbd010ff16/url HTTP/1.1
User-Agent: selenium/4.8.1 (java windows)
Cache-Control: no-cache
Content-Type: application/json; charset=utf-8
host: localhost:31205
accept: */*

Response DefaultHttpResponse(decodeResult: success, version: HTTP/1.1)
HTTP/1.1 200 OK
Content-Length: 41
Content-Type: application/json; charset=utf-8
cache-control: no-cache

19:21:13.047 [AsyncHttpClient-1-11] DEBUG org.asynchttpclient.netty.channel.ChannelManager - Adding key: http://localhost:31205 for channel [id: 0x6ab4f395, L:/127.0.0.1:61029 - R:localhost/127.0.0.1:31205]
19:21:13.048 [Forwarding screenshot on session 6dff77d5687df887ab85d1cbd010ff16 to remote] DEBUG org.asynchttpclient.netty.request.NettyRequestSender - Using pooled Channel '[id: 0x6ab4f395, L:/127.0.0.1:61029 - R:localhost/127.0.0.1:31205]' for 'GET' to 'http://localhost:31205/session/6dff77d5687df887ab85d1cbd010ff16/screenshot'
19:21:13.048 [Forwarding screenshot on session 6dff77d5687df887ab85d1cbd010ff16 to remote] DEBUG org.asynchttpclient.netty.request.NettyRequestSender - Using open Channel [id: 0x6ab4f395, L:/127.0.0.1:61029 - R:localhost/127.0.0.1:31205] for GET '/session/6dff77d5687df887ab85d1cbd010ff16/screenshot'
19:21:13.171 [AsyncHttpClient-1-11] DEBUG org.asynchttpclient.netty.handler.HttpHandler - 

Request DefaultFullHttpRequest(decodeResult: success, version: HTTP/1.1, content: EmptyByteBufBE)
GET /session/6dff77d5687df887ab85d1cbd010ff16/screenshot HTTP/1.1
User-Agent: selenium/4.8.1 (java windows)
Cache-Control: no-cache
Content-Type: application/json; charset=utf-8
host: localhost:31205
accept: */*

Response DefaultHttpResponse(decodeResult: success, version: HTTP/1.1)
HTTP/1.1 200 OK
Content-Length: 37336
Content-Type: application/json; charset=utf-8
cache-control: no-cache

19:21:13.171 [AsyncHttpClient-1-11] DEBUG org.asynchttpclient.netty.channel.ChannelManager - Adding key: http://localhost:31205 for channel [id: 0x6ab4f395, L:/127.0.0.1:61029 - R:localhost/127.0.0.1:31205]
19:21:13.173 [main] DEBUG net.serenitybdd.core.photography.Darkroom - Send negative for processing for target\site\serenity\fc0b632999cb7ce536f19e4ca2990b87efc7d361fc961eb323ca5b1086f94966.png
19:21:13.173 [main] DEBUG net.thucydides.core.steps.StepInterceptor - STEP DONE: clickGamingCategory
  &amp#27;[32mWhen &amp#27;[0m&amp#27;[32mI click gaming category&amp#27;[0m                           &amp#27;[90m# starter.stepdefinitions.CategorySteps.clickGamingCategory()&amp#27;[0m
19:21:13.173 [Darkroom Processing Line] DEBUG net.serenitybdd.core.photography.DarkroomProcessingLine - Processing screenshot image in /var/screenshots/screenshot-15814514634603529123
19:21:13.173 [Darkroom Processing Line] DEBUG net.serenitybdd.core.photography.DarkroomProcessingLine - Saving screenshot to target\site\serenity\fc0b632999cb7ce536f19e4ca2990b87efc7d361fc961eb323ca5b1086f94966.png
19:21:13.182 [Forwarding getPageSource on session 6dff77d5687df887ab85d1cbd010ff16 to remote] DEBUG org.asynchttpclient.netty.request.NettyRequestSender - Using pooled Channel '[id: 0x6ab4f395, L:/127.0.0.1:61029 - R:localhost/127.0.0.1:31205]' for 'POST' to 'http://localhost:31205/session/6dff77d5687df887ab85d1cbd010ff16/execute/sync'
19:21:13.182 [Forwarding getPageSource on session 6dff77d5687df887ab85d1cbd010ff16 to remote] DEBUG org.asynchttpclient.netty.request.NettyRequestSender - Using open Channel [id: 0x6ab4f395, L:/127.0.0.1:61029 - R:localhost/127.0.0.1:31205] for POST '/session/6dff77d5687df887ab85d1cbd010ff16/execute/sync'
19:21:13.187 [AsyncHttpClient-1-11] DEBUG org.asynchttpclient.netty.handler.HttpHandler - 

Request DefaultHttpRequest(decodeResult: success, version: HTTP/1.1)
POST /session/6dff77d5687df887ab85d1cbd010ff16/execute/sync HTTP/1.1
User-Agent: selenium/4.8.1 (java windows)
Content-Length: 176
Content-Type: application/json; charset=utf-8
host: localhost:31205
accept: */*

Response DefaultHttpResponse(decodeResult: success, version: HTTP/1.1)
HTTP/1.1 200 OK
Content-Length: 27917
Content-Type: application/json; charset=utf-8
cache-control: no-cache

19:21:13.187 [AsyncHttpClient-1-11] DEBUG org.asynchttpclient.netty.channel.ChannelManager - Adding key: http://localhost:31205 for channel [id: 0x6ab4f395, L:/127.0.0.1:61029 - R:localhost/127.0.0.1:31205]
19:21:13.190 [Forwarding getCurrentUrl on session 6dff77d5687df887ab85d1cbd010ff16 to remote] DEBUG org.asynchttpclient.netty.request.NettyRequestSender - Using pooled Channel '[id: 0x6ab4f395, L:/127.0.0.1:61029 - R:localhost/127.0.0.1:31205]' for 'GET' to 'http://localhost:31205/session/6dff77d5687df887ab85d1cbd010ff16/url'
19:21:13.190 [Forwarding getCurrentUrl on session 6dff77d5687df887ab85d1cbd010ff16 to remote] DEBUG org.asynchttpclient.netty.request.NettyRequestSender - Using open Channel [id: 0x6ab4f395, L:/127.0.0.1:61029 - R:localhost/127.0.0.1:31205] for GET '/session/6dff77d5687df887ab85d1cbd010ff16/url'
19:21:13.194 [AsyncHttpClient-1-11] DEBUG org.asynchttpclient.netty.handler.HttpHandler - 

Request DefaultFullHttpRequest(decodeResult: success, version: HTTP/1.1, content: EmptyByteBufBE)
GET /session/6dff77d5687df887ab85d1cbd010ff16/url HTTP/1.1
User-Agent: selenium/4.8.1 (java windows)
Cache-Control: no-cache
Content-Type: application/json; charset=utf-8
host: localhost:31205
accept: */*

Response DefaultHttpResponse(decodeResult: success, version: HTTP/1.1)
HTTP/1.1 200 OK
Content-Length: 41
Content-Type: application/json; charset=utf-8
cache-control: no-cache

19:21:13.194 [AsyncHttpClient-1-11] DEBUG org.asynchttpclient.netty.channel.ChannelManager - Adding key: http://localhost:31205 for channel [id: 0x6ab4f395, L:/127.0.0.1:61029 - R:localhost/127.0.0.1:31205]
19:21:13.202 [Forwarding getPageSource on session 6dff77d5687df887ab85d1cbd010ff16 to remote] DEBUG org.asynchttpclient.netty.request.NettyRequestSender - Using pooled Channel '[id: 0x6ab4f395, L:/127.0.0.1:61029 - R:localhost/127.0.0.1:31205]' for 'POST' to 'http://localhost:31205/session/6dff77d5687df887ab85d1cbd010ff16/execute/sync'
19:21:13.202 [Forwarding getPageSource on session 6dff77d5687df887ab85d1cbd010ff16 to remote] DEBUG org.asynchttpclient.netty.request.NettyRequestSender - Using open Channel [id: 0x6ab4f395, L:/127.0.0.1:61029 - R:localhost/127.0.0.1:31205] for POST '/session/6dff77d5687df887ab85d1cbd010ff16/execute/sync'
19:21:13.207 [AsyncHttpClient-1-11] DEBUG org.asynchttpclient.netty.handler.HttpHandler - 

Request DefaultHttpRequest(decodeResult: success, version: HTTP/1.1)
POST /session/6dff77d5687df887ab85d1cbd010ff16/execute/sync HTTP/1.1
User-Agent: selenium/4.8.1 (java windows)
Content-Length: 176
Content-Type: application/json; charset=utf-8
host: localhost:31205
accept: */*

Response DefaultHttpResponse(decodeResult: success, version: HTTP/1.1)
HTTP/1.1 200 OK
Content-Length: 27917
Content-Type: application/json; charset=utf-8
cache-control: no-cache

19:21:13.208 [AsyncHttpClient-1-11] DEBUG org.asynchttpclient.netty.channel.ChannelManager - Adding key: http://localhost:31205 for channel [id: 0x6ab4f395, L:/127.0.0.1:61029 - R:localhost/127.0.0.1:31205]
19:21:13.210 [Forwarding getCurrentUrl on session 6dff77d5687df887ab85d1cbd010ff16 to remote] DEBUG org.asynchttpclient.netty.request.NettyRequestSender - Using pooled Channel '[id: 0x6ab4f395, L:/127.0.0.1:61029 - R:localhost/127.0.0.1:31205]' for 'GET' to 'http://localhost:31205/session/6dff77d5687df887ab85d1cbd010ff16/url'
19:21:13.210 [Forwarding getCurrentUrl on session 6dff77d5687df887ab85d1cbd010ff16 to remote] DEBUG org.asynchttpclient.netty.request.NettyRequestSender - Using open Channel [id: 0x6ab4f395, L:/127.0.0.1:61029 - R:localhost/127.0.0.1:31205] for GET '/session/6dff77d5687df887ab85d1cbd010ff16/url'
19:21:13.216 [AsyncHttpClient-1-11] DEBUG org.asynchttpclient.netty.handler.HttpHandler - 

Request DefaultFullHttpRequest(decodeResult: success, version: HTTP/1.1, content: EmptyByteBufBE)
GET /session/6dff77d5687df887ab85d1cbd010ff16/url HTTP/1.1
User-Agent: selenium/4.8.1 (java windows)
Cache-Control: no-cache
Content-Type: application/json; charset=utf-8
host: localhost:31205
accept: */*

Response DefaultHttpResponse(decodeResult: success, version: HTTP/1.1)
HTTP/1.1 200 OK
Content-Length: 41
Content-Type: application/json; charset=utf-8
cache-control: no-cache

19:21:13.216 [AsyncHttpClient-1-11] DEBUG org.asynchttpclient.netty.channel.ChannelManager - Adding key: http://localhost:31205 for channel [id: 0x6ab4f395, L:/127.0.0.1:61029 - R:localhost/127.0.0.1:31205]
19:21:13.218 [main] DEBUG net.thucydides.core.steps.StepInterceptor - STARTING STEP: CategorySteps.validateOnGamingCategoryProduct - validateGamingCategoryAlert
19:21:13.220 [Forwarding findElement on session 6dff77d5687df887ab85d1cbd010ff16 to remote] DEBUG org.asynchttpclient.netty.request.NettyRequestSender - Using pooled Channel '[id: 0x6ab4f395, L:/127.0.0.1:61029 - R:localhost/127.0.0.1:31205]' for 'POST' to 'http://localhost:31205/session/6dff77d5687df887ab85d1cbd010ff16/element'
19:21:13.220 [Forwarding findElement on session 6dff77d5687df887ab85d1cbd010ff16 to remote] DEBUG org.asynchttpclient.netty.request.NettyRequestSender - Using open Channel [id: 0x6ab4f395, L:/127.0.0.1:61029 - R:localhost/127.0.0.1:31205] for POST '/session/6dff77d5687df887ab85d1cbd010ff16/element'
19:21:13.232 [AsyncHttpClient-1-11] DEBUG org.asynchttpclient.netty.handler.HttpHandler - 

Request DefaultHttpRequest(decodeResult: success, version: HTTP/1.1)
POST /session/6dff77d5687df887ab85d1cbd010ff16/element HTTP/1.1
User-Agent: selenium/4.8.1 (java windows)
Content-Length: 137
Content-Type: application/json; charset=utf-8
host: localhost:31205
accept: */*

Response DefaultHttpResponse(decodeResult: success, version: HTTP/1.1)
HTTP/1.1 200 OK
Content-Length: 95
Content-Type: application/json; charset=utf-8
cache-control: no-cache

19:21:13.232 [AsyncHttpClient-1-11] DEBUG org.asynchttpclient.netty.channel.ChannelManager - Adding key: http://localhost:31205 for channel [id: 0x6ab4f395, L:/127.0.0.1:61029 - R:localhost/127.0.0.1:31205]
19:21:13.234 [Forwarding isElementDisplayed on session 6dff77d5687df887ab85d1cbd010ff16 to remote] DEBUG org.asynchttpclient.netty.request.NettyRequestSender - Using pooled Channel '[id: 0x6ab4f395, L:/127.0.0.1:61029 - R:localhost/127.0.0.1:31205]' for 'POST' to 'http://localhost:31205/session/6dff77d5687df887ab85d1cbd010ff16/execute/sync'
19:21:13.234 [Forwarding isElementDisplayed on session 6dff77d5687df887ab85d1cbd010ff16 to remote] DEBUG org.asynchttpclient.netty.request.NettyRequestSender - Using open Channel [id: 0x6ab4f395, L:/127.0.0.1:61029 - R:localhost/127.0.0.1:31205] for POST '/session/6dff77d5687df887ab85d1cbd010ff16/execute/sync'
19:21:13.248 [AsyncHttpClient-1-11] DEBUG org.asynchttpclient.netty.handler.HttpHandler - 

Request DefaultHttpRequest(decodeResult: success, version: HTTP/1.1)
POST /session/6dff77d5687df887ab85d1cbd010ff16/execute/sync HTTP/1.1
User-Agent: selenium/4.8.1 (java windows)
Content-Length: 48814
Content-Type: application/json; charset=utf-8
host: localhost:31205
accept: */*

Response DefaultHttpResponse(decodeResult: success, version: HTTP/1.1)
HTTP/1.1 200 OK
Content-Length: 14
Content-Type: application/json; charset=utf-8
cache-control: no-cache

19:21:13.248 [AsyncHttpClient-1-11] DEBUG org.asynchttpclient.netty.channel.ChannelManager - Adding key: http://localhost:31205 for channel [id: 0x6ab4f395, L:/127.0.0.1:61029 - R:localhost/127.0.0.1:31205]
19:21:13.255 [Forwarding getAlertText on session 6dff77d5687df887ab85d1cbd010ff16 to remote] DEBUG org.asynchttpclient.netty.request.NettyRequestSender - Using pooled Channel '[id: 0x6ab4f395, L:/127.0.0.1:61029 - R:localhost/127.0.0.1:31205]' for 'GET' to 'http://localhost:31205/session/6dff77d5687df887ab85d1cbd010ff16/alert/text'
19:21:13.255 [Forwarding getAlertText on session 6dff77d5687df887ab85d1cbd010ff16 to remote] DEBUG org.asynchttpclient.netty.request.NettyRequestSender - Using open Channel [id: 0x6ab4f395, L:/127.0.0.1:61029 - R:localhost/127.0.0.1:31205] for GET '/session/6dff77d5687df887ab85d1cbd010ff16/alert/text'
19:21:13.258 [AsyncHttpClient-1-11] DEBUG org.asynchttpclient.netty.handler.HttpHandler - 

Request DefaultFullHttpRequest(decodeResult: success, version: HTTP/1.1, content: EmptyByteBufBE)
GET /session/6dff77d5687df887ab85d1cbd010ff16/alert/text HTTP/1.1
User-Agent: selenium/4.8.1 (java windows)
Cache-Control: no-cache
Content-Type: application/json; charset=utf-8
host: localhost:31205
accept: */*

Response DefaultHttpResponse(decodeResult: success, version: HTTP/1.1)
HTTP/1.1 404 Not Found
Content-Length: 847
Content-Type: application/json; charset=utf-8
cache-control: no-cache

19:21:13.258 [AsyncHttpClient-1-11] DEBUG org.asynchttpclient.netty.channel.ChannelManager - Adding key: http://localhost:31205 for channel [id: 0x6ab4f395, L:/127.0.0.1:61029 - R:localhost/127.0.0.1:31205]
19:21:13.259 [Forwarding getCurrentUrl on session 6dff77d5687df887ab85d1cbd010ff16 to remote] DEBUG org.asynchttpclient.netty.request.NettyRequestSender - Using pooled Channel '[id: 0x6ab4f395, L:/127.0.0.1:61029 - R:localhost/127.0.0.1:31205]' for 'GET' to 'http://localhost:31205/session/6dff77d5687df887ab85d1cbd010ff16/url'
19:21:13.259 [Forwarding getCurrentUrl on session 6dff77d5687df887ab85d1cbd010ff16 to remote] DEBUG org.asynchttpclient.netty.request.NettyRequestSender - Using open Channel [id: 0x6ab4f395, L:/127.0.0.1:61029 - R:localhost/127.0.0.1:31205] for GET '/session/6dff77d5687df887ab85d1cbd010ff16/url'
19:21:13.267 [AsyncHttpClient-1-11] DEBUG org.asynchttpclient.netty.handler.HttpHandler - 

Request DefaultFullHttpRequest(decodeResult: success, version: HTTP/1.1, content: EmptyByteBufBE)
GET /session/6dff77d5687df887ab85d1cbd010ff16/url HTTP/1.1
User-Agent: selenium/4.8.1 (java windows)
Cache-Control: no-cache
Content-Type: application/json; charset=utf-8
host: localhost:31205
accept: */*

Response DefaultHttpResponse(decodeResult: success, version: HTTP/1.1)
HTTP/1.1 200 OK
Content-Length: 41
Content-Type: application/json; charset=utf-8
cache-control: no-cache

19:21:13.268 [AsyncHttpClient-1-11] DEBUG org.asynchttpclient.netty.channel.ChannelManager - Adding key: http://localhost:31205 for channel [id: 0x6ab4f395, L:/127.0.0.1:61029 - R:localhost/127.0.0.1:31205]
19:21:13.268 [Forwarding screenshot on session 6dff77d5687df887ab85d1cbd010ff16 to remote] DEBUG org.asynchttpclient.netty.request.NettyRequestSender - Using pooled Channel '[id: 0x6ab4f395, L:/127.0.0.1:61029 - R:localhost/127.0.0.1:31205]' for 'GET' to 'http://localhost:31205/session/6dff77d5687df887ab85d1cbd010ff16/screenshot'
19:21:13.268 [Forwarding screenshot on session 6dff77d5687df887ab85d1cbd010ff16 to remote] DEBUG org.asynchttpclient.netty.request.NettyRequestSender - Using open Channel [id: 0x6ab4f395, L:/127.0.0.1:61029 - R:localhost/127.0.0.1:31205] for GET '/session/6dff77d5687df887ab85d1cbd010ff16/screenshot'
19:21:13.454 [AsyncHttpClient-1-11] DEBUG org.asynchttpclient.netty.handler.HttpHandler - 

Request DefaultFullHttpRequest(decodeResult: success, version: HTTP/1.1, content: EmptyByteBufBE)
GET /session/6dff77d5687df887ab85d1cbd010ff16/screenshot HTTP/1.1
User-Agent: selenium/4.8.1 (java windows)
Cache-Control: no-cache
Content-Type: application/json; charset=utf-8
host: localhost:31205
accept: */*

Response DefaultHttpResponse(decodeResult: success, version: HTTP/1.1)
HTTP/1.1 200 OK
Content-Length: 22700
Content-Type: application/json; charset=utf-8
cache-control: no-cache

19:21:13.455 [AsyncHttpClient-1-11] DEBUG org.asynchttpclient.netty.channel.ChannelManager - Adding key: http://localhost:31205 for channel [id: 0x6ab4f395, L:/127.0.0.1:61029 - R:localhost/127.0.0.1:31205]
19:21:13.456 [main] DEBUG net.serenitybdd.core.photography.Darkroom - Send negative for processing for target\site\serenity\ce8a41fb7b5db4216bbf831617f2542022780d2781b4d2d45d247bb3df971f24.png
19:21:13.457 [main] DEBUG net.thucydides.core.steps.StepInterceptor - STEP DONE: validateGamingCategoryAlert
19:21:13.457 [Darkroom Processing Line] DEBUG net.serenitybdd.core.photography.DarkroomProcessingLine - Processing screenshot image in /var/screenshots/screenshot-14645855187049215942
19:21:13.457 [Darkroom Processing Line] DEBUG net.serenitybdd.core.photography.DarkroomProcessingLine - Saving screenshot to target\site\serenity\ce8a41fb7b5db4216bbf831617f2542022780d2781b4d2d45d247bb3df971f24.png
  &amp#27;[32mThen &amp#27;[0m&amp#27;[32mI should be redirected to gaming category product&amp#27;[0m &amp#27;[90m# starter.stepdefinitions.CategorySteps.validateOnGamingCategoryProduct()&amp#27;[0m
19:21:13.464 [main] INFO  - 
  _____   ___   ___   _____     ___     _     ___   ___   ___   ___  
 |_   _| | __| / __| |_   _|   | _ \   /_\   / __| / __| | __| |   \ 
   | |   | _|  \__ \   | |     |  _/  / _ \  \__ \ \__ \ | _|  | |) |
   |_|   |___| |___/   |_|     |_|   /_/ \_\ |___/ |___/ |___| |___/ 

Select category
----------------------------------------------------------------------
19:21:13.466 [AsyncHttpClient-1-13] DEBUG org.asynchttpclient.netty.handler.WebSocketHandler - Channel Closed: [id: 0x3d481a61, L:/127.0.0.1:61037 ! R:localhost/127.0.0.1:61030] with attribute NettyResponseFuture{currentRetry=0,
	isDone=1,
	isCancelled=0,
	asyncHandler=org.asynchttpclient.ws.WebSocketUpgradeHandler@39e7f1ba,
	nettyRequest=org.asynchttpclient.netty.request.NettyRequest@232106a6,
	future=java.util.concurrent.CompletableFuture@144c208b[Completed normally],
	uri=ws://localhost:61030/devtools/browser/ec84422e-4d95-4256-a48d-34d3ac498ccc,
	keepAlive=true,
	redirectCount=0,
	timeoutsHolder=null,
	inAuth=0,
	touch=1683807670560}
19:21:13.466 [AsyncHttpClient-1-13] DEBUG org.asynchttpclient.netty.channel.ChannelManager - Closing Channel [id: 0x3d481a61, L:/127.0.0.1:61037 ! R:localhost/127.0.0.1:61030] 
19:21:13.467 [Driver Command Executor] DEBUG org.asynchttpclient.netty.request.NettyRequestSender - Using pooled Channel '[id: 0x6ab4f395, L:/127.0.0.1:61029 - R:localhost/127.0.0.1:31205]' for 'DELETE' to 'http://localhost:31205/session/6dff77d5687df887ab85d1cbd010ff16'
19:21:13.467 [Driver Command Executor] DEBUG org.asynchttpclient.netty.request.NettyRequestSender - Using open Channel [id: 0x6ab4f395, L:/127.0.0.1:61029 - R:localhost/127.0.0.1:31205] for DELETE '/session/6dff77d5687df887ab85d1cbd010ff16'
19:21:13.562 [AsyncHttpClient-1-12] DEBUG org.asynchttpclient.netty.handler.HttpHandler - Unexpected I/O exception on channel [id: 0xe46d1396, L:/127.0.0.1:61036 - R:localhost/127.0.0.1:61030]
java.net.SocketException: Connection reset
	at java.base/sun.nio.ch.SocketChannelImpl.throwConnectionReset(SocketChannelImpl.java:401)
	at java.base/sun.nio.ch.SocketChannelImpl.read(SocketChannelImpl.java:434)
	at io.netty.buffer.PooledByteBuf.setBytes(PooledByteBuf.java:259)
	at io.netty.buffer.AbstractByteBuf.writeBytes(AbstractByteBuf.java:1132)
	at io.netty.channel.socket.nio.NioSocketChannel.doReadBytes(NioSocketChannel.java:357)
	at io.netty.channel.nio.AbstractNioByteChannel$NioByteUnsafe.read(AbstractNioByteChannel.java:151)
	at io.netty.channel.nio.NioEventLoop.processSelectedKey(NioEventLoop.java:788)
	at io.netty.channel.nio.NioEventLoop.processSelectedKeysOptimized(NioEventLoop.java:724)
	at io.netty.channel.nio.NioEventLoop.processSelectedKeys(NioEventLoop.java:650)
	at io.netty.channel.nio.NioEventLoop.run(NioEventLoop.java:562)
	at io.netty.util.concurrent.SingleThreadEventExecutor$4.run(SingleThreadEventExecutor.java:997)
	at io.netty.util.internal.ThreadExecutorMap$2.run(ThreadExecutorMap.java:74)
	at io.netty.util.concurrent.FastThreadLocalRunnable.run(FastThreadLocalRunnable.java:30)
	at java.base/java.lang.Thread.run(Thread.java:1589)
19:21:13.562 [AsyncHttpClient-1-12] DEBUG org.asynchttpclient.netty.channel.ChannelManager - Closing Channel [id: 0xe46d1396, L:/127.0.0.1:61036 - R:localhost/127.0.0.1:61030] 
19:21:13.562 [AsyncHttpClient-1-12] DEBUG org.asynchttpclient.netty.handler.HttpHandler - Channel Closed: [id: 0xe46d1396, L:/127.0.0.1:61036 ! R:localhost/127.0.0.1:61030] with attribute DISCARD
19:21:13.597 [AsyncHttpClient-1-11] DEBUG org.asynchttpclient.netty.handler.HttpHandler - 

Request DefaultFullHttpRequest(decodeResult: success, version: HTTP/1.1, content: EmptyByteBufBE)
DELETE /session/6dff77d5687df887ab85d1cbd010ff16 HTTP/1.1
User-Agent: selenium/4.8.1 (java windows)
Content-Type: application/json; charset=utf-8
host: localhost:31205
accept: */*

Response DefaultHttpResponse(decodeResult: success, version: HTTP/1.1)
HTTP/1.1 200 OK
Content-Length: 14
Content-Type: application/json; charset=utf-8
cache-control: no-cache

19:21:13.597 [AsyncHttpClient-1-11] DEBUG org.asynchttpclient.netty.channel.ChannelManager - Adding key: http://localhost:31205 for channel [id: 0x6ab4f395, L:/127.0.0.1:61029 - R:localhost/127.0.0.1:31205]
19:21:13.710 [AsyncHttpClient-1-1] DEBUG org.asynchttpclient.netty.channel.DefaultChannelPool - Entry count for : http://localhost:61030 : 1
19:21:13.710 [AsyncHttpClient-1-1] DEBUG org.asynchttpclient.netty.channel.DefaultChannelPool - Entry count for : http://localhost:31205 : 1
19:21:13.710 [AsyncHttpClient-1-1] DEBUG org.asynchttpclient.netty.channel.DefaultChannelPool - Adding Candidate expired Channel [id: 0xe46d1396, L:/127.0.0.1:61036 ! R:localhost/127.0.0.1:61030] isIdleTimeoutExpired=false isRemotelyClosed=true isTtlExpired=false
19:21:13.710 [AsyncHttpClient-1-1] DEBUG org.asynchttpclient.netty.channel.DefaultChannelPool - Closing Idle Channel [id: 0xe46d1396, L:/127.0.0.1:61036 ! R:localhost/127.0.0.1:61030]
19:21:13.710 [AsyncHttpClient-1-1] DEBUG org.asynchttpclient.netty.channel.DefaultChannelPool - Closed 1 connections out of 2 in 0 ms
19:21:13.759 [AsyncHttpClient-1-11] DEBUG org.asynchttpclient.netty.handler.HttpHandler - Channel Closed: [id: 0x6ab4f395, L:/127.0.0.1:61029 ! R:localhost/127.0.0.1:31205] with attribute DISCARD
]]></system-out>
    <system-err><![CDATA[Starting ChromeDriver 113.0.5672.63 (0e1a4471d5ae5bf128b1bd8f4d627c8cbd55f70c-refs/branch-heads/5672@{#912}) on port 31205
Only local connections are allowed.
Please see https://chromedriver.chromium.org/security-considerations for suggestions on keeping ChromeDriver safe.
ChromeDriver was started successfully.
May 11, 2023 7:21:10 PM org.openqa.selenium.devtools.CdpVersionFinder findNearestMatch
WARNING: Unable to find an exact match for CDP version 113, so returning the closest version found: 110
]]></system-err>
  </testcase>
  <testcase name="Clear category" classname="Category" time="4.505">
    <system-out><![CDATA[
Scenario: Clear category                                     &amp#27;[90m# src/test/resources/features/4. Category.feature:13&amp#27;[0m
19:21:13.821 [main] DEBUG io.cucumber.core.plugin.SerenityReporter - Running feature from file:///C:/Users/Bunayya%20Zulfikar/3D%20Objects/alta_web_minpro_testcase/src/test/resources/features/4.%20Category.feature
19:21:13.823 [main] INFO  - 
  _____   ___   ___   _____     ___   _____     _     ___   _____   ___   ___  
 |_   _| | __| / __| |_   _|   / __| |_   _|   /_\   | _ \ |_   _| | __| |   \ 
   | |   | _|  \__ \   | |     \__ \   | |    / _ \  |   /   | |   | _|  | |) |
   |_|   |___| |___/   |_|     |___/   |_|   /_/ \_\ |_|_\   |_|   |___| |___/ 

Clear category(category;clear-category)
--------------------------------------------------------------------------------
19:21:13.858 [main] DEBUG net.thucydides.core.steps.StepInterceptor - STARTING STEP: CategorySteps.goToHomePage - openPage
19:21:13.904 [main] INFO net.serenitybdd.core.webdriver.driverproviders.ChromeDriverProvider - Starting Chrome driver instance with capabilities:
19:21:13.905 [main] INFO net.serenitybdd.core.webdriver.driverproviders.ChromeDriverProvider - Capabilities {acceptInsecureCerts: false, browserName: chrome, goog:chromeOptions: {args: [remote-allow-origins=*], extensions: []}}
19:21:13.983 [AsyncHttpClient-1-14] DEBUG org.asynchttpclient.netty.channel.NettyConnectListener - Using new Channel '[id: 0xe576209d, L:/127.0.0.1:61055 - R:localhost/127.0.0.1:43929]' for 'POST' to '/session'
19:21:14.719 [AsyncHttpClient-1-14] DEBUG org.asynchttpclient.netty.handler.HttpHandler - 

Request DefaultHttpRequest(decodeResult: success, version: HTTP/1.1)
POST /session HTTP/1.1
User-Agent: selenium/4.8.1 (java windows)
Content-Length: 507
Content-Type: application/json; charset=utf-8
host: localhost:43929
accept: */*

Response DefaultHttpResponse(decodeResult: success, version: HTTP/1.1)
HTTP/1.1 200 OK
Content-Length: 861
Content-Type: application/json; charset=utf-8
cache-control: no-cache

19:21:14.719 [AsyncHttpClient-1-14] DEBUG org.asynchttpclient.netty.channel.ChannelManager - Adding key: http://localhost:43929 for channel [id: 0xe576209d, L:/127.0.0.1:61055 - R:localhost/127.0.0.1:43929]
19:21:14.727 [AsyncHttpClient-1-15] DEBUG org.asynchttpclient.netty.channel.NettyConnectListener - Using new Channel '[id: 0x06f5848d, L:/127.0.0.1:61062 - R:localhost/127.0.0.1:61056]' for 'GET' to '/json/version'
19:21:14.728 [AsyncHttpClient-1-15] DEBUG org.asynchttpclient.netty.handler.HttpHandler - 

Request DefaultFullHttpRequest(decodeResult: success, version: HTTP/1.1, content: EmptyByteBufBE)
GET /json/version HTTP/1.1
User-Agent: selenium/4.8.1 (java windows)
host: localhost:61056
accept: */*

Response DefaultHttpResponse(decodeResult: success, version: HTTP/1.1)
HTTP/1.1 200 OK
Content-Security-Policy: frame-ancestors 'none'
Content-Length: 422
Content-Type: application/json; charset=UTF-8

19:21:14.728 [AsyncHttpClient-1-15] DEBUG org.asynchttpclient.netty.channel.ChannelManager - Adding key: http://localhost:61056 for channel [id: 0x06f5848d, L:/127.0.0.1:61062 - R:localhost/127.0.0.1:61056]
19:21:14.731 [AsyncHttpClient-1-16] DEBUG org.asynchttpclient.netty.channel.NettyConnectListener - Using new Channel '[id: 0x072bc0f7, L:/127.0.0.1:61063 - R:localhost/127.0.0.1:61056]' for 'GET' to '/devtools/browser/2373bb41-45f6-444f-a37e-5b2987c8f68f'
19:21:14.732 [AsyncHttpClient-1-16] DEBUG org.asynchttpclient.netty.handler.WebSocketHandler - 

Request DefaultFullHttpRequest(decodeResult: success, version: HTTP/1.1, content: EmptyByteBufBE)
GET /devtools/browser/2373bb41-45f6-444f-a37e-5b2987c8f68f HTTP/1.1
upgrade: websocket
connection: upgrade
sec-websocket-key: J7HysyeUZx0pMII7P/63Rw==
sec-websocket-version: 13
origin: http://localhost:61056
host: localhost:61056
accept: */*
user-agent: AHC/2.1

Response DefaultHttpResponse(decodeResult: success, version: HTTP/1.1)
HTTP/1.1 101 WebSocket Protocol Handshake
Upgrade: WebSocket
Connection: Upgrade
Sec-WebSocket-Accept: a+dS0TkIJ7BlOsnOwgkyWa/rQGg=

19:21:14.736 [Forwarding get on session 8d3e22d4529f3f51178177d8063fcb8a to remote] DEBUG org.asynchttpclient.netty.request.NettyRequestSender - Using pooled Channel '[id: 0xe576209d, L:/127.0.0.1:61055 - R:localhost/127.0.0.1:43929]' for 'POST' to 'http://localhost:43929/session/8d3e22d4529f3f51178177d8063fcb8a/url'
19:21:14.736 [Forwarding get on session 8d3e22d4529f3f51178177d8063fcb8a to remote] DEBUG org.asynchttpclient.netty.request.NettyRequestSender - Using open Channel [id: 0xe576209d, L:/127.0.0.1:61055 - R:localhost/127.0.0.1:43929] for POST '/session/8d3e22d4529f3f51178177d8063fcb8a/url'
19:21:14.798 [AsyncHttpClient-1-1] DEBUG org.asynchttpclient.netty.channel.DefaultChannelPool - Entry count for : http://localhost:61056 : 1
19:21:14.798 [AsyncHttpClient-1-1] DEBUG org.asynchttpclient.netty.channel.DefaultChannelPool - Entry count for : http://localhost:31205 : 1
19:21:14.798 [AsyncHttpClient-1-1] DEBUG org.asynchttpclient.netty.channel.DefaultChannelPool - Adding Candidate expired Channel [id: 0x6ab4f395, L:/127.0.0.1:61029 ! R:localhost/127.0.0.1:31205] isIdleTimeoutExpired=false isRemotelyClosed=true isTtlExpired=false
19:21:14.798 [AsyncHttpClient-1-1] DEBUG org.asynchttpclient.netty.channel.DefaultChannelPool - Closing Idle Channel [id: 0x6ab4f395, L:/127.0.0.1:61029 ! R:localhost/127.0.0.1:31205]
19:21:14.799 [AsyncHttpClient-1-1] DEBUG org.asynchttpclient.netty.channel.DefaultChannelPool - Closed 1 connections out of 2 in 1 ms
19:21:15.408 [AsyncHttpClient-1-14] DEBUG org.asynchttpclient.netty.handler.HttpHandler - 

Request DefaultHttpRequest(decodeResult: success, version: HTTP/1.1)
POST /session/8d3e22d4529f3f51178177d8063fcb8a/url HTTP/1.1
User-Agent: selenium/4.8.1 (java windows)
Content-Length: 80
Content-Type: application/json; charset=utf-8
host: localhost:43929
accept: */*

Response DefaultHttpResponse(decodeResult: success, version: HTTP/1.1)
HTTP/1.1 200 OK
Content-Length: 14
Content-Type: application/json; charset=utf-8
cache-control: no-cache

19:21:15.408 [AsyncHttpClient-1-14] DEBUG org.asynchttpclient.netty.channel.ChannelManager - Adding key: http://localhost:43929 for channel [id: 0xe576209d, L:/127.0.0.1:61055 - R:localhost/127.0.0.1:43929]
19:21:15.410 [Forwarding setTimeout on session 8d3e22d4529f3f51178177d8063fcb8a to remote] DEBUG org.asynchttpclient.netty.request.NettyRequestSender - Using pooled Channel '[id: 0xe576209d, L:/127.0.0.1:61055 - R:localhost/127.0.0.1:43929]' for 'POST' to 'http://localhost:43929/session/8d3e22d4529f3f51178177d8063fcb8a/timeouts'
19:21:15.410 [Forwarding setTimeout on session 8d3e22d4529f3f51178177d8063fcb8a to remote] DEBUG org.asynchttpclient.netty.request.NettyRequestSender - Using open Channel [id: 0xe576209d, L:/127.0.0.1:61055 - R:localhost/127.0.0.1:43929] for POST '/session/8d3e22d4529f3f51178177d8063fcb8a/timeouts'
19:21:15.411 [AsyncHttpClient-1-14] DEBUG org.asynchttpclient.netty.handler.HttpHandler - 

Request DefaultHttpRequest(decodeResult: success, version: HTTP/1.1)
POST /session/8d3e22d4529f3f51178177d8063fcb8a/timeouts HTTP/1.1
User-Agent: selenium/4.8.1 (java windows)
Content-Length: 22
Content-Type: application/json; charset=utf-8
host: localhost:43929
accept: */*

Response DefaultHttpResponse(decodeResult: success, version: HTTP/1.1)
HTTP/1.1 200 OK
Content-Length: 14
Content-Type: application/json; charset=utf-8
cache-control: no-cache

19:21:15.411 [AsyncHttpClient-1-14] DEBUG org.asynchttpclient.netty.channel.ChannelManager - Adding key: http://localhost:43929 for channel [id: 0xe576209d, L:/127.0.0.1:61055 - R:localhost/127.0.0.1:43929]
19:21:15.420 [Forwarding getAlertText on session 8d3e22d4529f3f51178177d8063fcb8a to remote] DEBUG org.asynchttpclient.netty.request.NettyRequestSender - Using pooled Channel '[id: 0xe576209d, L:/127.0.0.1:61055 - R:localhost/127.0.0.1:43929]' for 'GET' to 'http://localhost:43929/session/8d3e22d4529f3f51178177d8063fcb8a/alert/text'
19:21:15.420 [Forwarding getAlertText on session 8d3e22d4529f3f51178177d8063fcb8a to remote] DEBUG org.asynchttpclient.netty.request.NettyRequestSender - Using open Channel [id: 0xe576209d, L:/127.0.0.1:61055 - R:localhost/127.0.0.1:43929] for GET '/session/8d3e22d4529f3f51178177d8063fcb8a/alert/text'
19:21:15.423 [AsyncHttpClient-1-14] DEBUG org.asynchttpclient.netty.handler.HttpHandler - 

Request DefaultFullHttpRequest(decodeResult: success, version: HTTP/1.1, content: EmptyByteBufBE)
GET /session/8d3e22d4529f3f51178177d8063fcb8a/alert/text HTTP/1.1
User-Agent: selenium/4.8.1 (java windows)
Cache-Control: no-cache
Content-Type: application/json; charset=utf-8
host: localhost:43929
accept: */*

Response DefaultHttpResponse(decodeResult: success, version: HTTP/1.1)
HTTP/1.1 404 Not Found
Content-Length: 847
Content-Type: application/json; charset=utf-8
cache-control: no-cache

19:21:15.423 [AsyncHttpClient-1-14] DEBUG org.asynchttpclient.netty.channel.ChannelManager - Adding key: http://localhost:43929 for channel [id: 0xe576209d, L:/127.0.0.1:61055 - R:localhost/127.0.0.1:43929]
19:21:15.424 [Forwarding getCurrentUrl on session 8d3e22d4529f3f51178177d8063fcb8a to remote] DEBUG org.asynchttpclient.netty.request.NettyRequestSender - Using pooled Channel '[id: 0xe576209d, L:/127.0.0.1:61055 - R:localhost/127.0.0.1:43929]' for 'GET' to 'http://localhost:43929/session/8d3e22d4529f3f51178177d8063fcb8a/url'
19:21:15.424 [Forwarding getCurrentUrl on session 8d3e22d4529f3f51178177d8063fcb8a to remote] DEBUG org.asynchttpclient.netty.request.NettyRequestSender - Using open Channel [id: 0xe576209d, L:/127.0.0.1:61055 - R:localhost/127.0.0.1:43929] for GET '/session/8d3e22d4529f3f51178177d8063fcb8a/url'
19:21:15.430 [AsyncHttpClient-1-14] DEBUG org.asynchttpclient.netty.handler.HttpHandler - 

Request DefaultFullHttpRequest(decodeResult: success, version: HTTP/1.1, content: EmptyByteBufBE)
GET /session/8d3e22d4529f3f51178177d8063fcb8a/url HTTP/1.1
User-Agent: selenium/4.8.1 (java windows)
Cache-Control: no-cache
Content-Type: application/json; charset=utf-8
host: localhost:43929
accept: */*

Response DefaultHttpResponse(decodeResult: success, version: HTTP/1.1)
HTTP/1.1 200 OK
Content-Length: 52
Content-Type: application/json; charset=utf-8
cache-control: no-cache

19:21:15.430 [AsyncHttpClient-1-14] DEBUG org.asynchttpclient.netty.channel.ChannelManager - Adding key: http://localhost:43929 for channel [id: 0xe576209d, L:/127.0.0.1:61055 - R:localhost/127.0.0.1:43929]
19:21:15.430 [Forwarding screenshot on session 8d3e22d4529f3f51178177d8063fcb8a to remote] DEBUG org.asynchttpclient.netty.request.NettyRequestSender - Using pooled Channel '[id: 0xe576209d, L:/127.0.0.1:61055 - R:localhost/127.0.0.1:43929]' for 'GET' to 'http://localhost:43929/session/8d3e22d4529f3f51178177d8063fcb8a/screenshot'
19:21:15.430 [Forwarding screenshot on session 8d3e22d4529f3f51178177d8063fcb8a to remote] DEBUG org.asynchttpclient.netty.request.NettyRequestSender - Using open Channel [id: 0xe576209d, L:/127.0.0.1:61055 - R:localhost/127.0.0.1:43929] for GET '/session/8d3e22d4529f3f51178177d8063fcb8a/screenshot'
19:21:15.707 [AsyncHttpClient-1-14] DEBUG org.asynchttpclient.netty.handler.HttpHandler - 

Request DefaultFullHttpRequest(decodeResult: success, version: HTTP/1.1, content: EmptyByteBufBE)
GET /session/8d3e22d4529f3f51178177d8063fcb8a/screenshot HTTP/1.1
User-Agent: selenium/4.8.1 (java windows)
Cache-Control: no-cache
Content-Type: application/json; charset=utf-8
host: localhost:43929
accept: */*

Response DefaultHttpResponse(decodeResult: success, version: HTTP/1.1)
HTTP/1.1 200 OK
Content-Length: 32168
Content-Type: application/json; charset=utf-8
cache-control: no-cache

19:21:15.708 [AsyncHttpClient-1-14] DEBUG org.asynchttpclient.netty.channel.ChannelManager - Adding key: http://localhost:43929 for channel [id: 0xe576209d, L:/127.0.0.1:61055 - R:localhost/127.0.0.1:43929]
19:21:15.709 [main] DEBUG net.serenitybdd.core.photography.Darkroom - Send negative for processing for target\site\serenity\d00787a84e57ae9818ec6333fe71d83a89fc0961433dfe7832481e3dca8fda29.png
19:21:15.709 [main] DEBUG net.thucydides.core.steps.StepInterceptor - STEP DONE: openPage
19:21:15.714 [Forwarding getPageSource on session 8d3e22d4529f3f51178177d8063fcb8a to remote] DEBUG org.asynchttpclient.netty.request.NettyRequestSender - Using pooled Channel '[id: 0xe576209d, L:/127.0.0.1:61055 - R:localhost/127.0.0.1:43929]' for 'POST' to 'http://localhost:43929/session/8d3e22d4529f3f51178177d8063fcb8a/execute/sync'
19:21:15.714 [Forwarding getPageSource on session 8d3e22d4529f3f51178177d8063fcb8a to remote] DEBUG org.asynchttpclient.netty.request.NettyRequestSender - Using open Channel [id: 0xe576209d, L:/127.0.0.1:61055 - R:localhost/127.0.0.1:43929] for POST '/session/8d3e22d4529f3f51178177d8063fcb8a/execute/sync'
19:21:15.720 [AsyncHttpClient-1-14] DEBUG org.asynchttpclient.netty.handler.HttpHandler - 

Request DefaultHttpRequest(decodeResult: success, version: HTTP/1.1)
POST /session/8d3e22d4529f3f51178177d8063fcb8a/execute/sync HTTP/1.1
User-Agent: selenium/4.8.1 (java windows)
Content-Length: 176
Content-Type: application/json; charset=utf-8
host: localhost:43929
accept: */*

Response DefaultHttpResponse(decodeResult: success, version: HTTP/1.1)
HTTP/1.1 200 OK
Content-Length: 21659
Content-Type: application/json; charset=utf-8
cache-control: no-cache

19:21:15.720 [AsyncHttpClient-1-14] DEBUG org.asynchttpclient.netty.channel.ChannelManager - Adding key: http://localhost:43929 for channel [id: 0xe576209d, L:/127.0.0.1:61055 - R:localhost/127.0.0.1:43929]
19:21:15.721 [Forwarding getCurrentUrl on session 8d3e22d4529f3f51178177d8063fcb8a to remote] DEBUG org.asynchttpclient.netty.request.NettyRequestSender - Using pooled Channel '[id: 0xe576209d, L:/127.0.0.1:61055 - R:localhost/127.0.0.1:43929]' for 'GET' to 'http://localhost:43929/session/8d3e22d4529f3f51178177d8063fcb8a/url'
19:21:15.721 [Forwarding getCurrentUrl on session 8d3e22d4529f3f51178177d8063fcb8a to remote] DEBUG org.asynchttpclient.netty.request.NettyRequestSender - Using open Channel [id: 0xe576209d, L:/127.0.0.1:61055 - R:localhost/127.0.0.1:43929] for GET '/session/8d3e22d4529f3f51178177d8063fcb8a/url'
19:21:15.724 [AsyncHttpClient-1-14] DEBUG org.asynchttpclient.netty.handler.HttpHandler - 

Request DefaultFullHttpRequest(decodeResult: success, version: HTTP/1.1, content: EmptyByteBufBE)
GET /session/8d3e22d4529f3f51178177d8063fcb8a/url HTTP/1.1
User-Agent: selenium/4.8.1 (java windows)
Cache-Control: no-cache
Content-Type: application/json; charset=utf-8
host: localhost:43929
accept: */*

Response DefaultHttpResponse(decodeResult: success, version: HTTP/1.1)
HTTP/1.1 200 OK
Content-Length: 52
Content-Type: application/json; charset=utf-8
cache-control: no-cache

19:21:15.725 [AsyncHttpClient-1-14] DEBUG org.asynchttpclient.netty.channel.ChannelManager - Adding key: http://localhost:43929 for channel [id: 0xe576209d, L:/127.0.0.1:61055 - R:localhost/127.0.0.1:43929]
19:21:15.726 [main] DEBUG net.thucydides.core.steps.StepInterceptor - STARTING STEP: CategorySteps.goToHomePage - clickToolbarTitle
19:21:15.727 [Forwarding findElement on session 8d3e22d4529f3f51178177d8063fcb8a to remote] DEBUG org.asynchttpclient.netty.request.NettyRequestSender - Using pooled Channel '[id: 0xe576209d, L:/127.0.0.1:61055 - R:localhost/127.0.0.1:43929]' for 'POST' to 'http://localhost:43929/session/8d3e22d4529f3f51178177d8063fcb8a/element'
19:21:15.727 [Forwarding findElement on session 8d3e22d4529f3f51178177d8063fcb8a to remote] DEBUG org.asynchttpclient.netty.request.NettyRequestSender - Using open Channel [id: 0xe576209d, L:/127.0.0.1:61055 - R:localhost/127.0.0.1:43929] for POST '/session/8d3e22d4529f3f51178177d8063fcb8a/element'
19:21:15.739 [AsyncHttpClient-1-14] DEBUG org.asynchttpclient.netty.handler.HttpHandler - 

Request DefaultHttpRequest(decodeResult: success, version: HTTP/1.1)
POST /session/8d3e22d4529f3f51178177d8063fcb8a/element HTTP/1.1
User-Agent: selenium/4.8.1 (java windows)
Content-Length: 63
Content-Type: application/json; charset=utf-8
host: localhost:43929
accept: */*

Response DefaultHttpResponse(decodeResult: success, version: HTTP/1.1)
HTTP/1.1 200 OK
Content-Length: 94
Content-Type: application/json; charset=utf-8
cache-control: no-cache

19:21:15.739 [AsyncHttpClient-1-14] DEBUG org.asynchttpclient.netty.channel.ChannelManager - Adding key: http://localhost:43929 for channel [id: 0xe576209d, L:/127.0.0.1:61055 - R:localhost/127.0.0.1:43929]
19:21:15.740 [Forwarding getElementTagName on session 8d3e22d4529f3f51178177d8063fcb8a to remote] DEBUG org.asynchttpclient.netty.request.NettyRequestSender - Using pooled Channel '[id: 0xe576209d, L:/127.0.0.1:61055 - R:localhost/127.0.0.1:43929]' for 'GET' to 'http://localhost:43929/session/8d3e22d4529f3f51178177d8063fcb8a/element/85C82BC9481FABF7159A7C9546C3FDBA_element_5/name'
19:21:15.740 [Forwarding getElementTagName on session 8d3e22d4529f3f51178177d8063fcb8a to remote] DEBUG org.asynchttpclient.netty.request.NettyRequestSender - Using open Channel [id: 0xe576209d, L:/127.0.0.1:61055 - R:localhost/127.0.0.1:43929] for GET '/session/8d3e22d4529f3f51178177d8063fcb8a/element/85C82BC9481FABF7159A7C9546C3FDBA_element_5/name'
19:21:15.744 [AsyncHttpClient-1-14] DEBUG org.asynchttpclient.netty.handler.HttpHandler - 

Request DefaultFullHttpRequest(decodeResult: success, version: HTTP/1.1, content: EmptyByteBufBE)
GET /session/8d3e22d4529f3f51178177d8063fcb8a/element/85C82BC9481FABF7159A7C9546C3FDBA_element_5/name HTTP/1.1
User-Agent: selenium/4.8.1 (java windows)
Cache-Control: no-cache
Content-Type: application/json; charset=utf-8
host: localhost:43929
accept: */*

Response DefaultHttpResponse(decodeResult: success, version: HTTP/1.1)
HTTP/1.1 200 OK
Content-Length: 15
Content-Type: application/json; charset=utf-8
cache-control: no-cache

19:21:15.744 [AsyncHttpClient-1-14] DEBUG org.asynchttpclient.netty.channel.ChannelManager - Adding key: http://localhost:43929 for channel [id: 0xe576209d, L:/127.0.0.1:61055 - R:localhost/127.0.0.1:43929]
19:21:15.744 [Forwarding getElementTagName on session 8d3e22d4529f3f51178177d8063fcb8a to remote] DEBUG org.asynchttpclient.netty.request.NettyRequestSender - Using pooled Channel '[id: 0xe576209d, L:/127.0.0.1:61055 - R:localhost/127.0.0.1:43929]' for 'GET' to 'http://localhost:43929/session/8d3e22d4529f3f51178177d8063fcb8a/element/85C82BC9481FABF7159A7C9546C3FDBA_element_5/name'
19:21:15.744 [Forwarding getElementTagName on session 8d3e22d4529f3f51178177d8063fcb8a to remote] DEBUG org.asynchttpclient.netty.request.NettyRequestSender - Using open Channel [id: 0xe576209d, L:/127.0.0.1:61055 - R:localhost/127.0.0.1:43929] for GET '/session/8d3e22d4529f3f51178177d8063fcb8a/element/85C82BC9481FABF7159A7C9546C3FDBA_element_5/name'
19:21:15.747 [AsyncHttpClient-1-14] DEBUG org.asynchttpclient.netty.handler.HttpHandler - 

Request DefaultFullHttpRequest(decodeResult: success, version: HTTP/1.1, content: EmptyByteBufBE)
GET /session/8d3e22d4529f3f51178177d8063fcb8a/element/85C82BC9481FABF7159A7C9546C3FDBA_element_5/name HTTP/1.1
User-Agent: selenium/4.8.1 (java windows)
Cache-Control: no-cache
Content-Type: application/json; charset=utf-8
host: localhost:43929
accept: */*

Response DefaultHttpResponse(decodeResult: success, version: HTTP/1.1)
HTTP/1.1 200 OK
Content-Length: 15
Content-Type: application/json; charset=utf-8
cache-control: no-cache

19:21:15.747 [AsyncHttpClient-1-14] DEBUG org.asynchttpclient.netty.channel.ChannelManager - Adding key: http://localhost:43929 for channel [id: 0xe576209d, L:/127.0.0.1:61055 - R:localhost/127.0.0.1:43929]
19:21:15.748 [Forwarding findElement on session 8d3e22d4529f3f51178177d8063fcb8a to remote] DEBUG org.asynchttpclient.netty.request.NettyRequestSender - Using pooled Channel '[id: 0xe576209d, L:/127.0.0.1:61055 - R:localhost/127.0.0.1:43929]' for 'POST' to 'http://localhost:43929/session/8d3e22d4529f3f51178177d8063fcb8a/element'
19:21:15.748 [Forwarding findElement on session 8d3e22d4529f3f51178177d8063fcb8a to remote] DEBUG org.asynchttpclient.netty.request.NettyRequestSender - Using open Channel [id: 0xe576209d, L:/127.0.0.1:61055 - R:localhost/127.0.0.1:43929] for POST '/session/8d3e22d4529f3f51178177d8063fcb8a/element'
19:21:15.753 [AsyncHttpClient-1-14] DEBUG org.asynchttpclient.netty.handler.HttpHandler - 

Request DefaultHttpRequest(decodeResult: success, version: HTTP/1.1)
POST /session/8d3e22d4529f3f51178177d8063fcb8a/element HTTP/1.1
User-Agent: selenium/4.8.1 (java windows)
Content-Length: 63
Content-Type: application/json; charset=utf-8
host: localhost:43929
accept: */*

Response DefaultHttpResponse(decodeResult: success, version: HTTP/1.1)
HTTP/1.1 200 OK
Content-Length: 94
Content-Type: application/json; charset=utf-8
cache-control: no-cache

19:21:15.753 [AsyncHttpClient-1-14] DEBUG org.asynchttpclient.netty.channel.ChannelManager - Adding key: http://localhost:43929 for channel [id: 0xe576209d, L:/127.0.0.1:61055 - R:localhost/127.0.0.1:43929]
19:21:15.753 [Forwarding clickElement on session 8d3e22d4529f3f51178177d8063fcb8a to remote] DEBUG org.asynchttpclient.netty.request.NettyRequestSender - Using pooled Channel '[id: 0xe576209d, L:/127.0.0.1:61055 - R:localhost/127.0.0.1:43929]' for 'POST' to 'http://localhost:43929/session/8d3e22d4529f3f51178177d8063fcb8a/element/85C82BC9481FABF7159A7C9546C3FDBA_element_5/click'
19:21:15.753 [Forwarding clickElement on session 8d3e22d4529f3f51178177d8063fcb8a to remote] DEBUG org.asynchttpclient.netty.request.NettyRequestSender - Using open Channel [id: 0xe576209d, L:/127.0.0.1:61055 - R:localhost/127.0.0.1:43929] for POST '/session/8d3e22d4529f3f51178177d8063fcb8a/element/85C82BC9481FABF7159A7C9546C3FDBA_element_5/click'
19:21:15.811 [AsyncHttpClient-1-14] DEBUG org.asynchttpclient.netty.handler.HttpHandler - 

Request DefaultHttpRequest(decodeResult: success, version: HTTP/1.1)
POST /session/8d3e22d4529f3f51178177d8063fcb8a/element/85C82BC9481FABF7159A7C9546C3FDBA_element_5/click HTTP/1.1
User-Agent: selenium/4.8.1 (java windows)
Content-Length: 56
Content-Type: application/json; charset=utf-8
host: localhost:43929
accept: */*

Response DefaultHttpResponse(decodeResult: success, version: HTTP/1.1)
HTTP/1.1 200 OK
Content-Length: 14
Content-Type: application/json; charset=utf-8
cache-control: no-cache

19:21:15.811 [AsyncHttpClient-1-14] DEBUG org.asynchttpclient.netty.channel.ChannelManager - Adding key: http://localhost:43929 for channel [id: 0xe576209d, L:/127.0.0.1:61055 - R:localhost/127.0.0.1:43929]
19:21:15.820 [Forwarding getAlertText on session 8d3e22d4529f3f51178177d8063fcb8a to remote] DEBUG org.asynchttpclient.netty.request.NettyRequestSender - Using pooled Channel '[id: 0xe576209d, L:/127.0.0.1:61055 - R:localhost/127.0.0.1:43929]' for 'GET' to 'http://localhost:43929/session/8d3e22d4529f3f51178177d8063fcb8a/alert/text'
19:21:15.820 [Forwarding getAlertText on session 8d3e22d4529f3f51178177d8063fcb8a to remote] DEBUG org.asynchttpclient.netty.request.NettyRequestSender - Using open Channel [id: 0xe576209d, L:/127.0.0.1:61055 - R:localhost/127.0.0.1:43929] for GET '/session/8d3e22d4529f3f51178177d8063fcb8a/alert/text'
19:21:15.822 [AsyncHttpClient-1-14] DEBUG org.asynchttpclient.netty.handler.HttpHandler - 

Request DefaultFullHttpRequest(decodeResult: success, version: HTTP/1.1, content: EmptyByteBufBE)
GET /session/8d3e22d4529f3f51178177d8063fcb8a/alert/text HTTP/1.1
User-Agent: selenium/4.8.1 (java windows)
Cache-Control: no-cache
Content-Type: application/json; charset=utf-8
host: localhost:43929
accept: */*

Response DefaultHttpResponse(decodeResult: success, version: HTTP/1.1)
HTTP/1.1 404 Not Found
Content-Length: 847
Content-Type: application/json; charset=utf-8
cache-control: no-cache

19:21:15.822 [AsyncHttpClient-1-14] DEBUG org.asynchttpclient.netty.channel.ChannelManager - Adding key: http://localhost:43929 for channel [id: 0xe576209d, L:/127.0.0.1:61055 - R:localhost/127.0.0.1:43929]
19:21:15.823 [Forwarding getCurrentUrl on session 8d3e22d4529f3f51178177d8063fcb8a to remote] DEBUG org.asynchttpclient.netty.request.NettyRequestSender - Using pooled Channel '[id: 0xe576209d, L:/127.0.0.1:61055 - R:localhost/127.0.0.1:43929]' for 'GET' to 'http://localhost:43929/session/8d3e22d4529f3f51178177d8063fcb8a/url'
19:21:15.823 [Forwarding getCurrentUrl on session 8d3e22d4529f3f51178177d8063fcb8a to remote] DEBUG org.asynchttpclient.netty.request.NettyRequestSender - Using open Channel [id: 0xe576209d, L:/127.0.0.1:61055 - R:localhost/127.0.0.1:43929] for GET '/session/8d3e22d4529f3f51178177d8063fcb8a/url'
19:21:15.828 [AsyncHttpClient-1-14] DEBUG org.asynchttpclient.netty.handler.HttpHandler - 

Request DefaultFullHttpRequest(decodeResult: success, version: HTTP/1.1, content: EmptyByteBufBE)
GET /session/8d3e22d4529f3f51178177d8063fcb8a/url HTTP/1.1
User-Agent: selenium/4.8.1 (java windows)
Cache-Control: no-cache
Content-Type: application/json; charset=utf-8
host: localhost:43929
accept: */*

Response DefaultHttpResponse(decodeResult: success, version: HTTP/1.1)
HTTP/1.1 200 OK
Content-Length: 41
Content-Type: application/json; charset=utf-8
cache-control: no-cache

19:21:15.829 [AsyncHttpClient-1-14] DEBUG org.asynchttpclient.netty.channel.ChannelManager - Adding key: http://localhost:43929 for channel [id: 0xe576209d, L:/127.0.0.1:61055 - R:localhost/127.0.0.1:43929]
19:21:15.829 [Forwarding screenshot on session 8d3e22d4529f3f51178177d8063fcb8a to remote] DEBUG org.asynchttpclient.netty.request.NettyRequestSender - Using pooled Channel '[id: 0xe576209d, L:/127.0.0.1:61055 - R:localhost/127.0.0.1:43929]' for 'GET' to 'http://localhost:43929/session/8d3e22d4529f3f51178177d8063fcb8a/screenshot'
19:21:15.829 [Forwarding screenshot on session 8d3e22d4529f3f51178177d8063fcb8a to remote] DEBUG org.asynchttpclient.netty.request.NettyRequestSender - Using open Channel [id: 0xe576209d, L:/127.0.0.1:61055 - R:localhost/127.0.0.1:43929] for GET '/session/8d3e22d4529f3f51178177d8063fcb8a/screenshot'
19:21:15.900 [AsyncHttpClient-1-1] DEBUG org.asynchttpclient.netty.channel.DefaultChannelPool - Entry count for : http://localhost:61056 : 1
19:21:16.021 [AsyncHttpClient-1-14] DEBUG org.asynchttpclient.netty.handler.HttpHandler - 

Request DefaultFullHttpRequest(decodeResult: success, version: HTTP/1.1, content: EmptyByteBufBE)
GET /session/8d3e22d4529f3f51178177d8063fcb8a/screenshot HTTP/1.1
User-Agent: selenium/4.8.1 (java windows)
Cache-Control: no-cache
Content-Type: application/json; charset=utf-8
host: localhost:43929
accept: */*

Response DefaultHttpResponse(decodeResult: success, version: HTTP/1.1)
HTTP/1.1 200 OK
Content-Length: 28760
Content-Type: application/json; charset=utf-8
cache-control: no-cache

19:21:16.021 [AsyncHttpClient-1-14] DEBUG org.asynchttpclient.netty.channel.ChannelManager - Adding key: http://localhost:43929 for channel [id: 0xe576209d, L:/127.0.0.1:61055 - R:localhost/127.0.0.1:43929]
19:21:16.023 [main] DEBUG net.serenitybdd.core.photography.Darkroom - Send negative for processing for target\site\serenity\c9a60e83f5ebb86e4ca159028bc1b30099aba1f47156fd9d3c8f8f274b24acda.png
19:21:16.023 [main] DEBUG net.thucydides.core.steps.StepInterceptor - STEP DONE: clickToolbarTitle
  &amp#27;[32mGiven &amp#27;[0m&amp#27;[32mI go to the alta shop home page&amp#27;[0m                      &amp#27;[90m# starter.stepdefinitions.CategorySteps.goToHomePage()&amp#27;[0m
19:21:16.024 [Darkroom Processing Line] DEBUG net.serenitybdd.core.photography.DarkroomProcessingLine - Processing screenshot image in /var/screenshots/screenshot-3077652517232361369
19:21:16.024 [Darkroom Processing Line] DEBUG net.serenitybdd.core.photography.DarkroomProcessingLine - Saving screenshot to target\site\serenity\c9a60e83f5ebb86e4ca159028bc1b30099aba1f47156fd9d3c8f8f274b24acda.png
19:21:16.036 [Forwarding getPageSource on session 8d3e22d4529f3f51178177d8063fcb8a to remote] DEBUG org.asynchttpclient.netty.request.NettyRequestSender - Using pooled Channel '[id: 0xe576209d, L:/127.0.0.1:61055 - R:localhost/127.0.0.1:43929]' for 'POST' to 'http://localhost:43929/session/8d3e22d4529f3f51178177d8063fcb8a/execute/sync'
19:21:16.036 [Forwarding getPageSource on session 8d3e22d4529f3f51178177d8063fcb8a to remote] DEBUG org.asynchttpclient.netty.request.NettyRequestSender - Using open Channel [id: 0xe576209d, L:/127.0.0.1:61055 - R:localhost/127.0.0.1:43929] for POST '/session/8d3e22d4529f3f51178177d8063fcb8a/execute/sync'
19:21:16.044 [AsyncHttpClient-1-14] DEBUG org.asynchttpclient.netty.handler.HttpHandler - 

Request DefaultHttpRequest(decodeResult: success, version: HTTP/1.1)
POST /session/8d3e22d4529f3f51178177d8063fcb8a/execute/sync HTTP/1.1
User-Agent: selenium/4.8.1 (java windows)
Content-Length: 176
Content-Type: application/json; charset=utf-8
host: localhost:43929
accept: */*

Response DefaultHttpResponse(decodeResult: success, version: HTTP/1.1)
HTTP/1.1 200 OK
Content-Length: 28688
Content-Type: application/json; charset=utf-8
cache-control: no-cache

19:21:16.044 [AsyncHttpClient-1-14] DEBUG org.asynchttpclient.netty.channel.ChannelManager - Adding key: http://localhost:43929 for channel [id: 0xe576209d, L:/127.0.0.1:61055 - R:localhost/127.0.0.1:43929]
19:21:16.047 [Forwarding getCurrentUrl on session 8d3e22d4529f3f51178177d8063fcb8a to remote] DEBUG org.asynchttpclient.netty.request.NettyRequestSender - Using pooled Channel '[id: 0xe576209d, L:/127.0.0.1:61055 - R:localhost/127.0.0.1:43929]' for 'GET' to 'http://localhost:43929/session/8d3e22d4529f3f51178177d8063fcb8a/url'
19:21:16.047 [Forwarding getCurrentUrl on session 8d3e22d4529f3f51178177d8063fcb8a to remote] DEBUG org.asynchttpclient.netty.request.NettyRequestSender - Using open Channel [id: 0xe576209d, L:/127.0.0.1:61055 - R:localhost/127.0.0.1:43929] for GET '/session/8d3e22d4529f3f51178177d8063fcb8a/url'
19:21:16.052 [AsyncHttpClient-1-14] DEBUG org.asynchttpclient.netty.handler.HttpHandler - 

Request DefaultFullHttpRequest(decodeResult: success, version: HTTP/1.1, content: EmptyByteBufBE)
GET /session/8d3e22d4529f3f51178177d8063fcb8a/url HTTP/1.1
User-Agent: selenium/4.8.1 (java windows)
Cache-Control: no-cache
Content-Type: application/json; charset=utf-8
host: localhost:43929
accept: */*

Response DefaultHttpResponse(decodeResult: success, version: HTTP/1.1)
HTTP/1.1 200 OK
Content-Length: 41
Content-Type: application/json; charset=utf-8
cache-control: no-cache

19:21:16.053 [AsyncHttpClient-1-14] DEBUG org.asynchttpclient.netty.channel.ChannelManager - Adding key: http://localhost:43929 for channel [id: 0xe576209d, L:/127.0.0.1:61055 - R:localhost/127.0.0.1:43929]
19:21:16.067 [Forwarding getPageSource on session 8d3e22d4529f3f51178177d8063fcb8a to remote] DEBUG org.asynchttpclient.netty.request.NettyRequestSender - Using pooled Channel '[id: 0xe576209d, L:/127.0.0.1:61055 - R:localhost/127.0.0.1:43929]' for 'POST' to 'http://localhost:43929/session/8d3e22d4529f3f51178177d8063fcb8a/execute/sync'
19:21:16.067 [Forwarding getPageSource on session 8d3e22d4529f3f51178177d8063fcb8a to remote] DEBUG org.asynchttpclient.netty.request.NettyRequestSender - Using open Channel [id: 0xe576209d, L:/127.0.0.1:61055 - R:localhost/127.0.0.1:43929] for POST '/session/8d3e22d4529f3f51178177d8063fcb8a/execute/sync'
19:21:16.076 [AsyncHttpClient-1-14] DEBUG org.asynchttpclient.netty.handler.HttpHandler - 

Request DefaultHttpRequest(decodeResult: success, version: HTTP/1.1)
POST /session/8d3e22d4529f3f51178177d8063fcb8a/execute/sync HTTP/1.1
User-Agent: selenium/4.8.1 (java windows)
Content-Length: 176
Content-Type: application/json; charset=utf-8
host: localhost:43929
accept: */*

Response DefaultHttpResponse(decodeResult: success, version: HTTP/1.1)
HTTP/1.1 200 OK
Content-Length: 28688
Content-Type: application/json; charset=utf-8
cache-control: no-cache

19:21:16.076 [AsyncHttpClient-1-14] DEBUG org.asynchttpclient.netty.channel.ChannelManager - Adding key: http://localhost:43929 for channel [id: 0xe576209d, L:/127.0.0.1:61055 - R:localhost/127.0.0.1:43929]
19:21:16.078 [Forwarding getCurrentUrl on session 8d3e22d4529f3f51178177d8063fcb8a to remote] DEBUG org.asynchttpclient.netty.request.NettyRequestSender - Using pooled Channel '[id: 0xe576209d, L:/127.0.0.1:61055 - R:localhost/127.0.0.1:43929]' for 'GET' to 'http://localhost:43929/session/8d3e22d4529f3f51178177d8063fcb8a/url'
19:21:16.078 [Forwarding getCurrentUrl on session 8d3e22d4529f3f51178177d8063fcb8a to remote] DEBUG org.asynchttpclient.netty.request.NettyRequestSender - Using open Channel [id: 0xe576209d, L:/127.0.0.1:61055 - R:localhost/127.0.0.1:43929] for GET '/session/8d3e22d4529f3f51178177d8063fcb8a/url'
19:21:16.085 [AsyncHttpClient-1-14] DEBUG org.asynchttpclient.netty.handler.HttpHandler - 

Request DefaultFullHttpRequest(decodeResult: success, version: HTTP/1.1, content: EmptyByteBufBE)
GET /session/8d3e22d4529f3f51178177d8063fcb8a/url HTTP/1.1
User-Agent: selenium/4.8.1 (java windows)
Cache-Control: no-cache
Content-Type: application/json; charset=utf-8
host: localhost:43929
accept: */*

Response DefaultHttpResponse(decodeResult: success, version: HTTP/1.1)
HTTP/1.1 200 OK
Content-Length: 41
Content-Type: application/json; charset=utf-8
cache-control: no-cache

19:21:16.085 [AsyncHttpClient-1-14] DEBUG org.asynchttpclient.netty.channel.ChannelManager - Adding key: http://localhost:43929 for channel [id: 0xe576209d, L:/127.0.0.1:61055 - R:localhost/127.0.0.1:43929]
19:21:16.090 [main] DEBUG net.thucydides.core.steps.StepInterceptor - STARTING STEP: CategorySteps.clickSelectCategory - clickSelectCategory
19:21:16.094 [Forwarding findElement on session 8d3e22d4529f3f51178177d8063fcb8a to remote] DEBUG org.asynchttpclient.netty.request.NettyRequestSender - Using pooled Channel '[id: 0xe576209d, L:/127.0.0.1:61055 - R:localhost/127.0.0.1:43929]' for 'POST' to 'http://localhost:43929/session/8d3e22d4529f3f51178177d8063fcb8a/element'
19:21:16.094 [Forwarding findElement on session 8d3e22d4529f3f51178177d8063fcb8a to remote] DEBUG org.asynchttpclient.netty.request.NettyRequestSender - Using open Channel [id: 0xe576209d, L:/127.0.0.1:61055 - R:localhost/127.0.0.1:43929] for POST '/session/8d3e22d4529f3f51178177d8063fcb8a/element'
19:21:16.126 [AsyncHttpClient-1-14] DEBUG org.asynchttpclient.netty.handler.HttpHandler - 

Request DefaultHttpRequest(decodeResult: success, version: HTTP/1.1)
POST /session/8d3e22d4529f3f51178177d8063fcb8a/element HTTP/1.1
User-Agent: selenium/4.8.1 (java windows)
Content-Length: 118
Content-Type: application/json; charset=utf-8
host: localhost:43929
accept: */*

Response DefaultHttpResponse(decodeResult: success, version: HTTP/1.1)
HTTP/1.1 200 OK
Content-Length: 94
Content-Type: application/json; charset=utf-8
cache-control: no-cache

19:21:16.127 [AsyncHttpClient-1-14] DEBUG org.asynchttpclient.netty.channel.ChannelManager - Adding key: http://localhost:43929 for channel [id: 0xe576209d, L:/127.0.0.1:61055 - R:localhost/127.0.0.1:43929]
19:21:16.129 [Forwarding getElementTagName on session 8d3e22d4529f3f51178177d8063fcb8a to remote] DEBUG org.asynchttpclient.netty.request.NettyRequestSender - Using pooled Channel '[id: 0xe576209d, L:/127.0.0.1:61055 - R:localhost/127.0.0.1:43929]' for 'GET' to 'http://localhost:43929/session/8d3e22d4529f3f51178177d8063fcb8a/element/85C82BC9481FABF7159A7C9546C3FDBA_element_6/name'
19:21:16.129 [Forwarding getElementTagName on session 8d3e22d4529f3f51178177d8063fcb8a to remote] DEBUG org.asynchttpclient.netty.request.NettyRequestSender - Using open Channel [id: 0xe576209d, L:/127.0.0.1:61055 - R:localhost/127.0.0.1:43929] for GET '/session/8d3e22d4529f3f51178177d8063fcb8a/element/85C82BC9481FABF7159A7C9546C3FDBA_element_6/name'
19:21:16.146 [AsyncHttpClient-1-14] DEBUG org.asynchttpclient.netty.handler.HttpHandler - 

Request DefaultFullHttpRequest(decodeResult: success, version: HTTP/1.1, content: EmptyByteBufBE)
GET /session/8d3e22d4529f3f51178177d8063fcb8a/element/85C82BC9481FABF7159A7C9546C3FDBA_element_6/name HTTP/1.1
User-Agent: selenium/4.8.1 (java windows)
Cache-Control: no-cache
Content-Type: application/json; charset=utf-8
host: localhost:43929
accept: */*

Response DefaultHttpResponse(decodeResult: success, version: HTTP/1.1)
HTTP/1.1 200 OK
Content-Length: 15
Content-Type: application/json; charset=utf-8
cache-control: no-cache

19:21:16.146 [AsyncHttpClient-1-14] DEBUG org.asynchttpclient.netty.channel.ChannelManager - Adding key: http://localhost:43929 for channel [id: 0xe576209d, L:/127.0.0.1:61055 - R:localhost/127.0.0.1:43929]
19:21:16.147 [Forwarding getElementTagName on session 8d3e22d4529f3f51178177d8063fcb8a to remote] DEBUG org.asynchttpclient.netty.request.NettyRequestSender - Using pooled Channel '[id: 0xe576209d, L:/127.0.0.1:61055 - R:localhost/127.0.0.1:43929]' for 'GET' to 'http://localhost:43929/session/8d3e22d4529f3f51178177d8063fcb8a/element/85C82BC9481FABF7159A7C9546C3FDBA_element_6/name'
19:21:16.147 [Forwarding getElementTagName on session 8d3e22d4529f3f51178177d8063fcb8a to remote] DEBUG org.asynchttpclient.netty.request.NettyRequestSender - Using open Channel [id: 0xe576209d, L:/127.0.0.1:61055 - R:localhost/127.0.0.1:43929] for GET '/session/8d3e22d4529f3f51178177d8063fcb8a/element/85C82BC9481FABF7159A7C9546C3FDBA_element_6/name'
19:21:16.170 [AsyncHttpClient-1-14] DEBUG org.asynchttpclient.netty.handler.HttpHandler - 

Request DefaultFullHttpRequest(decodeResult: success, version: HTTP/1.1, content: EmptyByteBufBE)
GET /session/8d3e22d4529f3f51178177d8063fcb8a/element/85C82BC9481FABF7159A7C9546C3FDBA_element_6/name HTTP/1.1
User-Agent: selenium/4.8.1 (java windows)
Cache-Control: no-cache
Content-Type: application/json; charset=utf-8
host: localhost:43929
accept: */*

Response DefaultHttpResponse(decodeResult: success, version: HTTP/1.1)
HTTP/1.1 200 OK
Content-Length: 15
Content-Type: application/json; charset=utf-8
cache-control: no-cache

19:21:16.170 [AsyncHttpClient-1-14] DEBUG org.asynchttpclient.netty.channel.ChannelManager - Adding key: http://localhost:43929 for channel [id: 0xe576209d, L:/127.0.0.1:61055 - R:localhost/127.0.0.1:43929]
19:21:16.173 [Forwarding findElement on session 8d3e22d4529f3f51178177d8063fcb8a to remote] DEBUG org.asynchttpclient.netty.request.NettyRequestSender - Using pooled Channel '[id: 0xe576209d, L:/127.0.0.1:61055 - R:localhost/127.0.0.1:43929]' for 'POST' to 'http://localhost:43929/session/8d3e22d4529f3f51178177d8063fcb8a/element'
19:21:16.173 [Forwarding findElement on session 8d3e22d4529f3f51178177d8063fcb8a to remote] DEBUG org.asynchttpclient.netty.request.NettyRequestSender - Using open Channel [id: 0xe576209d, L:/127.0.0.1:61055 - R:localhost/127.0.0.1:43929] for POST '/session/8d3e22d4529f3f51178177d8063fcb8a/element'
19:21:16.197 [AsyncHttpClient-1-14] DEBUG org.asynchttpclient.netty.handler.HttpHandler - 

Request DefaultHttpRequest(decodeResult: success, version: HTTP/1.1)
POST /session/8d3e22d4529f3f51178177d8063fcb8a/element HTTP/1.1
User-Agent: selenium/4.8.1 (java windows)
Content-Length: 118
Content-Type: application/json; charset=utf-8
host: localhost:43929
accept: */*

Response DefaultHttpResponse(decodeResult: success, version: HTTP/1.1)
HTTP/1.1 200 OK
Content-Length: 94
Content-Type: application/json; charset=utf-8
cache-control: no-cache

19:21:16.197 [AsyncHttpClient-1-14] DEBUG org.asynchttpclient.netty.channel.ChannelManager - Adding key: http://localhost:43929 for channel [id: 0xe576209d, L:/127.0.0.1:61055 - R:localhost/127.0.0.1:43929]
19:21:16.200 [Forwarding clickElement on session 8d3e22d4529f3f51178177d8063fcb8a to remote] DEBUG org.asynchttpclient.netty.request.NettyRequestSender - Using pooled Channel '[id: 0xe576209d, L:/127.0.0.1:61055 - R:localhost/127.0.0.1:43929]' for 'POST' to 'http://localhost:43929/session/8d3e22d4529f3f51178177d8063fcb8a/element/85C82BC9481FABF7159A7C9546C3FDBA_element_6/click'
19:21:16.200 [Forwarding clickElement on session 8d3e22d4529f3f51178177d8063fcb8a to remote] DEBUG org.asynchttpclient.netty.request.NettyRequestSender - Using open Channel [id: 0xe576209d, L:/127.0.0.1:61055 - R:localhost/127.0.0.1:43929] for POST '/session/8d3e22d4529f3f51178177d8063fcb8a/element/85C82BC9481FABF7159A7C9546C3FDBA_element_6/click'
19:21:16.506 [AsyncHttpClient-1-14] DEBUG org.asynchttpclient.netty.handler.HttpHandler - 

Request DefaultHttpRequest(decodeResult: success, version: HTTP/1.1)
POST /session/8d3e22d4529f3f51178177d8063fcb8a/element/85C82BC9481FABF7159A7C9546C3FDBA_element_6/click HTTP/1.1
User-Agent: selenium/4.8.1 (java windows)
Content-Length: 56
Content-Type: application/json; charset=utf-8
host: localhost:43929
accept: */*

Response DefaultHttpResponse(decodeResult: success, version: HTTP/1.1)
HTTP/1.1 200 OK
Content-Length: 14
Content-Type: application/json; charset=utf-8
cache-control: no-cache

19:21:16.506 [AsyncHttpClient-1-14] DEBUG org.asynchttpclient.netty.channel.ChannelManager - Adding key: http://localhost:43929 for channel [id: 0xe576209d, L:/127.0.0.1:61055 - R:localhost/127.0.0.1:43929]
19:21:16.515 [Forwarding getAlertText on session 8d3e22d4529f3f51178177d8063fcb8a to remote] DEBUG org.asynchttpclient.netty.request.NettyRequestSender - Using pooled Channel '[id: 0xe576209d, L:/127.0.0.1:61055 - R:localhost/127.0.0.1:43929]' for 'GET' to 'http://localhost:43929/session/8d3e22d4529f3f51178177d8063fcb8a/alert/text'
19:21:16.515 [Forwarding getAlertText on session 8d3e22d4529f3f51178177d8063fcb8a to remote] DEBUG org.asynchttpclient.netty.request.NettyRequestSender - Using open Channel [id: 0xe576209d, L:/127.0.0.1:61055 - R:localhost/127.0.0.1:43929] for GET '/session/8d3e22d4529f3f51178177d8063fcb8a/alert/text'
19:21:16.517 [AsyncHttpClient-1-14] DEBUG org.asynchttpclient.netty.handler.HttpHandler - 

Request DefaultFullHttpRequest(decodeResult: success, version: HTTP/1.1, content: EmptyByteBufBE)
GET /session/8d3e22d4529f3f51178177d8063fcb8a/alert/text HTTP/1.1
User-Agent: selenium/4.8.1 (java windows)
Cache-Control: no-cache
Content-Type: application/json; charset=utf-8
host: localhost:43929
accept: */*

Response DefaultHttpResponse(decodeResult: success, version: HTTP/1.1)
HTTP/1.1 404 Not Found
Content-Length: 847
Content-Type: application/json; charset=utf-8
cache-control: no-cache

19:21:16.517 [AsyncHttpClient-1-14] DEBUG org.asynchttpclient.netty.channel.ChannelManager - Adding key: http://localhost:43929 for channel [id: 0xe576209d, L:/127.0.0.1:61055 - R:localhost/127.0.0.1:43929]
19:21:16.519 [Forwarding getCurrentUrl on session 8d3e22d4529f3f51178177d8063fcb8a to remote] DEBUG org.asynchttpclient.netty.request.NettyRequestSender - Using pooled Channel '[id: 0xe576209d, L:/127.0.0.1:61055 - R:localhost/127.0.0.1:43929]' for 'GET' to 'http://localhost:43929/session/8d3e22d4529f3f51178177d8063fcb8a/url'
19:21:16.519 [Forwarding getCurrentUrl on session 8d3e22d4529f3f51178177d8063fcb8a to remote] DEBUG org.asynchttpclient.netty.request.NettyRequestSender - Using open Channel [id: 0xe576209d, L:/127.0.0.1:61055 - R:localhost/127.0.0.1:43929] for GET '/session/8d3e22d4529f3f51178177d8063fcb8a/url'
19:21:16.541 [AsyncHttpClient-1-14] DEBUG org.asynchttpclient.netty.handler.HttpHandler - 

Request DefaultFullHttpRequest(decodeResult: success, version: HTTP/1.1, content: EmptyByteBufBE)
GET /session/8d3e22d4529f3f51178177d8063fcb8a/url HTTP/1.1
User-Agent: selenium/4.8.1 (java windows)
Cache-Control: no-cache
Content-Type: application/json; charset=utf-8
host: localhost:43929
accept: */*

Response DefaultHttpResponse(decodeResult: success, version: HTTP/1.1)
HTTP/1.1 200 OK
Content-Length: 41
Content-Type: application/json; charset=utf-8
cache-control: no-cache

19:21:16.541 [AsyncHttpClient-1-14] DEBUG org.asynchttpclient.netty.channel.ChannelManager - Adding key: http://localhost:43929 for channel [id: 0xe576209d, L:/127.0.0.1:61055 - R:localhost/127.0.0.1:43929]
19:21:16.542 [Forwarding screenshot on session 8d3e22d4529f3f51178177d8063fcb8a to remote] DEBUG org.asynchttpclient.netty.request.NettyRequestSender - Using pooled Channel '[id: 0xe576209d, L:/127.0.0.1:61055 - R:localhost/127.0.0.1:43929]' for 'GET' to 'http://localhost:43929/session/8d3e22d4529f3f51178177d8063fcb8a/screenshot'
19:21:16.542 [Forwarding screenshot on session 8d3e22d4529f3f51178177d8063fcb8a to remote] DEBUG org.asynchttpclient.netty.request.NettyRequestSender - Using open Channel [id: 0xe576209d, L:/127.0.0.1:61055 - R:localhost/127.0.0.1:43929] for GET '/session/8d3e22d4529f3f51178177d8063fcb8a/screenshot'
19:21:16.772 [AsyncHttpClient-1-14] DEBUG org.asynchttpclient.netty.handler.HttpHandler - 

Request DefaultFullHttpRequest(decodeResult: success, version: HTTP/1.1, content: EmptyByteBufBE)
GET /session/8d3e22d4529f3f51178177d8063fcb8a/screenshot HTTP/1.1
User-Agent: selenium/4.8.1 (java windows)
Cache-Control: no-cache
Content-Type: application/json; charset=utf-8
host: localhost:43929
accept: */*

Response DefaultHttpResponse(decodeResult: success, version: HTTP/1.1)
HTTP/1.1 200 OK
Content-Length: 40908
Content-Type: application/json; charset=utf-8
cache-control: no-cache

19:21:16.772 [AsyncHttpClient-1-14] DEBUG org.asynchttpclient.netty.channel.ChannelManager - Adding key: http://localhost:43929 for channel [id: 0xe576209d, L:/127.0.0.1:61055 - R:localhost/127.0.0.1:43929]
19:21:16.774 [main] DEBUG net.serenitybdd.core.photography.Darkroom - Send negative for processing for target\site\serenity\490d43a0e5f1b94ac2d60da95badeb15b8f7d908b536d84ae85cf259ef32d7c3.png
19:21:16.774 [main] DEBUG net.thucydides.core.steps.StepInterceptor - STEP DONE: clickSelectCategory
  &amp#27;[32mAnd &amp#27;[0m&amp#27;[32mI click select category dropdown&amp#27;[0m                       &amp#27;[90m# starter.stepdefinitions.CategorySteps.clickSelectCategory()&amp#27;[0m
19:21:16.774 [Darkroom Processing Line] DEBUG net.serenitybdd.core.photography.DarkroomProcessingLine - Processing screenshot image in /var/screenshots/screenshot-5440825344659696515
19:21:16.774 [Darkroom Processing Line] DEBUG net.serenitybdd.core.photography.DarkroomProcessingLine - Saving screenshot to target\site\serenity\490d43a0e5f1b94ac2d60da95badeb15b8f7d908b536d84ae85cf259ef32d7c3.png
19:21:16.787 [Forwarding getPageSource on session 8d3e22d4529f3f51178177d8063fcb8a to remote] DEBUG org.asynchttpclient.netty.request.NettyRequestSender - Using pooled Channel '[id: 0xe576209d, L:/127.0.0.1:61055 - R:localhost/127.0.0.1:43929]' for 'POST' to 'http://localhost:43929/session/8d3e22d4529f3f51178177d8063fcb8a/execute/sync'
19:21:16.787 [Forwarding getPageSource on session 8d3e22d4529f3f51178177d8063fcb8a to remote] DEBUG org.asynchttpclient.netty.request.NettyRequestSender - Using open Channel [id: 0xe576209d, L:/127.0.0.1:61055 - R:localhost/127.0.0.1:43929] for POST '/session/8d3e22d4529f3f51178177d8063fcb8a/execute/sync'
19:21:16.797 [AsyncHttpClient-1-14] DEBUG org.asynchttpclient.netty.handler.HttpHandler - 

Request DefaultHttpRequest(decodeResult: success, version: HTTP/1.1)
POST /session/8d3e22d4529f3f51178177d8063fcb8a/execute/sync HTTP/1.1
User-Agent: selenium/4.8.1 (java windows)
Content-Length: 176
Content-Type: application/json; charset=utf-8
host: localhost:43929
accept: */*

Response DefaultHttpResponse(decodeResult: success, version: HTTP/1.1)
HTTP/1.1 200 OK
Content-Length: 34226
Content-Type: application/json; charset=utf-8
cache-control: no-cache

19:21:16.798 [AsyncHttpClient-1-14] DEBUG org.asynchttpclient.netty.channel.ChannelManager - Adding key: http://localhost:43929 for channel [id: 0xe576209d, L:/127.0.0.1:61055 - R:localhost/127.0.0.1:43929]
19:21:16.801 [Forwarding getCurrentUrl on session 8d3e22d4529f3f51178177d8063fcb8a to remote] DEBUG org.asynchttpclient.netty.request.NettyRequestSender - Using pooled Channel '[id: 0xe576209d, L:/127.0.0.1:61055 - R:localhost/127.0.0.1:43929]' for 'GET' to 'http://localhost:43929/session/8d3e22d4529f3f51178177d8063fcb8a/url'
19:21:16.801 [Forwarding getCurrentUrl on session 8d3e22d4529f3f51178177d8063fcb8a to remote] DEBUG org.asynchttpclient.netty.request.NettyRequestSender - Using open Channel [id: 0xe576209d, L:/127.0.0.1:61055 - R:localhost/127.0.0.1:43929] for GET '/session/8d3e22d4529f3f51178177d8063fcb8a/url'
19:21:16.813 [AsyncHttpClient-1-14] DEBUG org.asynchttpclient.netty.handler.HttpHandler - 

Request DefaultFullHttpRequest(decodeResult: success, version: HTTP/1.1, content: EmptyByteBufBE)
GET /session/8d3e22d4529f3f51178177d8063fcb8a/url HTTP/1.1
User-Agent: selenium/4.8.1 (java windows)
Cache-Control: no-cache
Content-Type: application/json; charset=utf-8
host: localhost:43929
accept: */*

Response DefaultHttpResponse(decodeResult: success, version: HTTP/1.1)
HTTP/1.1 200 OK
Content-Length: 41
Content-Type: application/json; charset=utf-8
cache-control: no-cache

19:21:16.813 [AsyncHttpClient-1-14] DEBUG org.asynchttpclient.netty.channel.ChannelManager - Adding key: http://localhost:43929 for channel [id: 0xe576209d, L:/127.0.0.1:61055 - R:localhost/127.0.0.1:43929]
19:21:16.821 [Forwarding getPageSource on session 8d3e22d4529f3f51178177d8063fcb8a to remote] DEBUG org.asynchttpclient.netty.request.NettyRequestSender - Using pooled Channel '[id: 0xe576209d, L:/127.0.0.1:61055 - R:localhost/127.0.0.1:43929]' for 'POST' to 'http://localhost:43929/session/8d3e22d4529f3f51178177d8063fcb8a/execute/sync'
19:21:16.821 [Forwarding getPageSource on session 8d3e22d4529f3f51178177d8063fcb8a to remote] DEBUG org.asynchttpclient.netty.request.NettyRequestSender - Using open Channel [id: 0xe576209d, L:/127.0.0.1:61055 - R:localhost/127.0.0.1:43929] for POST '/session/8d3e22d4529f3f51178177d8063fcb8a/execute/sync'
19:21:16.829 [AsyncHttpClient-1-14] DEBUG org.asynchttpclient.netty.handler.HttpHandler - 

Request DefaultHttpRequest(decodeResult: success, version: HTTP/1.1)
POST /session/8d3e22d4529f3f51178177d8063fcb8a/execute/sync HTTP/1.1
User-Agent: selenium/4.8.1 (java windows)
Content-Length: 176
Content-Type: application/json; charset=utf-8
host: localhost:43929
accept: */*

Response DefaultHttpResponse(decodeResult: success, version: HTTP/1.1)
HTTP/1.1 200 OK
Content-Length: 34226
Content-Type: application/json; charset=utf-8
cache-control: no-cache

19:21:16.829 [AsyncHttpClient-1-14] DEBUG org.asynchttpclient.netty.channel.ChannelManager - Adding key: http://localhost:43929 for channel [id: 0xe576209d, L:/127.0.0.1:61055 - R:localhost/127.0.0.1:43929]
19:21:16.831 [Forwarding getCurrentUrl on session 8d3e22d4529f3f51178177d8063fcb8a to remote] DEBUG org.asynchttpclient.netty.request.NettyRequestSender - Using pooled Channel '[id: 0xe576209d, L:/127.0.0.1:61055 - R:localhost/127.0.0.1:43929]' for 'GET' to 'http://localhost:43929/session/8d3e22d4529f3f51178177d8063fcb8a/url'
19:21:16.831 [Forwarding getCurrentUrl on session 8d3e22d4529f3f51178177d8063fcb8a to remote] DEBUG org.asynchttpclient.netty.request.NettyRequestSender - Using open Channel [id: 0xe576209d, L:/127.0.0.1:61055 - R:localhost/127.0.0.1:43929] for GET '/session/8d3e22d4529f3f51178177d8063fcb8a/url'
19:21:16.836 [AsyncHttpClient-1-14] DEBUG org.asynchttpclient.netty.handler.HttpHandler - 

Request DefaultFullHttpRequest(decodeResult: success, version: HTTP/1.1, content: EmptyByteBufBE)
GET /session/8d3e22d4529f3f51178177d8063fcb8a/url HTTP/1.1
User-Agent: selenium/4.8.1 (java windows)
Cache-Control: no-cache
Content-Type: application/json; charset=utf-8
host: localhost:43929
accept: */*

Response DefaultHttpResponse(decodeResult: success, version: HTTP/1.1)
HTTP/1.1 200 OK
Content-Length: 41
Content-Type: application/json; charset=utf-8
cache-control: no-cache

19:21:16.836 [AsyncHttpClient-1-14] DEBUG org.asynchttpclient.netty.channel.ChannelManager - Adding key: http://localhost:43929 for channel [id: 0xe576209d, L:/127.0.0.1:61055 - R:localhost/127.0.0.1:43929]
19:21:16.837 [main] DEBUG net.thucydides.core.steps.StepInterceptor - STARTING STEP: CategorySteps.clickGamingCategory - clickGamingCategory
19:21:16.840 [Forwarding findElement on session 8d3e22d4529f3f51178177d8063fcb8a to remote] DEBUG org.asynchttpclient.netty.request.NettyRequestSender - Using pooled Channel '[id: 0xe576209d, L:/127.0.0.1:61055 - R:localhost/127.0.0.1:43929]' for 'POST' to 'http://localhost:43929/session/8d3e22d4529f3f51178177d8063fcb8a/element'
19:21:16.840 [Forwarding findElement on session 8d3e22d4529f3f51178177d8063fcb8a to remote] DEBUG org.asynchttpclient.netty.request.NettyRequestSender - Using open Channel [id: 0xe576209d, L:/127.0.0.1:61055 - R:localhost/127.0.0.1:43929] for POST '/session/8d3e22d4529f3f51178177d8063fcb8a/element'
19:21:16.854 [AsyncHttpClient-1-14] DEBUG org.asynchttpclient.netty.handler.HttpHandler - 

Request DefaultHttpRequest(decodeResult: success, version: HTTP/1.1)
POST /session/8d3e22d4529f3f51178177d8063fcb8a/element HTTP/1.1
User-Agent: selenium/4.8.1 (java windows)
Content-Length: 71
Content-Type: application/json; charset=utf-8
host: localhost:43929
accept: */*

Response DefaultHttpResponse(decodeResult: success, version: HTTP/1.1)
HTTP/1.1 200 OK
Content-Length: 94
Content-Type: application/json; charset=utf-8
cache-control: no-cache

19:21:16.854 [AsyncHttpClient-1-14] DEBUG org.asynchttpclient.netty.channel.ChannelManager - Adding key: http://localhost:43929 for channel [id: 0xe576209d, L:/127.0.0.1:61055 - R:localhost/127.0.0.1:43929]
19:21:16.855 [Forwarding getElementTagName on session 8d3e22d4529f3f51178177d8063fcb8a to remote] DEBUG org.asynchttpclient.netty.request.NettyRequestSender - Using pooled Channel '[id: 0xe576209d, L:/127.0.0.1:61055 - R:localhost/127.0.0.1:43929]' for 'GET' to 'http://localhost:43929/session/8d3e22d4529f3f51178177d8063fcb8a/element/85C82BC9481FABF7159A7C9546C3FDBA_element_9/name'
19:21:16.855 [Forwarding getElementTagName on session 8d3e22d4529f3f51178177d8063fcb8a to remote] DEBUG org.asynchttpclient.netty.request.NettyRequestSender - Using open Channel [id: 0xe576209d, L:/127.0.0.1:61055 - R:localhost/127.0.0.1:43929] for GET '/session/8d3e22d4529f3f51178177d8063fcb8a/element/85C82BC9481FABF7159A7C9546C3FDBA_element_9/name'
19:21:16.861 [AsyncHttpClient-1-14] DEBUG org.asynchttpclient.netty.handler.HttpHandler - 

Request DefaultFullHttpRequest(decodeResult: success, version: HTTP/1.1, content: EmptyByteBufBE)
GET /session/8d3e22d4529f3f51178177d8063fcb8a/element/85C82BC9481FABF7159A7C9546C3FDBA_element_9/name HTTP/1.1
User-Agent: selenium/4.8.1 (java windows)
Cache-Control: no-cache
Content-Type: application/json; charset=utf-8
host: localhost:43929
accept: */*

Response DefaultHttpResponse(decodeResult: success, version: HTTP/1.1)
HTTP/1.1 200 OK
Content-Length: 15
Content-Type: application/json; charset=utf-8
cache-control: no-cache

19:21:16.861 [AsyncHttpClient-1-14] DEBUG org.asynchttpclient.netty.channel.ChannelManager - Adding key: http://localhost:43929 for channel [id: 0xe576209d, L:/127.0.0.1:61055 - R:localhost/127.0.0.1:43929]
19:21:16.863 [Forwarding getElementTagName on session 8d3e22d4529f3f51178177d8063fcb8a to remote] DEBUG org.asynchttpclient.netty.request.NettyRequestSender - Using pooled Channel '[id: 0xe576209d, L:/127.0.0.1:61055 - R:localhost/127.0.0.1:43929]' for 'GET' to 'http://localhost:43929/session/8d3e22d4529f3f51178177d8063fcb8a/element/85C82BC9481FABF7159A7C9546C3FDBA_element_9/name'
19:21:16.863 [Forwarding getElementTagName on session 8d3e22d4529f3f51178177d8063fcb8a to remote] DEBUG org.asynchttpclient.netty.request.NettyRequestSender - Using open Channel [id: 0xe576209d, L:/127.0.0.1:61055 - R:localhost/127.0.0.1:43929] for GET '/session/8d3e22d4529f3f51178177d8063fcb8a/element/85C82BC9481FABF7159A7C9546C3FDBA_element_9/name'
19:21:16.868 [AsyncHttpClient-1-14] DEBUG org.asynchttpclient.netty.handler.HttpHandler - 

Request DefaultFullHttpRequest(decodeResult: success, version: HTTP/1.1, content: EmptyByteBufBE)
GET /session/8d3e22d4529f3f51178177d8063fcb8a/element/85C82BC9481FABF7159A7C9546C3FDBA_element_9/name HTTP/1.1
User-Agent: selenium/4.8.1 (java windows)
Cache-Control: no-cache
Content-Type: application/json; charset=utf-8
host: localhost:43929
accept: */*

Response DefaultHttpResponse(decodeResult: success, version: HTTP/1.1)
HTTP/1.1 200 OK
Content-Length: 15
Content-Type: application/json; charset=utf-8
cache-control: no-cache

19:21:16.868 [AsyncHttpClient-1-14] DEBUG org.asynchttpclient.netty.channel.ChannelManager - Adding key: http://localhost:43929 for channel [id: 0xe576209d, L:/127.0.0.1:61055 - R:localhost/127.0.0.1:43929]
19:21:16.869 [Forwarding findElement on session 8d3e22d4529f3f51178177d8063fcb8a to remote] DEBUG org.asynchttpclient.netty.request.NettyRequestSender - Using pooled Channel '[id: 0xe576209d, L:/127.0.0.1:61055 - R:localhost/127.0.0.1:43929]' for 'POST' to 'http://localhost:43929/session/8d3e22d4529f3f51178177d8063fcb8a/element'
19:21:16.869 [Forwarding findElement on session 8d3e22d4529f3f51178177d8063fcb8a to remote] DEBUG org.asynchttpclient.netty.request.NettyRequestSender - Using open Channel [id: 0xe576209d, L:/127.0.0.1:61055 - R:localhost/127.0.0.1:43929] for POST '/session/8d3e22d4529f3f51178177d8063fcb8a/element'
19:21:16.877 [AsyncHttpClient-1-14] DEBUG org.asynchttpclient.netty.handler.HttpHandler - 

Request DefaultHttpRequest(decodeResult: success, version: HTTP/1.1)
POST /session/8d3e22d4529f3f51178177d8063fcb8a/element HTTP/1.1
User-Agent: selenium/4.8.1 (java windows)
Content-Length: 71
Content-Type: application/json; charset=utf-8
host: localhost:43929
accept: */*

Response DefaultHttpResponse(decodeResult: success, version: HTTP/1.1)
HTTP/1.1 200 OK
Content-Length: 94
Content-Type: application/json; charset=utf-8
cache-control: no-cache

19:21:16.877 [AsyncHttpClient-1-14] DEBUG org.asynchttpclient.netty.channel.ChannelManager - Adding key: http://localhost:43929 for channel [id: 0xe576209d, L:/127.0.0.1:61055 - R:localhost/127.0.0.1:43929]
19:21:16.878 [Forwarding clickElement on session 8d3e22d4529f3f51178177d8063fcb8a to remote] DEBUG org.asynchttpclient.netty.request.NettyRequestSender - Using pooled Channel '[id: 0xe576209d, L:/127.0.0.1:61055 - R:localhost/127.0.0.1:43929]' for 'POST' to 'http://localhost:43929/session/8d3e22d4529f3f51178177d8063fcb8a/element/85C82BC9481FABF7159A7C9546C3FDBA_element_9/click'
19:21:16.878 [Forwarding clickElement on session 8d3e22d4529f3f51178177d8063fcb8a to remote] DEBUG org.asynchttpclient.netty.request.NettyRequestSender - Using open Channel [id: 0xe576209d, L:/127.0.0.1:61055 - R:localhost/127.0.0.1:43929] for POST '/session/8d3e22d4529f3f51178177d8063fcb8a/element/85C82BC9481FABF7159A7C9546C3FDBA_element_9/click'
19:21:16.981 [AsyncHttpClient-1-14] DEBUG org.asynchttpclient.netty.handler.HttpHandler - 

Request DefaultHttpRequest(decodeResult: success, version: HTTP/1.1)
POST /session/8d3e22d4529f3f51178177d8063fcb8a/element/85C82BC9481FABF7159A7C9546C3FDBA_element_9/click HTTP/1.1
User-Agent: selenium/4.8.1 (java windows)
Content-Length: 56
Content-Type: application/json; charset=utf-8
host: localhost:43929
accept: */*

Response DefaultHttpResponse(decodeResult: success, version: HTTP/1.1)
HTTP/1.1 200 OK
Content-Length: 14
Content-Type: application/json; charset=utf-8
cache-control: no-cache

19:21:16.981 [AsyncHttpClient-1-14] DEBUG org.asynchttpclient.netty.channel.ChannelManager - Adding key: http://localhost:43929 for channel [id: 0xe576209d, L:/127.0.0.1:61055 - R:localhost/127.0.0.1:43929]
19:21:16.990 [Forwarding getAlertText on session 8d3e22d4529f3f51178177d8063fcb8a to remote] DEBUG org.asynchttpclient.netty.request.NettyRequestSender - Using pooled Channel '[id: 0xe576209d, L:/127.0.0.1:61055 - R:localhost/127.0.0.1:43929]' for 'GET' to 'http://localhost:43929/session/8d3e22d4529f3f51178177d8063fcb8a/alert/text'
19:21:16.990 [Forwarding getAlertText on session 8d3e22d4529f3f51178177d8063fcb8a to remote] DEBUG org.asynchttpclient.netty.request.NettyRequestSender - Using open Channel [id: 0xe576209d, L:/127.0.0.1:61055 - R:localhost/127.0.0.1:43929] for GET '/session/8d3e22d4529f3f51178177d8063fcb8a/alert/text'
19:21:16.991 [AsyncHttpClient-1-14] DEBUG org.asynchttpclient.netty.handler.HttpHandler - 

Request DefaultFullHttpRequest(decodeResult: success, version: HTTP/1.1, content: EmptyByteBufBE)
GET /session/8d3e22d4529f3f51178177d8063fcb8a/alert/text HTTP/1.1
User-Agent: selenium/4.8.1 (java windows)
Cache-Control: no-cache
Content-Type: application/json; charset=utf-8
host: localhost:43929
accept: */*

Response DefaultHttpResponse(decodeResult: success, version: HTTP/1.1)
HTTP/1.1 404 Not Found
Content-Length: 847
Content-Type: application/json; charset=utf-8
cache-control: no-cache

19:21:16.992 [AsyncHttpClient-1-14] DEBUG org.asynchttpclient.netty.channel.ChannelManager - Adding key: http://localhost:43929 for channel [id: 0xe576209d, L:/127.0.0.1:61055 - R:localhost/127.0.0.1:43929]
19:21:16.992 [Forwarding getCurrentUrl on session 8d3e22d4529f3f51178177d8063fcb8a to remote] DEBUG org.asynchttpclient.netty.request.NettyRequestSender - Using pooled Channel '[id: 0xe576209d, L:/127.0.0.1:61055 - R:localhost/127.0.0.1:43929]' for 'GET' to 'http://localhost:43929/session/8d3e22d4529f3f51178177d8063fcb8a/url'
19:21:16.992 [Forwarding getCurrentUrl on session 8d3e22d4529f3f51178177d8063fcb8a to remote] DEBUG org.asynchttpclient.netty.request.NettyRequestSender - Using open Channel [id: 0xe576209d, L:/127.0.0.1:61055 - R:localhost/127.0.0.1:43929] for GET '/session/8d3e22d4529f3f51178177d8063fcb8a/url'
19:21:16.997 [AsyncHttpClient-1-1] DEBUG org.asynchttpclient.netty.channel.DefaultChannelPool - Entry count for : http://localhost:61056 : 1
19:21:17.007 [AsyncHttpClient-1-14] DEBUG org.asynchttpclient.netty.handler.HttpHandler - 

Request DefaultFullHttpRequest(decodeResult: success, version: HTTP/1.1, content: EmptyByteBufBE)
GET /session/8d3e22d4529f3f51178177d8063fcb8a/url HTTP/1.1
User-Agent: selenium/4.8.1 (java windows)
Cache-Control: no-cache
Content-Type: application/json; charset=utf-8
host: localhost:43929
accept: */*

Response DefaultHttpResponse(decodeResult: success, version: HTTP/1.1)
HTTP/1.1 200 OK
Content-Length: 41
Content-Type: application/json; charset=utf-8
cache-control: no-cache

19:21:17.007 [AsyncHttpClient-1-14] DEBUG org.asynchttpclient.netty.channel.ChannelManager - Adding key: http://localhost:43929 for channel [id: 0xe576209d, L:/127.0.0.1:61055 - R:localhost/127.0.0.1:43929]
19:21:17.008 [Forwarding screenshot on session 8d3e22d4529f3f51178177d8063fcb8a to remote] DEBUG org.asynchttpclient.netty.request.NettyRequestSender - Using pooled Channel '[id: 0xe576209d, L:/127.0.0.1:61055 - R:localhost/127.0.0.1:43929]' for 'GET' to 'http://localhost:43929/session/8d3e22d4529f3f51178177d8063fcb8a/screenshot'
19:21:17.008 [Forwarding screenshot on session 8d3e22d4529f3f51178177d8063fcb8a to remote] DEBUG org.asynchttpclient.netty.request.NettyRequestSender - Using open Channel [id: 0xe576209d, L:/127.0.0.1:61055 - R:localhost/127.0.0.1:43929] for GET '/session/8d3e22d4529f3f51178177d8063fcb8a/screenshot'
19:21:17.128 [AsyncHttpClient-1-14] DEBUG org.asynchttpclient.netty.handler.HttpHandler - 

Request DefaultFullHttpRequest(decodeResult: success, version: HTTP/1.1, content: EmptyByteBufBE)
GET /session/8d3e22d4529f3f51178177d8063fcb8a/screenshot HTTP/1.1
User-Agent: selenium/4.8.1 (java windows)
Cache-Control: no-cache
Content-Type: application/json; charset=utf-8
host: localhost:43929
accept: */*

Response DefaultHttpResponse(decodeResult: success, version: HTTP/1.1)
HTTP/1.1 200 OK
Content-Length: 35544
Content-Type: application/json; charset=utf-8
cache-control: no-cache

19:21:17.129 [AsyncHttpClient-1-14] DEBUG org.asynchttpclient.netty.channel.ChannelManager - Adding key: http://localhost:43929 for channel [id: 0xe576209d, L:/127.0.0.1:61055 - R:localhost/127.0.0.1:43929]
19:21:17.130 [main] DEBUG net.serenitybdd.core.photography.Darkroom - Send negative for processing for target\site\serenity\52989dae9b57a622f327f53b94ad946ca6c22186ff270fda5d2bd9a2a8fad9d2.png
19:21:17.130 [main] DEBUG net.thucydides.core.steps.StepInterceptor - STEP DONE: clickGamingCategory
  &amp#27;[32mWhen &amp#27;[0m&amp#27;[32mI click gaming category&amp#27;[0m                               &amp#27;[90m# starter.stepdefinitions.CategorySteps.clickGamingCategory()&amp#27;[0m
19:21:17.130 [Darkroom Processing Line] DEBUG net.serenitybdd.core.photography.DarkroomProcessingLine - Processing screenshot image in /var/screenshots/screenshot-17699625553049262539
19:21:17.130 [Darkroom Processing Line] DEBUG net.serenitybdd.core.photography.DarkroomProcessingLine - Saving screenshot to target\site\serenity\52989dae9b57a622f327f53b94ad946ca6c22186ff270fda5d2bd9a2a8fad9d2.png
19:21:17.138 [Forwarding getPageSource on session 8d3e22d4529f3f51178177d8063fcb8a to remote] DEBUG org.asynchttpclient.netty.request.NettyRequestSender - Using pooled Channel '[id: 0xe576209d, L:/127.0.0.1:61055 - R:localhost/127.0.0.1:43929]' for 'POST' to 'http://localhost:43929/session/8d3e22d4529f3f51178177d8063fcb8a/execute/sync'
19:21:17.138 [Forwarding getPageSource on session 8d3e22d4529f3f51178177d8063fcb8a to remote] DEBUG org.asynchttpclient.netty.request.NettyRequestSender - Using open Channel [id: 0xe576209d, L:/127.0.0.1:61055 - R:localhost/127.0.0.1:43929] for POST '/session/8d3e22d4529f3f51178177d8063fcb8a/execute/sync'
19:21:17.142 [AsyncHttpClient-1-14] DEBUG org.asynchttpclient.netty.handler.HttpHandler - 

Request DefaultHttpRequest(decodeResult: success, version: HTTP/1.1)
POST /session/8d3e22d4529f3f51178177d8063fcb8a/execute/sync HTTP/1.1
User-Agent: selenium/4.8.1 (java windows)
Content-Length: 176
Content-Type: application/json; charset=utf-8
host: localhost:43929
accept: */*

Response DefaultHttpResponse(decodeResult: success, version: HTTP/1.1)
HTTP/1.1 200 OK
Content-Length: 27929
Content-Type: application/json; charset=utf-8
cache-control: no-cache

19:21:17.143 [AsyncHttpClient-1-14] DEBUG org.asynchttpclient.netty.channel.ChannelManager - Adding key: http://localhost:43929 for channel [id: 0xe576209d, L:/127.0.0.1:61055 - R:localhost/127.0.0.1:43929]
19:21:17.144 [Forwarding getCurrentUrl on session 8d3e22d4529f3f51178177d8063fcb8a to remote] DEBUG org.asynchttpclient.netty.request.NettyRequestSender - Using pooled Channel '[id: 0xe576209d, L:/127.0.0.1:61055 - R:localhost/127.0.0.1:43929]' for 'GET' to 'http://localhost:43929/session/8d3e22d4529f3f51178177d8063fcb8a/url'
19:21:17.144 [Forwarding getCurrentUrl on session 8d3e22d4529f3f51178177d8063fcb8a to remote] DEBUG org.asynchttpclient.netty.request.NettyRequestSender - Using open Channel [id: 0xe576209d, L:/127.0.0.1:61055 - R:localhost/127.0.0.1:43929] for GET '/session/8d3e22d4529f3f51178177d8063fcb8a/url'
19:21:17.148 [AsyncHttpClient-1-14] DEBUG org.asynchttpclient.netty.handler.HttpHandler - 

Request DefaultFullHttpRequest(decodeResult: success, version: HTTP/1.1, content: EmptyByteBufBE)
GET /session/8d3e22d4529f3f51178177d8063fcb8a/url HTTP/1.1
User-Agent: selenium/4.8.1 (java windows)
Cache-Control: no-cache
Content-Type: application/json; charset=utf-8
host: localhost:43929
accept: */*

Response DefaultHttpResponse(decodeResult: success, version: HTTP/1.1)
HTTP/1.1 200 OK
Content-Length: 41
Content-Type: application/json; charset=utf-8
cache-control: no-cache

19:21:17.148 [AsyncHttpClient-1-14] DEBUG org.asynchttpclient.netty.channel.ChannelManager - Adding key: http://localhost:43929 for channel [id: 0xe576209d, L:/127.0.0.1:61055 - R:localhost/127.0.0.1:43929]
19:21:17.156 [Forwarding getPageSource on session 8d3e22d4529f3f51178177d8063fcb8a to remote] DEBUG org.asynchttpclient.netty.request.NettyRequestSender - Using pooled Channel '[id: 0xe576209d, L:/127.0.0.1:61055 - R:localhost/127.0.0.1:43929]' for 'POST' to 'http://localhost:43929/session/8d3e22d4529f3f51178177d8063fcb8a/execute/sync'
19:21:17.156 [Forwarding getPageSource on session 8d3e22d4529f3f51178177d8063fcb8a to remote] DEBUG org.asynchttpclient.netty.request.NettyRequestSender - Using open Channel [id: 0xe576209d, L:/127.0.0.1:61055 - R:localhost/127.0.0.1:43929] for POST '/session/8d3e22d4529f3f51178177d8063fcb8a/execute/sync'
19:21:17.161 [AsyncHttpClient-1-14] DEBUG org.asynchttpclient.netty.handler.HttpHandler - 

Request DefaultHttpRequest(decodeResult: success, version: HTTP/1.1)
POST /session/8d3e22d4529f3f51178177d8063fcb8a/execute/sync HTTP/1.1
User-Agent: selenium/4.8.1 (java windows)
Content-Length: 176
Content-Type: application/json; charset=utf-8
host: localhost:43929
accept: */*

Response DefaultHttpResponse(decodeResult: success, version: HTTP/1.1)
HTTP/1.1 200 OK
Content-Length: 27929
Content-Type: application/json; charset=utf-8
cache-control: no-cache

19:21:17.161 [AsyncHttpClient-1-14] DEBUG org.asynchttpclient.netty.channel.ChannelManager - Adding key: http://localhost:43929 for channel [id: 0xe576209d, L:/127.0.0.1:61055 - R:localhost/127.0.0.1:43929]
19:21:17.164 [Forwarding getCurrentUrl on session 8d3e22d4529f3f51178177d8063fcb8a to remote] DEBUG org.asynchttpclient.netty.request.NettyRequestSender - Using pooled Channel '[id: 0xe576209d, L:/127.0.0.1:61055 - R:localhost/127.0.0.1:43929]' for 'GET' to 'http://localhost:43929/session/8d3e22d4529f3f51178177d8063fcb8a/url'
19:21:17.164 [Forwarding getCurrentUrl on session 8d3e22d4529f3f51178177d8063fcb8a to remote] DEBUG org.asynchttpclient.netty.request.NettyRequestSender - Using open Channel [id: 0xe576209d, L:/127.0.0.1:61055 - R:localhost/127.0.0.1:43929] for GET '/session/8d3e22d4529f3f51178177d8063fcb8a/url'
19:21:17.168 [AsyncHttpClient-1-14] DEBUG org.asynchttpclient.netty.handler.HttpHandler - 

Request DefaultFullHttpRequest(decodeResult: success, version: HTTP/1.1, content: EmptyByteBufBE)
GET /session/8d3e22d4529f3f51178177d8063fcb8a/url HTTP/1.1
User-Agent: selenium/4.8.1 (java windows)
Cache-Control: no-cache
Content-Type: application/json; charset=utf-8
host: localhost:43929
accept: */*

Response DefaultHttpResponse(decodeResult: success, version: HTTP/1.1)
HTTP/1.1 200 OK
Content-Length: 41
Content-Type: application/json; charset=utf-8
cache-control: no-cache

19:21:17.169 [AsyncHttpClient-1-14] DEBUG org.asynchttpclient.netty.channel.ChannelManager - Adding key: http://localhost:43929 for channel [id: 0xe576209d, L:/127.0.0.1:61055 - R:localhost/127.0.0.1:43929]
19:21:17.170 [main] DEBUG net.thucydides.core.steps.StepInterceptor - STARTING STEP: CategorySteps.clickClearCategory - clickClearCategory
19:21:17.173 [Forwarding findElement on session 8d3e22d4529f3f51178177d8063fcb8a to remote] DEBUG org.asynchttpclient.netty.request.NettyRequestSender - Using pooled Channel '[id: 0xe576209d, L:/127.0.0.1:61055 - R:localhost/127.0.0.1:43929]' for 'POST' to 'http://localhost:43929/session/8d3e22d4529f3f51178177d8063fcb8a/element'
19:21:17.173 [Forwarding findElement on session 8d3e22d4529f3f51178177d8063fcb8a to remote] DEBUG org.asynchttpclient.netty.request.NettyRequestSender - Using open Channel [id: 0xe576209d, L:/127.0.0.1:61055 - R:localhost/127.0.0.1:43929] for POST '/session/8d3e22d4529f3f51178177d8063fcb8a/element'
19:21:17.184 [AsyncHttpClient-1-14] DEBUG org.asynchttpclient.netty.handler.HttpHandler - 

Request DefaultHttpRequest(decodeResult: success, version: HTTP/1.1)
POST /session/8d3e22d4529f3f51178177d8063fcb8a/element HTTP/1.1
User-Agent: selenium/4.8.1 (java windows)
Content-Length: 63
Content-Type: application/json; charset=utf-8
host: localhost:43929
accept: */*

Response DefaultHttpResponse(decodeResult: success, version: HTTP/1.1)
HTTP/1.1 200 OK
Content-Length: 95
Content-Type: application/json; charset=utf-8
cache-control: no-cache

19:21:17.184 [AsyncHttpClient-1-14] DEBUG org.asynchttpclient.netty.channel.ChannelManager - Adding key: http://localhost:43929 for channel [id: 0xe576209d, L:/127.0.0.1:61055 - R:localhost/127.0.0.1:43929]
19:21:17.185 [Forwarding getElementTagName on session 8d3e22d4529f3f51178177d8063fcb8a to remote] DEBUG org.asynchttpclient.netty.request.NettyRequestSender - Using pooled Channel '[id: 0xe576209d, L:/127.0.0.1:61055 - R:localhost/127.0.0.1:43929]' for 'GET' to 'http://localhost:43929/session/8d3e22d4529f3f51178177d8063fcb8a/element/85C82BC9481FABF7159A7C9546C3FDBA_element_11/name'
19:21:17.185 [Forwarding getElementTagName on session 8d3e22d4529f3f51178177d8063fcb8a to remote] DEBUG org.asynchttpclient.netty.request.NettyRequestSender - Using open Channel [id: 0xe576209d, L:/127.0.0.1:61055 - R:localhost/127.0.0.1:43929] for GET '/session/8d3e22d4529f3f51178177d8063fcb8a/element/85C82BC9481FABF7159A7C9546C3FDBA_element_11/name'
19:21:17.188 [AsyncHttpClient-1-14] DEBUG org.asynchttpclient.netty.handler.HttpHandler - 

Request DefaultFullHttpRequest(decodeResult: success, version: HTTP/1.1, content: EmptyByteBufBE)
GET /session/8d3e22d4529f3f51178177d8063fcb8a/element/85C82BC9481FABF7159A7C9546C3FDBA_element_11/name HTTP/1.1
User-Agent: selenium/4.8.1 (java windows)
Cache-Control: no-cache
Content-Type: application/json; charset=utf-8
host: localhost:43929
accept: */*

Response DefaultHttpResponse(decodeResult: success, version: HTTP/1.1)
HTTP/1.1 200 OK
Content-Length: 18
Content-Type: application/json; charset=utf-8
cache-control: no-cache

19:21:17.188 [AsyncHttpClient-1-14] DEBUG org.asynchttpclient.netty.channel.ChannelManager - Adding key: http://localhost:43929 for channel [id: 0xe576209d, L:/127.0.0.1:61055 - R:localhost/127.0.0.1:43929]
19:21:17.189 [Forwarding getElementTagName on session 8d3e22d4529f3f51178177d8063fcb8a to remote] DEBUG org.asynchttpclient.netty.request.NettyRequestSender - Using pooled Channel '[id: 0xe576209d, L:/127.0.0.1:61055 - R:localhost/127.0.0.1:43929]' for 'GET' to 'http://localhost:43929/session/8d3e22d4529f3f51178177d8063fcb8a/element/85C82BC9481FABF7159A7C9546C3FDBA_element_11/name'
19:21:17.189 [Forwarding getElementTagName on session 8d3e22d4529f3f51178177d8063fcb8a to remote] DEBUG org.asynchttpclient.netty.request.NettyRequestSender - Using open Channel [id: 0xe576209d, L:/127.0.0.1:61055 - R:localhost/127.0.0.1:43929] for GET '/session/8d3e22d4529f3f51178177d8063fcb8a/element/85C82BC9481FABF7159A7C9546C3FDBA_element_11/name'
19:21:17.204 [AsyncHttpClient-1-14] DEBUG org.asynchttpclient.netty.handler.HttpHandler - 

Request DefaultFullHttpRequest(decodeResult: success, version: HTTP/1.1, content: EmptyByteBufBE)
GET /session/8d3e22d4529f3f51178177d8063fcb8a/element/85C82BC9481FABF7159A7C9546C3FDBA_element_11/name HTTP/1.1
User-Agent: selenium/4.8.1 (java windows)
Cache-Control: no-cache
Content-Type: application/json; charset=utf-8
host: localhost:43929
accept: */*

Response DefaultHttpResponse(decodeResult: success, version: HTTP/1.1)
HTTP/1.1 200 OK
Content-Length: 18
Content-Type: application/json; charset=utf-8
cache-control: no-cache

19:21:17.204 [AsyncHttpClient-1-14] DEBUG org.asynchttpclient.netty.channel.ChannelManager - Adding key: http://localhost:43929 for channel [id: 0xe576209d, L:/127.0.0.1:61055 - R:localhost/127.0.0.1:43929]
19:21:17.206 [Forwarding isElementEnabled on session 8d3e22d4529f3f51178177d8063fcb8a to remote] DEBUG org.asynchttpclient.netty.request.NettyRequestSender - Using pooled Channel '[id: 0xe576209d, L:/127.0.0.1:61055 - R:localhost/127.0.0.1:43929]' for 'GET' to 'http://localhost:43929/session/8d3e22d4529f3f51178177d8063fcb8a/element/85C82BC9481FABF7159A7C9546C3FDBA_element_11/enabled'
19:21:17.206 [Forwarding isElementEnabled on session 8d3e22d4529f3f51178177d8063fcb8a to remote] DEBUG org.asynchttpclient.netty.request.NettyRequestSender - Using open Channel [id: 0xe576209d, L:/127.0.0.1:61055 - R:localhost/127.0.0.1:43929] for GET '/session/8d3e22d4529f3f51178177d8063fcb8a/element/85C82BC9481FABF7159A7C9546C3FDBA_element_11/enabled'
19:21:17.230 [AsyncHttpClient-1-14] DEBUG org.asynchttpclient.netty.handler.HttpHandler - 

Request DefaultFullHttpRequest(decodeResult: success, version: HTTP/1.1, content: EmptyByteBufBE)
GET /session/8d3e22d4529f3f51178177d8063fcb8a/element/85C82BC9481FABF7159A7C9546C3FDBA_element_11/enabled HTTP/1.1
User-Agent: selenium/4.8.1 (java windows)
Cache-Control: no-cache
Content-Type: application/json; charset=utf-8
host: localhost:43929
accept: */*

Response DefaultHttpResponse(decodeResult: success, version: HTTP/1.1)
HTTP/1.1 200 OK
Content-Length: 14
Content-Type: application/json; charset=utf-8
cache-control: no-cache

19:21:17.230 [AsyncHttpClient-1-14] DEBUG org.asynchttpclient.netty.channel.ChannelManager - Adding key: http://localhost:43929 for channel [id: 0xe576209d, L:/127.0.0.1:61055 - R:localhost/127.0.0.1:43929]
19:21:17.231 [Forwarding isElementEnabled on session 8d3e22d4529f3f51178177d8063fcb8a to remote] DEBUG org.asynchttpclient.netty.request.NettyRequestSender - Using pooled Channel '[id: 0xe576209d, L:/127.0.0.1:61055 - R:localhost/127.0.0.1:43929]' for 'GET' to 'http://localhost:43929/session/8d3e22d4529f3f51178177d8063fcb8a/element/85C82BC9481FABF7159A7C9546C3FDBA_element_11/enabled'
19:21:17.231 [Forwarding isElementEnabled on session 8d3e22d4529f3f51178177d8063fcb8a to remote] DEBUG org.asynchttpclient.netty.request.NettyRequestSender - Using open Channel [id: 0xe576209d, L:/127.0.0.1:61055 - R:localhost/127.0.0.1:43929] for GET '/session/8d3e22d4529f3f51178177d8063fcb8a/element/85C82BC9481FABF7159A7C9546C3FDBA_element_11/enabled'
19:21:17.243 [AsyncHttpClient-1-14] DEBUG org.asynchttpclient.netty.handler.HttpHandler - 

Request DefaultFullHttpRequest(decodeResult: success, version: HTTP/1.1, content: EmptyByteBufBE)
GET /session/8d3e22d4529f3f51178177d8063fcb8a/element/85C82BC9481FABF7159A7C9546C3FDBA_element_11/enabled HTTP/1.1
User-Agent: selenium/4.8.1 (java windows)
Cache-Control: no-cache
Content-Type: application/json; charset=utf-8
host: localhost:43929
accept: */*

Response DefaultHttpResponse(decodeResult: success, version: HTTP/1.1)
HTTP/1.1 200 OK
Content-Length: 14
Content-Type: application/json; charset=utf-8
cache-control: no-cache

19:21:17.244 [AsyncHttpClient-1-14] DEBUG org.asynchttpclient.netty.channel.ChannelManager - Adding key: http://localhost:43929 for channel [id: 0xe576209d, L:/127.0.0.1:61055 - R:localhost/127.0.0.1:43929]
19:21:17.247 [Forwarding findElement on session 8d3e22d4529f3f51178177d8063fcb8a to remote] DEBUG org.asynchttpclient.netty.request.NettyRequestSender - Using pooled Channel '[id: 0xe576209d, L:/127.0.0.1:61055 - R:localhost/127.0.0.1:43929]' for 'POST' to 'http://localhost:43929/session/8d3e22d4529f3f51178177d8063fcb8a/element'
19:21:17.248 [Forwarding findElement on session 8d3e22d4529f3f51178177d8063fcb8a to remote] DEBUG org.asynchttpclient.netty.request.NettyRequestSender - Using open Channel [id: 0xe576209d, L:/127.0.0.1:61055 - R:localhost/127.0.0.1:43929] for POST '/session/8d3e22d4529f3f51178177d8063fcb8a/element'
19:21:17.267 [AsyncHttpClient-1-14] DEBUG org.asynchttpclient.netty.handler.HttpHandler - 

Request DefaultHttpRequest(decodeResult: success, version: HTTP/1.1)
POST /session/8d3e22d4529f3f51178177d8063fcb8a/element HTTP/1.1
User-Agent: selenium/4.8.1 (java windows)
Content-Length: 63
Content-Type: application/json; charset=utf-8
host: localhost:43929
accept: */*

Response DefaultHttpResponse(decodeResult: success, version: HTTP/1.1)
HTTP/1.1 200 OK
Content-Length: 95
Content-Type: application/json; charset=utf-8
cache-control: no-cache

19:21:17.267 [AsyncHttpClient-1-14] DEBUG org.asynchttpclient.netty.channel.ChannelManager - Adding key: http://localhost:43929 for channel [id: 0xe576209d, L:/127.0.0.1:61055 - R:localhost/127.0.0.1:43929]
19:21:17.268 [Forwarding clickElement on session 8d3e22d4529f3f51178177d8063fcb8a to remote] DEBUG org.asynchttpclient.netty.request.NettyRequestSender - Using pooled Channel '[id: 0xe576209d, L:/127.0.0.1:61055 - R:localhost/127.0.0.1:43929]' for 'POST' to 'http://localhost:43929/session/8d3e22d4529f3f51178177d8063fcb8a/element/85C82BC9481FABF7159A7C9546C3FDBA_element_11/click'
19:21:17.269 [Forwarding clickElement on session 8d3e22d4529f3f51178177d8063fcb8a to remote] DEBUG org.asynchttpclient.netty.request.NettyRequestSender - Using open Channel [id: 0xe576209d, L:/127.0.0.1:61055 - R:localhost/127.0.0.1:43929] for POST '/session/8d3e22d4529f3f51178177d8063fcb8a/element/85C82BC9481FABF7159A7C9546C3FDBA_element_11/click'
19:21:17.427 [AsyncHttpClient-1-14] DEBUG org.asynchttpclient.netty.handler.HttpHandler - 

Request DefaultHttpRequest(decodeResult: success, version: HTTP/1.1)
POST /session/8d3e22d4529f3f51178177d8063fcb8a/element/85C82BC9481FABF7159A7C9546C3FDBA_element_11/click HTTP/1.1
User-Agent: selenium/4.8.1 (java windows)
Content-Length: 57
Content-Type: application/json; charset=utf-8
host: localhost:43929
accept: */*

Response DefaultHttpResponse(decodeResult: success, version: HTTP/1.1)
HTTP/1.1 200 OK
Content-Length: 14
Content-Type: application/json; charset=utf-8
cache-control: no-cache

19:21:17.427 [AsyncHttpClient-1-14] DEBUG org.asynchttpclient.netty.channel.ChannelManager - Adding key: http://localhost:43929 for channel [id: 0xe576209d, L:/127.0.0.1:61055 - R:localhost/127.0.0.1:43929]
19:21:17.437 [Forwarding getAlertText on session 8d3e22d4529f3f51178177d8063fcb8a to remote] DEBUG org.asynchttpclient.netty.request.NettyRequestSender - Using pooled Channel '[id: 0xe576209d, L:/127.0.0.1:61055 - R:localhost/127.0.0.1:43929]' for 'GET' to 'http://localhost:43929/session/8d3e22d4529f3f51178177d8063fcb8a/alert/text'
19:21:17.437 [Forwarding getAlertText on session 8d3e22d4529f3f51178177d8063fcb8a to remote] DEBUG org.asynchttpclient.netty.request.NettyRequestSender - Using open Channel [id: 0xe576209d, L:/127.0.0.1:61055 - R:localhost/127.0.0.1:43929] for GET '/session/8d3e22d4529f3f51178177d8063fcb8a/alert/text'
19:21:17.483 [AsyncHttpClient-1-14] DEBUG org.asynchttpclient.netty.handler.HttpHandler - 

Request DefaultFullHttpRequest(decodeResult: success, version: HTTP/1.1, content: EmptyByteBufBE)
GET /session/8d3e22d4529f3f51178177d8063fcb8a/alert/text HTTP/1.1
User-Agent: selenium/4.8.1 (java windows)
Cache-Control: no-cache
Content-Type: application/json; charset=utf-8
host: localhost:43929
accept: */*

Response DefaultHttpResponse(decodeResult: success, version: HTTP/1.1)
HTTP/1.1 404 Not Found
Content-Length: 847
Content-Type: application/json; charset=utf-8
cache-control: no-cache

19:21:17.483 [AsyncHttpClient-1-14] DEBUG org.asynchttpclient.netty.channel.ChannelManager - Adding key: http://localhost:43929 for channel [id: 0xe576209d, L:/127.0.0.1:61055 - R:localhost/127.0.0.1:43929]
19:21:17.485 [Forwarding getCurrentUrl on session 8d3e22d4529f3f51178177d8063fcb8a to remote] DEBUG org.asynchttpclient.netty.request.NettyRequestSender - Using pooled Channel '[id: 0xe576209d, L:/127.0.0.1:61055 - R:localhost/127.0.0.1:43929]' for 'GET' to 'http://localhost:43929/session/8d3e22d4529f3f51178177d8063fcb8a/url'
19:21:17.485 [Forwarding getCurrentUrl on session 8d3e22d4529f3f51178177d8063fcb8a to remote] DEBUG org.asynchttpclient.netty.request.NettyRequestSender - Using open Channel [id: 0xe576209d, L:/127.0.0.1:61055 - R:localhost/127.0.0.1:43929] for GET '/session/8d3e22d4529f3f51178177d8063fcb8a/url'
19:21:17.496 [AsyncHttpClient-1-14] DEBUG org.asynchttpclient.netty.handler.HttpHandler - 

Request DefaultFullHttpRequest(decodeResult: success, version: HTTP/1.1, content: EmptyByteBufBE)
GET /session/8d3e22d4529f3f51178177d8063fcb8a/url HTTP/1.1
User-Agent: selenium/4.8.1 (java windows)
Cache-Control: no-cache
Content-Type: application/json; charset=utf-8
host: localhost:43929
accept: */*

Response DefaultHttpResponse(decodeResult: success, version: HTTP/1.1)
HTTP/1.1 200 OK
Content-Length: 41
Content-Type: application/json; charset=utf-8
cache-control: no-cache

19:21:17.496 [AsyncHttpClient-1-14] DEBUG org.asynchttpclient.netty.channel.ChannelManager - Adding key: http://localhost:43929 for channel [id: 0xe576209d, L:/127.0.0.1:61055 - R:localhost/127.0.0.1:43929]
19:21:17.497 [Forwarding screenshot on session 8d3e22d4529f3f51178177d8063fcb8a to remote] DEBUG org.asynchttpclient.netty.request.NettyRequestSender - Using pooled Channel '[id: 0xe576209d, L:/127.0.0.1:61055 - R:localhost/127.0.0.1:43929]' for 'GET' to 'http://localhost:43929/session/8d3e22d4529f3f51178177d8063fcb8a/screenshot'
19:21:17.497 [Forwarding screenshot on session 8d3e22d4529f3f51178177d8063fcb8a to remote] DEBUG org.asynchttpclient.netty.request.NettyRequestSender - Using open Channel [id: 0xe576209d, L:/127.0.0.1:61055 - R:localhost/127.0.0.1:43929] for GET '/session/8d3e22d4529f3f51178177d8063fcb8a/screenshot'
19:21:17.666 [AsyncHttpClient-1-14] DEBUG org.asynchttpclient.netty.handler.HttpHandler - 

Request DefaultFullHttpRequest(decodeResult: success, version: HTTP/1.1, content: EmptyByteBufBE)
GET /session/8d3e22d4529f3f51178177d8063fcb8a/screenshot HTTP/1.1
User-Agent: selenium/4.8.1 (java windows)
Cache-Control: no-cache
Content-Type: application/json; charset=utf-8
host: localhost:43929
accept: */*

Response DefaultHttpResponse(decodeResult: success, version: HTTP/1.1)
HTTP/1.1 200 OK
Content-Length: 27864
Content-Type: application/json; charset=utf-8
cache-control: no-cache

19:21:17.667 [AsyncHttpClient-1-14] DEBUG org.asynchttpclient.netty.channel.ChannelManager - Adding key: http://localhost:43929 for channel [id: 0xe576209d, L:/127.0.0.1:61055 - R:localhost/127.0.0.1:43929]
19:21:17.668 [main] DEBUG net.serenitybdd.core.photography.Darkroom - Send negative for processing for target\site\serenity\292e42eb0c8d8852a8e642d7ced91f539fb17b237d53ddd53e41e332f0e2edeb.png
19:21:17.669 [main] DEBUG net.thucydides.core.steps.StepInterceptor - STEP DONE: clickClearCategory
  &amp#27;[32mAnd &amp#27;[0m&amp#27;[32mI click clear category&amp#27;[0m                                 &amp#27;[90m# starter.stepdefinitions.CategorySteps.clickClearCategory()&amp#27;[0m
19:21:17.669 [Darkroom Processing Line] DEBUG net.serenitybdd.core.photography.DarkroomProcessingLine - Processing screenshot image in /var/screenshots/screenshot-13089224524498088553
19:21:17.669 [Darkroom Processing Line] DEBUG net.serenitybdd.core.photography.DarkroomProcessingLine - Saving screenshot to target\site\serenity\292e42eb0c8d8852a8e642d7ced91f539fb17b237d53ddd53e41e332f0e2edeb.png
19:21:17.683 [Forwarding getPageSource on session 8d3e22d4529f3f51178177d8063fcb8a to remote] DEBUG org.asynchttpclient.netty.request.NettyRequestSender - Using pooled Channel '[id: 0xe576209d, L:/127.0.0.1:61055 - R:localhost/127.0.0.1:43929]' for 'POST' to 'http://localhost:43929/session/8d3e22d4529f3f51178177d8063fcb8a/execute/sync'
19:21:17.683 [Forwarding getPageSource on session 8d3e22d4529f3f51178177d8063fcb8a to remote] DEBUG org.asynchttpclient.netty.request.NettyRequestSender - Using open Channel [id: 0xe576209d, L:/127.0.0.1:61055 - R:localhost/127.0.0.1:43929] for POST '/session/8d3e22d4529f3f51178177d8063fcb8a/execute/sync'
19:21:17.698 [AsyncHttpClient-1-14] DEBUG org.asynchttpclient.netty.handler.HttpHandler - 

Request DefaultHttpRequest(decodeResult: success, version: HTTP/1.1)
POST /session/8d3e22d4529f3f51178177d8063fcb8a/execute/sync HTTP/1.1
User-Agent: selenium/4.8.1 (java windows)
Content-Length: 176
Content-Type: application/json; charset=utf-8
host: localhost:43929
accept: */*

Response DefaultHttpResponse(decodeResult: success, version: HTTP/1.1)
HTTP/1.1 200 OK
Content-Length: 34145
Content-Type: application/json; charset=utf-8
cache-control: no-cache

19:21:17.698 [AsyncHttpClient-1-14] DEBUG org.asynchttpclient.netty.channel.ChannelManager - Adding key: http://localhost:43929 for channel [id: 0xe576209d, L:/127.0.0.1:61055 - R:localhost/127.0.0.1:43929]
19:21:17.701 [Forwarding getCurrentUrl on session 8d3e22d4529f3f51178177d8063fcb8a to remote] DEBUG org.asynchttpclient.netty.request.NettyRequestSender - Using pooled Channel '[id: 0xe576209d, L:/127.0.0.1:61055 - R:localhost/127.0.0.1:43929]' for 'GET' to 'http://localhost:43929/session/8d3e22d4529f3f51178177d8063fcb8a/url'
19:21:17.701 [Forwarding getCurrentUrl on session 8d3e22d4529f3f51178177d8063fcb8a to remote] DEBUG org.asynchttpclient.netty.request.NettyRequestSender - Using open Channel [id: 0xe576209d, L:/127.0.0.1:61055 - R:localhost/127.0.0.1:43929] for GET '/session/8d3e22d4529f3f51178177d8063fcb8a/url'
19:21:17.706 [AsyncHttpClient-1-14] DEBUG org.asynchttpclient.netty.handler.HttpHandler - 

Request DefaultFullHttpRequest(decodeResult: success, version: HTTP/1.1, content: EmptyByteBufBE)
GET /session/8d3e22d4529f3f51178177d8063fcb8a/url HTTP/1.1
User-Agent: selenium/4.8.1 (java windows)
Cache-Control: no-cache
Content-Type: application/json; charset=utf-8
host: localhost:43929
accept: */*

Response DefaultHttpResponse(decodeResult: success, version: HTTP/1.1)
HTTP/1.1 200 OK
Content-Length: 41
Content-Type: application/json; charset=utf-8
cache-control: no-cache

19:21:17.706 [AsyncHttpClient-1-14] DEBUG org.asynchttpclient.netty.channel.ChannelManager - Adding key: http://localhost:43929 for channel [id: 0xe576209d, L:/127.0.0.1:61055 - R:localhost/127.0.0.1:43929]
19:21:17.727 [Forwarding getAlertText on session 8d3e22d4529f3f51178177d8063fcb8a to remote] DEBUG org.asynchttpclient.netty.request.NettyRequestSender - Using pooled Channel '[id: 0xe576209d, L:/127.0.0.1:61055 - R:localhost/127.0.0.1:43929]' for 'GET' to 'http://localhost:43929/session/8d3e22d4529f3f51178177d8063fcb8a/alert/text'
19:21:17.727 [Forwarding getAlertText on session 8d3e22d4529f3f51178177d8063fcb8a to remote] DEBUG org.asynchttpclient.netty.request.NettyRequestSender - Using open Channel [id: 0xe576209d, L:/127.0.0.1:61055 - R:localhost/127.0.0.1:43929] for GET '/session/8d3e22d4529f3f51178177d8063fcb8a/alert/text'
19:21:17.728 [AsyncHttpClient-1-14] DEBUG org.asynchttpclient.netty.handler.HttpHandler - 

Request DefaultFullHttpRequest(decodeResult: success, version: HTTP/1.1, content: EmptyByteBufBE)
GET /session/8d3e22d4529f3f51178177d8063fcb8a/alert/text HTTP/1.1
User-Agent: selenium/4.8.1 (java windows)
Cache-Control: no-cache
Content-Type: application/json; charset=utf-8
host: localhost:43929
accept: */*

Response DefaultHttpResponse(decodeResult: success, version: HTTP/1.1)
HTTP/1.1 404 Not Found
Content-Length: 847
Content-Type: application/json; charset=utf-8
cache-control: no-cache

19:21:17.729 [AsyncHttpClient-1-14] DEBUG org.asynchttpclient.netty.channel.ChannelManager - Adding key: http://localhost:43929 for channel [id: 0xe576209d, L:/127.0.0.1:61055 - R:localhost/127.0.0.1:43929]
19:21:17.730 [Forwarding getCurrentUrl on session 8d3e22d4529f3f51178177d8063fcb8a to remote] DEBUG org.asynchttpclient.netty.request.NettyRequestSender - Using pooled Channel '[id: 0xe576209d, L:/127.0.0.1:61055 - R:localhost/127.0.0.1:43929]' for 'GET' to 'http://localhost:43929/session/8d3e22d4529f3f51178177d8063fcb8a/url'
19:21:17.730 [Forwarding getCurrentUrl on session 8d3e22d4529f3f51178177d8063fcb8a to remote] DEBUG org.asynchttpclient.netty.request.NettyRequestSender - Using open Channel [id: 0xe576209d, L:/127.0.0.1:61055 - R:localhost/127.0.0.1:43929] for GET '/session/8d3e22d4529f3f51178177d8063fcb8a/url'
19:21:17.735 [AsyncHttpClient-1-14] DEBUG org.asynchttpclient.netty.handler.HttpHandler - 

Request DefaultFullHttpRequest(decodeResult: success, version: HTTP/1.1, content: EmptyByteBufBE)
GET /session/8d3e22d4529f3f51178177d8063fcb8a/url HTTP/1.1
User-Agent: selenium/4.8.1 (java windows)
Cache-Control: no-cache
Content-Type: application/json; charset=utf-8
host: localhost:43929
accept: */*

Response DefaultHttpResponse(decodeResult: success, version: HTTP/1.1)
HTTP/1.1 200 OK
Content-Length: 41
Content-Type: application/json; charset=utf-8
cache-control: no-cache

19:21:17.735 [AsyncHttpClient-1-14] DEBUG org.asynchttpclient.netty.channel.ChannelManager - Adding key: http://localhost:43929 for channel [id: 0xe576209d, L:/127.0.0.1:61055 - R:localhost/127.0.0.1:43929]
19:21:17.735 [Forwarding screenshot on session 8d3e22d4529f3f51178177d8063fcb8a to remote] DEBUG org.asynchttpclient.netty.request.NettyRequestSender - Using pooled Channel '[id: 0xe576209d, L:/127.0.0.1:61055 - R:localhost/127.0.0.1:43929]' for 'GET' to 'http://localhost:43929/session/8d3e22d4529f3f51178177d8063fcb8a/screenshot'
19:21:17.735 [Forwarding screenshot on session 8d3e22d4529f3f51178177d8063fcb8a to remote] DEBUG org.asynchttpclient.netty.request.NettyRequestSender - Using open Channel [id: 0xe576209d, L:/127.0.0.1:61055 - R:localhost/127.0.0.1:43929] for GET '/session/8d3e22d4529f3f51178177d8063fcb8a/screenshot'
19:21:17.890 [AsyncHttpClient-1-14] DEBUG org.asynchttpclient.netty.handler.HttpHandler - 

Request DefaultFullHttpRequest(decodeResult: success, version: HTTP/1.1, content: EmptyByteBufBE)
GET /session/8d3e22d4529f3f51178177d8063fcb8a/screenshot HTTP/1.1
User-Agent: selenium/4.8.1 (java windows)
Cache-Control: no-cache
Content-Type: application/json; charset=utf-8
host: localhost:43929
accept: */*

Response DefaultHttpResponse(decodeResult: success, version: HTTP/1.1)
HTTP/1.1 200 OK
Content-Length: 34744
Content-Type: application/json; charset=utf-8
cache-control: no-cache

19:21:17.891 [AsyncHttpClient-1-14] DEBUG org.asynchttpclient.netty.channel.ChannelManager - Adding key: http://localhost:43929 for channel [id: 0xe576209d, L:/127.0.0.1:61055 - R:localhost/127.0.0.1:43929]
19:21:17.892 [main] DEBUG net.serenitybdd.core.photography.Darkroom - Send negative for processing for target\site\serenity\d0f51241a2a69fcff0d72e3e0f2058903b023e5262842a2413f1aa2ce52c064a.png
19:21:17.893 [Darkroom Processing Line] DEBUG net.serenitybdd.core.photography.DarkroomProcessingLine - Processing screenshot image in /var/screenshots/screenshot-8029582440754694212
19:21:17.893 [Darkroom Processing Line] DEBUG net.serenitybdd.core.photography.DarkroomProcessingLine - Saving screenshot to target\site\serenity\d0f51241a2a69fcff0d72e3e0f2058903b023e5262842a2413f1aa2ce52c064a.png
19:21:17.894 [Forwarding getPageSource on session 8d3e22d4529f3f51178177d8063fcb8a to remote] DEBUG org.asynchttpclient.netty.request.NettyRequestSender - Using pooled Channel '[id: 0xe576209d, L:/127.0.0.1:61055 - R:localhost/127.0.0.1:43929]' for 'POST' to 'http://localhost:43929/session/8d3e22d4529f3f51178177d8063fcb8a/execute/sync'
19:21:17.894 [Forwarding getPageSource on session 8d3e22d4529f3f51178177d8063fcb8a to remote] DEBUG org.asynchttpclient.netty.request.NettyRequestSender - Using open Channel [id: 0xe576209d, L:/127.0.0.1:61055 - R:localhost/127.0.0.1:43929] for POST '/session/8d3e22d4529f3f51178177d8063fcb8a/execute/sync'
19:21:17.909 [AsyncHttpClient-1-14] DEBUG org.asynchttpclient.netty.handler.HttpHandler - 

Request DefaultHttpRequest(decodeResult: success, version: HTTP/1.1)
POST /session/8d3e22d4529f3f51178177d8063fcb8a/execute/sync HTTP/1.1
User-Agent: selenium/4.8.1 (java windows)
Content-Length: 176
Content-Type: application/json; charset=utf-8
host: localhost:43929
accept: */*

Response DefaultHttpResponse(decodeResult: success, version: HTTP/1.1)
HTTP/1.1 200 OK
Content-Length: 34145
Content-Type: application/json; charset=utf-8
cache-control: no-cache

19:21:17.909 [AsyncHttpClient-1-14] DEBUG org.asynchttpclient.netty.channel.ChannelManager - Adding key: http://localhost:43929 for channel [id: 0xe576209d, L:/127.0.0.1:61055 - R:localhost/127.0.0.1:43929]
19:21:17.913 [Forwarding getCurrentUrl on session 8d3e22d4529f3f51178177d8063fcb8a to remote] DEBUG org.asynchttpclient.netty.request.NettyRequestSender - Using pooled Channel '[id: 0xe576209d, L:/127.0.0.1:61055 - R:localhost/127.0.0.1:43929]' for 'GET' to 'http://localhost:43929/session/8d3e22d4529f3f51178177d8063fcb8a/url'
19:21:17.913 [Forwarding getCurrentUrl on session 8d3e22d4529f3f51178177d8063fcb8a to remote] DEBUG org.asynchttpclient.netty.request.NettyRequestSender - Using open Channel [id: 0xe576209d, L:/127.0.0.1:61055 - R:localhost/127.0.0.1:43929] for GET '/session/8d3e22d4529f3f51178177d8063fcb8a/url'
19:21:17.917 [AsyncHttpClient-1-14] DEBUG org.asynchttpclient.netty.handler.HttpHandler - 

Request DefaultFullHttpRequest(decodeResult: success, version: HTTP/1.1, content: EmptyByteBufBE)
GET /session/8d3e22d4529f3f51178177d8063fcb8a/url HTTP/1.1
User-Agent: selenium/4.8.1 (java windows)
Cache-Control: no-cache
Content-Type: application/json; charset=utf-8
host: localhost:43929
accept: */*

Response DefaultHttpResponse(decodeResult: success, version: HTTP/1.1)
HTTP/1.1 200 OK
Content-Length: 41
Content-Type: application/json; charset=utf-8
cache-control: no-cache

19:21:17.917 [AsyncHttpClient-1-14] DEBUG org.asynchttpclient.netty.channel.ChannelManager - Adding key: http://localhost:43929 for channel [id: 0xe576209d, L:/127.0.0.1:61055 - R:localhost/127.0.0.1:43929]
19:21:17.920 [main] DEBUG net.thucydides.core.steps.StepInterceptor - STARTING STEP: LogoutSteps.validateAlreadyLogout - validateAlreadyLogout
19:21:17.923 [Forwarding findElement on session 8d3e22d4529f3f51178177d8063fcb8a to remote] DEBUG org.asynchttpclient.netty.request.NettyRequestSender - Using pooled Channel '[id: 0xe576209d, L:/127.0.0.1:61055 - R:localhost/127.0.0.1:43929]' for 'POST' to 'http://localhost:43929/session/8d3e22d4529f3f51178177d8063fcb8a/element'
19:21:17.924 [Forwarding findElement on session 8d3e22d4529f3f51178177d8063fcb8a to remote] DEBUG org.asynchttpclient.netty.request.NettyRequestSender - Using open Channel [id: 0xe576209d, L:/127.0.0.1:61055 - R:localhost/127.0.0.1:43929] for POST '/session/8d3e22d4529f3f51178177d8063fcb8a/element'
19:21:17.942 [AsyncHttpClient-1-14] DEBUG org.asynchttpclient.netty.handler.HttpHandler - 

Request DefaultHttpRequest(decodeResult: success, version: HTTP/1.1)
POST /session/8d3e22d4529f3f51178177d8063fcb8a/element HTTP/1.1
User-Agent: selenium/4.8.1 (java windows)
Content-Length: 59
Content-Type: application/json; charset=utf-8
host: localhost:43929
accept: */*

Response DefaultHttpResponse(decodeResult: success, version: HTTP/1.1)
HTTP/1.1 200 OK
Content-Length: 95
Content-Type: application/json; charset=utf-8
cache-control: no-cache

19:21:17.942 [AsyncHttpClient-1-14] DEBUG org.asynchttpclient.netty.channel.ChannelManager - Adding key: http://localhost:43929 for channel [id: 0xe576209d, L:/127.0.0.1:61055 - R:localhost/127.0.0.1:43929]
19:21:17.946 [Forwarding isElementDisplayed on session 8d3e22d4529f3f51178177d8063fcb8a to remote] DEBUG org.asynchttpclient.netty.request.NettyRequestSender - Using pooled Channel '[id: 0xe576209d, L:/127.0.0.1:61055 - R:localhost/127.0.0.1:43929]' for 'POST' to 'http://localhost:43929/session/8d3e22d4529f3f51178177d8063fcb8a/execute/sync'
19:21:17.946 [Forwarding isElementDisplayed on session 8d3e22d4529f3f51178177d8063fcb8a to remote] DEBUG org.asynchttpclient.netty.request.NettyRequestSender - Using open Channel [id: 0xe576209d, L:/127.0.0.1:61055 - R:localhost/127.0.0.1:43929] for POST '/session/8d3e22d4529f3f51178177d8063fcb8a/execute/sync'
19:21:17.962 [AsyncHttpClient-1-14] DEBUG org.asynchttpclient.netty.handler.HttpHandler - 

Request DefaultHttpRequest(decodeResult: success, version: HTTP/1.1)
POST /session/8d3e22d4529f3f51178177d8063fcb8a/execute/sync HTTP/1.1
User-Agent: selenium/4.8.1 (java windows)
Content-Length: 48814
Content-Type: application/json; charset=utf-8
host: localhost:43929
accept: */*

Response DefaultHttpResponse(decodeResult: success, version: HTTP/1.1)
HTTP/1.1 200 OK
Content-Length: 14
Content-Type: application/json; charset=utf-8
cache-control: no-cache

19:21:17.962 [AsyncHttpClient-1-14] DEBUG org.asynchttpclient.netty.channel.ChannelManager - Adding key: http://localhost:43929 for channel [id: 0xe576209d, L:/127.0.0.1:61055 - R:localhost/127.0.0.1:43929]
19:21:17.968 [Forwarding getAlertText on session 8d3e22d4529f3f51178177d8063fcb8a to remote] DEBUG org.asynchttpclient.netty.request.NettyRequestSender - Using pooled Channel '[id: 0xe576209d, L:/127.0.0.1:61055 - R:localhost/127.0.0.1:43929]' for 'GET' to 'http://localhost:43929/session/8d3e22d4529f3f51178177d8063fcb8a/alert/text'
19:21:17.968 [Forwarding getAlertText on session 8d3e22d4529f3f51178177d8063fcb8a to remote] DEBUG org.asynchttpclient.netty.request.NettyRequestSender - Using open Channel [id: 0xe576209d, L:/127.0.0.1:61055 - R:localhost/127.0.0.1:43929] for GET '/session/8d3e22d4529f3f51178177d8063fcb8a/alert/text'
19:21:17.969 [AsyncHttpClient-1-14] DEBUG org.asynchttpclient.netty.handler.HttpHandler - 

Request DefaultFullHttpRequest(decodeResult: success, version: HTTP/1.1, content: EmptyByteBufBE)
GET /session/8d3e22d4529f3f51178177d8063fcb8a/alert/text HTTP/1.1
User-Agent: selenium/4.8.1 (java windows)
Cache-Control: no-cache
Content-Type: application/json; charset=utf-8
host: localhost:43929
accept: */*

Response DefaultHttpResponse(decodeResult: success, version: HTTP/1.1)
HTTP/1.1 404 Not Found
Content-Length: 847
Content-Type: application/json; charset=utf-8
cache-control: no-cache

19:21:17.969 [AsyncHttpClient-1-14] DEBUG org.asynchttpclient.netty.channel.ChannelManager - Adding key: http://localhost:43929 for channel [id: 0xe576209d, L:/127.0.0.1:61055 - R:localhost/127.0.0.1:43929]
19:21:17.970 [Forwarding getCurrentUrl on session 8d3e22d4529f3f51178177d8063fcb8a to remote] DEBUG org.asynchttpclient.netty.request.NettyRequestSender - Using pooled Channel '[id: 0xe576209d, L:/127.0.0.1:61055 - R:localhost/127.0.0.1:43929]' for 'GET' to 'http://localhost:43929/session/8d3e22d4529f3f51178177d8063fcb8a/url'
19:21:17.970 [Forwarding getCurrentUrl on session 8d3e22d4529f3f51178177d8063fcb8a to remote] DEBUG org.asynchttpclient.netty.request.NettyRequestSender - Using open Channel [id: 0xe576209d, L:/127.0.0.1:61055 - R:localhost/127.0.0.1:43929] for GET '/session/8d3e22d4529f3f51178177d8063fcb8a/url'
19:21:17.978 [AsyncHttpClient-1-14] DEBUG org.asynchttpclient.netty.handler.HttpHandler - 

Request DefaultFullHttpRequest(decodeResult: success, version: HTTP/1.1, content: EmptyByteBufBE)
GET /session/8d3e22d4529f3f51178177d8063fcb8a/url HTTP/1.1
User-Agent: selenium/4.8.1 (java windows)
Cache-Control: no-cache
Content-Type: application/json; charset=utf-8
host: localhost:43929
accept: */*

Response DefaultHttpResponse(decodeResult: success, version: HTTP/1.1)
HTTP/1.1 200 OK
Content-Length: 41
Content-Type: application/json; charset=utf-8
cache-control: no-cache

19:21:17.978 [AsyncHttpClient-1-14] DEBUG org.asynchttpclient.netty.channel.ChannelManager - Adding key: http://localhost:43929 for channel [id: 0xe576209d, L:/127.0.0.1:61055 - R:localhost/127.0.0.1:43929]
19:21:17.979 [Forwarding screenshot on session 8d3e22d4529f3f51178177d8063fcb8a to remote] DEBUG org.asynchttpclient.netty.request.NettyRequestSender - Using pooled Channel '[id: 0xe576209d, L:/127.0.0.1:61055 - R:localhost/127.0.0.1:43929]' for 'GET' to 'http://localhost:43929/session/8d3e22d4529f3f51178177d8063fcb8a/screenshot'
19:21:17.979 [Forwarding screenshot on session 8d3e22d4529f3f51178177d8063fcb8a to remote] DEBUG org.asynchttpclient.netty.request.NettyRequestSender - Using open Channel [id: 0xe576209d, L:/127.0.0.1:61055 - R:localhost/127.0.0.1:43929] for GET '/session/8d3e22d4529f3f51178177d8063fcb8a/screenshot'
19:21:18.098 [AsyncHttpClient-1-1] DEBUG org.asynchttpclient.netty.channel.DefaultChannelPool - Entry count for : http://localhost:61056 : 1
19:21:18.118 [AsyncHttpClient-1-14] DEBUG org.asynchttpclient.netty.handler.HttpHandler - 

Request DefaultFullHttpRequest(decodeResult: success, version: HTTP/1.1, content: EmptyByteBufBE)
GET /session/8d3e22d4529f3f51178177d8063fcb8a/screenshot HTTP/1.1
User-Agent: selenium/4.8.1 (java windows)
Cache-Control: no-cache
Content-Type: application/json; charset=utf-8
host: localhost:43929
accept: */*

Response DefaultHttpResponse(decodeResult: success, version: HTTP/1.1)
HTTP/1.1 200 OK
Content-Length: 33640
Content-Type: application/json; charset=utf-8
cache-control: no-cache

19:21:18.118 [AsyncHttpClient-1-14] DEBUG org.asynchttpclient.netty.channel.ChannelManager - Adding key: http://localhost:43929 for channel [id: 0xe576209d, L:/127.0.0.1:61055 - R:localhost/127.0.0.1:43929]
19:21:18.119 [main] DEBUG net.serenitybdd.core.photography.Darkroom - Send negative for processing for target\site\serenity\5388ca9bd807c625bf9c1cf0644ad755c71af430a74f27038d23011bca58bdb2.png
19:21:18.119 [main] DEBUG net.thucydides.core.steps.StepInterceptor - STEP DONE: validateAlreadyLogout
  &amp#27;[32mThen &amp#27;[0m&amp#27;[32mI should be redirected back to my alta-shop home page&amp#27;[0m &amp#27;[90m# starter.stepdefinitions.LogoutSteps.validateAlreadyLogout()&amp#27;[0m
19:21:18.119 [Darkroom Processing Line] DEBUG net.serenitybdd.core.photography.DarkroomProcessingLine - Processing screenshot image in /var/screenshots/screenshot-12795849322292858577
19:21:18.119 [Darkroom Processing Line] DEBUG net.serenitybdd.core.photography.DarkroomProcessingLine - Saving screenshot to target\site\serenity\5388ca9bd807c625bf9c1cf0644ad755c71af430a74f27038d23011bca58bdb2.png
19:21:18.125 [main] INFO  - 
  _____   ___   ___   _____     ___     _     ___   ___   ___   ___  
 |_   _| | __| / __| |_   _|   | _ \   /_\   / __| / __| | __| |   \ 
   | |   | _|  \__ \   | |     |  _/  / _ \  \__ \ \__ \ | _|  | |) |
   |_|   |___| |___/   |_|     |_|   /_/ \_\ |___/ |___/ |___| |___/ 

Clear category
----------------------------------------------------------------------
19:21:18.125 [AsyncHttpClient-1-16] DEBUG org.asynchttpclient.netty.handler.WebSocketHandler - Channel Closed: [id: 0x072bc0f7, L:/127.0.0.1:61063 ! R:localhost/127.0.0.1:61056] with attribute NettyResponseFuture{currentRetry=0,
	isDone=1,
	isCancelled=0,
	asyncHandler=org.asynchttpclient.ws.WebSocketUpgradeHandler@29d49235,
	nettyRequest=org.asynchttpclient.netty.request.NettyRequest@17887629,
	future=java.util.concurrent.CompletableFuture@2e4e4b74[Completed normally],
	uri=ws://localhost:61056/devtools/browser/2373bb41-45f6-444f-a37e-5b2987c8f68f,
	keepAlive=true,
	redirectCount=0,
	timeoutsHolder=null,
	inAuth=0,
	touch=1683807674732}
19:21:18.126 [Driver Command Executor] DEBUG org.asynchttpclient.netty.request.NettyRequestSender - Using pooled Channel '[id: 0xe576209d, L:/127.0.0.1:61055 - R:localhost/127.0.0.1:43929]' for 'DELETE' to 'http://localhost:43929/session/8d3e22d4529f3f51178177d8063fcb8a'
19:21:18.126 [AsyncHttpClient-1-16] DEBUG org.asynchttpclient.netty.channel.ChannelManager - Closing Channel [id: 0x072bc0f7, L:/127.0.0.1:61063 ! R:localhost/127.0.0.1:61056] 
19:21:18.126 [Driver Command Executor] DEBUG org.asynchttpclient.netty.request.NettyRequestSender - Using open Channel [id: 0xe576209d, L:/127.0.0.1:61055 - R:localhost/127.0.0.1:43929] for DELETE '/session/8d3e22d4529f3f51178177d8063fcb8a'
19:21:18.158 [AsyncHttpClient-1-15] DEBUG org.asynchttpclient.netty.handler.HttpHandler - Unexpected I/O exception on channel [id: 0x06f5848d, L:/127.0.0.1:61062 - R:localhost/127.0.0.1:61056]
java.net.SocketException: Connection reset
	at java.base/sun.nio.ch.SocketChannelImpl.throwConnectionReset(SocketChannelImpl.java:401)
	at java.base/sun.nio.ch.SocketChannelImpl.read(SocketChannelImpl.java:434)
	at io.netty.buffer.PooledByteBuf.setBytes(PooledByteBuf.java:259)
	at io.netty.buffer.AbstractByteBuf.writeBytes(AbstractByteBuf.java:1132)
	at io.netty.channel.socket.nio.NioSocketChannel.doReadBytes(NioSocketChannel.java:357)
	at io.netty.channel.nio.AbstractNioByteChannel$NioByteUnsafe.read(AbstractNioByteChannel.java:151)
	at io.netty.channel.nio.NioEventLoop.processSelectedKey(NioEventLoop.java:788)
	at io.netty.channel.nio.NioEventLoop.processSelectedKeysOptimized(NioEventLoop.java:724)
	at io.netty.channel.nio.NioEventLoop.processSelectedKeys(NioEventLoop.java:650)
	at io.netty.channel.nio.NioEventLoop.run(NioEventLoop.java:562)
	at io.netty.util.concurrent.SingleThreadEventExecutor$4.run(SingleThreadEventExecutor.java:997)
	at io.netty.util.internal.ThreadExecutorMap$2.run(ThreadExecutorMap.java:74)
	at io.netty.util.concurrent.FastThreadLocalRunnable.run(FastThreadLocalRunnable.java:30)
	at java.base/java.lang.Thread.run(Thread.java:1589)
19:21:18.158 [AsyncHttpClient-1-15] DEBUG org.asynchttpclient.netty.channel.ChannelManager - Closing Channel [id: 0x06f5848d, L:/127.0.0.1:61062 - R:localhost/127.0.0.1:61056] 
19:21:18.159 [AsyncHttpClient-1-15] DEBUG org.asynchttpclient.netty.handler.HttpHandler - Channel Closed: [id: 0x06f5848d, L:/127.0.0.1:61062 ! R:localhost/127.0.0.1:61056] with attribute DISCARD
19:21:18.195 [AsyncHttpClient-1-14] DEBUG org.asynchttpclient.netty.handler.HttpHandler - 

Request DefaultFullHttpRequest(decodeResult: success, version: HTTP/1.1, content: EmptyByteBufBE)
DELETE /session/8d3e22d4529f3f51178177d8063fcb8a HTTP/1.1
User-Agent: selenium/4.8.1 (java windows)
Content-Type: application/json; charset=utf-8
host: localhost:43929
accept: */*

Response DefaultHttpResponse(decodeResult: success, version: HTTP/1.1)
HTTP/1.1 200 OK
Content-Length: 14
Content-Type: application/json; charset=utf-8
cache-control: no-cache

19:21:18.195 [AsyncHttpClient-1-14] DEBUG org.asynchttpclient.netty.channel.ChannelManager - Adding key: http://localhost:43929 for channel [id: 0xe576209d, L:/127.0.0.1:61055 - R:localhost/127.0.0.1:43929]
19:21:18.277 [AsyncHttpClient-1-14] DEBUG org.asynchttpclient.netty.handler.HttpHandler - Channel Closed: [id: 0xe576209d, L:/127.0.0.1:61055 ! R:localhost/127.0.0.1:43929] with attribute DISCARD
]]></system-out>
    <system-err><![CDATA[Starting ChromeDriver 113.0.5672.63 (0e1a4471d5ae5bf128b1bd8f4d627c8cbd55f70c-refs/branch-heads/5672@{#912}) on port 43929
Only local connections are allowed.
Please see https://chromedriver.chromium.org/security-considerations for suggestions on keeping ChromeDriver safe.
ChromeDriver was started successfully.
May 11, 2023 7:21:14 PM org.openqa.selenium.devtools.CdpVersionFinder findNearestMatch
WARNING: Unable to find an exact match for CDP version 113, so returning the closest version found: 110
]]></system-err>
  </testcase>
  <testcase name="View Transaction" classname="Transaction" time="5.27">
    <system-out><![CDATA[19:21:18.323 [main] DEBUG io.cucumber.core.plugin.SerenityReporter - Running feature from file:///C:/Users/Bunayya%20Zulfikar/3D%20Objects/alta_web_minpro_testcase/src/test/resources/features/5.%20Transaction.feature
19:21:18.326 [main] DEBUG net.thucydides.core.steps.StepEventBus - Test suite started for story net.thucydides.core.model.Story@9c152c7e
19:21:18.327 [main] INFO  - Test Suite Started: Transaction

Scenario: View Transaction                                &amp#27;[90m# src/test/resources/features/5. Transaction.feature:7&amp#27;[0m
19:21:18.331 [main] DEBUG io.cucumber.core.plugin.SerenityReporter - Running feature from file:///C:/Users/Bunayya%20Zulfikar/3D%20Objects/alta_web_minpro_testcase/src/test/resources/features/5.%20Transaction.feature
19:21:18.332 [main] INFO  - 
  _____   ___   ___   _____     ___   _____     _     ___   _____   ___   ___  
 |_   _| | __| / __| |_   _|   / __| |_   _|   /_\   | _ \ |_   _| | __| |   \ 
   | |   | _|  \__ \   | |     \__ \   | |    / _ \  |   /   | |   | _|  | |) |
   |_|   |___| |___/   |_|     |___/   |_|   /_/ \_\ |_|_\   |_|   |___| |___/ 

View Transaction(transaction;view-transaction)
--------------------------------------------------------------------------------
19:21:18.389 [main] DEBUG net.thucydides.core.steps.StepInterceptor - STARTING STEP: ProductSteps.onTheHomePage - openPage
19:21:18.554 [main] INFO net.serenitybdd.core.webdriver.driverproviders.ChromeDriverProvider - Starting Chrome driver instance with capabilities:
19:21:18.555 [main] INFO net.serenitybdd.core.webdriver.driverproviders.ChromeDriverProvider - Capabilities {acceptInsecureCerts: false, browserName: chrome, goog:chromeOptions: {args: [remote-allow-origins=*], extensions: []}}
19:21:18.698 [AsyncHttpClient-1-17] DEBUG org.asynchttpclient.netty.channel.NettyConnectListener - Using new Channel '[id: 0x3a22059b, L:/127.0.0.1:61082 - R:localhost/127.0.0.1:46232]' for 'POST' to '/session'
19:21:19.198 [AsyncHttpClient-1-1] DEBUG org.asynchttpclient.netty.channel.DefaultChannelPool - Entry count for : http://localhost:61056 : 1
19:21:19.199 [AsyncHttpClient-1-1] DEBUG org.asynchttpclient.netty.channel.DefaultChannelPool - Entry count for : http://localhost:43929 : 1
19:21:19.199 [AsyncHttpClient-1-1] DEBUG org.asynchttpclient.netty.channel.DefaultChannelPool - Adding Candidate expired Channel [id: 0x06f5848d, L:/127.0.0.1:61062 ! R:localhost/127.0.0.1:61056] isIdleTimeoutExpired=false isRemotelyClosed=true isTtlExpired=false
19:21:19.199 [AsyncHttpClient-1-1] DEBUG org.asynchttpclient.netty.channel.DefaultChannelPool - Closing Idle Channel [id: 0x06f5848d, L:/127.0.0.1:61062 ! R:localhost/127.0.0.1:61056]
19:21:19.200 [AsyncHttpClient-1-1] DEBUG org.asynchttpclient.netty.channel.DefaultChannelPool - Adding Candidate expired Channel [id: 0xe576209d, L:/127.0.0.1:61055 ! R:localhost/127.0.0.1:43929] isIdleTimeoutExpired=false isRemotelyClosed=true isTtlExpired=false
19:21:19.200 [AsyncHttpClient-1-1] DEBUG org.asynchttpclient.netty.channel.DefaultChannelPool - Closing Idle Channel [id: 0xe576209d, L:/127.0.0.1:61055 ! R:localhost/127.0.0.1:43929]
19:21:19.200 [AsyncHttpClient-1-1] DEBUG org.asynchttpclient.netty.channel.DefaultChannelPool - Closed 2 connections out of 2 in 1 ms
19:21:19.432 [AsyncHttpClient-1-17] DEBUG org.asynchttpclient.netty.handler.HttpHandler - 

Request DefaultHttpRequest(decodeResult: success, version: HTTP/1.1)
POST /session HTTP/1.1
User-Agent: selenium/4.8.1 (java windows)
Content-Length: 507
Content-Type: application/json; charset=utf-8
host: localhost:46232
accept: */*

Response DefaultHttpResponse(decodeResult: success, version: HTTP/1.1)
HTTP/1.1 200 OK
Content-Length: 861
Content-Type: application/json; charset=utf-8
cache-control: no-cache

19:21:19.432 [AsyncHttpClient-1-17] DEBUG org.asynchttpclient.netty.channel.ChannelManager - Adding key: http://localhost:46232 for channel [id: 0x3a22059b, L:/127.0.0.1:61082 - R:localhost/127.0.0.1:46232]
19:21:19.438 [AsyncHttpClient-1-18] DEBUG org.asynchttpclient.netty.channel.NettyConnectListener - Using new Channel '[id: 0x8de891d5, L:/127.0.0.1:61089 - R:localhost/127.0.0.1:61083]' for 'GET' to '/json/version'
19:21:19.439 [AsyncHttpClient-1-18] DEBUG org.asynchttpclient.netty.handler.HttpHandler - 

Request DefaultFullHttpRequest(decodeResult: success, version: HTTP/1.1, content: EmptyByteBufBE)
GET /json/version HTTP/1.1
User-Agent: selenium/4.8.1 (java windows)
host: localhost:61083
accept: */*

Response DefaultHttpResponse(decodeResult: success, version: HTTP/1.1)
HTTP/1.1 200 OK
Content-Security-Policy: frame-ancestors 'none'
Content-Length: 422
Content-Type: application/json; charset=UTF-8

19:21:19.439 [AsyncHttpClient-1-18] DEBUG org.asynchttpclient.netty.channel.ChannelManager - Adding key: http://localhost:61083 for channel [id: 0x8de891d5, L:/127.0.0.1:61089 - R:localhost/127.0.0.1:61083]
19:21:19.441 [AsyncHttpClient-1-19] DEBUG org.asynchttpclient.netty.channel.NettyConnectListener - Using new Channel '[id: 0x799f2fdb, L:/127.0.0.1:61090 - R:localhost/127.0.0.1:61083]' for 'GET' to '/devtools/browser/b0c75d7c-2fa5-4d36-b0c0-598a9a14705a'
19:21:19.442 [AsyncHttpClient-1-19] DEBUG org.asynchttpclient.netty.handler.WebSocketHandler - 

Request DefaultFullHttpRequest(decodeResult: success, version: HTTP/1.1, content: EmptyByteBufBE)
GET /devtools/browser/b0c75d7c-2fa5-4d36-b0c0-598a9a14705a HTTP/1.1
upgrade: websocket
connection: upgrade
sec-websocket-key: BfAn2Rhdk+KhZTs5KkS9Xg==
sec-websocket-version: 13
origin: http://localhost:61083
host: localhost:61083
accept: */*
user-agent: AHC/2.1

Response DefaultHttpResponse(decodeResult: success, version: HTTP/1.1)
HTTP/1.1 101 WebSocket Protocol Handshake
Upgrade: WebSocket
Connection: Upgrade
Sec-WebSocket-Accept: 3XsoK7b6uYhrRAww2GmA3rALNQ0=

19:21:19.446 [Forwarding get on session 56491801bc3dca313464882f52aa662e to remote] DEBUG org.asynchttpclient.netty.request.NettyRequestSender - Using pooled Channel '[id: 0x3a22059b, L:/127.0.0.1:61082 - R:localhost/127.0.0.1:46232]' for 'POST' to 'http://localhost:46232/session/56491801bc3dca313464882f52aa662e/url'
19:21:19.446 [Forwarding get on session 56491801bc3dca313464882f52aa662e to remote] DEBUG org.asynchttpclient.netty.request.NettyRequestSender - Using open Channel [id: 0x3a22059b, L:/127.0.0.1:61082 - R:localhost/127.0.0.1:46232] for POST '/session/56491801bc3dca313464882f52aa662e/url'
19:21:20.130 [AsyncHttpClient-1-17] DEBUG org.asynchttpclient.netty.handler.HttpHandler - 

Request DefaultHttpRequest(decodeResult: success, version: HTTP/1.1)
POST /session/56491801bc3dca313464882f52aa662e/url HTTP/1.1
User-Agent: selenium/4.8.1 (java windows)
Content-Length: 80
Content-Type: application/json; charset=utf-8
host: localhost:46232
accept: */*

Response DefaultHttpResponse(decodeResult: success, version: HTTP/1.1)
HTTP/1.1 200 OK
Content-Length: 14
Content-Type: application/json; charset=utf-8
cache-control: no-cache

19:21:20.130 [AsyncHttpClient-1-17] DEBUG org.asynchttpclient.netty.channel.ChannelManager - Adding key: http://localhost:46232 for channel [id: 0x3a22059b, L:/127.0.0.1:61082 - R:localhost/127.0.0.1:46232]
19:21:20.131 [Forwarding setTimeout on session 56491801bc3dca313464882f52aa662e to remote] DEBUG org.asynchttpclient.netty.request.NettyRequestSender - Using pooled Channel '[id: 0x3a22059b, L:/127.0.0.1:61082 - R:localhost/127.0.0.1:46232]' for 'POST' to 'http://localhost:46232/session/56491801bc3dca313464882f52aa662e/timeouts'
19:21:20.131 [Forwarding setTimeout on session 56491801bc3dca313464882f52aa662e to remote] DEBUG org.asynchttpclient.netty.request.NettyRequestSender - Using open Channel [id: 0x3a22059b, L:/127.0.0.1:61082 - R:localhost/127.0.0.1:46232] for POST '/session/56491801bc3dca313464882f52aa662e/timeouts'
19:21:20.131 [AsyncHttpClient-1-17] DEBUG org.asynchttpclient.netty.handler.HttpHandler - 

Request DefaultHttpRequest(decodeResult: success, version: HTTP/1.1)
POST /session/56491801bc3dca313464882f52aa662e/timeouts HTTP/1.1
User-Agent: selenium/4.8.1 (java windows)
Content-Length: 22
Content-Type: application/json; charset=utf-8
host: localhost:46232
accept: */*

Response DefaultHttpResponse(decodeResult: success, version: HTTP/1.1)
HTTP/1.1 200 OK
Content-Length: 14
Content-Type: application/json; charset=utf-8
cache-control: no-cache

19:21:20.131 [AsyncHttpClient-1-17] DEBUG org.asynchttpclient.netty.channel.ChannelManager - Adding key: http://localhost:46232 for channel [id: 0x3a22059b, L:/127.0.0.1:61082 - R:localhost/127.0.0.1:46232]
19:21:20.137 [main] DEBUG net.serenitybdd.core.photography.Darkroom - Opening darkroom
19:21:20.137 [Darkroom Processing Line] DEBUG net.serenitybdd.core.photography.DarkroomProcessingLine - Darkroom processing line starting up
19:21:20.137 [Forwarding getAlertText on session 56491801bc3dca313464882f52aa662e to remote] DEBUG org.asynchttpclient.netty.request.NettyRequestSender - Using pooled Channel '[id: 0x3a22059b, L:/127.0.0.1:61082 - R:localhost/127.0.0.1:46232]' for 'GET' to 'http://localhost:46232/session/56491801bc3dca313464882f52aa662e/alert/text'
19:21:20.137 [Forwarding getAlertText on session 56491801bc3dca313464882f52aa662e to remote] DEBUG org.asynchttpclient.netty.request.NettyRequestSender - Using open Channel [id: 0x3a22059b, L:/127.0.0.1:61082 - R:localhost/127.0.0.1:46232] for GET '/session/56491801bc3dca313464882f52aa662e/alert/text'
19:21:20.139 [AsyncHttpClient-1-17] DEBUG org.asynchttpclient.netty.handler.HttpHandler - 

Request DefaultFullHttpRequest(decodeResult: success, version: HTTP/1.1, content: EmptyByteBufBE)
GET /session/56491801bc3dca313464882f52aa662e/alert/text HTTP/1.1
User-Agent: selenium/4.8.1 (java windows)
Cache-Control: no-cache
Content-Type: application/json; charset=utf-8
host: localhost:46232
accept: */*

Response DefaultHttpResponse(decodeResult: success, version: HTTP/1.1)
HTTP/1.1 404 Not Found
Content-Length: 847
Content-Type: application/json; charset=utf-8
cache-control: no-cache

19:21:20.139 [AsyncHttpClient-1-17] DEBUG org.asynchttpclient.netty.channel.ChannelManager - Adding key: http://localhost:46232 for channel [id: 0x3a22059b, L:/127.0.0.1:61082 - R:localhost/127.0.0.1:46232]
19:21:20.139 [Forwarding getCurrentUrl on session 56491801bc3dca313464882f52aa662e to remote] DEBUG org.asynchttpclient.netty.request.NettyRequestSender - Using pooled Channel '[id: 0x3a22059b, L:/127.0.0.1:61082 - R:localhost/127.0.0.1:46232]' for 'GET' to 'http://localhost:46232/session/56491801bc3dca313464882f52aa662e/url'
19:21:20.139 [Forwarding getCurrentUrl on session 56491801bc3dca313464882f52aa662e to remote] DEBUG org.asynchttpclient.netty.request.NettyRequestSender - Using open Channel [id: 0x3a22059b, L:/127.0.0.1:61082 - R:localhost/127.0.0.1:46232] for GET '/session/56491801bc3dca313464882f52aa662e/url'
19:21:20.144 [AsyncHttpClient-1-17] DEBUG org.asynchttpclient.netty.handler.HttpHandler - 

Request DefaultFullHttpRequest(decodeResult: success, version: HTTP/1.1, content: EmptyByteBufBE)
GET /session/56491801bc3dca313464882f52aa662e/url HTTP/1.1
User-Agent: selenium/4.8.1 (java windows)
Cache-Control: no-cache
Content-Type: application/json; charset=utf-8
host: localhost:46232
accept: */*

Response DefaultHttpResponse(decodeResult: success, version: HTTP/1.1)
HTTP/1.1 200 OK
Content-Length: 52
Content-Type: application/json; charset=utf-8
cache-control: no-cache

19:21:20.144 [AsyncHttpClient-1-17] DEBUG org.asynchttpclient.netty.channel.ChannelManager - Adding key: http://localhost:46232 for channel [id: 0x3a22059b, L:/127.0.0.1:61082 - R:localhost/127.0.0.1:46232]
19:21:20.145 [Forwarding screenshot on session 56491801bc3dca313464882f52aa662e to remote] DEBUG org.asynchttpclient.netty.request.NettyRequestSender - Using pooled Channel '[id: 0x3a22059b, L:/127.0.0.1:61082 - R:localhost/127.0.0.1:46232]' for 'GET' to 'http://localhost:46232/session/56491801bc3dca313464882f52aa662e/screenshot'
19:21:20.145 [Forwarding screenshot on session 56491801bc3dca313464882f52aa662e to remote] DEBUG org.asynchttpclient.netty.request.NettyRequestSender - Using open Channel [id: 0x3a22059b, L:/127.0.0.1:61082 - R:localhost/127.0.0.1:46232] for GET '/session/56491801bc3dca313464882f52aa662e/screenshot'
19:21:20.303 [AsyncHttpClient-1-1] DEBUG org.asynchttpclient.netty.channel.DefaultChannelPool - Entry count for : http://localhost:61083 : 1
19:21:20.352 [AsyncHttpClient-1-17] DEBUG org.asynchttpclient.netty.handler.HttpHandler - 

Request DefaultFullHttpRequest(decodeResult: success, version: HTTP/1.1, content: EmptyByteBufBE)
GET /session/56491801bc3dca313464882f52aa662e/screenshot HTTP/1.1
User-Agent: selenium/4.8.1 (java windows)
Cache-Control: no-cache
Content-Type: application/json; charset=utf-8
host: localhost:46232
accept: */*

Response DefaultHttpResponse(decodeResult: success, version: HTTP/1.1)
HTTP/1.1 200 OK
Content-Length: 32168
Content-Type: application/json; charset=utf-8
cache-control: no-cache

19:21:20.352 [AsyncHttpClient-1-17] DEBUG org.asynchttpclient.netty.channel.ChannelManager - Adding key: http://localhost:46232 for channel [id: 0x3a22059b, L:/127.0.0.1:61082 - R:localhost/127.0.0.1:46232]
19:21:20.353 [main] DEBUG net.serenitybdd.core.photography.Darkroom - Send negative for processing for target\site\serenity\d00787a84e57ae9818ec6333fe71d83a89fc0961433dfe7832481e3dca8fda29.png
19:21:20.353 [main] DEBUG net.thucydides.core.steps.StepInterceptor - STEP DONE: openPage
19:21:20.357 [Forwarding getPageSource on session 56491801bc3dca313464882f52aa662e to remote] DEBUG org.asynchttpclient.netty.request.NettyRequestSender - Using pooled Channel '[id: 0x3a22059b, L:/127.0.0.1:61082 - R:localhost/127.0.0.1:46232]' for 'POST' to 'http://localhost:46232/session/56491801bc3dca313464882f52aa662e/execute/sync'
19:21:20.357 [Forwarding getPageSource on session 56491801bc3dca313464882f52aa662e to remote] DEBUG org.asynchttpclient.netty.request.NettyRequestSender - Using open Channel [id: 0x3a22059b, L:/127.0.0.1:61082 - R:localhost/127.0.0.1:46232] for POST '/session/56491801bc3dca313464882f52aa662e/execute/sync'
19:21:20.362 [AsyncHttpClient-1-17] DEBUG org.asynchttpclient.netty.handler.HttpHandler - 

Request DefaultHttpRequest(decodeResult: success, version: HTTP/1.1)
POST /session/56491801bc3dca313464882f52aa662e/execute/sync HTTP/1.1
User-Agent: selenium/4.8.1 (java windows)
Content-Length: 176
Content-Type: application/json; charset=utf-8
host: localhost:46232
accept: */*

Response DefaultHttpResponse(decodeResult: success, version: HTTP/1.1)
HTTP/1.1 200 OK
Content-Length: 21659
Content-Type: application/json; charset=utf-8
cache-control: no-cache

19:21:20.363 [AsyncHttpClient-1-17] DEBUG org.asynchttpclient.netty.channel.ChannelManager - Adding key: http://localhost:46232 for channel [id: 0x3a22059b, L:/127.0.0.1:61082 - R:localhost/127.0.0.1:46232]
19:21:20.364 [Forwarding getCurrentUrl on session 56491801bc3dca313464882f52aa662e to remote] DEBUG org.asynchttpclient.netty.request.NettyRequestSender - Using pooled Channel '[id: 0x3a22059b, L:/127.0.0.1:61082 - R:localhost/127.0.0.1:46232]' for 'GET' to 'http://localhost:46232/session/56491801bc3dca313464882f52aa662e/url'
19:21:20.364 [Forwarding getCurrentUrl on session 56491801bc3dca313464882f52aa662e to remote] DEBUG org.asynchttpclient.netty.request.NettyRequestSender - Using open Channel [id: 0x3a22059b, L:/127.0.0.1:61082 - R:localhost/127.0.0.1:46232] for GET '/session/56491801bc3dca313464882f52aa662e/url'
19:21:20.367 [AsyncHttpClient-1-17] DEBUG org.asynchttpclient.netty.handler.HttpHandler - 

Request DefaultFullHttpRequest(decodeResult: success, version: HTTP/1.1, content: EmptyByteBufBE)
GET /session/56491801bc3dca313464882f52aa662e/url HTTP/1.1
User-Agent: selenium/4.8.1 (java windows)
Cache-Control: no-cache
Content-Type: application/json; charset=utf-8
host: localhost:46232
accept: */*

Response DefaultHttpResponse(decodeResult: success, version: HTTP/1.1)
HTTP/1.1 200 OK
Content-Length: 52
Content-Type: application/json; charset=utf-8
cache-control: no-cache

19:21:20.367 [AsyncHttpClient-1-17] DEBUG org.asynchttpclient.netty.channel.ChannelManager - Adding key: http://localhost:46232 for channel [id: 0x3a22059b, L:/127.0.0.1:61082 - R:localhost/127.0.0.1:46232]
19:21:20.368 [main] DEBUG net.thucydides.core.steps.StepInterceptor - STARTING STEP: ProductSteps.onTheHomePage - inputEmail
19:21:20.370 [Forwarding findElement on session 56491801bc3dca313464882f52aa662e to remote] DEBUG org.asynchttpclient.netty.request.NettyRequestSender - Using pooled Channel '[id: 0x3a22059b, L:/127.0.0.1:61082 - R:localhost/127.0.0.1:46232]' for 'POST' to 'http://localhost:46232/session/56491801bc3dca313464882f52aa662e/element'
19:21:20.370 [Forwarding findElement on session 56491801bc3dca313464882f52aa662e to remote] DEBUG org.asynchttpclient.netty.request.NettyRequestSender - Using open Channel [id: 0x3a22059b, L:/127.0.0.1:61082 - R:localhost/127.0.0.1:46232] for POST '/session/56491801bc3dca313464882f52aa662e/element'
19:21:20.382 [AsyncHttpClient-1-17] DEBUG org.asynchttpclient.netty.handler.HttpHandler - 

Request DefaultHttpRequest(decodeResult: success, version: HTTP/1.1)
POST /session/56491801bc3dca313464882f52aa662e/element HTTP/1.1
User-Agent: selenium/4.8.1 (java windows)
Content-Length: 55
Content-Type: application/json; charset=utf-8
host: localhost:46232
accept: */*

Response DefaultHttpResponse(decodeResult: success, version: HTTP/1.1)
HTTP/1.1 200 OK
Content-Length: 94
Content-Type: application/json; charset=utf-8
cache-control: no-cache

19:21:20.382 [AsyncHttpClient-1-17] DEBUG org.asynchttpclient.netty.channel.ChannelManager - Adding key: http://localhost:46232 for channel [id: 0x3a22059b, L:/127.0.0.1:61082 - R:localhost/127.0.0.1:46232]
19:21:20.382 [Forwarding clearElement on session 56491801bc3dca313464882f52aa662e to remote] DEBUG org.asynchttpclient.netty.request.NettyRequestSender - Using pooled Channel '[id: 0x3a22059b, L:/127.0.0.1:61082 - R:localhost/127.0.0.1:46232]' for 'POST' to 'http://localhost:46232/session/56491801bc3dca313464882f52aa662e/element/D286F9D0AA3C4F0ED304754108369F9E_element_5/clear'
19:21:20.382 [Forwarding clearElement on session 56491801bc3dca313464882f52aa662e to remote] DEBUG org.asynchttpclient.netty.request.NettyRequestSender - Using open Channel [id: 0x3a22059b, L:/127.0.0.1:61082 - R:localhost/127.0.0.1:46232] for POST '/session/56491801bc3dca313464882f52aa662e/element/D286F9D0AA3C4F0ED304754108369F9E_element_5/clear'
19:21:20.417 [AsyncHttpClient-1-17] DEBUG org.asynchttpclient.netty.handler.HttpHandler - 

Request DefaultHttpRequest(decodeResult: success, version: HTTP/1.1)
POST /session/56491801bc3dca313464882f52aa662e/element/D286F9D0AA3C4F0ED304754108369F9E_element_5/clear HTTP/1.1
User-Agent: selenium/4.8.1 (java windows)
Content-Length: 56
Content-Type: application/json; charset=utf-8
host: localhost:46232
accept: */*

Response DefaultHttpResponse(decodeResult: success, version: HTTP/1.1)
HTTP/1.1 200 OK
Content-Length: 14
Content-Type: application/json; charset=utf-8
cache-control: no-cache

19:21:20.417 [AsyncHttpClient-1-17] DEBUG org.asynchttpclient.netty.channel.ChannelManager - Adding key: http://localhost:46232 for channel [id: 0x3a22059b, L:/127.0.0.1:61082 - R:localhost/127.0.0.1:46232]
19:21:20.418 [Forwarding sendKeysToElement on session 56491801bc3dca313464882f52aa662e to remote] DEBUG org.asynchttpclient.netty.request.NettyRequestSender - Using pooled Channel '[id: 0x3a22059b, L:/127.0.0.1:61082 - R:localhost/127.0.0.1:46232]' for 'POST' to 'http://localhost:46232/session/56491801bc3dca313464882f52aa662e/element/D286F9D0AA3C4F0ED304754108369F9E_element_5/value'
19:21:20.418 [Forwarding sendKeysToElement on session 56491801bc3dca313464882f52aa662e to remote] DEBUG org.asynchttpclient.netty.request.NettyRequestSender - Using open Channel [id: 0x3a22059b, L:/127.0.0.1:61082 - R:localhost/127.0.0.1:46232] for POST '/session/56491801bc3dca313464882f52aa662e/element/D286F9D0AA3C4F0ED304754108369F9E_element_5/value'
19:21:20.535 [AsyncHttpClient-1-17] DEBUG org.asynchttpclient.netty.handler.HttpHandler - 

Request DefaultHttpRequest(decodeResult: success, version: HTTP/1.1)
POST /session/56491801bc3dca313464882f52aa662e/element/D286F9D0AA3C4F0ED304754108369F9E_element_5/value HTTP/1.1
User-Agent: selenium/4.8.1 (java windows)
Content-Length: 247
Content-Type: application/json; charset=utf-8
host: localhost:46232
accept: */*

Response DefaultHttpResponse(decodeResult: success, version: HTTP/1.1)
HTTP/1.1 200 OK
Content-Length: 14
Content-Type: application/json; charset=utf-8
cache-control: no-cache

19:21:20.535 [AsyncHttpClient-1-17] DEBUG org.asynchttpclient.netty.channel.ChannelManager - Adding key: http://localhost:46232 for channel [id: 0x3a22059b, L:/127.0.0.1:61082 - R:localhost/127.0.0.1:46232]
19:21:20.542 [Forwarding getAlertText on session 56491801bc3dca313464882f52aa662e to remote] DEBUG org.asynchttpclient.netty.request.NettyRequestSender - Using pooled Channel '[id: 0x3a22059b, L:/127.0.0.1:61082 - R:localhost/127.0.0.1:46232]' for 'GET' to 'http://localhost:46232/session/56491801bc3dca313464882f52aa662e/alert/text'
19:21:20.542 [Forwarding getAlertText on session 56491801bc3dca313464882f52aa662e to remote] DEBUG org.asynchttpclient.netty.request.NettyRequestSender - Using open Channel [id: 0x3a22059b, L:/127.0.0.1:61082 - R:localhost/127.0.0.1:46232] for GET '/session/56491801bc3dca313464882f52aa662e/alert/text'
19:21:20.543 [AsyncHttpClient-1-17] DEBUG org.asynchttpclient.netty.handler.HttpHandler - 

Request DefaultFullHttpRequest(decodeResult: success, version: HTTP/1.1, content: EmptyByteBufBE)
GET /session/56491801bc3dca313464882f52aa662e/alert/text HTTP/1.1
User-Agent: selenium/4.8.1 (java windows)
Cache-Control: no-cache
Content-Type: application/json; charset=utf-8
host: localhost:46232
accept: */*

Response DefaultHttpResponse(decodeResult: success, version: HTTP/1.1)
HTTP/1.1 404 Not Found
Content-Length: 847
Content-Type: application/json; charset=utf-8
cache-control: no-cache

19:21:20.543 [AsyncHttpClient-1-17] DEBUG org.asynchttpclient.netty.channel.ChannelManager - Adding key: http://localhost:46232 for channel [id: 0x3a22059b, L:/127.0.0.1:61082 - R:localhost/127.0.0.1:46232]
19:21:20.544 [Forwarding getCurrentUrl on session 56491801bc3dca313464882f52aa662e to remote] DEBUG org.asynchttpclient.netty.request.NettyRequestSender - Using pooled Channel '[id: 0x3a22059b, L:/127.0.0.1:61082 - R:localhost/127.0.0.1:46232]' for 'GET' to 'http://localhost:46232/session/56491801bc3dca313464882f52aa662e/url'
19:21:20.544 [Forwarding getCurrentUrl on session 56491801bc3dca313464882f52aa662e to remote] DEBUG org.asynchttpclient.netty.request.NettyRequestSender - Using open Channel [id: 0x3a22059b, L:/127.0.0.1:61082 - R:localhost/127.0.0.1:46232] for GET '/session/56491801bc3dca313464882f52aa662e/url'
19:21:20.548 [AsyncHttpClient-1-17] DEBUG org.asynchttpclient.netty.handler.HttpHandler - 

Request DefaultFullHttpRequest(decodeResult: success, version: HTTP/1.1, content: EmptyByteBufBE)
GET /session/56491801bc3dca313464882f52aa662e/url HTTP/1.1
User-Agent: selenium/4.8.1 (java windows)
Cache-Control: no-cache
Content-Type: application/json; charset=utf-8
host: localhost:46232
accept: */*

Response DefaultHttpResponse(decodeResult: success, version: HTTP/1.1)
HTTP/1.1 200 OK
Content-Length: 52
Content-Type: application/json; charset=utf-8
cache-control: no-cache

19:21:20.548 [AsyncHttpClient-1-17] DEBUG org.asynchttpclient.netty.channel.ChannelManager - Adding key: http://localhost:46232 for channel [id: 0x3a22059b, L:/127.0.0.1:61082 - R:localhost/127.0.0.1:46232]
19:21:20.549 [Forwarding screenshot on session 56491801bc3dca313464882f52aa662e to remote] DEBUG org.asynchttpclient.netty.request.NettyRequestSender - Using pooled Channel '[id: 0x3a22059b, L:/127.0.0.1:61082 - R:localhost/127.0.0.1:46232]' for 'GET' to 'http://localhost:46232/session/56491801bc3dca313464882f52aa662e/screenshot'
19:21:20.549 [Forwarding screenshot on session 56491801bc3dca313464882f52aa662e to remote] DEBUG org.asynchttpclient.netty.request.NettyRequestSender - Using open Channel [id: 0x3a22059b, L:/127.0.0.1:61082 - R:localhost/127.0.0.1:46232] for GET '/session/56491801bc3dca313464882f52aa662e/screenshot'
19:21:20.673 [AsyncHttpClient-1-17] DEBUG org.asynchttpclient.netty.handler.HttpHandler - 

Request DefaultFullHttpRequest(decodeResult: success, version: HTTP/1.1, content: EmptyByteBufBE)
GET /session/56491801bc3dca313464882f52aa662e/screenshot HTTP/1.1
User-Agent: selenium/4.8.1 (java windows)
Cache-Control: no-cache
Content-Type: application/json; charset=utf-8
host: localhost:46232
accept: */*

Response DefaultHttpResponse(decodeResult: success, version: HTTP/1.1)
HTTP/1.1 200 OK
Content-Length: 37356
Content-Type: application/json; charset=utf-8
cache-control: no-cache

19:21:20.673 [AsyncHttpClient-1-17] DEBUG org.asynchttpclient.netty.channel.ChannelManager - Adding key: http://localhost:46232 for channel [id: 0x3a22059b, L:/127.0.0.1:61082 - R:localhost/127.0.0.1:46232]
19:21:20.675 [main] DEBUG net.serenitybdd.core.photography.Darkroom - Send negative for processing for target\site\serenity\50cdbac4f8a846f5ff90674024725150d2f0c2e7896b1917de8ffe97d63bd765.png
19:21:20.675 [main] DEBUG net.thucydides.core.steps.StepInterceptor - STEP DONE: inputEmail
19:21:20.676 [Darkroom Processing Line] DEBUG net.serenitybdd.core.photography.DarkroomProcessingLine - Processing screenshot image in /var/screenshots/screenshot-1902837207353058719
19:21:20.676 [Darkroom Processing Line] DEBUG net.serenitybdd.core.photography.DarkroomProcessingLine - Saving screenshot to target\site\serenity\50cdbac4f8a846f5ff90674024725150d2f0c2e7896b1917de8ffe97d63bd765.png
19:21:20.684 [Forwarding getPageSource on session 56491801bc3dca313464882f52aa662e to remote] DEBUG org.asynchttpclient.netty.request.NettyRequestSender - Using pooled Channel '[id: 0x3a22059b, L:/127.0.0.1:61082 - R:localhost/127.0.0.1:46232]' for 'POST' to 'http://localhost:46232/session/56491801bc3dca313464882f52aa662e/execute/sync'
19:21:20.684 [Forwarding getPageSource on session 56491801bc3dca313464882f52aa662e to remote] DEBUG org.asynchttpclient.netty.request.NettyRequestSender - Using open Channel [id: 0x3a22059b, L:/127.0.0.1:61082 - R:localhost/127.0.0.1:46232] for POST '/session/56491801bc3dca313464882f52aa662e/execute/sync'
19:21:20.695 [AsyncHttpClient-1-17] DEBUG org.asynchttpclient.netty.handler.HttpHandler - 

Request DefaultHttpRequest(decodeResult: success, version: HTTP/1.1)
POST /session/56491801bc3dca313464882f52aa662e/execute/sync HTTP/1.1
User-Agent: selenium/4.8.1 (java windows)
Content-Length: 176
Content-Type: application/json; charset=utf-8
host: localhost:46232
accept: */*

Response DefaultHttpResponse(decodeResult: success, version: HTTP/1.1)
HTTP/1.1 200 OK
Content-Length: 21780
Content-Type: application/json; charset=utf-8
cache-control: no-cache

19:21:20.695 [AsyncHttpClient-1-17] DEBUG org.asynchttpclient.netty.channel.ChannelManager - Adding key: http://localhost:46232 for channel [id: 0x3a22059b, L:/127.0.0.1:61082 - R:localhost/127.0.0.1:46232]
19:21:20.697 [Forwarding getCurrentUrl on session 56491801bc3dca313464882f52aa662e to remote] DEBUG org.asynchttpclient.netty.request.NettyRequestSender - Using pooled Channel '[id: 0x3a22059b, L:/127.0.0.1:61082 - R:localhost/127.0.0.1:46232]' for 'GET' to 'http://localhost:46232/session/56491801bc3dca313464882f52aa662e/url'
19:21:20.697 [Forwarding getCurrentUrl on session 56491801bc3dca313464882f52aa662e to remote] DEBUG org.asynchttpclient.netty.request.NettyRequestSender - Using open Channel [id: 0x3a22059b, L:/127.0.0.1:61082 - R:localhost/127.0.0.1:46232] for GET '/session/56491801bc3dca313464882f52aa662e/url'
19:21:20.703 [AsyncHttpClient-1-17] DEBUG org.asynchttpclient.netty.handler.HttpHandler - 

Request DefaultFullHttpRequest(decodeResult: success, version: HTTP/1.1, content: EmptyByteBufBE)
GET /session/56491801bc3dca313464882f52aa662e/url HTTP/1.1
User-Agent: selenium/4.8.1 (java windows)
Cache-Control: no-cache
Content-Type: application/json; charset=utf-8
host: localhost:46232
accept: */*

Response DefaultHttpResponse(decodeResult: success, version: HTTP/1.1)
HTTP/1.1 200 OK
Content-Length: 52
Content-Type: application/json; charset=utf-8
cache-control: no-cache

19:21:20.703 [AsyncHttpClient-1-17] DEBUG org.asynchttpclient.netty.channel.ChannelManager - Adding key: http://localhost:46232 for channel [id: 0x3a22059b, L:/127.0.0.1:61082 - R:localhost/127.0.0.1:46232]
19:21:20.705 [main] DEBUG net.thucydides.core.steps.StepInterceptor - STARTING STEP: ProductSteps.onTheHomePage - inputPassword
19:21:20.708 [Forwarding findElement on session 56491801bc3dca313464882f52aa662e to remote] DEBUG org.asynchttpclient.netty.request.NettyRequestSender - Using pooled Channel '[id: 0x3a22059b, L:/127.0.0.1:61082 - R:localhost/127.0.0.1:46232]' for 'POST' to 'http://localhost:46232/session/56491801bc3dca313464882f52aa662e/element'
19:21:20.708 [Forwarding findElement on session 56491801bc3dca313464882f52aa662e to remote] DEBUG org.asynchttpclient.netty.request.NettyRequestSender - Using open Channel [id: 0x3a22059b, L:/127.0.0.1:61082 - R:localhost/127.0.0.1:46232] for POST '/session/56491801bc3dca313464882f52aa662e/element'
19:21:20.721 [AsyncHttpClient-1-17] DEBUG org.asynchttpclient.netty.handler.HttpHandler - 

Request DefaultHttpRequest(decodeResult: success, version: HTTP/1.1)
POST /session/56491801bc3dca313464882f52aa662e/element HTTP/1.1
User-Agent: selenium/4.8.1 (java windows)
Content-Length: 55
Content-Type: application/json; charset=utf-8
host: localhost:46232
accept: */*

Response DefaultHttpResponse(decodeResult: success, version: HTTP/1.1)
HTTP/1.1 200 OK
Content-Length: 94
Content-Type: application/json; charset=utf-8
cache-control: no-cache

19:21:20.721 [AsyncHttpClient-1-17] DEBUG org.asynchttpclient.netty.channel.ChannelManager - Adding key: http://localhost:46232 for channel [id: 0x3a22059b, L:/127.0.0.1:61082 - R:localhost/127.0.0.1:46232]
19:21:20.722 [Forwarding clearElement on session 56491801bc3dca313464882f52aa662e to remote] DEBUG org.asynchttpclient.netty.request.NettyRequestSender - Using pooled Channel '[id: 0x3a22059b, L:/127.0.0.1:61082 - R:localhost/127.0.0.1:46232]' for 'POST' to 'http://localhost:46232/session/56491801bc3dca313464882f52aa662e/element/D286F9D0AA3C4F0ED304754108369F9E_element_7/clear'
19:21:20.722 [Forwarding clearElement on session 56491801bc3dca313464882f52aa662e to remote] DEBUG org.asynchttpclient.netty.request.NettyRequestSender - Using open Channel [id: 0x3a22059b, L:/127.0.0.1:61082 - R:localhost/127.0.0.1:46232] for POST '/session/56491801bc3dca313464882f52aa662e/element/D286F9D0AA3C4F0ED304754108369F9E_element_7/clear'
19:21:20.852 [AsyncHttpClient-1-17] DEBUG org.asynchttpclient.netty.handler.HttpHandler - 

Request DefaultHttpRequest(decodeResult: success, version: HTTP/1.1)
POST /session/56491801bc3dca313464882f52aa662e/element/D286F9D0AA3C4F0ED304754108369F9E_element_7/clear HTTP/1.1
User-Agent: selenium/4.8.1 (java windows)
Content-Length: 56
Content-Type: application/json; charset=utf-8
host: localhost:46232
accept: */*

Response DefaultHttpResponse(decodeResult: success, version: HTTP/1.1)
HTTP/1.1 200 OK
Content-Length: 14
Content-Type: application/json; charset=utf-8
cache-control: no-cache

19:21:20.852 [AsyncHttpClient-1-17] DEBUG org.asynchttpclient.netty.channel.ChannelManager - Adding key: http://localhost:46232 for channel [id: 0x3a22059b, L:/127.0.0.1:61082 - R:localhost/127.0.0.1:46232]
19:21:20.854 [Forwarding sendKeysToElement on session 56491801bc3dca313464882f52aa662e to remote] DEBUG org.asynchttpclient.netty.request.NettyRequestSender - Using pooled Channel '[id: 0x3a22059b, L:/127.0.0.1:61082 - R:localhost/127.0.0.1:46232]' for 'POST' to 'http://localhost:46232/session/56491801bc3dca313464882f52aa662e/element/D286F9D0AA3C4F0ED304754108369F9E_element_7/value'
19:21:20.854 [Forwarding sendKeysToElement on session 56491801bc3dca313464882f52aa662e to remote] DEBUG org.asynchttpclient.netty.request.NettyRequestSender - Using open Channel [id: 0x3a22059b, L:/127.0.0.1:61082 - R:localhost/127.0.0.1:46232] for POST '/session/56491801bc3dca313464882f52aa662e/element/D286F9D0AA3C4F0ED304754108369F9E_element_7/value'
19:21:20.985 [AsyncHttpClient-1-17] DEBUG org.asynchttpclient.netty.handler.HttpHandler - 

Request DefaultHttpRequest(decodeResult: success, version: HTTP/1.1)
POST /session/56491801bc3dca313464882f52aa662e/element/D286F9D0AA3C4F0ED304754108369F9E_element_7/value HTTP/1.1
User-Agent: selenium/4.8.1 (java windows)
Content-Length: 147
Content-Type: application/json; charset=utf-8
host: localhost:46232
accept: */*

Response DefaultHttpResponse(decodeResult: success, version: HTTP/1.1)
HTTP/1.1 200 OK
Content-Length: 14
Content-Type: application/json; charset=utf-8
cache-control: no-cache

19:21:20.985 [AsyncHttpClient-1-17] DEBUG org.asynchttpclient.netty.channel.ChannelManager - Adding key: http://localhost:46232 for channel [id: 0x3a22059b, L:/127.0.0.1:61082 - R:localhost/127.0.0.1:46232]
19:21:20.995 [Forwarding getAlertText on session 56491801bc3dca313464882f52aa662e to remote] DEBUG org.asynchttpclient.netty.request.NettyRequestSender - Using pooled Channel '[id: 0x3a22059b, L:/127.0.0.1:61082 - R:localhost/127.0.0.1:46232]' for 'GET' to 'http://localhost:46232/session/56491801bc3dca313464882f52aa662e/alert/text'
19:21:20.996 [Forwarding getAlertText on session 56491801bc3dca313464882f52aa662e to remote] DEBUG org.asynchttpclient.netty.request.NettyRequestSender - Using open Channel [id: 0x3a22059b, L:/127.0.0.1:61082 - R:localhost/127.0.0.1:46232] for GET '/session/56491801bc3dca313464882f52aa662e/alert/text'
19:21:20.997 [AsyncHttpClient-1-17] DEBUG org.asynchttpclient.netty.handler.HttpHandler - 

Request DefaultFullHttpRequest(decodeResult: success, version: HTTP/1.1, content: EmptyByteBufBE)
GET /session/56491801bc3dca313464882f52aa662e/alert/text HTTP/1.1
User-Agent: selenium/4.8.1 (java windows)
Cache-Control: no-cache
Content-Type: application/json; charset=utf-8
host: localhost:46232
accept: */*

Response DefaultHttpResponse(decodeResult: success, version: HTTP/1.1)
HTTP/1.1 404 Not Found
Content-Length: 847
Content-Type: application/json; charset=utf-8
cache-control: no-cache

19:21:20.998 [AsyncHttpClient-1-17] DEBUG org.asynchttpclient.netty.channel.ChannelManager - Adding key: http://localhost:46232 for channel [id: 0x3a22059b, L:/127.0.0.1:61082 - R:localhost/127.0.0.1:46232]
19:21:20.999 [Forwarding getCurrentUrl on session 56491801bc3dca313464882f52aa662e to remote] DEBUG org.asynchttpclient.netty.request.NettyRequestSender - Using pooled Channel '[id: 0x3a22059b, L:/127.0.0.1:61082 - R:localhost/127.0.0.1:46232]' for 'GET' to 'http://localhost:46232/session/56491801bc3dca313464882f52aa662e/url'
19:21:20.999 [Forwarding getCurrentUrl on session 56491801bc3dca313464882f52aa662e to remote] DEBUG org.asynchttpclient.netty.request.NettyRequestSender - Using open Channel [id: 0x3a22059b, L:/127.0.0.1:61082 - R:localhost/127.0.0.1:46232] for GET '/session/56491801bc3dca313464882f52aa662e/url'
19:21:21.004 [AsyncHttpClient-1-17] DEBUG org.asynchttpclient.netty.handler.HttpHandler - 

Request DefaultFullHttpRequest(decodeResult: success, version: HTTP/1.1, content: EmptyByteBufBE)
GET /session/56491801bc3dca313464882f52aa662e/url HTTP/1.1
User-Agent: selenium/4.8.1 (java windows)
Cache-Control: no-cache
Content-Type: application/json; charset=utf-8
host: localhost:46232
accept: */*

Response DefaultHttpResponse(decodeResult: success, version: HTTP/1.1)
HTTP/1.1 200 OK
Content-Length: 52
Content-Type: application/json; charset=utf-8
cache-control: no-cache

19:21:21.004 [AsyncHttpClient-1-17] DEBUG org.asynchttpclient.netty.channel.ChannelManager - Adding key: http://localhost:46232 for channel [id: 0x3a22059b, L:/127.0.0.1:61082 - R:localhost/127.0.0.1:46232]
19:21:21.005 [Forwarding screenshot on session 56491801bc3dca313464882f52aa662e to remote] DEBUG org.asynchttpclient.netty.request.NettyRequestSender - Using pooled Channel '[id: 0x3a22059b, L:/127.0.0.1:61082 - R:localhost/127.0.0.1:46232]' for 'GET' to 'http://localhost:46232/session/56491801bc3dca313464882f52aa662e/screenshot'
19:21:21.005 [Forwarding screenshot on session 56491801bc3dca313464882f52aa662e to remote] DEBUG org.asynchttpclient.netty.request.NettyRequestSender - Using open Channel [id: 0x3a22059b, L:/127.0.0.1:61082 - R:localhost/127.0.0.1:46232] for GET '/session/56491801bc3dca313464882f52aa662e/screenshot'
19:21:21.139 [AsyncHttpClient-1-17] DEBUG org.asynchttpclient.netty.handler.HttpHandler - 

Request DefaultFullHttpRequest(decodeResult: success, version: HTTP/1.1, content: EmptyByteBufBE)
GET /session/56491801bc3dca313464882f52aa662e/screenshot HTTP/1.1
User-Agent: selenium/4.8.1 (java windows)
Cache-Control: no-cache
Content-Type: application/json; charset=utf-8
host: localhost:46232
accept: */*

Response DefaultHttpResponse(decodeResult: success, version: HTTP/1.1)
HTTP/1.1 200 OK
Content-Length: 39460
Content-Type: application/json; charset=utf-8
cache-control: no-cache

19:21:21.139 [AsyncHttpClient-1-17] DEBUG org.asynchttpclient.netty.channel.ChannelManager - Adding key: http://localhost:46232 for channel [id: 0x3a22059b, L:/127.0.0.1:61082 - R:localhost/127.0.0.1:46232]
19:21:21.140 [main] DEBUG net.serenitybdd.core.photography.Darkroom - Send negative for processing for target\site\serenity\1fc7787fc4f6359939fcd0ded3582c256c91f3cbdc21f784229b4faa35125f97.png
19:21:21.140 [main] DEBUG net.thucydides.core.steps.StepInterceptor - STEP DONE: inputPassword
19:21:21.140 [Darkroom Processing Line] DEBUG net.serenitybdd.core.photography.DarkroomProcessingLine - Processing screenshot image in /var/screenshots/screenshot-10555952759396571671
19:21:21.140 [Darkroom Processing Line] DEBUG net.serenitybdd.core.photography.DarkroomProcessingLine - Saving screenshot to target\site\serenity\1fc7787fc4f6359939fcd0ded3582c256c91f3cbdc21f784229b4faa35125f97.png
19:21:21.146 [Forwarding getPageSource on session 56491801bc3dca313464882f52aa662e to remote] DEBUG org.asynchttpclient.netty.request.NettyRequestSender - Using pooled Channel '[id: 0x3a22059b, L:/127.0.0.1:61082 - R:localhost/127.0.0.1:46232]' for 'POST' to 'http://localhost:46232/session/56491801bc3dca313464882f52aa662e/execute/sync'
19:21:21.146 [Forwarding getPageSource on session 56491801bc3dca313464882f52aa662e to remote] DEBUG org.asynchttpclient.netty.request.NettyRequestSender - Using open Channel [id: 0x3a22059b, L:/127.0.0.1:61082 - R:localhost/127.0.0.1:46232] for POST '/session/56491801bc3dca313464882f52aa662e/execute/sync'
19:21:21.152 [AsyncHttpClient-1-17] DEBUG org.asynchttpclient.netty.handler.HttpHandler - 

Request DefaultHttpRequest(decodeResult: success, version: HTTP/1.1)
POST /session/56491801bc3dca313464882f52aa662e/execute/sync HTTP/1.1
User-Agent: selenium/4.8.1 (java windows)
Content-Length: 176
Content-Type: application/json; charset=utf-8
host: localhost:46232
accept: */*

Response DefaultHttpResponse(decodeResult: success, version: HTTP/1.1)
HTTP/1.1 200 OK
Content-Length: 21839
Content-Type: application/json; charset=utf-8
cache-control: no-cache

19:21:21.152 [AsyncHttpClient-1-17] DEBUG org.asynchttpclient.netty.channel.ChannelManager - Adding key: http://localhost:46232 for channel [id: 0x3a22059b, L:/127.0.0.1:61082 - R:localhost/127.0.0.1:46232]
19:21:21.153 [Forwarding getCurrentUrl on session 56491801bc3dca313464882f52aa662e to remote] DEBUG org.asynchttpclient.netty.request.NettyRequestSender - Using pooled Channel '[id: 0x3a22059b, L:/127.0.0.1:61082 - R:localhost/127.0.0.1:46232]' for 'GET' to 'http://localhost:46232/session/56491801bc3dca313464882f52aa662e/url'
19:21:21.154 [Forwarding getCurrentUrl on session 56491801bc3dca313464882f52aa662e to remote] DEBUG org.asynchttpclient.netty.request.NettyRequestSender - Using open Channel [id: 0x3a22059b, L:/127.0.0.1:61082 - R:localhost/127.0.0.1:46232] for GET '/session/56491801bc3dca313464882f52aa662e/url'
19:21:21.159 [AsyncHttpClient-1-17] DEBUG org.asynchttpclient.netty.handler.HttpHandler - 

Request DefaultFullHttpRequest(decodeResult: success, version: HTTP/1.1, content: EmptyByteBufBE)
GET /session/56491801bc3dca313464882f52aa662e/url HTTP/1.1
User-Agent: selenium/4.8.1 (java windows)
Cache-Control: no-cache
Content-Type: application/json; charset=utf-8
host: localhost:46232
accept: */*

Response DefaultHttpResponse(decodeResult: success, version: HTTP/1.1)
HTTP/1.1 200 OK
Content-Length: 52
Content-Type: application/json; charset=utf-8
cache-control: no-cache

19:21:21.159 [AsyncHttpClient-1-17] DEBUG org.asynchttpclient.netty.channel.ChannelManager - Adding key: http://localhost:46232 for channel [id: 0x3a22059b, L:/127.0.0.1:61082 - R:localhost/127.0.0.1:46232]
19:21:21.161 [main] DEBUG net.thucydides.core.steps.StepInterceptor - STARTING STEP: ProductSteps.onTheHomePage - clickLoginButton
19:21:21.163 [Forwarding findElement on session 56491801bc3dca313464882f52aa662e to remote] DEBUG org.asynchttpclient.netty.request.NettyRequestSender - Using pooled Channel '[id: 0x3a22059b, L:/127.0.0.1:61082 - R:localhost/127.0.0.1:46232]' for 'POST' to 'http://localhost:46232/session/56491801bc3dca313464882f52aa662e/element'
19:21:21.163 [Forwarding findElement on session 56491801bc3dca313464882f52aa662e to remote] DEBUG org.asynchttpclient.netty.request.NettyRequestSender - Using open Channel [id: 0x3a22059b, L:/127.0.0.1:61082 - R:localhost/127.0.0.1:46232] for POST '/session/56491801bc3dca313464882f52aa662e/element'
19:21:21.185 [AsyncHttpClient-1-17] DEBUG org.asynchttpclient.netty.handler.HttpHandler - 

Request DefaultHttpRequest(decodeResult: success, version: HTTP/1.1)
POST /session/56491801bc3dca313464882f52aa662e/element HTTP/1.1
User-Agent: selenium/4.8.1 (java windows)
Content-Length: 71
Content-Type: application/json; charset=utf-8
host: localhost:46232
accept: */*

Response DefaultHttpResponse(decodeResult: success, version: HTTP/1.1)
HTTP/1.1 200 OK
Content-Length: 94
Content-Type: application/json; charset=utf-8
cache-control: no-cache

19:21:21.185 [AsyncHttpClient-1-17] DEBUG org.asynchttpclient.netty.channel.ChannelManager - Adding key: http://localhost:46232 for channel [id: 0x3a22059b, L:/127.0.0.1:61082 - R:localhost/127.0.0.1:46232]
19:21:21.187 [Forwarding getElementTagName on session 56491801bc3dca313464882f52aa662e to remote] DEBUG org.asynchttpclient.netty.request.NettyRequestSender - Using pooled Channel '[id: 0x3a22059b, L:/127.0.0.1:61082 - R:localhost/127.0.0.1:46232]' for 'GET' to 'http://localhost:46232/session/56491801bc3dca313464882f52aa662e/element/D286F9D0AA3C4F0ED304754108369F9E_element_8/name'
19:21:21.187 [Forwarding getElementTagName on session 56491801bc3dca313464882f52aa662e to remote] DEBUG org.asynchttpclient.netty.request.NettyRequestSender - Using open Channel [id: 0x3a22059b, L:/127.0.0.1:61082 - R:localhost/127.0.0.1:46232] for GET '/session/56491801bc3dca313464882f52aa662e/element/D286F9D0AA3C4F0ED304754108369F9E_element_8/name'
19:21:21.194 [AsyncHttpClient-1-17] DEBUG org.asynchttpclient.netty.handler.HttpHandler - 

Request DefaultFullHttpRequest(decodeResult: success, version: HTTP/1.1, content: EmptyByteBufBE)
GET /session/56491801bc3dca313464882f52aa662e/element/D286F9D0AA3C4F0ED304754108369F9E_element_8/name HTTP/1.1
User-Agent: selenium/4.8.1 (java windows)
Cache-Control: no-cache
Content-Type: application/json; charset=utf-8
host: localhost:46232
accept: */*

Response DefaultHttpResponse(decodeResult: success, version: HTTP/1.1)
HTTP/1.1 200 OK
Content-Length: 18
Content-Type: application/json; charset=utf-8
cache-control: no-cache

19:21:21.194 [AsyncHttpClient-1-17] DEBUG org.asynchttpclient.netty.channel.ChannelManager - Adding key: http://localhost:46232 for channel [id: 0x3a22059b, L:/127.0.0.1:61082 - R:localhost/127.0.0.1:46232]
19:21:21.195 [Forwarding getElementTagName on session 56491801bc3dca313464882f52aa662e to remote] DEBUG org.asynchttpclient.netty.request.NettyRequestSender - Using pooled Channel '[id: 0x3a22059b, L:/127.0.0.1:61082 - R:localhost/127.0.0.1:46232]' for 'GET' to 'http://localhost:46232/session/56491801bc3dca313464882f52aa662e/element/D286F9D0AA3C4F0ED304754108369F9E_element_8/name'
19:21:21.195 [Forwarding getElementTagName on session 56491801bc3dca313464882f52aa662e to remote] DEBUG org.asynchttpclient.netty.request.NettyRequestSender - Using open Channel [id: 0x3a22059b, L:/127.0.0.1:61082 - R:localhost/127.0.0.1:46232] for GET '/session/56491801bc3dca313464882f52aa662e/element/D286F9D0AA3C4F0ED304754108369F9E_element_8/name'
19:21:21.201 [AsyncHttpClient-1-17] DEBUG org.asynchttpclient.netty.handler.HttpHandler - 

Request DefaultFullHttpRequest(decodeResult: success, version: HTTP/1.1, content: EmptyByteBufBE)
GET /session/56491801bc3dca313464882f52aa662e/element/D286F9D0AA3C4F0ED304754108369F9E_element_8/name HTTP/1.1
User-Agent: selenium/4.8.1 (java windows)
Cache-Control: no-cache
Content-Type: application/json; charset=utf-8
host: localhost:46232
accept: */*

Response DefaultHttpResponse(decodeResult: success, version: HTTP/1.1)
HTTP/1.1 200 OK
Content-Length: 18
Content-Type: application/json; charset=utf-8
cache-control: no-cache

19:21:21.201 [AsyncHttpClient-1-17] DEBUG org.asynchttpclient.netty.channel.ChannelManager - Adding key: http://localhost:46232 for channel [id: 0x3a22059b, L:/127.0.0.1:61082 - R:localhost/127.0.0.1:46232]
19:21:21.202 [Forwarding isElementEnabled on session 56491801bc3dca313464882f52aa662e to remote] DEBUG org.asynchttpclient.netty.request.NettyRequestSender - Using pooled Channel '[id: 0x3a22059b, L:/127.0.0.1:61082 - R:localhost/127.0.0.1:46232]' for 'GET' to 'http://localhost:46232/session/56491801bc3dca313464882f52aa662e/element/D286F9D0AA3C4F0ED304754108369F9E_element_8/enabled'
19:21:21.202 [Forwarding isElementEnabled on session 56491801bc3dca313464882f52aa662e to remote] DEBUG org.asynchttpclient.netty.request.NettyRequestSender - Using open Channel [id: 0x3a22059b, L:/127.0.0.1:61082 - R:localhost/127.0.0.1:46232] for GET '/session/56491801bc3dca313464882f52aa662e/element/D286F9D0AA3C4F0ED304754108369F9E_element_8/enabled'
19:21:21.210 [AsyncHttpClient-1-17] DEBUG org.asynchttpclient.netty.handler.HttpHandler - 

Request DefaultFullHttpRequest(decodeResult: success, version: HTTP/1.1, content: EmptyByteBufBE)
GET /session/56491801bc3dca313464882f52aa662e/element/D286F9D0AA3C4F0ED304754108369F9E_element_8/enabled HTTP/1.1
User-Agent: selenium/4.8.1 (java windows)
Cache-Control: no-cache
Content-Type: application/json; charset=utf-8
host: localhost:46232
accept: */*

Response DefaultHttpResponse(decodeResult: success, version: HTTP/1.1)
HTTP/1.1 200 OK
Content-Length: 14
Content-Type: application/json; charset=utf-8
cache-control: no-cache

19:21:21.210 [AsyncHttpClient-1-17] DEBUG org.asynchttpclient.netty.channel.ChannelManager - Adding key: http://localhost:46232 for channel [id: 0x3a22059b, L:/127.0.0.1:61082 - R:localhost/127.0.0.1:46232]
19:21:21.212 [Forwarding isElementEnabled on session 56491801bc3dca313464882f52aa662e to remote] DEBUG org.asynchttpclient.netty.request.NettyRequestSender - Using pooled Channel '[id: 0x3a22059b, L:/127.0.0.1:61082 - R:localhost/127.0.0.1:46232]' for 'GET' to 'http://localhost:46232/session/56491801bc3dca313464882f52aa662e/element/D286F9D0AA3C4F0ED304754108369F9E_element_8/enabled'
19:21:21.212 [Forwarding isElementEnabled on session 56491801bc3dca313464882f52aa662e to remote] DEBUG org.asynchttpclient.netty.request.NettyRequestSender - Using open Channel [id: 0x3a22059b, L:/127.0.0.1:61082 - R:localhost/127.0.0.1:46232] for GET '/session/56491801bc3dca313464882f52aa662e/element/D286F9D0AA3C4F0ED304754108369F9E_element_8/enabled'
19:21:21.226 [AsyncHttpClient-1-17] DEBUG org.asynchttpclient.netty.handler.HttpHandler - 

Request DefaultFullHttpRequest(decodeResult: success, version: HTTP/1.1, content: EmptyByteBufBE)
GET /session/56491801bc3dca313464882f52aa662e/element/D286F9D0AA3C4F0ED304754108369F9E_element_8/enabled HTTP/1.1
User-Agent: selenium/4.8.1 (java windows)
Cache-Control: no-cache
Content-Type: application/json; charset=utf-8
host: localhost:46232
accept: */*

Response DefaultHttpResponse(decodeResult: success, version: HTTP/1.1)
HTTP/1.1 200 OK
Content-Length: 14
Content-Type: application/json; charset=utf-8
cache-control: no-cache

19:21:21.227 [AsyncHttpClient-1-17] DEBUG org.asynchttpclient.netty.channel.ChannelManager - Adding key: http://localhost:46232 for channel [id: 0x3a22059b, L:/127.0.0.1:61082 - R:localhost/127.0.0.1:46232]
19:21:21.228 [Forwarding findElement on session 56491801bc3dca313464882f52aa662e to remote] DEBUG org.asynchttpclient.netty.request.NettyRequestSender - Using pooled Channel '[id: 0x3a22059b, L:/127.0.0.1:61082 - R:localhost/127.0.0.1:46232]' for 'POST' to 'http://localhost:46232/session/56491801bc3dca313464882f52aa662e/element'
19:21:21.228 [Forwarding findElement on session 56491801bc3dca313464882f52aa662e to remote] DEBUG org.asynchttpclient.netty.request.NettyRequestSender - Using open Channel [id: 0x3a22059b, L:/127.0.0.1:61082 - R:localhost/127.0.0.1:46232] for POST '/session/56491801bc3dca313464882f52aa662e/element'
19:21:21.238 [AsyncHttpClient-1-17] DEBUG org.asynchttpclient.netty.handler.HttpHandler - 

Request DefaultHttpRequest(decodeResult: success, version: HTTP/1.1)
POST /session/56491801bc3dca313464882f52aa662e/element HTTP/1.1
User-Agent: selenium/4.8.1 (java windows)
Content-Length: 71
Content-Type: application/json; charset=utf-8
host: localhost:46232
accept: */*

Response DefaultHttpResponse(decodeResult: success, version: HTTP/1.1)
HTTP/1.1 200 OK
Content-Length: 94
Content-Type: application/json; charset=utf-8
cache-control: no-cache

19:21:21.238 [AsyncHttpClient-1-17] DEBUG org.asynchttpclient.netty.channel.ChannelManager - Adding key: http://localhost:46232 for channel [id: 0x3a22059b, L:/127.0.0.1:61082 - R:localhost/127.0.0.1:46232]
19:21:21.239 [Forwarding clickElement on session 56491801bc3dca313464882f52aa662e to remote] DEBUG org.asynchttpclient.netty.request.NettyRequestSender - Using pooled Channel '[id: 0x3a22059b, L:/127.0.0.1:61082 - R:localhost/127.0.0.1:46232]' for 'POST' to 'http://localhost:46232/session/56491801bc3dca313464882f52aa662e/element/D286F9D0AA3C4F0ED304754108369F9E_element_8/click'
19:21:21.239 [Forwarding clickElement on session 56491801bc3dca313464882f52aa662e to remote] DEBUG org.asynchttpclient.netty.request.NettyRequestSender - Using open Channel [id: 0x3a22059b, L:/127.0.0.1:61082 - R:localhost/127.0.0.1:46232] for POST '/session/56491801bc3dca313464882f52aa662e/element/D286F9D0AA3C4F0ED304754108369F9E_element_8/click'
19:21:21.288 [AsyncHttpClient-1-17] DEBUG org.asynchttpclient.netty.handler.HttpHandler - 

Request DefaultHttpRequest(decodeResult: success, version: HTTP/1.1)
POST /session/56491801bc3dca313464882f52aa662e/element/D286F9D0AA3C4F0ED304754108369F9E_element_8/click HTTP/1.1
User-Agent: selenium/4.8.1 (java windows)
Content-Length: 56
Content-Type: application/json; charset=utf-8
host: localhost:46232
accept: */*

Response DefaultHttpResponse(decodeResult: success, version: HTTP/1.1)
HTTP/1.1 200 OK
Content-Length: 14
Content-Type: application/json; charset=utf-8
cache-control: no-cache

19:21:21.288 [AsyncHttpClient-1-17] DEBUG org.asynchttpclient.netty.channel.ChannelManager - Adding key: http://localhost:46232 for channel [id: 0x3a22059b, L:/127.0.0.1:61082 - R:localhost/127.0.0.1:46232]
19:21:21.296 [Forwarding getAlertText on session 56491801bc3dca313464882f52aa662e to remote] DEBUG org.asynchttpclient.netty.request.NettyRequestSender - Using pooled Channel '[id: 0x3a22059b, L:/127.0.0.1:61082 - R:localhost/127.0.0.1:46232]' for 'GET' to 'http://localhost:46232/session/56491801bc3dca313464882f52aa662e/alert/text'
19:21:21.296 [Forwarding getAlertText on session 56491801bc3dca313464882f52aa662e to remote] DEBUG org.asynchttpclient.netty.request.NettyRequestSender - Using open Channel [id: 0x3a22059b, L:/127.0.0.1:61082 - R:localhost/127.0.0.1:46232] for GET '/session/56491801bc3dca313464882f52aa662e/alert/text'
19:21:21.297 [AsyncHttpClient-1-17] DEBUG org.asynchttpclient.netty.handler.HttpHandler - 

Request DefaultFullHttpRequest(decodeResult: success, version: HTTP/1.1, content: EmptyByteBufBE)
GET /session/56491801bc3dca313464882f52aa662e/alert/text HTTP/1.1
User-Agent: selenium/4.8.1 (java windows)
Cache-Control: no-cache
Content-Type: application/json; charset=utf-8
host: localhost:46232
accept: */*

Response DefaultHttpResponse(decodeResult: success, version: HTTP/1.1)
HTTP/1.1 404 Not Found
Content-Length: 847
Content-Type: application/json; charset=utf-8
cache-control: no-cache

19:21:21.297 [AsyncHttpClient-1-17] DEBUG org.asynchttpclient.netty.channel.ChannelManager - Adding key: http://localhost:46232 for channel [id: 0x3a22059b, L:/127.0.0.1:61082 - R:localhost/127.0.0.1:46232]
19:21:21.298 [Forwarding getCurrentUrl on session 56491801bc3dca313464882f52aa662e to remote] DEBUG org.asynchttpclient.netty.request.NettyRequestSender - Using pooled Channel '[id: 0x3a22059b, L:/127.0.0.1:61082 - R:localhost/127.0.0.1:46232]' for 'GET' to 'http://localhost:46232/session/56491801bc3dca313464882f52aa662e/url'
19:21:21.298 [Forwarding getCurrentUrl on session 56491801bc3dca313464882f52aa662e to remote] DEBUG org.asynchttpclient.netty.request.NettyRequestSender - Using open Channel [id: 0x3a22059b, L:/127.0.0.1:61082 - R:localhost/127.0.0.1:46232] for GET '/session/56491801bc3dca313464882f52aa662e/url'
19:21:21.301 [AsyncHttpClient-1-17] DEBUG org.asynchttpclient.netty.handler.HttpHandler - 

Request DefaultFullHttpRequest(decodeResult: success, version: HTTP/1.1, content: EmptyByteBufBE)
GET /session/56491801bc3dca313464882f52aa662e/url HTTP/1.1
User-Agent: selenium/4.8.1 (java windows)
Cache-Control: no-cache
Content-Type: application/json; charset=utf-8
host: localhost:46232
accept: */*

Response DefaultHttpResponse(decodeResult: success, version: HTTP/1.1)
HTTP/1.1 200 OK
Content-Length: 52
Content-Type: application/json; charset=utf-8
cache-control: no-cache

19:21:21.301 [AsyncHttpClient-1-17] DEBUG org.asynchttpclient.netty.channel.ChannelManager - Adding key: http://localhost:46232 for channel [id: 0x3a22059b, L:/127.0.0.1:61082 - R:localhost/127.0.0.1:46232]
19:21:21.301 [Forwarding screenshot on session 56491801bc3dca313464882f52aa662e to remote] DEBUG org.asynchttpclient.netty.request.NettyRequestSender - Using pooled Channel '[id: 0x3a22059b, L:/127.0.0.1:61082 - R:localhost/127.0.0.1:46232]' for 'GET' to 'http://localhost:46232/session/56491801bc3dca313464882f52aa662e/screenshot'
19:21:21.301 [Forwarding screenshot on session 56491801bc3dca313464882f52aa662e to remote] DEBUG org.asynchttpclient.netty.request.NettyRequestSender - Using open Channel [id: 0x3a22059b, L:/127.0.0.1:61082 - R:localhost/127.0.0.1:46232] for GET '/session/56491801bc3dca313464882f52aa662e/screenshot'
19:21:21.397 [AsyncHttpClient-1-1] DEBUG org.asynchttpclient.netty.channel.DefaultChannelPool - Entry count for : http://localhost:61083 : 1
19:21:21.476 [AsyncHttpClient-1-17] DEBUG org.asynchttpclient.netty.handler.HttpHandler - 

Request DefaultFullHttpRequest(decodeResult: success, version: HTTP/1.1, content: EmptyByteBufBE)
GET /session/56491801bc3dca313464882f52aa662e/screenshot HTTP/1.1
User-Agent: selenium/4.8.1 (java windows)
Cache-Control: no-cache
Content-Type: application/json; charset=utf-8
host: localhost:46232
accept: */*

Response DefaultHttpResponse(decodeResult: success, version: HTTP/1.1)
HTTP/1.1 200 OK
Content-Length: 38704
Content-Type: application/json; charset=utf-8
cache-control: no-cache

19:21:21.477 [AsyncHttpClient-1-17] DEBUG org.asynchttpclient.netty.channel.ChannelManager - Adding key: http://localhost:46232 for channel [id: 0x3a22059b, L:/127.0.0.1:61082 - R:localhost/127.0.0.1:46232]
19:21:21.479 [main] DEBUG net.serenitybdd.core.photography.Darkroom - Send negative for processing for target\site\serenity\cf373c1b40f4b43f4218eaa85018c52adc4bfda1db49fb9af6d8214a83035d25.png
19:21:21.479 [main] DEBUG net.thucydides.core.steps.StepInterceptor - STEP DONE: clickLoginButton
19:21:21.481 [Darkroom Processing Line] DEBUG net.serenitybdd.core.photography.DarkroomProcessingLine - Processing screenshot image in /var/screenshots/screenshot-13923805442363311673
19:21:21.481 [Darkroom Processing Line] DEBUG net.serenitybdd.core.photography.DarkroomProcessingLine - Saving screenshot to target\site\serenity\cf373c1b40f4b43f4218eaa85018c52adc4bfda1db49fb9af6d8214a83035d25.png
19:21:21.489 [Forwarding getPageSource on session 56491801bc3dca313464882f52aa662e to remote] DEBUG org.asynchttpclient.netty.request.NettyRequestSender - Using pooled Channel '[id: 0x3a22059b, L:/127.0.0.1:61082 - R:localhost/127.0.0.1:46232]' for 'POST' to 'http://localhost:46232/session/56491801bc3dca313464882f52aa662e/execute/sync'
19:21:21.489 [Forwarding getPageSource on session 56491801bc3dca313464882f52aa662e to remote] DEBUG org.asynchttpclient.netty.request.NettyRequestSender - Using open Channel [id: 0x3a22059b, L:/127.0.0.1:61082 - R:localhost/127.0.0.1:46232] for POST '/session/56491801bc3dca313464882f52aa662e/execute/sync'
19:21:21.501 [AsyncHttpClient-1-17] DEBUG org.asynchttpclient.netty.handler.HttpHandler - 

Request DefaultHttpRequest(decodeResult: success, version: HTTP/1.1)
POST /session/56491801bc3dca313464882f52aa662e/execute/sync HTTP/1.1
User-Agent: selenium/4.8.1 (java windows)
Content-Length: 176
Content-Type: application/json; charset=utf-8
host: localhost:46232
accept: */*

Response DefaultHttpResponse(decodeResult: success, version: HTTP/1.1)
HTTP/1.1 200 OK
Content-Length: 28798
Content-Type: application/json; charset=utf-8
cache-control: no-cache

19:21:21.501 [AsyncHttpClient-1-17] DEBUG org.asynchttpclient.netty.channel.ChannelManager - Adding key: http://localhost:46232 for channel [id: 0x3a22059b, L:/127.0.0.1:61082 - R:localhost/127.0.0.1:46232]
19:21:21.503 [Forwarding getCurrentUrl on session 56491801bc3dca313464882f52aa662e to remote] DEBUG org.asynchttpclient.netty.request.NettyRequestSender - Using pooled Channel '[id: 0x3a22059b, L:/127.0.0.1:61082 - R:localhost/127.0.0.1:46232]' for 'GET' to 'http://localhost:46232/session/56491801bc3dca313464882f52aa662e/url'
19:21:21.503 [Forwarding getCurrentUrl on session 56491801bc3dca313464882f52aa662e to remote] DEBUG org.asynchttpclient.netty.request.NettyRequestSender - Using open Channel [id: 0x3a22059b, L:/127.0.0.1:61082 - R:localhost/127.0.0.1:46232] for GET '/session/56491801bc3dca313464882f52aa662e/url'
19:21:21.515 [AsyncHttpClient-1-17] DEBUG org.asynchttpclient.netty.handler.HttpHandler - 

Request DefaultFullHttpRequest(decodeResult: success, version: HTTP/1.1, content: EmptyByteBufBE)
GET /session/56491801bc3dca313464882f52aa662e/url HTTP/1.1
User-Agent: selenium/4.8.1 (java windows)
Cache-Control: no-cache
Content-Type: application/json; charset=utf-8
host: localhost:46232
accept: */*

Response DefaultHttpResponse(decodeResult: success, version: HTTP/1.1)
HTTP/1.1 200 OK
Content-Length: 41
Content-Type: application/json; charset=utf-8
cache-control: no-cache

19:21:21.515 [AsyncHttpClient-1-17] DEBUG org.asynchttpclient.netty.channel.ChannelManager - Adding key: http://localhost:46232 for channel [id: 0x3a22059b, L:/127.0.0.1:61082 - R:localhost/127.0.0.1:46232]
19:21:21.517 [main] DEBUG net.thucydides.core.steps.StepInterceptor - STARTING STEP: ProductSteps.onTheHomePage - validateOnHomePage
19:21:21.519 [Forwarding findElement on session 56491801bc3dca313464882f52aa662e to remote] DEBUG org.asynchttpclient.netty.request.NettyRequestSender - Using pooled Channel '[id: 0x3a22059b, L:/127.0.0.1:61082 - R:localhost/127.0.0.1:46232]' for 'POST' to 'http://localhost:46232/session/56491801bc3dca313464882f52aa662e/element'
19:21:21.519 [Forwarding findElement on session 56491801bc3dca313464882f52aa662e to remote] DEBUG org.asynchttpclient.netty.request.NettyRequestSender - Using open Channel [id: 0x3a22059b, L:/127.0.0.1:61082 - R:localhost/127.0.0.1:46232] for POST '/session/56491801bc3dca313464882f52aa662e/element'
19:21:21.536 [AsyncHttpClient-1-17] DEBUG org.asynchttpclient.netty.handler.HttpHandler - 

Request DefaultHttpRequest(decodeResult: success, version: HTTP/1.1)
POST /session/56491801bc3dca313464882f52aa662e/element HTTP/1.1
User-Agent: selenium/4.8.1 (java windows)
Content-Length: 54
Content-Type: application/json; charset=utf-8
host: localhost:46232
accept: */*

Response DefaultHttpResponse(decodeResult: success, version: HTTP/1.1)
HTTP/1.1 200 OK
Content-Length: 94
Content-Type: application/json; charset=utf-8
cache-control: no-cache

19:21:21.536 [AsyncHttpClient-1-17] DEBUG org.asynchttpclient.netty.channel.ChannelManager - Adding key: http://localhost:46232 for channel [id: 0x3a22059b, L:/127.0.0.1:61082 - R:localhost/127.0.0.1:46232]
19:21:21.539 [Forwarding isElementDisplayed on session 56491801bc3dca313464882f52aa662e to remote] DEBUG org.asynchttpclient.netty.request.NettyRequestSender - Using pooled Channel '[id: 0x3a22059b, L:/127.0.0.1:61082 - R:localhost/127.0.0.1:46232]' for 'POST' to 'http://localhost:46232/session/56491801bc3dca313464882f52aa662e/execute/sync'
19:21:21.539 [Forwarding isElementDisplayed on session 56491801bc3dca313464882f52aa662e to remote] DEBUG org.asynchttpclient.netty.request.NettyRequestSender - Using open Channel [id: 0x3a22059b, L:/127.0.0.1:61082 - R:localhost/127.0.0.1:46232] for POST '/session/56491801bc3dca313464882f52aa662e/execute/sync'
19:21:21.553 [AsyncHttpClient-1-17] DEBUG org.asynchttpclient.netty.handler.HttpHandler - 

Request DefaultHttpRequest(decodeResult: success, version: HTTP/1.1)
POST /session/56491801bc3dca313464882f52aa662e/execute/sync HTTP/1.1
User-Agent: selenium/4.8.1 (java windows)
Content-Length: 48813
Content-Type: application/json; charset=utf-8
host: localhost:46232
accept: */*

Response DefaultHttpResponse(decodeResult: success, version: HTTP/1.1)
HTTP/1.1 200 OK
Content-Length: 14
Content-Type: application/json; charset=utf-8
cache-control: no-cache

19:21:21.553 [AsyncHttpClient-1-17] DEBUG org.asynchttpclient.netty.channel.ChannelManager - Adding key: http://localhost:46232 for channel [id: 0x3a22059b, L:/127.0.0.1:61082 - R:localhost/127.0.0.1:46232]
19:21:21.555 [Forwarding getAlertText on session 56491801bc3dca313464882f52aa662e to remote] DEBUG org.asynchttpclient.netty.request.NettyRequestSender - Using pooled Channel '[id: 0x3a22059b, L:/127.0.0.1:61082 - R:localhost/127.0.0.1:46232]' for 'GET' to 'http://localhost:46232/session/56491801bc3dca313464882f52aa662e/alert/text'
19:21:21.556 [Forwarding getAlertText on session 56491801bc3dca313464882f52aa662e to remote] DEBUG org.asynchttpclient.netty.request.NettyRequestSender - Using open Channel [id: 0x3a22059b, L:/127.0.0.1:61082 - R:localhost/127.0.0.1:46232] for GET '/session/56491801bc3dca313464882f52aa662e/alert/text'
19:21:21.556 [AsyncHttpClient-1-17] DEBUG org.asynchttpclient.netty.handler.HttpHandler - 

Request DefaultFullHttpRequest(decodeResult: success, version: HTTP/1.1, content: EmptyByteBufBE)
GET /session/56491801bc3dca313464882f52aa662e/alert/text HTTP/1.1
User-Agent: selenium/4.8.1 (java windows)
Cache-Control: no-cache
Content-Type: application/json; charset=utf-8
host: localhost:46232
accept: */*

Response DefaultHttpResponse(decodeResult: success, version: HTTP/1.1)
HTTP/1.1 404 Not Found
Content-Length: 847
Content-Type: application/json; charset=utf-8
cache-control: no-cache

19:21:21.556 [AsyncHttpClient-1-17] DEBUG org.asynchttpclient.netty.channel.ChannelManager - Adding key: http://localhost:46232 for channel [id: 0x3a22059b, L:/127.0.0.1:61082 - R:localhost/127.0.0.1:46232]
19:21:21.557 [Forwarding getCurrentUrl on session 56491801bc3dca313464882f52aa662e to remote] DEBUG org.asynchttpclient.netty.request.NettyRequestSender - Using pooled Channel '[id: 0x3a22059b, L:/127.0.0.1:61082 - R:localhost/127.0.0.1:46232]' for 'GET' to 'http://localhost:46232/session/56491801bc3dca313464882f52aa662e/url'
19:21:21.557 [Forwarding getCurrentUrl on session 56491801bc3dca313464882f52aa662e to remote] DEBUG org.asynchttpclient.netty.request.NettyRequestSender - Using open Channel [id: 0x3a22059b, L:/127.0.0.1:61082 - R:localhost/127.0.0.1:46232] for GET '/session/56491801bc3dca313464882f52aa662e/url'
19:21:21.559 [AsyncHttpClient-1-17] DEBUG org.asynchttpclient.netty.handler.HttpHandler - 

Request DefaultFullHttpRequest(decodeResult: success, version: HTTP/1.1, content: EmptyByteBufBE)
GET /session/56491801bc3dca313464882f52aa662e/url HTTP/1.1
User-Agent: selenium/4.8.1 (java windows)
Cache-Control: no-cache
Content-Type: application/json; charset=utf-8
host: localhost:46232
accept: */*

Response DefaultHttpResponse(decodeResult: success, version: HTTP/1.1)
HTTP/1.1 200 OK
Content-Length: 41
Content-Type: application/json; charset=utf-8
cache-control: no-cache

19:21:21.560 [AsyncHttpClient-1-17] DEBUG org.asynchttpclient.netty.channel.ChannelManager - Adding key: http://localhost:46232 for channel [id: 0x3a22059b, L:/127.0.0.1:61082 - R:localhost/127.0.0.1:46232]
19:21:21.560 [Forwarding screenshot on session 56491801bc3dca313464882f52aa662e to remote] DEBUG org.asynchttpclient.netty.request.NettyRequestSender - Using pooled Channel '[id: 0x3a22059b, L:/127.0.0.1:61082 - R:localhost/127.0.0.1:46232]' for 'GET' to 'http://localhost:46232/session/56491801bc3dca313464882f52aa662e/screenshot'
19:21:21.560 [Forwarding screenshot on session 56491801bc3dca313464882f52aa662e to remote] DEBUG org.asynchttpclient.netty.request.NettyRequestSender - Using open Channel [id: 0x3a22059b, L:/127.0.0.1:61082 - R:localhost/127.0.0.1:46232] for GET '/session/56491801bc3dca313464882f52aa662e/screenshot'
19:21:21.695 [AsyncHttpClient-1-17] DEBUG org.asynchttpclient.netty.handler.HttpHandler - 

Request DefaultFullHttpRequest(decodeResult: success, version: HTTP/1.1, content: EmptyByteBufBE)
GET /session/56491801bc3dca313464882f52aa662e/screenshot HTTP/1.1
User-Agent: selenium/4.8.1 (java windows)
Cache-Control: no-cache
Content-Type: application/json; charset=utf-8
host: localhost:46232
accept: */*

Response DefaultHttpResponse(decodeResult: success, version: HTTP/1.1)
HTTP/1.1 200 OK
Content-Length: 28716
Content-Type: application/json; charset=utf-8
cache-control: no-cache

19:21:21.695 [AsyncHttpClient-1-17] DEBUG org.asynchttpclient.netty.channel.ChannelManager - Adding key: http://localhost:46232 for channel [id: 0x3a22059b, L:/127.0.0.1:61082 - R:localhost/127.0.0.1:46232]
19:21:21.697 [main] DEBUG net.serenitybdd.core.photography.Darkroom - Send negative for processing for target\site\serenity\70c9d7f4135a258d71f147123de42088ee67dc47193611452f8140568535c755.png
19:21:21.697 [main] DEBUG net.thucydides.core.steps.StepInterceptor - STEP DONE: validateOnHomePage
  &amp#27;[32mGiven &amp#27;[0m&amp#27;[32mI already login and go to the alta-shop home page&amp#27;[0m &amp#27;[90m# starter.stepdefinitions.ProductSteps.onTheHomePage()&amp#27;[0m
19:21:21.697 [Darkroom Processing Line] DEBUG net.serenitybdd.core.photography.DarkroomProcessingLine - Processing screenshot image in /var/screenshots/screenshot-2934848832043643810
19:21:21.697 [Darkroom Processing Line] DEBUG net.serenitybdd.core.photography.DarkroomProcessingLine - Saving screenshot to target\site\serenity\70c9d7f4135a258d71f147123de42088ee67dc47193611452f8140568535c755.png
19:21:21.706 [Forwarding getPageSource on session 56491801bc3dca313464882f52aa662e to remote] DEBUG org.asynchttpclient.netty.request.NettyRequestSender - Using pooled Channel '[id: 0x3a22059b, L:/127.0.0.1:61082 - R:localhost/127.0.0.1:46232]' for 'POST' to 'http://localhost:46232/session/56491801bc3dca313464882f52aa662e/execute/sync'
19:21:21.706 [Forwarding getPageSource on session 56491801bc3dca313464882f52aa662e to remote] DEBUG org.asynchttpclient.netty.request.NettyRequestSender - Using open Channel [id: 0x3a22059b, L:/127.0.0.1:61082 - R:localhost/127.0.0.1:46232] for POST '/session/56491801bc3dca313464882f52aa662e/execute/sync'
19:21:21.712 [AsyncHttpClient-1-17] DEBUG org.asynchttpclient.netty.handler.HttpHandler - 

Request DefaultHttpRequest(decodeResult: success, version: HTTP/1.1)
POST /session/56491801bc3dca313464882f52aa662e/execute/sync HTTP/1.1
User-Agent: selenium/4.8.1 (java windows)
Content-Length: 176
Content-Type: application/json; charset=utf-8
host: localhost:46232
accept: */*

Response DefaultHttpResponse(decodeResult: success, version: HTTP/1.1)
HTTP/1.1 200 OK
Content-Length: 28798
Content-Type: application/json; charset=utf-8
cache-control: no-cache

19:21:21.712 [AsyncHttpClient-1-17] DEBUG org.asynchttpclient.netty.channel.ChannelManager - Adding key: http://localhost:46232 for channel [id: 0x3a22059b, L:/127.0.0.1:61082 - R:localhost/127.0.0.1:46232]
19:21:21.714 [Forwarding getCurrentUrl on session 56491801bc3dca313464882f52aa662e to remote] DEBUG org.asynchttpclient.netty.request.NettyRequestSender - Using pooled Channel '[id: 0x3a22059b, L:/127.0.0.1:61082 - R:localhost/127.0.0.1:46232]' for 'GET' to 'http://localhost:46232/session/56491801bc3dca313464882f52aa662e/url'
19:21:21.714 [Forwarding getCurrentUrl on session 56491801bc3dca313464882f52aa662e to remote] DEBUG org.asynchttpclient.netty.request.NettyRequestSender - Using open Channel [id: 0x3a22059b, L:/127.0.0.1:61082 - R:localhost/127.0.0.1:46232] for GET '/session/56491801bc3dca313464882f52aa662e/url'
19:21:21.718 [AsyncHttpClient-1-17] DEBUG org.asynchttpclient.netty.handler.HttpHandler - 

Request DefaultFullHttpRequest(decodeResult: success, version: HTTP/1.1, content: EmptyByteBufBE)
GET /session/56491801bc3dca313464882f52aa662e/url HTTP/1.1
User-Agent: selenium/4.8.1 (java windows)
Cache-Control: no-cache
Content-Type: application/json; charset=utf-8
host: localhost:46232
accept: */*

Response DefaultHttpResponse(decodeResult: success, version: HTTP/1.1)
HTTP/1.1 200 OK
Content-Length: 41
Content-Type: application/json; charset=utf-8
cache-control: no-cache

19:21:21.718 [AsyncHttpClient-1-17] DEBUG org.asynchttpclient.netty.channel.ChannelManager - Adding key: http://localhost:46232 for channel [id: 0x3a22059b, L:/127.0.0.1:61082 - R:localhost/127.0.0.1:46232]
19:21:21.737 [Forwarding getPageSource on session 56491801bc3dca313464882f52aa662e to remote] DEBUG org.asynchttpclient.netty.request.NettyRequestSender - Using pooled Channel '[id: 0x3a22059b, L:/127.0.0.1:61082 - R:localhost/127.0.0.1:46232]' for 'POST' to 'http://localhost:46232/session/56491801bc3dca313464882f52aa662e/execute/sync'
19:21:21.737 [Forwarding getPageSource on session 56491801bc3dca313464882f52aa662e to remote] DEBUG org.asynchttpclient.netty.request.NettyRequestSender - Using open Channel [id: 0x3a22059b, L:/127.0.0.1:61082 - R:localhost/127.0.0.1:46232] for POST '/session/56491801bc3dca313464882f52aa662e/execute/sync'
19:21:21.742 [AsyncHttpClient-1-17] DEBUG org.asynchttpclient.netty.handler.HttpHandler - 

Request DefaultHttpRequest(decodeResult: success, version: HTTP/1.1)
POST /session/56491801bc3dca313464882f52aa662e/execute/sync HTTP/1.1
User-Agent: selenium/4.8.1 (java windows)
Content-Length: 176
Content-Type: application/json; charset=utf-8
host: localhost:46232
accept: */*

Response DefaultHttpResponse(decodeResult: success, version: HTTP/1.1)
HTTP/1.1 200 OK
Content-Length: 28798
Content-Type: application/json; charset=utf-8
cache-control: no-cache

19:21:21.742 [AsyncHttpClient-1-17] DEBUG org.asynchttpclient.netty.channel.ChannelManager - Adding key: http://localhost:46232 for channel [id: 0x3a22059b, L:/127.0.0.1:61082 - R:localhost/127.0.0.1:46232]
19:21:21.744 [Forwarding getCurrentUrl on session 56491801bc3dca313464882f52aa662e to remote] DEBUG org.asynchttpclient.netty.request.NettyRequestSender - Using pooled Channel '[id: 0x3a22059b, L:/127.0.0.1:61082 - R:localhost/127.0.0.1:46232]' for 'GET' to 'http://localhost:46232/session/56491801bc3dca313464882f52aa662e/url'
19:21:21.744 [Forwarding getCurrentUrl on session 56491801bc3dca313464882f52aa662e to remote] DEBUG org.asynchttpclient.netty.request.NettyRequestSender - Using open Channel [id: 0x3a22059b, L:/127.0.0.1:61082 - R:localhost/127.0.0.1:46232] for GET '/session/56491801bc3dca313464882f52aa662e/url'
19:21:21.747 [AsyncHttpClient-1-17] DEBUG org.asynchttpclient.netty.handler.HttpHandler - 

Request DefaultFullHttpRequest(decodeResult: success, version: HTTP/1.1, content: EmptyByteBufBE)
GET /session/56491801bc3dca313464882f52aa662e/url HTTP/1.1
User-Agent: selenium/4.8.1 (java windows)
Cache-Control: no-cache
Content-Type: application/json; charset=utf-8
host: localhost:46232
accept: */*

Response DefaultHttpResponse(decodeResult: success, version: HTTP/1.1)
HTTP/1.1 200 OK
Content-Length: 41
Content-Type: application/json; charset=utf-8
cache-control: no-cache

19:21:21.747 [AsyncHttpClient-1-17] DEBUG org.asynchttpclient.netty.channel.ChannelManager - Adding key: http://localhost:46232 for channel [id: 0x3a22059b, L:/127.0.0.1:61082 - R:localhost/127.0.0.1:46232]
19:21:21.748 [main] DEBUG net.thucydides.core.steps.StepInterceptor - STARTING STEP: LogoutSteps.clickUserIcon - clickUserIcon
19:21:21.750 [Forwarding findElement on session 56491801bc3dca313464882f52aa662e to remote] DEBUG org.asynchttpclient.netty.request.NettyRequestSender - Using pooled Channel '[id: 0x3a22059b, L:/127.0.0.1:61082 - R:localhost/127.0.0.1:46232]' for 'POST' to 'http://localhost:46232/session/56491801bc3dca313464882f52aa662e/element'
19:21:21.750 [Forwarding findElement on session 56491801bc3dca313464882f52aa662e to remote] DEBUG org.asynchttpclient.netty.request.NettyRequestSender - Using open Channel [id: 0x3a22059b, L:/127.0.0.1:61082 - R:localhost/127.0.0.1:46232] for POST '/session/56491801bc3dca313464882f52aa662e/element'
19:21:21.764 [AsyncHttpClient-1-17] DEBUG org.asynchttpclient.netty.handler.HttpHandler - 

Request DefaultHttpRequest(decodeResult: success, version: HTTP/1.1)
POST /session/56491801bc3dca313464882f52aa662e/element HTTP/1.1
User-Agent: selenium/4.8.1 (java windows)
Content-Length: 54
Content-Type: application/json; charset=utf-8
host: localhost:46232
accept: */*

Response DefaultHttpResponse(decodeResult: success, version: HTTP/1.1)
HTTP/1.1 200 OK
Content-Length: 94
Content-Type: application/json; charset=utf-8
cache-control: no-cache

19:21:21.764 [AsyncHttpClient-1-17] DEBUG org.asynchttpclient.netty.channel.ChannelManager - Adding key: http://localhost:46232 for channel [id: 0x3a22059b, L:/127.0.0.1:61082 - R:localhost/127.0.0.1:46232]
19:21:21.765 [Forwarding getElementTagName on session 56491801bc3dca313464882f52aa662e to remote] DEBUG org.asynchttpclient.netty.request.NettyRequestSender - Using pooled Channel '[id: 0x3a22059b, L:/127.0.0.1:61082 - R:localhost/127.0.0.1:46232]' for 'GET' to 'http://localhost:46232/session/56491801bc3dca313464882f52aa662e/element/D286F9D0AA3C4F0ED304754108369F9E_element_9/name'
19:21:21.765 [Forwarding getElementTagName on session 56491801bc3dca313464882f52aa662e to remote] DEBUG org.asynchttpclient.netty.request.NettyRequestSender - Using open Channel [id: 0x3a22059b, L:/127.0.0.1:61082 - R:localhost/127.0.0.1:46232] for GET '/session/56491801bc3dca313464882f52aa662e/element/D286F9D0AA3C4F0ED304754108369F9E_element_9/name'
19:21:21.783 [AsyncHttpClient-1-17] DEBUG org.asynchttpclient.netty.handler.HttpHandler - 

Request DefaultFullHttpRequest(decodeResult: success, version: HTTP/1.1, content: EmptyByteBufBE)
GET /session/56491801bc3dca313464882f52aa662e/element/D286F9D0AA3C4F0ED304754108369F9E_element_9/name HTTP/1.1
User-Agent: selenium/4.8.1 (java windows)
Cache-Control: no-cache
Content-Type: application/json; charset=utf-8
host: localhost:46232
accept: */*

Response DefaultHttpResponse(decodeResult: success, version: HTTP/1.1)
HTTP/1.1 200 OK
Content-Length: 13
Content-Type: application/json; charset=utf-8
cache-control: no-cache

19:21:21.783 [AsyncHttpClient-1-17] DEBUG org.asynchttpclient.netty.channel.ChannelManager - Adding key: http://localhost:46232 for channel [id: 0x3a22059b, L:/127.0.0.1:61082 - R:localhost/127.0.0.1:46232]
19:21:21.784 [Forwarding getElementTagName on session 56491801bc3dca313464882f52aa662e to remote] DEBUG org.asynchttpclient.netty.request.NettyRequestSender - Using pooled Channel '[id: 0x3a22059b, L:/127.0.0.1:61082 - R:localhost/127.0.0.1:46232]' for 'GET' to 'http://localhost:46232/session/56491801bc3dca313464882f52aa662e/element/D286F9D0AA3C4F0ED304754108369F9E_element_9/name'
19:21:21.784 [Forwarding getElementTagName on session 56491801bc3dca313464882f52aa662e to remote] DEBUG org.asynchttpclient.netty.request.NettyRequestSender - Using open Channel [id: 0x3a22059b, L:/127.0.0.1:61082 - R:localhost/127.0.0.1:46232] for GET '/session/56491801bc3dca313464882f52aa662e/element/D286F9D0AA3C4F0ED304754108369F9E_element_9/name'
19:21:21.798 [AsyncHttpClient-1-17] DEBUG org.asynchttpclient.netty.handler.HttpHandler - 

Request DefaultFullHttpRequest(decodeResult: success, version: HTTP/1.1, content: EmptyByteBufBE)
GET /session/56491801bc3dca313464882f52aa662e/element/D286F9D0AA3C4F0ED304754108369F9E_element_9/name HTTP/1.1
User-Agent: selenium/4.8.1 (java windows)
Cache-Control: no-cache
Content-Type: application/json; charset=utf-8
host: localhost:46232
accept: */*

Response DefaultHttpResponse(decodeResult: success, version: HTTP/1.1)
HTTP/1.1 200 OK
Content-Length: 13
Content-Type: application/json; charset=utf-8
cache-control: no-cache

19:21:21.798 [AsyncHttpClient-1-17] DEBUG org.asynchttpclient.netty.channel.ChannelManager - Adding key: http://localhost:46232 for channel [id: 0x3a22059b, L:/127.0.0.1:61082 - R:localhost/127.0.0.1:46232]
19:21:21.800 [Forwarding findElement on session 56491801bc3dca313464882f52aa662e to remote] DEBUG org.asynchttpclient.netty.request.NettyRequestSender - Using pooled Channel '[id: 0x3a22059b, L:/127.0.0.1:61082 - R:localhost/127.0.0.1:46232]' for 'POST' to 'http://localhost:46232/session/56491801bc3dca313464882f52aa662e/element'
19:21:21.801 [Forwarding findElement on session 56491801bc3dca313464882f52aa662e to remote] DEBUG org.asynchttpclient.netty.request.NettyRequestSender - Using open Channel [id: 0x3a22059b, L:/127.0.0.1:61082 - R:localhost/127.0.0.1:46232] for POST '/session/56491801bc3dca313464882f52aa662e/element'
19:21:21.930 [AsyncHttpClient-1-17] DEBUG org.asynchttpclient.netty.handler.HttpHandler - 

Request DefaultHttpRequest(decodeResult: success, version: HTTP/1.1)
POST /session/56491801bc3dca313464882f52aa662e/element HTTP/1.1
User-Agent: selenium/4.8.1 (java windows)
Content-Length: 54
Content-Type: application/json; charset=utf-8
host: localhost:46232
accept: */*

Response DefaultHttpResponse(decodeResult: success, version: HTTP/1.1)
HTTP/1.1 200 OK
Content-Length: 94
Content-Type: application/json; charset=utf-8
cache-control: no-cache

19:21:21.930 [AsyncHttpClient-1-17] DEBUG org.asynchttpclient.netty.channel.ChannelManager - Adding key: http://localhost:46232 for channel [id: 0x3a22059b, L:/127.0.0.1:61082 - R:localhost/127.0.0.1:46232]
19:21:21.931 [Forwarding clickElement on session 56491801bc3dca313464882f52aa662e to remote] DEBUG org.asynchttpclient.netty.request.NettyRequestSender - Using pooled Channel '[id: 0x3a22059b, L:/127.0.0.1:61082 - R:localhost/127.0.0.1:46232]' for 'POST' to 'http://localhost:46232/session/56491801bc3dca313464882f52aa662e/element/D286F9D0AA3C4F0ED304754108369F9E_element_9/click'
19:21:21.931 [Forwarding clickElement on session 56491801bc3dca313464882f52aa662e to remote] DEBUG org.asynchttpclient.netty.request.NettyRequestSender - Using open Channel [id: 0x3a22059b, L:/127.0.0.1:61082 - R:localhost/127.0.0.1:46232] for POST '/session/56491801bc3dca313464882f52aa662e/element/D286F9D0AA3C4F0ED304754108369F9E_element_9/click'
19:21:22.087 [AsyncHttpClient-1-17] DEBUG org.asynchttpclient.netty.handler.HttpHandler - 

Request DefaultHttpRequest(decodeResult: success, version: HTTP/1.1)
POST /session/56491801bc3dca313464882f52aa662e/element/D286F9D0AA3C4F0ED304754108369F9E_element_9/click HTTP/1.1
User-Agent: selenium/4.8.1 (java windows)
Content-Length: 56
Content-Type: application/json; charset=utf-8
host: localhost:46232
accept: */*

Response DefaultHttpResponse(decodeResult: success, version: HTTP/1.1)
HTTP/1.1 200 OK
Content-Length: 14
Content-Type: application/json; charset=utf-8
cache-control: no-cache

19:21:22.088 [AsyncHttpClient-1-17] DEBUG org.asynchttpclient.netty.channel.ChannelManager - Adding key: http://localhost:46232 for channel [id: 0x3a22059b, L:/127.0.0.1:61082 - R:localhost/127.0.0.1:46232]
19:21:22.097 [Forwarding getAlertText on session 56491801bc3dca313464882f52aa662e to remote] DEBUG org.asynchttpclient.netty.request.NettyRequestSender - Using pooled Channel '[id: 0x3a22059b, L:/127.0.0.1:61082 - R:localhost/127.0.0.1:46232]' for 'GET' to 'http://localhost:46232/session/56491801bc3dca313464882f52aa662e/alert/text'
19:21:22.097 [Forwarding getAlertText on session 56491801bc3dca313464882f52aa662e to remote] DEBUG org.asynchttpclient.netty.request.NettyRequestSender - Using open Channel [id: 0x3a22059b, L:/127.0.0.1:61082 - R:localhost/127.0.0.1:46232] for GET '/session/56491801bc3dca313464882f52aa662e/alert/text'
19:21:22.098 [AsyncHttpClient-1-17] DEBUG org.asynchttpclient.netty.handler.HttpHandler - 

Request DefaultFullHttpRequest(decodeResult: success, version: HTTP/1.1, content: EmptyByteBufBE)
GET /session/56491801bc3dca313464882f52aa662e/alert/text HTTP/1.1
User-Agent: selenium/4.8.1 (java windows)
Cache-Control: no-cache
Content-Type: application/json; charset=utf-8
host: localhost:46232
accept: */*

Response DefaultHttpResponse(decodeResult: success, version: HTTP/1.1)
HTTP/1.1 404 Not Found
Content-Length: 847
Content-Type: application/json; charset=utf-8
cache-control: no-cache

19:21:22.099 [AsyncHttpClient-1-17] DEBUG org.asynchttpclient.netty.channel.ChannelManager - Adding key: http://localhost:46232 for channel [id: 0x3a22059b, L:/127.0.0.1:61082 - R:localhost/127.0.0.1:46232]
19:21:22.099 [Forwarding getCurrentUrl on session 56491801bc3dca313464882f52aa662e to remote] DEBUG org.asynchttpclient.netty.request.NettyRequestSender - Using pooled Channel '[id: 0x3a22059b, L:/127.0.0.1:61082 - R:localhost/127.0.0.1:46232]' for 'GET' to 'http://localhost:46232/session/56491801bc3dca313464882f52aa662e/url'
19:21:22.099 [Forwarding getCurrentUrl on session 56491801bc3dca313464882f52aa662e to remote] DEBUG org.asynchttpclient.netty.request.NettyRequestSender - Using open Channel [id: 0x3a22059b, L:/127.0.0.1:61082 - R:localhost/127.0.0.1:46232] for GET '/session/56491801bc3dca313464882f52aa662e/url'
19:21:22.104 [AsyncHttpClient-1-17] DEBUG org.asynchttpclient.netty.handler.HttpHandler - 

Request DefaultFullHttpRequest(decodeResult: success, version: HTTP/1.1, content: EmptyByteBufBE)
GET /session/56491801bc3dca313464882f52aa662e/url HTTP/1.1
User-Agent: selenium/4.8.1 (java windows)
Cache-Control: no-cache
Content-Type: application/json; charset=utf-8
host: localhost:46232
accept: */*

Response DefaultHttpResponse(decodeResult: success, version: HTTP/1.1)
HTTP/1.1 200 OK
Content-Length: 41
Content-Type: application/json; charset=utf-8
cache-control: no-cache

19:21:22.104 [AsyncHttpClient-1-17] DEBUG org.asynchttpclient.netty.channel.ChannelManager - Adding key: http://localhost:46232 for channel [id: 0x3a22059b, L:/127.0.0.1:61082 - R:localhost/127.0.0.1:46232]
19:21:22.104 [Forwarding screenshot on session 56491801bc3dca313464882f52aa662e to remote] DEBUG org.asynchttpclient.netty.request.NettyRequestSender - Using pooled Channel '[id: 0x3a22059b, L:/127.0.0.1:61082 - R:localhost/127.0.0.1:46232]' for 'GET' to 'http://localhost:46232/session/56491801bc3dca313464882f52aa662e/screenshot'
19:21:22.104 [Forwarding screenshot on session 56491801bc3dca313464882f52aa662e to remote] DEBUG org.asynchttpclient.netty.request.NettyRequestSender - Using open Channel [id: 0x3a22059b, L:/127.0.0.1:61082 - R:localhost/127.0.0.1:46232] for GET '/session/56491801bc3dca313464882f52aa662e/screenshot'
19:21:22.272 [AsyncHttpClient-1-17] DEBUG org.asynchttpclient.netty.handler.HttpHandler - 

Request DefaultFullHttpRequest(decodeResult: success, version: HTTP/1.1, content: EmptyByteBufBE)
GET /session/56491801bc3dca313464882f52aa662e/screenshot HTTP/1.1
User-Agent: selenium/4.8.1 (java windows)
Cache-Control: no-cache
Content-Type: application/json; charset=utf-8
host: localhost:46232
accept: */*

Response DefaultHttpResponse(decodeResult: success, version: HTTP/1.1)
HTTP/1.1 200 OK
Content-Length: 45280
Content-Type: application/json; charset=utf-8
cache-control: no-cache

19:21:22.272 [AsyncHttpClient-1-17] DEBUG org.asynchttpclient.netty.channel.ChannelManager - Adding key: http://localhost:46232 for channel [id: 0x3a22059b, L:/127.0.0.1:61082 - R:localhost/127.0.0.1:46232]
19:21:22.274 [main] DEBUG net.serenitybdd.core.photography.Darkroom - Send negative for processing for target\site\serenity\729e47ba5b60503a6fadae77c1548b8776588cba1572978956ce51ac7dbb5b2c.png
19:21:22.274 [main] DEBUG net.thucydides.core.steps.StepInterceptor - STEP DONE: clickUserIcon
  &amp#27;[32mWhen &amp#27;[0m&amp#27;[32mI click user icon&amp#27;[0m                                  &amp#27;[90m# starter.stepdefinitions.LogoutSteps.clickUserIcon()&amp#27;[0m
19:21:22.274 [Darkroom Processing Line] DEBUG net.serenitybdd.core.photography.DarkroomProcessingLine - Processing screenshot image in /var/screenshots/screenshot-18297021073372264117
19:21:22.274 [Darkroom Processing Line] DEBUG net.serenitybdd.core.photography.DarkroomProcessingLine - Saving screenshot to target\site\serenity\729e47ba5b60503a6fadae77c1548b8776588cba1572978956ce51ac7dbb5b2c.png
19:21:22.281 [Forwarding getPageSource on session 56491801bc3dca313464882f52aa662e to remote] DEBUG org.asynchttpclient.netty.request.NettyRequestSender - Using pooled Channel '[id: 0x3a22059b, L:/127.0.0.1:61082 - R:localhost/127.0.0.1:46232]' for 'POST' to 'http://localhost:46232/session/56491801bc3dca313464882f52aa662e/execute/sync'
19:21:22.281 [Forwarding getPageSource on session 56491801bc3dca313464882f52aa662e to remote] DEBUG org.asynchttpclient.netty.request.NettyRequestSender - Using open Channel [id: 0x3a22059b, L:/127.0.0.1:61082 - R:localhost/127.0.0.1:46232] for POST '/session/56491801bc3dca313464882f52aa662e/execute/sync'
19:21:22.290 [AsyncHttpClient-1-17] DEBUG org.asynchttpclient.netty.handler.HttpHandler - 

Request DefaultHttpRequest(decodeResult: success, version: HTTP/1.1)
POST /session/56491801bc3dca313464882f52aa662e/execute/sync HTTP/1.1
User-Agent: selenium/4.8.1 (java windows)
Content-Length: 176
Content-Type: application/json; charset=utf-8
host: localhost:46232
accept: */*

Response DefaultHttpResponse(decodeResult: success, version: HTTP/1.1)
HTTP/1.1 200 OK
Content-Length: 30092
Content-Type: application/json; charset=utf-8
cache-control: no-cache

19:21:22.290 [AsyncHttpClient-1-17] DEBUG org.asynchttpclient.netty.channel.ChannelManager - Adding key: http://localhost:46232 for channel [id: 0x3a22059b, L:/127.0.0.1:61082 - R:localhost/127.0.0.1:46232]
19:21:22.291 [Forwarding getCurrentUrl on session 56491801bc3dca313464882f52aa662e to remote] DEBUG org.asynchttpclient.netty.request.NettyRequestSender - Using pooled Channel '[id: 0x3a22059b, L:/127.0.0.1:61082 - R:localhost/127.0.0.1:46232]' for 'GET' to 'http://localhost:46232/session/56491801bc3dca313464882f52aa662e/url'
19:21:22.291 [Forwarding getCurrentUrl on session 56491801bc3dca313464882f52aa662e to remote] DEBUG org.asynchttpclient.netty.request.NettyRequestSender - Using open Channel [id: 0x3a22059b, L:/127.0.0.1:61082 - R:localhost/127.0.0.1:46232] for GET '/session/56491801bc3dca313464882f52aa662e/url'
19:21:22.295 [AsyncHttpClient-1-17] DEBUG org.asynchttpclient.netty.handler.HttpHandler - 

Request DefaultFullHttpRequest(decodeResult: success, version: HTTP/1.1, content: EmptyByteBufBE)
GET /session/56491801bc3dca313464882f52aa662e/url HTTP/1.1
User-Agent: selenium/4.8.1 (java windows)
Cache-Control: no-cache
Content-Type: application/json; charset=utf-8
host: localhost:46232
accept: */*

Response DefaultHttpResponse(decodeResult: success, version: HTTP/1.1)
HTTP/1.1 200 OK
Content-Length: 41
Content-Type: application/json; charset=utf-8
cache-control: no-cache

19:21:22.295 [AsyncHttpClient-1-17] DEBUG org.asynchttpclient.netty.channel.ChannelManager - Adding key: http://localhost:46232 for channel [id: 0x3a22059b, L:/127.0.0.1:61082 - R:localhost/127.0.0.1:46232]
19:21:22.374 [Forwarding getAlertText on session 56491801bc3dca313464882f52aa662e to remote] DEBUG org.asynchttpclient.netty.request.NettyRequestSender - Using pooled Channel '[id: 0x3a22059b, L:/127.0.0.1:61082 - R:localhost/127.0.0.1:46232]' for 'GET' to 'http://localhost:46232/session/56491801bc3dca313464882f52aa662e/alert/text'
19:21:22.374 [Forwarding getAlertText on session 56491801bc3dca313464882f52aa662e to remote] DEBUG org.asynchttpclient.netty.request.NettyRequestSender - Using open Channel [id: 0x3a22059b, L:/127.0.0.1:61082 - R:localhost/127.0.0.1:46232] for GET '/session/56491801bc3dca313464882f52aa662e/alert/text'
19:21:22.375 [AsyncHttpClient-1-17] DEBUG org.asynchttpclient.netty.handler.HttpHandler - 

Request DefaultFullHttpRequest(decodeResult: success, version: HTTP/1.1, content: EmptyByteBufBE)
GET /session/56491801bc3dca313464882f52aa662e/alert/text HTTP/1.1
User-Agent: selenium/4.8.1 (java windows)
Cache-Control: no-cache
Content-Type: application/json; charset=utf-8
host: localhost:46232
accept: */*

Response DefaultHttpResponse(decodeResult: success, version: HTTP/1.1)
HTTP/1.1 404 Not Found
Content-Length: 847
Content-Type: application/json; charset=utf-8
cache-control: no-cache

19:21:22.376 [AsyncHttpClient-1-17] DEBUG org.asynchttpclient.netty.channel.ChannelManager - Adding key: http://localhost:46232 for channel [id: 0x3a22059b, L:/127.0.0.1:61082 - R:localhost/127.0.0.1:46232]
19:21:22.377 [Forwarding getCurrentUrl on session 56491801bc3dca313464882f52aa662e to remote] DEBUG org.asynchttpclient.netty.request.NettyRequestSender - Using pooled Channel '[id: 0x3a22059b, L:/127.0.0.1:61082 - R:localhost/127.0.0.1:46232]' for 'GET' to 'http://localhost:46232/session/56491801bc3dca313464882f52aa662e/url'
19:21:22.377 [Forwarding getCurrentUrl on session 56491801bc3dca313464882f52aa662e to remote] DEBUG org.asynchttpclient.netty.request.NettyRequestSender - Using open Channel [id: 0x3a22059b, L:/127.0.0.1:61082 - R:localhost/127.0.0.1:46232] for GET '/session/56491801bc3dca313464882f52aa662e/url'
19:21:22.385 [AsyncHttpClient-1-17] DEBUG org.asynchttpclient.netty.handler.HttpHandler - 

Request DefaultFullHttpRequest(decodeResult: success, version: HTTP/1.1, content: EmptyByteBufBE)
GET /session/56491801bc3dca313464882f52aa662e/url HTTP/1.1
User-Agent: selenium/4.8.1 (java windows)
Cache-Control: no-cache
Content-Type: application/json; charset=utf-8
host: localhost:46232
accept: */*

Response DefaultHttpResponse(decodeResult: success, version: HTTP/1.1)
HTTP/1.1 200 OK
Content-Length: 41
Content-Type: application/json; charset=utf-8
cache-control: no-cache

19:21:22.385 [AsyncHttpClient-1-17] DEBUG org.asynchttpclient.netty.channel.ChannelManager - Adding key: http://localhost:46232 for channel [id: 0x3a22059b, L:/127.0.0.1:61082 - R:localhost/127.0.0.1:46232]
19:21:22.386 [Forwarding screenshot on session 56491801bc3dca313464882f52aa662e to remote] DEBUG org.asynchttpclient.netty.request.NettyRequestSender - Using pooled Channel '[id: 0x3a22059b, L:/127.0.0.1:61082 - R:localhost/127.0.0.1:46232]' for 'GET' to 'http://localhost:46232/session/56491801bc3dca313464882f52aa662e/screenshot'
19:21:22.386 [Forwarding screenshot on session 56491801bc3dca313464882f52aa662e to remote] DEBUG org.asynchttpclient.netty.request.NettyRequestSender - Using open Channel [id: 0x3a22059b, L:/127.0.0.1:61082 - R:localhost/127.0.0.1:46232] for GET '/session/56491801bc3dca313464882f52aa662e/screenshot'
19:21:22.500 [AsyncHttpClient-1-17] DEBUG org.asynchttpclient.netty.handler.HttpHandler - 

Request DefaultFullHttpRequest(decodeResult: success, version: HTTP/1.1, content: EmptyByteBufBE)
GET /session/56491801bc3dca313464882f52aa662e/screenshot HTTP/1.1
User-Agent: selenium/4.8.1 (java windows)
Cache-Control: no-cache
Content-Type: application/json; charset=utf-8
host: localhost:46232
accept: */*

Response DefaultHttpResponse(decodeResult: success, version: HTTP/1.1)
HTTP/1.1 200 OK
Content-Length: 39552
Content-Type: application/json; charset=utf-8
cache-control: no-cache

19:21:22.500 [AsyncHttpClient-1-17] DEBUG org.asynchttpclient.netty.channel.ChannelManager - Adding key: http://localhost:46232 for channel [id: 0x3a22059b, L:/127.0.0.1:61082 - R:localhost/127.0.0.1:46232]
19:21:22.502 [main] DEBUG net.serenitybdd.core.photography.Darkroom - Send negative for processing for target\site\serenity\b926e570286270c8410ef5de7022ed44c382f86da72395f51948df31443605e0.png
19:21:22.502 [Darkroom Processing Line] DEBUG net.serenitybdd.core.photography.DarkroomProcessingLine - Processing screenshot image in /var/screenshots/screenshot-8167494801561682833
19:21:22.502 [Darkroom Processing Line] DEBUG net.serenitybdd.core.photography.DarkroomProcessingLine - Saving screenshot to target\site\serenity\b926e570286270c8410ef5de7022ed44c382f86da72395f51948df31443605e0.png
19:21:22.503 [AsyncHttpClient-1-1] DEBUG org.asynchttpclient.netty.channel.DefaultChannelPool - Entry count for : http://localhost:61083 : 1
19:21:22.503 [AsyncHttpClient-1-1] DEBUG org.asynchttpclient.netty.channel.DefaultChannelPool - Entry count for : http://localhost:46232 : 1
19:21:22.504 [Forwarding getPageSource on session 56491801bc3dca313464882f52aa662e to remote] DEBUG org.asynchttpclient.netty.request.NettyRequestSender - Using pooled Channel '[id: 0x3a22059b, L:/127.0.0.1:61082 - R:localhost/127.0.0.1:46232]' for 'POST' to 'http://localhost:46232/session/56491801bc3dca313464882f52aa662e/execute/sync'
19:21:22.504 [Forwarding getPageSource on session 56491801bc3dca313464882f52aa662e to remote] DEBUG org.asynchttpclient.netty.request.NettyRequestSender - Using open Channel [id: 0x3a22059b, L:/127.0.0.1:61082 - R:localhost/127.0.0.1:46232] for POST '/session/56491801bc3dca313464882f52aa662e/execute/sync'
19:21:22.512 [AsyncHttpClient-1-17] DEBUG org.asynchttpclient.netty.handler.HttpHandler - 

Request DefaultHttpRequest(decodeResult: success, version: HTTP/1.1)
POST /session/56491801bc3dca313464882f52aa662e/execute/sync HTTP/1.1
User-Agent: selenium/4.8.1 (java windows)
Content-Length: 176
Content-Type: application/json; charset=utf-8
host: localhost:46232
accept: */*

Response DefaultHttpResponse(decodeResult: success, version: HTTP/1.1)
HTTP/1.1 200 OK
Content-Length: 30035
Content-Type: application/json; charset=utf-8
cache-control: no-cache

19:21:22.512 [AsyncHttpClient-1-17] DEBUG org.asynchttpclient.netty.channel.ChannelManager - Adding key: http://localhost:46232 for channel [id: 0x3a22059b, L:/127.0.0.1:61082 - R:localhost/127.0.0.1:46232]
19:21:22.514 [Forwarding getCurrentUrl on session 56491801bc3dca313464882f52aa662e to remote] DEBUG org.asynchttpclient.netty.request.NettyRequestSender - Using pooled Channel '[id: 0x3a22059b, L:/127.0.0.1:61082 - R:localhost/127.0.0.1:46232]' for 'GET' to 'http://localhost:46232/session/56491801bc3dca313464882f52aa662e/url'
19:21:22.514 [Forwarding getCurrentUrl on session 56491801bc3dca313464882f52aa662e to remote] DEBUG org.asynchttpclient.netty.request.NettyRequestSender - Using open Channel [id: 0x3a22059b, L:/127.0.0.1:61082 - R:localhost/127.0.0.1:46232] for GET '/session/56491801bc3dca313464882f52aa662e/url'
19:21:22.518 [AsyncHttpClient-1-17] DEBUG org.asynchttpclient.netty.handler.HttpHandler - 

Request DefaultFullHttpRequest(decodeResult: success, version: HTTP/1.1, content: EmptyByteBufBE)
GET /session/56491801bc3dca313464882f52aa662e/url HTTP/1.1
User-Agent: selenium/4.8.1 (java windows)
Cache-Control: no-cache
Content-Type: application/json; charset=utf-8
host: localhost:46232
accept: */*

Response DefaultHttpResponse(decodeResult: success, version: HTTP/1.1)
HTTP/1.1 200 OK
Content-Length: 41
Content-Type: application/json; charset=utf-8
cache-control: no-cache

19:21:22.518 [AsyncHttpClient-1-17] DEBUG org.asynchttpclient.netty.channel.ChannelManager - Adding key: http://localhost:46232 for channel [id: 0x3a22059b, L:/127.0.0.1:61082 - R:localhost/127.0.0.1:46232]
19:21:22.520 [main] DEBUG net.thucydides.core.steps.StepInterceptor - STARTING STEP: TransactionSteps.clickTransactionOption - clickTransactionOption
19:21:22.523 [Forwarding findElement on session 56491801bc3dca313464882f52aa662e to remote] DEBUG org.asynchttpclient.netty.request.NettyRequestSender - Using pooled Channel '[id: 0x3a22059b, L:/127.0.0.1:61082 - R:localhost/127.0.0.1:46232]' for 'POST' to 'http://localhost:46232/session/56491801bc3dca313464882f52aa662e/element'
19:21:22.523 [Forwarding findElement on session 56491801bc3dca313464882f52aa662e to remote] DEBUG org.asynchttpclient.netty.request.NettyRequestSender - Using open Channel [id: 0x3a22059b, L:/127.0.0.1:61082 - R:localhost/127.0.0.1:46232] for POST '/session/56491801bc3dca313464882f52aa662e/element'
19:21:22.535 [AsyncHttpClient-1-17] DEBUG org.asynchttpclient.netty.handler.HttpHandler - 

Request DefaultHttpRequest(decodeResult: success, version: HTTP/1.1)
POST /session/56491801bc3dca313464882f52aa662e/element HTTP/1.1
User-Agent: selenium/4.8.1 (java windows)
Content-Length: 132
Content-Type: application/json; charset=utf-8
host: localhost:46232
accept: */*

Response DefaultHttpResponse(decodeResult: success, version: HTTP/1.1)
HTTP/1.1 200 OK
Content-Length: 95
Content-Type: application/json; charset=utf-8
cache-control: no-cache

19:21:22.535 [AsyncHttpClient-1-17] DEBUG org.asynchttpclient.netty.channel.ChannelManager - Adding key: http://localhost:46232 for channel [id: 0x3a22059b, L:/127.0.0.1:61082 - R:localhost/127.0.0.1:46232]
19:21:22.536 [Forwarding getElementTagName on session 56491801bc3dca313464882f52aa662e to remote] DEBUG org.asynchttpclient.netty.request.NettyRequestSender - Using pooled Channel '[id: 0x3a22059b, L:/127.0.0.1:61082 - R:localhost/127.0.0.1:46232]' for 'GET' to 'http://localhost:46232/session/56491801bc3dca313464882f52aa662e/element/D286F9D0AA3C4F0ED304754108369F9E_element_12/name'
19:21:22.536 [Forwarding getElementTagName on session 56491801bc3dca313464882f52aa662e to remote] DEBUG org.asynchttpclient.netty.request.NettyRequestSender - Using open Channel [id: 0x3a22059b, L:/127.0.0.1:61082 - R:localhost/127.0.0.1:46232] for GET '/session/56491801bc3dca313464882f52aa662e/element/D286F9D0AA3C4F0ED304754108369F9E_element_12/name'
19:21:22.540 [AsyncHttpClient-1-17] DEBUG org.asynchttpclient.netty.handler.HttpHandler - 

Request DefaultFullHttpRequest(decodeResult: success, version: HTTP/1.1, content: EmptyByteBufBE)
GET /session/56491801bc3dca313464882f52aa662e/element/D286F9D0AA3C4F0ED304754108369F9E_element_12/name HTTP/1.1
User-Agent: selenium/4.8.1 (java windows)
Cache-Control: no-cache
Content-Type: application/json; charset=utf-8
host: localhost:46232
accept: */*

Response DefaultHttpResponse(decodeResult: success, version: HTTP/1.1)
HTTP/1.1 200 OK
Content-Length: 15
Content-Type: application/json; charset=utf-8
cache-control: no-cache

19:21:22.540 [AsyncHttpClient-1-17] DEBUG org.asynchttpclient.netty.channel.ChannelManager - Adding key: http://localhost:46232 for channel [id: 0x3a22059b, L:/127.0.0.1:61082 - R:localhost/127.0.0.1:46232]
19:21:22.541 [Forwarding getElementTagName on session 56491801bc3dca313464882f52aa662e to remote] DEBUG org.asynchttpclient.netty.request.NettyRequestSender - Using pooled Channel '[id: 0x3a22059b, L:/127.0.0.1:61082 - R:localhost/127.0.0.1:46232]' for 'GET' to 'http://localhost:46232/session/56491801bc3dca313464882f52aa662e/element/D286F9D0AA3C4F0ED304754108369F9E_element_12/name'
19:21:22.541 [Forwarding getElementTagName on session 56491801bc3dca313464882f52aa662e to remote] DEBUG org.asynchttpclient.netty.request.NettyRequestSender - Using open Channel [id: 0x3a22059b, L:/127.0.0.1:61082 - R:localhost/127.0.0.1:46232] for GET '/session/56491801bc3dca313464882f52aa662e/element/D286F9D0AA3C4F0ED304754108369F9E_element_12/name'
19:21:22.545 [AsyncHttpClient-1-17] DEBUG org.asynchttpclient.netty.handler.HttpHandler - 

Request DefaultFullHttpRequest(decodeResult: success, version: HTTP/1.1, content: EmptyByteBufBE)
GET /session/56491801bc3dca313464882f52aa662e/element/D286F9D0AA3C4F0ED304754108369F9E_element_12/name HTTP/1.1
User-Agent: selenium/4.8.1 (java windows)
Cache-Control: no-cache
Content-Type: application/json; charset=utf-8
host: localhost:46232
accept: */*

Response DefaultHttpResponse(decodeResult: success, version: HTTP/1.1)
HTTP/1.1 200 OK
Content-Length: 15
Content-Type: application/json; charset=utf-8
cache-control: no-cache

19:21:22.546 [AsyncHttpClient-1-17] DEBUG org.asynchttpclient.netty.channel.ChannelManager - Adding key: http://localhost:46232 for channel [id: 0x3a22059b, L:/127.0.0.1:61082 - R:localhost/127.0.0.1:46232]
19:21:22.547 [Forwarding findElement on session 56491801bc3dca313464882f52aa662e to remote] DEBUG org.asynchttpclient.netty.request.NettyRequestSender - Using pooled Channel '[id: 0x3a22059b, L:/127.0.0.1:61082 - R:localhost/127.0.0.1:46232]' for 'POST' to 'http://localhost:46232/session/56491801bc3dca313464882f52aa662e/element'
19:21:22.547 [Forwarding findElement on session 56491801bc3dca313464882f52aa662e to remote] DEBUG org.asynchttpclient.netty.request.NettyRequestSender - Using open Channel [id: 0x3a22059b, L:/127.0.0.1:61082 - R:localhost/127.0.0.1:46232] for POST '/session/56491801bc3dca313464882f52aa662e/element'
19:21:22.556 [AsyncHttpClient-1-17] DEBUG org.asynchttpclient.netty.handler.HttpHandler - 

Request DefaultHttpRequest(decodeResult: success, version: HTTP/1.1)
POST /session/56491801bc3dca313464882f52aa662e/element HTTP/1.1
User-Agent: selenium/4.8.1 (java windows)
Content-Length: 132
Content-Type: application/json; charset=utf-8
host: localhost:46232
accept: */*

Response DefaultHttpResponse(decodeResult: success, version: HTTP/1.1)
HTTP/1.1 200 OK
Content-Length: 95
Content-Type: application/json; charset=utf-8
cache-control: no-cache

19:21:22.556 [AsyncHttpClient-1-17] DEBUG org.asynchttpclient.netty.channel.ChannelManager - Adding key: http://localhost:46232 for channel [id: 0x3a22059b, L:/127.0.0.1:61082 - R:localhost/127.0.0.1:46232]
19:21:22.556 [Forwarding clickElement on session 56491801bc3dca313464882f52aa662e to remote] DEBUG org.asynchttpclient.netty.request.NettyRequestSender - Using pooled Channel '[id: 0x3a22059b, L:/127.0.0.1:61082 - R:localhost/127.0.0.1:46232]' for 'POST' to 'http://localhost:46232/session/56491801bc3dca313464882f52aa662e/element/D286F9D0AA3C4F0ED304754108369F9E_element_12/click'
19:21:22.556 [Forwarding clickElement on session 56491801bc3dca313464882f52aa662e to remote] DEBUG org.asynchttpclient.netty.request.NettyRequestSender - Using open Channel [id: 0x3a22059b, L:/127.0.0.1:61082 - R:localhost/127.0.0.1:46232] for POST '/session/56491801bc3dca313464882f52aa662e/element/D286F9D0AA3C4F0ED304754108369F9E_element_12/click'
19:21:22.620 [AsyncHttpClient-1-17] DEBUG org.asynchttpclient.netty.handler.HttpHandler - 

Request DefaultHttpRequest(decodeResult: success, version: HTTP/1.1)
POST /session/56491801bc3dca313464882f52aa662e/element/D286F9D0AA3C4F0ED304754108369F9E_element_12/click HTTP/1.1
User-Agent: selenium/4.8.1 (java windows)
Content-Length: 57
Content-Type: application/json; charset=utf-8
host: localhost:46232
accept: */*

Response DefaultHttpResponse(decodeResult: success, version: HTTP/1.1)
HTTP/1.1 200 OK
Content-Length: 14
Content-Type: application/json; charset=utf-8
cache-control: no-cache

19:21:22.620 [AsyncHttpClient-1-17] DEBUG org.asynchttpclient.netty.channel.ChannelManager - Adding key: http://localhost:46232 for channel [id: 0x3a22059b, L:/127.0.0.1:61082 - R:localhost/127.0.0.1:46232]
19:21:22.629 [Forwarding getAlertText on session 56491801bc3dca313464882f52aa662e to remote] DEBUG org.asynchttpclient.netty.request.NettyRequestSender - Using pooled Channel '[id: 0x3a22059b, L:/127.0.0.1:61082 - R:localhost/127.0.0.1:46232]' for 'GET' to 'http://localhost:46232/session/56491801bc3dca313464882f52aa662e/alert/text'
19:21:22.629 [Forwarding getAlertText on session 56491801bc3dca313464882f52aa662e to remote] DEBUG org.asynchttpclient.netty.request.NettyRequestSender - Using open Channel [id: 0x3a22059b, L:/127.0.0.1:61082 - R:localhost/127.0.0.1:46232] for GET '/session/56491801bc3dca313464882f52aa662e/alert/text'
19:21:22.699 [AsyncHttpClient-1-17] DEBUG org.asynchttpclient.netty.handler.HttpHandler - 

Request DefaultFullHttpRequest(decodeResult: success, version: HTTP/1.1, content: EmptyByteBufBE)
GET /session/56491801bc3dca313464882f52aa662e/alert/text HTTP/1.1
User-Agent: selenium/4.8.1 (java windows)
Cache-Control: no-cache
Content-Type: application/json; charset=utf-8
host: localhost:46232
accept: */*

Response DefaultHttpResponse(decodeResult: success, version: HTTP/1.1)
HTTP/1.1 404 Not Found
Content-Length: 847
Content-Type: application/json; charset=utf-8
cache-control: no-cache

19:21:22.699 [AsyncHttpClient-1-17] DEBUG org.asynchttpclient.netty.channel.ChannelManager - Adding key: http://localhost:46232 for channel [id: 0x3a22059b, L:/127.0.0.1:61082 - R:localhost/127.0.0.1:46232]
19:21:22.700 [Forwarding getCurrentUrl on session 56491801bc3dca313464882f52aa662e to remote] DEBUG org.asynchttpclient.netty.request.NettyRequestSender - Using pooled Channel '[id: 0x3a22059b, L:/127.0.0.1:61082 - R:localhost/127.0.0.1:46232]' for 'GET' to 'http://localhost:46232/session/56491801bc3dca313464882f52aa662e/url'
19:21:22.700 [Forwarding getCurrentUrl on session 56491801bc3dca313464882f52aa662e to remote] DEBUG org.asynchttpclient.netty.request.NettyRequestSender - Using open Channel [id: 0x3a22059b, L:/127.0.0.1:61082 - R:localhost/127.0.0.1:46232] for GET '/session/56491801bc3dca313464882f52aa662e/url'
19:21:22.707 [AsyncHttpClient-1-17] DEBUG org.asynchttpclient.netty.handler.HttpHandler - 

Request DefaultFullHttpRequest(decodeResult: success, version: HTTP/1.1, content: EmptyByteBufBE)
GET /session/56491801bc3dca313464882f52aa662e/url HTTP/1.1
User-Agent: selenium/4.8.1 (java windows)
Cache-Control: no-cache
Content-Type: application/json; charset=utf-8
host: localhost:46232
accept: */*

Response DefaultHttpResponse(decodeResult: success, version: HTTP/1.1)
HTTP/1.1 200 OK
Content-Length: 52
Content-Type: application/json; charset=utf-8
cache-control: no-cache

19:21:22.707 [AsyncHttpClient-1-17] DEBUG org.asynchttpclient.netty.channel.ChannelManager - Adding key: http://localhost:46232 for channel [id: 0x3a22059b, L:/127.0.0.1:61082 - R:localhost/127.0.0.1:46232]
19:21:22.708 [Forwarding screenshot on session 56491801bc3dca313464882f52aa662e to remote] DEBUG org.asynchttpclient.netty.request.NettyRequestSender - Using pooled Channel '[id: 0x3a22059b, L:/127.0.0.1:61082 - R:localhost/127.0.0.1:46232]' for 'GET' to 'http://localhost:46232/session/56491801bc3dca313464882f52aa662e/screenshot'
19:21:22.708 [Forwarding screenshot on session 56491801bc3dca313464882f52aa662e to remote] DEBUG org.asynchttpclient.netty.request.NettyRequestSender - Using open Channel [id: 0x3a22059b, L:/127.0.0.1:61082 - R:localhost/127.0.0.1:46232] for GET '/session/56491801bc3dca313464882f52aa662e/screenshot'
19:21:22.952 [AsyncHttpClient-1-17] DEBUG org.asynchttpclient.netty.handler.HttpHandler - 

Request DefaultFullHttpRequest(decodeResult: success, version: HTTP/1.1, content: EmptyByteBufBE)
GET /session/56491801bc3dca313464882f52aa662e/screenshot HTTP/1.1
User-Agent: selenium/4.8.1 (java windows)
Cache-Control: no-cache
Content-Type: application/json; charset=utf-8
host: localhost:46232
accept: */*

Response DefaultHttpResponse(decodeResult: success, version: HTTP/1.1)
HTTP/1.1 200 OK
Content-Length: 40492
Content-Type: application/json; charset=utf-8
cache-control: no-cache

19:21:22.952 [AsyncHttpClient-1-17] DEBUG org.asynchttpclient.netty.channel.ChannelManager - Adding key: http://localhost:46232 for channel [id: 0x3a22059b, L:/127.0.0.1:61082 - R:localhost/127.0.0.1:46232]
19:21:22.954 [main] DEBUG net.serenitybdd.core.photography.Darkroom - Send negative for processing for target\site\serenity\48a9fac507d1743162801c4039fab0e0e8c720110f893f599d8a53ad10590882.png
19:21:22.954 [main] DEBUG net.thucydides.core.steps.StepInterceptor - STEP DONE: clickTransactionOption
  &amp#27;[32mAnd &amp#27;[0m&amp#27;[32mI click transaction option&amp#27;[0m                          &amp#27;[90m# starter.stepdefinitions.TransactionSteps.clickTransactionOption()&amp#27;[0m
19:21:22.954 [Darkroom Processing Line] DEBUG net.serenitybdd.core.photography.DarkroomProcessingLine - Processing screenshot image in /var/screenshots/screenshot-13153195882562184644
19:21:22.954 [Darkroom Processing Line] DEBUG net.serenitybdd.core.photography.DarkroomProcessingLine - Saving screenshot to target\site\serenity\48a9fac507d1743162801c4039fab0e0e8c720110f893f599d8a53ad10590882.png
19:21:22.964 [Forwarding getPageSource on session 56491801bc3dca313464882f52aa662e to remote] DEBUG org.asynchttpclient.netty.request.NettyRequestSender - Using pooled Channel '[id: 0x3a22059b, L:/127.0.0.1:61082 - R:localhost/127.0.0.1:46232]' for 'POST' to 'http://localhost:46232/session/56491801bc3dca313464882f52aa662e/execute/sync'
19:21:22.964 [Forwarding getPageSource on session 56491801bc3dca313464882f52aa662e to remote] DEBUG org.asynchttpclient.netty.request.NettyRequestSender - Using open Channel [id: 0x3a22059b, L:/127.0.0.1:61082 - R:localhost/127.0.0.1:46232] for POST '/session/56491801bc3dca313464882f52aa662e/execute/sync'
19:21:22.972 [AsyncHttpClient-1-17] DEBUG org.asynchttpclient.netty.handler.HttpHandler - 

Request DefaultHttpRequest(decodeResult: success, version: HTTP/1.1)
POST /session/56491801bc3dca313464882f52aa662e/execute/sync HTTP/1.1
User-Agent: selenium/4.8.1 (java windows)
Content-Length: 176
Content-Type: application/json; charset=utf-8
host: localhost:46232
accept: */*

Response DefaultHttpResponse(decodeResult: success, version: HTTP/1.1)
HTTP/1.1 200 OK
Content-Length: 25353
Content-Type: application/json; charset=utf-8
cache-control: no-cache

19:21:22.972 [AsyncHttpClient-1-17] DEBUG org.asynchttpclient.netty.channel.ChannelManager - Adding key: http://localhost:46232 for channel [id: 0x3a22059b, L:/127.0.0.1:61082 - R:localhost/127.0.0.1:46232]
19:21:22.988 [Forwarding getCurrentUrl on session 56491801bc3dca313464882f52aa662e to remote] DEBUG org.asynchttpclient.netty.request.NettyRequestSender - Using pooled Channel '[id: 0x3a22059b, L:/127.0.0.1:61082 - R:localhost/127.0.0.1:46232]' for 'GET' to 'http://localhost:46232/session/56491801bc3dca313464882f52aa662e/url'
19:21:22.988 [Forwarding getCurrentUrl on session 56491801bc3dca313464882f52aa662e to remote] DEBUG org.asynchttpclient.netty.request.NettyRequestSender - Using open Channel [id: 0x3a22059b, L:/127.0.0.1:61082 - R:localhost/127.0.0.1:46232] for GET '/session/56491801bc3dca313464882f52aa662e/url'
19:21:22.992 [AsyncHttpClient-1-17] DEBUG org.asynchttpclient.netty.handler.HttpHandler - 

Request DefaultFullHttpRequest(decodeResult: success, version: HTTP/1.1, content: EmptyByteBufBE)
GET /session/56491801bc3dca313464882f52aa662e/url HTTP/1.1
User-Agent: selenium/4.8.1 (java windows)
Cache-Control: no-cache
Content-Type: application/json; charset=utf-8
host: localhost:46232
accept: */*

Response DefaultHttpResponse(decodeResult: success, version: HTTP/1.1)
HTTP/1.1 200 OK
Content-Length: 52
Content-Type: application/json; charset=utf-8
cache-control: no-cache

19:21:22.993 [AsyncHttpClient-1-17] DEBUG org.asynchttpclient.netty.channel.ChannelManager - Adding key: http://localhost:46232 for channel [id: 0x3a22059b, L:/127.0.0.1:61082 - R:localhost/127.0.0.1:46232]
19:21:23.002 [Forwarding getPageSource on session 56491801bc3dca313464882f52aa662e to remote] DEBUG org.asynchttpclient.netty.request.NettyRequestSender - Using pooled Channel '[id: 0x3a22059b, L:/127.0.0.1:61082 - R:localhost/127.0.0.1:46232]' for 'POST' to 'http://localhost:46232/session/56491801bc3dca313464882f52aa662e/execute/sync'
19:21:23.002 [Forwarding getPageSource on session 56491801bc3dca313464882f52aa662e to remote] DEBUG org.asynchttpclient.netty.request.NettyRequestSender - Using open Channel [id: 0x3a22059b, L:/127.0.0.1:61082 - R:localhost/127.0.0.1:46232] for POST '/session/56491801bc3dca313464882f52aa662e/execute/sync'
19:21:23.010 [AsyncHttpClient-1-17] DEBUG org.asynchttpclient.netty.handler.HttpHandler - 

Request DefaultHttpRequest(decodeResult: success, version: HTTP/1.1)
POST /session/56491801bc3dca313464882f52aa662e/execute/sync HTTP/1.1
User-Agent: selenium/4.8.1 (java windows)
Content-Length: 176
Content-Type: application/json; charset=utf-8
host: localhost:46232
accept: */*

Response DefaultHttpResponse(decodeResult: success, version: HTTP/1.1)
HTTP/1.1 200 OK
Content-Length: 25353
Content-Type: application/json; charset=utf-8
cache-control: no-cache

19:21:23.010 [AsyncHttpClient-1-17] DEBUG org.asynchttpclient.netty.channel.ChannelManager - Adding key: http://localhost:46232 for channel [id: 0x3a22059b, L:/127.0.0.1:61082 - R:localhost/127.0.0.1:46232]
19:21:23.015 [Forwarding getCurrentUrl on session 56491801bc3dca313464882f52aa662e to remote] DEBUG org.asynchttpclient.netty.request.NettyRequestSender - Using pooled Channel '[id: 0x3a22059b, L:/127.0.0.1:61082 - R:localhost/127.0.0.1:46232]' for 'GET' to 'http://localhost:46232/session/56491801bc3dca313464882f52aa662e/url'
19:21:23.015 [Forwarding getCurrentUrl on session 56491801bc3dca313464882f52aa662e to remote] DEBUG org.asynchttpclient.netty.request.NettyRequestSender - Using open Channel [id: 0x3a22059b, L:/127.0.0.1:61082 - R:localhost/127.0.0.1:46232] for GET '/session/56491801bc3dca313464882f52aa662e/url'
19:21:23.023 [AsyncHttpClient-1-17] DEBUG org.asynchttpclient.netty.handler.HttpHandler - 

Request DefaultFullHttpRequest(decodeResult: success, version: HTTP/1.1, content: EmptyByteBufBE)
GET /session/56491801bc3dca313464882f52aa662e/url HTTP/1.1
User-Agent: selenium/4.8.1 (java windows)
Cache-Control: no-cache
Content-Type: application/json; charset=utf-8
host: localhost:46232
accept: */*

Response DefaultHttpResponse(decodeResult: success, version: HTTP/1.1)
HTTP/1.1 200 OK
Content-Length: 52
Content-Type: application/json; charset=utf-8
cache-control: no-cache

19:21:23.023 [AsyncHttpClient-1-17] DEBUG org.asynchttpclient.netty.channel.ChannelManager - Adding key: http://localhost:46232 for channel [id: 0x3a22059b, L:/127.0.0.1:61082 - R:localhost/127.0.0.1:46232]
19:21:23.025 [main] DEBUG net.thucydides.core.steps.StepInterceptor - STARTING STEP: TransactionSteps.validateOnTransactionPage - validateOnTransactionPage
19:21:23.027 [Forwarding findElement on session 56491801bc3dca313464882f52aa662e to remote] DEBUG org.asynchttpclient.netty.request.NettyRequestSender - Using pooled Channel '[id: 0x3a22059b, L:/127.0.0.1:61082 - R:localhost/127.0.0.1:46232]' for 'POST' to 'http://localhost:46232/session/56491801bc3dca313464882f52aa662e/element'
19:21:23.027 [Forwarding findElement on session 56491801bc3dca313464882f52aa662e to remote] DEBUG org.asynchttpclient.netty.request.NettyRequestSender - Using open Channel [id: 0x3a22059b, L:/127.0.0.1:61082 - R:localhost/127.0.0.1:46232] for POST '/session/56491801bc3dca313464882f52aa662e/element'
19:21:23.039 [AsyncHttpClient-1-17] DEBUG org.asynchttpclient.netty.handler.HttpHandler - 

Request DefaultHttpRequest(decodeResult: success, version: HTTP/1.1)
POST /session/56491801bc3dca313464882f52aa662e/element HTTP/1.1
User-Agent: selenium/4.8.1 (java windows)
Content-Length: 85
Content-Type: application/json; charset=utf-8
host: localhost:46232
accept: */*

Response DefaultHttpResponse(decodeResult: success, version: HTTP/1.1)
HTTP/1.1 200 OK
Content-Length: 95
Content-Type: application/json; charset=utf-8
cache-control: no-cache

19:21:23.039 [AsyncHttpClient-1-17] DEBUG org.asynchttpclient.netty.channel.ChannelManager - Adding key: http://localhost:46232 for channel [id: 0x3a22059b, L:/127.0.0.1:61082 - R:localhost/127.0.0.1:46232]
19:21:23.042 [Forwarding isElementDisplayed on session 56491801bc3dca313464882f52aa662e to remote] DEBUG org.asynchttpclient.netty.request.NettyRequestSender - Using pooled Channel '[id: 0x3a22059b, L:/127.0.0.1:61082 - R:localhost/127.0.0.1:46232]' for 'POST' to 'http://localhost:46232/session/56491801bc3dca313464882f52aa662e/execute/sync'
19:21:23.042 [Forwarding isElementDisplayed on session 56491801bc3dca313464882f52aa662e to remote] DEBUG org.asynchttpclient.netty.request.NettyRequestSender - Using open Channel [id: 0x3a22059b, L:/127.0.0.1:61082 - R:localhost/127.0.0.1:46232] for POST '/session/56491801bc3dca313464882f52aa662e/execute/sync'
19:21:23.070 [AsyncHttpClient-1-17] DEBUG org.asynchttpclient.netty.handler.HttpHandler - 

Request DefaultHttpRequest(decodeResult: success, version: HTTP/1.1)
POST /session/56491801bc3dca313464882f52aa662e/execute/sync HTTP/1.1
User-Agent: selenium/4.8.1 (java windows)
Content-Length: 48814
Content-Type: application/json; charset=utf-8
host: localhost:46232
accept: */*

Response DefaultHttpResponse(decodeResult: success, version: HTTP/1.1)
HTTP/1.1 200 OK
Content-Length: 14
Content-Type: application/json; charset=utf-8
cache-control: no-cache

19:21:23.070 [AsyncHttpClient-1-17] DEBUG org.asynchttpclient.netty.channel.ChannelManager - Adding key: http://localhost:46232 for channel [id: 0x3a22059b, L:/127.0.0.1:61082 - R:localhost/127.0.0.1:46232]
19:21:23.078 [Forwarding getAlertText on session 56491801bc3dca313464882f52aa662e to remote] DEBUG org.asynchttpclient.netty.request.NettyRequestSender - Using pooled Channel '[id: 0x3a22059b, L:/127.0.0.1:61082 - R:localhost/127.0.0.1:46232]' for 'GET' to 'http://localhost:46232/session/56491801bc3dca313464882f52aa662e/alert/text'
19:21:23.078 [Forwarding getAlertText on session 56491801bc3dca313464882f52aa662e to remote] DEBUG org.asynchttpclient.netty.request.NettyRequestSender - Using open Channel [id: 0x3a22059b, L:/127.0.0.1:61082 - R:localhost/127.0.0.1:46232] for GET '/session/56491801bc3dca313464882f52aa662e/alert/text'
19:21:23.079 [AsyncHttpClient-1-17] DEBUG org.asynchttpclient.netty.handler.HttpHandler - 

Request DefaultFullHttpRequest(decodeResult: success, version: HTTP/1.1, content: EmptyByteBufBE)
GET /session/56491801bc3dca313464882f52aa662e/alert/text HTTP/1.1
User-Agent: selenium/4.8.1 (java windows)
Cache-Control: no-cache
Content-Type: application/json; charset=utf-8
host: localhost:46232
accept: */*

Response DefaultHttpResponse(decodeResult: success, version: HTTP/1.1)
HTTP/1.1 404 Not Found
Content-Length: 847
Content-Type: application/json; charset=utf-8
cache-control: no-cache

19:21:23.079 [AsyncHttpClient-1-17] DEBUG org.asynchttpclient.netty.channel.ChannelManager - Adding key: http://localhost:46232 for channel [id: 0x3a22059b, L:/127.0.0.1:61082 - R:localhost/127.0.0.1:46232]
19:21:23.081 [Forwarding getCurrentUrl on session 56491801bc3dca313464882f52aa662e to remote] DEBUG org.asynchttpclient.netty.request.NettyRequestSender - Using pooled Channel '[id: 0x3a22059b, L:/127.0.0.1:61082 - R:localhost/127.0.0.1:46232]' for 'GET' to 'http://localhost:46232/session/56491801bc3dca313464882f52aa662e/url'
19:21:23.081 [Forwarding getCurrentUrl on session 56491801bc3dca313464882f52aa662e to remote] DEBUG org.asynchttpclient.netty.request.NettyRequestSender - Using open Channel [id: 0x3a22059b, L:/127.0.0.1:61082 - R:localhost/127.0.0.1:46232] for GET '/session/56491801bc3dca313464882f52aa662e/url'
19:21:23.088 [AsyncHttpClient-1-17] DEBUG org.asynchttpclient.netty.handler.HttpHandler - 

Request DefaultFullHttpRequest(decodeResult: success, version: HTTP/1.1, content: EmptyByteBufBE)
GET /session/56491801bc3dca313464882f52aa662e/url HTTP/1.1
User-Agent: selenium/4.8.1 (java windows)
Cache-Control: no-cache
Content-Type: application/json; charset=utf-8
host: localhost:46232
accept: */*

Response DefaultHttpResponse(decodeResult: success, version: HTTP/1.1)
HTTP/1.1 200 OK
Content-Length: 52
Content-Type: application/json; charset=utf-8
cache-control: no-cache

19:21:23.088 [AsyncHttpClient-1-17] DEBUG org.asynchttpclient.netty.channel.ChannelManager - Adding key: http://localhost:46232 for channel [id: 0x3a22059b, L:/127.0.0.1:61082 - R:localhost/127.0.0.1:46232]
19:21:23.089 [Forwarding screenshot on session 56491801bc3dca313464882f52aa662e to remote] DEBUG org.asynchttpclient.netty.request.NettyRequestSender - Using pooled Channel '[id: 0x3a22059b, L:/127.0.0.1:61082 - R:localhost/127.0.0.1:46232]' for 'GET' to 'http://localhost:46232/session/56491801bc3dca313464882f52aa662e/screenshot'
19:21:23.089 [Forwarding screenshot on session 56491801bc3dca313464882f52aa662e to remote] DEBUG org.asynchttpclient.netty.request.NettyRequestSender - Using open Channel [id: 0x3a22059b, L:/127.0.0.1:61082 - R:localhost/127.0.0.1:46232] for GET '/session/56491801bc3dca313464882f52aa662e/screenshot'
19:21:23.226 [AsyncHttpClient-1-17] DEBUG org.asynchttpclient.netty.handler.HttpHandler - 

Request DefaultFullHttpRequest(decodeResult: success, version: HTTP/1.1, content: EmptyByteBufBE)
GET /session/56491801bc3dca313464882f52aa662e/screenshot HTTP/1.1
User-Agent: selenium/4.8.1 (java windows)
Cache-Control: no-cache
Content-Type: application/json; charset=utf-8
host: localhost:46232
accept: */*

Response DefaultHttpResponse(decodeResult: success, version: HTTP/1.1)
HTTP/1.1 200 OK
Content-Length: 38124
Content-Type: application/json; charset=utf-8
cache-control: no-cache

19:21:23.227 [AsyncHttpClient-1-17] DEBUG org.asynchttpclient.netty.channel.ChannelManager - Adding key: http://localhost:46232 for channel [id: 0x3a22059b, L:/127.0.0.1:61082 - R:localhost/127.0.0.1:46232]
19:21:23.229 [main] DEBUG net.serenitybdd.core.photography.Darkroom - Send negative for processing for target\site\serenity\8c81d4e31d6cd02dc0869d6da2c3377eae6b6eeff8b64c1ce785143a5d53bfb3.png
19:21:23.229 [main] DEBUG net.thucydides.core.steps.StepInterceptor - STEP DONE: validateOnTransactionPage
  &amp#27;[32mThen &amp#27;[0m&amp#27;[32mI am on the transaction page&amp#27;[0m                       &amp#27;[90m# starter.stepdefinitions.TransactionSteps.validateOnTransactionPage()&amp#27;[0m
19:21:23.229 [Darkroom Processing Line] DEBUG net.serenitybdd.core.photography.DarkroomProcessingLine - Processing screenshot image in /var/screenshots/screenshot-7965029467599358159
19:21:23.229 [Darkroom Processing Line] DEBUG net.serenitybdd.core.photography.DarkroomProcessingLine - Saving screenshot to target\site\serenity\8c81d4e31d6cd02dc0869d6da2c3377eae6b6eeff8b64c1ce785143a5d53bfb3.png
19:21:23.237 [main] INFO  - 
  _____   ___   ___   _____     ___     _     ___   ___   ___   ___  
 |_   _| | __| / __| |_   _|   | _ \   /_\   / __| / __| | __| |   \ 
   | |   | _|  \__ \   | |     |  _/  / _ \  \__ \ \__ \ | _|  | |) |
   |_|   |___| |___/   |_|     |_|   /_/ \_\ |___/ |___/ |___| |___/ 

View Transaction
----------------------------------------------------------------------
19:21:23.238 [AsyncHttpClient-1-19] DEBUG org.asynchttpclient.netty.handler.WebSocketHandler - Channel Closed: [id: 0x799f2fdb, L:/127.0.0.1:61090 ! R:localhost/127.0.0.1:61083] with attribute NettyResponseFuture{currentRetry=0,
	isDone=1,
	isCancelled=0,
	asyncHandler=org.asynchttpclient.ws.WebSocketUpgradeHandler@4fc0539c,
	nettyRequest=org.asynchttpclient.netty.request.NettyRequest@ef4a358,
	future=java.util.concurrent.CompletableFuture@44a847e9[Completed normally],
	uri=ws://localhost:61083/devtools/browser/b0c75d7c-2fa5-4d36-b0c0-598a9a14705a,
	keepAlive=true,
	redirectCount=0,
	timeoutsHolder=null,
	inAuth=0,
	touch=1683807679442}
19:21:23.238 [AsyncHttpClient-1-19] DEBUG org.asynchttpclient.netty.channel.ChannelManager - Closing Channel [id: 0x799f2fdb, L:/127.0.0.1:61090 ! R:localhost/127.0.0.1:61083] 
19:21:23.238 [Driver Command Executor] DEBUG org.asynchttpclient.netty.request.NettyRequestSender - Using pooled Channel '[id: 0x3a22059b, L:/127.0.0.1:61082 - R:localhost/127.0.0.1:46232]' for 'DELETE' to 'http://localhost:46232/session/56491801bc3dca313464882f52aa662e'
19:21:23.238 [Driver Command Executor] DEBUG org.asynchttpclient.netty.request.NettyRequestSender - Using open Channel [id: 0x3a22059b, L:/127.0.0.1:61082 - R:localhost/127.0.0.1:46232] for DELETE '/session/56491801bc3dca313464882f52aa662e'
19:21:23.417 [AsyncHttpClient-1-18] DEBUG org.asynchttpclient.netty.handler.HttpHandler - Unexpected I/O exception on channel [id: 0x8de891d5, L:/127.0.0.1:61089 - R:localhost/127.0.0.1:61083]
java.net.SocketException: Connection reset
	at java.base/sun.nio.ch.SocketChannelImpl.throwConnectionReset(SocketChannelImpl.java:401)
	at java.base/sun.nio.ch.SocketChannelImpl.read(SocketChannelImpl.java:434)
	at io.netty.buffer.PooledByteBuf.setBytes(PooledByteBuf.java:259)
	at io.netty.buffer.AbstractByteBuf.writeBytes(AbstractByteBuf.java:1132)
	at io.netty.channel.socket.nio.NioSocketChannel.doReadBytes(NioSocketChannel.java:357)
	at io.netty.channel.nio.AbstractNioByteChannel$NioByteUnsafe.read(AbstractNioByteChannel.java:151)
	at io.netty.channel.nio.NioEventLoop.processSelectedKey(NioEventLoop.java:788)
	at io.netty.channel.nio.NioEventLoop.processSelectedKeysOptimized(NioEventLoop.java:724)
	at io.netty.channel.nio.NioEventLoop.processSelectedKeys(NioEventLoop.java:650)
	at io.netty.channel.nio.NioEventLoop.run(NioEventLoop.java:562)
	at io.netty.util.concurrent.SingleThreadEventExecutor$4.run(SingleThreadEventExecutor.java:997)
	at io.netty.util.internal.ThreadExecutorMap$2.run(ThreadExecutorMap.java:74)
	at io.netty.util.concurrent.FastThreadLocalRunnable.run(FastThreadLocalRunnable.java:30)
	at java.base/java.lang.Thread.run(Thread.java:1589)
19:21:23.418 [AsyncHttpClient-1-18] DEBUG org.asynchttpclient.netty.channel.ChannelManager - Closing Channel [id: 0x8de891d5, L:/127.0.0.1:61089 - R:localhost/127.0.0.1:61083] 
19:21:23.418 [AsyncHttpClient-1-18] DEBUG org.asynchttpclient.netty.handler.HttpHandler - Channel Closed: [id: 0x8de891d5, L:/127.0.0.1:61089 ! R:localhost/127.0.0.1:61083] with attribute DISCARD
19:21:23.436 [AsyncHttpClient-1-17] DEBUG org.asynchttpclient.netty.handler.HttpHandler - 

Request DefaultFullHttpRequest(decodeResult: success, version: HTTP/1.1, content: EmptyByteBufBE)
DELETE /session/56491801bc3dca313464882f52aa662e HTTP/1.1
User-Agent: selenium/4.8.1 (java windows)
Content-Type: application/json; charset=utf-8
host: localhost:46232
accept: */*

Response DefaultHttpResponse(decodeResult: success, version: HTTP/1.1)
HTTP/1.1 200 OK
Content-Length: 14
Content-Type: application/json; charset=utf-8
cache-control: no-cache

19:21:23.436 [AsyncHttpClient-1-17] DEBUG org.asynchttpclient.netty.channel.ChannelManager - Adding key: http://localhost:46232 for channel [id: 0x3a22059b, L:/127.0.0.1:61082 - R:localhost/127.0.0.1:46232]
19:21:23.550 [AsyncHttpClient-1-17] DEBUG org.asynchttpclient.netty.handler.HttpHandler - Channel Closed: [id: 0x3a22059b, L:/127.0.0.1:61082 ! R:localhost/127.0.0.1:46232] with attribute DISCARD
19:21:23.597 [AsyncHttpClient-1-1] DEBUG org.asynchttpclient.netty.channel.DefaultChannelPool - Entry count for : http://localhost:61083 : 1
19:21:23.597 [AsyncHttpClient-1-1] DEBUG org.asynchttpclient.netty.channel.DefaultChannelPool - Entry count for : http://localhost:46232 : 1
19:21:23.597 [AsyncHttpClient-1-1] DEBUG org.asynchttpclient.netty.channel.DefaultChannelPool - Adding Candidate expired Channel [id: 0x8de891d5, L:/127.0.0.1:61089 ! R:localhost/127.0.0.1:61083] isIdleTimeoutExpired=false isRemotelyClosed=true isTtlExpired=false
19:21:23.597 [AsyncHttpClient-1-1] DEBUG org.asynchttpclient.netty.channel.DefaultChannelPool - Closing Idle Channel [id: 0x8de891d5, L:/127.0.0.1:61089 ! R:localhost/127.0.0.1:61083]
19:21:23.597 [AsyncHttpClient-1-1] DEBUG org.asynchttpclient.netty.channel.DefaultChannelPool - Adding Candidate expired Channel [id: 0x3a22059b, L:/127.0.0.1:61082 ! R:localhost/127.0.0.1:46232] isIdleTimeoutExpired=false isRemotelyClosed=true isTtlExpired=false
19:21:23.597 [AsyncHttpClient-1-1] DEBUG org.asynchttpclient.netty.channel.DefaultChannelPool - Closing Idle Channel [id: 0x3a22059b, L:/127.0.0.1:61082 ! R:localhost/127.0.0.1:46232]
19:21:23.597 [AsyncHttpClient-1-1] DEBUG org.asynchttpclient.netty.channel.DefaultChannelPool - Closed 2 connections out of 2 in 0 ms
]]></system-out>
    <system-err><![CDATA[Starting ChromeDriver 113.0.5672.63 (0e1a4471d5ae5bf128b1bd8f4d627c8cbd55f70c-refs/branch-heads/5672@{#912}) on port 46232
Only local connections are allowed.
Please see https://chromedriver.chromium.org/security-considerations for suggestions on keeping ChromeDriver safe.
ChromeDriver was started successfully.
May 11, 2023 7:21:19 PM org.openqa.selenium.devtools.CdpVersionFinder findNearestMatch
WARNING: Unable to find an exact match for CDP version 113, so returning the closest version found: 110
]]></system-err>
  </testcase>
  <testcase name="View transaction without login" classname="Transaction" time="3.5">
    <system-out><![CDATA[
Scenario: View transaction without login &amp#27;[90m# src/test/resources/features/5. Transaction.feature:13&amp#27;[0m
19:21:23.603 [main] DEBUG io.cucumber.core.plugin.SerenityReporter - Running feature from file:///C:/Users/Bunayya%20Zulfikar/3D%20Objects/alta_web_minpro_testcase/src/test/resources/features/5.%20Transaction.feature
19:21:23.605 [main] INFO  - 
  _____   ___   ___   _____     ___   _____     _     ___   _____   ___   ___  
 |_   _| | __| / __| |_   _|   / __| |_   _|   /_\   | _ \ |_   _| | __| |   \ 
   | |   | _|  \__ \   | |     \__ \   | |    / _ \  |   /   | |   | _|  | |) |
   |_|   |___| |___/   |_|     |___/   |_|   /_/ \_\ |_|_\   |_|   |___| |___/ 

View transaction without login(transaction;view-transaction-without-login)
--------------------------------------------------------------------------------
19:21:23.634 [main] DEBUG net.thucydides.core.steps.StepInterceptor - STARTING STEP: CategorySteps.goToHomePage - openPage
19:21:23.700 [main] INFO net.serenitybdd.core.webdriver.driverproviders.ChromeDriverProvider - Starting Chrome driver instance with capabilities:
19:21:23.700 [main] INFO net.serenitybdd.core.webdriver.driverproviders.ChromeDriverProvider - Capabilities {acceptInsecureCerts: false, browserName: chrome, goog:chromeOptions: {args: [remote-allow-origins=*], extensions: []}}
19:21:23.770 [AsyncHttpClient-1-20] DEBUG org.asynchttpclient.netty.channel.NettyConnectListener - Using new Channel '[id: 0x1f4a3750, L:/127.0.0.1:61107 - R:localhost/127.0.0.1:8496]' for 'POST' to '/session'
19:21:24.439 [AsyncHttpClient-1-20] DEBUG org.asynchttpclient.netty.handler.HttpHandler - 

Request DefaultHttpRequest(decodeResult: success, version: HTTP/1.1)
POST /session HTTP/1.1
User-Agent: selenium/4.8.1 (java windows)
Content-Length: 507
Content-Type: application/json; charset=utf-8
host: localhost:8496
accept: */*

Response DefaultHttpResponse(decodeResult: success, version: HTTP/1.1)
HTTP/1.1 200 OK
Content-Length: 862
Content-Type: application/json; charset=utf-8
cache-control: no-cache

19:21:24.439 [AsyncHttpClient-1-20] DEBUG org.asynchttpclient.netty.channel.ChannelManager - Adding key: http://localhost:8496 for channel [id: 0x1f4a3750, L:/127.0.0.1:61107 - R:localhost/127.0.0.1:8496]
19:21:24.444 [AsyncHttpClient-1-21] DEBUG org.asynchttpclient.netty.channel.NettyConnectListener - Using new Channel '[id: 0x4eaedd0c, L:/127.0.0.1:61114 - R:localhost/127.0.0.1:61108]' for 'GET' to '/json/version'
19:21:24.444 [AsyncHttpClient-1-21] DEBUG org.asynchttpclient.netty.handler.HttpHandler - 

Request DefaultFullHttpRequest(decodeResult: success, version: HTTP/1.1, content: EmptyByteBufBE)
GET /json/version HTTP/1.1
User-Agent: selenium/4.8.1 (java windows)
host: localhost:61108
accept: */*

Response DefaultHttpResponse(decodeResult: success, version: HTTP/1.1)
HTTP/1.1 200 OK
Content-Security-Policy: frame-ancestors 'none'
Content-Length: 422
Content-Type: application/json; charset=UTF-8

19:21:24.444 [AsyncHttpClient-1-21] DEBUG org.asynchttpclient.netty.channel.ChannelManager - Adding key: http://localhost:61108 for channel [id: 0x4eaedd0c, L:/127.0.0.1:61114 - R:localhost/127.0.0.1:61108]
19:21:24.446 [AsyncHttpClient-1-22] DEBUG org.asynchttpclient.netty.channel.NettyConnectListener - Using new Channel '[id: 0x8260dee0, L:/127.0.0.1:61115 - R:localhost/127.0.0.1:61108]' for 'GET' to '/devtools/browser/30df37fa-7b3c-40c5-aaff-65bb6476b3e5'
19:21:24.446 [AsyncHttpClient-1-22] DEBUG org.asynchttpclient.netty.handler.WebSocketHandler - 

Request DefaultFullHttpRequest(decodeResult: success, version: HTTP/1.1, content: EmptyByteBufBE)
GET /devtools/browser/30df37fa-7b3c-40c5-aaff-65bb6476b3e5 HTTP/1.1
upgrade: websocket
connection: upgrade
sec-websocket-key: L4JiEPtmUQ8FcK+4kFWF3g==
sec-websocket-version: 13
origin: http://localhost:61108
host: localhost:61108
accept: */*
user-agent: AHC/2.1

Response DefaultHttpResponse(decodeResult: success, version: HTTP/1.1)
HTTP/1.1 101 WebSocket Protocol Handshake
Upgrade: WebSocket
Connection: Upgrade
Sec-WebSocket-Accept: iqB4mD3PXLARJsjzbpnTfG3fTEo=

19:21:24.449 [Forwarding get on session 7399e7654adaf9cdf9b5e206e16402f5 to remote] DEBUG org.asynchttpclient.netty.request.NettyRequestSender - Using pooled Channel '[id: 0x1f4a3750, L:/127.0.0.1:61107 - R:localhost/127.0.0.1:8496]' for 'POST' to 'http://localhost:8496/session/7399e7654adaf9cdf9b5e206e16402f5/url'
19:21:24.449 [Forwarding get on session 7399e7654adaf9cdf9b5e206e16402f5 to remote] DEBUG org.asynchttpclient.netty.request.NettyRequestSender - Using open Channel [id: 0x1f4a3750, L:/127.0.0.1:61107 - R:localhost/127.0.0.1:8496] for POST '/session/7399e7654adaf9cdf9b5e206e16402f5/url'
19:21:24.697 [AsyncHttpClient-1-1] DEBUG org.asynchttpclient.netty.channel.DefaultChannelPool - Entry count for : http://localhost:61108 : 1
19:21:25.120 [AsyncHttpClient-1-20] DEBUG org.asynchttpclient.netty.handler.HttpHandler - 

Request DefaultHttpRequest(decodeResult: success, version: HTTP/1.1)
POST /session/7399e7654adaf9cdf9b5e206e16402f5/url HTTP/1.1
User-Agent: selenium/4.8.1 (java windows)
Content-Length: 80
Content-Type: application/json; charset=utf-8
host: localhost:8496
accept: */*

Response DefaultHttpResponse(decodeResult: success, version: HTTP/1.1)
HTTP/1.1 200 OK
Content-Length: 14
Content-Type: application/json; charset=utf-8
cache-control: no-cache

19:21:25.120 [AsyncHttpClient-1-20] DEBUG org.asynchttpclient.netty.channel.ChannelManager - Adding key: http://localhost:8496 for channel [id: 0x1f4a3750, L:/127.0.0.1:61107 - R:localhost/127.0.0.1:8496]
19:21:25.121 [Forwarding setTimeout on session 7399e7654adaf9cdf9b5e206e16402f5 to remote] DEBUG org.asynchttpclient.netty.request.NettyRequestSender - Using pooled Channel '[id: 0x1f4a3750, L:/127.0.0.1:61107 - R:localhost/127.0.0.1:8496]' for 'POST' to 'http://localhost:8496/session/7399e7654adaf9cdf9b5e206e16402f5/timeouts'
19:21:25.121 [Forwarding setTimeout on session 7399e7654adaf9cdf9b5e206e16402f5 to remote] DEBUG org.asynchttpclient.netty.request.NettyRequestSender - Using open Channel [id: 0x1f4a3750, L:/127.0.0.1:61107 - R:localhost/127.0.0.1:8496] for POST '/session/7399e7654adaf9cdf9b5e206e16402f5/timeouts'
19:21:25.122 [AsyncHttpClient-1-20] DEBUG org.asynchttpclient.netty.handler.HttpHandler - 

Request DefaultHttpRequest(decodeResult: success, version: HTTP/1.1)
POST /session/7399e7654adaf9cdf9b5e206e16402f5/timeouts HTTP/1.1
User-Agent: selenium/4.8.1 (java windows)
Content-Length: 22
Content-Type: application/json; charset=utf-8
host: localhost:8496
accept: */*

Response DefaultHttpResponse(decodeResult: success, version: HTTP/1.1)
HTTP/1.1 200 OK
Content-Length: 14
Content-Type: application/json; charset=utf-8
cache-control: no-cache

19:21:25.122 [AsyncHttpClient-1-20] DEBUG org.asynchttpclient.netty.channel.ChannelManager - Adding key: http://localhost:8496 for channel [id: 0x1f4a3750, L:/127.0.0.1:61107 - R:localhost/127.0.0.1:8496]
19:21:25.128 [Forwarding getAlertText on session 7399e7654adaf9cdf9b5e206e16402f5 to remote] DEBUG org.asynchttpclient.netty.request.NettyRequestSender - Using pooled Channel '[id: 0x1f4a3750, L:/127.0.0.1:61107 - R:localhost/127.0.0.1:8496]' for 'GET' to 'http://localhost:8496/session/7399e7654adaf9cdf9b5e206e16402f5/alert/text'
19:21:25.128 [Forwarding getAlertText on session 7399e7654adaf9cdf9b5e206e16402f5 to remote] DEBUG org.asynchttpclient.netty.request.NettyRequestSender - Using open Channel [id: 0x1f4a3750, L:/127.0.0.1:61107 - R:localhost/127.0.0.1:8496] for GET '/session/7399e7654adaf9cdf9b5e206e16402f5/alert/text'
19:21:25.131 [AsyncHttpClient-1-20] DEBUG org.asynchttpclient.netty.handler.HttpHandler - 

Request DefaultFullHttpRequest(decodeResult: success, version: HTTP/1.1, content: EmptyByteBufBE)
GET /session/7399e7654adaf9cdf9b5e206e16402f5/alert/text HTTP/1.1
User-Agent: selenium/4.8.1 (java windows)
Cache-Control: no-cache
Content-Type: application/json; charset=utf-8
host: localhost:8496
accept: */*

Response DefaultHttpResponse(decodeResult: success, version: HTTP/1.1)
HTTP/1.1 404 Not Found
Content-Length: 847
Content-Type: application/json; charset=utf-8
cache-control: no-cache

19:21:25.131 [AsyncHttpClient-1-20] DEBUG org.asynchttpclient.netty.channel.ChannelManager - Adding key: http://localhost:8496 for channel [id: 0x1f4a3750, L:/127.0.0.1:61107 - R:localhost/127.0.0.1:8496]
19:21:25.132 [Forwarding getCurrentUrl on session 7399e7654adaf9cdf9b5e206e16402f5 to remote] DEBUG org.asynchttpclient.netty.request.NettyRequestSender - Using pooled Channel '[id: 0x1f4a3750, L:/127.0.0.1:61107 - R:localhost/127.0.0.1:8496]' for 'GET' to 'http://localhost:8496/session/7399e7654adaf9cdf9b5e206e16402f5/url'
19:21:25.132 [Forwarding getCurrentUrl on session 7399e7654adaf9cdf9b5e206e16402f5 to remote] DEBUG org.asynchttpclient.netty.request.NettyRequestSender - Using open Channel [id: 0x1f4a3750, L:/127.0.0.1:61107 - R:localhost/127.0.0.1:8496] for GET '/session/7399e7654adaf9cdf9b5e206e16402f5/url'
19:21:25.136 [AsyncHttpClient-1-20] DEBUG org.asynchttpclient.netty.handler.HttpHandler - 

Request DefaultFullHttpRequest(decodeResult: success, version: HTTP/1.1, content: EmptyByteBufBE)
GET /session/7399e7654adaf9cdf9b5e206e16402f5/url HTTP/1.1
User-Agent: selenium/4.8.1 (java windows)
Cache-Control: no-cache
Content-Type: application/json; charset=utf-8
host: localhost:8496
accept: */*

Response DefaultHttpResponse(decodeResult: success, version: HTTP/1.1)
HTTP/1.1 200 OK
Content-Length: 52
Content-Type: application/json; charset=utf-8
cache-control: no-cache

19:21:25.136 [AsyncHttpClient-1-20] DEBUG org.asynchttpclient.netty.channel.ChannelManager - Adding key: http://localhost:8496 for channel [id: 0x1f4a3750, L:/127.0.0.1:61107 - R:localhost/127.0.0.1:8496]
19:21:25.137 [Forwarding screenshot on session 7399e7654adaf9cdf9b5e206e16402f5 to remote] DEBUG org.asynchttpclient.netty.request.NettyRequestSender - Using pooled Channel '[id: 0x1f4a3750, L:/127.0.0.1:61107 - R:localhost/127.0.0.1:8496]' for 'GET' to 'http://localhost:8496/session/7399e7654adaf9cdf9b5e206e16402f5/screenshot'
19:21:25.137 [Forwarding screenshot on session 7399e7654adaf9cdf9b5e206e16402f5 to remote] DEBUG org.asynchttpclient.netty.request.NettyRequestSender - Using open Channel [id: 0x1f4a3750, L:/127.0.0.1:61107 - R:localhost/127.0.0.1:8496] for GET '/session/7399e7654adaf9cdf9b5e206e16402f5/screenshot'
19:21:25.418 [AsyncHttpClient-1-20] DEBUG org.asynchttpclient.netty.handler.HttpHandler - 

Request DefaultFullHttpRequest(decodeResult: success, version: HTTP/1.1, content: EmptyByteBufBE)
GET /session/7399e7654adaf9cdf9b5e206e16402f5/screenshot HTTP/1.1
User-Agent: selenium/4.8.1 (java windows)
Cache-Control: no-cache
Content-Type: application/json; charset=utf-8
host: localhost:8496
accept: */*

Response DefaultHttpResponse(decodeResult: success, version: HTTP/1.1)
HTTP/1.1 200 OK
Content-Length: 32168
Content-Type: application/json; charset=utf-8
cache-control: no-cache

19:21:25.418 [AsyncHttpClient-1-20] DEBUG org.asynchttpclient.netty.channel.ChannelManager - Adding key: http://localhost:8496 for channel [id: 0x1f4a3750, L:/127.0.0.1:61107 - R:localhost/127.0.0.1:8496]
19:21:25.420 [main] DEBUG net.serenitybdd.core.photography.Darkroom - Send negative for processing for target\site\serenity\d00787a84e57ae9818ec6333fe71d83a89fc0961433dfe7832481e3dca8fda29.png
19:21:25.420 [main] DEBUG net.thucydides.core.steps.StepInterceptor - STEP DONE: openPage
19:21:25.425 [Forwarding getPageSource on session 7399e7654adaf9cdf9b5e206e16402f5 to remote] DEBUG org.asynchttpclient.netty.request.NettyRequestSender - Using pooled Channel '[id: 0x1f4a3750, L:/127.0.0.1:61107 - R:localhost/127.0.0.1:8496]' for 'POST' to 'http://localhost:8496/session/7399e7654adaf9cdf9b5e206e16402f5/execute/sync'
19:21:25.425 [Forwarding getPageSource on session 7399e7654adaf9cdf9b5e206e16402f5 to remote] DEBUG org.asynchttpclient.netty.request.NettyRequestSender - Using open Channel [id: 0x1f4a3750, L:/127.0.0.1:61107 - R:localhost/127.0.0.1:8496] for POST '/session/7399e7654adaf9cdf9b5e206e16402f5/execute/sync'
19:21:25.432 [AsyncHttpClient-1-20] DEBUG org.asynchttpclient.netty.handler.HttpHandler - 

Request DefaultHttpRequest(decodeResult: success, version: HTTP/1.1)
POST /session/7399e7654adaf9cdf9b5e206e16402f5/execute/sync HTTP/1.1
User-Agent: selenium/4.8.1 (java windows)
Content-Length: 176
Content-Type: application/json; charset=utf-8
host: localhost:8496
accept: */*

Response DefaultHttpResponse(decodeResult: success, version: HTTP/1.1)
HTTP/1.1 200 OK
Content-Length: 21659
Content-Type: application/json; charset=utf-8
cache-control: no-cache

19:21:25.432 [AsyncHttpClient-1-20] DEBUG org.asynchttpclient.netty.channel.ChannelManager - Adding key: http://localhost:8496 for channel [id: 0x1f4a3750, L:/127.0.0.1:61107 - R:localhost/127.0.0.1:8496]
19:21:25.434 [Forwarding getCurrentUrl on session 7399e7654adaf9cdf9b5e206e16402f5 to remote] DEBUG org.asynchttpclient.netty.request.NettyRequestSender - Using pooled Channel '[id: 0x1f4a3750, L:/127.0.0.1:61107 - R:localhost/127.0.0.1:8496]' for 'GET' to 'http://localhost:8496/session/7399e7654adaf9cdf9b5e206e16402f5/url'
19:21:25.434 [Forwarding getCurrentUrl on session 7399e7654adaf9cdf9b5e206e16402f5 to remote] DEBUG org.asynchttpclient.netty.request.NettyRequestSender - Using open Channel [id: 0x1f4a3750, L:/127.0.0.1:61107 - R:localhost/127.0.0.1:8496] for GET '/session/7399e7654adaf9cdf9b5e206e16402f5/url'
19:21:25.439 [AsyncHttpClient-1-20] DEBUG org.asynchttpclient.netty.handler.HttpHandler - 

Request DefaultFullHttpRequest(decodeResult: success, version: HTTP/1.1, content: EmptyByteBufBE)
GET /session/7399e7654adaf9cdf9b5e206e16402f5/url HTTP/1.1
User-Agent: selenium/4.8.1 (java windows)
Cache-Control: no-cache
Content-Type: application/json; charset=utf-8
host: localhost:8496
accept: */*

Response DefaultHttpResponse(decodeResult: success, version: HTTP/1.1)
HTTP/1.1 200 OK
Content-Length: 52
Content-Type: application/json; charset=utf-8
cache-control: no-cache

19:21:25.439 [AsyncHttpClient-1-20] DEBUG org.asynchttpclient.netty.channel.ChannelManager - Adding key: http://localhost:8496 for channel [id: 0x1f4a3750, L:/127.0.0.1:61107 - R:localhost/127.0.0.1:8496]
19:21:25.441 [main] DEBUG net.thucydides.core.steps.StepInterceptor - STARTING STEP: CategorySteps.goToHomePage - clickToolbarTitle
19:21:25.443 [Forwarding findElement on session 7399e7654adaf9cdf9b5e206e16402f5 to remote] DEBUG org.asynchttpclient.netty.request.NettyRequestSender - Using pooled Channel '[id: 0x1f4a3750, L:/127.0.0.1:61107 - R:localhost/127.0.0.1:8496]' for 'POST' to 'http://localhost:8496/session/7399e7654adaf9cdf9b5e206e16402f5/element'
19:21:25.443 [Forwarding findElement on session 7399e7654adaf9cdf9b5e206e16402f5 to remote] DEBUG org.asynchttpclient.netty.request.NettyRequestSender - Using open Channel [id: 0x1f4a3750, L:/127.0.0.1:61107 - R:localhost/127.0.0.1:8496] for POST '/session/7399e7654adaf9cdf9b5e206e16402f5/element'
19:21:25.456 [AsyncHttpClient-1-20] DEBUG org.asynchttpclient.netty.handler.HttpHandler - 

Request DefaultHttpRequest(decodeResult: success, version: HTTP/1.1)
POST /session/7399e7654adaf9cdf9b5e206e16402f5/element HTTP/1.1
User-Agent: selenium/4.8.1 (java windows)
Content-Length: 63
Content-Type: application/json; charset=utf-8
host: localhost:8496
accept: */*

Response DefaultHttpResponse(decodeResult: success, version: HTTP/1.1)
HTTP/1.1 200 OK
Content-Length: 94
Content-Type: application/json; charset=utf-8
cache-control: no-cache

19:21:25.456 [AsyncHttpClient-1-20] DEBUG org.asynchttpclient.netty.channel.ChannelManager - Adding key: http://localhost:8496 for channel [id: 0x1f4a3750, L:/127.0.0.1:61107 - R:localhost/127.0.0.1:8496]
19:21:25.457 [Forwarding getElementTagName on session 7399e7654adaf9cdf9b5e206e16402f5 to remote] DEBUG org.asynchttpclient.netty.request.NettyRequestSender - Using pooled Channel '[id: 0x1f4a3750, L:/127.0.0.1:61107 - R:localhost/127.0.0.1:8496]' for 'GET' to 'http://localhost:8496/session/7399e7654adaf9cdf9b5e206e16402f5/element/117177AB6401A2D79A1E275D0C4213AA_element_5/name'
19:21:25.457 [Forwarding getElementTagName on session 7399e7654adaf9cdf9b5e206e16402f5 to remote] DEBUG org.asynchttpclient.netty.request.NettyRequestSender - Using open Channel [id: 0x1f4a3750, L:/127.0.0.1:61107 - R:localhost/127.0.0.1:8496] for GET '/session/7399e7654adaf9cdf9b5e206e16402f5/element/117177AB6401A2D79A1E275D0C4213AA_element_5/name'
19:21:25.462 [AsyncHttpClient-1-20] DEBUG org.asynchttpclient.netty.handler.HttpHandler - 

Request DefaultFullHttpRequest(decodeResult: success, version: HTTP/1.1, content: EmptyByteBufBE)
GET /session/7399e7654adaf9cdf9b5e206e16402f5/element/117177AB6401A2D79A1E275D0C4213AA_element_5/name HTTP/1.1
User-Agent: selenium/4.8.1 (java windows)
Cache-Control: no-cache
Content-Type: application/json; charset=utf-8
host: localhost:8496
accept: */*

Response DefaultHttpResponse(decodeResult: success, version: HTTP/1.1)
HTTP/1.1 200 OK
Content-Length: 15
Content-Type: application/json; charset=utf-8
cache-control: no-cache

19:21:25.462 [AsyncHttpClient-1-20] DEBUG org.asynchttpclient.netty.channel.ChannelManager - Adding key: http://localhost:8496 for channel [id: 0x1f4a3750, L:/127.0.0.1:61107 - R:localhost/127.0.0.1:8496]
19:21:25.462 [Forwarding getElementTagName on session 7399e7654adaf9cdf9b5e206e16402f5 to remote] DEBUG org.asynchttpclient.netty.request.NettyRequestSender - Using pooled Channel '[id: 0x1f4a3750, L:/127.0.0.1:61107 - R:localhost/127.0.0.1:8496]' for 'GET' to 'http://localhost:8496/session/7399e7654adaf9cdf9b5e206e16402f5/element/117177AB6401A2D79A1E275D0C4213AA_element_5/name'
19:21:25.462 [Forwarding getElementTagName on session 7399e7654adaf9cdf9b5e206e16402f5 to remote] DEBUG org.asynchttpclient.netty.request.NettyRequestSender - Using open Channel [id: 0x1f4a3750, L:/127.0.0.1:61107 - R:localhost/127.0.0.1:8496] for GET '/session/7399e7654adaf9cdf9b5e206e16402f5/element/117177AB6401A2D79A1E275D0C4213AA_element_5/name'
19:21:25.466 [AsyncHttpClient-1-20] DEBUG org.asynchttpclient.netty.handler.HttpHandler - 

Request DefaultFullHttpRequest(decodeResult: success, version: HTTP/1.1, content: EmptyByteBufBE)
GET /session/7399e7654adaf9cdf9b5e206e16402f5/element/117177AB6401A2D79A1E275D0C4213AA_element_5/name HTTP/1.1
User-Agent: selenium/4.8.1 (java windows)
Cache-Control: no-cache
Content-Type: application/json; charset=utf-8
host: localhost:8496
accept: */*

Response DefaultHttpResponse(decodeResult: success, version: HTTP/1.1)
HTTP/1.1 200 OK
Content-Length: 15
Content-Type: application/json; charset=utf-8
cache-control: no-cache

19:21:25.466 [AsyncHttpClient-1-20] DEBUG org.asynchttpclient.netty.channel.ChannelManager - Adding key: http://localhost:8496 for channel [id: 0x1f4a3750, L:/127.0.0.1:61107 - R:localhost/127.0.0.1:8496]
19:21:25.467 [Forwarding findElement on session 7399e7654adaf9cdf9b5e206e16402f5 to remote] DEBUG org.asynchttpclient.netty.request.NettyRequestSender - Using pooled Channel '[id: 0x1f4a3750, L:/127.0.0.1:61107 - R:localhost/127.0.0.1:8496]' for 'POST' to 'http://localhost:8496/session/7399e7654adaf9cdf9b5e206e16402f5/element'
19:21:25.467 [Forwarding findElement on session 7399e7654adaf9cdf9b5e206e16402f5 to remote] DEBUG org.asynchttpclient.netty.request.NettyRequestSender - Using open Channel [id: 0x1f4a3750, L:/127.0.0.1:61107 - R:localhost/127.0.0.1:8496] for POST '/session/7399e7654adaf9cdf9b5e206e16402f5/element'
19:21:25.472 [AsyncHttpClient-1-20] DEBUG org.asynchttpclient.netty.handler.HttpHandler - 

Request DefaultHttpRequest(decodeResult: success, version: HTTP/1.1)
POST /session/7399e7654adaf9cdf9b5e206e16402f5/element HTTP/1.1
User-Agent: selenium/4.8.1 (java windows)
Content-Length: 63
Content-Type: application/json; charset=utf-8
host: localhost:8496
accept: */*

Response DefaultHttpResponse(decodeResult: success, version: HTTP/1.1)
HTTP/1.1 200 OK
Content-Length: 94
Content-Type: application/json; charset=utf-8
cache-control: no-cache

19:21:25.472 [AsyncHttpClient-1-20] DEBUG org.asynchttpclient.netty.channel.ChannelManager - Adding key: http://localhost:8496 for channel [id: 0x1f4a3750, L:/127.0.0.1:61107 - R:localhost/127.0.0.1:8496]
19:21:25.473 [Forwarding clickElement on session 7399e7654adaf9cdf9b5e206e16402f5 to remote] DEBUG org.asynchttpclient.netty.request.NettyRequestSender - Using pooled Channel '[id: 0x1f4a3750, L:/127.0.0.1:61107 - R:localhost/127.0.0.1:8496]' for 'POST' to 'http://localhost:8496/session/7399e7654adaf9cdf9b5e206e16402f5/element/117177AB6401A2D79A1E275D0C4213AA_element_5/click'
19:21:25.473 [Forwarding clickElement on session 7399e7654adaf9cdf9b5e206e16402f5 to remote] DEBUG org.asynchttpclient.netty.request.NettyRequestSender - Using open Channel [id: 0x1f4a3750, L:/127.0.0.1:61107 - R:localhost/127.0.0.1:8496] for POST '/session/7399e7654adaf9cdf9b5e206e16402f5/element/117177AB6401A2D79A1E275D0C4213AA_element_5/click'
19:21:25.553 [AsyncHttpClient-1-20] DEBUG org.asynchttpclient.netty.handler.HttpHandler - 

Request DefaultHttpRequest(decodeResult: success, version: HTTP/1.1)
POST /session/7399e7654adaf9cdf9b5e206e16402f5/element/117177AB6401A2D79A1E275D0C4213AA_element_5/click HTTP/1.1
User-Agent: selenium/4.8.1 (java windows)
Content-Length: 56
Content-Type: application/json; charset=utf-8
host: localhost:8496
accept: */*

Response DefaultHttpResponse(decodeResult: success, version: HTTP/1.1)
HTTP/1.1 200 OK
Content-Length: 14
Content-Type: application/json; charset=utf-8
cache-control: no-cache

19:21:25.553 [AsyncHttpClient-1-20] DEBUG org.asynchttpclient.netty.channel.ChannelManager - Adding key: http://localhost:8496 for channel [id: 0x1f4a3750, L:/127.0.0.1:61107 - R:localhost/127.0.0.1:8496]
19:21:25.558 [Forwarding getAlertText on session 7399e7654adaf9cdf9b5e206e16402f5 to remote] DEBUG org.asynchttpclient.netty.request.NettyRequestSender - Using pooled Channel '[id: 0x1f4a3750, L:/127.0.0.1:61107 - R:localhost/127.0.0.1:8496]' for 'GET' to 'http://localhost:8496/session/7399e7654adaf9cdf9b5e206e16402f5/alert/text'
19:21:25.558 [Forwarding getAlertText on session 7399e7654adaf9cdf9b5e206e16402f5 to remote] DEBUG org.asynchttpclient.netty.request.NettyRequestSender - Using open Channel [id: 0x1f4a3750, L:/127.0.0.1:61107 - R:localhost/127.0.0.1:8496] for GET '/session/7399e7654adaf9cdf9b5e206e16402f5/alert/text'
19:21:25.562 [AsyncHttpClient-1-20] DEBUG org.asynchttpclient.netty.handler.HttpHandler - 

Request DefaultFullHttpRequest(decodeResult: success, version: HTTP/1.1, content: EmptyByteBufBE)
GET /session/7399e7654adaf9cdf9b5e206e16402f5/alert/text HTTP/1.1
User-Agent: selenium/4.8.1 (java windows)
Cache-Control: no-cache
Content-Type: application/json; charset=utf-8
host: localhost:8496
accept: */*

Response DefaultHttpResponse(decodeResult: success, version: HTTP/1.1)
HTTP/1.1 404 Not Found
Content-Length: 847
Content-Type: application/json; charset=utf-8
cache-control: no-cache

19:21:25.562 [AsyncHttpClient-1-20] DEBUG org.asynchttpclient.netty.channel.ChannelManager - Adding key: http://localhost:8496 for channel [id: 0x1f4a3750, L:/127.0.0.1:61107 - R:localhost/127.0.0.1:8496]
19:21:25.563 [Forwarding getCurrentUrl on session 7399e7654adaf9cdf9b5e206e16402f5 to remote] DEBUG org.asynchttpclient.netty.request.NettyRequestSender - Using pooled Channel '[id: 0x1f4a3750, L:/127.0.0.1:61107 - R:localhost/127.0.0.1:8496]' for 'GET' to 'http://localhost:8496/session/7399e7654adaf9cdf9b5e206e16402f5/url'
19:21:25.563 [Forwarding getCurrentUrl on session 7399e7654adaf9cdf9b5e206e16402f5 to remote] DEBUG org.asynchttpclient.netty.request.NettyRequestSender - Using open Channel [id: 0x1f4a3750, L:/127.0.0.1:61107 - R:localhost/127.0.0.1:8496] for GET '/session/7399e7654adaf9cdf9b5e206e16402f5/url'
19:21:25.566 [AsyncHttpClient-1-20] DEBUG org.asynchttpclient.netty.handler.HttpHandler - 

Request DefaultFullHttpRequest(decodeResult: success, version: HTTP/1.1, content: EmptyByteBufBE)
GET /session/7399e7654adaf9cdf9b5e206e16402f5/url HTTP/1.1
User-Agent: selenium/4.8.1 (java windows)
Cache-Control: no-cache
Content-Type: application/json; charset=utf-8
host: localhost:8496
accept: */*

Response DefaultHttpResponse(decodeResult: success, version: HTTP/1.1)
HTTP/1.1 200 OK
Content-Length: 41
Content-Type: application/json; charset=utf-8
cache-control: no-cache

19:21:25.566 [AsyncHttpClient-1-20] DEBUG org.asynchttpclient.netty.channel.ChannelManager - Adding key: http://localhost:8496 for channel [id: 0x1f4a3750, L:/127.0.0.1:61107 - R:localhost/127.0.0.1:8496]
19:21:25.567 [Forwarding screenshot on session 7399e7654adaf9cdf9b5e206e16402f5 to remote] DEBUG org.asynchttpclient.netty.request.NettyRequestSender - Using pooled Channel '[id: 0x1f4a3750, L:/127.0.0.1:61107 - R:localhost/127.0.0.1:8496]' for 'GET' to 'http://localhost:8496/session/7399e7654adaf9cdf9b5e206e16402f5/screenshot'
19:21:25.567 [Forwarding screenshot on session 7399e7654adaf9cdf9b5e206e16402f5 to remote] DEBUG org.asynchttpclient.netty.request.NettyRequestSender - Using open Channel [id: 0x1f4a3750, L:/127.0.0.1:61107 - R:localhost/127.0.0.1:8496] for GET '/session/7399e7654adaf9cdf9b5e206e16402f5/screenshot'
19:21:25.760 [AsyncHttpClient-1-20] DEBUG org.asynchttpclient.netty.handler.HttpHandler - 

Request DefaultFullHttpRequest(decodeResult: success, version: HTTP/1.1, content: EmptyByteBufBE)
GET /session/7399e7654adaf9cdf9b5e206e16402f5/screenshot HTTP/1.1
User-Agent: selenium/4.8.1 (java windows)
Cache-Control: no-cache
Content-Type: application/json; charset=utf-8
host: localhost:8496
accept: */*

Response DefaultHttpResponse(decodeResult: success, version: HTTP/1.1)
HTTP/1.1 200 OK
Content-Length: 28720
Content-Type: application/json; charset=utf-8
cache-control: no-cache

19:21:25.760 [AsyncHttpClient-1-20] DEBUG org.asynchttpclient.netty.channel.ChannelManager - Adding key: http://localhost:8496 for channel [id: 0x1f4a3750, L:/127.0.0.1:61107 - R:localhost/127.0.0.1:8496]
19:21:25.761 [main] DEBUG net.serenitybdd.core.photography.Darkroom - Send negative for processing for target\site\serenity\b390b9299a182229ccd4dda9b434b01cbdc26c916871ef03d892852cc06adf30.png
19:21:25.761 [main] DEBUG net.thucydides.core.steps.StepInterceptor - STEP DONE: clickToolbarTitle
  &amp#27;[32mGiven &amp#27;[0m&amp#27;[32mI go to the alta shop home page&amp#27;[0m  &amp#27;[90m# starter.stepdefinitions.CategorySteps.goToHomePage()&amp#27;[0m
19:21:25.762 [Darkroom Processing Line] DEBUG net.serenitybdd.core.photography.DarkroomProcessingLine - Processing screenshot image in /var/screenshots/screenshot-8685952665917278260
19:21:25.762 [Darkroom Processing Line] DEBUG net.serenitybdd.core.photography.DarkroomProcessingLine - Saving screenshot to target\site\serenity\b390b9299a182229ccd4dda9b434b01cbdc26c916871ef03d892852cc06adf30.png
19:21:25.768 [Forwarding getPageSource on session 7399e7654adaf9cdf9b5e206e16402f5 to remote] DEBUG org.asynchttpclient.netty.request.NettyRequestSender - Using pooled Channel '[id: 0x1f4a3750, L:/127.0.0.1:61107 - R:localhost/127.0.0.1:8496]' for 'POST' to 'http://localhost:8496/session/7399e7654adaf9cdf9b5e206e16402f5/execute/sync'
19:21:25.768 [Forwarding getPageSource on session 7399e7654adaf9cdf9b5e206e16402f5 to remote] DEBUG org.asynchttpclient.netty.request.NettyRequestSender - Using open Channel [id: 0x1f4a3750, L:/127.0.0.1:61107 - R:localhost/127.0.0.1:8496] for POST '/session/7399e7654adaf9cdf9b5e206e16402f5/execute/sync'
19:21:25.779 [AsyncHttpClient-1-20] DEBUG org.asynchttpclient.netty.handler.HttpHandler - 

Request DefaultHttpRequest(decodeResult: success, version: HTTP/1.1)
POST /session/7399e7654adaf9cdf9b5e206e16402f5/execute/sync HTTP/1.1
User-Agent: selenium/4.8.1 (java windows)
Content-Length: 176
Content-Type: application/json; charset=utf-8
host: localhost:8496
accept: */*

Response DefaultHttpResponse(decodeResult: success, version: HTTP/1.1)
HTTP/1.1 200 OK
Content-Length: 28688
Content-Type: application/json; charset=utf-8
cache-control: no-cache

19:21:25.779 [AsyncHttpClient-1-20] DEBUG org.asynchttpclient.netty.channel.ChannelManager - Adding key: http://localhost:8496 for channel [id: 0x1f4a3750, L:/127.0.0.1:61107 - R:localhost/127.0.0.1:8496]
19:21:25.781 [Forwarding getCurrentUrl on session 7399e7654adaf9cdf9b5e206e16402f5 to remote] DEBUG org.asynchttpclient.netty.request.NettyRequestSender - Using pooled Channel '[id: 0x1f4a3750, L:/127.0.0.1:61107 - R:localhost/127.0.0.1:8496]' for 'GET' to 'http://localhost:8496/session/7399e7654adaf9cdf9b5e206e16402f5/url'
19:21:25.781 [Forwarding getCurrentUrl on session 7399e7654adaf9cdf9b5e206e16402f5 to remote] DEBUG org.asynchttpclient.netty.request.NettyRequestSender - Using open Channel [id: 0x1f4a3750, L:/127.0.0.1:61107 - R:localhost/127.0.0.1:8496] for GET '/session/7399e7654adaf9cdf9b5e206e16402f5/url'
19:21:25.786 [AsyncHttpClient-1-20] DEBUG org.asynchttpclient.netty.handler.HttpHandler - 

Request DefaultFullHttpRequest(decodeResult: success, version: HTTP/1.1, content: EmptyByteBufBE)
GET /session/7399e7654adaf9cdf9b5e206e16402f5/url HTTP/1.1
User-Agent: selenium/4.8.1 (java windows)
Cache-Control: no-cache
Content-Type: application/json; charset=utf-8
host: localhost:8496
accept: */*

Response DefaultHttpResponse(decodeResult: success, version: HTTP/1.1)
HTTP/1.1 200 OK
Content-Length: 41
Content-Type: application/json; charset=utf-8
cache-control: no-cache

19:21:25.786 [AsyncHttpClient-1-20] DEBUG org.asynchttpclient.netty.channel.ChannelManager - Adding key: http://localhost:8496 for channel [id: 0x1f4a3750, L:/127.0.0.1:61107 - R:localhost/127.0.0.1:8496]
19:21:25.800 [AsyncHttpClient-1-1] DEBUG org.asynchttpclient.netty.channel.DefaultChannelPool - Entry count for : http://localhost:61108 : 1
19:21:25.800 [AsyncHttpClient-1-1] DEBUG org.asynchttpclient.netty.channel.DefaultChannelPool - Entry count for : http://localhost:8496 : 1
19:21:25.826 [Forwarding getAlertText on session 7399e7654adaf9cdf9b5e206e16402f5 to remote] DEBUG org.asynchttpclient.netty.request.NettyRequestSender - Using pooled Channel '[id: 0x1f4a3750, L:/127.0.0.1:61107 - R:localhost/127.0.0.1:8496]' for 'GET' to 'http://localhost:8496/session/7399e7654adaf9cdf9b5e206e16402f5/alert/text'
19:21:25.826 [Forwarding getAlertText on session 7399e7654adaf9cdf9b5e206e16402f5 to remote] DEBUG org.asynchttpclient.netty.request.NettyRequestSender - Using open Channel [id: 0x1f4a3750, L:/127.0.0.1:61107 - R:localhost/127.0.0.1:8496] for GET '/session/7399e7654adaf9cdf9b5e206e16402f5/alert/text'
19:21:25.829 [AsyncHttpClient-1-20] DEBUG org.asynchttpclient.netty.handler.HttpHandler - 

Request DefaultFullHttpRequest(decodeResult: success, version: HTTP/1.1, content: EmptyByteBufBE)
GET /session/7399e7654adaf9cdf9b5e206e16402f5/alert/text HTTP/1.1
User-Agent: selenium/4.8.1 (java windows)
Cache-Control: no-cache
Content-Type: application/json; charset=utf-8
host: localhost:8496
accept: */*

Response DefaultHttpResponse(decodeResult: success, version: HTTP/1.1)
HTTP/1.1 404 Not Found
Content-Length: 847
Content-Type: application/json; charset=utf-8
cache-control: no-cache

19:21:25.829 [AsyncHttpClient-1-20] DEBUG org.asynchttpclient.netty.channel.ChannelManager - Adding key: http://localhost:8496 for channel [id: 0x1f4a3750, L:/127.0.0.1:61107 - R:localhost/127.0.0.1:8496]
19:21:25.830 [Forwarding getCurrentUrl on session 7399e7654adaf9cdf9b5e206e16402f5 to remote] DEBUG org.asynchttpclient.netty.request.NettyRequestSender - Using pooled Channel '[id: 0x1f4a3750, L:/127.0.0.1:61107 - R:localhost/127.0.0.1:8496]' for 'GET' to 'http://localhost:8496/session/7399e7654adaf9cdf9b5e206e16402f5/url'
19:21:25.830 [Forwarding getCurrentUrl on session 7399e7654adaf9cdf9b5e206e16402f5 to remote] DEBUG org.asynchttpclient.netty.request.NettyRequestSender - Using open Channel [id: 0x1f4a3750, L:/127.0.0.1:61107 - R:localhost/127.0.0.1:8496] for GET '/session/7399e7654adaf9cdf9b5e206e16402f5/url'
19:21:25.869 [AsyncHttpClient-1-20] DEBUG org.asynchttpclient.netty.handler.HttpHandler - 

Request DefaultFullHttpRequest(decodeResult: success, version: HTTP/1.1, content: EmptyByteBufBE)
GET /session/7399e7654adaf9cdf9b5e206e16402f5/url HTTP/1.1
User-Agent: selenium/4.8.1 (java windows)
Cache-Control: no-cache
Content-Type: application/json; charset=utf-8
host: localhost:8496
accept: */*

Response DefaultHttpResponse(decodeResult: success, version: HTTP/1.1)
HTTP/1.1 200 OK
Content-Length: 41
Content-Type: application/json; charset=utf-8
cache-control: no-cache

19:21:25.869 [AsyncHttpClient-1-20] DEBUG org.asynchttpclient.netty.channel.ChannelManager - Adding key: http://localhost:8496 for channel [id: 0x1f4a3750, L:/127.0.0.1:61107 - R:localhost/127.0.0.1:8496]
19:21:25.870 [Forwarding screenshot on session 7399e7654adaf9cdf9b5e206e16402f5 to remote] DEBUG org.asynchttpclient.netty.request.NettyRequestSender - Using pooled Channel '[id: 0x1f4a3750, L:/127.0.0.1:61107 - R:localhost/127.0.0.1:8496]' for 'GET' to 'http://localhost:8496/session/7399e7654adaf9cdf9b5e206e16402f5/screenshot'
19:21:25.870 [Forwarding screenshot on session 7399e7654adaf9cdf9b5e206e16402f5 to remote] DEBUG org.asynchttpclient.netty.request.NettyRequestSender - Using open Channel [id: 0x1f4a3750, L:/127.0.0.1:61107 - R:localhost/127.0.0.1:8496] for GET '/session/7399e7654adaf9cdf9b5e206e16402f5/screenshot'
19:21:26.078 [AsyncHttpClient-1-20] DEBUG org.asynchttpclient.netty.handler.HttpHandler - 

Request DefaultFullHttpRequest(decodeResult: success, version: HTTP/1.1, content: EmptyByteBufBE)
GET /session/7399e7654adaf9cdf9b5e206e16402f5/screenshot HTTP/1.1
User-Agent: selenium/4.8.1 (java windows)
Cache-Control: no-cache
Content-Type: application/json; charset=utf-8
host: localhost:8496
accept: */*

Response DefaultHttpResponse(decodeResult: success, version: HTTP/1.1)
HTTP/1.1 200 OK
Content-Length: 37528
Content-Type: application/json; charset=utf-8
cache-control: no-cache

19:21:26.079 [AsyncHttpClient-1-20] DEBUG org.asynchttpclient.netty.channel.ChannelManager - Adding key: http://localhost:8496 for channel [id: 0x1f4a3750, L:/127.0.0.1:61107 - R:localhost/127.0.0.1:8496]
19:21:26.081 [main] DEBUG net.serenitybdd.core.photography.Darkroom - Send negative for processing for target\site\serenity\21f18473ea4cdf96627c5cbe23c4cecde3527a0dab70c5043813f84ea4bdfd3b.png
19:21:26.084 [Darkroom Processing Line] DEBUG net.serenitybdd.core.photography.DarkroomProcessingLine - Processing screenshot image in /var/screenshots/screenshot-16420161957488564154
19:21:26.084 [Darkroom Processing Line] DEBUG net.serenitybdd.core.photography.DarkroomProcessingLine - Saving screenshot to target\site\serenity\21f18473ea4cdf96627c5cbe23c4cecde3527a0dab70c5043813f84ea4bdfd3b.png
19:21:26.085 [Forwarding getPageSource on session 7399e7654adaf9cdf9b5e206e16402f5 to remote] DEBUG org.asynchttpclient.netty.request.NettyRequestSender - Using pooled Channel '[id: 0x1f4a3750, L:/127.0.0.1:61107 - R:localhost/127.0.0.1:8496]' for 'POST' to 'http://localhost:8496/session/7399e7654adaf9cdf9b5e206e16402f5/execute/sync'
19:21:26.085 [Forwarding getPageSource on session 7399e7654adaf9cdf9b5e206e16402f5 to remote] DEBUG org.asynchttpclient.netty.request.NettyRequestSender - Using open Channel [id: 0x1f4a3750, L:/127.0.0.1:61107 - R:localhost/127.0.0.1:8496] for POST '/session/7399e7654adaf9cdf9b5e206e16402f5/execute/sync'
19:21:26.219 [AsyncHttpClient-1-20] DEBUG org.asynchttpclient.netty.handler.HttpHandler - 

Request DefaultHttpRequest(decodeResult: success, version: HTTP/1.1)
POST /session/7399e7654adaf9cdf9b5e206e16402f5/execute/sync HTTP/1.1
User-Agent: selenium/4.8.1 (java windows)
Content-Length: 176
Content-Type: application/json; charset=utf-8
host: localhost:8496
accept: */*

Response DefaultHttpResponse(decodeResult: success, version: HTTP/1.1)
HTTP/1.1 200 OK
Content-Length: 28688
Content-Type: application/json; charset=utf-8
cache-control: no-cache

19:21:26.219 [AsyncHttpClient-1-20] DEBUG org.asynchttpclient.netty.channel.ChannelManager - Adding key: http://localhost:8496 for channel [id: 0x1f4a3750, L:/127.0.0.1:61107 - R:localhost/127.0.0.1:8496]
19:21:26.222 [Forwarding getCurrentUrl on session 7399e7654adaf9cdf9b5e206e16402f5 to remote] DEBUG org.asynchttpclient.netty.request.NettyRequestSender - Using pooled Channel '[id: 0x1f4a3750, L:/127.0.0.1:61107 - R:localhost/127.0.0.1:8496]' for 'GET' to 'http://localhost:8496/session/7399e7654adaf9cdf9b5e206e16402f5/url'
19:21:26.222 [Forwarding getCurrentUrl on session 7399e7654adaf9cdf9b5e206e16402f5 to remote] DEBUG org.asynchttpclient.netty.request.NettyRequestSender - Using open Channel [id: 0x1f4a3750, L:/127.0.0.1:61107 - R:localhost/127.0.0.1:8496] for GET '/session/7399e7654adaf9cdf9b5e206e16402f5/url'
19:21:26.237 [AsyncHttpClient-1-20] DEBUG org.asynchttpclient.netty.handler.HttpHandler - 

Request DefaultFullHttpRequest(decodeResult: success, version: HTTP/1.1, content: EmptyByteBufBE)
GET /session/7399e7654adaf9cdf9b5e206e16402f5/url HTTP/1.1
User-Agent: selenium/4.8.1 (java windows)
Cache-Control: no-cache
Content-Type: application/json; charset=utf-8
host: localhost:8496
accept: */*

Response DefaultHttpResponse(decodeResult: success, version: HTTP/1.1)
HTTP/1.1 200 OK
Content-Length: 41
Content-Type: application/json; charset=utf-8
cache-control: no-cache

19:21:26.238 [AsyncHttpClient-1-20] DEBUG org.asynchttpclient.netty.channel.ChannelManager - Adding key: http://localhost:8496 for channel [id: 0x1f4a3750, L:/127.0.0.1:61107 - R:localhost/127.0.0.1:8496]
19:21:26.240 [main] DEBUG net.thucydides.core.steps.StepInterceptor - STARTING STEP: TransactionSteps.clickLoginIcon - clickLoginIcon
19:21:26.244 [Forwarding findElement on session 7399e7654adaf9cdf9b5e206e16402f5 to remote] DEBUG org.asynchttpclient.netty.request.NettyRequestSender - Using pooled Channel '[id: 0x1f4a3750, L:/127.0.0.1:61107 - R:localhost/127.0.0.1:8496]' for 'POST' to 'http://localhost:8496/session/7399e7654adaf9cdf9b5e206e16402f5/element'
19:21:26.244 [Forwarding findElement on session 7399e7654adaf9cdf9b5e206e16402f5 to remote] DEBUG org.asynchttpclient.netty.request.NettyRequestSender - Using open Channel [id: 0x1f4a3750, L:/127.0.0.1:61107 - R:localhost/127.0.0.1:8496] for POST '/session/7399e7654adaf9cdf9b5e206e16402f5/element'
19:21:26.292 [AsyncHttpClient-1-20] DEBUG org.asynchttpclient.netty.handler.HttpHandler - 

Request DefaultHttpRequest(decodeResult: success, version: HTTP/1.1)
POST /session/7399e7654adaf9cdf9b5e206e16402f5/element HTTP/1.1
User-Agent: selenium/4.8.1 (java windows)
Content-Length: 59
Content-Type: application/json; charset=utf-8
host: localhost:8496
accept: */*

Response DefaultHttpResponse(decodeResult: success, version: HTTP/1.1)
HTTP/1.1 200 OK
Content-Length: 94
Content-Type: application/json; charset=utf-8
cache-control: no-cache

19:21:26.292 [AsyncHttpClient-1-20] DEBUG org.asynchttpclient.netty.channel.ChannelManager - Adding key: http://localhost:8496 for channel [id: 0x1f4a3750, L:/127.0.0.1:61107 - R:localhost/127.0.0.1:8496]
19:21:26.294 [Forwarding getElementTagName on session 7399e7654adaf9cdf9b5e206e16402f5 to remote] DEBUG org.asynchttpclient.netty.request.NettyRequestSender - Using pooled Channel '[id: 0x1f4a3750, L:/127.0.0.1:61107 - R:localhost/127.0.0.1:8496]' for 'GET' to 'http://localhost:8496/session/7399e7654adaf9cdf9b5e206e16402f5/element/117177AB6401A2D79A1E275D0C4213AA_element_6/name'
19:21:26.294 [Forwarding getElementTagName on session 7399e7654adaf9cdf9b5e206e16402f5 to remote] DEBUG org.asynchttpclient.netty.request.NettyRequestSender - Using open Channel [id: 0x1f4a3750, L:/127.0.0.1:61107 - R:localhost/127.0.0.1:8496] for GET '/session/7399e7654adaf9cdf9b5e206e16402f5/element/117177AB6401A2D79A1E275D0C4213AA_element_6/name'
19:21:26.307 [AsyncHttpClient-1-20] DEBUG org.asynchttpclient.netty.handler.HttpHandler - 

Request DefaultFullHttpRequest(decodeResult: success, version: HTTP/1.1, content: EmptyByteBufBE)
GET /session/7399e7654adaf9cdf9b5e206e16402f5/element/117177AB6401A2D79A1E275D0C4213AA_element_6/name HTTP/1.1
User-Agent: selenium/4.8.1 (java windows)
Cache-Control: no-cache
Content-Type: application/json; charset=utf-8
host: localhost:8496
accept: */*

Response DefaultHttpResponse(decodeResult: success, version: HTTP/1.1)
HTTP/1.1 200 OK
Content-Length: 13
Content-Type: application/json; charset=utf-8
cache-control: no-cache

19:21:26.307 [AsyncHttpClient-1-20] DEBUG org.asynchttpclient.netty.channel.ChannelManager - Adding key: http://localhost:8496 for channel [id: 0x1f4a3750, L:/127.0.0.1:61107 - R:localhost/127.0.0.1:8496]
19:21:26.308 [Forwarding getElementTagName on session 7399e7654adaf9cdf9b5e206e16402f5 to remote] DEBUG org.asynchttpclient.netty.request.NettyRequestSender - Using pooled Channel '[id: 0x1f4a3750, L:/127.0.0.1:61107 - R:localhost/127.0.0.1:8496]' for 'GET' to 'http://localhost:8496/session/7399e7654adaf9cdf9b5e206e16402f5/element/117177AB6401A2D79A1E275D0C4213AA_element_6/name'
19:21:26.308 [Forwarding getElementTagName on session 7399e7654adaf9cdf9b5e206e16402f5 to remote] DEBUG org.asynchttpclient.netty.request.NettyRequestSender - Using open Channel [id: 0x1f4a3750, L:/127.0.0.1:61107 - R:localhost/127.0.0.1:8496] for GET '/session/7399e7654adaf9cdf9b5e206e16402f5/element/117177AB6401A2D79A1E275D0C4213AA_element_6/name'
19:21:26.319 [AsyncHttpClient-1-20] DEBUG org.asynchttpclient.netty.handler.HttpHandler - 

Request DefaultFullHttpRequest(decodeResult: success, version: HTTP/1.1, content: EmptyByteBufBE)
GET /session/7399e7654adaf9cdf9b5e206e16402f5/element/117177AB6401A2D79A1E275D0C4213AA_element_6/name HTTP/1.1
User-Agent: selenium/4.8.1 (java windows)
Cache-Control: no-cache
Content-Type: application/json; charset=utf-8
host: localhost:8496
accept: */*

Response DefaultHttpResponse(decodeResult: success, version: HTTP/1.1)
HTTP/1.1 200 OK
Content-Length: 13
Content-Type: application/json; charset=utf-8
cache-control: no-cache

19:21:26.319 [AsyncHttpClient-1-20] DEBUG org.asynchttpclient.netty.channel.ChannelManager - Adding key: http://localhost:8496 for channel [id: 0x1f4a3750, L:/127.0.0.1:61107 - R:localhost/127.0.0.1:8496]
19:21:26.321 [Forwarding findElement on session 7399e7654adaf9cdf9b5e206e16402f5 to remote] DEBUG org.asynchttpclient.netty.request.NettyRequestSender - Using pooled Channel '[id: 0x1f4a3750, L:/127.0.0.1:61107 - R:localhost/127.0.0.1:8496]' for 'POST' to 'http://localhost:8496/session/7399e7654adaf9cdf9b5e206e16402f5/element'
19:21:26.321 [Forwarding findElement on session 7399e7654adaf9cdf9b5e206e16402f5 to remote] DEBUG org.asynchttpclient.netty.request.NettyRequestSender - Using open Channel [id: 0x1f4a3750, L:/127.0.0.1:61107 - R:localhost/127.0.0.1:8496] for POST '/session/7399e7654adaf9cdf9b5e206e16402f5/element'
19:21:26.339 [AsyncHttpClient-1-20] DEBUG org.asynchttpclient.netty.handler.HttpHandler - 

Request DefaultHttpRequest(decodeResult: success, version: HTTP/1.1)
POST /session/7399e7654adaf9cdf9b5e206e16402f5/element HTTP/1.1
User-Agent: selenium/4.8.1 (java windows)
Content-Length: 59
Content-Type: application/json; charset=utf-8
host: localhost:8496
accept: */*

Response DefaultHttpResponse(decodeResult: success, version: HTTP/1.1)
HTTP/1.1 200 OK
Content-Length: 94
Content-Type: application/json; charset=utf-8
cache-control: no-cache

19:21:26.339 [AsyncHttpClient-1-20] DEBUG org.asynchttpclient.netty.channel.ChannelManager - Adding key: http://localhost:8496 for channel [id: 0x1f4a3750, L:/127.0.0.1:61107 - R:localhost/127.0.0.1:8496]
19:21:26.341 [Forwarding clickElement on session 7399e7654adaf9cdf9b5e206e16402f5 to remote] DEBUG org.asynchttpclient.netty.request.NettyRequestSender - Using pooled Channel '[id: 0x1f4a3750, L:/127.0.0.1:61107 - R:localhost/127.0.0.1:8496]' for 'POST' to 'http://localhost:8496/session/7399e7654adaf9cdf9b5e206e16402f5/element/117177AB6401A2D79A1E275D0C4213AA_element_6/click'
19:21:26.341 [Forwarding clickElement on session 7399e7654adaf9cdf9b5e206e16402f5 to remote] DEBUG org.asynchttpclient.netty.request.NettyRequestSender - Using open Channel [id: 0x1f4a3750, L:/127.0.0.1:61107 - R:localhost/127.0.0.1:8496] for POST '/session/7399e7654adaf9cdf9b5e206e16402f5/element/117177AB6401A2D79A1E275D0C4213AA_element_6/click'
19:21:26.498 [AsyncHttpClient-1-20] DEBUG org.asynchttpclient.netty.handler.HttpHandler - 

Request DefaultHttpRequest(decodeResult: success, version: HTTP/1.1)
POST /session/7399e7654adaf9cdf9b5e206e16402f5/element/117177AB6401A2D79A1E275D0C4213AA_element_6/click HTTP/1.1
User-Agent: selenium/4.8.1 (java windows)
Content-Length: 56
Content-Type: application/json; charset=utf-8
host: localhost:8496
accept: */*

Response DefaultHttpResponse(decodeResult: success, version: HTTP/1.1)
HTTP/1.1 200 OK
Content-Length: 14
Content-Type: application/json; charset=utf-8
cache-control: no-cache

19:21:26.498 [AsyncHttpClient-1-20] DEBUG org.asynchttpclient.netty.channel.ChannelManager - Adding key: http://localhost:8496 for channel [id: 0x1f4a3750, L:/127.0.0.1:61107 - R:localhost/127.0.0.1:8496]
19:21:26.507 [Forwarding getAlertText on session 7399e7654adaf9cdf9b5e206e16402f5 to remote] DEBUG org.asynchttpclient.netty.request.NettyRequestSender - Using pooled Channel '[id: 0x1f4a3750, L:/127.0.0.1:61107 - R:localhost/127.0.0.1:8496]' for 'GET' to 'http://localhost:8496/session/7399e7654adaf9cdf9b5e206e16402f5/alert/text'
19:21:26.507 [Forwarding getAlertText on session 7399e7654adaf9cdf9b5e206e16402f5 to remote] DEBUG org.asynchttpclient.netty.request.NettyRequestSender - Using open Channel [id: 0x1f4a3750, L:/127.0.0.1:61107 - R:localhost/127.0.0.1:8496] for GET '/session/7399e7654adaf9cdf9b5e206e16402f5/alert/text'
19:21:26.508 [AsyncHttpClient-1-20] DEBUG org.asynchttpclient.netty.handler.HttpHandler - 

Request DefaultFullHttpRequest(decodeResult: success, version: HTTP/1.1, content: EmptyByteBufBE)
GET /session/7399e7654adaf9cdf9b5e206e16402f5/alert/text HTTP/1.1
User-Agent: selenium/4.8.1 (java windows)
Cache-Control: no-cache
Content-Type: application/json; charset=utf-8
host: localhost:8496
accept: */*

Response DefaultHttpResponse(decodeResult: success, version: HTTP/1.1)
HTTP/1.1 404 Not Found
Content-Length: 847
Content-Type: application/json; charset=utf-8
cache-control: no-cache

19:21:26.508 [AsyncHttpClient-1-20] DEBUG org.asynchttpclient.netty.channel.ChannelManager - Adding key: http://localhost:8496 for channel [id: 0x1f4a3750, L:/127.0.0.1:61107 - R:localhost/127.0.0.1:8496]
19:21:26.509 [Forwarding getCurrentUrl on session 7399e7654adaf9cdf9b5e206e16402f5 to remote] DEBUG org.asynchttpclient.netty.request.NettyRequestSender - Using pooled Channel '[id: 0x1f4a3750, L:/127.0.0.1:61107 - R:localhost/127.0.0.1:8496]' for 'GET' to 'http://localhost:8496/session/7399e7654adaf9cdf9b5e206e16402f5/url'
19:21:26.509 [Forwarding getCurrentUrl on session 7399e7654adaf9cdf9b5e206e16402f5 to remote] DEBUG org.asynchttpclient.netty.request.NettyRequestSender - Using open Channel [id: 0x1f4a3750, L:/127.0.0.1:61107 - R:localhost/127.0.0.1:8496] for GET '/session/7399e7654adaf9cdf9b5e206e16402f5/url'
19:21:26.512 [AsyncHttpClient-1-20] DEBUG org.asynchttpclient.netty.handler.HttpHandler - 

Request DefaultFullHttpRequest(decodeResult: success, version: HTTP/1.1, content: EmptyByteBufBE)
GET /session/7399e7654adaf9cdf9b5e206e16402f5/url HTTP/1.1
User-Agent: selenium/4.8.1 (java windows)
Cache-Control: no-cache
Content-Type: application/json; charset=utf-8
host: localhost:8496
accept: */*

Response DefaultHttpResponse(decodeResult: success, version: HTTP/1.1)
HTTP/1.1 200 OK
Content-Length: 51
Content-Type: application/json; charset=utf-8
cache-control: no-cache

19:21:26.512 [AsyncHttpClient-1-20] DEBUG org.asynchttpclient.netty.channel.ChannelManager - Adding key: http://localhost:8496 for channel [id: 0x1f4a3750, L:/127.0.0.1:61107 - R:localhost/127.0.0.1:8496]
19:21:26.512 [Forwarding screenshot on session 7399e7654adaf9cdf9b5e206e16402f5 to remote] DEBUG org.asynchttpclient.netty.request.NettyRequestSender - Using pooled Channel '[id: 0x1f4a3750, L:/127.0.0.1:61107 - R:localhost/127.0.0.1:8496]' for 'GET' to 'http://localhost:8496/session/7399e7654adaf9cdf9b5e206e16402f5/screenshot'
19:21:26.512 [Forwarding screenshot on session 7399e7654adaf9cdf9b5e206e16402f5 to remote] DEBUG org.asynchttpclient.netty.request.NettyRequestSender - Using open Channel [id: 0x1f4a3750, L:/127.0.0.1:61107 - R:localhost/127.0.0.1:8496] for GET '/session/7399e7654adaf9cdf9b5e206e16402f5/screenshot'
19:21:26.647 [AsyncHttpClient-1-20] DEBUG org.asynchttpclient.netty.handler.HttpHandler - 

Request DefaultFullHttpRequest(decodeResult: success, version: HTTP/1.1, content: EmptyByteBufBE)
GET /session/7399e7654adaf9cdf9b5e206e16402f5/screenshot HTTP/1.1
User-Agent: selenium/4.8.1 (java windows)
Cache-Control: no-cache
Content-Type: application/json; charset=utf-8
host: localhost:8496
accept: */*

Response DefaultHttpResponse(decodeResult: success, version: HTTP/1.1)
HTTP/1.1 200 OK
Content-Length: 34024
Content-Type: application/json; charset=utf-8
cache-control: no-cache

19:21:26.648 [AsyncHttpClient-1-20] DEBUG org.asynchttpclient.netty.channel.ChannelManager - Adding key: http://localhost:8496 for channel [id: 0x1f4a3750, L:/127.0.0.1:61107 - R:localhost/127.0.0.1:8496]
19:21:26.649 [main] DEBUG net.serenitybdd.core.photography.Darkroom - Send negative for processing for target\site\serenity\ba9d6ef9d754f9b920ec781cd698cf74be33387da432d9e042719ce6040c39a6.png
19:21:26.649 [main] DEBUG net.thucydides.core.steps.StepInterceptor - STEP DONE: clickLoginIcon
  &amp#27;[32mWhen &amp#27;[0m&amp#27;[32mI click on the login icon&amp#27;[0m         &amp#27;[90m# starter.stepdefinitions.TransactionSteps.clickLoginIcon()&amp#27;[0m
19:21:26.649 [Darkroom Processing Line] DEBUG net.serenitybdd.core.photography.DarkroomProcessingLine - Processing screenshot image in /var/screenshots/screenshot-7646061126139203609
19:21:26.649 [Darkroom Processing Line] DEBUG net.serenitybdd.core.photography.DarkroomProcessingLine - Saving screenshot to target\site\serenity\ba9d6ef9d754f9b920ec781cd698cf74be33387da432d9e042719ce6040c39a6.png
19:21:26.660 [Forwarding getPageSource on session 7399e7654adaf9cdf9b5e206e16402f5 to remote] DEBUG org.asynchttpclient.netty.request.NettyRequestSender - Using pooled Channel '[id: 0x1f4a3750, L:/127.0.0.1:61107 - R:localhost/127.0.0.1:8496]' for 'POST' to 'http://localhost:8496/session/7399e7654adaf9cdf9b5e206e16402f5/execute/sync'
19:21:26.660 [Forwarding getPageSource on session 7399e7654adaf9cdf9b5e206e16402f5 to remote] DEBUG org.asynchttpclient.netty.request.NettyRequestSender - Using open Channel [id: 0x1f4a3750, L:/127.0.0.1:61107 - R:localhost/127.0.0.1:8496] for POST '/session/7399e7654adaf9cdf9b5e206e16402f5/execute/sync'
19:21:26.666 [AsyncHttpClient-1-20] DEBUG org.asynchttpclient.netty.handler.HttpHandler - 

Request DefaultHttpRequest(decodeResult: success, version: HTTP/1.1)
POST /session/7399e7654adaf9cdf9b5e206e16402f5/execute/sync HTTP/1.1
User-Agent: selenium/4.8.1 (java windows)
Content-Length: 176
Content-Type: application/json; charset=utf-8
host: localhost:8496
accept: */*

Response DefaultHttpResponse(decodeResult: success, version: HTTP/1.1)
HTTP/1.1 200 OK
Content-Length: 21976
Content-Type: application/json; charset=utf-8
cache-control: no-cache

19:21:26.666 [AsyncHttpClient-1-20] DEBUG org.asynchttpclient.netty.channel.ChannelManager - Adding key: http://localhost:8496 for channel [id: 0x1f4a3750, L:/127.0.0.1:61107 - R:localhost/127.0.0.1:8496]
19:21:26.669 [Forwarding getCurrentUrl on session 7399e7654adaf9cdf9b5e206e16402f5 to remote] DEBUG org.asynchttpclient.netty.request.NettyRequestSender - Using pooled Channel '[id: 0x1f4a3750, L:/127.0.0.1:61107 - R:localhost/127.0.0.1:8496]' for 'GET' to 'http://localhost:8496/session/7399e7654adaf9cdf9b5e206e16402f5/url'
19:21:26.669 [Forwarding getCurrentUrl on session 7399e7654adaf9cdf9b5e206e16402f5 to remote] DEBUG org.asynchttpclient.netty.request.NettyRequestSender - Using open Channel [id: 0x1f4a3750, L:/127.0.0.1:61107 - R:localhost/127.0.0.1:8496] for GET '/session/7399e7654adaf9cdf9b5e206e16402f5/url'
19:21:26.675 [AsyncHttpClient-1-20] DEBUG org.asynchttpclient.netty.handler.HttpHandler - 

Request DefaultFullHttpRequest(decodeResult: success, version: HTTP/1.1, content: EmptyByteBufBE)
GET /session/7399e7654adaf9cdf9b5e206e16402f5/url HTTP/1.1
User-Agent: selenium/4.8.1 (java windows)
Cache-Control: no-cache
Content-Type: application/json; charset=utf-8
host: localhost:8496
accept: */*

Response DefaultHttpResponse(decodeResult: success, version: HTTP/1.1)
HTTP/1.1 200 OK
Content-Length: 51
Content-Type: application/json; charset=utf-8
cache-control: no-cache

19:21:26.675 [AsyncHttpClient-1-20] DEBUG org.asynchttpclient.netty.channel.ChannelManager - Adding key: http://localhost:8496 for channel [id: 0x1f4a3750, L:/127.0.0.1:61107 - R:localhost/127.0.0.1:8496]
19:21:26.689 [Forwarding getPageSource on session 7399e7654adaf9cdf9b5e206e16402f5 to remote] DEBUG org.asynchttpclient.netty.request.NettyRequestSender - Using pooled Channel '[id: 0x1f4a3750, L:/127.0.0.1:61107 - R:localhost/127.0.0.1:8496]' for 'POST' to 'http://localhost:8496/session/7399e7654adaf9cdf9b5e206e16402f5/execute/sync'
19:21:26.689 [Forwarding getPageSource on session 7399e7654adaf9cdf9b5e206e16402f5 to remote] DEBUG org.asynchttpclient.netty.request.NettyRequestSender - Using open Channel [id: 0x1f4a3750, L:/127.0.0.1:61107 - R:localhost/127.0.0.1:8496] for POST '/session/7399e7654adaf9cdf9b5e206e16402f5/execute/sync'
19:21:26.696 [AsyncHttpClient-1-20] DEBUG org.asynchttpclient.netty.handler.HttpHandler - 

Request DefaultHttpRequest(decodeResult: success, version: HTTP/1.1)
POST /session/7399e7654adaf9cdf9b5e206e16402f5/execute/sync HTTP/1.1
User-Agent: selenium/4.8.1 (java windows)
Content-Length: 176
Content-Type: application/json; charset=utf-8
host: localhost:8496
accept: */*

Response DefaultHttpResponse(decodeResult: success, version: HTTP/1.1)
HTTP/1.1 200 OK
Content-Length: 21977
Content-Type: application/json; charset=utf-8
cache-control: no-cache

19:21:26.696 [AsyncHttpClient-1-20] DEBUG org.asynchttpclient.netty.channel.ChannelManager - Adding key: http://localhost:8496 for channel [id: 0x1f4a3750, L:/127.0.0.1:61107 - R:localhost/127.0.0.1:8496]
19:21:26.698 [Forwarding getCurrentUrl on session 7399e7654adaf9cdf9b5e206e16402f5 to remote] DEBUG org.asynchttpclient.netty.request.NettyRequestSender - Using pooled Channel '[id: 0x1f4a3750, L:/127.0.0.1:61107 - R:localhost/127.0.0.1:8496]' for 'GET' to 'http://localhost:8496/session/7399e7654adaf9cdf9b5e206e16402f5/url'
19:21:26.698 [Forwarding getCurrentUrl on session 7399e7654adaf9cdf9b5e206e16402f5 to remote] DEBUG org.asynchttpclient.netty.request.NettyRequestSender - Using open Channel [id: 0x1f4a3750, L:/127.0.0.1:61107 - R:localhost/127.0.0.1:8496] for GET '/session/7399e7654adaf9cdf9b5e206e16402f5/url'
19:21:26.701 [AsyncHttpClient-1-20] DEBUG org.asynchttpclient.netty.handler.HttpHandler - 

Request DefaultFullHttpRequest(decodeResult: success, version: HTTP/1.1, content: EmptyByteBufBE)
GET /session/7399e7654adaf9cdf9b5e206e16402f5/url HTTP/1.1
User-Agent: selenium/4.8.1 (java windows)
Cache-Control: no-cache
Content-Type: application/json; charset=utf-8
host: localhost:8496
accept: */*

Response DefaultHttpResponse(decodeResult: success, version: HTTP/1.1)
HTTP/1.1 200 OK
Content-Length: 51
Content-Type: application/json; charset=utf-8
cache-control: no-cache

19:21:26.702 [AsyncHttpClient-1-20] DEBUG org.asynchttpclient.netty.channel.ChannelManager - Adding key: http://localhost:8496 for channel [id: 0x1f4a3750, L:/127.0.0.1:61107 - R:localhost/127.0.0.1:8496]
19:21:26.703 [main] DEBUG net.thucydides.core.steps.StepInterceptor - STARTING STEP: TransactionSteps.validateOnLoginPage - validateOnLoginPage
19:21:26.705 [Forwarding findElement on session 7399e7654adaf9cdf9b5e206e16402f5 to remote] DEBUG org.asynchttpclient.netty.request.NettyRequestSender - Using pooled Channel '[id: 0x1f4a3750, L:/127.0.0.1:61107 - R:localhost/127.0.0.1:8496]' for 'POST' to 'http://localhost:8496/session/7399e7654adaf9cdf9b5e206e16402f5/element'
19:21:26.705 [Forwarding findElement on session 7399e7654adaf9cdf9b5e206e16402f5 to remote] DEBUG org.asynchttpclient.netty.request.NettyRequestSender - Using open Channel [id: 0x1f4a3750, L:/127.0.0.1:61107 - R:localhost/127.0.0.1:8496] for POST '/session/7399e7654adaf9cdf9b5e206e16402f5/element'
19:21:26.717 [AsyncHttpClient-1-20] DEBUG org.asynchttpclient.netty.handler.HttpHandler - 

Request DefaultHttpRequest(decodeResult: success, version: HTTP/1.1)
POST /session/7399e7654adaf9cdf9b5e206e16402f5/element HTTP/1.1
User-Agent: selenium/4.8.1 (java windows)
Content-Length: 71
Content-Type: application/json; charset=utf-8
host: localhost:8496
accept: */*

Response DefaultHttpResponse(decodeResult: success, version: HTTP/1.1)
HTTP/1.1 200 OK
Content-Length: 94
Content-Type: application/json; charset=utf-8
cache-control: no-cache

19:21:26.717 [AsyncHttpClient-1-20] DEBUG org.asynchttpclient.netty.channel.ChannelManager - Adding key: http://localhost:8496 for channel [id: 0x1f4a3750, L:/127.0.0.1:61107 - R:localhost/127.0.0.1:8496]
19:21:26.719 [Forwarding isElementDisplayed on session 7399e7654adaf9cdf9b5e206e16402f5 to remote] DEBUG org.asynchttpclient.netty.request.NettyRequestSender - Using pooled Channel '[id: 0x1f4a3750, L:/127.0.0.1:61107 - R:localhost/127.0.0.1:8496]' for 'POST' to 'http://localhost:8496/session/7399e7654adaf9cdf9b5e206e16402f5/execute/sync'
19:21:26.719 [Forwarding isElementDisplayed on session 7399e7654adaf9cdf9b5e206e16402f5 to remote] DEBUG org.asynchttpclient.netty.request.NettyRequestSender - Using open Channel [id: 0x1f4a3750, L:/127.0.0.1:61107 - R:localhost/127.0.0.1:8496] for POST '/session/7399e7654adaf9cdf9b5e206e16402f5/execute/sync'
19:21:26.735 [AsyncHttpClient-1-20] DEBUG org.asynchttpclient.netty.handler.HttpHandler - 

Request DefaultHttpRequest(decodeResult: success, version: HTTP/1.1)
POST /session/7399e7654adaf9cdf9b5e206e16402f5/execute/sync HTTP/1.1
User-Agent: selenium/4.8.1 (java windows)
Content-Length: 48813
Content-Type: application/json; charset=utf-8
host: localhost:8496
accept: */*

Response DefaultHttpResponse(decodeResult: success, version: HTTP/1.1)
HTTP/1.1 200 OK
Content-Length: 14
Content-Type: application/json; charset=utf-8
cache-control: no-cache

19:21:26.735 [AsyncHttpClient-1-20] DEBUG org.asynchttpclient.netty.channel.ChannelManager - Adding key: http://localhost:8496 for channel [id: 0x1f4a3750, L:/127.0.0.1:61107 - R:localhost/127.0.0.1:8496]
19:21:26.742 [Forwarding getAlertText on session 7399e7654adaf9cdf9b5e206e16402f5 to remote] DEBUG org.asynchttpclient.netty.request.NettyRequestSender - Using pooled Channel '[id: 0x1f4a3750, L:/127.0.0.1:61107 - R:localhost/127.0.0.1:8496]' for 'GET' to 'http://localhost:8496/session/7399e7654adaf9cdf9b5e206e16402f5/alert/text'
19:21:26.742 [Forwarding getAlertText on session 7399e7654adaf9cdf9b5e206e16402f5 to remote] DEBUG org.asynchttpclient.netty.request.NettyRequestSender - Using open Channel [id: 0x1f4a3750, L:/127.0.0.1:61107 - R:localhost/127.0.0.1:8496] for GET '/session/7399e7654adaf9cdf9b5e206e16402f5/alert/text'
19:21:26.744 [AsyncHttpClient-1-20] DEBUG org.asynchttpclient.netty.handler.HttpHandler - 

Request DefaultFullHttpRequest(decodeResult: success, version: HTTP/1.1, content: EmptyByteBufBE)
GET /session/7399e7654adaf9cdf9b5e206e16402f5/alert/text HTTP/1.1
User-Agent: selenium/4.8.1 (java windows)
Cache-Control: no-cache
Content-Type: application/json; charset=utf-8
host: localhost:8496
accept: */*

Response DefaultHttpResponse(decodeResult: success, version: HTTP/1.1)
HTTP/1.1 404 Not Found
Content-Length: 847
Content-Type: application/json; charset=utf-8
cache-control: no-cache

19:21:26.744 [AsyncHttpClient-1-20] DEBUG org.asynchttpclient.netty.channel.ChannelManager - Adding key: http://localhost:8496 for channel [id: 0x1f4a3750, L:/127.0.0.1:61107 - R:localhost/127.0.0.1:8496]
19:21:26.745 [Forwarding getCurrentUrl on session 7399e7654adaf9cdf9b5e206e16402f5 to remote] DEBUG org.asynchttpclient.netty.request.NettyRequestSender - Using pooled Channel '[id: 0x1f4a3750, L:/127.0.0.1:61107 - R:localhost/127.0.0.1:8496]' for 'GET' to 'http://localhost:8496/session/7399e7654adaf9cdf9b5e206e16402f5/url'
19:21:26.745 [Forwarding getCurrentUrl on session 7399e7654adaf9cdf9b5e206e16402f5 to remote] DEBUG org.asynchttpclient.netty.request.NettyRequestSender - Using open Channel [id: 0x1f4a3750, L:/127.0.0.1:61107 - R:localhost/127.0.0.1:8496] for GET '/session/7399e7654adaf9cdf9b5e206e16402f5/url'
19:21:26.749 [AsyncHttpClient-1-20] DEBUG org.asynchttpclient.netty.handler.HttpHandler - 

Request DefaultFullHttpRequest(decodeResult: success, version: HTTP/1.1, content: EmptyByteBufBE)
GET /session/7399e7654adaf9cdf9b5e206e16402f5/url HTTP/1.1
User-Agent: selenium/4.8.1 (java windows)
Cache-Control: no-cache
Content-Type: application/json; charset=utf-8
host: localhost:8496
accept: */*

Response DefaultHttpResponse(decodeResult: success, version: HTTP/1.1)
HTTP/1.1 200 OK
Content-Length: 51
Content-Type: application/json; charset=utf-8
cache-control: no-cache

19:21:26.750 [AsyncHttpClient-1-20] DEBUG org.asynchttpclient.netty.channel.ChannelManager - Adding key: http://localhost:8496 for channel [id: 0x1f4a3750, L:/127.0.0.1:61107 - R:localhost/127.0.0.1:8496]
19:21:26.750 [Forwarding screenshot on session 7399e7654adaf9cdf9b5e206e16402f5 to remote] DEBUG org.asynchttpclient.netty.request.NettyRequestSender - Using pooled Channel '[id: 0x1f4a3750, L:/127.0.0.1:61107 - R:localhost/127.0.0.1:8496]' for 'GET' to 'http://localhost:8496/session/7399e7654adaf9cdf9b5e206e16402f5/screenshot'
19:21:26.750 [Forwarding screenshot on session 7399e7654adaf9cdf9b5e206e16402f5 to remote] DEBUG org.asynchttpclient.netty.request.NettyRequestSender - Using open Channel [id: 0x1f4a3750, L:/127.0.0.1:61107 - R:localhost/127.0.0.1:8496] for GET '/session/7399e7654adaf9cdf9b5e206e16402f5/screenshot'
19:21:26.880 [AsyncHttpClient-1-20] DEBUG org.asynchttpclient.netty.handler.HttpHandler - 

Request DefaultFullHttpRequest(decodeResult: success, version: HTTP/1.1, content: EmptyByteBufBE)
GET /session/7399e7654adaf9cdf9b5e206e16402f5/screenshot HTTP/1.1
User-Agent: selenium/4.8.1 (java windows)
Cache-Control: no-cache
Content-Type: application/json; charset=utf-8
host: localhost:8496
accept: */*

Response DefaultHttpResponse(decodeResult: success, version: HTTP/1.1)
HTTP/1.1 200 OK
Content-Length: 33724
Content-Type: application/json; charset=utf-8
cache-control: no-cache

19:21:26.880 [AsyncHttpClient-1-20] DEBUG org.asynchttpclient.netty.channel.ChannelManager - Adding key: http://localhost:8496 for channel [id: 0x1f4a3750, L:/127.0.0.1:61107 - R:localhost/127.0.0.1:8496]
19:21:26.881 [main] DEBUG net.serenitybdd.core.photography.Darkroom - Send negative for processing for target\site\serenity\c546a0ffdd79ac5a0a47091ce168c27ac76177d3f83770c0a9c23dcd472afa59.png
19:21:26.882 [main] DEBUG net.thucydides.core.steps.StepInterceptor - STEP DONE: validateOnLoginPage
  &amp#27;[32mThen &amp#27;[0m&amp#27;[32mI redirected to login page&amp#27;[0m        &amp#27;[90m# starter.stepdefinitions.TransactionSteps.validateOnLoginPage()&amp#27;[0m
19:21:26.882 [Darkroom Processing Line] DEBUG net.serenitybdd.core.photography.DarkroomProcessingLine - Processing screenshot image in /var/screenshots/screenshot-3385264243440768642
19:21:26.882 [Darkroom Processing Line] DEBUG net.serenitybdd.core.photography.DarkroomProcessingLine - Saving screenshot to target\site\serenity\c546a0ffdd79ac5a0a47091ce168c27ac76177d3f83770c0a9c23dcd472afa59.png
19:21:26.888 [main] INFO  - 
  _____   ___   ___   _____     ___     _     ___   ___   ___   ___  
 |_   _| | __| / __| |_   _|   | _ \   /_\   / __| / __| | __| |   \ 
   | |   | _|  \__ \   | |     |  _/  / _ \  \__ \ \__ \ | _|  | |) |
   |_|   |___| |___/   |_|     |_|   /_/ \_\ |___/ |___/ |___| |___/ 

View transaction without login
----------------------------------------------------------------------
19:21:26.890 [AsyncHttpClient-1-22] DEBUG org.asynchttpclient.netty.handler.WebSocketHandler - Channel Closed: [id: 0x8260dee0, L:/127.0.0.1:61115 ! R:localhost/127.0.0.1:61108] with attribute NettyResponseFuture{currentRetry=0,
	isDone=1,
	isCancelled=0,
	asyncHandler=org.asynchttpclient.ws.WebSocketUpgradeHandler@6d442b67,
	nettyRequest=org.asynchttpclient.netty.request.NettyRequest@2a5bfbde,
	future=java.util.concurrent.CompletableFuture@70411b2f[Completed normally],
	uri=ws://localhost:61108/devtools/browser/30df37fa-7b3c-40c5-aaff-65bb6476b3e5,
	keepAlive=true,
	redirectCount=0,
	timeoutsHolder=null,
	inAuth=0,
	touch=1683807684446}
19:21:26.890 [AsyncHttpClient-1-22] DEBUG org.asynchttpclient.netty.channel.ChannelManager - Closing Channel [id: 0x8260dee0, L:/127.0.0.1:61115 ! R:localhost/127.0.0.1:61108] 
19:21:26.891 [Driver Command Executor] DEBUG org.asynchttpclient.netty.request.NettyRequestSender - Using pooled Channel '[id: 0x1f4a3750, L:/127.0.0.1:61107 - R:localhost/127.0.0.1:8496]' for 'DELETE' to 'http://localhost:8496/session/7399e7654adaf9cdf9b5e206e16402f5'
19:21:26.891 [Driver Command Executor] DEBUG org.asynchttpclient.netty.request.NettyRequestSender - Using open Channel [id: 0x1f4a3750, L:/127.0.0.1:61107 - R:localhost/127.0.0.1:8496] for DELETE '/session/7399e7654adaf9cdf9b5e206e16402f5'
19:21:26.899 [AsyncHttpClient-1-1] DEBUG org.asynchttpclient.netty.channel.DefaultChannelPool - Entry count for : http://localhost:61108 : 1
19:21:26.929 [AsyncHttpClient-1-21] DEBUG org.asynchttpclient.netty.handler.HttpHandler - Unexpected I/O exception on channel [id: 0x4eaedd0c, L:/127.0.0.1:61114 - R:localhost/127.0.0.1:61108]
java.net.SocketException: Connection reset
	at java.base/sun.nio.ch.SocketChannelImpl.throwConnectionReset(SocketChannelImpl.java:401)
	at java.base/sun.nio.ch.SocketChannelImpl.read(SocketChannelImpl.java:434)
	at io.netty.buffer.PooledByteBuf.setBytes(PooledByteBuf.java:259)
	at io.netty.buffer.AbstractByteBuf.writeBytes(AbstractByteBuf.java:1132)
	at io.netty.channel.socket.nio.NioSocketChannel.doReadBytes(NioSocketChannel.java:357)
	at io.netty.channel.nio.AbstractNioByteChannel$NioByteUnsafe.read(AbstractNioByteChannel.java:151)
	at io.netty.channel.nio.NioEventLoop.processSelectedKey(NioEventLoop.java:788)
	at io.netty.channel.nio.NioEventLoop.processSelectedKeysOptimized(NioEventLoop.java:724)
	at io.netty.channel.nio.NioEventLoop.processSelectedKeys(NioEventLoop.java:650)
	at io.netty.channel.nio.NioEventLoop.run(NioEventLoop.java:562)
	at io.netty.util.concurrent.SingleThreadEventExecutor$4.run(SingleThreadEventExecutor.java:997)
	at io.netty.util.internal.ThreadExecutorMap$2.run(ThreadExecutorMap.java:74)
	at io.netty.util.concurrent.FastThreadLocalRunnable.run(FastThreadLocalRunnable.java:30)
	at java.base/java.lang.Thread.run(Thread.java:1589)
19:21:26.929 [AsyncHttpClient-1-21] DEBUG org.asynchttpclient.netty.channel.ChannelManager - Closing Channel [id: 0x4eaedd0c, L:/127.0.0.1:61114 - R:localhost/127.0.0.1:61108] 
19:21:26.929 [AsyncHttpClient-1-21] DEBUG org.asynchttpclient.netty.handler.HttpHandler - Channel Closed: [id: 0x4eaedd0c, L:/127.0.0.1:61114 ! R:localhost/127.0.0.1:61108] with attribute DISCARD
19:21:26.955 [AsyncHttpClient-1-20] DEBUG org.asynchttpclient.netty.handler.HttpHandler - 

Request DefaultFullHttpRequest(decodeResult: success, version: HTTP/1.1, content: EmptyByteBufBE)
DELETE /session/7399e7654adaf9cdf9b5e206e16402f5 HTTP/1.1
User-Agent: selenium/4.8.1 (java windows)
Content-Type: application/json; charset=utf-8
host: localhost:8496
accept: */*

Response DefaultHttpResponse(decodeResult: success, version: HTTP/1.1)
HTTP/1.1 200 OK
Content-Length: 14
Content-Type: application/json; charset=utf-8
cache-control: no-cache

19:21:26.956 [AsyncHttpClient-1-20] DEBUG org.asynchttpclient.netty.channel.ChannelManager - Adding key: http://localhost:8496 for channel [id: 0x1f4a3750, L:/127.0.0.1:61107 - R:localhost/127.0.0.1:8496]
19:21:27.042 [AsyncHttpClient-1-20] DEBUG org.asynchttpclient.netty.handler.HttpHandler - Channel Closed: [id: 0x1f4a3750, L:/127.0.0.1:61107 ! R:localhost/127.0.0.1:8496] with attribute DISCARD
]]></system-out>
    <system-err><![CDATA[Starting ChromeDriver 113.0.5672.63 (0e1a4471d5ae5bf128b1bd8f4d627c8cbd55f70c-refs/branch-heads/5672@{#912}) on port 8496
Only local connections are allowed.
Please see https://chromedriver.chromium.org/security-considerations for suggestions on keeping ChromeDriver safe.
ChromeDriver was started successfully.
May 11, 2023 7:21:24 PM org.openqa.selenium.devtools.CdpVersionFinder findNearestMatch
WARNING: Unable to find an exact match for CDP version 113, so returning the closest version found: 110
]]></system-err>
  </testcase>
  <testcase name="Pay the product we&apos;ve added to cart" classname="Transaction" time="49.986">
    <system-out><![CDATA[
Scenario: Pay the product we've added to cart             &amp#27;[90m# src/test/resources/features/5. Transaction.feature:18&amp#27;[0m
19:21:27.104 [main] DEBUG io.cucumber.core.plugin.SerenityReporter - Running feature from file:///C:/Users/Bunayya%20Zulfikar/3D%20Objects/alta_web_minpro_testcase/src/test/resources/features/5.%20Transaction.feature
19:21:27.107 [main] INFO  - 
  _____   ___   ___   _____     ___   _____     _     ___   _____   ___   ___  
 |_   _| | __| / __| |_   _|   / __| |_   _|   /_\   | _ \ |_   _| | __| |   \ 
   | |   | _|  \__ \   | |     \__ \   | |    / _ \  |   /   | |   | _|  | |) |
   |_|   |___| |___/   |_|     |___/   |_|   /_/ \_\ |_|_\   |_|   |___| |___/ 

Pay the product we've added to cart(transaction;pay-the-product-we-ve-added-to-cart)
--------------------------------------------------------------------------------
19:21:27.149 [main] DEBUG net.thucydides.core.steps.StepInterceptor - STARTING STEP: ProductSteps.onTheHomePage - openPage
19:21:27.311 [main] INFO net.serenitybdd.core.webdriver.driverproviders.ChromeDriverProvider - Starting Chrome driver instance with capabilities:
19:21:27.311 [main] INFO net.serenitybdd.core.webdriver.driverproviders.ChromeDriverProvider - Capabilities {acceptInsecureCerts: false, browserName: chrome, goog:chromeOptions: {args: [remote-allow-origins=*], extensions: []}}
19:21:27.583 [AsyncHttpClient-1-23] DEBUG org.asynchttpclient.netty.channel.NettyConnectListener - Using new Channel '[id: 0xd1eda6a8, L:/127.0.0.1:51609 - R:localhost/127.0.0.1:13783]' for 'POST' to '/session'
19:21:28.003 [AsyncHttpClient-1-1] DEBUG org.asynchttpclient.netty.channel.DefaultChannelPool - Entry count for : http://localhost:61108 : 1
19:21:28.003 [AsyncHttpClient-1-1] DEBUG org.asynchttpclient.netty.channel.DefaultChannelPool - Entry count for : http://localhost:8496 : 1
19:21:28.003 [AsyncHttpClient-1-1] DEBUG org.asynchttpclient.netty.channel.DefaultChannelPool - Adding Candidate expired Channel [id: 0x4eaedd0c, L:/127.0.0.1:61114 ! R:localhost/127.0.0.1:61108] isIdleTimeoutExpired=false isRemotelyClosed=true isTtlExpired=false
19:21:28.003 [AsyncHttpClient-1-1] DEBUG org.asynchttpclient.netty.channel.DefaultChannelPool - Closing Idle Channel [id: 0x4eaedd0c, L:/127.0.0.1:61114 ! R:localhost/127.0.0.1:61108]
19:21:28.003 [AsyncHttpClient-1-1] DEBUG org.asynchttpclient.netty.channel.DefaultChannelPool - Adding Candidate expired Channel [id: 0x1f4a3750, L:/127.0.0.1:61107 ! R:localhost/127.0.0.1:8496] isIdleTimeoutExpired=false isRemotelyClosed=true isTtlExpired=false
19:21:28.003 [AsyncHttpClient-1-1] DEBUG org.asynchttpclient.netty.channel.DefaultChannelPool - Closing Idle Channel [id: 0x1f4a3750, L:/127.0.0.1:61107 ! R:localhost/127.0.0.1:8496]
19:21:28.003 [AsyncHttpClient-1-1] DEBUG org.asynchttpclient.netty.channel.DefaultChannelPool - Closed 2 connections out of 2 in 0 ms
19:21:28.327 [AsyncHttpClient-1-23] DEBUG org.asynchttpclient.netty.handler.HttpHandler - 

Request DefaultHttpRequest(decodeResult: success, version: HTTP/1.1)
POST /session HTTP/1.1
User-Agent: selenium/4.8.1 (java windows)
Content-Length: 507
Content-Type: application/json; charset=utf-8
host: localhost:13783
accept: */*

Response DefaultHttpResponse(decodeResult: success, version: HTTP/1.1)
HTTP/1.1 200 OK
Content-Length: 862
Content-Type: application/json; charset=utf-8
cache-control: no-cache

19:21:28.327 [AsyncHttpClient-1-23] DEBUG org.asynchttpclient.netty.channel.ChannelManager - Adding key: http://localhost:13783 for channel [id: 0xd1eda6a8, L:/127.0.0.1:51609 - R:localhost/127.0.0.1:13783]
19:21:28.331 [AsyncHttpClient-1-24] DEBUG org.asynchttpclient.netty.channel.NettyConnectListener - Using new Channel '[id: 0x96ad5166, L:/127.0.0.1:51617 - R:localhost/127.0.0.1:51610]' for 'GET' to '/json/version'
19:21:28.333 [AsyncHttpClient-1-24] DEBUG org.asynchttpclient.netty.handler.HttpHandler - 

Request DefaultFullHttpRequest(decodeResult: success, version: HTTP/1.1, content: EmptyByteBufBE)
GET /json/version HTTP/1.1
User-Agent: selenium/4.8.1 (java windows)
host: localhost:51610
accept: */*

Response DefaultHttpResponse(decodeResult: success, version: HTTP/1.1)
HTTP/1.1 200 OK
Content-Security-Policy: frame-ancestors 'none'
Content-Length: 422
Content-Type: application/json; charset=UTF-8

19:21:28.333 [AsyncHttpClient-1-24] DEBUG org.asynchttpclient.netty.channel.ChannelManager - Adding key: http://localhost:51610 for channel [id: 0x96ad5166, L:/127.0.0.1:51617 - R:localhost/127.0.0.1:51610]
19:21:28.334 [AsyncHttpClient-1-25] DEBUG org.asynchttpclient.netty.channel.NettyConnectListener - Using new Channel '[id: 0x3ecd09d3, L:/127.0.0.1:51618 - R:localhost/127.0.0.1:51610]' for 'GET' to '/devtools/browser/5d8bd978-2b1e-4e4b-8883-abf01f1fddbe'
19:21:28.335 [AsyncHttpClient-1-25] DEBUG org.asynchttpclient.netty.handler.WebSocketHandler - 

Request DefaultFullHttpRequest(decodeResult: success, version: HTTP/1.1, content: EmptyByteBufBE)
GET /devtools/browser/5d8bd978-2b1e-4e4b-8883-abf01f1fddbe HTTP/1.1
upgrade: websocket
connection: upgrade
sec-websocket-key: d9terfzdEDpRd5T8FCjbNw==
sec-websocket-version: 13
origin: http://localhost:51610
host: localhost:51610
accept: */*
user-agent: AHC/2.1

Response DefaultHttpResponse(decodeResult: success, version: HTTP/1.1)
HTTP/1.1 101 WebSocket Protocol Handshake
Upgrade: WebSocket
Connection: Upgrade
Sec-WebSocket-Accept: TxQ9W5q4DEdIwLRrfoYj3t4l5W0=

19:21:28.340 [Forwarding get on session ef39548d4cdc6f80f041b0e4fed7ab9d to remote] DEBUG org.asynchttpclient.netty.request.NettyRequestSender - Using pooled Channel '[id: 0xd1eda6a8, L:/127.0.0.1:51609 - R:localhost/127.0.0.1:13783]' for 'POST' to 'http://localhost:13783/session/ef39548d4cdc6f80f041b0e4fed7ab9d/url'
19:21:28.340 [Forwarding get on session ef39548d4cdc6f80f041b0e4fed7ab9d to remote] DEBUG org.asynchttpclient.netty.request.NettyRequestSender - Using open Channel [id: 0xd1eda6a8, L:/127.0.0.1:51609 - R:localhost/127.0.0.1:13783] for POST '/session/ef39548d4cdc6f80f041b0e4fed7ab9d/url'
19:21:29.094 [AsyncHttpClient-1-23] DEBUG org.asynchttpclient.netty.handler.HttpHandler - 

Request DefaultHttpRequest(decodeResult: success, version: HTTP/1.1)
POST /session/ef39548d4cdc6f80f041b0e4fed7ab9d/url HTTP/1.1
User-Agent: selenium/4.8.1 (java windows)
Content-Length: 80
Content-Type: application/json; charset=utf-8
host: localhost:13783
accept: */*

Response DefaultHttpResponse(decodeResult: success, version: HTTP/1.1)
HTTP/1.1 200 OK
Content-Length: 14
Content-Type: application/json; charset=utf-8
cache-control: no-cache

19:21:29.094 [AsyncHttpClient-1-23] DEBUG org.asynchttpclient.netty.channel.ChannelManager - Adding key: http://localhost:13783 for channel [id: 0xd1eda6a8, L:/127.0.0.1:51609 - R:localhost/127.0.0.1:13783]
19:21:29.095 [Forwarding setTimeout on session ef39548d4cdc6f80f041b0e4fed7ab9d to remote] DEBUG org.asynchttpclient.netty.request.NettyRequestSender - Using pooled Channel '[id: 0xd1eda6a8, L:/127.0.0.1:51609 - R:localhost/127.0.0.1:13783]' for 'POST' to 'http://localhost:13783/session/ef39548d4cdc6f80f041b0e4fed7ab9d/timeouts'
19:21:29.095 [Forwarding setTimeout on session ef39548d4cdc6f80f041b0e4fed7ab9d to remote] DEBUG org.asynchttpclient.netty.request.NettyRequestSender - Using open Channel [id: 0xd1eda6a8, L:/127.0.0.1:51609 - R:localhost/127.0.0.1:13783] for POST '/session/ef39548d4cdc6f80f041b0e4fed7ab9d/timeouts'
19:21:29.095 [AsyncHttpClient-1-23] DEBUG org.asynchttpclient.netty.handler.HttpHandler - 

Request DefaultHttpRequest(decodeResult: success, version: HTTP/1.1)
POST /session/ef39548d4cdc6f80f041b0e4fed7ab9d/timeouts HTTP/1.1
User-Agent: selenium/4.8.1 (java windows)
Content-Length: 22
Content-Type: application/json; charset=utf-8
host: localhost:13783
accept: */*

Response DefaultHttpResponse(decodeResult: success, version: HTTP/1.1)
HTTP/1.1 200 OK
Content-Length: 14
Content-Type: application/json; charset=utf-8
cache-control: no-cache

19:21:29.095 [AsyncHttpClient-1-23] DEBUG org.asynchttpclient.netty.channel.ChannelManager - Adding key: http://localhost:13783 for channel [id: 0xd1eda6a8, L:/127.0.0.1:51609 - R:localhost/127.0.0.1:13783]
19:21:29.098 [AsyncHttpClient-1-1] DEBUG org.asynchttpclient.netty.channel.DefaultChannelPool - Entry count for : http://localhost:13783 : 1
19:21:29.098 [AsyncHttpClient-1-1] DEBUG org.asynchttpclient.netty.channel.DefaultChannelPool - Entry count for : http://localhost:51610 : 1
19:21:29.101 [Forwarding getAlertText on session ef39548d4cdc6f80f041b0e4fed7ab9d to remote] DEBUG org.asynchttpclient.netty.request.NettyRequestSender - Using pooled Channel '[id: 0xd1eda6a8, L:/127.0.0.1:51609 - R:localhost/127.0.0.1:13783]' for 'GET' to 'http://localhost:13783/session/ef39548d4cdc6f80f041b0e4fed7ab9d/alert/text'
19:21:29.101 [Forwarding getAlertText on session ef39548d4cdc6f80f041b0e4fed7ab9d to remote] DEBUG org.asynchttpclient.netty.request.NettyRequestSender - Using open Channel [id: 0xd1eda6a8, L:/127.0.0.1:51609 - R:localhost/127.0.0.1:13783] for GET '/session/ef39548d4cdc6f80f041b0e4fed7ab9d/alert/text'
19:21:29.103 [AsyncHttpClient-1-23] DEBUG org.asynchttpclient.netty.handler.HttpHandler - 

Request DefaultFullHttpRequest(decodeResult: success, version: HTTP/1.1, content: EmptyByteBufBE)
GET /session/ef39548d4cdc6f80f041b0e4fed7ab9d/alert/text HTTP/1.1
User-Agent: selenium/4.8.1 (java windows)
Cache-Control: no-cache
Content-Type: application/json; charset=utf-8
host: localhost:13783
accept: */*

Response DefaultHttpResponse(decodeResult: success, version: HTTP/1.1)
HTTP/1.1 404 Not Found
Content-Length: 847
Content-Type: application/json; charset=utf-8
cache-control: no-cache

19:21:29.103 [AsyncHttpClient-1-23] DEBUG org.asynchttpclient.netty.channel.ChannelManager - Adding key: http://localhost:13783 for channel [id: 0xd1eda6a8, L:/127.0.0.1:51609 - R:localhost/127.0.0.1:13783]
19:21:29.103 [Forwarding getCurrentUrl on session ef39548d4cdc6f80f041b0e4fed7ab9d to remote] DEBUG org.asynchttpclient.netty.request.NettyRequestSender - Using pooled Channel '[id: 0xd1eda6a8, L:/127.0.0.1:51609 - R:localhost/127.0.0.1:13783]' for 'GET' to 'http://localhost:13783/session/ef39548d4cdc6f80f041b0e4fed7ab9d/url'
19:21:29.103 [Forwarding getCurrentUrl on session ef39548d4cdc6f80f041b0e4fed7ab9d to remote] DEBUG org.asynchttpclient.netty.request.NettyRequestSender - Using open Channel [id: 0xd1eda6a8, L:/127.0.0.1:51609 - R:localhost/127.0.0.1:13783] for GET '/session/ef39548d4cdc6f80f041b0e4fed7ab9d/url'
19:21:29.107 [AsyncHttpClient-1-23] DEBUG org.asynchttpclient.netty.handler.HttpHandler - 

Request DefaultFullHttpRequest(decodeResult: success, version: HTTP/1.1, content: EmptyByteBufBE)
GET /session/ef39548d4cdc6f80f041b0e4fed7ab9d/url HTTP/1.1
User-Agent: selenium/4.8.1 (java windows)
Cache-Control: no-cache
Content-Type: application/json; charset=utf-8
host: localhost:13783
accept: */*

Response DefaultHttpResponse(decodeResult: success, version: HTTP/1.1)
HTTP/1.1 200 OK
Content-Length: 52
Content-Type: application/json; charset=utf-8
cache-control: no-cache

19:21:29.107 [AsyncHttpClient-1-23] DEBUG org.asynchttpclient.netty.channel.ChannelManager - Adding key: http://localhost:13783 for channel [id: 0xd1eda6a8, L:/127.0.0.1:51609 - R:localhost/127.0.0.1:13783]
19:21:29.108 [Forwarding screenshot on session ef39548d4cdc6f80f041b0e4fed7ab9d to remote] DEBUG org.asynchttpclient.netty.request.NettyRequestSender - Using pooled Channel '[id: 0xd1eda6a8, L:/127.0.0.1:51609 - R:localhost/127.0.0.1:13783]' for 'GET' to 'http://localhost:13783/session/ef39548d4cdc6f80f041b0e4fed7ab9d/screenshot'
19:21:29.108 [Forwarding screenshot on session ef39548d4cdc6f80f041b0e4fed7ab9d to remote] DEBUG org.asynchttpclient.netty.request.NettyRequestSender - Using open Channel [id: 0xd1eda6a8, L:/127.0.0.1:51609 - R:localhost/127.0.0.1:13783] for GET '/session/ef39548d4cdc6f80f041b0e4fed7ab9d/screenshot'
19:21:29.418 [AsyncHttpClient-1-23] DEBUG org.asynchttpclient.netty.handler.HttpHandler - 

Request DefaultFullHttpRequest(decodeResult: success, version: HTTP/1.1, content: EmptyByteBufBE)
GET /session/ef39548d4cdc6f80f041b0e4fed7ab9d/screenshot HTTP/1.1
User-Agent: selenium/4.8.1 (java windows)
Cache-Control: no-cache
Content-Type: application/json; charset=utf-8
host: localhost:13783
accept: */*

Response DefaultHttpResponse(decodeResult: success, version: HTTP/1.1)
HTTP/1.1 200 OK
Content-Length: 32168
Content-Type: application/json; charset=utf-8
cache-control: no-cache

19:21:29.419 [AsyncHttpClient-1-23] DEBUG org.asynchttpclient.netty.channel.ChannelManager - Adding key: http://localhost:13783 for channel [id: 0xd1eda6a8, L:/127.0.0.1:51609 - R:localhost/127.0.0.1:13783]
19:21:29.420 [main] DEBUG net.serenitybdd.core.photography.Darkroom - Send negative for processing for target\site\serenity\d00787a84e57ae9818ec6333fe71d83a89fc0961433dfe7832481e3dca8fda29.png
19:21:29.420 [main] DEBUG net.thucydides.core.steps.StepInterceptor - STEP DONE: openPage
19:21:29.425 [Forwarding getPageSource on session ef39548d4cdc6f80f041b0e4fed7ab9d to remote] DEBUG org.asynchttpclient.netty.request.NettyRequestSender - Using pooled Channel '[id: 0xd1eda6a8, L:/127.0.0.1:51609 - R:localhost/127.0.0.1:13783]' for 'POST' to 'http://localhost:13783/session/ef39548d4cdc6f80f041b0e4fed7ab9d/execute/sync'
19:21:29.425 [Forwarding getPageSource on session ef39548d4cdc6f80f041b0e4fed7ab9d to remote] DEBUG org.asynchttpclient.netty.request.NettyRequestSender - Using open Channel [id: 0xd1eda6a8, L:/127.0.0.1:51609 - R:localhost/127.0.0.1:13783] for POST '/session/ef39548d4cdc6f80f041b0e4fed7ab9d/execute/sync'
19:21:29.431 [AsyncHttpClient-1-23] DEBUG org.asynchttpclient.netty.handler.HttpHandler - 

Request DefaultHttpRequest(decodeResult: success, version: HTTP/1.1)
POST /session/ef39548d4cdc6f80f041b0e4fed7ab9d/execute/sync HTTP/1.1
User-Agent: selenium/4.8.1 (java windows)
Content-Length: 176
Content-Type: application/json; charset=utf-8
host: localhost:13783
accept: */*

Response DefaultHttpResponse(decodeResult: success, version: HTTP/1.1)
HTTP/1.1 200 OK
Content-Length: 21659
Content-Type: application/json; charset=utf-8
cache-control: no-cache

19:21:29.432 [AsyncHttpClient-1-23] DEBUG org.asynchttpclient.netty.channel.ChannelManager - Adding key: http://localhost:13783 for channel [id: 0xd1eda6a8, L:/127.0.0.1:51609 - R:localhost/127.0.0.1:13783]
19:21:29.433 [Forwarding getCurrentUrl on session ef39548d4cdc6f80f041b0e4fed7ab9d to remote] DEBUG org.asynchttpclient.netty.request.NettyRequestSender - Using pooled Channel '[id: 0xd1eda6a8, L:/127.0.0.1:51609 - R:localhost/127.0.0.1:13783]' for 'GET' to 'http://localhost:13783/session/ef39548d4cdc6f80f041b0e4fed7ab9d/url'
19:21:29.433 [Forwarding getCurrentUrl on session ef39548d4cdc6f80f041b0e4fed7ab9d to remote] DEBUG org.asynchttpclient.netty.request.NettyRequestSender - Using open Channel [id: 0xd1eda6a8, L:/127.0.0.1:51609 - R:localhost/127.0.0.1:13783] for GET '/session/ef39548d4cdc6f80f041b0e4fed7ab9d/url'
19:21:29.437 [AsyncHttpClient-1-23] DEBUG org.asynchttpclient.netty.handler.HttpHandler - 

Request DefaultFullHttpRequest(decodeResult: success, version: HTTP/1.1, content: EmptyByteBufBE)
GET /session/ef39548d4cdc6f80f041b0e4fed7ab9d/url HTTP/1.1
User-Agent: selenium/4.8.1 (java windows)
Cache-Control: no-cache
Content-Type: application/json; charset=utf-8
host: localhost:13783
accept: */*

Response DefaultHttpResponse(decodeResult: success, version: HTTP/1.1)
HTTP/1.1 200 OK
Content-Length: 52
Content-Type: application/json; charset=utf-8
cache-control: no-cache

19:21:29.437 [AsyncHttpClient-1-23] DEBUG org.asynchttpclient.netty.channel.ChannelManager - Adding key: http://localhost:13783 for channel [id: 0xd1eda6a8, L:/127.0.0.1:51609 - R:localhost/127.0.0.1:13783]
19:21:29.438 [main] DEBUG net.thucydides.core.steps.StepInterceptor - STARTING STEP: ProductSteps.onTheHomePage - inputEmail
19:21:29.441 [Forwarding findElement on session ef39548d4cdc6f80f041b0e4fed7ab9d to remote] DEBUG org.asynchttpclient.netty.request.NettyRequestSender - Using pooled Channel '[id: 0xd1eda6a8, L:/127.0.0.1:51609 - R:localhost/127.0.0.1:13783]' for 'POST' to 'http://localhost:13783/session/ef39548d4cdc6f80f041b0e4fed7ab9d/element'
19:21:29.441 [Forwarding findElement on session ef39548d4cdc6f80f041b0e4fed7ab9d to remote] DEBUG org.asynchttpclient.netty.request.NettyRequestSender - Using open Channel [id: 0xd1eda6a8, L:/127.0.0.1:51609 - R:localhost/127.0.0.1:13783] for POST '/session/ef39548d4cdc6f80f041b0e4fed7ab9d/element'
19:21:29.455 [AsyncHttpClient-1-23] DEBUG org.asynchttpclient.netty.handler.HttpHandler - 

Request DefaultHttpRequest(decodeResult: success, version: HTTP/1.1)
POST /session/ef39548d4cdc6f80f041b0e4fed7ab9d/element HTTP/1.1
User-Agent: selenium/4.8.1 (java windows)
Content-Length: 55
Content-Type: application/json; charset=utf-8
host: localhost:13783
accept: */*

Response DefaultHttpResponse(decodeResult: success, version: HTTP/1.1)
HTTP/1.1 200 OK
Content-Length: 94
Content-Type: application/json; charset=utf-8
cache-control: no-cache

19:21:29.455 [AsyncHttpClient-1-23] DEBUG org.asynchttpclient.netty.channel.ChannelManager - Adding key: http://localhost:13783 for channel [id: 0xd1eda6a8, L:/127.0.0.1:51609 - R:localhost/127.0.0.1:13783]
19:21:29.456 [Forwarding clearElement on session ef39548d4cdc6f80f041b0e4fed7ab9d to remote] DEBUG org.asynchttpclient.netty.request.NettyRequestSender - Using pooled Channel '[id: 0xd1eda6a8, L:/127.0.0.1:51609 - R:localhost/127.0.0.1:13783]' for 'POST' to 'http://localhost:13783/session/ef39548d4cdc6f80f041b0e4fed7ab9d/element/C888729B4BB0AA119AB157560DE0BE97_element_5/clear'
19:21:29.456 [Forwarding clearElement on session ef39548d4cdc6f80f041b0e4fed7ab9d to remote] DEBUG org.asynchttpclient.netty.request.NettyRequestSender - Using open Channel [id: 0xd1eda6a8, L:/127.0.0.1:51609 - R:localhost/127.0.0.1:13783] for POST '/session/ef39548d4cdc6f80f041b0e4fed7ab9d/element/C888729B4BB0AA119AB157560DE0BE97_element_5/clear'
19:21:29.496 [AsyncHttpClient-1-23] DEBUG org.asynchttpclient.netty.handler.HttpHandler - 

Request DefaultHttpRequest(decodeResult: success, version: HTTP/1.1)
POST /session/ef39548d4cdc6f80f041b0e4fed7ab9d/element/C888729B4BB0AA119AB157560DE0BE97_element_5/clear HTTP/1.1
User-Agent: selenium/4.8.1 (java windows)
Content-Length: 56
Content-Type: application/json; charset=utf-8
host: localhost:13783
accept: */*

Response DefaultHttpResponse(decodeResult: success, version: HTTP/1.1)
HTTP/1.1 200 OK
Content-Length: 14
Content-Type: application/json; charset=utf-8
cache-control: no-cache

19:21:29.496 [AsyncHttpClient-1-23] DEBUG org.asynchttpclient.netty.channel.ChannelManager - Adding key: http://localhost:13783 for channel [id: 0xd1eda6a8, L:/127.0.0.1:51609 - R:localhost/127.0.0.1:13783]
19:21:29.497 [Forwarding sendKeysToElement on session ef39548d4cdc6f80f041b0e4fed7ab9d to remote] DEBUG org.asynchttpclient.netty.request.NettyRequestSender - Using pooled Channel '[id: 0xd1eda6a8, L:/127.0.0.1:51609 - R:localhost/127.0.0.1:13783]' for 'POST' to 'http://localhost:13783/session/ef39548d4cdc6f80f041b0e4fed7ab9d/element/C888729B4BB0AA119AB157560DE0BE97_element_5/value'
19:21:29.497 [Forwarding sendKeysToElement on session ef39548d4cdc6f80f041b0e4fed7ab9d to remote] DEBUG org.asynchttpclient.netty.request.NettyRequestSender - Using open Channel [id: 0xd1eda6a8, L:/127.0.0.1:51609 - R:localhost/127.0.0.1:13783] for POST '/session/ef39548d4cdc6f80f041b0e4fed7ab9d/element/C888729B4BB0AA119AB157560DE0BE97_element_5/value'
19:21:29.655 [AsyncHttpClient-1-23] DEBUG org.asynchttpclient.netty.handler.HttpHandler - 

Request DefaultHttpRequest(decodeResult: success, version: HTTP/1.1)
POST /session/ef39548d4cdc6f80f041b0e4fed7ab9d/element/C888729B4BB0AA119AB157560DE0BE97_element_5/value HTTP/1.1
User-Agent: selenium/4.8.1 (java windows)
Content-Length: 247
Content-Type: application/json; charset=utf-8
host: localhost:13783
accept: */*

Response DefaultHttpResponse(decodeResult: success, version: HTTP/1.1)
HTTP/1.1 200 OK
Content-Length: 14
Content-Type: application/json; charset=utf-8
cache-control: no-cache

19:21:29.655 [AsyncHttpClient-1-23] DEBUG org.asynchttpclient.netty.channel.ChannelManager - Adding key: http://localhost:13783 for channel [id: 0xd1eda6a8, L:/127.0.0.1:51609 - R:localhost/127.0.0.1:13783]
19:21:29.665 [Forwarding getAlertText on session ef39548d4cdc6f80f041b0e4fed7ab9d to remote] DEBUG org.asynchttpclient.netty.request.NettyRequestSender - Using pooled Channel '[id: 0xd1eda6a8, L:/127.0.0.1:51609 - R:localhost/127.0.0.1:13783]' for 'GET' to 'http://localhost:13783/session/ef39548d4cdc6f80f041b0e4fed7ab9d/alert/text'
19:21:29.665 [Forwarding getAlertText on session ef39548d4cdc6f80f041b0e4fed7ab9d to remote] DEBUG org.asynchttpclient.netty.request.NettyRequestSender - Using open Channel [id: 0xd1eda6a8, L:/127.0.0.1:51609 - R:localhost/127.0.0.1:13783] for GET '/session/ef39548d4cdc6f80f041b0e4fed7ab9d/alert/text'
19:21:29.666 [AsyncHttpClient-1-23] DEBUG org.asynchttpclient.netty.handler.HttpHandler - 

Request DefaultFullHttpRequest(decodeResult: success, version: HTTP/1.1, content: EmptyByteBufBE)
GET /session/ef39548d4cdc6f80f041b0e4fed7ab9d/alert/text HTTP/1.1
User-Agent: selenium/4.8.1 (java windows)
Cache-Control: no-cache
Content-Type: application/json; charset=utf-8
host: localhost:13783
accept: */*

Response DefaultHttpResponse(decodeResult: success, version: HTTP/1.1)
HTTP/1.1 404 Not Found
Content-Length: 847
Content-Type: application/json; charset=utf-8
cache-control: no-cache

19:21:29.666 [AsyncHttpClient-1-23] DEBUG org.asynchttpclient.netty.channel.ChannelManager - Adding key: http://localhost:13783 for channel [id: 0xd1eda6a8, L:/127.0.0.1:51609 - R:localhost/127.0.0.1:13783]
19:21:29.667 [Forwarding getCurrentUrl on session ef39548d4cdc6f80f041b0e4fed7ab9d to remote] DEBUG org.asynchttpclient.netty.request.NettyRequestSender - Using pooled Channel '[id: 0xd1eda6a8, L:/127.0.0.1:51609 - R:localhost/127.0.0.1:13783]' for 'GET' to 'http://localhost:13783/session/ef39548d4cdc6f80f041b0e4fed7ab9d/url'
19:21:29.667 [Forwarding getCurrentUrl on session ef39548d4cdc6f80f041b0e4fed7ab9d to remote] DEBUG org.asynchttpclient.netty.request.NettyRequestSender - Using open Channel [id: 0xd1eda6a8, L:/127.0.0.1:51609 - R:localhost/127.0.0.1:13783] for GET '/session/ef39548d4cdc6f80f041b0e4fed7ab9d/url'
19:21:29.673 [AsyncHttpClient-1-23] DEBUG org.asynchttpclient.netty.handler.HttpHandler - 

Request DefaultFullHttpRequest(decodeResult: success, version: HTTP/1.1, content: EmptyByteBufBE)
GET /session/ef39548d4cdc6f80f041b0e4fed7ab9d/url HTTP/1.1
User-Agent: selenium/4.8.1 (java windows)
Cache-Control: no-cache
Content-Type: application/json; charset=utf-8
host: localhost:13783
accept: */*

Response DefaultHttpResponse(decodeResult: success, version: HTTP/1.1)
HTTP/1.1 200 OK
Content-Length: 52
Content-Type: application/json; charset=utf-8
cache-control: no-cache

19:21:29.673 [AsyncHttpClient-1-23] DEBUG org.asynchttpclient.netty.channel.ChannelManager - Adding key: http://localhost:13783 for channel [id: 0xd1eda6a8, L:/127.0.0.1:51609 - R:localhost/127.0.0.1:13783]
19:21:29.674 [Forwarding screenshot on session ef39548d4cdc6f80f041b0e4fed7ab9d to remote] DEBUG org.asynchttpclient.netty.request.NettyRequestSender - Using pooled Channel '[id: 0xd1eda6a8, L:/127.0.0.1:51609 - R:localhost/127.0.0.1:13783]' for 'GET' to 'http://localhost:13783/session/ef39548d4cdc6f80f041b0e4fed7ab9d/screenshot'
19:21:29.674 [Forwarding screenshot on session ef39548d4cdc6f80f041b0e4fed7ab9d to remote] DEBUG org.asynchttpclient.netty.request.NettyRequestSender - Using open Channel [id: 0xd1eda6a8, L:/127.0.0.1:51609 - R:localhost/127.0.0.1:13783] for GET '/session/ef39548d4cdc6f80f041b0e4fed7ab9d/screenshot'
19:21:29.787 [AsyncHttpClient-1-23] DEBUG org.asynchttpclient.netty.handler.HttpHandler - 

Request DefaultFullHttpRequest(decodeResult: success, version: HTTP/1.1, content: EmptyByteBufBE)
GET /session/ef39548d4cdc6f80f041b0e4fed7ab9d/screenshot HTTP/1.1
User-Agent: selenium/4.8.1 (java windows)
Cache-Control: no-cache
Content-Type: application/json; charset=utf-8
host: localhost:13783
accept: */*

Response DefaultHttpResponse(decodeResult: success, version: HTTP/1.1)
HTTP/1.1 200 OK
Content-Length: 37360
Content-Type: application/json; charset=utf-8
cache-control: no-cache

19:21:29.788 [AsyncHttpClient-1-23] DEBUG org.asynchttpclient.netty.channel.ChannelManager - Adding key: http://localhost:13783 for channel [id: 0xd1eda6a8, L:/127.0.0.1:51609 - R:localhost/127.0.0.1:13783]
19:21:29.790 [main] DEBUG net.serenitybdd.core.photography.Darkroom - Send negative for processing for target\site\serenity\d443474114cd1eed7d3f8ae63daf0541c64abd343295833c7483f0bf7f627740.png
19:21:29.790 [main] DEBUG net.thucydides.core.steps.StepInterceptor - STEP DONE: inputEmail
19:21:29.790 [Darkroom Processing Line] DEBUG net.serenitybdd.core.photography.DarkroomProcessingLine - Processing screenshot image in /var/screenshots/screenshot-16529745571127803217
19:21:29.790 [Darkroom Processing Line] DEBUG net.serenitybdd.core.photography.DarkroomProcessingLine - Saving screenshot to target\site\serenity\d443474114cd1eed7d3f8ae63daf0541c64abd343295833c7483f0bf7f627740.png
19:21:29.796 [Forwarding getPageSource on session ef39548d4cdc6f80f041b0e4fed7ab9d to remote] DEBUG org.asynchttpclient.netty.request.NettyRequestSender - Using pooled Channel '[id: 0xd1eda6a8, L:/127.0.0.1:51609 - R:localhost/127.0.0.1:13783]' for 'POST' to 'http://localhost:13783/session/ef39548d4cdc6f80f041b0e4fed7ab9d/execute/sync'
19:21:29.796 [Forwarding getPageSource on session ef39548d4cdc6f80f041b0e4fed7ab9d to remote] DEBUG org.asynchttpclient.netty.request.NettyRequestSender - Using open Channel [id: 0xd1eda6a8, L:/127.0.0.1:51609 - R:localhost/127.0.0.1:13783] for POST '/session/ef39548d4cdc6f80f041b0e4fed7ab9d/execute/sync'
19:21:29.806 [AsyncHttpClient-1-23] DEBUG org.asynchttpclient.netty.handler.HttpHandler - 

Request DefaultHttpRequest(decodeResult: success, version: HTTP/1.1)
POST /session/ef39548d4cdc6f80f041b0e4fed7ab9d/execute/sync HTTP/1.1
User-Agent: selenium/4.8.1 (java windows)
Content-Length: 176
Content-Type: application/json; charset=utf-8
host: localhost:13783
accept: */*

Response DefaultHttpResponse(decodeResult: success, version: HTTP/1.1)
HTTP/1.1 200 OK
Content-Length: 21780
Content-Type: application/json; charset=utf-8
cache-control: no-cache

19:21:29.806 [AsyncHttpClient-1-23] DEBUG org.asynchttpclient.netty.channel.ChannelManager - Adding key: http://localhost:13783 for channel [id: 0xd1eda6a8, L:/127.0.0.1:51609 - R:localhost/127.0.0.1:13783]
19:21:29.809 [Forwarding getCurrentUrl on session ef39548d4cdc6f80f041b0e4fed7ab9d to remote] DEBUG org.asynchttpclient.netty.request.NettyRequestSender - Using pooled Channel '[id: 0xd1eda6a8, L:/127.0.0.1:51609 - R:localhost/127.0.0.1:13783]' for 'GET' to 'http://localhost:13783/session/ef39548d4cdc6f80f041b0e4fed7ab9d/url'
19:21:29.809 [Forwarding getCurrentUrl on session ef39548d4cdc6f80f041b0e4fed7ab9d to remote] DEBUG org.asynchttpclient.netty.request.NettyRequestSender - Using open Channel [id: 0xd1eda6a8, L:/127.0.0.1:51609 - R:localhost/127.0.0.1:13783] for GET '/session/ef39548d4cdc6f80f041b0e4fed7ab9d/url'
19:21:29.814 [AsyncHttpClient-1-23] DEBUG org.asynchttpclient.netty.handler.HttpHandler - 

Request DefaultFullHttpRequest(decodeResult: success, version: HTTP/1.1, content: EmptyByteBufBE)
GET /session/ef39548d4cdc6f80f041b0e4fed7ab9d/url HTTP/1.1
User-Agent: selenium/4.8.1 (java windows)
Cache-Control: no-cache
Content-Type: application/json; charset=utf-8
host: localhost:13783
accept: */*

Response DefaultHttpResponse(decodeResult: success, version: HTTP/1.1)
HTTP/1.1 200 OK
Content-Length: 52
Content-Type: application/json; charset=utf-8
cache-control: no-cache

19:21:29.814 [AsyncHttpClient-1-23] DEBUG org.asynchttpclient.netty.channel.ChannelManager - Adding key: http://localhost:13783 for channel [id: 0xd1eda6a8, L:/127.0.0.1:51609 - R:localhost/127.0.0.1:13783]
19:21:29.816 [main] DEBUG net.thucydides.core.steps.StepInterceptor - STARTING STEP: ProductSteps.onTheHomePage - inputPassword
19:21:29.818 [Forwarding findElement on session ef39548d4cdc6f80f041b0e4fed7ab9d to remote] DEBUG org.asynchttpclient.netty.request.NettyRequestSender - Using pooled Channel '[id: 0xd1eda6a8, L:/127.0.0.1:51609 - R:localhost/127.0.0.1:13783]' for 'POST' to 'http://localhost:13783/session/ef39548d4cdc6f80f041b0e4fed7ab9d/element'
19:21:29.818 [Forwarding findElement on session ef39548d4cdc6f80f041b0e4fed7ab9d to remote] DEBUG org.asynchttpclient.netty.request.NettyRequestSender - Using open Channel [id: 0xd1eda6a8, L:/127.0.0.1:51609 - R:localhost/127.0.0.1:13783] for POST '/session/ef39548d4cdc6f80f041b0e4fed7ab9d/element'
19:21:29.829 [AsyncHttpClient-1-23] DEBUG org.asynchttpclient.netty.handler.HttpHandler - 

Request DefaultHttpRequest(decodeResult: success, version: HTTP/1.1)
POST /session/ef39548d4cdc6f80f041b0e4fed7ab9d/element HTTP/1.1
User-Agent: selenium/4.8.1 (java windows)
Content-Length: 55
Content-Type: application/json; charset=utf-8
host: localhost:13783
accept: */*

Response DefaultHttpResponse(decodeResult: success, version: HTTP/1.1)
HTTP/1.1 200 OK
Content-Length: 94
Content-Type: application/json; charset=utf-8
cache-control: no-cache

19:21:29.830 [AsyncHttpClient-1-23] DEBUG org.asynchttpclient.netty.channel.ChannelManager - Adding key: http://localhost:13783 for channel [id: 0xd1eda6a8, L:/127.0.0.1:51609 - R:localhost/127.0.0.1:13783]
19:21:29.831 [Forwarding clearElement on session ef39548d4cdc6f80f041b0e4fed7ab9d to remote] DEBUG org.asynchttpclient.netty.request.NettyRequestSender - Using pooled Channel '[id: 0xd1eda6a8, L:/127.0.0.1:51609 - R:localhost/127.0.0.1:13783]' for 'POST' to 'http://localhost:13783/session/ef39548d4cdc6f80f041b0e4fed7ab9d/element/C888729B4BB0AA119AB157560DE0BE97_element_7/clear'
19:21:29.831 [Forwarding clearElement on session ef39548d4cdc6f80f041b0e4fed7ab9d to remote] DEBUG org.asynchttpclient.netty.request.NettyRequestSender - Using open Channel [id: 0xd1eda6a8, L:/127.0.0.1:51609 - R:localhost/127.0.0.1:13783] for POST '/session/ef39548d4cdc6f80f041b0e4fed7ab9d/element/C888729B4BB0AA119AB157560DE0BE97_element_7/clear'
19:21:29.888 [AsyncHttpClient-1-23] DEBUG org.asynchttpclient.netty.handler.HttpHandler - 

Request DefaultHttpRequest(decodeResult: success, version: HTTP/1.1)
POST /session/ef39548d4cdc6f80f041b0e4fed7ab9d/element/C888729B4BB0AA119AB157560DE0BE97_element_7/clear HTTP/1.1
User-Agent: selenium/4.8.1 (java windows)
Content-Length: 56
Content-Type: application/json; charset=utf-8
host: localhost:13783
accept: */*

Response DefaultHttpResponse(decodeResult: success, version: HTTP/1.1)
HTTP/1.1 200 OK
Content-Length: 14
Content-Type: application/json; charset=utf-8
cache-control: no-cache

19:21:29.888 [AsyncHttpClient-1-23] DEBUG org.asynchttpclient.netty.channel.ChannelManager - Adding key: http://localhost:13783 for channel [id: 0xd1eda6a8, L:/127.0.0.1:51609 - R:localhost/127.0.0.1:13783]
19:21:29.890 [Forwarding sendKeysToElement on session ef39548d4cdc6f80f041b0e4fed7ab9d to remote] DEBUG org.asynchttpclient.netty.request.NettyRequestSender - Using pooled Channel '[id: 0xd1eda6a8, L:/127.0.0.1:51609 - R:localhost/127.0.0.1:13783]' for 'POST' to 'http://localhost:13783/session/ef39548d4cdc6f80f041b0e4fed7ab9d/element/C888729B4BB0AA119AB157560DE0BE97_element_7/value'
19:21:29.890 [Forwarding sendKeysToElement on session ef39548d4cdc6f80f041b0e4fed7ab9d to remote] DEBUG org.asynchttpclient.netty.request.NettyRequestSender - Using open Channel [id: 0xd1eda6a8, L:/127.0.0.1:51609 - R:localhost/127.0.0.1:13783] for POST '/session/ef39548d4cdc6f80f041b0e4fed7ab9d/element/C888729B4BB0AA119AB157560DE0BE97_element_7/value'
19:21:30.111 [AsyncHttpClient-1-23] DEBUG org.asynchttpclient.netty.handler.HttpHandler - 

Request DefaultHttpRequest(decodeResult: success, version: HTTP/1.1)
POST /session/ef39548d4cdc6f80f041b0e4fed7ab9d/element/C888729B4BB0AA119AB157560DE0BE97_element_7/value HTTP/1.1
User-Agent: selenium/4.8.1 (java windows)
Content-Length: 147
Content-Type: application/json; charset=utf-8
host: localhost:13783
accept: */*

Response DefaultHttpResponse(decodeResult: success, version: HTTP/1.1)
HTTP/1.1 200 OK
Content-Length: 14
Content-Type: application/json; charset=utf-8
cache-control: no-cache

19:21:30.111 [AsyncHttpClient-1-23] DEBUG org.asynchttpclient.netty.channel.ChannelManager - Adding key: http://localhost:13783 for channel [id: 0xd1eda6a8, L:/127.0.0.1:51609 - R:localhost/127.0.0.1:13783]
19:21:30.120 [Forwarding getAlertText on session ef39548d4cdc6f80f041b0e4fed7ab9d to remote] DEBUG org.asynchttpclient.netty.request.NettyRequestSender - Using pooled Channel '[id: 0xd1eda6a8, L:/127.0.0.1:51609 - R:localhost/127.0.0.1:13783]' for 'GET' to 'http://localhost:13783/session/ef39548d4cdc6f80f041b0e4fed7ab9d/alert/text'
19:21:30.120 [Forwarding getAlertText on session ef39548d4cdc6f80f041b0e4fed7ab9d to remote] DEBUG org.asynchttpclient.netty.request.NettyRequestSender - Using open Channel [id: 0xd1eda6a8, L:/127.0.0.1:51609 - R:localhost/127.0.0.1:13783] for GET '/session/ef39548d4cdc6f80f041b0e4fed7ab9d/alert/text'
19:21:30.121 [AsyncHttpClient-1-23] DEBUG org.asynchttpclient.netty.handler.HttpHandler - 

Request DefaultFullHttpRequest(decodeResult: success, version: HTTP/1.1, content: EmptyByteBufBE)
GET /session/ef39548d4cdc6f80f041b0e4fed7ab9d/alert/text HTTP/1.1
User-Agent: selenium/4.8.1 (java windows)
Cache-Control: no-cache
Content-Type: application/json; charset=utf-8
host: localhost:13783
accept: */*

Response DefaultHttpResponse(decodeResult: success, version: HTTP/1.1)
HTTP/1.1 404 Not Found
Content-Length: 847
Content-Type: application/json; charset=utf-8
cache-control: no-cache

19:21:30.121 [AsyncHttpClient-1-23] DEBUG org.asynchttpclient.netty.channel.ChannelManager - Adding key: http://localhost:13783 for channel [id: 0xd1eda6a8, L:/127.0.0.1:51609 - R:localhost/127.0.0.1:13783]
19:21:30.122 [Forwarding getCurrentUrl on session ef39548d4cdc6f80f041b0e4fed7ab9d to remote] DEBUG org.asynchttpclient.netty.request.NettyRequestSender - Using pooled Channel '[id: 0xd1eda6a8, L:/127.0.0.1:51609 - R:localhost/127.0.0.1:13783]' for 'GET' to 'http://localhost:13783/session/ef39548d4cdc6f80f041b0e4fed7ab9d/url'
19:21:30.122 [Forwarding getCurrentUrl on session ef39548d4cdc6f80f041b0e4fed7ab9d to remote] DEBUG org.asynchttpclient.netty.request.NettyRequestSender - Using open Channel [id: 0xd1eda6a8, L:/127.0.0.1:51609 - R:localhost/127.0.0.1:13783] for GET '/session/ef39548d4cdc6f80f041b0e4fed7ab9d/url'
19:21:30.127 [AsyncHttpClient-1-23] DEBUG org.asynchttpclient.netty.handler.HttpHandler - 

Request DefaultFullHttpRequest(decodeResult: success, version: HTTP/1.1, content: EmptyByteBufBE)
GET /session/ef39548d4cdc6f80f041b0e4fed7ab9d/url HTTP/1.1
User-Agent: selenium/4.8.1 (java windows)
Cache-Control: no-cache
Content-Type: application/json; charset=utf-8
host: localhost:13783
accept: */*

Response DefaultHttpResponse(decodeResult: success, version: HTTP/1.1)
HTTP/1.1 200 OK
Content-Length: 52
Content-Type: application/json; charset=utf-8
cache-control: no-cache

19:21:30.127 [AsyncHttpClient-1-23] DEBUG org.asynchttpclient.netty.channel.ChannelManager - Adding key: http://localhost:13783 for channel [id: 0xd1eda6a8, L:/127.0.0.1:51609 - R:localhost/127.0.0.1:13783]
19:21:30.129 [Forwarding screenshot on session ef39548d4cdc6f80f041b0e4fed7ab9d to remote] DEBUG org.asynchttpclient.netty.request.NettyRequestSender - Using pooled Channel '[id: 0xd1eda6a8, L:/127.0.0.1:51609 - R:localhost/127.0.0.1:13783]' for 'GET' to 'http://localhost:13783/session/ef39548d4cdc6f80f041b0e4fed7ab9d/screenshot'
19:21:30.129 [Forwarding screenshot on session ef39548d4cdc6f80f041b0e4fed7ab9d to remote] DEBUG org.asynchttpclient.netty.request.NettyRequestSender - Using open Channel [id: 0xd1eda6a8, L:/127.0.0.1:51609 - R:localhost/127.0.0.1:13783] for GET '/session/ef39548d4cdc6f80f041b0e4fed7ab9d/screenshot'
19:21:30.197 [AsyncHttpClient-1-1] DEBUG org.asynchttpclient.netty.channel.DefaultChannelPool - Entry count for : http://localhost:51610 : 1
19:21:30.265 [AsyncHttpClient-1-23] DEBUG org.asynchttpclient.netty.handler.HttpHandler - 

Request DefaultFullHttpRequest(decodeResult: success, version: HTTP/1.1, content: EmptyByteBufBE)
GET /session/ef39548d4cdc6f80f041b0e4fed7ab9d/screenshot HTTP/1.1
User-Agent: selenium/4.8.1 (java windows)
Cache-Control: no-cache
Content-Type: application/json; charset=utf-8
host: localhost:13783
accept: */*

Response DefaultHttpResponse(decodeResult: success, version: HTTP/1.1)
HTTP/1.1 200 OK
Content-Length: 39020
Content-Type: application/json; charset=utf-8
cache-control: no-cache

19:21:30.265 [AsyncHttpClient-1-23] DEBUG org.asynchttpclient.netty.channel.ChannelManager - Adding key: http://localhost:13783 for channel [id: 0xd1eda6a8, L:/127.0.0.1:51609 - R:localhost/127.0.0.1:13783]
19:21:30.267 [main] DEBUG net.serenitybdd.core.photography.Darkroom - Send negative for processing for target\site\serenity\5a03c7b6255bec6e456f14c1ac690326c901fc6185b607c9ac114f7df86c58f6.png
19:21:30.268 [main] DEBUG net.thucydides.core.steps.StepInterceptor - STEP DONE: inputPassword
19:21:30.269 [Darkroom Processing Line] DEBUG net.serenitybdd.core.photography.DarkroomProcessingLine - Processing screenshot image in /var/screenshots/screenshot-1307651339460923259
19:21:30.269 [Darkroom Processing Line] DEBUG net.serenitybdd.core.photography.DarkroomProcessingLine - Saving screenshot to target\site\serenity\5a03c7b6255bec6e456f14c1ac690326c901fc6185b607c9ac114f7df86c58f6.png
19:21:30.277 [Forwarding getPageSource on session ef39548d4cdc6f80f041b0e4fed7ab9d to remote] DEBUG org.asynchttpclient.netty.request.NettyRequestSender - Using pooled Channel '[id: 0xd1eda6a8, L:/127.0.0.1:51609 - R:localhost/127.0.0.1:13783]' for 'POST' to 'http://localhost:13783/session/ef39548d4cdc6f80f041b0e4fed7ab9d/execute/sync'
19:21:30.277 [Forwarding getPageSource on session ef39548d4cdc6f80f041b0e4fed7ab9d to remote] DEBUG org.asynchttpclient.netty.request.NettyRequestSender - Using open Channel [id: 0xd1eda6a8, L:/127.0.0.1:51609 - R:localhost/127.0.0.1:13783] for POST '/session/ef39548d4cdc6f80f041b0e4fed7ab9d/execute/sync'
19:21:30.285 [AsyncHttpClient-1-23] DEBUG org.asynchttpclient.netty.handler.HttpHandler - 

Request DefaultHttpRequest(decodeResult: success, version: HTTP/1.1)
POST /session/ef39548d4cdc6f80f041b0e4fed7ab9d/execute/sync HTTP/1.1
User-Agent: selenium/4.8.1 (java windows)
Content-Length: 176
Content-Type: application/json; charset=utf-8
host: localhost:13783
accept: */*

Response DefaultHttpResponse(decodeResult: success, version: HTTP/1.1)
HTTP/1.1 200 OK
Content-Length: 21839
Content-Type: application/json; charset=utf-8
cache-control: no-cache

19:21:30.285 [AsyncHttpClient-1-23] DEBUG org.asynchttpclient.netty.channel.ChannelManager - Adding key: http://localhost:13783 for channel [id: 0xd1eda6a8, L:/127.0.0.1:51609 - R:localhost/127.0.0.1:13783]
19:21:30.287 [Forwarding getCurrentUrl on session ef39548d4cdc6f80f041b0e4fed7ab9d to remote] DEBUG org.asynchttpclient.netty.request.NettyRequestSender - Using pooled Channel '[id: 0xd1eda6a8, L:/127.0.0.1:51609 - R:localhost/127.0.0.1:13783]' for 'GET' to 'http://localhost:13783/session/ef39548d4cdc6f80f041b0e4fed7ab9d/url'
19:21:30.287 [Forwarding getCurrentUrl on session ef39548d4cdc6f80f041b0e4fed7ab9d to remote] DEBUG org.asynchttpclient.netty.request.NettyRequestSender - Using open Channel [id: 0xd1eda6a8, L:/127.0.0.1:51609 - R:localhost/127.0.0.1:13783] for GET '/session/ef39548d4cdc6f80f041b0e4fed7ab9d/url'
19:21:30.293 [AsyncHttpClient-1-23] DEBUG org.asynchttpclient.netty.handler.HttpHandler - 

Request DefaultFullHttpRequest(decodeResult: success, version: HTTP/1.1, content: EmptyByteBufBE)
GET /session/ef39548d4cdc6f80f041b0e4fed7ab9d/url HTTP/1.1
User-Agent: selenium/4.8.1 (java windows)
Cache-Control: no-cache
Content-Type: application/json; charset=utf-8
host: localhost:13783
accept: */*

Response DefaultHttpResponse(decodeResult: success, version: HTTP/1.1)
HTTP/1.1 200 OK
Content-Length: 52
Content-Type: application/json; charset=utf-8
cache-control: no-cache

19:21:30.293 [AsyncHttpClient-1-23] DEBUG org.asynchttpclient.netty.channel.ChannelManager - Adding key: http://localhost:13783 for channel [id: 0xd1eda6a8, L:/127.0.0.1:51609 - R:localhost/127.0.0.1:13783]
19:21:30.295 [main] DEBUG net.thucydides.core.steps.StepInterceptor - STARTING STEP: ProductSteps.onTheHomePage - clickLoginButton
19:21:30.298 [Forwarding findElement on session ef39548d4cdc6f80f041b0e4fed7ab9d to remote] DEBUG org.asynchttpclient.netty.request.NettyRequestSender - Using pooled Channel '[id: 0xd1eda6a8, L:/127.0.0.1:51609 - R:localhost/127.0.0.1:13783]' for 'POST' to 'http://localhost:13783/session/ef39548d4cdc6f80f041b0e4fed7ab9d/element'
19:21:30.298 [Forwarding findElement on session ef39548d4cdc6f80f041b0e4fed7ab9d to remote] DEBUG org.asynchttpclient.netty.request.NettyRequestSender - Using open Channel [id: 0xd1eda6a8, L:/127.0.0.1:51609 - R:localhost/127.0.0.1:13783] for POST '/session/ef39548d4cdc6f80f041b0e4fed7ab9d/element'
19:21:30.313 [AsyncHttpClient-1-23] DEBUG org.asynchttpclient.netty.handler.HttpHandler - 

Request DefaultHttpRequest(decodeResult: success, version: HTTP/1.1)
POST /session/ef39548d4cdc6f80f041b0e4fed7ab9d/element HTTP/1.1
User-Agent: selenium/4.8.1 (java windows)
Content-Length: 71
Content-Type: application/json; charset=utf-8
host: localhost:13783
accept: */*

Response DefaultHttpResponse(decodeResult: success, version: HTTP/1.1)
HTTP/1.1 200 OK
Content-Length: 94
Content-Type: application/json; charset=utf-8
cache-control: no-cache

19:21:30.313 [AsyncHttpClient-1-23] DEBUG org.asynchttpclient.netty.channel.ChannelManager - Adding key: http://localhost:13783 for channel [id: 0xd1eda6a8, L:/127.0.0.1:51609 - R:localhost/127.0.0.1:13783]
19:21:30.313 [Forwarding getElementTagName on session ef39548d4cdc6f80f041b0e4fed7ab9d to remote] DEBUG org.asynchttpclient.netty.request.NettyRequestSender - Using pooled Channel '[id: 0xd1eda6a8, L:/127.0.0.1:51609 - R:localhost/127.0.0.1:13783]' for 'GET' to 'http://localhost:13783/session/ef39548d4cdc6f80f041b0e4fed7ab9d/element/C888729B4BB0AA119AB157560DE0BE97_element_8/name'
19:21:30.313 [Forwarding getElementTagName on session ef39548d4cdc6f80f041b0e4fed7ab9d to remote] DEBUG org.asynchttpclient.netty.request.NettyRequestSender - Using open Channel [id: 0xd1eda6a8, L:/127.0.0.1:51609 - R:localhost/127.0.0.1:13783] for GET '/session/ef39548d4cdc6f80f041b0e4fed7ab9d/element/C888729B4BB0AA119AB157560DE0BE97_element_8/name'
19:21:30.318 [AsyncHttpClient-1-23] DEBUG org.asynchttpclient.netty.handler.HttpHandler - 

Request DefaultFullHttpRequest(decodeResult: success, version: HTTP/1.1, content: EmptyByteBufBE)
GET /session/ef39548d4cdc6f80f041b0e4fed7ab9d/element/C888729B4BB0AA119AB157560DE0BE97_element_8/name HTTP/1.1
User-Agent: selenium/4.8.1 (java windows)
Cache-Control: no-cache
Content-Type: application/json; charset=utf-8
host: localhost:13783
accept: */*

Response DefaultHttpResponse(decodeResult: success, version: HTTP/1.1)
HTTP/1.1 200 OK
Content-Length: 18
Content-Type: application/json; charset=utf-8
cache-control: no-cache

19:21:30.318 [AsyncHttpClient-1-23] DEBUG org.asynchttpclient.netty.channel.ChannelManager - Adding key: http://localhost:13783 for channel [id: 0xd1eda6a8, L:/127.0.0.1:51609 - R:localhost/127.0.0.1:13783]
19:21:30.319 [Forwarding getElementTagName on session ef39548d4cdc6f80f041b0e4fed7ab9d to remote] DEBUG org.asynchttpclient.netty.request.NettyRequestSender - Using pooled Channel '[id: 0xd1eda6a8, L:/127.0.0.1:51609 - R:localhost/127.0.0.1:13783]' for 'GET' to 'http://localhost:13783/session/ef39548d4cdc6f80f041b0e4fed7ab9d/element/C888729B4BB0AA119AB157560DE0BE97_element_8/name'
19:21:30.319 [Forwarding getElementTagName on session ef39548d4cdc6f80f041b0e4fed7ab9d to remote] DEBUG org.asynchttpclient.netty.request.NettyRequestSender - Using open Channel [id: 0xd1eda6a8, L:/127.0.0.1:51609 - R:localhost/127.0.0.1:13783] for GET '/session/ef39548d4cdc6f80f041b0e4fed7ab9d/element/C888729B4BB0AA119AB157560DE0BE97_element_8/name'
19:21:30.322 [AsyncHttpClient-1-23] DEBUG org.asynchttpclient.netty.handler.HttpHandler - 

Request DefaultFullHttpRequest(decodeResult: success, version: HTTP/1.1, content: EmptyByteBufBE)
GET /session/ef39548d4cdc6f80f041b0e4fed7ab9d/element/C888729B4BB0AA119AB157560DE0BE97_element_8/name HTTP/1.1
User-Agent: selenium/4.8.1 (java windows)
Cache-Control: no-cache
Content-Type: application/json; charset=utf-8
host: localhost:13783
accept: */*

Response DefaultHttpResponse(decodeResult: success, version: HTTP/1.1)
HTTP/1.1 200 OK
Content-Length: 18
Content-Type: application/json; charset=utf-8
cache-control: no-cache

19:21:30.322 [AsyncHttpClient-1-23] DEBUG org.asynchttpclient.netty.channel.ChannelManager - Adding key: http://localhost:13783 for channel [id: 0xd1eda6a8, L:/127.0.0.1:51609 - R:localhost/127.0.0.1:13783]
19:21:30.324 [Forwarding isElementEnabled on session ef39548d4cdc6f80f041b0e4fed7ab9d to remote] DEBUG org.asynchttpclient.netty.request.NettyRequestSender - Using pooled Channel '[id: 0xd1eda6a8, L:/127.0.0.1:51609 - R:localhost/127.0.0.1:13783]' for 'GET' to 'http://localhost:13783/session/ef39548d4cdc6f80f041b0e4fed7ab9d/element/C888729B4BB0AA119AB157560DE0BE97_element_8/enabled'
19:21:30.324 [Forwarding isElementEnabled on session ef39548d4cdc6f80f041b0e4fed7ab9d to remote] DEBUG org.asynchttpclient.netty.request.NettyRequestSender - Using open Channel [id: 0xd1eda6a8, L:/127.0.0.1:51609 - R:localhost/127.0.0.1:13783] for GET '/session/ef39548d4cdc6f80f041b0e4fed7ab9d/element/C888729B4BB0AA119AB157560DE0BE97_element_8/enabled'
19:21:30.333 [AsyncHttpClient-1-23] DEBUG org.asynchttpclient.netty.handler.HttpHandler - 

Request DefaultFullHttpRequest(decodeResult: success, version: HTTP/1.1, content: EmptyByteBufBE)
GET /session/ef39548d4cdc6f80f041b0e4fed7ab9d/element/C888729B4BB0AA119AB157560DE0BE97_element_8/enabled HTTP/1.1
User-Agent: selenium/4.8.1 (java windows)
Cache-Control: no-cache
Content-Type: application/json; charset=utf-8
host: localhost:13783
accept: */*

Response DefaultHttpResponse(decodeResult: success, version: HTTP/1.1)
HTTP/1.1 200 OK
Content-Length: 14
Content-Type: application/json; charset=utf-8
cache-control: no-cache

19:21:30.333 [AsyncHttpClient-1-23] DEBUG org.asynchttpclient.netty.channel.ChannelManager - Adding key: http://localhost:13783 for channel [id: 0xd1eda6a8, L:/127.0.0.1:51609 - R:localhost/127.0.0.1:13783]
19:21:30.334 [Forwarding isElementEnabled on session ef39548d4cdc6f80f041b0e4fed7ab9d to remote] DEBUG org.asynchttpclient.netty.request.NettyRequestSender - Using pooled Channel '[id: 0xd1eda6a8, L:/127.0.0.1:51609 - R:localhost/127.0.0.1:13783]' for 'GET' to 'http://localhost:13783/session/ef39548d4cdc6f80f041b0e4fed7ab9d/element/C888729B4BB0AA119AB157560DE0BE97_element_8/enabled'
19:21:30.334 [Forwarding isElementEnabled on session ef39548d4cdc6f80f041b0e4fed7ab9d to remote] DEBUG org.asynchttpclient.netty.request.NettyRequestSender - Using open Channel [id: 0xd1eda6a8, L:/127.0.0.1:51609 - R:localhost/127.0.0.1:13783] for GET '/session/ef39548d4cdc6f80f041b0e4fed7ab9d/element/C888729B4BB0AA119AB157560DE0BE97_element_8/enabled'
19:21:30.343 [AsyncHttpClient-1-23] DEBUG org.asynchttpclient.netty.handler.HttpHandler - 

Request DefaultFullHttpRequest(decodeResult: success, version: HTTP/1.1, content: EmptyByteBufBE)
GET /session/ef39548d4cdc6f80f041b0e4fed7ab9d/element/C888729B4BB0AA119AB157560DE0BE97_element_8/enabled HTTP/1.1
User-Agent: selenium/4.8.1 (java windows)
Cache-Control: no-cache
Content-Type: application/json; charset=utf-8
host: localhost:13783
accept: */*

Response DefaultHttpResponse(decodeResult: success, version: HTTP/1.1)
HTTP/1.1 200 OK
Content-Length: 14
Content-Type: application/json; charset=utf-8
cache-control: no-cache

19:21:30.343 [AsyncHttpClient-1-23] DEBUG org.asynchttpclient.netty.channel.ChannelManager - Adding key: http://localhost:13783 for channel [id: 0xd1eda6a8, L:/127.0.0.1:51609 - R:localhost/127.0.0.1:13783]
19:21:30.345 [Forwarding findElement on session ef39548d4cdc6f80f041b0e4fed7ab9d to remote] DEBUG org.asynchttpclient.netty.request.NettyRequestSender - Using pooled Channel '[id: 0xd1eda6a8, L:/127.0.0.1:51609 - R:localhost/127.0.0.1:13783]' for 'POST' to 'http://localhost:13783/session/ef39548d4cdc6f80f041b0e4fed7ab9d/element'
19:21:30.345 [Forwarding findElement on session ef39548d4cdc6f80f041b0e4fed7ab9d to remote] DEBUG org.asynchttpclient.netty.request.NettyRequestSender - Using open Channel [id: 0xd1eda6a8, L:/127.0.0.1:51609 - R:localhost/127.0.0.1:13783] for POST '/session/ef39548d4cdc6f80f041b0e4fed7ab9d/element'
19:21:30.355 [AsyncHttpClient-1-23] DEBUG org.asynchttpclient.netty.handler.HttpHandler - 

Request DefaultHttpRequest(decodeResult: success, version: HTTP/1.1)
POST /session/ef39548d4cdc6f80f041b0e4fed7ab9d/element HTTP/1.1
User-Agent: selenium/4.8.1 (java windows)
Content-Length: 71
Content-Type: application/json; charset=utf-8
host: localhost:13783
accept: */*

Response DefaultHttpResponse(decodeResult: success, version: HTTP/1.1)
HTTP/1.1 200 OK
Content-Length: 94
Content-Type: application/json; charset=utf-8
cache-control: no-cache

19:21:30.355 [AsyncHttpClient-1-23] DEBUG org.asynchttpclient.netty.channel.ChannelManager - Adding key: http://localhost:13783 for channel [id: 0xd1eda6a8, L:/127.0.0.1:51609 - R:localhost/127.0.0.1:13783]
19:21:30.356 [Forwarding clickElement on session ef39548d4cdc6f80f041b0e4fed7ab9d to remote] DEBUG org.asynchttpclient.netty.request.NettyRequestSender - Using pooled Channel '[id: 0xd1eda6a8, L:/127.0.0.1:51609 - R:localhost/127.0.0.1:13783]' for 'POST' to 'http://localhost:13783/session/ef39548d4cdc6f80f041b0e4fed7ab9d/element/C888729B4BB0AA119AB157560DE0BE97_element_8/click'
19:21:30.356 [Forwarding clickElement on session ef39548d4cdc6f80f041b0e4fed7ab9d to remote] DEBUG org.asynchttpclient.netty.request.NettyRequestSender - Using open Channel [id: 0xd1eda6a8, L:/127.0.0.1:51609 - R:localhost/127.0.0.1:13783] for POST '/session/ef39548d4cdc6f80f041b0e4fed7ab9d/element/C888729B4BB0AA119AB157560DE0BE97_element_8/click'
19:21:30.405 [AsyncHttpClient-1-23] DEBUG org.asynchttpclient.netty.handler.HttpHandler - 

Request DefaultHttpRequest(decodeResult: success, version: HTTP/1.1)
POST /session/ef39548d4cdc6f80f041b0e4fed7ab9d/element/C888729B4BB0AA119AB157560DE0BE97_element_8/click HTTP/1.1
User-Agent: selenium/4.8.1 (java windows)
Content-Length: 56
Content-Type: application/json; charset=utf-8
host: localhost:13783
accept: */*

Response DefaultHttpResponse(decodeResult: success, version: HTTP/1.1)
HTTP/1.1 200 OK
Content-Length: 14
Content-Type: application/json; charset=utf-8
cache-control: no-cache

19:21:30.405 [AsyncHttpClient-1-23] DEBUG org.asynchttpclient.netty.channel.ChannelManager - Adding key: http://localhost:13783 for channel [id: 0xd1eda6a8, L:/127.0.0.1:51609 - R:localhost/127.0.0.1:13783]
19:21:30.414 [Forwarding getAlertText on session ef39548d4cdc6f80f041b0e4fed7ab9d to remote] DEBUG org.asynchttpclient.netty.request.NettyRequestSender - Using pooled Channel '[id: 0xd1eda6a8, L:/127.0.0.1:51609 - R:localhost/127.0.0.1:13783]' for 'GET' to 'http://localhost:13783/session/ef39548d4cdc6f80f041b0e4fed7ab9d/alert/text'
19:21:30.414 [Forwarding getAlertText on session ef39548d4cdc6f80f041b0e4fed7ab9d to remote] DEBUG org.asynchttpclient.netty.request.NettyRequestSender - Using open Channel [id: 0xd1eda6a8, L:/127.0.0.1:51609 - R:localhost/127.0.0.1:13783] for GET '/session/ef39548d4cdc6f80f041b0e4fed7ab9d/alert/text'
19:21:30.416 [AsyncHttpClient-1-23] DEBUG org.asynchttpclient.netty.handler.HttpHandler - 

Request DefaultFullHttpRequest(decodeResult: success, version: HTTP/1.1, content: EmptyByteBufBE)
GET /session/ef39548d4cdc6f80f041b0e4fed7ab9d/alert/text HTTP/1.1
User-Agent: selenium/4.8.1 (java windows)
Cache-Control: no-cache
Content-Type: application/json; charset=utf-8
host: localhost:13783
accept: */*

Response DefaultHttpResponse(decodeResult: success, version: HTTP/1.1)
HTTP/1.1 404 Not Found
Content-Length: 847
Content-Type: application/json; charset=utf-8
cache-control: no-cache

19:21:30.416 [AsyncHttpClient-1-23] DEBUG org.asynchttpclient.netty.channel.ChannelManager - Adding key: http://localhost:13783 for channel [id: 0xd1eda6a8, L:/127.0.0.1:51609 - R:localhost/127.0.0.1:13783]
19:21:30.417 [Forwarding getCurrentUrl on session ef39548d4cdc6f80f041b0e4fed7ab9d to remote] DEBUG org.asynchttpclient.netty.request.NettyRequestSender - Using pooled Channel '[id: 0xd1eda6a8, L:/127.0.0.1:51609 - R:localhost/127.0.0.1:13783]' for 'GET' to 'http://localhost:13783/session/ef39548d4cdc6f80f041b0e4fed7ab9d/url'
19:21:30.417 [Forwarding getCurrentUrl on session ef39548d4cdc6f80f041b0e4fed7ab9d to remote] DEBUG org.asynchttpclient.netty.request.NettyRequestSender - Using open Channel [id: 0xd1eda6a8, L:/127.0.0.1:51609 - R:localhost/127.0.0.1:13783] for GET '/session/ef39548d4cdc6f80f041b0e4fed7ab9d/url'
19:21:30.423 [AsyncHttpClient-1-23] DEBUG org.asynchttpclient.netty.handler.HttpHandler - 

Request DefaultFullHttpRequest(decodeResult: success, version: HTTP/1.1, content: EmptyByteBufBE)
GET /session/ef39548d4cdc6f80f041b0e4fed7ab9d/url HTTP/1.1
User-Agent: selenium/4.8.1 (java windows)
Cache-Control: no-cache
Content-Type: application/json; charset=utf-8
host: localhost:13783
accept: */*

Response DefaultHttpResponse(decodeResult: success, version: HTTP/1.1)
HTTP/1.1 200 OK
Content-Length: 52
Content-Type: application/json; charset=utf-8
cache-control: no-cache

19:21:30.423 [AsyncHttpClient-1-23] DEBUG org.asynchttpclient.netty.channel.ChannelManager - Adding key: http://localhost:13783 for channel [id: 0xd1eda6a8, L:/127.0.0.1:51609 - R:localhost/127.0.0.1:13783]
19:21:30.424 [Forwarding screenshot on session ef39548d4cdc6f80f041b0e4fed7ab9d to remote] DEBUG org.asynchttpclient.netty.request.NettyRequestSender - Using pooled Channel '[id: 0xd1eda6a8, L:/127.0.0.1:51609 - R:localhost/127.0.0.1:13783]' for 'GET' to 'http://localhost:13783/session/ef39548d4cdc6f80f041b0e4fed7ab9d/screenshot'
19:21:30.424 [Forwarding screenshot on session ef39548d4cdc6f80f041b0e4fed7ab9d to remote] DEBUG org.asynchttpclient.netty.request.NettyRequestSender - Using open Channel [id: 0xd1eda6a8, L:/127.0.0.1:51609 - R:localhost/127.0.0.1:13783] for GET '/session/ef39548d4cdc6f80f041b0e4fed7ab9d/screenshot'
19:21:30.563 [AsyncHttpClient-1-23] DEBUG org.asynchttpclient.netty.handler.HttpHandler - 

Request DefaultFullHttpRequest(decodeResult: success, version: HTTP/1.1, content: EmptyByteBufBE)
GET /session/ef39548d4cdc6f80f041b0e4fed7ab9d/screenshot HTTP/1.1
User-Agent: selenium/4.8.1 (java windows)
Cache-Control: no-cache
Content-Type: application/json; charset=utf-8
host: localhost:13783
accept: */*

Response DefaultHttpResponse(decodeResult: success, version: HTTP/1.1)
HTTP/1.1 200 OK
Content-Length: 38684
Content-Type: application/json; charset=utf-8
cache-control: no-cache

19:21:30.563 [AsyncHttpClient-1-23] DEBUG org.asynchttpclient.netty.channel.ChannelManager - Adding key: http://localhost:13783 for channel [id: 0xd1eda6a8, L:/127.0.0.1:51609 - R:localhost/127.0.0.1:13783]
19:21:30.565 [main] DEBUG net.serenitybdd.core.photography.Darkroom - Send negative for processing for target\site\serenity\5e2faff4ec6ac9ebe2fe5805645881e36cc207d82dd8bae9b4e89307d49eb47d.png
19:21:30.566 [main] DEBUG net.thucydides.core.steps.StepInterceptor - STEP DONE: clickLoginButton
19:21:30.566 [Darkroom Processing Line] DEBUG net.serenitybdd.core.photography.DarkroomProcessingLine - Processing screenshot image in /var/screenshots/screenshot-15195930819400626478
19:21:30.566 [Darkroom Processing Line] DEBUG net.serenitybdd.core.photography.DarkroomProcessingLine - Saving screenshot to target\site\serenity\5e2faff4ec6ac9ebe2fe5805645881e36cc207d82dd8bae9b4e89307d49eb47d.png
19:21:30.574 [Forwarding getPageSource on session ef39548d4cdc6f80f041b0e4fed7ab9d to remote] DEBUG org.asynchttpclient.netty.request.NettyRequestSender - Using pooled Channel '[id: 0xd1eda6a8, L:/127.0.0.1:51609 - R:localhost/127.0.0.1:13783]' for 'POST' to 'http://localhost:13783/session/ef39548d4cdc6f80f041b0e4fed7ab9d/execute/sync'
19:21:30.574 [Forwarding getPageSource on session ef39548d4cdc6f80f041b0e4fed7ab9d to remote] DEBUG org.asynchttpclient.netty.request.NettyRequestSender - Using open Channel [id: 0xd1eda6a8, L:/127.0.0.1:51609 - R:localhost/127.0.0.1:13783] for POST '/session/ef39548d4cdc6f80f041b0e4fed7ab9d/execute/sync'
19:21:30.585 [AsyncHttpClient-1-23] DEBUG org.asynchttpclient.netty.handler.HttpHandler - 

Request DefaultHttpRequest(decodeResult: success, version: HTTP/1.1)
POST /session/ef39548d4cdc6f80f041b0e4fed7ab9d/execute/sync HTTP/1.1
User-Agent: selenium/4.8.1 (java windows)
Content-Length: 176
Content-Type: application/json; charset=utf-8
host: localhost:13783
accept: */*

Response DefaultHttpResponse(decodeResult: success, version: HTTP/1.1)
HTTP/1.1 200 OK
Content-Length: 22119
Content-Type: application/json; charset=utf-8
cache-control: no-cache

19:21:30.585 [AsyncHttpClient-1-23] DEBUG org.asynchttpclient.netty.channel.ChannelManager - Adding key: http://localhost:13783 for channel [id: 0xd1eda6a8, L:/127.0.0.1:51609 - R:localhost/127.0.0.1:13783]
19:21:30.587 [Forwarding getCurrentUrl on session ef39548d4cdc6f80f041b0e4fed7ab9d to remote] DEBUG org.asynchttpclient.netty.request.NettyRequestSender - Using pooled Channel '[id: 0xd1eda6a8, L:/127.0.0.1:51609 - R:localhost/127.0.0.1:13783]' for 'GET' to 'http://localhost:13783/session/ef39548d4cdc6f80f041b0e4fed7ab9d/url'
19:21:30.587 [Forwarding getCurrentUrl on session ef39548d4cdc6f80f041b0e4fed7ab9d to remote] DEBUG org.asynchttpclient.netty.request.NettyRequestSender - Using open Channel [id: 0xd1eda6a8, L:/127.0.0.1:51609 - R:localhost/127.0.0.1:13783] for GET '/session/ef39548d4cdc6f80f041b0e4fed7ab9d/url'
19:21:30.600 [AsyncHttpClient-1-23] DEBUG org.asynchttpclient.netty.handler.HttpHandler - 

Request DefaultFullHttpRequest(decodeResult: success, version: HTTP/1.1, content: EmptyByteBufBE)
GET /session/ef39548d4cdc6f80f041b0e4fed7ab9d/url HTTP/1.1
User-Agent: selenium/4.8.1 (java windows)
Cache-Control: no-cache
Content-Type: application/json; charset=utf-8
host: localhost:13783
accept: */*

Response DefaultHttpResponse(decodeResult: success, version: HTTP/1.1)
HTTP/1.1 200 OK
Content-Length: 52
Content-Type: application/json; charset=utf-8
cache-control: no-cache

19:21:30.600 [AsyncHttpClient-1-23] DEBUG org.asynchttpclient.netty.channel.ChannelManager - Adding key: http://localhost:13783 for channel [id: 0xd1eda6a8, L:/127.0.0.1:51609 - R:localhost/127.0.0.1:13783]
19:21:30.605 [main] DEBUG net.thucydides.core.steps.StepInterceptor - STARTING STEP: ProductSteps.onTheHomePage - validateOnHomePage
19:21:30.607 [Forwarding findElement on session ef39548d4cdc6f80f041b0e4fed7ab9d to remote] DEBUG org.asynchttpclient.netty.request.NettyRequestSender - Using pooled Channel '[id: 0xd1eda6a8, L:/127.0.0.1:51609 - R:localhost/127.0.0.1:13783]' for 'POST' to 'http://localhost:13783/session/ef39548d4cdc6f80f041b0e4fed7ab9d/element'
19:21:30.607 [Forwarding findElement on session ef39548d4cdc6f80f041b0e4fed7ab9d to remote] DEBUG org.asynchttpclient.netty.request.NettyRequestSender - Using open Channel [id: 0xd1eda6a8, L:/127.0.0.1:51609 - R:localhost/127.0.0.1:13783] for POST '/session/ef39548d4cdc6f80f041b0e4fed7ab9d/element'
19:21:30.746 [AsyncHttpClient-1-23] DEBUG org.asynchttpclient.netty.handler.HttpHandler - 

Request DefaultHttpRequest(decodeResult: success, version: HTTP/1.1)
POST /session/ef39548d4cdc6f80f041b0e4fed7ab9d/element HTTP/1.1
User-Agent: selenium/4.8.1 (java windows)
Content-Length: 54
Content-Type: application/json; charset=utf-8
host: localhost:13783
accept: */*

Response DefaultHttpResponse(decodeResult: success, version: HTTP/1.1)
HTTP/1.1 200 OK
Content-Length: 94
Content-Type: application/json; charset=utf-8
cache-control: no-cache

19:21:30.746 [AsyncHttpClient-1-23] DEBUG org.asynchttpclient.netty.channel.ChannelManager - Adding key: http://localhost:13783 for channel [id: 0xd1eda6a8, L:/127.0.0.1:51609 - R:localhost/127.0.0.1:13783]
19:21:30.751 [Forwarding isElementDisplayed on session ef39548d4cdc6f80f041b0e4fed7ab9d to remote] DEBUG org.asynchttpclient.netty.request.NettyRequestSender - Using pooled Channel '[id: 0xd1eda6a8, L:/127.0.0.1:51609 - R:localhost/127.0.0.1:13783]' for 'POST' to 'http://localhost:13783/session/ef39548d4cdc6f80f041b0e4fed7ab9d/execute/sync'
19:21:30.751 [Forwarding isElementDisplayed on session ef39548d4cdc6f80f041b0e4fed7ab9d to remote] DEBUG org.asynchttpclient.netty.request.NettyRequestSender - Using open Channel [id: 0xd1eda6a8, L:/127.0.0.1:51609 - R:localhost/127.0.0.1:13783] for POST '/session/ef39548d4cdc6f80f041b0e4fed7ab9d/execute/sync'
19:21:30.785 [AsyncHttpClient-1-23] DEBUG org.asynchttpclient.netty.handler.HttpHandler - 

Request DefaultHttpRequest(decodeResult: success, version: HTTP/1.1)
POST /session/ef39548d4cdc6f80f041b0e4fed7ab9d/execute/sync HTTP/1.1
User-Agent: selenium/4.8.1 (java windows)
Content-Length: 48813
Content-Type: application/json; charset=utf-8
host: localhost:13783
accept: */*

Response DefaultHttpResponse(decodeResult: success, version: HTTP/1.1)
HTTP/1.1 200 OK
Content-Length: 14
Content-Type: application/json; charset=utf-8
cache-control: no-cache

19:21:30.785 [AsyncHttpClient-1-23] DEBUG org.asynchttpclient.netty.channel.ChannelManager - Adding key: http://localhost:13783 for channel [id: 0xd1eda6a8, L:/127.0.0.1:51609 - R:localhost/127.0.0.1:13783]
19:21:30.791 [Forwarding getAlertText on session ef39548d4cdc6f80f041b0e4fed7ab9d to remote] DEBUG org.asynchttpclient.netty.request.NettyRequestSender - Using pooled Channel '[id: 0xd1eda6a8, L:/127.0.0.1:51609 - R:localhost/127.0.0.1:13783]' for 'GET' to 'http://localhost:13783/session/ef39548d4cdc6f80f041b0e4fed7ab9d/alert/text'
19:21:30.792 [Forwarding getAlertText on session ef39548d4cdc6f80f041b0e4fed7ab9d to remote] DEBUG org.asynchttpclient.netty.request.NettyRequestSender - Using open Channel [id: 0xd1eda6a8, L:/127.0.0.1:51609 - R:localhost/127.0.0.1:13783] for GET '/session/ef39548d4cdc6f80f041b0e4fed7ab9d/alert/text'
19:21:30.793 [AsyncHttpClient-1-23] DEBUG org.asynchttpclient.netty.handler.HttpHandler - 

Request DefaultFullHttpRequest(decodeResult: success, version: HTTP/1.1, content: EmptyByteBufBE)
GET /session/ef39548d4cdc6f80f041b0e4fed7ab9d/alert/text HTTP/1.1
User-Agent: selenium/4.8.1 (java windows)
Cache-Control: no-cache
Content-Type: application/json; charset=utf-8
host: localhost:13783
accept: */*

Response DefaultHttpResponse(decodeResult: success, version: HTTP/1.1)
HTTP/1.1 404 Not Found
Content-Length: 847
Content-Type: application/json; charset=utf-8
cache-control: no-cache

19:21:30.794 [AsyncHttpClient-1-23] DEBUG org.asynchttpclient.netty.channel.ChannelManager - Adding key: http://localhost:13783 for channel [id: 0xd1eda6a8, L:/127.0.0.1:51609 - R:localhost/127.0.0.1:13783]
19:21:30.796 [Forwarding getCurrentUrl on session ef39548d4cdc6f80f041b0e4fed7ab9d to remote] DEBUG org.asynchttpclient.netty.request.NettyRequestSender - Using pooled Channel '[id: 0xd1eda6a8, L:/127.0.0.1:51609 - R:localhost/127.0.0.1:13783]' for 'GET' to 'http://localhost:13783/session/ef39548d4cdc6f80f041b0e4fed7ab9d/url'
19:21:30.796 [Forwarding getCurrentUrl on session ef39548d4cdc6f80f041b0e4fed7ab9d to remote] DEBUG org.asynchttpclient.netty.request.NettyRequestSender - Using open Channel [id: 0xd1eda6a8, L:/127.0.0.1:51609 - R:localhost/127.0.0.1:13783] for GET '/session/ef39548d4cdc6f80f041b0e4fed7ab9d/url'
19:21:30.804 [AsyncHttpClient-1-23] DEBUG org.asynchttpclient.netty.handler.HttpHandler - 

Request DefaultFullHttpRequest(decodeResult: success, version: HTTP/1.1, content: EmptyByteBufBE)
GET /session/ef39548d4cdc6f80f041b0e4fed7ab9d/url HTTP/1.1
User-Agent: selenium/4.8.1 (java windows)
Cache-Control: no-cache
Content-Type: application/json; charset=utf-8
host: localhost:13783
accept: */*

Response DefaultHttpResponse(decodeResult: success, version: HTTP/1.1)
HTTP/1.1 200 OK
Content-Length: 41
Content-Type: application/json; charset=utf-8
cache-control: no-cache

19:21:30.804 [AsyncHttpClient-1-23] DEBUG org.asynchttpclient.netty.channel.ChannelManager - Adding key: http://localhost:13783 for channel [id: 0xd1eda6a8, L:/127.0.0.1:51609 - R:localhost/127.0.0.1:13783]
19:21:30.804 [Forwarding screenshot on session ef39548d4cdc6f80f041b0e4fed7ab9d to remote] DEBUG org.asynchttpclient.netty.request.NettyRequestSender - Using pooled Channel '[id: 0xd1eda6a8, L:/127.0.0.1:51609 - R:localhost/127.0.0.1:13783]' for 'GET' to 'http://localhost:13783/session/ef39548d4cdc6f80f041b0e4fed7ab9d/screenshot'
19:21:30.804 [Forwarding screenshot on session ef39548d4cdc6f80f041b0e4fed7ab9d to remote] DEBUG org.asynchttpclient.netty.request.NettyRequestSender - Using open Channel [id: 0xd1eda6a8, L:/127.0.0.1:51609 - R:localhost/127.0.0.1:13783] for GET '/session/ef39548d4cdc6f80f041b0e4fed7ab9d/screenshot'
19:21:31.014 [AsyncHttpClient-1-23] DEBUG org.asynchttpclient.netty.handler.HttpHandler - 

Request DefaultFullHttpRequest(decodeResult: success, version: HTTP/1.1, content: EmptyByteBufBE)
GET /session/ef39548d4cdc6f80f041b0e4fed7ab9d/screenshot HTTP/1.1
User-Agent: selenium/4.8.1 (java windows)
Cache-Control: no-cache
Content-Type: application/json; charset=utf-8
host: localhost:13783
accept: */*

Response DefaultHttpResponse(decodeResult: success, version: HTTP/1.1)
HTTP/1.1 200 OK
Content-Length: 29900
Content-Type: application/json; charset=utf-8
cache-control: no-cache

19:21:31.014 [AsyncHttpClient-1-23] DEBUG org.asynchttpclient.netty.channel.ChannelManager - Adding key: http://localhost:13783 for channel [id: 0xd1eda6a8, L:/127.0.0.1:51609 - R:localhost/127.0.0.1:13783]
19:21:31.016 [main] DEBUG net.serenitybdd.core.photography.Darkroom - Send negative for processing for target\site\serenity\9e2ffd646183b6c56e521a45a73972d385fd5459fffdca5de974d8a3f006fa37.png
19:21:31.016 [main] DEBUG net.thucydides.core.steps.StepInterceptor - STEP DONE: validateOnHomePage
  &amp#27;[32mGiven &amp#27;[0m&amp#27;[32mI already login and go to the alta-shop home page&amp#27;[0m &amp#27;[90m# starter.stepdefinitions.ProductSteps.onTheHomePage()&amp#27;[0m
19:21:31.017 [Darkroom Processing Line] DEBUG net.serenitybdd.core.photography.DarkroomProcessingLine - Processing screenshot image in /var/screenshots/screenshot-16590625391660525835
19:21:31.017 [Darkroom Processing Line] DEBUG net.serenitybdd.core.photography.DarkroomProcessingLine - Saving screenshot to target\site\serenity\9e2ffd646183b6c56e521a45a73972d385fd5459fffdca5de974d8a3f006fa37.png
19:21:31.036 [Forwarding getPageSource on session ef39548d4cdc6f80f041b0e4fed7ab9d to remote] DEBUG org.asynchttpclient.netty.request.NettyRequestSender - Using pooled Channel '[id: 0xd1eda6a8, L:/127.0.0.1:51609 - R:localhost/127.0.0.1:13783]' for 'POST' to 'http://localhost:13783/session/ef39548d4cdc6f80f041b0e4fed7ab9d/execute/sync'
19:21:31.036 [Forwarding getPageSource on session ef39548d4cdc6f80f041b0e4fed7ab9d to remote] DEBUG org.asynchttpclient.netty.request.NettyRequestSender - Using open Channel [id: 0xd1eda6a8, L:/127.0.0.1:51609 - R:localhost/127.0.0.1:13783] for POST '/session/ef39548d4cdc6f80f041b0e4fed7ab9d/execute/sync'
19:21:31.044 [AsyncHttpClient-1-23] DEBUG org.asynchttpclient.netty.handler.HttpHandler - 

Request DefaultHttpRequest(decodeResult: success, version: HTTP/1.1)
POST /session/ef39548d4cdc6f80f041b0e4fed7ab9d/execute/sync HTTP/1.1
User-Agent: selenium/4.8.1 (java windows)
Content-Length: 176
Content-Type: application/json; charset=utf-8
host: localhost:13783
accept: */*

Response DefaultHttpResponse(decodeResult: success, version: HTTP/1.1)
HTTP/1.1 200 OK
Content-Length: 28798
Content-Type: application/json; charset=utf-8
cache-control: no-cache

19:21:31.044 [AsyncHttpClient-1-23] DEBUG org.asynchttpclient.netty.channel.ChannelManager - Adding key: http://localhost:13783 for channel [id: 0xd1eda6a8, L:/127.0.0.1:51609 - R:localhost/127.0.0.1:13783]
19:21:31.047 [Forwarding getCurrentUrl on session ef39548d4cdc6f80f041b0e4fed7ab9d to remote] DEBUG org.asynchttpclient.netty.request.NettyRequestSender - Using pooled Channel '[id: 0xd1eda6a8, L:/127.0.0.1:51609 - R:localhost/127.0.0.1:13783]' for 'GET' to 'http://localhost:13783/session/ef39548d4cdc6f80f041b0e4fed7ab9d/url'
19:21:31.047 [Forwarding getCurrentUrl on session ef39548d4cdc6f80f041b0e4fed7ab9d to remote] DEBUG org.asynchttpclient.netty.request.NettyRequestSender - Using open Channel [id: 0xd1eda6a8, L:/127.0.0.1:51609 - R:localhost/127.0.0.1:13783] for GET '/session/ef39548d4cdc6f80f041b0e4fed7ab9d/url'
19:21:31.051 [AsyncHttpClient-1-23] DEBUG org.asynchttpclient.netty.handler.HttpHandler - 

Request DefaultFullHttpRequest(decodeResult: success, version: HTTP/1.1, content: EmptyByteBufBE)
GET /session/ef39548d4cdc6f80f041b0e4fed7ab9d/url HTTP/1.1
User-Agent: selenium/4.8.1 (java windows)
Cache-Control: no-cache
Content-Type: application/json; charset=utf-8
host: localhost:13783
accept: */*

Response DefaultHttpResponse(decodeResult: success, version: HTTP/1.1)
HTTP/1.1 200 OK
Content-Length: 41
Content-Type: application/json; charset=utf-8
cache-control: no-cache

19:21:31.051 [AsyncHttpClient-1-23] DEBUG org.asynchttpclient.netty.channel.ChannelManager - Adding key: http://localhost:13783 for channel [id: 0xd1eda6a8, L:/127.0.0.1:51609 - R:localhost/127.0.0.1:13783]
19:21:31.065 [Forwarding getPageSource on session ef39548d4cdc6f80f041b0e4fed7ab9d to remote] DEBUG org.asynchttpclient.netty.request.NettyRequestSender - Using pooled Channel '[id: 0xd1eda6a8, L:/127.0.0.1:51609 - R:localhost/127.0.0.1:13783]' for 'POST' to 'http://localhost:13783/session/ef39548d4cdc6f80f041b0e4fed7ab9d/execute/sync'
19:21:31.065 [Forwarding getPageSource on session ef39548d4cdc6f80f041b0e4fed7ab9d to remote] DEBUG org.asynchttpclient.netty.request.NettyRequestSender - Using open Channel [id: 0xd1eda6a8, L:/127.0.0.1:51609 - R:localhost/127.0.0.1:13783] for POST '/session/ef39548d4cdc6f80f041b0e4fed7ab9d/execute/sync'
19:21:31.075 [AsyncHttpClient-1-23] DEBUG org.asynchttpclient.netty.handler.HttpHandler - 

Request DefaultHttpRequest(decodeResult: success, version: HTTP/1.1)
POST /session/ef39548d4cdc6f80f041b0e4fed7ab9d/execute/sync HTTP/1.1
User-Agent: selenium/4.8.1 (java windows)
Content-Length: 176
Content-Type: application/json; charset=utf-8
host: localhost:13783
accept: */*

Response DefaultHttpResponse(decodeResult: success, version: HTTP/1.1)
HTTP/1.1 200 OK
Content-Length: 28798
Content-Type: application/json; charset=utf-8
cache-control: no-cache

19:21:31.075 [AsyncHttpClient-1-23] DEBUG org.asynchttpclient.netty.channel.ChannelManager - Adding key: http://localhost:13783 for channel [id: 0xd1eda6a8, L:/127.0.0.1:51609 - R:localhost/127.0.0.1:13783]
19:21:31.078 [Forwarding getCurrentUrl on session ef39548d4cdc6f80f041b0e4fed7ab9d to remote] DEBUG org.asynchttpclient.netty.request.NettyRequestSender - Using pooled Channel '[id: 0xd1eda6a8, L:/127.0.0.1:51609 - R:localhost/127.0.0.1:13783]' for 'GET' to 'http://localhost:13783/session/ef39548d4cdc6f80f041b0e4fed7ab9d/url'
19:21:31.078 [Forwarding getCurrentUrl on session ef39548d4cdc6f80f041b0e4fed7ab9d to remote] DEBUG org.asynchttpclient.netty.request.NettyRequestSender - Using open Channel [id: 0xd1eda6a8, L:/127.0.0.1:51609 - R:localhost/127.0.0.1:13783] for GET '/session/ef39548d4cdc6f80f041b0e4fed7ab9d/url'
19:21:31.083 [AsyncHttpClient-1-23] DEBUG org.asynchttpclient.netty.handler.HttpHandler - 

Request DefaultFullHttpRequest(decodeResult: success, version: HTTP/1.1, content: EmptyByteBufBE)
GET /session/ef39548d4cdc6f80f041b0e4fed7ab9d/url HTTP/1.1
User-Agent: selenium/4.8.1 (java windows)
Cache-Control: no-cache
Content-Type: application/json; charset=utf-8
host: localhost:13783
accept: */*

Response DefaultHttpResponse(decodeResult: success, version: HTTP/1.1)
HTTP/1.1 200 OK
Content-Length: 41
Content-Type: application/json; charset=utf-8
cache-control: no-cache

19:21:31.083 [AsyncHttpClient-1-23] DEBUG org.asynchttpclient.netty.channel.ChannelManager - Adding key: http://localhost:13783 for channel [id: 0xd1eda6a8, L:/127.0.0.1:51609 - R:localhost/127.0.0.1:13783]
19:21:31.086 [main] DEBUG net.thucydides.core.steps.StepInterceptor - STARTING STEP: ProductSteps.clickBeliButton - clickBeliButton
19:21:31.090 [Forwarding findElement on session ef39548d4cdc6f80f041b0e4fed7ab9d to remote] DEBUG org.asynchttpclient.netty.request.NettyRequestSender - Using pooled Channel '[id: 0xd1eda6a8, L:/127.0.0.1:51609 - R:localhost/127.0.0.1:13783]' for 'POST' to 'http://localhost:13783/session/ef39548d4cdc6f80f041b0e4fed7ab9d/element'
19:21:31.090 [Forwarding findElement on session ef39548d4cdc6f80f041b0e4fed7ab9d to remote] DEBUG org.asynchttpclient.netty.request.NettyRequestSender - Using open Channel [id: 0xd1eda6a8, L:/127.0.0.1:51609 - R:localhost/127.0.0.1:13783] for POST '/session/ef39548d4cdc6f80f041b0e4fed7ab9d/element'
19:21:31.303 [AsyncHttpClient-1-1] DEBUG org.asynchttpclient.netty.channel.DefaultChannelPool - Entry count for : http://localhost:51610 : 1
19:21:32.401 [AsyncHttpClient-1-1] DEBUG org.asynchttpclient.netty.channel.DefaultChannelPool - Entry count for : http://localhost:51610 : 1
19:21:33.100 [AsyncHttpClient-1-23] DEBUG org.asynchttpclient.netty.handler.HttpHandler - 

Request DefaultHttpRequest(decodeResult: success, version: HTTP/1.1)
POST /session/ef39548d4cdc6f80f041b0e4fed7ab9d/element HTTP/1.1
User-Agent: selenium/4.8.1 (java windows)
Content-Length: 173
Content-Type: application/json; charset=utf-8
host: localhost:13783
accept: */*

Response DefaultHttpResponse(decodeResult: success, version: HTTP/1.1)
HTTP/1.1 404 Not Found
Content-Length: 1063
Content-Type: application/json; charset=utf-8
cache-control: no-cache

19:21:33.100 [AsyncHttpClient-1-23] DEBUG org.asynchttpclient.netty.channel.ChannelManager - Adding key: http://localhost:13783 for channel [id: 0xd1eda6a8, L:/127.0.0.1:51609 - R:localhost/127.0.0.1:13783]
19:21:33.215 [Forwarding findElement on session ef39548d4cdc6f80f041b0e4fed7ab9d to remote] DEBUG org.asynchttpclient.netty.request.NettyRequestSender - Using pooled Channel '[id: 0xd1eda6a8, L:/127.0.0.1:51609 - R:localhost/127.0.0.1:13783]' for 'POST' to 'http://localhost:13783/session/ef39548d4cdc6f80f041b0e4fed7ab9d/element'
19:21:33.215 [Forwarding findElement on session ef39548d4cdc6f80f041b0e4fed7ab9d to remote] DEBUG org.asynchttpclient.netty.request.NettyRequestSender - Using open Channel [id: 0xd1eda6a8, L:/127.0.0.1:51609 - R:localhost/127.0.0.1:13783] for POST '/session/ef39548d4cdc6f80f041b0e4fed7ab9d/element'
19:21:33.498 [AsyncHttpClient-1-1] DEBUG org.asynchttpclient.netty.channel.DefaultChannelPool - Entry count for : http://localhost:51610 : 1
19:21:34.599 [AsyncHttpClient-1-1] DEBUG org.asynchttpclient.netty.channel.DefaultChannelPool - Entry count for : http://localhost:51610 : 1
19:21:35.263 [AsyncHttpClient-1-23] DEBUG org.asynchttpclient.netty.handler.HttpHandler - 

Request DefaultHttpRequest(decodeResult: success, version: HTTP/1.1)
POST /session/ef39548d4cdc6f80f041b0e4fed7ab9d/element HTTP/1.1
User-Agent: selenium/4.8.1 (java windows)
Content-Length: 173
Content-Type: application/json; charset=utf-8
host: localhost:13783
accept: */*

Response DefaultHttpResponse(decodeResult: success, version: HTTP/1.1)
HTTP/1.1 404 Not Found
Content-Length: 1063
Content-Type: application/json; charset=utf-8
cache-control: no-cache

19:21:35.263 [AsyncHttpClient-1-23] DEBUG org.asynchttpclient.netty.channel.ChannelManager - Adding key: http://localhost:13783 for channel [id: 0xd1eda6a8, L:/127.0.0.1:51609 - R:localhost/127.0.0.1:13783]
19:21:35.365 [Forwarding findElement on session ef39548d4cdc6f80f041b0e4fed7ab9d to remote] DEBUG org.asynchttpclient.netty.request.NettyRequestSender - Using pooled Channel '[id: 0xd1eda6a8, L:/127.0.0.1:51609 - R:localhost/127.0.0.1:13783]' for 'POST' to 'http://localhost:13783/session/ef39548d4cdc6f80f041b0e4fed7ab9d/element'
19:21:35.365 [Forwarding findElement on session ef39548d4cdc6f80f041b0e4fed7ab9d to remote] DEBUG org.asynchttpclient.netty.request.NettyRequestSender - Using open Channel [id: 0xd1eda6a8, L:/127.0.0.1:51609 - R:localhost/127.0.0.1:13783] for POST '/session/ef39548d4cdc6f80f041b0e4fed7ab9d/element'
19:21:35.702 [AsyncHttpClient-1-1] DEBUG org.asynchttpclient.netty.channel.DefaultChannelPool - Entry count for : http://localhost:51610 : 1
19:21:36.798 [AsyncHttpClient-1-1] DEBUG org.asynchttpclient.netty.channel.DefaultChannelPool - Entry count for : http://localhost:51610 : 1
19:21:37.902 [AsyncHttpClient-1-1] DEBUG org.asynchttpclient.netty.channel.DefaultChannelPool - Entry count for : http://localhost:51610 : 1
19:21:38.998 [AsyncHttpClient-1-1] DEBUG org.asynchttpclient.netty.channel.DefaultChannelPool - Entry count for : http://localhost:51610 : 1
19:21:40.104 [AsyncHttpClient-1-1] DEBUG org.asynchttpclient.netty.channel.DefaultChannelPool - Entry count for : http://localhost:51610 : 1
19:21:41.198 [AsyncHttpClient-1-1] DEBUG org.asynchttpclient.netty.channel.DefaultChannelPool - Entry count for : http://localhost:51610 : 1
19:21:42.298 [AsyncHttpClient-1-1] DEBUG org.asynchttpclient.netty.channel.DefaultChannelPool - Entry count for : http://localhost:51610 : 1
19:21:43.399 [AsyncHttpClient-1-1] DEBUG org.asynchttpclient.netty.channel.DefaultChannelPool - Entry count for : http://localhost:51610 : 1
19:21:44.500 [AsyncHttpClient-1-1] DEBUG org.asynchttpclient.netty.channel.DefaultChannelPool - Entry count for : http://localhost:51610 : 1
19:21:45.604 [AsyncHttpClient-1-1] DEBUG org.asynchttpclient.netty.channel.DefaultChannelPool - Entry count for : http://localhost:51610 : 1
19:21:46.701 [AsyncHttpClient-1-1] DEBUG org.asynchttpclient.netty.channel.DefaultChannelPool - Entry count for : http://localhost:51610 : 1
19:21:47.797 [AsyncHttpClient-1-1] DEBUG org.asynchttpclient.netty.channel.DefaultChannelPool - Entry count for : http://localhost:51610 : 1
19:21:48.898 [AsyncHttpClient-1-1] DEBUG org.asynchttpclient.netty.channel.DefaultChannelPool - Entry count for : http://localhost:51610 : 1
19:21:50.002 [AsyncHttpClient-1-1] DEBUG org.asynchttpclient.netty.channel.DefaultChannelPool - Entry count for : http://localhost:51610 : 1
19:21:51.105 [AsyncHttpClient-1-1] DEBUG org.asynchttpclient.netty.channel.DefaultChannelPool - Entry count for : http://localhost:51610 : 1
19:21:52.197 [AsyncHttpClient-1-1] DEBUG org.asynchttpclient.netty.channel.DefaultChannelPool - Entry count for : http://localhost:51610 : 1
19:21:53.301 [AsyncHttpClient-1-1] DEBUG org.asynchttpclient.netty.channel.DefaultChannelPool - Entry count for : http://localhost:51610 : 1
19:21:54.408 [AsyncHttpClient-1-1] DEBUG org.asynchttpclient.netty.channel.DefaultChannelPool - Entry count for : http://localhost:51610 : 1
19:21:55.497 [AsyncHttpClient-1-1] DEBUG org.asynchttpclient.netty.channel.DefaultChannelPool - Entry count for : http://localhost:51610 : 1
19:21:56.597 [AsyncHttpClient-1-1] DEBUG org.asynchttpclient.netty.channel.DefaultChannelPool - Entry count for : http://localhost:51610 : 1
19:21:57.707 [AsyncHttpClient-1-1] DEBUG org.asynchttpclient.netty.channel.DefaultChannelPool - Entry count for : http://localhost:51610 : 1
19:21:58.801 [AsyncHttpClient-1-1] DEBUG org.asynchttpclient.netty.channel.DefaultChannelPool - Entry count for : http://localhost:51610 : 1
19:21:58.856 [AsyncHttpClient-1-23] DEBUG org.asynchttpclient.netty.handler.HttpHandler - 

Request DefaultHttpRequest(decodeResult: success, version: HTTP/1.1)
POST /session/ef39548d4cdc6f80f041b0e4fed7ab9d/element HTTP/1.1
User-Agent: selenium/4.8.1 (java windows)
Content-Length: 173
Content-Type: application/json; charset=utf-8
host: localhost:13783
accept: */*

Response DefaultHttpResponse(decodeResult: success, version: HTTP/1.1)
HTTP/1.1 200 OK
Content-Length: 95
Content-Type: application/json; charset=utf-8
cache-control: no-cache

19:21:58.856 [AsyncHttpClient-1-23] DEBUG org.asynchttpclient.netty.channel.ChannelManager - Adding key: http://localhost:13783 for channel [id: 0xd1eda6a8, L:/127.0.0.1:51609 - R:localhost/127.0.0.1:13783]
19:21:58.857 [Forwarding getElementTagName on session ef39548d4cdc6f80f041b0e4fed7ab9d to remote] DEBUG org.asynchttpclient.netty.request.NettyRequestSender - Using pooled Channel '[id: 0xd1eda6a8, L:/127.0.0.1:51609 - R:localhost/127.0.0.1:13783]' for 'GET' to 'http://localhost:13783/session/ef39548d4cdc6f80f041b0e4fed7ab9d/element/C888729B4BB0AA119AB157560DE0BE97_element_12/name'
19:21:58.857 [Forwarding getElementTagName on session ef39548d4cdc6f80f041b0e4fed7ab9d to remote] DEBUG org.asynchttpclient.netty.request.NettyRequestSender - Using open Channel [id: 0xd1eda6a8, L:/127.0.0.1:51609 - R:localhost/127.0.0.1:13783] for GET '/session/ef39548d4cdc6f80f041b0e4fed7ab9d/element/C888729B4BB0AA119AB157560DE0BE97_element_12/name'
19:21:58.862 [AsyncHttpClient-1-23] DEBUG org.asynchttpclient.netty.handler.HttpHandler - 

Request DefaultFullHttpRequest(decodeResult: success, version: HTTP/1.1, content: EmptyByteBufBE)
GET /session/ef39548d4cdc6f80f041b0e4fed7ab9d/element/C888729B4BB0AA119AB157560DE0BE97_element_12/name HTTP/1.1
User-Agent: selenium/4.8.1 (java windows)
Cache-Control: no-cache
Content-Type: application/json; charset=utf-8
host: localhost:13783
accept: */*

Response DefaultHttpResponse(decodeResult: success, version: HTTP/1.1)
HTTP/1.1 200 OK
Content-Length: 18
Content-Type: application/json; charset=utf-8
cache-control: no-cache

19:21:58.862 [AsyncHttpClient-1-23] DEBUG org.asynchttpclient.netty.channel.ChannelManager - Adding key: http://localhost:13783 for channel [id: 0xd1eda6a8, L:/127.0.0.1:51609 - R:localhost/127.0.0.1:13783]
19:21:58.863 [Forwarding getElementTagName on session ef39548d4cdc6f80f041b0e4fed7ab9d to remote] DEBUG org.asynchttpclient.netty.request.NettyRequestSender - Using pooled Channel '[id: 0xd1eda6a8, L:/127.0.0.1:51609 - R:localhost/127.0.0.1:13783]' for 'GET' to 'http://localhost:13783/session/ef39548d4cdc6f80f041b0e4fed7ab9d/element/C888729B4BB0AA119AB157560DE0BE97_element_12/name'
19:21:58.863 [Forwarding getElementTagName on session ef39548d4cdc6f80f041b0e4fed7ab9d to remote] DEBUG org.asynchttpclient.netty.request.NettyRequestSender - Using open Channel [id: 0xd1eda6a8, L:/127.0.0.1:51609 - R:localhost/127.0.0.1:13783] for GET '/session/ef39548d4cdc6f80f041b0e4fed7ab9d/element/C888729B4BB0AA119AB157560DE0BE97_element_12/name'
19:21:58.867 [AsyncHttpClient-1-23] DEBUG org.asynchttpclient.netty.handler.HttpHandler - 

Request DefaultFullHttpRequest(decodeResult: success, version: HTTP/1.1, content: EmptyByteBufBE)
GET /session/ef39548d4cdc6f80f041b0e4fed7ab9d/element/C888729B4BB0AA119AB157560DE0BE97_element_12/name HTTP/1.1
User-Agent: selenium/4.8.1 (java windows)
Cache-Control: no-cache
Content-Type: application/json; charset=utf-8
host: localhost:13783
accept: */*

Response DefaultHttpResponse(decodeResult: success, version: HTTP/1.1)
HTTP/1.1 200 OK
Content-Length: 18
Content-Type: application/json; charset=utf-8
cache-control: no-cache

19:21:58.867 [AsyncHttpClient-1-23] DEBUG org.asynchttpclient.netty.channel.ChannelManager - Adding key: http://localhost:13783 for channel [id: 0xd1eda6a8, L:/127.0.0.1:51609 - R:localhost/127.0.0.1:13783]
19:21:58.868 [Forwarding isElementEnabled on session ef39548d4cdc6f80f041b0e4fed7ab9d to remote] DEBUG org.asynchttpclient.netty.request.NettyRequestSender - Using pooled Channel '[id: 0xd1eda6a8, L:/127.0.0.1:51609 - R:localhost/127.0.0.1:13783]' for 'GET' to 'http://localhost:13783/session/ef39548d4cdc6f80f041b0e4fed7ab9d/element/C888729B4BB0AA119AB157560DE0BE97_element_12/enabled'
19:21:58.868 [Forwarding isElementEnabled on session ef39548d4cdc6f80f041b0e4fed7ab9d to remote] DEBUG org.asynchttpclient.netty.request.NettyRequestSender - Using open Channel [id: 0xd1eda6a8, L:/127.0.0.1:51609 - R:localhost/127.0.0.1:13783] for GET '/session/ef39548d4cdc6f80f041b0e4fed7ab9d/element/C888729B4BB0AA119AB157560DE0BE97_element_12/enabled'
19:21:58.873 [AsyncHttpClient-1-23] DEBUG org.asynchttpclient.netty.handler.HttpHandler - 

Request DefaultFullHttpRequest(decodeResult: success, version: HTTP/1.1, content: EmptyByteBufBE)
GET /session/ef39548d4cdc6f80f041b0e4fed7ab9d/element/C888729B4BB0AA119AB157560DE0BE97_element_12/enabled HTTP/1.1
User-Agent: selenium/4.8.1 (java windows)
Cache-Control: no-cache
Content-Type: application/json; charset=utf-8
host: localhost:13783
accept: */*

Response DefaultHttpResponse(decodeResult: success, version: HTTP/1.1)
HTTP/1.1 200 OK
Content-Length: 14
Content-Type: application/json; charset=utf-8
cache-control: no-cache

19:21:58.873 [AsyncHttpClient-1-23] DEBUG org.asynchttpclient.netty.channel.ChannelManager - Adding key: http://localhost:13783 for channel [id: 0xd1eda6a8, L:/127.0.0.1:51609 - R:localhost/127.0.0.1:13783]
19:21:58.874 [Forwarding isElementEnabled on session ef39548d4cdc6f80f041b0e4fed7ab9d to remote] DEBUG org.asynchttpclient.netty.request.NettyRequestSender - Using pooled Channel '[id: 0xd1eda6a8, L:/127.0.0.1:51609 - R:localhost/127.0.0.1:13783]' for 'GET' to 'http://localhost:13783/session/ef39548d4cdc6f80f041b0e4fed7ab9d/element/C888729B4BB0AA119AB157560DE0BE97_element_12/enabled'
19:21:58.874 [Forwarding isElementEnabled on session ef39548d4cdc6f80f041b0e4fed7ab9d to remote] DEBUG org.asynchttpclient.netty.request.NettyRequestSender - Using open Channel [id: 0xd1eda6a8, L:/127.0.0.1:51609 - R:localhost/127.0.0.1:13783] for GET '/session/ef39548d4cdc6f80f041b0e4fed7ab9d/element/C888729B4BB0AA119AB157560DE0BE97_element_12/enabled'
19:21:58.878 [AsyncHttpClient-1-23] DEBUG org.asynchttpclient.netty.handler.HttpHandler - 

Request DefaultFullHttpRequest(decodeResult: success, version: HTTP/1.1, content: EmptyByteBufBE)
GET /session/ef39548d4cdc6f80f041b0e4fed7ab9d/element/C888729B4BB0AA119AB157560DE0BE97_element_12/enabled HTTP/1.1
User-Agent: selenium/4.8.1 (java windows)
Cache-Control: no-cache
Content-Type: application/json; charset=utf-8
host: localhost:13783
accept: */*

Response DefaultHttpResponse(decodeResult: success, version: HTTP/1.1)
HTTP/1.1 200 OK
Content-Length: 14
Content-Type: application/json; charset=utf-8
cache-control: no-cache

19:21:58.878 [AsyncHttpClient-1-23] DEBUG org.asynchttpclient.netty.channel.ChannelManager - Adding key: http://localhost:13783 for channel [id: 0xd1eda6a8, L:/127.0.0.1:51609 - R:localhost/127.0.0.1:13783]
19:21:58.879 [Forwarding findElement on session ef39548d4cdc6f80f041b0e4fed7ab9d to remote] DEBUG org.asynchttpclient.netty.request.NettyRequestSender - Using pooled Channel '[id: 0xd1eda6a8, L:/127.0.0.1:51609 - R:localhost/127.0.0.1:13783]' for 'POST' to 'http://localhost:13783/session/ef39548d4cdc6f80f041b0e4fed7ab9d/element'
19:21:58.880 [Forwarding findElement on session ef39548d4cdc6f80f041b0e4fed7ab9d to remote] DEBUG org.asynchttpclient.netty.request.NettyRequestSender - Using open Channel [id: 0xd1eda6a8, L:/127.0.0.1:51609 - R:localhost/127.0.0.1:13783] for POST '/session/ef39548d4cdc6f80f041b0e4fed7ab9d/element'
19:21:58.922 [AsyncHttpClient-1-23] DEBUG org.asynchttpclient.netty.handler.HttpHandler - 

Request DefaultHttpRequest(decodeResult: success, version: HTTP/1.1)
POST /session/ef39548d4cdc6f80f041b0e4fed7ab9d/element HTTP/1.1
User-Agent: selenium/4.8.1 (java windows)
Content-Length: 173
Content-Type: application/json; charset=utf-8
host: localhost:13783
accept: */*

Response DefaultHttpResponse(decodeResult: success, version: HTTP/1.1)
HTTP/1.1 200 OK
Content-Length: 95
Content-Type: application/json; charset=utf-8
cache-control: no-cache

19:21:58.922 [AsyncHttpClient-1-23] DEBUG org.asynchttpclient.netty.channel.ChannelManager - Adding key: http://localhost:13783 for channel [id: 0xd1eda6a8, L:/127.0.0.1:51609 - R:localhost/127.0.0.1:13783]
19:21:58.922 [Forwarding clickElement on session ef39548d4cdc6f80f041b0e4fed7ab9d to remote] DEBUG org.asynchttpclient.netty.request.NettyRequestSender - Using pooled Channel '[id: 0xd1eda6a8, L:/127.0.0.1:51609 - R:localhost/127.0.0.1:13783]' for 'POST' to 'http://localhost:13783/session/ef39548d4cdc6f80f041b0e4fed7ab9d/element/C888729B4BB0AA119AB157560DE0BE97_element_12/click'
19:21:58.922 [Forwarding clickElement on session ef39548d4cdc6f80f041b0e4fed7ab9d to remote] DEBUG org.asynchttpclient.netty.request.NettyRequestSender - Using open Channel [id: 0xd1eda6a8, L:/127.0.0.1:51609 - R:localhost/127.0.0.1:13783] for POST '/session/ef39548d4cdc6f80f041b0e4fed7ab9d/element/C888729B4BB0AA119AB157560DE0BE97_element_12/click'
19:21:59.659 [AsyncHttpClient-1-23] DEBUG org.asynchttpclient.netty.handler.HttpHandler - 

Request DefaultHttpRequest(decodeResult: success, version: HTTP/1.1)
POST /session/ef39548d4cdc6f80f041b0e4fed7ab9d/element/C888729B4BB0AA119AB157560DE0BE97_element_12/click HTTP/1.1
User-Agent: selenium/4.8.1 (java windows)
Content-Length: 57
Content-Type: application/json; charset=utf-8
host: localhost:13783
accept: */*

Response DefaultHttpResponse(decodeResult: success, version: HTTP/1.1)
HTTP/1.1 200 OK
Content-Length: 14
Content-Type: application/json; charset=utf-8
cache-control: no-cache

19:21:59.659 [AsyncHttpClient-1-23] DEBUG org.asynchttpclient.netty.channel.ChannelManager - Adding key: http://localhost:13783 for channel [id: 0xd1eda6a8, L:/127.0.0.1:51609 - R:localhost/127.0.0.1:13783]
19:21:59.664 [Forwarding getAlertText on session ef39548d4cdc6f80f041b0e4fed7ab9d to remote] DEBUG org.asynchttpclient.netty.request.NettyRequestSender - Using pooled Channel '[id: 0xd1eda6a8, L:/127.0.0.1:51609 - R:localhost/127.0.0.1:13783]' for 'GET' to 'http://localhost:13783/session/ef39548d4cdc6f80f041b0e4fed7ab9d/alert/text'
19:21:59.664 [Forwarding getAlertText on session ef39548d4cdc6f80f041b0e4fed7ab9d to remote] DEBUG org.asynchttpclient.netty.request.NettyRequestSender - Using open Channel [id: 0xd1eda6a8, L:/127.0.0.1:51609 - R:localhost/127.0.0.1:13783] for GET '/session/ef39548d4cdc6f80f041b0e4fed7ab9d/alert/text'
19:21:59.788 [AsyncHttpClient-1-23] DEBUG org.asynchttpclient.netty.handler.HttpHandler - 

Request DefaultFullHttpRequest(decodeResult: success, version: HTTP/1.1, content: EmptyByteBufBE)
GET /session/ef39548d4cdc6f80f041b0e4fed7ab9d/alert/text HTTP/1.1
User-Agent: selenium/4.8.1 (java windows)
Cache-Control: no-cache
Content-Type: application/json; charset=utf-8
host: localhost:13783
accept: */*

Response DefaultHttpResponse(decodeResult: success, version: HTTP/1.1)
HTTP/1.1 404 Not Found
Content-Length: 847
Content-Type: application/json; charset=utf-8
cache-control: no-cache

19:21:59.789 [AsyncHttpClient-1-23] DEBUG org.asynchttpclient.netty.channel.ChannelManager - Adding key: http://localhost:13783 for channel [id: 0xd1eda6a8, L:/127.0.0.1:51609 - R:localhost/127.0.0.1:13783]
19:21:59.789 [Forwarding getCurrentUrl on session ef39548d4cdc6f80f041b0e4fed7ab9d to remote] DEBUG org.asynchttpclient.netty.request.NettyRequestSender - Using pooled Channel '[id: 0xd1eda6a8, L:/127.0.0.1:51609 - R:localhost/127.0.0.1:13783]' for 'GET' to 'http://localhost:13783/session/ef39548d4cdc6f80f041b0e4fed7ab9d/url'
19:21:59.789 [Forwarding getCurrentUrl on session ef39548d4cdc6f80f041b0e4fed7ab9d to remote] DEBUG org.asynchttpclient.netty.request.NettyRequestSender - Using open Channel [id: 0xd1eda6a8, L:/127.0.0.1:51609 - R:localhost/127.0.0.1:13783] for GET '/session/ef39548d4cdc6f80f041b0e4fed7ab9d/url'
19:21:59.897 [AsyncHttpClient-1-1] DEBUG org.asynchttpclient.netty.channel.DefaultChannelPool - Entry count for : http://localhost:51610 : 1
19:21:59.920 [AsyncHttpClient-1-23] DEBUG org.asynchttpclient.netty.handler.HttpHandler - 

Request DefaultFullHttpRequest(decodeResult: success, version: HTTP/1.1, content: EmptyByteBufBE)
GET /session/ef39548d4cdc6f80f041b0e4fed7ab9d/url HTTP/1.1
User-Agent: selenium/4.8.1 (java windows)
Cache-Control: no-cache
Content-Type: application/json; charset=utf-8
host: localhost:13783
accept: */*

Response DefaultHttpResponse(decodeResult: success, version: HTTP/1.1)
HTTP/1.1 200 OK
Content-Length: 41
Content-Type: application/json; charset=utf-8
cache-control: no-cache

19:21:59.921 [AsyncHttpClient-1-23] DEBUG org.asynchttpclient.netty.channel.ChannelManager - Adding key: http://localhost:13783 for channel [id: 0xd1eda6a8, L:/127.0.0.1:51609 - R:localhost/127.0.0.1:13783]
19:21:59.921 [Forwarding screenshot on session ef39548d4cdc6f80f041b0e4fed7ab9d to remote] DEBUG org.asynchttpclient.netty.request.NettyRequestSender - Using pooled Channel '[id: 0xd1eda6a8, L:/127.0.0.1:51609 - R:localhost/127.0.0.1:13783]' for 'GET' to 'http://localhost:13783/session/ef39548d4cdc6f80f041b0e4fed7ab9d/screenshot'
19:21:59.921 [Forwarding screenshot on session ef39548d4cdc6f80f041b0e4fed7ab9d to remote] DEBUG org.asynchttpclient.netty.request.NettyRequestSender - Using open Channel [id: 0xd1eda6a8, L:/127.0.0.1:51609 - R:localhost/127.0.0.1:13783] for GET '/session/ef39548d4cdc6f80f041b0e4fed7ab9d/screenshot'
19:22:00.277 [AsyncHttpClient-1-23] DEBUG org.asynchttpclient.netty.handler.HttpHandler - 

Request DefaultFullHttpRequest(decodeResult: success, version: HTTP/1.1, content: EmptyByteBufBE)
GET /session/ef39548d4cdc6f80f041b0e4fed7ab9d/screenshot HTTP/1.1
User-Agent: selenium/4.8.1 (java windows)
Cache-Control: no-cache
Content-Type: application/json; charset=utf-8
host: localhost:13783
accept: */*

Response DefaultHttpResponse(decodeResult: success, version: HTTP/1.1)
HTTP/1.1 200 OK
Content-Length: 112412
Content-Type: application/json; charset=utf-8
cache-control: no-cache

19:22:00.277 [AsyncHttpClient-1-23] DEBUG org.asynchttpclient.netty.channel.ChannelManager - Adding key: http://localhost:13783 for channel [id: 0xd1eda6a8, L:/127.0.0.1:51609 - R:localhost/127.0.0.1:13783]
19:22:00.280 [main] DEBUG net.serenitybdd.core.photography.Darkroom - Send negative for processing for target\site\serenity\7ebe148415cf4d38343b4c0293a9c891e4822f7898c9ac617b22b963026df057.png
19:22:00.280 [main] DEBUG net.thucydides.core.steps.StepInterceptor - STEP DONE: clickBeliButton
  &amp#27;[32mWhen &amp#27;[0m&amp#27;[32mI click BELI button from the product&amp#27;[0m               &amp#27;[90m# starter.stepdefinitions.ProductSteps.clickBeliButton()&amp#27;[0m
19:22:00.280 [Darkroom Processing Line] DEBUG net.serenitybdd.core.photography.DarkroomProcessingLine - Processing screenshot image in /var/screenshots/screenshot-9415520488429258372
19:22:00.280 [Darkroom Processing Line] DEBUG net.serenitybdd.core.photography.DarkroomProcessingLine - Saving screenshot to target\site\serenity\7ebe148415cf4d38343b4c0293a9c891e4822f7898c9ac617b22b963026df057.png
19:22:00.289 [Forwarding getPageSource on session ef39548d4cdc6f80f041b0e4fed7ab9d to remote] DEBUG org.asynchttpclient.netty.request.NettyRequestSender - Using pooled Channel '[id: 0xd1eda6a8, L:/127.0.0.1:51609 - R:localhost/127.0.0.1:13783]' for 'POST' to 'http://localhost:13783/session/ef39548d4cdc6f80f041b0e4fed7ab9d/execute/sync'
19:22:00.289 [Forwarding getPageSource on session ef39548d4cdc6f80f041b0e4fed7ab9d to remote] DEBUG org.asynchttpclient.netty.request.NettyRequestSender - Using open Channel [id: 0xd1eda6a8, L:/127.0.0.1:51609 - R:localhost/127.0.0.1:13783] for POST '/session/ef39548d4cdc6f80f041b0e4fed7ab9d/execute/sync'
19:22:01.003 [AsyncHttpClient-1-1] DEBUG org.asynchttpclient.netty.channel.DefaultChannelPool - Entry count for : http://localhost:51610 : 1
19:22:01.178 [AsyncHttpClient-1-23] DEBUG org.asynchttpclient.netty.handler.HttpHandler - 

Request DefaultHttpRequest(decodeResult: success, version: HTTP/1.1)
POST /session/ef39548d4cdc6f80f041b0e4fed7ab9d/execute/sync HTTP/1.1
User-Agent: selenium/4.8.1 (java windows)
Content-Length: 176
Content-Type: application/json; charset=utf-8
host: localhost:13783
accept: */*

Response DefaultHttpResponse(decodeResult: success, version: HTTP/1.1)
HTTP/1.1 200 OK
Content-Length: 7402805
Content-Type: application/json; charset=utf-8
cache-control: no-cache

19:22:01.188 [AsyncHttpClient-1-23] DEBUG org.asynchttpclient.netty.channel.ChannelManager - Adding key: http://localhost:13783 for channel [id: 0xd1eda6a8, L:/127.0.0.1:51609 - R:localhost/127.0.0.1:13783]
19:22:02.098 [AsyncHttpClient-1-1] DEBUG org.asynchttpclient.netty.channel.DefaultChannelPool - Entry count for : http://localhost:13783 : 1
19:22:02.098 [AsyncHttpClient-1-1] DEBUG org.asynchttpclient.netty.channel.DefaultChannelPool - Entry count for : http://localhost:51610 : 1
19:22:02.116 [Forwarding getCurrentUrl on session ef39548d4cdc6f80f041b0e4fed7ab9d to remote] DEBUG org.asynchttpclient.netty.request.NettyRequestSender - Using pooled Channel '[id: 0xd1eda6a8, L:/127.0.0.1:51609 - R:localhost/127.0.0.1:13783]' for 'GET' to 'http://localhost:13783/session/ef39548d4cdc6f80f041b0e4fed7ab9d/url'
19:22:02.116 [Forwarding getCurrentUrl on session ef39548d4cdc6f80f041b0e4fed7ab9d to remote] DEBUG org.asynchttpclient.netty.request.NettyRequestSender - Using open Channel [id: 0xd1eda6a8, L:/127.0.0.1:51609 - R:localhost/127.0.0.1:13783] for GET '/session/ef39548d4cdc6f80f041b0e4fed7ab9d/url'
19:22:02.122 [AsyncHttpClient-1-23] DEBUG org.asynchttpclient.netty.handler.HttpHandler - 

Request DefaultFullHttpRequest(decodeResult: success, version: HTTP/1.1, content: EmptyByteBufBE)
GET /session/ef39548d4cdc6f80f041b0e4fed7ab9d/url HTTP/1.1
User-Agent: selenium/4.8.1 (java windows)
Cache-Control: no-cache
Content-Type: application/json; charset=utf-8
host: localhost:13783
accept: */*

Response DefaultHttpResponse(decodeResult: success, version: HTTP/1.1)
HTTP/1.1 200 OK
Content-Length: 41
Content-Type: application/json; charset=utf-8
cache-control: no-cache

19:22:02.122 [AsyncHttpClient-1-23] DEBUG org.asynchttpclient.netty.channel.ChannelManager - Adding key: http://localhost:13783 for channel [id: 0xd1eda6a8, L:/127.0.0.1:51609 - R:localhost/127.0.0.1:13783]
19:22:02.184 [Forwarding getAlertText on session ef39548d4cdc6f80f041b0e4fed7ab9d to remote] DEBUG org.asynchttpclient.netty.request.NettyRequestSender - Using pooled Channel '[id: 0xd1eda6a8, L:/127.0.0.1:51609 - R:localhost/127.0.0.1:13783]' for 'GET' to 'http://localhost:13783/session/ef39548d4cdc6f80f041b0e4fed7ab9d/alert/text'
19:22:02.184 [Forwarding getAlertText on session ef39548d4cdc6f80f041b0e4fed7ab9d to remote] DEBUG org.asynchttpclient.netty.request.NettyRequestSender - Using open Channel [id: 0xd1eda6a8, L:/127.0.0.1:51609 - R:localhost/127.0.0.1:13783] for GET '/session/ef39548d4cdc6f80f041b0e4fed7ab9d/alert/text'
19:22:02.186 [AsyncHttpClient-1-23] DEBUG org.asynchttpclient.netty.handler.HttpHandler - 

Request DefaultFullHttpRequest(decodeResult: success, version: HTTP/1.1, content: EmptyByteBufBE)
GET /session/ef39548d4cdc6f80f041b0e4fed7ab9d/alert/text HTTP/1.1
User-Agent: selenium/4.8.1 (java windows)
Cache-Control: no-cache
Content-Type: application/json; charset=utf-8
host: localhost:13783
accept: */*

Response DefaultHttpResponse(decodeResult: success, version: HTTP/1.1)
HTTP/1.1 404 Not Found
Content-Length: 847
Content-Type: application/json; charset=utf-8
cache-control: no-cache

19:22:02.186 [AsyncHttpClient-1-23] DEBUG org.asynchttpclient.netty.channel.ChannelManager - Adding key: http://localhost:13783 for channel [id: 0xd1eda6a8, L:/127.0.0.1:51609 - R:localhost/127.0.0.1:13783]
19:22:02.187 [Forwarding getCurrentUrl on session ef39548d4cdc6f80f041b0e4fed7ab9d to remote] DEBUG org.asynchttpclient.netty.request.NettyRequestSender - Using pooled Channel '[id: 0xd1eda6a8, L:/127.0.0.1:51609 - R:localhost/127.0.0.1:13783]' for 'GET' to 'http://localhost:13783/session/ef39548d4cdc6f80f041b0e4fed7ab9d/url'
19:22:02.187 [Forwarding getCurrentUrl on session ef39548d4cdc6f80f041b0e4fed7ab9d to remote] DEBUG org.asynchttpclient.netty.request.NettyRequestSender - Using open Channel [id: 0xd1eda6a8, L:/127.0.0.1:51609 - R:localhost/127.0.0.1:13783] for GET '/session/ef39548d4cdc6f80f041b0e4fed7ab9d/url'
19:22:02.191 [AsyncHttpClient-1-23] DEBUG org.asynchttpclient.netty.handler.HttpHandler - 

Request DefaultFullHttpRequest(decodeResult: success, version: HTTP/1.1, content: EmptyByteBufBE)
GET /session/ef39548d4cdc6f80f041b0e4fed7ab9d/url HTTP/1.1
User-Agent: selenium/4.8.1 (java windows)
Cache-Control: no-cache
Content-Type: application/json; charset=utf-8
host: localhost:13783
accept: */*

Response DefaultHttpResponse(decodeResult: success, version: HTTP/1.1)
HTTP/1.1 200 OK
Content-Length: 41
Content-Type: application/json; charset=utf-8
cache-control: no-cache

19:22:02.191 [AsyncHttpClient-1-23] DEBUG org.asynchttpclient.netty.channel.ChannelManager - Adding key: http://localhost:13783 for channel [id: 0xd1eda6a8, L:/127.0.0.1:51609 - R:localhost/127.0.0.1:13783]
19:22:02.192 [Forwarding screenshot on session ef39548d4cdc6f80f041b0e4fed7ab9d to remote] DEBUG org.asynchttpclient.netty.request.NettyRequestSender - Using pooled Channel '[id: 0xd1eda6a8, L:/127.0.0.1:51609 - R:localhost/127.0.0.1:13783]' for 'GET' to 'http://localhost:13783/session/ef39548d4cdc6f80f041b0e4fed7ab9d/screenshot'
19:22:02.192 [Forwarding screenshot on session ef39548d4cdc6f80f041b0e4fed7ab9d to remote] DEBUG org.asynchttpclient.netty.request.NettyRequestSender - Using open Channel [id: 0xd1eda6a8, L:/127.0.0.1:51609 - R:localhost/127.0.0.1:13783] for GET '/session/ef39548d4cdc6f80f041b0e4fed7ab9d/screenshot'
19:22:02.406 [AsyncHttpClient-1-23] DEBUG org.asynchttpclient.netty.handler.HttpHandler - 

Request DefaultFullHttpRequest(decodeResult: success, version: HTTP/1.1, content: EmptyByteBufBE)
GET /session/ef39548d4cdc6f80f041b0e4fed7ab9d/screenshot HTTP/1.1
User-Agent: selenium/4.8.1 (java windows)
Cache-Control: no-cache
Content-Type: application/json; charset=utf-8
host: localhost:13783
accept: */*

Response DefaultHttpResponse(decodeResult: success, version: HTTP/1.1)
HTTP/1.1 200 OK
Content-Length: 111928
Content-Type: application/json; charset=utf-8
cache-control: no-cache

19:22:02.406 [AsyncHttpClient-1-23] DEBUG org.asynchttpclient.netty.channel.ChannelManager - Adding key: http://localhost:13783 for channel [id: 0xd1eda6a8, L:/127.0.0.1:51609 - R:localhost/127.0.0.1:13783]
19:22:02.410 [main] DEBUG net.serenitybdd.core.photography.Darkroom - Send negative for processing for target\site\serenity\2fae8f224688b901c76669ffbdf4fa65b5a07cfe2f213ccb9988141ba1d91087.png
19:22:02.410 [Darkroom Processing Line] DEBUG net.serenitybdd.core.photography.DarkroomProcessingLine - Processing screenshot image in /var/screenshots/screenshot-10653673209819624826
19:22:02.410 [Darkroom Processing Line] DEBUG net.serenitybdd.core.photography.DarkroomProcessingLine - Saving screenshot to target\site\serenity\2fae8f224688b901c76669ffbdf4fa65b5a07cfe2f213ccb9988141ba1d91087.png
19:22:02.411 [Forwarding getPageSource on session ef39548d4cdc6f80f041b0e4fed7ab9d to remote] DEBUG org.asynchttpclient.netty.request.NettyRequestSender - Using pooled Channel '[id: 0xd1eda6a8, L:/127.0.0.1:51609 - R:localhost/127.0.0.1:13783]' for 'POST' to 'http://localhost:13783/session/ef39548d4cdc6f80f041b0e4fed7ab9d/execute/sync'
19:22:02.411 [Forwarding getPageSource on session ef39548d4cdc6f80f041b0e4fed7ab9d to remote] DEBUG org.asynchttpclient.netty.request.NettyRequestSender - Using open Channel [id: 0xd1eda6a8, L:/127.0.0.1:51609 - R:localhost/127.0.0.1:13783] for POST '/session/ef39548d4cdc6f80f041b0e4fed7ab9d/execute/sync'
19:22:03.197 [AsyncHttpClient-1-1] DEBUG org.asynchttpclient.netty.channel.DefaultChannelPool - Entry count for : http://localhost:51610 : 1
19:22:03.649 [AsyncHttpClient-1-23] DEBUG org.asynchttpclient.netty.handler.HttpHandler - 

Request DefaultHttpRequest(decodeResult: success, version: HTTP/1.1)
POST /session/ef39548d4cdc6f80f041b0e4fed7ab9d/execute/sync HTTP/1.1
User-Agent: selenium/4.8.1 (java windows)
Content-Length: 176
Content-Type: application/json; charset=utf-8
host: localhost:13783
accept: */*

Response DefaultHttpResponse(decodeResult: success, version: HTTP/1.1)
HTTP/1.1 200 OK
Content-Length: 7402805
Content-Type: application/json; charset=utf-8
cache-control: no-cache

19:22:03.675 [AsyncHttpClient-1-23] DEBUG org.asynchttpclient.netty.channel.ChannelManager - Adding key: http://localhost:13783 for channel [id: 0xd1eda6a8, L:/127.0.0.1:51609 - R:localhost/127.0.0.1:13783]
19:22:04.299 [AsyncHttpClient-1-1] DEBUG org.asynchttpclient.netty.channel.DefaultChannelPool - Entry count for : http://localhost:13783 : 1
19:22:04.299 [AsyncHttpClient-1-1] DEBUG org.asynchttpclient.netty.channel.DefaultChannelPool - Entry count for : http://localhost:51610 : 1
19:22:04.428 [Forwarding getCurrentUrl on session ef39548d4cdc6f80f041b0e4fed7ab9d to remote] DEBUG org.asynchttpclient.netty.request.NettyRequestSender - Using pooled Channel '[id: 0xd1eda6a8, L:/127.0.0.1:51609 - R:localhost/127.0.0.1:13783]' for 'GET' to 'http://localhost:13783/session/ef39548d4cdc6f80f041b0e4fed7ab9d/url'
19:22:04.428 [Forwarding getCurrentUrl on session ef39548d4cdc6f80f041b0e4fed7ab9d to remote] DEBUG org.asynchttpclient.netty.request.NettyRequestSender - Using open Channel [id: 0xd1eda6a8, L:/127.0.0.1:51609 - R:localhost/127.0.0.1:13783] for GET '/session/ef39548d4cdc6f80f041b0e4fed7ab9d/url'
19:22:04.434 [AsyncHttpClient-1-23] DEBUG org.asynchttpclient.netty.handler.HttpHandler - 

Request DefaultFullHttpRequest(decodeResult: success, version: HTTP/1.1, content: EmptyByteBufBE)
GET /session/ef39548d4cdc6f80f041b0e4fed7ab9d/url HTTP/1.1
User-Agent: selenium/4.8.1 (java windows)
Cache-Control: no-cache
Content-Type: application/json; charset=utf-8
host: localhost:13783
accept: */*

Response DefaultHttpResponse(decodeResult: success, version: HTTP/1.1)
HTTP/1.1 200 OK
Content-Length: 41
Content-Type: application/json; charset=utf-8
cache-control: no-cache

19:22:04.434 [AsyncHttpClient-1-23] DEBUG org.asynchttpclient.netty.channel.ChannelManager - Adding key: http://localhost:13783 for channel [id: 0xd1eda6a8, L:/127.0.0.1:51609 - R:localhost/127.0.0.1:13783]
19:22:04.456 [main] DEBUG net.thucydides.core.steps.StepInterceptor - STARTING STEP: TransactionSteps.clickCartIcon - clickCartIcon
19:22:04.459 [Forwarding findElement on session ef39548d4cdc6f80f041b0e4fed7ab9d to remote] DEBUG org.asynchttpclient.netty.request.NettyRequestSender - Using pooled Channel '[id: 0xd1eda6a8, L:/127.0.0.1:51609 - R:localhost/127.0.0.1:13783]' for 'POST' to 'http://localhost:13783/session/ef39548d4cdc6f80f041b0e4fed7ab9d/element'
19:22:04.459 [Forwarding findElement on session ef39548d4cdc6f80f041b0e4fed7ab9d to remote] DEBUG org.asynchttpclient.netty.request.NettyRequestSender - Using open Channel [id: 0xd1eda6a8, L:/127.0.0.1:51609 - R:localhost/127.0.0.1:13783] for POST '/session/ef39548d4cdc6f80f041b0e4fed7ab9d/element'
19:22:04.476 [AsyncHttpClient-1-23] DEBUG org.asynchttpclient.netty.handler.HttpHandler - 

Request DefaultHttpRequest(decodeResult: success, version: HTTP/1.1)
POST /session/ef39548d4cdc6f80f041b0e4fed7ab9d/element HTTP/1.1
User-Agent: selenium/4.8.1 (java windows)
Content-Length: 65
Content-Type: application/json; charset=utf-8
host: localhost:13783
accept: */*

Response DefaultHttpResponse(decodeResult: success, version: HTTP/1.1)
HTTP/1.1 200 OK
Content-Length: 95
Content-Type: application/json; charset=utf-8
cache-control: no-cache

19:22:04.476 [AsyncHttpClient-1-23] DEBUG org.asynchttpclient.netty.channel.ChannelManager - Adding key: http://localhost:13783 for channel [id: 0xd1eda6a8, L:/127.0.0.1:51609 - R:localhost/127.0.0.1:13783]
19:22:04.477 [Forwarding getElementTagName on session ef39548d4cdc6f80f041b0e4fed7ab9d to remote] DEBUG org.asynchttpclient.netty.request.NettyRequestSender - Using pooled Channel '[id: 0xd1eda6a8, L:/127.0.0.1:51609 - R:localhost/127.0.0.1:13783]' for 'GET' to 'http://localhost:13783/session/ef39548d4cdc6f80f041b0e4fed7ab9d/element/C888729B4BB0AA119AB157560DE0BE97_element_13/name'
19:22:04.477 [Forwarding getElementTagName on session ef39548d4cdc6f80f041b0e4fed7ab9d to remote] DEBUG org.asynchttpclient.netty.request.NettyRequestSender - Using open Channel [id: 0xd1eda6a8, L:/127.0.0.1:51609 - R:localhost/127.0.0.1:13783] for GET '/session/ef39548d4cdc6f80f041b0e4fed7ab9d/element/C888729B4BB0AA119AB157560DE0BE97_element_13/name'
19:22:04.483 [AsyncHttpClient-1-23] DEBUG org.asynchttpclient.netty.handler.HttpHandler - 

Request DefaultFullHttpRequest(decodeResult: success, version: HTTP/1.1, content: EmptyByteBufBE)
GET /session/ef39548d4cdc6f80f041b0e4fed7ab9d/element/C888729B4BB0AA119AB157560DE0BE97_element_13/name HTTP/1.1
User-Agent: selenium/4.8.1 (java windows)
Cache-Control: no-cache
Content-Type: application/json; charset=utf-8
host: localhost:13783
accept: */*

Response DefaultHttpResponse(decodeResult: success, version: HTTP/1.1)
HTTP/1.1 200 OK
Content-Length: 13
Content-Type: application/json; charset=utf-8
cache-control: no-cache

19:22:04.483 [AsyncHttpClient-1-23] DEBUG org.asynchttpclient.netty.channel.ChannelManager - Adding key: http://localhost:13783 for channel [id: 0xd1eda6a8, L:/127.0.0.1:51609 - R:localhost/127.0.0.1:13783]
19:22:04.484 [Forwarding getElementTagName on session ef39548d4cdc6f80f041b0e4fed7ab9d to remote] DEBUG org.asynchttpclient.netty.request.NettyRequestSender - Using pooled Channel '[id: 0xd1eda6a8, L:/127.0.0.1:51609 - R:localhost/127.0.0.1:13783]' for 'GET' to 'http://localhost:13783/session/ef39548d4cdc6f80f041b0e4fed7ab9d/element/C888729B4BB0AA119AB157560DE0BE97_element_13/name'
19:22:04.484 [Forwarding getElementTagName on session ef39548d4cdc6f80f041b0e4fed7ab9d to remote] DEBUG org.asynchttpclient.netty.request.NettyRequestSender - Using open Channel [id: 0xd1eda6a8, L:/127.0.0.1:51609 - R:localhost/127.0.0.1:13783] for GET '/session/ef39548d4cdc6f80f041b0e4fed7ab9d/element/C888729B4BB0AA119AB157560DE0BE97_element_13/name'
19:22:04.490 [AsyncHttpClient-1-23] DEBUG org.asynchttpclient.netty.handler.HttpHandler - 

Request DefaultFullHttpRequest(decodeResult: success, version: HTTP/1.1, content: EmptyByteBufBE)
GET /session/ef39548d4cdc6f80f041b0e4fed7ab9d/element/C888729B4BB0AA119AB157560DE0BE97_element_13/name HTTP/1.1
User-Agent: selenium/4.8.1 (java windows)
Cache-Control: no-cache
Content-Type: application/json; charset=utf-8
host: localhost:13783
accept: */*

Response DefaultHttpResponse(decodeResult: success, version: HTTP/1.1)
HTTP/1.1 200 OK
Content-Length: 13
Content-Type: application/json; charset=utf-8
cache-control: no-cache

19:22:04.490 [AsyncHttpClient-1-23] DEBUG org.asynchttpclient.netty.channel.ChannelManager - Adding key: http://localhost:13783 for channel [id: 0xd1eda6a8, L:/127.0.0.1:51609 - R:localhost/127.0.0.1:13783]
19:22:04.492 [Forwarding findElement on session ef39548d4cdc6f80f041b0e4fed7ab9d to remote] DEBUG org.asynchttpclient.netty.request.NettyRequestSender - Using pooled Channel '[id: 0xd1eda6a8, L:/127.0.0.1:51609 - R:localhost/127.0.0.1:13783]' for 'POST' to 'http://localhost:13783/session/ef39548d4cdc6f80f041b0e4fed7ab9d/element'
19:22:04.492 [Forwarding findElement on session ef39548d4cdc6f80f041b0e4fed7ab9d to remote] DEBUG org.asynchttpclient.netty.request.NettyRequestSender - Using open Channel [id: 0xd1eda6a8, L:/127.0.0.1:51609 - R:localhost/127.0.0.1:13783] for POST '/session/ef39548d4cdc6f80f041b0e4fed7ab9d/element'
19:22:04.499 [AsyncHttpClient-1-23] DEBUG org.asynchttpclient.netty.handler.HttpHandler - 

Request DefaultHttpRequest(decodeResult: success, version: HTTP/1.1)
POST /session/ef39548d4cdc6f80f041b0e4fed7ab9d/element HTTP/1.1
User-Agent: selenium/4.8.1 (java windows)
Content-Length: 65
Content-Type: application/json; charset=utf-8
host: localhost:13783
accept: */*

Response DefaultHttpResponse(decodeResult: success, version: HTTP/1.1)
HTTP/1.1 200 OK
Content-Length: 95
Content-Type: application/json; charset=utf-8
cache-control: no-cache

19:22:04.499 [AsyncHttpClient-1-23] DEBUG org.asynchttpclient.netty.channel.ChannelManager - Adding key: http://localhost:13783 for channel [id: 0xd1eda6a8, L:/127.0.0.1:51609 - R:localhost/127.0.0.1:13783]
19:22:04.500 [Forwarding clickElement on session ef39548d4cdc6f80f041b0e4fed7ab9d to remote] DEBUG org.asynchttpclient.netty.request.NettyRequestSender - Using pooled Channel '[id: 0xd1eda6a8, L:/127.0.0.1:51609 - R:localhost/127.0.0.1:13783]' for 'POST' to 'http://localhost:13783/session/ef39548d4cdc6f80f041b0e4fed7ab9d/element/C888729B4BB0AA119AB157560DE0BE97_element_13/click'
19:22:04.500 [Forwarding clickElement on session ef39548d4cdc6f80f041b0e4fed7ab9d to remote] DEBUG org.asynchttpclient.netty.request.NettyRequestSender - Using open Channel [id: 0xd1eda6a8, L:/127.0.0.1:51609 - R:localhost/127.0.0.1:13783] for POST '/session/ef39548d4cdc6f80f041b0e4fed7ab9d/element/C888729B4BB0AA119AB157560DE0BE97_element_13/click'
19:22:04.853 [AsyncHttpClient-1-23] DEBUG org.asynchttpclient.netty.handler.HttpHandler - 

Request DefaultHttpRequest(decodeResult: success, version: HTTP/1.1)
POST /session/ef39548d4cdc6f80f041b0e4fed7ab9d/element/C888729B4BB0AA119AB157560DE0BE97_element_13/click HTTP/1.1
User-Agent: selenium/4.8.1 (java windows)
Content-Length: 57
Content-Type: application/json; charset=utf-8
host: localhost:13783
accept: */*

Response DefaultHttpResponse(decodeResult: success, version: HTTP/1.1)
HTTP/1.1 200 OK
Content-Length: 14
Content-Type: application/json; charset=utf-8
cache-control: no-cache

19:22:04.854 [AsyncHttpClient-1-23] DEBUG org.asynchttpclient.netty.channel.ChannelManager - Adding key: http://localhost:13783 for channel [id: 0xd1eda6a8, L:/127.0.0.1:51609 - R:localhost/127.0.0.1:13783]
19:22:04.862 [Forwarding getAlertText on session ef39548d4cdc6f80f041b0e4fed7ab9d to remote] DEBUG org.asynchttpclient.netty.request.NettyRequestSender - Using pooled Channel '[id: 0xd1eda6a8, L:/127.0.0.1:51609 - R:localhost/127.0.0.1:13783]' for 'GET' to 'http://localhost:13783/session/ef39548d4cdc6f80f041b0e4fed7ab9d/alert/text'
19:22:04.862 [Forwarding getAlertText on session ef39548d4cdc6f80f041b0e4fed7ab9d to remote] DEBUG org.asynchttpclient.netty.request.NettyRequestSender - Using open Channel [id: 0xd1eda6a8, L:/127.0.0.1:51609 - R:localhost/127.0.0.1:13783] for GET '/session/ef39548d4cdc6f80f041b0e4fed7ab9d/alert/text'
19:22:04.905 [AsyncHttpClient-1-23] DEBUG org.asynchttpclient.netty.handler.HttpHandler - 

Request DefaultFullHttpRequest(decodeResult: success, version: HTTP/1.1, content: EmptyByteBufBE)
GET /session/ef39548d4cdc6f80f041b0e4fed7ab9d/alert/text HTTP/1.1
User-Agent: selenium/4.8.1 (java windows)
Cache-Control: no-cache
Content-Type: application/json; charset=utf-8
host: localhost:13783
accept: */*

Response DefaultHttpResponse(decodeResult: success, version: HTTP/1.1)
HTTP/1.1 404 Not Found
Content-Length: 847
Content-Type: application/json; charset=utf-8
cache-control: no-cache

19:22:04.905 [AsyncHttpClient-1-23] DEBUG org.asynchttpclient.netty.channel.ChannelManager - Adding key: http://localhost:13783 for channel [id: 0xd1eda6a8, L:/127.0.0.1:51609 - R:localhost/127.0.0.1:13783]
19:22:04.905 [Forwarding getCurrentUrl on session ef39548d4cdc6f80f041b0e4fed7ab9d to remote] DEBUG org.asynchttpclient.netty.request.NettyRequestSender - Using pooled Channel '[id: 0xd1eda6a8, L:/127.0.0.1:51609 - R:localhost/127.0.0.1:13783]' for 'GET' to 'http://localhost:13783/session/ef39548d4cdc6f80f041b0e4fed7ab9d/url'
19:22:04.906 [Forwarding getCurrentUrl on session ef39548d4cdc6f80f041b0e4fed7ab9d to remote] DEBUG org.asynchttpclient.netty.request.NettyRequestSender - Using open Channel [id: 0xd1eda6a8, L:/127.0.0.1:51609 - R:localhost/127.0.0.1:13783] for GET '/session/ef39548d4cdc6f80f041b0e4fed7ab9d/url'
19:22:05.399 [AsyncHttpClient-1-1] DEBUG org.asynchttpclient.netty.channel.DefaultChannelPool - Entry count for : http://localhost:51610 : 1
19:22:06.497 [AsyncHttpClient-1-1] DEBUG org.asynchttpclient.netty.channel.DefaultChannelPool - Entry count for : http://localhost:51610 : 1
19:22:07.597 [AsyncHttpClient-1-1] DEBUG org.asynchttpclient.netty.channel.DefaultChannelPool - Entry count for : http://localhost:51610 : 1
19:22:08.697 [AsyncHttpClient-1-1] DEBUG org.asynchttpclient.netty.channel.DefaultChannelPool - Entry count for : http://localhost:51610 : 1
19:22:09.798 [AsyncHttpClient-1-1] DEBUG org.asynchttpclient.netty.channel.DefaultChannelPool - Entry count for : http://localhost:51610 : 1
19:22:10.900 [AsyncHttpClient-1-1] DEBUG org.asynchttpclient.netty.channel.DefaultChannelPool - Entry count for : http://localhost:51610 : 1
19:22:11.998 [AsyncHttpClient-1-1] DEBUG org.asynchttpclient.netty.channel.DefaultChannelPool - Entry count for : http://localhost:51610 : 1
19:22:13.103 [AsyncHttpClient-1-1] DEBUG org.asynchttpclient.netty.channel.DefaultChannelPool - Entry count for : http://localhost:51610 : 1
19:22:14.200 [AsyncHttpClient-1-1] DEBUG org.asynchttpclient.netty.channel.DefaultChannelPool - Entry count for : http://localhost:51610 : 1
19:22:15.031 [AsyncHttpClient-1-23] DEBUG org.asynchttpclient.netty.handler.HttpHandler - 

Request DefaultFullHttpRequest(decodeResult: success, version: HTTP/1.1, content: EmptyByteBufBE)
GET /session/ef39548d4cdc6f80f041b0e4fed7ab9d/url HTTP/1.1
User-Agent: selenium/4.8.1 (java windows)
Cache-Control: no-cache
Content-Type: application/json; charset=utf-8
host: localhost:13783
accept: */*

Response DefaultHttpResponse(decodeResult: success, version: HTTP/1.1)
HTTP/1.1 200 OK
Content-Length: 46
Content-Type: application/json; charset=utf-8
cache-control: no-cache

19:22:15.031 [AsyncHttpClient-1-23] DEBUG org.asynchttpclient.netty.channel.ChannelManager - Adding key: http://localhost:13783 for channel [id: 0xd1eda6a8, L:/127.0.0.1:51609 - R:localhost/127.0.0.1:13783]
19:22:15.032 [Forwarding screenshot on session ef39548d4cdc6f80f041b0e4fed7ab9d to remote] DEBUG org.asynchttpclient.netty.request.NettyRequestSender - Using pooled Channel '[id: 0xd1eda6a8, L:/127.0.0.1:51609 - R:localhost/127.0.0.1:13783]' for 'GET' to 'http://localhost:13783/session/ef39548d4cdc6f80f041b0e4fed7ab9d/screenshot'
19:22:15.032 [Forwarding screenshot on session ef39548d4cdc6f80f041b0e4fed7ab9d to remote] DEBUG org.asynchttpclient.netty.request.NettyRequestSender - Using open Channel [id: 0xd1eda6a8, L:/127.0.0.1:51609 - R:localhost/127.0.0.1:13783] for GET '/session/ef39548d4cdc6f80f041b0e4fed7ab9d/screenshot'
19:22:15.142 [AsyncHttpClient-1-23] DEBUG org.asynchttpclient.netty.handler.HttpHandler - 

Request DefaultFullHttpRequest(decodeResult: success, version: HTTP/1.1, content: EmptyByteBufBE)
GET /session/ef39548d4cdc6f80f041b0e4fed7ab9d/screenshot HTTP/1.1
User-Agent: selenium/4.8.1 (java windows)
Cache-Control: no-cache
Content-Type: application/json; charset=utf-8
host: localhost:13783
accept: */*

Response DefaultHttpResponse(decodeResult: success, version: HTTP/1.1)
HTTP/1.1 200 OK
Content-Length: 39124
Content-Type: application/json; charset=utf-8
cache-control: no-cache

19:22:15.142 [AsyncHttpClient-1-23] DEBUG org.asynchttpclient.netty.channel.ChannelManager - Adding key: http://localhost:13783 for channel [id: 0xd1eda6a8, L:/127.0.0.1:51609 - R:localhost/127.0.0.1:13783]
19:22:15.144 [main] DEBUG net.serenitybdd.core.photography.Darkroom - Send negative for processing for target\site\serenity\fcd7cd082f3432e068e48d49011fbb85143285a0f0c53a63368187fdfdc050f8.png
19:22:15.144 [main] DEBUG net.thucydides.core.steps.StepInterceptor - STEP DONE: clickCartIcon
19:22:15.144 [Darkroom Processing Line] DEBUG net.serenitybdd.core.photography.DarkroomProcessingLine - Processing screenshot image in /var/screenshots/screenshot-15806294895718278721
19:22:15.144 [Darkroom Processing Line] DEBUG net.serenitybdd.core.photography.DarkroomProcessingLine - Saving screenshot to target\site\serenity\fcd7cd082f3432e068e48d49011fbb85143285a0f0c53a63368187fdfdc050f8.png
  &amp#27;[32mAnd &amp#27;[0m&amp#27;[32mI click cart icon&amp#27;[0m                                   &amp#27;[90m# starter.stepdefinitions.TransactionSteps.clickCartIcon()&amp#27;[0m
19:22:15.155 [Forwarding getPageSource on session ef39548d4cdc6f80f041b0e4fed7ab9d to remote] DEBUG org.asynchttpclient.netty.request.NettyRequestSender - Using pooled Channel '[id: 0xd1eda6a8, L:/127.0.0.1:51609 - R:localhost/127.0.0.1:13783]' for 'POST' to 'http://localhost:13783/session/ef39548d4cdc6f80f041b0e4fed7ab9d/execute/sync'
19:22:15.155 [Forwarding getPageSource on session ef39548d4cdc6f80f041b0e4fed7ab9d to remote] DEBUG org.asynchttpclient.netty.request.NettyRequestSender - Using open Channel [id: 0xd1eda6a8, L:/127.0.0.1:51609 - R:localhost/127.0.0.1:13783] for POST '/session/ef39548d4cdc6f80f041b0e4fed7ab9d/execute/sync'
19:22:15.183 [AsyncHttpClient-1-23] DEBUG org.asynchttpclient.netty.handler.HttpHandler - 

Request DefaultHttpRequest(decodeResult: success, version: HTTP/1.1)
POST /session/ef39548d4cdc6f80f041b0e4fed7ab9d/execute/sync HTTP/1.1
User-Agent: selenium/4.8.1 (java windows)
Content-Length: 176
Content-Type: application/json; charset=utf-8
host: localhost:13783
accept: */*

Response DefaultHttpResponse(decodeResult: success, version: HTTP/1.1)
HTTP/1.1 200 OK
Content-Length: 21960
Content-Type: application/json; charset=utf-8
cache-control: no-cache

19:22:15.184 [AsyncHttpClient-1-23] DEBUG org.asynchttpclient.netty.channel.ChannelManager - Adding key: http://localhost:13783 for channel [id: 0xd1eda6a8, L:/127.0.0.1:51609 - R:localhost/127.0.0.1:13783]
19:22:15.186 [Forwarding getCurrentUrl on session ef39548d4cdc6f80f041b0e4fed7ab9d to remote] DEBUG org.asynchttpclient.netty.request.NettyRequestSender - Using pooled Channel '[id: 0xd1eda6a8, L:/127.0.0.1:51609 - R:localhost/127.0.0.1:13783]' for 'GET' to 'http://localhost:13783/session/ef39548d4cdc6f80f041b0e4fed7ab9d/url'
19:22:15.186 [Forwarding getCurrentUrl on session ef39548d4cdc6f80f041b0e4fed7ab9d to remote] DEBUG org.asynchttpclient.netty.request.NettyRequestSender - Using open Channel [id: 0xd1eda6a8, L:/127.0.0.1:51609 - R:localhost/127.0.0.1:13783] for GET '/session/ef39548d4cdc6f80f041b0e4fed7ab9d/url'
19:22:15.191 [AsyncHttpClient-1-23] DEBUG org.asynchttpclient.netty.handler.HttpHandler - 

Request DefaultFullHttpRequest(decodeResult: success, version: HTTP/1.1, content: EmptyByteBufBE)
GET /session/ef39548d4cdc6f80f041b0e4fed7ab9d/url HTTP/1.1
User-Agent: selenium/4.8.1 (java windows)
Cache-Control: no-cache
Content-Type: application/json; charset=utf-8
host: localhost:13783
accept: */*

Response DefaultHttpResponse(decodeResult: success, version: HTTP/1.1)
HTTP/1.1 200 OK
Content-Length: 46
Content-Type: application/json; charset=utf-8
cache-control: no-cache

19:22:15.191 [AsyncHttpClient-1-23] DEBUG org.asynchttpclient.netty.channel.ChannelManager - Adding key: http://localhost:13783 for channel [id: 0xd1eda6a8, L:/127.0.0.1:51609 - R:localhost/127.0.0.1:13783]
19:22:15.203 [Forwarding getAlertText on session ef39548d4cdc6f80f041b0e4fed7ab9d to remote] DEBUG org.asynchttpclient.netty.request.NettyRequestSender - Using pooled Channel '[id: 0xd1eda6a8, L:/127.0.0.1:51609 - R:localhost/127.0.0.1:13783]' for 'GET' to 'http://localhost:13783/session/ef39548d4cdc6f80f041b0e4fed7ab9d/alert/text'
19:22:15.203 [Forwarding getAlertText on session ef39548d4cdc6f80f041b0e4fed7ab9d to remote] DEBUG org.asynchttpclient.netty.request.NettyRequestSender - Using open Channel [id: 0xd1eda6a8, L:/127.0.0.1:51609 - R:localhost/127.0.0.1:13783] for GET '/session/ef39548d4cdc6f80f041b0e4fed7ab9d/alert/text'
19:22:15.204 [AsyncHttpClient-1-23] DEBUG org.asynchttpclient.netty.handler.HttpHandler - 

Request DefaultFullHttpRequest(decodeResult: success, version: HTTP/1.1, content: EmptyByteBufBE)
GET /session/ef39548d4cdc6f80f041b0e4fed7ab9d/alert/text HTTP/1.1
User-Agent: selenium/4.8.1 (java windows)
Cache-Control: no-cache
Content-Type: application/json; charset=utf-8
host: localhost:13783
accept: */*

Response DefaultHttpResponse(decodeResult: success, version: HTTP/1.1)
HTTP/1.1 404 Not Found
Content-Length: 847
Content-Type: application/json; charset=utf-8
cache-control: no-cache

19:22:15.204 [AsyncHttpClient-1-23] DEBUG org.asynchttpclient.netty.channel.ChannelManager - Adding key: http://localhost:13783 for channel [id: 0xd1eda6a8, L:/127.0.0.1:51609 - R:localhost/127.0.0.1:13783]
19:22:15.206 [Forwarding getCurrentUrl on session ef39548d4cdc6f80f041b0e4fed7ab9d to remote] DEBUG org.asynchttpclient.netty.request.NettyRequestSender - Using pooled Channel '[id: 0xd1eda6a8, L:/127.0.0.1:51609 - R:localhost/127.0.0.1:13783]' for 'GET' to 'http://localhost:13783/session/ef39548d4cdc6f80f041b0e4fed7ab9d/url'
19:22:15.206 [Forwarding getCurrentUrl on session ef39548d4cdc6f80f041b0e4fed7ab9d to remote] DEBUG org.asynchttpclient.netty.request.NettyRequestSender - Using open Channel [id: 0xd1eda6a8, L:/127.0.0.1:51609 - R:localhost/127.0.0.1:13783] for GET '/session/ef39548d4cdc6f80f041b0e4fed7ab9d/url'
19:22:15.211 [AsyncHttpClient-1-23] DEBUG org.asynchttpclient.netty.handler.HttpHandler - 

Request DefaultFullHttpRequest(decodeResult: success, version: HTTP/1.1, content: EmptyByteBufBE)
GET /session/ef39548d4cdc6f80f041b0e4fed7ab9d/url HTTP/1.1
User-Agent: selenium/4.8.1 (java windows)
Cache-Control: no-cache
Content-Type: application/json; charset=utf-8
host: localhost:13783
accept: */*

Response DefaultHttpResponse(decodeResult: success, version: HTTP/1.1)
HTTP/1.1 200 OK
Content-Length: 46
Content-Type: application/json; charset=utf-8
cache-control: no-cache

19:22:15.211 [AsyncHttpClient-1-23] DEBUG org.asynchttpclient.netty.channel.ChannelManager - Adding key: http://localhost:13783 for channel [id: 0xd1eda6a8, L:/127.0.0.1:51609 - R:localhost/127.0.0.1:13783]
19:22:15.211 [Forwarding screenshot on session ef39548d4cdc6f80f041b0e4fed7ab9d to remote] DEBUG org.asynchttpclient.netty.request.NettyRequestSender - Using pooled Channel '[id: 0xd1eda6a8, L:/127.0.0.1:51609 - R:localhost/127.0.0.1:13783]' for 'GET' to 'http://localhost:13783/session/ef39548d4cdc6f80f041b0e4fed7ab9d/screenshot'
19:22:15.211 [Forwarding screenshot on session ef39548d4cdc6f80f041b0e4fed7ab9d to remote] DEBUG org.asynchttpclient.netty.request.NettyRequestSender - Using open Channel [id: 0xd1eda6a8, L:/127.0.0.1:51609 - R:localhost/127.0.0.1:13783] for GET '/session/ef39548d4cdc6f80f041b0e4fed7ab9d/screenshot'
19:22:15.297 [AsyncHttpClient-1-1] DEBUG org.asynchttpclient.netty.channel.DefaultChannelPool - Entry count for : http://localhost:51610 : 1
19:22:15.313 [AsyncHttpClient-1-23] DEBUG org.asynchttpclient.netty.handler.HttpHandler - 

Request DefaultFullHttpRequest(decodeResult: success, version: HTTP/1.1, content: EmptyByteBufBE)
GET /session/ef39548d4cdc6f80f041b0e4fed7ab9d/screenshot HTTP/1.1
User-Agent: selenium/4.8.1 (java windows)
Cache-Control: no-cache
Content-Type: application/json; charset=utf-8
host: localhost:13783
accept: */*

Response DefaultHttpResponse(decodeResult: success, version: HTTP/1.1)
HTTP/1.1 200 OK
Content-Length: 38128
Content-Type: application/json; charset=utf-8
cache-control: no-cache

19:22:15.313 [AsyncHttpClient-1-23] DEBUG org.asynchttpclient.netty.channel.ChannelManager - Adding key: http://localhost:13783 for channel [id: 0xd1eda6a8, L:/127.0.0.1:51609 - R:localhost/127.0.0.1:13783]
19:22:15.315 [main] DEBUG net.serenitybdd.core.photography.Darkroom - Send negative for processing for target\site\serenity\4bbb03b534e0624d0d7fa99c3fcd72ad068d31986792989fa81ec86d65c0782d.png
19:22:15.315 [Darkroom Processing Line] DEBUG net.serenitybdd.core.photography.DarkroomProcessingLine - Processing screenshot image in /var/screenshots/screenshot-4566964334006854234
19:22:15.315 [Darkroom Processing Line] DEBUG net.serenitybdd.core.photography.DarkroomProcessingLine - Saving screenshot to target\site\serenity\4bbb03b534e0624d0d7fa99c3fcd72ad068d31986792989fa81ec86d65c0782d.png
19:22:15.316 [Forwarding getPageSource on session ef39548d4cdc6f80f041b0e4fed7ab9d to remote] DEBUG org.asynchttpclient.netty.request.NettyRequestSender - Using pooled Channel '[id: 0xd1eda6a8, L:/127.0.0.1:51609 - R:localhost/127.0.0.1:13783]' for 'POST' to 'http://localhost:13783/session/ef39548d4cdc6f80f041b0e4fed7ab9d/execute/sync'
19:22:15.316 [Forwarding getPageSource on session ef39548d4cdc6f80f041b0e4fed7ab9d to remote] DEBUG org.asynchttpclient.netty.request.NettyRequestSender - Using open Channel [id: 0xd1eda6a8, L:/127.0.0.1:51609 - R:localhost/127.0.0.1:13783] for POST '/session/ef39548d4cdc6f80f041b0e4fed7ab9d/execute/sync'
19:22:15.321 [AsyncHttpClient-1-23] DEBUG org.asynchttpclient.netty.handler.HttpHandler - 

Request DefaultHttpRequest(decodeResult: success, version: HTTP/1.1)
POST /session/ef39548d4cdc6f80f041b0e4fed7ab9d/execute/sync HTTP/1.1
User-Agent: selenium/4.8.1 (java windows)
Content-Length: 176
Content-Type: application/json; charset=utf-8
host: localhost:13783
accept: */*

Response DefaultHttpResponse(decodeResult: success, version: HTTP/1.1)
HTTP/1.1 200 OK
Content-Length: 21960
Content-Type: application/json; charset=utf-8
cache-control: no-cache

19:22:15.322 [AsyncHttpClient-1-23] DEBUG org.asynchttpclient.netty.channel.ChannelManager - Adding key: http://localhost:13783 for channel [id: 0xd1eda6a8, L:/127.0.0.1:51609 - R:localhost/127.0.0.1:13783]
19:22:15.323 [Forwarding getCurrentUrl on session ef39548d4cdc6f80f041b0e4fed7ab9d to remote] DEBUG org.asynchttpclient.netty.request.NettyRequestSender - Using pooled Channel '[id: 0xd1eda6a8, L:/127.0.0.1:51609 - R:localhost/127.0.0.1:13783]' for 'GET' to 'http://localhost:13783/session/ef39548d4cdc6f80f041b0e4fed7ab9d/url'
19:22:15.323 [Forwarding getCurrentUrl on session ef39548d4cdc6f80f041b0e4fed7ab9d to remote] DEBUG org.asynchttpclient.netty.request.NettyRequestSender - Using open Channel [id: 0xd1eda6a8, L:/127.0.0.1:51609 - R:localhost/127.0.0.1:13783] for GET '/session/ef39548d4cdc6f80f041b0e4fed7ab9d/url'
19:22:15.327 [AsyncHttpClient-1-23] DEBUG org.asynchttpclient.netty.handler.HttpHandler - 

Request DefaultFullHttpRequest(decodeResult: success, version: HTTP/1.1, content: EmptyByteBufBE)
GET /session/ef39548d4cdc6f80f041b0e4fed7ab9d/url HTTP/1.1
User-Agent: selenium/4.8.1 (java windows)
Cache-Control: no-cache
Content-Type: application/json; charset=utf-8
host: localhost:13783
accept: */*

Response DefaultHttpResponse(decodeResult: success, version: HTTP/1.1)
HTTP/1.1 200 OK
Content-Length: 46
Content-Type: application/json; charset=utf-8
cache-control: no-cache

19:22:15.327 [AsyncHttpClient-1-23] DEBUG org.asynchttpclient.netty.channel.ChannelManager - Adding key: http://localhost:13783 for channel [id: 0xd1eda6a8, L:/127.0.0.1:51609 - R:localhost/127.0.0.1:13783]
19:22:15.330 [main] DEBUG net.thucydides.core.steps.StepInterceptor - STARTING STEP: TransactionSteps.clickBayarButton - clickBayarButton
19:22:15.332 [Forwarding findElement on session ef39548d4cdc6f80f041b0e4fed7ab9d to remote] DEBUG org.asynchttpclient.netty.request.NettyRequestSender - Using pooled Channel '[id: 0xd1eda6a8, L:/127.0.0.1:51609 - R:localhost/127.0.0.1:13783]' for 'POST' to 'http://localhost:13783/session/ef39548d4cdc6f80f041b0e4fed7ab9d/element'
19:22:15.332 [Forwarding findElement on session ef39548d4cdc6f80f041b0e4fed7ab9d to remote] DEBUG org.asynchttpclient.netty.request.NettyRequestSender - Using open Channel [id: 0xd1eda6a8, L:/127.0.0.1:51609 - R:localhost/127.0.0.1:13783] for POST '/session/ef39548d4cdc6f80f041b0e4fed7ab9d/element'
19:22:15.349 [AsyncHttpClient-1-23] DEBUG org.asynchttpclient.netty.handler.HttpHandler - 

Request DefaultHttpRequest(decodeResult: success, version: HTTP/1.1)
POST /session/ef39548d4cdc6f80f041b0e4fed7ab9d/element HTTP/1.1
User-Agent: selenium/4.8.1 (java windows)
Content-Length: 59
Content-Type: application/json; charset=utf-8
host: localhost:13783
accept: */*

Response DefaultHttpResponse(decodeResult: success, version: HTTP/1.1)
HTTP/1.1 200 OK
Content-Length: 95
Content-Type: application/json; charset=utf-8
cache-control: no-cache

19:22:15.349 [AsyncHttpClient-1-23] DEBUG org.asynchttpclient.netty.channel.ChannelManager - Adding key: http://localhost:13783 for channel [id: 0xd1eda6a8, L:/127.0.0.1:51609 - R:localhost/127.0.0.1:13783]
19:22:15.349 [Forwarding getElementTagName on session ef39548d4cdc6f80f041b0e4fed7ab9d to remote] DEBUG org.asynchttpclient.netty.request.NettyRequestSender - Using pooled Channel '[id: 0xd1eda6a8, L:/127.0.0.1:51609 - R:localhost/127.0.0.1:13783]' for 'GET' to 'http://localhost:13783/session/ef39548d4cdc6f80f041b0e4fed7ab9d/element/C888729B4BB0AA119AB157560DE0BE97_element_15/name'
19:22:15.349 [Forwarding getElementTagName on session ef39548d4cdc6f80f041b0e4fed7ab9d to remote] DEBUG org.asynchttpclient.netty.request.NettyRequestSender - Using open Channel [id: 0xd1eda6a8, L:/127.0.0.1:51609 - R:localhost/127.0.0.1:13783] for GET '/session/ef39548d4cdc6f80f041b0e4fed7ab9d/element/C888729B4BB0AA119AB157560DE0BE97_element_15/name'
19:22:15.355 [AsyncHttpClient-1-23] DEBUG org.asynchttpclient.netty.handler.HttpHandler - 

Request DefaultFullHttpRequest(decodeResult: success, version: HTTP/1.1, content: EmptyByteBufBE)
GET /session/ef39548d4cdc6f80f041b0e4fed7ab9d/element/C888729B4BB0AA119AB157560DE0BE97_element_15/name HTTP/1.1
User-Agent: selenium/4.8.1 (java windows)
Cache-Control: no-cache
Content-Type: application/json; charset=utf-8
host: localhost:13783
accept: */*

Response DefaultHttpResponse(decodeResult: success, version: HTTP/1.1)
HTTP/1.1 200 OK
Content-Length: 18
Content-Type: application/json; charset=utf-8
cache-control: no-cache

19:22:15.355 [AsyncHttpClient-1-23] DEBUG org.asynchttpclient.netty.channel.ChannelManager - Adding key: http://localhost:13783 for channel [id: 0xd1eda6a8, L:/127.0.0.1:51609 - R:localhost/127.0.0.1:13783]
19:22:15.356 [Forwarding getElementTagName on session ef39548d4cdc6f80f041b0e4fed7ab9d to remote] DEBUG org.asynchttpclient.netty.request.NettyRequestSender - Using pooled Channel '[id: 0xd1eda6a8, L:/127.0.0.1:51609 - R:localhost/127.0.0.1:13783]' for 'GET' to 'http://localhost:13783/session/ef39548d4cdc6f80f041b0e4fed7ab9d/element/C888729B4BB0AA119AB157560DE0BE97_element_15/name'
19:22:15.356 [Forwarding getElementTagName on session ef39548d4cdc6f80f041b0e4fed7ab9d to remote] DEBUG org.asynchttpclient.netty.request.NettyRequestSender - Using open Channel [id: 0xd1eda6a8, L:/127.0.0.1:51609 - R:localhost/127.0.0.1:13783] for GET '/session/ef39548d4cdc6f80f041b0e4fed7ab9d/element/C888729B4BB0AA119AB157560DE0BE97_element_15/name'
19:22:15.360 [AsyncHttpClient-1-23] DEBUG org.asynchttpclient.netty.handler.HttpHandler - 

Request DefaultFullHttpRequest(decodeResult: success, version: HTTP/1.1, content: EmptyByteBufBE)
GET /session/ef39548d4cdc6f80f041b0e4fed7ab9d/element/C888729B4BB0AA119AB157560DE0BE97_element_15/name HTTP/1.1
User-Agent: selenium/4.8.1 (java windows)
Cache-Control: no-cache
Content-Type: application/json; charset=utf-8
host: localhost:13783
accept: */*

Response DefaultHttpResponse(decodeResult: success, version: HTTP/1.1)
HTTP/1.1 200 OK
Content-Length: 18
Content-Type: application/json; charset=utf-8
cache-control: no-cache

19:22:15.360 [AsyncHttpClient-1-23] DEBUG org.asynchttpclient.netty.channel.ChannelManager - Adding key: http://localhost:13783 for channel [id: 0xd1eda6a8, L:/127.0.0.1:51609 - R:localhost/127.0.0.1:13783]
19:22:15.362 [Forwarding isElementEnabled on session ef39548d4cdc6f80f041b0e4fed7ab9d to remote] DEBUG org.asynchttpclient.netty.request.NettyRequestSender - Using pooled Channel '[id: 0xd1eda6a8, L:/127.0.0.1:51609 - R:localhost/127.0.0.1:13783]' for 'GET' to 'http://localhost:13783/session/ef39548d4cdc6f80f041b0e4fed7ab9d/element/C888729B4BB0AA119AB157560DE0BE97_element_15/enabled'
19:22:15.362 [Forwarding isElementEnabled on session ef39548d4cdc6f80f041b0e4fed7ab9d to remote] DEBUG org.asynchttpclient.netty.request.NettyRequestSender - Using open Channel [id: 0xd1eda6a8, L:/127.0.0.1:51609 - R:localhost/127.0.0.1:13783] for GET '/session/ef39548d4cdc6f80f041b0e4fed7ab9d/element/C888729B4BB0AA119AB157560DE0BE97_element_15/enabled'
19:22:15.370 [AsyncHttpClient-1-23] DEBUG org.asynchttpclient.netty.handler.HttpHandler - 

Request DefaultFullHttpRequest(decodeResult: success, version: HTTP/1.1, content: EmptyByteBufBE)
GET /session/ef39548d4cdc6f80f041b0e4fed7ab9d/element/C888729B4BB0AA119AB157560DE0BE97_element_15/enabled HTTP/1.1
User-Agent: selenium/4.8.1 (java windows)
Cache-Control: no-cache
Content-Type: application/json; charset=utf-8
host: localhost:13783
accept: */*

Response DefaultHttpResponse(decodeResult: success, version: HTTP/1.1)
HTTP/1.1 200 OK
Content-Length: 14
Content-Type: application/json; charset=utf-8
cache-control: no-cache

19:22:15.370 [AsyncHttpClient-1-23] DEBUG org.asynchttpclient.netty.channel.ChannelManager - Adding key: http://localhost:13783 for channel [id: 0xd1eda6a8, L:/127.0.0.1:51609 - R:localhost/127.0.0.1:13783]
19:22:15.371 [Forwarding isElementEnabled on session ef39548d4cdc6f80f041b0e4fed7ab9d to remote] DEBUG org.asynchttpclient.netty.request.NettyRequestSender - Using pooled Channel '[id: 0xd1eda6a8, L:/127.0.0.1:51609 - R:localhost/127.0.0.1:13783]' for 'GET' to 'http://localhost:13783/session/ef39548d4cdc6f80f041b0e4fed7ab9d/element/C888729B4BB0AA119AB157560DE0BE97_element_15/enabled'
19:22:15.371 [Forwarding isElementEnabled on session ef39548d4cdc6f80f041b0e4fed7ab9d to remote] DEBUG org.asynchttpclient.netty.request.NettyRequestSender - Using open Channel [id: 0xd1eda6a8, L:/127.0.0.1:51609 - R:localhost/127.0.0.1:13783] for GET '/session/ef39548d4cdc6f80f041b0e4fed7ab9d/element/C888729B4BB0AA119AB157560DE0BE97_element_15/enabled'
19:22:15.378 [AsyncHttpClient-1-23] DEBUG org.asynchttpclient.netty.handler.HttpHandler - 

Request DefaultFullHttpRequest(decodeResult: success, version: HTTP/1.1, content: EmptyByteBufBE)
GET /session/ef39548d4cdc6f80f041b0e4fed7ab9d/element/C888729B4BB0AA119AB157560DE0BE97_element_15/enabled HTTP/1.1
User-Agent: selenium/4.8.1 (java windows)
Cache-Control: no-cache
Content-Type: application/json; charset=utf-8
host: localhost:13783
accept: */*

Response DefaultHttpResponse(decodeResult: success, version: HTTP/1.1)
HTTP/1.1 200 OK
Content-Length: 14
Content-Type: application/json; charset=utf-8
cache-control: no-cache

19:22:15.378 [AsyncHttpClient-1-23] DEBUG org.asynchttpclient.netty.channel.ChannelManager - Adding key: http://localhost:13783 for channel [id: 0xd1eda6a8, L:/127.0.0.1:51609 - R:localhost/127.0.0.1:13783]
19:22:15.379 [Forwarding findElement on session ef39548d4cdc6f80f041b0e4fed7ab9d to remote] DEBUG org.asynchttpclient.netty.request.NettyRequestSender - Using pooled Channel '[id: 0xd1eda6a8, L:/127.0.0.1:51609 - R:localhost/127.0.0.1:13783]' for 'POST' to 'http://localhost:13783/session/ef39548d4cdc6f80f041b0e4fed7ab9d/element'
19:22:15.379 [Forwarding findElement on session ef39548d4cdc6f80f041b0e4fed7ab9d to remote] DEBUG org.asynchttpclient.netty.request.NettyRequestSender - Using open Channel [id: 0xd1eda6a8, L:/127.0.0.1:51609 - R:localhost/127.0.0.1:13783] for POST '/session/ef39548d4cdc6f80f041b0e4fed7ab9d/element'
19:22:15.388 [AsyncHttpClient-1-23] DEBUG org.asynchttpclient.netty.handler.HttpHandler - 

Request DefaultHttpRequest(decodeResult: success, version: HTTP/1.1)
POST /session/ef39548d4cdc6f80f041b0e4fed7ab9d/element HTTP/1.1
User-Agent: selenium/4.8.1 (java windows)
Content-Length: 59
Content-Type: application/json; charset=utf-8
host: localhost:13783
accept: */*

Response DefaultHttpResponse(decodeResult: success, version: HTTP/1.1)
HTTP/1.1 200 OK
Content-Length: 95
Content-Type: application/json; charset=utf-8
cache-control: no-cache

19:22:15.388 [AsyncHttpClient-1-23] DEBUG org.asynchttpclient.netty.channel.ChannelManager - Adding key: http://localhost:13783 for channel [id: 0xd1eda6a8, L:/127.0.0.1:51609 - R:localhost/127.0.0.1:13783]
19:22:15.390 [Forwarding clickElement on session ef39548d4cdc6f80f041b0e4fed7ab9d to remote] DEBUG org.asynchttpclient.netty.request.NettyRequestSender - Using pooled Channel '[id: 0xd1eda6a8, L:/127.0.0.1:51609 - R:localhost/127.0.0.1:13783]' for 'POST' to 'http://localhost:13783/session/ef39548d4cdc6f80f041b0e4fed7ab9d/element/C888729B4BB0AA119AB157560DE0BE97_element_15/click'
19:22:15.390 [Forwarding clickElement on session ef39548d4cdc6f80f041b0e4fed7ab9d to remote] DEBUG org.asynchttpclient.netty.request.NettyRequestSender - Using open Channel [id: 0xd1eda6a8, L:/127.0.0.1:51609 - R:localhost/127.0.0.1:13783] for POST '/session/ef39548d4cdc6f80f041b0e4fed7ab9d/element/C888729B4BB0AA119AB157560DE0BE97_element_15/click'
19:22:15.448 [AsyncHttpClient-1-23] DEBUG org.asynchttpclient.netty.handler.HttpHandler - 

Request DefaultHttpRequest(decodeResult: success, version: HTTP/1.1)
POST /session/ef39548d4cdc6f80f041b0e4fed7ab9d/element/C888729B4BB0AA119AB157560DE0BE97_element_15/click HTTP/1.1
User-Agent: selenium/4.8.1 (java windows)
Content-Length: 57
Content-Type: application/json; charset=utf-8
host: localhost:13783
accept: */*

Response DefaultHttpResponse(decodeResult: success, version: HTTP/1.1)
HTTP/1.1 200 OK
Content-Length: 14
Content-Type: application/json; charset=utf-8
cache-control: no-cache

19:22:15.448 [AsyncHttpClient-1-23] DEBUG org.asynchttpclient.netty.channel.ChannelManager - Adding key: http://localhost:13783 for channel [id: 0xd1eda6a8, L:/127.0.0.1:51609 - R:localhost/127.0.0.1:13783]
19:22:15.454 [Forwarding getAlertText on session ef39548d4cdc6f80f041b0e4fed7ab9d to remote] DEBUG org.asynchttpclient.netty.request.NettyRequestSender - Using pooled Channel '[id: 0xd1eda6a8, L:/127.0.0.1:51609 - R:localhost/127.0.0.1:13783]' for 'GET' to 'http://localhost:13783/session/ef39548d4cdc6f80f041b0e4fed7ab9d/alert/text'
19:22:15.454 [Forwarding getAlertText on session ef39548d4cdc6f80f041b0e4fed7ab9d to remote] DEBUG org.asynchttpclient.netty.request.NettyRequestSender - Using open Channel [id: 0xd1eda6a8, L:/127.0.0.1:51609 - R:localhost/127.0.0.1:13783] for GET '/session/ef39548d4cdc6f80f041b0e4fed7ab9d/alert/text'
19:22:15.520 [AsyncHttpClient-1-23] DEBUG org.asynchttpclient.netty.handler.HttpHandler - 

Request DefaultFullHttpRequest(decodeResult: success, version: HTTP/1.1, content: EmptyByteBufBE)
GET /session/ef39548d4cdc6f80f041b0e4fed7ab9d/alert/text HTTP/1.1
User-Agent: selenium/4.8.1 (java windows)
Cache-Control: no-cache
Content-Type: application/json; charset=utf-8
host: localhost:13783
accept: */*

Response DefaultHttpResponse(decodeResult: success, version: HTTP/1.1)
HTTP/1.1 404 Not Found
Content-Length: 847
Content-Type: application/json; charset=utf-8
cache-control: no-cache

19:22:15.520 [AsyncHttpClient-1-23] DEBUG org.asynchttpclient.netty.channel.ChannelManager - Adding key: http://localhost:13783 for channel [id: 0xd1eda6a8, L:/127.0.0.1:51609 - R:localhost/127.0.0.1:13783]
19:22:15.521 [Forwarding getCurrentUrl on session ef39548d4cdc6f80f041b0e4fed7ab9d to remote] DEBUG org.asynchttpclient.netty.request.NettyRequestSender - Using pooled Channel '[id: 0xd1eda6a8, L:/127.0.0.1:51609 - R:localhost/127.0.0.1:13783]' for 'GET' to 'http://localhost:13783/session/ef39548d4cdc6f80f041b0e4fed7ab9d/url'
19:22:15.521 [Forwarding getCurrentUrl on session ef39548d4cdc6f80f041b0e4fed7ab9d to remote] DEBUG org.asynchttpclient.netty.request.NettyRequestSender - Using open Channel [id: 0xd1eda6a8, L:/127.0.0.1:51609 - R:localhost/127.0.0.1:13783] for GET '/session/ef39548d4cdc6f80f041b0e4fed7ab9d/url'
19:22:15.527 [AsyncHttpClient-1-23] DEBUG org.asynchttpclient.netty.handler.HttpHandler - 

Request DefaultFullHttpRequest(decodeResult: success, version: HTTP/1.1, content: EmptyByteBufBE)
GET /session/ef39548d4cdc6f80f041b0e4fed7ab9d/url HTTP/1.1
User-Agent: selenium/4.8.1 (java windows)
Cache-Control: no-cache
Content-Type: application/json; charset=utf-8
host: localhost:13783
accept: */*

Response DefaultHttpResponse(decodeResult: success, version: HTTP/1.1)
HTTP/1.1 200 OK
Content-Length: 113
Content-Type: application/json; charset=utf-8
cache-control: no-cache

19:22:15.527 [AsyncHttpClient-1-23] DEBUG org.asynchttpclient.netty.channel.ChannelManager - Adding key: http://localhost:13783 for channel [id: 0xd1eda6a8, L:/127.0.0.1:51609 - R:localhost/127.0.0.1:13783]
19:22:15.528 [Forwarding screenshot on session ef39548d4cdc6f80f041b0e4fed7ab9d to remote] DEBUG org.asynchttpclient.netty.request.NettyRequestSender - Using pooled Channel '[id: 0xd1eda6a8, L:/127.0.0.1:51609 - R:localhost/127.0.0.1:13783]' for 'GET' to 'http://localhost:13783/session/ef39548d4cdc6f80f041b0e4fed7ab9d/screenshot'
19:22:15.528 [Forwarding screenshot on session ef39548d4cdc6f80f041b0e4fed7ab9d to remote] DEBUG org.asynchttpclient.netty.request.NettyRequestSender - Using open Channel [id: 0xd1eda6a8, L:/127.0.0.1:51609 - R:localhost/127.0.0.1:13783] for GET '/session/ef39548d4cdc6f80f041b0e4fed7ab9d/screenshot'
19:22:16.084 [AsyncHttpClient-1-23] DEBUG org.asynchttpclient.netty.handler.HttpHandler - 

Request DefaultFullHttpRequest(decodeResult: success, version: HTTP/1.1, content: EmptyByteBufBE)
GET /session/ef39548d4cdc6f80f041b0e4fed7ab9d/screenshot HTTP/1.1
User-Agent: selenium/4.8.1 (java windows)
Cache-Control: no-cache
Content-Type: application/json; charset=utf-8
host: localhost:13783
accept: */*

Response DefaultHttpResponse(decodeResult: success, version: HTTP/1.1)
HTTP/1.1 200 OK
Content-Length: 37424
Content-Type: application/json; charset=utf-8
cache-control: no-cache

19:22:16.085 [AsyncHttpClient-1-23] DEBUG org.asynchttpclient.netty.channel.ChannelManager - Adding key: http://localhost:13783 for channel [id: 0xd1eda6a8, L:/127.0.0.1:51609 - R:localhost/127.0.0.1:13783]
19:22:16.086 [main] DEBUG net.serenitybdd.core.photography.Darkroom - Send negative for processing for target\site\serenity\01846b1e0ce4e91ab7086e44e5a927ae1b92a880a05129b0f3f40a1c4e6030a5.png
19:22:16.086 [main] DEBUG net.thucydides.core.steps.StepInterceptor - STEP DONE: clickBayarButton
  &amp#27;[32mWhen &amp#27;[0m&amp#27;[32mI click BAYAR button&amp#27;[0m                               &amp#27;[90m# starter.stepdefinitions.TransactionSteps.clickBayarButton()&amp#27;[0m
19:22:16.087 [Darkroom Processing Line] DEBUG net.serenitybdd.core.photography.DarkroomProcessingLine - Processing screenshot image in /var/screenshots/screenshot-2254210149961809460
19:22:16.087 [Darkroom Processing Line] DEBUG net.serenitybdd.core.photography.DarkroomProcessingLine - Saving screenshot to target\site\serenity\01846b1e0ce4e91ab7086e44e5a927ae1b92a880a05129b0f3f40a1c4e6030a5.png
19:22:16.099 [Forwarding getPageSource on session ef39548d4cdc6f80f041b0e4fed7ab9d to remote] DEBUG org.asynchttpclient.netty.request.NettyRequestSender - Using pooled Channel '[id: 0xd1eda6a8, L:/127.0.0.1:51609 - R:localhost/127.0.0.1:13783]' for 'POST' to 'http://localhost:13783/session/ef39548d4cdc6f80f041b0e4fed7ab9d/execute/sync'
19:22:16.099 [Forwarding getPageSource on session ef39548d4cdc6f80f041b0e4fed7ab9d to remote] DEBUG org.asynchttpclient.netty.request.NettyRequestSender - Using open Channel [id: 0xd1eda6a8, L:/127.0.0.1:51609 - R:localhost/127.0.0.1:13783] for POST '/session/ef39548d4cdc6f80f041b0e4fed7ab9d/execute/sync'
19:22:16.113 [AsyncHttpClient-1-23] DEBUG org.asynchttpclient.netty.handler.HttpHandler - 

Request DefaultHttpRequest(decodeResult: success, version: HTTP/1.1)
POST /session/ef39548d4cdc6f80f041b0e4fed7ab9d/execute/sync HTTP/1.1
User-Agent: selenium/4.8.1 (java windows)
Content-Length: 176
Content-Type: application/json; charset=utf-8
host: localhost:13783
accept: */*

Response DefaultHttpResponse(decodeResult: success, version: HTTP/1.1)
HTTP/1.1 200 OK
Content-Length: 23957
Content-Type: application/json; charset=utf-8
cache-control: no-cache

19:22:16.113 [AsyncHttpClient-1-23] DEBUG org.asynchttpclient.netty.channel.ChannelManager - Adding key: http://localhost:13783 for channel [id: 0xd1eda6a8, L:/127.0.0.1:51609 - R:localhost/127.0.0.1:13783]
19:22:16.115 [Forwarding getCurrentUrl on session ef39548d4cdc6f80f041b0e4fed7ab9d to remote] DEBUG org.asynchttpclient.netty.request.NettyRequestSender - Using pooled Channel '[id: 0xd1eda6a8, L:/127.0.0.1:51609 - R:localhost/127.0.0.1:13783]' for 'GET' to 'http://localhost:13783/session/ef39548d4cdc6f80f041b0e4fed7ab9d/url'
19:22:16.115 [Forwarding getCurrentUrl on session ef39548d4cdc6f80f041b0e4fed7ab9d to remote] DEBUG org.asynchttpclient.netty.request.NettyRequestSender - Using open Channel [id: 0xd1eda6a8, L:/127.0.0.1:51609 - R:localhost/127.0.0.1:13783] for GET '/session/ef39548d4cdc6f80f041b0e4fed7ab9d/url'
19:22:16.120 [AsyncHttpClient-1-23] DEBUG org.asynchttpclient.netty.handler.HttpHandler - 

Request DefaultFullHttpRequest(decodeResult: success, version: HTTP/1.1, content: EmptyByteBufBE)
GET /session/ef39548d4cdc6f80f041b0e4fed7ab9d/url HTTP/1.1
User-Agent: selenium/4.8.1 (java windows)
Cache-Control: no-cache
Content-Type: application/json; charset=utf-8
host: localhost:13783
accept: */*

Response DefaultHttpResponse(decodeResult: success, version: HTTP/1.1)
HTTP/1.1 200 OK
Content-Length: 52
Content-Type: application/json; charset=utf-8
cache-control: no-cache

19:22:16.120 [AsyncHttpClient-1-23] DEBUG org.asynchttpclient.netty.channel.ChannelManager - Adding key: http://localhost:13783 for channel [id: 0xd1eda6a8, L:/127.0.0.1:51609 - R:localhost/127.0.0.1:13783]
19:22:16.130 [Forwarding getPageSource on session ef39548d4cdc6f80f041b0e4fed7ab9d to remote] DEBUG org.asynchttpclient.netty.request.NettyRequestSender - Using pooled Channel '[id: 0xd1eda6a8, L:/127.0.0.1:51609 - R:localhost/127.0.0.1:13783]' for 'POST' to 'http://localhost:13783/session/ef39548d4cdc6f80f041b0e4fed7ab9d/execute/sync'
19:22:16.130 [Forwarding getPageSource on session ef39548d4cdc6f80f041b0e4fed7ab9d to remote] DEBUG org.asynchttpclient.netty.request.NettyRequestSender - Using open Channel [id: 0xd1eda6a8, L:/127.0.0.1:51609 - R:localhost/127.0.0.1:13783] for POST '/session/ef39548d4cdc6f80f041b0e4fed7ab9d/execute/sync'
19:22:16.136 [AsyncHttpClient-1-23] DEBUG org.asynchttpclient.netty.handler.HttpHandler - 

Request DefaultHttpRequest(decodeResult: success, version: HTTP/1.1)
POST /session/ef39548d4cdc6f80f041b0e4fed7ab9d/execute/sync HTTP/1.1
User-Agent: selenium/4.8.1 (java windows)
Content-Length: 176
Content-Type: application/json; charset=utf-8
host: localhost:13783
accept: */*

Response DefaultHttpResponse(decodeResult: success, version: HTTP/1.1)
HTTP/1.1 200 OK
Content-Length: 23957
Content-Type: application/json; charset=utf-8
cache-control: no-cache

19:22:16.136 [AsyncHttpClient-1-23] DEBUG org.asynchttpclient.netty.channel.ChannelManager - Adding key: http://localhost:13783 for channel [id: 0xd1eda6a8, L:/127.0.0.1:51609 - R:localhost/127.0.0.1:13783]
19:22:16.138 [Forwarding getCurrentUrl on session ef39548d4cdc6f80f041b0e4fed7ab9d to remote] DEBUG org.asynchttpclient.netty.request.NettyRequestSender - Using pooled Channel '[id: 0xd1eda6a8, L:/127.0.0.1:51609 - R:localhost/127.0.0.1:13783]' for 'GET' to 'http://localhost:13783/session/ef39548d4cdc6f80f041b0e4fed7ab9d/url'
19:22:16.138 [Forwarding getCurrentUrl on session ef39548d4cdc6f80f041b0e4fed7ab9d to remote] DEBUG org.asynchttpclient.netty.request.NettyRequestSender - Using open Channel [id: 0xd1eda6a8, L:/127.0.0.1:51609 - R:localhost/127.0.0.1:13783] for GET '/session/ef39548d4cdc6f80f041b0e4fed7ab9d/url'
19:22:16.152 [AsyncHttpClient-1-23] DEBUG org.asynchttpclient.netty.handler.HttpHandler - 

Request DefaultFullHttpRequest(decodeResult: success, version: HTTP/1.1, content: EmptyByteBufBE)
GET /session/ef39548d4cdc6f80f041b0e4fed7ab9d/url HTTP/1.1
User-Agent: selenium/4.8.1 (java windows)
Cache-Control: no-cache
Content-Type: application/json; charset=utf-8
host: localhost:13783
accept: */*

Response DefaultHttpResponse(decodeResult: success, version: HTTP/1.1)
HTTP/1.1 200 OK
Content-Length: 52
Content-Type: application/json; charset=utf-8
cache-control: no-cache

19:22:16.152 [AsyncHttpClient-1-23] DEBUG org.asynchttpclient.netty.channel.ChannelManager - Adding key: http://localhost:13783 for channel [id: 0xd1eda6a8, L:/127.0.0.1:51609 - R:localhost/127.0.0.1:13783]
19:22:16.154 [main] DEBUG net.thucydides.core.steps.StepInterceptor - STARTING STEP: TransactionSteps.validateProductTransaction - validateProductTransaction
19:22:16.156 [Forwarding findElement on session ef39548d4cdc6f80f041b0e4fed7ab9d to remote] DEBUG org.asynchttpclient.netty.request.NettyRequestSender - Using pooled Channel '[id: 0xd1eda6a8, L:/127.0.0.1:51609 - R:localhost/127.0.0.1:13783]' for 'POST' to 'http://localhost:13783/session/ef39548d4cdc6f80f041b0e4fed7ab9d/element'
19:22:16.156 [Forwarding findElement on session ef39548d4cdc6f80f041b0e4fed7ab9d to remote] DEBUG org.asynchttpclient.netty.request.NettyRequestSender - Using open Channel [id: 0xd1eda6a8, L:/127.0.0.1:51609 - R:localhost/127.0.0.1:13783] for POST '/session/ef39548d4cdc6f80f041b0e4fed7ab9d/element'
19:22:16.171 [AsyncHttpClient-1-23] DEBUG org.asynchttpclient.netty.handler.HttpHandler - 

Request DefaultHttpRequest(decodeResult: success, version: HTTP/1.1)
POST /session/ef39548d4cdc6f80f041b0e4fed7ab9d/element HTTP/1.1
User-Agent: selenium/4.8.1 (java windows)
Content-Length: 70
Content-Type: application/json; charset=utf-8
host: localhost:13783
accept: */*

Response DefaultHttpResponse(decodeResult: success, version: HTTP/1.1)
HTTP/1.1 200 OK
Content-Length: 95
Content-Type: application/json; charset=utf-8
cache-control: no-cache

19:22:16.171 [AsyncHttpClient-1-23] DEBUG org.asynchttpclient.netty.channel.ChannelManager - Adding key: http://localhost:13783 for channel [id: 0xd1eda6a8, L:/127.0.0.1:51609 - R:localhost/127.0.0.1:13783]
19:22:16.182 [Forwarding isElementDisplayed on session ef39548d4cdc6f80f041b0e4fed7ab9d to remote] DEBUG org.asynchttpclient.netty.request.NettyRequestSender - Using pooled Channel '[id: 0xd1eda6a8, L:/127.0.0.1:51609 - R:localhost/127.0.0.1:13783]' for 'POST' to 'http://localhost:13783/session/ef39548d4cdc6f80f041b0e4fed7ab9d/execute/sync'
19:22:16.184 [Forwarding isElementDisplayed on session ef39548d4cdc6f80f041b0e4fed7ab9d to remote] DEBUG org.asynchttpclient.netty.request.NettyRequestSender - Using open Channel [id: 0xd1eda6a8, L:/127.0.0.1:51609 - R:localhost/127.0.0.1:13783] for POST '/session/ef39548d4cdc6f80f041b0e4fed7ab9d/execute/sync'
19:22:16.200 [AsyncHttpClient-1-23] DEBUG org.asynchttpclient.netty.handler.HttpHandler - 

Request DefaultHttpRequest(decodeResult: success, version: HTTP/1.1)
POST /session/ef39548d4cdc6f80f041b0e4fed7ab9d/execute/sync HTTP/1.1
User-Agent: selenium/4.8.1 (java windows)
Content-Length: 48814
Content-Type: application/json; charset=utf-8
host: localhost:13783
accept: */*

Response DefaultHttpResponse(decodeResult: success, version: HTTP/1.1)
HTTP/1.1 200 OK
Content-Length: 14
Content-Type: application/json; charset=utf-8
cache-control: no-cache

19:22:16.200 [AsyncHttpClient-1-23] DEBUG org.asynchttpclient.netty.channel.ChannelManager - Adding key: http://localhost:13783 for channel [id: 0xd1eda6a8, L:/127.0.0.1:51609 - R:localhost/127.0.0.1:13783]
19:22:16.205 [Forwarding getAlertText on session ef39548d4cdc6f80f041b0e4fed7ab9d to remote] DEBUG org.asynchttpclient.netty.request.NettyRequestSender - Using pooled Channel '[id: 0xd1eda6a8, L:/127.0.0.1:51609 - R:localhost/127.0.0.1:13783]' for 'GET' to 'http://localhost:13783/session/ef39548d4cdc6f80f041b0e4fed7ab9d/alert/text'
19:22:16.205 [Forwarding getAlertText on session ef39548d4cdc6f80f041b0e4fed7ab9d to remote] DEBUG org.asynchttpclient.netty.request.NettyRequestSender - Using open Channel [id: 0xd1eda6a8, L:/127.0.0.1:51609 - R:localhost/127.0.0.1:13783] for GET '/session/ef39548d4cdc6f80f041b0e4fed7ab9d/alert/text'
19:22:16.207 [AsyncHttpClient-1-23] DEBUG org.asynchttpclient.netty.handler.HttpHandler - 

Request DefaultFullHttpRequest(decodeResult: success, version: HTTP/1.1, content: EmptyByteBufBE)
GET /session/ef39548d4cdc6f80f041b0e4fed7ab9d/alert/text HTTP/1.1
User-Agent: selenium/4.8.1 (java windows)
Cache-Control: no-cache
Content-Type: application/json; charset=utf-8
host: localhost:13783
accept: */*

Response DefaultHttpResponse(decodeResult: success, version: HTTP/1.1)
HTTP/1.1 404 Not Found
Content-Length: 847
Content-Type: application/json; charset=utf-8
cache-control: no-cache

19:22:16.207 [AsyncHttpClient-1-23] DEBUG org.asynchttpclient.netty.channel.ChannelManager - Adding key: http://localhost:13783 for channel [id: 0xd1eda6a8, L:/127.0.0.1:51609 - R:localhost/127.0.0.1:13783]
19:22:16.208 [Forwarding getCurrentUrl on session ef39548d4cdc6f80f041b0e4fed7ab9d to remote] DEBUG org.asynchttpclient.netty.request.NettyRequestSender - Using pooled Channel '[id: 0xd1eda6a8, L:/127.0.0.1:51609 - R:localhost/127.0.0.1:13783]' for 'GET' to 'http://localhost:13783/session/ef39548d4cdc6f80f041b0e4fed7ab9d/url'
19:22:16.208 [Forwarding getCurrentUrl on session ef39548d4cdc6f80f041b0e4fed7ab9d to remote] DEBUG org.asynchttpclient.netty.request.NettyRequestSender - Using open Channel [id: 0xd1eda6a8, L:/127.0.0.1:51609 - R:localhost/127.0.0.1:13783] for GET '/session/ef39548d4cdc6f80f041b0e4fed7ab9d/url'
19:22:16.213 [AsyncHttpClient-1-23] DEBUG org.asynchttpclient.netty.handler.HttpHandler - 

Request DefaultFullHttpRequest(decodeResult: success, version: HTTP/1.1, content: EmptyByteBufBE)
GET /session/ef39548d4cdc6f80f041b0e4fed7ab9d/url HTTP/1.1
User-Agent: selenium/4.8.1 (java windows)
Cache-Control: no-cache
Content-Type: application/json; charset=utf-8
host: localhost:13783
accept: */*

Response DefaultHttpResponse(decodeResult: success, version: HTTP/1.1)
HTTP/1.1 200 OK
Content-Length: 52
Content-Type: application/json; charset=utf-8
cache-control: no-cache

19:22:16.213 [AsyncHttpClient-1-23] DEBUG org.asynchttpclient.netty.channel.ChannelManager - Adding key: http://localhost:13783 for channel [id: 0xd1eda6a8, L:/127.0.0.1:51609 - R:localhost/127.0.0.1:13783]
19:22:16.214 [Forwarding screenshot on session ef39548d4cdc6f80f041b0e4fed7ab9d to remote] DEBUG org.asynchttpclient.netty.request.NettyRequestSender - Using pooled Channel '[id: 0xd1eda6a8, L:/127.0.0.1:51609 - R:localhost/127.0.0.1:13783]' for 'GET' to 'http://localhost:13783/session/ef39548d4cdc6f80f041b0e4fed7ab9d/screenshot'
19:22:16.214 [Forwarding screenshot on session ef39548d4cdc6f80f041b0e4fed7ab9d to remote] DEBUG org.asynchttpclient.netty.request.NettyRequestSender - Using open Channel [id: 0xd1eda6a8, L:/127.0.0.1:51609 - R:localhost/127.0.0.1:13783] for GET '/session/ef39548d4cdc6f80f041b0e4fed7ab9d/screenshot'
19:22:16.368 [AsyncHttpClient-1-23] DEBUG org.asynchttpclient.netty.handler.HttpHandler - 

Request DefaultFullHttpRequest(decodeResult: success, version: HTTP/1.1, content: EmptyByteBufBE)
GET /session/ef39548d4cdc6f80f041b0e4fed7ab9d/screenshot HTTP/1.1
User-Agent: selenium/4.8.1 (java windows)
Cache-Control: no-cache
Content-Type: application/json; charset=utf-8
host: localhost:13783
accept: */*

Response DefaultHttpResponse(decodeResult: success, version: HTTP/1.1)
HTTP/1.1 200 OK
Content-Length: 36936
Content-Type: application/json; charset=utf-8
cache-control: no-cache

19:22:16.368 [AsyncHttpClient-1-23] DEBUG org.asynchttpclient.netty.channel.ChannelManager - Adding key: http://localhost:13783 for channel [id: 0xd1eda6a8, L:/127.0.0.1:51609 - R:localhost/127.0.0.1:13783]
19:22:16.371 [main] DEBUG net.serenitybdd.core.photography.Darkroom - Send negative for processing for target\site\serenity\de8e8b0a376d8515b5cc087cc2755a7d9ca5e009d57f60afe0cc7d15e3e76325.png
19:22:16.371 [main] DEBUG net.thucydides.core.steps.StepInterceptor - STEP DONE: validateProductTransaction
19:22:16.372 [Darkroom Processing Line] DEBUG net.serenitybdd.core.photography.DarkroomProcessingLine - Processing screenshot image in /var/screenshots/screenshot-14105740331100762965
19:22:16.372 [Darkroom Processing Line] DEBUG net.serenitybdd.core.photography.DarkroomProcessingLine - Saving screenshot to target\site\serenity\de8e8b0a376d8515b5cc087cc2755a7d9ca5e009d57f60afe0cc7d15e3e76325.png
  &amp#27;[32mThen &amp#27;[0m&amp#27;[32mI can see the transaction&amp#27;[0m                          &amp#27;[90m# starter.stepdefinitions.TransactionSteps.validateProductTransaction()&amp#27;[0m
19:22:16.379 [main] INFO  - 
  _____   ___   ___   _____     ___     _     ___   ___   ___   ___  
 |_   _| | __| / __| |_   _|   | _ \   /_\   / __| / __| | __| |   \ 
   | |   | _|  \__ \   | |     |  _/  / _ \  \__ \ \__ \ | _|  | |) |
   |_|   |___| |___/   |_|     |_|   /_/ \_\ |___/ |___/ |___| |___/ 

Pay the product we've added to cart
----------------------------------------------------------------------
19:22:16.381 [AsyncHttpClient-1-25] DEBUG org.asynchttpclient.netty.handler.WebSocketHandler - Channel Closed: [id: 0x3ecd09d3, L:/127.0.0.1:51618 ! R:localhost/127.0.0.1:51610] with attribute NettyResponseFuture{currentRetry=0,
	isDone=1,
	isCancelled=0,
	asyncHandler=org.asynchttpclient.ws.WebSocketUpgradeHandler@615161b7,
	nettyRequest=org.asynchttpclient.netty.request.NettyRequest@6a00b550,
	future=java.util.concurrent.CompletableFuture@76d9eb87[Completed normally],
	uri=ws://localhost:51610/devtools/browser/5d8bd978-2b1e-4e4b-8883-abf01f1fddbe,
	keepAlive=true,
	redirectCount=0,
	timeoutsHolder=null,
	inAuth=0,
	touch=1683807688335}
19:22:16.381 [AsyncHttpClient-1-25] DEBUG org.asynchttpclient.netty.channel.ChannelManager - Closing Channel [id: 0x3ecd09d3, L:/127.0.0.1:51618 ! R:localhost/127.0.0.1:51610] 
19:22:16.385 [Driver Command Executor] DEBUG org.asynchttpclient.netty.request.NettyRequestSender - Using pooled Channel '[id: 0xd1eda6a8, L:/127.0.0.1:51609 - R:localhost/127.0.0.1:13783]' for 'DELETE' to 'http://localhost:13783/session/ef39548d4cdc6f80f041b0e4fed7ab9d'
19:22:16.385 [Driver Command Executor] DEBUG org.asynchttpclient.netty.request.NettyRequestSender - Using open Channel [id: 0xd1eda6a8, L:/127.0.0.1:51609 - R:localhost/127.0.0.1:13783] for DELETE '/session/ef39548d4cdc6f80f041b0e4fed7ab9d'
19:22:16.398 [AsyncHttpClient-1-1] DEBUG org.asynchttpclient.netty.channel.DefaultChannelPool - Entry count for : http://localhost:51610 : 1
19:22:16.503 [AsyncHttpClient-1-24] DEBUG org.asynchttpclient.netty.handler.HttpHandler - Unexpected I/O exception on channel [id: 0x96ad5166, L:/127.0.0.1:51617 - R:localhost/127.0.0.1:51610]
java.net.SocketException: Connection reset
	at java.base/sun.nio.ch.SocketChannelImpl.throwConnectionReset(SocketChannelImpl.java:401)
	at java.base/sun.nio.ch.SocketChannelImpl.read(SocketChannelImpl.java:434)
	at io.netty.buffer.PooledByteBuf.setBytes(PooledByteBuf.java:259)
	at io.netty.buffer.AbstractByteBuf.writeBytes(AbstractByteBuf.java:1132)
	at io.netty.channel.socket.nio.NioSocketChannel.doReadBytes(NioSocketChannel.java:357)
	at io.netty.channel.nio.AbstractNioByteChannel$NioByteUnsafe.read(AbstractNioByteChannel.java:151)
	at io.netty.channel.nio.NioEventLoop.processSelectedKey(NioEventLoop.java:788)
	at io.netty.channel.nio.NioEventLoop.processSelectedKeysOptimized(NioEventLoop.java:724)
	at io.netty.channel.nio.NioEventLoop.processSelectedKeys(NioEventLoop.java:650)
	at io.netty.channel.nio.NioEventLoop.run(NioEventLoop.java:562)
	at io.netty.util.concurrent.SingleThreadEventExecutor$4.run(SingleThreadEventExecutor.java:997)
	at io.netty.util.internal.ThreadExecutorMap$2.run(ThreadExecutorMap.java:74)
	at io.netty.util.concurrent.FastThreadLocalRunnable.run(FastThreadLocalRunnable.java:30)
	at java.base/java.lang.Thread.run(Thread.java:1589)
19:22:16.504 [AsyncHttpClient-1-24] DEBUG org.asynchttpclient.netty.channel.ChannelManager - Closing Channel [id: 0x96ad5166, L:/127.0.0.1:51617 - R:localhost/127.0.0.1:51610] 
19:22:16.504 [AsyncHttpClient-1-24] DEBUG org.asynchttpclient.netty.handler.HttpHandler - Channel Closed: [id: 0x96ad5166, L:/127.0.0.1:51617 ! R:localhost/127.0.0.1:51610] with attribute DISCARD
19:22:16.532 [AsyncHttpClient-1-23] DEBUG org.asynchttpclient.netty.handler.HttpHandler - 

Request DefaultFullHttpRequest(decodeResult: success, version: HTTP/1.1, content: EmptyByteBufBE)
DELETE /session/ef39548d4cdc6f80f041b0e4fed7ab9d HTTP/1.1
User-Agent: selenium/4.8.1 (java windows)
Content-Type: application/json; charset=utf-8
host: localhost:13783
accept: */*

Response DefaultHttpResponse(decodeResult: success, version: HTTP/1.1)
HTTP/1.1 200 OK
Content-Length: 14
Content-Type: application/json; charset=utf-8
cache-control: no-cache

19:22:16.532 [AsyncHttpClient-1-23] DEBUG org.asynchttpclient.netty.channel.ChannelManager - Adding key: http://localhost:13783 for channel [id: 0xd1eda6a8, L:/127.0.0.1:51609 - R:localhost/127.0.0.1:13783]
19:22:17.011 [AsyncHttpClient-1-23] DEBUG org.asynchttpclient.netty.handler.HttpHandler - Channel Closed: [id: 0xd1eda6a8, L:/127.0.0.1:51609 ! R:localhost/127.0.0.1:13783] with attribute DISCARD
]]></system-out>
    <system-err><![CDATA[Starting ChromeDriver 113.0.5672.63 (0e1a4471d5ae5bf128b1bd8f4d627c8cbd55f70c-refs/branch-heads/5672@{#912}) on port 13783
Only local connections are allowed.
Please see https://chromedriver.chromium.org/security-considerations for suggestions on keeping ChromeDriver safe.
ChromeDriver was started successfully.
May 11, 2023 7:21:28 PM org.openqa.selenium.devtools.CdpVersionFinder findNearestMatch
WARNING: Unable to find an exact match for CDP version 113, so returning the closest version found: 110
]]></system-err>
  </testcase>
  <testcase name="Failed to pay when user hasn&apos;t login yet" classname="Transaction" time="42.479">
    <system-out><![CDATA[
Scenario: Failed to pay when user hasn't login yet &amp#27;[90m# src/test/resources/features/5. Transaction.feature:25&amp#27;[0m
19:22:17.091 [main] DEBUG io.cucumber.core.plugin.SerenityReporter - Running feature from file:///C:/Users/Bunayya%20Zulfikar/3D%20Objects/alta_web_minpro_testcase/src/test/resources/features/5.%20Transaction.feature
19:22:17.093 [main] INFO  - 
  _____   ___   ___   _____     ___   _____     _     ___   _____   ___   ___  
 |_   _| | __| / __| |_   _|   / __| |_   _|   /_\   | _ \ |_   _| | __| |   \ 
   | |   | _|  \__ \   | |     \__ \   | |    / _ \  |   /   | |   | _|  | |) |
   |_|   |___| |___/   |_|     |___/   |_|   /_/ \_\ |_|_\   |_|   |___| |___/ 

Failed to pay when user hasn't login yet(transaction;failed-to-pay-when-user-hasn-t-login-yet)
--------------------------------------------------------------------------------
19:22:17.122 [main] DEBUG net.thucydides.core.steps.StepInterceptor - STARTING STEP: CategorySteps.goToHomePage - openPage
19:22:17.203 [main] INFO net.serenitybdd.core.webdriver.driverproviders.ChromeDriverProvider - Starting Chrome driver instance with capabilities:
19:22:17.203 [main] INFO net.serenitybdd.core.webdriver.driverproviders.ChromeDriverProvider - Capabilities {acceptInsecureCerts: false, browserName: chrome, goog:chromeOptions: {args: [remote-allow-origins=*], extensions: []}}
19:22:17.289 [AsyncHttpClient-1-2] DEBUG org.asynchttpclient.netty.channel.NettyConnectListener - Using new Channel '[id: 0xfeb5ecf4, L:/127.0.0.1:51676 - R:localhost/127.0.0.1:48204]' for 'POST' to '/session'
19:22:17.501 [AsyncHttpClient-1-1] DEBUG org.asynchttpclient.netty.channel.DefaultChannelPool - Entry count for : http://localhost:13783 : 1
19:22:17.501 [AsyncHttpClient-1-1] DEBUG org.asynchttpclient.netty.channel.DefaultChannelPool - Entry count for : http://localhost:51610 : 1
19:22:17.501 [AsyncHttpClient-1-1] DEBUG org.asynchttpclient.netty.channel.DefaultChannelPool - Adding Candidate expired Channel [id: 0xd1eda6a8, L:/127.0.0.1:51609 ! R:localhost/127.0.0.1:13783] isIdleTimeoutExpired=false isRemotelyClosed=true isTtlExpired=false
19:22:17.501 [AsyncHttpClient-1-1] DEBUG org.asynchttpclient.netty.channel.DefaultChannelPool - Closing Idle Channel [id: 0xd1eda6a8, L:/127.0.0.1:51609 ! R:localhost/127.0.0.1:13783]
19:22:17.501 [AsyncHttpClient-1-1] DEBUG org.asynchttpclient.netty.channel.DefaultChannelPool - Adding Candidate expired Channel [id: 0x96ad5166, L:/127.0.0.1:51617 ! R:localhost/127.0.0.1:51610] isIdleTimeoutExpired=false isRemotelyClosed=true isTtlExpired=false
19:22:17.501 [AsyncHttpClient-1-1] DEBUG org.asynchttpclient.netty.channel.DefaultChannelPool - Closing Idle Channel [id: 0x96ad5166, L:/127.0.0.1:51617 ! R:localhost/127.0.0.1:51610]
19:22:17.501 [AsyncHttpClient-1-1] DEBUG org.asynchttpclient.netty.channel.DefaultChannelPool - Closed 2 connections out of 2 in 0 ms
19:22:18.152 [AsyncHttpClient-1-2] DEBUG org.asynchttpclient.netty.handler.HttpHandler - 

Request DefaultHttpRequest(decodeResult: success, version: HTTP/1.1)
POST /session HTTP/1.1
User-Agent: selenium/4.8.1 (java windows)
Content-Length: 507
Content-Type: application/json; charset=utf-8
host: localhost:48204
accept: */*

Response DefaultHttpResponse(decodeResult: success, version: HTTP/1.1)
HTTP/1.1 200 OK
Content-Length: 862
Content-Type: application/json; charset=utf-8
cache-control: no-cache

19:22:18.152 [AsyncHttpClient-1-2] DEBUG org.asynchttpclient.netty.channel.ChannelManager - Adding key: http://localhost:48204 for channel [id: 0xfeb5ecf4, L:/127.0.0.1:51676 - R:localhost/127.0.0.1:48204]
19:22:18.171 [AsyncHttpClient-1-3] DEBUG org.asynchttpclient.netty.channel.NettyConnectListener - Using new Channel '[id: 0x66712923, L:/127.0.0.1:51684 - R:localhost/127.0.0.1:51678]' for 'GET' to '/json/version'
19:22:18.172 [AsyncHttpClient-1-3] DEBUG org.asynchttpclient.netty.handler.HttpHandler - 

Request DefaultFullHttpRequest(decodeResult: success, version: HTTP/1.1, content: EmptyByteBufBE)
GET /json/version HTTP/1.1
User-Agent: selenium/4.8.1 (java windows)
host: localhost:51678
accept: */*

Response DefaultHttpResponse(decodeResult: success, version: HTTP/1.1)
HTTP/1.1 200 OK
Content-Security-Policy: frame-ancestors 'none'
Content-Length: 422
Content-Type: application/json; charset=UTF-8

19:22:18.172 [AsyncHttpClient-1-3] DEBUG org.asynchttpclient.netty.channel.ChannelManager - Adding key: http://localhost:51678 for channel [id: 0x66712923, L:/127.0.0.1:51684 - R:localhost/127.0.0.1:51678]
19:22:18.174 [AsyncHttpClient-1-4] DEBUG org.asynchttpclient.netty.channel.NettyConnectListener - Using new Channel '[id: 0x1a317f64, L:/127.0.0.1:51685 - R:localhost/127.0.0.1:51678]' for 'GET' to '/devtools/browser/8db60883-5dc2-422e-803e-6bd5744e4186'
19:22:18.175 [AsyncHttpClient-1-4] DEBUG org.asynchttpclient.netty.handler.WebSocketHandler - 

Request DefaultFullHttpRequest(decodeResult: success, version: HTTP/1.1, content: EmptyByteBufBE)
GET /devtools/browser/8db60883-5dc2-422e-803e-6bd5744e4186 HTTP/1.1
upgrade: websocket
connection: upgrade
sec-websocket-key: wvn0DY0T8eYo8N1Q1qCZaA==
sec-websocket-version: 13
origin: http://localhost:51678
host: localhost:51678
accept: */*
user-agent: AHC/2.1

Response DefaultHttpResponse(decodeResult: success, version: HTTP/1.1)
HTTP/1.1 101 WebSocket Protocol Handshake
Upgrade: WebSocket
Connection: Upgrade
Sec-WebSocket-Accept: 77j9rrdBMe15zYNwKFYkj6COGBo=

19:22:18.180 [Forwarding get on session 7fcf69a0823549c43110e56c19d931bd to remote] DEBUG org.asynchttpclient.netty.request.NettyRequestSender - Using pooled Channel '[id: 0xfeb5ecf4, L:/127.0.0.1:51676 - R:localhost/127.0.0.1:48204]' for 'POST' to 'http://localhost:48204/session/7fcf69a0823549c43110e56c19d931bd/url'
19:22:18.180 [Forwarding get on session 7fcf69a0823549c43110e56c19d931bd to remote] DEBUG org.asynchttpclient.netty.request.NettyRequestSender - Using open Channel [id: 0xfeb5ecf4, L:/127.0.0.1:51676 - R:localhost/127.0.0.1:48204] for POST '/session/7fcf69a0823549c43110e56c19d931bd/url'
19:22:18.602 [AsyncHttpClient-1-1] DEBUG org.asynchttpclient.netty.channel.DefaultChannelPool - Entry count for : http://localhost:51678 : 1
19:22:18.899 [AsyncHttpClient-1-2] DEBUG org.asynchttpclient.netty.handler.HttpHandler - 

Request DefaultHttpRequest(decodeResult: success, version: HTTP/1.1)
POST /session/7fcf69a0823549c43110e56c19d931bd/url HTTP/1.1
User-Agent: selenium/4.8.1 (java windows)
Content-Length: 80
Content-Type: application/json; charset=utf-8
host: localhost:48204
accept: */*

Response DefaultHttpResponse(decodeResult: success, version: HTTP/1.1)
HTTP/1.1 200 OK
Content-Length: 14
Content-Type: application/json; charset=utf-8
cache-control: no-cache

19:22:18.899 [AsyncHttpClient-1-2] DEBUG org.asynchttpclient.netty.channel.ChannelManager - Adding key: http://localhost:48204 for channel [id: 0xfeb5ecf4, L:/127.0.0.1:51676 - R:localhost/127.0.0.1:48204]
19:22:18.900 [Forwarding setTimeout on session 7fcf69a0823549c43110e56c19d931bd to remote] DEBUG org.asynchttpclient.netty.request.NettyRequestSender - Using pooled Channel '[id: 0xfeb5ecf4, L:/127.0.0.1:51676 - R:localhost/127.0.0.1:48204]' for 'POST' to 'http://localhost:48204/session/7fcf69a0823549c43110e56c19d931bd/timeouts'
19:22:18.900 [Forwarding setTimeout on session 7fcf69a0823549c43110e56c19d931bd to remote] DEBUG org.asynchttpclient.netty.request.NettyRequestSender - Using open Channel [id: 0xfeb5ecf4, L:/127.0.0.1:51676 - R:localhost/127.0.0.1:48204] for POST '/session/7fcf69a0823549c43110e56c19d931bd/timeouts'
19:22:18.901 [AsyncHttpClient-1-2] DEBUG org.asynchttpclient.netty.handler.HttpHandler - 

Request DefaultHttpRequest(decodeResult: success, version: HTTP/1.1)
POST /session/7fcf69a0823549c43110e56c19d931bd/timeouts HTTP/1.1
User-Agent: selenium/4.8.1 (java windows)
Content-Length: 22
Content-Type: application/json; charset=utf-8
host: localhost:48204
accept: */*

Response DefaultHttpResponse(decodeResult: success, version: HTTP/1.1)
HTTP/1.1 200 OK
Content-Length: 14
Content-Type: application/json; charset=utf-8
cache-control: no-cache

19:22:18.901 [AsyncHttpClient-1-2] DEBUG org.asynchttpclient.netty.channel.ChannelManager - Adding key: http://localhost:48204 for channel [id: 0xfeb5ecf4, L:/127.0.0.1:51676 - R:localhost/127.0.0.1:48204]
19:22:18.915 [Forwarding getAlertText on session 7fcf69a0823549c43110e56c19d931bd to remote] DEBUG org.asynchttpclient.netty.request.NettyRequestSender - Using pooled Channel '[id: 0xfeb5ecf4, L:/127.0.0.1:51676 - R:localhost/127.0.0.1:48204]' for 'GET' to 'http://localhost:48204/session/7fcf69a0823549c43110e56c19d931bd/alert/text'
19:22:18.915 [Forwarding getAlertText on session 7fcf69a0823549c43110e56c19d931bd to remote] DEBUG org.asynchttpclient.netty.request.NettyRequestSender - Using open Channel [id: 0xfeb5ecf4, L:/127.0.0.1:51676 - R:localhost/127.0.0.1:48204] for GET '/session/7fcf69a0823549c43110e56c19d931bd/alert/text'
19:22:18.917 [AsyncHttpClient-1-2] DEBUG org.asynchttpclient.netty.handler.HttpHandler - 

Request DefaultFullHttpRequest(decodeResult: success, version: HTTP/1.1, content: EmptyByteBufBE)
GET /session/7fcf69a0823549c43110e56c19d931bd/alert/text HTTP/1.1
User-Agent: selenium/4.8.1 (java windows)
Cache-Control: no-cache
Content-Type: application/json; charset=utf-8
host: localhost:48204
accept: */*

Response DefaultHttpResponse(decodeResult: success, version: HTTP/1.1)
HTTP/1.1 404 Not Found
Content-Length: 847
Content-Type: application/json; charset=utf-8
cache-control: no-cache

19:22:18.917 [AsyncHttpClient-1-2] DEBUG org.asynchttpclient.netty.channel.ChannelManager - Adding key: http://localhost:48204 for channel [id: 0xfeb5ecf4, L:/127.0.0.1:51676 - R:localhost/127.0.0.1:48204]
19:22:18.918 [Forwarding getCurrentUrl on session 7fcf69a0823549c43110e56c19d931bd to remote] DEBUG org.asynchttpclient.netty.request.NettyRequestSender - Using pooled Channel '[id: 0xfeb5ecf4, L:/127.0.0.1:51676 - R:localhost/127.0.0.1:48204]' for 'GET' to 'http://localhost:48204/session/7fcf69a0823549c43110e56c19d931bd/url'
19:22:18.918 [Forwarding getCurrentUrl on session 7fcf69a0823549c43110e56c19d931bd to remote] DEBUG org.asynchttpclient.netty.request.NettyRequestSender - Using open Channel [id: 0xfeb5ecf4, L:/127.0.0.1:51676 - R:localhost/127.0.0.1:48204] for GET '/session/7fcf69a0823549c43110e56c19d931bd/url'
19:22:18.922 [AsyncHttpClient-1-2] DEBUG org.asynchttpclient.netty.handler.HttpHandler - 

Request DefaultFullHttpRequest(decodeResult: success, version: HTTP/1.1, content: EmptyByteBufBE)
GET /session/7fcf69a0823549c43110e56c19d931bd/url HTTP/1.1
User-Agent: selenium/4.8.1 (java windows)
Cache-Control: no-cache
Content-Type: application/json; charset=utf-8
host: localhost:48204
accept: */*

Response DefaultHttpResponse(decodeResult: success, version: HTTP/1.1)
HTTP/1.1 200 OK
Content-Length: 52
Content-Type: application/json; charset=utf-8
cache-control: no-cache

19:22:18.923 [AsyncHttpClient-1-2] DEBUG org.asynchttpclient.netty.channel.ChannelManager - Adding key: http://localhost:48204 for channel [id: 0xfeb5ecf4, L:/127.0.0.1:51676 - R:localhost/127.0.0.1:48204]
19:22:18.923 [Forwarding screenshot on session 7fcf69a0823549c43110e56c19d931bd to remote] DEBUG org.asynchttpclient.netty.request.NettyRequestSender - Using pooled Channel '[id: 0xfeb5ecf4, L:/127.0.0.1:51676 - R:localhost/127.0.0.1:48204]' for 'GET' to 'http://localhost:48204/session/7fcf69a0823549c43110e56c19d931bd/screenshot'
19:22:18.923 [Forwarding screenshot on session 7fcf69a0823549c43110e56c19d931bd to remote] DEBUG org.asynchttpclient.netty.request.NettyRequestSender - Using open Channel [id: 0xfeb5ecf4, L:/127.0.0.1:51676 - R:localhost/127.0.0.1:48204] for GET '/session/7fcf69a0823549c43110e56c19d931bd/screenshot'
19:22:19.125 [AsyncHttpClient-1-2] DEBUG org.asynchttpclient.netty.handler.HttpHandler - 

Request DefaultFullHttpRequest(decodeResult: success, version: HTTP/1.1, content: EmptyByteBufBE)
GET /session/7fcf69a0823549c43110e56c19d931bd/screenshot HTTP/1.1
User-Agent: selenium/4.8.1 (java windows)
Cache-Control: no-cache
Content-Type: application/json; charset=utf-8
host: localhost:48204
accept: */*

Response DefaultHttpResponse(decodeResult: success, version: HTTP/1.1)
HTTP/1.1 200 OK
Content-Length: 32168
Content-Type: application/json; charset=utf-8
cache-control: no-cache

19:22:19.125 [AsyncHttpClient-1-2] DEBUG org.asynchttpclient.netty.channel.ChannelManager - Adding key: http://localhost:48204 for channel [id: 0xfeb5ecf4, L:/127.0.0.1:51676 - R:localhost/127.0.0.1:48204]
19:22:19.126 [main] DEBUG net.serenitybdd.core.photography.Darkroom - Send negative for processing for target\site\serenity\d00787a84e57ae9818ec6333fe71d83a89fc0961433dfe7832481e3dca8fda29.png
19:22:19.126 [main] DEBUG net.thucydides.core.steps.StepInterceptor - STEP DONE: openPage
19:22:19.131 [Forwarding getPageSource on session 7fcf69a0823549c43110e56c19d931bd to remote] DEBUG org.asynchttpclient.netty.request.NettyRequestSender - Using pooled Channel '[id: 0xfeb5ecf4, L:/127.0.0.1:51676 - R:localhost/127.0.0.1:48204]' for 'POST' to 'http://localhost:48204/session/7fcf69a0823549c43110e56c19d931bd/execute/sync'
19:22:19.132 [Forwarding getPageSource on session 7fcf69a0823549c43110e56c19d931bd to remote] DEBUG org.asynchttpclient.netty.request.NettyRequestSender - Using open Channel [id: 0xfeb5ecf4, L:/127.0.0.1:51676 - R:localhost/127.0.0.1:48204] for POST '/session/7fcf69a0823549c43110e56c19d931bd/execute/sync'
19:22:19.138 [AsyncHttpClient-1-2] DEBUG org.asynchttpclient.netty.handler.HttpHandler - 

Request DefaultHttpRequest(decodeResult: success, version: HTTP/1.1)
POST /session/7fcf69a0823549c43110e56c19d931bd/execute/sync HTTP/1.1
User-Agent: selenium/4.8.1 (java windows)
Content-Length: 176
Content-Type: application/json; charset=utf-8
host: localhost:48204
accept: */*

Response DefaultHttpResponse(decodeResult: success, version: HTTP/1.1)
HTTP/1.1 200 OK
Content-Length: 21659
Content-Type: application/json; charset=utf-8
cache-control: no-cache

19:22:19.138 [AsyncHttpClient-1-2] DEBUG org.asynchttpclient.netty.channel.ChannelManager - Adding key: http://localhost:48204 for channel [id: 0xfeb5ecf4, L:/127.0.0.1:51676 - R:localhost/127.0.0.1:48204]
19:22:19.140 [Forwarding getCurrentUrl on session 7fcf69a0823549c43110e56c19d931bd to remote] DEBUG org.asynchttpclient.netty.request.NettyRequestSender - Using pooled Channel '[id: 0xfeb5ecf4, L:/127.0.0.1:51676 - R:localhost/127.0.0.1:48204]' for 'GET' to 'http://localhost:48204/session/7fcf69a0823549c43110e56c19d931bd/url'
19:22:19.140 [Forwarding getCurrentUrl on session 7fcf69a0823549c43110e56c19d931bd to remote] DEBUG org.asynchttpclient.netty.request.NettyRequestSender - Using open Channel [id: 0xfeb5ecf4, L:/127.0.0.1:51676 - R:localhost/127.0.0.1:48204] for GET '/session/7fcf69a0823549c43110e56c19d931bd/url'
19:22:19.144 [AsyncHttpClient-1-2] DEBUG org.asynchttpclient.netty.handler.HttpHandler - 

Request DefaultFullHttpRequest(decodeResult: success, version: HTTP/1.1, content: EmptyByteBufBE)
GET /session/7fcf69a0823549c43110e56c19d931bd/url HTTP/1.1
User-Agent: selenium/4.8.1 (java windows)
Cache-Control: no-cache
Content-Type: application/json; charset=utf-8
host: localhost:48204
accept: */*

Response DefaultHttpResponse(decodeResult: success, version: HTTP/1.1)
HTTP/1.1 200 OK
Content-Length: 52
Content-Type: application/json; charset=utf-8
cache-control: no-cache

19:22:19.144 [AsyncHttpClient-1-2] DEBUG org.asynchttpclient.netty.channel.ChannelManager - Adding key: http://localhost:48204 for channel [id: 0xfeb5ecf4, L:/127.0.0.1:51676 - R:localhost/127.0.0.1:48204]
19:22:19.145 [main] DEBUG net.thucydides.core.steps.StepInterceptor - STARTING STEP: CategorySteps.goToHomePage - clickToolbarTitle
19:22:19.148 [Forwarding findElement on session 7fcf69a0823549c43110e56c19d931bd to remote] DEBUG org.asynchttpclient.netty.request.NettyRequestSender - Using pooled Channel '[id: 0xfeb5ecf4, L:/127.0.0.1:51676 - R:localhost/127.0.0.1:48204]' for 'POST' to 'http://localhost:48204/session/7fcf69a0823549c43110e56c19d931bd/element'
19:22:19.148 [Forwarding findElement on session 7fcf69a0823549c43110e56c19d931bd to remote] DEBUG org.asynchttpclient.netty.request.NettyRequestSender - Using open Channel [id: 0xfeb5ecf4, L:/127.0.0.1:51676 - R:localhost/127.0.0.1:48204] for POST '/session/7fcf69a0823549c43110e56c19d931bd/element'
19:22:19.162 [AsyncHttpClient-1-2] DEBUG org.asynchttpclient.netty.handler.HttpHandler - 

Request DefaultHttpRequest(decodeResult: success, version: HTTP/1.1)
POST /session/7fcf69a0823549c43110e56c19d931bd/element HTTP/1.1
User-Agent: selenium/4.8.1 (java windows)
Content-Length: 63
Content-Type: application/json; charset=utf-8
host: localhost:48204
accept: */*

Response DefaultHttpResponse(decodeResult: success, version: HTTP/1.1)
HTTP/1.1 200 OK
Content-Length: 94
Content-Type: application/json; charset=utf-8
cache-control: no-cache

19:22:19.163 [AsyncHttpClient-1-2] DEBUG org.asynchttpclient.netty.channel.ChannelManager - Adding key: http://localhost:48204 for channel [id: 0xfeb5ecf4, L:/127.0.0.1:51676 - R:localhost/127.0.0.1:48204]
19:22:19.164 [Forwarding getElementTagName on session 7fcf69a0823549c43110e56c19d931bd to remote] DEBUG org.asynchttpclient.netty.request.NettyRequestSender - Using pooled Channel '[id: 0xfeb5ecf4, L:/127.0.0.1:51676 - R:localhost/127.0.0.1:48204]' for 'GET' to 'http://localhost:48204/session/7fcf69a0823549c43110e56c19d931bd/element/70D56BF90F1C608FB98AB3946C1264DD_element_5/name'
19:22:19.164 [Forwarding getElementTagName on session 7fcf69a0823549c43110e56c19d931bd to remote] DEBUG org.asynchttpclient.netty.request.NettyRequestSender - Using open Channel [id: 0xfeb5ecf4, L:/127.0.0.1:51676 - R:localhost/127.0.0.1:48204] for GET '/session/7fcf69a0823549c43110e56c19d931bd/element/70D56BF90F1C608FB98AB3946C1264DD_element_5/name'
19:22:19.168 [AsyncHttpClient-1-2] DEBUG org.asynchttpclient.netty.handler.HttpHandler - 

Request DefaultFullHttpRequest(decodeResult: success, version: HTTP/1.1, content: EmptyByteBufBE)
GET /session/7fcf69a0823549c43110e56c19d931bd/element/70D56BF90F1C608FB98AB3946C1264DD_element_5/name HTTP/1.1
User-Agent: selenium/4.8.1 (java windows)
Cache-Control: no-cache
Content-Type: application/json; charset=utf-8
host: localhost:48204
accept: */*

Response DefaultHttpResponse(decodeResult: success, version: HTTP/1.1)
HTTP/1.1 200 OK
Content-Length: 15
Content-Type: application/json; charset=utf-8
cache-control: no-cache

19:22:19.168 [AsyncHttpClient-1-2] DEBUG org.asynchttpclient.netty.channel.ChannelManager - Adding key: http://localhost:48204 for channel [id: 0xfeb5ecf4, L:/127.0.0.1:51676 - R:localhost/127.0.0.1:48204]
19:22:19.169 [Forwarding getElementTagName on session 7fcf69a0823549c43110e56c19d931bd to remote] DEBUG org.asynchttpclient.netty.request.NettyRequestSender - Using pooled Channel '[id: 0xfeb5ecf4, L:/127.0.0.1:51676 - R:localhost/127.0.0.1:48204]' for 'GET' to 'http://localhost:48204/session/7fcf69a0823549c43110e56c19d931bd/element/70D56BF90F1C608FB98AB3946C1264DD_element_5/name'
19:22:19.169 [Forwarding getElementTagName on session 7fcf69a0823549c43110e56c19d931bd to remote] DEBUG org.asynchttpclient.netty.request.NettyRequestSender - Using open Channel [id: 0xfeb5ecf4, L:/127.0.0.1:51676 - R:localhost/127.0.0.1:48204] for GET '/session/7fcf69a0823549c43110e56c19d931bd/element/70D56BF90F1C608FB98AB3946C1264DD_element_5/name'
19:22:19.172 [AsyncHttpClient-1-2] DEBUG org.asynchttpclient.netty.handler.HttpHandler - 

Request DefaultFullHttpRequest(decodeResult: success, version: HTTP/1.1, content: EmptyByteBufBE)
GET /session/7fcf69a0823549c43110e56c19d931bd/element/70D56BF90F1C608FB98AB3946C1264DD_element_5/name HTTP/1.1
User-Agent: selenium/4.8.1 (java windows)
Cache-Control: no-cache
Content-Type: application/json; charset=utf-8
host: localhost:48204
accept: */*

Response DefaultHttpResponse(decodeResult: success, version: HTTP/1.1)
HTTP/1.1 200 OK
Content-Length: 15
Content-Type: application/json; charset=utf-8
cache-control: no-cache

19:22:19.172 [AsyncHttpClient-1-2] DEBUG org.asynchttpclient.netty.channel.ChannelManager - Adding key: http://localhost:48204 for channel [id: 0xfeb5ecf4, L:/127.0.0.1:51676 - R:localhost/127.0.0.1:48204]
19:22:19.173 [Forwarding findElement on session 7fcf69a0823549c43110e56c19d931bd to remote] DEBUG org.asynchttpclient.netty.request.NettyRequestSender - Using pooled Channel '[id: 0xfeb5ecf4, L:/127.0.0.1:51676 - R:localhost/127.0.0.1:48204]' for 'POST' to 'http://localhost:48204/session/7fcf69a0823549c43110e56c19d931bd/element'
19:22:19.173 [Forwarding findElement on session 7fcf69a0823549c43110e56c19d931bd to remote] DEBUG org.asynchttpclient.netty.request.NettyRequestSender - Using open Channel [id: 0xfeb5ecf4, L:/127.0.0.1:51676 - R:localhost/127.0.0.1:48204] for POST '/session/7fcf69a0823549c43110e56c19d931bd/element'
19:22:19.179 [AsyncHttpClient-1-2] DEBUG org.asynchttpclient.netty.handler.HttpHandler - 

Request DefaultHttpRequest(decodeResult: success, version: HTTP/1.1)
POST /session/7fcf69a0823549c43110e56c19d931bd/element HTTP/1.1
User-Agent: selenium/4.8.1 (java windows)
Content-Length: 63
Content-Type: application/json; charset=utf-8
host: localhost:48204
accept: */*

Response DefaultHttpResponse(decodeResult: success, version: HTTP/1.1)
HTTP/1.1 200 OK
Content-Length: 94
Content-Type: application/json; charset=utf-8
cache-control: no-cache

19:22:19.179 [AsyncHttpClient-1-2] DEBUG org.asynchttpclient.netty.channel.ChannelManager - Adding key: http://localhost:48204 for channel [id: 0xfeb5ecf4, L:/127.0.0.1:51676 - R:localhost/127.0.0.1:48204]
19:22:19.180 [Forwarding clickElement on session 7fcf69a0823549c43110e56c19d931bd to remote] DEBUG org.asynchttpclient.netty.request.NettyRequestSender - Using pooled Channel '[id: 0xfeb5ecf4, L:/127.0.0.1:51676 - R:localhost/127.0.0.1:48204]' for 'POST' to 'http://localhost:48204/session/7fcf69a0823549c43110e56c19d931bd/element/70D56BF90F1C608FB98AB3946C1264DD_element_5/click'
19:22:19.180 [Forwarding clickElement on session 7fcf69a0823549c43110e56c19d931bd to remote] DEBUG org.asynchttpclient.netty.request.NettyRequestSender - Using open Channel [id: 0xfeb5ecf4, L:/127.0.0.1:51676 - R:localhost/127.0.0.1:48204] for POST '/session/7fcf69a0823549c43110e56c19d931bd/element/70D56BF90F1C608FB98AB3946C1264DD_element_5/click'
19:22:19.247 [AsyncHttpClient-1-2] DEBUG org.asynchttpclient.netty.handler.HttpHandler - 

Request DefaultHttpRequest(decodeResult: success, version: HTTP/1.1)
POST /session/7fcf69a0823549c43110e56c19d931bd/element/70D56BF90F1C608FB98AB3946C1264DD_element_5/click HTTP/1.1
User-Agent: selenium/4.8.1 (java windows)
Content-Length: 56
Content-Type: application/json; charset=utf-8
host: localhost:48204
accept: */*

Response DefaultHttpResponse(decodeResult: success, version: HTTP/1.1)
HTTP/1.1 200 OK
Content-Length: 14
Content-Type: application/json; charset=utf-8
cache-control: no-cache

19:22:19.247 [AsyncHttpClient-1-2] DEBUG org.asynchttpclient.netty.channel.ChannelManager - Adding key: http://localhost:48204 for channel [id: 0xfeb5ecf4, L:/127.0.0.1:51676 - R:localhost/127.0.0.1:48204]
19:22:19.253 [Forwarding getAlertText on session 7fcf69a0823549c43110e56c19d931bd to remote] DEBUG org.asynchttpclient.netty.request.NettyRequestSender - Using pooled Channel '[id: 0xfeb5ecf4, L:/127.0.0.1:51676 - R:localhost/127.0.0.1:48204]' for 'GET' to 'http://localhost:48204/session/7fcf69a0823549c43110e56c19d931bd/alert/text'
19:22:19.253 [Forwarding getAlertText on session 7fcf69a0823549c43110e56c19d931bd to remote] DEBUG org.asynchttpclient.netty.request.NettyRequestSender - Using open Channel [id: 0xfeb5ecf4, L:/127.0.0.1:51676 - R:localhost/127.0.0.1:48204] for GET '/session/7fcf69a0823549c43110e56c19d931bd/alert/text'
19:22:19.255 [AsyncHttpClient-1-2] DEBUG org.asynchttpclient.netty.handler.HttpHandler - 

Request DefaultFullHttpRequest(decodeResult: success, version: HTTP/1.1, content: EmptyByteBufBE)
GET /session/7fcf69a0823549c43110e56c19d931bd/alert/text HTTP/1.1
User-Agent: selenium/4.8.1 (java windows)
Cache-Control: no-cache
Content-Type: application/json; charset=utf-8
host: localhost:48204
accept: */*

Response DefaultHttpResponse(decodeResult: success, version: HTTP/1.1)
HTTP/1.1 404 Not Found
Content-Length: 847
Content-Type: application/json; charset=utf-8
cache-control: no-cache

19:22:19.255 [AsyncHttpClient-1-2] DEBUG org.asynchttpclient.netty.channel.ChannelManager - Adding key: http://localhost:48204 for channel [id: 0xfeb5ecf4, L:/127.0.0.1:51676 - R:localhost/127.0.0.1:48204]
19:22:19.255 [Forwarding getCurrentUrl on session 7fcf69a0823549c43110e56c19d931bd to remote] DEBUG org.asynchttpclient.netty.request.NettyRequestSender - Using pooled Channel '[id: 0xfeb5ecf4, L:/127.0.0.1:51676 - R:localhost/127.0.0.1:48204]' for 'GET' to 'http://localhost:48204/session/7fcf69a0823549c43110e56c19d931bd/url'
19:22:19.255 [Forwarding getCurrentUrl on session 7fcf69a0823549c43110e56c19d931bd to remote] DEBUG org.asynchttpclient.netty.request.NettyRequestSender - Using open Channel [id: 0xfeb5ecf4, L:/127.0.0.1:51676 - R:localhost/127.0.0.1:48204] for GET '/session/7fcf69a0823549c43110e56c19d931bd/url'
19:22:19.259 [AsyncHttpClient-1-2] DEBUG org.asynchttpclient.netty.handler.HttpHandler - 

Request DefaultFullHttpRequest(decodeResult: success, version: HTTP/1.1, content: EmptyByteBufBE)
GET /session/7fcf69a0823549c43110e56c19d931bd/url HTTP/1.1
User-Agent: selenium/4.8.1 (java windows)
Cache-Control: no-cache
Content-Type: application/json; charset=utf-8
host: localhost:48204
accept: */*

Response DefaultHttpResponse(decodeResult: success, version: HTTP/1.1)
HTTP/1.1 200 OK
Content-Length: 41
Content-Type: application/json; charset=utf-8
cache-control: no-cache

19:22:19.259 [AsyncHttpClient-1-2] DEBUG org.asynchttpclient.netty.channel.ChannelManager - Adding key: http://localhost:48204 for channel [id: 0xfeb5ecf4, L:/127.0.0.1:51676 - R:localhost/127.0.0.1:48204]
19:22:19.260 [Forwarding screenshot on session 7fcf69a0823549c43110e56c19d931bd to remote] DEBUG org.asynchttpclient.netty.request.NettyRequestSender - Using pooled Channel '[id: 0xfeb5ecf4, L:/127.0.0.1:51676 - R:localhost/127.0.0.1:48204]' for 'GET' to 'http://localhost:48204/session/7fcf69a0823549c43110e56c19d931bd/screenshot'
19:22:19.260 [Forwarding screenshot on session 7fcf69a0823549c43110e56c19d931bd to remote] DEBUG org.asynchttpclient.netty.request.NettyRequestSender - Using open Channel [id: 0xfeb5ecf4, L:/127.0.0.1:51676 - R:localhost/127.0.0.1:48204] for GET '/session/7fcf69a0823549c43110e56c19d931bd/screenshot'
19:22:19.440 [AsyncHttpClient-1-2] DEBUG org.asynchttpclient.netty.handler.HttpHandler - 

Request DefaultFullHttpRequest(decodeResult: success, version: HTTP/1.1, content: EmptyByteBufBE)
GET /session/7fcf69a0823549c43110e56c19d931bd/screenshot HTTP/1.1
User-Agent: selenium/4.8.1 (java windows)
Cache-Control: no-cache
Content-Type: application/json; charset=utf-8
host: localhost:48204
accept: */*

Response DefaultHttpResponse(decodeResult: success, version: HTTP/1.1)
HTTP/1.1 200 OK
Content-Length: 28760
Content-Type: application/json; charset=utf-8
cache-control: no-cache

19:22:19.441 [AsyncHttpClient-1-2] DEBUG org.asynchttpclient.netty.channel.ChannelManager - Adding key: http://localhost:48204 for channel [id: 0xfeb5ecf4, L:/127.0.0.1:51676 - R:localhost/127.0.0.1:48204]
19:22:19.443 [main] DEBUG net.serenitybdd.core.photography.Darkroom - Send negative for processing for target\site\serenity\c9a60e83f5ebb86e4ca159028bc1b30099aba1f47156fd9d3c8f8f274b24acda.png
19:22:19.443 [main] DEBUG net.thucydides.core.steps.StepInterceptor - STEP DONE: clickToolbarTitle
  &amp#27;[32mGiven &amp#27;[0m&amp#27;[32mI go to the alta shop home page&amp#27;[0m            &amp#27;[90m# starter.stepdefinitions.CategorySteps.goToHomePage()&amp#27;[0m
19:22:19.449 [Forwarding getPageSource on session 7fcf69a0823549c43110e56c19d931bd to remote] DEBUG org.asynchttpclient.netty.request.NettyRequestSender - Using pooled Channel '[id: 0xfeb5ecf4, L:/127.0.0.1:51676 - R:localhost/127.0.0.1:48204]' for 'POST' to 'http://localhost:48204/session/7fcf69a0823549c43110e56c19d931bd/execute/sync'
19:22:19.449 [Forwarding getPageSource on session 7fcf69a0823549c43110e56c19d931bd to remote] DEBUG org.asynchttpclient.netty.request.NettyRequestSender - Using open Channel [id: 0xfeb5ecf4, L:/127.0.0.1:51676 - R:localhost/127.0.0.1:48204] for POST '/session/7fcf69a0823549c43110e56c19d931bd/execute/sync'
19:22:19.460 [AsyncHttpClient-1-2] DEBUG org.asynchttpclient.netty.handler.HttpHandler - 

Request DefaultHttpRequest(decodeResult: success, version: HTTP/1.1)
POST /session/7fcf69a0823549c43110e56c19d931bd/execute/sync HTTP/1.1
User-Agent: selenium/4.8.1 (java windows)
Content-Length: 176
Content-Type: application/json; charset=utf-8
host: localhost:48204
accept: */*

Response DefaultHttpResponse(decodeResult: success, version: HTTP/1.1)
HTTP/1.1 200 OK
Content-Length: 28688
Content-Type: application/json; charset=utf-8
cache-control: no-cache

19:22:19.460 [AsyncHttpClient-1-2] DEBUG org.asynchttpclient.netty.channel.ChannelManager - Adding key: http://localhost:48204 for channel [id: 0xfeb5ecf4, L:/127.0.0.1:51676 - R:localhost/127.0.0.1:48204]
19:22:19.462 [Forwarding getCurrentUrl on session 7fcf69a0823549c43110e56c19d931bd to remote] DEBUG org.asynchttpclient.netty.request.NettyRequestSender - Using pooled Channel '[id: 0xfeb5ecf4, L:/127.0.0.1:51676 - R:localhost/127.0.0.1:48204]' for 'GET' to 'http://localhost:48204/session/7fcf69a0823549c43110e56c19d931bd/url'
19:22:19.462 [Forwarding getCurrentUrl on session 7fcf69a0823549c43110e56c19d931bd to remote] DEBUG org.asynchttpclient.netty.request.NettyRequestSender - Using open Channel [id: 0xfeb5ecf4, L:/127.0.0.1:51676 - R:localhost/127.0.0.1:48204] for GET '/session/7fcf69a0823549c43110e56c19d931bd/url'
19:22:19.466 [AsyncHttpClient-1-2] DEBUG org.asynchttpclient.netty.handler.HttpHandler - 

Request DefaultFullHttpRequest(decodeResult: success, version: HTTP/1.1, content: EmptyByteBufBE)
GET /session/7fcf69a0823549c43110e56c19d931bd/url HTTP/1.1
User-Agent: selenium/4.8.1 (java windows)
Cache-Control: no-cache
Content-Type: application/json; charset=utf-8
host: localhost:48204
accept: */*

Response DefaultHttpResponse(decodeResult: success, version: HTTP/1.1)
HTTP/1.1 200 OK
Content-Length: 41
Content-Type: application/json; charset=utf-8
cache-control: no-cache

19:22:19.466 [AsyncHttpClient-1-2] DEBUG org.asynchttpclient.netty.channel.ChannelManager - Adding key: http://localhost:48204 for channel [id: 0xfeb5ecf4, L:/127.0.0.1:51676 - R:localhost/127.0.0.1:48204]
19:22:19.506 [Forwarding getAlertText on session 7fcf69a0823549c43110e56c19d931bd to remote] DEBUG org.asynchttpclient.netty.request.NettyRequestSender - Using pooled Channel '[id: 0xfeb5ecf4, L:/127.0.0.1:51676 - R:localhost/127.0.0.1:48204]' for 'GET' to 'http://localhost:48204/session/7fcf69a0823549c43110e56c19d931bd/alert/text'
19:22:19.506 [Forwarding getAlertText on session 7fcf69a0823549c43110e56c19d931bd to remote] DEBUG org.asynchttpclient.netty.request.NettyRequestSender - Using open Channel [id: 0xfeb5ecf4, L:/127.0.0.1:51676 - R:localhost/127.0.0.1:48204] for GET '/session/7fcf69a0823549c43110e56c19d931bd/alert/text'
19:22:19.509 [AsyncHttpClient-1-2] DEBUG org.asynchttpclient.netty.handler.HttpHandler - 

Request DefaultFullHttpRequest(decodeResult: success, version: HTTP/1.1, content: EmptyByteBufBE)
GET /session/7fcf69a0823549c43110e56c19d931bd/alert/text HTTP/1.1
User-Agent: selenium/4.8.1 (java windows)
Cache-Control: no-cache
Content-Type: application/json; charset=utf-8
host: localhost:48204
accept: */*

Response DefaultHttpResponse(decodeResult: success, version: HTTP/1.1)
HTTP/1.1 404 Not Found
Content-Length: 847
Content-Type: application/json; charset=utf-8
cache-control: no-cache

19:22:19.509 [AsyncHttpClient-1-2] DEBUG org.asynchttpclient.netty.channel.ChannelManager - Adding key: http://localhost:48204 for channel [id: 0xfeb5ecf4, L:/127.0.0.1:51676 - R:localhost/127.0.0.1:48204]
19:22:19.510 [Forwarding getCurrentUrl on session 7fcf69a0823549c43110e56c19d931bd to remote] DEBUG org.asynchttpclient.netty.request.NettyRequestSender - Using pooled Channel '[id: 0xfeb5ecf4, L:/127.0.0.1:51676 - R:localhost/127.0.0.1:48204]' for 'GET' to 'http://localhost:48204/session/7fcf69a0823549c43110e56c19d931bd/url'
19:22:19.510 [Forwarding getCurrentUrl on session 7fcf69a0823549c43110e56c19d931bd to remote] DEBUG org.asynchttpclient.netty.request.NettyRequestSender - Using open Channel [id: 0xfeb5ecf4, L:/127.0.0.1:51676 - R:localhost/127.0.0.1:48204] for GET '/session/7fcf69a0823549c43110e56c19d931bd/url'
19:22:19.522 [AsyncHttpClient-1-2] DEBUG org.asynchttpclient.netty.handler.HttpHandler - 

Request DefaultFullHttpRequest(decodeResult: success, version: HTTP/1.1, content: EmptyByteBufBE)
GET /session/7fcf69a0823549c43110e56c19d931bd/url HTTP/1.1
User-Agent: selenium/4.8.1 (java windows)
Cache-Control: no-cache
Content-Type: application/json; charset=utf-8
host: localhost:48204
accept: */*

Response DefaultHttpResponse(decodeResult: success, version: HTTP/1.1)
HTTP/1.1 200 OK
Content-Length: 41
Content-Type: application/json; charset=utf-8
cache-control: no-cache

19:22:19.522 [AsyncHttpClient-1-2] DEBUG org.asynchttpclient.netty.channel.ChannelManager - Adding key: http://localhost:48204 for channel [id: 0xfeb5ecf4, L:/127.0.0.1:51676 - R:localhost/127.0.0.1:48204]
19:22:19.523 [Forwarding screenshot on session 7fcf69a0823549c43110e56c19d931bd to remote] DEBUG org.asynchttpclient.netty.request.NettyRequestSender - Using pooled Channel '[id: 0xfeb5ecf4, L:/127.0.0.1:51676 - R:localhost/127.0.0.1:48204]' for 'GET' to 'http://localhost:48204/session/7fcf69a0823549c43110e56c19d931bd/screenshot'
19:22:19.523 [Forwarding screenshot on session 7fcf69a0823549c43110e56c19d931bd to remote] DEBUG org.asynchttpclient.netty.request.NettyRequestSender - Using open Channel [id: 0xfeb5ecf4, L:/127.0.0.1:51676 - R:localhost/127.0.0.1:48204] for GET '/session/7fcf69a0823549c43110e56c19d931bd/screenshot'
19:22:19.698 [AsyncHttpClient-1-1] DEBUG org.asynchttpclient.netty.channel.DefaultChannelPool - Entry count for : http://localhost:51678 : 1
19:22:19.724 [AsyncHttpClient-1-2] DEBUG org.asynchttpclient.netty.handler.HttpHandler - 

Request DefaultFullHttpRequest(decodeResult: success, version: HTTP/1.1, content: EmptyByteBufBE)
GET /session/7fcf69a0823549c43110e56c19d931bd/screenshot HTTP/1.1
User-Agent: selenium/4.8.1 (java windows)
Cache-Control: no-cache
Content-Type: application/json; charset=utf-8
host: localhost:48204
accept: */*

Response DefaultHttpResponse(decodeResult: success, version: HTTP/1.1)
HTTP/1.1 200 OK
Content-Length: 35452
Content-Type: application/json; charset=utf-8
cache-control: no-cache

19:22:19.725 [AsyncHttpClient-1-2] DEBUG org.asynchttpclient.netty.channel.ChannelManager - Adding key: http://localhost:48204 for channel [id: 0xfeb5ecf4, L:/127.0.0.1:51676 - R:localhost/127.0.0.1:48204]
19:22:19.727 [main] DEBUG net.serenitybdd.core.photography.Darkroom - Send negative for processing for target\site\serenity\9886822f02c1a7574fe44fe05dffbb97faf01932fe24cc20ded8027759d583ef.png
19:22:19.729 [Forwarding getPageSource on session 7fcf69a0823549c43110e56c19d931bd to remote] DEBUG org.asynchttpclient.netty.request.NettyRequestSender - Using pooled Channel '[id: 0xfeb5ecf4, L:/127.0.0.1:51676 - R:localhost/127.0.0.1:48204]' for 'POST' to 'http://localhost:48204/session/7fcf69a0823549c43110e56c19d931bd/execute/sync'
19:22:19.729 [Forwarding getPageSource on session 7fcf69a0823549c43110e56c19d931bd to remote] DEBUG org.asynchttpclient.netty.request.NettyRequestSender - Using open Channel [id: 0xfeb5ecf4, L:/127.0.0.1:51676 - R:localhost/127.0.0.1:48204] for POST '/session/7fcf69a0823549c43110e56c19d931bd/execute/sync'
19:22:19.731 [Darkroom Processing Line] DEBUG net.serenitybdd.core.photography.DarkroomProcessingLine - Processing screenshot image in /var/screenshots/screenshot-7856337906920166649
19:22:19.731 [Darkroom Processing Line] DEBUG net.serenitybdd.core.photography.DarkroomProcessingLine - Saving screenshot to target\site\serenity\9886822f02c1a7574fe44fe05dffbb97faf01932fe24cc20ded8027759d583ef.png
19:22:19.747 [AsyncHttpClient-1-2] DEBUG org.asynchttpclient.netty.handler.HttpHandler - 

Request DefaultHttpRequest(decodeResult: success, version: HTTP/1.1)
POST /session/7fcf69a0823549c43110e56c19d931bd/execute/sync HTTP/1.1
User-Agent: selenium/4.8.1 (java windows)
Content-Length: 176
Content-Type: application/json; charset=utf-8
host: localhost:48204
accept: */*

Response DefaultHttpResponse(decodeResult: success, version: HTTP/1.1)
HTTP/1.1 200 OK
Content-Length: 28688
Content-Type: application/json; charset=utf-8
cache-control: no-cache

19:22:19.748 [AsyncHttpClient-1-2] DEBUG org.asynchttpclient.netty.channel.ChannelManager - Adding key: http://localhost:48204 for channel [id: 0xfeb5ecf4, L:/127.0.0.1:51676 - R:localhost/127.0.0.1:48204]
19:22:19.751 [Forwarding getCurrentUrl on session 7fcf69a0823549c43110e56c19d931bd to remote] DEBUG org.asynchttpclient.netty.request.NettyRequestSender - Using pooled Channel '[id: 0xfeb5ecf4, L:/127.0.0.1:51676 - R:localhost/127.0.0.1:48204]' for 'GET' to 'http://localhost:48204/session/7fcf69a0823549c43110e56c19d931bd/url'
19:22:19.751 [Forwarding getCurrentUrl on session 7fcf69a0823549c43110e56c19d931bd to remote] DEBUG org.asynchttpclient.netty.request.NettyRequestSender - Using open Channel [id: 0xfeb5ecf4, L:/127.0.0.1:51676 - R:localhost/127.0.0.1:48204] for GET '/session/7fcf69a0823549c43110e56c19d931bd/url'
19:22:19.763 [AsyncHttpClient-1-2] DEBUG org.asynchttpclient.netty.handler.HttpHandler - 

Request DefaultFullHttpRequest(decodeResult: success, version: HTTP/1.1, content: EmptyByteBufBE)
GET /session/7fcf69a0823549c43110e56c19d931bd/url HTTP/1.1
User-Agent: selenium/4.8.1 (java windows)
Cache-Control: no-cache
Content-Type: application/json; charset=utf-8
host: localhost:48204
accept: */*

Response DefaultHttpResponse(decodeResult: success, version: HTTP/1.1)
HTTP/1.1 200 OK
Content-Length: 41
Content-Type: application/json; charset=utf-8
cache-control: no-cache

19:22:19.763 [AsyncHttpClient-1-2] DEBUG org.asynchttpclient.netty.channel.ChannelManager - Adding key: http://localhost:48204 for channel [id: 0xfeb5ecf4, L:/127.0.0.1:51676 - R:localhost/127.0.0.1:48204]
19:22:19.766 [main] DEBUG net.thucydides.core.steps.StepInterceptor - STARTING STEP: ProductSteps.clickBeliButton - clickBeliButton
19:22:19.769 [Forwarding findElement on session 7fcf69a0823549c43110e56c19d931bd to remote] DEBUG org.asynchttpclient.netty.request.NettyRequestSender - Using pooled Channel '[id: 0xfeb5ecf4, L:/127.0.0.1:51676 - R:localhost/127.0.0.1:48204]' for 'POST' to 'http://localhost:48204/session/7fcf69a0823549c43110e56c19d931bd/element'
19:22:19.769 [Forwarding findElement on session 7fcf69a0823549c43110e56c19d931bd to remote] DEBUG org.asynchttpclient.netty.request.NettyRequestSender - Using open Channel [id: 0xfeb5ecf4, L:/127.0.0.1:51676 - R:localhost/127.0.0.1:48204] for POST '/session/7fcf69a0823549c43110e56c19d931bd/element'
19:22:20.798 [AsyncHttpClient-1-1] DEBUG org.asynchttpclient.netty.channel.DefaultChannelPool - Entry count for : http://localhost:51678 : 1
19:22:21.834 [AsyncHttpClient-1-2] DEBUG org.asynchttpclient.netty.handler.HttpHandler - 

Request DefaultHttpRequest(decodeResult: success, version: HTTP/1.1)
POST /session/7fcf69a0823549c43110e56c19d931bd/element HTTP/1.1
User-Agent: selenium/4.8.1 (java windows)
Content-Length: 173
Content-Type: application/json; charset=utf-8
host: localhost:48204
accept: */*

Response DefaultHttpResponse(decodeResult: success, version: HTTP/1.1)
HTTP/1.1 404 Not Found
Content-Length: 1063
Content-Type: application/json; charset=utf-8
cache-control: no-cache

19:22:21.834 [AsyncHttpClient-1-2] DEBUG org.asynchttpclient.netty.channel.ChannelManager - Adding key: http://localhost:48204 for channel [id: 0xfeb5ecf4, L:/127.0.0.1:51676 - R:localhost/127.0.0.1:48204]
19:22:21.897 [AsyncHttpClient-1-1] DEBUG org.asynchttpclient.netty.channel.DefaultChannelPool - Entry count for : http://localhost:48204 : 1
19:22:21.897 [AsyncHttpClient-1-1] DEBUG org.asynchttpclient.netty.channel.DefaultChannelPool - Entry count for : http://localhost:51678 : 1
19:22:21.937 [Forwarding findElement on session 7fcf69a0823549c43110e56c19d931bd to remote] DEBUG org.asynchttpclient.netty.request.NettyRequestSender - Using pooled Channel '[id: 0xfeb5ecf4, L:/127.0.0.1:51676 - R:localhost/127.0.0.1:48204]' for 'POST' to 'http://localhost:48204/session/7fcf69a0823549c43110e56c19d931bd/element'
19:22:21.937 [Forwarding findElement on session 7fcf69a0823549c43110e56c19d931bd to remote] DEBUG org.asynchttpclient.netty.request.NettyRequestSender - Using open Channel [id: 0xfeb5ecf4, L:/127.0.0.1:51676 - R:localhost/127.0.0.1:48204] for POST '/session/7fcf69a0823549c43110e56c19d931bd/element'
19:22:22.998 [AsyncHttpClient-1-1] DEBUG org.asynchttpclient.netty.channel.DefaultChannelPool - Entry count for : http://localhost:51678 : 1
19:22:24.097 [AsyncHttpClient-1-1] DEBUG org.asynchttpclient.netty.channel.DefaultChannelPool - Entry count for : http://localhost:51678 : 1
19:22:25.198 [AsyncHttpClient-1-1] DEBUG org.asynchttpclient.netty.channel.DefaultChannelPool - Entry count for : http://localhost:51678 : 1
19:22:26.298 [AsyncHttpClient-1-1] DEBUG org.asynchttpclient.netty.channel.DefaultChannelPool - Entry count for : http://localhost:51678 : 1
19:22:27.400 [AsyncHttpClient-1-1] DEBUG org.asynchttpclient.netty.channel.DefaultChannelPool - Entry count for : http://localhost:51678 : 1
19:22:28.497 [AsyncHttpClient-1-1] DEBUG org.asynchttpclient.netty.channel.DefaultChannelPool - Entry count for : http://localhost:51678 : 1
19:22:29.600 [AsyncHttpClient-1-1] DEBUG org.asynchttpclient.netty.channel.DefaultChannelPool - Entry count for : http://localhost:51678 : 1
19:22:30.697 [AsyncHttpClient-1-1] DEBUG org.asynchttpclient.netty.channel.DefaultChannelPool - Entry count for : http://localhost:51678 : 1
19:22:31.802 [AsyncHttpClient-1-1] DEBUG org.asynchttpclient.netty.channel.DefaultChannelPool - Entry count for : http://localhost:51678 : 1
19:22:32.899 [AsyncHttpClient-1-1] DEBUG org.asynchttpclient.netty.channel.DefaultChannelPool - Entry count for : http://localhost:51678 : 1
19:22:34.012 [AsyncHttpClient-1-1] DEBUG org.asynchttpclient.netty.channel.DefaultChannelPool - Entry count for : http://localhost:51678 : 1
19:22:35.098 [AsyncHttpClient-1-1] DEBUG org.asynchttpclient.netty.channel.DefaultChannelPool - Entry count for : http://localhost:51678 : 1
19:22:36.198 [AsyncHttpClient-1-1] DEBUG org.asynchttpclient.netty.channel.DefaultChannelPool - Entry count for : http://localhost:51678 : 1
19:22:37.303 [AsyncHttpClient-1-1] DEBUG org.asynchttpclient.netty.channel.DefaultChannelPool - Entry count for : http://localhost:51678 : 1
19:22:38.405 [AsyncHttpClient-1-1] DEBUG org.asynchttpclient.netty.channel.DefaultChannelPool - Entry count for : http://localhost:51678 : 1
19:22:39.502 [AsyncHttpClient-1-1] DEBUG org.asynchttpclient.netty.channel.DefaultChannelPool - Entry count for : http://localhost:51678 : 1
19:22:40.597 [AsyncHttpClient-1-1] DEBUG org.asynchttpclient.netty.channel.DefaultChannelPool - Entry count for : http://localhost:51678 : 1
19:22:41.707 [AsyncHttpClient-1-1] DEBUG org.asynchttpclient.netty.channel.DefaultChannelPool - Entry count for : http://localhost:51678 : 1
19:22:42.797 [AsyncHttpClient-1-1] DEBUG org.asynchttpclient.netty.channel.DefaultChannelPool - Entry count for : http://localhost:51678 : 1
19:22:43.902 [AsyncHttpClient-1-1] DEBUG org.asynchttpclient.netty.channel.DefaultChannelPool - Entry count for : http://localhost:51678 : 1
19:22:45.002 [AsyncHttpClient-1-1] DEBUG org.asynchttpclient.netty.channel.DefaultChannelPool - Entry count for : http://localhost:51678 : 1
19:22:45.474 [AsyncHttpClient-1-2] DEBUG org.asynchttpclient.netty.handler.HttpHandler - 

Request DefaultHttpRequest(decodeResult: success, version: HTTP/1.1)
POST /session/7fcf69a0823549c43110e56c19d931bd/element HTTP/1.1
User-Agent: selenium/4.8.1 (java windows)
Content-Length: 173
Content-Type: application/json; charset=utf-8
host: localhost:48204
accept: */*

Response DefaultHttpResponse(decodeResult: success, version: HTTP/1.1)
HTTP/1.1 200 OK
Content-Length: 95
Content-Type: application/json; charset=utf-8
cache-control: no-cache

19:22:45.474 [AsyncHttpClient-1-2] DEBUG org.asynchttpclient.netty.channel.ChannelManager - Adding key: http://localhost:48204 for channel [id: 0xfeb5ecf4, L:/127.0.0.1:51676 - R:localhost/127.0.0.1:48204]
19:22:45.475 [Forwarding getElementTagName on session 7fcf69a0823549c43110e56c19d931bd to remote] DEBUG org.asynchttpclient.netty.request.NettyRequestSender - Using pooled Channel '[id: 0xfeb5ecf4, L:/127.0.0.1:51676 - R:localhost/127.0.0.1:48204]' for 'GET' to 'http://localhost:48204/session/7fcf69a0823549c43110e56c19d931bd/element/70D56BF90F1C608FB98AB3946C1264DD_element_10/name'
19:22:45.475 [Forwarding getElementTagName on session 7fcf69a0823549c43110e56c19d931bd to remote] DEBUG org.asynchttpclient.netty.request.NettyRequestSender - Using open Channel [id: 0xfeb5ecf4, L:/127.0.0.1:51676 - R:localhost/127.0.0.1:48204] for GET '/session/7fcf69a0823549c43110e56c19d931bd/element/70D56BF90F1C608FB98AB3946C1264DD_element_10/name'
19:22:45.480 [AsyncHttpClient-1-2] DEBUG org.asynchttpclient.netty.handler.HttpHandler - 

Request DefaultFullHttpRequest(decodeResult: success, version: HTTP/1.1, content: EmptyByteBufBE)
GET /session/7fcf69a0823549c43110e56c19d931bd/element/70D56BF90F1C608FB98AB3946C1264DD_element_10/name HTTP/1.1
User-Agent: selenium/4.8.1 (java windows)
Cache-Control: no-cache
Content-Type: application/json; charset=utf-8
host: localhost:48204
accept: */*

Response DefaultHttpResponse(decodeResult: success, version: HTTP/1.1)
HTTP/1.1 200 OK
Content-Length: 18
Content-Type: application/json; charset=utf-8
cache-control: no-cache

19:22:45.480 [AsyncHttpClient-1-2] DEBUG org.asynchttpclient.netty.channel.ChannelManager - Adding key: http://localhost:48204 for channel [id: 0xfeb5ecf4, L:/127.0.0.1:51676 - R:localhost/127.0.0.1:48204]
19:22:45.481 [Forwarding getElementTagName on session 7fcf69a0823549c43110e56c19d931bd to remote] DEBUG org.asynchttpclient.netty.request.NettyRequestSender - Using pooled Channel '[id: 0xfeb5ecf4, L:/127.0.0.1:51676 - R:localhost/127.0.0.1:48204]' for 'GET' to 'http://localhost:48204/session/7fcf69a0823549c43110e56c19d931bd/element/70D56BF90F1C608FB98AB3946C1264DD_element_10/name'
19:22:45.481 [Forwarding getElementTagName on session 7fcf69a0823549c43110e56c19d931bd to remote] DEBUG org.asynchttpclient.netty.request.NettyRequestSender - Using open Channel [id: 0xfeb5ecf4, L:/127.0.0.1:51676 - R:localhost/127.0.0.1:48204] for GET '/session/7fcf69a0823549c43110e56c19d931bd/element/70D56BF90F1C608FB98AB3946C1264DD_element_10/name'
19:22:45.485 [AsyncHttpClient-1-2] DEBUG org.asynchttpclient.netty.handler.HttpHandler - 

Request DefaultFullHttpRequest(decodeResult: success, version: HTTP/1.1, content: EmptyByteBufBE)
GET /session/7fcf69a0823549c43110e56c19d931bd/element/70D56BF90F1C608FB98AB3946C1264DD_element_10/name HTTP/1.1
User-Agent: selenium/4.8.1 (java windows)
Cache-Control: no-cache
Content-Type: application/json; charset=utf-8
host: localhost:48204
accept: */*

Response DefaultHttpResponse(decodeResult: success, version: HTTP/1.1)
HTTP/1.1 200 OK
Content-Length: 18
Content-Type: application/json; charset=utf-8
cache-control: no-cache

19:22:45.486 [AsyncHttpClient-1-2] DEBUG org.asynchttpclient.netty.channel.ChannelManager - Adding key: http://localhost:48204 for channel [id: 0xfeb5ecf4, L:/127.0.0.1:51676 - R:localhost/127.0.0.1:48204]
19:22:45.487 [Forwarding isElementEnabled on session 7fcf69a0823549c43110e56c19d931bd to remote] DEBUG org.asynchttpclient.netty.request.NettyRequestSender - Using pooled Channel '[id: 0xfeb5ecf4, L:/127.0.0.1:51676 - R:localhost/127.0.0.1:48204]' for 'GET' to 'http://localhost:48204/session/7fcf69a0823549c43110e56c19d931bd/element/70D56BF90F1C608FB98AB3946C1264DD_element_10/enabled'
19:22:45.487 [Forwarding isElementEnabled on session 7fcf69a0823549c43110e56c19d931bd to remote] DEBUG org.asynchttpclient.netty.request.NettyRequestSender - Using open Channel [id: 0xfeb5ecf4, L:/127.0.0.1:51676 - R:localhost/127.0.0.1:48204] for GET '/session/7fcf69a0823549c43110e56c19d931bd/element/70D56BF90F1C608FB98AB3946C1264DD_element_10/enabled'
19:22:45.500 [AsyncHttpClient-1-2] DEBUG org.asynchttpclient.netty.handler.HttpHandler - 

Request DefaultFullHttpRequest(decodeResult: success, version: HTTP/1.1, content: EmptyByteBufBE)
GET /session/7fcf69a0823549c43110e56c19d931bd/element/70D56BF90F1C608FB98AB3946C1264DD_element_10/enabled HTTP/1.1
User-Agent: selenium/4.8.1 (java windows)
Cache-Control: no-cache
Content-Type: application/json; charset=utf-8
host: localhost:48204
accept: */*

Response DefaultHttpResponse(decodeResult: success, version: HTTP/1.1)
HTTP/1.1 200 OK
Content-Length: 14
Content-Type: application/json; charset=utf-8
cache-control: no-cache

19:22:45.500 [AsyncHttpClient-1-2] DEBUG org.asynchttpclient.netty.channel.ChannelManager - Adding key: http://localhost:48204 for channel [id: 0xfeb5ecf4, L:/127.0.0.1:51676 - R:localhost/127.0.0.1:48204]
19:22:45.501 [Forwarding isElementEnabled on session 7fcf69a0823549c43110e56c19d931bd to remote] DEBUG org.asynchttpclient.netty.request.NettyRequestSender - Using pooled Channel '[id: 0xfeb5ecf4, L:/127.0.0.1:51676 - R:localhost/127.0.0.1:48204]' for 'GET' to 'http://localhost:48204/session/7fcf69a0823549c43110e56c19d931bd/element/70D56BF90F1C608FB98AB3946C1264DD_element_10/enabled'
19:22:45.501 [Forwarding isElementEnabled on session 7fcf69a0823549c43110e56c19d931bd to remote] DEBUG org.asynchttpclient.netty.request.NettyRequestSender - Using open Channel [id: 0xfeb5ecf4, L:/127.0.0.1:51676 - R:localhost/127.0.0.1:48204] for GET '/session/7fcf69a0823549c43110e56c19d931bd/element/70D56BF90F1C608FB98AB3946C1264DD_element_10/enabled'
19:22:45.507 [AsyncHttpClient-1-2] DEBUG org.asynchttpclient.netty.handler.HttpHandler - 

Request DefaultFullHttpRequest(decodeResult: success, version: HTTP/1.1, content: EmptyByteBufBE)
GET /session/7fcf69a0823549c43110e56c19d931bd/element/70D56BF90F1C608FB98AB3946C1264DD_element_10/enabled HTTP/1.1
User-Agent: selenium/4.8.1 (java windows)
Cache-Control: no-cache
Content-Type: application/json; charset=utf-8
host: localhost:48204
accept: */*

Response DefaultHttpResponse(decodeResult: success, version: HTTP/1.1)
HTTP/1.1 200 OK
Content-Length: 14
Content-Type: application/json; charset=utf-8
cache-control: no-cache

19:22:45.507 [AsyncHttpClient-1-2] DEBUG org.asynchttpclient.netty.channel.ChannelManager - Adding key: http://localhost:48204 for channel [id: 0xfeb5ecf4, L:/127.0.0.1:51676 - R:localhost/127.0.0.1:48204]
19:22:45.508 [Forwarding findElement on session 7fcf69a0823549c43110e56c19d931bd to remote] DEBUG org.asynchttpclient.netty.request.NettyRequestSender - Using pooled Channel '[id: 0xfeb5ecf4, L:/127.0.0.1:51676 - R:localhost/127.0.0.1:48204]' for 'POST' to 'http://localhost:48204/session/7fcf69a0823549c43110e56c19d931bd/element'
19:22:45.508 [Forwarding findElement on session 7fcf69a0823549c43110e56c19d931bd to remote] DEBUG org.asynchttpclient.netty.request.NettyRequestSender - Using open Channel [id: 0xfeb5ecf4, L:/127.0.0.1:51676 - R:localhost/127.0.0.1:48204] for POST '/session/7fcf69a0823549c43110e56c19d931bd/element'
19:22:45.556 [AsyncHttpClient-1-2] DEBUG org.asynchttpclient.netty.handler.HttpHandler - 

Request DefaultHttpRequest(decodeResult: success, version: HTTP/1.1)
POST /session/7fcf69a0823549c43110e56c19d931bd/element HTTP/1.1
User-Agent: selenium/4.8.1 (java windows)
Content-Length: 173
Content-Type: application/json; charset=utf-8
host: localhost:48204
accept: */*

Response DefaultHttpResponse(decodeResult: success, version: HTTP/1.1)
HTTP/1.1 200 OK
Content-Length: 95
Content-Type: application/json; charset=utf-8
cache-control: no-cache

19:22:45.556 [AsyncHttpClient-1-2] DEBUG org.asynchttpclient.netty.channel.ChannelManager - Adding key: http://localhost:48204 for channel [id: 0xfeb5ecf4, L:/127.0.0.1:51676 - R:localhost/127.0.0.1:48204]
19:22:45.557 [Forwarding clickElement on session 7fcf69a0823549c43110e56c19d931bd to remote] DEBUG org.asynchttpclient.netty.request.NettyRequestSender - Using pooled Channel '[id: 0xfeb5ecf4, L:/127.0.0.1:51676 - R:localhost/127.0.0.1:48204]' for 'POST' to 'http://localhost:48204/session/7fcf69a0823549c43110e56c19d931bd/element/70D56BF90F1C608FB98AB3946C1264DD_element_10/click'
19:22:45.557 [Forwarding clickElement on session 7fcf69a0823549c43110e56c19d931bd to remote] DEBUG org.asynchttpclient.netty.request.NettyRequestSender - Using open Channel [id: 0xfeb5ecf4, L:/127.0.0.1:51676 - R:localhost/127.0.0.1:48204] for POST '/session/7fcf69a0823549c43110e56c19d931bd/element/70D56BF90F1C608FB98AB3946C1264DD_element_10/click'
19:22:46.097 [AsyncHttpClient-1-1] DEBUG org.asynchttpclient.netty.channel.DefaultChannelPool - Entry count for : http://localhost:51678 : 1
19:22:46.247 [AsyncHttpClient-1-2] DEBUG org.asynchttpclient.netty.handler.HttpHandler - 

Request DefaultHttpRequest(decodeResult: success, version: HTTP/1.1)
POST /session/7fcf69a0823549c43110e56c19d931bd/element/70D56BF90F1C608FB98AB3946C1264DD_element_10/click HTTP/1.1
User-Agent: selenium/4.8.1 (java windows)
Content-Length: 57
Content-Type: application/json; charset=utf-8
host: localhost:48204
accept: */*

Response DefaultHttpResponse(decodeResult: success, version: HTTP/1.1)
HTTP/1.1 200 OK
Content-Length: 14
Content-Type: application/json; charset=utf-8
cache-control: no-cache

19:22:46.247 [AsyncHttpClient-1-2] DEBUG org.asynchttpclient.netty.channel.ChannelManager - Adding key: http://localhost:48204 for channel [id: 0xfeb5ecf4, L:/127.0.0.1:51676 - R:localhost/127.0.0.1:48204]
19:22:46.257 [Forwarding getAlertText on session 7fcf69a0823549c43110e56c19d931bd to remote] DEBUG org.asynchttpclient.netty.request.NettyRequestSender - Using pooled Channel '[id: 0xfeb5ecf4, L:/127.0.0.1:51676 - R:localhost/127.0.0.1:48204]' for 'GET' to 'http://localhost:48204/session/7fcf69a0823549c43110e56c19d931bd/alert/text'
19:22:46.257 [Forwarding getAlertText on session 7fcf69a0823549c43110e56c19d931bd to remote] DEBUG org.asynchttpclient.netty.request.NettyRequestSender - Using open Channel [id: 0xfeb5ecf4, L:/127.0.0.1:51676 - R:localhost/127.0.0.1:48204] for GET '/session/7fcf69a0823549c43110e56c19d931bd/alert/text'
19:22:46.581 [AsyncHttpClient-1-2] DEBUG org.asynchttpclient.netty.handler.HttpHandler - 

Request DefaultFullHttpRequest(decodeResult: success, version: HTTP/1.1, content: EmptyByteBufBE)
GET /session/7fcf69a0823549c43110e56c19d931bd/alert/text HTTP/1.1
User-Agent: selenium/4.8.1 (java windows)
Cache-Control: no-cache
Content-Type: application/json; charset=utf-8
host: localhost:48204
accept: */*

Response DefaultHttpResponse(decodeResult: success, version: HTTP/1.1)
HTTP/1.1 404 Not Found
Content-Length: 847
Content-Type: application/json; charset=utf-8
cache-control: no-cache

19:22:46.581 [AsyncHttpClient-1-2] DEBUG org.asynchttpclient.netty.channel.ChannelManager - Adding key: http://localhost:48204 for channel [id: 0xfeb5ecf4, L:/127.0.0.1:51676 - R:localhost/127.0.0.1:48204]
19:22:46.582 [Forwarding getCurrentUrl on session 7fcf69a0823549c43110e56c19d931bd to remote] DEBUG org.asynchttpclient.netty.request.NettyRequestSender - Using pooled Channel '[id: 0xfeb5ecf4, L:/127.0.0.1:51676 - R:localhost/127.0.0.1:48204]' for 'GET' to 'http://localhost:48204/session/7fcf69a0823549c43110e56c19d931bd/url'
19:22:46.582 [Forwarding getCurrentUrl on session 7fcf69a0823549c43110e56c19d931bd to remote] DEBUG org.asynchttpclient.netty.request.NettyRequestSender - Using open Channel [id: 0xfeb5ecf4, L:/127.0.0.1:51676 - R:localhost/127.0.0.1:48204] for GET '/session/7fcf69a0823549c43110e56c19d931bd/url'
19:22:47.198 [AsyncHttpClient-1-1] DEBUG org.asynchttpclient.netty.channel.DefaultChannelPool - Entry count for : http://localhost:51678 : 1
19:22:47.198 [AsyncHttpClient-1-2] DEBUG org.asynchttpclient.netty.handler.HttpHandler - 

Request DefaultFullHttpRequest(decodeResult: success, version: HTTP/1.1, content: EmptyByteBufBE)
GET /session/7fcf69a0823549c43110e56c19d931bd/url HTTP/1.1
User-Agent: selenium/4.8.1 (java windows)
Cache-Control: no-cache
Content-Type: application/json; charset=utf-8
host: localhost:48204
accept: */*

Response DefaultHttpResponse(decodeResult: success, version: HTTP/1.1)
HTTP/1.1 200 OK
Content-Length: 41
Content-Type: application/json; charset=utf-8
cache-control: no-cache

19:22:47.198 [AsyncHttpClient-1-2] DEBUG org.asynchttpclient.netty.channel.ChannelManager - Adding key: http://localhost:48204 for channel [id: 0xfeb5ecf4, L:/127.0.0.1:51676 - R:localhost/127.0.0.1:48204]
19:22:47.198 [Forwarding screenshot on session 7fcf69a0823549c43110e56c19d931bd to remote] DEBUG org.asynchttpclient.netty.request.NettyRequestSender - Using pooled Channel '[id: 0xfeb5ecf4, L:/127.0.0.1:51676 - R:localhost/127.0.0.1:48204]' for 'GET' to 'http://localhost:48204/session/7fcf69a0823549c43110e56c19d931bd/screenshot'
19:22:47.198 [Forwarding screenshot on session 7fcf69a0823549c43110e56c19d931bd to remote] DEBUG org.asynchttpclient.netty.request.NettyRequestSender - Using open Channel [id: 0xfeb5ecf4, L:/127.0.0.1:51676 - R:localhost/127.0.0.1:48204] for GET '/session/7fcf69a0823549c43110e56c19d931bd/screenshot'
19:22:47.287 [AsyncHttpClient-1-2] DEBUG org.asynchttpclient.netty.handler.HttpHandler - 

Request DefaultFullHttpRequest(decodeResult: success, version: HTTP/1.1, content: EmptyByteBufBE)
GET /session/7fcf69a0823549c43110e56c19d931bd/screenshot HTTP/1.1
User-Agent: selenium/4.8.1 (java windows)
Cache-Control: no-cache
Content-Type: application/json; charset=utf-8
host: localhost:48204
accept: */*

Response DefaultHttpResponse(decodeResult: success, version: HTTP/1.1)
HTTP/1.1 200 OK
Content-Length: 111924
Content-Type: application/json; charset=utf-8
cache-control: no-cache

19:22:47.287 [AsyncHttpClient-1-2] DEBUG org.asynchttpclient.netty.channel.ChannelManager - Adding key: http://localhost:48204 for channel [id: 0xfeb5ecf4, L:/127.0.0.1:51676 - R:localhost/127.0.0.1:48204]
19:22:47.290 [main] DEBUG net.serenitybdd.core.photography.Darkroom - Send negative for processing for target\site\serenity\f76c085c44407161efbdf874a54231ca8370ca3200e19d7566a8fb4c9f56f215.png
19:22:47.291 [main] DEBUG net.thucydides.core.steps.StepInterceptor - STEP DONE: clickBeliButton
  &amp#27;[32mWhen &amp#27;[0m&amp#27;[32mI click BELI button from the product&amp#27;[0m        &amp#27;[90m# starter.stepdefinitions.ProductSteps.clickBeliButton()&amp#27;[0m
19:22:47.291 [Darkroom Processing Line] DEBUG net.serenitybdd.core.photography.DarkroomProcessingLine - Processing screenshot image in /var/screenshots/screenshot-9276963823634501897
19:22:47.291 [Darkroom Processing Line] DEBUG net.serenitybdd.core.photography.DarkroomProcessingLine - Saving screenshot to target\site\serenity\f76c085c44407161efbdf874a54231ca8370ca3200e19d7566a8fb4c9f56f215.png
19:22:47.297 [Forwarding getPageSource on session 7fcf69a0823549c43110e56c19d931bd to remote] DEBUG org.asynchttpclient.netty.request.NettyRequestSender - Using pooled Channel '[id: 0xfeb5ecf4, L:/127.0.0.1:51676 - R:localhost/127.0.0.1:48204]' for 'POST' to 'http://localhost:48204/session/7fcf69a0823549c43110e56c19d931bd/execute/sync'
19:22:47.297 [Forwarding getPageSource on session 7fcf69a0823549c43110e56c19d931bd to remote] DEBUG org.asynchttpclient.netty.request.NettyRequestSender - Using open Channel [id: 0xfeb5ecf4, L:/127.0.0.1:51676 - R:localhost/127.0.0.1:48204] for POST '/session/7fcf69a0823549c43110e56c19d931bd/execute/sync'
19:22:48.302 [AsyncHttpClient-1-1] DEBUG org.asynchttpclient.netty.channel.DefaultChannelPool - Entry count for : http://localhost:51678 : 1
19:22:48.310 [AsyncHttpClient-1-2] DEBUG org.asynchttpclient.netty.handler.HttpHandler - 

Request DefaultHttpRequest(decodeResult: success, version: HTTP/1.1)
POST /session/7fcf69a0823549c43110e56c19d931bd/execute/sync HTTP/1.1
User-Agent: selenium/4.8.1 (java windows)
Content-Length: 176
Content-Type: application/json; charset=utf-8
host: localhost:48204
accept: */*

Response DefaultHttpResponse(decodeResult: success, version: HTTP/1.1)
HTTP/1.1 200 OK
Content-Length: 7402695
Content-Type: application/json; charset=utf-8
cache-control: no-cache

19:22:48.350 [AsyncHttpClient-1-2] DEBUG org.asynchttpclient.netty.channel.ChannelManager - Adding key: http://localhost:48204 for channel [id: 0xfeb5ecf4, L:/127.0.0.1:51676 - R:localhost/127.0.0.1:48204]
19:22:49.008 [Forwarding getCurrentUrl on session 7fcf69a0823549c43110e56c19d931bd to remote] DEBUG org.asynchttpclient.netty.request.NettyRequestSender - Using pooled Channel '[id: 0xfeb5ecf4, L:/127.0.0.1:51676 - R:localhost/127.0.0.1:48204]' for 'GET' to 'http://localhost:48204/session/7fcf69a0823549c43110e56c19d931bd/url'
19:22:49.008 [Forwarding getCurrentUrl on session 7fcf69a0823549c43110e56c19d931bd to remote] DEBUG org.asynchttpclient.netty.request.NettyRequestSender - Using open Channel [id: 0xfeb5ecf4, L:/127.0.0.1:51676 - R:localhost/127.0.0.1:48204] for GET '/session/7fcf69a0823549c43110e56c19d931bd/url'
19:22:49.023 [AsyncHttpClient-1-2] DEBUG org.asynchttpclient.netty.handler.HttpHandler - 

Request DefaultFullHttpRequest(decodeResult: success, version: HTTP/1.1, content: EmptyByteBufBE)
GET /session/7fcf69a0823549c43110e56c19d931bd/url HTTP/1.1
User-Agent: selenium/4.8.1 (java windows)
Cache-Control: no-cache
Content-Type: application/json; charset=utf-8
host: localhost:48204
accept: */*

Response DefaultHttpResponse(decodeResult: success, version: HTTP/1.1)
HTTP/1.1 200 OK
Content-Length: 41
Content-Type: application/json; charset=utf-8
cache-control: no-cache

19:22:49.023 [AsyncHttpClient-1-2] DEBUG org.asynchttpclient.netty.channel.ChannelManager - Adding key: http://localhost:48204 for channel [id: 0xfeb5ecf4, L:/127.0.0.1:51676 - R:localhost/127.0.0.1:48204]
19:22:49.061 [Forwarding getAlertText on session 7fcf69a0823549c43110e56c19d931bd to remote] DEBUG org.asynchttpclient.netty.request.NettyRequestSender - Using pooled Channel '[id: 0xfeb5ecf4, L:/127.0.0.1:51676 - R:localhost/127.0.0.1:48204]' for 'GET' to 'http://localhost:48204/session/7fcf69a0823549c43110e56c19d931bd/alert/text'
19:22:49.061 [Forwarding getAlertText on session 7fcf69a0823549c43110e56c19d931bd to remote] DEBUG org.asynchttpclient.netty.request.NettyRequestSender - Using open Channel [id: 0xfeb5ecf4, L:/127.0.0.1:51676 - R:localhost/127.0.0.1:48204] for GET '/session/7fcf69a0823549c43110e56c19d931bd/alert/text'
19:22:49.062 [AsyncHttpClient-1-2] DEBUG org.asynchttpclient.netty.handler.HttpHandler - 

Request DefaultFullHttpRequest(decodeResult: success, version: HTTP/1.1, content: EmptyByteBufBE)
GET /session/7fcf69a0823549c43110e56c19d931bd/alert/text HTTP/1.1
User-Agent: selenium/4.8.1 (java windows)
Cache-Control: no-cache
Content-Type: application/json; charset=utf-8
host: localhost:48204
accept: */*

Response DefaultHttpResponse(decodeResult: success, version: HTTP/1.1)
HTTP/1.1 404 Not Found
Content-Length: 847
Content-Type: application/json; charset=utf-8
cache-control: no-cache

19:22:49.062 [AsyncHttpClient-1-2] DEBUG org.asynchttpclient.netty.channel.ChannelManager - Adding key: http://localhost:48204 for channel [id: 0xfeb5ecf4, L:/127.0.0.1:51676 - R:localhost/127.0.0.1:48204]
19:22:49.063 [Forwarding getCurrentUrl on session 7fcf69a0823549c43110e56c19d931bd to remote] DEBUG org.asynchttpclient.netty.request.NettyRequestSender - Using pooled Channel '[id: 0xfeb5ecf4, L:/127.0.0.1:51676 - R:localhost/127.0.0.1:48204]' for 'GET' to 'http://localhost:48204/session/7fcf69a0823549c43110e56c19d931bd/url'
19:22:49.063 [Forwarding getCurrentUrl on session 7fcf69a0823549c43110e56c19d931bd to remote] DEBUG org.asynchttpclient.netty.request.NettyRequestSender - Using open Channel [id: 0xfeb5ecf4, L:/127.0.0.1:51676 - R:localhost/127.0.0.1:48204] for GET '/session/7fcf69a0823549c43110e56c19d931bd/url'
19:22:49.066 [AsyncHttpClient-1-2] DEBUG org.asynchttpclient.netty.handler.HttpHandler - 

Request DefaultFullHttpRequest(decodeResult: success, version: HTTP/1.1, content: EmptyByteBufBE)
GET /session/7fcf69a0823549c43110e56c19d931bd/url HTTP/1.1
User-Agent: selenium/4.8.1 (java windows)
Cache-Control: no-cache
Content-Type: application/json; charset=utf-8
host: localhost:48204
accept: */*

Response DefaultHttpResponse(decodeResult: success, version: HTTP/1.1)
HTTP/1.1 200 OK
Content-Length: 41
Content-Type: application/json; charset=utf-8
cache-control: no-cache

19:22:49.066 [AsyncHttpClient-1-2] DEBUG org.asynchttpclient.netty.channel.ChannelManager - Adding key: http://localhost:48204 for channel [id: 0xfeb5ecf4, L:/127.0.0.1:51676 - R:localhost/127.0.0.1:48204]
19:22:49.067 [Forwarding screenshot on session 7fcf69a0823549c43110e56c19d931bd to remote] DEBUG org.asynchttpclient.netty.request.NettyRequestSender - Using pooled Channel '[id: 0xfeb5ecf4, L:/127.0.0.1:51676 - R:localhost/127.0.0.1:48204]' for 'GET' to 'http://localhost:48204/session/7fcf69a0823549c43110e56c19d931bd/screenshot'
19:22:49.067 [Forwarding screenshot on session 7fcf69a0823549c43110e56c19d931bd to remote] DEBUG org.asynchttpclient.netty.request.NettyRequestSender - Using open Channel [id: 0xfeb5ecf4, L:/127.0.0.1:51676 - R:localhost/127.0.0.1:48204] for GET '/session/7fcf69a0823549c43110e56c19d931bd/screenshot'
19:22:49.312 [AsyncHttpClient-1-2] DEBUG org.asynchttpclient.netty.handler.HttpHandler - 

Request DefaultFullHttpRequest(decodeResult: success, version: HTTP/1.1, content: EmptyByteBufBE)
GET /session/7fcf69a0823549c43110e56c19d931bd/screenshot HTTP/1.1
User-Agent: selenium/4.8.1 (java windows)
Cache-Control: no-cache
Content-Type: application/json; charset=utf-8
host: localhost:48204
accept: */*

Response DefaultHttpResponse(decodeResult: success, version: HTTP/1.1)
HTTP/1.1 200 OK
Content-Length: 111924
Content-Type: application/json; charset=utf-8
cache-control: no-cache

19:22:49.312 [AsyncHttpClient-1-2] DEBUG org.asynchttpclient.netty.channel.ChannelManager - Adding key: http://localhost:48204 for channel [id: 0xfeb5ecf4, L:/127.0.0.1:51676 - R:localhost/127.0.0.1:48204]
19:22:49.315 [main] DEBUG net.serenitybdd.core.photography.Darkroom - Send negative for processing for target\site\serenity\f76c085c44407161efbdf874a54231ca8370ca3200e19d7566a8fb4c9f56f215.png
19:22:49.316 [Forwarding getPageSource on session 7fcf69a0823549c43110e56c19d931bd to remote] DEBUG org.asynchttpclient.netty.request.NettyRequestSender - Using pooled Channel '[id: 0xfeb5ecf4, L:/127.0.0.1:51676 - R:localhost/127.0.0.1:48204]' for 'POST' to 'http://localhost:48204/session/7fcf69a0823549c43110e56c19d931bd/execute/sync'
19:22:49.316 [Forwarding getPageSource on session 7fcf69a0823549c43110e56c19d931bd to remote] DEBUG org.asynchttpclient.netty.request.NettyRequestSender - Using open Channel [id: 0xfeb5ecf4, L:/127.0.0.1:51676 - R:localhost/127.0.0.1:48204] for POST '/session/7fcf69a0823549c43110e56c19d931bd/execute/sync'
19:22:49.397 [AsyncHttpClient-1-1] DEBUG org.asynchttpclient.netty.channel.DefaultChannelPool - Entry count for : http://localhost:51678 : 1
19:22:50.253 [AsyncHttpClient-1-2] DEBUG org.asynchttpclient.netty.handler.HttpHandler - 

Request DefaultHttpRequest(decodeResult: success, version: HTTP/1.1)
POST /session/7fcf69a0823549c43110e56c19d931bd/execute/sync HTTP/1.1
User-Agent: selenium/4.8.1 (java windows)
Content-Length: 176
Content-Type: application/json; charset=utf-8
host: localhost:48204
accept: */*

Response DefaultHttpResponse(decodeResult: success, version: HTTP/1.1)
HTTP/1.1 200 OK
Content-Length: 7402695
Content-Type: application/json; charset=utf-8
cache-control: no-cache

19:22:50.286 [AsyncHttpClient-1-2] DEBUG org.asynchttpclient.netty.channel.ChannelManager - Adding key: http://localhost:48204 for channel [id: 0xfeb5ecf4, L:/127.0.0.1:51676 - R:localhost/127.0.0.1:48204]
19:22:50.498 [AsyncHttpClient-1-1] DEBUG org.asynchttpclient.netty.channel.DefaultChannelPool - Entry count for : http://localhost:48204 : 1
19:22:50.507 [AsyncHttpClient-1-1] DEBUG org.asynchttpclient.netty.channel.DefaultChannelPool - Entry count for : http://localhost:51678 : 1
19:22:51.026 [Forwarding getCurrentUrl on session 7fcf69a0823549c43110e56c19d931bd to remote] DEBUG org.asynchttpclient.netty.request.NettyRequestSender - Using pooled Channel '[id: 0xfeb5ecf4, L:/127.0.0.1:51676 - R:localhost/127.0.0.1:48204]' for 'GET' to 'http://localhost:48204/session/7fcf69a0823549c43110e56c19d931bd/url'
19:22:51.026 [Forwarding getCurrentUrl on session 7fcf69a0823549c43110e56c19d931bd to remote] DEBUG org.asynchttpclient.netty.request.NettyRequestSender - Using open Channel [id: 0xfeb5ecf4, L:/127.0.0.1:51676 - R:localhost/127.0.0.1:48204] for GET '/session/7fcf69a0823549c43110e56c19d931bd/url'
19:22:51.037 [AsyncHttpClient-1-2] DEBUG org.asynchttpclient.netty.handler.HttpHandler - 

Request DefaultFullHttpRequest(decodeResult: success, version: HTTP/1.1, content: EmptyByteBufBE)
GET /session/7fcf69a0823549c43110e56c19d931bd/url HTTP/1.1
User-Agent: selenium/4.8.1 (java windows)
Cache-Control: no-cache
Content-Type: application/json; charset=utf-8
host: localhost:48204
accept: */*

Response DefaultHttpResponse(decodeResult: success, version: HTTP/1.1)
HTTP/1.1 200 OK
Content-Length: 41
Content-Type: application/json; charset=utf-8
cache-control: no-cache

19:22:51.037 [AsyncHttpClient-1-2] DEBUG org.asynchttpclient.netty.channel.ChannelManager - Adding key: http://localhost:48204 for channel [id: 0xfeb5ecf4, L:/127.0.0.1:51676 - R:localhost/127.0.0.1:48204]
19:22:51.058 [main] DEBUG net.thucydides.core.steps.StepInterceptor - STARTING STEP: TransactionSteps.clickCartIcon - clickCartIcon
19:22:51.061 [Forwarding findElement on session 7fcf69a0823549c43110e56c19d931bd to remote] DEBUG org.asynchttpclient.netty.request.NettyRequestSender - Using pooled Channel '[id: 0xfeb5ecf4, L:/127.0.0.1:51676 - R:localhost/127.0.0.1:48204]' for 'POST' to 'http://localhost:48204/session/7fcf69a0823549c43110e56c19d931bd/element'
19:22:51.061 [Forwarding findElement on session 7fcf69a0823549c43110e56c19d931bd to remote] DEBUG org.asynchttpclient.netty.request.NettyRequestSender - Using open Channel [id: 0xfeb5ecf4, L:/127.0.0.1:51676 - R:localhost/127.0.0.1:48204] for POST '/session/7fcf69a0823549c43110e56c19d931bd/element'
19:22:51.094 [AsyncHttpClient-1-2] DEBUG org.asynchttpclient.netty.handler.HttpHandler - 

Request DefaultHttpRequest(decodeResult: success, version: HTTP/1.1)
POST /session/7fcf69a0823549c43110e56c19d931bd/element HTTP/1.1
User-Agent: selenium/4.8.1 (java windows)
Content-Length: 65
Content-Type: application/json; charset=utf-8
host: localhost:48204
accept: */*

Response DefaultHttpResponse(decodeResult: success, version: HTTP/1.1)
HTTP/1.1 200 OK
Content-Length: 95
Content-Type: application/json; charset=utf-8
cache-control: no-cache

19:22:51.094 [AsyncHttpClient-1-2] DEBUG org.asynchttpclient.netty.channel.ChannelManager - Adding key: http://localhost:48204 for channel [id: 0xfeb5ecf4, L:/127.0.0.1:51676 - R:localhost/127.0.0.1:48204]
19:22:51.095 [Forwarding getElementTagName on session 7fcf69a0823549c43110e56c19d931bd to remote] DEBUG org.asynchttpclient.netty.request.NettyRequestSender - Using pooled Channel '[id: 0xfeb5ecf4, L:/127.0.0.1:51676 - R:localhost/127.0.0.1:48204]' for 'GET' to 'http://localhost:48204/session/7fcf69a0823549c43110e56c19d931bd/element/70D56BF90F1C608FB98AB3946C1264DD_element_11/name'
19:22:51.095 [Forwarding getElementTagName on session 7fcf69a0823549c43110e56c19d931bd to remote] DEBUG org.asynchttpclient.netty.request.NettyRequestSender - Using open Channel [id: 0xfeb5ecf4, L:/127.0.0.1:51676 - R:localhost/127.0.0.1:48204] for GET '/session/7fcf69a0823549c43110e56c19d931bd/element/70D56BF90F1C608FB98AB3946C1264DD_element_11/name'
19:22:51.101 [AsyncHttpClient-1-2] DEBUG org.asynchttpclient.netty.handler.HttpHandler - 

Request DefaultFullHttpRequest(decodeResult: success, version: HTTP/1.1, content: EmptyByteBufBE)
GET /session/7fcf69a0823549c43110e56c19d931bd/element/70D56BF90F1C608FB98AB3946C1264DD_element_11/name HTTP/1.1
User-Agent: selenium/4.8.1 (java windows)
Cache-Control: no-cache
Content-Type: application/json; charset=utf-8
host: localhost:48204
accept: */*

Response DefaultHttpResponse(decodeResult: success, version: HTTP/1.1)
HTTP/1.1 200 OK
Content-Length: 13
Content-Type: application/json; charset=utf-8
cache-control: no-cache

19:22:51.101 [AsyncHttpClient-1-2] DEBUG org.asynchttpclient.netty.channel.ChannelManager - Adding key: http://localhost:48204 for channel [id: 0xfeb5ecf4, L:/127.0.0.1:51676 - R:localhost/127.0.0.1:48204]
19:22:51.102 [Forwarding getElementTagName on session 7fcf69a0823549c43110e56c19d931bd to remote] DEBUG org.asynchttpclient.netty.request.NettyRequestSender - Using pooled Channel '[id: 0xfeb5ecf4, L:/127.0.0.1:51676 - R:localhost/127.0.0.1:48204]' for 'GET' to 'http://localhost:48204/session/7fcf69a0823549c43110e56c19d931bd/element/70D56BF90F1C608FB98AB3946C1264DD_element_11/name'
19:22:51.102 [Forwarding getElementTagName on session 7fcf69a0823549c43110e56c19d931bd to remote] DEBUG org.asynchttpclient.netty.request.NettyRequestSender - Using open Channel [id: 0xfeb5ecf4, L:/127.0.0.1:51676 - R:localhost/127.0.0.1:48204] for GET '/session/7fcf69a0823549c43110e56c19d931bd/element/70D56BF90F1C608FB98AB3946C1264DD_element_11/name'
19:22:51.112 [AsyncHttpClient-1-2] DEBUG org.asynchttpclient.netty.handler.HttpHandler - 

Request DefaultFullHttpRequest(decodeResult: success, version: HTTP/1.1, content: EmptyByteBufBE)
GET /session/7fcf69a0823549c43110e56c19d931bd/element/70D56BF90F1C608FB98AB3946C1264DD_element_11/name HTTP/1.1
User-Agent: selenium/4.8.1 (java windows)
Cache-Control: no-cache
Content-Type: application/json; charset=utf-8
host: localhost:48204
accept: */*

Response DefaultHttpResponse(decodeResult: success, version: HTTP/1.1)
HTTP/1.1 200 OK
Content-Length: 13
Content-Type: application/json; charset=utf-8
cache-control: no-cache

19:22:51.112 [AsyncHttpClient-1-2] DEBUG org.asynchttpclient.netty.channel.ChannelManager - Adding key: http://localhost:48204 for channel [id: 0xfeb5ecf4, L:/127.0.0.1:51676 - R:localhost/127.0.0.1:48204]
19:22:51.114 [Forwarding findElement on session 7fcf69a0823549c43110e56c19d931bd to remote] DEBUG org.asynchttpclient.netty.request.NettyRequestSender - Using pooled Channel '[id: 0xfeb5ecf4, L:/127.0.0.1:51676 - R:localhost/127.0.0.1:48204]' for 'POST' to 'http://localhost:48204/session/7fcf69a0823549c43110e56c19d931bd/element'
19:22:51.114 [Forwarding findElement on session 7fcf69a0823549c43110e56c19d931bd to remote] DEBUG org.asynchttpclient.netty.request.NettyRequestSender - Using open Channel [id: 0xfeb5ecf4, L:/127.0.0.1:51676 - R:localhost/127.0.0.1:48204] for POST '/session/7fcf69a0823549c43110e56c19d931bd/element'
19:22:51.128 [AsyncHttpClient-1-2] DEBUG org.asynchttpclient.netty.handler.HttpHandler - 

Request DefaultHttpRequest(decodeResult: success, version: HTTP/1.1)
POST /session/7fcf69a0823549c43110e56c19d931bd/element HTTP/1.1
User-Agent: selenium/4.8.1 (java windows)
Content-Length: 65
Content-Type: application/json; charset=utf-8
host: localhost:48204
accept: */*

Response DefaultHttpResponse(decodeResult: success, version: HTTP/1.1)
HTTP/1.1 200 OK
Content-Length: 95
Content-Type: application/json; charset=utf-8
cache-control: no-cache

19:22:51.128 [AsyncHttpClient-1-2] DEBUG org.asynchttpclient.netty.channel.ChannelManager - Adding key: http://localhost:48204 for channel [id: 0xfeb5ecf4, L:/127.0.0.1:51676 - R:localhost/127.0.0.1:48204]
19:22:51.129 [Forwarding clickElement on session 7fcf69a0823549c43110e56c19d931bd to remote] DEBUG org.asynchttpclient.netty.request.NettyRequestSender - Using pooled Channel '[id: 0xfeb5ecf4, L:/127.0.0.1:51676 - R:localhost/127.0.0.1:48204]' for 'POST' to 'http://localhost:48204/session/7fcf69a0823549c43110e56c19d931bd/element/70D56BF90F1C608FB98AB3946C1264DD_element_11/click'
19:22:51.129 [Forwarding clickElement on session 7fcf69a0823549c43110e56c19d931bd to remote] DEBUG org.asynchttpclient.netty.request.NettyRequestSender - Using open Channel [id: 0xfeb5ecf4, L:/127.0.0.1:51676 - R:localhost/127.0.0.1:48204] for POST '/session/7fcf69a0823549c43110e56c19d931bd/element/70D56BF90F1C608FB98AB3946C1264DD_element_11/click'
19:22:51.596 [AsyncHttpClient-1-1] DEBUG org.asynchttpclient.netty.channel.DefaultChannelPool - Entry count for : http://localhost:51678 : 1
19:22:51.789 [AsyncHttpClient-1-2] DEBUG org.asynchttpclient.netty.handler.HttpHandler - 

Request DefaultHttpRequest(decodeResult: success, version: HTTP/1.1)
POST /session/7fcf69a0823549c43110e56c19d931bd/element/70D56BF90F1C608FB98AB3946C1264DD_element_11/click HTTP/1.1
User-Agent: selenium/4.8.1 (java windows)
Content-Length: 57
Content-Type: application/json; charset=utf-8
host: localhost:48204
accept: */*

Response DefaultHttpResponse(decodeResult: success, version: HTTP/1.1)
HTTP/1.1 200 OK
Content-Length: 14
Content-Type: application/json; charset=utf-8
cache-control: no-cache

19:22:51.789 [AsyncHttpClient-1-2] DEBUG org.asynchttpclient.netty.channel.ChannelManager - Adding key: http://localhost:48204 for channel [id: 0xfeb5ecf4, L:/127.0.0.1:51676 - R:localhost/127.0.0.1:48204]
19:22:51.796 [Forwarding getAlertText on session 7fcf69a0823549c43110e56c19d931bd to remote] DEBUG org.asynchttpclient.netty.request.NettyRequestSender - Using pooled Channel '[id: 0xfeb5ecf4, L:/127.0.0.1:51676 - R:localhost/127.0.0.1:48204]' for 'GET' to 'http://localhost:48204/session/7fcf69a0823549c43110e56c19d931bd/alert/text'
19:22:51.796 [Forwarding getAlertText on session 7fcf69a0823549c43110e56c19d931bd to remote] DEBUG org.asynchttpclient.netty.request.NettyRequestSender - Using open Channel [id: 0xfeb5ecf4, L:/127.0.0.1:51676 - R:localhost/127.0.0.1:48204] for GET '/session/7fcf69a0823549c43110e56c19d931bd/alert/text'
19:22:51.854 [AsyncHttpClient-1-2] DEBUG org.asynchttpclient.netty.handler.HttpHandler - 

Request DefaultFullHttpRequest(decodeResult: success, version: HTTP/1.1, content: EmptyByteBufBE)
GET /session/7fcf69a0823549c43110e56c19d931bd/alert/text HTTP/1.1
User-Agent: selenium/4.8.1 (java windows)
Cache-Control: no-cache
Content-Type: application/json; charset=utf-8
host: localhost:48204
accept: */*

Response DefaultHttpResponse(decodeResult: success, version: HTTP/1.1)
HTTP/1.1 404 Not Found
Content-Length: 847
Content-Type: application/json; charset=utf-8
cache-control: no-cache

19:22:51.854 [AsyncHttpClient-1-2] DEBUG org.asynchttpclient.netty.channel.ChannelManager - Adding key: http://localhost:48204 for channel [id: 0xfeb5ecf4, L:/127.0.0.1:51676 - R:localhost/127.0.0.1:48204]
19:22:51.855 [Forwarding getCurrentUrl on session 7fcf69a0823549c43110e56c19d931bd to remote] DEBUG org.asynchttpclient.netty.request.NettyRequestSender - Using pooled Channel '[id: 0xfeb5ecf4, L:/127.0.0.1:51676 - R:localhost/127.0.0.1:48204]' for 'GET' to 'http://localhost:48204/session/7fcf69a0823549c43110e56c19d931bd/url'
19:22:51.855 [Forwarding getCurrentUrl on session 7fcf69a0823549c43110e56c19d931bd to remote] DEBUG org.asynchttpclient.netty.request.NettyRequestSender - Using open Channel [id: 0xfeb5ecf4, L:/127.0.0.1:51676 - R:localhost/127.0.0.1:48204] for GET '/session/7fcf69a0823549c43110e56c19d931bd/url'
19:22:52.699 [AsyncHttpClient-1-1] DEBUG org.asynchttpclient.netty.channel.DefaultChannelPool - Entry count for : http://localhost:51678 : 1
19:22:53.803 [AsyncHttpClient-1-1] DEBUG org.asynchttpclient.netty.channel.DefaultChannelPool - Entry count for : http://localhost:51678 : 1
19:22:54.898 [AsyncHttpClient-1-1] DEBUG org.asynchttpclient.netty.channel.DefaultChannelPool - Entry count for : http://localhost:51678 : 1
19:22:56.002 [AsyncHttpClient-1-1] DEBUG org.asynchttpclient.netty.channel.DefaultChannelPool - Entry count for : http://localhost:51678 : 1
19:22:57.097 [AsyncHttpClient-1-1] DEBUG org.asynchttpclient.netty.channel.DefaultChannelPool - Entry count for : http://localhost:51678 : 1
19:22:57.831 [AsyncHttpClient-1-2] DEBUG org.asynchttpclient.netty.handler.HttpHandler - 

Request DefaultFullHttpRequest(decodeResult: success, version: HTTP/1.1, content: EmptyByteBufBE)
GET /session/7fcf69a0823549c43110e56c19d931bd/url HTTP/1.1
User-Agent: selenium/4.8.1 (java windows)
Cache-Control: no-cache
Content-Type: application/json; charset=utf-8
host: localhost:48204
accept: */*

Response DefaultHttpResponse(decodeResult: success, version: HTTP/1.1)
HTTP/1.1 200 OK
Content-Length: 46
Content-Type: application/json; charset=utf-8
cache-control: no-cache

19:22:57.831 [AsyncHttpClient-1-2] DEBUG org.asynchttpclient.netty.channel.ChannelManager - Adding key: http://localhost:48204 for channel [id: 0xfeb5ecf4, L:/127.0.0.1:51676 - R:localhost/127.0.0.1:48204]
19:22:57.832 [Forwarding screenshot on session 7fcf69a0823549c43110e56c19d931bd to remote] DEBUG org.asynchttpclient.netty.request.NettyRequestSender - Using pooled Channel '[id: 0xfeb5ecf4, L:/127.0.0.1:51676 - R:localhost/127.0.0.1:48204]' for 'GET' to 'http://localhost:48204/session/7fcf69a0823549c43110e56c19d931bd/screenshot'
19:22:57.832 [Forwarding screenshot on session 7fcf69a0823549c43110e56c19d931bd to remote] DEBUG org.asynchttpclient.netty.request.NettyRequestSender - Using open Channel [id: 0xfeb5ecf4, L:/127.0.0.1:51676 - R:localhost/127.0.0.1:48204] for GET '/session/7fcf69a0823549c43110e56c19d931bd/screenshot'
19:22:57.974 [AsyncHttpClient-1-2] DEBUG org.asynchttpclient.netty.handler.HttpHandler - 

Request DefaultFullHttpRequest(decodeResult: success, version: HTTP/1.1, content: EmptyByteBufBE)
GET /session/7fcf69a0823549c43110e56c19d931bd/screenshot HTTP/1.1
User-Agent: selenium/4.8.1 (java windows)
Cache-Control: no-cache
Content-Type: application/json; charset=utf-8
host: localhost:48204
accept: */*

Response DefaultHttpResponse(decodeResult: success, version: HTTP/1.1)
HTTP/1.1 200 OK
Content-Length: 39384
Content-Type: application/json; charset=utf-8
cache-control: no-cache

19:22:57.974 [AsyncHttpClient-1-2] DEBUG org.asynchttpclient.netty.channel.ChannelManager - Adding key: http://localhost:48204 for channel [id: 0xfeb5ecf4, L:/127.0.0.1:51676 - R:localhost/127.0.0.1:48204]
19:22:57.976 [main] DEBUG net.serenitybdd.core.photography.Darkroom - Send negative for processing for target\site\serenity\865fdbfe6dd0ccd4e12c451bcb3625665bf487c26e53950a38bc12ba22ba3080.png
19:22:57.977 [main] DEBUG net.thucydides.core.steps.StepInterceptor - STEP DONE: clickCartIcon
  &amp#27;[32mAnd &amp#27;[0m&amp#27;[32mI click cart icon&amp#27;[0m                            &amp#27;[90m# starter.stepdefinitions.TransactionSteps.clickCartIcon()&amp#27;[0m
19:22:57.977 [Darkroom Processing Line] DEBUG net.serenitybdd.core.photography.DarkroomProcessingLine - Processing screenshot image in /var/screenshots/screenshot-15024217848977062483
19:22:57.977 [Darkroom Processing Line] DEBUG net.serenitybdd.core.photography.DarkroomProcessingLine - Saving screenshot to target\site\serenity\865fdbfe6dd0ccd4e12c451bcb3625665bf487c26e53950a38bc12ba22ba3080.png
19:22:57.992 [Forwarding getPageSource on session 7fcf69a0823549c43110e56c19d931bd to remote] DEBUG org.asynchttpclient.netty.request.NettyRequestSender - Using pooled Channel '[id: 0xfeb5ecf4, L:/127.0.0.1:51676 - R:localhost/127.0.0.1:48204]' for 'POST' to 'http://localhost:48204/session/7fcf69a0823549c43110e56c19d931bd/execute/sync'
19:22:57.992 [Forwarding getPageSource on session 7fcf69a0823549c43110e56c19d931bd to remote] DEBUG org.asynchttpclient.netty.request.NettyRequestSender - Using open Channel [id: 0xfeb5ecf4, L:/127.0.0.1:51676 - R:localhost/127.0.0.1:48204] for POST '/session/7fcf69a0823549c43110e56c19d931bd/execute/sync'
19:22:58.003 [AsyncHttpClient-1-2] DEBUG org.asynchttpclient.netty.handler.HttpHandler - 

Request DefaultHttpRequest(decodeResult: success, version: HTTP/1.1)
POST /session/7fcf69a0823549c43110e56c19d931bd/execute/sync HTTP/1.1
User-Agent: selenium/4.8.1 (java windows)
Content-Length: 176
Content-Type: application/json; charset=utf-8
host: localhost:48204
accept: */*

Response DefaultHttpResponse(decodeResult: success, version: HTTP/1.1)
HTTP/1.1 200 OK
Content-Length: 21850
Content-Type: application/json; charset=utf-8
cache-control: no-cache

19:22:58.003 [AsyncHttpClient-1-2] DEBUG org.asynchttpclient.netty.channel.ChannelManager - Adding key: http://localhost:48204 for channel [id: 0xfeb5ecf4, L:/127.0.0.1:51676 - R:localhost/127.0.0.1:48204]
19:22:58.006 [Forwarding getCurrentUrl on session 7fcf69a0823549c43110e56c19d931bd to remote] DEBUG org.asynchttpclient.netty.request.NettyRequestSender - Using pooled Channel '[id: 0xfeb5ecf4, L:/127.0.0.1:51676 - R:localhost/127.0.0.1:48204]' for 'GET' to 'http://localhost:48204/session/7fcf69a0823549c43110e56c19d931bd/url'
19:22:58.006 [Forwarding getCurrentUrl on session 7fcf69a0823549c43110e56c19d931bd to remote] DEBUG org.asynchttpclient.netty.request.NettyRequestSender - Using open Channel [id: 0xfeb5ecf4, L:/127.0.0.1:51676 - R:localhost/127.0.0.1:48204] for GET '/session/7fcf69a0823549c43110e56c19d931bd/url'
19:22:58.012 [AsyncHttpClient-1-2] DEBUG org.asynchttpclient.netty.handler.HttpHandler - 

Request DefaultFullHttpRequest(decodeResult: success, version: HTTP/1.1, content: EmptyByteBufBE)
GET /session/7fcf69a0823549c43110e56c19d931bd/url HTTP/1.1
User-Agent: selenium/4.8.1 (java windows)
Cache-Control: no-cache
Content-Type: application/json; charset=utf-8
host: localhost:48204
accept: */*

Response DefaultHttpResponse(decodeResult: success, version: HTTP/1.1)
HTTP/1.1 200 OK
Content-Length: 46
Content-Type: application/json; charset=utf-8
cache-control: no-cache

19:22:58.012 [AsyncHttpClient-1-2] DEBUG org.asynchttpclient.netty.channel.ChannelManager - Adding key: http://localhost:48204 for channel [id: 0xfeb5ecf4, L:/127.0.0.1:51676 - R:localhost/127.0.0.1:48204]
19:22:58.020 [Forwarding getPageSource on session 7fcf69a0823549c43110e56c19d931bd to remote] DEBUG org.asynchttpclient.netty.request.NettyRequestSender - Using pooled Channel '[id: 0xfeb5ecf4, L:/127.0.0.1:51676 - R:localhost/127.0.0.1:48204]' for 'POST' to 'http://localhost:48204/session/7fcf69a0823549c43110e56c19d931bd/execute/sync'
19:22:58.020 [Forwarding getPageSource on session 7fcf69a0823549c43110e56c19d931bd to remote] DEBUG org.asynchttpclient.netty.request.NettyRequestSender - Using open Channel [id: 0xfeb5ecf4, L:/127.0.0.1:51676 - R:localhost/127.0.0.1:48204] for POST '/session/7fcf69a0823549c43110e56c19d931bd/execute/sync'
19:22:58.025 [AsyncHttpClient-1-2] DEBUG org.asynchttpclient.netty.handler.HttpHandler - 

Request DefaultHttpRequest(decodeResult: success, version: HTTP/1.1)
POST /session/7fcf69a0823549c43110e56c19d931bd/execute/sync HTTP/1.1
User-Agent: selenium/4.8.1 (java windows)
Content-Length: 176
Content-Type: application/json; charset=utf-8
host: localhost:48204
accept: */*

Response DefaultHttpResponse(decodeResult: success, version: HTTP/1.1)
HTTP/1.1 200 OK
Content-Length: 21850
Content-Type: application/json; charset=utf-8
cache-control: no-cache

19:22:58.025 [AsyncHttpClient-1-2] DEBUG org.asynchttpclient.netty.channel.ChannelManager - Adding key: http://localhost:48204 for channel [id: 0xfeb5ecf4, L:/127.0.0.1:51676 - R:localhost/127.0.0.1:48204]
19:22:58.026 [Forwarding getCurrentUrl on session 7fcf69a0823549c43110e56c19d931bd to remote] DEBUG org.asynchttpclient.netty.request.NettyRequestSender - Using pooled Channel '[id: 0xfeb5ecf4, L:/127.0.0.1:51676 - R:localhost/127.0.0.1:48204]' for 'GET' to 'http://localhost:48204/session/7fcf69a0823549c43110e56c19d931bd/url'
19:22:58.026 [Forwarding getCurrentUrl on session 7fcf69a0823549c43110e56c19d931bd to remote] DEBUG org.asynchttpclient.netty.request.NettyRequestSender - Using open Channel [id: 0xfeb5ecf4, L:/127.0.0.1:51676 - R:localhost/127.0.0.1:48204] for GET '/session/7fcf69a0823549c43110e56c19d931bd/url'
19:22:58.030 [AsyncHttpClient-1-2] DEBUG org.asynchttpclient.netty.handler.HttpHandler - 

Request DefaultFullHttpRequest(decodeResult: success, version: HTTP/1.1, content: EmptyByteBufBE)
GET /session/7fcf69a0823549c43110e56c19d931bd/url HTTP/1.1
User-Agent: selenium/4.8.1 (java windows)
Cache-Control: no-cache
Content-Type: application/json; charset=utf-8
host: localhost:48204
accept: */*

Response DefaultHttpResponse(decodeResult: success, version: HTTP/1.1)
HTTP/1.1 200 OK
Content-Length: 46
Content-Type: application/json; charset=utf-8
cache-control: no-cache

19:22:58.030 [AsyncHttpClient-1-2] DEBUG org.asynchttpclient.netty.channel.ChannelManager - Adding key: http://localhost:48204 for channel [id: 0xfeb5ecf4, L:/127.0.0.1:51676 - R:localhost/127.0.0.1:48204]
19:22:58.032 [main] DEBUG net.thucydides.core.steps.StepInterceptor - STARTING STEP: TransactionSteps.clickBayarButton - clickBayarButton
19:22:58.035 [Forwarding findElement on session 7fcf69a0823549c43110e56c19d931bd to remote] DEBUG org.asynchttpclient.netty.request.NettyRequestSender - Using pooled Channel '[id: 0xfeb5ecf4, L:/127.0.0.1:51676 - R:localhost/127.0.0.1:48204]' for 'POST' to 'http://localhost:48204/session/7fcf69a0823549c43110e56c19d931bd/element'
19:22:58.035 [Forwarding findElement on session 7fcf69a0823549c43110e56c19d931bd to remote] DEBUG org.asynchttpclient.netty.request.NettyRequestSender - Using open Channel [id: 0xfeb5ecf4, L:/127.0.0.1:51676 - R:localhost/127.0.0.1:48204] for POST '/session/7fcf69a0823549c43110e56c19d931bd/element'
19:22:58.051 [AsyncHttpClient-1-2] DEBUG org.asynchttpclient.netty.handler.HttpHandler - 

Request DefaultHttpRequest(decodeResult: success, version: HTTP/1.1)
POST /session/7fcf69a0823549c43110e56c19d931bd/element HTTP/1.1
User-Agent: selenium/4.8.1 (java windows)
Content-Length: 59
Content-Type: application/json; charset=utf-8
host: localhost:48204
accept: */*

Response DefaultHttpResponse(decodeResult: success, version: HTTP/1.1)
HTTP/1.1 200 OK
Content-Length: 95
Content-Type: application/json; charset=utf-8
cache-control: no-cache

19:22:58.051 [AsyncHttpClient-1-2] DEBUG org.asynchttpclient.netty.channel.ChannelManager - Adding key: http://localhost:48204 for channel [id: 0xfeb5ecf4, L:/127.0.0.1:51676 - R:localhost/127.0.0.1:48204]
19:22:58.052 [Forwarding getElementTagName on session 7fcf69a0823549c43110e56c19d931bd to remote] DEBUG org.asynchttpclient.netty.request.NettyRequestSender - Using pooled Channel '[id: 0xfeb5ecf4, L:/127.0.0.1:51676 - R:localhost/127.0.0.1:48204]' for 'GET' to 'http://localhost:48204/session/7fcf69a0823549c43110e56c19d931bd/element/70D56BF90F1C608FB98AB3946C1264DD_element_13/name'
19:22:58.052 [Forwarding getElementTagName on session 7fcf69a0823549c43110e56c19d931bd to remote] DEBUG org.asynchttpclient.netty.request.NettyRequestSender - Using open Channel [id: 0xfeb5ecf4, L:/127.0.0.1:51676 - R:localhost/127.0.0.1:48204] for GET '/session/7fcf69a0823549c43110e56c19d931bd/element/70D56BF90F1C608FB98AB3946C1264DD_element_13/name'
19:22:58.061 [AsyncHttpClient-1-2] DEBUG org.asynchttpclient.netty.handler.HttpHandler - 

Request DefaultFullHttpRequest(decodeResult: success, version: HTTP/1.1, content: EmptyByteBufBE)
GET /session/7fcf69a0823549c43110e56c19d931bd/element/70D56BF90F1C608FB98AB3946C1264DD_element_13/name HTTP/1.1
User-Agent: selenium/4.8.1 (java windows)
Cache-Control: no-cache
Content-Type: application/json; charset=utf-8
host: localhost:48204
accept: */*

Response DefaultHttpResponse(decodeResult: success, version: HTTP/1.1)
HTTP/1.1 200 OK
Content-Length: 18
Content-Type: application/json; charset=utf-8
cache-control: no-cache

19:22:58.062 [AsyncHttpClient-1-2] DEBUG org.asynchttpclient.netty.channel.ChannelManager - Adding key: http://localhost:48204 for channel [id: 0xfeb5ecf4, L:/127.0.0.1:51676 - R:localhost/127.0.0.1:48204]
19:22:58.063 [Forwarding getElementTagName on session 7fcf69a0823549c43110e56c19d931bd to remote] DEBUG org.asynchttpclient.netty.request.NettyRequestSender - Using pooled Channel '[id: 0xfeb5ecf4, L:/127.0.0.1:51676 - R:localhost/127.0.0.1:48204]' for 'GET' to 'http://localhost:48204/session/7fcf69a0823549c43110e56c19d931bd/element/70D56BF90F1C608FB98AB3946C1264DD_element_13/name'
19:22:58.063 [Forwarding getElementTagName on session 7fcf69a0823549c43110e56c19d931bd to remote] DEBUG org.asynchttpclient.netty.request.NettyRequestSender - Using open Channel [id: 0xfeb5ecf4, L:/127.0.0.1:51676 - R:localhost/127.0.0.1:48204] for GET '/session/7fcf69a0823549c43110e56c19d931bd/element/70D56BF90F1C608FB98AB3946C1264DD_element_13/name'
19:22:58.070 [AsyncHttpClient-1-2] DEBUG org.asynchttpclient.netty.handler.HttpHandler - 

Request DefaultFullHttpRequest(decodeResult: success, version: HTTP/1.1, content: EmptyByteBufBE)
GET /session/7fcf69a0823549c43110e56c19d931bd/element/70D56BF90F1C608FB98AB3946C1264DD_element_13/name HTTP/1.1
User-Agent: selenium/4.8.1 (java windows)
Cache-Control: no-cache
Content-Type: application/json; charset=utf-8
host: localhost:48204
accept: */*

Response DefaultHttpResponse(decodeResult: success, version: HTTP/1.1)
HTTP/1.1 200 OK
Content-Length: 18
Content-Type: application/json; charset=utf-8
cache-control: no-cache

19:22:58.070 [AsyncHttpClient-1-2] DEBUG org.asynchttpclient.netty.channel.ChannelManager - Adding key: http://localhost:48204 for channel [id: 0xfeb5ecf4, L:/127.0.0.1:51676 - R:localhost/127.0.0.1:48204]
19:22:58.072 [Forwarding isElementEnabled on session 7fcf69a0823549c43110e56c19d931bd to remote] DEBUG org.asynchttpclient.netty.request.NettyRequestSender - Using pooled Channel '[id: 0xfeb5ecf4, L:/127.0.0.1:51676 - R:localhost/127.0.0.1:48204]' for 'GET' to 'http://localhost:48204/session/7fcf69a0823549c43110e56c19d931bd/element/70D56BF90F1C608FB98AB3946C1264DD_element_13/enabled'
19:22:58.072 [Forwarding isElementEnabled on session 7fcf69a0823549c43110e56c19d931bd to remote] DEBUG org.asynchttpclient.netty.request.NettyRequestSender - Using open Channel [id: 0xfeb5ecf4, L:/127.0.0.1:51676 - R:localhost/127.0.0.1:48204] for GET '/session/7fcf69a0823549c43110e56c19d931bd/element/70D56BF90F1C608FB98AB3946C1264DD_element_13/enabled'
19:22:58.081 [AsyncHttpClient-1-2] DEBUG org.asynchttpclient.netty.handler.HttpHandler - 

Request DefaultFullHttpRequest(decodeResult: success, version: HTTP/1.1, content: EmptyByteBufBE)
GET /session/7fcf69a0823549c43110e56c19d931bd/element/70D56BF90F1C608FB98AB3946C1264DD_element_13/enabled HTTP/1.1
User-Agent: selenium/4.8.1 (java windows)
Cache-Control: no-cache
Content-Type: application/json; charset=utf-8
host: localhost:48204
accept: */*

Response DefaultHttpResponse(decodeResult: success, version: HTTP/1.1)
HTTP/1.1 200 OK
Content-Length: 14
Content-Type: application/json; charset=utf-8
cache-control: no-cache

19:22:58.081 [AsyncHttpClient-1-2] DEBUG org.asynchttpclient.netty.channel.ChannelManager - Adding key: http://localhost:48204 for channel [id: 0xfeb5ecf4, L:/127.0.0.1:51676 - R:localhost/127.0.0.1:48204]
19:22:58.082 [Forwarding isElementEnabled on session 7fcf69a0823549c43110e56c19d931bd to remote] DEBUG org.asynchttpclient.netty.request.NettyRequestSender - Using pooled Channel '[id: 0xfeb5ecf4, L:/127.0.0.1:51676 - R:localhost/127.0.0.1:48204]' for 'GET' to 'http://localhost:48204/session/7fcf69a0823549c43110e56c19d931bd/element/70D56BF90F1C608FB98AB3946C1264DD_element_13/enabled'
19:22:58.082 [Forwarding isElementEnabled on session 7fcf69a0823549c43110e56c19d931bd to remote] DEBUG org.asynchttpclient.netty.request.NettyRequestSender - Using open Channel [id: 0xfeb5ecf4, L:/127.0.0.1:51676 - R:localhost/127.0.0.1:48204] for GET '/session/7fcf69a0823549c43110e56c19d931bd/element/70D56BF90F1C608FB98AB3946C1264DD_element_13/enabled'
19:22:58.092 [AsyncHttpClient-1-2] DEBUG org.asynchttpclient.netty.handler.HttpHandler - 

Request DefaultFullHttpRequest(decodeResult: success, version: HTTP/1.1, content: EmptyByteBufBE)
GET /session/7fcf69a0823549c43110e56c19d931bd/element/70D56BF90F1C608FB98AB3946C1264DD_element_13/enabled HTTP/1.1
User-Agent: selenium/4.8.1 (java windows)
Cache-Control: no-cache
Content-Type: application/json; charset=utf-8
host: localhost:48204
accept: */*

Response DefaultHttpResponse(decodeResult: success, version: HTTP/1.1)
HTTP/1.1 200 OK
Content-Length: 14
Content-Type: application/json; charset=utf-8
cache-control: no-cache

19:22:58.092 [AsyncHttpClient-1-2] DEBUG org.asynchttpclient.netty.channel.ChannelManager - Adding key: http://localhost:48204 for channel [id: 0xfeb5ecf4, L:/127.0.0.1:51676 - R:localhost/127.0.0.1:48204]
19:22:58.094 [Forwarding findElement on session 7fcf69a0823549c43110e56c19d931bd to remote] DEBUG org.asynchttpclient.netty.request.NettyRequestSender - Using pooled Channel '[id: 0xfeb5ecf4, L:/127.0.0.1:51676 - R:localhost/127.0.0.1:48204]' for 'POST' to 'http://localhost:48204/session/7fcf69a0823549c43110e56c19d931bd/element'
19:22:58.094 [Forwarding findElement on session 7fcf69a0823549c43110e56c19d931bd to remote] DEBUG org.asynchttpclient.netty.request.NettyRequestSender - Using open Channel [id: 0xfeb5ecf4, L:/127.0.0.1:51676 - R:localhost/127.0.0.1:48204] for POST '/session/7fcf69a0823549c43110e56c19d931bd/element'
19:22:58.103 [AsyncHttpClient-1-2] DEBUG org.asynchttpclient.netty.handler.HttpHandler - 

Request DefaultHttpRequest(decodeResult: success, version: HTTP/1.1)
POST /session/7fcf69a0823549c43110e56c19d931bd/element HTTP/1.1
User-Agent: selenium/4.8.1 (java windows)
Content-Length: 59
Content-Type: application/json; charset=utf-8
host: localhost:48204
accept: */*

Response DefaultHttpResponse(decodeResult: success, version: HTTP/1.1)
HTTP/1.1 200 OK
Content-Length: 95
Content-Type: application/json; charset=utf-8
cache-control: no-cache

19:22:58.103 [AsyncHttpClient-1-2] DEBUG org.asynchttpclient.netty.channel.ChannelManager - Adding key: http://localhost:48204 for channel [id: 0xfeb5ecf4, L:/127.0.0.1:51676 - R:localhost/127.0.0.1:48204]
19:22:58.104 [Forwarding clickElement on session 7fcf69a0823549c43110e56c19d931bd to remote] DEBUG org.asynchttpclient.netty.request.NettyRequestSender - Using pooled Channel '[id: 0xfeb5ecf4, L:/127.0.0.1:51676 - R:localhost/127.0.0.1:48204]' for 'POST' to 'http://localhost:48204/session/7fcf69a0823549c43110e56c19d931bd/element/70D56BF90F1C608FB98AB3946C1264DD_element_13/click'
19:22:58.104 [Forwarding clickElement on session 7fcf69a0823549c43110e56c19d931bd to remote] DEBUG org.asynchttpclient.netty.request.NettyRequestSender - Using open Channel [id: 0xfeb5ecf4, L:/127.0.0.1:51676 - R:localhost/127.0.0.1:48204] for POST '/session/7fcf69a0823549c43110e56c19d931bd/element/70D56BF90F1C608FB98AB3946C1264DD_element_13/click'
19:22:58.176 [AsyncHttpClient-1-2] DEBUG org.asynchttpclient.netty.handler.HttpHandler - 

Request DefaultHttpRequest(decodeResult: success, version: HTTP/1.1)
POST /session/7fcf69a0823549c43110e56c19d931bd/element/70D56BF90F1C608FB98AB3946C1264DD_element_13/click HTTP/1.1
User-Agent: selenium/4.8.1 (java windows)
Content-Length: 57
Content-Type: application/json; charset=utf-8
host: localhost:48204
accept: */*

Response DefaultHttpResponse(decodeResult: success, version: HTTP/1.1)
HTTP/1.1 200 OK
Content-Length: 14
Content-Type: application/json; charset=utf-8
cache-control: no-cache

19:22:58.176 [AsyncHttpClient-1-2] DEBUG org.asynchttpclient.netty.channel.ChannelManager - Adding key: http://localhost:48204 for channel [id: 0xfeb5ecf4, L:/127.0.0.1:51676 - R:localhost/127.0.0.1:48204]
19:22:58.185 [Forwarding getAlertText on session 7fcf69a0823549c43110e56c19d931bd to remote] DEBUG org.asynchttpclient.netty.request.NettyRequestSender - Using pooled Channel '[id: 0xfeb5ecf4, L:/127.0.0.1:51676 - R:localhost/127.0.0.1:48204]' for 'GET' to 'http://localhost:48204/session/7fcf69a0823549c43110e56c19d931bd/alert/text'
19:22:58.186 [Forwarding getAlertText on session 7fcf69a0823549c43110e56c19d931bd to remote] DEBUG org.asynchttpclient.netty.request.NettyRequestSender - Using open Channel [id: 0xfeb5ecf4, L:/127.0.0.1:51676 - R:localhost/127.0.0.1:48204] for GET '/session/7fcf69a0823549c43110e56c19d931bd/alert/text'
19:22:58.187 [AsyncHttpClient-1-2] DEBUG org.asynchttpclient.netty.handler.HttpHandler - 

Request DefaultFullHttpRequest(decodeResult: success, version: HTTP/1.1, content: EmptyByteBufBE)
GET /session/7fcf69a0823549c43110e56c19d931bd/alert/text HTTP/1.1
User-Agent: selenium/4.8.1 (java windows)
Cache-Control: no-cache
Content-Type: application/json; charset=utf-8
host: localhost:48204
accept: */*

Response DefaultHttpResponse(decodeResult: success, version: HTTP/1.1)
HTTP/1.1 404 Not Found
Content-Length: 847
Content-Type: application/json; charset=utf-8
cache-control: no-cache

19:22:58.187 [AsyncHttpClient-1-2] DEBUG org.asynchttpclient.netty.channel.ChannelManager - Adding key: http://localhost:48204 for channel [id: 0xfeb5ecf4, L:/127.0.0.1:51676 - R:localhost/127.0.0.1:48204]
19:22:58.188 [Forwarding getCurrentUrl on session 7fcf69a0823549c43110e56c19d931bd to remote] DEBUG org.asynchttpclient.netty.request.NettyRequestSender - Using pooled Channel '[id: 0xfeb5ecf4, L:/127.0.0.1:51676 - R:localhost/127.0.0.1:48204]' for 'GET' to 'http://localhost:48204/session/7fcf69a0823549c43110e56c19d931bd/url'
19:22:58.188 [Forwarding getCurrentUrl on session 7fcf69a0823549c43110e56c19d931bd to remote] DEBUG org.asynchttpclient.netty.request.NettyRequestSender - Using open Channel [id: 0xfeb5ecf4, L:/127.0.0.1:51676 - R:localhost/127.0.0.1:48204] for GET '/session/7fcf69a0823549c43110e56c19d931bd/url'
19:22:58.193 [AsyncHttpClient-1-2] DEBUG org.asynchttpclient.netty.handler.HttpHandler - 

Request DefaultFullHttpRequest(decodeResult: success, version: HTTP/1.1, content: EmptyByteBufBE)
GET /session/7fcf69a0823549c43110e56c19d931bd/url HTTP/1.1
User-Agent: selenium/4.8.1 (java windows)
Cache-Control: no-cache
Content-Type: application/json; charset=utf-8
host: localhost:48204
accept: */*

Response DefaultHttpResponse(decodeResult: success, version: HTTP/1.1)
HTTP/1.1 200 OK
Content-Length: 129
Content-Type: application/json; charset=utf-8
cache-control: no-cache

19:22:58.193 [AsyncHttpClient-1-2] DEBUG org.asynchttpclient.netty.channel.ChannelManager - Adding key: http://localhost:48204 for channel [id: 0xfeb5ecf4, L:/127.0.0.1:51676 - R:localhost/127.0.0.1:48204]
19:22:58.194 [Forwarding screenshot on session 7fcf69a0823549c43110e56c19d931bd to remote] DEBUG org.asynchttpclient.netty.request.NettyRequestSender - Using pooled Channel '[id: 0xfeb5ecf4, L:/127.0.0.1:51676 - R:localhost/127.0.0.1:48204]' for 'GET' to 'http://localhost:48204/session/7fcf69a0823549c43110e56c19d931bd/screenshot'
19:22:58.194 [Forwarding screenshot on session 7fcf69a0823549c43110e56c19d931bd to remote] DEBUG org.asynchttpclient.netty.request.NettyRequestSender - Using open Channel [id: 0xfeb5ecf4, L:/127.0.0.1:51676 - R:localhost/127.0.0.1:48204] for GET '/session/7fcf69a0823549c43110e56c19d931bd/screenshot'
19:22:58.204 [AsyncHttpClient-1-1] DEBUG org.asynchttpclient.netty.channel.DefaultChannelPool - Entry count for : http://localhost:51678 : 1
19:22:58.324 [AsyncHttpClient-1-2] DEBUG org.asynchttpclient.netty.handler.HttpHandler - 

Request DefaultFullHttpRequest(decodeResult: success, version: HTTP/1.1, content: EmptyByteBufBE)
GET /session/7fcf69a0823549c43110e56c19d931bd/screenshot HTTP/1.1
User-Agent: selenium/4.8.1 (java windows)
Cache-Control: no-cache
Content-Type: application/json; charset=utf-8
host: localhost:48204
accept: */*

Response DefaultHttpResponse(decodeResult: success, version: HTTP/1.1)
HTTP/1.1 200 OK
Content-Length: 33940
Content-Type: application/json; charset=utf-8
cache-control: no-cache

19:22:58.324 [AsyncHttpClient-1-2] DEBUG org.asynchttpclient.netty.channel.ChannelManager - Adding key: http://localhost:48204 for channel [id: 0xfeb5ecf4, L:/127.0.0.1:51676 - R:localhost/127.0.0.1:48204]
19:22:58.326 [main] DEBUG net.serenitybdd.core.photography.Darkroom - Send negative for processing for target\site\serenity\9942665cc3616503af5bb015c790864f52f22b081da8ff9b46463ee08ea22168.png
19:22:58.326 [main] DEBUG net.thucydides.core.steps.StepInterceptor - STEP DONE: clickBayarButton
  &amp#27;[32mWhen &amp#27;[0m&amp#27;[32mI click BAYAR button&amp#27;[0m                        &amp#27;[90m# starter.stepdefinitions.TransactionSteps.clickBayarButton()&amp#27;[0m
19:22:58.326 [Darkroom Processing Line] DEBUG net.serenitybdd.core.photography.DarkroomProcessingLine - Processing screenshot image in /var/screenshots/screenshot-14690052515089720603
19:22:58.326 [Darkroom Processing Line] DEBUG net.serenitybdd.core.photography.DarkroomProcessingLine - Saving screenshot to target\site\serenity\9942665cc3616503af5bb015c790864f52f22b081da8ff9b46463ee08ea22168.png
19:22:58.337 [Forwarding getPageSource on session 7fcf69a0823549c43110e56c19d931bd to remote] DEBUG org.asynchttpclient.netty.request.NettyRequestSender - Using pooled Channel '[id: 0xfeb5ecf4, L:/127.0.0.1:51676 - R:localhost/127.0.0.1:48204]' for 'POST' to 'http://localhost:48204/session/7fcf69a0823549c43110e56c19d931bd/execute/sync'
19:22:58.337 [Forwarding getPageSource on session 7fcf69a0823549c43110e56c19d931bd to remote] DEBUG org.asynchttpclient.netty.request.NettyRequestSender - Using open Channel [id: 0xfeb5ecf4, L:/127.0.0.1:51676 - R:localhost/127.0.0.1:48204] for POST '/session/7fcf69a0823549c43110e56c19d931bd/execute/sync'
19:22:58.343 [AsyncHttpClient-1-2] DEBUG org.asynchttpclient.netty.handler.HttpHandler - 

Request DefaultHttpRequest(decodeResult: success, version: HTTP/1.1)
POST /session/7fcf69a0823549c43110e56c19d931bd/execute/sync HTTP/1.1
User-Agent: selenium/4.8.1 (java windows)
Content-Length: 176
Content-Type: application/json; charset=utf-8
host: localhost:48204
accept: */*

Response DefaultHttpResponse(decodeResult: success, version: HTTP/1.1)
HTTP/1.1 200 OK
Content-Length: 21731
Content-Type: application/json; charset=utf-8
cache-control: no-cache

19:22:58.343 [AsyncHttpClient-1-2] DEBUG org.asynchttpclient.netty.channel.ChannelManager - Adding key: http://localhost:48204 for channel [id: 0xfeb5ecf4, L:/127.0.0.1:51676 - R:localhost/127.0.0.1:48204]
19:22:58.345 [Forwarding getCurrentUrl on session 7fcf69a0823549c43110e56c19d931bd to remote] DEBUG org.asynchttpclient.netty.request.NettyRequestSender - Using pooled Channel '[id: 0xfeb5ecf4, L:/127.0.0.1:51676 - R:localhost/127.0.0.1:48204]' for 'GET' to 'http://localhost:48204/session/7fcf69a0823549c43110e56c19d931bd/url'
19:22:58.345 [Forwarding getCurrentUrl on session 7fcf69a0823549c43110e56c19d931bd to remote] DEBUG org.asynchttpclient.netty.request.NettyRequestSender - Using open Channel [id: 0xfeb5ecf4, L:/127.0.0.1:51676 - R:localhost/127.0.0.1:48204] for GET '/session/7fcf69a0823549c43110e56c19d931bd/url'
19:22:58.351 [AsyncHttpClient-1-2] DEBUG org.asynchttpclient.netty.handler.HttpHandler - 

Request DefaultFullHttpRequest(decodeResult: success, version: HTTP/1.1, content: EmptyByteBufBE)
GET /session/7fcf69a0823549c43110e56c19d931bd/url HTTP/1.1
User-Agent: selenium/4.8.1 (java windows)
Cache-Control: no-cache
Content-Type: application/json; charset=utf-8
host: localhost:48204
accept: */*

Response DefaultHttpResponse(decodeResult: success, version: HTTP/1.1)
HTTP/1.1 200 OK
Content-Length: 129
Content-Type: application/json; charset=utf-8
cache-control: no-cache

19:22:58.351 [AsyncHttpClient-1-2] DEBUG org.asynchttpclient.netty.channel.ChannelManager - Adding key: http://localhost:48204 for channel [id: 0xfeb5ecf4, L:/127.0.0.1:51676 - R:localhost/127.0.0.1:48204]
19:22:58.361 [Forwarding getPageSource on session 7fcf69a0823549c43110e56c19d931bd to remote] DEBUG org.asynchttpclient.netty.request.NettyRequestSender - Using pooled Channel '[id: 0xfeb5ecf4, L:/127.0.0.1:51676 - R:localhost/127.0.0.1:48204]' for 'POST' to 'http://localhost:48204/session/7fcf69a0823549c43110e56c19d931bd/execute/sync'
19:22:58.361 [Forwarding getPageSource on session 7fcf69a0823549c43110e56c19d931bd to remote] DEBUG org.asynchttpclient.netty.request.NettyRequestSender - Using open Channel [id: 0xfeb5ecf4, L:/127.0.0.1:51676 - R:localhost/127.0.0.1:48204] for POST '/session/7fcf69a0823549c43110e56c19d931bd/execute/sync'
19:22:58.366 [AsyncHttpClient-1-2] DEBUG org.asynchttpclient.netty.handler.HttpHandler - 

Request DefaultHttpRequest(decodeResult: success, version: HTTP/1.1)
POST /session/7fcf69a0823549c43110e56c19d931bd/execute/sync HTTP/1.1
User-Agent: selenium/4.8.1 (java windows)
Content-Length: 176
Content-Type: application/json; charset=utf-8
host: localhost:48204
accept: */*

Response DefaultHttpResponse(decodeResult: success, version: HTTP/1.1)
HTTP/1.1 200 OK
Content-Length: 21731
Content-Type: application/json; charset=utf-8
cache-control: no-cache

19:22:58.366 [AsyncHttpClient-1-2] DEBUG org.asynchttpclient.netty.channel.ChannelManager - Adding key: http://localhost:48204 for channel [id: 0xfeb5ecf4, L:/127.0.0.1:51676 - R:localhost/127.0.0.1:48204]
19:22:58.368 [Forwarding getCurrentUrl on session 7fcf69a0823549c43110e56c19d931bd to remote] DEBUG org.asynchttpclient.netty.request.NettyRequestSender - Using pooled Channel '[id: 0xfeb5ecf4, L:/127.0.0.1:51676 - R:localhost/127.0.0.1:48204]' for 'GET' to 'http://localhost:48204/session/7fcf69a0823549c43110e56c19d931bd/url'
19:22:58.368 [Forwarding getCurrentUrl on session 7fcf69a0823549c43110e56c19d931bd to remote] DEBUG org.asynchttpclient.netty.request.NettyRequestSender - Using open Channel [id: 0xfeb5ecf4, L:/127.0.0.1:51676 - R:localhost/127.0.0.1:48204] for GET '/session/7fcf69a0823549c43110e56c19d931bd/url'
19:22:58.372 [AsyncHttpClient-1-2] DEBUG org.asynchttpclient.netty.handler.HttpHandler - 

Request DefaultFullHttpRequest(decodeResult: success, version: HTTP/1.1, content: EmptyByteBufBE)
GET /session/7fcf69a0823549c43110e56c19d931bd/url HTTP/1.1
User-Agent: selenium/4.8.1 (java windows)
Cache-Control: no-cache
Content-Type: application/json; charset=utf-8
host: localhost:48204
accept: */*

Response DefaultHttpResponse(decodeResult: success, version: HTTP/1.1)
HTTP/1.1 200 OK
Content-Length: 129
Content-Type: application/json; charset=utf-8
cache-control: no-cache

19:22:58.372 [AsyncHttpClient-1-2] DEBUG org.asynchttpclient.netty.channel.ChannelManager - Adding key: http://localhost:48204 for channel [id: 0xfeb5ecf4, L:/127.0.0.1:51676 - R:localhost/127.0.0.1:48204]
19:22:58.375 [main] DEBUG net.thucydides.core.steps.StepInterceptor - STARTING STEP: TransactionSteps.validateOnLoginPage - validateOnLoginPage
19:22:58.378 [Forwarding findElement on session 7fcf69a0823549c43110e56c19d931bd to remote] DEBUG org.asynchttpclient.netty.request.NettyRequestSender - Using pooled Channel '[id: 0xfeb5ecf4, L:/127.0.0.1:51676 - R:localhost/127.0.0.1:48204]' for 'POST' to 'http://localhost:48204/session/7fcf69a0823549c43110e56c19d931bd/element'
19:22:58.378 [Forwarding findElement on session 7fcf69a0823549c43110e56c19d931bd to remote] DEBUG org.asynchttpclient.netty.request.NettyRequestSender - Using open Channel [id: 0xfeb5ecf4, L:/127.0.0.1:51676 - R:localhost/127.0.0.1:48204] for POST '/session/7fcf69a0823549c43110e56c19d931bd/element'
19:22:58.397 [AsyncHttpClient-1-2] DEBUG org.asynchttpclient.netty.handler.HttpHandler - 

Request DefaultHttpRequest(decodeResult: success, version: HTTP/1.1)
POST /session/7fcf69a0823549c43110e56c19d931bd/element HTTP/1.1
User-Agent: selenium/4.8.1 (java windows)
Content-Length: 71
Content-Type: application/json; charset=utf-8
host: localhost:48204
accept: */*

Response DefaultHttpResponse(decodeResult: success, version: HTTP/1.1)
HTTP/1.1 200 OK
Content-Length: 95
Content-Type: application/json; charset=utf-8
cache-control: no-cache

19:22:58.397 [AsyncHttpClient-1-2] DEBUG org.asynchttpclient.netty.channel.ChannelManager - Adding key: http://localhost:48204 for channel [id: 0xfeb5ecf4, L:/127.0.0.1:51676 - R:localhost/127.0.0.1:48204]
19:22:58.399 [Forwarding isElementDisplayed on session 7fcf69a0823549c43110e56c19d931bd to remote] DEBUG org.asynchttpclient.netty.request.NettyRequestSender - Using pooled Channel '[id: 0xfeb5ecf4, L:/127.0.0.1:51676 - R:localhost/127.0.0.1:48204]' for 'POST' to 'http://localhost:48204/session/7fcf69a0823549c43110e56c19d931bd/execute/sync'
19:22:58.399 [Forwarding isElementDisplayed on session 7fcf69a0823549c43110e56c19d931bd to remote] DEBUG org.asynchttpclient.netty.request.NettyRequestSender - Using open Channel [id: 0xfeb5ecf4, L:/127.0.0.1:51676 - R:localhost/127.0.0.1:48204] for POST '/session/7fcf69a0823549c43110e56c19d931bd/execute/sync'
19:22:58.417 [AsyncHttpClient-1-2] DEBUG org.asynchttpclient.netty.handler.HttpHandler - 

Request DefaultHttpRequest(decodeResult: success, version: HTTP/1.1)
POST /session/7fcf69a0823549c43110e56c19d931bd/execute/sync HTTP/1.1
User-Agent: selenium/4.8.1 (java windows)
Content-Length: 48814
Content-Type: application/json; charset=utf-8
host: localhost:48204
accept: */*

Response DefaultHttpResponse(decodeResult: success, version: HTTP/1.1)
HTTP/1.1 200 OK
Content-Length: 14
Content-Type: application/json; charset=utf-8
cache-control: no-cache

19:22:58.418 [AsyncHttpClient-1-2] DEBUG org.asynchttpclient.netty.channel.ChannelManager - Adding key: http://localhost:48204 for channel [id: 0xfeb5ecf4, L:/127.0.0.1:51676 - R:localhost/127.0.0.1:48204]
19:22:58.421 [Forwarding getAlertText on session 7fcf69a0823549c43110e56c19d931bd to remote] DEBUG org.asynchttpclient.netty.request.NettyRequestSender - Using pooled Channel '[id: 0xfeb5ecf4, L:/127.0.0.1:51676 - R:localhost/127.0.0.1:48204]' for 'GET' to 'http://localhost:48204/session/7fcf69a0823549c43110e56c19d931bd/alert/text'
19:22:58.421 [Forwarding getAlertText on session 7fcf69a0823549c43110e56c19d931bd to remote] DEBUG org.asynchttpclient.netty.request.NettyRequestSender - Using open Channel [id: 0xfeb5ecf4, L:/127.0.0.1:51676 - R:localhost/127.0.0.1:48204] for GET '/session/7fcf69a0823549c43110e56c19d931bd/alert/text'
19:22:58.423 [AsyncHttpClient-1-2] DEBUG org.asynchttpclient.netty.handler.HttpHandler - 

Request DefaultFullHttpRequest(decodeResult: success, version: HTTP/1.1, content: EmptyByteBufBE)
GET /session/7fcf69a0823549c43110e56c19d931bd/alert/text HTTP/1.1
User-Agent: selenium/4.8.1 (java windows)
Cache-Control: no-cache
Content-Type: application/json; charset=utf-8
host: localhost:48204
accept: */*

Response DefaultHttpResponse(decodeResult: success, version: HTTP/1.1)
HTTP/1.1 404 Not Found
Content-Length: 847
Content-Type: application/json; charset=utf-8
cache-control: no-cache

19:22:58.423 [AsyncHttpClient-1-2] DEBUG org.asynchttpclient.netty.channel.ChannelManager - Adding key: http://localhost:48204 for channel [id: 0xfeb5ecf4, L:/127.0.0.1:51676 - R:localhost/127.0.0.1:48204]
19:22:58.423 [Forwarding getCurrentUrl on session 7fcf69a0823549c43110e56c19d931bd to remote] DEBUG org.asynchttpclient.netty.request.NettyRequestSender - Using pooled Channel '[id: 0xfeb5ecf4, L:/127.0.0.1:51676 - R:localhost/127.0.0.1:48204]' for 'GET' to 'http://localhost:48204/session/7fcf69a0823549c43110e56c19d931bd/url'
19:22:58.423 [Forwarding getCurrentUrl on session 7fcf69a0823549c43110e56c19d931bd to remote] DEBUG org.asynchttpclient.netty.request.NettyRequestSender - Using open Channel [id: 0xfeb5ecf4, L:/127.0.0.1:51676 - R:localhost/127.0.0.1:48204] for GET '/session/7fcf69a0823549c43110e56c19d931bd/url'
19:22:58.434 [AsyncHttpClient-1-2] DEBUG org.asynchttpclient.netty.handler.HttpHandler - 

Request DefaultFullHttpRequest(decodeResult: success, version: HTTP/1.1, content: EmptyByteBufBE)
GET /session/7fcf69a0823549c43110e56c19d931bd/url HTTP/1.1
User-Agent: selenium/4.8.1 (java windows)
Cache-Control: no-cache
Content-Type: application/json; charset=utf-8
host: localhost:48204
accept: */*

Response DefaultHttpResponse(decodeResult: success, version: HTTP/1.1)
HTTP/1.1 200 OK
Content-Length: 129
Content-Type: application/json; charset=utf-8
cache-control: no-cache

19:22:58.434 [AsyncHttpClient-1-2] DEBUG org.asynchttpclient.netty.channel.ChannelManager - Adding key: http://localhost:48204 for channel [id: 0xfeb5ecf4, L:/127.0.0.1:51676 - R:localhost/127.0.0.1:48204]
19:22:58.434 [Forwarding screenshot on session 7fcf69a0823549c43110e56c19d931bd to remote] DEBUG org.asynchttpclient.netty.request.NettyRequestSender - Using pooled Channel '[id: 0xfeb5ecf4, L:/127.0.0.1:51676 - R:localhost/127.0.0.1:48204]' for 'GET' to 'http://localhost:48204/session/7fcf69a0823549c43110e56c19d931bd/screenshot'
19:22:58.434 [Forwarding screenshot on session 7fcf69a0823549c43110e56c19d931bd to remote] DEBUG org.asynchttpclient.netty.request.NettyRequestSender - Using open Channel [id: 0xfeb5ecf4, L:/127.0.0.1:51676 - R:localhost/127.0.0.1:48204] for GET '/session/7fcf69a0823549c43110e56c19d931bd/screenshot'
19:22:58.587 [AsyncHttpClient-1-2] DEBUG org.asynchttpclient.netty.handler.HttpHandler - 

Request DefaultFullHttpRequest(decodeResult: success, version: HTTP/1.1, content: EmptyByteBufBE)
GET /session/7fcf69a0823549c43110e56c19d931bd/screenshot HTTP/1.1
User-Agent: selenium/4.8.1 (java windows)
Cache-Control: no-cache
Content-Type: application/json; charset=utf-8
host: localhost:48204
accept: */*

Response DefaultHttpResponse(decodeResult: success, version: HTTP/1.1)
HTTP/1.1 200 OK
Content-Length: 32736
Content-Type: application/json; charset=utf-8
cache-control: no-cache

19:22:58.587 [AsyncHttpClient-1-2] DEBUG org.asynchttpclient.netty.channel.ChannelManager - Adding key: http://localhost:48204 for channel [id: 0xfeb5ecf4, L:/127.0.0.1:51676 - R:localhost/127.0.0.1:48204]
19:22:58.590 [main] DEBUG net.serenitybdd.core.photography.Darkroom - Send negative for processing for target\site\serenity\1bdeda98296f3e8b46a111b45333d8bfbe670985921ed4f9977ff90ab2909b00.png
19:22:58.592 [main] DEBUG net.thucydides.core.steps.StepInterceptor - STEP DONE: validateOnLoginPage
  &amp#27;[32mThen &amp#27;[0m&amp#27;[32mI redirected to login page&amp#27;[0m                  &amp#27;[90m# starter.stepdefinitions.TransactionSteps.validateOnLoginPage()&amp#27;[0m
19:22:58.592 [Darkroom Processing Line] DEBUG net.serenitybdd.core.photography.DarkroomProcessingLine - Processing screenshot image in /var/screenshots/screenshot-9941825161334585785
19:22:58.592 [Darkroom Processing Line] DEBUG net.serenitybdd.core.photography.DarkroomProcessingLine - Saving screenshot to target\site\serenity\1bdeda98296f3e8b46a111b45333d8bfbe670985921ed4f9977ff90ab2909b00.png
19:22:58.600 [main] INFO  - 
  _____   ___   ___   _____     ___     _     ___   ___   ___   ___  
 |_   _| | __| / __| |_   _|   | _ \   /_\   / __| / __| | __| |   \ 
   | |   | _|  \__ \   | |     |  _/  / _ \  \__ \ \__ \ | _|  | |) |
   |_|   |___| |___/   |_|     |_|   /_/ \_\ |___/ |___/ |___| |___/ 

Failed to pay when user hasn't login yet
----------------------------------------------------------------------
19:22:58.602 [AsyncHttpClient-1-4] DEBUG org.asynchttpclient.netty.handler.WebSocketHandler - Channel Closed: [id: 0x1a317f64, L:/127.0.0.1:51685 ! R:localhost/127.0.0.1:51678] with attribute NettyResponseFuture{currentRetry=0,
	isDone=1,
	isCancelled=0,
	asyncHandler=org.asynchttpclient.ws.WebSocketUpgradeHandler@7aedee00,
	nettyRequest=org.asynchttpclient.netty.request.NettyRequest@7611904a,
	future=java.util.concurrent.CompletableFuture@549a93cf[Completed normally],
	uri=ws://localhost:51678/devtools/browser/8db60883-5dc2-422e-803e-6bd5744e4186,
	keepAlive=true,
	redirectCount=0,
	timeoutsHolder=null,
	inAuth=0,
	touch=1683807738176}
19:22:58.602 [AsyncHttpClient-1-4] DEBUG org.asynchttpclient.netty.channel.ChannelManager - Closing Channel [id: 0x1a317f64, L:/127.0.0.1:51685 ! R:localhost/127.0.0.1:51678] 
19:22:58.603 [Driver Command Executor] DEBUG org.asynchttpclient.netty.request.NettyRequestSender - Using pooled Channel '[id: 0xfeb5ecf4, L:/127.0.0.1:51676 - R:localhost/127.0.0.1:48204]' for 'DELETE' to 'http://localhost:48204/session/7fcf69a0823549c43110e56c19d931bd'
19:22:58.604 [Driver Command Executor] DEBUG org.asynchttpclient.netty.request.NettyRequestSender - Using open Channel [id: 0xfeb5ecf4, L:/127.0.0.1:51676 - R:localhost/127.0.0.1:48204] for DELETE '/session/7fcf69a0823549c43110e56c19d931bd'
19:22:59.018 [AsyncHttpClient-1-3] DEBUG org.asynchttpclient.netty.handler.HttpHandler - Unexpected I/O exception on channel [id: 0x66712923, L:/127.0.0.1:51684 - R:localhost/127.0.0.1:51678]
java.net.SocketException: Connection reset
	at java.base/sun.nio.ch.SocketChannelImpl.throwConnectionReset(SocketChannelImpl.java:401)
	at java.base/sun.nio.ch.SocketChannelImpl.read(SocketChannelImpl.java:434)
	at io.netty.buffer.PooledByteBuf.setBytes(PooledByteBuf.java:259)
	at io.netty.buffer.AbstractByteBuf.writeBytes(AbstractByteBuf.java:1132)
	at io.netty.channel.socket.nio.NioSocketChannel.doReadBytes(NioSocketChannel.java:357)
	at io.netty.channel.nio.AbstractNioByteChannel$NioByteUnsafe.read(AbstractNioByteChannel.java:151)
	at io.netty.channel.nio.NioEventLoop.processSelectedKey(NioEventLoop.java:788)
	at io.netty.channel.nio.NioEventLoop.processSelectedKeysOptimized(NioEventLoop.java:724)
	at io.netty.channel.nio.NioEventLoop.processSelectedKeys(NioEventLoop.java:650)
	at io.netty.channel.nio.NioEventLoop.run(NioEventLoop.java:562)
	at io.netty.util.concurrent.SingleThreadEventExecutor$4.run(SingleThreadEventExecutor.java:997)
	at io.netty.util.internal.ThreadExecutorMap$2.run(ThreadExecutorMap.java:74)
	at io.netty.util.concurrent.FastThreadLocalRunnable.run(FastThreadLocalRunnable.java:30)
	at java.base/java.lang.Thread.run(Thread.java:1589)
19:22:59.018 [AsyncHttpClient-1-3] DEBUG org.asynchttpclient.netty.channel.ChannelManager - Closing Channel [id: 0x66712923, L:/127.0.0.1:51684 - R:localhost/127.0.0.1:51678] 
19:22:59.018 [AsyncHttpClient-1-3] DEBUG org.asynchttpclient.netty.handler.HttpHandler - Channel Closed: [id: 0x66712923, L:/127.0.0.1:51684 ! R:localhost/127.0.0.1:51678] with attribute DISCARD
19:22:59.072 [AsyncHttpClient-1-2] DEBUG org.asynchttpclient.netty.handler.HttpHandler - 

Request DefaultFullHttpRequest(decodeResult: success, version: HTTP/1.1, content: EmptyByteBufBE)
DELETE /session/7fcf69a0823549c43110e56c19d931bd HTTP/1.1
User-Agent: selenium/4.8.1 (java windows)
Content-Type: application/json; charset=utf-8
host: localhost:48204
accept: */*

Response DefaultHttpResponse(decodeResult: success, version: HTTP/1.1)
HTTP/1.1 200 OK
Content-Length: 14
Content-Type: application/json; charset=utf-8
cache-control: no-cache

19:22:59.072 [AsyncHttpClient-1-2] DEBUG org.asynchttpclient.netty.channel.ChannelManager - Adding key: http://localhost:48204 for channel [id: 0xfeb5ecf4, L:/127.0.0.1:51676 - R:localhost/127.0.0.1:48204]
19:22:59.303 [AsyncHttpClient-1-1] DEBUG org.asynchttpclient.netty.channel.DefaultChannelPool - Entry count for : http://localhost:48204 : 1
19:22:59.303 [AsyncHttpClient-1-1] DEBUG org.asynchttpclient.netty.channel.DefaultChannelPool - Entry count for : http://localhost:51678 : 1
19:22:59.303 [AsyncHttpClient-1-1] DEBUG org.asynchttpclient.netty.channel.DefaultChannelPool - Adding Candidate expired Channel [id: 0x66712923, L:/127.0.0.1:51684 ! R:localhost/127.0.0.1:51678] isIdleTimeoutExpired=false isRemotelyClosed=true isTtlExpired=false
19:22:59.303 [AsyncHttpClient-1-1] DEBUG org.asynchttpclient.netty.channel.DefaultChannelPool - Closing Idle Channel [id: 0x66712923, L:/127.0.0.1:51684 ! R:localhost/127.0.0.1:51678]
19:22:59.303 [AsyncHttpClient-1-1] DEBUG org.asynchttpclient.netty.channel.DefaultChannelPool - Closed 1 connections out of 2 in 0 ms
19:22:59.491 [AsyncHttpClient-1-2] DEBUG org.asynchttpclient.netty.handler.HttpHandler - Channel Closed: [id: 0xfeb5ecf4, L:/127.0.0.1:51676 ! R:localhost/127.0.0.1:48204] with attribute DISCARD
]]></system-out>
    <system-err><![CDATA[Starting ChromeDriver 113.0.5672.63 (0e1a4471d5ae5bf128b1bd8f4d627c8cbd55f70c-refs/branch-heads/5672@{#912}) on port 48204
Only local connections are allowed.
Please see https://chromedriver.chromium.org/security-considerations for suggestions on keeping ChromeDriver safe.
ChromeDriver was started successfully.
May 11, 2023 7:22:18 PM org.openqa.selenium.devtools.CdpVersionFinder findNearestMatch
WARNING: Unable to find an exact match for CDP version 113, so returning the closest version found: 110
]]></system-err>
  </testcase>
  <testcase name="Logout from account" classname="Logout from Alta-shop Account" time="5.33">
    <system-out><![CDATA[19:22:59.566 [main] DEBUG io.cucumber.core.plugin.SerenityReporter - Running feature from file:///C:/Users/Bunayya%20Zulfikar/3D%20Objects/alta_web_minpro_testcase/src/test/resources/features/6.%20Logout.feature
19:22:59.569 [main] DEBUG net.thucydides.core.steps.StepEventBus - Test suite started for story net.thucydides.core.model.Story@17228dd2
19:22:59.569 [main] INFO  - Test Suite Started: Logout from Alta-shop Account

Scenario: Logout from account                                &amp#27;[90m# src/test/resources/features/6. Logout.feature:7&amp#27;[0m
19:22:59.574 [main] DEBUG io.cucumber.core.plugin.SerenityReporter - Running feature from file:///C:/Users/Bunayya%20Zulfikar/3D%20Objects/alta_web_minpro_testcase/src/test/resources/features/6.%20Logout.feature
19:22:59.576 [main] INFO  - 
  _____   ___   ___   _____     ___   _____     _     ___   _____   ___   ___  
 |_   _| | __| / __| |_   _|   / __| |_   _|   /_\   | _ \ |_   _| | __| |   \ 
   | |   | _|  \__ \   | |     \__ \   | |    / _ \  |   /   | |   | _|  | |) |
   |_|   |___| |___/   |_|     |___/   |_|   /_/ \_\ |_|_\   |_|   |___| |___/ 

Logout from account(logout-from-alta-shop-account;logout-from-account)
--------------------------------------------------------------------------------
19:22:59.611 [main] DEBUG net.thucydides.core.steps.StepInterceptor - STARTING STEP: LogoutSteps.onTheHomePage - openPage
19:22:59.701 [main] INFO net.serenitybdd.core.webdriver.driverproviders.ChromeDriverProvider - Starting Chrome driver instance with capabilities:
19:22:59.701 [main] INFO net.serenitybdd.core.webdriver.driverproviders.ChromeDriverProvider - Capabilities {acceptInsecureCerts: false, browserName: chrome, goog:chromeOptions: {args: [remote-allow-origins=*], extensions: []}}
19:22:59.797 [AsyncHttpClient-1-5] DEBUG org.asynchttpclient.netty.channel.NettyConnectListener - Using new Channel '[id: 0x75ec610f, L:/127.0.0.1:57782 - R:localhost/127.0.0.1:7404]' for 'POST' to '/session'
19:23:00.404 [AsyncHttpClient-1-1] DEBUG org.asynchttpclient.netty.channel.DefaultChannelPool - Entry count for : http://localhost:48204 : 1
19:23:00.405 [AsyncHttpClient-1-1] DEBUG org.asynchttpclient.netty.channel.DefaultChannelPool - Adding Candidate expired Channel [id: 0xfeb5ecf4, L:/127.0.0.1:51676 ! R:localhost/127.0.0.1:48204] isIdleTimeoutExpired=false isRemotelyClosed=true isTtlExpired=false
19:23:00.405 [AsyncHttpClient-1-1] DEBUG org.asynchttpclient.netty.channel.DefaultChannelPool - Closing Idle Channel [id: 0xfeb5ecf4, L:/127.0.0.1:51676 ! R:localhost/127.0.0.1:48204]
19:23:00.405 [AsyncHttpClient-1-1] DEBUG org.asynchttpclient.netty.channel.DefaultChannelPool - Closed 1 connections out of 1 in 1 ms
19:23:00.735 [AsyncHttpClient-1-5] DEBUG org.asynchttpclient.netty.handler.HttpHandler - 

Request DefaultHttpRequest(decodeResult: success, version: HTTP/1.1)
POST /session HTTP/1.1
User-Agent: selenium/4.8.1 (java windows)
Content-Length: 507
Content-Type: application/json; charset=utf-8
host: localhost:7404
accept: */*

Response DefaultHttpResponse(decodeResult: success, version: HTTP/1.1)
HTTP/1.1 200 OK
Content-Length: 860
Content-Type: application/json; charset=utf-8
cache-control: no-cache

19:23:00.735 [AsyncHttpClient-1-5] DEBUG org.asynchttpclient.netty.channel.ChannelManager - Adding key: http://localhost:7404 for channel [id: 0x75ec610f, L:/127.0.0.1:57782 - R:localhost/127.0.0.1:7404]
19:23:00.741 [AsyncHttpClient-1-6] DEBUG org.asynchttpclient.netty.channel.NettyConnectListener - Using new Channel '[id: 0xb2d72b78, L:/127.0.0.1:57791 - R:localhost/127.0.0.1:57784]' for 'GET' to '/json/version'
19:23:00.743 [AsyncHttpClient-1-6] DEBUG org.asynchttpclient.netty.handler.HttpHandler - 

Request DefaultFullHttpRequest(decodeResult: success, version: HTTP/1.1, content: EmptyByteBufBE)
GET /json/version HTTP/1.1
User-Agent: selenium/4.8.1 (java windows)
host: localhost:57784
accept: */*

Response DefaultHttpResponse(decodeResult: success, version: HTTP/1.1)
HTTP/1.1 200 OK
Content-Security-Policy: frame-ancestors 'none'
Content-Length: 422
Content-Type: application/json; charset=UTF-8

19:23:00.743 [AsyncHttpClient-1-6] DEBUG org.asynchttpclient.netty.channel.ChannelManager - Adding key: http://localhost:57784 for channel [id: 0xb2d72b78, L:/127.0.0.1:57791 - R:localhost/127.0.0.1:57784]
19:23:00.746 [AsyncHttpClient-1-7] DEBUG org.asynchttpclient.netty.channel.NettyConnectListener - Using new Channel '[id: 0xd39aee06, L:/127.0.0.1:57792 - R:localhost/127.0.0.1:57784]' for 'GET' to '/devtools/browser/d870ebb6-0d69-45f0-bc99-f472d4c1782f'
19:23:00.746 [AsyncHttpClient-1-7] DEBUG org.asynchttpclient.netty.handler.WebSocketHandler - 

Request DefaultFullHttpRequest(decodeResult: success, version: HTTP/1.1, content: EmptyByteBufBE)
GET /devtools/browser/d870ebb6-0d69-45f0-bc99-f472d4c1782f HTTP/1.1
upgrade: websocket
connection: upgrade
sec-websocket-key: 8c3YY+fa5Cfk9ptNzWIV7g==
sec-websocket-version: 13
origin: http://localhost:57784
host: localhost:57784
accept: */*
user-agent: AHC/2.1

Response DefaultHttpResponse(decodeResult: success, version: HTTP/1.1)
HTTP/1.1 101 WebSocket Protocol Handshake
Upgrade: WebSocket
Connection: Upgrade
Sec-WebSocket-Accept: GBtSqQWCCmu6HqZfgjIvSBaXrjo=

19:23:00.751 [Forwarding get on session adce2c6d9a787b88aac101ad373c388f to remote] DEBUG org.asynchttpclient.netty.request.NettyRequestSender - Using pooled Channel '[id: 0x75ec610f, L:/127.0.0.1:57782 - R:localhost/127.0.0.1:7404]' for 'POST' to 'http://localhost:7404/session/adce2c6d9a787b88aac101ad373c388f/url'
19:23:00.751 [Forwarding get on session adce2c6d9a787b88aac101ad373c388f to remote] DEBUG org.asynchttpclient.netty.request.NettyRequestSender - Using open Channel [id: 0x75ec610f, L:/127.0.0.1:57782 - R:localhost/127.0.0.1:7404] for POST '/session/adce2c6d9a787b88aac101ad373c388f/url'
19:23:01.475 [AsyncHttpClient-1-5] DEBUG org.asynchttpclient.netty.handler.HttpHandler - 

Request DefaultHttpRequest(decodeResult: success, version: HTTP/1.1)
POST /session/adce2c6d9a787b88aac101ad373c388f/url HTTP/1.1
User-Agent: selenium/4.8.1 (java windows)
Content-Length: 80
Content-Type: application/json; charset=utf-8
host: localhost:7404
accept: */*

Response DefaultHttpResponse(decodeResult: success, version: HTTP/1.1)
HTTP/1.1 200 OK
Content-Length: 14
Content-Type: application/json; charset=utf-8
cache-control: no-cache

19:23:01.475 [AsyncHttpClient-1-5] DEBUG org.asynchttpclient.netty.channel.ChannelManager - Adding key: http://localhost:7404 for channel [id: 0x75ec610f, L:/127.0.0.1:57782 - R:localhost/127.0.0.1:7404]
19:23:01.477 [Forwarding setTimeout on session adce2c6d9a787b88aac101ad373c388f to remote] DEBUG org.asynchttpclient.netty.request.NettyRequestSender - Using pooled Channel '[id: 0x75ec610f, L:/127.0.0.1:57782 - R:localhost/127.0.0.1:7404]' for 'POST' to 'http://localhost:7404/session/adce2c6d9a787b88aac101ad373c388f/timeouts'
19:23:01.477 [Forwarding setTimeout on session adce2c6d9a787b88aac101ad373c388f to remote] DEBUG org.asynchttpclient.netty.request.NettyRequestSender - Using open Channel [id: 0x75ec610f, L:/127.0.0.1:57782 - R:localhost/127.0.0.1:7404] for POST '/session/adce2c6d9a787b88aac101ad373c388f/timeouts'
19:23:01.478 [AsyncHttpClient-1-5] DEBUG org.asynchttpclient.netty.handler.HttpHandler - 

Request DefaultHttpRequest(decodeResult: success, version: HTTP/1.1)
POST /session/adce2c6d9a787b88aac101ad373c388f/timeouts HTTP/1.1
User-Agent: selenium/4.8.1 (java windows)
Content-Length: 22
Content-Type: application/json; charset=utf-8
host: localhost:7404
accept: */*

Response DefaultHttpResponse(decodeResult: success, version: HTTP/1.1)
HTTP/1.1 200 OK
Content-Length: 14
Content-Type: application/json; charset=utf-8
cache-control: no-cache

19:23:01.478 [AsyncHttpClient-1-5] DEBUG org.asynchttpclient.netty.channel.ChannelManager - Adding key: http://localhost:7404 for channel [id: 0x75ec610f, L:/127.0.0.1:57782 - R:localhost/127.0.0.1:7404]
19:23:01.487 [main] DEBUG net.serenitybdd.core.photography.Darkroom - Opening darkroom
19:23:01.488 [Forwarding getAlertText on session adce2c6d9a787b88aac101ad373c388f to remote] DEBUG org.asynchttpclient.netty.request.NettyRequestSender - Using pooled Channel '[id: 0x75ec610f, L:/127.0.0.1:57782 - R:localhost/127.0.0.1:7404]' for 'GET' to 'http://localhost:7404/session/adce2c6d9a787b88aac101ad373c388f/alert/text'
19:23:01.488 [Forwarding getAlertText on session adce2c6d9a787b88aac101ad373c388f to remote] DEBUG org.asynchttpclient.netty.request.NettyRequestSender - Using open Channel [id: 0x75ec610f, L:/127.0.0.1:57782 - R:localhost/127.0.0.1:7404] for GET '/session/adce2c6d9a787b88aac101ad373c388f/alert/text'
19:23:01.489 [Darkroom Processing Line] DEBUG net.serenitybdd.core.photography.DarkroomProcessingLine - Darkroom processing line starting up
19:23:01.492 [AsyncHttpClient-1-5] DEBUG org.asynchttpclient.netty.handler.HttpHandler - 

Request DefaultFullHttpRequest(decodeResult: success, version: HTTP/1.1, content: EmptyByteBufBE)
GET /session/adce2c6d9a787b88aac101ad373c388f/alert/text HTTP/1.1
User-Agent: selenium/4.8.1 (java windows)
Cache-Control: no-cache
Content-Type: application/json; charset=utf-8
host: localhost:7404
accept: */*

Response DefaultHttpResponse(decodeResult: success, version: HTTP/1.1)
HTTP/1.1 404 Not Found
Content-Length: 847
Content-Type: application/json; charset=utf-8
cache-control: no-cache

19:23:01.492 [AsyncHttpClient-1-5] DEBUG org.asynchttpclient.netty.channel.ChannelManager - Adding key: http://localhost:7404 for channel [id: 0x75ec610f, L:/127.0.0.1:57782 - R:localhost/127.0.0.1:7404]
19:23:01.494 [Forwarding getCurrentUrl on session adce2c6d9a787b88aac101ad373c388f to remote] DEBUG org.asynchttpclient.netty.request.NettyRequestSender - Using pooled Channel '[id: 0x75ec610f, L:/127.0.0.1:57782 - R:localhost/127.0.0.1:7404]' for 'GET' to 'http://localhost:7404/session/adce2c6d9a787b88aac101ad373c388f/url'
19:23:01.494 [Forwarding getCurrentUrl on session adce2c6d9a787b88aac101ad373c388f to remote] DEBUG org.asynchttpclient.netty.request.NettyRequestSender - Using open Channel [id: 0x75ec610f, L:/127.0.0.1:57782 - R:localhost/127.0.0.1:7404] for GET '/session/adce2c6d9a787b88aac101ad373c388f/url'
19:23:01.502 [AsyncHttpClient-1-1] DEBUG org.asynchttpclient.netty.channel.DefaultChannelPool - Entry count for : http://localhost:57784 : 1
19:23:01.522 [AsyncHttpClient-1-5] DEBUG org.asynchttpclient.netty.handler.HttpHandler - 

Request DefaultFullHttpRequest(decodeResult: success, version: HTTP/1.1, content: EmptyByteBufBE)
GET /session/adce2c6d9a787b88aac101ad373c388f/url HTTP/1.1
User-Agent: selenium/4.8.1 (java windows)
Cache-Control: no-cache
Content-Type: application/json; charset=utf-8
host: localhost:7404
accept: */*

Response DefaultHttpResponse(decodeResult: success, version: HTTP/1.1)
HTTP/1.1 200 OK
Content-Length: 52
Content-Type: application/json; charset=utf-8
cache-control: no-cache

19:23:01.522 [AsyncHttpClient-1-5] DEBUG org.asynchttpclient.netty.channel.ChannelManager - Adding key: http://localhost:7404 for channel [id: 0x75ec610f, L:/127.0.0.1:57782 - R:localhost/127.0.0.1:7404]
19:23:01.523 [Forwarding screenshot on session adce2c6d9a787b88aac101ad373c388f to remote] DEBUG org.asynchttpclient.netty.request.NettyRequestSender - Using pooled Channel '[id: 0x75ec610f, L:/127.0.0.1:57782 - R:localhost/127.0.0.1:7404]' for 'GET' to 'http://localhost:7404/session/adce2c6d9a787b88aac101ad373c388f/screenshot'
19:23:01.523 [Forwarding screenshot on session adce2c6d9a787b88aac101ad373c388f to remote] DEBUG org.asynchttpclient.netty.request.NettyRequestSender - Using open Channel [id: 0x75ec610f, L:/127.0.0.1:57782 - R:localhost/127.0.0.1:7404] for GET '/session/adce2c6d9a787b88aac101ad373c388f/screenshot'
19:23:01.905 [AsyncHttpClient-1-5] DEBUG org.asynchttpclient.netty.handler.HttpHandler - 

Request DefaultFullHttpRequest(decodeResult: success, version: HTTP/1.1, content: EmptyByteBufBE)
GET /session/adce2c6d9a787b88aac101ad373c388f/screenshot HTTP/1.1
User-Agent: selenium/4.8.1 (java windows)
Cache-Control: no-cache
Content-Type: application/json; charset=utf-8
host: localhost:7404
accept: */*

Response DefaultHttpResponse(decodeResult: success, version: HTTP/1.1)
HTTP/1.1 200 OK
Content-Length: 32168
Content-Type: application/json; charset=utf-8
cache-control: no-cache

19:23:01.905 [AsyncHttpClient-1-5] DEBUG org.asynchttpclient.netty.channel.ChannelManager - Adding key: http://localhost:7404 for channel [id: 0x75ec610f, L:/127.0.0.1:57782 - R:localhost/127.0.0.1:7404]
19:23:01.906 [main] DEBUG net.serenitybdd.core.photography.Darkroom - Send negative for processing for target\site\serenity\d00787a84e57ae9818ec6333fe71d83a89fc0961433dfe7832481e3dca8fda29.png
19:23:01.906 [main] DEBUG net.thucydides.core.steps.StepInterceptor - STEP DONE: openPage
19:23:01.910 [Forwarding getPageSource on session adce2c6d9a787b88aac101ad373c388f to remote] DEBUG org.asynchttpclient.netty.request.NettyRequestSender - Using pooled Channel '[id: 0x75ec610f, L:/127.0.0.1:57782 - R:localhost/127.0.0.1:7404]' for 'POST' to 'http://localhost:7404/session/adce2c6d9a787b88aac101ad373c388f/execute/sync'
19:23:01.910 [Forwarding getPageSource on session adce2c6d9a787b88aac101ad373c388f to remote] DEBUG org.asynchttpclient.netty.request.NettyRequestSender - Using open Channel [id: 0x75ec610f, L:/127.0.0.1:57782 - R:localhost/127.0.0.1:7404] for POST '/session/adce2c6d9a787b88aac101ad373c388f/execute/sync'
19:23:01.916 [AsyncHttpClient-1-5] DEBUG org.asynchttpclient.netty.handler.HttpHandler - 

Request DefaultHttpRequest(decodeResult: success, version: HTTP/1.1)
POST /session/adce2c6d9a787b88aac101ad373c388f/execute/sync HTTP/1.1
User-Agent: selenium/4.8.1 (java windows)
Content-Length: 176
Content-Type: application/json; charset=utf-8
host: localhost:7404
accept: */*

Response DefaultHttpResponse(decodeResult: success, version: HTTP/1.1)
HTTP/1.1 200 OK
Content-Length: 21659
Content-Type: application/json; charset=utf-8
cache-control: no-cache

19:23:01.916 [AsyncHttpClient-1-5] DEBUG org.asynchttpclient.netty.channel.ChannelManager - Adding key: http://localhost:7404 for channel [id: 0x75ec610f, L:/127.0.0.1:57782 - R:localhost/127.0.0.1:7404]
19:23:01.917 [Forwarding getCurrentUrl on session adce2c6d9a787b88aac101ad373c388f to remote] DEBUG org.asynchttpclient.netty.request.NettyRequestSender - Using pooled Channel '[id: 0x75ec610f, L:/127.0.0.1:57782 - R:localhost/127.0.0.1:7404]' for 'GET' to 'http://localhost:7404/session/adce2c6d9a787b88aac101ad373c388f/url'
19:23:01.917 [Forwarding getCurrentUrl on session adce2c6d9a787b88aac101ad373c388f to remote] DEBUG org.asynchttpclient.netty.request.NettyRequestSender - Using open Channel [id: 0x75ec610f, L:/127.0.0.1:57782 - R:localhost/127.0.0.1:7404] for GET '/session/adce2c6d9a787b88aac101ad373c388f/url'
19:23:01.920 [AsyncHttpClient-1-5] DEBUG org.asynchttpclient.netty.handler.HttpHandler - 

Request DefaultFullHttpRequest(decodeResult: success, version: HTTP/1.1, content: EmptyByteBufBE)
GET /session/adce2c6d9a787b88aac101ad373c388f/url HTTP/1.1
User-Agent: selenium/4.8.1 (java windows)
Cache-Control: no-cache
Content-Type: application/json; charset=utf-8
host: localhost:7404
accept: */*

Response DefaultHttpResponse(decodeResult: success, version: HTTP/1.1)
HTTP/1.1 200 OK
Content-Length: 52
Content-Type: application/json; charset=utf-8
cache-control: no-cache

19:23:01.920 [AsyncHttpClient-1-5] DEBUG org.asynchttpclient.netty.channel.ChannelManager - Adding key: http://localhost:7404 for channel [id: 0x75ec610f, L:/127.0.0.1:57782 - R:localhost/127.0.0.1:7404]
19:23:01.922 [main] DEBUG net.thucydides.core.steps.StepInterceptor - STARTING STEP: LogoutSteps.onTheHomePage - inputEmail
19:23:01.923 [Forwarding findElement on session adce2c6d9a787b88aac101ad373c388f to remote] DEBUG org.asynchttpclient.netty.request.NettyRequestSender - Using pooled Channel '[id: 0x75ec610f, L:/127.0.0.1:57782 - R:localhost/127.0.0.1:7404]' for 'POST' to 'http://localhost:7404/session/adce2c6d9a787b88aac101ad373c388f/element'
19:23:01.923 [Forwarding findElement on session adce2c6d9a787b88aac101ad373c388f to remote] DEBUG org.asynchttpclient.netty.request.NettyRequestSender - Using open Channel [id: 0x75ec610f, L:/127.0.0.1:57782 - R:localhost/127.0.0.1:7404] for POST '/session/adce2c6d9a787b88aac101ad373c388f/element'
19:23:01.936 [AsyncHttpClient-1-5] DEBUG org.asynchttpclient.netty.handler.HttpHandler - 

Request DefaultHttpRequest(decodeResult: success, version: HTTP/1.1)
POST /session/adce2c6d9a787b88aac101ad373c388f/element HTTP/1.1
User-Agent: selenium/4.8.1 (java windows)
Content-Length: 55
Content-Type: application/json; charset=utf-8
host: localhost:7404
accept: */*

Response DefaultHttpResponse(decodeResult: success, version: HTTP/1.1)
HTTP/1.1 200 OK
Content-Length: 94
Content-Type: application/json; charset=utf-8
cache-control: no-cache

19:23:01.936 [AsyncHttpClient-1-5] DEBUG org.asynchttpclient.netty.channel.ChannelManager - Adding key: http://localhost:7404 for channel [id: 0x75ec610f, L:/127.0.0.1:57782 - R:localhost/127.0.0.1:7404]
19:23:01.936 [Forwarding clearElement on session adce2c6d9a787b88aac101ad373c388f to remote] DEBUG org.asynchttpclient.netty.request.NettyRequestSender - Using pooled Channel '[id: 0x75ec610f, L:/127.0.0.1:57782 - R:localhost/127.0.0.1:7404]' for 'POST' to 'http://localhost:7404/session/adce2c6d9a787b88aac101ad373c388f/element/4BA2AC469EE1D154EDEB8B4340D1A81A_element_5/clear'
19:23:01.937 [Forwarding clearElement on session adce2c6d9a787b88aac101ad373c388f to remote] DEBUG org.asynchttpclient.netty.request.NettyRequestSender - Using open Channel [id: 0x75ec610f, L:/127.0.0.1:57782 - R:localhost/127.0.0.1:7404] for POST '/session/adce2c6d9a787b88aac101ad373c388f/element/4BA2AC469EE1D154EDEB8B4340D1A81A_element_5/clear'
19:23:01.970 [AsyncHttpClient-1-5] DEBUG org.asynchttpclient.netty.handler.HttpHandler - 

Request DefaultHttpRequest(decodeResult: success, version: HTTP/1.1)
POST /session/adce2c6d9a787b88aac101ad373c388f/element/4BA2AC469EE1D154EDEB8B4340D1A81A_element_5/clear HTTP/1.1
User-Agent: selenium/4.8.1 (java windows)
Content-Length: 56
Content-Type: application/json; charset=utf-8
host: localhost:7404
accept: */*

Response DefaultHttpResponse(decodeResult: success, version: HTTP/1.1)
HTTP/1.1 200 OK
Content-Length: 14
Content-Type: application/json; charset=utf-8
cache-control: no-cache

19:23:01.970 [AsyncHttpClient-1-5] DEBUG org.asynchttpclient.netty.channel.ChannelManager - Adding key: http://localhost:7404 for channel [id: 0x75ec610f, L:/127.0.0.1:57782 - R:localhost/127.0.0.1:7404]
19:23:01.971 [Forwarding sendKeysToElement on session adce2c6d9a787b88aac101ad373c388f to remote] DEBUG org.asynchttpclient.netty.request.NettyRequestSender - Using pooled Channel '[id: 0x75ec610f, L:/127.0.0.1:57782 - R:localhost/127.0.0.1:7404]' for 'POST' to 'http://localhost:7404/session/adce2c6d9a787b88aac101ad373c388f/element/4BA2AC469EE1D154EDEB8B4340D1A81A_element_5/value'
19:23:01.971 [Forwarding sendKeysToElement on session adce2c6d9a787b88aac101ad373c388f to remote] DEBUG org.asynchttpclient.netty.request.NettyRequestSender - Using open Channel [id: 0x75ec610f, L:/127.0.0.1:57782 - R:localhost/127.0.0.1:7404] for POST '/session/adce2c6d9a787b88aac101ad373c388f/element/4BA2AC469EE1D154EDEB8B4340D1A81A_element_5/value'
19:23:02.099 [AsyncHttpClient-1-5] DEBUG org.asynchttpclient.netty.handler.HttpHandler - 

Request DefaultHttpRequest(decodeResult: success, version: HTTP/1.1)
POST /session/adce2c6d9a787b88aac101ad373c388f/element/4BA2AC469EE1D154EDEB8B4340D1A81A_element_5/value HTTP/1.1
User-Agent: selenium/4.8.1 (java windows)
Content-Length: 247
Content-Type: application/json; charset=utf-8
host: localhost:7404
accept: */*

Response DefaultHttpResponse(decodeResult: success, version: HTTP/1.1)
HTTP/1.1 200 OK
Content-Length: 14
Content-Type: application/json; charset=utf-8
cache-control: no-cache

19:23:02.099 [AsyncHttpClient-1-5] DEBUG org.asynchttpclient.netty.channel.ChannelManager - Adding key: http://localhost:7404 for channel [id: 0x75ec610f, L:/127.0.0.1:57782 - R:localhost/127.0.0.1:7404]
19:23:02.106 [Forwarding getAlertText on session adce2c6d9a787b88aac101ad373c388f to remote] DEBUG org.asynchttpclient.netty.request.NettyRequestSender - Using pooled Channel '[id: 0x75ec610f, L:/127.0.0.1:57782 - R:localhost/127.0.0.1:7404]' for 'GET' to 'http://localhost:7404/session/adce2c6d9a787b88aac101ad373c388f/alert/text'
19:23:02.106 [Forwarding getAlertText on session adce2c6d9a787b88aac101ad373c388f to remote] DEBUG org.asynchttpclient.netty.request.NettyRequestSender - Using open Channel [id: 0x75ec610f, L:/127.0.0.1:57782 - R:localhost/127.0.0.1:7404] for GET '/session/adce2c6d9a787b88aac101ad373c388f/alert/text'
19:23:02.107 [AsyncHttpClient-1-5] DEBUG org.asynchttpclient.netty.handler.HttpHandler - 

Request DefaultFullHttpRequest(decodeResult: success, version: HTTP/1.1, content: EmptyByteBufBE)
GET /session/adce2c6d9a787b88aac101ad373c388f/alert/text HTTP/1.1
User-Agent: selenium/4.8.1 (java windows)
Cache-Control: no-cache
Content-Type: application/json; charset=utf-8
host: localhost:7404
accept: */*

Response DefaultHttpResponse(decodeResult: success, version: HTTP/1.1)
HTTP/1.1 404 Not Found
Content-Length: 847
Content-Type: application/json; charset=utf-8
cache-control: no-cache

19:23:02.107 [AsyncHttpClient-1-5] DEBUG org.asynchttpclient.netty.channel.ChannelManager - Adding key: http://localhost:7404 for channel [id: 0x75ec610f, L:/127.0.0.1:57782 - R:localhost/127.0.0.1:7404]
19:23:02.108 [Forwarding getCurrentUrl on session adce2c6d9a787b88aac101ad373c388f to remote] DEBUG org.asynchttpclient.netty.request.NettyRequestSender - Using pooled Channel '[id: 0x75ec610f, L:/127.0.0.1:57782 - R:localhost/127.0.0.1:7404]' for 'GET' to 'http://localhost:7404/session/adce2c6d9a787b88aac101ad373c388f/url'
19:23:02.108 [Forwarding getCurrentUrl on session adce2c6d9a787b88aac101ad373c388f to remote] DEBUG org.asynchttpclient.netty.request.NettyRequestSender - Using open Channel [id: 0x75ec610f, L:/127.0.0.1:57782 - R:localhost/127.0.0.1:7404] for GET '/session/adce2c6d9a787b88aac101ad373c388f/url'
19:23:02.112 [AsyncHttpClient-1-5] DEBUG org.asynchttpclient.netty.handler.HttpHandler - 

Request DefaultFullHttpRequest(decodeResult: success, version: HTTP/1.1, content: EmptyByteBufBE)
GET /session/adce2c6d9a787b88aac101ad373c388f/url HTTP/1.1
User-Agent: selenium/4.8.1 (java windows)
Cache-Control: no-cache
Content-Type: application/json; charset=utf-8
host: localhost:7404
accept: */*

Response DefaultHttpResponse(decodeResult: success, version: HTTP/1.1)
HTTP/1.1 200 OK
Content-Length: 52
Content-Type: application/json; charset=utf-8
cache-control: no-cache

19:23:02.112 [AsyncHttpClient-1-5] DEBUG org.asynchttpclient.netty.channel.ChannelManager - Adding key: http://localhost:7404 for channel [id: 0x75ec610f, L:/127.0.0.1:57782 - R:localhost/127.0.0.1:7404]
19:23:02.112 [Forwarding screenshot on session adce2c6d9a787b88aac101ad373c388f to remote] DEBUG org.asynchttpclient.netty.request.NettyRequestSender - Using pooled Channel '[id: 0x75ec610f, L:/127.0.0.1:57782 - R:localhost/127.0.0.1:7404]' for 'GET' to 'http://localhost:7404/session/adce2c6d9a787b88aac101ad373c388f/screenshot'
19:23:02.112 [Forwarding screenshot on session adce2c6d9a787b88aac101ad373c388f to remote] DEBUG org.asynchttpclient.netty.request.NettyRequestSender - Using open Channel [id: 0x75ec610f, L:/127.0.0.1:57782 - R:localhost/127.0.0.1:7404] for GET '/session/adce2c6d9a787b88aac101ad373c388f/screenshot'
19:23:02.216 [AsyncHttpClient-1-5] DEBUG org.asynchttpclient.netty.handler.HttpHandler - 

Request DefaultFullHttpRequest(decodeResult: success, version: HTTP/1.1, content: EmptyByteBufBE)
GET /session/adce2c6d9a787b88aac101ad373c388f/screenshot HTTP/1.1
User-Agent: selenium/4.8.1 (java windows)
Cache-Control: no-cache
Content-Type: application/json; charset=utf-8
host: localhost:7404
accept: */*

Response DefaultHttpResponse(decodeResult: success, version: HTTP/1.1)
HTTP/1.1 200 OK
Content-Length: 37496
Content-Type: application/json; charset=utf-8
cache-control: no-cache

19:23:02.216 [AsyncHttpClient-1-5] DEBUG org.asynchttpclient.netty.channel.ChannelManager - Adding key: http://localhost:7404 for channel [id: 0x75ec610f, L:/127.0.0.1:57782 - R:localhost/127.0.0.1:7404]
19:23:02.217 [main] DEBUG net.serenitybdd.core.photography.Darkroom - Send negative for processing for target\site\serenity\b80891a5ec938d2075b078210d5cf1f0eff420a6db0649759da07dd585408cfb.png
19:23:02.217 [main] DEBUG net.thucydides.core.steps.StepInterceptor - STEP DONE: inputEmail
19:23:02.217 [Darkroom Processing Line] DEBUG net.serenitybdd.core.photography.DarkroomProcessingLine - Processing screenshot image in /var/screenshots/screenshot-739737273828181196
19:23:02.217 [Darkroom Processing Line] DEBUG net.serenitybdd.core.photography.DarkroomProcessingLine - Saving screenshot to target\site\serenity\b80891a5ec938d2075b078210d5cf1f0eff420a6db0649759da07dd585408cfb.png
19:23:02.236 [Forwarding getPageSource on session adce2c6d9a787b88aac101ad373c388f to remote] DEBUG org.asynchttpclient.netty.request.NettyRequestSender - Using pooled Channel '[id: 0x75ec610f, L:/127.0.0.1:57782 - R:localhost/127.0.0.1:7404]' for 'POST' to 'http://localhost:7404/session/adce2c6d9a787b88aac101ad373c388f/execute/sync'
19:23:02.236 [Forwarding getPageSource on session adce2c6d9a787b88aac101ad373c388f to remote] DEBUG org.asynchttpclient.netty.request.NettyRequestSender - Using open Channel [id: 0x75ec610f, L:/127.0.0.1:57782 - R:localhost/127.0.0.1:7404] for POST '/session/adce2c6d9a787b88aac101ad373c388f/execute/sync'
19:23:02.243 [AsyncHttpClient-1-5] DEBUG org.asynchttpclient.netty.handler.HttpHandler - 

Request DefaultHttpRequest(decodeResult: success, version: HTTP/1.1)
POST /session/adce2c6d9a787b88aac101ad373c388f/execute/sync HTTP/1.1
User-Agent: selenium/4.8.1 (java windows)
Content-Length: 176
Content-Type: application/json; charset=utf-8
host: localhost:7404
accept: */*

Response DefaultHttpResponse(decodeResult: success, version: HTTP/1.1)
HTTP/1.1 200 OK
Content-Length: 21780
Content-Type: application/json; charset=utf-8
cache-control: no-cache

19:23:02.243 [AsyncHttpClient-1-5] DEBUG org.asynchttpclient.netty.channel.ChannelManager - Adding key: http://localhost:7404 for channel [id: 0x75ec610f, L:/127.0.0.1:57782 - R:localhost/127.0.0.1:7404]
19:23:02.243 [Forwarding getCurrentUrl on session adce2c6d9a787b88aac101ad373c388f to remote] DEBUG org.asynchttpclient.netty.request.NettyRequestSender - Using pooled Channel '[id: 0x75ec610f, L:/127.0.0.1:57782 - R:localhost/127.0.0.1:7404]' for 'GET' to 'http://localhost:7404/session/adce2c6d9a787b88aac101ad373c388f/url'
19:23:02.243 [Forwarding getCurrentUrl on session adce2c6d9a787b88aac101ad373c388f to remote] DEBUG org.asynchttpclient.netty.request.NettyRequestSender - Using open Channel [id: 0x75ec610f, L:/127.0.0.1:57782 - R:localhost/127.0.0.1:7404] for GET '/session/adce2c6d9a787b88aac101ad373c388f/url'
19:23:02.249 [AsyncHttpClient-1-5] DEBUG org.asynchttpclient.netty.handler.HttpHandler - 

Request DefaultFullHttpRequest(decodeResult: success, version: HTTP/1.1, content: EmptyByteBufBE)
GET /session/adce2c6d9a787b88aac101ad373c388f/url HTTP/1.1
User-Agent: selenium/4.8.1 (java windows)
Cache-Control: no-cache
Content-Type: application/json; charset=utf-8
host: localhost:7404
accept: */*

Response DefaultHttpResponse(decodeResult: success, version: HTTP/1.1)
HTTP/1.1 200 OK
Content-Length: 52
Content-Type: application/json; charset=utf-8
cache-control: no-cache

19:23:02.249 [AsyncHttpClient-1-5] DEBUG org.asynchttpclient.netty.channel.ChannelManager - Adding key: http://localhost:7404 for channel [id: 0x75ec610f, L:/127.0.0.1:57782 - R:localhost/127.0.0.1:7404]
19:23:02.251 [main] DEBUG net.thucydides.core.steps.StepInterceptor - STARTING STEP: LogoutSteps.onTheHomePage - inputPassword
19:23:02.263 [Forwarding findElement on session adce2c6d9a787b88aac101ad373c388f to remote] DEBUG org.asynchttpclient.netty.request.NettyRequestSender - Using pooled Channel '[id: 0x75ec610f, L:/127.0.0.1:57782 - R:localhost/127.0.0.1:7404]' for 'POST' to 'http://localhost:7404/session/adce2c6d9a787b88aac101ad373c388f/element'
19:23:02.263 [Forwarding findElement on session adce2c6d9a787b88aac101ad373c388f to remote] DEBUG org.asynchttpclient.netty.request.NettyRequestSender - Using open Channel [id: 0x75ec610f, L:/127.0.0.1:57782 - R:localhost/127.0.0.1:7404] for POST '/session/adce2c6d9a787b88aac101ad373c388f/element'
19:23:02.278 [AsyncHttpClient-1-5] DEBUG org.asynchttpclient.netty.handler.HttpHandler - 

Request DefaultHttpRequest(decodeResult: success, version: HTTP/1.1)
POST /session/adce2c6d9a787b88aac101ad373c388f/element HTTP/1.1
User-Agent: selenium/4.8.1 (java windows)
Content-Length: 55
Content-Type: application/json; charset=utf-8
host: localhost:7404
accept: */*

Response DefaultHttpResponse(decodeResult: success, version: HTTP/1.1)
HTTP/1.1 200 OK
Content-Length: 94
Content-Type: application/json; charset=utf-8
cache-control: no-cache

19:23:02.278 [AsyncHttpClient-1-5] DEBUG org.asynchttpclient.netty.channel.ChannelManager - Adding key: http://localhost:7404 for channel [id: 0x75ec610f, L:/127.0.0.1:57782 - R:localhost/127.0.0.1:7404]
19:23:02.279 [Forwarding clearElement on session adce2c6d9a787b88aac101ad373c388f to remote] DEBUG org.asynchttpclient.netty.request.NettyRequestSender - Using pooled Channel '[id: 0x75ec610f, L:/127.0.0.1:57782 - R:localhost/127.0.0.1:7404]' for 'POST' to 'http://localhost:7404/session/adce2c6d9a787b88aac101ad373c388f/element/4BA2AC469EE1D154EDEB8B4340D1A81A_element_7/clear'
19:23:02.279 [Forwarding clearElement on session adce2c6d9a787b88aac101ad373c388f to remote] DEBUG org.asynchttpclient.netty.request.NettyRequestSender - Using open Channel [id: 0x75ec610f, L:/127.0.0.1:57782 - R:localhost/127.0.0.1:7404] for POST '/session/adce2c6d9a787b88aac101ad373c388f/element/4BA2AC469EE1D154EDEB8B4340D1A81A_element_7/clear'
19:23:02.301 [AsyncHttpClient-1-5] DEBUG org.asynchttpclient.netty.handler.HttpHandler - 

Request DefaultHttpRequest(decodeResult: success, version: HTTP/1.1)
POST /session/adce2c6d9a787b88aac101ad373c388f/element/4BA2AC469EE1D154EDEB8B4340D1A81A_element_7/clear HTTP/1.1
User-Agent: selenium/4.8.1 (java windows)
Content-Length: 56
Content-Type: application/json; charset=utf-8
host: localhost:7404
accept: */*

Response DefaultHttpResponse(decodeResult: success, version: HTTP/1.1)
HTTP/1.1 200 OK
Content-Length: 14
Content-Type: application/json; charset=utf-8
cache-control: no-cache

19:23:02.301 [AsyncHttpClient-1-5] DEBUG org.asynchttpclient.netty.channel.ChannelManager - Adding key: http://localhost:7404 for channel [id: 0x75ec610f, L:/127.0.0.1:57782 - R:localhost/127.0.0.1:7404]
19:23:02.303 [Forwarding sendKeysToElement on session adce2c6d9a787b88aac101ad373c388f to remote] DEBUG org.asynchttpclient.netty.request.NettyRequestSender - Using pooled Channel '[id: 0x75ec610f, L:/127.0.0.1:57782 - R:localhost/127.0.0.1:7404]' for 'POST' to 'http://localhost:7404/session/adce2c6d9a787b88aac101ad373c388f/element/4BA2AC469EE1D154EDEB8B4340D1A81A_element_7/value'
19:23:02.303 [Forwarding sendKeysToElement on session adce2c6d9a787b88aac101ad373c388f to remote] DEBUG org.asynchttpclient.netty.request.NettyRequestSender - Using open Channel [id: 0x75ec610f, L:/127.0.0.1:57782 - R:localhost/127.0.0.1:7404] for POST '/session/adce2c6d9a787b88aac101ad373c388f/element/4BA2AC469EE1D154EDEB8B4340D1A81A_element_7/value'
19:23:02.484 [AsyncHttpClient-1-5] DEBUG org.asynchttpclient.netty.handler.HttpHandler - 

Request DefaultHttpRequest(decodeResult: success, version: HTTP/1.1)
POST /session/adce2c6d9a787b88aac101ad373c388f/element/4BA2AC469EE1D154EDEB8B4340D1A81A_element_7/value HTTP/1.1
User-Agent: selenium/4.8.1 (java windows)
Content-Length: 147
Content-Type: application/json; charset=utf-8
host: localhost:7404
accept: */*

Response DefaultHttpResponse(decodeResult: success, version: HTTP/1.1)
HTTP/1.1 200 OK
Content-Length: 14
Content-Type: application/json; charset=utf-8
cache-control: no-cache

19:23:02.484 [AsyncHttpClient-1-5] DEBUG org.asynchttpclient.netty.channel.ChannelManager - Adding key: http://localhost:7404 for channel [id: 0x75ec610f, L:/127.0.0.1:57782 - R:localhost/127.0.0.1:7404]
19:23:02.501 [Forwarding getAlertText on session adce2c6d9a787b88aac101ad373c388f to remote] DEBUG org.asynchttpclient.netty.request.NettyRequestSender - Using pooled Channel '[id: 0x75ec610f, L:/127.0.0.1:57782 - R:localhost/127.0.0.1:7404]' for 'GET' to 'http://localhost:7404/session/adce2c6d9a787b88aac101ad373c388f/alert/text'
19:23:02.501 [Forwarding getAlertText on session adce2c6d9a787b88aac101ad373c388f to remote] DEBUG org.asynchttpclient.netty.request.NettyRequestSender - Using open Channel [id: 0x75ec610f, L:/127.0.0.1:57782 - R:localhost/127.0.0.1:7404] for GET '/session/adce2c6d9a787b88aac101ad373c388f/alert/text'
19:23:02.544 [AsyncHttpClient-1-5] DEBUG org.asynchttpclient.netty.handler.HttpHandler - 

Request DefaultFullHttpRequest(decodeResult: success, version: HTTP/1.1, content: EmptyByteBufBE)
GET /session/adce2c6d9a787b88aac101ad373c388f/alert/text HTTP/1.1
User-Agent: selenium/4.8.1 (java windows)
Cache-Control: no-cache
Content-Type: application/json; charset=utf-8
host: localhost:7404
accept: */*

Response DefaultHttpResponse(decodeResult: success, version: HTTP/1.1)
HTTP/1.1 404 Not Found
Content-Length: 847
Content-Type: application/json; charset=utf-8
cache-control: no-cache

19:23:02.544 [AsyncHttpClient-1-5] DEBUG org.asynchttpclient.netty.channel.ChannelManager - Adding key: http://localhost:7404 for channel [id: 0x75ec610f, L:/127.0.0.1:57782 - R:localhost/127.0.0.1:7404]
19:23:02.550 [Forwarding getCurrentUrl on session adce2c6d9a787b88aac101ad373c388f to remote] DEBUG org.asynchttpclient.netty.request.NettyRequestSender - Using pooled Channel '[id: 0x75ec610f, L:/127.0.0.1:57782 - R:localhost/127.0.0.1:7404]' for 'GET' to 'http://localhost:7404/session/adce2c6d9a787b88aac101ad373c388f/url'
19:23:02.550 [Forwarding getCurrentUrl on session adce2c6d9a787b88aac101ad373c388f to remote] DEBUG org.asynchttpclient.netty.request.NettyRequestSender - Using open Channel [id: 0x75ec610f, L:/127.0.0.1:57782 - R:localhost/127.0.0.1:7404] for GET '/session/adce2c6d9a787b88aac101ad373c388f/url'
19:23:02.573 [AsyncHttpClient-1-5] DEBUG org.asynchttpclient.netty.handler.HttpHandler - 

Request DefaultFullHttpRequest(decodeResult: success, version: HTTP/1.1, content: EmptyByteBufBE)
GET /session/adce2c6d9a787b88aac101ad373c388f/url HTTP/1.1
User-Agent: selenium/4.8.1 (java windows)
Cache-Control: no-cache
Content-Type: application/json; charset=utf-8
host: localhost:7404
accept: */*

Response DefaultHttpResponse(decodeResult: success, version: HTTP/1.1)
HTTP/1.1 200 OK
Content-Length: 52
Content-Type: application/json; charset=utf-8
cache-control: no-cache

19:23:02.574 [AsyncHttpClient-1-5] DEBUG org.asynchttpclient.netty.channel.ChannelManager - Adding key: http://localhost:7404 for channel [id: 0x75ec610f, L:/127.0.0.1:57782 - R:localhost/127.0.0.1:7404]
19:23:02.574 [Forwarding screenshot on session adce2c6d9a787b88aac101ad373c388f to remote] DEBUG org.asynchttpclient.netty.request.NettyRequestSender - Using pooled Channel '[id: 0x75ec610f, L:/127.0.0.1:57782 - R:localhost/127.0.0.1:7404]' for 'GET' to 'http://localhost:7404/session/adce2c6d9a787b88aac101ad373c388f/screenshot'
19:23:02.574 [Forwarding screenshot on session adce2c6d9a787b88aac101ad373c388f to remote] DEBUG org.asynchttpclient.netty.request.NettyRequestSender - Using open Channel [id: 0x75ec610f, L:/127.0.0.1:57782 - R:localhost/127.0.0.1:7404] for GET '/session/adce2c6d9a787b88aac101ad373c388f/screenshot'
19:23:02.602 [AsyncHttpClient-1-1] DEBUG org.asynchttpclient.netty.channel.DefaultChannelPool - Entry count for : http://localhost:57784 : 1
19:23:02.724 [AsyncHttpClient-1-5] DEBUG org.asynchttpclient.netty.handler.HttpHandler - 

Request DefaultFullHttpRequest(decodeResult: success, version: HTTP/1.1, content: EmptyByteBufBE)
GET /session/adce2c6d9a787b88aac101ad373c388f/screenshot HTTP/1.1
User-Agent: selenium/4.8.1 (java windows)
Cache-Control: no-cache
Content-Type: application/json; charset=utf-8
host: localhost:7404
accept: */*

Response DefaultHttpResponse(decodeResult: success, version: HTTP/1.1)
HTTP/1.1 200 OK
Content-Length: 38776
Content-Type: application/json; charset=utf-8
cache-control: no-cache

19:23:02.724 [AsyncHttpClient-1-5] DEBUG org.asynchttpclient.netty.channel.ChannelManager - Adding key: http://localhost:7404 for channel [id: 0x75ec610f, L:/127.0.0.1:57782 - R:localhost/127.0.0.1:7404]
19:23:02.725 [main] DEBUG net.serenitybdd.core.photography.Darkroom - Send negative for processing for target\site\serenity\e32de7c9ae5babe387f1c094c21b9d04c3723b2fa49955592309a8a1407690cb.png
19:23:02.725 [main] DEBUG net.thucydides.core.steps.StepInterceptor - STEP DONE: inputPassword
19:23:02.725 [Darkroom Processing Line] DEBUG net.serenitybdd.core.photography.DarkroomProcessingLine - Processing screenshot image in /var/screenshots/screenshot-6664383684036924884
19:23:02.725 [Darkroom Processing Line] DEBUG net.serenitybdd.core.photography.DarkroomProcessingLine - Saving screenshot to target\site\serenity\e32de7c9ae5babe387f1c094c21b9d04c3723b2fa49955592309a8a1407690cb.png
19:23:02.735 [Forwarding getPageSource on session adce2c6d9a787b88aac101ad373c388f to remote] DEBUG org.asynchttpclient.netty.request.NettyRequestSender - Using pooled Channel '[id: 0x75ec610f, L:/127.0.0.1:57782 - R:localhost/127.0.0.1:7404]' for 'POST' to 'http://localhost:7404/session/adce2c6d9a787b88aac101ad373c388f/execute/sync'
19:23:02.735 [Forwarding getPageSource on session adce2c6d9a787b88aac101ad373c388f to remote] DEBUG org.asynchttpclient.netty.request.NettyRequestSender - Using open Channel [id: 0x75ec610f, L:/127.0.0.1:57782 - R:localhost/127.0.0.1:7404] for POST '/session/adce2c6d9a787b88aac101ad373c388f/execute/sync'
19:23:02.744 [AsyncHttpClient-1-5] DEBUG org.asynchttpclient.netty.handler.HttpHandler - 

Request DefaultHttpRequest(decodeResult: success, version: HTTP/1.1)
POST /session/adce2c6d9a787b88aac101ad373c388f/execute/sync HTTP/1.1
User-Agent: selenium/4.8.1 (java windows)
Content-Length: 176
Content-Type: application/json; charset=utf-8
host: localhost:7404
accept: */*

Response DefaultHttpResponse(decodeResult: success, version: HTTP/1.1)
HTTP/1.1 200 OK
Content-Length: 21839
Content-Type: application/json; charset=utf-8
cache-control: no-cache

19:23:02.744 [AsyncHttpClient-1-5] DEBUG org.asynchttpclient.netty.channel.ChannelManager - Adding key: http://localhost:7404 for channel [id: 0x75ec610f, L:/127.0.0.1:57782 - R:localhost/127.0.0.1:7404]
19:23:02.746 [Forwarding getCurrentUrl on session adce2c6d9a787b88aac101ad373c388f to remote] DEBUG org.asynchttpclient.netty.request.NettyRequestSender - Using pooled Channel '[id: 0x75ec610f, L:/127.0.0.1:57782 - R:localhost/127.0.0.1:7404]' for 'GET' to 'http://localhost:7404/session/adce2c6d9a787b88aac101ad373c388f/url'
19:23:02.746 [Forwarding getCurrentUrl on session adce2c6d9a787b88aac101ad373c388f to remote] DEBUG org.asynchttpclient.netty.request.NettyRequestSender - Using open Channel [id: 0x75ec610f, L:/127.0.0.1:57782 - R:localhost/127.0.0.1:7404] for GET '/session/adce2c6d9a787b88aac101ad373c388f/url'
19:23:02.749 [AsyncHttpClient-1-5] DEBUG org.asynchttpclient.netty.handler.HttpHandler - 

Request DefaultFullHttpRequest(decodeResult: success, version: HTTP/1.1, content: EmptyByteBufBE)
GET /session/adce2c6d9a787b88aac101ad373c388f/url HTTP/1.1
User-Agent: selenium/4.8.1 (java windows)
Cache-Control: no-cache
Content-Type: application/json; charset=utf-8
host: localhost:7404
accept: */*

Response DefaultHttpResponse(decodeResult: success, version: HTTP/1.1)
HTTP/1.1 200 OK
Content-Length: 52
Content-Type: application/json; charset=utf-8
cache-control: no-cache

19:23:02.749 [AsyncHttpClient-1-5] DEBUG org.asynchttpclient.netty.channel.ChannelManager - Adding key: http://localhost:7404 for channel [id: 0x75ec610f, L:/127.0.0.1:57782 - R:localhost/127.0.0.1:7404]
19:23:02.752 [main] DEBUG net.thucydides.core.steps.StepInterceptor - STARTING STEP: LogoutSteps.onTheHomePage - clickLoginButton
19:23:02.754 [Forwarding findElement on session adce2c6d9a787b88aac101ad373c388f to remote] DEBUG org.asynchttpclient.netty.request.NettyRequestSender - Using pooled Channel '[id: 0x75ec610f, L:/127.0.0.1:57782 - R:localhost/127.0.0.1:7404]' for 'POST' to 'http://localhost:7404/session/adce2c6d9a787b88aac101ad373c388f/element'
19:23:02.754 [Forwarding findElement on session adce2c6d9a787b88aac101ad373c388f to remote] DEBUG org.asynchttpclient.netty.request.NettyRequestSender - Using open Channel [id: 0x75ec610f, L:/127.0.0.1:57782 - R:localhost/127.0.0.1:7404] for POST '/session/adce2c6d9a787b88aac101ad373c388f/element'
19:23:02.768 [AsyncHttpClient-1-5] DEBUG org.asynchttpclient.netty.handler.HttpHandler - 

Request DefaultHttpRequest(decodeResult: success, version: HTTP/1.1)
POST /session/adce2c6d9a787b88aac101ad373c388f/element HTTP/1.1
User-Agent: selenium/4.8.1 (java windows)
Content-Length: 71
Content-Type: application/json; charset=utf-8
host: localhost:7404
accept: */*

Response DefaultHttpResponse(decodeResult: success, version: HTTP/1.1)
HTTP/1.1 200 OK
Content-Length: 94
Content-Type: application/json; charset=utf-8
cache-control: no-cache

19:23:02.768 [AsyncHttpClient-1-5] DEBUG org.asynchttpclient.netty.channel.ChannelManager - Adding key: http://localhost:7404 for channel [id: 0x75ec610f, L:/127.0.0.1:57782 - R:localhost/127.0.0.1:7404]
19:23:02.769 [Forwarding getElementTagName on session adce2c6d9a787b88aac101ad373c388f to remote] DEBUG org.asynchttpclient.netty.request.NettyRequestSender - Using pooled Channel '[id: 0x75ec610f, L:/127.0.0.1:57782 - R:localhost/127.0.0.1:7404]' for 'GET' to 'http://localhost:7404/session/adce2c6d9a787b88aac101ad373c388f/element/4BA2AC469EE1D154EDEB8B4340D1A81A_element_8/name'
19:23:02.769 [Forwarding getElementTagName on session adce2c6d9a787b88aac101ad373c388f to remote] DEBUG org.asynchttpclient.netty.request.NettyRequestSender - Using open Channel [id: 0x75ec610f, L:/127.0.0.1:57782 - R:localhost/127.0.0.1:7404] for GET '/session/adce2c6d9a787b88aac101ad373c388f/element/4BA2AC469EE1D154EDEB8B4340D1A81A_element_8/name'
19:23:02.777 [AsyncHttpClient-1-5] DEBUG org.asynchttpclient.netty.handler.HttpHandler - 

Request DefaultFullHttpRequest(decodeResult: success, version: HTTP/1.1, content: EmptyByteBufBE)
GET /session/adce2c6d9a787b88aac101ad373c388f/element/4BA2AC469EE1D154EDEB8B4340D1A81A_element_8/name HTTP/1.1
User-Agent: selenium/4.8.1 (java windows)
Cache-Control: no-cache
Content-Type: application/json; charset=utf-8
host: localhost:7404
accept: */*

Response DefaultHttpResponse(decodeResult: success, version: HTTP/1.1)
HTTP/1.1 200 OK
Content-Length: 18
Content-Type: application/json; charset=utf-8
cache-control: no-cache

19:23:02.777 [AsyncHttpClient-1-5] DEBUG org.asynchttpclient.netty.channel.ChannelManager - Adding key: http://localhost:7404 for channel [id: 0x75ec610f, L:/127.0.0.1:57782 - R:localhost/127.0.0.1:7404]
19:23:02.778 [Forwarding getElementTagName on session adce2c6d9a787b88aac101ad373c388f to remote] DEBUG org.asynchttpclient.netty.request.NettyRequestSender - Using pooled Channel '[id: 0x75ec610f, L:/127.0.0.1:57782 - R:localhost/127.0.0.1:7404]' for 'GET' to 'http://localhost:7404/session/adce2c6d9a787b88aac101ad373c388f/element/4BA2AC469EE1D154EDEB8B4340D1A81A_element_8/name'
19:23:02.778 [Forwarding getElementTagName on session adce2c6d9a787b88aac101ad373c388f to remote] DEBUG org.asynchttpclient.netty.request.NettyRequestSender - Using open Channel [id: 0x75ec610f, L:/127.0.0.1:57782 - R:localhost/127.0.0.1:7404] for GET '/session/adce2c6d9a787b88aac101ad373c388f/element/4BA2AC469EE1D154EDEB8B4340D1A81A_element_8/name'
19:23:02.788 [AsyncHttpClient-1-5] DEBUG org.asynchttpclient.netty.handler.HttpHandler - 

Request DefaultFullHttpRequest(decodeResult: success, version: HTTP/1.1, content: EmptyByteBufBE)
GET /session/adce2c6d9a787b88aac101ad373c388f/element/4BA2AC469EE1D154EDEB8B4340D1A81A_element_8/name HTTP/1.1
User-Agent: selenium/4.8.1 (java windows)
Cache-Control: no-cache
Content-Type: application/json; charset=utf-8
host: localhost:7404
accept: */*

Response DefaultHttpResponse(decodeResult: success, version: HTTP/1.1)
HTTP/1.1 200 OK
Content-Length: 18
Content-Type: application/json; charset=utf-8
cache-control: no-cache

19:23:02.789 [AsyncHttpClient-1-5] DEBUG org.asynchttpclient.netty.channel.ChannelManager - Adding key: http://localhost:7404 for channel [id: 0x75ec610f, L:/127.0.0.1:57782 - R:localhost/127.0.0.1:7404]
19:23:02.791 [Forwarding isElementEnabled on session adce2c6d9a787b88aac101ad373c388f to remote] DEBUG org.asynchttpclient.netty.request.NettyRequestSender - Using pooled Channel '[id: 0x75ec610f, L:/127.0.0.1:57782 - R:localhost/127.0.0.1:7404]' for 'GET' to 'http://localhost:7404/session/adce2c6d9a787b88aac101ad373c388f/element/4BA2AC469EE1D154EDEB8B4340D1A81A_element_8/enabled'
19:23:02.791 [Forwarding isElementEnabled on session adce2c6d9a787b88aac101ad373c388f to remote] DEBUG org.asynchttpclient.netty.request.NettyRequestSender - Using open Channel [id: 0x75ec610f, L:/127.0.0.1:57782 - R:localhost/127.0.0.1:7404] for GET '/session/adce2c6d9a787b88aac101ad373c388f/element/4BA2AC469EE1D154EDEB8B4340D1A81A_element_8/enabled'
19:23:02.800 [AsyncHttpClient-1-5] DEBUG org.asynchttpclient.netty.handler.HttpHandler - 

Request DefaultFullHttpRequest(decodeResult: success, version: HTTP/1.1, content: EmptyByteBufBE)
GET /session/adce2c6d9a787b88aac101ad373c388f/element/4BA2AC469EE1D154EDEB8B4340D1A81A_element_8/enabled HTTP/1.1
User-Agent: selenium/4.8.1 (java windows)
Cache-Control: no-cache
Content-Type: application/json; charset=utf-8
host: localhost:7404
accept: */*

Response DefaultHttpResponse(decodeResult: success, version: HTTP/1.1)
HTTP/1.1 200 OK
Content-Length: 14
Content-Type: application/json; charset=utf-8
cache-control: no-cache

19:23:02.800 [AsyncHttpClient-1-5] DEBUG org.asynchttpclient.netty.channel.ChannelManager - Adding key: http://localhost:7404 for channel [id: 0x75ec610f, L:/127.0.0.1:57782 - R:localhost/127.0.0.1:7404]
19:23:02.801 [Forwarding isElementEnabled on session adce2c6d9a787b88aac101ad373c388f to remote] DEBUG org.asynchttpclient.netty.request.NettyRequestSender - Using pooled Channel '[id: 0x75ec610f, L:/127.0.0.1:57782 - R:localhost/127.0.0.1:7404]' for 'GET' to 'http://localhost:7404/session/adce2c6d9a787b88aac101ad373c388f/element/4BA2AC469EE1D154EDEB8B4340D1A81A_element_8/enabled'
19:23:02.801 [Forwarding isElementEnabled on session adce2c6d9a787b88aac101ad373c388f to remote] DEBUG org.asynchttpclient.netty.request.NettyRequestSender - Using open Channel [id: 0x75ec610f, L:/127.0.0.1:57782 - R:localhost/127.0.0.1:7404] for GET '/session/adce2c6d9a787b88aac101ad373c388f/element/4BA2AC469EE1D154EDEB8B4340D1A81A_element_8/enabled'
19:23:02.814 [AsyncHttpClient-1-5] DEBUG org.asynchttpclient.netty.handler.HttpHandler - 

Request DefaultFullHttpRequest(decodeResult: success, version: HTTP/1.1, content: EmptyByteBufBE)
GET /session/adce2c6d9a787b88aac101ad373c388f/element/4BA2AC469EE1D154EDEB8B4340D1A81A_element_8/enabled HTTP/1.1
User-Agent: selenium/4.8.1 (java windows)
Cache-Control: no-cache
Content-Type: application/json; charset=utf-8
host: localhost:7404
accept: */*

Response DefaultHttpResponse(decodeResult: success, version: HTTP/1.1)
HTTP/1.1 200 OK
Content-Length: 14
Content-Type: application/json; charset=utf-8
cache-control: no-cache

19:23:02.814 [AsyncHttpClient-1-5] DEBUG org.asynchttpclient.netty.channel.ChannelManager - Adding key: http://localhost:7404 for channel [id: 0x75ec610f, L:/127.0.0.1:57782 - R:localhost/127.0.0.1:7404]
19:23:02.816 [Forwarding findElement on session adce2c6d9a787b88aac101ad373c388f to remote] DEBUG org.asynchttpclient.netty.request.NettyRequestSender - Using pooled Channel '[id: 0x75ec610f, L:/127.0.0.1:57782 - R:localhost/127.0.0.1:7404]' for 'POST' to 'http://localhost:7404/session/adce2c6d9a787b88aac101ad373c388f/element'
19:23:02.816 [Forwarding findElement on session adce2c6d9a787b88aac101ad373c388f to remote] DEBUG org.asynchttpclient.netty.request.NettyRequestSender - Using open Channel [id: 0x75ec610f, L:/127.0.0.1:57782 - R:localhost/127.0.0.1:7404] for POST '/session/adce2c6d9a787b88aac101ad373c388f/element'
19:23:02.826 [AsyncHttpClient-1-5] DEBUG org.asynchttpclient.netty.handler.HttpHandler - 

Request DefaultHttpRequest(decodeResult: success, version: HTTP/1.1)
POST /session/adce2c6d9a787b88aac101ad373c388f/element HTTP/1.1
User-Agent: selenium/4.8.1 (java windows)
Content-Length: 71
Content-Type: application/json; charset=utf-8
host: localhost:7404
accept: */*

Response DefaultHttpResponse(decodeResult: success, version: HTTP/1.1)
HTTP/1.1 200 OK
Content-Length: 94
Content-Type: application/json; charset=utf-8
cache-control: no-cache

19:23:02.826 [AsyncHttpClient-1-5] DEBUG org.asynchttpclient.netty.channel.ChannelManager - Adding key: http://localhost:7404 for channel [id: 0x75ec610f, L:/127.0.0.1:57782 - R:localhost/127.0.0.1:7404]
19:23:02.826 [Forwarding clickElement on session adce2c6d9a787b88aac101ad373c388f to remote] DEBUG org.asynchttpclient.netty.request.NettyRequestSender - Using pooled Channel '[id: 0x75ec610f, L:/127.0.0.1:57782 - R:localhost/127.0.0.1:7404]' for 'POST' to 'http://localhost:7404/session/adce2c6d9a787b88aac101ad373c388f/element/4BA2AC469EE1D154EDEB8B4340D1A81A_element_8/click'
19:23:02.826 [Forwarding clickElement on session adce2c6d9a787b88aac101ad373c388f to remote] DEBUG org.asynchttpclient.netty.request.NettyRequestSender - Using open Channel [id: 0x75ec610f, L:/127.0.0.1:57782 - R:localhost/127.0.0.1:7404] for POST '/session/adce2c6d9a787b88aac101ad373c388f/element/4BA2AC469EE1D154EDEB8B4340D1A81A_element_8/click'
19:23:02.884 [AsyncHttpClient-1-5] DEBUG org.asynchttpclient.netty.handler.HttpHandler - 

Request DefaultHttpRequest(decodeResult: success, version: HTTP/1.1)
POST /session/adce2c6d9a787b88aac101ad373c388f/element/4BA2AC469EE1D154EDEB8B4340D1A81A_element_8/click HTTP/1.1
User-Agent: selenium/4.8.1 (java windows)
Content-Length: 56
Content-Type: application/json; charset=utf-8
host: localhost:7404
accept: */*

Response DefaultHttpResponse(decodeResult: success, version: HTTP/1.1)
HTTP/1.1 200 OK
Content-Length: 14
Content-Type: application/json; charset=utf-8
cache-control: no-cache

19:23:02.884 [AsyncHttpClient-1-5] DEBUG org.asynchttpclient.netty.channel.ChannelManager - Adding key: http://localhost:7404 for channel [id: 0x75ec610f, L:/127.0.0.1:57782 - R:localhost/127.0.0.1:7404]
19:23:02.891 [Forwarding getAlertText on session adce2c6d9a787b88aac101ad373c388f to remote] DEBUG org.asynchttpclient.netty.request.NettyRequestSender - Using pooled Channel '[id: 0x75ec610f, L:/127.0.0.1:57782 - R:localhost/127.0.0.1:7404]' for 'GET' to 'http://localhost:7404/session/adce2c6d9a787b88aac101ad373c388f/alert/text'
19:23:02.891 [Forwarding getAlertText on session adce2c6d9a787b88aac101ad373c388f to remote] DEBUG org.asynchttpclient.netty.request.NettyRequestSender - Using open Channel [id: 0x75ec610f, L:/127.0.0.1:57782 - R:localhost/127.0.0.1:7404] for GET '/session/adce2c6d9a787b88aac101ad373c388f/alert/text'
19:23:02.892 [AsyncHttpClient-1-5] DEBUG org.asynchttpclient.netty.handler.HttpHandler - 

Request DefaultFullHttpRequest(decodeResult: success, version: HTTP/1.1, content: EmptyByteBufBE)
GET /session/adce2c6d9a787b88aac101ad373c388f/alert/text HTTP/1.1
User-Agent: selenium/4.8.1 (java windows)
Cache-Control: no-cache
Content-Type: application/json; charset=utf-8
host: localhost:7404
accept: */*

Response DefaultHttpResponse(decodeResult: success, version: HTTP/1.1)
HTTP/1.1 404 Not Found
Content-Length: 847
Content-Type: application/json; charset=utf-8
cache-control: no-cache

19:23:02.892 [AsyncHttpClient-1-5] DEBUG org.asynchttpclient.netty.channel.ChannelManager - Adding key: http://localhost:7404 for channel [id: 0x75ec610f, L:/127.0.0.1:57782 - R:localhost/127.0.0.1:7404]
19:23:02.893 [Forwarding getCurrentUrl on session adce2c6d9a787b88aac101ad373c388f to remote] DEBUG org.asynchttpclient.netty.request.NettyRequestSender - Using pooled Channel '[id: 0x75ec610f, L:/127.0.0.1:57782 - R:localhost/127.0.0.1:7404]' for 'GET' to 'http://localhost:7404/session/adce2c6d9a787b88aac101ad373c388f/url'
19:23:02.893 [Forwarding getCurrentUrl on session adce2c6d9a787b88aac101ad373c388f to remote] DEBUG org.asynchttpclient.netty.request.NettyRequestSender - Using open Channel [id: 0x75ec610f, L:/127.0.0.1:57782 - R:localhost/127.0.0.1:7404] for GET '/session/adce2c6d9a787b88aac101ad373c388f/url'
19:23:02.904 [AsyncHttpClient-1-5] DEBUG org.asynchttpclient.netty.handler.HttpHandler - 

Request DefaultFullHttpRequest(decodeResult: success, version: HTTP/1.1, content: EmptyByteBufBE)
GET /session/adce2c6d9a787b88aac101ad373c388f/url HTTP/1.1
User-Agent: selenium/4.8.1 (java windows)
Cache-Control: no-cache
Content-Type: application/json; charset=utf-8
host: localhost:7404
accept: */*

Response DefaultHttpResponse(decodeResult: success, version: HTTP/1.1)
HTTP/1.1 200 OK
Content-Length: 52
Content-Type: application/json; charset=utf-8
cache-control: no-cache

19:23:02.904 [AsyncHttpClient-1-5] DEBUG org.asynchttpclient.netty.channel.ChannelManager - Adding key: http://localhost:7404 for channel [id: 0x75ec610f, L:/127.0.0.1:57782 - R:localhost/127.0.0.1:7404]
19:23:02.905 [Forwarding screenshot on session adce2c6d9a787b88aac101ad373c388f to remote] DEBUG org.asynchttpclient.netty.request.NettyRequestSender - Using pooled Channel '[id: 0x75ec610f, L:/127.0.0.1:57782 - R:localhost/127.0.0.1:7404]' for 'GET' to 'http://localhost:7404/session/adce2c6d9a787b88aac101ad373c388f/screenshot'
19:23:02.905 [Forwarding screenshot on session adce2c6d9a787b88aac101ad373c388f to remote] DEBUG org.asynchttpclient.netty.request.NettyRequestSender - Using open Channel [id: 0x75ec610f, L:/127.0.0.1:57782 - R:localhost/127.0.0.1:7404] for GET '/session/adce2c6d9a787b88aac101ad373c388f/screenshot'
19:23:03.121 [AsyncHttpClient-1-5] DEBUG org.asynchttpclient.netty.handler.HttpHandler - 

Request DefaultFullHttpRequest(decodeResult: success, version: HTTP/1.1, content: EmptyByteBufBE)
GET /session/adce2c6d9a787b88aac101ad373c388f/screenshot HTTP/1.1
User-Agent: selenium/4.8.1 (java windows)
Cache-Control: no-cache
Content-Type: application/json; charset=utf-8
host: localhost:7404
accept: */*

Response DefaultHttpResponse(decodeResult: success, version: HTTP/1.1)
HTTP/1.1 200 OK
Content-Length: 38604
Content-Type: application/json; charset=utf-8
cache-control: no-cache

19:23:03.121 [AsyncHttpClient-1-5] DEBUG org.asynchttpclient.netty.channel.ChannelManager - Adding key: http://localhost:7404 for channel [id: 0x75ec610f, L:/127.0.0.1:57782 - R:localhost/127.0.0.1:7404]
19:23:03.123 [main] DEBUG net.serenitybdd.core.photography.Darkroom - Send negative for processing for target\site\serenity\80aa52e2bd92f55fc06493b7c12fe09a797de6941458492a4a1229524eb78116.png
19:23:03.124 [main] DEBUG net.thucydides.core.steps.StepInterceptor - STEP DONE: clickLoginButton
19:23:03.124 [Darkroom Processing Line] DEBUG net.serenitybdd.core.photography.DarkroomProcessingLine - Processing screenshot image in /var/screenshots/screenshot-10882566100105700743
19:23:03.124 [Darkroom Processing Line] DEBUG net.serenitybdd.core.photography.DarkroomProcessingLine - Saving screenshot to target\site\serenity\80aa52e2bd92f55fc06493b7c12fe09a797de6941458492a4a1229524eb78116.png
19:23:03.135 [Forwarding getPageSource on session adce2c6d9a787b88aac101ad373c388f to remote] DEBUG org.asynchttpclient.netty.request.NettyRequestSender - Using pooled Channel '[id: 0x75ec610f, L:/127.0.0.1:57782 - R:localhost/127.0.0.1:7404]' for 'POST' to 'http://localhost:7404/session/adce2c6d9a787b88aac101ad373c388f/execute/sync'
19:23:03.135 [Forwarding getPageSource on session adce2c6d9a787b88aac101ad373c388f to remote] DEBUG org.asynchttpclient.netty.request.NettyRequestSender - Using open Channel [id: 0x75ec610f, L:/127.0.0.1:57782 - R:localhost/127.0.0.1:7404] for POST '/session/adce2c6d9a787b88aac101ad373c388f/execute/sync'
19:23:03.159 [AsyncHttpClient-1-5] DEBUG org.asynchttpclient.netty.handler.HttpHandler - 

Request DefaultHttpRequest(decodeResult: success, version: HTTP/1.1)
POST /session/adce2c6d9a787b88aac101ad373c388f/execute/sync HTTP/1.1
User-Agent: selenium/4.8.1 (java windows)
Content-Length: 176
Content-Type: application/json; charset=utf-8
host: localhost:7404
accept: */*

Response DefaultHttpResponse(decodeResult: success, version: HTTP/1.1)
HTTP/1.1 200 OK
Content-Length: 28798
Content-Type: application/json; charset=utf-8
cache-control: no-cache

19:23:03.159 [AsyncHttpClient-1-5] DEBUG org.asynchttpclient.netty.channel.ChannelManager - Adding key: http://localhost:7404 for channel [id: 0x75ec610f, L:/127.0.0.1:57782 - R:localhost/127.0.0.1:7404]
19:23:03.162 [Forwarding getCurrentUrl on session adce2c6d9a787b88aac101ad373c388f to remote] DEBUG org.asynchttpclient.netty.request.NettyRequestSender - Using pooled Channel '[id: 0x75ec610f, L:/127.0.0.1:57782 - R:localhost/127.0.0.1:7404]' for 'GET' to 'http://localhost:7404/session/adce2c6d9a787b88aac101ad373c388f/url'
19:23:03.162 [Forwarding getCurrentUrl on session adce2c6d9a787b88aac101ad373c388f to remote] DEBUG org.asynchttpclient.netty.request.NettyRequestSender - Using open Channel [id: 0x75ec610f, L:/127.0.0.1:57782 - R:localhost/127.0.0.1:7404] for GET '/session/adce2c6d9a787b88aac101ad373c388f/url'
19:23:03.172 [AsyncHttpClient-1-5] DEBUG org.asynchttpclient.netty.handler.HttpHandler - 

Request DefaultFullHttpRequest(decodeResult: success, version: HTTP/1.1, content: EmptyByteBufBE)
GET /session/adce2c6d9a787b88aac101ad373c388f/url HTTP/1.1
User-Agent: selenium/4.8.1 (java windows)
Cache-Control: no-cache
Content-Type: application/json; charset=utf-8
host: localhost:7404
accept: */*

Response DefaultHttpResponse(decodeResult: success, version: HTTP/1.1)
HTTP/1.1 200 OK
Content-Length: 41
Content-Type: application/json; charset=utf-8
cache-control: no-cache

19:23:03.173 [AsyncHttpClient-1-5] DEBUG org.asynchttpclient.netty.channel.ChannelManager - Adding key: http://localhost:7404 for channel [id: 0x75ec610f, L:/127.0.0.1:57782 - R:localhost/127.0.0.1:7404]
19:23:03.175 [main] DEBUG net.thucydides.core.steps.StepInterceptor - STARTING STEP: LogoutSteps.onTheHomePage - validateOnHomePage
19:23:03.178 [Forwarding findElement on session adce2c6d9a787b88aac101ad373c388f to remote] DEBUG org.asynchttpclient.netty.request.NettyRequestSender - Using pooled Channel '[id: 0x75ec610f, L:/127.0.0.1:57782 - R:localhost/127.0.0.1:7404]' for 'POST' to 'http://localhost:7404/session/adce2c6d9a787b88aac101ad373c388f/element'
19:23:03.178 [Forwarding findElement on session adce2c6d9a787b88aac101ad373c388f to remote] DEBUG org.asynchttpclient.netty.request.NettyRequestSender - Using open Channel [id: 0x75ec610f, L:/127.0.0.1:57782 - R:localhost/127.0.0.1:7404] for POST '/session/adce2c6d9a787b88aac101ad373c388f/element'
19:23:03.194 [AsyncHttpClient-1-5] DEBUG org.asynchttpclient.netty.handler.HttpHandler - 

Request DefaultHttpRequest(decodeResult: success, version: HTTP/1.1)
POST /session/adce2c6d9a787b88aac101ad373c388f/element HTTP/1.1
User-Agent: selenium/4.8.1 (java windows)
Content-Length: 54
Content-Type: application/json; charset=utf-8
host: localhost:7404
accept: */*

Response DefaultHttpResponse(decodeResult: success, version: HTTP/1.1)
HTTP/1.1 200 OK
Content-Length: 94
Content-Type: application/json; charset=utf-8
cache-control: no-cache

19:23:03.194 [AsyncHttpClient-1-5] DEBUG org.asynchttpclient.netty.channel.ChannelManager - Adding key: http://localhost:7404 for channel [id: 0x75ec610f, L:/127.0.0.1:57782 - R:localhost/127.0.0.1:7404]
19:23:03.197 [Forwarding isElementDisplayed on session adce2c6d9a787b88aac101ad373c388f to remote] DEBUG org.asynchttpclient.netty.request.NettyRequestSender - Using pooled Channel '[id: 0x75ec610f, L:/127.0.0.1:57782 - R:localhost/127.0.0.1:7404]' for 'POST' to 'http://localhost:7404/session/adce2c6d9a787b88aac101ad373c388f/execute/sync'
19:23:03.197 [Forwarding isElementDisplayed on session adce2c6d9a787b88aac101ad373c388f to remote] DEBUG org.asynchttpclient.netty.request.NettyRequestSender - Using open Channel [id: 0x75ec610f, L:/127.0.0.1:57782 - R:localhost/127.0.0.1:7404] for POST '/session/adce2c6d9a787b88aac101ad373c388f/execute/sync'
19:23:03.219 [AsyncHttpClient-1-5] DEBUG org.asynchttpclient.netty.handler.HttpHandler - 

Request DefaultHttpRequest(decodeResult: success, version: HTTP/1.1)
POST /session/adce2c6d9a787b88aac101ad373c388f/execute/sync HTTP/1.1
User-Agent: selenium/4.8.1 (java windows)
Content-Length: 48813
Content-Type: application/json; charset=utf-8
host: localhost:7404
accept: */*

Response DefaultHttpResponse(decodeResult: success, version: HTTP/1.1)
HTTP/1.1 200 OK
Content-Length: 14
Content-Type: application/json; charset=utf-8
cache-control: no-cache

19:23:03.219 [AsyncHttpClient-1-5] DEBUG org.asynchttpclient.netty.channel.ChannelManager - Adding key: http://localhost:7404 for channel [id: 0x75ec610f, L:/127.0.0.1:57782 - R:localhost/127.0.0.1:7404]
19:23:03.225 [Forwarding getAlertText on session adce2c6d9a787b88aac101ad373c388f to remote] DEBUG org.asynchttpclient.netty.request.NettyRequestSender - Using pooled Channel '[id: 0x75ec610f, L:/127.0.0.1:57782 - R:localhost/127.0.0.1:7404]' for 'GET' to 'http://localhost:7404/session/adce2c6d9a787b88aac101ad373c388f/alert/text'
19:23:03.225 [Forwarding getAlertText on session adce2c6d9a787b88aac101ad373c388f to remote] DEBUG org.asynchttpclient.netty.request.NettyRequestSender - Using open Channel [id: 0x75ec610f, L:/127.0.0.1:57782 - R:localhost/127.0.0.1:7404] for GET '/session/adce2c6d9a787b88aac101ad373c388f/alert/text'
19:23:03.226 [AsyncHttpClient-1-5] DEBUG org.asynchttpclient.netty.handler.HttpHandler - 

Request DefaultFullHttpRequest(decodeResult: success, version: HTTP/1.1, content: EmptyByteBufBE)
GET /session/adce2c6d9a787b88aac101ad373c388f/alert/text HTTP/1.1
User-Agent: selenium/4.8.1 (java windows)
Cache-Control: no-cache
Content-Type: application/json; charset=utf-8
host: localhost:7404
accept: */*

Response DefaultHttpResponse(decodeResult: success, version: HTTP/1.1)
HTTP/1.1 404 Not Found
Content-Length: 847
Content-Type: application/json; charset=utf-8
cache-control: no-cache

19:23:03.226 [AsyncHttpClient-1-5] DEBUG org.asynchttpclient.netty.channel.ChannelManager - Adding key: http://localhost:7404 for channel [id: 0x75ec610f, L:/127.0.0.1:57782 - R:localhost/127.0.0.1:7404]
19:23:03.227 [Forwarding getCurrentUrl on session adce2c6d9a787b88aac101ad373c388f to remote] DEBUG org.asynchttpclient.netty.request.NettyRequestSender - Using pooled Channel '[id: 0x75ec610f, L:/127.0.0.1:57782 - R:localhost/127.0.0.1:7404]' for 'GET' to 'http://localhost:7404/session/adce2c6d9a787b88aac101ad373c388f/url'
19:23:03.227 [Forwarding getCurrentUrl on session adce2c6d9a787b88aac101ad373c388f to remote] DEBUG org.asynchttpclient.netty.request.NettyRequestSender - Using open Channel [id: 0x75ec610f, L:/127.0.0.1:57782 - R:localhost/127.0.0.1:7404] for GET '/session/adce2c6d9a787b88aac101ad373c388f/url'
19:23:03.231 [AsyncHttpClient-1-5] DEBUG org.asynchttpclient.netty.handler.HttpHandler - 

Request DefaultFullHttpRequest(decodeResult: success, version: HTTP/1.1, content: EmptyByteBufBE)
GET /session/adce2c6d9a787b88aac101ad373c388f/url HTTP/1.1
User-Agent: selenium/4.8.1 (java windows)
Cache-Control: no-cache
Content-Type: application/json; charset=utf-8
host: localhost:7404
accept: */*

Response DefaultHttpResponse(decodeResult: success, version: HTTP/1.1)
HTTP/1.1 200 OK
Content-Length: 41
Content-Type: application/json; charset=utf-8
cache-control: no-cache

19:23:03.231 [AsyncHttpClient-1-5] DEBUG org.asynchttpclient.netty.channel.ChannelManager - Adding key: http://localhost:7404 for channel [id: 0x75ec610f, L:/127.0.0.1:57782 - R:localhost/127.0.0.1:7404]
19:23:03.232 [Forwarding screenshot on session adce2c6d9a787b88aac101ad373c388f to remote] DEBUG org.asynchttpclient.netty.request.NettyRequestSender - Using pooled Channel '[id: 0x75ec610f, L:/127.0.0.1:57782 - R:localhost/127.0.0.1:7404]' for 'GET' to 'http://localhost:7404/session/adce2c6d9a787b88aac101ad373c388f/screenshot'
19:23:03.232 [Forwarding screenshot on session adce2c6d9a787b88aac101ad373c388f to remote] DEBUG org.asynchttpclient.netty.request.NettyRequestSender - Using open Channel [id: 0x75ec610f, L:/127.0.0.1:57782 - R:localhost/127.0.0.1:7404] for GET '/session/adce2c6d9a787b88aac101ad373c388f/screenshot'
19:23:03.388 [AsyncHttpClient-1-5] DEBUG org.asynchttpclient.netty.handler.HttpHandler - 

Request DefaultFullHttpRequest(decodeResult: success, version: HTTP/1.1, content: EmptyByteBufBE)
GET /session/adce2c6d9a787b88aac101ad373c388f/screenshot HTTP/1.1
User-Agent: selenium/4.8.1 (java windows)
Cache-Control: no-cache
Content-Type: application/json; charset=utf-8
host: localhost:7404
accept: */*

Response DefaultHttpResponse(decodeResult: success, version: HTTP/1.1)
HTTP/1.1 200 OK
Content-Length: 29468
Content-Type: application/json; charset=utf-8
cache-control: no-cache

19:23:03.389 [AsyncHttpClient-1-5] DEBUG org.asynchttpclient.netty.channel.ChannelManager - Adding key: http://localhost:7404 for channel [id: 0x75ec610f, L:/127.0.0.1:57782 - R:localhost/127.0.0.1:7404]
19:23:03.390 [main] DEBUG net.serenitybdd.core.photography.Darkroom - Send negative for processing for target\site\serenity\874a50ae526db6e9254dcb2217734044ad75cfc4b06616c23c44455f6d2f957c.png
19:23:03.390 [main] DEBUG net.thucydides.core.steps.StepInterceptor - STEP DONE: validateOnHomePage
19:23:03.390 [Darkroom Processing Line] DEBUG net.serenitybdd.core.photography.DarkroomProcessingLine - Processing screenshot image in /var/screenshots/screenshot-13847122480624129334
19:23:03.390 [Darkroom Processing Line] DEBUG net.serenitybdd.core.photography.DarkroomProcessingLine - Saving screenshot to target\site\serenity\874a50ae526db6e9254dcb2217734044ad75cfc4b06616c23c44455f6d2f957c.png
  &amp#27;[32mGiven &amp#27;[0m&amp#27;[32mI am on the alta-shop home page&amp#27;[0m                      &amp#27;[90m# starter.stepdefinitions.LogoutSteps.onTheHomePage()&amp#27;[0m
19:23:03.402 [Forwarding getPageSource on session adce2c6d9a787b88aac101ad373c388f to remote] DEBUG org.asynchttpclient.netty.request.NettyRequestSender - Using pooled Channel '[id: 0x75ec610f, L:/127.0.0.1:57782 - R:localhost/127.0.0.1:7404]' for 'POST' to 'http://localhost:7404/session/adce2c6d9a787b88aac101ad373c388f/execute/sync'
19:23:03.402 [Forwarding getPageSource on session adce2c6d9a787b88aac101ad373c388f to remote] DEBUG org.asynchttpclient.netty.request.NettyRequestSender - Using open Channel [id: 0x75ec610f, L:/127.0.0.1:57782 - R:localhost/127.0.0.1:7404] for POST '/session/adce2c6d9a787b88aac101ad373c388f/execute/sync'
19:23:03.414 [AsyncHttpClient-1-5] DEBUG org.asynchttpclient.netty.handler.HttpHandler - 

Request DefaultHttpRequest(decodeResult: success, version: HTTP/1.1)
POST /session/adce2c6d9a787b88aac101ad373c388f/execute/sync HTTP/1.1
User-Agent: selenium/4.8.1 (java windows)
Content-Length: 176
Content-Type: application/json; charset=utf-8
host: localhost:7404
accept: */*

Response DefaultHttpResponse(decodeResult: success, version: HTTP/1.1)
HTTP/1.1 200 OK
Content-Length: 28798
Content-Type: application/json; charset=utf-8
cache-control: no-cache

19:23:03.414 [AsyncHttpClient-1-5] DEBUG org.asynchttpclient.netty.channel.ChannelManager - Adding key: http://localhost:7404 for channel [id: 0x75ec610f, L:/127.0.0.1:57782 - R:localhost/127.0.0.1:7404]
19:23:03.416 [Forwarding getCurrentUrl on session adce2c6d9a787b88aac101ad373c388f to remote] DEBUG org.asynchttpclient.netty.request.NettyRequestSender - Using pooled Channel '[id: 0x75ec610f, L:/127.0.0.1:57782 - R:localhost/127.0.0.1:7404]' for 'GET' to 'http://localhost:7404/session/adce2c6d9a787b88aac101ad373c388f/url'
19:23:03.416 [Forwarding getCurrentUrl on session adce2c6d9a787b88aac101ad373c388f to remote] DEBUG org.asynchttpclient.netty.request.NettyRequestSender - Using open Channel [id: 0x75ec610f, L:/127.0.0.1:57782 - R:localhost/127.0.0.1:7404] for GET '/session/adce2c6d9a787b88aac101ad373c388f/url'
19:23:03.422 [AsyncHttpClient-1-5] DEBUG org.asynchttpclient.netty.handler.HttpHandler - 

Request DefaultFullHttpRequest(decodeResult: success, version: HTTP/1.1, content: EmptyByteBufBE)
GET /session/adce2c6d9a787b88aac101ad373c388f/url HTTP/1.1
User-Agent: selenium/4.8.1 (java windows)
Cache-Control: no-cache
Content-Type: application/json; charset=utf-8
host: localhost:7404
accept: */*

Response DefaultHttpResponse(decodeResult: success, version: HTTP/1.1)
HTTP/1.1 200 OK
Content-Length: 41
Content-Type: application/json; charset=utf-8
cache-control: no-cache

19:23:03.422 [AsyncHttpClient-1-5] DEBUG org.asynchttpclient.netty.channel.ChannelManager - Adding key: http://localhost:7404 for channel [id: 0x75ec610f, L:/127.0.0.1:57782 - R:localhost/127.0.0.1:7404]
19:23:03.429 [Forwarding getPageSource on session adce2c6d9a787b88aac101ad373c388f to remote] DEBUG org.asynchttpclient.netty.request.NettyRequestSender - Using pooled Channel '[id: 0x75ec610f, L:/127.0.0.1:57782 - R:localhost/127.0.0.1:7404]' for 'POST' to 'http://localhost:7404/session/adce2c6d9a787b88aac101ad373c388f/execute/sync'
19:23:03.429 [Forwarding getPageSource on session adce2c6d9a787b88aac101ad373c388f to remote] DEBUG org.asynchttpclient.netty.request.NettyRequestSender - Using open Channel [id: 0x75ec610f, L:/127.0.0.1:57782 - R:localhost/127.0.0.1:7404] for POST '/session/adce2c6d9a787b88aac101ad373c388f/execute/sync'
19:23:03.439 [AsyncHttpClient-1-5] DEBUG org.asynchttpclient.netty.handler.HttpHandler - 

Request DefaultHttpRequest(decodeResult: success, version: HTTP/1.1)
POST /session/adce2c6d9a787b88aac101ad373c388f/execute/sync HTTP/1.1
User-Agent: selenium/4.8.1 (java windows)
Content-Length: 176
Content-Type: application/json; charset=utf-8
host: localhost:7404
accept: */*

Response DefaultHttpResponse(decodeResult: success, version: HTTP/1.1)
HTTP/1.1 200 OK
Content-Length: 28798
Content-Type: application/json; charset=utf-8
cache-control: no-cache

19:23:03.439 [AsyncHttpClient-1-5] DEBUG org.asynchttpclient.netty.channel.ChannelManager - Adding key: http://localhost:7404 for channel [id: 0x75ec610f, L:/127.0.0.1:57782 - R:localhost/127.0.0.1:7404]
19:23:03.442 [Forwarding getCurrentUrl on session adce2c6d9a787b88aac101ad373c388f to remote] DEBUG org.asynchttpclient.netty.request.NettyRequestSender - Using pooled Channel '[id: 0x75ec610f, L:/127.0.0.1:57782 - R:localhost/127.0.0.1:7404]' for 'GET' to 'http://localhost:7404/session/adce2c6d9a787b88aac101ad373c388f/url'
19:23:03.442 [Forwarding getCurrentUrl on session adce2c6d9a787b88aac101ad373c388f to remote] DEBUG org.asynchttpclient.netty.request.NettyRequestSender - Using open Channel [id: 0x75ec610f, L:/127.0.0.1:57782 - R:localhost/127.0.0.1:7404] for GET '/session/adce2c6d9a787b88aac101ad373c388f/url'
19:23:03.455 [AsyncHttpClient-1-5] DEBUG org.asynchttpclient.netty.handler.HttpHandler - 

Request DefaultFullHttpRequest(decodeResult: success, version: HTTP/1.1, content: EmptyByteBufBE)
GET /session/adce2c6d9a787b88aac101ad373c388f/url HTTP/1.1
User-Agent: selenium/4.8.1 (java windows)
Cache-Control: no-cache
Content-Type: application/json; charset=utf-8
host: localhost:7404
accept: */*

Response DefaultHttpResponse(decodeResult: success, version: HTTP/1.1)
HTTP/1.1 200 OK
Content-Length: 41
Content-Type: application/json; charset=utf-8
cache-control: no-cache

19:23:03.455 [AsyncHttpClient-1-5] DEBUG org.asynchttpclient.netty.channel.ChannelManager - Adding key: http://localhost:7404 for channel [id: 0x75ec610f, L:/127.0.0.1:57782 - R:localhost/127.0.0.1:7404]
19:23:03.457 [main] DEBUG net.thucydides.core.steps.StepInterceptor - STARTING STEP: LogoutSteps.clickUserIcon - clickUserIcon
19:23:03.461 [Forwarding findElement on session adce2c6d9a787b88aac101ad373c388f to remote] DEBUG org.asynchttpclient.netty.request.NettyRequestSender - Using pooled Channel '[id: 0x75ec610f, L:/127.0.0.1:57782 - R:localhost/127.0.0.1:7404]' for 'POST' to 'http://localhost:7404/session/adce2c6d9a787b88aac101ad373c388f/element'
19:23:03.461 [Forwarding findElement on session adce2c6d9a787b88aac101ad373c388f to remote] DEBUG org.asynchttpclient.netty.request.NettyRequestSender - Using open Channel [id: 0x75ec610f, L:/127.0.0.1:57782 - R:localhost/127.0.0.1:7404] for POST '/session/adce2c6d9a787b88aac101ad373c388f/element'
19:23:03.472 [AsyncHttpClient-1-5] DEBUG org.asynchttpclient.netty.handler.HttpHandler - 

Request DefaultHttpRequest(decodeResult: success, version: HTTP/1.1)
POST /session/adce2c6d9a787b88aac101ad373c388f/element HTTP/1.1
User-Agent: selenium/4.8.1 (java windows)
Content-Length: 54
Content-Type: application/json; charset=utf-8
host: localhost:7404
accept: */*

Response DefaultHttpResponse(decodeResult: success, version: HTTP/1.1)
HTTP/1.1 200 OK
Content-Length: 94
Content-Type: application/json; charset=utf-8
cache-control: no-cache

19:23:03.473 [AsyncHttpClient-1-5] DEBUG org.asynchttpclient.netty.channel.ChannelManager - Adding key: http://localhost:7404 for channel [id: 0x75ec610f, L:/127.0.0.1:57782 - R:localhost/127.0.0.1:7404]
19:23:03.474 [Forwarding getElementTagName on session adce2c6d9a787b88aac101ad373c388f to remote] DEBUG org.asynchttpclient.netty.request.NettyRequestSender - Using pooled Channel '[id: 0x75ec610f, L:/127.0.0.1:57782 - R:localhost/127.0.0.1:7404]' for 'GET' to 'http://localhost:7404/session/adce2c6d9a787b88aac101ad373c388f/element/4BA2AC469EE1D154EDEB8B4340D1A81A_element_9/name'
19:23:03.474 [Forwarding getElementTagName on session adce2c6d9a787b88aac101ad373c388f to remote] DEBUG org.asynchttpclient.netty.request.NettyRequestSender - Using open Channel [id: 0x75ec610f, L:/127.0.0.1:57782 - R:localhost/127.0.0.1:7404] for GET '/session/adce2c6d9a787b88aac101ad373c388f/element/4BA2AC469EE1D154EDEB8B4340D1A81A_element_9/name'
19:23:03.511 [AsyncHttpClient-1-5] DEBUG org.asynchttpclient.netty.handler.HttpHandler - 

Request DefaultFullHttpRequest(decodeResult: success, version: HTTP/1.1, content: EmptyByteBufBE)
GET /session/adce2c6d9a787b88aac101ad373c388f/element/4BA2AC469EE1D154EDEB8B4340D1A81A_element_9/name HTTP/1.1
User-Agent: selenium/4.8.1 (java windows)
Cache-Control: no-cache
Content-Type: application/json; charset=utf-8
host: localhost:7404
accept: */*

Response DefaultHttpResponse(decodeResult: success, version: HTTP/1.1)
HTTP/1.1 200 OK
Content-Length: 13
Content-Type: application/json; charset=utf-8
cache-control: no-cache

19:23:03.511 [AsyncHttpClient-1-5] DEBUG org.asynchttpclient.netty.channel.ChannelManager - Adding key: http://localhost:7404 for channel [id: 0x75ec610f, L:/127.0.0.1:57782 - R:localhost/127.0.0.1:7404]
19:23:03.512 [Forwarding getElementTagName on session adce2c6d9a787b88aac101ad373c388f to remote] DEBUG org.asynchttpclient.netty.request.NettyRequestSender - Using pooled Channel '[id: 0x75ec610f, L:/127.0.0.1:57782 - R:localhost/127.0.0.1:7404]' for 'GET' to 'http://localhost:7404/session/adce2c6d9a787b88aac101ad373c388f/element/4BA2AC469EE1D154EDEB8B4340D1A81A_element_9/name'
19:23:03.513 [Forwarding getElementTagName on session adce2c6d9a787b88aac101ad373c388f to remote] DEBUG org.asynchttpclient.netty.request.NettyRequestSender - Using open Channel [id: 0x75ec610f, L:/127.0.0.1:57782 - R:localhost/127.0.0.1:7404] for GET '/session/adce2c6d9a787b88aac101ad373c388f/element/4BA2AC469EE1D154EDEB8B4340D1A81A_element_9/name'
19:23:03.542 [AsyncHttpClient-1-5] DEBUG org.asynchttpclient.netty.handler.HttpHandler - 

Request DefaultFullHttpRequest(decodeResult: success, version: HTTP/1.1, content: EmptyByteBufBE)
GET /session/adce2c6d9a787b88aac101ad373c388f/element/4BA2AC469EE1D154EDEB8B4340D1A81A_element_9/name HTTP/1.1
User-Agent: selenium/4.8.1 (java windows)
Cache-Control: no-cache
Content-Type: application/json; charset=utf-8
host: localhost:7404
accept: */*

Response DefaultHttpResponse(decodeResult: success, version: HTTP/1.1)
HTTP/1.1 200 OK
Content-Length: 13
Content-Type: application/json; charset=utf-8
cache-control: no-cache

19:23:03.542 [AsyncHttpClient-1-5] DEBUG org.asynchttpclient.netty.channel.ChannelManager - Adding key: http://localhost:7404 for channel [id: 0x75ec610f, L:/127.0.0.1:57782 - R:localhost/127.0.0.1:7404]
19:23:03.544 [Forwarding findElement on session adce2c6d9a787b88aac101ad373c388f to remote] DEBUG org.asynchttpclient.netty.request.NettyRequestSender - Using pooled Channel '[id: 0x75ec610f, L:/127.0.0.1:57782 - R:localhost/127.0.0.1:7404]' for 'POST' to 'http://localhost:7404/session/adce2c6d9a787b88aac101ad373c388f/element'
19:23:03.544 [Forwarding findElement on session adce2c6d9a787b88aac101ad373c388f to remote] DEBUG org.asynchttpclient.netty.request.NettyRequestSender - Using open Channel [id: 0x75ec610f, L:/127.0.0.1:57782 - R:localhost/127.0.0.1:7404] for POST '/session/adce2c6d9a787b88aac101ad373c388f/element'
19:23:03.566 [AsyncHttpClient-1-5] DEBUG org.asynchttpclient.netty.handler.HttpHandler - 

Request DefaultHttpRequest(decodeResult: success, version: HTTP/1.1)
POST /session/adce2c6d9a787b88aac101ad373c388f/element HTTP/1.1
User-Agent: selenium/4.8.1 (java windows)
Content-Length: 54
Content-Type: application/json; charset=utf-8
host: localhost:7404
accept: */*

Response DefaultHttpResponse(decodeResult: success, version: HTTP/1.1)
HTTP/1.1 200 OK
Content-Length: 94
Content-Type: application/json; charset=utf-8
cache-control: no-cache

19:23:03.566 [AsyncHttpClient-1-5] DEBUG org.asynchttpclient.netty.channel.ChannelManager - Adding key: http://localhost:7404 for channel [id: 0x75ec610f, L:/127.0.0.1:57782 - R:localhost/127.0.0.1:7404]
19:23:03.569 [Forwarding clickElement on session adce2c6d9a787b88aac101ad373c388f to remote] DEBUG org.asynchttpclient.netty.request.NettyRequestSender - Using pooled Channel '[id: 0x75ec610f, L:/127.0.0.1:57782 - R:localhost/127.0.0.1:7404]' for 'POST' to 'http://localhost:7404/session/adce2c6d9a787b88aac101ad373c388f/element/4BA2AC469EE1D154EDEB8B4340D1A81A_element_9/click'
19:23:03.569 [Forwarding clickElement on session adce2c6d9a787b88aac101ad373c388f to remote] DEBUG org.asynchttpclient.netty.request.NettyRequestSender - Using open Channel [id: 0x75ec610f, L:/127.0.0.1:57782 - R:localhost/127.0.0.1:7404] for POST '/session/adce2c6d9a787b88aac101ad373c388f/element/4BA2AC469EE1D154EDEB8B4340D1A81A_element_9/click'
19:23:03.698 [AsyncHttpClient-1-1] DEBUG org.asynchttpclient.netty.channel.DefaultChannelPool - Entry count for : http://localhost:57784 : 1
19:23:03.755 [AsyncHttpClient-1-5] DEBUG org.asynchttpclient.netty.handler.HttpHandler - 

Request DefaultHttpRequest(decodeResult: success, version: HTTP/1.1)
POST /session/adce2c6d9a787b88aac101ad373c388f/element/4BA2AC469EE1D154EDEB8B4340D1A81A_element_9/click HTTP/1.1
User-Agent: selenium/4.8.1 (java windows)
Content-Length: 56
Content-Type: application/json; charset=utf-8
host: localhost:7404
accept: */*

Response DefaultHttpResponse(decodeResult: success, version: HTTP/1.1)
HTTP/1.1 200 OK
Content-Length: 14
Content-Type: application/json; charset=utf-8
cache-control: no-cache

19:23:03.755 [AsyncHttpClient-1-5] DEBUG org.asynchttpclient.netty.channel.ChannelManager - Adding key: http://localhost:7404 for channel [id: 0x75ec610f, L:/127.0.0.1:57782 - R:localhost/127.0.0.1:7404]
19:23:03.762 [Forwarding getAlertText on session adce2c6d9a787b88aac101ad373c388f to remote] DEBUG org.asynchttpclient.netty.request.NettyRequestSender - Using pooled Channel '[id: 0x75ec610f, L:/127.0.0.1:57782 - R:localhost/127.0.0.1:7404]' for 'GET' to 'http://localhost:7404/session/adce2c6d9a787b88aac101ad373c388f/alert/text'
19:23:03.762 [Forwarding getAlertText on session adce2c6d9a787b88aac101ad373c388f to remote] DEBUG org.asynchttpclient.netty.request.NettyRequestSender - Using open Channel [id: 0x75ec610f, L:/127.0.0.1:57782 - R:localhost/127.0.0.1:7404] for GET '/session/adce2c6d9a787b88aac101ad373c388f/alert/text'
19:23:03.764 [AsyncHttpClient-1-5] DEBUG org.asynchttpclient.netty.handler.HttpHandler - 

Request DefaultFullHttpRequest(decodeResult: success, version: HTTP/1.1, content: EmptyByteBufBE)
GET /session/adce2c6d9a787b88aac101ad373c388f/alert/text HTTP/1.1
User-Agent: selenium/4.8.1 (java windows)
Cache-Control: no-cache
Content-Type: application/json; charset=utf-8
host: localhost:7404
accept: */*

Response DefaultHttpResponse(decodeResult: success, version: HTTP/1.1)
HTTP/1.1 404 Not Found
Content-Length: 847
Content-Type: application/json; charset=utf-8
cache-control: no-cache

19:23:03.764 [AsyncHttpClient-1-5] DEBUG org.asynchttpclient.netty.channel.ChannelManager - Adding key: http://localhost:7404 for channel [id: 0x75ec610f, L:/127.0.0.1:57782 - R:localhost/127.0.0.1:7404]
19:23:03.765 [Forwarding getCurrentUrl on session adce2c6d9a787b88aac101ad373c388f to remote] DEBUG org.asynchttpclient.netty.request.NettyRequestSender - Using pooled Channel '[id: 0x75ec610f, L:/127.0.0.1:57782 - R:localhost/127.0.0.1:7404]' for 'GET' to 'http://localhost:7404/session/adce2c6d9a787b88aac101ad373c388f/url'
19:23:03.765 [Forwarding getCurrentUrl on session adce2c6d9a787b88aac101ad373c388f to remote] DEBUG org.asynchttpclient.netty.request.NettyRequestSender - Using open Channel [id: 0x75ec610f, L:/127.0.0.1:57782 - R:localhost/127.0.0.1:7404] for GET '/session/adce2c6d9a787b88aac101ad373c388f/url'
19:23:03.801 [AsyncHttpClient-1-5] DEBUG org.asynchttpclient.netty.handler.HttpHandler - 

Request DefaultFullHttpRequest(decodeResult: success, version: HTTP/1.1, content: EmptyByteBufBE)
GET /session/adce2c6d9a787b88aac101ad373c388f/url HTTP/1.1
User-Agent: selenium/4.8.1 (java windows)
Cache-Control: no-cache
Content-Type: application/json; charset=utf-8
host: localhost:7404
accept: */*

Response DefaultHttpResponse(decodeResult: success, version: HTTP/1.1)
HTTP/1.1 200 OK
Content-Length: 41
Content-Type: application/json; charset=utf-8
cache-control: no-cache

19:23:03.801 [AsyncHttpClient-1-5] DEBUG org.asynchttpclient.netty.channel.ChannelManager - Adding key: http://localhost:7404 for channel [id: 0x75ec610f, L:/127.0.0.1:57782 - R:localhost/127.0.0.1:7404]
19:23:03.802 [Forwarding screenshot on session adce2c6d9a787b88aac101ad373c388f to remote] DEBUG org.asynchttpclient.netty.request.NettyRequestSender - Using pooled Channel '[id: 0x75ec610f, L:/127.0.0.1:57782 - R:localhost/127.0.0.1:7404]' for 'GET' to 'http://localhost:7404/session/adce2c6d9a787b88aac101ad373c388f/screenshot'
19:23:03.802 [Forwarding screenshot on session adce2c6d9a787b88aac101ad373c388f to remote] DEBUG org.asynchttpclient.netty.request.NettyRequestSender - Using open Channel [id: 0x75ec610f, L:/127.0.0.1:57782 - R:localhost/127.0.0.1:7404] for GET '/session/adce2c6d9a787b88aac101ad373c388f/screenshot'
19:23:04.014 [AsyncHttpClient-1-5] DEBUG org.asynchttpclient.netty.handler.HttpHandler - 

Request DefaultFullHttpRequest(decodeResult: success, version: HTTP/1.1, content: EmptyByteBufBE)
GET /session/adce2c6d9a787b88aac101ad373c388f/screenshot HTTP/1.1
User-Agent: selenium/4.8.1 (java windows)
Cache-Control: no-cache
Content-Type: application/json; charset=utf-8
host: localhost:7404
accept: */*

Response DefaultHttpResponse(decodeResult: success, version: HTTP/1.1)
HTTP/1.1 200 OK
Content-Length: 42640
Content-Type: application/json; charset=utf-8
cache-control: no-cache

19:23:04.014 [AsyncHttpClient-1-5] DEBUG org.asynchttpclient.netty.channel.ChannelManager - Adding key: http://localhost:7404 for channel [id: 0x75ec610f, L:/127.0.0.1:57782 - R:localhost/127.0.0.1:7404]
19:23:04.015 [main] DEBUG net.serenitybdd.core.photography.Darkroom - Send negative for processing for target\site\serenity\0b4176ccbc10a57aaf045de44d89c0af01d603ecac78dabcd6c111fa7503c606.png
19:23:04.015 [main] DEBUG net.thucydides.core.steps.StepInterceptor - STEP DONE: clickUserIcon
  &amp#27;[32mAnd &amp#27;[0m&amp#27;[32mI click user icon&amp#27;[0m                                      &amp#27;[90m# starter.stepdefinitions.LogoutSteps.clickUserIcon()&amp#27;[0m
19:23:04.015 [Darkroom Processing Line] DEBUG net.serenitybdd.core.photography.DarkroomProcessingLine - Processing screenshot image in /var/screenshots/screenshot-8724617459749071949
19:23:04.015 [Darkroom Processing Line] DEBUG net.serenitybdd.core.photography.DarkroomProcessingLine - Saving screenshot to target\site\serenity\0b4176ccbc10a57aaf045de44d89c0af01d603ecac78dabcd6c111fa7503c606.png
19:23:04.021 [Forwarding getPageSource on session adce2c6d9a787b88aac101ad373c388f to remote] DEBUG org.asynchttpclient.netty.request.NettyRequestSender - Using pooled Channel '[id: 0x75ec610f, L:/127.0.0.1:57782 - R:localhost/127.0.0.1:7404]' for 'POST' to 'http://localhost:7404/session/adce2c6d9a787b88aac101ad373c388f/execute/sync'
19:23:04.021 [Forwarding getPageSource on session adce2c6d9a787b88aac101ad373c388f to remote] DEBUG org.asynchttpclient.netty.request.NettyRequestSender - Using open Channel [id: 0x75ec610f, L:/127.0.0.1:57782 - R:localhost/127.0.0.1:7404] for POST '/session/adce2c6d9a787b88aac101ad373c388f/execute/sync'
19:23:04.025 [AsyncHttpClient-1-5] DEBUG org.asynchttpclient.netty.handler.HttpHandler - 

Request DefaultHttpRequest(decodeResult: success, version: HTTP/1.1)
POST /session/adce2c6d9a787b88aac101ad373c388f/execute/sync HTTP/1.1
User-Agent: selenium/4.8.1 (java windows)
Content-Length: 176
Content-Type: application/json; charset=utf-8
host: localhost:7404
accept: */*

Response DefaultHttpResponse(decodeResult: success, version: HTTP/1.1)
HTTP/1.1 200 OK
Content-Length: 30106
Content-Type: application/json; charset=utf-8
cache-control: no-cache

19:23:04.025 [AsyncHttpClient-1-5] DEBUG org.asynchttpclient.netty.channel.ChannelManager - Adding key: http://localhost:7404 for channel [id: 0x75ec610f, L:/127.0.0.1:57782 - R:localhost/127.0.0.1:7404]
19:23:04.027 [Forwarding getCurrentUrl on session adce2c6d9a787b88aac101ad373c388f to remote] DEBUG org.asynchttpclient.netty.request.NettyRequestSender - Using pooled Channel '[id: 0x75ec610f, L:/127.0.0.1:57782 - R:localhost/127.0.0.1:7404]' for 'GET' to 'http://localhost:7404/session/adce2c6d9a787b88aac101ad373c388f/url'
19:23:04.027 [Forwarding getCurrentUrl on session adce2c6d9a787b88aac101ad373c388f to remote] DEBUG org.asynchttpclient.netty.request.NettyRequestSender - Using open Channel [id: 0x75ec610f, L:/127.0.0.1:57782 - R:localhost/127.0.0.1:7404] for GET '/session/adce2c6d9a787b88aac101ad373c388f/url'
19:23:04.030 [AsyncHttpClient-1-5] DEBUG org.asynchttpclient.netty.handler.HttpHandler - 

Request DefaultFullHttpRequest(decodeResult: success, version: HTTP/1.1, content: EmptyByteBufBE)
GET /session/adce2c6d9a787b88aac101ad373c388f/url HTTP/1.1
User-Agent: selenium/4.8.1 (java windows)
Cache-Control: no-cache
Content-Type: application/json; charset=utf-8
host: localhost:7404
accept: */*

Response DefaultHttpResponse(decodeResult: success, version: HTTP/1.1)
HTTP/1.1 200 OK
Content-Length: 41
Content-Type: application/json; charset=utf-8
cache-control: no-cache

19:23:04.030 [AsyncHttpClient-1-5] DEBUG org.asynchttpclient.netty.channel.ChannelManager - Adding key: http://localhost:7404 for channel [id: 0x75ec610f, L:/127.0.0.1:57782 - R:localhost/127.0.0.1:7404]
19:23:04.036 [Forwarding getPageSource on session adce2c6d9a787b88aac101ad373c388f to remote] DEBUG org.asynchttpclient.netty.request.NettyRequestSender - Using pooled Channel '[id: 0x75ec610f, L:/127.0.0.1:57782 - R:localhost/127.0.0.1:7404]' for 'POST' to 'http://localhost:7404/session/adce2c6d9a787b88aac101ad373c388f/execute/sync'
19:23:04.036 [Forwarding getPageSource on session adce2c6d9a787b88aac101ad373c388f to remote] DEBUG org.asynchttpclient.netty.request.NettyRequestSender - Using open Channel [id: 0x75ec610f, L:/127.0.0.1:57782 - R:localhost/127.0.0.1:7404] for POST '/session/adce2c6d9a787b88aac101ad373c388f/execute/sync'
19:23:04.041 [AsyncHttpClient-1-5] DEBUG org.asynchttpclient.netty.handler.HttpHandler - 

Request DefaultHttpRequest(decodeResult: success, version: HTTP/1.1)
POST /session/adce2c6d9a787b88aac101ad373c388f/execute/sync HTTP/1.1
User-Agent: selenium/4.8.1 (java windows)
Content-Length: 176
Content-Type: application/json; charset=utf-8
host: localhost:7404
accept: */*

Response DefaultHttpResponse(decodeResult: success, version: HTTP/1.1)
HTTP/1.1 200 OK
Content-Length: 30106
Content-Type: application/json; charset=utf-8
cache-control: no-cache

19:23:04.042 [AsyncHttpClient-1-5] DEBUG org.asynchttpclient.netty.channel.ChannelManager - Adding key: http://localhost:7404 for channel [id: 0x75ec610f, L:/127.0.0.1:57782 - R:localhost/127.0.0.1:7404]
19:23:04.043 [Forwarding getCurrentUrl on session adce2c6d9a787b88aac101ad373c388f to remote] DEBUG org.asynchttpclient.netty.request.NettyRequestSender - Using pooled Channel '[id: 0x75ec610f, L:/127.0.0.1:57782 - R:localhost/127.0.0.1:7404]' for 'GET' to 'http://localhost:7404/session/adce2c6d9a787b88aac101ad373c388f/url'
19:23:04.043 [Forwarding getCurrentUrl on session adce2c6d9a787b88aac101ad373c388f to remote] DEBUG org.asynchttpclient.netty.request.NettyRequestSender - Using open Channel [id: 0x75ec610f, L:/127.0.0.1:57782 - R:localhost/127.0.0.1:7404] for GET '/session/adce2c6d9a787b88aac101ad373c388f/url'
19:23:04.050 [AsyncHttpClient-1-5] DEBUG org.asynchttpclient.netty.handler.HttpHandler - 

Request DefaultFullHttpRequest(decodeResult: success, version: HTTP/1.1, content: EmptyByteBufBE)
GET /session/adce2c6d9a787b88aac101ad373c388f/url HTTP/1.1
User-Agent: selenium/4.8.1 (java windows)
Cache-Control: no-cache
Content-Type: application/json; charset=utf-8
host: localhost:7404
accept: */*

Response DefaultHttpResponse(decodeResult: success, version: HTTP/1.1)
HTTP/1.1 200 OK
Content-Length: 41
Content-Type: application/json; charset=utf-8
cache-control: no-cache

19:23:04.050 [AsyncHttpClient-1-5] DEBUG org.asynchttpclient.netty.channel.ChannelManager - Adding key: http://localhost:7404 for channel [id: 0x75ec610f, L:/127.0.0.1:57782 - R:localhost/127.0.0.1:7404]
19:23:04.052 [main] DEBUG net.thucydides.core.steps.StepInterceptor - STARTING STEP: LogoutSteps.clickLogoutOption - clickLogoutOption
19:23:04.055 [Forwarding findElement on session adce2c6d9a787b88aac101ad373c388f to remote] DEBUG org.asynchttpclient.netty.request.NettyRequestSender - Using pooled Channel '[id: 0x75ec610f, L:/127.0.0.1:57782 - R:localhost/127.0.0.1:7404]' for 'POST' to 'http://localhost:7404/session/adce2c6d9a787b88aac101ad373c388f/element'
19:23:04.055 [Forwarding findElement on session adce2c6d9a787b88aac101ad373c388f to remote] DEBUG org.asynchttpclient.netty.request.NettyRequestSender - Using open Channel [id: 0x75ec610f, L:/127.0.0.1:57782 - R:localhost/127.0.0.1:7404] for POST '/session/adce2c6d9a787b88aac101ad373c388f/element'
19:23:04.077 [AsyncHttpClient-1-5] DEBUG org.asynchttpclient.netty.handler.HttpHandler - 

Request DefaultHttpRequest(decodeResult: success, version: HTTP/1.1)
POST /session/adce2c6d9a787b88aac101ad373c388f/element HTTP/1.1
User-Agent: selenium/4.8.1 (java windows)
Content-Length: 59
Content-Type: application/json; charset=utf-8
host: localhost:7404
accept: */*

Response DefaultHttpResponse(decodeResult: success, version: HTTP/1.1)
HTTP/1.1 200 OK
Content-Length: 95
Content-Type: application/json; charset=utf-8
cache-control: no-cache

19:23:04.077 [AsyncHttpClient-1-5] DEBUG org.asynchttpclient.netty.channel.ChannelManager - Adding key: http://localhost:7404 for channel [id: 0x75ec610f, L:/127.0.0.1:57782 - R:localhost/127.0.0.1:7404]
19:23:04.078 [Forwarding getElementTagName on session adce2c6d9a787b88aac101ad373c388f to remote] DEBUG org.asynchttpclient.netty.request.NettyRequestSender - Using pooled Channel '[id: 0x75ec610f, L:/127.0.0.1:57782 - R:localhost/127.0.0.1:7404]' for 'GET' to 'http://localhost:7404/session/adce2c6d9a787b88aac101ad373c388f/element/4BA2AC469EE1D154EDEB8B4340D1A81A_element_12/name'
19:23:04.078 [Forwarding getElementTagName on session adce2c6d9a787b88aac101ad373c388f to remote] DEBUG org.asynchttpclient.netty.request.NettyRequestSender - Using open Channel [id: 0x75ec610f, L:/127.0.0.1:57782 - R:localhost/127.0.0.1:7404] for GET '/session/adce2c6d9a787b88aac101ad373c388f/element/4BA2AC469EE1D154EDEB8B4340D1A81A_element_12/name'
19:23:04.092 [AsyncHttpClient-1-5] DEBUG org.asynchttpclient.netty.handler.HttpHandler - 

Request DefaultFullHttpRequest(decodeResult: success, version: HTTP/1.1, content: EmptyByteBufBE)
GET /session/adce2c6d9a787b88aac101ad373c388f/element/4BA2AC469EE1D154EDEB8B4340D1A81A_element_12/name HTTP/1.1
User-Agent: selenium/4.8.1 (java windows)
Cache-Control: no-cache
Content-Type: application/json; charset=utf-8
host: localhost:7404
accept: */*

Response DefaultHttpResponse(decodeResult: success, version: HTTP/1.1)
HTTP/1.1 200 OK
Content-Length: 13
Content-Type: application/json; charset=utf-8
cache-control: no-cache

19:23:04.093 [AsyncHttpClient-1-5] DEBUG org.asynchttpclient.netty.channel.ChannelManager - Adding key: http://localhost:7404 for channel [id: 0x75ec610f, L:/127.0.0.1:57782 - R:localhost/127.0.0.1:7404]
19:23:04.093 [Forwarding getElementTagName on session adce2c6d9a787b88aac101ad373c388f to remote] DEBUG org.asynchttpclient.netty.request.NettyRequestSender - Using pooled Channel '[id: 0x75ec610f, L:/127.0.0.1:57782 - R:localhost/127.0.0.1:7404]' for 'GET' to 'http://localhost:7404/session/adce2c6d9a787b88aac101ad373c388f/element/4BA2AC469EE1D154EDEB8B4340D1A81A_element_12/name'
19:23:04.093 [Forwarding getElementTagName on session adce2c6d9a787b88aac101ad373c388f to remote] DEBUG org.asynchttpclient.netty.request.NettyRequestSender - Using open Channel [id: 0x75ec610f, L:/127.0.0.1:57782 - R:localhost/127.0.0.1:7404] for GET '/session/adce2c6d9a787b88aac101ad373c388f/element/4BA2AC469EE1D154EDEB8B4340D1A81A_element_12/name'
19:23:04.101 [AsyncHttpClient-1-5] DEBUG org.asynchttpclient.netty.handler.HttpHandler - 

Request DefaultFullHttpRequest(decodeResult: success, version: HTTP/1.1, content: EmptyByteBufBE)
GET /session/adce2c6d9a787b88aac101ad373c388f/element/4BA2AC469EE1D154EDEB8B4340D1A81A_element_12/name HTTP/1.1
User-Agent: selenium/4.8.1 (java windows)
Cache-Control: no-cache
Content-Type: application/json; charset=utf-8
host: localhost:7404
accept: */*

Response DefaultHttpResponse(decodeResult: success, version: HTTP/1.1)
HTTP/1.1 200 OK
Content-Length: 13
Content-Type: application/json; charset=utf-8
cache-control: no-cache

19:23:04.101 [AsyncHttpClient-1-5] DEBUG org.asynchttpclient.netty.channel.ChannelManager - Adding key: http://localhost:7404 for channel [id: 0x75ec610f, L:/127.0.0.1:57782 - R:localhost/127.0.0.1:7404]
19:23:04.103 [Forwarding findElement on session adce2c6d9a787b88aac101ad373c388f to remote] DEBUG org.asynchttpclient.netty.request.NettyRequestSender - Using pooled Channel '[id: 0x75ec610f, L:/127.0.0.1:57782 - R:localhost/127.0.0.1:7404]' for 'POST' to 'http://localhost:7404/session/adce2c6d9a787b88aac101ad373c388f/element'
19:23:04.103 [Forwarding findElement on session adce2c6d9a787b88aac101ad373c388f to remote] DEBUG org.asynchttpclient.netty.request.NettyRequestSender - Using open Channel [id: 0x75ec610f, L:/127.0.0.1:57782 - R:localhost/127.0.0.1:7404] for POST '/session/adce2c6d9a787b88aac101ad373c388f/element'
19:23:04.112 [AsyncHttpClient-1-5] DEBUG org.asynchttpclient.netty.handler.HttpHandler - 

Request DefaultHttpRequest(decodeResult: success, version: HTTP/1.1)
POST /session/adce2c6d9a787b88aac101ad373c388f/element HTTP/1.1
User-Agent: selenium/4.8.1 (java windows)
Content-Length: 59
Content-Type: application/json; charset=utf-8
host: localhost:7404
accept: */*

Response DefaultHttpResponse(decodeResult: success, version: HTTP/1.1)
HTTP/1.1 200 OK
Content-Length: 95
Content-Type: application/json; charset=utf-8
cache-control: no-cache

19:23:04.112 [AsyncHttpClient-1-5] DEBUG org.asynchttpclient.netty.channel.ChannelManager - Adding key: http://localhost:7404 for channel [id: 0x75ec610f, L:/127.0.0.1:57782 - R:localhost/127.0.0.1:7404]
19:23:04.113 [Forwarding clickElement on session adce2c6d9a787b88aac101ad373c388f to remote] DEBUG org.asynchttpclient.netty.request.NettyRequestSender - Using pooled Channel '[id: 0x75ec610f, L:/127.0.0.1:57782 - R:localhost/127.0.0.1:7404]' for 'POST' to 'http://localhost:7404/session/adce2c6d9a787b88aac101ad373c388f/element/4BA2AC469EE1D154EDEB8B4340D1A81A_element_12/click'
19:23:04.113 [Forwarding clickElement on session adce2c6d9a787b88aac101ad373c388f to remote] DEBUG org.asynchttpclient.netty.request.NettyRequestSender - Using open Channel [id: 0x75ec610f, L:/127.0.0.1:57782 - R:localhost/127.0.0.1:7404] for POST '/session/adce2c6d9a787b88aac101ad373c388f/element/4BA2AC469EE1D154EDEB8B4340D1A81A_element_12/click'
19:23:04.195 [AsyncHttpClient-1-5] DEBUG org.asynchttpclient.netty.handler.HttpHandler - 

Request DefaultHttpRequest(decodeResult: success, version: HTTP/1.1)
POST /session/adce2c6d9a787b88aac101ad373c388f/element/4BA2AC469EE1D154EDEB8B4340D1A81A_element_12/click HTTP/1.1
User-Agent: selenium/4.8.1 (java windows)
Content-Length: 57
Content-Type: application/json; charset=utf-8
host: localhost:7404
accept: */*

Response DefaultHttpResponse(decodeResult: success, version: HTTP/1.1)
HTTP/1.1 200 OK
Content-Length: 14
Content-Type: application/json; charset=utf-8
cache-control: no-cache

19:23:04.195 [AsyncHttpClient-1-5] DEBUG org.asynchttpclient.netty.channel.ChannelManager - Adding key: http://localhost:7404 for channel [id: 0x75ec610f, L:/127.0.0.1:57782 - R:localhost/127.0.0.1:7404]
19:23:04.202 [Forwarding getAlertText on session adce2c6d9a787b88aac101ad373c388f to remote] DEBUG org.asynchttpclient.netty.request.NettyRequestSender - Using pooled Channel '[id: 0x75ec610f, L:/127.0.0.1:57782 - R:localhost/127.0.0.1:7404]' for 'GET' to 'http://localhost:7404/session/adce2c6d9a787b88aac101ad373c388f/alert/text'
19:23:04.202 [Forwarding getAlertText on session adce2c6d9a787b88aac101ad373c388f to remote] DEBUG org.asynchttpclient.netty.request.NettyRequestSender - Using open Channel [id: 0x75ec610f, L:/127.0.0.1:57782 - R:localhost/127.0.0.1:7404] for GET '/session/adce2c6d9a787b88aac101ad373c388f/alert/text'
19:23:04.203 [AsyncHttpClient-1-5] DEBUG org.asynchttpclient.netty.handler.HttpHandler - 

Request DefaultFullHttpRequest(decodeResult: success, version: HTTP/1.1, content: EmptyByteBufBE)
GET /session/adce2c6d9a787b88aac101ad373c388f/alert/text HTTP/1.1
User-Agent: selenium/4.8.1 (java windows)
Cache-Control: no-cache
Content-Type: application/json; charset=utf-8
host: localhost:7404
accept: */*

Response DefaultHttpResponse(decodeResult: success, version: HTTP/1.1)
HTTP/1.1 404 Not Found
Content-Length: 847
Content-Type: application/json; charset=utf-8
cache-control: no-cache

19:23:04.203 [AsyncHttpClient-1-5] DEBUG org.asynchttpclient.netty.channel.ChannelManager - Adding key: http://localhost:7404 for channel [id: 0x75ec610f, L:/127.0.0.1:57782 - R:localhost/127.0.0.1:7404]
19:23:04.204 [Forwarding getCurrentUrl on session adce2c6d9a787b88aac101ad373c388f to remote] DEBUG org.asynchttpclient.netty.request.NettyRequestSender - Using pooled Channel '[id: 0x75ec610f, L:/127.0.0.1:57782 - R:localhost/127.0.0.1:7404]' for 'GET' to 'http://localhost:7404/session/adce2c6d9a787b88aac101ad373c388f/url'
19:23:04.204 [Forwarding getCurrentUrl on session adce2c6d9a787b88aac101ad373c388f to remote] DEBUG org.asynchttpclient.netty.request.NettyRequestSender - Using open Channel [id: 0x75ec610f, L:/127.0.0.1:57782 - R:localhost/127.0.0.1:7404] for GET '/session/adce2c6d9a787b88aac101ad373c388f/url'
19:23:04.207 [AsyncHttpClient-1-5] DEBUG org.asynchttpclient.netty.handler.HttpHandler - 

Request DefaultFullHttpRequest(decodeResult: success, version: HTTP/1.1, content: EmptyByteBufBE)
GET /session/adce2c6d9a787b88aac101ad373c388f/url HTTP/1.1
User-Agent: selenium/4.8.1 (java windows)
Cache-Control: no-cache
Content-Type: application/json; charset=utf-8
host: localhost:7404
accept: */*

Response DefaultHttpResponse(decodeResult: success, version: HTTP/1.1)
HTTP/1.1 200 OK
Content-Length: 51
Content-Type: application/json; charset=utf-8
cache-control: no-cache

19:23:04.207 [AsyncHttpClient-1-5] DEBUG org.asynchttpclient.netty.channel.ChannelManager - Adding key: http://localhost:7404 for channel [id: 0x75ec610f, L:/127.0.0.1:57782 - R:localhost/127.0.0.1:7404]
19:23:04.207 [Forwarding screenshot on session adce2c6d9a787b88aac101ad373c388f to remote] DEBUG org.asynchttpclient.netty.request.NettyRequestSender - Using pooled Channel '[id: 0x75ec610f, L:/127.0.0.1:57782 - R:localhost/127.0.0.1:7404]' for 'GET' to 'http://localhost:7404/session/adce2c6d9a787b88aac101ad373c388f/screenshot'
19:23:04.207 [Forwarding screenshot on session adce2c6d9a787b88aac101ad373c388f to remote] DEBUG org.asynchttpclient.netty.request.NettyRequestSender - Using open Channel [id: 0x75ec610f, L:/127.0.0.1:57782 - R:localhost/127.0.0.1:7404] for GET '/session/adce2c6d9a787b88aac101ad373c388f/screenshot'
19:23:04.274 [AsyncHttpClient-1-5] DEBUG org.asynchttpclient.netty.handler.HttpHandler - 

Request DefaultFullHttpRequest(decodeResult: success, version: HTTP/1.1, content: EmptyByteBufBE)
GET /session/adce2c6d9a787b88aac101ad373c388f/screenshot HTTP/1.1
User-Agent: selenium/4.8.1 (java windows)
Cache-Control: no-cache
Content-Type: application/json; charset=utf-8
host: localhost:7404
accept: */*

Response DefaultHttpResponse(decodeResult: success, version: HTTP/1.1)
HTTP/1.1 200 OK
Content-Length: 32168
Content-Type: application/json; charset=utf-8
cache-control: no-cache

19:23:04.274 [AsyncHttpClient-1-5] DEBUG org.asynchttpclient.netty.channel.ChannelManager - Adding key: http://localhost:7404 for channel [id: 0x75ec610f, L:/127.0.0.1:57782 - R:localhost/127.0.0.1:7404]
19:23:04.275 [main] DEBUG net.serenitybdd.core.photography.Darkroom - Send negative for processing for target\site\serenity\d00787a84e57ae9818ec6333fe71d83a89fc0961433dfe7832481e3dca8fda29.png
19:23:04.276 [main] DEBUG net.thucydides.core.steps.StepInterceptor - STEP DONE: clickLogoutOption
  &amp#27;[32mWhen &amp#27;[0m&amp#27;[32mI click logout option&amp#27;[0m                                 &amp#27;[90m# starter.stepdefinitions.LogoutSteps.clickLogoutOption()&amp#27;[0m
19:23:04.281 [Forwarding getPageSource on session adce2c6d9a787b88aac101ad373c388f to remote] DEBUG org.asynchttpclient.netty.request.NettyRequestSender - Using pooled Channel '[id: 0x75ec610f, L:/127.0.0.1:57782 - R:localhost/127.0.0.1:7404]' for 'POST' to 'http://localhost:7404/session/adce2c6d9a787b88aac101ad373c388f/execute/sync'
19:23:04.281 [Forwarding getPageSource on session adce2c6d9a787b88aac101ad373c388f to remote] DEBUG org.asynchttpclient.netty.request.NettyRequestSender - Using open Channel [id: 0x75ec610f, L:/127.0.0.1:57782 - R:localhost/127.0.0.1:7404] for POST '/session/adce2c6d9a787b88aac101ad373c388f/execute/sync'
19:23:04.286 [AsyncHttpClient-1-5] DEBUG org.asynchttpclient.netty.handler.HttpHandler - 

Request DefaultHttpRequest(decodeResult: success, version: HTTP/1.1)
POST /session/adce2c6d9a787b88aac101ad373c388f/execute/sync HTTP/1.1
User-Agent: selenium/4.8.1 (java windows)
Content-Length: 176
Content-Type: application/json; charset=utf-8
host: localhost:7404
accept: */*

Response DefaultHttpResponse(decodeResult: success, version: HTTP/1.1)
HTTP/1.1 200 OK
Content-Length: 21659
Content-Type: application/json; charset=utf-8
cache-control: no-cache

19:23:04.286 [AsyncHttpClient-1-5] DEBUG org.asynchttpclient.netty.channel.ChannelManager - Adding key: http://localhost:7404 for channel [id: 0x75ec610f, L:/127.0.0.1:57782 - R:localhost/127.0.0.1:7404]
19:23:04.287 [Forwarding getCurrentUrl on session adce2c6d9a787b88aac101ad373c388f to remote] DEBUG org.asynchttpclient.netty.request.NettyRequestSender - Using pooled Channel '[id: 0x75ec610f, L:/127.0.0.1:57782 - R:localhost/127.0.0.1:7404]' for 'GET' to 'http://localhost:7404/session/adce2c6d9a787b88aac101ad373c388f/url'
19:23:04.287 [Forwarding getCurrentUrl on session adce2c6d9a787b88aac101ad373c388f to remote] DEBUG org.asynchttpclient.netty.request.NettyRequestSender - Using open Channel [id: 0x75ec610f, L:/127.0.0.1:57782 - R:localhost/127.0.0.1:7404] for GET '/session/adce2c6d9a787b88aac101ad373c388f/url'
19:23:04.290 [AsyncHttpClient-1-5] DEBUG org.asynchttpclient.netty.handler.HttpHandler - 

Request DefaultFullHttpRequest(decodeResult: success, version: HTTP/1.1, content: EmptyByteBufBE)
GET /session/adce2c6d9a787b88aac101ad373c388f/url HTTP/1.1
User-Agent: selenium/4.8.1 (java windows)
Cache-Control: no-cache
Content-Type: application/json; charset=utf-8
host: localhost:7404
accept: */*

Response DefaultHttpResponse(decodeResult: success, version: HTTP/1.1)
HTTP/1.1 200 OK
Content-Length: 51
Content-Type: application/json; charset=utf-8
cache-control: no-cache

19:23:04.290 [AsyncHttpClient-1-5] DEBUG org.asynchttpclient.netty.channel.ChannelManager - Adding key: http://localhost:7404 for channel [id: 0x75ec610f, L:/127.0.0.1:57782 - R:localhost/127.0.0.1:7404]
19:23:04.296 [Forwarding getPageSource on session adce2c6d9a787b88aac101ad373c388f to remote] DEBUG org.asynchttpclient.netty.request.NettyRequestSender - Using pooled Channel '[id: 0x75ec610f, L:/127.0.0.1:57782 - R:localhost/127.0.0.1:7404]' for 'POST' to 'http://localhost:7404/session/adce2c6d9a787b88aac101ad373c388f/execute/sync'
19:23:04.296 [Forwarding getPageSource on session adce2c6d9a787b88aac101ad373c388f to remote] DEBUG org.asynchttpclient.netty.request.NettyRequestSender - Using open Channel [id: 0x75ec610f, L:/127.0.0.1:57782 - R:localhost/127.0.0.1:7404] for POST '/session/adce2c6d9a787b88aac101ad373c388f/execute/sync'
19:23:04.301 [AsyncHttpClient-1-5] DEBUG org.asynchttpclient.netty.handler.HttpHandler - 

Request DefaultHttpRequest(decodeResult: success, version: HTTP/1.1)
POST /session/adce2c6d9a787b88aac101ad373c388f/execute/sync HTTP/1.1
User-Agent: selenium/4.8.1 (java windows)
Content-Length: 176
Content-Type: application/json; charset=utf-8
host: localhost:7404
accept: */*

Response DefaultHttpResponse(decodeResult: success, version: HTTP/1.1)
HTTP/1.1 200 OK
Content-Length: 21659
Content-Type: application/json; charset=utf-8
cache-control: no-cache

19:23:04.301 [AsyncHttpClient-1-5] DEBUG org.asynchttpclient.netty.channel.ChannelManager - Adding key: http://localhost:7404 for channel [id: 0x75ec610f, L:/127.0.0.1:57782 - R:localhost/127.0.0.1:7404]
19:23:04.303 [Forwarding getCurrentUrl on session adce2c6d9a787b88aac101ad373c388f to remote] DEBUG org.asynchttpclient.netty.request.NettyRequestSender - Using pooled Channel '[id: 0x75ec610f, L:/127.0.0.1:57782 - R:localhost/127.0.0.1:7404]' for 'GET' to 'http://localhost:7404/session/adce2c6d9a787b88aac101ad373c388f/url'
19:23:04.303 [Forwarding getCurrentUrl on session adce2c6d9a787b88aac101ad373c388f to remote] DEBUG org.asynchttpclient.netty.request.NettyRequestSender - Using open Channel [id: 0x75ec610f, L:/127.0.0.1:57782 - R:localhost/127.0.0.1:7404] for GET '/session/adce2c6d9a787b88aac101ad373c388f/url'
19:23:04.306 [AsyncHttpClient-1-5] DEBUG org.asynchttpclient.netty.handler.HttpHandler - 

Request DefaultFullHttpRequest(decodeResult: success, version: HTTP/1.1, content: EmptyByteBufBE)
GET /session/adce2c6d9a787b88aac101ad373c388f/url HTTP/1.1
User-Agent: selenium/4.8.1 (java windows)
Cache-Control: no-cache
Content-Type: application/json; charset=utf-8
host: localhost:7404
accept: */*

Response DefaultHttpResponse(decodeResult: success, version: HTTP/1.1)
HTTP/1.1 200 OK
Content-Length: 51
Content-Type: application/json; charset=utf-8
cache-control: no-cache

19:23:04.306 [AsyncHttpClient-1-5] DEBUG org.asynchttpclient.netty.channel.ChannelManager - Adding key: http://localhost:7404 for channel [id: 0x75ec610f, L:/127.0.0.1:57782 - R:localhost/127.0.0.1:7404]
19:23:04.308 [main] DEBUG net.thucydides.core.steps.StepInterceptor - STARTING STEP: LogoutSteps.validateAlreadyLogout - validateAlreadyLogout
19:23:04.309 [Forwarding findElement on session adce2c6d9a787b88aac101ad373c388f to remote] DEBUG org.asynchttpclient.netty.request.NettyRequestSender - Using pooled Channel '[id: 0x75ec610f, L:/127.0.0.1:57782 - R:localhost/127.0.0.1:7404]' for 'POST' to 'http://localhost:7404/session/adce2c6d9a787b88aac101ad373c388f/element'
19:23:04.309 [Forwarding findElement on session adce2c6d9a787b88aac101ad373c388f to remote] DEBUG org.asynchttpclient.netty.request.NettyRequestSender - Using open Channel [id: 0x75ec610f, L:/127.0.0.1:57782 - R:localhost/127.0.0.1:7404] for POST '/session/adce2c6d9a787b88aac101ad373c388f/element'
19:23:04.317 [AsyncHttpClient-1-5] DEBUG org.asynchttpclient.netty.handler.HttpHandler - 

Request DefaultHttpRequest(decodeResult: success, version: HTTP/1.1)
POST /session/adce2c6d9a787b88aac101ad373c388f/element HTTP/1.1
User-Agent: selenium/4.8.1 (java windows)
Content-Length: 59
Content-Type: application/json; charset=utf-8
host: localhost:7404
accept: */*

Response DefaultHttpResponse(decodeResult: success, version: HTTP/1.1)
HTTP/1.1 200 OK
Content-Length: 95
Content-Type: application/json; charset=utf-8
cache-control: no-cache

19:23:04.317 [AsyncHttpClient-1-5] DEBUG org.asynchttpclient.netty.channel.ChannelManager - Adding key: http://localhost:7404 for channel [id: 0x75ec610f, L:/127.0.0.1:57782 - R:localhost/127.0.0.1:7404]
19:23:04.319 [Forwarding isElementDisplayed on session adce2c6d9a787b88aac101ad373c388f to remote] DEBUG org.asynchttpclient.netty.request.NettyRequestSender - Using pooled Channel '[id: 0x75ec610f, L:/127.0.0.1:57782 - R:localhost/127.0.0.1:7404]' for 'POST' to 'http://localhost:7404/session/adce2c6d9a787b88aac101ad373c388f/execute/sync'
19:23:04.319 [Forwarding isElementDisplayed on session adce2c6d9a787b88aac101ad373c388f to remote] DEBUG org.asynchttpclient.netty.request.NettyRequestSender - Using open Channel [id: 0x75ec610f, L:/127.0.0.1:57782 - R:localhost/127.0.0.1:7404] for POST '/session/adce2c6d9a787b88aac101ad373c388f/execute/sync'
19:23:04.330 [AsyncHttpClient-1-5] DEBUG org.asynchttpclient.netty.handler.HttpHandler - 

Request DefaultHttpRequest(decodeResult: success, version: HTTP/1.1)
POST /session/adce2c6d9a787b88aac101ad373c388f/execute/sync HTTP/1.1
User-Agent: selenium/4.8.1 (java windows)
Content-Length: 48814
Content-Type: application/json; charset=utf-8
host: localhost:7404
accept: */*

Response DefaultHttpResponse(decodeResult: success, version: HTTP/1.1)
HTTP/1.1 200 OK
Content-Length: 14
Content-Type: application/json; charset=utf-8
cache-control: no-cache

19:23:04.330 [AsyncHttpClient-1-5] DEBUG org.asynchttpclient.netty.channel.ChannelManager - Adding key: http://localhost:7404 for channel [id: 0x75ec610f, L:/127.0.0.1:57782 - R:localhost/127.0.0.1:7404]
19:23:04.334 [Forwarding getAlertText on session adce2c6d9a787b88aac101ad373c388f to remote] DEBUG org.asynchttpclient.netty.request.NettyRequestSender - Using pooled Channel '[id: 0x75ec610f, L:/127.0.0.1:57782 - R:localhost/127.0.0.1:7404]' for 'GET' to 'http://localhost:7404/session/adce2c6d9a787b88aac101ad373c388f/alert/text'
19:23:04.334 [Forwarding getAlertText on session adce2c6d9a787b88aac101ad373c388f to remote] DEBUG org.asynchttpclient.netty.request.NettyRequestSender - Using open Channel [id: 0x75ec610f, L:/127.0.0.1:57782 - R:localhost/127.0.0.1:7404] for GET '/session/adce2c6d9a787b88aac101ad373c388f/alert/text'
19:23:04.336 [AsyncHttpClient-1-5] DEBUG org.asynchttpclient.netty.handler.HttpHandler - 

Request DefaultFullHttpRequest(decodeResult: success, version: HTTP/1.1, content: EmptyByteBufBE)
GET /session/adce2c6d9a787b88aac101ad373c388f/alert/text HTTP/1.1
User-Agent: selenium/4.8.1 (java windows)
Cache-Control: no-cache
Content-Type: application/json; charset=utf-8
host: localhost:7404
accept: */*

Response DefaultHttpResponse(decodeResult: success, version: HTTP/1.1)
HTTP/1.1 404 Not Found
Content-Length: 847
Content-Type: application/json; charset=utf-8
cache-control: no-cache

19:23:04.336 [AsyncHttpClient-1-5] DEBUG org.asynchttpclient.netty.channel.ChannelManager - Adding key: http://localhost:7404 for channel [id: 0x75ec610f, L:/127.0.0.1:57782 - R:localhost/127.0.0.1:7404]
19:23:04.336 [Forwarding getCurrentUrl on session adce2c6d9a787b88aac101ad373c388f to remote] DEBUG org.asynchttpclient.netty.request.NettyRequestSender - Using pooled Channel '[id: 0x75ec610f, L:/127.0.0.1:57782 - R:localhost/127.0.0.1:7404]' for 'GET' to 'http://localhost:7404/session/adce2c6d9a787b88aac101ad373c388f/url'
19:23:04.336 [Forwarding getCurrentUrl on session adce2c6d9a787b88aac101ad373c388f to remote] DEBUG org.asynchttpclient.netty.request.NettyRequestSender - Using open Channel [id: 0x75ec610f, L:/127.0.0.1:57782 - R:localhost/127.0.0.1:7404] for GET '/session/adce2c6d9a787b88aac101ad373c388f/url'
19:23:04.340 [AsyncHttpClient-1-5] DEBUG org.asynchttpclient.netty.handler.HttpHandler - 

Request DefaultFullHttpRequest(decodeResult: success, version: HTTP/1.1, content: EmptyByteBufBE)
GET /session/adce2c6d9a787b88aac101ad373c388f/url HTTP/1.1
User-Agent: selenium/4.8.1 (java windows)
Cache-Control: no-cache
Content-Type: application/json; charset=utf-8
host: localhost:7404
accept: */*

Response DefaultHttpResponse(decodeResult: success, version: HTTP/1.1)
HTTP/1.1 200 OK
Content-Length: 51
Content-Type: application/json; charset=utf-8
cache-control: no-cache

19:23:04.340 [AsyncHttpClient-1-5] DEBUG org.asynchttpclient.netty.channel.ChannelManager - Adding key: http://localhost:7404 for channel [id: 0x75ec610f, L:/127.0.0.1:57782 - R:localhost/127.0.0.1:7404]
19:23:04.341 [Forwarding screenshot on session adce2c6d9a787b88aac101ad373c388f to remote] DEBUG org.asynchttpclient.netty.request.NettyRequestSender - Using pooled Channel '[id: 0x75ec610f, L:/127.0.0.1:57782 - R:localhost/127.0.0.1:7404]' for 'GET' to 'http://localhost:7404/session/adce2c6d9a787b88aac101ad373c388f/screenshot'
19:23:04.341 [Forwarding screenshot on session adce2c6d9a787b88aac101ad373c388f to remote] DEBUG org.asynchttpclient.netty.request.NettyRequestSender - Using open Channel [id: 0x75ec610f, L:/127.0.0.1:57782 - R:localhost/127.0.0.1:7404] for GET '/session/adce2c6d9a787b88aac101ad373c388f/screenshot'
19:23:04.408 [AsyncHttpClient-1-5] DEBUG org.asynchttpclient.netty.handler.HttpHandler - 

Request DefaultFullHttpRequest(decodeResult: success, version: HTTP/1.1, content: EmptyByteBufBE)
GET /session/adce2c6d9a787b88aac101ad373c388f/screenshot HTTP/1.1
User-Agent: selenium/4.8.1 (java windows)
Cache-Control: no-cache
Content-Type: application/json; charset=utf-8
host: localhost:7404
accept: */*

Response DefaultHttpResponse(decodeResult: success, version: HTTP/1.1)
HTTP/1.1 200 OK
Content-Length: 32168
Content-Type: application/json; charset=utf-8
cache-control: no-cache

19:23:04.408 [AsyncHttpClient-1-5] DEBUG org.asynchttpclient.netty.channel.ChannelManager - Adding key: http://localhost:7404 for channel [id: 0x75ec610f, L:/127.0.0.1:57782 - R:localhost/127.0.0.1:7404]
19:23:04.409 [main] DEBUG net.serenitybdd.core.photography.Darkroom - Send negative for processing for target\site\serenity\d00787a84e57ae9818ec6333fe71d83a89fc0961433dfe7832481e3dca8fda29.png
19:23:04.409 [main] DEBUG net.thucydides.core.steps.StepInterceptor - STEP DONE: validateAlreadyLogout
  &amp#27;[32mThen &amp#27;[0m&amp#27;[32mI should be redirected back to my alta-shop home page&amp#27;[0m &amp#27;[90m# starter.stepdefinitions.LogoutSteps.validateAlreadyLogout()&amp#27;[0m
19:23:04.413 [main] INFO  - 
  _____   ___   ___   _____     ___     _     ___   ___   ___   ___  
 |_   _| | __| / __| |_   _|   | _ \   /_\   / __| / __| | __| |   \ 
   | |   | _|  \__ \   | |     |  _/  / _ \  \__ \ \__ \ | _|  | |) |
   |_|   |___| |___/   |_|     |_|   /_/ \_\ |___/ |___/ |___| |___/ 

Logout from account
----------------------------------------------------------------------
19:23:04.414 [AsyncHttpClient-1-7] DEBUG org.asynchttpclient.netty.handler.WebSocketHandler - Channel Closed: [id: 0xd39aee06, L:/127.0.0.1:57792 ! R:localhost/127.0.0.1:57784] with attribute NettyResponseFuture{currentRetry=0,
	isDone=1,
	isCancelled=0,
	asyncHandler=org.asynchttpclient.ws.WebSocketUpgradeHandler@3c8f863a,
	nettyRequest=org.asynchttpclient.netty.request.NettyRequest@f785543,
	future=java.util.concurrent.CompletableFuture@587827a1[Completed normally],
	uri=ws://localhost:57784/devtools/browser/d870ebb6-0d69-45f0-bc99-f472d4c1782f,
	keepAlive=true,
	redirectCount=0,
	timeoutsHolder=null,
	inAuth=0,
	touch=1683807780747}
19:23:04.414 [AsyncHttpClient-1-7] DEBUG org.asynchttpclient.netty.channel.ChannelManager - Closing Channel [id: 0xd39aee06, L:/127.0.0.1:57792 ! R:localhost/127.0.0.1:57784] 
19:23:04.414 [Driver Command Executor] DEBUG org.asynchttpclient.netty.request.NettyRequestSender - Using pooled Channel '[id: 0x75ec610f, L:/127.0.0.1:57782 - R:localhost/127.0.0.1:7404]' for 'DELETE' to 'http://localhost:7404/session/adce2c6d9a787b88aac101ad373c388f'
19:23:04.414 [Driver Command Executor] DEBUG org.asynchttpclient.netty.request.NettyRequestSender - Using open Channel [id: 0x75ec610f, L:/127.0.0.1:57782 - R:localhost/127.0.0.1:7404] for DELETE '/session/adce2c6d9a787b88aac101ad373c388f'
19:23:04.479 [AsyncHttpClient-1-6] DEBUG org.asynchttpclient.netty.handler.HttpHandler - Unexpected I/O exception on channel [id: 0xb2d72b78, L:/127.0.0.1:57791 - R:localhost/127.0.0.1:57784]
java.net.SocketException: Connection reset
	at java.base/sun.nio.ch.SocketChannelImpl.throwConnectionReset(SocketChannelImpl.java:401)
	at java.base/sun.nio.ch.SocketChannelImpl.read(SocketChannelImpl.java:434)
	at io.netty.buffer.PooledByteBuf.setBytes(PooledByteBuf.java:259)
	at io.netty.buffer.AbstractByteBuf.writeBytes(AbstractByteBuf.java:1132)
	at io.netty.channel.socket.nio.NioSocketChannel.doReadBytes(NioSocketChannel.java:357)
	at io.netty.channel.nio.AbstractNioByteChannel$NioByteUnsafe.read(AbstractNioByteChannel.java:151)
	at io.netty.channel.nio.NioEventLoop.processSelectedKey(NioEventLoop.java:788)
	at io.netty.channel.nio.NioEventLoop.processSelectedKeysOptimized(NioEventLoop.java:724)
	at io.netty.channel.nio.NioEventLoop.processSelectedKeys(NioEventLoop.java:650)
	at io.netty.channel.nio.NioEventLoop.run(NioEventLoop.java:562)
	at io.netty.util.concurrent.SingleThreadEventExecutor$4.run(SingleThreadEventExecutor.java:997)
	at io.netty.util.internal.ThreadExecutorMap$2.run(ThreadExecutorMap.java:74)
	at io.netty.util.concurrent.FastThreadLocalRunnable.run(FastThreadLocalRunnable.java:30)
	at java.base/java.lang.Thread.run(Thread.java:1589)
19:23:04.480 [AsyncHttpClient-1-6] DEBUG org.asynchttpclient.netty.channel.ChannelManager - Closing Channel [id: 0xb2d72b78, L:/127.0.0.1:57791 - R:localhost/127.0.0.1:57784] 
19:23:04.481 [AsyncHttpClient-1-6] DEBUG org.asynchttpclient.netty.handler.HttpHandler - Channel Closed: [id: 0xb2d72b78, L:/127.0.0.1:57791 ! R:localhost/127.0.0.1:57784] with attribute DISCARD
19:23:04.539 [AsyncHttpClient-1-5] DEBUG org.asynchttpclient.netty.handler.HttpHandler - 

Request DefaultFullHttpRequest(decodeResult: success, version: HTTP/1.1, content: EmptyByteBufBE)
DELETE /session/adce2c6d9a787b88aac101ad373c388f HTTP/1.1
User-Agent: selenium/4.8.1 (java windows)
Content-Type: application/json; charset=utf-8
host: localhost:7404
accept: */*

Response DefaultHttpResponse(decodeResult: success, version: HTTP/1.1)
HTTP/1.1 200 OK
Content-Length: 14
Content-Type: application/json; charset=utf-8
cache-control: no-cache

19:23:04.539 [AsyncHttpClient-1-5] DEBUG org.asynchttpclient.netty.channel.ChannelManager - Adding key: http://localhost:7404 for channel [id: 0x75ec610f, L:/127.0.0.1:57782 - R:localhost/127.0.0.1:7404]
19:23:04.807 [AsyncHttpClient-1-1] DEBUG org.asynchttpclient.netty.channel.DefaultChannelPool - Entry count for : http://localhost:7404 : 1
19:23:04.807 [AsyncHttpClient-1-1] DEBUG org.asynchttpclient.netty.channel.DefaultChannelPool - Entry count for : http://localhost:57784 : 1
19:23:04.807 [AsyncHttpClient-1-1] DEBUG org.asynchttpclient.netty.channel.DefaultChannelPool - Adding Candidate expired Channel [id: 0xb2d72b78, L:/127.0.0.1:57791 ! R:localhost/127.0.0.1:57784] isIdleTimeoutExpired=false isRemotelyClosed=true isTtlExpired=false
19:23:04.807 [AsyncHttpClient-1-1] DEBUG org.asynchttpclient.netty.channel.DefaultChannelPool - Closing Idle Channel [id: 0xb2d72b78, L:/127.0.0.1:57791 ! R:localhost/127.0.0.1:57784]
19:23:04.807 [AsyncHttpClient-1-1] DEBUG org.asynchttpclient.netty.channel.DefaultChannelPool - Closed 1 connections out of 2 in 0 ms
19:23:04.885 [AsyncHttpClient-1-5] DEBUG org.asynchttpclient.netty.handler.HttpHandler - Channel Closed: [id: 0x75ec610f, L:/127.0.0.1:57782 ! R:localhost/127.0.0.1:7404] with attribute DISCARD
]]></system-out>
    <system-err><![CDATA[Starting ChromeDriver 113.0.5672.63 (0e1a4471d5ae5bf128b1bd8f4d627c8cbd55f70c-refs/branch-heads/5672@{#912}) on port 7404
Only local connections are allowed.
Please see https://chromedriver.chromium.org/security-considerations for suggestions on keeping ChromeDriver safe.
ChromeDriver was started successfully.
May 11, 2023 7:23:00 PM org.openqa.selenium.devtools.CdpVersionFinder findNearestMatch
WARNING: Unable to find an exact match for CDP version 113, so returning the closest version found: 110
]]></system-err>
  </testcase>
</testsuite>