<?xml version="1.0" encoding="UTF-8"?>
<testsuite xmlns:xsi="http://www.w3.org/2001/XMLSchema-instance" xsi:noNamespaceSchemaLocation="https://maven.apache.org/surefire/maven-failsafe-plugin/xsd/failsafe-test-report-3.0.xsd" version="3.0" name="starter.CucumberTestSuite" time="22.208" tests="10" errors="0" skipped="0" failures="0">
  <properties>
    <property name="java.specification.version" value="19"/>
    <property name="sun.cpu.isalist" value="amd64"/>
    <property name="sun.jnu.encoding" value="Cp1252"/>
    <property name="java.class.path" value="D:\Tugas13_REST_Api\target\test-classes;C:\Users\Bunayya Zulfikar\.m2\repository\net\serenity-bdd\serenity-rest-assured\3.6.22\serenity-rest-assured-3.6.22.jar;C:\Users\Bunayya Zulfikar\.m2\repository\org\apache\httpcomponents\httpclient\4.5.13\httpclient-4.5.13.jar;C:\Users\Bunayya Zulfikar\.m2\repository\org\apache\httpcomponents\httpcore\4.4.13\httpcore-4.4.13.jar;C:\Users\Bunayya Zulfikar\.m2\repository\commons-logging\commons-logging\1.2\commons-logging-1.2.jar;C:\Users\Bunayya Zulfikar\.m2\repository\io\rest-assured\rest-assured\5.3.0\rest-assured-5.3.0.jar;C:\Users\Bunayya Zulfikar\.m2\repository\org\apache\httpcomponents\httpmime\4.5.13\httpmime-4.5.13.jar;C:\Users\Bunayya Zulfikar\.m2\repository\org\ccil\cowan\tagsoup\tagsoup\1.2.1\tagsoup-1.2.1.jar;C:\Users\Bunayya Zulfikar\.m2\repository\io\rest-assured\json-path\5.3.0\json-path-5.3.0.jar;C:\Users\Bunayya Zulfikar\.m2\repository\io\rest-assured\rest-assured-common\5.3.0\rest-assured-common-5.3.0.jar;C:\Users\Bunayya Zulfikar\.m2\repository\io\rest-assured\xml-path\5.3.0\xml-path-5.3.0.jar;C:\Users\Bunayya Zulfikar\.m2\repository\org\apache\groovy\groovy-json\4.0.10\groovy-json-4.0.10.jar;C:\Users\Bunayya Zulfikar\.m2\repository\org\apache\groovy\groovy-xml\4.0.10\groovy-xml-4.0.10.jar;C:\Users\Bunayya Zulfikar\.m2\repository\org\apache\groovy\groovy\4.0.10\groovy-4.0.10.jar;C:\Users\Bunayya Zulfikar\.m2\repository\org\opentest4j\opentest4j\1.2.0\opentest4j-1.2.0.jar;C:\Users\Bunayya Zulfikar\.m2\repository\net\serenity-bdd\serenity-core\3.6.21\serenity-core-3.6.21.jar;C:\Users\Bunayya Zulfikar\.m2\repository\net\serenity-bdd\serenity-model\3.6.21\serenity-model-3.6.21.jar;C:\Users\Bunayya Zulfikar\.m2\repository\org\apache\commons\commons-text\1.10.0\commons-text-1.10.0.jar;C:\Users\Bunayya Zulfikar\.m2\repository\commons-net\commons-net\3.9.0\commons-net-3.9.0.jar;C:\Users\Bunayya Zulfikar\.m2\repository\com\google\guava\guava\31.1-jre\guava-31.1-jre.jar;C:\Users\Bunayya Zulfikar\.m2\repository\com\google\guava\failureaccess\1.0.1\failureaccess-1.0.1.jar;C:\Users\Bunayya Zulfikar\.m2\repository\com\google\guava\listenablefuture\9999.0-empty-to-avoid-conflict-with-guava\listenablefuture-9999.0-empty-to-avoid-conflict-with-guava.jar;C:\Users\Bunayya Zulfikar\.m2\repository\com\google\code\findbugs\jsr305\3.0.2\jsr305-3.0.2.jar;C:\Users\Bunayya Zulfikar\.m2\repository\org\checkerframework\checker-qual\3.12.0\checker-qual-3.12.0.jar;C:\Users\Bunayya Zulfikar\.m2\repository\com\google\errorprone\error_prone_annotations\2.11.0\error_prone_annotations-2.11.0.jar;C:\Users\Bunayya Zulfikar\.m2\repository\com\google\j2objc\j2objc-annotations\1.3\j2objc-annotations-1.3.jar;C:\Users\Bunayya Zulfikar\.m2\repository\com\google\inject\guice\5.1.0\guice-5.1.0.jar;C:\Users\Bunayya Zulfikar\.m2\repository\javax\inject\javax.inject\1\javax.inject-1.jar;C:\Users\Bunayya Zulfikar\.m2\repository\aopalliance\aopalliance\1.0\aopalliance-1.0.jar;C:\Users\Bunayya Zulfikar\.m2\repository\org\jsoup\jsoup\1.14.3\jsoup-1.14.3.jar;C:\Users\Bunayya Zulfikar\.m2\repository\com\thoughtworks\xstream\xstream\1.4.20\xstream-1.4.20.jar;C:\Users\Bunayya Zulfikar\.m2\repository\io\github\x-stream\mxparser\1.2.2\mxparser-1.2.2.jar;C:\Users\Bunayya Zulfikar\.m2\repository\xmlpull\xmlpull\1.1.3.1\xmlpull-1.1.3.1.jar;C:\Users\Bunayya Zulfikar\.m2\repository\com\typesafe\config\1.4.2\config-1.4.2.jar;C:\Users\Bunayya Zulfikar\.m2\repository\org\imgscalr\imgscalr-lib\4.2\imgscalr-lib-4.2.jar;C:\Users\Bunayya Zulfikar\.m2\repository\org\awaitility\awaitility\4.2.0\awaitility-4.2.0.jar;C:\Users\Bunayya Zulfikar\.m2\repository\org\freemarker\freemarker\2.3.31\freemarker-2.3.31.jar;C:\Users\Bunayya Zulfikar\.m2\repository\io\github\classgraph\classgraph\4.8.138\classgraph-4.8.138.jar;C:\Users\Bunayya Zulfikar\.m2\repository\net\sourceforge\jexcelapi\jxl\2.6.12\jxl-2.6.12.jar;C:\Users\Bunayya Zulfikar\.m2\repository\net\bytebuddy\byte-buddy-agent\1.14.2\byte-buddy-agent-1.14.2.jar;C:\Users\Bunayya Zulfikar\.m2\repository\org\objenesis\objenesis\3.3\objenesis-3.3.jar;C:\Users\Bunayya Zulfikar\.m2\repository\net\serenity-bdd\serenity-reports\3.6.21\serenity-reports-3.6.21.jar;C:\Users\Bunayya Zulfikar\.m2\repository\net\serenity-bdd\serenity-stats\3.6.21\serenity-stats-3.6.21.jar;C:\Users\Bunayya Zulfikar\.m2\repository\net\serenity-bdd\serenity-reports-configuration\3.6.21\serenity-reports-configuration-3.6.21.jar;C:\Users\Bunayya Zulfikar\.m2\repository\com\vladsch\flexmark\flexmark-all\0.62.2\flexmark-all-0.62.2.jar;C:\Users\Bunayya Zulfikar\.m2\repository\com\vladsch\flexmark\flexmark\0.62.2\flexmark-0.62.2.jar;C:\Users\Bunayya Zulfikar\.m2\repository\com\vladsch\flexmark\flexmark-ext-abbreviation\0.62.2\flexmark-ext-abbreviation-0.62.2.jar;C:\Users\Bunayya Zulfikar\.m2\repository\com\vladsch\flexmark\flexmark-util\0.62.2\flexmark-util-0.62.2.jar;C:\Users\Bunayya Zulfikar\.m2\repository\com\vladsch\flexmark\flexmark-ext-admonition\0.62.2\flexmark-ext-admonition-0.62.2.jar;C:\Users\Bunayya Zulfikar\.m2\repository\com\vladsch\flexmark\flexmark-ext-anchorlink\0.62.2\flexmark-ext-anchorlink-0.62.2.jar;C:\Users\Bunayya Zulfikar\.m2\repository\com\vladsch\flexmark\flexmark-ext-aside\0.62.2\flexmark-ext-aside-0.62.2.jar;C:\Users\Bunayya Zulfikar\.m2\repository\com\vladsch\flexmark\flexmark-ext-attributes\0.62.2\flexmark-ext-attributes-0.62.2.jar;C:\Users\Bunayya Zulfikar\.m2\repository\com\vladsch\flexmark\flexmark-ext-autolink\0.62.2\flexmark-ext-autolink-0.62.2.jar;C:\Users\Bunayya Zulfikar\.m2\repository\org\nibor\autolink\autolink\0.6.0\autolink-0.6.0.jar;C:\Users\Bunayya Zulfikar\.m2\repository\com\vladsch\flexmark\flexmark-ext-definition\0.62.2\flexmark-ext-definition-0.62.2.jar;C:\Users\Bunayya Zulfikar\.m2\repository\com\vladsch\flexmark\flexmark-ext-emoji\0.62.2\flexmark-ext-emoji-0.62.2.jar;C:\Users\Bunayya Zulfikar\.m2\repository\com\vladsch\flexmark\flexmark-ext-enumerated-reference\0.62.2\flexmark-ext-enumerated-reference-0.62.2.jar;C:\Users\Bunayya Zulfikar\.m2\repository\com\vladsch\flexmark\flexmark-ext-escaped-character\0.62.2\flexmark-ext-escaped-character-0.62.2.jar;C:\Users\Bunayya Zulfikar\.m2\repository\com\vladsch\flexmark\flexmark-ext-footnotes\0.62.2\flexmark-ext-footnotes-0.62.2.jar;C:\Users\Bunayya Zulfikar\.m2\repository\com\vladsch\flexmark\flexmark-ext-gfm-issues\0.62.2\flexmark-ext-gfm-issues-0.62.2.jar;C:\Users\Bunayya Zulfikar\.m2\repository\com\vladsch\flexmark\flexmark-ext-gfm-strikethrough\0.62.2\flexmark-ext-gfm-strikethrough-0.62.2.jar;C:\Users\Bunayya Zulfikar\.m2\repository\com\vladsch\flexmark\flexmark-ext-gfm-tasklist\0.62.2\flexmark-ext-gfm-tasklist-0.62.2.jar;C:\Users\Bunayya Zulfikar\.m2\repository\com\vladsch\flexmark\flexmark-ext-gfm-users\0.62.2\flexmark-ext-gfm-users-0.62.2.jar;C:\Users\Bunayya Zulfikar\.m2\repository\com\vladsch\flexmark\flexmark-ext-gitlab\0.62.2\flexmark-ext-gitlab-0.62.2.jar;C:\Users\Bunayya Zulfikar\.m2\repository\com\vladsch\flexmark\flexmark-ext-jekyll-front-matter\0.62.2\flexmark-ext-jekyll-front-matter-0.62.2.jar;C:\Users\Bunayya Zulfikar\.m2\repository\com\vladsch\flexmark\flexmark-ext-jekyll-tag\0.62.2\flexmark-ext-jekyll-tag-0.62.2.jar;C:\Users\Bunayya Zulfikar\.m2\repository\com\vladsch\flexmark\flexmark-ext-media-tags\0.62.2\flexmark-ext-media-tags-0.62.2.jar;C:\Users\Bunayya Zulfikar\.m2\repository\com\vladsch\flexmark\flexmark-ext-macros\0.62.2\flexmark-ext-macros-0.62.2.jar;C:\Users\Bunayya Zulfikar\.m2\repository\com\vladsch\flexmark\flexmark-ext-ins\0.62.2\flexmark-ext-ins-0.62.2.jar;C:\Users\Bunayya Zulfikar\.m2\repository\com\vladsch\flexmark\flexmark-ext-xwiki-macros\0.62.2\flexmark-ext-xwiki-macros-0.62.2.jar;C:\Users\Bunayya Zulfikar\.m2\repository\com\vladsch\flexmark\flexmark-ext-superscript\0.62.2\flexmark-ext-superscript-0.62.2.jar;C:\Users\Bunayya Zulfikar\.m2\repository\com\vladsch\flexmark\flexmark-ext-tables\0.62.2\flexmark-ext-tables-0.62.2.jar;C:\Users\Bunayya Zulfikar\.m2\repository\com\vladsch\flexmark\flexmark-ext-toc\0.62.2\flexmark-ext-toc-0.62.2.jar;C:\Users\Bunayya Zulfikar\.m2\repository\com\vladsch\flexmark\flexmark-ext-typographic\0.62.2\flexmark-ext-typographic-0.62.2.jar;C:\Users\Bunayya Zulfikar\.m2\repository\com\vladsch\flexmark\flexmark-ext-wikilink\0.62.2\flexmark-ext-wikilink-0.62.2.jar;C:\Users\Bunayya Zulfikar\.m2\repository\com\vladsch\flexmark\flexmark-ext-yaml-front-matter\0.62.2\flexmark-ext-yaml-front-matter-0.62.2.jar;C:\Users\Bunayya Zulfikar\.m2\repository\com\vladsch\flexmark\flexmark-ext-youtube-embedded\0.62.2\flexmark-ext-youtube-embedded-0.62.2.jar;C:\Users\Bunayya Zulfikar\.m2\repository\com\vladsch\flexmark\flexmark-html2md-converter\0.62.2\flexmark-html2md-converter-0.62.2.jar;C:\Users\Bunayya Zulfikar\.m2\repository\com\vladsch\flexmark\flexmark-jira-converter\0.62.2\flexmark-jira-converter-0.62.2.jar;C:\Users\Bunayya Zulfikar\.m2\repository\com\vladsch\flexmark\flexmark-pdf-converter\0.62.2\flexmark-pdf-converter-0.62.2.jar;C:\Users\Bunayya Zulfikar\.m2\repository\com\openhtmltopdf\openhtmltopdf-core\1.0.0\openhtmltopdf-core-1.0.0.jar;C:\Users\Bunayya Zulfikar\.m2\repository\com\openhtmltopdf\openhtmltopdf-pdfbox\1.0.0\openhtmltopdf-pdfbox-1.0.0.jar;C:\Users\Bunayya Zulfikar\.m2\repository\org\apache\pdfbox\pdfbox\2.0.16\pdfbox-2.0.16.jar;C:\Users\Bunayya Zulfikar\.m2\repository\org\apache\pdfbox\fontbox\2.0.16\fontbox-2.0.16.jar;C:\Users\Bunayya Zulfikar\.m2\repository\org\apache\pdfbox\xmpbox\2.0.16\xmpbox-2.0.16.jar;C:\Users\Bunayya Zulfikar\.m2\repository\de\rototor\pdfbox\graphics2d\0.24\graphics2d-0.24.jar;C:\Users\Bunayya Zulfikar\.m2\repository\com\openhtmltopdf\openhtmltopdf-rtl-support\1.0.0\openhtmltopdf-rtl-support-1.0.0.jar;C:\Users\Bunayya Zulfikar\.m2\repository\com\openhtmltopdf\openhtmltopdf-jsoup-dom-converter\1.0.0\openhtmltopdf-jsoup-dom-converter-1.0.0.jar;C:\Users\Bunayya Zulfikar\.m2\repository\com\vladsch\flexmark\flexmark-profile-pegdown\0.62.2\flexmark-profile-pegdown-0.62.2.jar;C:\Users\Bunayya Zulfikar\.m2\repository\com\vladsch\flexmark\flexmark-util-ast\0.62.2\flexmark-util-ast-0.62.2.jar;C:\Users\Bunayya Zulfikar\.m2\repository\com\vladsch\flexmark\flexmark-util-builder\0.62.2\flexmark-util-builder-0.62.2.jar;C:\Users\Bunayya Zulfikar\.m2\repository\com\vladsch\flexmark\flexmark-util-collection\0.62.2\flexmark-util-collection-0.62.2.jar;C:\Users\Bunayya Zulfikar\.m2\repository\com\vladsch\flexmark\flexmark-util-data\0.62.2\flexmark-util-data-0.62.2.jar;C:\Users\Bunayya Zulfikar\.m2\repository\com\vladsch\flexmark\flexmark-util-dependency\0.62.2\flexmark-util-dependency-0.62.2.jar;C:\Users\Bunayya Zulfikar\.m2\repository\com\vladsch\flexmark\flexmark-util-format\0.62.2\flexmark-util-format-0.62.2.jar;C:\Users\Bunayya Zulfikar\.m2\repository\com\vladsch\flexmark\flexmark-util-html\0.62.2\flexmark-util-html-0.62.2.jar;C:\Users\Bunayya Zulfikar\.m2\repository\com\vladsch\flexmark\flexmark-util-misc\0.62.2\flexmark-util-misc-0.62.2.jar;C:\Users\Bunayya Zulfikar\.m2\repository\com\vladsch\flexmark\flexmark-util-options\0.62.2\flexmark-util-options-0.62.2.jar;C:\Users\Bunayya Zulfikar\.m2\repository\com\vladsch\flexmark\flexmark-util-sequence\0.62.2\flexmark-util-sequence-0.62.2.jar;C:\Users\Bunayya Zulfikar\.m2\repository\com\vladsch\flexmark\flexmark-util-visitor\0.62.2\flexmark-util-visitor-0.62.2.jar;C:\Users\Bunayya Zulfikar\.m2\repository\com\vladsch\flexmark\flexmark-youtrack-converter\0.62.2\flexmark-youtrack-converter-0.62.2.jar;C:\Users\Bunayya Zulfikar\.m2\repository\com\ibm\icu\icu4j\72.1\icu4j-72.1.jar;C:\Users\Bunayya Zulfikar\.m2\repository\es\nitaur\markdown\txtmark\0.16\txtmark-0.16.jar;C:\Users\Bunayya Zulfikar\.m2\repository\net\serenity-bdd\serenity-report-resources\3.6.21\serenity-report-resources-3.6.21.jar;C:\Users\Bunayya Zulfikar\.m2\repository\com\google\code\gson\gson\2.10.1\gson-2.10.1.jar;C:\Users\Bunayya Zulfikar\.m2\repository\com\fasterxml\jackson\core\jackson-core\2.15.0-rc1\jackson-core-2.15.0-rc1.jar;C:\Users\Bunayya Zulfikar\.m2\repository\com\fasterxml\jackson\core\jackson-databind\2.15.0-rc1\jackson-databind-2.15.0-rc1.jar;C:\Users\Bunayya Zulfikar\.m2\repository\com\fasterxml\jackson\core\jackson-annotations\2.15.0-rc1\jackson-annotations-2.15.0-rc1.jar;C:\Users\Bunayya Zulfikar\.m2\repository\commons-codec\commons-codec\1.15\commons-codec-1.15.jar;C:\Users\Bunayya Zulfikar\.m2\repository\commons-io\commons-io\2.11.0\commons-io-2.11.0.jar;C:\Users\Bunayya Zulfikar\.m2\repository\org\seleniumhq\selenium\selenium-java\4.8.1\selenium-java-4.8.1.jar;C:\Users\Bunayya Zulfikar\.m2\repository\org\seleniumhq\selenium\selenium-devtools-v108\4.8.1\selenium-devtools-v108-4.8.1.jar;C:\Users\Bunayya Zulfikar\.m2\repository\org\seleniumhq\selenium\selenium-devtools-v109\4.8.1\selenium-devtools-v109-4.8.1.jar;C:\Users\Bunayya Zulfikar\.m2\repository\org\seleniumhq\selenium\selenium-devtools-v110\4.8.1\selenium-devtools-v110-4.8.1.jar;C:\Users\Bunayya Zulfikar\.m2\repository\org\seleniumhq\selenium\selenium-devtools-v85\4.8.1\selenium-devtools-v85-4.8.1.jar;C:\Users\Bunayya Zulfikar\.m2\repository\org\seleniumhq\selenium\selenium-remote-driver\4.8.1\selenium-remote-driver-4.8.1.jar;C:\Users\Bunayya Zulfikar\.m2\repository\com\beust\jcommander\1.82\jcommander-1.82.jar;C:\Users\Bunayya Zulfikar\.m2\repository\io\netty\netty-buffer\4.1.87.Final\netty-buffer-4.1.87.Final.jar;C:\Users\Bunayya Zulfikar\.m2\repository\io\netty\netty-codec-http\4.1.87.Final\netty-codec-http-4.1.87.Final.jar;C:\Users\Bunayya Zulfikar\.m2\repository\io\netty\netty-codec\4.1.87.Final\netty-codec-4.1.87.Final.jar;C:\Users\Bunayya Zulfikar\.m2\repository\io\netty\netty-handler\4.1.87.Final\netty-handler-4.1.87.Final.jar;C:\Users\Bunayya Zulfikar\.m2\repository\io\netty\netty-common\4.1.87.Final\netty-common-4.1.87.Final.jar;C:\Users\Bunayya Zulfikar\.m2\repository\io\netty\netty-transport-classes-epoll\4.1.87.Final\netty-transport-classes-epoll-4.1.87.Final.jar;C:\Users\Bunayya Zulfikar\.m2\repository\io\netty\netty-transport-classes-kqueue\4.1.87.Final\netty-transport-classes-kqueue-4.1.87.Final.jar;C:\Users\Bunayya Zulfikar\.m2\repository\io\netty\netty-transport-native-epoll\4.1.87.Final\netty-transport-native-epoll-4.1.87.Final.jar;C:\Users\Bunayya Zulfikar\.m2\repository\io\netty\netty-transport-native-kqueue\4.1.87.Final\netty-transport-native-kqueue-4.1.87.Final.jar;C:\Users\Bunayya Zulfikar\.m2\repository\io\netty\netty-transport-native-unix-common\4.1.87.Final\netty-transport-native-unix-common-4.1.87.Final.jar;C:\Users\Bunayya Zulfikar\.m2\repository\io\netty\netty-transport\4.1.87.Final\netty-transport-4.1.87.Final.jar;C:\Users\Bunayya Zulfikar\.m2\repository\io\netty\netty-resolver\4.1.87.Final\netty-resolver-4.1.87.Final.jar;C:\Users\Bunayya Zulfikar\.m2\repository\io\opentelemetry\opentelemetry-api\1.22.0\opentelemetry-api-1.22.0.jar;C:\Users\Bunayya Zulfikar\.m2\repository\io\opentelemetry\opentelemetry-context\1.22.0\opentelemetry-context-1.22.0.jar;C:\Users\Bunayya Zulfikar\.m2\repository\io\opentelemetry\opentelemetry-exporter-logging\1.22.0\opentelemetry-exporter-logging-1.22.0.jar;C:\Users\Bunayya Zulfikar\.m2\repository\io\opentelemetry\opentelemetry-sdk-metrics\1.22.0\opentelemetry-sdk-metrics-1.22.0.jar;C:\Users\Bunayya Zulfikar\.m2\repository\io\opentelemetry\opentelemetry-sdk-logs\1.22.0-alpha\opentelemetry-sdk-logs-1.22.0-alpha.jar;C:\Users\Bunayya Zulfikar\.m2\repository\io\opentelemetry\opentelemetry-api-logs\1.22.0-alpha\opentelemetry-api-logs-1.22.0-alpha.jar;C:\Users\Bunayya Zulfikar\.m2\repository\io\opentelemetry\opentelemetry-sdk-common\1.22.0\opentelemetry-sdk-common-1.22.0.jar;C:\Users\Bunayya Zulfikar\.m2\repository\io\opentelemetry\opentelemetry-sdk-extension-autoconfigure-spi\1.22.0\opentelemetry-sdk-extension-autoconfigure-spi-1.22.0.jar;C:\Users\Bunayya Zulfikar\.m2\repository\io\opentelemetry\opentelemetry-sdk-extension-autoconfigure\1.22.0-alpha\opentelemetry-sdk-extension-autoconfigure-1.22.0-alpha.jar;C:\Users\Bunayya Zulfikar\.m2\repository\io\opentelemetry\opentelemetry-sdk-trace\1.22.0\opentelemetry-sdk-trace-1.22.0.jar;C:\Users\Bunayya Zulfikar\.m2\repository\io\opentelemetry\opentelemetry-sdk\1.22.0\opentelemetry-sdk-1.22.0.jar;C:\Users\Bunayya Zulfikar\.m2\repository\io\opentelemetry\opentelemetry-semconv\1.22.0-alpha\opentelemetry-semconv-1.22.0-alpha.jar;C:\Users\Bunayya Zulfikar\.m2\repository\io\ous\jtoml\2.0.0\jtoml-2.0.0.jar;C:\Users\Bunayya Zulfikar\.m2\repository\org\apache\commons\commons-exec\1.3\commons-exec-1.3.jar;C:\Users\Bunayya Zulfikar\.m2\repository\org\asynchttpclient\async-http-client\2.12.3\async-http-client-2.12.3.jar;C:\Users\Bunayya Zulfikar\.m2\repository\org\asynchttpclient\async-http-client-netty-utils\2.12.3\async-http-client-netty-utils-2.12.3.jar;C:\Users\Bunayya Zulfikar\.m2\repository\io\netty\netty-codec-socks\4.1.60.Final\netty-codec-socks-4.1.60.Final.jar;C:\Users\Bunayya Zulfikar\.m2\repository\io\netty\netty-handler-proxy\4.1.60.Final\netty-handler-proxy-4.1.60.Final.jar;C:\Users\Bunayya Zulfikar\.m2\repository\io\netty\netty-transport-native-epoll\4.1.60.Final\netty-transport-native-epoll-4.1.60.Final-linux-x86_64.jar;C:\Users\Bunayya Zulfikar\.m2\repository\io\netty\netty-transport-native-kqueue\4.1.60.Final\netty-transport-native-kqueue-4.1.60.Final-osx-x86_64.jar;C:\Users\Bunayya Zulfikar\.m2\repository\org\reactivestreams\reactive-streams\1.0.3\reactive-streams-1.0.3.jar;C:\Users\Bunayya Zulfikar\.m2\repository\com\typesafe\netty\netty-reactive-streams\2.0.4\netty-reactive-streams-2.0.4.jar;C:\Users\Bunayya Zulfikar\.m2\repository\org\seleniumhq\selenium\selenium-manager\4.8.1\selenium-manager-4.8.1.jar;C:\Users\Bunayya Zulfikar\.m2\repository\org\seleniumhq\selenium\selenium-safari-driver\4.8.1\selenium-safari-driver-4.8.1.jar;C:\Users\Bunayya Zulfikar\.m2\repository\org\seleniumhq\selenium\selenium-api\4.8.1\selenium-api-4.8.1.jar;C:\Users\Bunayya Zulfikar\.m2\repository\org\seleniumhq\selenium\selenium-support\4.8.1\selenium-support-4.8.1.jar;C:\Users\Bunayya Zulfikar\.m2\repository\com\google\auto\service\auto-service-annotations\1.0.1\auto-service-annotations-1.0.1.jar;C:\Users\Bunayya Zulfikar\.m2\repository\com\google\auto\service\auto-service\1.0.1\auto-service-1.0.1.jar;C:\Users\Bunayya Zulfikar\.m2\repository\com\google\auto\auto-common\1.2\auto-common-1.2.jar;C:\Users\Bunayya Zulfikar\.m2\repository\org\seleniumhq\selenium\selenium-json\4.8.1\selenium-json-4.8.1.jar;C:\Users\Bunayya Zulfikar\.m2\repository\org\seleniumhq\selenium\selenium-chrome-driver\4.8.1\selenium-chrome-driver-4.8.1.jar;C:\Users\Bunayya Zulfikar\.m2\repository\org\seleniumhq\selenium\selenium-chromium-driver\4.8.1\selenium-chromium-driver-4.8.1.jar;C:\Users\Bunayya Zulfikar\.m2\repository\org\seleniumhq\selenium\selenium-firefox-driver\4.8.1\selenium-firefox-driver-4.8.1.jar;C:\Users\Bunayya Zulfikar\.m2\repository\org\seleniumhq\selenium\selenium-http\4.8.1\selenium-http-4.8.1.jar;C:\Users\Bunayya Zulfikar\.m2\repository\dev\failsafe\failsafe\3.3.0\failsafe-3.3.0.jar;C:\Users\Bunayya Zulfikar\.m2\repository\org\seleniumhq\selenium\selenium-edge-driver\4.8.1\selenium-edge-driver-4.8.1.jar;C:\Users\Bunayya Zulfikar\.m2\repository\org\seleniumhq\selenium\selenium-ie-driver\4.8.1\selenium-ie-driver-4.8.1.jar;C:\Users\Bunayya Zulfikar\.m2\repository\org\projectlombok\lombok\1.18.20\lombok-1.18.20.jar;C:\Users\Bunayya Zulfikar\.m2\repository\io\appium\java-client\8.3.0\java-client-8.3.0.jar;C:\Users\Bunayya Zulfikar\.m2\repository\commons-validator\commons-validator\1.7\commons-validator-1.7.jar;C:\Users\Bunayya Zulfikar\.m2\repository\commons-digester\commons-digester\2.1\commons-digester-2.1.jar;C:\Users\Bunayya Zulfikar\.m2\repository\net\sf\opencsv\opencsv\2.0\opencsv-2.0.jar;C:\Users\Bunayya Zulfikar\.m2\repository\commons-beanutils\commons-beanutils\1.9.4\commons-beanutils-1.9.4.jar;C:\Users\Bunayya Zulfikar\.m2\repository\org\apache\commons\commons-lang3\3.12.0\commons-lang3-3.12.0.jar;C:\Users\Bunayya Zulfikar\.m2\repository\commons-collections\commons-collections\3.2.2\commons-collections-3.2.2.jar;C:\Users\Bunayya Zulfikar\.m2\repository\org\fluentlenium\fluentlenium-core\0.10.2\fluentlenium-core-0.10.2.jar;C:\Users\Bunayya Zulfikar\.m2\repository\io\github\bonigarcia\webdrivermanager\5.3.0\webdrivermanager-5.3.0.jar;C:\Users\Bunayya Zulfikar\.m2\repository\com\github\docker-java\docker-java\3.2.13\docker-java-3.2.13.jar;C:\Users\Bunayya Zulfikar\.m2\repository\com\github\docker-java\docker-java-core\3.2.13\docker-java-core-3.2.13.jar;C:\Users\Bunayya Zulfikar\.m2\repository\com\github\docker-java\docker-java-api\3.2.13\docker-java-api-3.2.13.jar;C:\Users\Bunayya Zulfikar\.m2\repository\org\apache\commons\commons-compress\1.21\commons-compress-1.21.jar;C:\Users\Bunayya Zulfikar\.m2\repository\org\bouncycastle\bcpkix-jdk15on\1.64\bcpkix-jdk15on-1.64.jar;C:\Users\Bunayya Zulfikar\.m2\repository\org\bouncycastle\bcprov-jdk15on\1.64\bcprov-jdk15on-1.64.jar;C:\Users\Bunayya Zulfikar\.m2\repository\org\slf4j\jcl-over-slf4j\1.7.30\jcl-over-slf4j-1.7.30.jar;C:\Users\Bunayya Zulfikar\.m2\repository\com\github\docker-java\docker-java-transport-httpclient5\3.2.13\docker-java-transport-httpclient5-3.2.13.jar;C:\Users\Bunayya Zulfikar\.m2\repository\com\github\docker-java\docker-java-transport\3.2.13\docker-java-transport-3.2.13.jar;C:\Users\Bunayya Zulfikar\.m2\repository\net\java\dev\jna\jna\5.8.0\jna-5.8.0.jar;C:\Users\Bunayya Zulfikar\.m2\repository\org\brotli\dec\0.1.2\dec-0.1.2.jar;C:\Users\Bunayya Zulfikar\.m2\repository\org\apache\httpcomponents\client5\httpclient5\5.1.3\httpclient5-5.1.3.jar;C:\Users\Bunayya Zulfikar\.m2\repository\org\apache\httpcomponents\core5\httpcore5\5.1.3\httpcore5-5.1.3.jar;C:\Users\Bunayya Zulfikar\.m2\repository\org\apache\httpcomponents\core5\httpcore5-h2\5.1.3\httpcore5-h2-5.1.3.jar;C:\Users\Bunayya Zulfikar\.m2\repository\com\jhlabs\filters\2.0.235\filters-2.0.235.jar;C:\Users\Bunayya Zulfikar\.m2\repository\com\paulhammant\ngwebdriver\1.1.6\ngwebdriver-1.1.6.jar;C:\Users\Bunayya Zulfikar\.m2\repository\joda-time\joda-time\2.12.2\joda-time-2.12.2.jar;C:\Users\Bunayya Zulfikar\.m2\repository\org\hamcrest\hamcrest\2.2\hamcrest-2.2.jar;C:\Users\Bunayya Zulfikar\.m2\repository\com\google\jimfs\jimfs\1.2\jimfs-1.2.jar;C:\Users\Bunayya Zulfikar\.m2\repository\org\mockito\mockito-core\3.3.3\mockito-core-3.3.3.jar;C:\Users\Bunayya Zulfikar\.m2\repository\javax\xml\bind\jaxb-api\2.3.1\jaxb-api-2.3.1.jar;C:\Users\Bunayya Zulfikar\.m2\repository\javax\activation\javax.activation-api\1.2.0\javax.activation-api-1.2.0.jar;C:\Users\Bunayya Zulfikar\.m2\repository\com\sun\xml\bind\jaxb-core\2.3.0.1\jaxb-core-2.3.0.1.jar;C:\Users\Bunayya Zulfikar\.m2\repository\com\sun\xml\bind\jaxb-impl\2.3.3\jaxb-impl-2.3.3.jar;C:\Users\Bunayya Zulfikar\.m2\repository\jakarta\xml\bind\jakarta.xml.bind-api\2.3.3\jakarta.xml.bind-api-2.3.3.jar;C:\Users\Bunayya Zulfikar\.m2\repository\com\sun\activation\jakarta.activation\1.2.2\jakarta.activation-1.2.2.jar;C:\Users\Bunayya Zulfikar\.m2\repository\javax\activation\activation\1.1.1\activation-1.1.1.jar;C:\Users\Bunayya Zulfikar\.m2\repository\net\serenity-bdd\serenity-cucumber\3.6.21\serenity-cucumber-3.6.21.jar;C:\Users\Bunayya Zulfikar\.m2\repository\io\cucumber\cucumber-core\7.11.0\cucumber-core-7.11.0.jar;C:\Users\Bunayya Zulfikar\.m2\repository\io\cucumber\cucumber-gherkin\7.11.0\cucumber-gherkin-7.11.0.jar;C:\Users\Bunayya Zulfikar\.m2\repository\io\cucumber\cucumber-gherkin-messages\7.11.0\cucumber-gherkin-messages-7.11.0.jar;C:\Users\Bunayya Zulfikar\.m2\repository\io\cucumber\gherkin\26.0.3\gherkin-26.0.3.jar;C:\Users\Bunayya Zulfikar\.m2\repository\io\cucumber\messages\21.0.1\messages-21.0.1.jar;C:\Users\Bunayya Zulfikar\.m2\repository\io\cucumber\tag-expressions\5.0.1\tag-expressions-5.0.1.jar;C:\Users\Bunayya Zulfikar\.m2\repository\io\cucumber\cucumber-expressions\16.1.1\cucumber-expressions-16.1.1.jar;C:\Users\Bunayya Zulfikar\.m2\repository\io\cucumber\datatable\7.11.0\datatable-7.11.0.jar;C:\Users\Bunayya Zulfikar\.m2\repository\io\cucumber\cucumber-plugin\7.11.0\cucumber-plugin-7.11.0.jar;C:\Users\Bunayya Zulfikar\.m2\repository\io\cucumber\docstring\7.11.0\docstring-7.11.0.jar;C:\Users\Bunayya Zulfikar\.m2\repository\io\cucumber\html-formatter\20.2.1\html-formatter-20.2.1.jar;C:\Users\Bunayya Zulfikar\.m2\repository\io\cucumber\junit-xml-formatter\0.1.0\junit-xml-formatter-0.1.0.jar;C:\Users\Bunayya Zulfikar\.m2\repository\io\cucumber\ci-environment\9.1.0\ci-environment-9.1.0.jar;C:\Users\Bunayya Zulfikar\.m2\repository\io\cucumber\cucumber-java\7.11.0\cucumber-java-7.11.0.jar;C:\Users\Bunayya Zulfikar\.m2\repository\io\cucumber\cucumber-junit\7.11.0\cucumber-junit-7.11.0.jar;C:\Users\Bunayya Zulfikar\.m2\repository\org\apache\commons\commons-csv\1.5\commons-csv-1.5.jar;C:\Users\Bunayya Zulfikar\.m2\repository\net\serenity-bdd\serenity-screenplay\3.6.21\serenity-screenplay-3.6.21.jar;C:\Users\Bunayya Zulfikar\.m2\repository\net\serenity-bdd\serenity-screenplay-webdriver\3.6.21\serenity-screenplay-webdriver-3.6.21.jar;C:\Users\Bunayya Zulfikar\.m2\repository\net\serenity-bdd\serenity-ensure\3.6.21\serenity-ensure-3.6.21.jar;C:\Users\Bunayya Zulfikar\.m2\repository\net\serenity-bdd\serenity-junit\3.6.21\serenity-junit-3.6.21.jar;C:\Users\Bunayya Zulfikar\.m2\repository\org\jetbrains\kotlin\kotlin-stdlib\1.8.10\kotlin-stdlib-1.8.10.jar;C:\Users\Bunayya Zulfikar\.m2\repository\org\jetbrains\kotlin\kotlin-stdlib-common\1.8.10\kotlin-stdlib-common-1.8.10.jar;C:\Users\Bunayya Zulfikar\.m2\repository\org\jetbrains\annotations\13.0\annotations-13.0.jar;C:\Users\Bunayya Zulfikar\.m2\repository\org\junit\platform\junit-platform-launcher\1.8.2\junit-platform-launcher-1.8.2.jar;C:\Users\Bunayya Zulfikar\.m2\repository\org\junit\platform\junit-platform-engine\1.8.2\junit-platform-engine-1.8.2.jar;C:\Users\Bunayya Zulfikar\.m2\repository\org\junit\platform\junit-platform-commons\1.8.2\junit-platform-commons-1.8.2.jar;C:\Users\Bunayya Zulfikar\.m2\repository\org\apiguardian\apiguardian-api\1.1.2\apiguardian-api-1.1.2.jar;C:\Users\Bunayya Zulfikar\.m2\repository\org\junit\jupiter\junit-jupiter-engine\5.8.2\junit-jupiter-engine-5.8.2.jar;C:\Users\Bunayya Zulfikar\.m2\repository\org\junit\jupiter\junit-jupiter-api\5.8.2\junit-jupiter-api-5.8.2.jar;C:\Users\Bunayya Zulfikar\.m2\repository\org\junit\vintage\junit-vintage-engine\5.8.2\junit-vintage-engine-5.8.2.jar;C:\Users\Bunayya Zulfikar\.m2\repository\junit\junit\4.13.2\junit-4.13.2.jar;C:\Users\Bunayya Zulfikar\.m2\repository\org\hamcrest\hamcrest-core\1.3\hamcrest-core-1.3.jar;C:\Users\Bunayya Zulfikar\.m2\repository\ch\qos\logback\logback-classic\1.2.10\logback-classic-1.2.10.jar;C:\Users\Bunayya Zulfikar\.m2\repository\ch\qos\logback\logback-core\1.2.10\logback-core-1.2.10.jar;C:\Users\Bunayya Zulfikar\.m2\repository\org\slf4j\slf4j-api\1.7.32\slf4j-api-1.7.32.jar;C:\Users\Bunayya Zulfikar\.m2\repository\org\assertj\assertj-core\3.23.1\assertj-core-3.23.1.jar;C:\Users\Bunayya Zulfikar\.m2\repository\net\bytebuddy\byte-buddy\1.12.10\byte-buddy-1.12.10.jar;C:\Users\Bunayya Zulfikar\.m2\repository\com\googlecode\json-simple\json-simple\1.1.1\json-simple-1.1.1.jar;"/>
    <property name="java.vm.vendor" value="Oracle Corporation"/>
    <property name="sun.arch.data.model" value="64"/>
    <property name="user.variant" value=""/>
    <property name="java.vendor.url" value="https://java.oracle.com/"/>
    <property name="user.timezone" value="Asia/Jakarta"/>
    <property name="os.name" value="Windows 10"/>
    <property name="java.vm.specification.version" value="19"/>
    <property name="sun.java.launcher" value="SUN_STANDARD"/>
    <property name="user.country" value="ID"/>
    <property name="sun.boot.library.path" value="C:\Program Files\Java\jdk-19\bin"/>
    <property name="sun.java.command" value="org.apache.maven.surefire.booter.ForkedBooter C:\Users\Bunayya Zulfikar\AppData\Local\Temp\surefire2788223714411781378 2023-04-16T01-20-57_233-jvmRun1 surefire5446784576685757732tmp surefire_01178820027798854255tmp"/>
    <property name="jdk.debug" value="release"/>
    <property name="surefire.test.class.path" value="D:\Tugas13_REST_Api\target\test-classes;C:\Users\Bunayya Zulfikar\.m2\repository\net\serenity-bdd\serenity-rest-assured\3.6.22\serenity-rest-assured-3.6.22.jar;C:\Users\Bunayya Zulfikar\.m2\repository\org\apache\httpcomponents\httpclient\4.5.13\httpclient-4.5.13.jar;C:\Users\Bunayya Zulfikar\.m2\repository\org\apache\httpcomponents\httpcore\4.4.13\httpcore-4.4.13.jar;C:\Users\Bunayya Zulfikar\.m2\repository\commons-logging\commons-logging\1.2\commons-logging-1.2.jar;C:\Users\Bunayya Zulfikar\.m2\repository\io\rest-assured\rest-assured\5.3.0\rest-assured-5.3.0.jar;C:\Users\Bunayya Zulfikar\.m2\repository\org\apache\httpcomponents\httpmime\4.5.13\httpmime-4.5.13.jar;C:\Users\Bunayya Zulfikar\.m2\repository\org\ccil\cowan\tagsoup\tagsoup\1.2.1\tagsoup-1.2.1.jar;C:\Users\Bunayya Zulfikar\.m2\repository\io\rest-assured\json-path\5.3.0\json-path-5.3.0.jar;C:\Users\Bunayya Zulfikar\.m2\repository\io\rest-assured\rest-assured-common\5.3.0\rest-assured-common-5.3.0.jar;C:\Users\Bunayya Zulfikar\.m2\repository\io\rest-assured\xml-path\5.3.0\xml-path-5.3.0.jar;C:\Users\Bunayya Zulfikar\.m2\repository\org\apache\groovy\groovy-json\4.0.10\groovy-json-4.0.10.jar;C:\Users\Bunayya Zulfikar\.m2\repository\org\apache\groovy\groovy-xml\4.0.10\groovy-xml-4.0.10.jar;C:\Users\Bunayya Zulfikar\.m2\repository\org\apache\groovy\groovy\4.0.10\groovy-4.0.10.jar;C:\Users\Bunayya Zulfikar\.m2\repository\org\opentest4j\opentest4j\1.2.0\opentest4j-1.2.0.jar;C:\Users\Bunayya Zulfikar\.m2\repository\net\serenity-bdd\serenity-core\3.6.21\serenity-core-3.6.21.jar;C:\Users\Bunayya Zulfikar\.m2\repository\net\serenity-bdd\serenity-model\3.6.21\serenity-model-3.6.21.jar;C:\Users\Bunayya Zulfikar\.m2\repository\org\apache\commons\commons-text\1.10.0\commons-text-1.10.0.jar;C:\Users\Bunayya Zulfikar\.m2\repository\commons-net\commons-net\3.9.0\commons-net-3.9.0.jar;C:\Users\Bunayya Zulfikar\.m2\repository\com\google\guava\guava\31.1-jre\guava-31.1-jre.jar;C:\Users\Bunayya Zulfikar\.m2\repository\com\google\guava\failureaccess\1.0.1\failureaccess-1.0.1.jar;C:\Users\Bunayya Zulfikar\.m2\repository\com\google\guava\listenablefuture\9999.0-empty-to-avoid-conflict-with-guava\listenablefuture-9999.0-empty-to-avoid-conflict-with-guava.jar;C:\Users\Bunayya Zulfikar\.m2\repository\com\google\code\findbugs\jsr305\3.0.2\jsr305-3.0.2.jar;C:\Users\Bunayya Zulfikar\.m2\repository\org\checkerframework\checker-qual\3.12.0\checker-qual-3.12.0.jar;C:\Users\Bunayya Zulfikar\.m2\repository\com\google\errorprone\error_prone_annotations\2.11.0\error_prone_annotations-2.11.0.jar;C:\Users\Bunayya Zulfikar\.m2\repository\com\google\j2objc\j2objc-annotations\1.3\j2objc-annotations-1.3.jar;C:\Users\Bunayya Zulfikar\.m2\repository\com\google\inject\guice\5.1.0\guice-5.1.0.jar;C:\Users\Bunayya Zulfikar\.m2\repository\javax\inject\javax.inject\1\javax.inject-1.jar;C:\Users\Bunayya Zulfikar\.m2\repository\aopalliance\aopalliance\1.0\aopalliance-1.0.jar;C:\Users\Bunayya Zulfikar\.m2\repository\org\jsoup\jsoup\1.14.3\jsoup-1.14.3.jar;C:\Users\Bunayya Zulfikar\.m2\repository\com\thoughtworks\xstream\xstream\1.4.20\xstream-1.4.20.jar;C:\Users\Bunayya Zulfikar\.m2\repository\io\github\x-stream\mxparser\1.2.2\mxparser-1.2.2.jar;C:\Users\Bunayya Zulfikar\.m2\repository\xmlpull\xmlpull\1.1.3.1\xmlpull-1.1.3.1.jar;C:\Users\Bunayya Zulfikar\.m2\repository\com\typesafe\config\1.4.2\config-1.4.2.jar;C:\Users\Bunayya Zulfikar\.m2\repository\org\imgscalr\imgscalr-lib\4.2\imgscalr-lib-4.2.jar;C:\Users\Bunayya Zulfikar\.m2\repository\org\awaitility\awaitility\4.2.0\awaitility-4.2.0.jar;C:\Users\Bunayya Zulfikar\.m2\repository\org\freemarker\freemarker\2.3.31\freemarker-2.3.31.jar;C:\Users\Bunayya Zulfikar\.m2\repository\io\github\classgraph\classgraph\4.8.138\classgraph-4.8.138.jar;C:\Users\Bunayya Zulfikar\.m2\repository\net\sourceforge\jexcelapi\jxl\2.6.12\jxl-2.6.12.jar;C:\Users\Bunayya Zulfikar\.m2\repository\net\bytebuddy\byte-buddy-agent\1.14.2\byte-buddy-agent-1.14.2.jar;C:\Users\Bunayya Zulfikar\.m2\repository\org\objenesis\objenesis\3.3\objenesis-3.3.jar;C:\Users\Bunayya Zulfikar\.m2\repository\net\serenity-bdd\serenity-reports\3.6.21\serenity-reports-3.6.21.jar;C:\Users\Bunayya Zulfikar\.m2\repository\net\serenity-bdd\serenity-stats\3.6.21\serenity-stats-3.6.21.jar;C:\Users\Bunayya Zulfikar\.m2\repository\net\serenity-bdd\serenity-reports-configuration\3.6.21\serenity-reports-configuration-3.6.21.jar;C:\Users\Bunayya Zulfikar\.m2\repository\com\vladsch\flexmark\flexmark-all\0.62.2\flexmark-all-0.62.2.jar;C:\Users\Bunayya Zulfikar\.m2\repository\com\vladsch\flexmark\flexmark\0.62.2\flexmark-0.62.2.jar;C:\Users\Bunayya Zulfikar\.m2\repository\com\vladsch\flexmark\flexmark-ext-abbreviation\0.62.2\flexmark-ext-abbreviation-0.62.2.jar;C:\Users\Bunayya Zulfikar\.m2\repository\com\vladsch\flexmark\flexmark-util\0.62.2\flexmark-util-0.62.2.jar;C:\Users\Bunayya Zulfikar\.m2\repository\com\vladsch\flexmark\flexmark-ext-admonition\0.62.2\flexmark-ext-admonition-0.62.2.jar;C:\Users\Bunayya Zulfikar\.m2\repository\com\vladsch\flexmark\flexmark-ext-anchorlink\0.62.2\flexmark-ext-anchorlink-0.62.2.jar;C:\Users\Bunayya Zulfikar\.m2\repository\com\vladsch\flexmark\flexmark-ext-aside\0.62.2\flexmark-ext-aside-0.62.2.jar;C:\Users\Bunayya Zulfikar\.m2\repository\com\vladsch\flexmark\flexmark-ext-attributes\0.62.2\flexmark-ext-attributes-0.62.2.jar;C:\Users\Bunayya Zulfikar\.m2\repository\com\vladsch\flexmark\flexmark-ext-autolink\0.62.2\flexmark-ext-autolink-0.62.2.jar;C:\Users\Bunayya Zulfikar\.m2\repository\org\nibor\autolink\autolink\0.6.0\autolink-0.6.0.jar;C:\Users\Bunayya Zulfikar\.m2\repository\com\vladsch\flexmark\flexmark-ext-definition\0.62.2\flexmark-ext-definition-0.62.2.jar;C:\Users\Bunayya Zulfikar\.m2\repository\com\vladsch\flexmark\flexmark-ext-emoji\0.62.2\flexmark-ext-emoji-0.62.2.jar;C:\Users\Bunayya Zulfikar\.m2\repository\com\vladsch\flexmark\flexmark-ext-enumerated-reference\0.62.2\flexmark-ext-enumerated-reference-0.62.2.jar;C:\Users\Bunayya Zulfikar\.m2\repository\com\vladsch\flexmark\flexmark-ext-escaped-character\0.62.2\flexmark-ext-escaped-character-0.62.2.jar;C:\Users\Bunayya Zulfikar\.m2\repository\com\vladsch\flexmark\flexmark-ext-footnotes\0.62.2\flexmark-ext-footnotes-0.62.2.jar;C:\Users\Bunayya Zulfikar\.m2\repository\com\vladsch\flexmark\flexmark-ext-gfm-issues\0.62.2\flexmark-ext-gfm-issues-0.62.2.jar;C:\Users\Bunayya Zulfikar\.m2\repository\com\vladsch\flexmark\flexmark-ext-gfm-strikethrough\0.62.2\flexmark-ext-gfm-strikethrough-0.62.2.jar;C:\Users\Bunayya Zulfikar\.m2\repository\com\vladsch\flexmark\flexmark-ext-gfm-tasklist\0.62.2\flexmark-ext-gfm-tasklist-0.62.2.jar;C:\Users\Bunayya Zulfikar\.m2\repository\com\vladsch\flexmark\flexmark-ext-gfm-users\0.62.2\flexmark-ext-gfm-users-0.62.2.jar;C:\Users\Bunayya Zulfikar\.m2\repository\com\vladsch\flexmark\flexmark-ext-gitlab\0.62.2\flexmark-ext-gitlab-0.62.2.jar;C:\Users\Bunayya Zulfikar\.m2\repository\com\vladsch\flexmark\flexmark-ext-jekyll-front-matter\0.62.2\flexmark-ext-jekyll-front-matter-0.62.2.jar;C:\Users\Bunayya Zulfikar\.m2\repository\com\vladsch\flexmark\flexmark-ext-jekyll-tag\0.62.2\flexmark-ext-jekyll-tag-0.62.2.jar;C:\Users\Bunayya Zulfikar\.m2\repository\com\vladsch\flexmark\flexmark-ext-media-tags\0.62.2\flexmark-ext-media-tags-0.62.2.jar;C:\Users\Bunayya Zulfikar\.m2\repository\com\vladsch\flexmark\flexmark-ext-macros\0.62.2\flexmark-ext-macros-0.62.2.jar;C:\Users\Bunayya Zulfikar\.m2\repository\com\vladsch\flexmark\flexmark-ext-ins\0.62.2\flexmark-ext-ins-0.62.2.jar;C:\Users\Bunayya Zulfikar\.m2\repository\com\vladsch\flexmark\flexmark-ext-xwiki-macros\0.62.2\flexmark-ext-xwiki-macros-0.62.2.jar;C:\Users\Bunayya Zulfikar\.m2\repository\com\vladsch\flexmark\flexmark-ext-superscript\0.62.2\flexmark-ext-superscript-0.62.2.jar;C:\Users\Bunayya Zulfikar\.m2\repository\com\vladsch\flexmark\flexmark-ext-tables\0.62.2\flexmark-ext-tables-0.62.2.jar;C:\Users\Bunayya Zulfikar\.m2\repository\com\vladsch\flexmark\flexmark-ext-toc\0.62.2\flexmark-ext-toc-0.62.2.jar;C:\Users\Bunayya Zulfikar\.m2\repository\com\vladsch\flexmark\flexmark-ext-typographic\0.62.2\flexmark-ext-typographic-0.62.2.jar;C:\Users\Bunayya Zulfikar\.m2\repository\com\vladsch\flexmark\flexmark-ext-wikilink\0.62.2\flexmark-ext-wikilink-0.62.2.jar;C:\Users\Bunayya Zulfikar\.m2\repository\com\vladsch\flexmark\flexmark-ext-yaml-front-matter\0.62.2\flexmark-ext-yaml-front-matter-0.62.2.jar;C:\Users\Bunayya Zulfikar\.m2\repository\com\vladsch\flexmark\flexmark-ext-youtube-embedded\0.62.2\flexmark-ext-youtube-embedded-0.62.2.jar;C:\Users\Bunayya Zulfikar\.m2\repository\com\vladsch\flexmark\flexmark-html2md-converter\0.62.2\flexmark-html2md-converter-0.62.2.jar;C:\Users\Bunayya Zulfikar\.m2\repository\com\vladsch\flexmark\flexmark-jira-converter\0.62.2\flexmark-jira-converter-0.62.2.jar;C:\Users\Bunayya Zulfikar\.m2\repository\com\vladsch\flexmark\flexmark-pdf-converter\0.62.2\flexmark-pdf-converter-0.62.2.jar;C:\Users\Bunayya Zulfikar\.m2\repository\com\openhtmltopdf\openhtmltopdf-core\1.0.0\openhtmltopdf-core-1.0.0.jar;C:\Users\Bunayya Zulfikar\.m2\repository\com\openhtmltopdf\openhtmltopdf-pdfbox\1.0.0\openhtmltopdf-pdfbox-1.0.0.jar;C:\Users\Bunayya Zulfikar\.m2\repository\org\apache\pdfbox\pdfbox\2.0.16\pdfbox-2.0.16.jar;C:\Users\Bunayya Zulfikar\.m2\repository\org\apache\pdfbox\fontbox\2.0.16\fontbox-2.0.16.jar;C:\Users\Bunayya Zulfikar\.m2\repository\org\apache\pdfbox\xmpbox\2.0.16\xmpbox-2.0.16.jar;C:\Users\Bunayya Zulfikar\.m2\repository\de\rototor\pdfbox\graphics2d\0.24\graphics2d-0.24.jar;C:\Users\Bunayya Zulfikar\.m2\repository\com\openhtmltopdf\openhtmltopdf-rtl-support\1.0.0\openhtmltopdf-rtl-support-1.0.0.jar;C:\Users\Bunayya Zulfikar\.m2\repository\com\openhtmltopdf\openhtmltopdf-jsoup-dom-converter\1.0.0\openhtmltopdf-jsoup-dom-converter-1.0.0.jar;C:\Users\Bunayya Zulfikar\.m2\repository\com\vladsch\flexmark\flexmark-profile-pegdown\0.62.2\flexmark-profile-pegdown-0.62.2.jar;C:\Users\Bunayya Zulfikar\.m2\repository\com\vladsch\flexmark\flexmark-util-ast\0.62.2\flexmark-util-ast-0.62.2.jar;C:\Users\Bunayya Zulfikar\.m2\repository\com\vladsch\flexmark\flexmark-util-builder\0.62.2\flexmark-util-builder-0.62.2.jar;C:\Users\Bunayya Zulfikar\.m2\repository\com\vladsch\flexmark\flexmark-util-collection\0.62.2\flexmark-util-collection-0.62.2.jar;C:\Users\Bunayya Zulfikar\.m2\repository\com\vladsch\flexmark\flexmark-util-data\0.62.2\flexmark-util-data-0.62.2.jar;C:\Users\Bunayya Zulfikar\.m2\repository\com\vladsch\flexmark\flexmark-util-dependency\0.62.2\flexmark-util-dependency-0.62.2.jar;C:\Users\Bunayya Zulfikar\.m2\repository\com\vladsch\flexmark\flexmark-util-format\0.62.2\flexmark-util-format-0.62.2.jar;C:\Users\Bunayya Zulfikar\.m2\repository\com\vladsch\flexmark\flexmark-util-html\0.62.2\flexmark-util-html-0.62.2.jar;C:\Users\Bunayya Zulfikar\.m2\repository\com\vladsch\flexmark\flexmark-util-misc\0.62.2\flexmark-util-misc-0.62.2.jar;C:\Users\Bunayya Zulfikar\.m2\repository\com\vladsch\flexmark\flexmark-util-options\0.62.2\flexmark-util-options-0.62.2.jar;C:\Users\Bunayya Zulfikar\.m2\repository\com\vladsch\flexmark\flexmark-util-sequence\0.62.2\flexmark-util-sequence-0.62.2.jar;C:\Users\Bunayya Zulfikar\.m2\repository\com\vladsch\flexmark\flexmark-util-visitor\0.62.2\flexmark-util-visitor-0.62.2.jar;C:\Users\Bunayya Zulfikar\.m2\repository\com\vladsch\flexmark\flexmark-youtrack-converter\0.62.2\flexmark-youtrack-converter-0.62.2.jar;C:\Users\Bunayya Zulfikar\.m2\repository\com\ibm\icu\icu4j\72.1\icu4j-72.1.jar;C:\Users\Bunayya Zulfikar\.m2\repository\es\nitaur\markdown\txtmark\0.16\txtmark-0.16.jar;C:\Users\Bunayya Zulfikar\.m2\repository\net\serenity-bdd\serenity-report-resources\3.6.21\serenity-report-resources-3.6.21.jar;C:\Users\Bunayya Zulfikar\.m2\repository\com\google\code\gson\gson\2.10.1\gson-2.10.1.jar;C:\Users\Bunayya Zulfikar\.m2\repository\com\fasterxml\jackson\core\jackson-core\2.15.0-rc1\jackson-core-2.15.0-rc1.jar;C:\Users\Bunayya Zulfikar\.m2\repository\com\fasterxml\jackson\core\jackson-databind\2.15.0-rc1\jackson-databind-2.15.0-rc1.jar;C:\Users\Bunayya Zulfikar\.m2\repository\com\fasterxml\jackson\core\jackson-annotations\2.15.0-rc1\jackson-annotations-2.15.0-rc1.jar;C:\Users\Bunayya Zulfikar\.m2\repository\commons-codec\commons-codec\1.15\commons-codec-1.15.jar;C:\Users\Bunayya Zulfikar\.m2\repository\commons-io\commons-io\2.11.0\commons-io-2.11.0.jar;C:\Users\Bunayya Zulfikar\.m2\repository\org\seleniumhq\selenium\selenium-java\4.8.1\selenium-java-4.8.1.jar;C:\Users\Bunayya Zulfikar\.m2\repository\org\seleniumhq\selenium\selenium-devtools-v108\4.8.1\selenium-devtools-v108-4.8.1.jar;C:\Users\Bunayya Zulfikar\.m2\repository\org\seleniumhq\selenium\selenium-devtools-v109\4.8.1\selenium-devtools-v109-4.8.1.jar;C:\Users\Bunayya Zulfikar\.m2\repository\org\seleniumhq\selenium\selenium-devtools-v110\4.8.1\selenium-devtools-v110-4.8.1.jar;C:\Users\Bunayya Zulfikar\.m2\repository\org\seleniumhq\selenium\selenium-devtools-v85\4.8.1\selenium-devtools-v85-4.8.1.jar;C:\Users\Bunayya Zulfikar\.m2\repository\org\seleniumhq\selenium\selenium-remote-driver\4.8.1\selenium-remote-driver-4.8.1.jar;C:\Users\Bunayya Zulfikar\.m2\repository\com\beust\jcommander\1.82\jcommander-1.82.jar;C:\Users\Bunayya Zulfikar\.m2\repository\io\netty\netty-buffer\4.1.87.Final\netty-buffer-4.1.87.Final.jar;C:\Users\Bunayya Zulfikar\.m2\repository\io\netty\netty-codec-http\4.1.87.Final\netty-codec-http-4.1.87.Final.jar;C:\Users\Bunayya Zulfikar\.m2\repository\io\netty\netty-codec\4.1.87.Final\netty-codec-4.1.87.Final.jar;C:\Users\Bunayya Zulfikar\.m2\repository\io\netty\netty-handler\4.1.87.Final\netty-handler-4.1.87.Final.jar;C:\Users\Bunayya Zulfikar\.m2\repository\io\netty\netty-common\4.1.87.Final\netty-common-4.1.87.Final.jar;C:\Users\Bunayya Zulfikar\.m2\repository\io\netty\netty-transport-classes-epoll\4.1.87.Final\netty-transport-classes-epoll-4.1.87.Final.jar;C:\Users\Bunayya Zulfikar\.m2\repository\io\netty\netty-transport-classes-kqueue\4.1.87.Final\netty-transport-classes-kqueue-4.1.87.Final.jar;C:\Users\Bunayya Zulfikar\.m2\repository\io\netty\netty-transport-native-epoll\4.1.87.Final\netty-transport-native-epoll-4.1.87.Final.jar;C:\Users\Bunayya Zulfikar\.m2\repository\io\netty\netty-transport-native-kqueue\4.1.87.Final\netty-transport-native-kqueue-4.1.87.Final.jar;C:\Users\Bunayya Zulfikar\.m2\repository\io\netty\netty-transport-native-unix-common\4.1.87.Final\netty-transport-native-unix-common-4.1.87.Final.jar;C:\Users\Bunayya Zulfikar\.m2\repository\io\netty\netty-transport\4.1.87.Final\netty-transport-4.1.87.Final.jar;C:\Users\Bunayya Zulfikar\.m2\repository\io\netty\netty-resolver\4.1.87.Final\netty-resolver-4.1.87.Final.jar;C:\Users\Bunayya Zulfikar\.m2\repository\io\opentelemetry\opentelemetry-api\1.22.0\opentelemetry-api-1.22.0.jar;C:\Users\Bunayya Zulfikar\.m2\repository\io\opentelemetry\opentelemetry-context\1.22.0\opentelemetry-context-1.22.0.jar;C:\Users\Bunayya Zulfikar\.m2\repository\io\opentelemetry\opentelemetry-exporter-logging\1.22.0\opentelemetry-exporter-logging-1.22.0.jar;C:\Users\Bunayya Zulfikar\.m2\repository\io\opentelemetry\opentelemetry-sdk-metrics\1.22.0\opentelemetry-sdk-metrics-1.22.0.jar;C:\Users\Bunayya Zulfikar\.m2\repository\io\opentelemetry\opentelemetry-sdk-logs\1.22.0-alpha\opentelemetry-sdk-logs-1.22.0-alpha.jar;C:\Users\Bunayya Zulfikar\.m2\repository\io\opentelemetry\opentelemetry-api-logs\1.22.0-alpha\opentelemetry-api-logs-1.22.0-alpha.jar;C:\Users\Bunayya Zulfikar\.m2\repository\io\opentelemetry\opentelemetry-sdk-common\1.22.0\opentelemetry-sdk-common-1.22.0.jar;C:\Users\Bunayya Zulfikar\.m2\repository\io\opentelemetry\opentelemetry-sdk-extension-autoconfigure-spi\1.22.0\opentelemetry-sdk-extension-autoconfigure-spi-1.22.0.jar;C:\Users\Bunayya Zulfikar\.m2\repository\io\opentelemetry\opentelemetry-sdk-extension-autoconfigure\1.22.0-alpha\opentelemetry-sdk-extension-autoconfigure-1.22.0-alpha.jar;C:\Users\Bunayya Zulfikar\.m2\repository\io\opentelemetry\opentelemetry-sdk-trace\1.22.0\opentelemetry-sdk-trace-1.22.0.jar;C:\Users\Bunayya Zulfikar\.m2\repository\io\opentelemetry\opentelemetry-sdk\1.22.0\opentelemetry-sdk-1.22.0.jar;C:\Users\Bunayya Zulfikar\.m2\repository\io\opentelemetry\opentelemetry-semconv\1.22.0-alpha\opentelemetry-semconv-1.22.0-alpha.jar;C:\Users\Bunayya Zulfikar\.m2\repository\io\ous\jtoml\2.0.0\jtoml-2.0.0.jar;C:\Users\Bunayya Zulfikar\.m2\repository\org\apache\commons\commons-exec\1.3\commons-exec-1.3.jar;C:\Users\Bunayya Zulfikar\.m2\repository\org\asynchttpclient\async-http-client\2.12.3\async-http-client-2.12.3.jar;C:\Users\Bunayya Zulfikar\.m2\repository\org\asynchttpclient\async-http-client-netty-utils\2.12.3\async-http-client-netty-utils-2.12.3.jar;C:\Users\Bunayya Zulfikar\.m2\repository\io\netty\netty-codec-socks\4.1.60.Final\netty-codec-socks-4.1.60.Final.jar;C:\Users\Bunayya Zulfikar\.m2\repository\io\netty\netty-handler-proxy\4.1.60.Final\netty-handler-proxy-4.1.60.Final.jar;C:\Users\Bunayya Zulfikar\.m2\repository\io\netty\netty-transport-native-epoll\4.1.60.Final\netty-transport-native-epoll-4.1.60.Final-linux-x86_64.jar;C:\Users\Bunayya Zulfikar\.m2\repository\io\netty\netty-transport-native-kqueue\4.1.60.Final\netty-transport-native-kqueue-4.1.60.Final-osx-x86_64.jar;C:\Users\Bunayya Zulfikar\.m2\repository\org\reactivestreams\reactive-streams\1.0.3\reactive-streams-1.0.3.jar;C:\Users\Bunayya Zulfikar\.m2\repository\com\typesafe\netty\netty-reactive-streams\2.0.4\netty-reactive-streams-2.0.4.jar;C:\Users\Bunayya Zulfikar\.m2\repository\org\seleniumhq\selenium\selenium-manager\4.8.1\selenium-manager-4.8.1.jar;C:\Users\Bunayya Zulfikar\.m2\repository\org\seleniumhq\selenium\selenium-safari-driver\4.8.1\selenium-safari-driver-4.8.1.jar;C:\Users\Bunayya Zulfikar\.m2\repository\org\seleniumhq\selenium\selenium-api\4.8.1\selenium-api-4.8.1.jar;C:\Users\Bunayya Zulfikar\.m2\repository\org\seleniumhq\selenium\selenium-support\4.8.1\selenium-support-4.8.1.jar;C:\Users\Bunayya Zulfikar\.m2\repository\com\google\auto\service\auto-service-annotations\1.0.1\auto-service-annotations-1.0.1.jar;C:\Users\Bunayya Zulfikar\.m2\repository\com\google\auto\service\auto-service\1.0.1\auto-service-1.0.1.jar;C:\Users\Bunayya Zulfikar\.m2\repository\com\google\auto\auto-common\1.2\auto-common-1.2.jar;C:\Users\Bunayya Zulfikar\.m2\repository\org\seleniumhq\selenium\selenium-json\4.8.1\selenium-json-4.8.1.jar;C:\Users\Bunayya Zulfikar\.m2\repository\org\seleniumhq\selenium\selenium-chrome-driver\4.8.1\selenium-chrome-driver-4.8.1.jar;C:\Users\Bunayya Zulfikar\.m2\repository\org\seleniumhq\selenium\selenium-chromium-driver\4.8.1\selenium-chromium-driver-4.8.1.jar;C:\Users\Bunayya Zulfikar\.m2\repository\org\seleniumhq\selenium\selenium-firefox-driver\4.8.1\selenium-firefox-driver-4.8.1.jar;C:\Users\Bunayya Zulfikar\.m2\repository\org\seleniumhq\selenium\selenium-http\4.8.1\selenium-http-4.8.1.jar;C:\Users\Bunayya Zulfikar\.m2\repository\dev\failsafe\failsafe\3.3.0\failsafe-3.3.0.jar;C:\Users\Bunayya Zulfikar\.m2\repository\org\seleniumhq\selenium\selenium-edge-driver\4.8.1\selenium-edge-driver-4.8.1.jar;C:\Users\Bunayya Zulfikar\.m2\repository\org\seleniumhq\selenium\selenium-ie-driver\4.8.1\selenium-ie-driver-4.8.1.jar;C:\Users\Bunayya Zulfikar\.m2\repository\org\projectlombok\lombok\1.18.20\lombok-1.18.20.jar;C:\Users\Bunayya Zulfikar\.m2\repository\io\appium\java-client\8.3.0\java-client-8.3.0.jar;C:\Users\Bunayya Zulfikar\.m2\repository\commons-validator\commons-validator\1.7\commons-validator-1.7.jar;C:\Users\Bunayya Zulfikar\.m2\repository\commons-digester\commons-digester\2.1\commons-digester-2.1.jar;C:\Users\Bunayya Zulfikar\.m2\repository\net\sf\opencsv\opencsv\2.0\opencsv-2.0.jar;C:\Users\Bunayya Zulfikar\.m2\repository\commons-beanutils\commons-beanutils\1.9.4\commons-beanutils-1.9.4.jar;C:\Users\Bunayya Zulfikar\.m2\repository\org\apache\commons\commons-lang3\3.12.0\commons-lang3-3.12.0.jar;C:\Users\Bunayya Zulfikar\.m2\repository\commons-collections\commons-collections\3.2.2\commons-collections-3.2.2.jar;C:\Users\Bunayya Zulfikar\.m2\repository\org\fluentlenium\fluentlenium-core\0.10.2\fluentlenium-core-0.10.2.jar;C:\Users\Bunayya Zulfikar\.m2\repository\io\github\bonigarcia\webdrivermanager\5.3.0\webdrivermanager-5.3.0.jar;C:\Users\Bunayya Zulfikar\.m2\repository\com\github\docker-java\docker-java\3.2.13\docker-java-3.2.13.jar;C:\Users\Bunayya Zulfikar\.m2\repository\com\github\docker-java\docker-java-core\3.2.13\docker-java-core-3.2.13.jar;C:\Users\Bunayya Zulfikar\.m2\repository\com\github\docker-java\docker-java-api\3.2.13\docker-java-api-3.2.13.jar;C:\Users\Bunayya Zulfikar\.m2\repository\org\apache\commons\commons-compress\1.21\commons-compress-1.21.jar;C:\Users\Bunayya Zulfikar\.m2\repository\org\bouncycastle\bcpkix-jdk15on\1.64\bcpkix-jdk15on-1.64.jar;C:\Users\Bunayya Zulfikar\.m2\repository\org\bouncycastle\bcprov-jdk15on\1.64\bcprov-jdk15on-1.64.jar;C:\Users\Bunayya Zulfikar\.m2\repository\org\slf4j\jcl-over-slf4j\1.7.30\jcl-over-slf4j-1.7.30.jar;C:\Users\Bunayya Zulfikar\.m2\repository\com\github\docker-java\docker-java-transport-httpclient5\3.2.13\docker-java-transport-httpclient5-3.2.13.jar;C:\Users\Bunayya Zulfikar\.m2\repository\com\github\docker-java\docker-java-transport\3.2.13\docker-java-transport-3.2.13.jar;C:\Users\Bunayya Zulfikar\.m2\repository\net\java\dev\jna\jna\5.8.0\jna-5.8.0.jar;C:\Users\Bunayya Zulfikar\.m2\repository\org\brotli\dec\0.1.2\dec-0.1.2.jar;C:\Users\Bunayya Zulfikar\.m2\repository\org\apache\httpcomponents\client5\httpclient5\5.1.3\httpclient5-5.1.3.jar;C:\Users\Bunayya Zulfikar\.m2\repository\org\apache\httpcomponents\core5\httpcore5\5.1.3\httpcore5-5.1.3.jar;C:\Users\Bunayya Zulfikar\.m2\repository\org\apache\httpcomponents\core5\httpcore5-h2\5.1.3\httpcore5-h2-5.1.3.jar;C:\Users\Bunayya Zulfikar\.m2\repository\com\jhlabs\filters\2.0.235\filters-2.0.235.jar;C:\Users\Bunayya Zulfikar\.m2\repository\com\paulhammant\ngwebdriver\1.1.6\ngwebdriver-1.1.6.jar;C:\Users\Bunayya Zulfikar\.m2\repository\joda-time\joda-time\2.12.2\joda-time-2.12.2.jar;C:\Users\Bunayya Zulfikar\.m2\repository\org\hamcrest\hamcrest\2.2\hamcrest-2.2.jar;C:\Users\Bunayya Zulfikar\.m2\repository\com\google\jimfs\jimfs\1.2\jimfs-1.2.jar;C:\Users\Bunayya Zulfikar\.m2\repository\org\mockito\mockito-core\3.3.3\mockito-core-3.3.3.jar;C:\Users\Bunayya Zulfikar\.m2\repository\javax\xml\bind\jaxb-api\2.3.1\jaxb-api-2.3.1.jar;C:\Users\Bunayya Zulfikar\.m2\repository\javax\activation\javax.activation-api\1.2.0\javax.activation-api-1.2.0.jar;C:\Users\Bunayya Zulfikar\.m2\repository\com\sun\xml\bind\jaxb-core\2.3.0.1\jaxb-core-2.3.0.1.jar;C:\Users\Bunayya Zulfikar\.m2\repository\com\sun\xml\bind\jaxb-impl\2.3.3\jaxb-impl-2.3.3.jar;C:\Users\Bunayya Zulfikar\.m2\repository\jakarta\xml\bind\jakarta.xml.bind-api\2.3.3\jakarta.xml.bind-api-2.3.3.jar;C:\Users\Bunayya Zulfikar\.m2\repository\com\sun\activation\jakarta.activation\1.2.2\jakarta.activation-1.2.2.jar;C:\Users\Bunayya Zulfikar\.m2\repository\javax\activation\activation\1.1.1\activation-1.1.1.jar;C:\Users\Bunayya Zulfikar\.m2\repository\net\serenity-bdd\serenity-cucumber\3.6.21\serenity-cucumber-3.6.21.jar;C:\Users\Bunayya Zulfikar\.m2\repository\io\cucumber\cucumber-core\7.11.0\cucumber-core-7.11.0.jar;C:\Users\Bunayya Zulfikar\.m2\repository\io\cucumber\cucumber-gherkin\7.11.0\cucumber-gherkin-7.11.0.jar;C:\Users\Bunayya Zulfikar\.m2\repository\io\cucumber\cucumber-gherkin-messages\7.11.0\cucumber-gherkin-messages-7.11.0.jar;C:\Users\Bunayya Zulfikar\.m2\repository\io\cucumber\gherkin\26.0.3\gherkin-26.0.3.jar;C:\Users\Bunayya Zulfikar\.m2\repository\io\cucumber\messages\21.0.1\messages-21.0.1.jar;C:\Users\Bunayya Zulfikar\.m2\repository\io\cucumber\tag-expressions\5.0.1\tag-expressions-5.0.1.jar;C:\Users\Bunayya Zulfikar\.m2\repository\io\cucumber\cucumber-expressions\16.1.1\cucumber-expressions-16.1.1.jar;C:\Users\Bunayya Zulfikar\.m2\repository\io\cucumber\datatable\7.11.0\datatable-7.11.0.jar;C:\Users\Bunayya Zulfikar\.m2\repository\io\cucumber\cucumber-plugin\7.11.0\cucumber-plugin-7.11.0.jar;C:\Users\Bunayya Zulfikar\.m2\repository\io\cucumber\docstring\7.11.0\docstring-7.11.0.jar;C:\Users\Bunayya Zulfikar\.m2\repository\io\cucumber\html-formatter\20.2.1\html-formatter-20.2.1.jar;C:\Users\Bunayya Zulfikar\.m2\repository\io\cucumber\junit-xml-formatter\0.1.0\junit-xml-formatter-0.1.0.jar;C:\Users\Bunayya Zulfikar\.m2\repository\io\cucumber\ci-environment\9.1.0\ci-environment-9.1.0.jar;C:\Users\Bunayya Zulfikar\.m2\repository\io\cucumber\cucumber-java\7.11.0\cucumber-java-7.11.0.jar;C:\Users\Bunayya Zulfikar\.m2\repository\io\cucumber\cucumber-junit\7.11.0\cucumber-junit-7.11.0.jar;C:\Users\Bunayya Zulfikar\.m2\repository\org\apache\commons\commons-csv\1.5\commons-csv-1.5.jar;C:\Users\Bunayya Zulfikar\.m2\repository\net\serenity-bdd\serenity-screenplay\3.6.21\serenity-screenplay-3.6.21.jar;C:\Users\Bunayya Zulfikar\.m2\repository\net\serenity-bdd\serenity-screenplay-webdriver\3.6.21\serenity-screenplay-webdriver-3.6.21.jar;C:\Users\Bunayya Zulfikar\.m2\repository\net\serenity-bdd\serenity-ensure\3.6.21\serenity-ensure-3.6.21.jar;C:\Users\Bunayya Zulfikar\.m2\repository\net\serenity-bdd\serenity-junit\3.6.21\serenity-junit-3.6.21.jar;C:\Users\Bunayya Zulfikar\.m2\repository\org\jetbrains\kotlin\kotlin-stdlib\1.8.10\kotlin-stdlib-1.8.10.jar;C:\Users\Bunayya Zulfikar\.m2\repository\org\jetbrains\kotlin\kotlin-stdlib-common\1.8.10\kotlin-stdlib-common-1.8.10.jar;C:\Users\Bunayya Zulfikar\.m2\repository\org\jetbrains\annotations\13.0\annotations-13.0.jar;C:\Users\Bunayya Zulfikar\.m2\repository\org\junit\platform\junit-platform-launcher\1.8.2\junit-platform-launcher-1.8.2.jar;C:\Users\Bunayya Zulfikar\.m2\repository\org\junit\platform\junit-platform-engine\1.8.2\junit-platform-engine-1.8.2.jar;C:\Users\Bunayya Zulfikar\.m2\repository\org\junit\platform\junit-platform-commons\1.8.2\junit-platform-commons-1.8.2.jar;C:\Users\Bunayya Zulfikar\.m2\repository\org\apiguardian\apiguardian-api\1.1.2\apiguardian-api-1.1.2.jar;C:\Users\Bunayya Zulfikar\.m2\repository\org\junit\jupiter\junit-jupiter-engine\5.8.2\junit-jupiter-engine-5.8.2.jar;C:\Users\Bunayya Zulfikar\.m2\repository\org\junit\jupiter\junit-jupiter-api\5.8.2\junit-jupiter-api-5.8.2.jar;C:\Users\Bunayya Zulfikar\.m2\repository\org\junit\vintage\junit-vintage-engine\5.8.2\junit-vintage-engine-5.8.2.jar;C:\Users\Bunayya Zulfikar\.m2\repository\junit\junit\4.13.2\junit-4.13.2.jar;C:\Users\Bunayya Zulfikar\.m2\repository\org\hamcrest\hamcrest-core\1.3\hamcrest-core-1.3.jar;C:\Users\Bunayya Zulfikar\.m2\repository\ch\qos\logback\logback-classic\1.2.10\logback-classic-1.2.10.jar;C:\Users\Bunayya Zulfikar\.m2\repository\ch\qos\logback\logback-core\1.2.10\logback-core-1.2.10.jar;C:\Users\Bunayya Zulfikar\.m2\repository\org\slf4j\slf4j-api\1.7.32\slf4j-api-1.7.32.jar;C:\Users\Bunayya Zulfikar\.m2\repository\org\assertj\assertj-core\3.23.1\assertj-core-3.23.1.jar;C:\Users\Bunayya Zulfikar\.m2\repository\net\bytebuddy\byte-buddy\1.12.10\byte-buddy-1.12.10.jar;C:\Users\Bunayya Zulfikar\.m2\repository\com\googlecode\json-simple\json-simple\1.1.1\json-simple-1.1.1.jar;"/>
    <property name="sun.cpu.endian" value="little"/>
    <property name="user.home" value="C:\Users\Bunayya Zulfikar"/>
    <property name="user.language" value="en"/>
    <property name="java.specification.vendor" value="Oracle Corporation"/>
    <property name="jdk.module.path" value="D:\Tugas13_REST_Api\target\webUIserenity-1.0-SNAPSHOT.jar"/>
    <property name="java.version.date" value="2023-01-17"/>
    <property name="java.home" value="C:\Program Files\Java\jdk-19"/>
    <property name="file.separator" value="\"/>
    <property name="basedir" value="D:\Tugas13_REST_Api"/>
    <property name="java.vm.compressedOopsMode" value="Zero based"/>
    <property name="line.separator" value="&#10;"/>
    <property name="java.vm.specification.vendor" value="Oracle Corporation"/>
    <property name="java.specification.name" value="Java Platform API Specification"/>
    <property name="surefire.real.class.path" value="C:\Users\Bunayya Zulfikar\.m2\repository\org\apache\maven\surefire\surefire-booter\3.0.0-M5\surefire-booter-3.0.0-M5.jar;C:\Users\Bunayya Zulfikar\.m2\repository\org\apache\maven\surefire\surefire-api\3.0.0-M5\surefire-api-3.0.0-M5.jar;C:\Users\Bunayya Zulfikar\.m2\repository\org\apache\maven\surefire\surefire-logger-api\3.0.0-M5\surefire-logger-api-3.0.0-M5.jar;C:\Users\Bunayya Zulfikar\.m2\repository\org\apache\maven\surefire\surefire-shared-utils\3.0.0-M4\surefire-shared-utils-3.0.0-M4.jar;C:\Users\Bunayya Zulfikar\.m2\repository\org\apache\maven\surefire\surefire-extensions-spi\3.0.0-M5\surefire-extensions-spi-3.0.0-M5.jar;D:\Tugas13_REST_Api\target\test-classes;C:\Users\Bunayya Zulfikar\.m2\repository\net\serenity-bdd\serenity-rest-assured\3.6.22\serenity-rest-assured-3.6.22.jar;C:\Users\Bunayya Zulfikar\.m2\repository\org\apache\httpcomponents\httpclient\4.5.13\httpclient-4.5.13.jar;C:\Users\Bunayya Zulfikar\.m2\repository\org\apache\httpcomponents\httpcore\4.4.13\httpcore-4.4.13.jar;C:\Users\Bunayya Zulfikar\.m2\repository\commons-logging\commons-logging\1.2\commons-logging-1.2.jar;C:\Users\Bunayya Zulfikar\.m2\repository\io\rest-assured\rest-assured\5.3.0\rest-assured-5.3.0.jar;C:\Users\Bunayya Zulfikar\.m2\repository\org\apache\httpcomponents\httpmime\4.5.13\httpmime-4.5.13.jar;C:\Users\Bunayya Zulfikar\.m2\repository\org\ccil\cowan\tagsoup\tagsoup\1.2.1\tagsoup-1.2.1.jar;C:\Users\Bunayya Zulfikar\.m2\repository\io\rest-assured\json-path\5.3.0\json-path-5.3.0.jar;C:\Users\Bunayya Zulfikar\.m2\repository\io\rest-assured\rest-assured-common\5.3.0\rest-assured-common-5.3.0.jar;C:\Users\Bunayya Zulfikar\.m2\repository\io\rest-assured\xml-path\5.3.0\xml-path-5.3.0.jar;C:\Users\Bunayya Zulfikar\.m2\repository\org\apache\groovy\groovy-json\4.0.10\groovy-json-4.0.10.jar;C:\Users\Bunayya Zulfikar\.m2\repository\org\apache\groovy\groovy-xml\4.0.10\groovy-xml-4.0.10.jar;C:\Users\Bunayya Zulfikar\.m2\repository\org\apache\groovy\groovy\4.0.10\groovy-4.0.10.jar;C:\Users\Bunayya Zulfikar\.m2\repository\org\opentest4j\opentest4j\1.2.0\opentest4j-1.2.0.jar;C:\Users\Bunayya Zulfikar\.m2\repository\net\serenity-bdd\serenity-core\3.6.21\serenity-core-3.6.21.jar;C:\Users\Bunayya Zulfikar\.m2\repository\net\serenity-bdd\serenity-model\3.6.21\serenity-model-3.6.21.jar;C:\Users\Bunayya Zulfikar\.m2\repository\org\apache\commons\commons-text\1.10.0\commons-text-1.10.0.jar;C:\Users\Bunayya Zulfikar\.m2\repository\commons-net\commons-net\3.9.0\commons-net-3.9.0.jar;C:\Users\Bunayya Zulfikar\.m2\repository\com\google\guava\guava\31.1-jre\guava-31.1-jre.jar;C:\Users\Bunayya Zulfikar\.m2\repository\com\google\guava\failureaccess\1.0.1\failureaccess-1.0.1.jar;C:\Users\Bunayya Zulfikar\.m2\repository\com\google\guava\listenablefuture\9999.0-empty-to-avoid-conflict-with-guava\listenablefuture-9999.0-empty-to-avoid-conflict-with-guava.jar;C:\Users\Bunayya Zulfikar\.m2\repository\com\google\code\findbugs\jsr305\3.0.2\jsr305-3.0.2.jar;C:\Users\Bunayya Zulfikar\.m2\repository\org\checkerframework\checker-qual\3.12.0\checker-qual-3.12.0.jar;C:\Users\Bunayya Zulfikar\.m2\repository\com\google\errorprone\error_prone_annotations\2.11.0\error_prone_annotations-2.11.0.jar;C:\Users\Bunayya Zulfikar\.m2\repository\com\google\j2objc\j2objc-annotations\1.3\j2objc-annotations-1.3.jar;C:\Users\Bunayya Zulfikar\.m2\repository\com\google\inject\guice\5.1.0\guice-5.1.0.jar;C:\Users\Bunayya Zulfikar\.m2\repository\javax\inject\javax.inject\1\javax.inject-1.jar;C:\Users\Bunayya Zulfikar\.m2\repository\aopalliance\aopalliance\1.0\aopalliance-1.0.jar;C:\Users\Bunayya Zulfikar\.m2\repository\org\jsoup\jsoup\1.14.3\jsoup-1.14.3.jar;C:\Users\Bunayya Zulfikar\.m2\repository\com\thoughtworks\xstream\xstream\1.4.20\xstream-1.4.20.jar;C:\Users\Bunayya Zulfikar\.m2\repository\io\github\x-stream\mxparser\1.2.2\mxparser-1.2.2.jar;C:\Users\Bunayya Zulfikar\.m2\repository\xmlpull\xmlpull\1.1.3.1\xmlpull-1.1.3.1.jar;C:\Users\Bunayya Zulfikar\.m2\repository\com\typesafe\config\1.4.2\config-1.4.2.jar;C:\Users\Bunayya Zulfikar\.m2\repository\org\imgscalr\imgscalr-lib\4.2\imgscalr-lib-4.2.jar;C:\Users\Bunayya Zulfikar\.m2\repository\org\awaitility\awaitility\4.2.0\awaitility-4.2.0.jar;C:\Users\Bunayya Zulfikar\.m2\repository\org\freemarker\freemarker\2.3.31\freemarker-2.3.31.jar;C:\Users\Bunayya Zulfikar\.m2\repository\io\github\classgraph\classgraph\4.8.138\classgraph-4.8.138.jar;C:\Users\Bunayya Zulfikar\.m2\repository\net\sourceforge\jexcelapi\jxl\2.6.12\jxl-2.6.12.jar;C:\Users\Bunayya Zulfikar\.m2\repository\net\bytebuddy\byte-buddy-agent\1.14.2\byte-buddy-agent-1.14.2.jar;C:\Users\Bunayya Zulfikar\.m2\repository\org\objenesis\objenesis\3.3\objenesis-3.3.jar;C:\Users\Bunayya Zulfikar\.m2\repository\net\serenity-bdd\serenity-reports\3.6.21\serenity-reports-3.6.21.jar;C:\Users\Bunayya Zulfikar\.m2\repository\net\serenity-bdd\serenity-stats\3.6.21\serenity-stats-3.6.21.jar;C:\Users\Bunayya Zulfikar\.m2\repository\net\serenity-bdd\serenity-reports-configuration\3.6.21\serenity-reports-configuration-3.6.21.jar;C:\Users\Bunayya Zulfikar\.m2\repository\com\vladsch\flexmark\flexmark-all\0.62.2\flexmark-all-0.62.2.jar;C:\Users\Bunayya Zulfikar\.m2\repository\com\vladsch\flexmark\flexmark\0.62.2\flexmark-0.62.2.jar;C:\Users\Bunayya Zulfikar\.m2\repository\com\vladsch\flexmark\flexmark-ext-abbreviation\0.62.2\flexmark-ext-abbreviation-0.62.2.jar;C:\Users\Bunayya Zulfikar\.m2\repository\com\vladsch\flexmark\flexmark-util\0.62.2\flexmark-util-0.62.2.jar;C:\Users\Bunayya Zulfikar\.m2\repository\com\vladsch\flexmark\flexmark-ext-admonition\0.62.2\flexmark-ext-admonition-0.62.2.jar;C:\Users\Bunayya Zulfikar\.m2\repository\com\vladsch\flexmark\flexmark-ext-anchorlink\0.62.2\flexmark-ext-anchorlink-0.62.2.jar;C:\Users\Bunayya Zulfikar\.m2\repository\com\vladsch\flexmark\flexmark-ext-aside\0.62.2\flexmark-ext-aside-0.62.2.jar;C:\Users\Bunayya Zulfikar\.m2\repository\com\vladsch\flexmark\flexmark-ext-attributes\0.62.2\flexmark-ext-attributes-0.62.2.jar;C:\Users\Bunayya Zulfikar\.m2\repository\com\vladsch\flexmark\flexmark-ext-autolink\0.62.2\flexmark-ext-autolink-0.62.2.jar;C:\Users\Bunayya Zulfikar\.m2\repository\org\nibor\autolink\autolink\0.6.0\autolink-0.6.0.jar;C:\Users\Bunayya Zulfikar\.m2\repository\com\vladsch\flexmark\flexmark-ext-definition\0.62.2\flexmark-ext-definition-0.62.2.jar;C:\Users\Bunayya Zulfikar\.m2\repository\com\vladsch\flexmark\flexmark-ext-emoji\0.62.2\flexmark-ext-emoji-0.62.2.jar;C:\Users\Bunayya Zulfikar\.m2\repository\com\vladsch\flexmark\flexmark-ext-enumerated-reference\0.62.2\flexmark-ext-enumerated-reference-0.62.2.jar;C:\Users\Bunayya Zulfikar\.m2\repository\com\vladsch\flexmark\flexmark-ext-escaped-character\0.62.2\flexmark-ext-escaped-character-0.62.2.jar;C:\Users\Bunayya Zulfikar\.m2\repository\com\vladsch\flexmark\flexmark-ext-footnotes\0.62.2\flexmark-ext-footnotes-0.62.2.jar;C:\Users\Bunayya Zulfikar\.m2\repository\com\vladsch\flexmark\flexmark-ext-gfm-issues\0.62.2\flexmark-ext-gfm-issues-0.62.2.jar;C:\Users\Bunayya Zulfikar\.m2\repository\com\vladsch\flexmark\flexmark-ext-gfm-strikethrough\0.62.2\flexmark-ext-gfm-strikethrough-0.62.2.jar;C:\Users\Bunayya Zulfikar\.m2\repository\com\vladsch\flexmark\flexmark-ext-gfm-tasklist\0.62.2\flexmark-ext-gfm-tasklist-0.62.2.jar;C:\Users\Bunayya Zulfikar\.m2\repository\com\vladsch\flexmark\flexmark-ext-gfm-users\0.62.2\flexmark-ext-gfm-users-0.62.2.jar;C:\Users\Bunayya Zulfikar\.m2\repository\com\vladsch\flexmark\flexmark-ext-gitlab\0.62.2\flexmark-ext-gitlab-0.62.2.jar;C:\Users\Bunayya Zulfikar\.m2\repository\com\vladsch\flexmark\flexmark-ext-jekyll-front-matter\0.62.2\flexmark-ext-jekyll-front-matter-0.62.2.jar;C:\Users\Bunayya Zulfikar\.m2\repository\com\vladsch\flexmark\flexmark-ext-jekyll-tag\0.62.2\flexmark-ext-jekyll-tag-0.62.2.jar;C:\Users\Bunayya Zulfikar\.m2\repository\com\vladsch\flexmark\flexmark-ext-media-tags\0.62.2\flexmark-ext-media-tags-0.62.2.jar;C:\Users\Bunayya Zulfikar\.m2\repository\com\vladsch\flexmark\flexmark-ext-macros\0.62.2\flexmark-ext-macros-0.62.2.jar;C:\Users\Bunayya Zulfikar\.m2\repository\com\vladsch\flexmark\flexmark-ext-ins\0.62.2\flexmark-ext-ins-0.62.2.jar;C:\Users\Bunayya Zulfikar\.m2\repository\com\vladsch\flexmark\flexmark-ext-xwiki-macros\0.62.2\flexmark-ext-xwiki-macros-0.62.2.jar;C:\Users\Bunayya Zulfikar\.m2\repository\com\vladsch\flexmark\flexmark-ext-superscript\0.62.2\flexmark-ext-superscript-0.62.2.jar;C:\Users\Bunayya Zulfikar\.m2\repository\com\vladsch\flexmark\flexmark-ext-tables\0.62.2\flexmark-ext-tables-0.62.2.jar;C:\Users\Bunayya Zulfikar\.m2\repository\com\vladsch\flexmark\flexmark-ext-toc\0.62.2\flexmark-ext-toc-0.62.2.jar;C:\Users\Bunayya Zulfikar\.m2\repository\com\vladsch\flexmark\flexmark-ext-typographic\0.62.2\flexmark-ext-typographic-0.62.2.jar;C:\Users\Bunayya Zulfikar\.m2\repository\com\vladsch\flexmark\flexmark-ext-wikilink\0.62.2\flexmark-ext-wikilink-0.62.2.jar;C:\Users\Bunayya Zulfikar\.m2\repository\com\vladsch\flexmark\flexmark-ext-yaml-front-matter\0.62.2\flexmark-ext-yaml-front-matter-0.62.2.jar;C:\Users\Bunayya Zulfikar\.m2\repository\com\vladsch\flexmark\flexmark-ext-youtube-embedded\0.62.2\flexmark-ext-youtube-embedded-0.62.2.jar;C:\Users\Bunayya Zulfikar\.m2\repository\com\vladsch\flexmark\flexmark-html2md-converter\0.62.2\flexmark-html2md-converter-0.62.2.jar;C:\Users\Bunayya Zulfikar\.m2\repository\com\vladsch\flexmark\flexmark-jira-converter\0.62.2\flexmark-jira-converter-0.62.2.jar;C:\Users\Bunayya Zulfikar\.m2\repository\com\vladsch\flexmark\flexmark-pdf-converter\0.62.2\flexmark-pdf-converter-0.62.2.jar;C:\Users\Bunayya Zulfikar\.m2\repository\com\openhtmltopdf\openhtmltopdf-core\1.0.0\openhtmltopdf-core-1.0.0.jar;C:\Users\Bunayya Zulfikar\.m2\repository\com\openhtmltopdf\openhtmltopdf-pdfbox\1.0.0\openhtmltopdf-pdfbox-1.0.0.jar;C:\Users\Bunayya Zulfikar\.m2\repository\org\apache\pdfbox\pdfbox\2.0.16\pdfbox-2.0.16.jar;C:\Users\Bunayya Zulfikar\.m2\repository\org\apache\pdfbox\fontbox\2.0.16\fontbox-2.0.16.jar;C:\Users\Bunayya Zulfikar\.m2\repository\org\apache\pdfbox\xmpbox\2.0.16\xmpbox-2.0.16.jar;C:\Users\Bunayya Zulfikar\.m2\repository\de\rototor\pdfbox\graphics2d\0.24\graphics2d-0.24.jar;C:\Users\Bunayya Zulfikar\.m2\repository\com\openhtmltopdf\openhtmltopdf-rtl-support\1.0.0\openhtmltopdf-rtl-support-1.0.0.jar;C:\Users\Bunayya Zulfikar\.m2\repository\com\openhtmltopdf\openhtmltopdf-jsoup-dom-converter\1.0.0\openhtmltopdf-jsoup-dom-converter-1.0.0.jar;C:\Users\Bunayya Zulfikar\.m2\repository\com\vladsch\flexmark\flexmark-profile-pegdown\0.62.2\flexmark-profile-pegdown-0.62.2.jar;C:\Users\Bunayya Zulfikar\.m2\repository\com\vladsch\flexmark\flexmark-util-ast\0.62.2\flexmark-util-ast-0.62.2.jar;C:\Users\Bunayya Zulfikar\.m2\repository\com\vladsch\flexmark\flexmark-util-builder\0.62.2\flexmark-util-builder-0.62.2.jar;C:\Users\Bunayya Zulfikar\.m2\repository\com\vladsch\flexmark\flexmark-util-collection\0.62.2\flexmark-util-collection-0.62.2.jar;C:\Users\Bunayya Zulfikar\.m2\repository\com\vladsch\flexmark\flexmark-util-data\0.62.2\flexmark-util-data-0.62.2.jar;C:\Users\Bunayya Zulfikar\.m2\repository\com\vladsch\flexmark\flexmark-util-dependency\0.62.2\flexmark-util-dependency-0.62.2.jar;C:\Users\Bunayya Zulfikar\.m2\repository\com\vladsch\flexmark\flexmark-util-format\0.62.2\flexmark-util-format-0.62.2.jar;C:\Users\Bunayya Zulfikar\.m2\repository\com\vladsch\flexmark\flexmark-util-html\0.62.2\flexmark-util-html-0.62.2.jar;C:\Users\Bunayya Zulfikar\.m2\repository\com\vladsch\flexmark\flexmark-util-misc\0.62.2\flexmark-util-misc-0.62.2.jar;C:\Users\Bunayya Zulfikar\.m2\repository\com\vladsch\flexmark\flexmark-util-options\0.62.2\flexmark-util-options-0.62.2.jar;C:\Users\Bunayya Zulfikar\.m2\repository\com\vladsch\flexmark\flexmark-util-sequence\0.62.2\flexmark-util-sequence-0.62.2.jar;C:\Users\Bunayya Zulfikar\.m2\repository\com\vladsch\flexmark\flexmark-util-visitor\0.62.2\flexmark-util-visitor-0.62.2.jar;C:\Users\Bunayya Zulfikar\.m2\repository\com\vladsch\flexmark\flexmark-youtrack-converter\0.62.2\flexmark-youtrack-converter-0.62.2.jar;C:\Users\Bunayya Zulfikar\.m2\repository\com\ibm\icu\icu4j\72.1\icu4j-72.1.jar;C:\Users\Bunayya Zulfikar\.m2\repository\es\nitaur\markdown\txtmark\0.16\txtmark-0.16.jar;C:\Users\Bunayya Zulfikar\.m2\repository\net\serenity-bdd\serenity-report-resources\3.6.21\serenity-report-resources-3.6.21.jar;C:\Users\Bunayya Zulfikar\.m2\repository\com\google\code\gson\gson\2.10.1\gson-2.10.1.jar;C:\Users\Bunayya Zulfikar\.m2\repository\com\fasterxml\jackson\core\jackson-core\2.15.0-rc1\jackson-core-2.15.0-rc1.jar;C:\Users\Bunayya Zulfikar\.m2\repository\com\fasterxml\jackson\core\jackson-databind\2.15.0-rc1\jackson-databind-2.15.0-rc1.jar;C:\Users\Bunayya Zulfikar\.m2\repository\com\fasterxml\jackson\core\jackson-annotations\2.15.0-rc1\jackson-annotations-2.15.0-rc1.jar;C:\Users\Bunayya Zulfikar\.m2\repository\commons-codec\commons-codec\1.15\commons-codec-1.15.jar;C:\Users\Bunayya Zulfikar\.m2\repository\commons-io\commons-io\2.11.0\commons-io-2.11.0.jar;C:\Users\Bunayya Zulfikar\.m2\repository\org\seleniumhq\selenium\selenium-java\4.8.1\selenium-java-4.8.1.jar;C:\Users\Bunayya Zulfikar\.m2\repository\org\seleniumhq\selenium\selenium-devtools-v108\4.8.1\selenium-devtools-v108-4.8.1.jar;C:\Users\Bunayya Zulfikar\.m2\repository\org\seleniumhq\selenium\selenium-devtools-v109\4.8.1\selenium-devtools-v109-4.8.1.jar;C:\Users\Bunayya Zulfikar\.m2\repository\org\seleniumhq\selenium\selenium-devtools-v110\4.8.1\selenium-devtools-v110-4.8.1.jar;C:\Users\Bunayya Zulfikar\.m2\repository\org\seleniumhq\selenium\selenium-devtools-v85\4.8.1\selenium-devtools-v85-4.8.1.jar;C:\Users\Bunayya Zulfikar\.m2\repository\org\seleniumhq\selenium\selenium-remote-driver\4.8.1\selenium-remote-driver-4.8.1.jar;C:\Users\Bunayya Zulfikar\.m2\repository\com\beust\jcommander\1.82\jcommander-1.82.jar;C:\Users\Bunayya Zulfikar\.m2\repository\io\netty\netty-buffer\4.1.87.Final\netty-buffer-4.1.87.Final.jar;C:\Users\Bunayya Zulfikar\.m2\repository\io\netty\netty-codec-http\4.1.87.Final\netty-codec-http-4.1.87.Final.jar;C:\Users\Bunayya Zulfikar\.m2\repository\io\netty\netty-codec\4.1.87.Final\netty-codec-4.1.87.Final.jar;C:\Users\Bunayya Zulfikar\.m2\repository\io\netty\netty-handler\4.1.87.Final\netty-handler-4.1.87.Final.jar;C:\Users\Bunayya Zulfikar\.m2\repository\io\netty\netty-common\4.1.87.Final\netty-common-4.1.87.Final.jar;C:\Users\Bunayya Zulfikar\.m2\repository\io\netty\netty-transport-classes-epoll\4.1.87.Final\netty-transport-classes-epoll-4.1.87.Final.jar;C:\Users\Bunayya Zulfikar\.m2\repository\io\netty\netty-transport-classes-kqueue\4.1.87.Final\netty-transport-classes-kqueue-4.1.87.Final.jar;C:\Users\Bunayya Zulfikar\.m2\repository\io\netty\netty-transport-native-epoll\4.1.87.Final\netty-transport-native-epoll-4.1.87.Final.jar;C:\Users\Bunayya Zulfikar\.m2\repository\io\netty\netty-transport-native-kqueue\4.1.87.Final\netty-transport-native-kqueue-4.1.87.Final.jar;C:\Users\Bunayya Zulfikar\.m2\repository\io\netty\netty-transport-native-unix-common\4.1.87.Final\netty-transport-native-unix-common-4.1.87.Final.jar;C:\Users\Bunayya Zulfikar\.m2\repository\io\netty\netty-transport\4.1.87.Final\netty-transport-4.1.87.Final.jar;C:\Users\Bunayya Zulfikar\.m2\repository\io\netty\netty-resolver\4.1.87.Final\netty-resolver-4.1.87.Final.jar;C:\Users\Bunayya Zulfikar\.m2\repository\io\opentelemetry\opentelemetry-api\1.22.0\opentelemetry-api-1.22.0.jar;C:\Users\Bunayya Zulfikar\.m2\repository\io\opentelemetry\opentelemetry-context\1.22.0\opentelemetry-context-1.22.0.jar;C:\Users\Bunayya Zulfikar\.m2\repository\io\opentelemetry\opentelemetry-exporter-logging\1.22.0\opentelemetry-exporter-logging-1.22.0.jar;C:\Users\Bunayya Zulfikar\.m2\repository\io\opentelemetry\opentelemetry-sdk-metrics\1.22.0\opentelemetry-sdk-metrics-1.22.0.jar;C:\Users\Bunayya Zulfikar\.m2\repository\io\opentelemetry\opentelemetry-sdk-logs\1.22.0-alpha\opentelemetry-sdk-logs-1.22.0-alpha.jar;C:\Users\Bunayya Zulfikar\.m2\repository\io\opentelemetry\opentelemetry-api-logs\1.22.0-alpha\opentelemetry-api-logs-1.22.0-alpha.jar;C:\Users\Bunayya Zulfikar\.m2\repository\io\opentelemetry\opentelemetry-sdk-common\1.22.0\opentelemetry-sdk-common-1.22.0.jar;C:\Users\Bunayya Zulfikar\.m2\repository\io\opentelemetry\opentelemetry-sdk-extension-autoconfigure-spi\1.22.0\opentelemetry-sdk-extension-autoconfigure-spi-1.22.0.jar;C:\Users\Bunayya Zulfikar\.m2\repository\io\opentelemetry\opentelemetry-sdk-extension-autoconfigure\1.22.0-alpha\opentelemetry-sdk-extension-autoconfigure-1.22.0-alpha.jar;C:\Users\Bunayya Zulfikar\.m2\repository\io\opentelemetry\opentelemetry-sdk-trace\1.22.0\opentelemetry-sdk-trace-1.22.0.jar;C:\Users\Bunayya Zulfikar\.m2\repository\io\opentelemetry\opentelemetry-sdk\1.22.0\opentelemetry-sdk-1.22.0.jar;C:\Users\Bunayya Zulfikar\.m2\repository\io\opentelemetry\opentelemetry-semconv\1.22.0-alpha\opentelemetry-semconv-1.22.0-alpha.jar;C:\Users\Bunayya Zulfikar\.m2\repository\io\ous\jtoml\2.0.0\jtoml-2.0.0.jar;C:\Users\Bunayya Zulfikar\.m2\repository\org\apache\commons\commons-exec\1.3\commons-exec-1.3.jar;C:\Users\Bunayya Zulfikar\.m2\repository\org\asynchttpclient\async-http-client\2.12.3\async-http-client-2.12.3.jar;C:\Users\Bunayya Zulfikar\.m2\repository\org\asynchttpclient\async-http-client-netty-utils\2.12.3\async-http-client-netty-utils-2.12.3.jar;C:\Users\Bunayya Zulfikar\.m2\repository\io\netty\netty-codec-socks\4.1.60.Final\netty-codec-socks-4.1.60.Final.jar;C:\Users\Bunayya Zulfikar\.m2\repository\io\netty\netty-handler-proxy\4.1.60.Final\netty-handler-proxy-4.1.60.Final.jar;C:\Users\Bunayya Zulfikar\.m2\repository\io\netty\netty-transport-native-epoll\4.1.60.Final\netty-transport-native-epoll-4.1.60.Final-linux-x86_64.jar;C:\Users\Bunayya Zulfikar\.m2\repository\io\netty\netty-transport-native-kqueue\4.1.60.Final\netty-transport-native-kqueue-4.1.60.Final-osx-x86_64.jar;C:\Users\Bunayya Zulfikar\.m2\repository\org\reactivestreams\reactive-streams\1.0.3\reactive-streams-1.0.3.jar;C:\Users\Bunayya Zulfikar\.m2\repository\com\typesafe\netty\netty-reactive-streams\2.0.4\netty-reactive-streams-2.0.4.jar;C:\Users\Bunayya Zulfikar\.m2\repository\org\seleniumhq\selenium\selenium-manager\4.8.1\selenium-manager-4.8.1.jar;C:\Users\Bunayya Zulfikar\.m2\repository\org\seleniumhq\selenium\selenium-safari-driver\4.8.1\selenium-safari-driver-4.8.1.jar;C:\Users\Bunayya Zulfikar\.m2\repository\org\seleniumhq\selenium\selenium-api\4.8.1\selenium-api-4.8.1.jar;C:\Users\Bunayya Zulfikar\.m2\repository\org\seleniumhq\selenium\selenium-support\4.8.1\selenium-support-4.8.1.jar;C:\Users\Bunayya Zulfikar\.m2\repository\com\google\auto\service\auto-service-annotations\1.0.1\auto-service-annotations-1.0.1.jar;C:\Users\Bunayya Zulfikar\.m2\repository\com\google\auto\service\auto-service\1.0.1\auto-service-1.0.1.jar;C:\Users\Bunayya Zulfikar\.m2\repository\com\google\auto\auto-common\1.2\auto-common-1.2.jar;C:\Users\Bunayya Zulfikar\.m2\repository\org\seleniumhq\selenium\selenium-json\4.8.1\selenium-json-4.8.1.jar;C:\Users\Bunayya Zulfikar\.m2\repository\org\seleniumhq\selenium\selenium-chrome-driver\4.8.1\selenium-chrome-driver-4.8.1.jar;C:\Users\Bunayya Zulfikar\.m2\repository\org\seleniumhq\selenium\selenium-chromium-driver\4.8.1\selenium-chromium-driver-4.8.1.jar;C:\Users\Bunayya Zulfikar\.m2\repository\org\seleniumhq\selenium\selenium-firefox-driver\4.8.1\selenium-firefox-driver-4.8.1.jar;C:\Users\Bunayya Zulfikar\.m2\repository\org\seleniumhq\selenium\selenium-http\4.8.1\selenium-http-4.8.1.jar;C:\Users\Bunayya Zulfikar\.m2\repository\dev\failsafe\failsafe\3.3.0\failsafe-3.3.0.jar;C:\Users\Bunayya Zulfikar\.m2\repository\org\seleniumhq\selenium\selenium-edge-driver\4.8.1\selenium-edge-driver-4.8.1.jar;C:\Users\Bunayya Zulfikar\.m2\repository\org\seleniumhq\selenium\selenium-ie-driver\4.8.1\selenium-ie-driver-4.8.1.jar;C:\Users\Bunayya Zulfikar\.m2\repository\org\projectlombok\lombok\1.18.20\lombok-1.18.20.jar;C:\Users\Bunayya Zulfikar\.m2\repository\io\appium\java-client\8.3.0\java-client-8.3.0.jar;C:\Users\Bunayya Zulfikar\.m2\repository\commons-validator\commons-validator\1.7\commons-validator-1.7.jar;C:\Users\Bunayya Zulfikar\.m2\repository\commons-digester\commons-digester\2.1\commons-digester-2.1.jar;C:\Users\Bunayya Zulfikar\.m2\repository\net\sf\opencsv\opencsv\2.0\opencsv-2.0.jar;C:\Users\Bunayya Zulfikar\.m2\repository\commons-beanutils\commons-beanutils\1.9.4\commons-beanutils-1.9.4.jar;C:\Users\Bunayya Zulfikar\.m2\repository\org\apache\commons\commons-lang3\3.12.0\commons-lang3-3.12.0.jar;C:\Users\Bunayya Zulfikar\.m2\repository\commons-collections\commons-collections\3.2.2\commons-collections-3.2.2.jar;C:\Users\Bunayya Zulfikar\.m2\repository\org\fluentlenium\fluentlenium-core\0.10.2\fluentlenium-core-0.10.2.jar;C:\Users\Bunayya Zulfikar\.m2\repository\io\github\bonigarcia\webdrivermanager\5.3.0\webdrivermanager-5.3.0.jar;C:\Users\Bunayya Zulfikar\.m2\repository\com\github\docker-java\docker-java\3.2.13\docker-java-3.2.13.jar;C:\Users\Bunayya Zulfikar\.m2\repository\com\github\docker-java\docker-java-core\3.2.13\docker-java-core-3.2.13.jar;C:\Users\Bunayya Zulfikar\.m2\repository\com\github\docker-java\docker-java-api\3.2.13\docker-java-api-3.2.13.jar;C:\Users\Bunayya Zulfikar\.m2\repository\org\apache\commons\commons-compress\1.21\commons-compress-1.21.jar;C:\Users\Bunayya Zulfikar\.m2\repository\org\bouncycastle\bcpkix-jdk15on\1.64\bcpkix-jdk15on-1.64.jar;C:\Users\Bunayya Zulfikar\.m2\repository\org\bouncycastle\bcprov-jdk15on\1.64\bcprov-jdk15on-1.64.jar;C:\Users\Bunayya Zulfikar\.m2\repository\org\slf4j\jcl-over-slf4j\1.7.30\jcl-over-slf4j-1.7.30.jar;C:\Users\Bunayya Zulfikar\.m2\repository\com\github\docker-java\docker-java-transport-httpclient5\3.2.13\docker-java-transport-httpclient5-3.2.13.jar;C:\Users\Bunayya Zulfikar\.m2\repository\com\github\docker-java\docker-java-transport\3.2.13\docker-java-transport-3.2.13.jar;C:\Users\Bunayya Zulfikar\.m2\repository\net\java\dev\jna\jna\5.8.0\jna-5.8.0.jar;C:\Users\Bunayya Zulfikar\.m2\repository\org\brotli\dec\0.1.2\dec-0.1.2.jar;C:\Users\Bunayya Zulfikar\.m2\repository\org\apache\httpcomponents\client5\httpclient5\5.1.3\httpclient5-5.1.3.jar;C:\Users\Bunayya Zulfikar\.m2\repository\org\apache\httpcomponents\core5\httpcore5\5.1.3\httpcore5-5.1.3.jar;C:\Users\Bunayya Zulfikar\.m2\repository\org\apache\httpcomponents\core5\httpcore5-h2\5.1.3\httpcore5-h2-5.1.3.jar;C:\Users\Bunayya Zulfikar\.m2\repository\com\jhlabs\filters\2.0.235\filters-2.0.235.jar;C:\Users\Bunayya Zulfikar\.m2\repository\com\paulhammant\ngwebdriver\1.1.6\ngwebdriver-1.1.6.jar;C:\Users\Bunayya Zulfikar\.m2\repository\joda-time\joda-time\2.12.2\joda-time-2.12.2.jar;C:\Users\Bunayya Zulfikar\.m2\repository\org\hamcrest\hamcrest\2.2\hamcrest-2.2.jar;C:\Users\Bunayya Zulfikar\.m2\repository\com\google\jimfs\jimfs\1.2\jimfs-1.2.jar;C:\Users\Bunayya Zulfikar\.m2\repository\org\mockito\mockito-core\3.3.3\mockito-core-3.3.3.jar;C:\Users\Bunayya Zulfikar\.m2\repository\javax\xml\bind\jaxb-api\2.3.1\jaxb-api-2.3.1.jar;C:\Users\Bunayya Zulfikar\.m2\repository\javax\activation\javax.activation-api\1.2.0\javax.activation-api-1.2.0.jar;C:\Users\Bunayya Zulfikar\.m2\repository\com\sun\xml\bind\jaxb-core\2.3.0.1\jaxb-core-2.3.0.1.jar;C:\Users\Bunayya Zulfikar\.m2\repository\com\sun\xml\bind\jaxb-impl\2.3.3\jaxb-impl-2.3.3.jar;C:\Users\Bunayya Zulfikar\.m2\repository\jakarta\xml\bind\jakarta.xml.bind-api\2.3.3\jakarta.xml.bind-api-2.3.3.jar;C:\Users\Bunayya Zulfikar\.m2\repository\com\sun\activation\jakarta.activation\1.2.2\jakarta.activation-1.2.2.jar;C:\Users\Bunayya Zulfikar\.m2\repository\javax\activation\activation\1.1.1\activation-1.1.1.jar;C:\Users\Bunayya Zulfikar\.m2\repository\net\serenity-bdd\serenity-cucumber\3.6.21\serenity-cucumber-3.6.21.jar;C:\Users\Bunayya Zulfikar\.m2\repository\io\cucumber\cucumber-core\7.11.0\cucumber-core-7.11.0.jar;C:\Users\Bunayya Zulfikar\.m2\repository\io\cucumber\cucumber-gherkin\7.11.0\cucumber-gherkin-7.11.0.jar;C:\Users\Bunayya Zulfikar\.m2\repository\io\cucumber\cucumber-gherkin-messages\7.11.0\cucumber-gherkin-messages-7.11.0.jar;C:\Users\Bunayya Zulfikar\.m2\repository\io\cucumber\gherkin\26.0.3\gherkin-26.0.3.jar;C:\Users\Bunayya Zulfikar\.m2\repository\io\cucumber\messages\21.0.1\messages-21.0.1.jar;C:\Users\Bunayya Zulfikar\.m2\repository\io\cucumber\tag-expressions\5.0.1\tag-expressions-5.0.1.jar;C:\Users\Bunayya Zulfikar\.m2\repository\io\cucumber\cucumber-expressions\16.1.1\cucumber-expressions-16.1.1.jar;C:\Users\Bunayya Zulfikar\.m2\repository\io\cucumber\datatable\7.11.0\datatable-7.11.0.jar;C:\Users\Bunayya Zulfikar\.m2\repository\io\cucumber\cucumber-plugin\7.11.0\cucumber-plugin-7.11.0.jar;C:\Users\Bunayya Zulfikar\.m2\repository\io\cucumber\docstring\7.11.0\docstring-7.11.0.jar;C:\Users\Bunayya Zulfikar\.m2\repository\io\cucumber\html-formatter\20.2.1\html-formatter-20.2.1.jar;C:\Users\Bunayya Zulfikar\.m2\repository\io\cucumber\junit-xml-formatter\0.1.0\junit-xml-formatter-0.1.0.jar;C:\Users\Bunayya Zulfikar\.m2\repository\io\cucumber\ci-environment\9.1.0\ci-environment-9.1.0.jar;C:\Users\Bunayya Zulfikar\.m2\repository\io\cucumber\cucumber-java\7.11.0\cucumber-java-7.11.0.jar;C:\Users\Bunayya Zulfikar\.m2\repository\io\cucumber\cucumber-junit\7.11.0\cucumber-junit-7.11.0.jar;C:\Users\Bunayya Zulfikar\.m2\repository\org\apache\commons\commons-csv\1.5\commons-csv-1.5.jar;C:\Users\Bunayya Zulfikar\.m2\repository\net\serenity-bdd\serenity-screenplay\3.6.21\serenity-screenplay-3.6.21.jar;C:\Users\Bunayya Zulfikar\.m2\repository\net\serenity-bdd\serenity-screenplay-webdriver\3.6.21\serenity-screenplay-webdriver-3.6.21.jar;C:\Users\Bunayya Zulfikar\.m2\repository\net\serenity-bdd\serenity-ensure\3.6.21\serenity-ensure-3.6.21.jar;C:\Users\Bunayya Zulfikar\.m2\repository\net\serenity-bdd\serenity-junit\3.6.21\serenity-junit-3.6.21.jar;C:\Users\Bunayya Zulfikar\.m2\repository\org\jetbrains\kotlin\kotlin-stdlib\1.8.10\kotlin-stdlib-1.8.10.jar;C:\Users\Bunayya Zulfikar\.m2\repository\org\jetbrains\kotlin\kotlin-stdlib-common\1.8.10\kotlin-stdlib-common-1.8.10.jar;C:\Users\Bunayya Zulfikar\.m2\repository\org\jetbrains\annotations\13.0\annotations-13.0.jar;C:\Users\Bunayya Zulfikar\.m2\repository\org\junit\platform\junit-platform-launcher\1.8.2\junit-platform-launcher-1.8.2.jar;C:\Users\Bunayya Zulfikar\.m2\repository\org\junit\platform\junit-platform-engine\1.8.2\junit-platform-engine-1.8.2.jar;C:\Users\Bunayya Zulfikar\.m2\repository\org\junit\platform\junit-platform-commons\1.8.2\junit-platform-commons-1.8.2.jar;C:\Users\Bunayya Zulfikar\.m2\repository\org\apiguardian\apiguardian-api\1.1.2\apiguardian-api-1.1.2.jar;C:\Users\Bunayya Zulfikar\.m2\repository\org\junit\jupiter\junit-jupiter-engine\5.8.2\junit-jupiter-engine-5.8.2.jar;C:\Users\Bunayya Zulfikar\.m2\repository\org\junit\jupiter\junit-jupiter-api\5.8.2\junit-jupiter-api-5.8.2.jar;C:\Users\Bunayya Zulfikar\.m2\repository\org\junit\vintage\junit-vintage-engine\5.8.2\junit-vintage-engine-5.8.2.jar;C:\Users\Bunayya Zulfikar\.m2\repository\junit\junit\4.13.2\junit-4.13.2.jar;C:\Users\Bunayya Zulfikar\.m2\repository\org\hamcrest\hamcrest-core\1.3\hamcrest-core-1.3.jar;C:\Users\Bunayya Zulfikar\.m2\repository\ch\qos\logback\logback-classic\1.2.10\logback-classic-1.2.10.jar;C:\Users\Bunayya Zulfikar\.m2\repository\ch\qos\logback\logback-core\1.2.10\logback-core-1.2.10.jar;C:\Users\Bunayya Zulfikar\.m2\repository\org\slf4j\slf4j-api\1.7.32\slf4j-api-1.7.32.jar;C:\Users\Bunayya Zulfikar\.m2\repository\org\assertj\assertj-core\3.23.1\assertj-core-3.23.1.jar;C:\Users\Bunayya Zulfikar\.m2\repository\net\bytebuddy\byte-buddy\1.12.10\byte-buddy-1.12.10.jar;C:\Users\Bunayya Zulfikar\.m2\repository\com\googlecode\json-simple\json-simple\1.1.1\json-simple-1.1.1.jar;C:\Users\Bunayya Zulfikar\.m2\repository\org\apache\maven\surefire\surefire-junit-platform\3.0.0-M5\surefire-junit-platform-3.0.0-M5.jar;C:\Users\Bunayya Zulfikar\.m2\repository\org\apache\maven\surefire\common-java5\3.0.0-M5\common-java5-3.0.0-M5.jar"/>
    <property name="user.script" value=""/>
    <property name="sun.management.compiler" value="HotSpot 64-Bit Tiered Compilers"/>
    <property name="java.runtime.version" value="19.0.2+7-44"/>
    <property name="user.name" value="Fanotralala"/>
    <property name="stdout.encoding" value="Cp1252"/>
    <property name="path.separator" value=";"/>
    <property name="os.version" value="10.0"/>
    <property name="java.runtime.name" value="Java(TM) SE Runtime Environment"/>
    <property name="file.encoding" value="UTF-8"/>
    <property name="webdriver.base.url" value=""/>
    <property name="java.vm.name" value="Java HotSpot(TM) 64-Bit Server VM"/>
    <property name="localRepository" value="C:\Users\Bunayya Zulfikar\.m2\repository"/>
    <property name="java.vendor.url.bug" value="https://bugreport.java.com/bugreport/"/>
    <property name="java.io.tmpdir" value="C:\Users\BUNAYY~1\AppData\Local\Temp\"/>
    <property name="java.version" value="19.0.2"/>
    <property name="user.dir" value="D:\Tugas13_REST_Api"/>
    <property name="os.arch" value="amd64"/>
    <property name="java.vm.specification.name" value="Java Virtual Machine Specification"/>
    <property name="sun.os.patch.level" value=""/>
    <property name="native.encoding" value="Cp1252"/>
    <property name="java.library.path" value="C:\Program Files\Java\jdk-19\bin;C:\WINDOWS\Sun\Java\bin;C:\WINDOWS\system32;C:\WINDOWS;C:\Program Files\Common Files\Oracle\Java\javapath;C:\Program Files (x86)\Common Files\Oracle\Java\javapath;C:\Python310\Scripts\;C:\Python310\;C:\Program Files (x86)\Common Files\Intel\Shared Libraries\redist\intel64\compiler;C:\Program Files (x86)\Common Files\Intel\Shared Files\cpp\bin\Intel64;C:\Windows\system32;C:\Windows;C:\Windows\System32\Wbem;C:\Windows\System32\WindowsPowerShell\v1.0\;C:\Windows\System32\OpenSSH\;C:\Program Files (x86)\NVIDIA Corporation\PhysX\Common;C:\Program Files\NVIDIA Corporation\NVIDIA NvDLISR;C:\Program Files (x86)\MKVToolNix;C:\WINDOWS\system32;C:\WINDOWS;C:\WINDOWS\System32\Wbem;C:\WINDOWS\System32\WindowsPowerShell\v1.0\;C:\WINDOWS\System32\OpenSSH\;C:\Program Files\nodejs\;C:\ProgramData\chocolatey\bin;C:\Program Files\Git\cmd;C:\xampp\php;C:\ProgramData\ComposerSetup\bin;C:\PROGRA~1\IBM\SQLLIB\BIN;C:\PROGRA~1\IBM\SQLLIB\FUNCTION;C:\PROGRA~1\IBM\SQLLIB\SAMPLES\REPL;C:\Program Files\apache-maven-3.9.1\bin;C:\Program Files\Java\jdk-19\bin;C:\Users\Bunayya Zulfikar\AppData\Local\Microsoft\WindowsApps;C:\Users\Bunayya Zulfikar\AppData\Local\Programs\Microsoft VS Code\bin;C:\Program Files\Java\jdk-19\bin;C:\Users\Bunayya Zulfikar\AppData\Roaming\npm;C:\Users\Bunayya Zulfikar\AppData\Roaming\Composer\vendor\bin;C:\Users\Bunayya Zulfikar\AppData\Local\GitHubDesktop\bin;C:\Users\Bunayya Zulfikar\AppData\Local\spicetify;C:\Users\Bunayya Zulfikar\AppData\Local\Android\Sdk\platform-tools;C:\Users\Bunayya Zulfikar\AppData\Local\Android\Sdk\tools;C:\Users\Bunayya Zulfikar\AppData\Local\Android\Sdk\tools\bin;C:\Program Files\Gradle\gradle-8.1\bin;;."/>
    <property name="java.vm.info" value="mixed mode"/>
    <property name="stderr.encoding" value="Cp1252"/>
    <property name="java.vendor" value="Oracle Corporation"/>
    <property name="java.vm.version" value="19.0.2+7-44"/>
    <property name="sun.io.unicode.encoding" value="UnicodeLittle"/>
    <property name="java.class.version" value="63.0"/>
  </properties>
  <testcase name="GET - As admin I have be able to get detail post" classname="User" time="14.395">
    <system-out><![CDATA[01:20:59.508 [main] DEBUG net.thucydides.core.guice.Injectors - Created injector for module net.thucydides.core.guice.ThucydidesModule
01:20:59.693 [main] DEBUG io.cucumber.core.plugin.SerenityReporter - Running feature from file:///D:/Tugas13_REST_Api/src/test/resources/features/User.feature
01:20:59.823 [main] DEBUG net.thucydides.core.guice.Injectors - Created injector for module net.thucydides.core.guice.webdriver.WebDriverModule
01:20:59.833 [main] INFO  - 

-------------------------------------------------------------------------------------
     _______. _______ .______       _______ .__   __.  __  .___________.____    ____ 
    /       ||   ____||   _  \     |   ____||  \ |  | |  | |           |\   \  /   / 
   |   (----`|  |__   |  |_)  |    |  |__   |   \|  | |  | `---|  |----` \   \/   /  
    \   \    |   __|  |      /     |   __|  |  . `  | |  |     |  |       \_    _/   
.----)   |   |  |____ |  |\  \----.|  |____ |  |\   | |  |     |  |         |  |     
|_______/    |_______|| _| `._____||_______||__| \__| |__|     |__|         |__|    
                                                                                     
 News and tutorials at http://www.serenity-bdd.info                                  
 Documentation at https://wakaleo.gitbooks.io/the-serenity-book/content/             
 Join the Serenity Community on Gitter: https://gitter.im/serenity-bdd/serenity-core 
 Serenity BDD Support and Training at http://serenity-bdd.info/#/trainingandsupport  
-------------------------------------------------------------------------------------

01:20:59.834 [main] DEBUG net.thucydides.core.steps.StepEventBus - Test suite started for story net.thucydides.core.model.Story@4eea5d88
01:20:59.836 [main] INFO  - Test Suite Started: User
01:20:59.846 [main] DEBUG io.cucumber.core.plugin.SerenityReporter - Running feature from file:///D:/Tugas13_REST_Api/src/test/resources/features/User.feature
01:20:59.848 [main] DEBUG net.thucydides.core.steps.StepEventBus - Test suite started for story net.thucydides.core.model.Story@4eea5d88
01:20:59.848 [main] INFO  - Test Suite Started: User

Scenario: GET - As admin I have be able to get detail post &amp#27;[90m# src/test/resources/features/User.feature:7&amp#27;[0m
01:20:59.907 [main] DEBUG io.cucumber.core.plugin.SerenityReporter - Running feature from file:///D:/Tugas13_REST_Api/src/test/resources/features/User.feature
01:20:59.996 [main] INFO  - 
  _____   ___   ___   _____     ___   _____     _     ___   _____   ___   ___  
 |_   _| | __| / __| |_   _|   / __| |_   _|   /_\   | _ \ |_   _| | __| |   \ 
   | |   | _|  \__ \   | |     \__ \   | |    / _ \  |   /   | |   | _|  | |) |
   |_|   |___| |___/   |_|     |___/   |_|   /_/ \_\ |_|_\   |_|   |___| |___/ 

GET - As admin I have be able to get detail post(user;get---as-admin-i-have-be-able-to-get-detail-post)
--------------------------------------------------------------------------------
01:21:00.041 [main] DEBUG net.thucydides.core.requirements.model.cucumber.CucumberParser - Loading feature D:\Tugas13_REST_Api\src\test\resources\features\User.feature
01:21:00.399 [main] DEBUG net.thucydides.core.steps.StepInterceptor - STARTING STEP: UserSteps.setGetApiEndpoints - I set GET api endpoints
01:21:00.401 [main] DEBUG net.thucydides.core.steps.StepInterceptor - STEP DONE: I set GET api endpoints
  &amp#27;[32mGiven &amp#27;[0m&amp#27;[32mI set GET api endpoints&amp#27;[0m                            &amp#27;[90m# starter.stepdefinitions.UserSteps.setGetApiEndpoints()&amp#27;[0m
01:21:00.408 [main] DEBUG net.thucydides.core.steps.StepInterceptor - STARTING STEP: UserSteps.setGetHttpRequest - I send GET HTTP request
01:21:01.837 [main] DEBUG net.thucydides.core.steps.StepInterceptor - STARTING STEP: Get.setGetHttpRequest - I set GET api endpoints
01:21:01.837 [main] DEBUG net.thucydides.core.steps.StepInterceptor - STEP DONE: I set GET api endpoints
01:21:02.380 [main] DEBUG org.apache.http.impl.conn.BasicClientConnectionManager - Get connection for route {s}->https://jsonplaceholder.typicode.com:443
01:21:13.454 [main] DEBUG org.apache.http.impl.conn.DefaultClientConnectionOperator - Connecting to jsonplaceholder.typicode.com:443
01:21:13.677 [main] DEBUG org.apache.http.client.protocol.RequestAddCookies - CookieSpec selected: ignoreCookies
01:21:13.678 [main] DEBUG org.apache.http.client.protocol.RequestAuthCache - Auth cache not set in the context
01:21:13.678 [main] DEBUG org.apache.http.client.protocol.RequestTargetAuthentication - Target auth state: UNCHALLENGED
01:21:13.678 [main] DEBUG org.apache.http.client.protocol.RequestProxyAuthentication - Proxy auth state: UNCHALLENGED
01:21:13.678 [main] DEBUG org.apache.http.impl.client.DefaultHttpClient - Attempt 1 to execute request
01:21:13.678 [main] DEBUG org.apache.http.impl.conn.DefaultClientConnection - Sending request: GET /posts/2 HTTP/1.1
01:21:13.678 [main] DEBUG org.apache.http.wire -  >> "GET /posts/2 HTTP/1.1[\r][\n]"
01:21:13.678 [main] DEBUG org.apache.http.wire -  >> "Accept: */*[\r][\n]"
01:21:13.679 [main] DEBUG org.apache.http.wire -  >> "Host: jsonplaceholder.typicode.com[\r][\n]"
01:21:13.679 [main] DEBUG org.apache.http.wire -  >> "Connection: Keep-Alive[\r][\n]"
01:21:13.679 [main] DEBUG org.apache.http.wire -  >> "User-Agent: Apache-HttpClient/4.5.13 (Java/19.0.2)[\r][\n]"
01:21:13.679 [main] DEBUG org.apache.http.wire -  >> "Accept-Encoding: gzip,deflate[\r][\n]"
01:21:13.679 [main] DEBUG org.apache.http.wire -  >> "[\r][\n]"
01:21:13.679 [main] DEBUG org.apache.http.headers - >> GET /posts/2 HTTP/1.1
01:21:13.679 [main] DEBUG org.apache.http.headers - >> Accept: */*
01:21:13.679 [main] DEBUG org.apache.http.headers - >> Host: jsonplaceholder.typicode.com
01:21:13.679 [main] DEBUG org.apache.http.headers - >> Connection: Keep-Alive
01:21:13.679 [main] DEBUG org.apache.http.headers - >> User-Agent: Apache-HttpClient/4.5.13 (Java/19.0.2)
01:21:13.679 [main] DEBUG org.apache.http.headers - >> Accept-Encoding: gzip,deflate
01:21:13.715 [main] DEBUG org.apache.http.wire -  << "HTTP/1.1 200 OK[\r][\n]"
01:21:13.716 [main] DEBUG org.apache.http.wire -  << "Date: Sat, 15 Apr 2023 18:21:13 GMT[\r][\n]"
01:21:13.716 [main] DEBUG org.apache.http.wire -  << "Content-Type: application/json; charset=utf-8[\r][\n]"
01:21:13.716 [main] DEBUG org.apache.http.wire -  << "Transfer-Encoding: chunked[\r][\n]"
01:21:13.716 [main] DEBUG org.apache.http.wire -  << "Connection: keep-alive[\r][\n]"
01:21:13.716 [main] DEBUG org.apache.http.wire -  << "X-Powered-By: Express[\r][\n]"
01:21:13.716 [main] DEBUG org.apache.http.wire -  << "X-Ratelimit-Limit: 1000[\r][\n]"
01:21:13.716 [main] DEBUG org.apache.http.wire -  << "X-Ratelimit-Remaining: 999[\r][\n]"
01:21:13.716 [main] DEBUG org.apache.http.wire -  << "X-Ratelimit-Reset: 1681217156[\r][\n]"
01:21:13.716 [main] DEBUG org.apache.http.wire -  << "Vary: Origin, Accept-Encoding[\r][\n]"
01:21:13.716 [main] DEBUG org.apache.http.wire -  << "Access-Control-Allow-Credentials: true[\r][\n]"
01:21:13.716 [main] DEBUG org.apache.http.wire -  << "Cache-Control: max-age=43200[\r][\n]"
01:21:13.716 [main] DEBUG org.apache.http.wire -  << "Pragma: no-cache[\r][\n]"
01:21:13.716 [main] DEBUG org.apache.http.wire -  << "Expires: -1[\r][\n]"
01:21:13.716 [main] DEBUG org.apache.http.wire -  << "X-Content-Type-Options: nosniff[\r][\n]"
01:21:13.716 [main] DEBUG org.apache.http.wire -  << "Etag: W/"116-jnDuMpjju89+9j7e0BqkdFsVRjs"[\r][\n]"
01:21:13.716 [main] DEBUG org.apache.http.wire -  << "Via: 1.1 vegur[\r][\n]"
01:21:13.716 [main] DEBUG org.apache.http.wire -  << "CF-Cache-Status: HIT[\r][\n]"
01:21:13.716 [main] DEBUG org.apache.http.wire -  << "Age: 20089[\r][\n]"
01:21:13.716 [main] DEBUG org.apache.http.wire -  << "Report-To: {"endpoints":[{"url":"https:\/\/a.nel.cloudflare.com\/report\/v3?s=PzLw7NG1%2FNahGyh5ptL32J5qTxfX7keZEL24RE5hVprMw3%2FeceReAdYwL2FwEao0UaME8TWx8LxrZXgcIZAtvHRnu0PnAEYAKROovag9QjThK4WpnItpnBccn2M9sKgGVIMmmueZw%2FKZbt4iEpl%2F"}],"group":"cf-nel","max_age":604800}[\r][\n]"
01:21:13.717 [main] DEBUG org.apache.http.wire -  << "NEL: {"success_fraction":0,"report_to":"cf-nel","max_age":604800}[\r][\n]"
01:21:13.717 [main] DEBUG org.apache.http.wire -  << "Server: cloudflare[\r][\n]"
01:21:13.717 [main] DEBUG org.apache.http.wire -  << "CF-RAY: 7b8635008b0e91c6-SIN[\r][\n]"
01:21:13.717 [main] DEBUG org.apache.http.wire -  << "Content-Encoding: gzip[\r][\n]"
01:21:13.717 [main] DEBUG org.apache.http.wire -  << "alt-svc: h3=":443"; ma=86400, h3-29=":443"; ma=86400[\r][\n]"
01:21:13.717 [main] DEBUG org.apache.http.wire -  << "[\r][\n]"
01:21:13.717 [main] DEBUG org.apache.http.impl.conn.DefaultClientConnection - Receiving response: HTTP/1.1 200 OK
01:21:13.717 [main] DEBUG org.apache.http.headers - << HTTP/1.1 200 OK
01:21:13.717 [main] DEBUG org.apache.http.headers - << Date: Sat, 15 Apr 2023 18:21:13 GMT
01:21:13.717 [main] DEBUG org.apache.http.headers - << Content-Type: application/json; charset=utf-8
01:21:13.717 [main] DEBUG org.apache.http.headers - << Transfer-Encoding: chunked
01:21:13.717 [main] DEBUG org.apache.http.headers - << Connection: keep-alive
01:21:13.717 [main] DEBUG org.apache.http.headers - << X-Powered-By: Express
01:21:13.717 [main] DEBUG org.apache.http.headers - << X-Ratelimit-Limit: 1000
01:21:13.717 [main] DEBUG org.apache.http.headers - << X-Ratelimit-Remaining: 999
01:21:13.717 [main] DEBUG org.apache.http.headers - << X-Ratelimit-Reset: 1681217156
01:21:13.717 [main] DEBUG org.apache.http.headers - << Vary: Origin, Accept-Encoding
01:21:13.717 [main] DEBUG org.apache.http.headers - << Access-Control-Allow-Credentials: true
01:21:13.717 [main] DEBUG org.apache.http.headers - << Cache-Control: max-age=43200
01:21:13.717 [main] DEBUG org.apache.http.headers - << Pragma: no-cache
01:21:13.717 [main] DEBUG org.apache.http.headers - << Expires: -1
01:21:13.717 [main] DEBUG org.apache.http.headers - << X-Content-Type-Options: nosniff
01:21:13.717 [main] DEBUG org.apache.http.headers - << Etag: W/"116-jnDuMpjju89+9j7e0BqkdFsVRjs"
01:21:13.717 [main] DEBUG org.apache.http.headers - << Via: 1.1 vegur
01:21:13.717 [main] DEBUG org.apache.http.headers - << CF-Cache-Status: HIT
01:21:13.717 [main] DEBUG org.apache.http.headers - << Age: 20089
01:21:13.718 [main] DEBUG org.apache.http.headers - << Report-To: {"endpoints":[{"url":"https:\/\/a.nel.cloudflare.com\/report\/v3?s=PzLw7NG1%2FNahGyh5ptL32J5qTxfX7keZEL24RE5hVprMw3%2FeceReAdYwL2FwEao0UaME8TWx8LxrZXgcIZAtvHRnu0PnAEYAKROovag9QjThK4WpnItpnBccn2M9sKgGVIMmmueZw%2FKZbt4iEpl%2F"}],"group":"cf-nel","max_age":604800}
01:21:13.718 [main] DEBUG org.apache.http.headers - << NEL: {"success_fraction":0,"report_to":"cf-nel","max_age":604800}
01:21:13.718 [main] DEBUG org.apache.http.headers - << Server: cloudflare
01:21:13.718 [main] DEBUG org.apache.http.headers - << CF-RAY: 7b8635008b0e91c6-SIN
01:21:13.718 [main] DEBUG org.apache.http.headers - << Content-Encoding: gzip
01:21:13.718 [main] DEBUG org.apache.http.headers - << alt-svc: h3=":443"; ma=86400, h3-29=":443"; ma=86400
01:21:13.720 [main] DEBUG org.apache.http.impl.client.DefaultHttpClient - Connection can be kept alive indefinitely
01:21:13.723 [main] DEBUG io.restassured.internal.RestAssuredHttpBuilder - Parsing response as: application/json; charset=utf-8
01:21:13.723 [main] DEBUG org.apache.http.wire -  << "c6[\r][\n]"
01:21:13.723 [main] DEBUG org.apache.http.wire -  << "[0x1f][0x8b][0x8][0x0][0x0][0x0][0x0][0x0][0x0][0x3]-N1n[0x3]1[0xc][0xdb][0xf3][\n]"
01:21:13.723 [main] DEBUG org.apache.http.wire -  << "[0xc2]s[0x97]v[0xcc][0xf][0xfa][0x87][t5[0xdb][0x8][0xf0][0xc9][0x8e]$[0x7]([0x8a][0xfc][0xbd][0xf0][0xb5][0x1b])[0x92]".@[0x99]A[0xaf][0xe5][0x8a][0xd7][0x97]Eu[0xc1][0xb7][0x13][0xa6]fc[0xb9][0xa2][0xdc][0xa7][0x82][0x91]`[0x4][0xcb])[0xed][0xbd]~/e][0x9d]>[0xf]$[0x8f][0xd1][0x9d]xh[\n]"
01:21:13.723 [main] DEBUG org.apache.http.wire -  << "7[0xb][0xae]P[0xa8]%Lo[0xda][0xe0][0x1c][0xce][0x1b][0xad][0xd2]5Q{[0xeb][0x8e][0x9d][0x92]BP[0xfe]8[0x3][0xc6][0xfb][0xe4]f[0x9f][0xf3]K%[0xb1]7[0xb1][0xaa][0xa9][0x1a]x[0xf4]6GJ[0x12][0xa3][0xbb]w<[0xd8][0xfe][0x1f][0x1f][0xbd]1R[0x85][0x98]k[0x8b]~([0xad]jl[0xb6][0x6][0xc8][0xa0][0xab][0x1c][0xb0]n[0xa8][0xdc]550z[0x84][0x1e]3[0xb0][0xc]g!LCa[0xb3]5)[0x97][0xe7]/[0xfc]z[0x19][0x92][0x16][0x1][0x0][0x0]"
01:21:13.723 [main] DEBUG org.apache.http.wire -  << "[\r][\n]"
01:21:13.723 [main] DEBUG org.apache.http.wire -  << "0[\r][\n]"
01:21:13.724 [main] DEBUG org.apache.http.wire -  << "[\r][\n]"
01:21:13.724 [main] DEBUG io.restassured.internal.RestAssuredHttpBuilder - Parsed data to instance of: class org.apache.http.conn.EofSensorInputStream
01:21:13.764 [main] DEBUG org.apache.http.impl.conn.BasicClientConnectionManager - Releasing connection org.apache.http.impl.conn.ManagedClientConnectionImpl@6ffc6ea7
01:21:13.764 [main] DEBUG org.apache.http.impl.conn.BasicClientConnectionManager - Connection can be kept alive indefinitely
01:21:13.784 [main] DEBUG net.thucydides.core.steps.StepInterceptor - STEP DONE: I send GET HTTP request
  &amp#27;[32mWhen &amp#27;[0m&amp#27;[32mI send GET HTTP request&amp#27;[0m                             &amp#27;[90m# starter.stepdefinitions.UserSteps.setGetHttpRequest()&amp#27;[0m
01:21:13.787 [main] DEBUG net.thucydides.core.steps.StepInterceptor - STARTING STEP: UserSteps.receiveValidHttpResponse - I receive valid HTTP response code 200
01:21:13.807 [main] DEBUG net.thucydides.core.steps.StepInterceptor - STEP DONE: I receive valid HTTP response code 200
  &amp#27;[32mThen &amp#27;[0m&amp#27;[32mI receive valid HTTP response code 200&amp#27;[0m              &amp#27;[90m# starter.stepdefinitions.UserSteps.receiveValidHttpResponse()&amp#27;[0m
01:21:13.810 [main] DEBUG net.thucydides.core.steps.StepInterceptor - STARTING STEP: UserSteps.validateDataDetailPost - I receive valid data for detail post
01:21:14.237 [main] DEBUG net.thucydides.core.steps.StepInterceptor - STEP DONE: I receive valid data for detail post
  &amp#27;[32mAnd &amp#27;[0m&amp#27;[32mI receive valid data for detail post&amp#27;[0m                 &amp#27;[90m# starter.stepdefinitions.UserSteps.validateDataDetailPost()&amp#27;[0m
01:21:14.241 [main] INFO  - 
  _____   ___   ___   _____     ___     _     ___   ___   ___   ___  
 |_   _| | __| / __| |_   _|   | _ \   /_\   / __| / __| | __| |   \ 
   | |   | _|  \__ \   | |     |  _/  / _ \  \__ \ \__ \ | _|  | |) |
   |_|   |___| |___/   |_|     |_|   /_/ \_\ |___/ |___/ |___| |___/ 

GET - As admin I have be able to get detail post
----------------------------------------------------------------------
]]></system-out>
  </testcase>
  <testcase name="GET - As admin I haven&apos;t be able to get detail post" classname="User" time="0.215">
    <system-out><![CDATA[
Scenario: GET - As admin I haven't be able to get detail post &amp#27;[90m# src/test/resources/features/User.feature:13&amp#27;[0m
01:21:14.254 [main] DEBUG io.cucumber.core.plugin.SerenityReporter - Running feature from file:///D:/Tugas13_REST_Api/src/test/resources/features/User.feature
01:21:14.257 [main] INFO  - 
  _____   ___   ___   _____     ___   _____     _     ___   _____   ___   ___  
 |_   _| | __| / __| |_   _|   / __| |_   _|   /_\   | _ \ |_   _| | __| |   \ 
   | |   | _|  \__ \   | |     \__ \   | |    / _ \  |   /   | |   | _|  | |) |
   |_|   |___| |___/   |_|     |___/   |_|   /_/ \_\ |_|_\   |_|   |___| |___/ 

GET - As admin I haven't be able to get detail post(user;get---as-admin-i-haven-t-be-able-to-get-detail-post)
--------------------------------------------------------------------------------
01:21:14.279 [main] DEBUG net.thucydides.core.steps.StepInterceptor - STARTING STEP: UserSteps.setGetTypoApiEndpoints - I set typo GET api endpoints
01:21:14.279 [main] DEBUG net.thucydides.core.steps.StepInterceptor - STEP DONE: I set typo GET api endpoints
  &amp#27;[32mGiven &amp#27;[0m&amp#27;[32mI set typo GET api endpoints&amp#27;[0m                          &amp#27;[90m# starter.stepdefinitions.UserSteps.setGetTypoApiEndpoints()&amp#27;[0m
01:21:14.285 [main] DEBUG net.thucydides.core.steps.StepInterceptor - STARTING STEP: UserSteps.setGetTypoHttpRequest - I send typo GET HTTP request
01:21:14.287 [main] DEBUG net.thucydides.core.steps.StepInterceptor - STARTING STEP: Get.setGetTypoHttpRequest - I set typo GET api endpoints
01:21:14.287 [main] DEBUG net.thucydides.core.steps.StepInterceptor - STEP DONE: I set typo GET api endpoints
01:21:14.300 [main] DEBUG org.apache.http.impl.conn.BasicClientConnectionManager - Get connection for route {s}->https://jsonplaceholder.typicode.com:443
01:21:14.301 [main] DEBUG org.apache.http.impl.conn.DefaultClientConnectionOperator - Connecting to jsonplaceholder.typicode.com:443
01:21:14.391 [main] DEBUG org.apache.http.client.protocol.RequestAddCookies - CookieSpec selected: ignoreCookies
01:21:14.391 [main] DEBUG org.apache.http.client.protocol.RequestAuthCache - Auth cache not set in the context
01:21:14.391 [main] DEBUG org.apache.http.client.protocol.RequestTargetAuthentication - Target auth state: UNCHALLENGED
01:21:14.391 [main] DEBUG org.apache.http.client.protocol.RequestProxyAuthentication - Proxy auth state: UNCHALLENGED
01:21:14.392 [main] DEBUG org.apache.http.impl.client.DefaultHttpClient - Attempt 1 to execute request
01:21:14.392 [main] DEBUG org.apache.http.impl.conn.DefaultClientConnection - Sending request: GET /post HTTP/1.1
01:21:14.392 [main] DEBUG org.apache.http.wire -  >> "GET /post HTTP/1.1[\r][\n]"
01:21:14.392 [main] DEBUG org.apache.http.wire -  >> "Accept: */*[\r][\n]"
01:21:14.392 [main] DEBUG org.apache.http.wire -  >> "Host: jsonplaceholder.typicode.com[\r][\n]"
01:21:14.392 [main] DEBUG org.apache.http.wire -  >> "Connection: Keep-Alive[\r][\n]"
01:21:14.393 [main] DEBUG org.apache.http.wire -  >> "User-Agent: Apache-HttpClient/4.5.13 (Java/19.0.2)[\r][\n]"
01:21:14.393 [main] DEBUG org.apache.http.wire -  >> "Accept-Encoding: gzip,deflate[\r][\n]"
01:21:14.393 [main] DEBUG org.apache.http.wire -  >> "[\r][\n]"
01:21:14.393 [main] DEBUG org.apache.http.headers - >> GET /post HTTP/1.1
01:21:14.393 [main] DEBUG org.apache.http.headers - >> Accept: */*
01:21:14.393 [main] DEBUG org.apache.http.headers - >> Host: jsonplaceholder.typicode.com
01:21:14.393 [main] DEBUG org.apache.http.headers - >> Connection: Keep-Alive
01:21:14.393 [main] DEBUG org.apache.http.headers - >> User-Agent: Apache-HttpClient/4.5.13 (Java/19.0.2)
01:21:14.393 [main] DEBUG org.apache.http.headers - >> Accept-Encoding: gzip,deflate
01:21:14.433 [main] DEBUG org.apache.http.wire -  << "HTTP/1.1 404 Not Found[\r][\n]"
01:21:14.433 [main] DEBUG org.apache.http.wire -  << "Date: Sat, 15 Apr 2023 18:21:14 GMT[\r][\n]"
01:21:14.434 [main] DEBUG org.apache.http.wire -  << "Content-Type: application/json; charset=utf-8[\r][\n]"
01:21:14.434 [main] DEBUG org.apache.http.wire -  << "Content-Length: 2[\r][\n]"
01:21:14.434 [main] DEBUG org.apache.http.wire -  << "Connection: keep-alive[\r][\n]"
01:21:14.434 [main] DEBUG org.apache.http.wire -  << "X-Powered-By: Express[\r][\n]"
01:21:14.434 [main] DEBUG org.apache.http.wire -  << "X-Ratelimit-Limit: 1000[\r][\n]"
01:21:14.434 [main] DEBUG org.apache.http.wire -  << "X-Ratelimit-Remaining: 999[\r][\n]"
01:21:14.434 [main] DEBUG org.apache.http.wire -  << "X-Ratelimit-Reset: 1681572445[\r][\n]"
01:21:14.434 [main] DEBUG org.apache.http.wire -  << "Vary: Origin, Accept-Encoding[\r][\n]"
01:21:14.435 [main] DEBUG org.apache.http.wire -  << "Access-Control-Allow-Credentials: true[\r][\n]"
01:21:14.435 [main] DEBUG org.apache.http.wire -  << "Cache-Control: max-age=43200[\r][\n]"
01:21:14.435 [main] DEBUG org.apache.http.wire -  << "Pragma: no-cache[\r][\n]"
01:21:14.435 [main] DEBUG org.apache.http.wire -  << "Expires: -1[\r][\n]"
01:21:14.435 [main] DEBUG org.apache.http.wire -  << "X-Content-Type-Options: nosniff[\r][\n]"
01:21:14.435 [main] DEBUG org.apache.http.wire -  << "Etag: W/"2-vyGp6PvFo4RvsFtPoIWeCReyIC8"[\r][\n]"
01:21:14.435 [main] DEBUG org.apache.http.wire -  << "Via: 1.1 vegur[\r][\n]"
01:21:14.435 [main] DEBUG org.apache.http.wire -  << "CF-Cache-Status: HIT[\r][\n]"
01:21:14.435 [main] DEBUG org.apache.http.wire -  << "Age: 10448[\r][\n]"
01:21:14.436 [main] DEBUG org.apache.http.wire -  << "Report-To: {"endpoints":[{"url":"https:\/\/a.nel.cloudflare.com\/report\/v3?s=u54XtwpRG9jLiQFhwtbW12HwXEYNmLVip3hGfBO16qwyKG3ALDSoEG6iRKBfs6frEin%2BIxMqaseO41H01O3vyVtOM8sQNV2jt4igG%2FzvHQ2WIxUSwLHAyjBdTWeGjPTzqsQVv4XeBnVlBMJ2IkxB"}],"group":"cf-nel","max_age":604800}[\r][\n]"
01:21:14.436 [main] DEBUG org.apache.http.wire -  << "NEL: {"success_fraction":0,"report_to":"cf-nel","max_age":604800}[\r][\n]"
01:21:14.436 [main] DEBUG org.apache.http.wire -  << "Server: cloudflare[\r][\n]"
01:21:14.436 [main] DEBUG org.apache.http.wire -  << "CF-RAY: 7b863504ff853e20-SIN[\r][\n]"
01:21:14.436 [main] DEBUG org.apache.http.wire -  << "alt-svc: h3=":443"; ma=86400, h3-29=":443"; ma=86400[\r][\n]"
01:21:14.436 [main] DEBUG org.apache.http.wire -  << "[\r][\n]"
01:21:14.437 [main] DEBUG org.apache.http.impl.conn.DefaultClientConnection - Receiving response: HTTP/1.1 404 Not Found
01:21:14.437 [main] DEBUG org.apache.http.headers - << HTTP/1.1 404 Not Found
01:21:14.437 [main] DEBUG org.apache.http.headers - << Date: Sat, 15 Apr 2023 18:21:14 GMT
01:21:14.437 [main] DEBUG org.apache.http.headers - << Content-Type: application/json; charset=utf-8
01:21:14.437 [main] DEBUG org.apache.http.headers - << Content-Length: 2
01:21:14.437 [main] DEBUG org.apache.http.headers - << Connection: keep-alive
01:21:14.437 [main] DEBUG org.apache.http.headers - << X-Powered-By: Express
01:21:14.437 [main] DEBUG org.apache.http.headers - << X-Ratelimit-Limit: 1000
01:21:14.437 [main] DEBUG org.apache.http.headers - << X-Ratelimit-Remaining: 999
01:21:14.437 [main] DEBUG org.apache.http.headers - << X-Ratelimit-Reset: 1681572445
01:21:14.437 [main] DEBUG org.apache.http.headers - << Vary: Origin, Accept-Encoding
01:21:14.437 [main] DEBUG org.apache.http.headers - << Access-Control-Allow-Credentials: true
01:21:14.438 [main] DEBUG org.apache.http.headers - << Cache-Control: max-age=43200
01:21:14.438 [main] DEBUG org.apache.http.headers - << Pragma: no-cache
01:21:14.438 [main] DEBUG org.apache.http.headers - << Expires: -1
01:21:14.438 [main] DEBUG org.apache.http.headers - << X-Content-Type-Options: nosniff
01:21:14.438 [main] DEBUG org.apache.http.headers - << Etag: W/"2-vyGp6PvFo4RvsFtPoIWeCReyIC8"
01:21:14.438 [main] DEBUG org.apache.http.headers - << Via: 1.1 vegur
01:21:14.438 [main] DEBUG org.apache.http.headers - << CF-Cache-Status: HIT
01:21:14.438 [main] DEBUG org.apache.http.headers - << Age: 10448
01:21:14.438 [main] DEBUG org.apache.http.headers - << Report-To: {"endpoints":[{"url":"https:\/\/a.nel.cloudflare.com\/report\/v3?s=u54XtwpRG9jLiQFhwtbW12HwXEYNmLVip3hGfBO16qwyKG3ALDSoEG6iRKBfs6frEin%2BIxMqaseO41H01O3vyVtOM8sQNV2jt4igG%2FzvHQ2WIxUSwLHAyjBdTWeGjPTzqsQVv4XeBnVlBMJ2IkxB"}],"group":"cf-nel","max_age":604800}
01:21:14.438 [main] DEBUG org.apache.http.headers - << NEL: {"success_fraction":0,"report_to":"cf-nel","max_age":604800}
01:21:14.438 [main] DEBUG org.apache.http.headers - << Server: cloudflare
01:21:14.438 [main] DEBUG org.apache.http.headers - << CF-RAY: 7b863504ff853e20-SIN
01:21:14.438 [main] DEBUG org.apache.http.headers - << alt-svc: h3=":443"; ma=86400, h3-29=":443"; ma=86400
01:21:14.439 [main] DEBUG org.apache.http.impl.client.DefaultHttpClient - Connection can be kept alive indefinitely
01:21:14.440 [main] DEBUG io.restassured.internal.RestAssuredHttpBuilder - Parsing response as: application/json; charset=utf-8
01:21:14.440 [main] DEBUG io.restassured.internal.RestAssuredHttpBuilder - Parsed data to instance of: class org.apache.http.conn.EofSensorInputStream
01:21:14.447 [main] DEBUG org.apache.http.wire -  << "{}"
01:21:14.448 [main] DEBUG org.apache.http.impl.conn.BasicClientConnectionManager - Releasing connection org.apache.http.impl.conn.ManagedClientConnectionImpl@13c81bc5
01:21:14.448 [main] DEBUG org.apache.http.impl.conn.BasicClientConnectionManager - Connection can be kept alive indefinitely
01:21:14.450 [main] DEBUG net.thucydides.core.steps.StepInterceptor - STEP DONE: I send typo GET HTTP request
  &amp#27;[32mWhen &amp#27;[0m&amp#27;[32mI send typo GET HTTP request&amp#27;[0m                           &amp#27;[90m# starter.stepdefinitions.UserSteps.setGetTypoHttpRequest()&amp#27;[0m
01:21:14.458 [main] DEBUG net.thucydides.core.steps.StepInterceptor - STARTING STEP: UserSteps.receiveValidHttpResponse404 - I receive valid HTTP response code 404
01:21:14.459 [main] DEBUG net.thucydides.core.steps.StepInterceptor - STEP DONE: I receive valid HTTP response code 404
  &amp#27;[32mThen &amp#27;[0m&amp#27;[32mI receive valid HTTP response code 404&amp#27;[0m                 &amp#27;[90m# starter.stepdefinitions.UserSteps.receiveValidHttpResponse404()&amp#27;[0m
01:21:14.460 [main] INFO  - 
  _____   ___   ___   _____     ___     _     ___   ___   ___   ___  
 |_   _| | __| / __| |_   _|   | _ \   /_\   / __| / __| | __| |   \ 
   | |   | _|  \__ \   | |     |  _/  / _ \  \__ \ \__ \ | _|  | |) |
   |_|   |___| |___/   |_|     |_|   /_/ \_\ |___/ |___/ |___| |___/ 

GET - As admin I haven't be able to get detail post
----------------------------------------------------------------------
]]></system-out>
  </testcase>
  <testcase name="POST - As admin I have be able to create new post" classname="User" time="0.76">
    <system-out><![CDATA[
Scenario: POST - As admin I have be able to create new post &amp#27;[90m# src/test/resources/features/User.feature:18&amp#27;[0m
01:21:14.467 [main] DEBUG io.cucumber.core.plugin.SerenityReporter - Running feature from file:///D:/Tugas13_REST_Api/src/test/resources/features/User.feature
01:21:14.469 [main] INFO  - 
  _____   ___   ___   _____     ___   _____     _     ___   _____   ___   ___  
 |_   _| | __| / __| |_   _|   / __| |_   _|   /_\   | _ \ |_   _| | __| |   \ 
   | |   | _|  \__ \   | |     \__ \   | |    / _ \  |   /   | |   | _|  | |) |
   |_|   |___| |___/   |_|     |___/   |_|   /_/ \_\ |_|_\   |_|   |___| |___/ 

POST - As admin I have be able to create new post(user;post---as-admin-i-have-be-able-to-create-new-post)
--------------------------------------------------------------------------------
01:21:14.488 [main] DEBUG net.thucydides.core.steps.StepInterceptor - STARTING STEP: UserSteps.setPostApiEndpoints - I set POST api endpoints
01:21:14.488 [main] DEBUG net.thucydides.core.steps.StepInterceptor - STEP DONE: I set POST api endpoints
  &amp#27;[32mGiven &amp#27;[0m&amp#27;[32mI set POST api endpoints&amp#27;[0m                            &amp#27;[90m# starter.stepdefinitions.UserSteps.setPostApiEndpoints()&amp#27;[0m
01:21:14.491 [main] DEBUG net.thucydides.core.steps.StepInterceptor - STARTING STEP: UserSteps.sendPostHttpRequest - I send POST HTTP request
01:21:14.502 [main] DEBUG net.thucydides.core.steps.StepInterceptor - STARTING STEP: Post.sendPostHttpRequest - I set POST api endpoints
01:21:14.502 [main] DEBUG net.thucydides.core.steps.StepInterceptor - STEP DONE: I set POST api endpoints
01:21:14.522 [main] DEBUG org.apache.http.impl.conn.BasicClientConnectionManager - Get connection for route {s}->https://jsonplaceholder.typicode.com:443
01:21:14.522 [main] DEBUG org.apache.http.impl.conn.DefaultClientConnectionOperator - Connecting to jsonplaceholder.typicode.com:443
01:21:14.609 [main] DEBUG org.apache.http.client.protocol.RequestAddCookies - CookieSpec selected: ignoreCookies
01:21:14.609 [main] DEBUG org.apache.http.client.protocol.RequestAuthCache - Auth cache not set in the context
01:21:14.609 [main] DEBUG org.apache.http.client.protocol.RequestTargetAuthentication - Target auth state: UNCHALLENGED
01:21:14.609 [main] DEBUG org.apache.http.client.protocol.RequestProxyAuthentication - Proxy auth state: UNCHALLENGED
01:21:14.609 [main] DEBUG org.apache.http.impl.client.DefaultHttpClient - Attempt 1 to execute request
01:21:14.609 [main] DEBUG org.apache.http.impl.conn.DefaultClientConnection - Sending request: POST /posts HTTP/1.1
01:21:14.609 [main] DEBUG org.apache.http.wire -  >> "POST /posts HTTP/1.1[\r][\n]"
01:21:14.609 [main] DEBUG org.apache.http.wire -  >> "Accept: */*[\r][\n]"
01:21:14.609 [main] DEBUG org.apache.http.wire -  >> "Content-Type: application/json[\r][\n]"
01:21:14.610 [main] DEBUG org.apache.http.wire -  >> "Content-Length: 157[\r][\n]"
01:21:14.610 [main] DEBUG org.apache.http.wire -  >> "Host: jsonplaceholder.typicode.com[\r][\n]"
01:21:14.610 [main] DEBUG org.apache.http.wire -  >> "Connection: Keep-Alive[\r][\n]"
01:21:14.610 [main] DEBUG org.apache.http.wire -  >> "User-Agent: Apache-HttpClient/4.5.13 (Java/19.0.2)[\r][\n]"
01:21:14.610 [main] DEBUG org.apache.http.wire -  >> "Accept-Encoding: gzip,deflate[\r][\n]"
01:21:14.610 [main] DEBUG org.apache.http.wire -  >> "[\r][\n]"
01:21:14.610 [main] DEBUG org.apache.http.headers - >> POST /posts HTTP/1.1
01:21:14.610 [main] DEBUG org.apache.http.headers - >> Accept: */*
01:21:14.610 [main] DEBUG org.apache.http.headers - >> Content-Type: application/json
01:21:14.611 [main] DEBUG org.apache.http.headers - >> Content-Length: 157
01:21:14.611 [main] DEBUG org.apache.http.headers - >> Host: jsonplaceholder.typicode.com
01:21:14.611 [main] DEBUG org.apache.http.headers - >> Connection: Keep-Alive
01:21:14.611 [main] DEBUG org.apache.http.headers - >> User-Agent: Apache-HttpClient/4.5.13 (Java/19.0.2)
01:21:14.611 [main] DEBUG org.apache.http.headers - >> Accept-Encoding: gzip,deflate
01:21:14.611 [main] DEBUG org.apache.http.wire -  >> "{"id":101,"title":"marmut merah jambu","body":"pada suatu hari hiduplah seekor singa yang tampan dan rupawan dengan bangganya beliau makan sapi","userId":10}"
01:21:15.170 [main] DEBUG org.apache.http.wire -  << "HTTP/1.1 201 Created[\r][\n]"
01:21:15.170 [main] DEBUG org.apache.http.wire -  << "Date: Sat, 15 Apr 2023 18:21:15 GMT[\r][\n]"
01:21:15.170 [main] DEBUG org.apache.http.wire -  << "Content-Type: application/json; charset=utf-8[\r][\n]"
01:21:15.170 [main] DEBUG org.apache.http.wire -  << "Content-Length: 174[\r][\n]"
01:21:15.170 [main] DEBUG org.apache.http.wire -  << "Connection: keep-alive[\r][\n]"
01:21:15.170 [main] DEBUG org.apache.http.wire -  << "X-Powered-By: Express[\r][\n]"
01:21:15.170 [main] DEBUG org.apache.http.wire -  << "X-Ratelimit-Limit: 1000[\r][\n]"
01:21:15.171 [main] DEBUG org.apache.http.wire -  << "X-Ratelimit-Remaining: 999[\r][\n]"
01:21:15.171 [main] DEBUG org.apache.http.wire -  << "X-Ratelimit-Reset: 1681582885[\r][\n]"
01:21:15.171 [main] DEBUG org.apache.http.wire -  << "Vary: Origin, X-HTTP-Method-Override, Accept-Encoding[\r][\n]"
01:21:15.171 [main] DEBUG org.apache.http.wire -  << "Access-Control-Allow-Credentials: true[\r][\n]"
01:21:15.171 [main] DEBUG org.apache.http.wire -  << "Cache-Control: no-cache[\r][\n]"
01:21:15.171 [main] DEBUG org.apache.http.wire -  << "Pragma: no-cache[\r][\n]"
01:21:15.171 [main] DEBUG org.apache.http.wire -  << "Expires: -1[\r][\n]"
01:21:15.171 [main] DEBUG org.apache.http.wire -  << "Access-Control-Expose-Headers: Location[\r][\n]"
01:21:15.171 [main] DEBUG org.apache.http.wire -  << "Location: http://jsonplaceholder.typicode.com/posts/101[\r][\n]"
01:21:15.171 [main] DEBUG org.apache.http.wire -  << "X-Content-Type-Options: nosniff[\r][\n]"
01:21:15.171 [main] DEBUG org.apache.http.wire -  << "Etag: W/"ae-wIjopb5D99asyzP1rZJbPI4yECU"[\r][\n]"
01:21:15.171 [main] DEBUG org.apache.http.wire -  << "Via: 1.1 vegur[\r][\n]"
01:21:15.171 [main] DEBUG org.apache.http.wire -  << "CF-Cache-Status: DYNAMIC[\r][\n]"
01:21:15.171 [main] DEBUG org.apache.http.wire -  << "Report-To: {"endpoints":[{"url":"https:\/\/a.nel.cloudflare.com\/report\/v3?s=lXHNbGWNXBb0TlBhYHXsCu%2F0a1zzXo0OO3KKkS1hNGUW1Nss6gBYGla7PsqBfcTtvrD6ucZsRJosCi5m9S50nVRXreWB%2FiVArpXHzAHxXuCwjZBwG0zX1mZgbZDa2eZjJa33oVYyz2IdjymMkksm"}],"group":"cf-nel","max_age":604800}[\r][\n]"
01:21:15.171 [main] DEBUG org.apache.http.wire -  << "NEL: {"success_fraction":0,"report_to":"cf-nel","max_age":604800}[\r][\n]"
01:21:15.171 [main] DEBUG org.apache.http.wire -  << "Server: cloudflare[\r][\n]"
01:21:15.171 [main] DEBUG org.apache.http.wire -  << "CF-RAY: 7b8635065e1287c6-SIN[\r][\n]"
01:21:15.171 [main] DEBUG org.apache.http.wire -  << "alt-svc: h3=":443"; ma=86400, h3-29=":443"; ma=86400[\r][\n]"
01:21:15.171 [main] DEBUG org.apache.http.wire -  << "[\r][\n]"
01:21:15.171 [main] DEBUG org.apache.http.impl.conn.DefaultClientConnection - Receiving response: HTTP/1.1 201 Created
01:21:15.171 [main] DEBUG org.apache.http.headers - << HTTP/1.1 201 Created
01:21:15.171 [main] DEBUG org.apache.http.headers - << Date: Sat, 15 Apr 2023 18:21:15 GMT
01:21:15.171 [main] DEBUG org.apache.http.headers - << Content-Type: application/json; charset=utf-8
01:21:15.171 [main] DEBUG org.apache.http.headers - << Content-Length: 174
01:21:15.171 [main] DEBUG org.apache.http.headers - << Connection: keep-alive
01:21:15.171 [main] DEBUG org.apache.http.headers - << X-Powered-By: Express
01:21:15.171 [main] DEBUG org.apache.http.headers - << X-Ratelimit-Limit: 1000
01:21:15.171 [main] DEBUG org.apache.http.headers - << X-Ratelimit-Remaining: 999
01:21:15.171 [main] DEBUG org.apache.http.headers - << X-Ratelimit-Reset: 1681582885
01:21:15.171 [main] DEBUG org.apache.http.headers - << Vary: Origin, X-HTTP-Method-Override, Accept-Encoding
01:21:15.171 [main] DEBUG org.apache.http.headers - << Access-Control-Allow-Credentials: true
01:21:15.171 [main] DEBUG org.apache.http.headers - << Cache-Control: no-cache
01:21:15.171 [main] DEBUG org.apache.http.headers - << Pragma: no-cache
01:21:15.171 [main] DEBUG org.apache.http.headers - << Expires: -1
01:21:15.171 [main] DEBUG org.apache.http.headers - << Access-Control-Expose-Headers: Location
01:21:15.171 [main] DEBUG org.apache.http.headers - << Location: http://jsonplaceholder.typicode.com/posts/101
01:21:15.171 [main] DEBUG org.apache.http.headers - << X-Content-Type-Options: nosniff
01:21:15.171 [main] DEBUG org.apache.http.headers - << Etag: W/"ae-wIjopb5D99asyzP1rZJbPI4yECU"
01:21:15.171 [main] DEBUG org.apache.http.headers - << Via: 1.1 vegur
01:21:15.171 [main] DEBUG org.apache.http.headers - << CF-Cache-Status: DYNAMIC
01:21:15.171 [main] DEBUG org.apache.http.headers - << Report-To: {"endpoints":[{"url":"https:\/\/a.nel.cloudflare.com\/report\/v3?s=lXHNbGWNXBb0TlBhYHXsCu%2F0a1zzXo0OO3KKkS1hNGUW1Nss6gBYGla7PsqBfcTtvrD6ucZsRJosCi5m9S50nVRXreWB%2FiVArpXHzAHxXuCwjZBwG0zX1mZgbZDa2eZjJa33oVYyz2IdjymMkksm"}],"group":"cf-nel","max_age":604800}
01:21:15.172 [main] DEBUG org.apache.http.headers - << NEL: {"success_fraction":0,"report_to":"cf-nel","max_age":604800}
01:21:15.172 [main] DEBUG org.apache.http.headers - << Server: cloudflare
01:21:15.172 [main] DEBUG org.apache.http.headers - << CF-RAY: 7b8635065e1287c6-SIN
01:21:15.172 [main] DEBUG org.apache.http.headers - << alt-svc: h3=":443"; ma=86400, h3-29=":443"; ma=86400
01:21:15.172 [main] DEBUG org.apache.http.impl.client.DefaultHttpClient - Connection can be kept alive indefinitely
01:21:15.172 [main] DEBUG io.restassured.internal.RestAssuredHttpBuilder - Parsing response as: application/json; charset=utf-8
01:21:15.172 [main] DEBUG io.restassured.internal.RestAssuredHttpBuilder - Parsed data to instance of: class org.apache.http.conn.EofSensorInputStream
01:21:15.174 [main] DEBUG org.apache.http.wire -  << "{[\n]"
01:21:15.174 [main] DEBUG org.apache.http.wire -  << "  "id": 101,[\n]"
01:21:15.174 [main] DEBUG org.apache.http.wire -  << "  "title": "marmut merah jambu",[\n]"
01:21:15.174 [main] DEBUG org.apache.http.wire -  << "  "body": "pada suatu hari hiduplah seekor singa yang tampan dan rupawan dengan bangganya beliau makan sapi",[\n]"
01:21:15.174 [main] DEBUG org.apache.http.wire -  << "  "userId": 10[\n]"
01:21:15.174 [main] DEBUG org.apache.http.wire -  << "}"
01:21:15.174 [main] DEBUG org.apache.http.impl.conn.BasicClientConnectionManager - Releasing connection org.apache.http.impl.conn.ManagedClientConnectionImpl@7f94541b
01:21:15.174 [main] DEBUG org.apache.http.impl.conn.BasicClientConnectionManager - Connection can be kept alive indefinitely
01:21:15.175 [main] DEBUG net.thucydides.core.steps.StepInterceptor - STEP DONE: I send POST HTTP request
  &amp#27;[32mWhen &amp#27;[0m&amp#27;[32mI send POST HTTP request&amp#27;[0m                             &amp#27;[90m# starter.stepdefinitions.UserSteps.sendPostHttpRequest()&amp#27;[0m
01:21:15.178 [main] DEBUG net.thucydides.core.steps.StepInterceptor - STARTING STEP: UserSteps.receiveValidHttp201 - I receive valid HTTP response code 201
01:21:15.179 [main] DEBUG net.thucydides.core.steps.StepInterceptor - STEP DONE: I receive valid HTTP response code 201
  &amp#27;[32mThen &amp#27;[0m&amp#27;[32mI receive valid HTTP response code 201&amp#27;[0m               &amp#27;[90m# starter.stepdefinitions.UserSteps.receiveValidHttp201()&amp#27;[0m
01:21:15.181 [main] DEBUG net.thucydides.core.steps.StepInterceptor - STARTING STEP: UserSteps.validateDatanewPost - I receive valid data for new post
01:21:15.219 [main] DEBUG net.thucydides.core.steps.StepInterceptor - STEP DONE: I receive valid data for new post
  &amp#27;[32mAnd &amp#27;[0m&amp#27;[32mI receive valid data for new post&amp#27;[0m                     &amp#27;[90m# starter.stepdefinitions.UserSteps.validateDatanewPost()&amp#27;[0m
01:21:15.221 [main] INFO  - 
  _____   ___   ___   _____     ___     _     ___   ___   ___   ___  
 |_   _| | __| / __| |_   _|   | _ \   /_\   / __| / __| | __| |   \ 
   | |   | _|  \__ \   | |     |  _/  / _ \  \__ \ \__ \ | _|  | |) |
   |_|   |___| |___/   |_|     |_|   /_/ \_\ |___/ |___/ |___| |___/ 

POST - As admin I have be able to create new post
----------------------------------------------------------------------
]]></system-out>
  </testcase>
  <testcase name="POST - As admin I haven&apos;t be able to create new post" classname="User" time="0.671">
    <system-out><![CDATA[
Scenario: POST - As admin I haven't be able to create new post &amp#27;[90m# src/test/resources/features/User.feature:24&amp#27;[0m
01:21:15.227 [main] DEBUG io.cucumber.core.plugin.SerenityReporter - Running feature from file:///D:/Tugas13_REST_Api/src/test/resources/features/User.feature
01:21:15.230 [main] INFO  - 
  _____   ___   ___   _____     ___   _____     _     ___   _____   ___   ___  
 |_   _| | __| / __| |_   _|   / __| |_   _|   /_\   | _ \ |_   _| | __| |   \ 
   | |   | _|  \__ \   | |     \__ \   | |    / _ \  |   /   | |   | _|  | |) |
   |_|   |___| |___/   |_|     |___/   |_|   /_/ \_\ |_|_\   |_|   |___| |___/ 

POST - As admin I haven't be able to create new post(user;post---as-admin-i-haven-t-be-able-to-create-new-post)
--------------------------------------------------------------------------------
01:21:15.250 [main] DEBUG net.thucydides.core.steps.StepInterceptor - STARTING STEP: UserSteps.setTypoPostApiEndpoints - I set typo POST api endpoints
01:21:15.250 [main] DEBUG net.thucydides.core.steps.StepInterceptor - STEP DONE: I set typo POST api endpoints
  &amp#27;[32mGiven &amp#27;[0m&amp#27;[32mI set typo POST api endpoints&amp#27;[0m                          &amp#27;[90m# starter.stepdefinitions.UserSteps.setTypoPostApiEndpoints()&amp#27;[0m
01:21:15.255 [main] DEBUG net.thucydides.core.steps.StepInterceptor - STARTING STEP: UserSteps.sendTypoPostHttpRequest - I send typo POST HTTP request
01:21:15.257 [main] DEBUG net.thucydides.core.steps.StepInterceptor - STARTING STEP: Post.sendTypoPostHttpRequest - I set POST api endpoints
01:21:15.258 [main] DEBUG net.thucydides.core.steps.StepInterceptor - STEP DONE: I set POST api endpoints
01:21:15.272 [main] DEBUG org.apache.http.impl.conn.BasicClientConnectionManager - Get connection for route {s}->https://jsonplaceholder.typicode.com:443
01:21:15.272 [main] DEBUG org.apache.http.impl.conn.DefaultClientConnectionOperator - Connecting to jsonplaceholder.typicode.com:443
01:21:15.340 [main] DEBUG org.apache.http.client.protocol.RequestAddCookies - CookieSpec selected: ignoreCookies
01:21:15.340 [main] DEBUG org.apache.http.client.protocol.RequestAuthCache - Auth cache not set in the context
01:21:15.340 [main] DEBUG org.apache.http.client.protocol.RequestTargetAuthentication - Target auth state: UNCHALLENGED
01:21:15.340 [main] DEBUG org.apache.http.client.protocol.RequestProxyAuthentication - Proxy auth state: UNCHALLENGED
01:21:15.340 [main] DEBUG org.apache.http.impl.client.DefaultHttpClient - Attempt 1 to execute request
01:21:15.340 [main] DEBUG org.apache.http.impl.conn.DefaultClientConnection - Sending request: POST /posts HTTP/1.1
01:21:15.340 [main] DEBUG org.apache.http.wire -  >> "POST /posts HTTP/1.1[\r][\n]"
01:21:15.340 [main] DEBUG org.apache.http.wire -  >> "Accept: */*[\r][\n]"
01:21:15.340 [main] DEBUG org.apache.http.wire -  >> "Content-Type: application/json[\r][\n]"
01:21:15.340 [main] DEBUG org.apache.http.wire -  >> "Content-Length: 74[\r][\n]"
01:21:15.340 [main] DEBUG org.apache.http.wire -  >> "Host: jsonplaceholder.typicode.com[\r][\n]"
01:21:15.340 [main] DEBUG org.apache.http.wire -  >> "Connection: Keep-Alive[\r][\n]"
01:21:15.340 [main] DEBUG org.apache.http.wire -  >> "User-Agent: Apache-HttpClient/4.5.13 (Java/19.0.2)[\r][\n]"
01:21:15.340 [main] DEBUG org.apache.http.wire -  >> "Accept-Encoding: gzip,deflate[\r][\n]"
01:21:15.340 [main] DEBUG org.apache.http.wire -  >> "[\r][\n]"
01:21:15.340 [main] DEBUG org.apache.http.headers - >> POST /posts HTTP/1.1
01:21:15.340 [main] DEBUG org.apache.http.headers - >> Accept: */*
01:21:15.340 [main] DEBUG org.apache.http.headers - >> Content-Type: application/json
01:21:15.340 [main] DEBUG org.apache.http.headers - >> Content-Length: 74
01:21:15.340 [main] DEBUG org.apache.http.headers - >> Host: jsonplaceholder.typicode.com
01:21:15.340 [main] DEBUG org.apache.http.headers - >> Connection: Keep-Alive
01:21:15.340 [main] DEBUG org.apache.http.headers - >> User-Agent: Apache-HttpClient/4.5.13 (Java/19.0.2)
01:21:15.340 [main] DEBUG org.apache.http.headers - >> Accept-Encoding: gzip,deflate
01:21:15.341 [main] DEBUG org.apache.http.wire -  >> "{"id":10986,"title":"ADASDASDASDas","body":"SADASDASDASDASDAS","userId":8}"
01:21:15.881 [main] DEBUG org.apache.http.wire -  << "HTTP/1.1 201 Created[\r][\n]"
01:21:15.881 [main] DEBUG org.apache.http.wire -  << "Date: Sat, 15 Apr 2023 18:21:15 GMT[\r][\n]"
01:21:15.881 [main] DEBUG org.apache.http.wire -  << "Content-Type: application/json; charset=utf-8[\r][\n]"
01:21:15.881 [main] DEBUG org.apache.http.wire -  << "Content-Length: 89[\r][\n]"
01:21:15.881 [main] DEBUG org.apache.http.wire -  << "Connection: keep-alive[\r][\n]"
01:21:15.881 [main] DEBUG org.apache.http.wire -  << "X-Powered-By: Express[\r][\n]"
01:21:15.882 [main] DEBUG org.apache.http.wire -  << "X-Ratelimit-Limit: 1000[\r][\n]"
01:21:15.882 [main] DEBUG org.apache.http.wire -  << "X-Ratelimit-Remaining: 998[\r][\n]"
01:21:15.882 [main] DEBUG org.apache.http.wire -  << "X-Ratelimit-Reset: 1681582885[\r][\n]"
01:21:15.882 [main] DEBUG org.apache.http.wire -  << "Vary: Origin, X-HTTP-Method-Override, Accept-Encoding[\r][\n]"
01:21:15.882 [main] DEBUG org.apache.http.wire -  << "Access-Control-Allow-Credentials: true[\r][\n]"
01:21:15.882 [main] DEBUG org.apache.http.wire -  << "Cache-Control: no-cache[\r][\n]"
01:21:15.882 [main] DEBUG org.apache.http.wire -  << "Pragma: no-cache[\r][\n]"
01:21:15.882 [main] DEBUG org.apache.http.wire -  << "Expires: -1[\r][\n]"
01:21:15.882 [main] DEBUG org.apache.http.wire -  << "Access-Control-Expose-Headers: Location[\r][\n]"
01:21:15.882 [main] DEBUG org.apache.http.wire -  << "Location: http://jsonplaceholder.typicode.com/posts/101[\r][\n]"
01:21:15.883 [main] DEBUG org.apache.http.wire -  << "X-Content-Type-Options: nosniff[\r][\n]"
01:21:15.883 [main] DEBUG org.apache.http.wire -  << "Etag: W/"59-mLJ7eTsb1G9ok1rkTAJJ75YKYks"[\r][\n]"
01:21:15.883 [main] DEBUG org.apache.http.wire -  << "Via: 1.1 vegur[\r][\n]"
01:21:15.883 [main] DEBUG org.apache.http.wire -  << "CF-Cache-Status: DYNAMIC[\r][\n]"
01:21:15.883 [main] DEBUG org.apache.http.wire -  << "Report-To: {"endpoints":[{"url":"https:\/\/a.nel.cloudflare.com\/report\/v3?s=JUw%2FwoahYzPlBmLFgbqTpIfySNTJai0QPv3bsvuJI8b%2FlkQrAoe7cDjZQfo6B%2BplRS5RPMSJ8UlufuGpt0SgdMxnVC3LeFpYwOEErH13NFKdDYiBg46JJj4GWczafPi0iYAv4oXqB2QxRbvdSTGN"}],"group":"cf-nel","max_age":604800}[\r][\n]"
01:21:15.883 [main] DEBUG org.apache.http.wire -  << "NEL: {"success_fraction":0,"report_to":"cf-nel","max_age":604800}[\r][\n]"
01:21:15.883 [main] DEBUG org.apache.http.wire -  << "Server: cloudflare[\r][\n]"
01:21:15.883 [main] DEBUG org.apache.http.wire -  << "CF-RAY: 7b86350aee984b8c-SIN[\r][\n]"
01:21:15.883 [main] DEBUG org.apache.http.wire -  << "alt-svc: h3=":443"; ma=86400, h3-29=":443"; ma=86400[\r][\n]"
01:21:15.883 [main] DEBUG org.apache.http.wire -  << "[\r][\n]"
01:21:15.884 [main] DEBUG org.apache.http.impl.conn.DefaultClientConnection - Receiving response: HTTP/1.1 201 Created
01:21:15.884 [main] DEBUG org.apache.http.headers - << HTTP/1.1 201 Created
01:21:15.884 [main] DEBUG org.apache.http.headers - << Date: Sat, 15 Apr 2023 18:21:15 GMT
01:21:15.884 [main] DEBUG org.apache.http.headers - << Content-Type: application/json; charset=utf-8
01:21:15.884 [main] DEBUG org.apache.http.headers - << Content-Length: 89
01:21:15.884 [main] DEBUG org.apache.http.headers - << Connection: keep-alive
01:21:15.884 [main] DEBUG org.apache.http.headers - << X-Powered-By: Express
01:21:15.884 [main] DEBUG org.apache.http.headers - << X-Ratelimit-Limit: 1000
01:21:15.884 [main] DEBUG org.apache.http.headers - << X-Ratelimit-Remaining: 998
01:21:15.884 [main] DEBUG org.apache.http.headers - << X-Ratelimit-Reset: 1681582885
01:21:15.884 [main] DEBUG org.apache.http.headers - << Vary: Origin, X-HTTP-Method-Override, Accept-Encoding
01:21:15.884 [main] DEBUG org.apache.http.headers - << Access-Control-Allow-Credentials: true
01:21:15.884 [main] DEBUG org.apache.http.headers - << Cache-Control: no-cache
01:21:15.884 [main] DEBUG org.apache.http.headers - << Pragma: no-cache
01:21:15.884 [main] DEBUG org.apache.http.headers - << Expires: -1
01:21:15.884 [main] DEBUG org.apache.http.headers - << Access-Control-Expose-Headers: Location
01:21:15.884 [main] DEBUG org.apache.http.headers - << Location: http://jsonplaceholder.typicode.com/posts/101
01:21:15.884 [main] DEBUG org.apache.http.headers - << X-Content-Type-Options: nosniff
01:21:15.884 [main] DEBUG org.apache.http.headers - << Etag: W/"59-mLJ7eTsb1G9ok1rkTAJJ75YKYks"
01:21:15.884 [main] DEBUG org.apache.http.headers - << Via: 1.1 vegur
01:21:15.884 [main] DEBUG org.apache.http.headers - << CF-Cache-Status: DYNAMIC
01:21:15.884 [main] DEBUG org.apache.http.headers - << Report-To: {"endpoints":[{"url":"https:\/\/a.nel.cloudflare.com\/report\/v3?s=JUw%2FwoahYzPlBmLFgbqTpIfySNTJai0QPv3bsvuJI8b%2FlkQrAoe7cDjZQfo6B%2BplRS5RPMSJ8UlufuGpt0SgdMxnVC3LeFpYwOEErH13NFKdDYiBg46JJj4GWczafPi0iYAv4oXqB2QxRbvdSTGN"}],"group":"cf-nel","max_age":604800}
01:21:15.884 [main] DEBUG org.apache.http.headers - << NEL: {"success_fraction":0,"report_to":"cf-nel","max_age":604800}
01:21:15.884 [main] DEBUG org.apache.http.headers - << Server: cloudflare
01:21:15.884 [main] DEBUG org.apache.http.headers - << CF-RAY: 7b86350aee984b8c-SIN
01:21:15.884 [main] DEBUG org.apache.http.headers - << alt-svc: h3=":443"; ma=86400, h3-29=":443"; ma=86400
01:21:15.884 [main] DEBUG org.apache.http.impl.client.DefaultHttpClient - Connection can be kept alive indefinitely
01:21:15.884 [main] DEBUG io.restassured.internal.RestAssuredHttpBuilder - Parsing response as: application/json; charset=utf-8
01:21:15.884 [main] DEBUG io.restassured.internal.RestAssuredHttpBuilder - Parsed data to instance of: class org.apache.http.conn.EofSensorInputStream
01:21:15.887 [main] DEBUG org.apache.http.wire -  << "{[\n]"
01:21:15.887 [main] DEBUG org.apache.http.wire -  << "  "id": 101,[\n]"
01:21:15.887 [main] DEBUG org.apache.http.wire -  << "  "title": "ADASDASDASDas",[\n]"
01:21:15.887 [main] DEBUG org.apache.http.wire -  << "  "body": "SADASDASDASDASDAS",[\n]"
01:21:15.887 [main] DEBUG org.apache.http.wire -  << "  "userId": 8[\n]"
01:21:15.887 [main] DEBUG org.apache.http.wire -  << "}"
01:21:15.887 [main] DEBUG org.apache.http.impl.conn.BasicClientConnectionManager - Releasing connection org.apache.http.impl.conn.ManagedClientConnectionImpl@6978a32a
01:21:15.887 [main] DEBUG org.apache.http.impl.conn.BasicClientConnectionManager - Connection can be kept alive indefinitely
01:21:15.887 [main] DEBUG net.thucydides.core.steps.StepInterceptor - STEP DONE: I send typo POST HTTP request
  &amp#27;[32mWhen &amp#27;[0m&amp#27;[32mI send typo POST HTTP request&amp#27;[0m                           &amp#27;[90m# starter.stepdefinitions.UserSteps.sendTypoPostHttpRequest()&amp#27;[0m
01:21:15.890 [main] DEBUG net.thucydides.core.steps.StepInterceptor - STARTING STEP: UserSteps.receiveValidHttp201 - I receive valid HTTP response code 201
01:21:15.891 [main] DEBUG net.thucydides.core.steps.StepInterceptor - STEP DONE: I receive valid HTTP response code 201
  &amp#27;[32mThen &amp#27;[0m&amp#27;[32mI receive valid HTTP response code 201&amp#27;[0m                  &amp#27;[90m# starter.stepdefinitions.UserSteps.receiveValidHttp201()&amp#27;[0m
01:21:15.892 [main] INFO  - 
  _____   ___   ___   _____     ___     _     ___   ___   ___   ___  
 |_   _| | __| / __| |_   _|   | _ \   /_\   / __| / __| | __| |   \ 
   | |   | _|  \__ \   | |     |  _/  / _ \  \__ \ \__ \ | _|  | |) |
   |_|   |___| |___/   |_|     |_|   /_/ \_\ |___/ |___/ |___| |___/ 

POST - As admin I haven't be able to create new post
----------------------------------------------------------------------
]]></system-out>
  </testcase>
  <testcase name="GET - As admin I have be able to get detail post by id" classname="User" time="0.192">
    <system-out><![CDATA[
Scenario: GET - As admin I have be able to get detail post by id &amp#27;[90m# src/test/resources/features/User.feature:29&amp#27;[0m
01:21:15.898 [main] DEBUG io.cucumber.core.plugin.SerenityReporter - Running feature from file:///D:/Tugas13_REST_Api/src/test/resources/features/User.feature
01:21:15.900 [main] INFO  - 
  _____   ___   ___   _____     ___   _____     _     ___   _____   ___   ___  
 |_   _| | __| / __| |_   _|   / __| |_   _|   /_\   | _ \ |_   _| | __| |   \ 
   | |   | _|  \__ \   | |     \__ \   | |    / _ \  |   /   | |   | _|  | |) |
   |_|   |___| |___/   |_|     |___/   |_|   /_/ \_\ |_|_\   |_|   |___| |___/ 

GET - As admin I have be able to get detail post by id(user;get---as-admin-i-have-be-able-to-get-detail-post-by-id)
--------------------------------------------------------------------------------
01:21:15.917 [main] DEBUG net.thucydides.core.steps.StepInterceptor - STARTING STEP: UserSteps.setGetApiEndpointsById - I set GET api endpoints by id
01:21:15.917 [main] DEBUG net.thucydides.core.steps.StepInterceptor - STEP DONE: I set GET api endpoints by id
  &amp#27;[32mGiven &amp#27;[0m&amp#27;[32mI set GET api endpoints by id&amp#27;[0m                            &amp#27;[90m# starter.stepdefinitions.UserSteps.setGetApiEndpointsById()&amp#27;[0m
01:21:15.922 [main] DEBUG net.thucydides.core.steps.StepInterceptor - STARTING STEP: UserSteps.setGetHttpRequestById - I send GET HTTP request by id
01:21:15.924 [main] DEBUG net.thucydides.core.steps.StepInterceptor - STARTING STEP: Get.setGetHttpRequestById - I set GET api endpoints by id
01:21:15.924 [main] DEBUG net.thucydides.core.steps.StepInterceptor - STEP DONE: I set GET api endpoints by id
01:21:15.934 [main] DEBUG org.apache.http.impl.conn.BasicClientConnectionManager - Get connection for route {s}->https://jsonplaceholder.typicode.com:443
01:21:15.934 [main] DEBUG org.apache.http.impl.conn.DefaultClientConnectionOperator - Connecting to jsonplaceholder.typicode.com:443
01:21:16.004 [main] DEBUG org.apache.http.client.protocol.RequestAddCookies - CookieSpec selected: ignoreCookies
01:21:16.004 [main] DEBUG org.apache.http.client.protocol.RequestAuthCache - Auth cache not set in the context
01:21:16.004 [main] DEBUG org.apache.http.client.protocol.RequestTargetAuthentication - Target auth state: UNCHALLENGED
01:21:16.004 [main] DEBUG org.apache.http.client.protocol.RequestProxyAuthentication - Proxy auth state: UNCHALLENGED
01:21:16.004 [main] DEBUG org.apache.http.impl.client.DefaultHttpClient - Attempt 1 to execute request
01:21:16.004 [main] DEBUG org.apache.http.impl.conn.DefaultClientConnection - Sending request: GET /posts/1 HTTP/1.1
01:21:16.004 [main] DEBUG org.apache.http.wire -  >> "GET /posts/1 HTTP/1.1[\r][\n]"
01:21:16.004 [main] DEBUG org.apache.http.wire -  >> "Accept: */*[\r][\n]"
01:21:16.004 [main] DEBUG org.apache.http.wire -  >> "Host: jsonplaceholder.typicode.com[\r][\n]"
01:21:16.004 [main] DEBUG org.apache.http.wire -  >> "Connection: Keep-Alive[\r][\n]"
01:21:16.004 [main] DEBUG org.apache.http.wire -  >> "User-Agent: Apache-HttpClient/4.5.13 (Java/19.0.2)[\r][\n]"
01:21:16.004 [main] DEBUG org.apache.http.wire -  >> "Accept-Encoding: gzip,deflate[\r][\n]"
01:21:16.004 [main] DEBUG org.apache.http.wire -  >> "[\r][\n]"
01:21:16.004 [main] DEBUG org.apache.http.headers - >> GET /posts/1 HTTP/1.1
01:21:16.004 [main] DEBUG org.apache.http.headers - >> Accept: */*
01:21:16.004 [main] DEBUG org.apache.http.headers - >> Host: jsonplaceholder.typicode.com
01:21:16.004 [main] DEBUG org.apache.http.headers - >> Connection: Keep-Alive
01:21:16.004 [main] DEBUG org.apache.http.headers - >> User-Agent: Apache-HttpClient/4.5.13 (Java/19.0.2)
01:21:16.004 [main] DEBUG org.apache.http.headers - >> Accept-Encoding: gzip,deflate
01:21:16.040 [main] DEBUG org.apache.http.wire -  << "HTTP/1.1 200 OK[\r][\n]"
01:21:16.040 [main] DEBUG org.apache.http.wire -  << "Date: Sat, 15 Apr 2023 18:21:16 GMT[\r][\n]"
01:21:16.040 [main] DEBUG org.apache.http.wire -  << "Content-Type: application/json; charset=utf-8[\r][\n]"
01:21:16.040 [main] DEBUG org.apache.http.wire -  << "Transfer-Encoding: chunked[\r][\n]"
01:21:16.041 [main] DEBUG org.apache.http.wire -  << "Connection: keep-alive[\r][\n]"
01:21:16.041 [main] DEBUG org.apache.http.wire -  << "X-Powered-By: Express[\r][\n]"
01:21:16.041 [main] DEBUG org.apache.http.wire -  << "X-Ratelimit-Limit: 1000[\r][\n]"
01:21:16.041 [main] DEBUG org.apache.http.wire -  << "X-Ratelimit-Remaining: 999[\r][\n]"
01:21:16.041 [main] DEBUG org.apache.http.wire -  << "X-Ratelimit-Reset: 1677784241[\r][\n]"
01:21:16.041 [main] DEBUG org.apache.http.wire -  << "Vary: Origin, Accept-Encoding[\r][\n]"
01:21:16.041 [main] DEBUG org.apache.http.wire -  << "Access-Control-Allow-Credentials: true[\r][\n]"
01:21:16.041 [main] DEBUG org.apache.http.wire -  << "Cache-Control: max-age=43200[\r][\n]"
01:21:16.041 [main] DEBUG org.apache.http.wire -  << "Pragma: no-cache[\r][\n]"
01:21:16.041 [main] DEBUG org.apache.http.wire -  << "Expires: -1[\r][\n]"
01:21:16.041 [main] DEBUG org.apache.http.wire -  << "X-Content-Type-Options: nosniff[\r][\n]"
01:21:16.041 [main] DEBUG org.apache.http.wire -  << "Etag: W/"124-yiKdLzqO5gfBrJFrcdJ8Yq0LGnU"[\r][\n]"
01:21:16.041 [main] DEBUG org.apache.http.wire -  << "Via: 1.1 vegur[\r][\n]"
01:21:16.041 [main] DEBUG org.apache.http.wire -  << "CF-Cache-Status: HIT[\r][\n]"
01:21:16.041 [main] DEBUG org.apache.http.wire -  << "Age: 24124[\r][\n]"
01:21:16.041 [main] DEBUG org.apache.http.wire -  << "Report-To: {"endpoints":[{"url":"https:\/\/a.nel.cloudflare.com\/report\/v3?s=VkMQpahRIA2synUQGLuiOXrQZClecplYvHWA0K9j%2FH6qIyUwSLELixJoY9dof3vXipQ7zO4WqqjvKEoO2CXjANFp9rSaIfJCdEXndB3jCEj3ty%2FW0ZHTvy247kRyK3IdAmQlowcpKVGoM61d3Fw8"}],"group":"cf-nel","max_age":604800}[\r][\n]"
01:21:16.041 [main] DEBUG org.apache.http.wire -  << "NEL: {"success_fraction":0,"report_to":"cf-nel","max_age":604800}[\r][\n]"
01:21:16.041 [main] DEBUG org.apache.http.wire -  << "Server: cloudflare[\r][\n]"
01:21:16.041 [main] DEBUG org.apache.http.wire -  << "CF-RAY: 7b86350f0fea402f-SIN[\r][\n]"
01:21:16.041 [main] DEBUG org.apache.http.wire -  << "Content-Encoding: gzip[\r][\n]"
01:21:16.041 [main] DEBUG org.apache.http.wire -  << "alt-svc: h3=":443"; ma=86400, h3-29=":443"; ma=86400[\r][\n]"
01:21:16.041 [main] DEBUG org.apache.http.wire -  << "[\r][\n]"
01:21:16.041 [main] DEBUG org.apache.http.impl.conn.DefaultClientConnection - Receiving response: HTTP/1.1 200 OK
01:21:16.041 [main] DEBUG org.apache.http.headers - << HTTP/1.1 200 OK
01:21:16.041 [main] DEBUG org.apache.http.headers - << Date: Sat, 15 Apr 2023 18:21:16 GMT
01:21:16.041 [main] DEBUG org.apache.http.headers - << Content-Type: application/json; charset=utf-8
01:21:16.041 [main] DEBUG org.apache.http.headers - << Transfer-Encoding: chunked
01:21:16.041 [main] DEBUG org.apache.http.headers - << Connection: keep-alive
01:21:16.041 [main] DEBUG org.apache.http.headers - << X-Powered-By: Express
01:21:16.041 [main] DEBUG org.apache.http.headers - << X-Ratelimit-Limit: 1000
01:21:16.041 [main] DEBUG org.apache.http.headers - << X-Ratelimit-Remaining: 999
01:21:16.041 [main] DEBUG org.apache.http.headers - << X-Ratelimit-Reset: 1677784241
01:21:16.041 [main] DEBUG org.apache.http.headers - << Vary: Origin, Accept-Encoding
01:21:16.041 [main] DEBUG org.apache.http.headers - << Access-Control-Allow-Credentials: true
01:21:16.041 [main] DEBUG org.apache.http.headers - << Cache-Control: max-age=43200
01:21:16.041 [main] DEBUG org.apache.http.headers - << Pragma: no-cache
01:21:16.041 [main] DEBUG org.apache.http.headers - << Expires: -1
01:21:16.041 [main] DEBUG org.apache.http.headers - << X-Content-Type-Options: nosniff
01:21:16.041 [main] DEBUG org.apache.http.headers - << Etag: W/"124-yiKdLzqO5gfBrJFrcdJ8Yq0LGnU"
01:21:16.041 [main] DEBUG org.apache.http.headers - << Via: 1.1 vegur
01:21:16.041 [main] DEBUG org.apache.http.headers - << CF-Cache-Status: HIT
01:21:16.041 [main] DEBUG org.apache.http.headers - << Age: 24124
01:21:16.041 [main] DEBUG org.apache.http.headers - << Report-To: {"endpoints":[{"url":"https:\/\/a.nel.cloudflare.com\/report\/v3?s=VkMQpahRIA2synUQGLuiOXrQZClecplYvHWA0K9j%2FH6qIyUwSLELixJoY9dof3vXipQ7zO4WqqjvKEoO2CXjANFp9rSaIfJCdEXndB3jCEj3ty%2FW0ZHTvy247kRyK3IdAmQlowcpKVGoM61d3Fw8"}],"group":"cf-nel","max_age":604800}
01:21:16.041 [main] DEBUG org.apache.http.headers - << NEL: {"success_fraction":0,"report_to":"cf-nel","max_age":604800}
01:21:16.041 [main] DEBUG org.apache.http.headers - << Server: cloudflare
01:21:16.041 [main] DEBUG org.apache.http.headers - << CF-RAY: 7b86350f0fea402f-SIN
01:21:16.041 [main] DEBUG org.apache.http.headers - << Content-Encoding: gzip
01:21:16.041 [main] DEBUG org.apache.http.headers - << alt-svc: h3=":443"; ma=86400, h3-29=":443"; ma=86400
01:21:16.041 [main] DEBUG org.apache.http.impl.client.DefaultHttpClient - Connection can be kept alive indefinitely
01:21:16.041 [main] DEBUG io.restassured.internal.RestAssuredHttpBuilder - Parsing response as: application/json; charset=utf-8
01:21:16.041 [main] DEBUG org.apache.http.wire -  << "ca[\r][\n]"
01:21:16.041 [main] DEBUG org.apache.http.wire -  << "[0x1f][0x8b][0x8][0x0][0x0][0x0][0x0][0x0][0x0][0x3]U[0x8f]Kj[0x4]A[0xc]C[0xf7]s[\n]"
01:21:16.041 [main] DEBUG org.apache.http.wire -  << "Q[0xeb]l[0xb2][0x9d][0x1b][0xe4][0xe][0xbd]q\[\n]"
01:21:16.041 [main] DEBUG org.apache.http.wire -  << "c[0xe8][0xfa][0x8c][0xcb][0x1e]&[0x84][0xdc]=tC[0x8][0x1]#$[0x90][0x1f][0xe8][0xeb][0x2][0x94]\[0xf4][0xb7]Z[0xae]x}9[0xa2][0xfd][0xd9][0xb0][0xd8]Y[0xae](+{@2[0xf0]!J'[0x9c][0x93][0xfb].[0x81][0xe9][0xe3]a[0x95]=0T[0x85]*a[0xe0]S9#[0xdd]0f[0xd8]8[0xca][0xce][0x1b]{[0xa5][[0x94][0x13][0xfc]>[0xea][0xe7][0xc1][0xbd][0xa7][0x9][0x18]X[0xb9][0xd4][0xa6][0xc5][0xd6][0x1d][0x9c][0x9a]Kz[0x15]BG_[0xbc]g[0xf6]H[0x7][0x9f][0x93][0xd5][0xe2]|[0xd3]l[[0xff][0x87]G[0x1b];W[0x98][0x10][0x19][0xc7][0xdd]S[0x16]b[0x84][0xb4][0xad][0xf7][0xb1][0xc2][0xb3][0xc1]y([0xd7]9[0x89][\r][0xe7]:g[0x3][0x1f][0xec][0xc6][0x80][0xb8][0xde],[0xa8]1[0xca][0xe5][0xfb][0x7][0x15][0xc6][0x93][0xe8]$[0x1][0x0][0x0]"
01:21:16.041 [main] DEBUG org.apache.http.wire -  << "[\r][\n]"
01:21:16.041 [main] DEBUG org.apache.http.wire -  << "0[\r][\n]"
01:21:16.041 [main] DEBUG org.apache.http.wire -  << "[\r][\n]"
01:21:16.042 [main] DEBUG io.restassured.internal.RestAssuredHttpBuilder - Parsed data to instance of: class org.apache.http.conn.EofSensorInputStream
01:21:16.044 [main] DEBUG org.apache.http.impl.conn.BasicClientConnectionManager - Releasing connection org.apache.http.impl.conn.ManagedClientConnectionImpl@19e5e110
01:21:16.044 [main] DEBUG org.apache.http.impl.conn.BasicClientConnectionManager - Connection can be kept alive indefinitely
01:21:16.044 [main] DEBUG net.thucydides.core.steps.StepInterceptor - STEP DONE: I send GET HTTP request by id
  &amp#27;[32mWhen &amp#27;[0m&amp#27;[32mI send GET HTTP request by id&amp#27;[0m                             &amp#27;[90m# starter.stepdefinitions.UserSteps.setGetHttpRequestById()&amp#27;[0m
01:21:16.047 [main] DEBUG net.thucydides.core.steps.StepInterceptor - STARTING STEP: UserSteps.receiveValidHttpResponse - I receive valid HTTP response code 200
01:21:16.048 [main] DEBUG net.thucydides.core.steps.StepInterceptor - STEP DONE: I receive valid HTTP response code 200
  &amp#27;[32mThen &amp#27;[0m&amp#27;[32mI receive valid HTTP response code 200&amp#27;[0m                    &amp#27;[90m# starter.stepdefinitions.UserSteps.receiveValidHttpResponse()&amp#27;[0m
01:21:16.050 [main] DEBUG net.thucydides.core.steps.StepInterceptor - STARTING STEP: UserSteps.receiveValidDataForDetailPostById - I receive valid data for detail post by id
01:21:16.082 [main] DEBUG net.thucydides.core.steps.StepInterceptor - STEP DONE: I receive valid data for detail post by id
  &amp#27;[32mAnd &amp#27;[0m&amp#27;[32mI receive valid data for detail post by id&amp#27;[0m                 &amp#27;[90m# starter.stepdefinitions.UserSteps.receiveValidDataForDetailPostById()&amp#27;[0m
01:21:16.085 [main] INFO  - 
  _____   ___   ___   _____     ___     _     ___   ___   ___   ___  
 |_   _| | __| / __| |_   _|   | _ \   /_\   / __| / __| | __| |   \ 
   | |   | _|  \__ \   | |     |  _/  / _ \  \__ \ \__ \ | _|  | |) |
   |_|   |___| |___/   |_|     |_|   /_/ \_\ |___/ |___/ |___| |___/ 

GET - As admin I have be able to get detail post by id
----------------------------------------------------------------------
]]></system-out>
  </testcase>
  <testcase name="GET - As admin I haven&apos;t be able to get detail post by id" classname="User" time="0.175">
    <system-out><![CDATA[
Scenario: GET - As admin I haven't be able to get detail post by id &amp#27;[90m# src/test/resources/features/User.feature:35&amp#27;[0m
01:21:16.091 [main] DEBUG io.cucumber.core.plugin.SerenityReporter - Running feature from file:///D:/Tugas13_REST_Api/src/test/resources/features/User.feature
01:21:16.093 [main] INFO  - 
  _____   ___   ___   _____     ___   _____     _     ___   _____   ___   ___  
 |_   _| | __| / __| |_   _|   / __| |_   _|   /_\   | _ \ |_   _| | __| |   \ 
   | |   | _|  \__ \   | |     \__ \   | |    / _ \  |   /   | |   | _|  | |) |
   |_|   |___| |___/   |_|     |___/   |_|   /_/ \_\ |_|_\   |_|   |___| |___/ 

GET - As admin I haven't be able to get detail post by id(user;get---as-admin-i-haven-t-be-able-to-get-detail-post-by-id)
--------------------------------------------------------------------------------
01:21:16.110 [main] DEBUG net.thucydides.core.steps.StepInterceptor - STARTING STEP: UserSteps.setGetTypoApiEndpointsById - I set typo GET api endpoints by id
01:21:16.111 [main] DEBUG net.thucydides.core.steps.StepInterceptor - STEP DONE: I set typo GET api endpoints by id
  &amp#27;[32mGiven &amp#27;[0m&amp#27;[32mI set typo GET api endpoints by id&amp#27;[0m                          &amp#27;[90m# starter.stepdefinitions.UserSteps.setGetTypoApiEndpointsById()&amp#27;[0m
01:21:16.115 [main] DEBUG net.thucydides.core.steps.StepInterceptor - STARTING STEP: UserSteps.setGetTypoHttpRequestById - I send typo GET HTTP request by id
01:21:16.116 [main] DEBUG net.thucydides.core.steps.StepInterceptor - STARTING STEP: Get.setGetTypoHttpRequestById - I set typo GET api endpoints by id
01:21:16.116 [main] DEBUG net.thucydides.core.steps.StepInterceptor - STEP DONE: I set typo GET api endpoints by id
01:21:16.129 [main] DEBUG org.apache.http.impl.conn.BasicClientConnectionManager - Get connection for route {s}->https://jsonplaceholder.typicode.com:443
01:21:16.129 [main] DEBUG org.apache.http.impl.conn.DefaultClientConnectionOperator - Connecting to jsonplaceholder.typicode.com:443
01:21:16.201 [main] DEBUG org.apache.http.client.protocol.RequestAddCookies - CookieSpec selected: ignoreCookies
01:21:16.202 [main] DEBUG org.apache.http.client.protocol.RequestAuthCache - Auth cache not set in the context
01:21:16.202 [main] DEBUG org.apache.http.client.protocol.RequestTargetAuthentication - Target auth state: UNCHALLENGED
01:21:16.202 [main] DEBUG org.apache.http.client.protocol.RequestProxyAuthentication - Proxy auth state: UNCHALLENGED
01:21:16.202 [main] DEBUG org.apache.http.impl.client.DefaultHttpClient - Attempt 1 to execute request
01:21:16.202 [main] DEBUG org.apache.http.impl.conn.DefaultClientConnection - Sending request: GET /post/%26%5E HTTP/1.1
01:21:16.202 [main] DEBUG org.apache.http.wire -  >> "GET /post/%26%5E HTTP/1.1[\r][\n]"
01:21:16.202 [main] DEBUG org.apache.http.wire -  >> "Accept: */*[\r][\n]"
01:21:16.202 [main] DEBUG org.apache.http.wire -  >> "Host: jsonplaceholder.typicode.com[\r][\n]"
01:21:16.202 [main] DEBUG org.apache.http.wire -  >> "Connection: Keep-Alive[\r][\n]"
01:21:16.202 [main] DEBUG org.apache.http.wire -  >> "User-Agent: Apache-HttpClient/4.5.13 (Java/19.0.2)[\r][\n]"
01:21:16.202 [main] DEBUG org.apache.http.wire -  >> "Accept-Encoding: gzip,deflate[\r][\n]"
01:21:16.202 [main] DEBUG org.apache.http.wire -  >> "[\r][\n]"
01:21:16.202 [main] DEBUG org.apache.http.headers - >> GET /post/%26%5E HTTP/1.1
01:21:16.202 [main] DEBUG org.apache.http.headers - >> Accept: */*
01:21:16.202 [main] DEBUG org.apache.http.headers - >> Host: jsonplaceholder.typicode.com
01:21:16.202 [main] DEBUG org.apache.http.headers - >> Connection: Keep-Alive
01:21:16.202 [main] DEBUG org.apache.http.headers - >> User-Agent: Apache-HttpClient/4.5.13 (Java/19.0.2)
01:21:16.202 [main] DEBUG org.apache.http.headers - >> Accept-Encoding: gzip,deflate
01:21:16.239 [main] DEBUG org.apache.http.wire -  << "HTTP/1.1 404 Not Found[\r][\n]"
01:21:16.240 [main] DEBUG org.apache.http.wire -  << "Date: Sat, 15 Apr 2023 18:21:16 GMT[\r][\n]"
01:21:16.240 [main] DEBUG org.apache.http.wire -  << "Content-Type: application/json; charset=utf-8[\r][\n]"
01:21:16.240 [main] DEBUG org.apache.http.wire -  << "Content-Length: 2[\r][\n]"
01:21:16.240 [main] DEBUG org.apache.http.wire -  << "Connection: keep-alive[\r][\n]"
01:21:16.240 [main] DEBUG org.apache.http.wire -  << "X-Powered-By: Express[\r][\n]"
01:21:16.240 [main] DEBUG org.apache.http.wire -  << "X-Ratelimit-Limit: 1000[\r][\n]"
01:21:16.240 [main] DEBUG org.apache.http.wire -  << "X-Ratelimit-Remaining: 997[\r][\n]"
01:21:16.240 [main] DEBUG org.apache.http.wire -  << "X-Ratelimit-Reset: 1681580425[\r][\n]"
01:21:16.241 [main] DEBUG org.apache.http.wire -  << "Vary: Origin, Accept-Encoding[\r][\n]"
01:21:16.241 [main] DEBUG org.apache.http.wire -  << "Access-Control-Allow-Credentials: true[\r][\n]"
01:21:16.241 [main] DEBUG org.apache.http.wire -  << "Cache-Control: max-age=43200[\r][\n]"
01:21:16.241 [main] DEBUG org.apache.http.wire -  << "Pragma: no-cache[\r][\n]"
01:21:16.241 [main] DEBUG org.apache.http.wire -  << "Expires: -1[\r][\n]"
01:21:16.241 [main] DEBUG org.apache.http.wire -  << "X-Content-Type-Options: nosniff[\r][\n]"
01:21:16.241 [main] DEBUG org.apache.http.wire -  << "Etag: W/"2-vyGp6PvFo4RvsFtPoIWeCReyIC8"[\r][\n]"
01:21:16.241 [main] DEBUG org.apache.http.wire -  << "Via: 1.1 vegur[\r][\n]"
01:21:16.241 [main] DEBUG org.apache.http.wire -  << "CF-Cache-Status: HIT[\r][\n]"
01:21:16.241 [main] DEBUG org.apache.http.wire -  << "Age: 2492[\r][\n]"
01:21:16.241 [main] DEBUG org.apache.http.wire -  << "Report-To: {"endpoints":[{"url":"https:\/\/a.nel.cloudflare.com\/report\/v3?s=HmJhYjtVLIdwBtQUYZdURK6Mm9tsd0%2BqXrlDJ53XFdF1osfhuv5C1Zk2JYkQAwT4ETIR0q3Y6%2BRjsQkJAInn8dS4hx5xBXMo6eh9eXTNRyTwMeWB9JCFxkDQMqh5vhWHlEyqTUHH3NHFBJx3%2BNfn"}],"group":"cf-nel","max_age":604800}[\r][\n]"
01:21:16.241 [main] DEBUG org.apache.http.wire -  << "NEL: {"success_fraction":0,"report_to":"cf-nel","max_age":604800}[\r][\n]"
01:21:16.241 [main] DEBUG org.apache.http.wire -  << "Server: cloudflare[\r][\n]"
01:21:16.241 [main] DEBUG org.apache.http.wire -  << "CF-RAY: 7b8635104c0746c7-SIN[\r][\n]"
01:21:16.241 [main] DEBUG org.apache.http.wire -  << "alt-svc: h3=":443"; ma=86400, h3-29=":443"; ma=86400[\r][\n]"
01:21:16.241 [main] DEBUG org.apache.http.wire -  << "[\r][\n]"
01:21:16.241 [main] DEBUG org.apache.http.impl.conn.DefaultClientConnection - Receiving response: HTTP/1.1 404 Not Found
01:21:16.241 [main] DEBUG org.apache.http.headers - << HTTP/1.1 404 Not Found
01:21:16.241 [main] DEBUG org.apache.http.headers - << Date: Sat, 15 Apr 2023 18:21:16 GMT
01:21:16.241 [main] DEBUG org.apache.http.headers - << Content-Type: application/json; charset=utf-8
01:21:16.242 [main] DEBUG org.apache.http.headers - << Content-Length: 2
01:21:16.242 [main] DEBUG org.apache.http.headers - << Connection: keep-alive
01:21:16.242 [main] DEBUG org.apache.http.headers - << X-Powered-By: Express
01:21:16.242 [main] DEBUG org.apache.http.headers - << X-Ratelimit-Limit: 1000
01:21:16.242 [main] DEBUG org.apache.http.headers - << X-Ratelimit-Remaining: 997
01:21:16.242 [main] DEBUG org.apache.http.headers - << X-Ratelimit-Reset: 1681580425
01:21:16.242 [main] DEBUG org.apache.http.headers - << Vary: Origin, Accept-Encoding
01:21:16.242 [main] DEBUG org.apache.http.headers - << Access-Control-Allow-Credentials: true
01:21:16.242 [main] DEBUG org.apache.http.headers - << Cache-Control: max-age=43200
01:21:16.242 [main] DEBUG org.apache.http.headers - << Pragma: no-cache
01:21:16.242 [main] DEBUG org.apache.http.headers - << Expires: -1
01:21:16.242 [main] DEBUG org.apache.http.headers - << X-Content-Type-Options: nosniff
01:21:16.242 [main] DEBUG org.apache.http.headers - << Etag: W/"2-vyGp6PvFo4RvsFtPoIWeCReyIC8"
01:21:16.242 [main] DEBUG org.apache.http.headers - << Via: 1.1 vegur
01:21:16.242 [main] DEBUG org.apache.http.headers - << CF-Cache-Status: HIT
01:21:16.242 [main] DEBUG org.apache.http.headers - << Age: 2492
01:21:16.242 [main] DEBUG org.apache.http.headers - << Report-To: {"endpoints":[{"url":"https:\/\/a.nel.cloudflare.com\/report\/v3?s=HmJhYjtVLIdwBtQUYZdURK6Mm9tsd0%2BqXrlDJ53XFdF1osfhuv5C1Zk2JYkQAwT4ETIR0q3Y6%2BRjsQkJAInn8dS4hx5xBXMo6eh9eXTNRyTwMeWB9JCFxkDQMqh5vhWHlEyqTUHH3NHFBJx3%2BNfn"}],"group":"cf-nel","max_age":604800}
01:21:16.242 [main] DEBUG org.apache.http.headers - << NEL: {"success_fraction":0,"report_to":"cf-nel","max_age":604800}
01:21:16.242 [main] DEBUG org.apache.http.headers - << Server: cloudflare
01:21:16.242 [main] DEBUG org.apache.http.headers - << CF-RAY: 7b8635104c0746c7-SIN
01:21:16.242 [main] DEBUG org.apache.http.headers - << alt-svc: h3=":443"; ma=86400, h3-29=":443"; ma=86400
01:21:16.242 [main] DEBUG org.apache.http.impl.client.DefaultHttpClient - Connection can be kept alive indefinitely
01:21:16.243 [main] DEBUG io.restassured.internal.RestAssuredHttpBuilder - Parsing response as: application/json; charset=utf-8
01:21:16.243 [main] DEBUG io.restassured.internal.RestAssuredHttpBuilder - Parsed data to instance of: class org.apache.http.conn.EofSensorInputStream
01:21:16.247 [main] DEBUG org.apache.http.wire -  << "{}"
01:21:16.247 [main] DEBUG org.apache.http.impl.conn.BasicClientConnectionManager - Releasing connection org.apache.http.impl.conn.ManagedClientConnectionImpl@71d2261e
01:21:16.247 [main] DEBUG org.apache.http.impl.conn.BasicClientConnectionManager - Connection can be kept alive indefinitely
01:21:16.248 [main] DEBUG net.thucydides.core.steps.StepInterceptor - STEP DONE: I send typo GET HTTP request by id
  &amp#27;[32mWhen &amp#27;[0m&amp#27;[32mI send typo GET HTTP request by id&amp#27;[0m                           &amp#27;[90m# starter.stepdefinitions.UserSteps.setGetTypoHttpRequestById()&amp#27;[0m
01:21:16.256 [main] DEBUG net.thucydides.core.steps.StepInterceptor - STARTING STEP: UserSteps.receiveValidHttpResponse404 - I receive valid HTTP response code 404
01:21:16.257 [main] DEBUG net.thucydides.core.steps.StepInterceptor - STEP DONE: I receive valid HTTP response code 404
  &amp#27;[32mThen &amp#27;[0m&amp#27;[32mI receive valid HTTP response code 404&amp#27;[0m                       &amp#27;[90m# starter.stepdefinitions.UserSteps.receiveValidHttpResponse404()&amp#27;[0m
01:21:16.260 [main] INFO  - 
  _____   ___   ___   _____     ___     _     ___   ___   ___   ___  
 |_   _| | __| / __| |_   _|   | _ \   /_\   / __| / __| | __| |   \ 
   | |   | _|  \__ \   | |     |  _/  / _ \  \__ \ \__ \ | _|  | |) |
   |_|   |___| |___/   |_|     |_|   /_/ \_\ |___/ |___/ |___| |___/ 

GET - As admin I haven't be able to get detail post by id
----------------------------------------------------------------------
]]></system-out>
  </testcase>
  <testcase name="PUT - As admin I have be able to update existing post" classname="User" time="0.725">
    <system-out><![CDATA[
Scenario: PUT - As admin I have be able to update existing post &amp#27;[90m# src/test/resources/features/User.feature:40&amp#27;[0m
01:21:16.269 [main] DEBUG io.cucumber.core.plugin.SerenityReporter - Running feature from file:///D:/Tugas13_REST_Api/src/test/resources/features/User.feature
01:21:16.272 [main] INFO  - 
  _____   ___   ___   _____     ___   _____     _     ___   _____   ___   ___  
 |_   _| | __| / __| |_   _|   / __| |_   _|   /_\   | _ \ |_   _| | __| |   \ 
   | |   | _|  \__ \   | |     \__ \   | |    / _ \  |   /   | |   | _|  | |) |
   |_|   |___| |___/   |_|     |___/   |_|   /_/ \_\ |_|_\   |_|   |___| |___/ 

PUT - As admin I have be able to update existing post(user;put---as-admin-i-have-be-able-to-update-existing-post)
--------------------------------------------------------------------------------
01:21:16.290 [main] DEBUG net.thucydides.core.steps.StepInterceptor - STARTING STEP: UserSteps.setPutApiEndpoints - I set PUT api endpoints
01:21:16.290 [main] DEBUG net.thucydides.core.steps.StepInterceptor - STEP DONE: I set PUT api endpoints
  &amp#27;[32mGiven &amp#27;[0m&amp#27;[32mI set PUT api endpoints&amp#27;[0m                                 &amp#27;[90m# starter.stepdefinitions.UserSteps.setPutApiEndpoints()&amp#27;[0m
01:21:16.293 [main] DEBUG net.thucydides.core.steps.StepInterceptor - STARTING STEP: UserSteps.sendPutHttpRequest - I send PUT HTTP request
01:21:16.294 [main] DEBUG net.thucydides.core.steps.StepInterceptor - STARTING STEP: Put.sendPutHttpRequest - I set PUT api endpoints
01:21:16.294 [main] DEBUG net.thucydides.core.steps.StepInterceptor - STEP DONE: I set PUT api endpoints
01:21:16.307 [main] DEBUG org.apache.http.impl.conn.BasicClientConnectionManager - Get connection for route {s}->https://jsonplaceholder.typicode.com:443
01:21:16.307 [main] DEBUG org.apache.http.impl.conn.DefaultClientConnectionOperator - Connecting to jsonplaceholder.typicode.com:443
01:21:16.387 [main] DEBUG org.apache.http.client.protocol.RequestAddCookies - CookieSpec selected: ignoreCookies
01:21:16.387 [main] DEBUG org.apache.http.client.protocol.RequestAuthCache - Auth cache not set in the context
01:21:16.387 [main] DEBUG org.apache.http.client.protocol.RequestTargetAuthentication - Target auth state: UNCHALLENGED
01:21:16.387 [main] DEBUG org.apache.http.client.protocol.RequestProxyAuthentication - Proxy auth state: UNCHALLENGED
01:21:16.387 [main] DEBUG org.apache.http.impl.client.DefaultHttpClient - Attempt 1 to execute request
01:21:16.387 [main] DEBUG org.apache.http.impl.conn.DefaultClientConnection - Sending request: PUT /posts/1 HTTP/1.1
01:21:16.388 [main] DEBUG org.apache.http.wire -  >> "PUT /posts/1 HTTP/1.1[\r][\n]"
01:21:16.388 [main] DEBUG org.apache.http.wire -  >> "Accept: */*[\r][\n]"
01:21:16.388 [main] DEBUG org.apache.http.wire -  >> "Content-Type: application/json[\r][\n]"
01:21:16.388 [main] DEBUG org.apache.http.wire -  >> "Content-Length: 109[\r][\n]"
01:21:16.388 [main] DEBUG org.apache.http.wire -  >> "Host: jsonplaceholder.typicode.com[\r][\n]"
01:21:16.388 [main] DEBUG org.apache.http.wire -  >> "Connection: Keep-Alive[\r][\n]"
01:21:16.388 [main] DEBUG org.apache.http.wire -  >> "User-Agent: Apache-HttpClient/4.5.13 (Java/19.0.2)[\r][\n]"
01:21:16.388 [main] DEBUG org.apache.http.wire -  >> "Accept-Encoding: gzip,deflate[\r][\n]"
01:21:16.388 [main] DEBUG org.apache.http.wire -  >> "[\r][\n]"
01:21:16.388 [main] DEBUG org.apache.http.headers - >> PUT /posts/1 HTTP/1.1
01:21:16.388 [main] DEBUG org.apache.http.headers - >> Accept: */*
01:21:16.388 [main] DEBUG org.apache.http.headers - >> Content-Type: application/json
01:21:16.388 [main] DEBUG org.apache.http.headers - >> Content-Length: 109
01:21:16.388 [main] DEBUG org.apache.http.headers - >> Host: jsonplaceholder.typicode.com
01:21:16.388 [main] DEBUG org.apache.http.headers - >> Connection: Keep-Alive
01:21:16.388 [main] DEBUG org.apache.http.headers - >> User-Agent: Apache-HttpClient/4.5.13 (Java/19.0.2)
01:21:16.388 [main] DEBUG org.apache.http.headers - >> Accept-Encoding: gzip,deflate
01:21:16.389 [main] DEBUG org.apache.http.wire -  >> "{"body":"pada suatu hari hiduplah seekor singa yang tampan dan rupawan dengan bangganya beliau makan kerbau"}"
01:21:16.967 [main] DEBUG org.apache.http.wire -  << "HTTP/1.1 200 OK[\r][\n]"
01:21:16.968 [main] DEBUG org.apache.http.wire -  << "Date: Sat, 15 Apr 2023 18:21:16 GMT[\r][\n]"
01:21:16.968 [main] DEBUG org.apache.http.wire -  << "Content-Type: application/json; charset=utf-8[\r][\n]"
01:21:16.968 [main] DEBUG org.apache.http.wire -  << "Transfer-Encoding: chunked[\r][\n]"
01:21:16.968 [main] DEBUG org.apache.http.wire -  << "Connection: keep-alive[\r][\n]"
01:21:16.968 [main] DEBUG org.apache.http.wire -  << "X-Powered-By: Express[\r][\n]"
01:21:16.968 [main] DEBUG org.apache.http.wire -  << "X-Ratelimit-Limit: 1000[\r][\n]"
01:21:16.968 [main] DEBUG org.apache.http.wire -  << "X-Ratelimit-Remaining: 997[\r][\n]"
01:21:16.968 [main] DEBUG org.apache.http.wire -  << "X-Ratelimit-Reset: 1681582885[\r][\n]"
01:21:16.968 [main] DEBUG org.apache.http.wire -  << "Vary: Origin, Accept-Encoding[\r][\n]"
01:21:16.968 [main] DEBUG org.apache.http.wire -  << "Access-Control-Allow-Credentials: true[\r][\n]"
01:21:16.968 [main] DEBUG org.apache.http.wire -  << "Cache-Control: no-cache[\r][\n]"
01:21:16.968 [main] DEBUG org.apache.http.wire -  << "Pragma: no-cache[\r][\n]"
01:21:16.968 [main] DEBUG org.apache.http.wire -  << "Expires: -1[\r][\n]"
01:21:16.968 [main] DEBUG org.apache.http.wire -  << "X-Content-Type-Options: nosniff[\r][\n]"
01:21:16.968 [main] DEBUG org.apache.http.wire -  << "Etag: W/"7d-3JJSR3p6PRidQAAs/vsMRXklq64"[\r][\n]"
01:21:16.968 [main] DEBUG org.apache.http.wire -  << "Via: 1.1 vegur[\r][\n]"
01:21:16.968 [main] DEBUG org.apache.http.wire -  << "CF-Cache-Status: DYNAMIC[\r][\n]"
01:21:16.969 [main] DEBUG org.apache.http.wire -  << "Report-To: {"endpoints":[{"url":"https:\/\/a.nel.cloudflare.com\/report\/v3?s=htz4BKOERbRBAYMVl18v7pp6XmIfTgJwV9DavPJEBEQlmLR7UdMwAcKP3GQ9PCJm9dSOTLi6pKaF948cYOoDWeXCfIaB6eRo0Sd%2FkHMUt4PLrkVYAm0KvKG5v1PrJjscZ9poFasaJoIR1swxrxUp"}],"group":"cf-nel","max_age":604800}[\r][\n]"
01:21:16.969 [main] DEBUG org.apache.http.wire -  << "NEL: {"success_fraction":0,"report_to":"cf-nel","max_age":604800}[\r][\n]"
01:21:16.969 [main] DEBUG org.apache.http.wire -  << "Server: cloudflare[\r][\n]"
01:21:16.969 [main] DEBUG org.apache.http.wire -  << "CF-RAY: 7b8635117eaa89b6-SIN[\r][\n]"
01:21:16.969 [main] DEBUG org.apache.http.wire -  << "Content-Encoding: gzip[\r][\n]"
01:21:16.969 [main] DEBUG org.apache.http.wire -  << "alt-svc: h3=":443"; ma=86400, h3-29=":443"; ma=86400[\r][\n]"
01:21:16.969 [main] DEBUG org.apache.http.wire -  << "[\r][\n]"
01:21:16.969 [main] DEBUG org.apache.http.impl.conn.DefaultClientConnection - Receiving response: HTTP/1.1 200 OK
01:21:16.969 [main] DEBUG org.apache.http.headers - << HTTP/1.1 200 OK
01:21:16.969 [main] DEBUG org.apache.http.headers - << Date: Sat, 15 Apr 2023 18:21:16 GMT
01:21:16.969 [main] DEBUG org.apache.http.headers - << Content-Type: application/json; charset=utf-8
01:21:16.969 [main] DEBUG org.apache.http.headers - << Transfer-Encoding: chunked
01:21:16.969 [main] DEBUG org.apache.http.headers - << Connection: keep-alive
01:21:16.969 [main] DEBUG org.apache.http.headers - << X-Powered-By: Express
01:21:16.969 [main] DEBUG org.apache.http.headers - << X-Ratelimit-Limit: 1000
01:21:16.969 [main] DEBUG org.apache.http.headers - << X-Ratelimit-Remaining: 997
01:21:16.969 [main] DEBUG org.apache.http.headers - << X-Ratelimit-Reset: 1681582885
01:21:16.969 [main] DEBUG org.apache.http.headers - << Vary: Origin, Accept-Encoding
01:21:16.969 [main] DEBUG org.apache.http.headers - << Access-Control-Allow-Credentials: true
01:21:16.969 [main] DEBUG org.apache.http.headers - << Cache-Control: no-cache
01:21:16.969 [main] DEBUG org.apache.http.headers - << Pragma: no-cache
01:21:16.969 [main] DEBUG org.apache.http.headers - << Expires: -1
01:21:16.969 [main] DEBUG org.apache.http.headers - << X-Content-Type-Options: nosniff
01:21:16.969 [main] DEBUG org.apache.http.headers - << Etag: W/"7d-3JJSR3p6PRidQAAs/vsMRXklq64"
01:21:16.969 [main] DEBUG org.apache.http.headers - << Via: 1.1 vegur
01:21:16.969 [main] DEBUG org.apache.http.headers - << CF-Cache-Status: DYNAMIC
01:21:16.969 [main] DEBUG org.apache.http.headers - << Report-To: {"endpoints":[{"url":"https:\/\/a.nel.cloudflare.com\/report\/v3?s=htz4BKOERbRBAYMVl18v7pp6XmIfTgJwV9DavPJEBEQlmLR7UdMwAcKP3GQ9PCJm9dSOTLi6pKaF948cYOoDWeXCfIaB6eRo0Sd%2FkHMUt4PLrkVYAm0KvKG5v1PrJjscZ9poFasaJoIR1swxrxUp"}],"group":"cf-nel","max_age":604800}
01:21:16.969 [main] DEBUG org.apache.http.headers - << NEL: {"success_fraction":0,"report_to":"cf-nel","max_age":604800}
01:21:16.969 [main] DEBUG org.apache.http.headers - << Server: cloudflare
01:21:16.969 [main] DEBUG org.apache.http.headers - << CF-RAY: 7b8635117eaa89b6-SIN
01:21:16.969 [main] DEBUG org.apache.http.headers - << Content-Encoding: gzip
01:21:16.969 [main] DEBUG org.apache.http.headers - << alt-svc: h3=":443"; ma=86400, h3-29=":443"; ma=86400
01:21:16.970 [main] DEBUG org.apache.http.impl.client.DefaultHttpClient - Connection can be kept alive indefinitely
01:21:16.970 [main] DEBUG io.restassured.internal.RestAssuredHttpBuilder - Parsing response as: application/json; charset=utf-8
01:21:16.971 [main] DEBUG org.apache.http.wire -  << "7c[\r][\n]"
01:21:16.971 [main] DEBUG org.apache.http.wire -  << "[0x1f][0x8b][0x8][0x0][0x0][0x0][0x0][0x0][0x0][0x3][0x14][0xcd]1[\n]"
01:21:16.971 [main] DEBUG org.apache.http.wire -  << "[0xc3]0[0xc][0x5][0xd0]=[0xa7][0xf8]x[0xee][0xd2]5[0xb7][0xf9]FB6N[0x14]cG[0x14]Sz[0xf7][0x92][0xed]m[0xef][0xbb][0x1])_[0xb2][0xd2][0x8e][0xd4])[0xc4][0xc][0xde][0x81][0xc2]QQ[0xaa]D?X0U[0xdb]50[0xab][0x1b][0xb1][0xe8][0x86][0x9b]g[0xa7]C[0xe8][0x18][0xd1][0xf9]y[0xac]ntd[0xba][0x19]}[0x11]Y[0x8f][0xca][0xc0][0xc9]FG[0xd3][0x91][0x19][0xe9][0xf5]|U[0xd2][0x8e][0xf7][0xf6][0xfb][0x3][0x0][0x0][0xff][0xff][0x3][0x0][0xa9]S%O}[0x0][0x0][0x0]"
01:21:16.971 [main] DEBUG org.apache.http.wire -  << "[\r][\n]"
01:21:16.971 [main] DEBUG org.apache.http.wire -  << "0[\r][\n]"
01:21:16.971 [main] DEBUG org.apache.http.wire -  << "[\r][\n]"
01:21:16.971 [main] DEBUG io.restassured.internal.RestAssuredHttpBuilder - Parsed data to instance of: class org.apache.http.conn.EofSensorInputStream
01:21:16.973 [main] DEBUG org.apache.http.impl.conn.BasicClientConnectionManager - Releasing connection org.apache.http.impl.conn.ManagedClientConnectionImpl@747e8659
01:21:16.973 [main] DEBUG org.apache.http.impl.conn.BasicClientConnectionManager - Connection can be kept alive indefinitely
01:21:16.973 [main] DEBUG net.thucydides.core.steps.StepInterceptor - STEP DONE: I send PUT HTTP request
  &amp#27;[32mWhen &amp#27;[0m&amp#27;[32mI send PUT HTTP request&amp#27;[0m                                  &amp#27;[90m# starter.stepdefinitions.UserSteps.sendPutHttpRequest()&amp#27;[0m
01:21:16.976 [main] DEBUG net.thucydides.core.steps.StepInterceptor - STARTING STEP: UserSteps.receiveValidHttpResponse - I receive valid HTTP response code 200
01:21:16.976 [main] DEBUG net.thucydides.core.steps.StepInterceptor - STEP DONE: I receive valid HTTP response code 200
  &amp#27;[32mThen &amp#27;[0m&amp#27;[32mI receive valid HTTP response code 200&amp#27;[0m                   &amp#27;[90m# starter.stepdefinitions.UserSteps.receiveValidHttpResponse()&amp#27;[0m
01:21:16.978 [main] DEBUG net.thucydides.core.steps.StepInterceptor - STARTING STEP: UserSteps.validateUpdatePost - I receive valid data for update post
01:21:16.985 [main] DEBUG net.thucydides.core.steps.StepInterceptor - STEP DONE: I receive valid data for update post
  &amp#27;[32mAnd &amp#27;[0m&amp#27;[32mI receive valid data for update post&amp#27;[0m                      &amp#27;[90m# starter.stepdefinitions.UserSteps.validateUpdatePost()&amp#27;[0m
01:21:16.986 [main] INFO  - 
  _____   ___   ___   _____     ___     _     ___   ___   ___   ___  
 |_   _| | __| / __| |_   _|   | _ \   /_\   / __| / __| | __| |   \ 
   | |   | _|  \__ \   | |     |  _/  / _ \  \__ \ \__ \ | _|  | |) |
   |_|   |___| |___/   |_|     |_|   /_/ \_\ |___/ |___/ |___| |___/ 

PUT - As admin I have be able to update existing post
----------------------------------------------------------------------
]]></system-out>
  </testcase>
  <testcase name="PUT - As admin I haven&apos;t be able to update existing post" classname="User" time="0.71">
    <system-out><![CDATA[
Scenario: PUT - As admin I haven't be able to update existing post &amp#27;[90m# src/test/resources/features/User.feature:46&amp#27;[0m
01:21:16.990 [main] DEBUG io.cucumber.core.plugin.SerenityReporter - Running feature from file:///D:/Tugas13_REST_Api/src/test/resources/features/User.feature
01:21:16.993 [main] INFO  - 
  _____   ___   ___   _____     ___   _____     _     ___   _____   ___   ___  
 |_   _| | __| / __| |_   _|   / __| |_   _|   /_\   | _ \ |_   _| | __| |   \ 
   | |   | _|  \__ \   | |     \__ \   | |    / _ \  |   /   | |   | _|  | |) |
   |_|   |___| |___/   |_|     |___/   |_|   /_/ \_\ |_|_\   |_|   |___| |___/ 

PUT - As admin I haven't be able to update existing post(user;put---as-admin-i-haven-t-be-able-to-update-existing-post)
--------------------------------------------------------------------------------
01:21:17.009 [main] DEBUG net.thucydides.core.steps.StepInterceptor - STARTING STEP: UserSteps.setTypoPutApiEndpoints - I set typo PUT api endpoints
01:21:17.009 [main] DEBUG net.thucydides.core.steps.StepInterceptor - STEP DONE: I set typo PUT api endpoints
  &amp#27;[32mGiven &amp#27;[0m&amp#27;[32mI set typo PUT api endpoints&amp#27;[0m                               &amp#27;[90m# starter.stepdefinitions.UserSteps.setTypoPutApiEndpoints()&amp#27;[0m
01:21:17.012 [main] DEBUG net.thucydides.core.steps.StepInterceptor - STARTING STEP: UserSteps.sendTypoPutHttpRequest - I send typo PUT HTTP request
01:21:17.014 [main] DEBUG net.thucydides.core.steps.StepInterceptor - STARTING STEP: Put.sendTypoPutHttpRequest - I set PUT api endpoints
01:21:17.014 [main] DEBUG net.thucydides.core.steps.StepInterceptor - STEP DONE: I set PUT api endpoints
01:21:17.047 [Finalizer] DEBUG org.apache.http.impl.conn.DefaultClientConnection - Connection 0.0.0.0:54095<->172.67.136.251:443 closed
01:21:17.047 [Finalizer] DEBUG org.apache.http.impl.conn.DefaultClientConnection - Connection 0.0.0.0:54094<->172.67.136.251:443 closed
01:21:17.047 [Finalizer] DEBUG org.apache.http.impl.conn.DefaultClientConnection - Connection 0.0.0.0:54096<->172.67.136.251:443 closed
01:21:17.048 [Finalizer] DEBUG org.apache.http.impl.conn.DefaultClientConnection - Connection 0.0.0.0:54099<->172.67.136.251:443 closed
01:21:17.048 [Finalizer] DEBUG org.apache.http.impl.conn.DefaultClientConnection - Connection 0.0.0.0:54098<->172.67.136.251:443 closed
01:21:17.048 [Finalizer] DEBUG org.apache.http.impl.conn.DefaultClientConnection - Connection 0.0.0.0:54097<->172.67.136.251:443 closed
01:21:17.048 [main] DEBUG org.apache.http.impl.conn.BasicClientConnectionManager - Get connection for route {s}->https://jsonplaceholder.typicode.com:443
01:21:17.049 [main] DEBUG org.apache.http.impl.conn.DefaultClientConnectionOperator - Connecting to jsonplaceholder.typicode.com:443
01:21:17.123 [main] DEBUG org.apache.http.client.protocol.RequestAddCookies - CookieSpec selected: ignoreCookies
01:21:17.123 [main] DEBUG org.apache.http.client.protocol.RequestAuthCache - Auth cache not set in the context
01:21:17.123 [main] DEBUG org.apache.http.client.protocol.RequestTargetAuthentication - Target auth state: UNCHALLENGED
01:21:17.123 [main] DEBUG org.apache.http.client.protocol.RequestProxyAuthentication - Proxy auth state: UNCHALLENGED
01:21:17.123 [main] DEBUG org.apache.http.impl.client.DefaultHttpClient - Attempt 1 to execute request
01:21:17.124 [main] DEBUG org.apache.http.impl.conn.DefaultClientConnection - Sending request: PUT /posts/1 HTTP/1.1
01:21:17.124 [main] DEBUG org.apache.http.wire -  >> "PUT /posts/1 HTTP/1.1[\r][\n]"
01:21:17.124 [main] DEBUG org.apache.http.wire -  >> "Accept: */*[\r][\n]"
01:21:17.124 [main] DEBUG org.apache.http.wire -  >> "Content-Type: application/json[\r][\n]"
01:21:17.124 [main] DEBUG org.apache.http.wire -  >> "Content-Length: 111[\r][\n]"
01:21:17.124 [main] DEBUG org.apache.http.wire -  >> "Host: jsonplaceholder.typicode.com[\r][\n]"
01:21:17.124 [main] DEBUG org.apache.http.wire -  >> "Connection: Keep-Alive[\r][\n]"
01:21:17.124 [main] DEBUG org.apache.http.wire -  >> "User-Agent: Apache-HttpClient/4.5.13 (Java/19.0.2)[\r][\n]"
01:21:17.124 [main] DEBUG org.apache.http.wire -  >> "Accept-Encoding: gzip,deflate[\r][\n]"
01:21:17.124 [main] DEBUG org.apache.http.wire -  >> "[\r][\n]"
01:21:17.124 [main] DEBUG org.apache.http.headers - >> PUT /posts/1 HTTP/1.1
01:21:17.124 [main] DEBUG org.apache.http.headers - >> Accept: */*
01:21:17.124 [main] DEBUG org.apache.http.headers - >> Content-Type: application/json
01:21:17.124 [main] DEBUG org.apache.http.headers - >> Content-Length: 111
01:21:17.124 [main] DEBUG org.apache.http.headers - >> Host: jsonplaceholder.typicode.com
01:21:17.124 [main] DEBUG org.apache.http.headers - >> Connection: Keep-Alive
01:21:17.124 [main] DEBUG org.apache.http.headers - >> User-Agent: Apache-HttpClient/4.5.13 (Java/19.0.2)
01:21:17.124 [main] DEBUG org.apache.http.headers - >> Accept-Encoding: gzip,deflate
01:21:17.124 [main] DEBUG org.apache.http.wire -  >> "{"number":"pada suatu hari hiduplah seekor singa yang tampan dan rupawan dengan bangganya beliau makan kerbau"}"
01:21:17.688 [main] DEBUG org.apache.http.wire -  << "HTTP/1.1 200 OK[\r][\n]"
01:21:17.688 [main] DEBUG org.apache.http.wire -  << "Date: Sat, 15 Apr 2023 18:21:17 GMT[\r][\n]"
01:21:17.688 [main] DEBUG org.apache.http.wire -  << "Content-Type: application/json; charset=utf-8[\r][\n]"
01:21:17.688 [main] DEBUG org.apache.http.wire -  << "Transfer-Encoding: chunked[\r][\n]"
01:21:17.688 [main] DEBUG org.apache.http.wire -  << "Connection: keep-alive[\r][\n]"
01:21:17.688 [main] DEBUG org.apache.http.wire -  << "X-Powered-By: Express[\r][\n]"
01:21:17.688 [main] DEBUG org.apache.http.wire -  << "X-Ratelimit-Limit: 1000[\r][\n]"
01:21:17.688 [main] DEBUG org.apache.http.wire -  << "X-Ratelimit-Remaining: 996[\r][\n]"
01:21:17.688 [main] DEBUG org.apache.http.wire -  << "X-Ratelimit-Reset: 1681582885[\r][\n]"
01:21:17.689 [main] DEBUG org.apache.http.wire -  << "Vary: Origin, Accept-Encoding[\r][\n]"
01:21:17.689 [main] DEBUG org.apache.http.wire -  << "Access-Control-Allow-Credentials: true[\r][\n]"
01:21:17.689 [main] DEBUG org.apache.http.wire -  << "Cache-Control: no-cache[\r][\n]"
01:21:17.689 [main] DEBUG org.apache.http.wire -  << "Pragma: no-cache[\r][\n]"
01:21:17.689 [main] DEBUG org.apache.http.wire -  << "Expires: -1[\r][\n]"
01:21:17.689 [main] DEBUG org.apache.http.wire -  << "X-Content-Type-Options: nosniff[\r][\n]"
01:21:17.689 [main] DEBUG org.apache.http.wire -  << "Etag: W/"7f-BZEeWmidLgyV+9EabHFG/SQDIzM"[\r][\n]"
01:21:17.689 [main] DEBUG org.apache.http.wire -  << "Via: 1.1 vegur[\r][\n]"
01:21:17.689 [main] DEBUG org.apache.http.wire -  << "CF-Cache-Status: DYNAMIC[\r][\n]"
01:21:17.689 [main] DEBUG org.apache.http.wire -  << "Report-To: {"endpoints":[{"url":"https:\/\/a.nel.cloudflare.com\/report\/v3?s=Vdsjn9b%2BkqA%2BTBPPhaBIRMWEC4zlHn9dCcv94NtEmaOpTu%2BNAjezBUEmW8F75m%2FCCBDgaT7qk9w%2BmRHkMaLhjxKqG%2FYxZmJ4ns19nWdnCtTqUZGJ%2FWnpK9fN5KuSNfShvAzmA8tukwwOgcQ9QFre"}],"group":"cf-nel","max_age":604800}[\r][\n]"
01:21:17.689 [main] DEBUG org.apache.http.wire -  << "NEL: {"success_fraction":0,"report_to":"cf-nel","max_age":604800}[\r][\n]"
01:21:17.689 [main] DEBUG org.apache.http.wire -  << "Server: cloudflare[\r][\n]"
01:21:17.689 [main] DEBUG org.apache.http.wire -  << "CF-RAY: 7b86351608cd404d-SIN[\r][\n]"
01:21:17.689 [main] DEBUG org.apache.http.wire -  << "Content-Encoding: gzip[\r][\n]"
01:21:17.689 [main] DEBUG org.apache.http.wire -  << "alt-svc: h3=":443"; ma=86400, h3-29=":443"; ma=86400[\r][\n]"
01:21:17.689 [main] DEBUG org.apache.http.wire -  << "[\r][\n]"
01:21:17.689 [main] DEBUG org.apache.http.impl.conn.DefaultClientConnection - Receiving response: HTTP/1.1 200 OK
01:21:17.689 [main] DEBUG org.apache.http.headers - << HTTP/1.1 200 OK
01:21:17.689 [main] DEBUG org.apache.http.headers - << Date: Sat, 15 Apr 2023 18:21:17 GMT
01:21:17.689 [main] DEBUG org.apache.http.headers - << Content-Type: application/json; charset=utf-8
01:21:17.689 [main] DEBUG org.apache.http.headers - << Transfer-Encoding: chunked
01:21:17.689 [main] DEBUG org.apache.http.headers - << Connection: keep-alive
01:21:17.689 [main] DEBUG org.apache.http.headers - << X-Powered-By: Express
01:21:17.689 [main] DEBUG org.apache.http.headers - << X-Ratelimit-Limit: 1000
01:21:17.689 [main] DEBUG org.apache.http.headers - << X-Ratelimit-Remaining: 996
01:21:17.689 [main] DEBUG org.apache.http.headers - << X-Ratelimit-Reset: 1681582885
01:21:17.689 [main] DEBUG org.apache.http.headers - << Vary: Origin, Accept-Encoding
01:21:17.689 [main] DEBUG org.apache.http.headers - << Access-Control-Allow-Credentials: true
01:21:17.689 [main] DEBUG org.apache.http.headers - << Cache-Control: no-cache
01:21:17.689 [main] DEBUG org.apache.http.headers - << Pragma: no-cache
01:21:17.689 [main] DEBUG org.apache.http.headers - << Expires: -1
01:21:17.689 [main] DEBUG org.apache.http.headers - << X-Content-Type-Options: nosniff
01:21:17.689 [main] DEBUG org.apache.http.headers - << Etag: W/"7f-BZEeWmidLgyV+9EabHFG/SQDIzM"
01:21:17.690 [main] DEBUG org.apache.http.headers - << Via: 1.1 vegur
01:21:17.690 [main] DEBUG org.apache.http.headers - << CF-Cache-Status: DYNAMIC
01:21:17.690 [main] DEBUG org.apache.http.headers - << Report-To: {"endpoints":[{"url":"https:\/\/a.nel.cloudflare.com\/report\/v3?s=Vdsjn9b%2BkqA%2BTBPPhaBIRMWEC4zlHn9dCcv94NtEmaOpTu%2BNAjezBUEmW8F75m%2FCCBDgaT7qk9w%2BmRHkMaLhjxKqG%2FYxZmJ4ns19nWdnCtTqUZGJ%2FWnpK9fN5KuSNfShvAzmA8tukwwOgcQ9QFre"}],"group":"cf-nel","max_age":604800}
01:21:17.690 [main] DEBUG org.apache.http.headers - << NEL: {"success_fraction":0,"report_to":"cf-nel","max_age":604800}
01:21:17.690 [main] DEBUG org.apache.http.headers - << Server: cloudflare
01:21:17.690 [main] DEBUG org.apache.http.headers - << CF-RAY: 7b86351608cd404d-SIN
01:21:17.690 [main] DEBUG org.apache.http.headers - << Content-Encoding: gzip
01:21:17.690 [main] DEBUG org.apache.http.headers - << alt-svc: h3=":443"; ma=86400, h3-29=":443"; ma=86400
01:21:17.690 [main] DEBUG org.apache.http.impl.client.DefaultHttpClient - Connection can be kept alive indefinitely
01:21:17.690 [main] DEBUG io.restassured.internal.RestAssuredHttpBuilder - Parsing response as: application/json; charset=utf-8
01:21:17.690 [main] DEBUG org.apache.http.wire -  << "7d[\r][\n]"
01:21:17.690 [main] DEBUG org.apache.http.wire -  << "[0x1f][0x8b][0x8][0x0][0x0][0x0][0x0][0x0][0x0][0x3][0x14][0xcd]1[\n]"
01:21:17.690 [main] DEBUG org.apache.http.wire -  << "[0xc3]0[0xc][0x5][0xd0]=[0xa7][0xf8]h[0xee][0xd2]5[0xb7][0xf9][0xc6]B6[0x8e][0x15]cG[0x94]Pz[0xf7][0x92][0xed]m[0xef][0xbb][0x1][0xe2][0xd1][0x93]N[0xd9]![0x83][0x99]X[0xc1]+P8+J[0xcd]1[0xe][0x16],[0xd5]vN[0xac][0xea]F[0xdc]t[0xc3][0xc5]>[0xe8][0xc8]t[0xcc][0x18][0xfc]<V7:[0x12][0xdd][0x8c]~[0x13]I[0x8f][0xca]@g[0xa3][0xa3][0xe9]L[0xc]y=c[0xcd][0xb2][0xe3][0xbd][0xfd][0xfe][0x0][0x0][0x0][0xff][0xff][0x3][0x0][0xe7][0xf0][[0xcd][0x0][0x0][0x0]"
01:21:17.690 [main] DEBUG org.apache.http.wire -  << "[\r][\n]"
01:21:17.691 [main] DEBUG org.apache.http.wire -  << "0[\r][\n]"
01:21:17.691 [main] DEBUG org.apache.http.wire -  << "[\r][\n]"
01:21:17.691 [main] DEBUG io.restassured.internal.RestAssuredHttpBuilder - Parsed data to instance of: class org.apache.http.conn.EofSensorInputStream
01:21:17.692 [main] DEBUG org.apache.http.impl.conn.BasicClientConnectionManager - Releasing connection org.apache.http.impl.conn.ManagedClientConnectionImpl@54ed249f
01:21:17.692 [main] DEBUG org.apache.http.impl.conn.BasicClientConnectionManager - Connection can be kept alive indefinitely
01:21:17.692 [main] DEBUG net.thucydides.core.steps.StepInterceptor - STEP DONE: I send typo PUT HTTP request
  &amp#27;[32mWhen &amp#27;[0m&amp#27;[32mI send typo PUT HTTP request&amp#27;[0m                                &amp#27;[90m# starter.stepdefinitions.UserSteps.sendTypoPutHttpRequest()&amp#27;[0m
01:21:17.694 [main] DEBUG net.thucydides.core.steps.StepInterceptor - STARTING STEP: UserSteps.receiveValidHttpResponse - I receive valid HTTP response code 200
01:21:17.695 [main] DEBUG net.thucydides.core.steps.StepInterceptor - STEP DONE: I receive valid HTTP response code 200
  &amp#27;[32mThen &amp#27;[0m&amp#27;[32mI receive valid HTTP response code 200&amp#27;[0m                      &amp#27;[90m# starter.stepdefinitions.UserSteps.receiveValidHttpResponse()&amp#27;[0m
01:21:17.696 [main] INFO  - 
  _____   ___   ___   _____     ___     _     ___   ___   ___   ___  
 |_   _| | __| / __| |_   _|   | _ \   /_\   / __| / __| | __| |   \ 
   | |   | _|  \__ \   | |     |  _/  / _ \  \__ \ \__ \ | _|  | |) |
   |_|   |___| |___/   |_|     |_|   /_/ \_\ |___/ |___/ |___| |___/ 

PUT - As admin I haven't be able to update existing post
----------------------------------------------------------------------
]]></system-out>
  </testcase>
  <testcase name="DELETE - As admin I have be able to delete existing post" classname="User" time="0.69">
    <system-out><![CDATA[
Scenario: DELETE - As admin I have be able to delete existing post &amp#27;[90m# src/test/resources/features/User.feature:51&amp#27;[0m
01:21:17.700 [main] DEBUG io.cucumber.core.plugin.SerenityReporter - Running feature from file:///D:/Tugas13_REST_Api/src/test/resources/features/User.feature
01:21:17.702 [main] INFO  - 
  _____   ___   ___   _____     ___   _____     _     ___   _____   ___   ___  
 |_   _| | __| / __| |_   _|   / __| |_   _|   /_\   | _ \ |_   _| | __| |   \ 
   | |   | _|  \__ \   | |     \__ \   | |    / _ \  |   /   | |   | _|  | |) |
   |_|   |___| |___/   |_|     |___/   |_|   /_/ \_\ |_|_\   |_|   |___| |___/ 

DELETE - As admin I have be able to delete existing post(user;delete---as-admin-i-have-be-able-to-delete-existing-post)
--------------------------------------------------------------------------------
01:21:17.716 [main] DEBUG net.thucydides.core.steps.StepInterceptor - STARTING STEP: UserSteps.setDeleteApiEndpoints - I set DELETE api endpoints
01:21:17.717 [main] DEBUG net.thucydides.core.steps.StepInterceptor - STEP DONE: I set DELETE api endpoints
  &amp#27;[32mGiven &amp#27;[0m&amp#27;[32mI set DELETE api endpoints&amp#27;[0m                                 &amp#27;[90m# starter.stepdefinitions.UserSteps.setDeleteApiEndpoints()&amp#27;[0m
01:21:17.721 [main] DEBUG net.thucydides.core.steps.StepInterceptor - STARTING STEP: UserSteps.sendDeleteApiEndpoints - I send DELETE HTTP request
01:21:17.723 [main] DEBUG net.thucydides.core.steps.StepInterceptor - STARTING STEP: Delete.sendDeleteApiEndpointsRequest - I set DELETE api endpoints
01:21:17.723 [main] DEBUG net.thucydides.core.steps.StepInterceptor - STEP DONE: I set DELETE api endpoints
01:21:17.732 [main] DEBUG org.apache.http.impl.conn.BasicClientConnectionManager - Get connection for route {s}->https://jsonplaceholder.typicode.com:443
01:21:17.732 [main] DEBUG org.apache.http.impl.conn.DefaultClientConnectionOperator - Connecting to jsonplaceholder.typicode.com:443
01:21:17.798 [main] DEBUG org.apache.http.client.protocol.RequestAddCookies - CookieSpec selected: ignoreCookies
01:21:17.798 [main] DEBUG org.apache.http.client.protocol.RequestAuthCache - Auth cache not set in the context
01:21:17.798 [main] DEBUG org.apache.http.client.protocol.RequestTargetAuthentication - Target auth state: UNCHALLENGED
01:21:17.798 [main] DEBUG org.apache.http.client.protocol.RequestProxyAuthentication - Proxy auth state: UNCHALLENGED
01:21:17.798 [main] DEBUG org.apache.http.impl.client.DefaultHttpClient - Attempt 1 to execute request
01:21:17.798 [main] DEBUG org.apache.http.impl.conn.DefaultClientConnection - Sending request: DELETE /posts/1 HTTP/1.1
01:21:17.798 [main] DEBUG org.apache.http.wire -  >> "DELETE /posts/1 HTTP/1.1[\r][\n]"
01:21:17.798 [main] DEBUG org.apache.http.wire -  >> "Accept: */*[\r][\n]"
01:21:17.798 [main] DEBUG org.apache.http.wire -  >> "Host: jsonplaceholder.typicode.com[\r][\n]"
01:21:17.798 [main] DEBUG org.apache.http.wire -  >> "Connection: Keep-Alive[\r][\n]"
01:21:17.798 [main] DEBUG org.apache.http.wire -  >> "User-Agent: Apache-HttpClient/4.5.13 (Java/19.0.2)[\r][\n]"
01:21:17.798 [main] DEBUG org.apache.http.wire -  >> "Accept-Encoding: gzip,deflate[\r][\n]"
01:21:17.798 [main] DEBUG org.apache.http.wire -  >> "[\r][\n]"
01:21:17.798 [main] DEBUG org.apache.http.headers - >> DELETE /posts/1 HTTP/1.1
01:21:17.798 [main] DEBUG org.apache.http.headers - >> Accept: */*
01:21:17.798 [main] DEBUG org.apache.http.headers - >> Host: jsonplaceholder.typicode.com
01:21:17.798 [main] DEBUG org.apache.http.headers - >> Connection: Keep-Alive
01:21:17.798 [main] DEBUG org.apache.http.headers - >> User-Agent: Apache-HttpClient/4.5.13 (Java/19.0.2)
01:21:17.798 [main] DEBUG org.apache.http.headers - >> Accept-Encoding: gzip,deflate
01:21:18.372 [main] DEBUG org.apache.http.wire -  << "HTTP/1.1 200 OK[\r][\n]"
01:21:18.372 [main] DEBUG org.apache.http.wire -  << "Date: Sat, 15 Apr 2023 18:21:18 GMT[\r][\n]"
01:21:18.372 [main] DEBUG org.apache.http.wire -  << "Content-Type: application/json; charset=utf-8[\r][\n]"
01:21:18.372 [main] DEBUG org.apache.http.wire -  << "Content-Length: 2[\r][\n]"
01:21:18.372 [main] DEBUG org.apache.http.wire -  << "Connection: keep-alive[\r][\n]"
01:21:18.372 [main] DEBUG org.apache.http.wire -  << "X-Powered-By: Express[\r][\n]"
01:21:18.372 [main] DEBUG org.apache.http.wire -  << "X-Ratelimit-Limit: 1000[\r][\n]"
01:21:18.372 [main] DEBUG org.apache.http.wire -  << "X-Ratelimit-Remaining: 995[\r][\n]"
01:21:18.372 [main] DEBUG org.apache.http.wire -  << "X-Ratelimit-Reset: 1681582885[\r][\n]"
01:21:18.372 [main] DEBUG org.apache.http.wire -  << "Vary: Origin, Accept-Encoding[\r][\n]"
01:21:18.372 [main] DEBUG org.apache.http.wire -  << "Access-Control-Allow-Credentials: true[\r][\n]"
01:21:18.372 [main] DEBUG org.apache.http.wire -  << "Cache-Control: no-cache[\r][\n]"
01:21:18.372 [main] DEBUG org.apache.http.wire -  << "Pragma: no-cache[\r][\n]"
01:21:18.372 [main] DEBUG org.apache.http.wire -  << "Expires: -1[\r][\n]"
01:21:18.372 [main] DEBUG org.apache.http.wire -  << "X-Content-Type-Options: nosniff[\r][\n]"
01:21:18.372 [main] DEBUG org.apache.http.wire -  << "Etag: W/"2-vyGp6PvFo4RvsFtPoIWeCReyIC8"[\r][\n]"
01:21:18.372 [main] DEBUG org.apache.http.wire -  << "Via: 1.1 vegur[\r][\n]"
01:21:18.372 [main] DEBUG org.apache.http.wire -  << "CF-Cache-Status: DYNAMIC[\r][\n]"
01:21:18.372 [main] DEBUG org.apache.http.wire -  << "Report-To: {"endpoints":[{"url":"https:\/\/a.nel.cloudflare.com\/report\/v3?s=OYthJxfPbusEHoEeJX40tnz1FU%2Bl0r28D1lXFBPZ6aX2AARa%2Fwbts%2BIrPye%2BXnOupR5Q6jFPwnqirlkb6L7RQdsAitlfnDWThJprOWlRwFAv1xJFKGYBqNqfS8j5cyzKoRy6mxgeEWc%2F6zqKXokr"}],"group":"cf-nel","max_age":604800}[\r][\n]"
01:21:18.372 [main] DEBUG org.apache.http.wire -  << "NEL: {"success_fraction":0,"report_to":"cf-nel","max_age":604800}[\r][\n]"
01:21:18.372 [main] DEBUG org.apache.http.wire -  << "Server: cloudflare[\r][\n]"
01:21:18.372 [main] DEBUG org.apache.http.wire -  << "CF-RAY: 7b86351a4dba91c3-SIN[\r][\n]"
01:21:18.372 [main] DEBUG org.apache.http.wire -  << "alt-svc: h3=":443"; ma=86400, h3-29=":443"; ma=86400[\r][\n]"
01:21:18.372 [main] DEBUG org.apache.http.wire -  << "[\r][\n]"
01:21:18.373 [main] DEBUG org.apache.http.impl.conn.DefaultClientConnection - Receiving response: HTTP/1.1 200 OK
01:21:18.373 [main] DEBUG org.apache.http.headers - << HTTP/1.1 200 OK
01:21:18.373 [main] DEBUG org.apache.http.headers - << Date: Sat, 15 Apr 2023 18:21:18 GMT
01:21:18.373 [main] DEBUG org.apache.http.headers - << Content-Type: application/json; charset=utf-8
01:21:18.373 [main] DEBUG org.apache.http.headers - << Content-Length: 2
01:21:18.373 [main] DEBUG org.apache.http.headers - << Connection: keep-alive
01:21:18.373 [main] DEBUG org.apache.http.headers - << X-Powered-By: Express
01:21:18.373 [main] DEBUG org.apache.http.headers - << X-Ratelimit-Limit: 1000
01:21:18.373 [main] DEBUG org.apache.http.headers - << X-Ratelimit-Remaining: 995
01:21:18.373 [main] DEBUG org.apache.http.headers - << X-Ratelimit-Reset: 1681582885
01:21:18.373 [main] DEBUG org.apache.http.headers - << Vary: Origin, Accept-Encoding
01:21:18.373 [main] DEBUG org.apache.http.headers - << Access-Control-Allow-Credentials: true
01:21:18.373 [main] DEBUG org.apache.http.headers - << Cache-Control: no-cache
01:21:18.373 [main] DEBUG org.apache.http.headers - << Pragma: no-cache
01:21:18.373 [main] DEBUG org.apache.http.headers - << Expires: -1
01:21:18.373 [main] DEBUG org.apache.http.headers - << X-Content-Type-Options: nosniff
01:21:18.373 [main] DEBUG org.apache.http.headers - << Etag: W/"2-vyGp6PvFo4RvsFtPoIWeCReyIC8"
01:21:18.373 [main] DEBUG org.apache.http.headers - << Via: 1.1 vegur
01:21:18.373 [main] DEBUG org.apache.http.headers - << CF-Cache-Status: DYNAMIC
01:21:18.373 [main] DEBUG org.apache.http.headers - << Report-To: {"endpoints":[{"url":"https:\/\/a.nel.cloudflare.com\/report\/v3?s=OYthJxfPbusEHoEeJX40tnz1FU%2Bl0r28D1lXFBPZ6aX2AARa%2Fwbts%2BIrPye%2BXnOupR5Q6jFPwnqirlkb6L7RQdsAitlfnDWThJprOWlRwFAv1xJFKGYBqNqfS8j5cyzKoRy6mxgeEWc%2F6zqKXokr"}],"group":"cf-nel","max_age":604800}
01:21:18.373 [main] DEBUG org.apache.http.headers - << NEL: {"success_fraction":0,"report_to":"cf-nel","max_age":604800}
01:21:18.373 [main] DEBUG org.apache.http.headers - << Server: cloudflare
01:21:18.373 [main] DEBUG org.apache.http.headers - << CF-RAY: 7b86351a4dba91c3-SIN
01:21:18.373 [main] DEBUG org.apache.http.headers - << alt-svc: h3=":443"; ma=86400, h3-29=":443"; ma=86400
01:21:18.373 [main] DEBUG org.apache.http.impl.client.DefaultHttpClient - Connection can be kept alive indefinitely
01:21:18.374 [main] DEBUG io.restassured.internal.RestAssuredHttpBuilder - Parsing response as: application/json; charset=utf-8
01:21:18.374 [main] DEBUG io.restassured.internal.RestAssuredHttpBuilder - Parsed data to instance of: class org.apache.http.conn.EofSensorInputStream
01:21:18.376 [main] DEBUG org.apache.http.wire -  << "{}"
01:21:18.376 [main] DEBUG org.apache.http.impl.conn.BasicClientConnectionManager - Releasing connection org.apache.http.impl.conn.ManagedClientConnectionImpl@4a8bf1dc
01:21:18.377 [main] DEBUG org.apache.http.impl.conn.BasicClientConnectionManager - Connection can be kept alive indefinitely
01:21:18.377 [main] DEBUG net.thucydides.core.steps.StepInterceptor - STEP DONE: I send DELETE HTTP request
  &amp#27;[32mWhen &amp#27;[0m&amp#27;[32mI send DELETE HTTP request&amp#27;[0m                                  &amp#27;[90m# starter.stepdefinitions.UserSteps.sendDeleteApiEndpoints()&amp#27;[0m
01:21:18.384 [main] DEBUG net.thucydides.core.steps.StepInterceptor - STARTING STEP: UserSteps.receiveValidHttpResponse - I receive valid HTTP response code 200
01:21:18.385 [main] DEBUG net.thucydides.core.steps.StepInterceptor - STEP DONE: I receive valid HTTP response code 200
  &amp#27;[32mThen &amp#27;[0m&amp#27;[32mI receive valid HTTP response code 200&amp#27;[0m                      &amp#27;[90m# starter.stepdefinitions.UserSteps.receiveValidHttpResponse()&amp#27;[0m
01:21:18.387 [main] INFO  - 
  _____   ___   ___   _____     ___     _     ___   ___   ___   ___  
 |_   _| | __| / __| |_   _|   | _ \   /_\   / __| / __| | __| |   \ 
   | |   | _|  \__ \   | |     |  _/  / _ \  \__ \ \__ \ | _|  | |) |
   |_|   |___| |___/   |_|     |_|   /_/ \_\ |___/ |___/ |___| |___/ 

DELETE - As admin I have be able to delete existing post
----------------------------------------------------------------------
]]></system-out>
  </testcase>
  <testcase name="DELETE - As admin I haven&apos;t be able to delete existing post" classname="User" time="0.027">
    <system-out><![CDATA[
Scenario: DELETE - As admin I haven't be able to delete existing post &amp#27;[90m# src/test/resources/features/User.feature:56&amp#27;[0m
01:21:18.391 [main] DEBUG io.cucumber.core.plugin.SerenityReporter - Running feature from file:///D:/Tugas13_REST_Api/src/test/resources/features/User.feature
01:21:18.394 [main] INFO  - 
  _____   ___   ___   _____     ___   _____     _     ___   _____   ___   ___  
 |_   _| | __| / __| |_   _|   / __| |_   _|   /_\   | _ \ |_   _| | __| |   \ 
   | |   | _|  \__ \   | |     \__ \   | |    / _ \  |   /   | |   | _|  | |) |
   |_|   |___| |___/   |_|     |___/   |_|   /_/ \_\ |_|_\   |_|   |___| |___/ 

DELETE - As admin I haven't be able to delete existing post(user;delete---as-admin-i-haven-t-be-able-to-delete-existing-post)
--------------------------------------------------------------------------------
01:21:18.408 [main] DEBUG net.thucydides.core.steps.StepInterceptor - STARTING STEP: UserSteps.setDeleteInvalidApiEndpoints - I set DELETE to invalid api endpoints
01:21:18.408 [main] DEBUG net.thucydides.core.steps.StepInterceptor - STEP DONE: I set DELETE to invalid api endpoints
  &amp#27;[32mGiven &amp#27;[0m&amp#27;[32mI set DELETE to invalid api endpoints&amp#27;[0m                         &amp#27;[90m# starter.stepdefinitions.UserSteps.setDeleteInvalidApiEndpoints()&amp#27;[0m
01:21:18.412 [main] DEBUG net.thucydides.core.steps.StepInterceptor - STARTING STEP: UserSteps.receiveNothingFromPage - I receive nothing from the page
01:21:18.412 [main] DEBUG net.thucydides.core.steps.StepInterceptor - STEP DONE: I receive nothing from the page
  &amp#27;[32mWhen &amp#27;[0m&amp#27;[32mI receive nothing from the page&amp#27;[0m                                &amp#27;[90m# starter.stepdefinitions.UserSteps.receiveNothingFromPage()&amp#27;[0m
01:21:18.414 [main] INFO  - 
  _____   ___   ___   _____     ___     _     ___   ___   ___   ___  
 |_   _| | __| / __| |_   _|   | _ \   /_\   / __| / __| | __| |   \ 
   | |   | _|  \__ \   | |     |  _/  / _ \  \__ \ \__ \ | _|  | |) |
   |_|   |___| |___/   |_|     |_|   /_/ \_\ |___/ |___/ |___| |___/ 

DELETE - As admin I haven't be able to delete existing post
----------------------------------------------------------------------
]]></system-out>
  </testcase>
</testsuite>