<?xml version="1.0" encoding="UTF-8"?>
<testsuite xmlns:xsi="http://www.w3.org/2001/XMLSchema-instance" xsi:noNamespaceSchemaLocation="https://maven.apache.org/surefire/maven-failsafe-plugin/xsd/failsafe-test-report-3.0.xsd" version="3.0" name="starter.CucumberTestSuite" time="32.083" tests="10" errors="0" skipped="0" failures="0">
  <properties>
    <property name="java.specification.version" value="19"/>
    <property name="sun.cpu.isalist" value="amd64"/>
    <property name="sun.jnu.encoding" value="Cp1252"/>
    <property name="java.class.path" value="C:\Users\Bunayya Zulfikar\Documents\GitHub\QE_Refano-Saputra\10_RESTful_API_Testing_with_REST_Assured\praktikum\RESTful_API_Testing_with_REST_Assured\target\test-classes;C:\Users\Bunayya Zulfikar\.m2\repository\net\serenity-bdd\serenity-rest-assured\3.6.22\serenity-rest-assured-3.6.22.jar;C:\Users\Bunayya Zulfikar\.m2\repository\org\apache\httpcomponents\httpclient\4.5.13\httpclient-4.5.13.jar;C:\Users\Bunayya Zulfikar\.m2\repository\org\apache\httpcomponents\httpcore\4.4.13\httpcore-4.4.13.jar;C:\Users\Bunayya Zulfikar\.m2\repository\commons-logging\commons-logging\1.2\commons-logging-1.2.jar;C:\Users\Bunayya Zulfikar\.m2\repository\io\rest-assured\rest-assured\5.3.0\rest-assured-5.3.0.jar;C:\Users\Bunayya Zulfikar\.m2\repository\org\apache\httpcomponents\httpmime\4.5.13\httpmime-4.5.13.jar;C:\Users\Bunayya Zulfikar\.m2\repository\org\ccil\cowan\tagsoup\tagsoup\1.2.1\tagsoup-1.2.1.jar;C:\Users\Bunayya Zulfikar\.m2\repository\io\rest-assured\json-path\5.3.0\json-path-5.3.0.jar;C:\Users\Bunayya Zulfikar\.m2\repository\io\rest-assured\rest-assured-common\5.3.0\rest-assured-common-5.3.0.jar;C:\Users\Bunayya Zulfikar\.m2\repository\io\rest-assured\xml-path\5.3.0\xml-path-5.3.0.jar;C:\Users\Bunayya Zulfikar\.m2\repository\org\apache\groovy\groovy-json\4.0.10\groovy-json-4.0.10.jar;C:\Users\Bunayya Zulfikar\.m2\repository\org\apache\groovy\groovy-xml\4.0.10\groovy-xml-4.0.10.jar;C:\Users\Bunayya Zulfikar\.m2\repository\org\apache\groovy\groovy\4.0.10\groovy-4.0.10.jar;C:\Users\Bunayya Zulfikar\.m2\repository\org\opentest4j\opentest4j\1.2.0\opentest4j-1.2.0.jar;C:\Users\Bunayya Zulfikar\.m2\repository\net\serenity-bdd\serenity-core\3.6.21\serenity-core-3.6.21.jar;C:\Users\Bunayya Zulfikar\.m2\repository\net\serenity-bdd\serenity-model\3.6.21\serenity-model-3.6.21.jar;C:\Users\Bunayya Zulfikar\.m2\repository\org\apache\commons\commons-text\1.10.0\commons-text-1.10.0.jar;C:\Users\Bunayya Zulfikar\.m2\repository\commons-net\commons-net\3.9.0\commons-net-3.9.0.jar;C:\Users\Bunayya Zulfikar\.m2\repository\com\google\guava\guava\31.1-jre\guava-31.1-jre.jar;C:\Users\Bunayya Zulfikar\.m2\repository\com\google\guava\failureaccess\1.0.1\failureaccess-1.0.1.jar;C:\Users\Bunayya Zulfikar\.m2\repository\com\google\guava\listenablefuture\9999.0-empty-to-avoid-conflict-with-guava\listenablefuture-9999.0-empty-to-avoid-conflict-with-guava.jar;C:\Users\Bunayya Zulfikar\.m2\repository\com\google\code\findbugs\jsr305\3.0.2\jsr305-3.0.2.jar;C:\Users\Bunayya Zulfikar\.m2\repository\org\checkerframework\checker-qual\3.12.0\checker-qual-3.12.0.jar;C:\Users\Bunayya Zulfikar\.m2\repository\com\google\errorprone\error_prone_annotations\2.11.0\error_prone_annotations-2.11.0.jar;C:\Users\Bunayya Zulfikar\.m2\repository\com\google\j2objc\j2objc-annotations\1.3\j2objc-annotations-1.3.jar;C:\Users\Bunayya Zulfikar\.m2\repository\com\google\inject\guice\5.1.0\guice-5.1.0.jar;C:\Users\Bunayya Zulfikar\.m2\repository\javax\inject\javax.inject\1\javax.inject-1.jar;C:\Users\Bunayya Zulfikar\.m2\repository\aopalliance\aopalliance\1.0\aopalliance-1.0.jar;C:\Users\Bunayya Zulfikar\.m2\repository\org\jsoup\jsoup\1.14.3\jsoup-1.14.3.jar;C:\Users\Bunayya Zulfikar\.m2\repository\com\thoughtworks\xstream\xstream\1.4.20\xstream-1.4.20.jar;C:\Users\Bunayya Zulfikar\.m2\repository\io\github\x-stream\mxparser\1.2.2\mxparser-1.2.2.jar;C:\Users\Bunayya Zulfikar\.m2\repository\xmlpull\xmlpull\1.1.3.1\xmlpull-1.1.3.1.jar;C:\Users\Bunayya Zulfikar\.m2\repository\com\typesafe\config\1.4.2\config-1.4.2.jar;C:\Users\Bunayya Zulfikar\.m2\repository\org\imgscalr\imgscalr-lib\4.2\imgscalr-lib-4.2.jar;C:\Users\Bunayya Zulfikar\.m2\repository\org\awaitility\awaitility\4.2.0\awaitility-4.2.0.jar;C:\Users\Bunayya Zulfikar\.m2\repository\org\freemarker\freemarker\2.3.31\freemarker-2.3.31.jar;C:\Users\Bunayya Zulfikar\.m2\repository\io\github\classgraph\classgraph\4.8.138\classgraph-4.8.138.jar;C:\Users\Bunayya Zulfikar\.m2\repository\net\sourceforge\jexcelapi\jxl\2.6.12\jxl-2.6.12.jar;C:\Users\Bunayya Zulfikar\.m2\repository\net\bytebuddy\byte-buddy-agent\1.14.2\byte-buddy-agent-1.14.2.jar;C:\Users\Bunayya Zulfikar\.m2\repository\org\objenesis\objenesis\3.3\objenesis-3.3.jar;C:\Users\Bunayya Zulfikar\.m2\repository\net\serenity-bdd\serenity-reports\3.6.21\serenity-reports-3.6.21.jar;C:\Users\Bunayya Zulfikar\.m2\repository\net\serenity-bdd\serenity-stats\3.6.21\serenity-stats-3.6.21.jar;C:\Users\Bunayya Zulfikar\.m2\repository\net\serenity-bdd\serenity-reports-configuration\3.6.21\serenity-reports-configuration-3.6.21.jar;C:\Users\Bunayya Zulfikar\.m2\repository\com\vladsch\flexmark\flexmark-all\0.62.2\flexmark-all-0.62.2.jar;C:\Users\Bunayya Zulfikar\.m2\repository\com\vladsch\flexmark\flexmark\0.62.2\flexmark-0.62.2.jar;C:\Users\Bunayya Zulfikar\.m2\repository\com\vladsch\flexmark\flexmark-ext-abbreviation\0.62.2\flexmark-ext-abbreviation-0.62.2.jar;C:\Users\Bunayya Zulfikar\.m2\repository\com\vladsch\flexmark\flexmark-util\0.62.2\flexmark-util-0.62.2.jar;C:\Users\Bunayya Zulfikar\.m2\repository\com\vladsch\flexmark\flexmark-ext-admonition\0.62.2\flexmark-ext-admonition-0.62.2.jar;C:\Users\Bunayya Zulfikar\.m2\repository\com\vladsch\flexmark\flexmark-ext-anchorlink\0.62.2\flexmark-ext-anchorlink-0.62.2.jar;C:\Users\Bunayya Zulfikar\.m2\repository\com\vladsch\flexmark\flexmark-ext-aside\0.62.2\flexmark-ext-aside-0.62.2.jar;C:\Users\Bunayya Zulfikar\.m2\repository\com\vladsch\flexmark\flexmark-ext-attributes\0.62.2\flexmark-ext-attributes-0.62.2.jar;C:\Users\Bunayya Zulfikar\.m2\repository\com\vladsch\flexmark\flexmark-ext-autolink\0.62.2\flexmark-ext-autolink-0.62.2.jar;C:\Users\Bunayya Zulfikar\.m2\repository\org\nibor\autolink\autolink\0.6.0\autolink-0.6.0.jar;C:\Users\Bunayya Zulfikar\.m2\repository\com\vladsch\flexmark\flexmark-ext-definition\0.62.2\flexmark-ext-definition-0.62.2.jar;C:\Users\Bunayya Zulfikar\.m2\repository\com\vladsch\flexmark\flexmark-ext-emoji\0.62.2\flexmark-ext-emoji-0.62.2.jar;C:\Users\Bunayya Zulfikar\.m2\repository\com\vladsch\flexmark\flexmark-ext-enumerated-reference\0.62.2\flexmark-ext-enumerated-reference-0.62.2.jar;C:\Users\Bunayya Zulfikar\.m2\repository\com\vladsch\flexmark\flexmark-ext-escaped-character\0.62.2\flexmark-ext-escaped-character-0.62.2.jar;C:\Users\Bunayya Zulfikar\.m2\repository\com\vladsch\flexmark\flexmark-ext-footnotes\0.62.2\flexmark-ext-footnotes-0.62.2.jar;C:\Users\Bunayya Zulfikar\.m2\repository\com\vladsch\flexmark\flexmark-ext-gfm-issues\0.62.2\flexmark-ext-gfm-issues-0.62.2.jar;C:\Users\Bunayya Zulfikar\.m2\repository\com\vladsch\flexmark\flexmark-ext-gfm-strikethrough\0.62.2\flexmark-ext-gfm-strikethrough-0.62.2.jar;C:\Users\Bunayya Zulfikar\.m2\repository\com\vladsch\flexmark\flexmark-ext-gfm-tasklist\0.62.2\flexmark-ext-gfm-tasklist-0.62.2.jar;C:\Users\Bunayya Zulfikar\.m2\repository\com\vladsch\flexmark\flexmark-ext-gfm-users\0.62.2\flexmark-ext-gfm-users-0.62.2.jar;C:\Users\Bunayya Zulfikar\.m2\repository\com\vladsch\flexmark\flexmark-ext-gitlab\0.62.2\flexmark-ext-gitlab-0.62.2.jar;C:\Users\Bunayya Zulfikar\.m2\repository\com\vladsch\flexmark\flexmark-ext-jekyll-front-matter\0.62.2\flexmark-ext-jekyll-front-matter-0.62.2.jar;C:\Users\Bunayya Zulfikar\.m2\repository\com\vladsch\flexmark\flexmark-ext-jekyll-tag\0.62.2\flexmark-ext-jekyll-tag-0.62.2.jar;C:\Users\Bunayya Zulfikar\.m2\repository\com\vladsch\flexmark\flexmark-ext-media-tags\0.62.2\flexmark-ext-media-tags-0.62.2.jar;C:\Users\Bunayya Zulfikar\.m2\repository\com\vladsch\flexmark\flexmark-ext-macros\0.62.2\flexmark-ext-macros-0.62.2.jar;C:\Users\Bunayya Zulfikar\.m2\repository\com\vladsch\flexmark\flexmark-ext-ins\0.62.2\flexmark-ext-ins-0.62.2.jar;C:\Users\Bunayya Zulfikar\.m2\repository\com\vladsch\flexmark\flexmark-ext-xwiki-macros\0.62.2\flexmark-ext-xwiki-macros-0.62.2.jar;C:\Users\Bunayya Zulfikar\.m2\repository\com\vladsch\flexmark\flexmark-ext-superscript\0.62.2\flexmark-ext-superscript-0.62.2.jar;C:\Users\Bunayya Zulfikar\.m2\repository\com\vladsch\flexmark\flexmark-ext-tables\0.62.2\flexmark-ext-tables-0.62.2.jar;C:\Users\Bunayya Zulfikar\.m2\repository\com\vladsch\flexmark\flexmark-ext-toc\0.62.2\flexmark-ext-toc-0.62.2.jar;C:\Users\Bunayya Zulfikar\.m2\repository\com\vladsch\flexmark\flexmark-ext-typographic\0.62.2\flexmark-ext-typographic-0.62.2.jar;C:\Users\Bunayya Zulfikar\.m2\repository\com\vladsch\flexmark\flexmark-ext-wikilink\0.62.2\flexmark-ext-wikilink-0.62.2.jar;C:\Users\Bunayya Zulfikar\.m2\repository\com\vladsch\flexmark\flexmark-ext-yaml-front-matter\0.62.2\flexmark-ext-yaml-front-matter-0.62.2.jar;C:\Users\Bunayya Zulfikar\.m2\repository\com\vladsch\flexmark\flexmark-ext-youtube-embedded\0.62.2\flexmark-ext-youtube-embedded-0.62.2.jar;C:\Users\Bunayya Zulfikar\.m2\repository\com\vladsch\flexmark\flexmark-html2md-converter\0.62.2\flexmark-html2md-converter-0.62.2.jar;C:\Users\Bunayya Zulfikar\.m2\repository\com\vladsch\flexmark\flexmark-jira-converter\0.62.2\flexmark-jira-converter-0.62.2.jar;C:\Users\Bunayya Zulfikar\.m2\repository\com\vladsch\flexmark\flexmark-pdf-converter\0.62.2\flexmark-pdf-converter-0.62.2.jar;C:\Users\Bunayya Zulfikar\.m2\repository\com\openhtmltopdf\openhtmltopdf-core\1.0.0\openhtmltopdf-core-1.0.0.jar;C:\Users\Bunayya Zulfikar\.m2\repository\com\openhtmltopdf\openhtmltopdf-pdfbox\1.0.0\openhtmltopdf-pdfbox-1.0.0.jar;C:\Users\Bunayya Zulfikar\.m2\repository\org\apache\pdfbox\pdfbox\2.0.16\pdfbox-2.0.16.jar;C:\Users\Bunayya Zulfikar\.m2\repository\org\apache\pdfbox\fontbox\2.0.16\fontbox-2.0.16.jar;C:\Users\Bunayya Zulfikar\.m2\repository\org\apache\pdfbox\xmpbox\2.0.16\xmpbox-2.0.16.jar;C:\Users\Bunayya Zulfikar\.m2\repository\de\rototor\pdfbox\graphics2d\0.24\graphics2d-0.24.jar;C:\Users\Bunayya Zulfikar\.m2\repository\com\openhtmltopdf\openhtmltopdf-rtl-support\1.0.0\openhtmltopdf-rtl-support-1.0.0.jar;C:\Users\Bunayya Zulfikar\.m2\repository\com\openhtmltopdf\openhtmltopdf-jsoup-dom-converter\1.0.0\openhtmltopdf-jsoup-dom-converter-1.0.0.jar;C:\Users\Bunayya Zulfikar\.m2\repository\com\vladsch\flexmark\flexmark-profile-pegdown\0.62.2\flexmark-profile-pegdown-0.62.2.jar;C:\Users\Bunayya Zulfikar\.m2\repository\com\vladsch\flexmark\flexmark-util-ast\0.62.2\flexmark-util-ast-0.62.2.jar;C:\Users\Bunayya Zulfikar\.m2\repository\com\vladsch\flexmark\flexmark-util-builder\0.62.2\flexmark-util-builder-0.62.2.jar;C:\Users\Bunayya Zulfikar\.m2\repository\com\vladsch\flexmark\flexmark-util-collection\0.62.2\flexmark-util-collection-0.62.2.jar;C:\Users\Bunayya Zulfikar\.m2\repository\com\vladsch\flexmark\flexmark-util-data\0.62.2\flexmark-util-data-0.62.2.jar;C:\Users\Bunayya Zulfikar\.m2\repository\com\vladsch\flexmark\flexmark-util-dependency\0.62.2\flexmark-util-dependency-0.62.2.jar;C:\Users\Bunayya Zulfikar\.m2\repository\com\vladsch\flexmark\flexmark-util-format\0.62.2\flexmark-util-format-0.62.2.jar;C:\Users\Bunayya Zulfikar\.m2\repository\com\vladsch\flexmark\flexmark-util-html\0.62.2\flexmark-util-html-0.62.2.jar;C:\Users\Bunayya Zulfikar\.m2\repository\com\vladsch\flexmark\flexmark-util-misc\0.62.2\flexmark-util-misc-0.62.2.jar;C:\Users\Bunayya Zulfikar\.m2\repository\com\vladsch\flexmark\flexmark-util-options\0.62.2\flexmark-util-options-0.62.2.jar;C:\Users\Bunayya Zulfikar\.m2\repository\com\vladsch\flexmark\flexmark-util-sequence\0.62.2\flexmark-util-sequence-0.62.2.jar;C:\Users\Bunayya Zulfikar\.m2\repository\com\vladsch\flexmark\flexmark-util-visitor\0.62.2\flexmark-util-visitor-0.62.2.jar;C:\Users\Bunayya Zulfikar\.m2\repository\com\vladsch\flexmark\flexmark-youtrack-converter\0.62.2\flexmark-youtrack-converter-0.62.2.jar;C:\Users\Bunayya Zulfikar\.m2\repository\com\ibm\icu\icu4j\72.1\icu4j-72.1.jar;C:\Users\Bunayya Zulfikar\.m2\repository\es\nitaur\markdown\txtmark\0.16\txtmark-0.16.jar;C:\Users\Bunayya Zulfikar\.m2\repository\net\serenity-bdd\serenity-report-resources\3.6.21\serenity-report-resources-3.6.21.jar;C:\Users\Bunayya Zulfikar\.m2\repository\com\google\code\gson\gson\2.10.1\gson-2.10.1.jar;C:\Users\Bunayya Zulfikar\.m2\repository\com\fasterxml\jackson\core\jackson-core\2.15.0-rc1\jackson-core-2.15.0-rc1.jar;C:\Users\Bunayya Zulfikar\.m2\repository\com\fasterxml\jackson\core\jackson-databind\2.15.0-rc1\jackson-databind-2.15.0-rc1.jar;C:\Users\Bunayya Zulfikar\.m2\repository\com\fasterxml\jackson\core\jackson-annotations\2.15.0-rc1\jackson-annotations-2.15.0-rc1.jar;C:\Users\Bunayya Zulfikar\.m2\repository\commons-codec\commons-codec\1.15\commons-codec-1.15.jar;C:\Users\Bunayya Zulfikar\.m2\repository\commons-io\commons-io\2.11.0\commons-io-2.11.0.jar;C:\Users\Bunayya Zulfikar\.m2\repository\org\seleniumhq\selenium\selenium-java\4.8.1\selenium-java-4.8.1.jar;C:\Users\Bunayya Zulfikar\.m2\repository\org\seleniumhq\selenium\selenium-devtools-v108\4.8.1\selenium-devtools-v108-4.8.1.jar;C:\Users\Bunayya Zulfikar\.m2\repository\org\seleniumhq\selenium\selenium-devtools-v109\4.8.1\selenium-devtools-v109-4.8.1.jar;C:\Users\Bunayya Zulfikar\.m2\repository\org\seleniumhq\selenium\selenium-devtools-v110\4.8.1\selenium-devtools-v110-4.8.1.jar;C:\Users\Bunayya Zulfikar\.m2\repository\org\seleniumhq\selenium\selenium-devtools-v85\4.8.1\selenium-devtools-v85-4.8.1.jar;C:\Users\Bunayya Zulfikar\.m2\repository\org\seleniumhq\selenium\selenium-remote-driver\4.8.1\selenium-remote-driver-4.8.1.jar;C:\Users\Bunayya Zulfikar\.m2\repository\com\beust\jcommander\1.82\jcommander-1.82.jar;C:\Users\Bunayya Zulfikar\.m2\repository\io\netty\netty-buffer\4.1.87.Final\netty-buffer-4.1.87.Final.jar;C:\Users\Bunayya Zulfikar\.m2\repository\io\netty\netty-codec-http\4.1.87.Final\netty-codec-http-4.1.87.Final.jar;C:\Users\Bunayya Zulfikar\.m2\repository\io\netty\netty-codec\4.1.87.Final\netty-codec-4.1.87.Final.jar;C:\Users\Bunayya Zulfikar\.m2\repository\io\netty\netty-handler\4.1.87.Final\netty-handler-4.1.87.Final.jar;C:\Users\Bunayya Zulfikar\.m2\repository\io\netty\netty-common\4.1.87.Final\netty-common-4.1.87.Final.jar;C:\Users\Bunayya Zulfikar\.m2\repository\io\netty\netty-transport-classes-epoll\4.1.87.Final\netty-transport-classes-epoll-4.1.87.Final.jar;C:\Users\Bunayya Zulfikar\.m2\repository\io\netty\netty-transport-classes-kqueue\4.1.87.Final\netty-transport-classes-kqueue-4.1.87.Final.jar;C:\Users\Bunayya Zulfikar\.m2\repository\io\netty\netty-transport-native-epoll\4.1.87.Final\netty-transport-native-epoll-4.1.87.Final.jar;C:\Users\Bunayya Zulfikar\.m2\repository\io\netty\netty-transport-native-kqueue\4.1.87.Final\netty-transport-native-kqueue-4.1.87.Final.jar;C:\Users\Bunayya Zulfikar\.m2\repository\io\netty\netty-transport-native-unix-common\4.1.87.Final\netty-transport-native-unix-common-4.1.87.Final.jar;C:\Users\Bunayya Zulfikar\.m2\repository\io\netty\netty-transport\4.1.87.Final\netty-transport-4.1.87.Final.jar;C:\Users\Bunayya Zulfikar\.m2\repository\io\netty\netty-resolver\4.1.87.Final\netty-resolver-4.1.87.Final.jar;C:\Users\Bunayya Zulfikar\.m2\repository\io\opentelemetry\opentelemetry-api\1.22.0\opentelemetry-api-1.22.0.jar;C:\Users\Bunayya Zulfikar\.m2\repository\io\opentelemetry\opentelemetry-context\1.22.0\opentelemetry-context-1.22.0.jar;C:\Users\Bunayya Zulfikar\.m2\repository\io\opentelemetry\opentelemetry-exporter-logging\1.22.0\opentelemetry-exporter-logging-1.22.0.jar;C:\Users\Bunayya Zulfikar\.m2\repository\io\opentelemetry\opentelemetry-sdk-metrics\1.22.0\opentelemetry-sdk-metrics-1.22.0.jar;C:\Users\Bunayya Zulfikar\.m2\repository\io\opentelemetry\opentelemetry-sdk-logs\1.22.0-alpha\opentelemetry-sdk-logs-1.22.0-alpha.jar;C:\Users\Bunayya Zulfikar\.m2\repository\io\opentelemetry\opentelemetry-api-logs\1.22.0-alpha\opentelemetry-api-logs-1.22.0-alpha.jar;C:\Users\Bunayya Zulfikar\.m2\repository\io\opentelemetry\opentelemetry-sdk-common\1.22.0\opentelemetry-sdk-common-1.22.0.jar;C:\Users\Bunayya Zulfikar\.m2\repository\io\opentelemetry\opentelemetry-sdk-extension-autoconfigure-spi\1.22.0\opentelemetry-sdk-extension-autoconfigure-spi-1.22.0.jar;C:\Users\Bunayya Zulfikar\.m2\repository\io\opentelemetry\opentelemetry-sdk-extension-autoconfigure\1.22.0-alpha\opentelemetry-sdk-extension-autoconfigure-1.22.0-alpha.jar;C:\Users\Bunayya Zulfikar\.m2\repository\io\opentelemetry\opentelemetry-sdk-trace\1.22.0\opentelemetry-sdk-trace-1.22.0.jar;C:\Users\Bunayya Zulfikar\.m2\repository\io\opentelemetry\opentelemetry-sdk\1.22.0\opentelemetry-sdk-1.22.0.jar;C:\Users\Bunayya Zulfikar\.m2\repository\io\opentelemetry\opentelemetry-semconv\1.22.0-alpha\opentelemetry-semconv-1.22.0-alpha.jar;C:\Users\Bunayya Zulfikar\.m2\repository\io\ous\jtoml\2.0.0\jtoml-2.0.0.jar;C:\Users\Bunayya Zulfikar\.m2\repository\org\apache\commons\commons-exec\1.3\commons-exec-1.3.jar;C:\Users\Bunayya Zulfikar\.m2\repository\org\asynchttpclient\async-http-client\2.12.3\async-http-client-2.12.3.jar;C:\Users\Bunayya Zulfikar\.m2\repository\org\asynchttpclient\async-http-client-netty-utils\2.12.3\async-http-client-netty-utils-2.12.3.jar;C:\Users\Bunayya Zulfikar\.m2\repository\io\netty\netty-codec-socks\4.1.60.Final\netty-codec-socks-4.1.60.Final.jar;C:\Users\Bunayya Zulfikar\.m2\repository\io\netty\netty-handler-proxy\4.1.60.Final\netty-handler-proxy-4.1.60.Final.jar;C:\Users\Bunayya Zulfikar\.m2\repository\io\netty\netty-transport-native-epoll\4.1.60.Final\netty-transport-native-epoll-4.1.60.Final-linux-x86_64.jar;C:\Users\Bunayya Zulfikar\.m2\repository\io\netty\netty-transport-native-kqueue\4.1.60.Final\netty-transport-native-kqueue-4.1.60.Final-osx-x86_64.jar;C:\Users\Bunayya Zulfikar\.m2\repository\org\reactivestreams\reactive-streams\1.0.3\reactive-streams-1.0.3.jar;C:\Users\Bunayya Zulfikar\.m2\repository\com\typesafe\netty\netty-reactive-streams\2.0.4\netty-reactive-streams-2.0.4.jar;C:\Users\Bunayya Zulfikar\.m2\repository\org\seleniumhq\selenium\selenium-manager\4.8.1\selenium-manager-4.8.1.jar;C:\Users\Bunayya Zulfikar\.m2\repository\org\seleniumhq\selenium\selenium-safari-driver\4.8.1\selenium-safari-driver-4.8.1.jar;C:\Users\Bunayya Zulfikar\.m2\repository\org\seleniumhq\selenium\selenium-api\4.8.1\selenium-api-4.8.1.jar;C:\Users\Bunayya Zulfikar\.m2\repository\org\seleniumhq\selenium\selenium-support\4.8.1\selenium-support-4.8.1.jar;C:\Users\Bunayya Zulfikar\.m2\repository\com\google\auto\service\auto-service-annotations\1.0.1\auto-service-annotations-1.0.1.jar;C:\Users\Bunayya Zulfikar\.m2\repository\com\google\auto\service\auto-service\1.0.1\auto-service-1.0.1.jar;C:\Users\Bunayya Zulfikar\.m2\repository\com\google\auto\auto-common\1.2\auto-common-1.2.jar;C:\Users\Bunayya Zulfikar\.m2\repository\org\seleniumhq\selenium\selenium-json\4.8.1\selenium-json-4.8.1.jar;C:\Users\Bunayya Zulfikar\.m2\repository\org\seleniumhq\selenium\selenium-chrome-driver\4.8.1\selenium-chrome-driver-4.8.1.jar;C:\Users\Bunayya Zulfikar\.m2\repository\org\seleniumhq\selenium\selenium-chromium-driver\4.8.1\selenium-chromium-driver-4.8.1.jar;C:\Users\Bunayya Zulfikar\.m2\repository\org\seleniumhq\selenium\selenium-firefox-driver\4.8.1\selenium-firefox-driver-4.8.1.jar;C:\Users\Bunayya Zulfikar\.m2\repository\org\seleniumhq\selenium\selenium-http\4.8.1\selenium-http-4.8.1.jar;C:\Users\Bunayya Zulfikar\.m2\repository\dev\failsafe\failsafe\3.3.0\failsafe-3.3.0.jar;C:\Users\Bunayya Zulfikar\.m2\repository\org\seleniumhq\selenium\selenium-edge-driver\4.8.1\selenium-edge-driver-4.8.1.jar;C:\Users\Bunayya Zulfikar\.m2\repository\org\seleniumhq\selenium\selenium-ie-driver\4.8.1\selenium-ie-driver-4.8.1.jar;C:\Users\Bunayya Zulfikar\.m2\repository\org\projectlombok\lombok\1.18.20\lombok-1.18.20.jar;C:\Users\Bunayya Zulfikar\.m2\repository\io\appium\java-client\8.3.0\java-client-8.3.0.jar;C:\Users\Bunayya Zulfikar\.m2\repository\commons-validator\commons-validator\1.7\commons-validator-1.7.jar;C:\Users\Bunayya Zulfikar\.m2\repository\commons-digester\commons-digester\2.1\commons-digester-2.1.jar;C:\Users\Bunayya Zulfikar\.m2\repository\net\sf\opencsv\opencsv\2.0\opencsv-2.0.jar;C:\Users\Bunayya Zulfikar\.m2\repository\commons-beanutils\commons-beanutils\1.9.4\commons-beanutils-1.9.4.jar;C:\Users\Bunayya Zulfikar\.m2\repository\org\apache\commons\commons-lang3\3.12.0\commons-lang3-3.12.0.jar;C:\Users\Bunayya Zulfikar\.m2\repository\commons-collections\commons-collections\3.2.2\commons-collections-3.2.2.jar;C:\Users\Bunayya Zulfikar\.m2\repository\org\fluentlenium\fluentlenium-core\0.10.2\fluentlenium-core-0.10.2.jar;C:\Users\Bunayya Zulfikar\.m2\repository\io\github\bonigarcia\webdrivermanager\5.3.0\webdrivermanager-5.3.0.jar;C:\Users\Bunayya Zulfikar\.m2\repository\com\github\docker-java\docker-java\3.2.13\docker-java-3.2.13.jar;C:\Users\Bunayya Zulfikar\.m2\repository\com\github\docker-java\docker-java-core\3.2.13\docker-java-core-3.2.13.jar;C:\Users\Bunayya Zulfikar\.m2\repository\com\github\docker-java\docker-java-api\3.2.13\docker-java-api-3.2.13.jar;C:\Users\Bunayya Zulfikar\.m2\repository\org\apache\commons\commons-compress\1.21\commons-compress-1.21.jar;C:\Users\Bunayya Zulfikar\.m2\repository\org\bouncycastle\bcpkix-jdk15on\1.64\bcpkix-jdk15on-1.64.jar;C:\Users\Bunayya Zulfikar\.m2\repository\org\bouncycastle\bcprov-jdk15on\1.64\bcprov-jdk15on-1.64.jar;C:\Users\Bunayya Zulfikar\.m2\repository\org\slf4j\jcl-over-slf4j\1.7.30\jcl-over-slf4j-1.7.30.jar;C:\Users\Bunayya Zulfikar\.m2\repository\com\github\docker-java\docker-java-transport-httpclient5\3.2.13\docker-java-transport-httpclient5-3.2.13.jar;C:\Users\Bunayya Zulfikar\.m2\repository\com\github\docker-java\docker-java-transport\3.2.13\docker-java-transport-3.2.13.jar;C:\Users\Bunayya Zulfikar\.m2\repository\net\java\dev\jna\jna\5.8.0\jna-5.8.0.jar;C:\Users\Bunayya Zulfikar\.m2\repository\org\brotli\dec\0.1.2\dec-0.1.2.jar;C:\Users\Bunayya Zulfikar\.m2\repository\org\apache\httpcomponents\client5\httpclient5\5.1.3\httpclient5-5.1.3.jar;C:\Users\Bunayya Zulfikar\.m2\repository\org\apache\httpcomponents\core5\httpcore5\5.1.3\httpcore5-5.1.3.jar;C:\Users\Bunayya Zulfikar\.m2\repository\org\apache\httpcomponents\core5\httpcore5-h2\5.1.3\httpcore5-h2-5.1.3.jar;C:\Users\Bunayya Zulfikar\.m2\repository\com\jhlabs\filters\2.0.235\filters-2.0.235.jar;C:\Users\Bunayya Zulfikar\.m2\repository\com\paulhammant\ngwebdriver\1.1.6\ngwebdriver-1.1.6.jar;C:\Users\Bunayya Zulfikar\.m2\repository\joda-time\joda-time\2.12.2\joda-time-2.12.2.jar;C:\Users\Bunayya Zulfikar\.m2\repository\org\hamcrest\hamcrest\2.2\hamcrest-2.2.jar;C:\Users\Bunayya Zulfikar\.m2\repository\com\google\jimfs\jimfs\1.2\jimfs-1.2.jar;C:\Users\Bunayya Zulfikar\.m2\repository\org\mockito\mockito-core\3.3.3\mockito-core-3.3.3.jar;C:\Users\Bunayya Zulfikar\.m2\repository\javax\xml\bind\jaxb-api\2.3.1\jaxb-api-2.3.1.jar;C:\Users\Bunayya Zulfikar\.m2\repository\javax\activation\javax.activation-api\1.2.0\javax.activation-api-1.2.0.jar;C:\Users\Bunayya Zulfikar\.m2\repository\com\sun\xml\bind\jaxb-core\2.3.0.1\jaxb-core-2.3.0.1.jar;C:\Users\Bunayya Zulfikar\.m2\repository\com\sun\xml\bind\jaxb-impl\2.3.3\jaxb-impl-2.3.3.jar;C:\Users\Bunayya Zulfikar\.m2\repository\jakarta\xml\bind\jakarta.xml.bind-api\2.3.3\jakarta.xml.bind-api-2.3.3.jar;C:\Users\Bunayya Zulfikar\.m2\repository\com\sun\activation\jakarta.activation\1.2.2\jakarta.activation-1.2.2.jar;C:\Users\Bunayya Zulfikar\.m2\repository\javax\activation\activation\1.1.1\activation-1.1.1.jar;C:\Users\Bunayya Zulfikar\.m2\repository\net\serenity-bdd\serenity-cucumber\3.6.21\serenity-cucumber-3.6.21.jar;C:\Users\Bunayya Zulfikar\.m2\repository\io\cucumber\cucumber-core\7.11.0\cucumber-core-7.11.0.jar;C:\Users\Bunayya Zulfikar\.m2\repository\io\cucumber\cucumber-gherkin\7.11.0\cucumber-gherkin-7.11.0.jar;C:\Users\Bunayya Zulfikar\.m2\repository\io\cucumber\cucumber-gherkin-messages\7.11.0\cucumber-gherkin-messages-7.11.0.jar;C:\Users\Bunayya Zulfikar\.m2\repository\io\cucumber\gherkin\26.0.3\gherkin-26.0.3.jar;C:\Users\Bunayya Zulfikar\.m2\repository\io\cucumber\messages\21.0.1\messages-21.0.1.jar;C:\Users\Bunayya Zulfikar\.m2\repository\io\cucumber\tag-expressions\5.0.1\tag-expressions-5.0.1.jar;C:\Users\Bunayya Zulfikar\.m2\repository\io\cucumber\cucumber-expressions\16.1.1\cucumber-expressions-16.1.1.jar;C:\Users\Bunayya Zulfikar\.m2\repository\io\cucumber\datatable\7.11.0\datatable-7.11.0.jar;C:\Users\Bunayya Zulfikar\.m2\repository\io\cucumber\cucumber-plugin\7.11.0\cucumber-plugin-7.11.0.jar;C:\Users\Bunayya Zulfikar\.m2\repository\io\cucumber\docstring\7.11.0\docstring-7.11.0.jar;C:\Users\Bunayya Zulfikar\.m2\repository\io\cucumber\html-formatter\20.2.1\html-formatter-20.2.1.jar;C:\Users\Bunayya Zulfikar\.m2\repository\io\cucumber\junit-xml-formatter\0.1.0\junit-xml-formatter-0.1.0.jar;C:\Users\Bunayya Zulfikar\.m2\repository\io\cucumber\ci-environment\9.1.0\ci-environment-9.1.0.jar;C:\Users\Bunayya Zulfikar\.m2\repository\io\cucumber\cucumber-java\7.11.0\cucumber-java-7.11.0.jar;C:\Users\Bunayya Zulfikar\.m2\repository\io\cucumber\cucumber-junit\7.11.0\cucumber-junit-7.11.0.jar;C:\Users\Bunayya Zulfikar\.m2\repository\org\apache\commons\commons-csv\1.5\commons-csv-1.5.jar;C:\Users\Bunayya Zulfikar\.m2\repository\net\serenity-bdd\serenity-screenplay\3.6.21\serenity-screenplay-3.6.21.jar;C:\Users\Bunayya Zulfikar\.m2\repository\net\serenity-bdd\serenity-screenplay-webdriver\3.6.21\serenity-screenplay-webdriver-3.6.21.jar;C:\Users\Bunayya Zulfikar\.m2\repository\net\serenity-bdd\serenity-ensure\3.6.21\serenity-ensure-3.6.21.jar;C:\Users\Bunayya Zulfikar\.m2\repository\net\serenity-bdd\serenity-junit\3.6.21\serenity-junit-3.6.21.jar;C:\Users\Bunayya Zulfikar\.m2\repository\org\jetbrains\kotlin\kotlin-stdlib\1.8.10\kotlin-stdlib-1.8.10.jar;C:\Users\Bunayya Zulfikar\.m2\repository\org\jetbrains\kotlin\kotlin-stdlib-common\1.8.10\kotlin-stdlib-common-1.8.10.jar;C:\Users\Bunayya Zulfikar\.m2\repository\org\jetbrains\annotations\13.0\annotations-13.0.jar;C:\Users\Bunayya Zulfikar\.m2\repository\org\junit\platform\junit-platform-launcher\1.8.2\junit-platform-launcher-1.8.2.jar;C:\Users\Bunayya Zulfikar\.m2\repository\org\junit\platform\junit-platform-engine\1.8.2\junit-platform-engine-1.8.2.jar;C:\Users\Bunayya Zulfikar\.m2\repository\org\junit\platform\junit-platform-commons\1.8.2\junit-platform-commons-1.8.2.jar;C:\Users\Bunayya Zulfikar\.m2\repository\org\apiguardian\apiguardian-api\1.1.2\apiguardian-api-1.1.2.jar;C:\Users\Bunayya Zulfikar\.m2\repository\org\junit\jupiter\junit-jupiter-engine\5.8.2\junit-jupiter-engine-5.8.2.jar;C:\Users\Bunayya Zulfikar\.m2\repository\org\junit\jupiter\junit-jupiter-api\5.8.2\junit-jupiter-api-5.8.2.jar;C:\Users\Bunayya Zulfikar\.m2\repository\org\junit\vintage\junit-vintage-engine\5.8.2\junit-vintage-engine-5.8.2.jar;C:\Users\Bunayya Zulfikar\.m2\repository\junit\junit\4.13.2\junit-4.13.2.jar;C:\Users\Bunayya Zulfikar\.m2\repository\org\hamcrest\hamcrest-core\1.3\hamcrest-core-1.3.jar;C:\Users\Bunayya Zulfikar\.m2\repository\ch\qos\logback\logback-classic\1.2.10\logback-classic-1.2.10.jar;C:\Users\Bunayya Zulfikar\.m2\repository\ch\qos\logback\logback-core\1.2.10\logback-core-1.2.10.jar;C:\Users\Bunayya Zulfikar\.m2\repository\org\slf4j\slf4j-api\1.7.32\slf4j-api-1.7.32.jar;C:\Users\Bunayya Zulfikar\.m2\repository\org\assertj\assertj-core\3.23.1\assertj-core-3.23.1.jar;C:\Users\Bunayya Zulfikar\.m2\repository\net\bytebuddy\byte-buddy\1.12.10\byte-buddy-1.12.10.jar;C:\Users\Bunayya Zulfikar\.m2\repository\com\googlecode\json-simple\json-simple\1.1.1\json-simple-1.1.1.jar;"/>
    <property name="java.vm.vendor" value="Oracle Corporation"/>
    <property name="sun.arch.data.model" value="64"/>
    <property name="user.variant" value=""/>
    <property name="java.vendor.url" value="https://java.oracle.com/"/>
    <property name="user.timezone" value="Asia/Jakarta"/>
    <property name="os.name" value="Windows 10"/>
    <property name="java.vm.specification.version" value="19"/>
    <property name="sun.java.launcher" value="SUN_STANDARD"/>
    <property name="user.country" value="ID"/>
    <property name="sun.boot.library.path" value="C:\Program Files\Java\jdk-19\bin"/>
    <property name="sun.java.command" value="org.apache.maven.surefire.booter.ForkedBooter C:\Users\Bunayya Zulfikar\AppData\Local\Temp\surefire5201410211683644983 2023-04-16T10-33-28_033-jvmRun1 surefire8353754297616055845tmp surefire_017538330731316786214tmp"/>
    <property name="jdk.debug" value="release"/>
    <property name="surefire.test.class.path" value="C:\Users\Bunayya Zulfikar\Documents\GitHub\QE_Refano-Saputra\10_RESTful_API_Testing_with_REST_Assured\praktikum\RESTful_API_Testing_with_REST_Assured\target\test-classes;C:\Users\Bunayya Zulfikar\.m2\repository\net\serenity-bdd\serenity-rest-assured\3.6.22\serenity-rest-assured-3.6.22.jar;C:\Users\Bunayya Zulfikar\.m2\repository\org\apache\httpcomponents\httpclient\4.5.13\httpclient-4.5.13.jar;C:\Users\Bunayya Zulfikar\.m2\repository\org\apache\httpcomponents\httpcore\4.4.13\httpcore-4.4.13.jar;C:\Users\Bunayya Zulfikar\.m2\repository\commons-logging\commons-logging\1.2\commons-logging-1.2.jar;C:\Users\Bunayya Zulfikar\.m2\repository\io\rest-assured\rest-assured\5.3.0\rest-assured-5.3.0.jar;C:\Users\Bunayya Zulfikar\.m2\repository\org\apache\httpcomponents\httpmime\4.5.13\httpmime-4.5.13.jar;C:\Users\Bunayya Zulfikar\.m2\repository\org\ccil\cowan\tagsoup\tagsoup\1.2.1\tagsoup-1.2.1.jar;C:\Users\Bunayya Zulfikar\.m2\repository\io\rest-assured\json-path\5.3.0\json-path-5.3.0.jar;C:\Users\Bunayya Zulfikar\.m2\repository\io\rest-assured\rest-assured-common\5.3.0\rest-assured-common-5.3.0.jar;C:\Users\Bunayya Zulfikar\.m2\repository\io\rest-assured\xml-path\5.3.0\xml-path-5.3.0.jar;C:\Users\Bunayya Zulfikar\.m2\repository\org\apache\groovy\groovy-json\4.0.10\groovy-json-4.0.10.jar;C:\Users\Bunayya Zulfikar\.m2\repository\org\apache\groovy\groovy-xml\4.0.10\groovy-xml-4.0.10.jar;C:\Users\Bunayya Zulfikar\.m2\repository\org\apache\groovy\groovy\4.0.10\groovy-4.0.10.jar;C:\Users\Bunayya Zulfikar\.m2\repository\org\opentest4j\opentest4j\1.2.0\opentest4j-1.2.0.jar;C:\Users\Bunayya Zulfikar\.m2\repository\net\serenity-bdd\serenity-core\3.6.21\serenity-core-3.6.21.jar;C:\Users\Bunayya Zulfikar\.m2\repository\net\serenity-bdd\serenity-model\3.6.21\serenity-model-3.6.21.jar;C:\Users\Bunayya Zulfikar\.m2\repository\org\apache\commons\commons-text\1.10.0\commons-text-1.10.0.jar;C:\Users\Bunayya Zulfikar\.m2\repository\commons-net\commons-net\3.9.0\commons-net-3.9.0.jar;C:\Users\Bunayya Zulfikar\.m2\repository\com\google\guava\guava\31.1-jre\guava-31.1-jre.jar;C:\Users\Bunayya Zulfikar\.m2\repository\com\google\guava\failureaccess\1.0.1\failureaccess-1.0.1.jar;C:\Users\Bunayya Zulfikar\.m2\repository\com\google\guava\listenablefuture\9999.0-empty-to-avoid-conflict-with-guava\listenablefuture-9999.0-empty-to-avoid-conflict-with-guava.jar;C:\Users\Bunayya Zulfikar\.m2\repository\com\google\code\findbugs\jsr305\3.0.2\jsr305-3.0.2.jar;C:\Users\Bunayya Zulfikar\.m2\repository\org\checkerframework\checker-qual\3.12.0\checker-qual-3.12.0.jar;C:\Users\Bunayya Zulfikar\.m2\repository\com\google\errorprone\error_prone_annotations\2.11.0\error_prone_annotations-2.11.0.jar;C:\Users\Bunayya Zulfikar\.m2\repository\com\google\j2objc\j2objc-annotations\1.3\j2objc-annotations-1.3.jar;C:\Users\Bunayya Zulfikar\.m2\repository\com\google\inject\guice\5.1.0\guice-5.1.0.jar;C:\Users\Bunayya Zulfikar\.m2\repository\javax\inject\javax.inject\1\javax.inject-1.jar;C:\Users\Bunayya Zulfikar\.m2\repository\aopalliance\aopalliance\1.0\aopalliance-1.0.jar;C:\Users\Bunayya Zulfikar\.m2\repository\org\jsoup\jsoup\1.14.3\jsoup-1.14.3.jar;C:\Users\Bunayya Zulfikar\.m2\repository\com\thoughtworks\xstream\xstream\1.4.20\xstream-1.4.20.jar;C:\Users\Bunayya Zulfikar\.m2\repository\io\github\x-stream\mxparser\1.2.2\mxparser-1.2.2.jar;C:\Users\Bunayya Zulfikar\.m2\repository\xmlpull\xmlpull\1.1.3.1\xmlpull-1.1.3.1.jar;C:\Users\Bunayya Zulfikar\.m2\repository\com\typesafe\config\1.4.2\config-1.4.2.jar;C:\Users\Bunayya Zulfikar\.m2\repository\org\imgscalr\imgscalr-lib\4.2\imgscalr-lib-4.2.jar;C:\Users\Bunayya Zulfikar\.m2\repository\org\awaitility\awaitility\4.2.0\awaitility-4.2.0.jar;C:\Users\Bunayya Zulfikar\.m2\repository\org\freemarker\freemarker\2.3.31\freemarker-2.3.31.jar;C:\Users\Bunayya Zulfikar\.m2\repository\io\github\classgraph\classgraph\4.8.138\classgraph-4.8.138.jar;C:\Users\Bunayya Zulfikar\.m2\repository\net\sourceforge\jexcelapi\jxl\2.6.12\jxl-2.6.12.jar;C:\Users\Bunayya Zulfikar\.m2\repository\net\bytebuddy\byte-buddy-agent\1.14.2\byte-buddy-agent-1.14.2.jar;C:\Users\Bunayya Zulfikar\.m2\repository\org\objenesis\objenesis\3.3\objenesis-3.3.jar;C:\Users\Bunayya Zulfikar\.m2\repository\net\serenity-bdd\serenity-reports\3.6.21\serenity-reports-3.6.21.jar;C:\Users\Bunayya Zulfikar\.m2\repository\net\serenity-bdd\serenity-stats\3.6.21\serenity-stats-3.6.21.jar;C:\Users\Bunayya Zulfikar\.m2\repository\net\serenity-bdd\serenity-reports-configuration\3.6.21\serenity-reports-configuration-3.6.21.jar;C:\Users\Bunayya Zulfikar\.m2\repository\com\vladsch\flexmark\flexmark-all\0.62.2\flexmark-all-0.62.2.jar;C:\Users\Bunayya Zulfikar\.m2\repository\com\vladsch\flexmark\flexmark\0.62.2\flexmark-0.62.2.jar;C:\Users\Bunayya Zulfikar\.m2\repository\com\vladsch\flexmark\flexmark-ext-abbreviation\0.62.2\flexmark-ext-abbreviation-0.62.2.jar;C:\Users\Bunayya Zulfikar\.m2\repository\com\vladsch\flexmark\flexmark-util\0.62.2\flexmark-util-0.62.2.jar;C:\Users\Bunayya Zulfikar\.m2\repository\com\vladsch\flexmark\flexmark-ext-admonition\0.62.2\flexmark-ext-admonition-0.62.2.jar;C:\Users\Bunayya Zulfikar\.m2\repository\com\vladsch\flexmark\flexmark-ext-anchorlink\0.62.2\flexmark-ext-anchorlink-0.62.2.jar;C:\Users\Bunayya Zulfikar\.m2\repository\com\vladsch\flexmark\flexmark-ext-aside\0.62.2\flexmark-ext-aside-0.62.2.jar;C:\Users\Bunayya Zulfikar\.m2\repository\com\vladsch\flexmark\flexmark-ext-attributes\0.62.2\flexmark-ext-attributes-0.62.2.jar;C:\Users\Bunayya Zulfikar\.m2\repository\com\vladsch\flexmark\flexmark-ext-autolink\0.62.2\flexmark-ext-autolink-0.62.2.jar;C:\Users\Bunayya Zulfikar\.m2\repository\org\nibor\autolink\autolink\0.6.0\autolink-0.6.0.jar;C:\Users\Bunayya Zulfikar\.m2\repository\com\vladsch\flexmark\flexmark-ext-definition\0.62.2\flexmark-ext-definition-0.62.2.jar;C:\Users\Bunayya Zulfikar\.m2\repository\com\vladsch\flexmark\flexmark-ext-emoji\0.62.2\flexmark-ext-emoji-0.62.2.jar;C:\Users\Bunayya Zulfikar\.m2\repository\com\vladsch\flexmark\flexmark-ext-enumerated-reference\0.62.2\flexmark-ext-enumerated-reference-0.62.2.jar;C:\Users\Bunayya Zulfikar\.m2\repository\com\vladsch\flexmark\flexmark-ext-escaped-character\0.62.2\flexmark-ext-escaped-character-0.62.2.jar;C:\Users\Bunayya Zulfikar\.m2\repository\com\vladsch\flexmark\flexmark-ext-footnotes\0.62.2\flexmark-ext-footnotes-0.62.2.jar;C:\Users\Bunayya Zulfikar\.m2\repository\com\vladsch\flexmark\flexmark-ext-gfm-issues\0.62.2\flexmark-ext-gfm-issues-0.62.2.jar;C:\Users\Bunayya Zulfikar\.m2\repository\com\vladsch\flexmark\flexmark-ext-gfm-strikethrough\0.62.2\flexmark-ext-gfm-strikethrough-0.62.2.jar;C:\Users\Bunayya Zulfikar\.m2\repository\com\vladsch\flexmark\flexmark-ext-gfm-tasklist\0.62.2\flexmark-ext-gfm-tasklist-0.62.2.jar;C:\Users\Bunayya Zulfikar\.m2\repository\com\vladsch\flexmark\flexmark-ext-gfm-users\0.62.2\flexmark-ext-gfm-users-0.62.2.jar;C:\Users\Bunayya Zulfikar\.m2\repository\com\vladsch\flexmark\flexmark-ext-gitlab\0.62.2\flexmark-ext-gitlab-0.62.2.jar;C:\Users\Bunayya Zulfikar\.m2\repository\com\vladsch\flexmark\flexmark-ext-jekyll-front-matter\0.62.2\flexmark-ext-jekyll-front-matter-0.62.2.jar;C:\Users\Bunayya Zulfikar\.m2\repository\com\vladsch\flexmark\flexmark-ext-jekyll-tag\0.62.2\flexmark-ext-jekyll-tag-0.62.2.jar;C:\Users\Bunayya Zulfikar\.m2\repository\com\vladsch\flexmark\flexmark-ext-media-tags\0.62.2\flexmark-ext-media-tags-0.62.2.jar;C:\Users\Bunayya Zulfikar\.m2\repository\com\vladsch\flexmark\flexmark-ext-macros\0.62.2\flexmark-ext-macros-0.62.2.jar;C:\Users\Bunayya Zulfikar\.m2\repository\com\vladsch\flexmark\flexmark-ext-ins\0.62.2\flexmark-ext-ins-0.62.2.jar;C:\Users\Bunayya Zulfikar\.m2\repository\com\vladsch\flexmark\flexmark-ext-xwiki-macros\0.62.2\flexmark-ext-xwiki-macros-0.62.2.jar;C:\Users\Bunayya Zulfikar\.m2\repository\com\vladsch\flexmark\flexmark-ext-superscript\0.62.2\flexmark-ext-superscript-0.62.2.jar;C:\Users\Bunayya Zulfikar\.m2\repository\com\vladsch\flexmark\flexmark-ext-tables\0.62.2\flexmark-ext-tables-0.62.2.jar;C:\Users\Bunayya Zulfikar\.m2\repository\com\vladsch\flexmark\flexmark-ext-toc\0.62.2\flexmark-ext-toc-0.62.2.jar;C:\Users\Bunayya Zulfikar\.m2\repository\com\vladsch\flexmark\flexmark-ext-typographic\0.62.2\flexmark-ext-typographic-0.62.2.jar;C:\Users\Bunayya Zulfikar\.m2\repository\com\vladsch\flexmark\flexmark-ext-wikilink\0.62.2\flexmark-ext-wikilink-0.62.2.jar;C:\Users\Bunayya Zulfikar\.m2\repository\com\vladsch\flexmark\flexmark-ext-yaml-front-matter\0.62.2\flexmark-ext-yaml-front-matter-0.62.2.jar;C:\Users\Bunayya Zulfikar\.m2\repository\com\vladsch\flexmark\flexmark-ext-youtube-embedded\0.62.2\flexmark-ext-youtube-embedded-0.62.2.jar;C:\Users\Bunayya Zulfikar\.m2\repository\com\vladsch\flexmark\flexmark-html2md-converter\0.62.2\flexmark-html2md-converter-0.62.2.jar;C:\Users\Bunayya Zulfikar\.m2\repository\com\vladsch\flexmark\flexmark-jira-converter\0.62.2\flexmark-jira-converter-0.62.2.jar;C:\Users\Bunayya Zulfikar\.m2\repository\com\vladsch\flexmark\flexmark-pdf-converter\0.62.2\flexmark-pdf-converter-0.62.2.jar;C:\Users\Bunayya Zulfikar\.m2\repository\com\openhtmltopdf\openhtmltopdf-core\1.0.0\openhtmltopdf-core-1.0.0.jar;C:\Users\Bunayya Zulfikar\.m2\repository\com\openhtmltopdf\openhtmltopdf-pdfbox\1.0.0\openhtmltopdf-pdfbox-1.0.0.jar;C:\Users\Bunayya Zulfikar\.m2\repository\org\apache\pdfbox\pdfbox\2.0.16\pdfbox-2.0.16.jar;C:\Users\Bunayya Zulfikar\.m2\repository\org\apache\pdfbox\fontbox\2.0.16\fontbox-2.0.16.jar;C:\Users\Bunayya Zulfikar\.m2\repository\org\apache\pdfbox\xmpbox\2.0.16\xmpbox-2.0.16.jar;C:\Users\Bunayya Zulfikar\.m2\repository\de\rototor\pdfbox\graphics2d\0.24\graphics2d-0.24.jar;C:\Users\Bunayya Zulfikar\.m2\repository\com\openhtmltopdf\openhtmltopdf-rtl-support\1.0.0\openhtmltopdf-rtl-support-1.0.0.jar;C:\Users\Bunayya Zulfikar\.m2\repository\com\openhtmltopdf\openhtmltopdf-jsoup-dom-converter\1.0.0\openhtmltopdf-jsoup-dom-converter-1.0.0.jar;C:\Users\Bunayya Zulfikar\.m2\repository\com\vladsch\flexmark\flexmark-profile-pegdown\0.62.2\flexmark-profile-pegdown-0.62.2.jar;C:\Users\Bunayya Zulfikar\.m2\repository\com\vladsch\flexmark\flexmark-util-ast\0.62.2\flexmark-util-ast-0.62.2.jar;C:\Users\Bunayya Zulfikar\.m2\repository\com\vladsch\flexmark\flexmark-util-builder\0.62.2\flexmark-util-builder-0.62.2.jar;C:\Users\Bunayya Zulfikar\.m2\repository\com\vladsch\flexmark\flexmark-util-collection\0.62.2\flexmark-util-collection-0.62.2.jar;C:\Users\Bunayya Zulfikar\.m2\repository\com\vladsch\flexmark\flexmark-util-data\0.62.2\flexmark-util-data-0.62.2.jar;C:\Users\Bunayya Zulfikar\.m2\repository\com\vladsch\flexmark\flexmark-util-dependency\0.62.2\flexmark-util-dependency-0.62.2.jar;C:\Users\Bunayya Zulfikar\.m2\repository\com\vladsch\flexmark\flexmark-util-format\0.62.2\flexmark-util-format-0.62.2.jar;C:\Users\Bunayya Zulfikar\.m2\repository\com\vladsch\flexmark\flexmark-util-html\0.62.2\flexmark-util-html-0.62.2.jar;C:\Users\Bunayya Zulfikar\.m2\repository\com\vladsch\flexmark\flexmark-util-misc\0.62.2\flexmark-util-misc-0.62.2.jar;C:\Users\Bunayya Zulfikar\.m2\repository\com\vladsch\flexmark\flexmark-util-options\0.62.2\flexmark-util-options-0.62.2.jar;C:\Users\Bunayya Zulfikar\.m2\repository\com\vladsch\flexmark\flexmark-util-sequence\0.62.2\flexmark-util-sequence-0.62.2.jar;C:\Users\Bunayya Zulfikar\.m2\repository\com\vladsch\flexmark\flexmark-util-visitor\0.62.2\flexmark-util-visitor-0.62.2.jar;C:\Users\Bunayya Zulfikar\.m2\repository\com\vladsch\flexmark\flexmark-youtrack-converter\0.62.2\flexmark-youtrack-converter-0.62.2.jar;C:\Users\Bunayya Zulfikar\.m2\repository\com\ibm\icu\icu4j\72.1\icu4j-72.1.jar;C:\Users\Bunayya Zulfikar\.m2\repository\es\nitaur\markdown\txtmark\0.16\txtmark-0.16.jar;C:\Users\Bunayya Zulfikar\.m2\repository\net\serenity-bdd\serenity-report-resources\3.6.21\serenity-report-resources-3.6.21.jar;C:\Users\Bunayya Zulfikar\.m2\repository\com\google\code\gson\gson\2.10.1\gson-2.10.1.jar;C:\Users\Bunayya Zulfikar\.m2\repository\com\fasterxml\jackson\core\jackson-core\2.15.0-rc1\jackson-core-2.15.0-rc1.jar;C:\Users\Bunayya Zulfikar\.m2\repository\com\fasterxml\jackson\core\jackson-databind\2.15.0-rc1\jackson-databind-2.15.0-rc1.jar;C:\Users\Bunayya Zulfikar\.m2\repository\com\fasterxml\jackson\core\jackson-annotations\2.15.0-rc1\jackson-annotations-2.15.0-rc1.jar;C:\Users\Bunayya Zulfikar\.m2\repository\commons-codec\commons-codec\1.15\commons-codec-1.15.jar;C:\Users\Bunayya Zulfikar\.m2\repository\commons-io\commons-io\2.11.0\commons-io-2.11.0.jar;C:\Users\Bunayya Zulfikar\.m2\repository\org\seleniumhq\selenium\selenium-java\4.8.1\selenium-java-4.8.1.jar;C:\Users\Bunayya Zulfikar\.m2\repository\org\seleniumhq\selenium\selenium-devtools-v108\4.8.1\selenium-devtools-v108-4.8.1.jar;C:\Users\Bunayya Zulfikar\.m2\repository\org\seleniumhq\selenium\selenium-devtools-v109\4.8.1\selenium-devtools-v109-4.8.1.jar;C:\Users\Bunayya Zulfikar\.m2\repository\org\seleniumhq\selenium\selenium-devtools-v110\4.8.1\selenium-devtools-v110-4.8.1.jar;C:\Users\Bunayya Zulfikar\.m2\repository\org\seleniumhq\selenium\selenium-devtools-v85\4.8.1\selenium-devtools-v85-4.8.1.jar;C:\Users\Bunayya Zulfikar\.m2\repository\org\seleniumhq\selenium\selenium-remote-driver\4.8.1\selenium-remote-driver-4.8.1.jar;C:\Users\Bunayya Zulfikar\.m2\repository\com\beust\jcommander\1.82\jcommander-1.82.jar;C:\Users\Bunayya Zulfikar\.m2\repository\io\netty\netty-buffer\4.1.87.Final\netty-buffer-4.1.87.Final.jar;C:\Users\Bunayya Zulfikar\.m2\repository\io\netty\netty-codec-http\4.1.87.Final\netty-codec-http-4.1.87.Final.jar;C:\Users\Bunayya Zulfikar\.m2\repository\io\netty\netty-codec\4.1.87.Final\netty-codec-4.1.87.Final.jar;C:\Users\Bunayya Zulfikar\.m2\repository\io\netty\netty-handler\4.1.87.Final\netty-handler-4.1.87.Final.jar;C:\Users\Bunayya Zulfikar\.m2\repository\io\netty\netty-common\4.1.87.Final\netty-common-4.1.87.Final.jar;C:\Users\Bunayya Zulfikar\.m2\repository\io\netty\netty-transport-classes-epoll\4.1.87.Final\netty-transport-classes-epoll-4.1.87.Final.jar;C:\Users\Bunayya Zulfikar\.m2\repository\io\netty\netty-transport-classes-kqueue\4.1.87.Final\netty-transport-classes-kqueue-4.1.87.Final.jar;C:\Users\Bunayya Zulfikar\.m2\repository\io\netty\netty-transport-native-epoll\4.1.87.Final\netty-transport-native-epoll-4.1.87.Final.jar;C:\Users\Bunayya Zulfikar\.m2\repository\io\netty\netty-transport-native-kqueue\4.1.87.Final\netty-transport-native-kqueue-4.1.87.Final.jar;C:\Users\Bunayya Zulfikar\.m2\repository\io\netty\netty-transport-native-unix-common\4.1.87.Final\netty-transport-native-unix-common-4.1.87.Final.jar;C:\Users\Bunayya Zulfikar\.m2\repository\io\netty\netty-transport\4.1.87.Final\netty-transport-4.1.87.Final.jar;C:\Users\Bunayya Zulfikar\.m2\repository\io\netty\netty-resolver\4.1.87.Final\netty-resolver-4.1.87.Final.jar;C:\Users\Bunayya Zulfikar\.m2\repository\io\opentelemetry\opentelemetry-api\1.22.0\opentelemetry-api-1.22.0.jar;C:\Users\Bunayya Zulfikar\.m2\repository\io\opentelemetry\opentelemetry-context\1.22.0\opentelemetry-context-1.22.0.jar;C:\Users\Bunayya Zulfikar\.m2\repository\io\opentelemetry\opentelemetry-exporter-logging\1.22.0\opentelemetry-exporter-logging-1.22.0.jar;C:\Users\Bunayya Zulfikar\.m2\repository\io\opentelemetry\opentelemetry-sdk-metrics\1.22.0\opentelemetry-sdk-metrics-1.22.0.jar;C:\Users\Bunayya Zulfikar\.m2\repository\io\opentelemetry\opentelemetry-sdk-logs\1.22.0-alpha\opentelemetry-sdk-logs-1.22.0-alpha.jar;C:\Users\Bunayya Zulfikar\.m2\repository\io\opentelemetry\opentelemetry-api-logs\1.22.0-alpha\opentelemetry-api-logs-1.22.0-alpha.jar;C:\Users\Bunayya Zulfikar\.m2\repository\io\opentelemetry\opentelemetry-sdk-common\1.22.0\opentelemetry-sdk-common-1.22.0.jar;C:\Users\Bunayya Zulfikar\.m2\repository\io\opentelemetry\opentelemetry-sdk-extension-autoconfigure-spi\1.22.0\opentelemetry-sdk-extension-autoconfigure-spi-1.22.0.jar;C:\Users\Bunayya Zulfikar\.m2\repository\io\opentelemetry\opentelemetry-sdk-extension-autoconfigure\1.22.0-alpha\opentelemetry-sdk-extension-autoconfigure-1.22.0-alpha.jar;C:\Users\Bunayya Zulfikar\.m2\repository\io\opentelemetry\opentelemetry-sdk-trace\1.22.0\opentelemetry-sdk-trace-1.22.0.jar;C:\Users\Bunayya Zulfikar\.m2\repository\io\opentelemetry\opentelemetry-sdk\1.22.0\opentelemetry-sdk-1.22.0.jar;C:\Users\Bunayya Zulfikar\.m2\repository\io\opentelemetry\opentelemetry-semconv\1.22.0-alpha\opentelemetry-semconv-1.22.0-alpha.jar;C:\Users\Bunayya Zulfikar\.m2\repository\io\ous\jtoml\2.0.0\jtoml-2.0.0.jar;C:\Users\Bunayya Zulfikar\.m2\repository\org\apache\commons\commons-exec\1.3\commons-exec-1.3.jar;C:\Users\Bunayya Zulfikar\.m2\repository\org\asynchttpclient\async-http-client\2.12.3\async-http-client-2.12.3.jar;C:\Users\Bunayya Zulfikar\.m2\repository\org\asynchttpclient\async-http-client-netty-utils\2.12.3\async-http-client-netty-utils-2.12.3.jar;C:\Users\Bunayya Zulfikar\.m2\repository\io\netty\netty-codec-socks\4.1.60.Final\netty-codec-socks-4.1.60.Final.jar;C:\Users\Bunayya Zulfikar\.m2\repository\io\netty\netty-handler-proxy\4.1.60.Final\netty-handler-proxy-4.1.60.Final.jar;C:\Users\Bunayya Zulfikar\.m2\repository\io\netty\netty-transport-native-epoll\4.1.60.Final\netty-transport-native-epoll-4.1.60.Final-linux-x86_64.jar;C:\Users\Bunayya Zulfikar\.m2\repository\io\netty\netty-transport-native-kqueue\4.1.60.Final\netty-transport-native-kqueue-4.1.60.Final-osx-x86_64.jar;C:\Users\Bunayya Zulfikar\.m2\repository\org\reactivestreams\reactive-streams\1.0.3\reactive-streams-1.0.3.jar;C:\Users\Bunayya Zulfikar\.m2\repository\com\typesafe\netty\netty-reactive-streams\2.0.4\netty-reactive-streams-2.0.4.jar;C:\Users\Bunayya Zulfikar\.m2\repository\org\seleniumhq\selenium\selenium-manager\4.8.1\selenium-manager-4.8.1.jar;C:\Users\Bunayya Zulfikar\.m2\repository\org\seleniumhq\selenium\selenium-safari-driver\4.8.1\selenium-safari-driver-4.8.1.jar;C:\Users\Bunayya Zulfikar\.m2\repository\org\seleniumhq\selenium\selenium-api\4.8.1\selenium-api-4.8.1.jar;C:\Users\Bunayya Zulfikar\.m2\repository\org\seleniumhq\selenium\selenium-support\4.8.1\selenium-support-4.8.1.jar;C:\Users\Bunayya Zulfikar\.m2\repository\com\google\auto\service\auto-service-annotations\1.0.1\auto-service-annotations-1.0.1.jar;C:\Users\Bunayya Zulfikar\.m2\repository\com\google\auto\service\auto-service\1.0.1\auto-service-1.0.1.jar;C:\Users\Bunayya Zulfikar\.m2\repository\com\google\auto\auto-common\1.2\auto-common-1.2.jar;C:\Users\Bunayya Zulfikar\.m2\repository\org\seleniumhq\selenium\selenium-json\4.8.1\selenium-json-4.8.1.jar;C:\Users\Bunayya Zulfikar\.m2\repository\org\seleniumhq\selenium\selenium-chrome-driver\4.8.1\selenium-chrome-driver-4.8.1.jar;C:\Users\Bunayya Zulfikar\.m2\repository\org\seleniumhq\selenium\selenium-chromium-driver\4.8.1\selenium-chromium-driver-4.8.1.jar;C:\Users\Bunayya Zulfikar\.m2\repository\org\seleniumhq\selenium\selenium-firefox-driver\4.8.1\selenium-firefox-driver-4.8.1.jar;C:\Users\Bunayya Zulfikar\.m2\repository\org\seleniumhq\selenium\selenium-http\4.8.1\selenium-http-4.8.1.jar;C:\Users\Bunayya Zulfikar\.m2\repository\dev\failsafe\failsafe\3.3.0\failsafe-3.3.0.jar;C:\Users\Bunayya Zulfikar\.m2\repository\org\seleniumhq\selenium\selenium-edge-driver\4.8.1\selenium-edge-driver-4.8.1.jar;C:\Users\Bunayya Zulfikar\.m2\repository\org\seleniumhq\selenium\selenium-ie-driver\4.8.1\selenium-ie-driver-4.8.1.jar;C:\Users\Bunayya Zulfikar\.m2\repository\org\projectlombok\lombok\1.18.20\lombok-1.18.20.jar;C:\Users\Bunayya Zulfikar\.m2\repository\io\appium\java-client\8.3.0\java-client-8.3.0.jar;C:\Users\Bunayya Zulfikar\.m2\repository\commons-validator\commons-validator\1.7\commons-validator-1.7.jar;C:\Users\Bunayya Zulfikar\.m2\repository\commons-digester\commons-digester\2.1\commons-digester-2.1.jar;C:\Users\Bunayya Zulfikar\.m2\repository\net\sf\opencsv\opencsv\2.0\opencsv-2.0.jar;C:\Users\Bunayya Zulfikar\.m2\repository\commons-beanutils\commons-beanutils\1.9.4\commons-beanutils-1.9.4.jar;C:\Users\Bunayya Zulfikar\.m2\repository\org\apache\commons\commons-lang3\3.12.0\commons-lang3-3.12.0.jar;C:\Users\Bunayya Zulfikar\.m2\repository\commons-collections\commons-collections\3.2.2\commons-collections-3.2.2.jar;C:\Users\Bunayya Zulfikar\.m2\repository\org\fluentlenium\fluentlenium-core\0.10.2\fluentlenium-core-0.10.2.jar;C:\Users\Bunayya Zulfikar\.m2\repository\io\github\bonigarcia\webdrivermanager\5.3.0\webdrivermanager-5.3.0.jar;C:\Users\Bunayya Zulfikar\.m2\repository\com\github\docker-java\docker-java\3.2.13\docker-java-3.2.13.jar;C:\Users\Bunayya Zulfikar\.m2\repository\com\github\docker-java\docker-java-core\3.2.13\docker-java-core-3.2.13.jar;C:\Users\Bunayya Zulfikar\.m2\repository\com\github\docker-java\docker-java-api\3.2.13\docker-java-api-3.2.13.jar;C:\Users\Bunayya Zulfikar\.m2\repository\org\apache\commons\commons-compress\1.21\commons-compress-1.21.jar;C:\Users\Bunayya Zulfikar\.m2\repository\org\bouncycastle\bcpkix-jdk15on\1.64\bcpkix-jdk15on-1.64.jar;C:\Users\Bunayya Zulfikar\.m2\repository\org\bouncycastle\bcprov-jdk15on\1.64\bcprov-jdk15on-1.64.jar;C:\Users\Bunayya Zulfikar\.m2\repository\org\slf4j\jcl-over-slf4j\1.7.30\jcl-over-slf4j-1.7.30.jar;C:\Users\Bunayya Zulfikar\.m2\repository\com\github\docker-java\docker-java-transport-httpclient5\3.2.13\docker-java-transport-httpclient5-3.2.13.jar;C:\Users\Bunayya Zulfikar\.m2\repository\com\github\docker-java\docker-java-transport\3.2.13\docker-java-transport-3.2.13.jar;C:\Users\Bunayya Zulfikar\.m2\repository\net\java\dev\jna\jna\5.8.0\jna-5.8.0.jar;C:\Users\Bunayya Zulfikar\.m2\repository\org\brotli\dec\0.1.2\dec-0.1.2.jar;C:\Users\Bunayya Zulfikar\.m2\repository\org\apache\httpcomponents\client5\httpclient5\5.1.3\httpclient5-5.1.3.jar;C:\Users\Bunayya Zulfikar\.m2\repository\org\apache\httpcomponents\core5\httpcore5\5.1.3\httpcore5-5.1.3.jar;C:\Users\Bunayya Zulfikar\.m2\repository\org\apache\httpcomponents\core5\httpcore5-h2\5.1.3\httpcore5-h2-5.1.3.jar;C:\Users\Bunayya Zulfikar\.m2\repository\com\jhlabs\filters\2.0.235\filters-2.0.235.jar;C:\Users\Bunayya Zulfikar\.m2\repository\com\paulhammant\ngwebdriver\1.1.6\ngwebdriver-1.1.6.jar;C:\Users\Bunayya Zulfikar\.m2\repository\joda-time\joda-time\2.12.2\joda-time-2.12.2.jar;C:\Users\Bunayya Zulfikar\.m2\repository\org\hamcrest\hamcrest\2.2\hamcrest-2.2.jar;C:\Users\Bunayya Zulfikar\.m2\repository\com\google\jimfs\jimfs\1.2\jimfs-1.2.jar;C:\Users\Bunayya Zulfikar\.m2\repository\org\mockito\mockito-core\3.3.3\mockito-core-3.3.3.jar;C:\Users\Bunayya Zulfikar\.m2\repository\javax\xml\bind\jaxb-api\2.3.1\jaxb-api-2.3.1.jar;C:\Users\Bunayya Zulfikar\.m2\repository\javax\activation\javax.activation-api\1.2.0\javax.activation-api-1.2.0.jar;C:\Users\Bunayya Zulfikar\.m2\repository\com\sun\xml\bind\jaxb-core\2.3.0.1\jaxb-core-2.3.0.1.jar;C:\Users\Bunayya Zulfikar\.m2\repository\com\sun\xml\bind\jaxb-impl\2.3.3\jaxb-impl-2.3.3.jar;C:\Users\Bunayya Zulfikar\.m2\repository\jakarta\xml\bind\jakarta.xml.bind-api\2.3.3\jakarta.xml.bind-api-2.3.3.jar;C:\Users\Bunayya Zulfikar\.m2\repository\com\sun\activation\jakarta.activation\1.2.2\jakarta.activation-1.2.2.jar;C:\Users\Bunayya Zulfikar\.m2\repository\javax\activation\activation\1.1.1\activation-1.1.1.jar;C:\Users\Bunayya Zulfikar\.m2\repository\net\serenity-bdd\serenity-cucumber\3.6.21\serenity-cucumber-3.6.21.jar;C:\Users\Bunayya Zulfikar\.m2\repository\io\cucumber\cucumber-core\7.11.0\cucumber-core-7.11.0.jar;C:\Users\Bunayya Zulfikar\.m2\repository\io\cucumber\cucumber-gherkin\7.11.0\cucumber-gherkin-7.11.0.jar;C:\Users\Bunayya Zulfikar\.m2\repository\io\cucumber\cucumber-gherkin-messages\7.11.0\cucumber-gherkin-messages-7.11.0.jar;C:\Users\Bunayya Zulfikar\.m2\repository\io\cucumber\gherkin\26.0.3\gherkin-26.0.3.jar;C:\Users\Bunayya Zulfikar\.m2\repository\io\cucumber\messages\21.0.1\messages-21.0.1.jar;C:\Users\Bunayya Zulfikar\.m2\repository\io\cucumber\tag-expressions\5.0.1\tag-expressions-5.0.1.jar;C:\Users\Bunayya Zulfikar\.m2\repository\io\cucumber\cucumber-expressions\16.1.1\cucumber-expressions-16.1.1.jar;C:\Users\Bunayya Zulfikar\.m2\repository\io\cucumber\datatable\7.11.0\datatable-7.11.0.jar;C:\Users\Bunayya Zulfikar\.m2\repository\io\cucumber\cucumber-plugin\7.11.0\cucumber-plugin-7.11.0.jar;C:\Users\Bunayya Zulfikar\.m2\repository\io\cucumber\docstring\7.11.0\docstring-7.11.0.jar;C:\Users\Bunayya Zulfikar\.m2\repository\io\cucumber\html-formatter\20.2.1\html-formatter-20.2.1.jar;C:\Users\Bunayya Zulfikar\.m2\repository\io\cucumber\junit-xml-formatter\0.1.0\junit-xml-formatter-0.1.0.jar;C:\Users\Bunayya Zulfikar\.m2\repository\io\cucumber\ci-environment\9.1.0\ci-environment-9.1.0.jar;C:\Users\Bunayya Zulfikar\.m2\repository\io\cucumber\cucumber-java\7.11.0\cucumber-java-7.11.0.jar;C:\Users\Bunayya Zulfikar\.m2\repository\io\cucumber\cucumber-junit\7.11.0\cucumber-junit-7.11.0.jar;C:\Users\Bunayya Zulfikar\.m2\repository\org\apache\commons\commons-csv\1.5\commons-csv-1.5.jar;C:\Users\Bunayya Zulfikar\.m2\repository\net\serenity-bdd\serenity-screenplay\3.6.21\serenity-screenplay-3.6.21.jar;C:\Users\Bunayya Zulfikar\.m2\repository\net\serenity-bdd\serenity-screenplay-webdriver\3.6.21\serenity-screenplay-webdriver-3.6.21.jar;C:\Users\Bunayya Zulfikar\.m2\repository\net\serenity-bdd\serenity-ensure\3.6.21\serenity-ensure-3.6.21.jar;C:\Users\Bunayya Zulfikar\.m2\repository\net\serenity-bdd\serenity-junit\3.6.21\serenity-junit-3.6.21.jar;C:\Users\Bunayya Zulfikar\.m2\repository\org\jetbrains\kotlin\kotlin-stdlib\1.8.10\kotlin-stdlib-1.8.10.jar;C:\Users\Bunayya Zulfikar\.m2\repository\org\jetbrains\kotlin\kotlin-stdlib-common\1.8.10\kotlin-stdlib-common-1.8.10.jar;C:\Users\Bunayya Zulfikar\.m2\repository\org\jetbrains\annotations\13.0\annotations-13.0.jar;C:\Users\Bunayya Zulfikar\.m2\repository\org\junit\platform\junit-platform-launcher\1.8.2\junit-platform-launcher-1.8.2.jar;C:\Users\Bunayya Zulfikar\.m2\repository\org\junit\platform\junit-platform-engine\1.8.2\junit-platform-engine-1.8.2.jar;C:\Users\Bunayya Zulfikar\.m2\repository\org\junit\platform\junit-platform-commons\1.8.2\junit-platform-commons-1.8.2.jar;C:\Users\Bunayya Zulfikar\.m2\repository\org\apiguardian\apiguardian-api\1.1.2\apiguardian-api-1.1.2.jar;C:\Users\Bunayya Zulfikar\.m2\repository\org\junit\jupiter\junit-jupiter-engine\5.8.2\junit-jupiter-engine-5.8.2.jar;C:\Users\Bunayya Zulfikar\.m2\repository\org\junit\jupiter\junit-jupiter-api\5.8.2\junit-jupiter-api-5.8.2.jar;C:\Users\Bunayya Zulfikar\.m2\repository\org\junit\vintage\junit-vintage-engine\5.8.2\junit-vintage-engine-5.8.2.jar;C:\Users\Bunayya Zulfikar\.m2\repository\junit\junit\4.13.2\junit-4.13.2.jar;C:\Users\Bunayya Zulfikar\.m2\repository\org\hamcrest\hamcrest-core\1.3\hamcrest-core-1.3.jar;C:\Users\Bunayya Zulfikar\.m2\repository\ch\qos\logback\logback-classic\1.2.10\logback-classic-1.2.10.jar;C:\Users\Bunayya Zulfikar\.m2\repository\ch\qos\logback\logback-core\1.2.10\logback-core-1.2.10.jar;C:\Users\Bunayya Zulfikar\.m2\repository\org\slf4j\slf4j-api\1.7.32\slf4j-api-1.7.32.jar;C:\Users\Bunayya Zulfikar\.m2\repository\org\assertj\assertj-core\3.23.1\assertj-core-3.23.1.jar;C:\Users\Bunayya Zulfikar\.m2\repository\net\bytebuddy\byte-buddy\1.12.10\byte-buddy-1.12.10.jar;C:\Users\Bunayya Zulfikar\.m2\repository\com\googlecode\json-simple\json-simple\1.1.1\json-simple-1.1.1.jar;"/>
    <property name="sun.cpu.endian" value="little"/>
    <property name="user.home" value="C:\Users\Bunayya Zulfikar"/>
    <property name="user.language" value="en"/>
    <property name="java.specification.vendor" value="Oracle Corporation"/>
    <property name="jdk.module.path" value="C:\Users\Bunayya Zulfikar\Documents\GitHub\QE_Refano-Saputra\10_RESTful_API_Testing_with_REST_Assured\praktikum\RESTful_API_Testing_with_REST_Assured\target\webUIserenity-1.0-SNAPSHOT.jar"/>
    <property name="java.version.date" value="2023-01-17"/>
    <property name="java.home" value="C:\Program Files\Java\jdk-19"/>
    <property name="file.separator" value="\"/>
    <property name="basedir" value="C:\Users\Bunayya Zulfikar\Documents\GitHub\QE_Refano-Saputra\10_RESTful_API_Testing_with_REST_Assured\praktikum\RESTful_API_Testing_with_REST_Assured"/>
    <property name="java.vm.compressedOopsMode" value="Zero based"/>
    <property name="line.separator" value="&#10;"/>
    <property name="java.vm.specification.vendor" value="Oracle Corporation"/>
    <property name="java.specification.name" value="Java Platform API Specification"/>
    <property name="surefire.real.class.path" value="C:\Users\Bunayya Zulfikar\.m2\repository\org\apache\maven\surefire\surefire-booter\3.0.0-M5\surefire-booter-3.0.0-M5.jar;C:\Users\Bunayya Zulfikar\.m2\repository\org\apache\maven\surefire\surefire-api\3.0.0-M5\surefire-api-3.0.0-M5.jar;C:\Users\Bunayya Zulfikar\.m2\repository\org\apache\maven\surefire\surefire-logger-api\3.0.0-M5\surefire-logger-api-3.0.0-M5.jar;C:\Users\Bunayya Zulfikar\.m2\repository\org\apache\maven\surefire\surefire-shared-utils\3.0.0-M4\surefire-shared-utils-3.0.0-M4.jar;C:\Users\Bunayya Zulfikar\.m2\repository\org\apache\maven\surefire\surefire-extensions-spi\3.0.0-M5\surefire-extensions-spi-3.0.0-M5.jar;C:\Users\Bunayya Zulfikar\Documents\GitHub\QE_Refano-Saputra\10_RESTful_API_Testing_with_REST_Assured\praktikum\RESTful_API_Testing_with_REST_Assured\target\test-classes;C:\Users\Bunayya Zulfikar\.m2\repository\net\serenity-bdd\serenity-rest-assured\3.6.22\serenity-rest-assured-3.6.22.jar;C:\Users\Bunayya Zulfikar\.m2\repository\org\apache\httpcomponents\httpclient\4.5.13\httpclient-4.5.13.jar;C:\Users\Bunayya Zulfikar\.m2\repository\org\apache\httpcomponents\httpcore\4.4.13\httpcore-4.4.13.jar;C:\Users\Bunayya Zulfikar\.m2\repository\commons-logging\commons-logging\1.2\commons-logging-1.2.jar;C:\Users\Bunayya Zulfikar\.m2\repository\io\rest-assured\rest-assured\5.3.0\rest-assured-5.3.0.jar;C:\Users\Bunayya Zulfikar\.m2\repository\org\apache\httpcomponents\httpmime\4.5.13\httpmime-4.5.13.jar;C:\Users\Bunayya Zulfikar\.m2\repository\org\ccil\cowan\tagsoup\tagsoup\1.2.1\tagsoup-1.2.1.jar;C:\Users\Bunayya Zulfikar\.m2\repository\io\rest-assured\json-path\5.3.0\json-path-5.3.0.jar;C:\Users\Bunayya Zulfikar\.m2\repository\io\rest-assured\rest-assured-common\5.3.0\rest-assured-common-5.3.0.jar;C:\Users\Bunayya Zulfikar\.m2\repository\io\rest-assured\xml-path\5.3.0\xml-path-5.3.0.jar;C:\Users\Bunayya Zulfikar\.m2\repository\org\apache\groovy\groovy-json\4.0.10\groovy-json-4.0.10.jar;C:\Users\Bunayya Zulfikar\.m2\repository\org\apache\groovy\groovy-xml\4.0.10\groovy-xml-4.0.10.jar;C:\Users\Bunayya Zulfikar\.m2\repository\org\apache\groovy\groovy\4.0.10\groovy-4.0.10.jar;C:\Users\Bunayya Zulfikar\.m2\repository\org\opentest4j\opentest4j\1.2.0\opentest4j-1.2.0.jar;C:\Users\Bunayya Zulfikar\.m2\repository\net\serenity-bdd\serenity-core\3.6.21\serenity-core-3.6.21.jar;C:\Users\Bunayya Zulfikar\.m2\repository\net\serenity-bdd\serenity-model\3.6.21\serenity-model-3.6.21.jar;C:\Users\Bunayya Zulfikar\.m2\repository\org\apache\commons\commons-text\1.10.0\commons-text-1.10.0.jar;C:\Users\Bunayya Zulfikar\.m2\repository\commons-net\commons-net\3.9.0\commons-net-3.9.0.jar;C:\Users\Bunayya Zulfikar\.m2\repository\com\google\guava\guava\31.1-jre\guava-31.1-jre.jar;C:\Users\Bunayya Zulfikar\.m2\repository\com\google\guava\failureaccess\1.0.1\failureaccess-1.0.1.jar;C:\Users\Bunayya Zulfikar\.m2\repository\com\google\guava\listenablefuture\9999.0-empty-to-avoid-conflict-with-guava\listenablefuture-9999.0-empty-to-avoid-conflict-with-guava.jar;C:\Users\Bunayya Zulfikar\.m2\repository\com\google\code\findbugs\jsr305\3.0.2\jsr305-3.0.2.jar;C:\Users\Bunayya Zulfikar\.m2\repository\org\checkerframework\checker-qual\3.12.0\checker-qual-3.12.0.jar;C:\Users\Bunayya Zulfikar\.m2\repository\com\google\errorprone\error_prone_annotations\2.11.0\error_prone_annotations-2.11.0.jar;C:\Users\Bunayya Zulfikar\.m2\repository\com\google\j2objc\j2objc-annotations\1.3\j2objc-annotations-1.3.jar;C:\Users\Bunayya Zulfikar\.m2\repository\com\google\inject\guice\5.1.0\guice-5.1.0.jar;C:\Users\Bunayya Zulfikar\.m2\repository\javax\inject\javax.inject\1\javax.inject-1.jar;C:\Users\Bunayya Zulfikar\.m2\repository\aopalliance\aopalliance\1.0\aopalliance-1.0.jar;C:\Users\Bunayya Zulfikar\.m2\repository\org\jsoup\jsoup\1.14.3\jsoup-1.14.3.jar;C:\Users\Bunayya Zulfikar\.m2\repository\com\thoughtworks\xstream\xstream\1.4.20\xstream-1.4.20.jar;C:\Users\Bunayya Zulfikar\.m2\repository\io\github\x-stream\mxparser\1.2.2\mxparser-1.2.2.jar;C:\Users\Bunayya Zulfikar\.m2\repository\xmlpull\xmlpull\1.1.3.1\xmlpull-1.1.3.1.jar;C:\Users\Bunayya Zulfikar\.m2\repository\com\typesafe\config\1.4.2\config-1.4.2.jar;C:\Users\Bunayya Zulfikar\.m2\repository\org\imgscalr\imgscalr-lib\4.2\imgscalr-lib-4.2.jar;C:\Users\Bunayya Zulfikar\.m2\repository\org\awaitility\awaitility\4.2.0\awaitility-4.2.0.jar;C:\Users\Bunayya Zulfikar\.m2\repository\org\freemarker\freemarker\2.3.31\freemarker-2.3.31.jar;C:\Users\Bunayya Zulfikar\.m2\repository\io\github\classgraph\classgraph\4.8.138\classgraph-4.8.138.jar;C:\Users\Bunayya Zulfikar\.m2\repository\net\sourceforge\jexcelapi\jxl\2.6.12\jxl-2.6.12.jar;C:\Users\Bunayya Zulfikar\.m2\repository\net\bytebuddy\byte-buddy-agent\1.14.2\byte-buddy-agent-1.14.2.jar;C:\Users\Bunayya Zulfikar\.m2\repository\org\objenesis\objenesis\3.3\objenesis-3.3.jar;C:\Users\Bunayya Zulfikar\.m2\repository\net\serenity-bdd\serenity-reports\3.6.21\serenity-reports-3.6.21.jar;C:\Users\Bunayya Zulfikar\.m2\repository\net\serenity-bdd\serenity-stats\3.6.21\serenity-stats-3.6.21.jar;C:\Users\Bunayya Zulfikar\.m2\repository\net\serenity-bdd\serenity-reports-configuration\3.6.21\serenity-reports-configuration-3.6.21.jar;C:\Users\Bunayya Zulfikar\.m2\repository\com\vladsch\flexmark\flexmark-all\0.62.2\flexmark-all-0.62.2.jar;C:\Users\Bunayya Zulfikar\.m2\repository\com\vladsch\flexmark\flexmark\0.62.2\flexmark-0.62.2.jar;C:\Users\Bunayya Zulfikar\.m2\repository\com\vladsch\flexmark\flexmark-ext-abbreviation\0.62.2\flexmark-ext-abbreviation-0.62.2.jar;C:\Users\Bunayya Zulfikar\.m2\repository\com\vladsch\flexmark\flexmark-util\0.62.2\flexmark-util-0.62.2.jar;C:\Users\Bunayya Zulfikar\.m2\repository\com\vladsch\flexmark\flexmark-ext-admonition\0.62.2\flexmark-ext-admonition-0.62.2.jar;C:\Users\Bunayya Zulfikar\.m2\repository\com\vladsch\flexmark\flexmark-ext-anchorlink\0.62.2\flexmark-ext-anchorlink-0.62.2.jar;C:\Users\Bunayya Zulfikar\.m2\repository\com\vladsch\flexmark\flexmark-ext-aside\0.62.2\flexmark-ext-aside-0.62.2.jar;C:\Users\Bunayya Zulfikar\.m2\repository\com\vladsch\flexmark\flexmark-ext-attributes\0.62.2\flexmark-ext-attributes-0.62.2.jar;C:\Users\Bunayya Zulfikar\.m2\repository\com\vladsch\flexmark\flexmark-ext-autolink\0.62.2\flexmark-ext-autolink-0.62.2.jar;C:\Users\Bunayya Zulfikar\.m2\repository\org\nibor\autolink\autolink\0.6.0\autolink-0.6.0.jar;C:\Users\Bunayya Zulfikar\.m2\repository\com\vladsch\flexmark\flexmark-ext-definition\0.62.2\flexmark-ext-definition-0.62.2.jar;C:\Users\Bunayya Zulfikar\.m2\repository\com\vladsch\flexmark\flexmark-ext-emoji\0.62.2\flexmark-ext-emoji-0.62.2.jar;C:\Users\Bunayya Zulfikar\.m2\repository\com\vladsch\flexmark\flexmark-ext-enumerated-reference\0.62.2\flexmark-ext-enumerated-reference-0.62.2.jar;C:\Users\Bunayya Zulfikar\.m2\repository\com\vladsch\flexmark\flexmark-ext-escaped-character\0.62.2\flexmark-ext-escaped-character-0.62.2.jar;C:\Users\Bunayya Zulfikar\.m2\repository\com\vladsch\flexmark\flexmark-ext-footnotes\0.62.2\flexmark-ext-footnotes-0.62.2.jar;C:\Users\Bunayya Zulfikar\.m2\repository\com\vladsch\flexmark\flexmark-ext-gfm-issues\0.62.2\flexmark-ext-gfm-issues-0.62.2.jar;C:\Users\Bunayya Zulfikar\.m2\repository\com\vladsch\flexmark\flexmark-ext-gfm-strikethrough\0.62.2\flexmark-ext-gfm-strikethrough-0.62.2.jar;C:\Users\Bunayya Zulfikar\.m2\repository\com\vladsch\flexmark\flexmark-ext-gfm-tasklist\0.62.2\flexmark-ext-gfm-tasklist-0.62.2.jar;C:\Users\Bunayya Zulfikar\.m2\repository\com\vladsch\flexmark\flexmark-ext-gfm-users\0.62.2\flexmark-ext-gfm-users-0.62.2.jar;C:\Users\Bunayya Zulfikar\.m2\repository\com\vladsch\flexmark\flexmark-ext-gitlab\0.62.2\flexmark-ext-gitlab-0.62.2.jar;C:\Users\Bunayya Zulfikar\.m2\repository\com\vladsch\flexmark\flexmark-ext-jekyll-front-matter\0.62.2\flexmark-ext-jekyll-front-matter-0.62.2.jar;C:\Users\Bunayya Zulfikar\.m2\repository\com\vladsch\flexmark\flexmark-ext-jekyll-tag\0.62.2\flexmark-ext-jekyll-tag-0.62.2.jar;C:\Users\Bunayya Zulfikar\.m2\repository\com\vladsch\flexmark\flexmark-ext-media-tags\0.62.2\flexmark-ext-media-tags-0.62.2.jar;C:\Users\Bunayya Zulfikar\.m2\repository\com\vladsch\flexmark\flexmark-ext-macros\0.62.2\flexmark-ext-macros-0.62.2.jar;C:\Users\Bunayya Zulfikar\.m2\repository\com\vladsch\flexmark\flexmark-ext-ins\0.62.2\flexmark-ext-ins-0.62.2.jar;C:\Users\Bunayya Zulfikar\.m2\repository\com\vladsch\flexmark\flexmark-ext-xwiki-macros\0.62.2\flexmark-ext-xwiki-macros-0.62.2.jar;C:\Users\Bunayya Zulfikar\.m2\repository\com\vladsch\flexmark\flexmark-ext-superscript\0.62.2\flexmark-ext-superscript-0.62.2.jar;C:\Users\Bunayya Zulfikar\.m2\repository\com\vladsch\flexmark\flexmark-ext-tables\0.62.2\flexmark-ext-tables-0.62.2.jar;C:\Users\Bunayya Zulfikar\.m2\repository\com\vladsch\flexmark\flexmark-ext-toc\0.62.2\flexmark-ext-toc-0.62.2.jar;C:\Users\Bunayya Zulfikar\.m2\repository\com\vladsch\flexmark\flexmark-ext-typographic\0.62.2\flexmark-ext-typographic-0.62.2.jar;C:\Users\Bunayya Zulfikar\.m2\repository\com\vladsch\flexmark\flexmark-ext-wikilink\0.62.2\flexmark-ext-wikilink-0.62.2.jar;C:\Users\Bunayya Zulfikar\.m2\repository\com\vladsch\flexmark\flexmark-ext-yaml-front-matter\0.62.2\flexmark-ext-yaml-front-matter-0.62.2.jar;C:\Users\Bunayya Zulfikar\.m2\repository\com\vladsch\flexmark\flexmark-ext-youtube-embedded\0.62.2\flexmark-ext-youtube-embedded-0.62.2.jar;C:\Users\Bunayya Zulfikar\.m2\repository\com\vladsch\flexmark\flexmark-html2md-converter\0.62.2\flexmark-html2md-converter-0.62.2.jar;C:\Users\Bunayya Zulfikar\.m2\repository\com\vladsch\flexmark\flexmark-jira-converter\0.62.2\flexmark-jira-converter-0.62.2.jar;C:\Users\Bunayya Zulfikar\.m2\repository\com\vladsch\flexmark\flexmark-pdf-converter\0.62.2\flexmark-pdf-converter-0.62.2.jar;C:\Users\Bunayya Zulfikar\.m2\repository\com\openhtmltopdf\openhtmltopdf-core\1.0.0\openhtmltopdf-core-1.0.0.jar;C:\Users\Bunayya Zulfikar\.m2\repository\com\openhtmltopdf\openhtmltopdf-pdfbox\1.0.0\openhtmltopdf-pdfbox-1.0.0.jar;C:\Users\Bunayya Zulfikar\.m2\repository\org\apache\pdfbox\pdfbox\2.0.16\pdfbox-2.0.16.jar;C:\Users\Bunayya Zulfikar\.m2\repository\org\apache\pdfbox\fontbox\2.0.16\fontbox-2.0.16.jar;C:\Users\Bunayya Zulfikar\.m2\repository\org\apache\pdfbox\xmpbox\2.0.16\xmpbox-2.0.16.jar;C:\Users\Bunayya Zulfikar\.m2\repository\de\rototor\pdfbox\graphics2d\0.24\graphics2d-0.24.jar;C:\Users\Bunayya Zulfikar\.m2\repository\com\openhtmltopdf\openhtmltopdf-rtl-support\1.0.0\openhtmltopdf-rtl-support-1.0.0.jar;C:\Users\Bunayya Zulfikar\.m2\repository\com\openhtmltopdf\openhtmltopdf-jsoup-dom-converter\1.0.0\openhtmltopdf-jsoup-dom-converter-1.0.0.jar;C:\Users\Bunayya Zulfikar\.m2\repository\com\vladsch\flexmark\flexmark-profile-pegdown\0.62.2\flexmark-profile-pegdown-0.62.2.jar;C:\Users\Bunayya Zulfikar\.m2\repository\com\vladsch\flexmark\flexmark-util-ast\0.62.2\flexmark-util-ast-0.62.2.jar;C:\Users\Bunayya Zulfikar\.m2\repository\com\vladsch\flexmark\flexmark-util-builder\0.62.2\flexmark-util-builder-0.62.2.jar;C:\Users\Bunayya Zulfikar\.m2\repository\com\vladsch\flexmark\flexmark-util-collection\0.62.2\flexmark-util-collection-0.62.2.jar;C:\Users\Bunayya Zulfikar\.m2\repository\com\vladsch\flexmark\flexmark-util-data\0.62.2\flexmark-util-data-0.62.2.jar;C:\Users\Bunayya Zulfikar\.m2\repository\com\vladsch\flexmark\flexmark-util-dependency\0.62.2\flexmark-util-dependency-0.62.2.jar;C:\Users\Bunayya Zulfikar\.m2\repository\com\vladsch\flexmark\flexmark-util-format\0.62.2\flexmark-util-format-0.62.2.jar;C:\Users\Bunayya Zulfikar\.m2\repository\com\vladsch\flexmark\flexmark-util-html\0.62.2\flexmark-util-html-0.62.2.jar;C:\Users\Bunayya Zulfikar\.m2\repository\com\vladsch\flexmark\flexmark-util-misc\0.62.2\flexmark-util-misc-0.62.2.jar;C:\Users\Bunayya Zulfikar\.m2\repository\com\vladsch\flexmark\flexmark-util-options\0.62.2\flexmark-util-options-0.62.2.jar;C:\Users\Bunayya Zulfikar\.m2\repository\com\vladsch\flexmark\flexmark-util-sequence\0.62.2\flexmark-util-sequence-0.62.2.jar;C:\Users\Bunayya Zulfikar\.m2\repository\com\vladsch\flexmark\flexmark-util-visitor\0.62.2\flexmark-util-visitor-0.62.2.jar;C:\Users\Bunayya Zulfikar\.m2\repository\com\vladsch\flexmark\flexmark-youtrack-converter\0.62.2\flexmark-youtrack-converter-0.62.2.jar;C:\Users\Bunayya Zulfikar\.m2\repository\com\ibm\icu\icu4j\72.1\icu4j-72.1.jar;C:\Users\Bunayya Zulfikar\.m2\repository\es\nitaur\markdown\txtmark\0.16\txtmark-0.16.jar;C:\Users\Bunayya Zulfikar\.m2\repository\net\serenity-bdd\serenity-report-resources\3.6.21\serenity-report-resources-3.6.21.jar;C:\Users\Bunayya Zulfikar\.m2\repository\com\google\code\gson\gson\2.10.1\gson-2.10.1.jar;C:\Users\Bunayya Zulfikar\.m2\repository\com\fasterxml\jackson\core\jackson-core\2.15.0-rc1\jackson-core-2.15.0-rc1.jar;C:\Users\Bunayya Zulfikar\.m2\repository\com\fasterxml\jackson\core\jackson-databind\2.15.0-rc1\jackson-databind-2.15.0-rc1.jar;C:\Users\Bunayya Zulfikar\.m2\repository\com\fasterxml\jackson\core\jackson-annotations\2.15.0-rc1\jackson-annotations-2.15.0-rc1.jar;C:\Users\Bunayya Zulfikar\.m2\repository\commons-codec\commons-codec\1.15\commons-codec-1.15.jar;C:\Users\Bunayya Zulfikar\.m2\repository\commons-io\commons-io\2.11.0\commons-io-2.11.0.jar;C:\Users\Bunayya Zulfikar\.m2\repository\org\seleniumhq\selenium\selenium-java\4.8.1\selenium-java-4.8.1.jar;C:\Users\Bunayya Zulfikar\.m2\repository\org\seleniumhq\selenium\selenium-devtools-v108\4.8.1\selenium-devtools-v108-4.8.1.jar;C:\Users\Bunayya Zulfikar\.m2\repository\org\seleniumhq\selenium\selenium-devtools-v109\4.8.1\selenium-devtools-v109-4.8.1.jar;C:\Users\Bunayya Zulfikar\.m2\repository\org\seleniumhq\selenium\selenium-devtools-v110\4.8.1\selenium-devtools-v110-4.8.1.jar;C:\Users\Bunayya Zulfikar\.m2\repository\org\seleniumhq\selenium\selenium-devtools-v85\4.8.1\selenium-devtools-v85-4.8.1.jar;C:\Users\Bunayya Zulfikar\.m2\repository\org\seleniumhq\selenium\selenium-remote-driver\4.8.1\selenium-remote-driver-4.8.1.jar;C:\Users\Bunayya Zulfikar\.m2\repository\com\beust\jcommander\1.82\jcommander-1.82.jar;C:\Users\Bunayya Zulfikar\.m2\repository\io\netty\netty-buffer\4.1.87.Final\netty-buffer-4.1.87.Final.jar;C:\Users\Bunayya Zulfikar\.m2\repository\io\netty\netty-codec-http\4.1.87.Final\netty-codec-http-4.1.87.Final.jar;C:\Users\Bunayya Zulfikar\.m2\repository\io\netty\netty-codec\4.1.87.Final\netty-codec-4.1.87.Final.jar;C:\Users\Bunayya Zulfikar\.m2\repository\io\netty\netty-handler\4.1.87.Final\netty-handler-4.1.87.Final.jar;C:\Users\Bunayya Zulfikar\.m2\repository\io\netty\netty-common\4.1.87.Final\netty-common-4.1.87.Final.jar;C:\Users\Bunayya Zulfikar\.m2\repository\io\netty\netty-transport-classes-epoll\4.1.87.Final\netty-transport-classes-epoll-4.1.87.Final.jar;C:\Users\Bunayya Zulfikar\.m2\repository\io\netty\netty-transport-classes-kqueue\4.1.87.Final\netty-transport-classes-kqueue-4.1.87.Final.jar;C:\Users\Bunayya Zulfikar\.m2\repository\io\netty\netty-transport-native-epoll\4.1.87.Final\netty-transport-native-epoll-4.1.87.Final.jar;C:\Users\Bunayya Zulfikar\.m2\repository\io\netty\netty-transport-native-kqueue\4.1.87.Final\netty-transport-native-kqueue-4.1.87.Final.jar;C:\Users\Bunayya Zulfikar\.m2\repository\io\netty\netty-transport-native-unix-common\4.1.87.Final\netty-transport-native-unix-common-4.1.87.Final.jar;C:\Users\Bunayya Zulfikar\.m2\repository\io\netty\netty-transport\4.1.87.Final\netty-transport-4.1.87.Final.jar;C:\Users\Bunayya Zulfikar\.m2\repository\io\netty\netty-resolver\4.1.87.Final\netty-resolver-4.1.87.Final.jar;C:\Users\Bunayya Zulfikar\.m2\repository\io\opentelemetry\opentelemetry-api\1.22.0\opentelemetry-api-1.22.0.jar;C:\Users\Bunayya Zulfikar\.m2\repository\io\opentelemetry\opentelemetry-context\1.22.0\opentelemetry-context-1.22.0.jar;C:\Users\Bunayya Zulfikar\.m2\repository\io\opentelemetry\opentelemetry-exporter-logging\1.22.0\opentelemetry-exporter-logging-1.22.0.jar;C:\Users\Bunayya Zulfikar\.m2\repository\io\opentelemetry\opentelemetry-sdk-metrics\1.22.0\opentelemetry-sdk-metrics-1.22.0.jar;C:\Users\Bunayya Zulfikar\.m2\repository\io\opentelemetry\opentelemetry-sdk-logs\1.22.0-alpha\opentelemetry-sdk-logs-1.22.0-alpha.jar;C:\Users\Bunayya Zulfikar\.m2\repository\io\opentelemetry\opentelemetry-api-logs\1.22.0-alpha\opentelemetry-api-logs-1.22.0-alpha.jar;C:\Users\Bunayya Zulfikar\.m2\repository\io\opentelemetry\opentelemetry-sdk-common\1.22.0\opentelemetry-sdk-common-1.22.0.jar;C:\Users\Bunayya Zulfikar\.m2\repository\io\opentelemetry\opentelemetry-sdk-extension-autoconfigure-spi\1.22.0\opentelemetry-sdk-extension-autoconfigure-spi-1.22.0.jar;C:\Users\Bunayya Zulfikar\.m2\repository\io\opentelemetry\opentelemetry-sdk-extension-autoconfigure\1.22.0-alpha\opentelemetry-sdk-extension-autoconfigure-1.22.0-alpha.jar;C:\Users\Bunayya Zulfikar\.m2\repository\io\opentelemetry\opentelemetry-sdk-trace\1.22.0\opentelemetry-sdk-trace-1.22.0.jar;C:\Users\Bunayya Zulfikar\.m2\repository\io\opentelemetry\opentelemetry-sdk\1.22.0\opentelemetry-sdk-1.22.0.jar;C:\Users\Bunayya Zulfikar\.m2\repository\io\opentelemetry\opentelemetry-semconv\1.22.0-alpha\opentelemetry-semconv-1.22.0-alpha.jar;C:\Users\Bunayya Zulfikar\.m2\repository\io\ous\jtoml\2.0.0\jtoml-2.0.0.jar;C:\Users\Bunayya Zulfikar\.m2\repository\org\apache\commons\commons-exec\1.3\commons-exec-1.3.jar;C:\Users\Bunayya Zulfikar\.m2\repository\org\asynchttpclient\async-http-client\2.12.3\async-http-client-2.12.3.jar;C:\Users\Bunayya Zulfikar\.m2\repository\org\asynchttpclient\async-http-client-netty-utils\2.12.3\async-http-client-netty-utils-2.12.3.jar;C:\Users\Bunayya Zulfikar\.m2\repository\io\netty\netty-codec-socks\4.1.60.Final\netty-codec-socks-4.1.60.Final.jar;C:\Users\Bunayya Zulfikar\.m2\repository\io\netty\netty-handler-proxy\4.1.60.Final\netty-handler-proxy-4.1.60.Final.jar;C:\Users\Bunayya Zulfikar\.m2\repository\io\netty\netty-transport-native-epoll\4.1.60.Final\netty-transport-native-epoll-4.1.60.Final-linux-x86_64.jar;C:\Users\Bunayya Zulfikar\.m2\repository\io\netty\netty-transport-native-kqueue\4.1.60.Final\netty-transport-native-kqueue-4.1.60.Final-osx-x86_64.jar;C:\Users\Bunayya Zulfikar\.m2\repository\org\reactivestreams\reactive-streams\1.0.3\reactive-streams-1.0.3.jar;C:\Users\Bunayya Zulfikar\.m2\repository\com\typesafe\netty\netty-reactive-streams\2.0.4\netty-reactive-streams-2.0.4.jar;C:\Users\Bunayya Zulfikar\.m2\repository\org\seleniumhq\selenium\selenium-manager\4.8.1\selenium-manager-4.8.1.jar;C:\Users\Bunayya Zulfikar\.m2\repository\org\seleniumhq\selenium\selenium-safari-driver\4.8.1\selenium-safari-driver-4.8.1.jar;C:\Users\Bunayya Zulfikar\.m2\repository\org\seleniumhq\selenium\selenium-api\4.8.1\selenium-api-4.8.1.jar;C:\Users\Bunayya Zulfikar\.m2\repository\org\seleniumhq\selenium\selenium-support\4.8.1\selenium-support-4.8.1.jar;C:\Users\Bunayya Zulfikar\.m2\repository\com\google\auto\service\auto-service-annotations\1.0.1\auto-service-annotations-1.0.1.jar;C:\Users\Bunayya Zulfikar\.m2\repository\com\google\auto\service\auto-service\1.0.1\auto-service-1.0.1.jar;C:\Users\Bunayya Zulfikar\.m2\repository\com\google\auto\auto-common\1.2\auto-common-1.2.jar;C:\Users\Bunayya Zulfikar\.m2\repository\org\seleniumhq\selenium\selenium-json\4.8.1\selenium-json-4.8.1.jar;C:\Users\Bunayya Zulfikar\.m2\repository\org\seleniumhq\selenium\selenium-chrome-driver\4.8.1\selenium-chrome-driver-4.8.1.jar;C:\Users\Bunayya Zulfikar\.m2\repository\org\seleniumhq\selenium\selenium-chromium-driver\4.8.1\selenium-chromium-driver-4.8.1.jar;C:\Users\Bunayya Zulfikar\.m2\repository\org\seleniumhq\selenium\selenium-firefox-driver\4.8.1\selenium-firefox-driver-4.8.1.jar;C:\Users\Bunayya Zulfikar\.m2\repository\org\seleniumhq\selenium\selenium-http\4.8.1\selenium-http-4.8.1.jar;C:\Users\Bunayya Zulfikar\.m2\repository\dev\failsafe\failsafe\3.3.0\failsafe-3.3.0.jar;C:\Users\Bunayya Zulfikar\.m2\repository\org\seleniumhq\selenium\selenium-edge-driver\4.8.1\selenium-edge-driver-4.8.1.jar;C:\Users\Bunayya Zulfikar\.m2\repository\org\seleniumhq\selenium\selenium-ie-driver\4.8.1\selenium-ie-driver-4.8.1.jar;C:\Users\Bunayya Zulfikar\.m2\repository\org\projectlombok\lombok\1.18.20\lombok-1.18.20.jar;C:\Users\Bunayya Zulfikar\.m2\repository\io\appium\java-client\8.3.0\java-client-8.3.0.jar;C:\Users\Bunayya Zulfikar\.m2\repository\commons-validator\commons-validator\1.7\commons-validator-1.7.jar;C:\Users\Bunayya Zulfikar\.m2\repository\commons-digester\commons-digester\2.1\commons-digester-2.1.jar;C:\Users\Bunayya Zulfikar\.m2\repository\net\sf\opencsv\opencsv\2.0\opencsv-2.0.jar;C:\Users\Bunayya Zulfikar\.m2\repository\commons-beanutils\commons-beanutils\1.9.4\commons-beanutils-1.9.4.jar;C:\Users\Bunayya Zulfikar\.m2\repository\org\apache\commons\commons-lang3\3.12.0\commons-lang3-3.12.0.jar;C:\Users\Bunayya Zulfikar\.m2\repository\commons-collections\commons-collections\3.2.2\commons-collections-3.2.2.jar;C:\Users\Bunayya Zulfikar\.m2\repository\org\fluentlenium\fluentlenium-core\0.10.2\fluentlenium-core-0.10.2.jar;C:\Users\Bunayya Zulfikar\.m2\repository\io\github\bonigarcia\webdrivermanager\5.3.0\webdrivermanager-5.3.0.jar;C:\Users\Bunayya Zulfikar\.m2\repository\com\github\docker-java\docker-java\3.2.13\docker-java-3.2.13.jar;C:\Users\Bunayya Zulfikar\.m2\repository\com\github\docker-java\docker-java-core\3.2.13\docker-java-core-3.2.13.jar;C:\Users\Bunayya Zulfikar\.m2\repository\com\github\docker-java\docker-java-api\3.2.13\docker-java-api-3.2.13.jar;C:\Users\Bunayya Zulfikar\.m2\repository\org\apache\commons\commons-compress\1.21\commons-compress-1.21.jar;C:\Users\Bunayya Zulfikar\.m2\repository\org\bouncycastle\bcpkix-jdk15on\1.64\bcpkix-jdk15on-1.64.jar;C:\Users\Bunayya Zulfikar\.m2\repository\org\bouncycastle\bcprov-jdk15on\1.64\bcprov-jdk15on-1.64.jar;C:\Users\Bunayya Zulfikar\.m2\repository\org\slf4j\jcl-over-slf4j\1.7.30\jcl-over-slf4j-1.7.30.jar;C:\Users\Bunayya Zulfikar\.m2\repository\com\github\docker-java\docker-java-transport-httpclient5\3.2.13\docker-java-transport-httpclient5-3.2.13.jar;C:\Users\Bunayya Zulfikar\.m2\repository\com\github\docker-java\docker-java-transport\3.2.13\docker-java-transport-3.2.13.jar;C:\Users\Bunayya Zulfikar\.m2\repository\net\java\dev\jna\jna\5.8.0\jna-5.8.0.jar;C:\Users\Bunayya Zulfikar\.m2\repository\org\brotli\dec\0.1.2\dec-0.1.2.jar;C:\Users\Bunayya Zulfikar\.m2\repository\org\apache\httpcomponents\client5\httpclient5\5.1.3\httpclient5-5.1.3.jar;C:\Users\Bunayya Zulfikar\.m2\repository\org\apache\httpcomponents\core5\httpcore5\5.1.3\httpcore5-5.1.3.jar;C:\Users\Bunayya Zulfikar\.m2\repository\org\apache\httpcomponents\core5\httpcore5-h2\5.1.3\httpcore5-h2-5.1.3.jar;C:\Users\Bunayya Zulfikar\.m2\repository\com\jhlabs\filters\2.0.235\filters-2.0.235.jar;C:\Users\Bunayya Zulfikar\.m2\repository\com\paulhammant\ngwebdriver\1.1.6\ngwebdriver-1.1.6.jar;C:\Users\Bunayya Zulfikar\.m2\repository\joda-time\joda-time\2.12.2\joda-time-2.12.2.jar;C:\Users\Bunayya Zulfikar\.m2\repository\org\hamcrest\hamcrest\2.2\hamcrest-2.2.jar;C:\Users\Bunayya Zulfikar\.m2\repository\com\google\jimfs\jimfs\1.2\jimfs-1.2.jar;C:\Users\Bunayya Zulfikar\.m2\repository\org\mockito\mockito-core\3.3.3\mockito-core-3.3.3.jar;C:\Users\Bunayya Zulfikar\.m2\repository\javax\xml\bind\jaxb-api\2.3.1\jaxb-api-2.3.1.jar;C:\Users\Bunayya Zulfikar\.m2\repository\javax\activation\javax.activation-api\1.2.0\javax.activation-api-1.2.0.jar;C:\Users\Bunayya Zulfikar\.m2\repository\com\sun\xml\bind\jaxb-core\2.3.0.1\jaxb-core-2.3.0.1.jar;C:\Users\Bunayya Zulfikar\.m2\repository\com\sun\xml\bind\jaxb-impl\2.3.3\jaxb-impl-2.3.3.jar;C:\Users\Bunayya Zulfikar\.m2\repository\jakarta\xml\bind\jakarta.xml.bind-api\2.3.3\jakarta.xml.bind-api-2.3.3.jar;C:\Users\Bunayya Zulfikar\.m2\repository\com\sun\activation\jakarta.activation\1.2.2\jakarta.activation-1.2.2.jar;C:\Users\Bunayya Zulfikar\.m2\repository\javax\activation\activation\1.1.1\activation-1.1.1.jar;C:\Users\Bunayya Zulfikar\.m2\repository\net\serenity-bdd\serenity-cucumber\3.6.21\serenity-cucumber-3.6.21.jar;C:\Users\Bunayya Zulfikar\.m2\repository\io\cucumber\cucumber-core\7.11.0\cucumber-core-7.11.0.jar;C:\Users\Bunayya Zulfikar\.m2\repository\io\cucumber\cucumber-gherkin\7.11.0\cucumber-gherkin-7.11.0.jar;C:\Users\Bunayya Zulfikar\.m2\repository\io\cucumber\cucumber-gherkin-messages\7.11.0\cucumber-gherkin-messages-7.11.0.jar;C:\Users\Bunayya Zulfikar\.m2\repository\io\cucumber\gherkin\26.0.3\gherkin-26.0.3.jar;C:\Users\Bunayya Zulfikar\.m2\repository\io\cucumber\messages\21.0.1\messages-21.0.1.jar;C:\Users\Bunayya Zulfikar\.m2\repository\io\cucumber\tag-expressions\5.0.1\tag-expressions-5.0.1.jar;C:\Users\Bunayya Zulfikar\.m2\repository\io\cucumber\cucumber-expressions\16.1.1\cucumber-expressions-16.1.1.jar;C:\Users\Bunayya Zulfikar\.m2\repository\io\cucumber\datatable\7.11.0\datatable-7.11.0.jar;C:\Users\Bunayya Zulfikar\.m2\repository\io\cucumber\cucumber-plugin\7.11.0\cucumber-plugin-7.11.0.jar;C:\Users\Bunayya Zulfikar\.m2\repository\io\cucumber\docstring\7.11.0\docstring-7.11.0.jar;C:\Users\Bunayya Zulfikar\.m2\repository\io\cucumber\html-formatter\20.2.1\html-formatter-20.2.1.jar;C:\Users\Bunayya Zulfikar\.m2\repository\io\cucumber\junit-xml-formatter\0.1.0\junit-xml-formatter-0.1.0.jar;C:\Users\Bunayya Zulfikar\.m2\repository\io\cucumber\ci-environment\9.1.0\ci-environment-9.1.0.jar;C:\Users\Bunayya Zulfikar\.m2\repository\io\cucumber\cucumber-java\7.11.0\cucumber-java-7.11.0.jar;C:\Users\Bunayya Zulfikar\.m2\repository\io\cucumber\cucumber-junit\7.11.0\cucumber-junit-7.11.0.jar;C:\Users\Bunayya Zulfikar\.m2\repository\org\apache\commons\commons-csv\1.5\commons-csv-1.5.jar;C:\Users\Bunayya Zulfikar\.m2\repository\net\serenity-bdd\serenity-screenplay\3.6.21\serenity-screenplay-3.6.21.jar;C:\Users\Bunayya Zulfikar\.m2\repository\net\serenity-bdd\serenity-screenplay-webdriver\3.6.21\serenity-screenplay-webdriver-3.6.21.jar;C:\Users\Bunayya Zulfikar\.m2\repository\net\serenity-bdd\serenity-ensure\3.6.21\serenity-ensure-3.6.21.jar;C:\Users\Bunayya Zulfikar\.m2\repository\net\serenity-bdd\serenity-junit\3.6.21\serenity-junit-3.6.21.jar;C:\Users\Bunayya Zulfikar\.m2\repository\org\jetbrains\kotlin\kotlin-stdlib\1.8.10\kotlin-stdlib-1.8.10.jar;C:\Users\Bunayya Zulfikar\.m2\repository\org\jetbrains\kotlin\kotlin-stdlib-common\1.8.10\kotlin-stdlib-common-1.8.10.jar;C:\Users\Bunayya Zulfikar\.m2\repository\org\jetbrains\annotations\13.0\annotations-13.0.jar;C:\Users\Bunayya Zulfikar\.m2\repository\org\junit\platform\junit-platform-launcher\1.8.2\junit-platform-launcher-1.8.2.jar;C:\Users\Bunayya Zulfikar\.m2\repository\org\junit\platform\junit-platform-engine\1.8.2\junit-platform-engine-1.8.2.jar;C:\Users\Bunayya Zulfikar\.m2\repository\org\junit\platform\junit-platform-commons\1.8.2\junit-platform-commons-1.8.2.jar;C:\Users\Bunayya Zulfikar\.m2\repository\org\apiguardian\apiguardian-api\1.1.2\apiguardian-api-1.1.2.jar;C:\Users\Bunayya Zulfikar\.m2\repository\org\junit\jupiter\junit-jupiter-engine\5.8.2\junit-jupiter-engine-5.8.2.jar;C:\Users\Bunayya Zulfikar\.m2\repository\org\junit\jupiter\junit-jupiter-api\5.8.2\junit-jupiter-api-5.8.2.jar;C:\Users\Bunayya Zulfikar\.m2\repository\org\junit\vintage\junit-vintage-engine\5.8.2\junit-vintage-engine-5.8.2.jar;C:\Users\Bunayya Zulfikar\.m2\repository\junit\junit\4.13.2\junit-4.13.2.jar;C:\Users\Bunayya Zulfikar\.m2\repository\org\hamcrest\hamcrest-core\1.3\hamcrest-core-1.3.jar;C:\Users\Bunayya Zulfikar\.m2\repository\ch\qos\logback\logback-classic\1.2.10\logback-classic-1.2.10.jar;C:\Users\Bunayya Zulfikar\.m2\repository\ch\qos\logback\logback-core\1.2.10\logback-core-1.2.10.jar;C:\Users\Bunayya Zulfikar\.m2\repository\org\slf4j\slf4j-api\1.7.32\slf4j-api-1.7.32.jar;C:\Users\Bunayya Zulfikar\.m2\repository\org\assertj\assertj-core\3.23.1\assertj-core-3.23.1.jar;C:\Users\Bunayya Zulfikar\.m2\repository\net\bytebuddy\byte-buddy\1.12.10\byte-buddy-1.12.10.jar;C:\Users\Bunayya Zulfikar\.m2\repository\com\googlecode\json-simple\json-simple\1.1.1\json-simple-1.1.1.jar;C:\Users\Bunayya Zulfikar\.m2\repository\org\apache\maven\surefire\surefire-junit-platform\3.0.0-M5\surefire-junit-platform-3.0.0-M5.jar;C:\Users\Bunayya Zulfikar\.m2\repository\org\apache\maven\surefire\common-java5\3.0.0-M5\common-java5-3.0.0-M5.jar"/>
    <property name="user.script" value=""/>
    <property name="sun.management.compiler" value="HotSpot 64-Bit Tiered Compilers"/>
    <property name="java.runtime.version" value="19.0.2+7-44"/>
    <property name="user.name" value="Fanotralala"/>
    <property name="stdout.encoding" value="Cp1252"/>
    <property name="path.separator" value=";"/>
    <property name="os.version" value="10.0"/>
    <property name="java.runtime.name" value="Java(TM) SE Runtime Environment"/>
    <property name="file.encoding" value="UTF-8"/>
    <property name="webdriver.base.url" value=""/>
    <property name="java.vm.name" value="Java HotSpot(TM) 64-Bit Server VM"/>
    <property name="localRepository" value="C:\Users\Bunayya Zulfikar\.m2\repository"/>
    <property name="java.vendor.url.bug" value="https://bugreport.java.com/bugreport/"/>
    <property name="java.io.tmpdir" value="C:\Users\BUNAYY~1\AppData\Local\Temp\"/>
    <property name="java.version" value="19.0.2"/>
    <property name="user.dir" value="C:\Users\Bunayya Zulfikar\Documents\GitHub\QE_Refano-Saputra\10_RESTful_API_Testing_with_REST_Assured\praktikum\RESTful_API_Testing_with_REST_Assured"/>
    <property name="os.arch" value="amd64"/>
    <property name="java.vm.specification.name" value="Java Virtual Machine Specification"/>
    <property name="sun.os.patch.level" value=""/>
    <property name="native.encoding" value="Cp1252"/>
    <property name="java.library.path" value="C:\Program Files\Java\jdk-19\bin;C:\WINDOWS\Sun\Java\bin;C:\WINDOWS\system32;C:\WINDOWS;C:\Program Files\Common Files\Oracle\Java\javapath;C:\Program Files (x86)\Common Files\Oracle\Java\javapath;C:\Python310\Scripts\;C:\Python310\;C:\Program Files (x86)\Common Files\Intel\Shared Libraries\redist\intel64\compiler;C:\Program Files (x86)\Common Files\Intel\Shared Files\cpp\bin\Intel64;C:\Windows\system32;C:\Windows;C:\Windows\System32\Wbem;C:\Windows\System32\WindowsPowerShell\v1.0\;C:\Windows\System32\OpenSSH\;C:\Program Files (x86)\NVIDIA Corporation\PhysX\Common;C:\Program Files\NVIDIA Corporation\NVIDIA NvDLISR;C:\Program Files (x86)\MKVToolNix;C:\WINDOWS\system32;C:\WINDOWS;C:\WINDOWS\System32\Wbem;C:\WINDOWS\System32\WindowsPowerShell\v1.0\;C:\WINDOWS\System32\OpenSSH\;C:\Program Files\nodejs\;C:\ProgramData\chocolatey\bin;C:\Program Files\Git\cmd;C:\xampp\php;C:\ProgramData\ComposerSetup\bin;C:\PROGRA~1\IBM\SQLLIB\BIN;C:\PROGRA~1\IBM\SQLLIB\FUNCTION;C:\PROGRA~1\IBM\SQLLIB\SAMPLES\REPL;C:\Program Files\apache-maven-3.9.1\bin;C:\Program Files\Java\jdk-19\bin;C:\Users\Bunayya Zulfikar\AppData\Local\Microsoft\WindowsApps;C:\Users\Bunayya Zulfikar\AppData\Local\Programs\Microsoft VS Code\bin;C:\Program Files\Java\jdk-19\bin;C:\Users\Bunayya Zulfikar\AppData\Roaming\npm;C:\Users\Bunayya Zulfikar\AppData\Roaming\Composer\vendor\bin;C:\Users\Bunayya Zulfikar\AppData\Local\GitHubDesktop\bin;C:\Users\Bunayya Zulfikar\AppData\Local\spicetify;C:\Users\Bunayya Zulfikar\AppData\Local\Android\Sdk\platform-tools;C:\Users\Bunayya Zulfikar\AppData\Local\Android\Sdk\tools;C:\Users\Bunayya Zulfikar\AppData\Local\Android\Sdk\tools\bin;C:\Program Files\Gradle\gradle-8.1\bin;;."/>
    <property name="java.vm.info" value="mixed mode"/>
    <property name="stderr.encoding" value="Cp1252"/>
    <property name="java.vendor" value="Oracle Corporation"/>
    <property name="java.vm.version" value="19.0.2+7-44"/>
    <property name="sun.io.unicode.encoding" value="UnicodeLittle"/>
    <property name="java.class.version" value="63.0"/>
  </properties>
  <testcase name="DELETE - As admin I have be able to delete existing post" classname="User #1" time="16.083">
    <system-out><![CDATA[10:33:31.911 [main] DEBUG net.thucydides.core.guice.Injectors - Created injector for module net.thucydides.core.guice.ThucydidesModule
10:33:32.229 [main] DEBUG io.cucumber.core.plugin.SerenityReporter - Running feature from file:///C:/Users/Bunayya%20Zulfikar/Documents/GitHub/QE_Refano-Saputra/10_RESTful_API_Testing_with_REST_Assured/praktikum/RESTful_API_Testing_with_REST_Assured/src/test/resources/features/Delete.feature
10:33:32.424 [main] DEBUG net.thucydides.core.guice.Injectors - Created injector for module net.thucydides.core.guice.webdriver.WebDriverModule
10:33:32.441 [main] INFO  - 

-------------------------------------------------------------------------------------
     _______. _______ .______       _______ .__   __.  __  .___________.____    ____ 
    /       ||   ____||   _  \     |   ____||  \ |  | |  | |           |\   \  /   / 
   |   (----`|  |__   |  |_)  |    |  |__   |   \|  | |  | `---|  |----` \   \/   /  
    \   \    |   __|  |      /     |   __|  |  . `  | |  |     |  |       \_    _/   
.----)   |   |  |____ |  |\  \----.|  |____ |  |\   | |  |     |  |         |  |     
|_______/    |_______|| _| `._____||_______||__| \__| |__|     |__|         |__|    
                                                                                     
 News and tutorials at http://www.serenity-bdd.info                                  
 Documentation at https://wakaleo.gitbooks.io/the-serenity-book/content/             
 Join the Serenity Community on Gitter: https://gitter.im/serenity-bdd/serenity-core 
 Serenity BDD Support and Training at http://serenity-bdd.info/#/trainingandsupport  
-------------------------------------------------------------------------------------

10:33:32.444 [main] DEBUG net.thucydides.core.steps.StepEventBus - Test suite started for story net.thucydides.core.model.Story@bccd8f68
10:33:32.447 [main] INFO  - Test Suite Started: User
10:33:32.463 [main] DEBUG io.cucumber.core.plugin.SerenityReporter - Running feature from file:///C:/Users/Bunayya%20Zulfikar/Documents/GitHub/QE_Refano-Saputra/10_RESTful_API_Testing_with_REST_Assured/praktikum/RESTful_API_Testing_with_REST_Assured/src/test/resources/features/Get.feature
10:33:32.469 [main] DEBUG net.thucydides.core.steps.StepEventBus - Test suite started for story net.thucydides.core.model.Story@522899d3
10:33:32.470 [main] INFO  - Test Suite Started: User
10:33:32.470 [main] DEBUG io.cucumber.core.plugin.SerenityReporter - Running feature from file:///C:/Users/Bunayya%20Zulfikar/Documents/GitHub/QE_Refano-Saputra/10_RESTful_API_Testing_with_REST_Assured/praktikum/RESTful_API_Testing_with_REST_Assured/src/test/resources/features/Post.feature
10:33:32.476 [main] DEBUG net.thucydides.core.steps.StepEventBus - Test suite started for story net.thucydides.core.model.Story@596c655d
10:33:32.477 [main] INFO  - Test Suite Started: User
10:33:32.477 [main] DEBUG io.cucumber.core.plugin.SerenityReporter - Running feature from file:///C:/Users/Bunayya%20Zulfikar/Documents/GitHub/QE_Refano-Saputra/10_RESTful_API_Testing_with_REST_Assured/praktikum/RESTful_API_Testing_with_REST_Assured/src/test/resources/features/Put.feature
10:33:32.481 [main] DEBUG net.thucydides.core.steps.StepEventBus - Test suite started for story net.thucydides.core.model.Story@d2c9f48c
10:33:32.482 [main] INFO  - Test Suite Started: User
10:33:32.483 [main] DEBUG io.cucumber.core.plugin.SerenityReporter - Running feature from file:///C:/Users/Bunayya%20Zulfikar/Documents/GitHub/QE_Refano-Saputra/10_RESTful_API_Testing_with_REST_Assured/praktikum/RESTful_API_Testing_with_REST_Assured/src/test/resources/features/Delete.feature
10:33:32.487 [main] DEBUG net.thucydides.core.steps.StepEventBus - Test suite started for story net.thucydides.core.model.Story@bccd8f68
10:33:32.487 [main] INFO  - Test Suite Started: User

Scenario: DELETE - As admin I have be able to delete existing post &amp#27;[90m# src/test/resources/features/Delete.feature:7&amp#27;[0m
10:33:32.598 [main] DEBUG io.cucumber.core.plugin.SerenityReporter - Running feature from file:///C:/Users/Bunayya%20Zulfikar/Documents/GitHub/QE_Refano-Saputra/10_RESTful_API_Testing_with_REST_Assured/praktikum/RESTful_API_Testing_with_REST_Assured/src/test/resources/features/Delete.feature
10:33:32.723 [main] INFO  - 
  _____   ___   ___   _____     ___   _____     _     ___   _____   ___   ___  
 |_   _| | __| / __| |_   _|   / __| |_   _|   /_\   | _ \ |_   _| | __| |   \ 
   | |   | _|  \__ \   | |     \__ \   | |    / _ \  |   /   | |   | _|  | |) |
   |_|   |___| |___/   |_|     |___/   |_|   /_/ \_\ |_|_\   |_|   |___| |___/ 

DELETE - As admin I have be able to delete existing post(user;delete---as-admin-i-have-be-able-to-delete-existing-post)
--------------------------------------------------------------------------------
10:33:32.785 [main] DEBUG net.thucydides.core.requirements.model.cucumber.CucumberParser - Loading feature C:\Users\Bunayya Zulfikar\Documents\GitHub\QE_Refano-Saputra\10_RESTful_API_Testing_with_REST_Assured\praktikum\RESTful_API_Testing_with_REST_Assured\src\test\resources\features\Delete.feature
10:33:32.803 [main] DEBUG net.thucydides.core.requirements.model.cucumber.CucumberParser - Loading feature C:\Users\Bunayya Zulfikar\Documents\GitHub\QE_Refano-Saputra\10_RESTful_API_Testing_with_REST_Assured\praktikum\RESTful_API_Testing_with_REST_Assured\src\test\resources\features\Get.feature
10:33:32.810 [main] DEBUG net.thucydides.core.requirements.model.cucumber.CucumberParser - Loading feature C:\Users\Bunayya Zulfikar\Documents\GitHub\QE_Refano-Saputra\10_RESTful_API_Testing_with_REST_Assured\praktikum\RESTful_API_Testing_with_REST_Assured\src\test\resources\features\Post.feature
10:33:32.816 [main] DEBUG net.thucydides.core.requirements.model.cucumber.CucumberParser - Loading feature C:\Users\Bunayya Zulfikar\Documents\GitHub\QE_Refano-Saputra\10_RESTful_API_Testing_with_REST_Assured\praktikum\RESTful_API_Testing_with_REST_Assured\src\test\resources\features\Put.feature
10:33:33.321 [main] DEBUG net.thucydides.core.steps.StepInterceptor - STARTING STEP: DeleteSteps.setDeleteApiEndpoints - I set DELETE api endpoints
10:33:33.323 [main] DEBUG net.thucydides.core.steps.StepInterceptor - STEP DONE: I set DELETE api endpoints
  &amp#27;[32mGiven &amp#27;[0m&amp#27;[32mI set DELETE api endpoints&amp#27;[0m                                 &amp#27;[90m# starter.stepdefinitions.DeleteSteps.setDeleteApiEndpoints()&amp#27;[0m
10:33:33.334 [main] DEBUG net.thucydides.core.steps.StepInterceptor - STARTING STEP: DeleteSteps.sendDeleteApiEndpoints - I send DELETE HTTP request
10:33:35.615 [main] DEBUG net.thucydides.core.steps.StepInterceptor - STARTING STEP: Delete.sendDeleteApiEndpointsRequest - I set DELETE api endpoints
10:33:35.616 [main] DEBUG net.thucydides.core.steps.StepInterceptor - STEP DONE: I set DELETE api endpoints
10:33:36.577 [main] DEBUG org.apache.http.impl.conn.BasicClientConnectionManager - Get connection for route {s}->https://jsonplaceholder.typicode.com:443
10:33:47.649 [main] DEBUG org.apache.http.impl.conn.DefaultClientConnectionOperator - Connecting to jsonplaceholder.typicode.com:443
10:33:47.883 [main] DEBUG org.apache.http.client.protocol.RequestAddCookies - CookieSpec selected: ignoreCookies
10:33:47.884 [main] DEBUG org.apache.http.client.protocol.RequestAuthCache - Auth cache not set in the context
10:33:47.884 [main] DEBUG org.apache.http.client.protocol.RequestTargetAuthentication - Target auth state: UNCHALLENGED
10:33:47.884 [main] DEBUG org.apache.http.client.protocol.RequestProxyAuthentication - Proxy auth state: UNCHALLENGED
10:33:47.884 [main] DEBUG org.apache.http.impl.client.DefaultHttpClient - Attempt 1 to execute request
10:33:47.884 [main] DEBUG org.apache.http.impl.conn.DefaultClientConnection - Sending request: DELETE /posts/1 HTTP/1.1
10:33:47.885 [main] DEBUG org.apache.http.wire -  >> "DELETE /posts/1 HTTP/1.1[\r][\n]"
10:33:47.885 [main] DEBUG org.apache.http.wire -  >> "Accept: */*[\r][\n]"
10:33:47.885 [main] DEBUG org.apache.http.wire -  >> "Host: jsonplaceholder.typicode.com[\r][\n]"
10:33:47.885 [main] DEBUG org.apache.http.wire -  >> "Connection: Keep-Alive[\r][\n]"
10:33:47.885 [main] DEBUG org.apache.http.wire -  >> "User-Agent: Apache-HttpClient/4.5.13 (Java/19.0.2)[\r][\n]"
10:33:47.886 [main] DEBUG org.apache.http.wire -  >> "Accept-Encoding: gzip,deflate[\r][\n]"
10:33:47.886 [main] DEBUG org.apache.http.wire -  >> "[\r][\n]"
10:33:47.886 [main] DEBUG org.apache.http.headers - >> DELETE /posts/1 HTTP/1.1
10:33:47.886 [main] DEBUG org.apache.http.headers - >> Accept: */*
10:33:47.886 [main] DEBUG org.apache.http.headers - >> Host: jsonplaceholder.typicode.com
10:33:47.886 [main] DEBUG org.apache.http.headers - >> Connection: Keep-Alive
10:33:47.886 [main] DEBUG org.apache.http.headers - >> User-Agent: Apache-HttpClient/4.5.13 (Java/19.0.2)
10:33:47.886 [main] DEBUG org.apache.http.headers - >> Accept-Encoding: gzip,deflate
10:33:48.447 [main] DEBUG org.apache.http.wire -  << "HTTP/1.1 200 OK[\r][\n]"
10:33:48.448 [main] DEBUG org.apache.http.wire -  << "Date: Sun, 16 Apr 2023 03:33:47 GMT[\r][\n]"
10:33:48.448 [main] DEBUG org.apache.http.wire -  << "Content-Type: application/json; charset=utf-8[\r][\n]"
10:33:48.448 [main] DEBUG org.apache.http.wire -  << "Content-Length: 2[\r][\n]"
10:33:48.448 [main] DEBUG org.apache.http.wire -  << "Connection: keep-alive[\r][\n]"
10:33:48.448 [main] DEBUG org.apache.http.wire -  << "X-Powered-By: Express[\r][\n]"
10:33:48.448 [main] DEBUG org.apache.http.wire -  << "X-Ratelimit-Limit: 1000[\r][\n]"
10:33:48.448 [main] DEBUG org.apache.http.wire -  << "X-Ratelimit-Remaining: 999[\r][\n]"
10:33:48.448 [main] DEBUG org.apache.http.wire -  << "X-Ratelimit-Reset: 1681616074[\r][\n]"
10:33:48.448 [main] DEBUG org.apache.http.wire -  << "Vary: Origin, Accept-Encoding[\r][\n]"
10:33:48.448 [main] DEBUG org.apache.http.wire -  << "Access-Control-Allow-Credentials: true[\r][\n]"
10:33:48.449 [main] DEBUG org.apache.http.wire -  << "Cache-Control: no-cache[\r][\n]"
10:33:48.449 [main] DEBUG org.apache.http.wire -  << "Pragma: no-cache[\r][\n]"
10:33:48.449 [main] DEBUG org.apache.http.wire -  << "Expires: -1[\r][\n]"
10:33:48.449 [main] DEBUG org.apache.http.wire -  << "X-Content-Type-Options: nosniff[\r][\n]"
10:33:48.449 [main] DEBUG org.apache.http.wire -  << "Etag: W/"2-vyGp6PvFo4RvsFtPoIWeCReyIC8"[\r][\n]"
10:33:48.449 [main] DEBUG org.apache.http.wire -  << "Via: 1.1 vegur[\r][\n]"
10:33:48.449 [main] DEBUG org.apache.http.wire -  << "CF-Cache-Status: DYNAMIC[\r][\n]"
10:33:48.449 [main] DEBUG org.apache.http.wire -  << "Report-To: {"endpoints":[{"url":"https:\/\/a.nel.cloudflare.com\/report\/v3?s=I1EwiqETHGpr%2BSLS%2BHl2Z2b7BKRCVvpY1BBWwmxt%2FAHtsBGzI6q9%2FHMOQwCYbXA8SPQW8FpGtTGrUMl9f8qzo6jXHm4sU7SKPVihxvvvJJ4PJ3pGW%2F%2Brysp99Dzz343JFEI6w%2BNAb0QZilNOhFeL"}],"group":"cf-nel","max_age":604800}[\r][\n]"
10:33:48.449 [main] DEBUG org.apache.http.wire -  << "NEL: {"success_fraction":0,"report_to":"cf-nel","max_age":604800}[\r][\n]"
10:33:48.449 [main] DEBUG org.apache.http.wire -  << "Server: cloudflare[\r][\n]"
10:33:48.449 [main] DEBUG org.apache.http.wire -  << "CF-RAY: 7b895e69d97340ec-SIN[\r][\n]"
10:33:48.449 [main] DEBUG org.apache.http.wire -  << "alt-svc: h3=":443"; ma=86400, h3-29=":443"; ma=86400[\r][\n]"
10:33:48.449 [main] DEBUG org.apache.http.wire -  << "[\r][\n]"
10:33:48.450 [main] DEBUG org.apache.http.impl.conn.DefaultClientConnection - Receiving response: HTTP/1.1 200 OK
10:33:48.450 [main] DEBUG org.apache.http.headers - << HTTP/1.1 200 OK
10:33:48.450 [main] DEBUG org.apache.http.headers - << Date: Sun, 16 Apr 2023 03:33:47 GMT
10:33:48.450 [main] DEBUG org.apache.http.headers - << Content-Type: application/json; charset=utf-8
10:33:48.450 [main] DEBUG org.apache.http.headers - << Content-Length: 2
10:33:48.450 [main] DEBUG org.apache.http.headers - << Connection: keep-alive
10:33:48.450 [main] DEBUG org.apache.http.headers - << X-Powered-By: Express
10:33:48.450 [main] DEBUG org.apache.http.headers - << X-Ratelimit-Limit: 1000
10:33:48.450 [main] DEBUG org.apache.http.headers - << X-Ratelimit-Remaining: 999
10:33:48.450 [main] DEBUG org.apache.http.headers - << X-Ratelimit-Reset: 1681616074
10:33:48.450 [main] DEBUG org.apache.http.headers - << Vary: Origin, Accept-Encoding
10:33:48.450 [main] DEBUG org.apache.http.headers - << Access-Control-Allow-Credentials: true
10:33:48.450 [main] DEBUG org.apache.http.headers - << Cache-Control: no-cache
10:33:48.450 [main] DEBUG org.apache.http.headers - << Pragma: no-cache
10:33:48.450 [main] DEBUG org.apache.http.headers - << Expires: -1
10:33:48.450 [main] DEBUG org.apache.http.headers - << X-Content-Type-Options: nosniff
10:33:48.450 [main] DEBUG org.apache.http.headers - << Etag: W/"2-vyGp6PvFo4RvsFtPoIWeCReyIC8"
10:33:48.450 [main] DEBUG org.apache.http.headers - << Via: 1.1 vegur
10:33:48.450 [main] DEBUG org.apache.http.headers - << CF-Cache-Status: DYNAMIC
10:33:48.450 [main] DEBUG org.apache.http.headers - << Report-To: {"endpoints":[{"url":"https:\/\/a.nel.cloudflare.com\/report\/v3?s=I1EwiqETHGpr%2BSLS%2BHl2Z2b7BKRCVvpY1BBWwmxt%2FAHtsBGzI6q9%2FHMOQwCYbXA8SPQW8FpGtTGrUMl9f8qzo6jXHm4sU7SKPVihxvvvJJ4PJ3pGW%2F%2Brysp99Dzz343JFEI6w%2BNAb0QZilNOhFeL"}],"group":"cf-nel","max_age":604800}
10:33:48.450 [main] DEBUG org.apache.http.headers - << NEL: {"success_fraction":0,"report_to":"cf-nel","max_age":604800}
10:33:48.450 [main] DEBUG org.apache.http.headers - << Server: cloudflare
10:33:48.450 [main] DEBUG org.apache.http.headers - << CF-RAY: 7b895e69d97340ec-SIN
10:33:48.450 [main] DEBUG org.apache.http.headers - << alt-svc: h3=":443"; ma=86400, h3-29=":443"; ma=86400
10:33:48.453 [main] DEBUG org.apache.http.impl.client.DefaultHttpClient - Connection can be kept alive indefinitely
10:33:48.457 [main] DEBUG io.restassured.internal.RestAssuredHttpBuilder - Parsing response as: application/json; charset=utf-8
10:33:48.457 [main] DEBUG io.restassured.internal.RestAssuredHttpBuilder - Parsed data to instance of: class org.apache.http.conn.EofSensorInputStream
10:33:48.504 [main] DEBUG org.apache.http.wire -  << "{}"
10:33:48.505 [main] DEBUG org.apache.http.impl.conn.BasicClientConnectionManager - Releasing connection org.apache.http.impl.conn.ManagedClientConnectionImpl@50f05307
10:33:48.505 [main] DEBUG org.apache.http.impl.conn.BasicClientConnectionManager - Connection can be kept alive indefinitely
10:33:48.521 [main] DEBUG net.thucydides.core.steps.StepInterceptor - STEP DONE: I send DELETE HTTP request
  &amp#27;[32mWhen &amp#27;[0m&amp#27;[32mI send DELETE HTTP request&amp#27;[0m                                  &amp#27;[90m# starter.stepdefinitions.DeleteSteps.sendDeleteApiEndpoints()&amp#27;[0m
10:33:48.542 [main] DEBUG net.thucydides.core.steps.StepInterceptor - STARTING STEP: GetSteps.receiveValidHttpResponse - I receive valid HTTP response code 200
10:33:48.565 [main] DEBUG net.thucydides.core.steps.StepInterceptor - STEP DONE: I receive valid HTTP response code 200
  &amp#27;[32mThen &amp#27;[0m&amp#27;[32mI receive valid HTTP response code 200&amp#27;[0m                      &amp#27;[90m# starter.stepdefinitions.GetSteps.receiveValidHttpResponse()&amp#27;[0m
10:33:48.570 [main] INFO  - 
  _____   ___   ___   _____     ___     _     ___   ___   ___   ___  
 |_   _| | __| / __| |_   _|   | _ \   /_\   / __| / __| | __| |   \ 
   | |   | _|  \__ \   | |     |  _/  / _ \  \__ \ \__ \ | _|  | |) |
   |_|   |___| |___/   |_|     |_|   /_/ \_\ |___/ |___/ |___| |___/ 

DELETE - As admin I have be able to delete existing post
----------------------------------------------------------------------
]]></system-out>
  </testcase>
  <testcase name="DELETE - As admin I haven&apos;t be able to delete existing post" classname="User #1" time="0.076">
    <system-out><![CDATA[
Scenario: DELETE - As admin I haven't be able to delete existing post &amp#27;[90m# src/test/resources/features/Delete.feature:12&amp#27;[0m
10:33:48.597 [main] DEBUG io.cucumber.core.plugin.SerenityReporter - Running feature from file:///C:/Users/Bunayya%20Zulfikar/Documents/GitHub/QE_Refano-Saputra/10_RESTful_API_Testing_with_REST_Assured/praktikum/RESTful_API_Testing_with_REST_Assured/src/test/resources/features/Delete.feature
10:33:48.604 [main] INFO  - 
  _____   ___   ___   _____     ___   _____     _     ___   _____   ___   ___  
 |_   _| | __| / __| |_   _|   / __| |_   _|   /_\   | _ \ |_   _| | __| |   \ 
   | |   | _|  \__ \   | |     \__ \   | |    / _ \  |   /   | |   | _|  | |) |
   |_|   |___| |___/   |_|     |___/   |_|   /_/ \_\ |_|_\   |_|   |___| |___/ 

DELETE - As admin I haven't be able to delete existing post(user;delete---as-admin-i-haven-t-be-able-to-delete-existing-post)
--------------------------------------------------------------------------------
10:33:48.638 [main] DEBUG net.thucydides.core.steps.StepInterceptor - STARTING STEP: DeleteSteps.setDeleteInvalidApiEndpoints - I set DELETE to invalid api endpoints
10:33:48.639 [main] DEBUG net.thucydides.core.steps.StepInterceptor - STEP DONE: I set DELETE to invalid api endpoints
  &amp#27;[32mGiven &amp#27;[0m&amp#27;[32mI set DELETE to invalid api endpoints&amp#27;[0m                         &amp#27;[90m# starter.stepdefinitions.DeleteSteps.setDeleteInvalidApiEndpoints()&amp#27;[0m
10:33:48.645 [main] DEBUG net.thucydides.core.steps.StepInterceptor - STARTING STEP: DeleteSteps.receiveNothingFromPage - I receive nothing from the page
10:33:48.646 [main] DEBUG net.thucydides.core.steps.StepInterceptor - STEP DONE: I receive nothing from the page
  &amp#27;[32mWhen &amp#27;[0m&amp#27;[32mI receive nothing from the page&amp#27;[0m                                &amp#27;[90m# starter.stepdefinitions.DeleteSteps.receiveNothingFromPage()&amp#27;[0m
10:33:48.651 [main] INFO  - 
  _____   ___   ___   _____     ___     _     ___   ___   ___   ___  
 |_   _| | __| / __| |_   _|   | _ \   /_\   / __| / __| | __| |   \ 
   | |   | _|  \__ \   | |     |  _/  / _ \  \__ \ \__ \ | _|  | |) |
   |_|   |___| |___/   |_|     |_|   /_/ \_\ |___/ |___/ |___| |___/ 

DELETE - As admin I haven't be able to delete existing post
----------------------------------------------------------------------
]]></system-out>
  </testcase>
  <testcase name="GET - As admin I have be able to get detail post" classname="User #2" time="1.272">
    <system-out><![CDATA[10:33:48.653 [main] DEBUG io.cucumber.core.plugin.SerenityReporter - Running feature from file:///C:/Users/Bunayya%20Zulfikar/Documents/GitHub/QE_Refano-Saputra/10_RESTful_API_Testing_with_REST_Assured/praktikum/RESTful_API_Testing_with_REST_Assured/src/test/resources/features/Get.feature
10:33:48.658 [main] DEBUG net.thucydides.core.steps.StepEventBus - Test suite started for story net.thucydides.core.model.Story@522899d3
10:33:48.659 [main] INFO  - Test Suite Started: User

Scenario: GET - As admin I have be able to get detail post &amp#27;[90m# src/test/resources/features/Get.feature:7&amp#27;[0m
10:33:48.668 [main] DEBUG io.cucumber.core.plugin.SerenityReporter - Running feature from file:///C:/Users/Bunayya%20Zulfikar/Documents/GitHub/QE_Refano-Saputra/10_RESTful_API_Testing_with_REST_Assured/praktikum/RESTful_API_Testing_with_REST_Assured/src/test/resources/features/Get.feature
10:33:48.671 [main] INFO  - 
  _____   ___   ___   _____     ___   _____     _     ___   _____   ___   ___  
 |_   _| | __| / __| |_   _|   / __| |_   _|   /_\   | _ \ |_   _| | __| |   \ 
   | |   | _|  \__ \   | |     \__ \   | |    / _ \  |   /   | |   | _|  | |) |
   |_|   |___| |___/   |_|     |___/   |_|   /_/ \_\ |_|_\   |_|   |___| |___/ 

GET - As admin I have be able to get detail post(user;get---as-admin-i-have-be-able-to-get-detail-post)
--------------------------------------------------------------------------------
10:33:48.687 [main] DEBUG net.thucydides.core.steps.StepInterceptor - STARTING STEP: GetSteps.setGetApiEndpoints - I set GET api endpoints
10:33:48.687 [main] DEBUG net.thucydides.core.steps.StepInterceptor - STEP DONE: I set GET api endpoints
  &amp#27;[32mGiven &amp#27;[0m&amp#27;[32mI set GET api endpoints&amp#27;[0m                            &amp#27;[90m# starter.stepdefinitions.GetSteps.setGetApiEndpoints()&amp#27;[0m
10:33:48.696 [main] DEBUG net.thucydides.core.steps.StepInterceptor - STARTING STEP: GetSteps.setGetHttpRequest - I send GET HTTP request
10:33:48.699 [main] DEBUG net.thucydides.core.steps.StepInterceptor - STARTING STEP: Get.setGetHttpRequest - I set GET api endpoints
10:33:48.699 [main] DEBUG net.thucydides.core.steps.StepInterceptor - STEP DONE: I set GET api endpoints
10:33:48.716 [main] DEBUG org.apache.http.impl.conn.BasicClientConnectionManager - Get connection for route {s}->https://jsonplaceholder.typicode.com:443
10:33:48.717 [main] DEBUG org.apache.http.impl.conn.DefaultClientConnectionOperator - Connecting to jsonplaceholder.typicode.com:443
10:33:48.794 [main] DEBUG org.apache.http.client.protocol.RequestAddCookies - CookieSpec selected: ignoreCookies
10:33:48.794 [main] DEBUG org.apache.http.client.protocol.RequestAuthCache - Auth cache not set in the context
10:33:48.794 [main] DEBUG org.apache.http.client.protocol.RequestTargetAuthentication - Target auth state: UNCHALLENGED
10:33:48.794 [main] DEBUG org.apache.http.client.protocol.RequestProxyAuthentication - Proxy auth state: UNCHALLENGED
10:33:48.794 [main] DEBUG org.apache.http.impl.client.DefaultHttpClient - Attempt 1 to execute request
10:33:48.794 [main] DEBUG org.apache.http.impl.conn.DefaultClientConnection - Sending request: GET /posts/2 HTTP/1.1
10:33:48.794 [main] DEBUG org.apache.http.wire -  >> "GET /posts/2 HTTP/1.1[\r][\n]"
10:33:48.794 [main] DEBUG org.apache.http.wire -  >> "Accept: */*[\r][\n]"
10:33:48.794 [main] DEBUG org.apache.http.wire -  >> "Host: jsonplaceholder.typicode.com[\r][\n]"
10:33:48.794 [main] DEBUG org.apache.http.wire -  >> "Connection: Keep-Alive[\r][\n]"
10:33:48.794 [main] DEBUG org.apache.http.wire -  >> "User-Agent: Apache-HttpClient/4.5.13 (Java/19.0.2)[\r][\n]"
10:33:48.794 [main] DEBUG org.apache.http.wire -  >> "Accept-Encoding: gzip,deflate[\r][\n]"
10:33:48.794 [main] DEBUG org.apache.http.wire -  >> "[\r][\n]"
10:33:48.794 [main] DEBUG org.apache.http.headers - >> GET /posts/2 HTTP/1.1
10:33:48.794 [main] DEBUG org.apache.http.headers - >> Accept: */*
10:33:48.795 [main] DEBUG org.apache.http.headers - >> Host: jsonplaceholder.typicode.com
10:33:48.795 [main] DEBUG org.apache.http.headers - >> Connection: Keep-Alive
10:33:48.795 [main] DEBUG org.apache.http.headers - >> User-Agent: Apache-HttpClient/4.5.13 (Java/19.0.2)
10:33:48.795 [main] DEBUG org.apache.http.headers - >> Accept-Encoding: gzip,deflate
10:33:49.368 [main] DEBUG org.apache.http.wire -  << "HTTP/1.1 200 OK[\r][\n]"
10:33:49.368 [main] DEBUG org.apache.http.wire -  << "Date: Sun, 16 Apr 2023 03:33:48 GMT[\r][\n]"
10:33:49.368 [main] DEBUG org.apache.http.wire -  << "Content-Type: application/json; charset=utf-8[\r][\n]"
10:33:49.368 [main] DEBUG org.apache.http.wire -  << "Transfer-Encoding: chunked[\r][\n]"
10:33:49.368 [main] DEBUG org.apache.http.wire -  << "Connection: keep-alive[\r][\n]"
10:33:49.368 [main] DEBUG org.apache.http.wire -  << "X-Powered-By: Express[\r][\n]"
10:33:49.368 [main] DEBUG org.apache.http.wire -  << "X-Ratelimit-Limit: 1000[\r][\n]"
10:33:49.368 [main] DEBUG org.apache.http.wire -  << "X-Ratelimit-Remaining: 997[\r][\n]"
10:33:49.368 [main] DEBUG org.apache.http.wire -  << "X-Ratelimit-Reset: 1681477247[\r][\n]"
10:33:49.368 [main] DEBUG org.apache.http.wire -  << "Vary: Origin, Accept-Encoding[\r][\n]"
10:33:49.368 [main] DEBUG org.apache.http.wire -  << "Access-Control-Allow-Credentials: true[\r][\n]"
10:33:49.368 [main] DEBUG org.apache.http.wire -  << "Cache-Control: max-age=43200[\r][\n]"
10:33:49.368 [main] DEBUG org.apache.http.wire -  << "Pragma: no-cache[\r][\n]"
10:33:49.369 [main] DEBUG org.apache.http.wire -  << "Expires: -1[\r][\n]"
10:33:49.369 [main] DEBUG org.apache.http.wire -  << "X-Content-Type-Options: nosniff[\r][\n]"
10:33:49.369 [main] DEBUG org.apache.http.wire -  << "Etag: W/"116-jnDuMpjju89+9j7e0BqkdFsVRjs"[\r][\n]"
10:33:49.369 [main] DEBUG org.apache.http.wire -  << "Via: 1.1 vegur[\r][\n]"
10:33:49.369 [main] DEBUG org.apache.http.wire -  << "CF-Cache-Status: REVALIDATED[\r][\n]"
10:33:49.369 [main] DEBUG org.apache.http.wire -  << "Report-To: {"endpoints":[{"url":"https:\/\/a.nel.cloudflare.com\/report\/v3?s=0MSwdOr%2B8UC%2FHamgRZl9RmOVxypBVfuBVI98FSdwo2pvBuxZUsDj8SrTBCnLtcQwSaBkKGYeZRQ0MeNVMwAcTNluI1cuZcNT32Kf7PJgs1W5kSziR6uLpgV%2BnY2QZcd0H6yBVuPU%2FFCKZUXSEPg8"}],"group":"cf-nel","max_age":604800}[\r][\n]"
10:33:49.369 [main] DEBUG org.apache.http.wire -  << "NEL: {"success_fraction":0,"report_to":"cf-nel","max_age":604800}[\r][\n]"
10:33:49.369 [main] DEBUG org.apache.http.wire -  << "Server: cloudflare[\r][\n]"
10:33:49.369 [main] DEBUG org.apache.http.wire -  << "CF-RAY: 7b895e6f8a24410f-SIN[\r][\n]"
10:33:49.369 [main] DEBUG org.apache.http.wire -  << "Content-Encoding: gzip[\r][\n]"
10:33:49.369 [main] DEBUG org.apache.http.wire -  << "alt-svc: h3=":443"; ma=86400, h3-29=":443"; ma=86400[\r][\n]"
10:33:49.369 [main] DEBUG org.apache.http.wire -  << "[\r][\n]"
10:33:49.369 [main] DEBUG org.apache.http.impl.conn.DefaultClientConnection - Receiving response: HTTP/1.1 200 OK
10:33:49.369 [main] DEBUG org.apache.http.headers - << HTTP/1.1 200 OK
10:33:49.369 [main] DEBUG org.apache.http.headers - << Date: Sun, 16 Apr 2023 03:33:48 GMT
10:33:49.369 [main] DEBUG org.apache.http.headers - << Content-Type: application/json; charset=utf-8
10:33:49.369 [main] DEBUG org.apache.http.headers - << Transfer-Encoding: chunked
10:33:49.369 [main] DEBUG org.apache.http.headers - << Connection: keep-alive
10:33:49.369 [main] DEBUG org.apache.http.headers - << X-Powered-By: Express
10:33:49.369 [main] DEBUG org.apache.http.headers - << X-Ratelimit-Limit: 1000
10:33:49.369 [main] DEBUG org.apache.http.headers - << X-Ratelimit-Remaining: 997
10:33:49.369 [main] DEBUG org.apache.http.headers - << X-Ratelimit-Reset: 1681477247
10:33:49.369 [main] DEBUG org.apache.http.headers - << Vary: Origin, Accept-Encoding
10:33:49.369 [main] DEBUG org.apache.http.headers - << Access-Control-Allow-Credentials: true
10:33:49.369 [main] DEBUG org.apache.http.headers - << Cache-Control: max-age=43200
10:33:49.369 [main] DEBUG org.apache.http.headers - << Pragma: no-cache
10:33:49.369 [main] DEBUG org.apache.http.headers - << Expires: -1
10:33:49.369 [main] DEBUG org.apache.http.headers - << X-Content-Type-Options: nosniff
10:33:49.369 [main] DEBUG org.apache.http.headers - << Etag: W/"116-jnDuMpjju89+9j7e0BqkdFsVRjs"
10:33:49.369 [main] DEBUG org.apache.http.headers - << Via: 1.1 vegur
10:33:49.369 [main] DEBUG org.apache.http.headers - << CF-Cache-Status: REVALIDATED
10:33:49.369 [main] DEBUG org.apache.http.headers - << Report-To: {"endpoints":[{"url":"https:\/\/a.nel.cloudflare.com\/report\/v3?s=0MSwdOr%2B8UC%2FHamgRZl9RmOVxypBVfuBVI98FSdwo2pvBuxZUsDj8SrTBCnLtcQwSaBkKGYeZRQ0MeNVMwAcTNluI1cuZcNT32Kf7PJgs1W5kSziR6uLpgV%2BnY2QZcd0H6yBVuPU%2FFCKZUXSEPg8"}],"group":"cf-nel","max_age":604800}
10:33:49.369 [main] DEBUG org.apache.http.headers - << NEL: {"success_fraction":0,"report_to":"cf-nel","max_age":604800}
10:33:49.369 [main] DEBUG org.apache.http.headers - << Server: cloudflare
10:33:49.369 [main] DEBUG org.apache.http.headers - << CF-RAY: 7b895e6f8a24410f-SIN
10:33:49.369 [main] DEBUG org.apache.http.headers - << Content-Encoding: gzip
10:33:49.369 [main] DEBUG org.apache.http.headers - << alt-svc: h3=":443"; ma=86400, h3-29=":443"; ma=86400
10:33:49.372 [main] DEBUG org.apache.http.impl.client.DefaultHttpClient - Connection can be kept alive indefinitely
10:33:49.372 [main] DEBUG io.restassured.internal.RestAssuredHttpBuilder - Parsing response as: application/json; charset=utf-8
10:33:49.372 [main] DEBUG org.apache.http.wire -  << "c6[\r][\n]"
10:33:49.372 [main] DEBUG org.apache.http.wire -  << "[0x1f][0x8b][0x8][0x0][0x0][0x0][0x0][0x0][0x0][0x3]-N1n[0x3]1[0xc][0xdb][0xf3][\n]"
10:33:49.372 [main] DEBUG org.apache.http.wire -  << "[0xc2]s[0x97]v[0xcc][0xf][0xfa][0x87][t5[0xdb][0x8][0xf0][0xc9][0x8e]$[0x7]([0x8a][0xfc][0xbd][0xf0][0xb5][0x1b])[0x92]".@[0x99]A[0xaf][0xe5][0x8a][0xd7][0x97]Eu[0xc1][0xb7][0x13][0xa6]fc[0xb9][0xa2][0xdc][0xa7][0x82][0x91]`[0x4][0xcb])[0xed][0xbd]~/e][0x9d]>[0xf]$[0x8f][0xd1][0x9d]xh[\n]"
10:33:49.372 [main] DEBUG org.apache.http.wire -  << "7[0xb][0xae]P[0xa8]%Lo[0xda][0xe0][0x1c][0xce][0x1b][0xad][0xd2]5Q{[0xeb][0x8e][0x9d][0x92]BP[0xfe]8[0x3][0xc6][0xfb][0xe4]f[0x9f][0xf3]K%[0xb1]7[0xb1][0xaa][0xa9][0x1a]x[0xf4]6GJ[0x12][0xa3][0xbb]w<[0xd8][0xfe][0x1f][0x1f][0xbd]1R[0x85][0x98]k[0x8b]~([0xad]jl[0xb6][0x6][0xc8][0xa0][0xab][0x1c][0xb0]n[0xa8][0xdc]550z[0x84][0x1e]3[0xb0][0xc]g!LCa[0xb3]5)[0x97][0xe7]/[0xfc]z[0x19][0x92][0x16][0x1][0x0][0x0]"
10:33:49.372 [main] DEBUG org.apache.http.wire -  << "[\r][\n]"
10:33:49.373 [main] DEBUG org.apache.http.wire -  << "0[\r][\n]"
10:33:49.373 [main] DEBUG org.apache.http.wire -  << "[\r][\n]"
10:33:49.373 [main] DEBUG io.restassured.internal.RestAssuredHttpBuilder - Parsed data to instance of: class org.apache.http.conn.EofSensorInputStream
10:33:49.376 [main] DEBUG org.apache.http.impl.conn.BasicClientConnectionManager - Releasing connection org.apache.http.impl.conn.ManagedClientConnectionImpl@40d10264
10:33:49.376 [main] DEBUG org.apache.http.impl.conn.BasicClientConnectionManager - Connection can be kept alive indefinitely
10:33:49.381 [main] DEBUG net.thucydides.core.steps.StepInterceptor - STEP DONE: I send GET HTTP request
  &amp#27;[32mWhen &amp#27;[0m&amp#27;[32mI send GET HTTP request&amp#27;[0m                             &amp#27;[90m# starter.stepdefinitions.GetSteps.setGetHttpRequest()&amp#27;[0m
10:33:49.384 [main] DEBUG net.thucydides.core.steps.StepInterceptor - STARTING STEP: GetSteps.receiveValidHttpResponse - I receive valid HTTP response code 200
10:33:49.385 [main] DEBUG net.thucydides.core.steps.StepInterceptor - STEP DONE: I receive valid HTTP response code 200
  &amp#27;[32mThen &amp#27;[0m&amp#27;[32mI receive valid HTTP response code 200&amp#27;[0m              &amp#27;[90m# starter.stepdefinitions.GetSteps.receiveValidHttpResponse()&amp#27;[0m
10:33:49.390 [main] DEBUG net.thucydides.core.steps.StepInterceptor - STARTING STEP: GetSteps.validateDataDetailPost - I receive valid data for detail post
10:33:49.930 [main] DEBUG net.thucydides.core.steps.StepInterceptor - STEP DONE: I receive valid data for detail post
  &amp#27;[32mAnd &amp#27;[0m&amp#27;[32mI receive valid data for detail post&amp#27;[0m                 &amp#27;[90m# starter.stepdefinitions.GetSteps.validateDataDetailPost()&amp#27;[0m
10:33:49.932 [main] INFO  - 
  _____   ___   ___   _____     ___     _     ___   ___   ___   ___  
 |_   _| | __| / __| |_   _|   | _ \   /_\   / __| / __| | __| |   \ 
   | |   | _|  \__ \   | |     |  _/  / _ \  \__ \ \__ \ | _|  | |) |
   |_|   |___| |___/   |_|     |_|   /_/ \_\ |___/ |___/ |___| |___/ 

GET - As admin I have be able to get detail post
----------------------------------------------------------------------
]]></system-out>
  </testcase>
  <testcase name="GET - As admin I haven&apos;t be able to get detail post" classname="User #2" time="0.69">
    <system-out><![CDATA[
Scenario: GET - As admin I haven't be able to get detail post &amp#27;[90m# src/test/resources/features/Get.feature:13&amp#27;[0m
10:33:49.940 [main] DEBUG io.cucumber.core.plugin.SerenityReporter - Running feature from file:///C:/Users/Bunayya%20Zulfikar/Documents/GitHub/QE_Refano-Saputra/10_RESTful_API_Testing_with_REST_Assured/praktikum/RESTful_API_Testing_with_REST_Assured/src/test/resources/features/Get.feature
10:33:49.944 [main] INFO  - 
  _____   ___   ___   _____     ___   _____     _     ___   _____   ___   ___  
 |_   _| | __| / __| |_   _|   / __| |_   _|   /_\   | _ \ |_   _| | __| |   \ 
   | |   | _|  \__ \   | |     \__ \   | |    / _ \  |   /   | |   | _|  | |) |
   |_|   |___| |___/   |_|     |___/   |_|   /_/ \_\ |_|_\   |_|   |___| |___/ 

GET - As admin I haven't be able to get detail post(user;get---as-admin-i-haven-t-be-able-to-get-detail-post)
--------------------------------------------------------------------------------
10:33:49.961 [main] DEBUG net.thucydides.core.steps.StepInterceptor - STARTING STEP: GetSteps.setGetTypoApiEndpoints - I set typo GET api endpoints
10:33:49.962 [main] DEBUG net.thucydides.core.steps.StepInterceptor - STEP DONE: I set typo GET api endpoints
  &amp#27;[32mGiven &amp#27;[0m&amp#27;[32mI set typo GET api endpoints&amp#27;[0m                          &amp#27;[90m# starter.stepdefinitions.GetSteps.setGetTypoApiEndpoints()&amp#27;[0m
10:33:49.969 [main] DEBUG net.thucydides.core.steps.StepInterceptor - STARTING STEP: GetSteps.setGetTypoHttpRequest - I send typo GET HTTP request
10:33:49.971 [main] DEBUG net.thucydides.core.steps.StepInterceptor - STARTING STEP: Get.setGetTypoHttpRequest - I set typo GET api endpoints
10:33:49.971 [main] DEBUG net.thucydides.core.steps.StepInterceptor - STEP DONE: I set typo GET api endpoints
10:33:49.984 [main] DEBUG org.apache.http.impl.conn.BasicClientConnectionManager - Get connection for route {s}->https://jsonplaceholder.typicode.com:443
10:33:49.985 [main] DEBUG org.apache.http.impl.conn.DefaultClientConnectionOperator - Connecting to jsonplaceholder.typicode.com:443
10:33:50.063 [main] DEBUG org.apache.http.client.protocol.RequestAddCookies - CookieSpec selected: ignoreCookies
10:33:50.063 [main] DEBUG org.apache.http.client.protocol.RequestAuthCache - Auth cache not set in the context
10:33:50.063 [main] DEBUG org.apache.http.client.protocol.RequestTargetAuthentication - Target auth state: UNCHALLENGED
10:33:50.063 [main] DEBUG org.apache.http.client.protocol.RequestProxyAuthentication - Proxy auth state: UNCHALLENGED
10:33:50.063 [main] DEBUG org.apache.http.impl.client.DefaultHttpClient - Attempt 1 to execute request
10:33:50.063 [main] DEBUG org.apache.http.impl.conn.DefaultClientConnection - Sending request: GET /post HTTP/1.1
10:33:50.063 [main] DEBUG org.apache.http.wire -  >> "GET /post HTTP/1.1[\r][\n]"
10:33:50.064 [main] DEBUG org.apache.http.wire -  >> "Accept: */*[\r][\n]"
10:33:50.064 [main] DEBUG org.apache.http.wire -  >> "Host: jsonplaceholder.typicode.com[\r][\n]"
10:33:50.064 [main] DEBUG org.apache.http.wire -  >> "Connection: Keep-Alive[\r][\n]"
10:33:50.064 [main] DEBUG org.apache.http.wire -  >> "User-Agent: Apache-HttpClient/4.5.13 (Java/19.0.2)[\r][\n]"
10:33:50.064 [main] DEBUG org.apache.http.wire -  >> "Accept-Encoding: gzip,deflate[\r][\n]"
10:33:50.064 [main] DEBUG org.apache.http.wire -  >> "[\r][\n]"
10:33:50.064 [main] DEBUG org.apache.http.headers - >> GET /post HTTP/1.1
10:33:50.064 [main] DEBUG org.apache.http.headers - >> Accept: */*
10:33:50.064 [main] DEBUG org.apache.http.headers - >> Host: jsonplaceholder.typicode.com
10:33:50.064 [main] DEBUG org.apache.http.headers - >> Connection: Keep-Alive
10:33:50.064 [main] DEBUG org.apache.http.headers - >> User-Agent: Apache-HttpClient/4.5.13 (Java/19.0.2)
10:33:50.064 [main] DEBUG org.apache.http.headers - >> Accept-Encoding: gzip,deflate
10:33:50.614 [main] DEBUG org.apache.http.wire -  << "HTTP/1.1 404 Not Found[\r][\n]"
10:33:50.614 [main] DEBUG org.apache.http.wire -  << "Date: Sun, 16 Apr 2023 03:33:49 GMT[\r][\n]"
10:33:50.614 [main] DEBUG org.apache.http.wire -  << "Content-Type: application/json; charset=utf-8[\r][\n]"
10:33:50.614 [main] DEBUG org.apache.http.wire -  << "Content-Length: 2[\r][\n]"
10:33:50.614 [main] DEBUG org.apache.http.wire -  << "Connection: keep-alive[\r][\n]"
10:33:50.614 [main] DEBUG org.apache.http.wire -  << "X-Powered-By: Express[\r][\n]"
10:33:50.614 [main] DEBUG org.apache.http.wire -  << "X-Ratelimit-Limit: 1000[\r][\n]"
10:33:50.614 [main] DEBUG org.apache.http.wire -  << "X-Ratelimit-Remaining: 999[\r][\n]"
10:33:50.614 [main] DEBUG org.apache.http.wire -  << "X-Ratelimit-Reset: 1681616074[\r][\n]"
10:33:50.615 [main] DEBUG org.apache.http.wire -  << "Vary: Origin, Accept-Encoding[\r][\n]"
10:33:50.615 [main] DEBUG org.apache.http.wire -  << "Access-Control-Allow-Credentials: true[\r][\n]"
10:33:50.615 [main] DEBUG org.apache.http.wire -  << "Cache-Control: max-age=43200[\r][\n]"
10:33:50.615 [main] DEBUG org.apache.http.wire -  << "Pragma: no-cache[\r][\n]"
10:33:50.615 [main] DEBUG org.apache.http.wire -  << "Expires: -1[\r][\n]"
10:33:50.615 [main] DEBUG org.apache.http.wire -  << "X-Content-Type-Options: nosniff[\r][\n]"
10:33:50.615 [main] DEBUG org.apache.http.wire -  << "Etag: W/"2-vyGp6PvFo4RvsFtPoIWeCReyIC8"[\r][\n]"
10:33:50.615 [main] DEBUG org.apache.http.wire -  << "Via: 1.1 vegur[\r][\n]"
10:33:50.615 [main] DEBUG org.apache.http.wire -  << "CF-Cache-Status: EXPIRED[\r][\n]"
10:33:50.615 [main] DEBUG org.apache.http.wire -  << "Report-To: {"endpoints":[{"url":"https:\/\/a.nel.cloudflare.com\/report\/v3?s=Gta2a%2FjqQdM62K%2BrmPttUP345rGGa6l%2FXvBmPhu99uuXcMaD%2Bene%2F6%2F3J9D5luvCm%2B%2B25%2BnI98KDGw7dCHSuMNYpFsTeYXqbaEEPp%2Fzz0jDHaeJJ6q95C9T60kfnL3Uyw17ehUq%2BcAMakqXJjDnH"}],"group":"cf-nel","max_age":604800}[\r][\n]"
10:33:50.615 [main] DEBUG org.apache.http.wire -  << "NEL: {"success_fraction":0,"report_to":"cf-nel","max_age":604800}[\r][\n]"
10:33:50.615 [main] DEBUG org.apache.http.wire -  << "Server: cloudflare[\r][\n]"
10:33:50.615 [main] DEBUG org.apache.http.wire -  << "CF-RAY: 7b895e776fd4898e-SIN[\r][\n]"
10:33:50.615 [main] DEBUG org.apache.http.wire -  << "alt-svc: h3=":443"; ma=86400, h3-29=":443"; ma=86400[\r][\n]"
10:33:50.615 [main] DEBUG org.apache.http.wire -  << "[\r][\n]"
10:33:50.615 [main] DEBUG org.apache.http.impl.conn.DefaultClientConnection - Receiving response: HTTP/1.1 404 Not Found
10:33:50.616 [main] DEBUG org.apache.http.headers - << HTTP/1.1 404 Not Found
10:33:50.616 [main] DEBUG org.apache.http.headers - << Date: Sun, 16 Apr 2023 03:33:49 GMT
10:33:50.616 [main] DEBUG org.apache.http.headers - << Content-Type: application/json; charset=utf-8
10:33:50.616 [main] DEBUG org.apache.http.headers - << Content-Length: 2
10:33:50.616 [main] DEBUG org.apache.http.headers - << Connection: keep-alive
10:33:50.616 [main] DEBUG org.apache.http.headers - << X-Powered-By: Express
10:33:50.616 [main] DEBUG org.apache.http.headers - << X-Ratelimit-Limit: 1000
10:33:50.616 [main] DEBUG org.apache.http.headers - << X-Ratelimit-Remaining: 999
10:33:50.616 [main] DEBUG org.apache.http.headers - << X-Ratelimit-Reset: 1681616074
10:33:50.616 [main] DEBUG org.apache.http.headers - << Vary: Origin, Accept-Encoding
10:33:50.616 [main] DEBUG org.apache.http.headers - << Access-Control-Allow-Credentials: true
10:33:50.616 [main] DEBUG org.apache.http.headers - << Cache-Control: max-age=43200
10:33:50.616 [main] DEBUG org.apache.http.headers - << Pragma: no-cache
10:33:50.616 [main] DEBUG org.apache.http.headers - << Expires: -1
10:33:50.616 [main] DEBUG org.apache.http.headers - << X-Content-Type-Options: nosniff
10:33:50.616 [main] DEBUG org.apache.http.headers - << Etag: W/"2-vyGp6PvFo4RvsFtPoIWeCReyIC8"
10:33:50.616 [main] DEBUG org.apache.http.headers - << Via: 1.1 vegur
10:33:50.616 [main] DEBUG org.apache.http.headers - << CF-Cache-Status: EXPIRED
10:33:50.616 [main] DEBUG org.apache.http.headers - << Report-To: {"endpoints":[{"url":"https:\/\/a.nel.cloudflare.com\/report\/v3?s=Gta2a%2FjqQdM62K%2BrmPttUP345rGGa6l%2FXvBmPhu99uuXcMaD%2Bene%2F6%2F3J9D5luvCm%2B%2B25%2BnI98KDGw7dCHSuMNYpFsTeYXqbaEEPp%2Fzz0jDHaeJJ6q95C9T60kfnL3Uyw17ehUq%2BcAMakqXJjDnH"}],"group":"cf-nel","max_age":604800}
10:33:50.616 [main] DEBUG org.apache.http.headers - << NEL: {"success_fraction":0,"report_to":"cf-nel","max_age":604800}
10:33:50.616 [main] DEBUG org.apache.http.headers - << Server: cloudflare
10:33:50.616 [main] DEBUG org.apache.http.headers - << CF-RAY: 7b895e776fd4898e-SIN
10:33:50.616 [main] DEBUG org.apache.http.headers - << alt-svc: h3=":443"; ma=86400, h3-29=":443"; ma=86400
10:33:50.616 [main] DEBUG org.apache.http.impl.client.DefaultHttpClient - Connection can be kept alive indefinitely
10:33:50.616 [main] DEBUG io.restassured.internal.RestAssuredHttpBuilder - Parsing response as: application/json; charset=utf-8
10:33:50.616 [main] DEBUG io.restassured.internal.RestAssuredHttpBuilder - Parsed data to instance of: class org.apache.http.conn.EofSensorInputStream
10:33:50.618 [main] DEBUG org.apache.http.wire -  << "{}"
10:33:50.618 [main] DEBUG org.apache.http.impl.conn.BasicClientConnectionManager - Releasing connection org.apache.http.impl.conn.ManagedClientConnectionImpl@16c9e378
10:33:50.618 [main] DEBUG org.apache.http.impl.conn.BasicClientConnectionManager - Connection can be kept alive indefinitely
10:33:50.618 [main] DEBUG net.thucydides.core.steps.StepInterceptor - STEP DONE: I send typo GET HTTP request
  &amp#27;[32mWhen &amp#27;[0m&amp#27;[32mI send typo GET HTTP request&amp#27;[0m                           &amp#27;[90m# starter.stepdefinitions.GetSteps.setGetTypoHttpRequest()&amp#27;[0m
10:33:50.621 [main] DEBUG net.thucydides.core.steps.StepInterceptor - STARTING STEP: GetSteps.receiveValidHttpResponse404 - I receive valid HTTP response code 404
10:33:50.622 [main] DEBUG net.thucydides.core.steps.StepInterceptor - STEP DONE: I receive valid HTTP response code 404
  &amp#27;[32mThen &amp#27;[0m&amp#27;[32mI receive valid HTTP response code 404&amp#27;[0m                 &amp#27;[90m# starter.stepdefinitions.GetSteps.receiveValidHttpResponse404()&amp#27;[0m
10:33:50.623 [main] INFO  - 
  _____   ___   ___   _____     ___     _     ___   ___   ___   ___  
 |_   _| | __| / __| |_   _|   | _ \   /_\   / __| / __| | __| |   \ 
   | |   | _|  \__ \   | |     |  _/  / _ \  \__ \ \__ \ | _|  | |) |
   |_|   |___| |___/   |_|     |_|   /_/ \_\ |___/ |___/ |___| |___/ 

GET - As admin I haven't be able to get detail post
----------------------------------------------------------------------
]]></system-out>
  </testcase>
  <testcase name="GET - As admin I have be able to get detail post by id" classname="User #2" time="0.201">
    <system-out><![CDATA[
Scenario: GET - As admin I have be able to get detail post by id &amp#27;[90m# src/test/resources/features/Get.feature:18&amp#27;[0m
10:33:50.629 [main] DEBUG io.cucumber.core.plugin.SerenityReporter - Running feature from file:///C:/Users/Bunayya%20Zulfikar/Documents/GitHub/QE_Refano-Saputra/10_RESTful_API_Testing_with_REST_Assured/praktikum/RESTful_API_Testing_with_REST_Assured/src/test/resources/features/Get.feature
10:33:50.632 [main] INFO  - 
  _____   ___   ___   _____     ___   _____     _     ___   _____   ___   ___  
 |_   _| | __| / __| |_   _|   / __| |_   _|   /_\   | _ \ |_   _| | __| |   \ 
   | |   | _|  \__ \   | |     \__ \   | |    / _ \  |   /   | |   | _|  | |) |
   |_|   |___| |___/   |_|     |___/   |_|   /_/ \_\ |_|_\   |_|   |___| |___/ 

GET - As admin I have be able to get detail post by id(user;get---as-admin-i-have-be-able-to-get-detail-post-by-id)
--------------------------------------------------------------------------------
10:33:50.644 [main] DEBUG net.thucydides.core.steps.StepInterceptor - STARTING STEP: GetSteps.setGetApiEndpointsById - I set GET api endpoints by id
10:33:50.644 [main] DEBUG net.thucydides.core.steps.StepInterceptor - STEP DONE: I set GET api endpoints by id
  &amp#27;[32mGiven &amp#27;[0m&amp#27;[32mI set GET api endpoints by id&amp#27;[0m                            &amp#27;[90m# starter.stepdefinitions.GetSteps.setGetApiEndpointsById()&amp#27;[0m
10:33:50.649 [main] DEBUG net.thucydides.core.steps.StepInterceptor - STARTING STEP: GetSteps.setGetHttpRequestById - I send GET HTTP request by id
10:33:50.651 [main] DEBUG net.thucydides.core.steps.StepInterceptor - STARTING STEP: Get.setGetHttpRequestById - I set GET api endpoints by id
10:33:50.651 [main] DEBUG net.thucydides.core.steps.StepInterceptor - STEP DONE: I set GET api endpoints by id
10:33:50.665 [main] DEBUG org.apache.http.impl.conn.BasicClientConnectionManager - Get connection for route {s}->https://jsonplaceholder.typicode.com:443
10:33:50.666 [main] DEBUG org.apache.http.impl.conn.DefaultClientConnectionOperator - Connecting to jsonplaceholder.typicode.com:443
10:33:50.736 [main] DEBUG org.apache.http.client.protocol.RequestAddCookies - CookieSpec selected: ignoreCookies
10:33:50.737 [main] DEBUG org.apache.http.client.protocol.RequestAuthCache - Auth cache not set in the context
10:33:50.737 [main] DEBUG org.apache.http.client.protocol.RequestTargetAuthentication - Target auth state: UNCHALLENGED
10:33:50.737 [main] DEBUG org.apache.http.client.protocol.RequestProxyAuthentication - Proxy auth state: UNCHALLENGED
10:33:50.737 [main] DEBUG org.apache.http.impl.client.DefaultHttpClient - Attempt 1 to execute request
10:33:50.737 [main] DEBUG org.apache.http.impl.conn.DefaultClientConnection - Sending request: GET /posts/1 HTTP/1.1
10:33:50.737 [main] DEBUG org.apache.http.wire -  >> "GET /posts/1 HTTP/1.1[\r][\n]"
10:33:50.737 [main] DEBUG org.apache.http.wire -  >> "Accept: */*[\r][\n]"
10:33:50.737 [main] DEBUG org.apache.http.wire -  >> "Host: jsonplaceholder.typicode.com[\r][\n]"
10:33:50.737 [main] DEBUG org.apache.http.wire -  >> "Connection: Keep-Alive[\r][\n]"
10:33:50.737 [main] DEBUG org.apache.http.wire -  >> "User-Agent: Apache-HttpClient/4.5.13 (Java/19.0.2)[\r][\n]"
10:33:50.737 [main] DEBUG org.apache.http.wire -  >> "Accept-Encoding: gzip,deflate[\r][\n]"
10:33:50.737 [main] DEBUG org.apache.http.wire -  >> "[\r][\n]"
10:33:50.737 [main] DEBUG org.apache.http.headers - >> GET /posts/1 HTTP/1.1
10:33:50.737 [main] DEBUG org.apache.http.headers - >> Accept: */*
10:33:50.737 [main] DEBUG org.apache.http.headers - >> Host: jsonplaceholder.typicode.com
10:33:50.737 [main] DEBUG org.apache.http.headers - >> Connection: Keep-Alive
10:33:50.737 [main] DEBUG org.apache.http.headers - >> User-Agent: Apache-HttpClient/4.5.13 (Java/19.0.2)
10:33:50.737 [main] DEBUG org.apache.http.headers - >> Accept-Encoding: gzip,deflate
10:33:50.776 [main] DEBUG org.apache.http.wire -  << "HTTP/1.1 200 OK[\r][\n]"
10:33:50.776 [main] DEBUG org.apache.http.wire -  << "Date: Sun, 16 Apr 2023 03:33:50 GMT[\r][\n]"
10:33:50.776 [main] DEBUG org.apache.http.wire -  << "Content-Type: application/json; charset=utf-8[\r][\n]"
10:33:50.777 [main] DEBUG org.apache.http.wire -  << "Transfer-Encoding: chunked[\r][\n]"
10:33:50.777 [main] DEBUG org.apache.http.wire -  << "Connection: keep-alive[\r][\n]"
10:33:50.777 [main] DEBUG org.apache.http.wire -  << "X-Powered-By: Express[\r][\n]"
10:33:50.777 [main] DEBUG org.apache.http.wire -  << "X-Ratelimit-Limit: 1000[\r][\n]"
10:33:50.777 [main] DEBUG org.apache.http.wire -  << "X-Ratelimit-Remaining: 998[\r][\n]"
10:33:50.777 [main] DEBUG org.apache.http.wire -  << "X-Ratelimit-Reset: 1678098076[\r][\n]"
10:33:50.777 [main] DEBUG org.apache.http.wire -  << "Vary: Origin, Accept-Encoding[\r][\n]"
10:33:50.777 [main] DEBUG org.apache.http.wire -  << "Access-Control-Allow-Credentials: true[\r][\n]"
10:33:50.777 [main] DEBUG org.apache.http.wire -  << "Cache-Control: max-age=43200[\r][\n]"
10:33:50.777 [main] DEBUG org.apache.http.wire -  << "Pragma: no-cache[\r][\n]"
10:33:50.777 [main] DEBUG org.apache.http.wire -  << "Expires: -1[\r][\n]"
10:33:50.777 [main] DEBUG org.apache.http.wire -  << "X-Content-Type-Options: nosniff[\r][\n]"
10:33:50.777 [main] DEBUG org.apache.http.wire -  << "Etag: W/"124-yiKdLzqO5gfBrJFrcdJ8Yq0LGnU"[\r][\n]"
10:33:50.777 [main] DEBUG org.apache.http.wire -  << "Via: 1.1 vegur[\r][\n]"
10:33:50.777 [main] DEBUG org.apache.http.wire -  << "CF-Cache-Status: HIT[\r][\n]"
10:33:50.777 [main] DEBUG org.apache.http.wire -  << "Age: 3141[\r][\n]"
10:33:50.777 [main] DEBUG org.apache.http.wire -  << "Report-To: {"endpoints":[{"url":"https:\/\/a.nel.cloudflare.com\/report\/v3?s=i8%2FJyrCz3FOwwcVxHEPoYlcBuBUKVKEZb8RnD3DWowJYtGdYuXpWiA3XbBZhIaFoBTTaMsS4R7MUu2RqI0X%2FhjH988TxH%2BZYsNqW9m681AnowtuyDPSwQa1icsA58I%2Fz2uJF%2BEjMzOd2qYZ1w82q"}],"group":"cf-nel","max_age":604800}[\r][\n]"
10:33:50.777 [main] DEBUG org.apache.http.wire -  << "NEL: {"success_fraction":0,"report_to":"cf-nel","max_age":604800}[\r][\n]"
10:33:50.777 [main] DEBUG org.apache.http.wire -  << "Server: cloudflare[\r][\n]"
10:33:50.777 [main] DEBUG org.apache.http.wire -  << "CF-RAY: 7b895e7bab904d57-SIN[\r][\n]"
10:33:50.777 [main] DEBUG org.apache.http.wire -  << "Content-Encoding: gzip[\r][\n]"
10:33:50.777 [main] DEBUG org.apache.http.wire -  << "alt-svc: h3=":443"; ma=86400, h3-29=":443"; ma=86400[\r][\n]"
10:33:50.777 [main] DEBUG org.apache.http.wire -  << "[\r][\n]"
10:33:50.777 [main] DEBUG org.apache.http.impl.conn.DefaultClientConnection - Receiving response: HTTP/1.1 200 OK
10:33:50.777 [main] DEBUG org.apache.http.headers - << HTTP/1.1 200 OK
10:33:50.777 [main] DEBUG org.apache.http.headers - << Date: Sun, 16 Apr 2023 03:33:50 GMT
10:33:50.777 [main] DEBUG org.apache.http.headers - << Content-Type: application/json; charset=utf-8
10:33:50.777 [main] DEBUG org.apache.http.headers - << Transfer-Encoding: chunked
10:33:50.777 [main] DEBUG org.apache.http.headers - << Connection: keep-alive
10:33:50.777 [main] DEBUG org.apache.http.headers - << X-Powered-By: Express
10:33:50.777 [main] DEBUG org.apache.http.headers - << X-Ratelimit-Limit: 1000
10:33:50.777 [main] DEBUG org.apache.http.headers - << X-Ratelimit-Remaining: 998
10:33:50.777 [main] DEBUG org.apache.http.headers - << X-Ratelimit-Reset: 1678098076
10:33:50.777 [main] DEBUG org.apache.http.headers - << Vary: Origin, Accept-Encoding
10:33:50.777 [main] DEBUG org.apache.http.headers - << Access-Control-Allow-Credentials: true
10:33:50.777 [main] DEBUG org.apache.http.headers - << Cache-Control: max-age=43200
10:33:50.777 [main] DEBUG org.apache.http.headers - << Pragma: no-cache
10:33:50.777 [main] DEBUG org.apache.http.headers - << Expires: -1
10:33:50.777 [main] DEBUG org.apache.http.headers - << X-Content-Type-Options: nosniff
10:33:50.777 [main] DEBUG org.apache.http.headers - << Etag: W/"124-yiKdLzqO5gfBrJFrcdJ8Yq0LGnU"
10:33:50.777 [main] DEBUG org.apache.http.headers - << Via: 1.1 vegur
10:33:50.777 [main] DEBUG org.apache.http.headers - << CF-Cache-Status: HIT
10:33:50.777 [main] DEBUG org.apache.http.headers - << Age: 3141
10:33:50.777 [main] DEBUG org.apache.http.headers - << Report-To: {"endpoints":[{"url":"https:\/\/a.nel.cloudflare.com\/report\/v3?s=i8%2FJyrCz3FOwwcVxHEPoYlcBuBUKVKEZb8RnD3DWowJYtGdYuXpWiA3XbBZhIaFoBTTaMsS4R7MUu2RqI0X%2FhjH988TxH%2BZYsNqW9m681AnowtuyDPSwQa1icsA58I%2Fz2uJF%2BEjMzOd2qYZ1w82q"}],"group":"cf-nel","max_age":604800}
10:33:50.777 [main] DEBUG org.apache.http.headers - << NEL: {"success_fraction":0,"report_to":"cf-nel","max_age":604800}
10:33:50.777 [main] DEBUG org.apache.http.headers - << Server: cloudflare
10:33:50.777 [main] DEBUG org.apache.http.headers - << CF-RAY: 7b895e7bab904d57-SIN
10:33:50.777 [main] DEBUG org.apache.http.headers - << Content-Encoding: gzip
10:33:50.777 [main] DEBUG org.apache.http.headers - << alt-svc: h3=":443"; ma=86400, h3-29=":443"; ma=86400
10:33:50.778 [main] DEBUG org.apache.http.impl.client.DefaultHttpClient - Connection can be kept alive indefinitely
10:33:50.778 [main] DEBUG io.restassured.internal.RestAssuredHttpBuilder - Parsing response as: application/json; charset=utf-8
10:33:50.778 [main] DEBUG org.apache.http.wire -  << "ca[\r][\n]"
10:33:50.778 [main] DEBUG org.apache.http.wire -  << "[0x1f][0x8b][0x8][0x0][0x0][0x0][0x0][0x0][0x0][0x3]U[0x8f]Kj[0x4]A[0xc]C[0xf7]s[\n]"
10:33:50.778 [main] DEBUG org.apache.http.wire -  << "Q[0xeb]l[0xb2][0x9d][0x1b][0xe4][0xe][0xbd]q\[\n]"
10:33:50.778 [main] DEBUG org.apache.http.wire -  << "c[0xe8][0xfa][0x8c][0xcb][0x1e]&[0x84][0xdc]=tC[0x8][0x1]#$[0x90][0x1f][0xe8][0xeb][0x2][0x94]\[0xf4][0xb7]Z[0xae]x}9[0xa2][0xfd][0xd9][0xb0][0xd8]Y[0xae](+{@2[0xf0]!J'[0x9c][0x93][0xfb].[0x81][0xe9][0xe3]a[0x95]=0T[0x85]*a[0xe0]S9#[0xdd]0f[0xd8]8[0xca][0xce][0x1b]{[0xa5][[0x94][0x13][0xfc]>[0xea][0xe7][0xc1][0xbd][0xa7][0x9][0x18]X[0xb9][0xd4][0xa6][0xc5][0xd6][0x1d][0x9c][0x9a]Kz[0x15]BG_[0xbc]g[0xf6]H[0x7][0x9f][0x93][0xd5][0xe2]|[0xd3]l[[0xff][0x87]G[0x1b];W[0x98][0x10][0x19][0xc7][0xdd]S[0x16]b[0x84][0xb4][0xad][0xf7][0xb1][0xc2][0xb3][0xc1]y([0xd7]9[0x89][\r][0xe7]:g[0x3][0x1f][0xec][0xc6][0x80][0xb8][0xde],[0xa8]1[0xca][0xe5][0xfb][0x7][0x15][0xc6][0x93][0xe8]$[0x1][0x0][0x0]"
10:33:50.778 [main] DEBUG org.apache.http.wire -  << "[\r][\n]"
10:33:50.778 [main] DEBUG org.apache.http.wire -  << "0[\r][\n]"
10:33:50.778 [main] DEBUG org.apache.http.wire -  << "[\r][\n]"
10:33:50.778 [main] DEBUG io.restassured.internal.RestAssuredHttpBuilder - Parsed data to instance of: class org.apache.http.conn.EofSensorInputStream
10:33:50.779 [main] DEBUG org.apache.http.impl.conn.BasicClientConnectionManager - Releasing connection org.apache.http.impl.conn.ManagedClientConnectionImpl@52e92f6
10:33:50.779 [main] DEBUG org.apache.http.impl.conn.BasicClientConnectionManager - Connection can be kept alive indefinitely
10:33:50.780 [main] DEBUG net.thucydides.core.steps.StepInterceptor - STEP DONE: I send GET HTTP request by id
  &amp#27;[32mWhen &amp#27;[0m&amp#27;[32mI send GET HTTP request by id&amp#27;[0m                             &amp#27;[90m# starter.stepdefinitions.GetSteps.setGetHttpRequestById()&amp#27;[0m
10:33:50.783 [main] DEBUG net.thucydides.core.steps.StepInterceptor - STARTING STEP: GetSteps.receiveValidHttpResponse - I receive valid HTTP response code 200
10:33:50.783 [main] DEBUG net.thucydides.core.steps.StepInterceptor - STEP DONE: I receive valid HTTP response code 200
  &amp#27;[32mThen &amp#27;[0m&amp#27;[32mI receive valid HTTP response code 200&amp#27;[0m                    &amp#27;[90m# starter.stepdefinitions.GetSteps.receiveValidHttpResponse()&amp#27;[0m
10:33:50.787 [main] DEBUG net.thucydides.core.steps.StepInterceptor - STARTING STEP: GetSteps.receiveValidDataForDetailPostById - I receive valid data for detail post by id
10:33:50.824 [main] DEBUG net.thucydides.core.steps.StepInterceptor - STEP DONE: I receive valid data for detail post by id
  &amp#27;[32mAnd &amp#27;[0m&amp#27;[32mI receive valid data for detail post by id&amp#27;[0m                 &amp#27;[90m# starter.stepdefinitions.GetSteps.receiveValidDataForDetailPostById()&amp#27;[0m
10:33:50.825 [main] INFO  - 
  _____   ___   ___   _____     ___     _     ___   ___   ___   ___  
 |_   _| | __| / __| |_   _|   | _ \   /_\   / __| / __| | __| |   \ 
   | |   | _|  \__ \   | |     |  _/  / _ \  \__ \ \__ \ | _|  | |) |
   |_|   |___| |___/   |_|     |_|   /_/ \_\ |___/ |___/ |___| |___/ 

GET - As admin I have be able to get detail post by id
----------------------------------------------------------------------
]]></system-out>
  </testcase>
  <testcase name="GET - As admin I haven&apos;t be able to get detail post by id" classname="User #2" time="0.707">
    <system-out><![CDATA[
Scenario: GET - As admin I haven't be able to get detail post by id &amp#27;[90m# src/test/resources/features/Get.feature:24&amp#27;[0m
10:33:50.831 [main] DEBUG io.cucumber.core.plugin.SerenityReporter - Running feature from file:///C:/Users/Bunayya%20Zulfikar/Documents/GitHub/QE_Refano-Saputra/10_RESTful_API_Testing_with_REST_Assured/praktikum/RESTful_API_Testing_with_REST_Assured/src/test/resources/features/Get.feature
10:33:50.834 [main] INFO  - 
  _____   ___   ___   _____     ___   _____     _     ___   _____   ___   ___  
 |_   _| | __| / __| |_   _|   / __| |_   _|   /_\   | _ \ |_   _| | __| |   \ 
   | |   | _|  \__ \   | |     \__ \   | |    / _ \  |   /   | |   | _|  | |) |
   |_|   |___| |___/   |_|     |___/   |_|   /_/ \_\ |_|_\   |_|   |___| |___/ 

GET - As admin I haven't be able to get detail post by id(user;get---as-admin-i-haven-t-be-able-to-get-detail-post-by-id)
--------------------------------------------------------------------------------
10:33:50.848 [main] DEBUG net.thucydides.core.steps.StepInterceptor - STARTING STEP: GetSteps.setGetTypoApiEndpointsById - I set typo GET api endpoints by id
10:33:50.848 [main] DEBUG net.thucydides.core.steps.StepInterceptor - STEP DONE: I set typo GET api endpoints by id
  &amp#27;[32mGiven &amp#27;[0m&amp#27;[32mI set typo GET api endpoints by id&amp#27;[0m                          &amp#27;[90m# starter.stepdefinitions.GetSteps.setGetTypoApiEndpointsById()&amp#27;[0m
10:33:50.854 [main] DEBUG net.thucydides.core.steps.StepInterceptor - STARTING STEP: GetSteps.setGetTypoHttpRequestById - I send typo GET HTTP request by id
10:33:50.856 [main] DEBUG net.thucydides.core.steps.StepInterceptor - STARTING STEP: Get.setGetTypoHttpRequestById - I set typo GET api endpoints by id
10:33:50.856 [main] DEBUG net.thucydides.core.steps.StepInterceptor - STEP DONE: I set typo GET api endpoints by id
10:33:50.873 [main] DEBUG org.apache.http.impl.conn.BasicClientConnectionManager - Get connection for route {s}->https://jsonplaceholder.typicode.com:443
10:33:50.873 [main] DEBUG org.apache.http.impl.conn.DefaultClientConnectionOperator - Connecting to jsonplaceholder.typicode.com:443
10:33:50.945 [main] DEBUG org.apache.http.client.protocol.RequestAddCookies - CookieSpec selected: ignoreCookies
10:33:50.946 [main] DEBUG org.apache.http.client.protocol.RequestAuthCache - Auth cache not set in the context
10:33:50.946 [main] DEBUG org.apache.http.client.protocol.RequestTargetAuthentication - Target auth state: UNCHALLENGED
10:33:50.946 [main] DEBUG org.apache.http.client.protocol.RequestProxyAuthentication - Proxy auth state: UNCHALLENGED
10:33:50.946 [main] DEBUG org.apache.http.impl.client.DefaultHttpClient - Attempt 1 to execute request
10:33:50.946 [main] DEBUG org.apache.http.impl.conn.DefaultClientConnection - Sending request: GET /post/%26%5E HTTP/1.1
10:33:50.946 [main] DEBUG org.apache.http.wire -  >> "GET /post/%26%5E HTTP/1.1[\r][\n]"
10:33:50.946 [main] DEBUG org.apache.http.wire -  >> "Accept: */*[\r][\n]"
10:33:50.946 [main] DEBUG org.apache.http.wire -  >> "Host: jsonplaceholder.typicode.com[\r][\n]"
10:33:50.946 [main] DEBUG org.apache.http.wire -  >> "Connection: Keep-Alive[\r][\n]"
10:33:50.946 [main] DEBUG org.apache.http.wire -  >> "User-Agent: Apache-HttpClient/4.5.13 (Java/19.0.2)[\r][\n]"
10:33:50.946 [main] DEBUG org.apache.http.wire -  >> "Accept-Encoding: gzip,deflate[\r][\n]"
10:33:50.946 [main] DEBUG org.apache.http.wire -  >> "[\r][\n]"
10:33:50.946 [main] DEBUG org.apache.http.headers - >> GET /post/%26%5E HTTP/1.1
10:33:50.946 [main] DEBUG org.apache.http.headers - >> Accept: */*
10:33:50.946 [main] DEBUG org.apache.http.headers - >> Host: jsonplaceholder.typicode.com
10:33:50.946 [main] DEBUG org.apache.http.headers - >> Connection: Keep-Alive
10:33:50.946 [main] DEBUG org.apache.http.headers - >> User-Agent: Apache-HttpClient/4.5.13 (Java/19.0.2)
10:33:50.946 [main] DEBUG org.apache.http.headers - >> Accept-Encoding: gzip,deflate
10:33:51.525 [main] DEBUG org.apache.http.wire -  << "HTTP/1.1 404 Not Found[\r][\n]"
10:33:51.525 [main] DEBUG org.apache.http.wire -  << "Date: Sun, 16 Apr 2023 03:33:50 GMT[\r][\n]"
10:33:51.525 [main] DEBUG org.apache.http.wire -  << "Content-Type: application/json; charset=utf-8[\r][\n]"
10:33:51.525 [main] DEBUG org.apache.http.wire -  << "Content-Length: 2[\r][\n]"
10:33:51.525 [main] DEBUG org.apache.http.wire -  << "Connection: keep-alive[\r][\n]"
10:33:51.525 [main] DEBUG org.apache.http.wire -  << "X-Powered-By: Express[\r][\n]"
10:33:51.525 [main] DEBUG org.apache.http.wire -  << "X-Ratelimit-Limit: 1000[\r][\n]"
10:33:51.525 [main] DEBUG org.apache.http.wire -  << "X-Ratelimit-Remaining: 998[\r][\n]"
10:33:51.525 [main] DEBUG org.apache.http.wire -  << "X-Ratelimit-Reset: 1681616074[\r][\n]"
10:33:51.525 [main] DEBUG org.apache.http.wire -  << "Vary: Origin, Accept-Encoding[\r][\n]"
10:33:51.525 [main] DEBUG org.apache.http.wire -  << "Access-Control-Allow-Credentials: true[\r][\n]"
10:33:51.525 [main] DEBUG org.apache.http.wire -  << "Cache-Control: max-age=43200[\r][\n]"
10:33:51.525 [main] DEBUG org.apache.http.wire -  << "Pragma: no-cache[\r][\n]"
10:33:51.525 [main] DEBUG org.apache.http.wire -  << "Expires: -1[\r][\n]"
10:33:51.525 [main] DEBUG org.apache.http.wire -  << "X-Content-Type-Options: nosniff[\r][\n]"
10:33:51.525 [main] DEBUG org.apache.http.wire -  << "Etag: W/"2-vyGp6PvFo4RvsFtPoIWeCReyIC8"[\r][\n]"
10:33:51.525 [main] DEBUG org.apache.http.wire -  << "Via: 1.1 vegur[\r][\n]"
10:33:51.525 [main] DEBUG org.apache.http.wire -  << "CF-Cache-Status: EXPIRED[\r][\n]"
10:33:51.526 [main] DEBUG org.apache.http.wire -  << "Report-To: {"endpoints":[{"url":"https:\/\/a.nel.cloudflare.com\/report\/v3?s=reNdVxj0C4r9GSlF3E7uyLMtUZNrozHMDoqHLpNyKsxZgnAdQL%2Bm%2F172Rq6rPTZdK6oB167Lpiv%2F0Y0cCT%2F594doCjC9hWBCvCwalYc4bsEkE1opdSvJp54ozuyRGxq8ahNAlFXsjlG3xvC%2B7io2"}],"group":"cf-nel","max_age":604800}[\r][\n]"
10:33:51.526 [main] DEBUG org.apache.http.wire -  << "NEL: {"success_fraction":0,"report_to":"cf-nel","max_age":604800}[\r][\n]"
10:33:51.526 [main] DEBUG org.apache.http.wire -  << "Server: cloudflare[\r][\n]"
10:33:51.526 [main] DEBUG org.apache.http.wire -  << "CF-RAY: 7b895e7cf9fb87cb-SIN[\r][\n]"
10:33:51.526 [main] DEBUG org.apache.http.wire -  << "alt-svc: h3=":443"; ma=86400, h3-29=":443"; ma=86400[\r][\n]"
10:33:51.526 [main] DEBUG org.apache.http.wire -  << "[\r][\n]"
10:33:51.526 [main] DEBUG org.apache.http.impl.conn.DefaultClientConnection - Receiving response: HTTP/1.1 404 Not Found
10:33:51.526 [main] DEBUG org.apache.http.headers - << HTTP/1.1 404 Not Found
10:33:51.526 [main] DEBUG org.apache.http.headers - << Date: Sun, 16 Apr 2023 03:33:50 GMT
10:33:51.526 [main] DEBUG org.apache.http.headers - << Content-Type: application/json; charset=utf-8
10:33:51.526 [main] DEBUG org.apache.http.headers - << Content-Length: 2
10:33:51.526 [main] DEBUG org.apache.http.headers - << Connection: keep-alive
10:33:51.526 [main] DEBUG org.apache.http.headers - << X-Powered-By: Express
10:33:51.526 [main] DEBUG org.apache.http.headers - << X-Ratelimit-Limit: 1000
10:33:51.526 [main] DEBUG org.apache.http.headers - << X-Ratelimit-Remaining: 998
10:33:51.526 [main] DEBUG org.apache.http.headers - << X-Ratelimit-Reset: 1681616074
10:33:51.526 [main] DEBUG org.apache.http.headers - << Vary: Origin, Accept-Encoding
10:33:51.526 [main] DEBUG org.apache.http.headers - << Access-Control-Allow-Credentials: true
10:33:51.526 [main] DEBUG org.apache.http.headers - << Cache-Control: max-age=43200
10:33:51.526 [main] DEBUG org.apache.http.headers - << Pragma: no-cache
10:33:51.526 [main] DEBUG org.apache.http.headers - << Expires: -1
10:33:51.526 [main] DEBUG org.apache.http.headers - << X-Content-Type-Options: nosniff
10:33:51.526 [main] DEBUG org.apache.http.headers - << Etag: W/"2-vyGp6PvFo4RvsFtPoIWeCReyIC8"
10:33:51.526 [main] DEBUG org.apache.http.headers - << Via: 1.1 vegur
10:33:51.526 [main] DEBUG org.apache.http.headers - << CF-Cache-Status: EXPIRED
10:33:51.526 [main] DEBUG org.apache.http.headers - << Report-To: {"endpoints":[{"url":"https:\/\/a.nel.cloudflare.com\/report\/v3?s=reNdVxj0C4r9GSlF3E7uyLMtUZNrozHMDoqHLpNyKsxZgnAdQL%2Bm%2F172Rq6rPTZdK6oB167Lpiv%2F0Y0cCT%2F594doCjC9hWBCvCwalYc4bsEkE1opdSvJp54ozuyRGxq8ahNAlFXsjlG3xvC%2B7io2"}],"group":"cf-nel","max_age":604800}
10:33:51.526 [main] DEBUG org.apache.http.headers - << NEL: {"success_fraction":0,"report_to":"cf-nel","max_age":604800}
10:33:51.526 [main] DEBUG org.apache.http.headers - << Server: cloudflare
10:33:51.526 [main] DEBUG org.apache.http.headers - << CF-RAY: 7b895e7cf9fb87cb-SIN
10:33:51.526 [main] DEBUG org.apache.http.headers - << alt-svc: h3=":443"; ma=86400, h3-29=":443"; ma=86400
10:33:51.526 [main] DEBUG org.apache.http.impl.client.DefaultHttpClient - Connection can be kept alive indefinitely
10:33:51.526 [main] DEBUG io.restassured.internal.RestAssuredHttpBuilder - Parsing response as: application/json; charset=utf-8
10:33:51.526 [main] DEBUG io.restassured.internal.RestAssuredHttpBuilder - Parsed data to instance of: class org.apache.http.conn.EofSensorInputStream
10:33:51.528 [main] DEBUG org.apache.http.wire -  << "{}"
10:33:51.528 [main] DEBUG org.apache.http.impl.conn.BasicClientConnectionManager - Releasing connection org.apache.http.impl.conn.ManagedClientConnectionImpl@65f470f8
10:33:51.528 [main] DEBUG org.apache.http.impl.conn.BasicClientConnectionManager - Connection can be kept alive indefinitely
10:33:51.528 [main] DEBUG net.thucydides.core.steps.StepInterceptor - STEP DONE: I send typo GET HTTP request by id
  &amp#27;[32mWhen &amp#27;[0m&amp#27;[32mI send typo GET HTTP request by id&amp#27;[0m                           &amp#27;[90m# starter.stepdefinitions.GetSteps.setGetTypoHttpRequestById()&amp#27;[0m
10:33:51.531 [main] DEBUG net.thucydides.core.steps.StepInterceptor - STARTING STEP: GetSteps.receiveValidHttpResponse404 - I receive valid HTTP response code 404
10:33:51.532 [main] DEBUG net.thucydides.core.steps.StepInterceptor - STEP DONE: I receive valid HTTP response code 404
  &amp#27;[32mThen &amp#27;[0m&amp#27;[32mI receive valid HTTP response code 404&amp#27;[0m                       &amp#27;[90m# starter.stepdefinitions.GetSteps.receiveValidHttpResponse404()&amp#27;[0m
10:33:51.533 [main] INFO  - 
  _____   ___   ___   _____     ___     _     ___   ___   ___   ___  
 |_   _| | __| / __| |_   _|   | _ \   /_\   / __| / __| | __| |   \ 
   | |   | _|  \__ \   | |     |  _/  / _ \  \__ \ \__ \ | _|  | |) |
   |_|   |___| |___/   |_|     |_|   /_/ \_\ |___/ |___/ |___| |___/ 

GET - As admin I haven't be able to get detail post by id
----------------------------------------------------------------------
]]></system-out>
  </testcase>
  <testcase name="POST - As admin I have be able to create new post" classname="User #3" time="0.767">
    <system-out><![CDATA[10:33:51.534 [main] DEBUG io.cucumber.core.plugin.SerenityReporter - Running feature from file:///C:/Users/Bunayya%20Zulfikar/Documents/GitHub/QE_Refano-Saputra/10_RESTful_API_Testing_with_REST_Assured/praktikum/RESTful_API_Testing_with_REST_Assured/src/test/resources/features/Post.feature
10:33:51.537 [main] DEBUG net.thucydides.core.steps.StepEventBus - Test suite started for story net.thucydides.core.model.Story@596c655d
10:33:51.538 [main] INFO  - Test Suite Started: User

Scenario: POST - As admin I have be able to create new post &amp#27;[90m# src/test/resources/features/Post.feature:7&amp#27;[0m
10:33:51.543 [main] DEBUG io.cucumber.core.plugin.SerenityReporter - Running feature from file:///C:/Users/Bunayya%20Zulfikar/Documents/GitHub/QE_Refano-Saputra/10_RESTful_API_Testing_with_REST_Assured/praktikum/RESTful_API_Testing_with_REST_Assured/src/test/resources/features/Post.feature
10:33:51.546 [main] INFO  - 
  _____   ___   ___   _____     ___   _____     _     ___   _____   ___   ___  
 |_   _| | __| / __| |_   _|   / __| |_   _|   /_\   | _ \ |_   _| | __| |   \ 
   | |   | _|  \__ \   | |     \__ \   | |    / _ \  |   /   | |   | _|  | |) |
   |_|   |___| |___/   |_|     |___/   |_|   /_/ \_\ |_|_\   |_|   |___| |___/ 

POST - As admin I have be able to create new post(user;post---as-admin-i-have-be-able-to-create-new-post)
--------------------------------------------------------------------------------
10:33:51.563 [main] DEBUG net.thucydides.core.steps.StepInterceptor - STARTING STEP: PostSteps.setPostApiEndpoints - I set POST api endpoints
10:33:51.564 [main] DEBUG net.thucydides.core.steps.StepInterceptor - STEP DONE: I set POST api endpoints
  &amp#27;[32mGiven &amp#27;[0m&amp#27;[32mI set POST api endpoints&amp#27;[0m                            &amp#27;[90m# starter.stepdefinitions.PostSteps.setPostApiEndpoints()&amp#27;[0m
10:33:51.569 [main] DEBUG net.thucydides.core.steps.StepInterceptor - STARTING STEP: PostSteps.sendPostHttpRequest - I send POST HTTP request
10:33:51.578 [main] DEBUG net.thucydides.core.steps.StepInterceptor - STARTING STEP: Post.sendPostHttpRequest - I set POST api endpoints
10:33:51.578 [main] DEBUG net.thucydides.core.steps.StepInterceptor - STEP DONE: I set POST api endpoints
10:33:51.612 [main] DEBUG org.apache.http.impl.conn.BasicClientConnectionManager - Get connection for route {s}->https://jsonplaceholder.typicode.com:443
10:33:51.612 [main] DEBUG org.apache.http.impl.conn.DefaultClientConnectionOperator - Connecting to jsonplaceholder.typicode.com:443
10:33:51.676 [main] DEBUG org.apache.http.client.protocol.RequestAddCookies - CookieSpec selected: ignoreCookies
10:33:51.676 [main] DEBUG org.apache.http.client.protocol.RequestAuthCache - Auth cache not set in the context
10:33:51.676 [main] DEBUG org.apache.http.client.protocol.RequestTargetAuthentication - Target auth state: UNCHALLENGED
10:33:51.676 [main] DEBUG org.apache.http.client.protocol.RequestProxyAuthentication - Proxy auth state: UNCHALLENGED
10:33:51.676 [main] DEBUG org.apache.http.impl.client.DefaultHttpClient - Attempt 1 to execute request
10:33:51.677 [main] DEBUG org.apache.http.impl.conn.DefaultClientConnection - Sending request: POST /posts HTTP/1.1
10:33:51.677 [main] DEBUG org.apache.http.wire -  >> "POST /posts HTTP/1.1[\r][\n]"
10:33:51.677 [main] DEBUG org.apache.http.wire -  >> "Accept: */*[\r][\n]"
10:33:51.677 [main] DEBUG org.apache.http.wire -  >> "Content-Type: application/json[\r][\n]"
10:33:51.677 [main] DEBUG org.apache.http.wire -  >> "Content-Length: 157[\r][\n]"
10:33:51.677 [main] DEBUG org.apache.http.wire -  >> "Host: jsonplaceholder.typicode.com[\r][\n]"
10:33:51.677 [main] DEBUG org.apache.http.wire -  >> "Connection: Keep-Alive[\r][\n]"
10:33:51.677 [main] DEBUG org.apache.http.wire -  >> "User-Agent: Apache-HttpClient/4.5.13 (Java/19.0.2)[\r][\n]"
10:33:51.677 [main] DEBUG org.apache.http.wire -  >> "Accept-Encoding: gzip,deflate[\r][\n]"
10:33:51.677 [main] DEBUG org.apache.http.wire -  >> "[\r][\n]"
10:33:51.677 [main] DEBUG org.apache.http.headers - >> POST /posts HTTP/1.1
10:33:51.677 [main] DEBUG org.apache.http.headers - >> Accept: */*
10:33:51.677 [main] DEBUG org.apache.http.headers - >> Content-Type: application/json
10:33:51.677 [main] DEBUG org.apache.http.headers - >> Content-Length: 157
10:33:51.677 [main] DEBUG org.apache.http.headers - >> Host: jsonplaceholder.typicode.com
10:33:51.677 [main] DEBUG org.apache.http.headers - >> Connection: Keep-Alive
10:33:51.677 [main] DEBUG org.apache.http.headers - >> User-Agent: Apache-HttpClient/4.5.13 (Java/19.0.2)
10:33:51.677 [main] DEBUG org.apache.http.headers - >> Accept-Encoding: gzip,deflate
10:33:51.678 [main] DEBUG org.apache.http.wire -  >> "{"id":101,"title":"marmut merah jambu","body":"pada suatu hari hiduplah seekor singa yang tampan dan rupawan dengan bangganya beliau makan sapi","userId":10}"
10:33:52.249 [main] DEBUG org.apache.http.wire -  << "HTTP/1.1 201 Created[\r][\n]"
10:33:52.249 [main] DEBUG org.apache.http.wire -  << "Date: Sun, 16 Apr 2023 03:33:51 GMT[\r][\n]"
10:33:52.249 [main] DEBUG org.apache.http.wire -  << "Content-Type: application/json; charset=utf-8[\r][\n]"
10:33:52.249 [main] DEBUG org.apache.http.wire -  << "Content-Length: 174[\r][\n]"
10:33:52.249 [main] DEBUG org.apache.http.wire -  << "Connection: keep-alive[\r][\n]"
10:33:52.249 [main] DEBUG org.apache.http.wire -  << "X-Powered-By: Express[\r][\n]"
10:33:52.249 [main] DEBUG org.apache.http.wire -  << "X-Ratelimit-Limit: 1000[\r][\n]"
10:33:52.249 [main] DEBUG org.apache.http.wire -  << "X-Ratelimit-Remaining: 997[\r][\n]"
10:33:52.249 [main] DEBUG org.apache.http.wire -  << "X-Ratelimit-Reset: 1681616074[\r][\n]"
10:33:52.249 [main] DEBUG org.apache.http.wire -  << "Vary: Origin, X-HTTP-Method-Override, Accept-Encoding[\r][\n]"
10:33:52.249 [main] DEBUG org.apache.http.wire -  << "Access-Control-Allow-Credentials: true[\r][\n]"
10:33:52.249 [main] DEBUG org.apache.http.wire -  << "Cache-Control: no-cache[\r][\n]"
10:33:52.249 [main] DEBUG org.apache.http.wire -  << "Pragma: no-cache[\r][\n]"
10:33:52.249 [main] DEBUG org.apache.http.wire -  << "Expires: -1[\r][\n]"
10:33:52.249 [main] DEBUG org.apache.http.wire -  << "Access-Control-Expose-Headers: Location[\r][\n]"
10:33:52.249 [main] DEBUG org.apache.http.wire -  << "Location: http://jsonplaceholder.typicode.com/posts/101[\r][\n]"
10:33:52.249 [main] DEBUG org.apache.http.wire -  << "X-Content-Type-Options: nosniff[\r][\n]"
10:33:52.249 [main] DEBUG org.apache.http.wire -  << "Etag: W/"ae-wIjopb5D99asyzP1rZJbPI4yECU"[\r][\n]"
10:33:52.249 [main] DEBUG org.apache.http.wire -  << "Via: 1.1 vegur[\r][\n]"
10:33:52.249 [main] DEBUG org.apache.http.wire -  << "CF-Cache-Status: DYNAMIC[\r][\n]"
10:33:52.249 [main] DEBUG org.apache.http.wire -  << "Report-To: {"endpoints":[{"url":"https:\/\/a.nel.cloudflare.com\/report\/v3?s=pkf25XVfVaVfZjjAX7M8OEAxvdmbN4UHmmWJrlINxaP%2Bmukpzs6AL0epFaH85wJYBkA45lNAzo8eJ7eN2ZeKDFso65c7uw30RYMV5ZD0NgZ2zESGJ7H8ZHuflqtPX5890wOG3kOpTTjuJnEK1dcv"}],"group":"cf-nel","max_age":604800}[\r][\n]"
10:33:52.249 [main] DEBUG org.apache.http.wire -  << "NEL: {"success_fraction":0,"report_to":"cf-nel","max_age":604800}[\r][\n]"
10:33:52.249 [main] DEBUG org.apache.http.wire -  << "Server: cloudflare[\r][\n]"
10:33:52.249 [main] DEBUG org.apache.http.wire -  << "CF-RAY: 7b895e818e8a3fa7-SIN[\r][\n]"
10:33:52.249 [main] DEBUG org.apache.http.wire -  << "alt-svc: h3=":443"; ma=86400, h3-29=":443"; ma=86400[\r][\n]"
10:33:52.249 [main] DEBUG org.apache.http.wire -  << "[\r][\n]"
10:33:52.249 [main] DEBUG org.apache.http.impl.conn.DefaultClientConnection - Receiving response: HTTP/1.1 201 Created
10:33:52.249 [main] DEBUG org.apache.http.headers - << HTTP/1.1 201 Created
10:33:52.249 [main] DEBUG org.apache.http.headers - << Date: Sun, 16 Apr 2023 03:33:51 GMT
10:33:52.249 [main] DEBUG org.apache.http.headers - << Content-Type: application/json; charset=utf-8
10:33:52.249 [main] DEBUG org.apache.http.headers - << Content-Length: 174
10:33:52.249 [main] DEBUG org.apache.http.headers - << Connection: keep-alive
10:33:52.249 [main] DEBUG org.apache.http.headers - << X-Powered-By: Express
10:33:52.249 [main] DEBUG org.apache.http.headers - << X-Ratelimit-Limit: 1000
10:33:52.249 [main] DEBUG org.apache.http.headers - << X-Ratelimit-Remaining: 997
10:33:52.249 [main] DEBUG org.apache.http.headers - << X-Ratelimit-Reset: 1681616074
10:33:52.249 [main] DEBUG org.apache.http.headers - << Vary: Origin, X-HTTP-Method-Override, Accept-Encoding
10:33:52.249 [main] DEBUG org.apache.http.headers - << Access-Control-Allow-Credentials: true
10:33:52.249 [main] DEBUG org.apache.http.headers - << Cache-Control: no-cache
10:33:52.249 [main] DEBUG org.apache.http.headers - << Pragma: no-cache
10:33:52.249 [main] DEBUG org.apache.http.headers - << Expires: -1
10:33:52.249 [main] DEBUG org.apache.http.headers - << Access-Control-Expose-Headers: Location
10:33:52.249 [main] DEBUG org.apache.http.headers - << Location: http://jsonplaceholder.typicode.com/posts/101
10:33:52.249 [main] DEBUG org.apache.http.headers - << X-Content-Type-Options: nosniff
10:33:52.249 [main] DEBUG org.apache.http.headers - << Etag: W/"ae-wIjopb5D99asyzP1rZJbPI4yECU"
10:33:52.249 [main] DEBUG org.apache.http.headers - << Via: 1.1 vegur
10:33:52.249 [main] DEBUG org.apache.http.headers - << CF-Cache-Status: DYNAMIC
10:33:52.249 [main] DEBUG org.apache.http.headers - << Report-To: {"endpoints":[{"url":"https:\/\/a.nel.cloudflare.com\/report\/v3?s=pkf25XVfVaVfZjjAX7M8OEAxvdmbN4UHmmWJrlINxaP%2Bmukpzs6AL0epFaH85wJYBkA45lNAzo8eJ7eN2ZeKDFso65c7uw30RYMV5ZD0NgZ2zESGJ7H8ZHuflqtPX5890wOG3kOpTTjuJnEK1dcv"}],"group":"cf-nel","max_age":604800}
10:33:52.249 [main] DEBUG org.apache.http.headers - << NEL: {"success_fraction":0,"report_to":"cf-nel","max_age":604800}
10:33:52.249 [main] DEBUG org.apache.http.headers - << Server: cloudflare
10:33:52.249 [main] DEBUG org.apache.http.headers - << CF-RAY: 7b895e818e8a3fa7-SIN
10:33:52.249 [main] DEBUG org.apache.http.headers - << alt-svc: h3=":443"; ma=86400, h3-29=":443"; ma=86400
10:33:52.249 [main] DEBUG org.apache.http.impl.client.DefaultHttpClient - Connection can be kept alive indefinitely
10:33:52.250 [main] DEBUG io.restassured.internal.RestAssuredHttpBuilder - Parsing response as: application/json; charset=utf-8
10:33:52.250 [main] DEBUG io.restassured.internal.RestAssuredHttpBuilder - Parsed data to instance of: class org.apache.http.conn.EofSensorInputStream
10:33:52.251 [main] DEBUG org.apache.http.wire -  << "{[\n]"
10:33:52.251 [main] DEBUG org.apache.http.wire -  << "  "id": 101,[\n]"
10:33:52.251 [main] DEBUG org.apache.http.wire -  << "  "title": "marmut merah jambu",[\n]"
10:33:52.251 [main] DEBUG org.apache.http.wire -  << "  "body": "pada suatu hari hiduplah seekor singa yang tampan dan rupawan dengan bangganya beliau makan sapi",[\n]"
10:33:52.251 [main] DEBUG org.apache.http.wire -  << "  "userId": 10[\n]"
10:33:52.251 [main] DEBUG org.apache.http.wire -  << "}"
10:33:52.251 [main] DEBUG org.apache.http.impl.conn.BasicClientConnectionManager - Releasing connection org.apache.http.impl.conn.ManagedClientConnectionImpl@53917c92
10:33:52.251 [main] DEBUG org.apache.http.impl.conn.BasicClientConnectionManager - Connection can be kept alive indefinitely
10:33:52.252 [main] DEBUG net.thucydides.core.steps.StepInterceptor - STEP DONE: I send POST HTTP request
  &amp#27;[32mWhen &amp#27;[0m&amp#27;[32mI send POST HTTP request&amp#27;[0m                             &amp#27;[90m# starter.stepdefinitions.PostSteps.sendPostHttpRequest()&amp#27;[0m
10:33:52.255 [main] DEBUG net.thucydides.core.steps.StepInterceptor - STARTING STEP: PostSteps.receiveValidHttp201 - I receive valid HTTP response code 201
10:33:52.256 [main] DEBUG net.thucydides.core.steps.StepInterceptor - STEP DONE: I receive valid HTTP response code 201
  &amp#27;[32mThen &amp#27;[0m&amp#27;[32mI receive valid HTTP response code 201&amp#27;[0m               &amp#27;[90m# starter.stepdefinitions.PostSteps.receiveValidHttp201()&amp#27;[0m
10:33:52.258 [main] DEBUG net.thucydides.core.steps.StepInterceptor - STARTING STEP: PostSteps.validateDatanewPost - I receive valid data for new post
10:33:52.304 [main] DEBUG net.thucydides.core.steps.StepInterceptor - STEP DONE: I receive valid data for new post
  &amp#27;[32mAnd &amp#27;[0m&amp#27;[32mI receive valid data for new post&amp#27;[0m                     &amp#27;[90m# starter.stepdefinitions.PostSteps.validateDatanewPost()&amp#27;[0m
10:33:52.306 [main] INFO  - 
  _____   ___   ___   _____     ___     _     ___   ___   ___   ___  
 |_   _| | __| / __| |_   _|   | _ \   /_\   / __| / __| | __| |   \ 
   | |   | _|  \__ \   | |     |  _/  / _ \  \__ \ \__ \ | _|  | |) |
   |_|   |___| |___/   |_|     |_|   /_/ \_\ |___/ |___/ |___| |___/ 

POST - As admin I have be able to create new post
----------------------------------------------------------------------
]]></system-out>
  </testcase>
  <testcase name="POST - As admin I haven&apos;t be able to create new post" classname="User #3" time="0.674">
    <system-out><![CDATA[
Scenario: POST - As admin I haven't be able to create new post &amp#27;[90m# src/test/resources/features/Post.feature:13&amp#27;[0m
10:33:52.310 [main] DEBUG io.cucumber.core.plugin.SerenityReporter - Running feature from file:///C:/Users/Bunayya%20Zulfikar/Documents/GitHub/QE_Refano-Saputra/10_RESTful_API_Testing_with_REST_Assured/praktikum/RESTful_API_Testing_with_REST_Assured/src/test/resources/features/Post.feature
10:33:52.313 [main] INFO  - 
  _____   ___   ___   _____     ___   _____     _     ___   _____   ___   ___  
 |_   _| | __| / __| |_   _|   / __| |_   _|   /_\   | _ \ |_   _| | __| |   \ 
   | |   | _|  \__ \   | |     \__ \   | |    / _ \  |   /   | |   | _|  | |) |
   |_|   |___| |___/   |_|     |___/   |_|   /_/ \_\ |_|_\   |_|   |___| |___/ 

POST - As admin I haven't be able to create new post(user;post---as-admin-i-haven-t-be-able-to-create-new-post)
--------------------------------------------------------------------------------
10:33:52.326 [main] DEBUG net.thucydides.core.steps.StepInterceptor - STARTING STEP: PostSteps.setTypoPostApiEndpoints - I set typo POST api endpoints
10:33:52.326 [main] DEBUG net.thucydides.core.steps.StepInterceptor - STEP DONE: I set typo POST api endpoints
  &amp#27;[32mGiven &amp#27;[0m&amp#27;[32mI set typo POST api endpoints&amp#27;[0m                          &amp#27;[90m# starter.stepdefinitions.PostSteps.setTypoPostApiEndpoints()&amp#27;[0m
10:33:52.330 [main] DEBUG net.thucydides.core.steps.StepInterceptor - STARTING STEP: PostSteps.sendTypoPostHttpRequest - I send typo POST HTTP request
10:33:52.332 [main] DEBUG net.thucydides.core.steps.StepInterceptor - STARTING STEP: Post.sendTypoPostHttpRequest - I set POST api endpoints
10:33:52.332 [main] DEBUG net.thucydides.core.steps.StepInterceptor - STEP DONE: I set POST api endpoints
10:33:52.345 [main] DEBUG org.apache.http.impl.conn.BasicClientConnectionManager - Get connection for route {s}->https://jsonplaceholder.typicode.com:443
10:33:52.345 [main] DEBUG org.apache.http.impl.conn.DefaultClientConnectionOperator - Connecting to jsonplaceholder.typicode.com:443
10:33:52.410 [main] DEBUG org.apache.http.client.protocol.RequestAddCookies - CookieSpec selected: ignoreCookies
10:33:52.410 [main] DEBUG org.apache.http.client.protocol.RequestAuthCache - Auth cache not set in the context
10:33:52.410 [main] DEBUG org.apache.http.client.protocol.RequestTargetAuthentication - Target auth state: UNCHALLENGED
10:33:52.410 [main] DEBUG org.apache.http.client.protocol.RequestProxyAuthentication - Proxy auth state: UNCHALLENGED
10:33:52.410 [main] DEBUG org.apache.http.impl.client.DefaultHttpClient - Attempt 1 to execute request
10:33:52.410 [main] DEBUG org.apache.http.impl.conn.DefaultClientConnection - Sending request: POST /posts HTTP/1.1
10:33:52.410 [main] DEBUG org.apache.http.wire -  >> "POST /posts HTTP/1.1[\r][\n]"
10:33:52.410 [main] DEBUG org.apache.http.wire -  >> "Accept: */*[\r][\n]"
10:33:52.410 [main] DEBUG org.apache.http.wire -  >> "Content-Type: application/json[\r][\n]"
10:33:52.410 [main] DEBUG org.apache.http.wire -  >> "Content-Length: 74[\r][\n]"
10:33:52.410 [main] DEBUG org.apache.http.wire -  >> "Host: jsonplaceholder.typicode.com[\r][\n]"
10:33:52.410 [main] DEBUG org.apache.http.wire -  >> "Connection: Keep-Alive[\r][\n]"
10:33:52.410 [main] DEBUG org.apache.http.wire -  >> "User-Agent: Apache-HttpClient/4.5.13 (Java/19.0.2)[\r][\n]"
10:33:52.410 [main] DEBUG org.apache.http.wire -  >> "Accept-Encoding: gzip,deflate[\r][\n]"
10:33:52.410 [main] DEBUG org.apache.http.wire -  >> "[\r][\n]"
10:33:52.410 [main] DEBUG org.apache.http.headers - >> POST /posts HTTP/1.1
10:33:52.410 [main] DEBUG org.apache.http.headers - >> Accept: */*
10:33:52.410 [main] DEBUG org.apache.http.headers - >> Content-Type: application/json
10:33:52.410 [main] DEBUG org.apache.http.headers - >> Content-Length: 74
10:33:52.410 [main] DEBUG org.apache.http.headers - >> Host: jsonplaceholder.typicode.com
10:33:52.410 [main] DEBUG org.apache.http.headers - >> Connection: Keep-Alive
10:33:52.410 [main] DEBUG org.apache.http.headers - >> User-Agent: Apache-HttpClient/4.5.13 (Java/19.0.2)
10:33:52.410 [main] DEBUG org.apache.http.headers - >> Accept-Encoding: gzip,deflate
10:33:52.410 [main] DEBUG org.apache.http.wire -  >> "{"id":10986,"title":"ADASDASDASDas","body":"SADASDASDASDASDAS","userId":8}"
10:33:52.974 [main] DEBUG org.apache.http.wire -  << "HTTP/1.1 201 Created[\r][\n]"
10:33:52.974 [main] DEBUG org.apache.http.wire -  << "Date: Sun, 16 Apr 2023 03:33:52 GMT[\r][\n]"
10:33:52.974 [main] DEBUG org.apache.http.wire -  << "Content-Type: application/json; charset=utf-8[\r][\n]"
10:33:52.974 [main] DEBUG org.apache.http.wire -  << "Content-Length: 89[\r][\n]"
10:33:52.974 [main] DEBUG org.apache.http.wire -  << "Connection: keep-alive[\r][\n]"
10:33:52.974 [main] DEBUG org.apache.http.wire -  << "X-Powered-By: Express[\r][\n]"
10:33:52.974 [main] DEBUG org.apache.http.wire -  << "X-Ratelimit-Limit: 1000[\r][\n]"
10:33:52.974 [main] DEBUG org.apache.http.wire -  << "X-Ratelimit-Remaining: 996[\r][\n]"
10:33:52.974 [main] DEBUG org.apache.http.wire -  << "X-Ratelimit-Reset: 1681616074[\r][\n]"
10:33:52.974 [main] DEBUG org.apache.http.wire -  << "Vary: Origin, X-HTTP-Method-Override, Accept-Encoding[\r][\n]"
10:33:52.974 [main] DEBUG org.apache.http.wire -  << "Access-Control-Allow-Credentials: true[\r][\n]"
10:33:52.974 [main] DEBUG org.apache.http.wire -  << "Cache-Control: no-cache[\r][\n]"
10:33:52.974 [main] DEBUG org.apache.http.wire -  << "Pragma: no-cache[\r][\n]"
10:33:52.974 [main] DEBUG org.apache.http.wire -  << "Expires: -1[\r][\n]"
10:33:52.974 [main] DEBUG org.apache.http.wire -  << "Access-Control-Expose-Headers: Location[\r][\n]"
10:33:52.974 [main] DEBUG org.apache.http.wire -  << "Location: http://jsonplaceholder.typicode.com/posts/101[\r][\n]"
10:33:52.974 [main] DEBUG org.apache.http.wire -  << "X-Content-Type-Options: nosniff[\r][\n]"
10:33:52.974 [main] DEBUG org.apache.http.wire -  << "Etag: W/"59-mLJ7eTsb1G9ok1rkTAJJ75YKYks"[\r][\n]"
10:33:52.974 [main] DEBUG org.apache.http.wire -  << "Via: 1.1 vegur[\r][\n]"
10:33:52.974 [main] DEBUG org.apache.http.wire -  << "CF-Cache-Status: DYNAMIC[\r][\n]"
10:33:52.974 [main] DEBUG org.apache.http.wire -  << "Report-To: {"endpoints":[{"url":"https:\/\/a.nel.cloudflare.com\/report\/v3?s=3IEAYnj8nHArCxV0jLueCy3dC7xDGp00KaP3Hw5RbGQZQ%2FC3z6OobXnioeaET5H2eFZcfCLfF5vdjG0Nv5WOc6ayAkJkZVlbzUN1Ys05VR1hlWcsWrsUp0GkYR3K9OuKjWyCCb4hgse8GbazajWi"}],"group":"cf-nel","max_age":604800}[\r][\n]"
10:33:52.974 [main] DEBUG org.apache.http.wire -  << "NEL: {"success_fraction":0,"report_to":"cf-nel","max_age":604800}[\r][\n]"
10:33:52.974 [main] DEBUG org.apache.http.wire -  << "Server: cloudflare[\r][\n]"
10:33:52.974 [main] DEBUG org.apache.http.wire -  << "CF-RAY: 7b895e861997885b-SIN[\r][\n]"
10:33:52.974 [main] DEBUG org.apache.http.wire -  << "alt-svc: h3=":443"; ma=86400, h3-29=":443"; ma=86400[\r][\n]"
10:33:52.974 [main] DEBUG org.apache.http.wire -  << "[\r][\n]"
10:33:52.975 [main] DEBUG org.apache.http.impl.conn.DefaultClientConnection - Receiving response: HTTP/1.1 201 Created
10:33:52.975 [main] DEBUG org.apache.http.headers - << HTTP/1.1 201 Created
10:33:52.975 [main] DEBUG org.apache.http.headers - << Date: Sun, 16 Apr 2023 03:33:52 GMT
10:33:52.975 [main] DEBUG org.apache.http.headers - << Content-Type: application/json; charset=utf-8
10:33:52.975 [main] DEBUG org.apache.http.headers - << Content-Length: 89
10:33:52.975 [main] DEBUG org.apache.http.headers - << Connection: keep-alive
10:33:52.975 [main] DEBUG org.apache.http.headers - << X-Powered-By: Express
10:33:52.975 [main] DEBUG org.apache.http.headers - << X-Ratelimit-Limit: 1000
10:33:52.975 [main] DEBUG org.apache.http.headers - << X-Ratelimit-Remaining: 996
10:33:52.975 [main] DEBUG org.apache.http.headers - << X-Ratelimit-Reset: 1681616074
10:33:52.975 [main] DEBUG org.apache.http.headers - << Vary: Origin, X-HTTP-Method-Override, Accept-Encoding
10:33:52.975 [main] DEBUG org.apache.http.headers - << Access-Control-Allow-Credentials: true
10:33:52.975 [main] DEBUG org.apache.http.headers - << Cache-Control: no-cache
10:33:52.975 [main] DEBUG org.apache.http.headers - << Pragma: no-cache
10:33:52.975 [main] DEBUG org.apache.http.headers - << Expires: -1
10:33:52.975 [main] DEBUG org.apache.http.headers - << Access-Control-Expose-Headers: Location
10:33:52.975 [main] DEBUG org.apache.http.headers - << Location: http://jsonplaceholder.typicode.com/posts/101
10:33:52.975 [main] DEBUG org.apache.http.headers - << X-Content-Type-Options: nosniff
10:33:52.975 [main] DEBUG org.apache.http.headers - << Etag: W/"59-mLJ7eTsb1G9ok1rkTAJJ75YKYks"
10:33:52.975 [main] DEBUG org.apache.http.headers - << Via: 1.1 vegur
10:33:52.975 [main] DEBUG org.apache.http.headers - << CF-Cache-Status: DYNAMIC
10:33:52.975 [main] DEBUG org.apache.http.headers - << Report-To: {"endpoints":[{"url":"https:\/\/a.nel.cloudflare.com\/report\/v3?s=3IEAYnj8nHArCxV0jLueCy3dC7xDGp00KaP3Hw5RbGQZQ%2FC3z6OobXnioeaET5H2eFZcfCLfF5vdjG0Nv5WOc6ayAkJkZVlbzUN1Ys05VR1hlWcsWrsUp0GkYR3K9OuKjWyCCb4hgse8GbazajWi"}],"group":"cf-nel","max_age":604800}
10:33:52.975 [main] DEBUG org.apache.http.headers - << NEL: {"success_fraction":0,"report_to":"cf-nel","max_age":604800}
10:33:52.975 [main] DEBUG org.apache.http.headers - << Server: cloudflare
10:33:52.975 [main] DEBUG org.apache.http.headers - << CF-RAY: 7b895e861997885b-SIN
10:33:52.975 [main] DEBUG org.apache.http.headers - << alt-svc: h3=":443"; ma=86400, h3-29=":443"; ma=86400
10:33:52.975 [main] DEBUG org.apache.http.impl.client.DefaultHttpClient - Connection can be kept alive indefinitely
10:33:52.975 [main] DEBUG io.restassured.internal.RestAssuredHttpBuilder - Parsing response as: application/json; charset=utf-8
10:33:52.975 [main] DEBUG io.restassured.internal.RestAssuredHttpBuilder - Parsed data to instance of: class org.apache.http.conn.EofSensorInputStream
10:33:52.976 [main] DEBUG org.apache.http.wire -  << "{[\n]"
10:33:52.976 [main] DEBUG org.apache.http.wire -  << "  "id": 101,[\n]"
10:33:52.976 [main] DEBUG org.apache.http.wire -  << "  "title": "ADASDASDASDas",[\n]"
10:33:52.976 [main] DEBUG org.apache.http.wire -  << "  "body": "SADASDASDASDASDAS",[\n]"
10:33:52.976 [main] DEBUG org.apache.http.wire -  << "  "userId": 8[\n]"
10:33:52.976 [main] DEBUG org.apache.http.wire -  << "}"
10:33:52.976 [main] DEBUG org.apache.http.impl.conn.BasicClientConnectionManager - Releasing connection org.apache.http.impl.conn.ManagedClientConnectionImpl@3794b7b1
10:33:52.976 [main] DEBUG org.apache.http.impl.conn.BasicClientConnectionManager - Connection can be kept alive indefinitely
10:33:52.976 [main] DEBUG net.thucydides.core.steps.StepInterceptor - STEP DONE: I send typo POST HTTP request
  &amp#27;[32mWhen &amp#27;[0m&amp#27;[32mI send typo POST HTTP request&amp#27;[0m                           &amp#27;[90m# starter.stepdefinitions.PostSteps.sendTypoPostHttpRequest()&amp#27;[0m
10:33:52.978 [main] DEBUG net.thucydides.core.steps.StepInterceptor - STARTING STEP: PostSteps.receiveValidHttp201 - I receive valid HTTP response code 201
10:33:52.979 [main] DEBUG net.thucydides.core.steps.StepInterceptor - STEP DONE: I receive valid HTTP response code 201
  &amp#27;[32mThen &amp#27;[0m&amp#27;[32mI receive valid HTTP response code 201&amp#27;[0m                  &amp#27;[90m# starter.stepdefinitions.PostSteps.receiveValidHttp201()&amp#27;[0m
10:33:52.980 [main] INFO  - 
  _____   ___   ___   _____     ___     _     ___   ___   ___   ___  
 |_   _| | __| / __| |_   _|   | _ \   /_\   / __| / __| | __| |   \ 
   | |   | _|  \__ \   | |     |  _/  / _ \  \__ \ \__ \ | _|  | |) |
   |_|   |___| |___/   |_|     |_|   /_/ \_\ |___/ |___/ |___| |___/ 

POST - As admin I haven't be able to create new post
----------------------------------------------------------------------
]]></system-out>
  </testcase>
  <testcase name="PUT - As admin I have be able to update existing post" classname="User #4" time="0.704">
    <system-out><![CDATA[10:33:52.981 [main] DEBUG io.cucumber.core.plugin.SerenityReporter - Running feature from file:///C:/Users/Bunayya%20Zulfikar/Documents/GitHub/QE_Refano-Saputra/10_RESTful_API_Testing_with_REST_Assured/praktikum/RESTful_API_Testing_with_REST_Assured/src/test/resources/features/Put.feature
10:33:52.982 [main] DEBUG net.thucydides.core.steps.StepEventBus - Test suite started for story net.thucydides.core.model.Story@d2c9f48c
10:33:52.983 [main] INFO  - Test Suite Started: User

Scenario: PUT - As admin I have be able to update existing post &amp#27;[90m# src/test/resources/features/Put.feature:7&amp#27;[0m
10:33:52.987 [main] DEBUG io.cucumber.core.plugin.SerenityReporter - Running feature from file:///C:/Users/Bunayya%20Zulfikar/Documents/GitHub/QE_Refano-Saputra/10_RESTful_API_Testing_with_REST_Assured/praktikum/RESTful_API_Testing_with_REST_Assured/src/test/resources/features/Put.feature
10:33:52.989 [main] INFO  - 
  _____   ___   ___   _____     ___   _____     _     ___   _____   ___   ___  
 |_   _| | __| / __| |_   _|   / __| |_   _|   /_\   | _ \ |_   _| | __| |   \ 
   | |   | _|  \__ \   | |     \__ \   | |    / _ \  |   /   | |   | _|  | |) |
   |_|   |___| |___/   |_|     |___/   |_|   /_/ \_\ |_|_\   |_|   |___| |___/ 

PUT - As admin I have be able to update existing post(user;put---as-admin-i-have-be-able-to-update-existing-post)
--------------------------------------------------------------------------------
10:33:53.006 [main] DEBUG net.thucydides.core.steps.StepInterceptor - STARTING STEP: PutSteps.setPutApiEndpoints - I set PUT api endpoints
10:33:53.007 [main] DEBUG net.thucydides.core.steps.StepInterceptor - STEP DONE: I set PUT api endpoints
  &amp#27;[32mGiven &amp#27;[0m&amp#27;[32mI set PUT api endpoints&amp#27;[0m                                 &amp#27;[90m# starter.stepdefinitions.PutSteps.setPutApiEndpoints()&amp#27;[0m
10:33:53.012 [main] DEBUG net.thucydides.core.steps.StepInterceptor - STARTING STEP: PutSteps.sendPutHttpRequest - I send PUT HTTP request
10:33:53.014 [main] DEBUG net.thucydides.core.steps.StepInterceptor - STARTING STEP: Put.sendPutHttpRequest - I set PUT api endpoints
10:33:53.014 [main] DEBUG net.thucydides.core.steps.StepInterceptor - STEP DONE: I set PUT api endpoints
10:33:53.033 [main] DEBUG org.apache.http.impl.conn.BasicClientConnectionManager - Get connection for route {s}->https://jsonplaceholder.typicode.com:443
10:33:53.033 [main] DEBUG org.apache.http.impl.conn.DefaultClientConnectionOperator - Connecting to jsonplaceholder.typicode.com:443
10:33:53.099 [main] DEBUG org.apache.http.client.protocol.RequestAddCookies - CookieSpec selected: ignoreCookies
10:33:53.099 [main] DEBUG org.apache.http.client.protocol.RequestAuthCache - Auth cache not set in the context
10:33:53.099 [main] DEBUG org.apache.http.client.protocol.RequestTargetAuthentication - Target auth state: UNCHALLENGED
10:33:53.099 [main] DEBUG org.apache.http.client.protocol.RequestProxyAuthentication - Proxy auth state: UNCHALLENGED
10:33:53.099 [main] DEBUG org.apache.http.impl.client.DefaultHttpClient - Attempt 1 to execute request
10:33:53.099 [main] DEBUG org.apache.http.impl.conn.DefaultClientConnection - Sending request: PUT /posts/1 HTTP/1.1
10:33:53.099 [main] DEBUG org.apache.http.wire -  >> "PUT /posts/1 HTTP/1.1[\r][\n]"
10:33:53.099 [main] DEBUG org.apache.http.wire -  >> "Accept: */*[\r][\n]"
10:33:53.099 [main] DEBUG org.apache.http.wire -  >> "Content-Type: application/json[\r][\n]"
10:33:53.099 [main] DEBUG org.apache.http.wire -  >> "Content-Length: 109[\r][\n]"
10:33:53.099 [main] DEBUG org.apache.http.wire -  >> "Host: jsonplaceholder.typicode.com[\r][\n]"
10:33:53.099 [main] DEBUG org.apache.http.wire -  >> "Connection: Keep-Alive[\r][\n]"
10:33:53.099 [main] DEBUG org.apache.http.wire -  >> "User-Agent: Apache-HttpClient/4.5.13 (Java/19.0.2)[\r][\n]"
10:33:53.099 [main] DEBUG org.apache.http.wire -  >> "Accept-Encoding: gzip,deflate[\r][\n]"
10:33:53.099 [main] DEBUG org.apache.http.wire -  >> "[\r][\n]"
10:33:53.099 [main] DEBUG org.apache.http.headers - >> PUT /posts/1 HTTP/1.1
10:33:53.099 [main] DEBUG org.apache.http.headers - >> Accept: */*
10:33:53.099 [main] DEBUG org.apache.http.headers - >> Content-Type: application/json
10:33:53.099 [main] DEBUG org.apache.http.headers - >> Content-Length: 109
10:33:53.099 [main] DEBUG org.apache.http.headers - >> Host: jsonplaceholder.typicode.com
10:33:53.099 [main] DEBUG org.apache.http.headers - >> Connection: Keep-Alive
10:33:53.099 [main] DEBUG org.apache.http.headers - >> User-Agent: Apache-HttpClient/4.5.13 (Java/19.0.2)
10:33:53.099 [main] DEBUG org.apache.http.headers - >> Accept-Encoding: gzip,deflate
10:33:53.099 [main] DEBUG org.apache.http.wire -  >> "{"body":"pada suatu hari hiduplah seekor singa yang tampan dan rupawan dengan bangganya beliau makan kerbau"}"
10:33:53.666 [main] DEBUG org.apache.http.wire -  << "HTTP/1.1 200 OK[\r][\n]"
10:33:53.666 [main] DEBUG org.apache.http.wire -  << "Date: Sun, 16 Apr 2023 03:33:52 GMT[\r][\n]"
10:33:53.666 [main] DEBUG org.apache.http.wire -  << "Content-Type: application/json; charset=utf-8[\r][\n]"
10:33:53.666 [main] DEBUG org.apache.http.wire -  << "Transfer-Encoding: chunked[\r][\n]"
10:33:53.666 [main] DEBUG org.apache.http.wire -  << "Connection: keep-alive[\r][\n]"
10:33:53.666 [main] DEBUG org.apache.http.wire -  << "X-Powered-By: Express[\r][\n]"
10:33:53.666 [main] DEBUG org.apache.http.wire -  << "X-Ratelimit-Limit: 1000[\r][\n]"
10:33:53.666 [main] DEBUG org.apache.http.wire -  << "X-Ratelimit-Remaining: 995[\r][\n]"
10:33:53.666 [main] DEBUG org.apache.http.wire -  << "X-Ratelimit-Reset: 1681616074[\r][\n]"
10:33:53.666 [main] DEBUG org.apache.http.wire -  << "Vary: Origin, Accept-Encoding[\r][\n]"
10:33:53.666 [main] DEBUG org.apache.http.wire -  << "Access-Control-Allow-Credentials: true[\r][\n]"
10:33:53.666 [main] DEBUG org.apache.http.wire -  << "Cache-Control: no-cache[\r][\n]"
10:33:53.666 [main] DEBUG org.apache.http.wire -  << "Pragma: no-cache[\r][\n]"
10:33:53.666 [main] DEBUG org.apache.http.wire -  << "Expires: -1[\r][\n]"
10:33:53.666 [main] DEBUG org.apache.http.wire -  << "X-Content-Type-Options: nosniff[\r][\n]"
10:33:53.666 [main] DEBUG org.apache.http.wire -  << "Etag: W/"7d-3JJSR3p6PRidQAAs/vsMRXklq64"[\r][\n]"
10:33:53.666 [main] DEBUG org.apache.http.wire -  << "Via: 1.1 vegur[\r][\n]"
10:33:53.666 [main] DEBUG org.apache.http.wire -  << "CF-Cache-Status: DYNAMIC[\r][\n]"
10:33:53.666 [main] DEBUG org.apache.http.wire -  << "Report-To: {"endpoints":[{"url":"https:\/\/a.nel.cloudflare.com\/report\/v3?s=4vPb0iFLfnz3Nuf5%2Bq%2BHKnuxZLeW8pwOSXBaRauTw8fuBbTdh8DzXvMISnYu0xNV9B2RfBQBHf7KSjBNLWY1YQo6R07F2pOcapJ5ZQNQ8BBK21KrhVApjl0NimAEZAzQV12%2BQiWBQwbq4He1yvgM"}],"group":"cf-nel","max_age":604800}[\r][\n]"
10:33:53.666 [main] DEBUG org.apache.http.wire -  << "NEL: {"success_fraction":0,"report_to":"cf-nel","max_age":604800}[\r][\n]"
10:33:53.666 [main] DEBUG org.apache.http.wire -  << "Server: cloudflare[\r][\n]"
10:33:53.666 [main] DEBUG org.apache.http.wire -  << "CF-RAY: 7b895e8a6dd46ba8-SIN[\r][\n]"
10:33:53.666 [main] DEBUG org.apache.http.wire -  << "Content-Encoding: gzip[\r][\n]"
10:33:53.666 [main] DEBUG org.apache.http.wire -  << "alt-svc: h3=":443"; ma=86400, h3-29=":443"; ma=86400[\r][\n]"
10:33:53.666 [main] DEBUG org.apache.http.wire -  << "[\r][\n]"
10:33:53.666 [main] DEBUG org.apache.http.impl.conn.DefaultClientConnection - Receiving response: HTTP/1.1 200 OK
10:33:53.666 [main] DEBUG org.apache.http.headers - << HTTP/1.1 200 OK
10:33:53.666 [main] DEBUG org.apache.http.headers - << Date: Sun, 16 Apr 2023 03:33:52 GMT
10:33:53.666 [main] DEBUG org.apache.http.headers - << Content-Type: application/json; charset=utf-8
10:33:53.666 [main] DEBUG org.apache.http.headers - << Transfer-Encoding: chunked
10:33:53.666 [main] DEBUG org.apache.http.headers - << Connection: keep-alive
10:33:53.666 [main] DEBUG org.apache.http.headers - << X-Powered-By: Express
10:33:53.666 [main] DEBUG org.apache.http.headers - << X-Ratelimit-Limit: 1000
10:33:53.666 [main] DEBUG org.apache.http.headers - << X-Ratelimit-Remaining: 995
10:33:53.666 [main] DEBUG org.apache.http.headers - << X-Ratelimit-Reset: 1681616074
10:33:53.666 [main] DEBUG org.apache.http.headers - << Vary: Origin, Accept-Encoding
10:33:53.666 [main] DEBUG org.apache.http.headers - << Access-Control-Allow-Credentials: true
10:33:53.666 [main] DEBUG org.apache.http.headers - << Cache-Control: no-cache
10:33:53.666 [main] DEBUG org.apache.http.headers - << Pragma: no-cache
10:33:53.666 [main] DEBUG org.apache.http.headers - << Expires: -1
10:33:53.666 [main] DEBUG org.apache.http.headers - << X-Content-Type-Options: nosniff
10:33:53.666 [main] DEBUG org.apache.http.headers - << Etag: W/"7d-3JJSR3p6PRidQAAs/vsMRXklq64"
10:33:53.666 [main] DEBUG org.apache.http.headers - << Via: 1.1 vegur
10:33:53.666 [main] DEBUG org.apache.http.headers - << CF-Cache-Status: DYNAMIC
10:33:53.666 [main] DEBUG org.apache.http.headers - << Report-To: {"endpoints":[{"url":"https:\/\/a.nel.cloudflare.com\/report\/v3?s=4vPb0iFLfnz3Nuf5%2Bq%2BHKnuxZLeW8pwOSXBaRauTw8fuBbTdh8DzXvMISnYu0xNV9B2RfBQBHf7KSjBNLWY1YQo6R07F2pOcapJ5ZQNQ8BBK21KrhVApjl0NimAEZAzQV12%2BQiWBQwbq4He1yvgM"}],"group":"cf-nel","max_age":604800}
10:33:53.666 [main] DEBUG org.apache.http.headers - << NEL: {"success_fraction":0,"report_to":"cf-nel","max_age":604800}
10:33:53.666 [main] DEBUG org.apache.http.headers - << Server: cloudflare
10:33:53.666 [main] DEBUG org.apache.http.headers - << CF-RAY: 7b895e8a6dd46ba8-SIN
10:33:53.666 [main] DEBUG org.apache.http.headers - << Content-Encoding: gzip
10:33:53.666 [main] DEBUG org.apache.http.headers - << alt-svc: h3=":443"; ma=86400, h3-29=":443"; ma=86400
10:33:53.666 [main] DEBUG org.apache.http.impl.client.DefaultHttpClient - Connection can be kept alive indefinitely
10:33:53.666 [main] DEBUG io.restassured.internal.RestAssuredHttpBuilder - Parsing response as: application/json; charset=utf-8
10:33:53.666 [main] DEBUG org.apache.http.wire -  << "7c[\r][\n]"
10:33:53.666 [main] DEBUG org.apache.http.wire -  << "[0x1f][0x8b][0x8][0x0][0x0][0x0][0x0][0x0][0x0][0x3][0x14][0xcd]1[\n]"
10:33:53.666 [main] DEBUG org.apache.http.wire -  << "[0xc3]0[0xc][0x5][0xd0]=[0xa7][0xf8]x[0xee][0xd2]5[0xb7][0xf9]FB6N[0x14]cG[0x14]Sz[0xf7][0x92][0xed]m[0xef][0xbb][0x1])_[0xb2][0xd2][0x8e][0xd4])[0xc4][0xc][0xde][0x81][0xc2]QQ[0xaa]D?X0U[0xdb]50[0xab][0x1b][0xb1][0xe8][0x86][0x9b]g[0xa7]C[0xe8][0x18][0xd1][0xf9]y[0xac]ntd[0xba][0x19]}[0x11]Y[0x8f][0xca][0xc0][0xc9]FG[0xd3][0x91][0x19][0xe9][0xf5]|U[0xd2][0x8e][0xf7][0xf6][0xfb][0x3][0x0][0x0][0xff][0xff][0x3][0x0][0xa9]S%O}[0x0][0x0][0x0]"
10:33:53.666 [main] DEBUG org.apache.http.wire -  << "[\r][\n]"
10:33:53.666 [main] DEBUG org.apache.http.wire -  << "0[\r][\n]"
10:33:53.666 [main] DEBUG org.apache.http.wire -  << "[\r][\n]"
10:33:53.666 [main] DEBUG io.restassured.internal.RestAssuredHttpBuilder - Parsed data to instance of: class org.apache.http.conn.EofSensorInputStream
10:33:53.668 [main] DEBUG org.apache.http.impl.conn.BasicClientConnectionManager - Releasing connection org.apache.http.impl.conn.ManagedClientConnectionImpl@4cbb11e4
10:33:53.668 [main] DEBUG org.apache.http.impl.conn.BasicClientConnectionManager - Connection can be kept alive indefinitely
10:33:53.669 [main] DEBUG net.thucydides.core.steps.StepInterceptor - STEP DONE: I send PUT HTTP request
  &amp#27;[32mWhen &amp#27;[0m&amp#27;[32mI send PUT HTTP request&amp#27;[0m                                  &amp#27;[90m# starter.stepdefinitions.PutSteps.sendPutHttpRequest()&amp#27;[0m
10:33:53.672 [main] DEBUG net.thucydides.core.steps.StepInterceptor - STARTING STEP: GetSteps.receiveValidHttpResponse - I receive valid HTTP response code 200
10:33:53.672 [main] DEBUG net.thucydides.core.steps.StepInterceptor - STEP DONE: I receive valid HTTP response code 200
  &amp#27;[32mThen &amp#27;[0m&amp#27;[32mI receive valid HTTP response code 200&amp#27;[0m                   &amp#27;[90m# starter.stepdefinitions.GetSteps.receiveValidHttpResponse()&amp#27;[0m
10:33:53.675 [main] DEBUG net.thucydides.core.steps.StepInterceptor - STARTING STEP: PutSteps.validateUpdatePost - I receive valid data for update post
10:33:53.684 [main] DEBUG net.thucydides.core.steps.StepInterceptor - STEP DONE: I receive valid data for update post
  &amp#27;[32mAnd &amp#27;[0m&amp#27;[32mI receive valid data for update post&amp#27;[0m                      &amp#27;[90m# starter.stepdefinitions.PutSteps.validateUpdatePost()&amp#27;[0m
10:33:53.686 [main] INFO  - 
  _____   ___   ___   _____     ___     _     ___   ___   ___   ___  
 |_   _| | __| / __| |_   _|   | _ \   /_\   / __| / __| | __| |   \ 
   | |   | _|  \__ \   | |     |  _/  / _ \  \__ \ \__ \ | _|  | |) |
   |_|   |___| |___/   |_|     |_|   /_/ \_\ |___/ |___/ |___| |___/ 

PUT - As admin I have be able to update existing post
----------------------------------------------------------------------
]]></system-out>
  </testcase>
  <testcase name="PUT - As admin I haven&apos;t be able to update existing post" classname="User #4" time="0.676">
    <system-out><![CDATA[
Scenario: PUT - As admin I haven't be able to update existing post &amp#27;[90m# src/test/resources/features/Put.feature:13&amp#27;[0m
10:33:53.691 [main] DEBUG io.cucumber.core.plugin.SerenityReporter - Running feature from file:///C:/Users/Bunayya%20Zulfikar/Documents/GitHub/QE_Refano-Saputra/10_RESTful_API_Testing_with_REST_Assured/praktikum/RESTful_API_Testing_with_REST_Assured/src/test/resources/features/Put.feature
10:33:53.693 [main] INFO  - 
  _____   ___   ___   _____     ___   _____     _     ___   _____   ___   ___  
 |_   _| | __| / __| |_   _|   / __| |_   _|   /_\   | _ \ |_   _| | __| |   \ 
   | |   | _|  \__ \   | |     \__ \   | |    / _ \  |   /   | |   | _|  | |) |
   |_|   |___| |___/   |_|     |___/   |_|   /_/ \_\ |_|_\   |_|   |___| |___/ 

PUT - As admin I haven't be able to update existing post(user;put---as-admin-i-haven-t-be-able-to-update-existing-post)
--------------------------------------------------------------------------------
10:33:53.702 [main] DEBUG net.thucydides.core.steps.StepInterceptor - STARTING STEP: PutSteps.setTypoPutApiEndpoints - I set typo PUT api endpoints
10:33:53.702 [main] DEBUG net.thucydides.core.steps.StepInterceptor - STEP DONE: I set typo PUT api endpoints
  &amp#27;[32mGiven &amp#27;[0m&amp#27;[32mI set typo PUT api endpoints&amp#27;[0m                               &amp#27;[90m# starter.stepdefinitions.PutSteps.setTypoPutApiEndpoints()&amp#27;[0m
10:33:53.706 [main] DEBUG net.thucydides.core.steps.StepInterceptor - STARTING STEP: PutSteps.sendTypoPutHttpRequest - I send typo PUT HTTP request
10:33:53.708 [main] DEBUG net.thucydides.core.steps.StepInterceptor - STARTING STEP: Put.sendTypoPutHttpRequest - I set PUT api endpoints
10:33:53.708 [main] DEBUG net.thucydides.core.steps.StepInterceptor - STEP DONE: I set PUT api endpoints
10:33:53.721 [main] DEBUG org.apache.http.impl.conn.BasicClientConnectionManager - Get connection for route {s}->https://jsonplaceholder.typicode.com:443
10:33:53.721 [main] DEBUG org.apache.http.impl.conn.DefaultClientConnectionOperator - Connecting to jsonplaceholder.typicode.com:443
10:33:53.792 [main] DEBUG org.apache.http.client.protocol.RequestAddCookies - CookieSpec selected: ignoreCookies
10:33:53.792 [main] DEBUG org.apache.http.client.protocol.RequestAuthCache - Auth cache not set in the context
10:33:53.792 [main] DEBUG org.apache.http.client.protocol.RequestTargetAuthentication - Target auth state: UNCHALLENGED
10:33:53.792 [main] DEBUG org.apache.http.client.protocol.RequestProxyAuthentication - Proxy auth state: UNCHALLENGED
10:33:53.792 [main] DEBUG org.apache.http.impl.client.DefaultHttpClient - Attempt 1 to execute request
10:33:53.792 [main] DEBUG org.apache.http.impl.conn.DefaultClientConnection - Sending request: PUT /posts/1 HTTP/1.1
10:33:53.792 [main] DEBUG org.apache.http.wire -  >> "PUT /posts/1 HTTP/1.1[\r][\n]"
10:33:53.792 [main] DEBUG org.apache.http.wire -  >> "Accept: */*[\r][\n]"
10:33:53.792 [main] DEBUG org.apache.http.wire -  >> "Content-Type: application/json[\r][\n]"
10:33:53.792 [main] DEBUG org.apache.http.wire -  >> "Content-Length: 111[\r][\n]"
10:33:53.792 [main] DEBUG org.apache.http.wire -  >> "Host: jsonplaceholder.typicode.com[\r][\n]"
10:33:53.792 [main] DEBUG org.apache.http.wire -  >> "Connection: Keep-Alive[\r][\n]"
10:33:53.792 [main] DEBUG org.apache.http.wire -  >> "User-Agent: Apache-HttpClient/4.5.13 (Java/19.0.2)[\r][\n]"
10:33:53.792 [main] DEBUG org.apache.http.wire -  >> "Accept-Encoding: gzip,deflate[\r][\n]"
10:33:53.792 [main] DEBUG org.apache.http.wire -  >> "[\r][\n]"
10:33:53.792 [main] DEBUG org.apache.http.headers - >> PUT /posts/1 HTTP/1.1
10:33:53.792 [main] DEBUG org.apache.http.headers - >> Accept: */*
10:33:53.792 [main] DEBUG org.apache.http.headers - >> Content-Type: application/json
10:33:53.792 [main] DEBUG org.apache.http.headers - >> Content-Length: 111
10:33:53.792 [main] DEBUG org.apache.http.headers - >> Host: jsonplaceholder.typicode.com
10:33:53.792 [main] DEBUG org.apache.http.headers - >> Connection: Keep-Alive
10:33:53.792 [main] DEBUG org.apache.http.headers - >> User-Agent: Apache-HttpClient/4.5.13 (Java/19.0.2)
10:33:53.792 [main] DEBUG org.apache.http.headers - >> Accept-Encoding: gzip,deflate
10:33:53.792 [main] DEBUG org.apache.http.wire -  >> "{"number":"pada suatu hari hiduplah seekor singa yang tampan dan rupawan dengan bangganya beliau makan kerbau"}"
10:33:54.353 [main] DEBUG org.apache.http.wire -  << "HTTP/1.1 200 OK[\r][\n]"
10:33:54.353 [main] DEBUG org.apache.http.wire -  << "Date: Sun, 16 Apr 2023 03:33:53 GMT[\r][\n]"
10:33:54.353 [main] DEBUG org.apache.http.wire -  << "Content-Type: application/json; charset=utf-8[\r][\n]"
10:33:54.353 [main] DEBUG org.apache.http.wire -  << "Transfer-Encoding: chunked[\r][\n]"
10:33:54.353 [main] DEBUG org.apache.http.wire -  << "Connection: keep-alive[\r][\n]"
10:33:54.353 [main] DEBUG org.apache.http.wire -  << "X-Powered-By: Express[\r][\n]"
10:33:54.353 [main] DEBUG org.apache.http.wire -  << "X-Ratelimit-Limit: 1000[\r][\n]"
10:33:54.353 [main] DEBUG org.apache.http.wire -  << "X-Ratelimit-Remaining: 997[\r][\n]"
10:33:54.353 [main] DEBUG org.apache.http.wire -  << "X-Ratelimit-Reset: 1681616074[\r][\n]"
10:33:54.353 [main] DEBUG org.apache.http.wire -  << "Vary: Origin, Accept-Encoding[\r][\n]"
10:33:54.353 [main] DEBUG org.apache.http.wire -  << "Access-Control-Allow-Credentials: true[\r][\n]"
10:33:54.353 [main] DEBUG org.apache.http.wire -  << "Cache-Control: no-cache[\r][\n]"
10:33:54.353 [main] DEBUG org.apache.http.wire -  << "Pragma: no-cache[\r][\n]"
10:33:54.353 [main] DEBUG org.apache.http.wire -  << "Expires: -1[\r][\n]"
10:33:54.353 [main] DEBUG org.apache.http.wire -  << "X-Content-Type-Options: nosniff[\r][\n]"
10:33:54.353 [main] DEBUG org.apache.http.wire -  << "Etag: W/"7f-BZEeWmidLgyV+9EabHFG/SQDIzM"[\r][\n]"
10:33:54.353 [main] DEBUG org.apache.http.wire -  << "Via: 1.1 vegur[\r][\n]"
10:33:54.353 [main] DEBUG org.apache.http.wire -  << "CF-Cache-Status: DYNAMIC[\r][\n]"
10:33:54.353 [main] DEBUG org.apache.http.wire -  << "Report-To: {"endpoints":[{"url":"https:\/\/a.nel.cloudflare.com\/report\/v3?s=m5Ll0us%2BSbRAKZQtohOSolYNQpG%2BZ4NO2Rh5J6Ti%2FDujt3csJFYqR1TOJErjIkqhDMKDoI07PQZXj%2F1NDl2WkdQuz4gWgmmkgmvLD%2B76d6G9mGJ%2FHiE3ZuFeBlpJw4emKAXVaBF2kfBevwUkxYMY"}],"group":"cf-nel","max_age":604800}[\r][\n]"
10:33:54.353 [main] DEBUG org.apache.http.wire -  << "NEL: {"success_fraction":0,"report_to":"cf-nel","max_age":604800}[\r][\n]"
10:33:54.353 [main] DEBUG org.apache.http.wire -  << "Server: cloudflare[\r][\n]"
10:33:54.353 [main] DEBUG org.apache.http.wire -  << "CF-RAY: 7b895e8ebf1d9fa1-SIN[\r][\n]"
10:33:54.353 [main] DEBUG org.apache.http.wire -  << "Content-Encoding: gzip[\r][\n]"
10:33:54.353 [main] DEBUG org.apache.http.wire -  << "alt-svc: h3=":443"; ma=86400, h3-29=":443"; ma=86400[\r][\n]"
10:33:54.353 [main] DEBUG org.apache.http.wire -  << "[\r][\n]"
10:33:54.353 [main] DEBUG org.apache.http.impl.conn.DefaultClientConnection - Receiving response: HTTP/1.1 200 OK
10:33:54.353 [main] DEBUG org.apache.http.headers - << HTTP/1.1 200 OK
10:33:54.353 [main] DEBUG org.apache.http.headers - << Date: Sun, 16 Apr 2023 03:33:53 GMT
10:33:54.353 [main] DEBUG org.apache.http.headers - << Content-Type: application/json; charset=utf-8
10:33:54.353 [main] DEBUG org.apache.http.headers - << Transfer-Encoding: chunked
10:33:54.353 [main] DEBUG org.apache.http.headers - << Connection: keep-alive
10:33:54.353 [main] DEBUG org.apache.http.headers - << X-Powered-By: Express
10:33:54.353 [main] DEBUG org.apache.http.headers - << X-Ratelimit-Limit: 1000
10:33:54.353 [main] DEBUG org.apache.http.headers - << X-Ratelimit-Remaining: 997
10:33:54.353 [main] DEBUG org.apache.http.headers - << X-Ratelimit-Reset: 1681616074
10:33:54.353 [main] DEBUG org.apache.http.headers - << Vary: Origin, Accept-Encoding
10:33:54.353 [main] DEBUG org.apache.http.headers - << Access-Control-Allow-Credentials: true
10:33:54.353 [main] DEBUG org.apache.http.headers - << Cache-Control: no-cache
10:33:54.353 [main] DEBUG org.apache.http.headers - << Pragma: no-cache
10:33:54.353 [main] DEBUG org.apache.http.headers - << Expires: -1
10:33:54.353 [main] DEBUG org.apache.http.headers - << X-Content-Type-Options: nosniff
10:33:54.353 [main] DEBUG org.apache.http.headers - << Etag: W/"7f-BZEeWmidLgyV+9EabHFG/SQDIzM"
10:33:54.353 [main] DEBUG org.apache.http.headers - << Via: 1.1 vegur
10:33:54.353 [main] DEBUG org.apache.http.headers - << CF-Cache-Status: DYNAMIC
10:33:54.353 [main] DEBUG org.apache.http.headers - << Report-To: {"endpoints":[{"url":"https:\/\/a.nel.cloudflare.com\/report\/v3?s=m5Ll0us%2BSbRAKZQtohOSolYNQpG%2BZ4NO2Rh5J6Ti%2FDujt3csJFYqR1TOJErjIkqhDMKDoI07PQZXj%2F1NDl2WkdQuz4gWgmmkgmvLD%2B76d6G9mGJ%2FHiE3ZuFeBlpJw4emKAXVaBF2kfBevwUkxYMY"}],"group":"cf-nel","max_age":604800}
10:33:54.353 [main] DEBUG org.apache.http.headers - << NEL: {"success_fraction":0,"report_to":"cf-nel","max_age":604800}
10:33:54.353 [main] DEBUG org.apache.http.headers - << Server: cloudflare
10:33:54.353 [main] DEBUG org.apache.http.headers - << CF-RAY: 7b895e8ebf1d9fa1-SIN
10:33:54.353 [main] DEBUG org.apache.http.headers - << Content-Encoding: gzip
10:33:54.353 [main] DEBUG org.apache.http.headers - << alt-svc: h3=":443"; ma=86400, h3-29=":443"; ma=86400
10:33:54.353 [main] DEBUG org.apache.http.impl.client.DefaultHttpClient - Connection can be kept alive indefinitely
10:33:54.353 [main] DEBUG io.restassured.internal.RestAssuredHttpBuilder - Parsing response as: application/json; charset=utf-8
10:33:54.353 [main] DEBUG org.apache.http.wire -  << "7d[\r][\n]"
10:33:54.353 [main] DEBUG org.apache.http.wire -  << "[0x1f][0x8b][0x8][0x0][0x0][0x0][0x0][0x0][0x0][0x3][0x14][0xcd]1[\n]"
10:33:54.353 [main] DEBUG org.apache.http.wire -  << "[0xc3]0[0xc][0x5][0xd0]=[0xa7][0xf8]h[0xee][0xd2]5[0xb7][0xf9][0xc6]B6[0x8e][0x15]cG[0x94]Pz[0xf7][0x92][0xed]m[0xef][0xbb][0x1][0xe2][0xd1][0x93]N[0xd9]![0x83][0x99]X[0xc1]+P8+J[0xcd]1[0xe][0x16],[0xd5]vN[0xac][0xea]F[0xdc]t[0xc3][0xc5]>[0xe8][0xc8]t[0xcc][0x18][0xfc]<V7:[0x12][0xdd][0x8c]~[0x13]I[0x8f][0xca]@g[0xa3][0xa3][0xe9]L[0xc]y=c[0xcd][0xb2][0xe3][0xbd][0xfd][0xfe][0x0][0x0][0x0][0xff][0xff][0x3][0x0][0xe7][0xf0][[0xcd][0x0][0x0][0x0]"
10:33:54.353 [main] DEBUG org.apache.http.wire -  << "[\r][\n]"
10:33:54.353 [main] DEBUG org.apache.http.wire -  << "0[\r][\n]"
10:33:54.353 [main] DEBUG org.apache.http.wire -  << "[\r][\n]"
10:33:54.353 [main] DEBUG io.restassured.internal.RestAssuredHttpBuilder - Parsed data to instance of: class org.apache.http.conn.EofSensorInputStream
10:33:54.354 [main] DEBUG org.apache.http.impl.conn.BasicClientConnectionManager - Releasing connection org.apache.http.impl.conn.ManagedClientConnectionImpl@2e7e4480
10:33:54.354 [main] DEBUG org.apache.http.impl.conn.BasicClientConnectionManager - Connection can be kept alive indefinitely
10:33:54.355 [main] DEBUG net.thucydides.core.steps.StepInterceptor - STEP DONE: I send typo PUT HTTP request
  &amp#27;[32mWhen &amp#27;[0m&amp#27;[32mI send typo PUT HTTP request&amp#27;[0m                                &amp#27;[90m# starter.stepdefinitions.PutSteps.sendTypoPutHttpRequest()&amp#27;[0m
10:33:54.360 [main] DEBUG net.thucydides.core.steps.StepInterceptor - STARTING STEP: GetSteps.receiveValidHttpResponse - I receive valid HTTP response code 200
10:33:54.361 [main] DEBUG net.thucydides.core.steps.StepInterceptor - STEP DONE: I receive valid HTTP response code 200
  &amp#27;[32mThen &amp#27;[0m&amp#27;[32mI receive valid HTTP response code 200&amp#27;[0m                      &amp#27;[90m# starter.stepdefinitions.GetSteps.receiveValidHttpResponse()&amp#27;[0m
10:33:54.362 [main] INFO  - 
  _____   ___   ___   _____     ___     _     ___   ___   ___   ___  
 |_   _| | __| / __| |_   _|   | _ \   /_\   / __| / __| | __| |   \ 
   | |   | _|  \__ \   | |     |  _/  / _ \  \__ \ \__ \ | _|  | |) |
   |_|   |___| |___/   |_|     |_|   /_/ \_\ |___/ |___/ |___| |___/ 

PUT - As admin I haven't be able to update existing post
----------------------------------------------------------------------
]]></system-out>
  </testcase>
</testsuite>