<?xml version="1.0" encoding="UTF-8"?>
<testsuite xmlns:xsi="http://www.w3.org/2001/XMLSchema-instance" xsi:noNamespaceSchemaLocation="https://maven.apache.org/surefire/maven-failsafe-plugin/xsd/failsafe-test-report-3.0.xsd" version="3.0" name="starter.CucumberTestSuite" time="37.407" tests="3" errors="0" skipped="0" failures="0">
  <properties>
    <property name="java.specification.version" value="18"/>
    <property name="webdriver.chrome.driver" value="src/test/resources/webdriver/chromedriver.exe"/>
    <property name="sun.cpu.isalist" value="amd64"/>
    <property name="sun.jnu.encoding" value="Cp1252"/>
    <property name="java.class.path" value="C:\Users\Bunayya Zulfikar\Documents\GitHub\QE_Refano-Saputra\11_Web_Programming_&amp;_Testing\praktikum\Web_Testing\Prioritas1\alta\target\test-classes;C:\Users\Bunayya Zulfikar\.m2\repository\net\serenity-bdd\serenity-core\3.6.21\serenity-core-3.6.21.jar;C:\Users\Bunayya Zulfikar\.m2\repository\net\serenity-bdd\serenity-model\3.6.21\serenity-model-3.6.21.jar;C:\Users\Bunayya Zulfikar\.m2\repository\org\apache\commons\commons-text\1.10.0\commons-text-1.10.0.jar;C:\Users\Bunayya Zulfikar\.m2\repository\commons-net\commons-net\3.9.0\commons-net-3.9.0.jar;C:\Users\Bunayya Zulfikar\.m2\repository\com\google\guava\guava\31.1-jre\guava-31.1-jre.jar;C:\Users\Bunayya Zulfikar\.m2\repository\com\google\guava\failureaccess\1.0.1\failureaccess-1.0.1.jar;C:\Users\Bunayya Zulfikar\.m2\repository\com\google\guava\listenablefuture\9999.0-empty-to-avoid-conflict-with-guava\listenablefuture-9999.0-empty-to-avoid-conflict-with-guava.jar;C:\Users\Bunayya Zulfikar\.m2\repository\com\google\code\findbugs\jsr305\3.0.2\jsr305-3.0.2.jar;C:\Users\Bunayya Zulfikar\.m2\repository\org\checkerframework\checker-qual\3.12.0\checker-qual-3.12.0.jar;C:\Users\Bunayya Zulfikar\.m2\repository\com\google\errorprone\error_prone_annotations\2.11.0\error_prone_annotations-2.11.0.jar;C:\Users\Bunayya Zulfikar\.m2\repository\com\google\j2objc\j2objc-annotations\1.3\j2objc-annotations-1.3.jar;C:\Users\Bunayya Zulfikar\.m2\repository\com\google\inject\guice\5.1.0\guice-5.1.0.jar;C:\Users\Bunayya Zulfikar\.m2\repository\javax\inject\javax.inject\1\javax.inject-1.jar;C:\Users\Bunayya Zulfikar\.m2\repository\aopalliance\aopalliance\1.0\aopalliance-1.0.jar;C:\Users\Bunayya Zulfikar\.m2\repository\org\jsoup\jsoup\1.14.3\jsoup-1.14.3.jar;C:\Users\Bunayya Zulfikar\.m2\repository\com\thoughtworks\xstream\xstream\1.4.20\xstream-1.4.20.jar;C:\Users\Bunayya Zulfikar\.m2\repository\io\github\x-stream\mxparser\1.2.2\mxparser-1.2.2.jar;C:\Users\Bunayya Zulfikar\.m2\repository\xmlpull\xmlpull\1.1.3.1\xmlpull-1.1.3.1.jar;C:\Users\Bunayya Zulfikar\.m2\repository\com\typesafe\config\1.4.2\config-1.4.2.jar;C:\Users\Bunayya Zulfikar\.m2\repository\org\imgscalr\imgscalr-lib\4.2\imgscalr-lib-4.2.jar;C:\Users\Bunayya Zulfikar\.m2\repository\org\awaitility\awaitility\4.2.0\awaitility-4.2.0.jar;C:\Users\Bunayya Zulfikar\.m2\repository\org\freemarker\freemarker\2.3.31\freemarker-2.3.31.jar;C:\Users\Bunayya Zulfikar\.m2\repository\io\github\classgraph\classgraph\4.8.138\classgraph-4.8.138.jar;C:\Users\Bunayya Zulfikar\.m2\repository\net\sourceforge\jexcelapi\jxl\2.6.12\jxl-2.6.12.jar;C:\Users\Bunayya Zulfikar\.m2\repository\net\bytebuddy\byte-buddy-agent\1.14.2\byte-buddy-agent-1.14.2.jar;C:\Users\Bunayya Zulfikar\.m2\repository\org\objenesis\objenesis\3.3\objenesis-3.3.jar;C:\Users\Bunayya Zulfikar\.m2\repository\net\serenity-bdd\serenity-reports\3.6.21\serenity-reports-3.6.21.jar;C:\Users\Bunayya Zulfikar\.m2\repository\net\serenity-bdd\serenity-stats\3.6.21\serenity-stats-3.6.21.jar;C:\Users\Bunayya Zulfikar\.m2\repository\net\serenity-bdd\serenity-reports-configuration\3.6.21\serenity-reports-configuration-3.6.21.jar;C:\Users\Bunayya Zulfikar\.m2\repository\com\vladsch\flexmark\flexmark-all\0.62.2\flexmark-all-0.62.2.jar;C:\Users\Bunayya Zulfikar\.m2\repository\com\vladsch\flexmark\flexmark\0.62.2\flexmark-0.62.2.jar;C:\Users\Bunayya Zulfikar\.m2\repository\com\vladsch\flexmark\flexmark-ext-abbreviation\0.62.2\flexmark-ext-abbreviation-0.62.2.jar;C:\Users\Bunayya Zulfikar\.m2\repository\com\vladsch\flexmark\flexmark-util\0.62.2\flexmark-util-0.62.2.jar;C:\Users\Bunayya Zulfikar\.m2\repository\com\vladsch\flexmark\flexmark-ext-admonition\0.62.2\flexmark-ext-admonition-0.62.2.jar;C:\Users\Bunayya Zulfikar\.m2\repository\com\vladsch\flexmark\flexmark-ext-anchorlink\0.62.2\flexmark-ext-anchorlink-0.62.2.jar;C:\Users\Bunayya Zulfikar\.m2\repository\com\vladsch\flexmark\flexmark-ext-aside\0.62.2\flexmark-ext-aside-0.62.2.jar;C:\Users\Bunayya Zulfikar\.m2\repository\com\vladsch\flexmark\flexmark-ext-attributes\0.62.2\flexmark-ext-attributes-0.62.2.jar;C:\Users\Bunayya Zulfikar\.m2\repository\com\vladsch\flexmark\flexmark-ext-autolink\0.62.2\flexmark-ext-autolink-0.62.2.jar;C:\Users\Bunayya Zulfikar\.m2\repository\org\nibor\autolink\autolink\0.6.0\autolink-0.6.0.jar;C:\Users\Bunayya Zulfikar\.m2\repository\com\vladsch\flexmark\flexmark-ext-definition\0.62.2\flexmark-ext-definition-0.62.2.jar;C:\Users\Bunayya Zulfikar\.m2\repository\com\vladsch\flexmark\flexmark-ext-emoji\0.62.2\flexmark-ext-emoji-0.62.2.jar;C:\Users\Bunayya Zulfikar\.m2\repository\com\vladsch\flexmark\flexmark-ext-enumerated-reference\0.62.2\flexmark-ext-enumerated-reference-0.62.2.jar;C:\Users\Bunayya Zulfikar\.m2\repository\com\vladsch\flexmark\flexmark-ext-escaped-character\0.62.2\flexmark-ext-escaped-character-0.62.2.jar;C:\Users\Bunayya Zulfikar\.m2\repository\com\vladsch\flexmark\flexmark-ext-footnotes\0.62.2\flexmark-ext-footnotes-0.62.2.jar;C:\Users\Bunayya Zulfikar\.m2\repository\com\vladsch\flexmark\flexmark-ext-gfm-issues\0.62.2\flexmark-ext-gfm-issues-0.62.2.jar;C:\Users\Bunayya Zulfikar\.m2\repository\com\vladsch\flexmark\flexmark-ext-gfm-strikethrough\0.62.2\flexmark-ext-gfm-strikethrough-0.62.2.jar;C:\Users\Bunayya Zulfikar\.m2\repository\com\vladsch\flexmark\flexmark-ext-gfm-tasklist\0.62.2\flexmark-ext-gfm-tasklist-0.62.2.jar;C:\Users\Bunayya Zulfikar\.m2\repository\com\vladsch\flexmark\flexmark-ext-gfm-users\0.62.2\flexmark-ext-gfm-users-0.62.2.jar;C:\Users\Bunayya Zulfikar\.m2\repository\com\vladsch\flexmark\flexmark-ext-gitlab\0.62.2\flexmark-ext-gitlab-0.62.2.jar;C:\Users\Bunayya Zulfikar\.m2\repository\com\vladsch\flexmark\flexmark-ext-jekyll-front-matter\0.62.2\flexmark-ext-jekyll-front-matter-0.62.2.jar;C:\Users\Bunayya Zulfikar\.m2\repository\com\vladsch\flexmark\flexmark-ext-jekyll-tag\0.62.2\flexmark-ext-jekyll-tag-0.62.2.jar;C:\Users\Bunayya Zulfikar\.m2\repository\com\vladsch\flexmark\flexmark-ext-media-tags\0.62.2\flexmark-ext-media-tags-0.62.2.jar;C:\Users\Bunayya Zulfikar\.m2\repository\com\vladsch\flexmark\flexmark-ext-macros\0.62.2\flexmark-ext-macros-0.62.2.jar;C:\Users\Bunayya Zulfikar\.m2\repository\com\vladsch\flexmark\flexmark-ext-ins\0.62.2\flexmark-ext-ins-0.62.2.jar;C:\Users\Bunayya Zulfikar\.m2\repository\com\vladsch\flexmark\flexmark-ext-xwiki-macros\0.62.2\flexmark-ext-xwiki-macros-0.62.2.jar;C:\Users\Bunayya Zulfikar\.m2\repository\com\vladsch\flexmark\flexmark-ext-superscript\0.62.2\flexmark-ext-superscript-0.62.2.jar;C:\Users\Bunayya Zulfikar\.m2\repository\com\vladsch\flexmark\flexmark-ext-tables\0.62.2\flexmark-ext-tables-0.62.2.jar;C:\Users\Bunayya Zulfikar\.m2\repository\com\vladsch\flexmark\flexmark-ext-toc\0.62.2\flexmark-ext-toc-0.62.2.jar;C:\Users\Bunayya Zulfikar\.m2\repository\com\vladsch\flexmark\flexmark-ext-typographic\0.62.2\flexmark-ext-typographic-0.62.2.jar;C:\Users\Bunayya Zulfikar\.m2\repository\com\vladsch\flexmark\flexmark-ext-wikilink\0.62.2\flexmark-ext-wikilink-0.62.2.jar;C:\Users\Bunayya Zulfikar\.m2\repository\com\vladsch\flexmark\flexmark-ext-yaml-front-matter\0.62.2\flexmark-ext-yaml-front-matter-0.62.2.jar;C:\Users\Bunayya Zulfikar\.m2\repository\com\vladsch\flexmark\flexmark-ext-youtube-embedded\0.62.2\flexmark-ext-youtube-embedded-0.62.2.jar;C:\Users\Bunayya Zulfikar\.m2\repository\com\vladsch\flexmark\flexmark-html2md-converter\0.62.2\flexmark-html2md-converter-0.62.2.jar;C:\Users\Bunayya Zulfikar\.m2\repository\com\vladsch\flexmark\flexmark-jira-converter\0.62.2\flexmark-jira-converter-0.62.2.jar;C:\Users\Bunayya Zulfikar\.m2\repository\com\vladsch\flexmark\flexmark-pdf-converter\0.62.2\flexmark-pdf-converter-0.62.2.jar;C:\Users\Bunayya Zulfikar\.m2\repository\com\openhtmltopdf\openhtmltopdf-core\1.0.0\openhtmltopdf-core-1.0.0.jar;C:\Users\Bunayya Zulfikar\.m2\repository\com\openhtmltopdf\openhtmltopdf-pdfbox\1.0.0\openhtmltopdf-pdfbox-1.0.0.jar;C:\Users\Bunayya Zulfikar\.m2\repository\org\apache\pdfbox\pdfbox\2.0.16\pdfbox-2.0.16.jar;C:\Users\Bunayya Zulfikar\.m2\repository\org\apache\pdfbox\fontbox\2.0.16\fontbox-2.0.16.jar;C:\Users\Bunayya Zulfikar\.m2\repository\org\apache\pdfbox\xmpbox\2.0.16\xmpbox-2.0.16.jar;C:\Users\Bunayya Zulfikar\.m2\repository\de\rototor\pdfbox\graphics2d\0.24\graphics2d-0.24.jar;C:\Users\Bunayya Zulfikar\.m2\repository\com\openhtmltopdf\openhtmltopdf-rtl-support\1.0.0\openhtmltopdf-rtl-support-1.0.0.jar;C:\Users\Bunayya Zulfikar\.m2\repository\com\openhtmltopdf\openhtmltopdf-jsoup-dom-converter\1.0.0\openhtmltopdf-jsoup-dom-converter-1.0.0.jar;C:\Users\Bunayya Zulfikar\.m2\repository\com\vladsch\flexmark\flexmark-profile-pegdown\0.62.2\flexmark-profile-pegdown-0.62.2.jar;C:\Users\Bunayya Zulfikar\.m2\repository\com\vladsch\flexmark\flexmark-util-ast\0.62.2\flexmark-util-ast-0.62.2.jar;C:\Users\Bunayya Zulfikar\.m2\repository\com\vladsch\flexmark\flexmark-util-builder\0.62.2\flexmark-util-builder-0.62.2.jar;C:\Users\Bunayya Zulfikar\.m2\repository\com\vladsch\flexmark\flexmark-util-collection\0.62.2\flexmark-util-collection-0.62.2.jar;C:\Users\Bunayya Zulfikar\.m2\repository\com\vladsch\flexmark\flexmark-util-data\0.62.2\flexmark-util-data-0.62.2.jar;C:\Users\Bunayya Zulfikar\.m2\repository\com\vladsch\flexmark\flexmark-util-dependency\0.62.2\flexmark-util-dependency-0.62.2.jar;C:\Users\Bunayya Zulfikar\.m2\repository\com\vladsch\flexmark\flexmark-util-format\0.62.2\flexmark-util-format-0.62.2.jar;C:\Users\Bunayya Zulfikar\.m2\repository\com\vladsch\flexmark\flexmark-util-html\0.62.2\flexmark-util-html-0.62.2.jar;C:\Users\Bunayya Zulfikar\.m2\repository\com\vladsch\flexmark\flexmark-util-misc\0.62.2\flexmark-util-misc-0.62.2.jar;C:\Users\Bunayya Zulfikar\.m2\repository\com\vladsch\flexmark\flexmark-util-options\0.62.2\flexmark-util-options-0.62.2.jar;C:\Users\Bunayya Zulfikar\.m2\repository\com\vladsch\flexmark\flexmark-util-sequence\0.62.2\flexmark-util-sequence-0.62.2.jar;C:\Users\Bunayya Zulfikar\.m2\repository\com\vladsch\flexmark\flexmark-util-visitor\0.62.2\flexmark-util-visitor-0.62.2.jar;C:\Users\Bunayya Zulfikar\.m2\repository\com\vladsch\flexmark\flexmark-youtrack-converter\0.62.2\flexmark-youtrack-converter-0.62.2.jar;C:\Users\Bunayya Zulfikar\.m2\repository\com\ibm\icu\icu4j\72.1\icu4j-72.1.jar;C:\Users\Bunayya Zulfikar\.m2\repository\es\nitaur\markdown\txtmark\0.16\txtmark-0.16.jar;C:\Users\Bunayya Zulfikar\.m2\repository\net\serenity-bdd\serenity-report-resources\3.6.21\serenity-report-resources-3.6.21.jar;C:\Users\Bunayya Zulfikar\.m2\repository\com\google\code\gson\gson\2.10.1\gson-2.10.1.jar;C:\Users\Bunayya Zulfikar\.m2\repository\com\fasterxml\jackson\core\jackson-core\2.15.0-rc1\jackson-core-2.15.0-rc1.jar;C:\Users\Bunayya Zulfikar\.m2\repository\com\fasterxml\jackson\core\jackson-databind\2.15.0-rc1\jackson-databind-2.15.0-rc1.jar;C:\Users\Bunayya Zulfikar\.m2\repository\com\fasterxml\jackson\core\jackson-annotations\2.15.0-rc1\jackson-annotations-2.15.0-rc1.jar;C:\Users\Bunayya Zulfikar\.m2\repository\commons-codec\commons-codec\1.15\commons-codec-1.15.jar;C:\Users\Bunayya Zulfikar\.m2\repository\commons-io\commons-io\2.11.0\commons-io-2.11.0.jar;C:\Users\Bunayya Zulfikar\.m2\repository\org\apache\httpcomponents\httpclient\4.5.13\httpclient-4.5.13.jar;C:\Users\Bunayya Zulfikar\.m2\repository\org\apache\httpcomponents\httpcore\4.4.13\httpcore-4.4.13.jar;C:\Users\Bunayya Zulfikar\.m2\repository\commons-logging\commons-logging\1.2\commons-logging-1.2.jar;C:\Users\Bunayya Zulfikar\.m2\repository\org\seleniumhq\selenium\selenium-java\4.8.1\selenium-java-4.8.1.jar;C:\Users\Bunayya Zulfikar\.m2\repository\org\seleniumhq\selenium\selenium-devtools-v108\4.8.1\selenium-devtools-v108-4.8.1.jar;C:\Users\Bunayya Zulfikar\.m2\repository\org\seleniumhq\selenium\selenium-devtools-v109\4.8.1\selenium-devtools-v109-4.8.1.jar;C:\Users\Bunayya Zulfikar\.m2\repository\org\seleniumhq\selenium\selenium-devtools-v110\4.8.1\selenium-devtools-v110-4.8.1.jar;C:\Users\Bunayya Zulfikar\.m2\repository\org\seleniumhq\selenium\selenium-devtools-v85\4.8.1\selenium-devtools-v85-4.8.1.jar;C:\Users\Bunayya Zulfikar\.m2\repository\org\seleniumhq\selenium\selenium-remote-driver\4.8.1\selenium-remote-driver-4.8.1.jar;C:\Users\Bunayya Zulfikar\.m2\repository\com\beust\jcommander\1.82\jcommander-1.82.jar;C:\Users\Bunayya Zulfikar\.m2\repository\io\netty\netty-buffer\4.1.87.Final\netty-buffer-4.1.87.Final.jar;C:\Users\Bunayya Zulfikar\.m2\repository\io\netty\netty-codec-http\4.1.87.Final\netty-codec-http-4.1.87.Final.jar;C:\Users\Bunayya Zulfikar\.m2\repository\io\netty\netty-codec\4.1.87.Final\netty-codec-4.1.87.Final.jar;C:\Users\Bunayya Zulfikar\.m2\repository\io\netty\netty-handler\4.1.87.Final\netty-handler-4.1.87.Final.jar;C:\Users\Bunayya Zulfikar\.m2\repository\io\netty\netty-common\4.1.87.Final\netty-common-4.1.87.Final.jar;C:\Users\Bunayya Zulfikar\.m2\repository\io\netty\netty-transport-classes-epoll\4.1.87.Final\netty-transport-classes-epoll-4.1.87.Final.jar;C:\Users\Bunayya Zulfikar\.m2\repository\io\netty\netty-transport-classes-kqueue\4.1.87.Final\netty-transport-classes-kqueue-4.1.87.Final.jar;C:\Users\Bunayya Zulfikar\.m2\repository\io\netty\netty-transport-native-epoll\4.1.87.Final\netty-transport-native-epoll-4.1.87.Final.jar;C:\Users\Bunayya Zulfikar\.m2\repository\io\netty\netty-transport-native-kqueue\4.1.87.Final\netty-transport-native-kqueue-4.1.87.Final.jar;C:\Users\Bunayya Zulfikar\.m2\repository\io\netty\netty-transport-native-unix-common\4.1.87.Final\netty-transport-native-unix-common-4.1.87.Final.jar;C:\Users\Bunayya Zulfikar\.m2\repository\io\netty\netty-transport\4.1.87.Final\netty-transport-4.1.87.Final.jar;C:\Users\Bunayya Zulfikar\.m2\repository\io\netty\netty-resolver\4.1.87.Final\netty-resolver-4.1.87.Final.jar;C:\Users\Bunayya Zulfikar\.m2\repository\io\opentelemetry\opentelemetry-api\1.22.0\opentelemetry-api-1.22.0.jar;C:\Users\Bunayya Zulfikar\.m2\repository\io\opentelemetry\opentelemetry-context\1.22.0\opentelemetry-context-1.22.0.jar;C:\Users\Bunayya Zulfikar\.m2\repository\io\opentelemetry\opentelemetry-exporter-logging\1.22.0\opentelemetry-exporter-logging-1.22.0.jar;C:\Users\Bunayya Zulfikar\.m2\repository\io\opentelemetry\opentelemetry-sdk-metrics\1.22.0\opentelemetry-sdk-metrics-1.22.0.jar;C:\Users\Bunayya Zulfikar\.m2\repository\io\opentelemetry\opentelemetry-sdk-logs\1.22.0-alpha\opentelemetry-sdk-logs-1.22.0-alpha.jar;C:\Users\Bunayya Zulfikar\.m2\repository\io\opentelemetry\opentelemetry-api-logs\1.22.0-alpha\opentelemetry-api-logs-1.22.0-alpha.jar;C:\Users\Bunayya Zulfikar\.m2\repository\io\opentelemetry\opentelemetry-sdk-common\1.22.0\opentelemetry-sdk-common-1.22.0.jar;C:\Users\Bunayya Zulfikar\.m2\repository\io\opentelemetry\opentelemetry-sdk-extension-autoconfigure-spi\1.22.0\opentelemetry-sdk-extension-autoconfigure-spi-1.22.0.jar;C:\Users\Bunayya Zulfikar\.m2\repository\io\opentelemetry\opentelemetry-sdk-extension-autoconfigure\1.22.0-alpha\opentelemetry-sdk-extension-autoconfigure-1.22.0-alpha.jar;C:\Users\Bunayya Zulfikar\.m2\repository\io\opentelemetry\opentelemetry-sdk-trace\1.22.0\opentelemetry-sdk-trace-1.22.0.jar;C:\Users\Bunayya Zulfikar\.m2\repository\io\opentelemetry\opentelemetry-sdk\1.22.0\opentelemetry-sdk-1.22.0.jar;C:\Users\Bunayya Zulfikar\.m2\repository\io\opentelemetry\opentelemetry-semconv\1.22.0-alpha\opentelemetry-semconv-1.22.0-alpha.jar;C:\Users\Bunayya Zulfikar\.m2\repository\io\ous\jtoml\2.0.0\jtoml-2.0.0.jar;C:\Users\Bunayya Zulfikar\.m2\repository\org\apache\commons\commons-exec\1.3\commons-exec-1.3.jar;C:\Users\Bunayya Zulfikar\.m2\repository\org\asynchttpclient\async-http-client\2.12.3\async-http-client-2.12.3.jar;C:\Users\Bunayya Zulfikar\.m2\repository\org\asynchttpclient\async-http-client-netty-utils\2.12.3\async-http-client-netty-utils-2.12.3.jar;C:\Users\Bunayya Zulfikar\.m2\repository\io\netty\netty-codec-socks\4.1.60.Final\netty-codec-socks-4.1.60.Final.jar;C:\Users\Bunayya Zulfikar\.m2\repository\io\netty\netty-handler-proxy\4.1.60.Final\netty-handler-proxy-4.1.60.Final.jar;C:\Users\Bunayya Zulfikar\.m2\repository\io\netty\netty-transport-native-epoll\4.1.60.Final\netty-transport-native-epoll-4.1.60.Final-linux-x86_64.jar;C:\Users\Bunayya Zulfikar\.m2\repository\io\netty\netty-transport-native-kqueue\4.1.60.Final\netty-transport-native-kqueue-4.1.60.Final-osx-x86_64.jar;C:\Users\Bunayya Zulfikar\.m2\repository\org\reactivestreams\reactive-streams\1.0.3\reactive-streams-1.0.3.jar;C:\Users\Bunayya Zulfikar\.m2\repository\com\typesafe\netty\netty-reactive-streams\2.0.4\netty-reactive-streams-2.0.4.jar;C:\Users\Bunayya Zulfikar\.m2\repository\org\seleniumhq\selenium\selenium-manager\4.8.1\selenium-manager-4.8.1.jar;C:\Users\Bunayya Zulfikar\.m2\repository\org\seleniumhq\selenium\selenium-safari-driver\4.8.1\selenium-safari-driver-4.8.1.jar;C:\Users\Bunayya Zulfikar\.m2\repository\org\seleniumhq\selenium\selenium-api\4.8.1\selenium-api-4.8.1.jar;C:\Users\Bunayya Zulfikar\.m2\repository\org\seleniumhq\selenium\selenium-support\4.8.1\selenium-support-4.8.1.jar;C:\Users\Bunayya Zulfikar\.m2\repository\com\google\auto\service\auto-service-annotations\1.0.1\auto-service-annotations-1.0.1.jar;C:\Users\Bunayya Zulfikar\.m2\repository\com\google\auto\service\auto-service\1.0.1\auto-service-1.0.1.jar;C:\Users\Bunayya Zulfikar\.m2\repository\com\google\auto\auto-common\1.2\auto-common-1.2.jar;C:\Users\Bunayya Zulfikar\.m2\repository\org\seleniumhq\selenium\selenium-json\4.8.1\selenium-json-4.8.1.jar;C:\Users\Bunayya Zulfikar\.m2\repository\org\seleniumhq\selenium\selenium-chrome-driver\4.8.1\selenium-chrome-driver-4.8.1.jar;C:\Users\Bunayya Zulfikar\.m2\repository\org\seleniumhq\selenium\selenium-chromium-driver\4.8.1\selenium-chromium-driver-4.8.1.jar;C:\Users\Bunayya Zulfikar\.m2\repository\org\seleniumhq\selenium\selenium-firefox-driver\4.8.1\selenium-firefox-driver-4.8.1.jar;C:\Users\Bunayya Zulfikar\.m2\repository\org\seleniumhq\selenium\selenium-http\4.8.1\selenium-http-4.8.1.jar;C:\Users\Bunayya Zulfikar\.m2\repository\dev\failsafe\failsafe\3.3.0\failsafe-3.3.0.jar;C:\Users\Bunayya Zulfikar\.m2\repository\org\seleniumhq\selenium\selenium-edge-driver\4.8.1\selenium-edge-driver-4.8.1.jar;C:\Users\Bunayya Zulfikar\.m2\repository\org\seleniumhq\selenium\selenium-ie-driver\4.8.1\selenium-ie-driver-4.8.1.jar;C:\Users\Bunayya Zulfikar\.m2\repository\org\projectlombok\lombok\1.18.20\lombok-1.18.20.jar;C:\Users\Bunayya Zulfikar\.m2\repository\io\appium\java-client\8.3.0\java-client-8.3.0.jar;C:\Users\Bunayya Zulfikar\.m2\repository\commons-validator\commons-validator\1.7\commons-validator-1.7.jar;C:\Users\Bunayya Zulfikar\.m2\repository\commons-digester\commons-digester\2.1\commons-digester-2.1.jar;C:\Users\Bunayya Zulfikar\.m2\repository\org\apache\groovy\groovy\4.0.10\groovy-4.0.10.jar;C:\Users\Bunayya Zulfikar\.m2\repository\net\sf\opencsv\opencsv\2.0\opencsv-2.0.jar;C:\Users\Bunayya Zulfikar\.m2\repository\commons-beanutils\commons-beanutils\1.9.4\commons-beanutils-1.9.4.jar;C:\Users\Bunayya Zulfikar\.m2\repository\org\apache\commons\commons-lang3\3.12.0\commons-lang3-3.12.0.jar;C:\Users\Bunayya Zulfikar\.m2\repository\commons-collections\commons-collections\3.2.2\commons-collections-3.2.2.jar;C:\Users\Bunayya Zulfikar\.m2\repository\org\fluentlenium\fluentlenium-core\0.10.2\fluentlenium-core-0.10.2.jar;C:\Users\Bunayya Zulfikar\.m2\repository\io\github\bonigarcia\webdrivermanager\5.3.0\webdrivermanager-5.3.0.jar;C:\Users\Bunayya Zulfikar\.m2\repository\com\github\docker-java\docker-java\3.2.13\docker-java-3.2.13.jar;C:\Users\Bunayya Zulfikar\.m2\repository\com\github\docker-java\docker-java-core\3.2.13\docker-java-core-3.2.13.jar;C:\Users\Bunayya Zulfikar\.m2\repository\com\github\docker-java\docker-java-api\3.2.13\docker-java-api-3.2.13.jar;C:\Users\Bunayya Zulfikar\.m2\repository\org\apache\commons\commons-compress\1.21\commons-compress-1.21.jar;C:\Users\Bunayya Zulfikar\.m2\repository\org\bouncycastle\bcpkix-jdk15on\1.64\bcpkix-jdk15on-1.64.jar;C:\Users\Bunayya Zulfikar\.m2\repository\org\bouncycastle\bcprov-jdk15on\1.64\bcprov-jdk15on-1.64.jar;C:\Users\Bunayya Zulfikar\.m2\repository\org\slf4j\jcl-over-slf4j\1.7.30\jcl-over-slf4j-1.7.30.jar;C:\Users\Bunayya Zulfikar\.m2\repository\com\github\docker-java\docker-java-transport-httpclient5\3.2.13\docker-java-transport-httpclient5-3.2.13.jar;C:\Users\Bunayya Zulfikar\.m2\repository\com\github\docker-java\docker-java-transport\3.2.13\docker-java-transport-3.2.13.jar;C:\Users\Bunayya Zulfikar\.m2\repository\net\java\dev\jna\jna\5.8.0\jna-5.8.0.jar;C:\Users\Bunayya Zulfikar\.m2\repository\org\brotli\dec\0.1.2\dec-0.1.2.jar;C:\Users\Bunayya Zulfikar\.m2\repository\org\apache\httpcomponents\client5\httpclient5\5.1.3\httpclient5-5.1.3.jar;C:\Users\Bunayya Zulfikar\.m2\repository\org\apache\httpcomponents\core5\httpcore5\5.1.3\httpcore5-5.1.3.jar;C:\Users\Bunayya Zulfikar\.m2\repository\org\apache\httpcomponents\core5\httpcore5-h2\5.1.3\httpcore5-h2-5.1.3.jar;C:\Users\Bunayya Zulfikar\.m2\repository\com\jhlabs\filters\2.0.235\filters-2.0.235.jar;C:\Users\Bunayya Zulfikar\.m2\repository\com\paulhammant\ngwebdriver\1.1.6\ngwebdriver-1.1.6.jar;C:\Users\Bunayya Zulfikar\.m2\repository\joda-time\joda-time\2.12.2\joda-time-2.12.2.jar;C:\Users\Bunayya Zulfikar\.m2\repository\org\hamcrest\hamcrest\2.2\hamcrest-2.2.jar;C:\Users\Bunayya Zulfikar\.m2\repository\com\google\jimfs\jimfs\1.2\jimfs-1.2.jar;C:\Users\Bunayya Zulfikar\.m2\repository\org\mockito\mockito-core\3.3.3\mockito-core-3.3.3.jar;C:\Users\Bunayya Zulfikar\.m2\repository\javax\xml\bind\jaxb-api\2.3.1\jaxb-api-2.3.1.jar;C:\Users\Bunayya Zulfikar\.m2\repository\javax\activation\javax.activation-api\1.2.0\javax.activation-api-1.2.0.jar;C:\Users\Bunayya Zulfikar\.m2\repository\com\sun\xml\bind\jaxb-core\2.3.0.1\jaxb-core-2.3.0.1.jar;C:\Users\Bunayya Zulfikar\.m2\repository\com\sun\xml\bind\jaxb-impl\2.3.3\jaxb-impl-2.3.3.jar;C:\Users\Bunayya Zulfikar\.m2\repository\jakarta\xml\bind\jakarta.xml.bind-api\2.3.3\jakarta.xml.bind-api-2.3.3.jar;C:\Users\Bunayya Zulfikar\.m2\repository\com\sun\activation\jakarta.activation\1.2.2\jakarta.activation-1.2.2.jar;C:\Users\Bunayya Zulfikar\.m2\repository\javax\activation\activation\1.1.1\activation-1.1.1.jar;C:\Users\Bunayya Zulfikar\.m2\repository\net\serenity-bdd\serenity-cucumber\3.6.21\serenity-cucumber-3.6.21.jar;C:\Users\Bunayya Zulfikar\.m2\repository\io\cucumber\cucumber-core\7.11.0\cucumber-core-7.11.0.jar;C:\Users\Bunayya Zulfikar\.m2\repository\io\cucumber\cucumber-gherkin\7.11.0\cucumber-gherkin-7.11.0.jar;C:\Users\Bunayya Zulfikar\.m2\repository\io\cucumber\cucumber-gherkin-messages\7.11.0\cucumber-gherkin-messages-7.11.0.jar;C:\Users\Bunayya Zulfikar\.m2\repository\io\cucumber\gherkin\26.0.3\gherkin-26.0.3.jar;C:\Users\Bunayya Zulfikar\.m2\repository\io\cucumber\messages\21.0.1\messages-21.0.1.jar;C:\Users\Bunayya Zulfikar\.m2\repository\io\cucumber\tag-expressions\5.0.1\tag-expressions-5.0.1.jar;C:\Users\Bunayya Zulfikar\.m2\repository\io\cucumber\cucumber-expressions\16.1.1\cucumber-expressions-16.1.1.jar;C:\Users\Bunayya Zulfikar\.m2\repository\io\cucumber\datatable\7.11.0\datatable-7.11.0.jar;C:\Users\Bunayya Zulfikar\.m2\repository\io\cucumber\cucumber-plugin\7.11.0\cucumber-plugin-7.11.0.jar;C:\Users\Bunayya Zulfikar\.m2\repository\io\cucumber\docstring\7.11.0\docstring-7.11.0.jar;C:\Users\Bunayya Zulfikar\.m2\repository\io\cucumber\html-formatter\20.2.1\html-formatter-20.2.1.jar;C:\Users\Bunayya Zulfikar\.m2\repository\io\cucumber\junit-xml-formatter\0.1.0\junit-xml-formatter-0.1.0.jar;C:\Users\Bunayya Zulfikar\.m2\repository\io\cucumber\ci-environment\9.1.0\ci-environment-9.1.0.jar;C:\Users\Bunayya Zulfikar\.m2\repository\io\cucumber\cucumber-java\7.11.0\cucumber-java-7.11.0.jar;C:\Users\Bunayya Zulfikar\.m2\repository\io\cucumber\cucumber-junit\7.11.0\cucumber-junit-7.11.0.jar;C:\Users\Bunayya Zulfikar\.m2\repository\org\apache\commons\commons-csv\1.5\commons-csv-1.5.jar;C:\Users\Bunayya Zulfikar\.m2\repository\net\serenity-bdd\serenity-screenplay\3.6.21\serenity-screenplay-3.6.21.jar;C:\Users\Bunayya Zulfikar\.m2\repository\net\serenity-bdd\serenity-screenplay-webdriver\3.6.21\serenity-screenplay-webdriver-3.6.21.jar;C:\Users\Bunayya Zulfikar\.m2\repository\net\serenity-bdd\serenity-ensure\3.6.21\serenity-ensure-3.6.21.jar;C:\Users\Bunayya Zulfikar\.m2\repository\net\serenity-bdd\serenity-junit\3.6.21\serenity-junit-3.6.21.jar;C:\Users\Bunayya Zulfikar\.m2\repository\org\jetbrains\kotlin\kotlin-stdlib\1.8.10\kotlin-stdlib-1.8.10.jar;C:\Users\Bunayya Zulfikar\.m2\repository\org\jetbrains\kotlin\kotlin-stdlib-common\1.8.10\kotlin-stdlib-common-1.8.10.jar;C:\Users\Bunayya Zulfikar\.m2\repository\org\jetbrains\annotations\13.0\annotations-13.0.jar;C:\Users\Bunayya Zulfikar\.m2\repository\org\junit\platform\junit-platform-launcher\1.8.2\junit-platform-launcher-1.8.2.jar;C:\Users\Bunayya Zulfikar\.m2\repository\org\junit\platform\junit-platform-engine\1.8.2\junit-platform-engine-1.8.2.jar;C:\Users\Bunayya Zulfikar\.m2\repository\org\opentest4j\opentest4j\1.2.0\opentest4j-1.2.0.jar;C:\Users\Bunayya Zulfikar\.m2\repository\org\junit\platform\junit-platform-commons\1.8.2\junit-platform-commons-1.8.2.jar;C:\Users\Bunayya Zulfikar\.m2\repository\org\apiguardian\apiguardian-api\1.1.2\apiguardian-api-1.1.2.jar;C:\Users\Bunayya Zulfikar\.m2\repository\org\junit\jupiter\junit-jupiter-engine\5.8.2\junit-jupiter-engine-5.8.2.jar;C:\Users\Bunayya Zulfikar\.m2\repository\org\junit\jupiter\junit-jupiter-api\5.8.2\junit-jupiter-api-5.8.2.jar;C:\Users\Bunayya Zulfikar\.m2\repository\org\junit\vintage\junit-vintage-engine\5.8.2\junit-vintage-engine-5.8.2.jar;C:\Users\Bunayya Zulfikar\.m2\repository\junit\junit\4.13.2\junit-4.13.2.jar;C:\Users\Bunayya Zulfikar\.m2\repository\org\hamcrest\hamcrest-core\1.3\hamcrest-core-1.3.jar;C:\Users\Bunayya Zulfikar\.m2\repository\ch\qos\logback\logback-classic\1.2.10\logback-classic-1.2.10.jar;C:\Users\Bunayya Zulfikar\.m2\repository\ch\qos\logback\logback-core\1.2.10\logback-core-1.2.10.jar;C:\Users\Bunayya Zulfikar\.m2\repository\org\slf4j\slf4j-api\1.7.32\slf4j-api-1.7.32.jar;C:\Users\Bunayya Zulfikar\.m2\repository\org\assertj\assertj-core\3.23.1\assertj-core-3.23.1.jar;C:\Users\Bunayya Zulfikar\.m2\repository\net\bytebuddy\byte-buddy\1.12.10\byte-buddy-1.12.10.jar;"/>
    <property name="java.vm.vendor" value="Oracle Corporation"/>
    <property name="sun.arch.data.model" value="64"/>
    <property name="user.variant" value=""/>
    <property name="java.vendor.url" value="https://java.oracle.com/"/>
    <property name="user.timezone" value="Asia/Jakarta"/>
    <property name="os.name" value="Windows 10"/>
    <property name="java.vm.specification.version" value="18"/>
    <property name="sun.java.launcher" value="SUN_STANDARD"/>
    <property name="user.country" value="ID"/>
    <property name="sun.boot.library.path" value="C:\Program Files\java-se-8u41-ri\bin"/>
    <property name="sun.java.command" value="org.apache.maven.surefire.booter.ForkedBooter C:\Users\Bunayya Zulfikar\AppData\Local\Temp\surefire3248947017069734387 2023-04-09T11-11-39_078-jvmRun1 surefire15723591187983132749tmp surefire_017316736304418224663tmp"/>
    <property name="jdk.debug" value="release"/>
    <property name="surefire.test.class.path" value="C:\Users\Bunayya Zulfikar\Documents\GitHub\QE_Refano-Saputra\11_Web_Programming_&amp;_Testing\praktikum\Web_Testing\Prioritas1\alta\target\test-classes;C:\Users\Bunayya Zulfikar\.m2\repository\net\serenity-bdd\serenity-core\3.6.21\serenity-core-3.6.21.jar;C:\Users\Bunayya Zulfikar\.m2\repository\net\serenity-bdd\serenity-model\3.6.21\serenity-model-3.6.21.jar;C:\Users\Bunayya Zulfikar\.m2\repository\org\apache\commons\commons-text\1.10.0\commons-text-1.10.0.jar;C:\Users\Bunayya Zulfikar\.m2\repository\commons-net\commons-net\3.9.0\commons-net-3.9.0.jar;C:\Users\Bunayya Zulfikar\.m2\repository\com\google\guava\guava\31.1-jre\guava-31.1-jre.jar;C:\Users\Bunayya Zulfikar\.m2\repository\com\google\guava\failureaccess\1.0.1\failureaccess-1.0.1.jar;C:\Users\Bunayya Zulfikar\.m2\repository\com\google\guava\listenablefuture\9999.0-empty-to-avoid-conflict-with-guava\listenablefuture-9999.0-empty-to-avoid-conflict-with-guava.jar;C:\Users\Bunayya Zulfikar\.m2\repository\com\google\code\findbugs\jsr305\3.0.2\jsr305-3.0.2.jar;C:\Users\Bunayya Zulfikar\.m2\repository\org\checkerframework\checker-qual\3.12.0\checker-qual-3.12.0.jar;C:\Users\Bunayya Zulfikar\.m2\repository\com\google\errorprone\error_prone_annotations\2.11.0\error_prone_annotations-2.11.0.jar;C:\Users\Bunayya Zulfikar\.m2\repository\com\google\j2objc\j2objc-annotations\1.3\j2objc-annotations-1.3.jar;C:\Users\Bunayya Zulfikar\.m2\repository\com\google\inject\guice\5.1.0\guice-5.1.0.jar;C:\Users\Bunayya Zulfikar\.m2\repository\javax\inject\javax.inject\1\javax.inject-1.jar;C:\Users\Bunayya Zulfikar\.m2\repository\aopalliance\aopalliance\1.0\aopalliance-1.0.jar;C:\Users\Bunayya Zulfikar\.m2\repository\org\jsoup\jsoup\1.14.3\jsoup-1.14.3.jar;C:\Users\Bunayya Zulfikar\.m2\repository\com\thoughtworks\xstream\xstream\1.4.20\xstream-1.4.20.jar;C:\Users\Bunayya Zulfikar\.m2\repository\io\github\x-stream\mxparser\1.2.2\mxparser-1.2.2.jar;C:\Users\Bunayya Zulfikar\.m2\repository\xmlpull\xmlpull\1.1.3.1\xmlpull-1.1.3.1.jar;C:\Users\Bunayya Zulfikar\.m2\repository\com\typesafe\config\1.4.2\config-1.4.2.jar;C:\Users\Bunayya Zulfikar\.m2\repository\org\imgscalr\imgscalr-lib\4.2\imgscalr-lib-4.2.jar;C:\Users\Bunayya Zulfikar\.m2\repository\org\awaitility\awaitility\4.2.0\awaitility-4.2.0.jar;C:\Users\Bunayya Zulfikar\.m2\repository\org\freemarker\freemarker\2.3.31\freemarker-2.3.31.jar;C:\Users\Bunayya Zulfikar\.m2\repository\io\github\classgraph\classgraph\4.8.138\classgraph-4.8.138.jar;C:\Users\Bunayya Zulfikar\.m2\repository\net\sourceforge\jexcelapi\jxl\2.6.12\jxl-2.6.12.jar;C:\Users\Bunayya Zulfikar\.m2\repository\net\bytebuddy\byte-buddy-agent\1.14.2\byte-buddy-agent-1.14.2.jar;C:\Users\Bunayya Zulfikar\.m2\repository\org\objenesis\objenesis\3.3\objenesis-3.3.jar;C:\Users\Bunayya Zulfikar\.m2\repository\net\serenity-bdd\serenity-reports\3.6.21\serenity-reports-3.6.21.jar;C:\Users\Bunayya Zulfikar\.m2\repository\net\serenity-bdd\serenity-stats\3.6.21\serenity-stats-3.6.21.jar;C:\Users\Bunayya Zulfikar\.m2\repository\net\serenity-bdd\serenity-reports-configuration\3.6.21\serenity-reports-configuration-3.6.21.jar;C:\Users\Bunayya Zulfikar\.m2\repository\com\vladsch\flexmark\flexmark-all\0.62.2\flexmark-all-0.62.2.jar;C:\Users\Bunayya Zulfikar\.m2\repository\com\vladsch\flexmark\flexmark\0.62.2\flexmark-0.62.2.jar;C:\Users\Bunayya Zulfikar\.m2\repository\com\vladsch\flexmark\flexmark-ext-abbreviation\0.62.2\flexmark-ext-abbreviation-0.62.2.jar;C:\Users\Bunayya Zulfikar\.m2\repository\com\vladsch\flexmark\flexmark-util\0.62.2\flexmark-util-0.62.2.jar;C:\Users\Bunayya Zulfikar\.m2\repository\com\vladsch\flexmark\flexmark-ext-admonition\0.62.2\flexmark-ext-admonition-0.62.2.jar;C:\Users\Bunayya Zulfikar\.m2\repository\com\vladsch\flexmark\flexmark-ext-anchorlink\0.62.2\flexmark-ext-anchorlink-0.62.2.jar;C:\Users\Bunayya Zulfikar\.m2\repository\com\vladsch\flexmark\flexmark-ext-aside\0.62.2\flexmark-ext-aside-0.62.2.jar;C:\Users\Bunayya Zulfikar\.m2\repository\com\vladsch\flexmark\flexmark-ext-attributes\0.62.2\flexmark-ext-attributes-0.62.2.jar;C:\Users\Bunayya Zulfikar\.m2\repository\com\vladsch\flexmark\flexmark-ext-autolink\0.62.2\flexmark-ext-autolink-0.62.2.jar;C:\Users\Bunayya Zulfikar\.m2\repository\org\nibor\autolink\autolink\0.6.0\autolink-0.6.0.jar;C:\Users\Bunayya Zulfikar\.m2\repository\com\vladsch\flexmark\flexmark-ext-definition\0.62.2\flexmark-ext-definition-0.62.2.jar;C:\Users\Bunayya Zulfikar\.m2\repository\com\vladsch\flexmark\flexmark-ext-emoji\0.62.2\flexmark-ext-emoji-0.62.2.jar;C:\Users\Bunayya Zulfikar\.m2\repository\com\vladsch\flexmark\flexmark-ext-enumerated-reference\0.62.2\flexmark-ext-enumerated-reference-0.62.2.jar;C:\Users\Bunayya Zulfikar\.m2\repository\com\vladsch\flexmark\flexmark-ext-escaped-character\0.62.2\flexmark-ext-escaped-character-0.62.2.jar;C:\Users\Bunayya Zulfikar\.m2\repository\com\vladsch\flexmark\flexmark-ext-footnotes\0.62.2\flexmark-ext-footnotes-0.62.2.jar;C:\Users\Bunayya Zulfikar\.m2\repository\com\vladsch\flexmark\flexmark-ext-gfm-issues\0.62.2\flexmark-ext-gfm-issues-0.62.2.jar;C:\Users\Bunayya Zulfikar\.m2\repository\com\vladsch\flexmark\flexmark-ext-gfm-strikethrough\0.62.2\flexmark-ext-gfm-strikethrough-0.62.2.jar;C:\Users\Bunayya Zulfikar\.m2\repository\com\vladsch\flexmark\flexmark-ext-gfm-tasklist\0.62.2\flexmark-ext-gfm-tasklist-0.62.2.jar;C:\Users\Bunayya Zulfikar\.m2\repository\com\vladsch\flexmark\flexmark-ext-gfm-users\0.62.2\flexmark-ext-gfm-users-0.62.2.jar;C:\Users\Bunayya Zulfikar\.m2\repository\com\vladsch\flexmark\flexmark-ext-gitlab\0.62.2\flexmark-ext-gitlab-0.62.2.jar;C:\Users\Bunayya Zulfikar\.m2\repository\com\vladsch\flexmark\flexmark-ext-jekyll-front-matter\0.62.2\flexmark-ext-jekyll-front-matter-0.62.2.jar;C:\Users\Bunayya Zulfikar\.m2\repository\com\vladsch\flexmark\flexmark-ext-jekyll-tag\0.62.2\flexmark-ext-jekyll-tag-0.62.2.jar;C:\Users\Bunayya Zulfikar\.m2\repository\com\vladsch\flexmark\flexmark-ext-media-tags\0.62.2\flexmark-ext-media-tags-0.62.2.jar;C:\Users\Bunayya Zulfikar\.m2\repository\com\vladsch\flexmark\flexmark-ext-macros\0.62.2\flexmark-ext-macros-0.62.2.jar;C:\Users\Bunayya Zulfikar\.m2\repository\com\vladsch\flexmark\flexmark-ext-ins\0.62.2\flexmark-ext-ins-0.62.2.jar;C:\Users\Bunayya Zulfikar\.m2\repository\com\vladsch\flexmark\flexmark-ext-xwiki-macros\0.62.2\flexmark-ext-xwiki-macros-0.62.2.jar;C:\Users\Bunayya Zulfikar\.m2\repository\com\vladsch\flexmark\flexmark-ext-superscript\0.62.2\flexmark-ext-superscript-0.62.2.jar;C:\Users\Bunayya Zulfikar\.m2\repository\com\vladsch\flexmark\flexmark-ext-tables\0.62.2\flexmark-ext-tables-0.62.2.jar;C:\Users\Bunayya Zulfikar\.m2\repository\com\vladsch\flexmark\flexmark-ext-toc\0.62.2\flexmark-ext-toc-0.62.2.jar;C:\Users\Bunayya Zulfikar\.m2\repository\com\vladsch\flexmark\flexmark-ext-typographic\0.62.2\flexmark-ext-typographic-0.62.2.jar;C:\Users\Bunayya Zulfikar\.m2\repository\com\vladsch\flexmark\flexmark-ext-wikilink\0.62.2\flexmark-ext-wikilink-0.62.2.jar;C:\Users\Bunayya Zulfikar\.m2\repository\com\vladsch\flexmark\flexmark-ext-yaml-front-matter\0.62.2\flexmark-ext-yaml-front-matter-0.62.2.jar;C:\Users\Bunayya Zulfikar\.m2\repository\com\vladsch\flexmark\flexmark-ext-youtube-embedded\0.62.2\flexmark-ext-youtube-embedded-0.62.2.jar;C:\Users\Bunayya Zulfikar\.m2\repository\com\vladsch\flexmark\flexmark-html2md-converter\0.62.2\flexmark-html2md-converter-0.62.2.jar;C:\Users\Bunayya Zulfikar\.m2\repository\com\vladsch\flexmark\flexmark-jira-converter\0.62.2\flexmark-jira-converter-0.62.2.jar;C:\Users\Bunayya Zulfikar\.m2\repository\com\vladsch\flexmark\flexmark-pdf-converter\0.62.2\flexmark-pdf-converter-0.62.2.jar;C:\Users\Bunayya Zulfikar\.m2\repository\com\openhtmltopdf\openhtmltopdf-core\1.0.0\openhtmltopdf-core-1.0.0.jar;C:\Users\Bunayya Zulfikar\.m2\repository\com\openhtmltopdf\openhtmltopdf-pdfbox\1.0.0\openhtmltopdf-pdfbox-1.0.0.jar;C:\Users\Bunayya Zulfikar\.m2\repository\org\apache\pdfbox\pdfbox\2.0.16\pdfbox-2.0.16.jar;C:\Users\Bunayya Zulfikar\.m2\repository\org\apache\pdfbox\fontbox\2.0.16\fontbox-2.0.16.jar;C:\Users\Bunayya Zulfikar\.m2\repository\org\apache\pdfbox\xmpbox\2.0.16\xmpbox-2.0.16.jar;C:\Users\Bunayya Zulfikar\.m2\repository\de\rototor\pdfbox\graphics2d\0.24\graphics2d-0.24.jar;C:\Users\Bunayya Zulfikar\.m2\repository\com\openhtmltopdf\openhtmltopdf-rtl-support\1.0.0\openhtmltopdf-rtl-support-1.0.0.jar;C:\Users\Bunayya Zulfikar\.m2\repository\com\openhtmltopdf\openhtmltopdf-jsoup-dom-converter\1.0.0\openhtmltopdf-jsoup-dom-converter-1.0.0.jar;C:\Users\Bunayya Zulfikar\.m2\repository\com\vladsch\flexmark\flexmark-profile-pegdown\0.62.2\flexmark-profile-pegdown-0.62.2.jar;C:\Users\Bunayya Zulfikar\.m2\repository\com\vladsch\flexmark\flexmark-util-ast\0.62.2\flexmark-util-ast-0.62.2.jar;C:\Users\Bunayya Zulfikar\.m2\repository\com\vladsch\flexmark\flexmark-util-builder\0.62.2\flexmark-util-builder-0.62.2.jar;C:\Users\Bunayya Zulfikar\.m2\repository\com\vladsch\flexmark\flexmark-util-collection\0.62.2\flexmark-util-collection-0.62.2.jar;C:\Users\Bunayya Zulfikar\.m2\repository\com\vladsch\flexmark\flexmark-util-data\0.62.2\flexmark-util-data-0.62.2.jar;C:\Users\Bunayya Zulfikar\.m2\repository\com\vladsch\flexmark\flexmark-util-dependency\0.62.2\flexmark-util-dependency-0.62.2.jar;C:\Users\Bunayya Zulfikar\.m2\repository\com\vladsch\flexmark\flexmark-util-format\0.62.2\flexmark-util-format-0.62.2.jar;C:\Users\Bunayya Zulfikar\.m2\repository\com\vladsch\flexmark\flexmark-util-html\0.62.2\flexmark-util-html-0.62.2.jar;C:\Users\Bunayya Zulfikar\.m2\repository\com\vladsch\flexmark\flexmark-util-misc\0.62.2\flexmark-util-misc-0.62.2.jar;C:\Users\Bunayya Zulfikar\.m2\repository\com\vladsch\flexmark\flexmark-util-options\0.62.2\flexmark-util-options-0.62.2.jar;C:\Users\Bunayya Zulfikar\.m2\repository\com\vladsch\flexmark\flexmark-util-sequence\0.62.2\flexmark-util-sequence-0.62.2.jar;C:\Users\Bunayya Zulfikar\.m2\repository\com\vladsch\flexmark\flexmark-util-visitor\0.62.2\flexmark-util-visitor-0.62.2.jar;C:\Users\Bunayya Zulfikar\.m2\repository\com\vladsch\flexmark\flexmark-youtrack-converter\0.62.2\flexmark-youtrack-converter-0.62.2.jar;C:\Users\Bunayya Zulfikar\.m2\repository\com\ibm\icu\icu4j\72.1\icu4j-72.1.jar;C:\Users\Bunayya Zulfikar\.m2\repository\es\nitaur\markdown\txtmark\0.16\txtmark-0.16.jar;C:\Users\Bunayya Zulfikar\.m2\repository\net\serenity-bdd\serenity-report-resources\3.6.21\serenity-report-resources-3.6.21.jar;C:\Users\Bunayya Zulfikar\.m2\repository\com\google\code\gson\gson\2.10.1\gson-2.10.1.jar;C:\Users\Bunayya Zulfikar\.m2\repository\com\fasterxml\jackson\core\jackson-core\2.15.0-rc1\jackson-core-2.15.0-rc1.jar;C:\Users\Bunayya Zulfikar\.m2\repository\com\fasterxml\jackson\core\jackson-databind\2.15.0-rc1\jackson-databind-2.15.0-rc1.jar;C:\Users\Bunayya Zulfikar\.m2\repository\com\fasterxml\jackson\core\jackson-annotations\2.15.0-rc1\jackson-annotations-2.15.0-rc1.jar;C:\Users\Bunayya Zulfikar\.m2\repository\commons-codec\commons-codec\1.15\commons-codec-1.15.jar;C:\Users\Bunayya Zulfikar\.m2\repository\commons-io\commons-io\2.11.0\commons-io-2.11.0.jar;C:\Users\Bunayya Zulfikar\.m2\repository\org\apache\httpcomponents\httpclient\4.5.13\httpclient-4.5.13.jar;C:\Users\Bunayya Zulfikar\.m2\repository\org\apache\httpcomponents\httpcore\4.4.13\httpcore-4.4.13.jar;C:\Users\Bunayya Zulfikar\.m2\repository\commons-logging\commons-logging\1.2\commons-logging-1.2.jar;C:\Users\Bunayya Zulfikar\.m2\repository\org\seleniumhq\selenium\selenium-java\4.8.1\selenium-java-4.8.1.jar;C:\Users\Bunayya Zulfikar\.m2\repository\org\seleniumhq\selenium\selenium-devtools-v108\4.8.1\selenium-devtools-v108-4.8.1.jar;C:\Users\Bunayya Zulfikar\.m2\repository\org\seleniumhq\selenium\selenium-devtools-v109\4.8.1\selenium-devtools-v109-4.8.1.jar;C:\Users\Bunayya Zulfikar\.m2\repository\org\seleniumhq\selenium\selenium-devtools-v110\4.8.1\selenium-devtools-v110-4.8.1.jar;C:\Users\Bunayya Zulfikar\.m2\repository\org\seleniumhq\selenium\selenium-devtools-v85\4.8.1\selenium-devtools-v85-4.8.1.jar;C:\Users\Bunayya Zulfikar\.m2\repository\org\seleniumhq\selenium\selenium-remote-driver\4.8.1\selenium-remote-driver-4.8.1.jar;C:\Users\Bunayya Zulfikar\.m2\repository\com\beust\jcommander\1.82\jcommander-1.82.jar;C:\Users\Bunayya Zulfikar\.m2\repository\io\netty\netty-buffer\4.1.87.Final\netty-buffer-4.1.87.Final.jar;C:\Users\Bunayya Zulfikar\.m2\repository\io\netty\netty-codec-http\4.1.87.Final\netty-codec-http-4.1.87.Final.jar;C:\Users\Bunayya Zulfikar\.m2\repository\io\netty\netty-codec\4.1.87.Final\netty-codec-4.1.87.Final.jar;C:\Users\Bunayya Zulfikar\.m2\repository\io\netty\netty-handler\4.1.87.Final\netty-handler-4.1.87.Final.jar;C:\Users\Bunayya Zulfikar\.m2\repository\io\netty\netty-common\4.1.87.Final\netty-common-4.1.87.Final.jar;C:\Users\Bunayya Zulfikar\.m2\repository\io\netty\netty-transport-classes-epoll\4.1.87.Final\netty-transport-classes-epoll-4.1.87.Final.jar;C:\Users\Bunayya Zulfikar\.m2\repository\io\netty\netty-transport-classes-kqueue\4.1.87.Final\netty-transport-classes-kqueue-4.1.87.Final.jar;C:\Users\Bunayya Zulfikar\.m2\repository\io\netty\netty-transport-native-epoll\4.1.87.Final\netty-transport-native-epoll-4.1.87.Final.jar;C:\Users\Bunayya Zulfikar\.m2\repository\io\netty\netty-transport-native-kqueue\4.1.87.Final\netty-transport-native-kqueue-4.1.87.Final.jar;C:\Users\Bunayya Zulfikar\.m2\repository\io\netty\netty-transport-native-unix-common\4.1.87.Final\netty-transport-native-unix-common-4.1.87.Final.jar;C:\Users\Bunayya Zulfikar\.m2\repository\io\netty\netty-transport\4.1.87.Final\netty-transport-4.1.87.Final.jar;C:\Users\Bunayya Zulfikar\.m2\repository\io\netty\netty-resolver\4.1.87.Final\netty-resolver-4.1.87.Final.jar;C:\Users\Bunayya Zulfikar\.m2\repository\io\opentelemetry\opentelemetry-api\1.22.0\opentelemetry-api-1.22.0.jar;C:\Users\Bunayya Zulfikar\.m2\repository\io\opentelemetry\opentelemetry-context\1.22.0\opentelemetry-context-1.22.0.jar;C:\Users\Bunayya Zulfikar\.m2\repository\io\opentelemetry\opentelemetry-exporter-logging\1.22.0\opentelemetry-exporter-logging-1.22.0.jar;C:\Users\Bunayya Zulfikar\.m2\repository\io\opentelemetry\opentelemetry-sdk-metrics\1.22.0\opentelemetry-sdk-metrics-1.22.0.jar;C:\Users\Bunayya Zulfikar\.m2\repository\io\opentelemetry\opentelemetry-sdk-logs\1.22.0-alpha\opentelemetry-sdk-logs-1.22.0-alpha.jar;C:\Users\Bunayya Zulfikar\.m2\repository\io\opentelemetry\opentelemetry-api-logs\1.22.0-alpha\opentelemetry-api-logs-1.22.0-alpha.jar;C:\Users\Bunayya Zulfikar\.m2\repository\io\opentelemetry\opentelemetry-sdk-common\1.22.0\opentelemetry-sdk-common-1.22.0.jar;C:\Users\Bunayya Zulfikar\.m2\repository\io\opentelemetry\opentelemetry-sdk-extension-autoconfigure-spi\1.22.0\opentelemetry-sdk-extension-autoconfigure-spi-1.22.0.jar;C:\Users\Bunayya Zulfikar\.m2\repository\io\opentelemetry\opentelemetry-sdk-extension-autoconfigure\1.22.0-alpha\opentelemetry-sdk-extension-autoconfigure-1.22.0-alpha.jar;C:\Users\Bunayya Zulfikar\.m2\repository\io\opentelemetry\opentelemetry-sdk-trace\1.22.0\opentelemetry-sdk-trace-1.22.0.jar;C:\Users\Bunayya Zulfikar\.m2\repository\io\opentelemetry\opentelemetry-sdk\1.22.0\opentelemetry-sdk-1.22.0.jar;C:\Users\Bunayya Zulfikar\.m2\repository\io\opentelemetry\opentelemetry-semconv\1.22.0-alpha\opentelemetry-semconv-1.22.0-alpha.jar;C:\Users\Bunayya Zulfikar\.m2\repository\io\ous\jtoml\2.0.0\jtoml-2.0.0.jar;C:\Users\Bunayya Zulfikar\.m2\repository\org\apache\commons\commons-exec\1.3\commons-exec-1.3.jar;C:\Users\Bunayya Zulfikar\.m2\repository\org\asynchttpclient\async-http-client\2.12.3\async-http-client-2.12.3.jar;C:\Users\Bunayya Zulfikar\.m2\repository\org\asynchttpclient\async-http-client-netty-utils\2.12.3\async-http-client-netty-utils-2.12.3.jar;C:\Users\Bunayya Zulfikar\.m2\repository\io\netty\netty-codec-socks\4.1.60.Final\netty-codec-socks-4.1.60.Final.jar;C:\Users\Bunayya Zulfikar\.m2\repository\io\netty\netty-handler-proxy\4.1.60.Final\netty-handler-proxy-4.1.60.Final.jar;C:\Users\Bunayya Zulfikar\.m2\repository\io\netty\netty-transport-native-epoll\4.1.60.Final\netty-transport-native-epoll-4.1.60.Final-linux-x86_64.jar;C:\Users\Bunayya Zulfikar\.m2\repository\io\netty\netty-transport-native-kqueue\4.1.60.Final\netty-transport-native-kqueue-4.1.60.Final-osx-x86_64.jar;C:\Users\Bunayya Zulfikar\.m2\repository\org\reactivestreams\reactive-streams\1.0.3\reactive-streams-1.0.3.jar;C:\Users\Bunayya Zulfikar\.m2\repository\com\typesafe\netty\netty-reactive-streams\2.0.4\netty-reactive-streams-2.0.4.jar;C:\Users\Bunayya Zulfikar\.m2\repository\org\seleniumhq\selenium\selenium-manager\4.8.1\selenium-manager-4.8.1.jar;C:\Users\Bunayya Zulfikar\.m2\repository\org\seleniumhq\selenium\selenium-safari-driver\4.8.1\selenium-safari-driver-4.8.1.jar;C:\Users\Bunayya Zulfikar\.m2\repository\org\seleniumhq\selenium\selenium-api\4.8.1\selenium-api-4.8.1.jar;C:\Users\Bunayya Zulfikar\.m2\repository\org\seleniumhq\selenium\selenium-support\4.8.1\selenium-support-4.8.1.jar;C:\Users\Bunayya Zulfikar\.m2\repository\com\google\auto\service\auto-service-annotations\1.0.1\auto-service-annotations-1.0.1.jar;C:\Users\Bunayya Zulfikar\.m2\repository\com\google\auto\service\auto-service\1.0.1\auto-service-1.0.1.jar;C:\Users\Bunayya Zulfikar\.m2\repository\com\google\auto\auto-common\1.2\auto-common-1.2.jar;C:\Users\Bunayya Zulfikar\.m2\repository\org\seleniumhq\selenium\selenium-json\4.8.1\selenium-json-4.8.1.jar;C:\Users\Bunayya Zulfikar\.m2\repository\org\seleniumhq\selenium\selenium-chrome-driver\4.8.1\selenium-chrome-driver-4.8.1.jar;C:\Users\Bunayya Zulfikar\.m2\repository\org\seleniumhq\selenium\selenium-chromium-driver\4.8.1\selenium-chromium-driver-4.8.1.jar;C:\Users\Bunayya Zulfikar\.m2\repository\org\seleniumhq\selenium\selenium-firefox-driver\4.8.1\selenium-firefox-driver-4.8.1.jar;C:\Users\Bunayya Zulfikar\.m2\repository\org\seleniumhq\selenium\selenium-http\4.8.1\selenium-http-4.8.1.jar;C:\Users\Bunayya Zulfikar\.m2\repository\dev\failsafe\failsafe\3.3.0\failsafe-3.3.0.jar;C:\Users\Bunayya Zulfikar\.m2\repository\org\seleniumhq\selenium\selenium-edge-driver\4.8.1\selenium-edge-driver-4.8.1.jar;C:\Users\Bunayya Zulfikar\.m2\repository\org\seleniumhq\selenium\selenium-ie-driver\4.8.1\selenium-ie-driver-4.8.1.jar;C:\Users\Bunayya Zulfikar\.m2\repository\org\projectlombok\lombok\1.18.20\lombok-1.18.20.jar;C:\Users\Bunayya Zulfikar\.m2\repository\io\appium\java-client\8.3.0\java-client-8.3.0.jar;C:\Users\Bunayya Zulfikar\.m2\repository\commons-validator\commons-validator\1.7\commons-validator-1.7.jar;C:\Users\Bunayya Zulfikar\.m2\repository\commons-digester\commons-digester\2.1\commons-digester-2.1.jar;C:\Users\Bunayya Zulfikar\.m2\repository\org\apache\groovy\groovy\4.0.10\groovy-4.0.10.jar;C:\Users\Bunayya Zulfikar\.m2\repository\net\sf\opencsv\opencsv\2.0\opencsv-2.0.jar;C:\Users\Bunayya Zulfikar\.m2\repository\commons-beanutils\commons-beanutils\1.9.4\commons-beanutils-1.9.4.jar;C:\Users\Bunayya Zulfikar\.m2\repository\org\apache\commons\commons-lang3\3.12.0\commons-lang3-3.12.0.jar;C:\Users\Bunayya Zulfikar\.m2\repository\commons-collections\commons-collections\3.2.2\commons-collections-3.2.2.jar;C:\Users\Bunayya Zulfikar\.m2\repository\org\fluentlenium\fluentlenium-core\0.10.2\fluentlenium-core-0.10.2.jar;C:\Users\Bunayya Zulfikar\.m2\repository\io\github\bonigarcia\webdrivermanager\5.3.0\webdrivermanager-5.3.0.jar;C:\Users\Bunayya Zulfikar\.m2\repository\com\github\docker-java\docker-java\3.2.13\docker-java-3.2.13.jar;C:\Users\Bunayya Zulfikar\.m2\repository\com\github\docker-java\docker-java-core\3.2.13\docker-java-core-3.2.13.jar;C:\Users\Bunayya Zulfikar\.m2\repository\com\github\docker-java\docker-java-api\3.2.13\docker-java-api-3.2.13.jar;C:\Users\Bunayya Zulfikar\.m2\repository\org\apache\commons\commons-compress\1.21\commons-compress-1.21.jar;C:\Users\Bunayya Zulfikar\.m2\repository\org\bouncycastle\bcpkix-jdk15on\1.64\bcpkix-jdk15on-1.64.jar;C:\Users\Bunayya Zulfikar\.m2\repository\org\bouncycastle\bcprov-jdk15on\1.64\bcprov-jdk15on-1.64.jar;C:\Users\Bunayya Zulfikar\.m2\repository\org\slf4j\jcl-over-slf4j\1.7.30\jcl-over-slf4j-1.7.30.jar;C:\Users\Bunayya Zulfikar\.m2\repository\com\github\docker-java\docker-java-transport-httpclient5\3.2.13\docker-java-transport-httpclient5-3.2.13.jar;C:\Users\Bunayya Zulfikar\.m2\repository\com\github\docker-java\docker-java-transport\3.2.13\docker-java-transport-3.2.13.jar;C:\Users\Bunayya Zulfikar\.m2\repository\net\java\dev\jna\jna\5.8.0\jna-5.8.0.jar;C:\Users\Bunayya Zulfikar\.m2\repository\org\brotli\dec\0.1.2\dec-0.1.2.jar;C:\Users\Bunayya Zulfikar\.m2\repository\org\apache\httpcomponents\client5\httpclient5\5.1.3\httpclient5-5.1.3.jar;C:\Users\Bunayya Zulfikar\.m2\repository\org\apache\httpcomponents\core5\httpcore5\5.1.3\httpcore5-5.1.3.jar;C:\Users\Bunayya Zulfikar\.m2\repository\org\apache\httpcomponents\core5\httpcore5-h2\5.1.3\httpcore5-h2-5.1.3.jar;C:\Users\Bunayya Zulfikar\.m2\repository\com\jhlabs\filters\2.0.235\filters-2.0.235.jar;C:\Users\Bunayya Zulfikar\.m2\repository\com\paulhammant\ngwebdriver\1.1.6\ngwebdriver-1.1.6.jar;C:\Users\Bunayya Zulfikar\.m2\repository\joda-time\joda-time\2.12.2\joda-time-2.12.2.jar;C:\Users\Bunayya Zulfikar\.m2\repository\org\hamcrest\hamcrest\2.2\hamcrest-2.2.jar;C:\Users\Bunayya Zulfikar\.m2\repository\com\google\jimfs\jimfs\1.2\jimfs-1.2.jar;C:\Users\Bunayya Zulfikar\.m2\repository\org\mockito\mockito-core\3.3.3\mockito-core-3.3.3.jar;C:\Users\Bunayya Zulfikar\.m2\repository\javax\xml\bind\jaxb-api\2.3.1\jaxb-api-2.3.1.jar;C:\Users\Bunayya Zulfikar\.m2\repository\javax\activation\javax.activation-api\1.2.0\javax.activation-api-1.2.0.jar;C:\Users\Bunayya Zulfikar\.m2\repository\com\sun\xml\bind\jaxb-core\2.3.0.1\jaxb-core-2.3.0.1.jar;C:\Users\Bunayya Zulfikar\.m2\repository\com\sun\xml\bind\jaxb-impl\2.3.3\jaxb-impl-2.3.3.jar;C:\Users\Bunayya Zulfikar\.m2\repository\jakarta\xml\bind\jakarta.xml.bind-api\2.3.3\jakarta.xml.bind-api-2.3.3.jar;C:\Users\Bunayya Zulfikar\.m2\repository\com\sun\activation\jakarta.activation\1.2.2\jakarta.activation-1.2.2.jar;C:\Users\Bunayya Zulfikar\.m2\repository\javax\activation\activation\1.1.1\activation-1.1.1.jar;C:\Users\Bunayya Zulfikar\.m2\repository\net\serenity-bdd\serenity-cucumber\3.6.21\serenity-cucumber-3.6.21.jar;C:\Users\Bunayya Zulfikar\.m2\repository\io\cucumber\cucumber-core\7.11.0\cucumber-core-7.11.0.jar;C:\Users\Bunayya Zulfikar\.m2\repository\io\cucumber\cucumber-gherkin\7.11.0\cucumber-gherkin-7.11.0.jar;C:\Users\Bunayya Zulfikar\.m2\repository\io\cucumber\cucumber-gherkin-messages\7.11.0\cucumber-gherkin-messages-7.11.0.jar;C:\Users\Bunayya Zulfikar\.m2\repository\io\cucumber\gherkin\26.0.3\gherkin-26.0.3.jar;C:\Users\Bunayya Zulfikar\.m2\repository\io\cucumber\messages\21.0.1\messages-21.0.1.jar;C:\Users\Bunayya Zulfikar\.m2\repository\io\cucumber\tag-expressions\5.0.1\tag-expressions-5.0.1.jar;C:\Users\Bunayya Zulfikar\.m2\repository\io\cucumber\cucumber-expressions\16.1.1\cucumber-expressions-16.1.1.jar;C:\Users\Bunayya Zulfikar\.m2\repository\io\cucumber\datatable\7.11.0\datatable-7.11.0.jar;C:\Users\Bunayya Zulfikar\.m2\repository\io\cucumber\cucumber-plugin\7.11.0\cucumber-plugin-7.11.0.jar;C:\Users\Bunayya Zulfikar\.m2\repository\io\cucumber\docstring\7.11.0\docstring-7.11.0.jar;C:\Users\Bunayya Zulfikar\.m2\repository\io\cucumber\html-formatter\20.2.1\html-formatter-20.2.1.jar;C:\Users\Bunayya Zulfikar\.m2\repository\io\cucumber\junit-xml-formatter\0.1.0\junit-xml-formatter-0.1.0.jar;C:\Users\Bunayya Zulfikar\.m2\repository\io\cucumber\ci-environment\9.1.0\ci-environment-9.1.0.jar;C:\Users\Bunayya Zulfikar\.m2\repository\io\cucumber\cucumber-java\7.11.0\cucumber-java-7.11.0.jar;C:\Users\Bunayya Zulfikar\.m2\repository\io\cucumber\cucumber-junit\7.11.0\cucumber-junit-7.11.0.jar;C:\Users\Bunayya Zulfikar\.m2\repository\org\apache\commons\commons-csv\1.5\commons-csv-1.5.jar;C:\Users\Bunayya Zulfikar\.m2\repository\net\serenity-bdd\serenity-screenplay\3.6.21\serenity-screenplay-3.6.21.jar;C:\Users\Bunayya Zulfikar\.m2\repository\net\serenity-bdd\serenity-screenplay-webdriver\3.6.21\serenity-screenplay-webdriver-3.6.21.jar;C:\Users\Bunayya Zulfikar\.m2\repository\net\serenity-bdd\serenity-ensure\3.6.21\serenity-ensure-3.6.21.jar;C:\Users\Bunayya Zulfikar\.m2\repository\net\serenity-bdd\serenity-junit\3.6.21\serenity-junit-3.6.21.jar;C:\Users\Bunayya Zulfikar\.m2\repository\org\jetbrains\kotlin\kotlin-stdlib\1.8.10\kotlin-stdlib-1.8.10.jar;C:\Users\Bunayya Zulfikar\.m2\repository\org\jetbrains\kotlin\kotlin-stdlib-common\1.8.10\kotlin-stdlib-common-1.8.10.jar;C:\Users\Bunayya Zulfikar\.m2\repository\org\jetbrains\annotations\13.0\annotations-13.0.jar;C:\Users\Bunayya Zulfikar\.m2\repository\org\junit\platform\junit-platform-launcher\1.8.2\junit-platform-launcher-1.8.2.jar;C:\Users\Bunayya Zulfikar\.m2\repository\org\junit\platform\junit-platform-engine\1.8.2\junit-platform-engine-1.8.2.jar;C:\Users\Bunayya Zulfikar\.m2\repository\org\opentest4j\opentest4j\1.2.0\opentest4j-1.2.0.jar;C:\Users\Bunayya Zulfikar\.m2\repository\org\junit\platform\junit-platform-commons\1.8.2\junit-platform-commons-1.8.2.jar;C:\Users\Bunayya Zulfikar\.m2\repository\org\apiguardian\apiguardian-api\1.1.2\apiguardian-api-1.1.2.jar;C:\Users\Bunayya Zulfikar\.m2\repository\org\junit\jupiter\junit-jupiter-engine\5.8.2\junit-jupiter-engine-5.8.2.jar;C:\Users\Bunayya Zulfikar\.m2\repository\org\junit\jupiter\junit-jupiter-api\5.8.2\junit-jupiter-api-5.8.2.jar;C:\Users\Bunayya Zulfikar\.m2\repository\org\junit\vintage\junit-vintage-engine\5.8.2\junit-vintage-engine-5.8.2.jar;C:\Users\Bunayya Zulfikar\.m2\repository\junit\junit\4.13.2\junit-4.13.2.jar;C:\Users\Bunayya Zulfikar\.m2\repository\org\hamcrest\hamcrest-core\1.3\hamcrest-core-1.3.jar;C:\Users\Bunayya Zulfikar\.m2\repository\ch\qos\logback\logback-classic\1.2.10\logback-classic-1.2.10.jar;C:\Users\Bunayya Zulfikar\.m2\repository\ch\qos\logback\logback-core\1.2.10\logback-core-1.2.10.jar;C:\Users\Bunayya Zulfikar\.m2\repository\org\slf4j\slf4j-api\1.7.32\slf4j-api-1.7.32.jar;C:\Users\Bunayya Zulfikar\.m2\repository\org\assertj\assertj-core\3.23.1\assertj-core-3.23.1.jar;C:\Users\Bunayya Zulfikar\.m2\repository\net\bytebuddy\byte-buddy\1.12.10\byte-buddy-1.12.10.jar;"/>
    <property name="sun.cpu.endian" value="little"/>
    <property name="user.home" value="C:\Users\Bunayya Zulfikar"/>
    <property name="user.language" value="en"/>
    <property name="java.specification.vendor" value="Oracle Corporation"/>
    <property name="jdk.module.path" value="C:\Users\Bunayya Zulfikar\Documents\GitHub\QE_Refano-Saputra\11_Web_Programming_&amp;_Testing\praktikum\Web_Testing\Prioritas1\alta\target\alta-1.0-SNAPSHOT.jar"/>
    <property name="java.version.date" value="2022-04-22"/>
    <property name="java.home" value="C:\Program Files\java-se-8u41-ri"/>
    <property name="file.separator" value="\"/>
    <property name="basedir" value="C:\Users\Bunayya Zulfikar\Documents\GitHub\QE_Refano-Saputra\11_Web_Programming_&amp;_Testing\praktikum\Web_Testing\Prioritas1\alta"/>
    <property name="java.vm.compressedOopsMode" value="Zero based"/>
    <property name="line.separator" value="&#10;"/>
    <property name="java.vm.specification.vendor" value="Oracle Corporation"/>
    <property name="java.specification.name" value="Java Platform API Specification"/>
    <property name="surefire.real.class.path" value="C:\Users\Bunayya Zulfikar\.m2\repository\org\apache\maven\surefire\surefire-booter\3.0.0-M5\surefire-booter-3.0.0-M5.jar;C:\Users\Bunayya Zulfikar\.m2\repository\org\apache\maven\surefire\surefire-api\3.0.0-M5\surefire-api-3.0.0-M5.jar;C:\Users\Bunayya Zulfikar\.m2\repository\org\apache\maven\surefire\surefire-logger-api\3.0.0-M5\surefire-logger-api-3.0.0-M5.jar;C:\Users\Bunayya Zulfikar\.m2\repository\org\apache\maven\surefire\surefire-shared-utils\3.0.0-M4\surefire-shared-utils-3.0.0-M4.jar;C:\Users\Bunayya Zulfikar\.m2\repository\org\apache\maven\surefire\surefire-extensions-spi\3.0.0-M5\surefire-extensions-spi-3.0.0-M5.jar;C:\Users\Bunayya Zulfikar\Documents\GitHub\QE_Refano-Saputra\11_Web_Programming_&amp;_Testing\praktikum\Web_Testing\Prioritas1\alta\target\test-classes;C:\Users\Bunayya Zulfikar\.m2\repository\net\serenity-bdd\serenity-core\3.6.21\serenity-core-3.6.21.jar;C:\Users\Bunayya Zulfikar\.m2\repository\net\serenity-bdd\serenity-model\3.6.21\serenity-model-3.6.21.jar;C:\Users\Bunayya Zulfikar\.m2\repository\org\apache\commons\commons-text\1.10.0\commons-text-1.10.0.jar;C:\Users\Bunayya Zulfikar\.m2\repository\commons-net\commons-net\3.9.0\commons-net-3.9.0.jar;C:\Users\Bunayya Zulfikar\.m2\repository\com\google\guava\guava\31.1-jre\guava-31.1-jre.jar;C:\Users\Bunayya Zulfikar\.m2\repository\com\google\guava\failureaccess\1.0.1\failureaccess-1.0.1.jar;C:\Users\Bunayya Zulfikar\.m2\repository\com\google\guava\listenablefuture\9999.0-empty-to-avoid-conflict-with-guava\listenablefuture-9999.0-empty-to-avoid-conflict-with-guava.jar;C:\Users\Bunayya Zulfikar\.m2\repository\com\google\code\findbugs\jsr305\3.0.2\jsr305-3.0.2.jar;C:\Users\Bunayya Zulfikar\.m2\repository\org\checkerframework\checker-qual\3.12.0\checker-qual-3.12.0.jar;C:\Users\Bunayya Zulfikar\.m2\repository\com\google\errorprone\error_prone_annotations\2.11.0\error_prone_annotations-2.11.0.jar;C:\Users\Bunayya Zulfikar\.m2\repository\com\google\j2objc\j2objc-annotations\1.3\j2objc-annotations-1.3.jar;C:\Users\Bunayya Zulfikar\.m2\repository\com\google\inject\guice\5.1.0\guice-5.1.0.jar;C:\Users\Bunayya Zulfikar\.m2\repository\javax\inject\javax.inject\1\javax.inject-1.jar;C:\Users\Bunayya Zulfikar\.m2\repository\aopalliance\aopalliance\1.0\aopalliance-1.0.jar;C:\Users\Bunayya Zulfikar\.m2\repository\org\jsoup\jsoup\1.14.3\jsoup-1.14.3.jar;C:\Users\Bunayya Zulfikar\.m2\repository\com\thoughtworks\xstream\xstream\1.4.20\xstream-1.4.20.jar;C:\Users\Bunayya Zulfikar\.m2\repository\io\github\x-stream\mxparser\1.2.2\mxparser-1.2.2.jar;C:\Users\Bunayya Zulfikar\.m2\repository\xmlpull\xmlpull\1.1.3.1\xmlpull-1.1.3.1.jar;C:\Users\Bunayya Zulfikar\.m2\repository\com\typesafe\config\1.4.2\config-1.4.2.jar;C:\Users\Bunayya Zulfikar\.m2\repository\org\imgscalr\imgscalr-lib\4.2\imgscalr-lib-4.2.jar;C:\Users\Bunayya Zulfikar\.m2\repository\org\awaitility\awaitility\4.2.0\awaitility-4.2.0.jar;C:\Users\Bunayya Zulfikar\.m2\repository\org\freemarker\freemarker\2.3.31\freemarker-2.3.31.jar;C:\Users\Bunayya Zulfikar\.m2\repository\io\github\classgraph\classgraph\4.8.138\classgraph-4.8.138.jar;C:\Users\Bunayya Zulfikar\.m2\repository\net\sourceforge\jexcelapi\jxl\2.6.12\jxl-2.6.12.jar;C:\Users\Bunayya Zulfikar\.m2\repository\net\bytebuddy\byte-buddy-agent\1.14.2\byte-buddy-agent-1.14.2.jar;C:\Users\Bunayya Zulfikar\.m2\repository\org\objenesis\objenesis\3.3\objenesis-3.3.jar;C:\Users\Bunayya Zulfikar\.m2\repository\net\serenity-bdd\serenity-reports\3.6.21\serenity-reports-3.6.21.jar;C:\Users\Bunayya Zulfikar\.m2\repository\net\serenity-bdd\serenity-stats\3.6.21\serenity-stats-3.6.21.jar;C:\Users\Bunayya Zulfikar\.m2\repository\net\serenity-bdd\serenity-reports-configuration\3.6.21\serenity-reports-configuration-3.6.21.jar;C:\Users\Bunayya Zulfikar\.m2\repository\com\vladsch\flexmark\flexmark-all\0.62.2\flexmark-all-0.62.2.jar;C:\Users\Bunayya Zulfikar\.m2\repository\com\vladsch\flexmark\flexmark\0.62.2\flexmark-0.62.2.jar;C:\Users\Bunayya Zulfikar\.m2\repository\com\vladsch\flexmark\flexmark-ext-abbreviation\0.62.2\flexmark-ext-abbreviation-0.62.2.jar;C:\Users\Bunayya Zulfikar\.m2\repository\com\vladsch\flexmark\flexmark-util\0.62.2\flexmark-util-0.62.2.jar;C:\Users\Bunayya Zulfikar\.m2\repository\com\vladsch\flexmark\flexmark-ext-admonition\0.62.2\flexmark-ext-admonition-0.62.2.jar;C:\Users\Bunayya Zulfikar\.m2\repository\com\vladsch\flexmark\flexmark-ext-anchorlink\0.62.2\flexmark-ext-anchorlink-0.62.2.jar;C:\Users\Bunayya Zulfikar\.m2\repository\com\vladsch\flexmark\flexmark-ext-aside\0.62.2\flexmark-ext-aside-0.62.2.jar;C:\Users\Bunayya Zulfikar\.m2\repository\com\vladsch\flexmark\flexmark-ext-attributes\0.62.2\flexmark-ext-attributes-0.62.2.jar;C:\Users\Bunayya Zulfikar\.m2\repository\com\vladsch\flexmark\flexmark-ext-autolink\0.62.2\flexmark-ext-autolink-0.62.2.jar;C:\Users\Bunayya Zulfikar\.m2\repository\org\nibor\autolink\autolink\0.6.0\autolink-0.6.0.jar;C:\Users\Bunayya Zulfikar\.m2\repository\com\vladsch\flexmark\flexmark-ext-definition\0.62.2\flexmark-ext-definition-0.62.2.jar;C:\Users\Bunayya Zulfikar\.m2\repository\com\vladsch\flexmark\flexmark-ext-emoji\0.62.2\flexmark-ext-emoji-0.62.2.jar;C:\Users\Bunayya Zulfikar\.m2\repository\com\vladsch\flexmark\flexmark-ext-enumerated-reference\0.62.2\flexmark-ext-enumerated-reference-0.62.2.jar;C:\Users\Bunayya Zulfikar\.m2\repository\com\vladsch\flexmark\flexmark-ext-escaped-character\0.62.2\flexmark-ext-escaped-character-0.62.2.jar;C:\Users\Bunayya Zulfikar\.m2\repository\com\vladsch\flexmark\flexmark-ext-footnotes\0.62.2\flexmark-ext-footnotes-0.62.2.jar;C:\Users\Bunayya Zulfikar\.m2\repository\com\vladsch\flexmark\flexmark-ext-gfm-issues\0.62.2\flexmark-ext-gfm-issues-0.62.2.jar;C:\Users\Bunayya Zulfikar\.m2\repository\com\vladsch\flexmark\flexmark-ext-gfm-strikethrough\0.62.2\flexmark-ext-gfm-strikethrough-0.62.2.jar;C:\Users\Bunayya Zulfikar\.m2\repository\com\vladsch\flexmark\flexmark-ext-gfm-tasklist\0.62.2\flexmark-ext-gfm-tasklist-0.62.2.jar;C:\Users\Bunayya Zulfikar\.m2\repository\com\vladsch\flexmark\flexmark-ext-gfm-users\0.62.2\flexmark-ext-gfm-users-0.62.2.jar;C:\Users\Bunayya Zulfikar\.m2\repository\com\vladsch\flexmark\flexmark-ext-gitlab\0.62.2\flexmark-ext-gitlab-0.62.2.jar;C:\Users\Bunayya Zulfikar\.m2\repository\com\vladsch\flexmark\flexmark-ext-jekyll-front-matter\0.62.2\flexmark-ext-jekyll-front-matter-0.62.2.jar;C:\Users\Bunayya Zulfikar\.m2\repository\com\vladsch\flexmark\flexmark-ext-jekyll-tag\0.62.2\flexmark-ext-jekyll-tag-0.62.2.jar;C:\Users\Bunayya Zulfikar\.m2\repository\com\vladsch\flexmark\flexmark-ext-media-tags\0.62.2\flexmark-ext-media-tags-0.62.2.jar;C:\Users\Bunayya Zulfikar\.m2\repository\com\vladsch\flexmark\flexmark-ext-macros\0.62.2\flexmark-ext-macros-0.62.2.jar;C:\Users\Bunayya Zulfikar\.m2\repository\com\vladsch\flexmark\flexmark-ext-ins\0.62.2\flexmark-ext-ins-0.62.2.jar;C:\Users\Bunayya Zulfikar\.m2\repository\com\vladsch\flexmark\flexmark-ext-xwiki-macros\0.62.2\flexmark-ext-xwiki-macros-0.62.2.jar;C:\Users\Bunayya Zulfikar\.m2\repository\com\vladsch\flexmark\flexmark-ext-superscript\0.62.2\flexmark-ext-superscript-0.62.2.jar;C:\Users\Bunayya Zulfikar\.m2\repository\com\vladsch\flexmark\flexmark-ext-tables\0.62.2\flexmark-ext-tables-0.62.2.jar;C:\Users\Bunayya Zulfikar\.m2\repository\com\vladsch\flexmark\flexmark-ext-toc\0.62.2\flexmark-ext-toc-0.62.2.jar;C:\Users\Bunayya Zulfikar\.m2\repository\com\vladsch\flexmark\flexmark-ext-typographic\0.62.2\flexmark-ext-typographic-0.62.2.jar;C:\Users\Bunayya Zulfikar\.m2\repository\com\vladsch\flexmark\flexmark-ext-wikilink\0.62.2\flexmark-ext-wikilink-0.62.2.jar;C:\Users\Bunayya Zulfikar\.m2\repository\com\vladsch\flexmark\flexmark-ext-yaml-front-matter\0.62.2\flexmark-ext-yaml-front-matter-0.62.2.jar;C:\Users\Bunayya Zulfikar\.m2\repository\com\vladsch\flexmark\flexmark-ext-youtube-embedded\0.62.2\flexmark-ext-youtube-embedded-0.62.2.jar;C:\Users\Bunayya Zulfikar\.m2\repository\com\vladsch\flexmark\flexmark-html2md-converter\0.62.2\flexmark-html2md-converter-0.62.2.jar;C:\Users\Bunayya Zulfikar\.m2\repository\com\vladsch\flexmark\flexmark-jira-converter\0.62.2\flexmark-jira-converter-0.62.2.jar;C:\Users\Bunayya Zulfikar\.m2\repository\com\vladsch\flexmark\flexmark-pdf-converter\0.62.2\flexmark-pdf-converter-0.62.2.jar;C:\Users\Bunayya Zulfikar\.m2\repository\com\openhtmltopdf\openhtmltopdf-core\1.0.0\openhtmltopdf-core-1.0.0.jar;C:\Users\Bunayya Zulfikar\.m2\repository\com\openhtmltopdf\openhtmltopdf-pdfbox\1.0.0\openhtmltopdf-pdfbox-1.0.0.jar;C:\Users\Bunayya Zulfikar\.m2\repository\org\apache\pdfbox\pdfbox\2.0.16\pdfbox-2.0.16.jar;C:\Users\Bunayya Zulfikar\.m2\repository\org\apache\pdfbox\fontbox\2.0.16\fontbox-2.0.16.jar;C:\Users\Bunayya Zulfikar\.m2\repository\org\apache\pdfbox\xmpbox\2.0.16\xmpbox-2.0.16.jar;C:\Users\Bunayya Zulfikar\.m2\repository\de\rototor\pdfbox\graphics2d\0.24\graphics2d-0.24.jar;C:\Users\Bunayya Zulfikar\.m2\repository\com\openhtmltopdf\openhtmltopdf-rtl-support\1.0.0\openhtmltopdf-rtl-support-1.0.0.jar;C:\Users\Bunayya Zulfikar\.m2\repository\com\openhtmltopdf\openhtmltopdf-jsoup-dom-converter\1.0.0\openhtmltopdf-jsoup-dom-converter-1.0.0.jar;C:\Users\Bunayya Zulfikar\.m2\repository\com\vladsch\flexmark\flexmark-profile-pegdown\0.62.2\flexmark-profile-pegdown-0.62.2.jar;C:\Users\Bunayya Zulfikar\.m2\repository\com\vladsch\flexmark\flexmark-util-ast\0.62.2\flexmark-util-ast-0.62.2.jar;C:\Users\Bunayya Zulfikar\.m2\repository\com\vladsch\flexmark\flexmark-util-builder\0.62.2\flexmark-util-builder-0.62.2.jar;C:\Users\Bunayya Zulfikar\.m2\repository\com\vladsch\flexmark\flexmark-util-collection\0.62.2\flexmark-util-collection-0.62.2.jar;C:\Users\Bunayya Zulfikar\.m2\repository\com\vladsch\flexmark\flexmark-util-data\0.62.2\flexmark-util-data-0.62.2.jar;C:\Users\Bunayya Zulfikar\.m2\repository\com\vladsch\flexmark\flexmark-util-dependency\0.62.2\flexmark-util-dependency-0.62.2.jar;C:\Users\Bunayya Zulfikar\.m2\repository\com\vladsch\flexmark\flexmark-util-format\0.62.2\flexmark-util-format-0.62.2.jar;C:\Users\Bunayya Zulfikar\.m2\repository\com\vladsch\flexmark\flexmark-util-html\0.62.2\flexmark-util-html-0.62.2.jar;C:\Users\Bunayya Zulfikar\.m2\repository\com\vladsch\flexmark\flexmark-util-misc\0.62.2\flexmark-util-misc-0.62.2.jar;C:\Users\Bunayya Zulfikar\.m2\repository\com\vladsch\flexmark\flexmark-util-options\0.62.2\flexmark-util-options-0.62.2.jar;C:\Users\Bunayya Zulfikar\.m2\repository\com\vladsch\flexmark\flexmark-util-sequence\0.62.2\flexmark-util-sequence-0.62.2.jar;C:\Users\Bunayya Zulfikar\.m2\repository\com\vladsch\flexmark\flexmark-util-visitor\0.62.2\flexmark-util-visitor-0.62.2.jar;C:\Users\Bunayya Zulfikar\.m2\repository\com\vladsch\flexmark\flexmark-youtrack-converter\0.62.2\flexmark-youtrack-converter-0.62.2.jar;C:\Users\Bunayya Zulfikar\.m2\repository\com\ibm\icu\icu4j\72.1\icu4j-72.1.jar;C:\Users\Bunayya Zulfikar\.m2\repository\es\nitaur\markdown\txtmark\0.16\txtmark-0.16.jar;C:\Users\Bunayya Zulfikar\.m2\repository\net\serenity-bdd\serenity-report-resources\3.6.21\serenity-report-resources-3.6.21.jar;C:\Users\Bunayya Zulfikar\.m2\repository\com\google\code\gson\gson\2.10.1\gson-2.10.1.jar;C:\Users\Bunayya Zulfikar\.m2\repository\com\fasterxml\jackson\core\jackson-core\2.15.0-rc1\jackson-core-2.15.0-rc1.jar;C:\Users\Bunayya Zulfikar\.m2\repository\com\fasterxml\jackson\core\jackson-databind\2.15.0-rc1\jackson-databind-2.15.0-rc1.jar;C:\Users\Bunayya Zulfikar\.m2\repository\com\fasterxml\jackson\core\jackson-annotations\2.15.0-rc1\jackson-annotations-2.15.0-rc1.jar;C:\Users\Bunayya Zulfikar\.m2\repository\commons-codec\commons-codec\1.15\commons-codec-1.15.jar;C:\Users\Bunayya Zulfikar\.m2\repository\commons-io\commons-io\2.11.0\commons-io-2.11.0.jar;C:\Users\Bunayya Zulfikar\.m2\repository\org\apache\httpcomponents\httpclient\4.5.13\httpclient-4.5.13.jar;C:\Users\Bunayya Zulfikar\.m2\repository\org\apache\httpcomponents\httpcore\4.4.13\httpcore-4.4.13.jar;C:\Users\Bunayya Zulfikar\.m2\repository\commons-logging\commons-logging\1.2\commons-logging-1.2.jar;C:\Users\Bunayya Zulfikar\.m2\repository\org\seleniumhq\selenium\selenium-java\4.8.1\selenium-java-4.8.1.jar;C:\Users\Bunayya Zulfikar\.m2\repository\org\seleniumhq\selenium\selenium-devtools-v108\4.8.1\selenium-devtools-v108-4.8.1.jar;C:\Users\Bunayya Zulfikar\.m2\repository\org\seleniumhq\selenium\selenium-devtools-v109\4.8.1\selenium-devtools-v109-4.8.1.jar;C:\Users\Bunayya Zulfikar\.m2\repository\org\seleniumhq\selenium\selenium-devtools-v110\4.8.1\selenium-devtools-v110-4.8.1.jar;C:\Users\Bunayya Zulfikar\.m2\repository\org\seleniumhq\selenium\selenium-devtools-v85\4.8.1\selenium-devtools-v85-4.8.1.jar;C:\Users\Bunayya Zulfikar\.m2\repository\org\seleniumhq\selenium\selenium-remote-driver\4.8.1\selenium-remote-driver-4.8.1.jar;C:\Users\Bunayya Zulfikar\.m2\repository\com\beust\jcommander\1.82\jcommander-1.82.jar;C:\Users\Bunayya Zulfikar\.m2\repository\io\netty\netty-buffer\4.1.87.Final\netty-buffer-4.1.87.Final.jar;C:\Users\Bunayya Zulfikar\.m2\repository\io\netty\netty-codec-http\4.1.87.Final\netty-codec-http-4.1.87.Final.jar;C:\Users\Bunayya Zulfikar\.m2\repository\io\netty\netty-codec\4.1.87.Final\netty-codec-4.1.87.Final.jar;C:\Users\Bunayya Zulfikar\.m2\repository\io\netty\netty-handler\4.1.87.Final\netty-handler-4.1.87.Final.jar;C:\Users\Bunayya Zulfikar\.m2\repository\io\netty\netty-common\4.1.87.Final\netty-common-4.1.87.Final.jar;C:\Users\Bunayya Zulfikar\.m2\repository\io\netty\netty-transport-classes-epoll\4.1.87.Final\netty-transport-classes-epoll-4.1.87.Final.jar;C:\Users\Bunayya Zulfikar\.m2\repository\io\netty\netty-transport-classes-kqueue\4.1.87.Final\netty-transport-classes-kqueue-4.1.87.Final.jar;C:\Users\Bunayya Zulfikar\.m2\repository\io\netty\netty-transport-native-epoll\4.1.87.Final\netty-transport-native-epoll-4.1.87.Final.jar;C:\Users\Bunayya Zulfikar\.m2\repository\io\netty\netty-transport-native-kqueue\4.1.87.Final\netty-transport-native-kqueue-4.1.87.Final.jar;C:\Users\Bunayya Zulfikar\.m2\repository\io\netty\netty-transport-native-unix-common\4.1.87.Final\netty-transport-native-unix-common-4.1.87.Final.jar;C:\Users\Bunayya Zulfikar\.m2\repository\io\netty\netty-transport\4.1.87.Final\netty-transport-4.1.87.Final.jar;C:\Users\Bunayya Zulfikar\.m2\repository\io\netty\netty-resolver\4.1.87.Final\netty-resolver-4.1.87.Final.jar;C:\Users\Bunayya Zulfikar\.m2\repository\io\opentelemetry\opentelemetry-api\1.22.0\opentelemetry-api-1.22.0.jar;C:\Users\Bunayya Zulfikar\.m2\repository\io\opentelemetry\opentelemetry-context\1.22.0\opentelemetry-context-1.22.0.jar;C:\Users\Bunayya Zulfikar\.m2\repository\io\opentelemetry\opentelemetry-exporter-logging\1.22.0\opentelemetry-exporter-logging-1.22.0.jar;C:\Users\Bunayya Zulfikar\.m2\repository\io\opentelemetry\opentelemetry-sdk-metrics\1.22.0\opentelemetry-sdk-metrics-1.22.0.jar;C:\Users\Bunayya Zulfikar\.m2\repository\io\opentelemetry\opentelemetry-sdk-logs\1.22.0-alpha\opentelemetry-sdk-logs-1.22.0-alpha.jar;C:\Users\Bunayya Zulfikar\.m2\repository\io\opentelemetry\opentelemetry-api-logs\1.22.0-alpha\opentelemetry-api-logs-1.22.0-alpha.jar;C:\Users\Bunayya Zulfikar\.m2\repository\io\opentelemetry\opentelemetry-sdk-common\1.22.0\opentelemetry-sdk-common-1.22.0.jar;C:\Users\Bunayya Zulfikar\.m2\repository\io\opentelemetry\opentelemetry-sdk-extension-autoconfigure-spi\1.22.0\opentelemetry-sdk-extension-autoconfigure-spi-1.22.0.jar;C:\Users\Bunayya Zulfikar\.m2\repository\io\opentelemetry\opentelemetry-sdk-extension-autoconfigure\1.22.0-alpha\opentelemetry-sdk-extension-autoconfigure-1.22.0-alpha.jar;C:\Users\Bunayya Zulfikar\.m2\repository\io\opentelemetry\opentelemetry-sdk-trace\1.22.0\opentelemetry-sdk-trace-1.22.0.jar;C:\Users\Bunayya Zulfikar\.m2\repository\io\opentelemetry\opentelemetry-sdk\1.22.0\opentelemetry-sdk-1.22.0.jar;C:\Users\Bunayya Zulfikar\.m2\repository\io\opentelemetry\opentelemetry-semconv\1.22.0-alpha\opentelemetry-semconv-1.22.0-alpha.jar;C:\Users\Bunayya Zulfikar\.m2\repository\io\ous\jtoml\2.0.0\jtoml-2.0.0.jar;C:\Users\Bunayya Zulfikar\.m2\repository\org\apache\commons\commons-exec\1.3\commons-exec-1.3.jar;C:\Users\Bunayya Zulfikar\.m2\repository\org\asynchttpclient\async-http-client\2.12.3\async-http-client-2.12.3.jar;C:\Users\Bunayya Zulfikar\.m2\repository\org\asynchttpclient\async-http-client-netty-utils\2.12.3\async-http-client-netty-utils-2.12.3.jar;C:\Users\Bunayya Zulfikar\.m2\repository\io\netty\netty-codec-socks\4.1.60.Final\netty-codec-socks-4.1.60.Final.jar;C:\Users\Bunayya Zulfikar\.m2\repository\io\netty\netty-handler-proxy\4.1.60.Final\netty-handler-proxy-4.1.60.Final.jar;C:\Users\Bunayya Zulfikar\.m2\repository\io\netty\netty-transport-native-epoll\4.1.60.Final\netty-transport-native-epoll-4.1.60.Final-linux-x86_64.jar;C:\Users\Bunayya Zulfikar\.m2\repository\io\netty\netty-transport-native-kqueue\4.1.60.Final\netty-transport-native-kqueue-4.1.60.Final-osx-x86_64.jar;C:\Users\Bunayya Zulfikar\.m2\repository\org\reactivestreams\reactive-streams\1.0.3\reactive-streams-1.0.3.jar;C:\Users\Bunayya Zulfikar\.m2\repository\com\typesafe\netty\netty-reactive-streams\2.0.4\netty-reactive-streams-2.0.4.jar;C:\Users\Bunayya Zulfikar\.m2\repository\org\seleniumhq\selenium\selenium-manager\4.8.1\selenium-manager-4.8.1.jar;C:\Users\Bunayya Zulfikar\.m2\repository\org\seleniumhq\selenium\selenium-safari-driver\4.8.1\selenium-safari-driver-4.8.1.jar;C:\Users\Bunayya Zulfikar\.m2\repository\org\seleniumhq\selenium\selenium-api\4.8.1\selenium-api-4.8.1.jar;C:\Users\Bunayya Zulfikar\.m2\repository\org\seleniumhq\selenium\selenium-support\4.8.1\selenium-support-4.8.1.jar;C:\Users\Bunayya Zulfikar\.m2\repository\com\google\auto\service\auto-service-annotations\1.0.1\auto-service-annotations-1.0.1.jar;C:\Users\Bunayya Zulfikar\.m2\repository\com\google\auto\service\auto-service\1.0.1\auto-service-1.0.1.jar;C:\Users\Bunayya Zulfikar\.m2\repository\com\google\auto\auto-common\1.2\auto-common-1.2.jar;C:\Users\Bunayya Zulfikar\.m2\repository\org\seleniumhq\selenium\selenium-json\4.8.1\selenium-json-4.8.1.jar;C:\Users\Bunayya Zulfikar\.m2\repository\org\seleniumhq\selenium\selenium-chrome-driver\4.8.1\selenium-chrome-driver-4.8.1.jar;C:\Users\Bunayya Zulfikar\.m2\repository\org\seleniumhq\selenium\selenium-chromium-driver\4.8.1\selenium-chromium-driver-4.8.1.jar;C:\Users\Bunayya Zulfikar\.m2\repository\org\seleniumhq\selenium\selenium-firefox-driver\4.8.1\selenium-firefox-driver-4.8.1.jar;C:\Users\Bunayya Zulfikar\.m2\repository\org\seleniumhq\selenium\selenium-http\4.8.1\selenium-http-4.8.1.jar;C:\Users\Bunayya Zulfikar\.m2\repository\dev\failsafe\failsafe\3.3.0\failsafe-3.3.0.jar;C:\Users\Bunayya Zulfikar\.m2\repository\org\seleniumhq\selenium\selenium-edge-driver\4.8.1\selenium-edge-driver-4.8.1.jar;C:\Users\Bunayya Zulfikar\.m2\repository\org\seleniumhq\selenium\selenium-ie-driver\4.8.1\selenium-ie-driver-4.8.1.jar;C:\Users\Bunayya Zulfikar\.m2\repository\org\projectlombok\lombok\1.18.20\lombok-1.18.20.jar;C:\Users\Bunayya Zulfikar\.m2\repository\io\appium\java-client\8.3.0\java-client-8.3.0.jar;C:\Users\Bunayya Zulfikar\.m2\repository\commons-validator\commons-validator\1.7\commons-validator-1.7.jar;C:\Users\Bunayya Zulfikar\.m2\repository\commons-digester\commons-digester\2.1\commons-digester-2.1.jar;C:\Users\Bunayya Zulfikar\.m2\repository\org\apache\groovy\groovy\4.0.10\groovy-4.0.10.jar;C:\Users\Bunayya Zulfikar\.m2\repository\net\sf\opencsv\opencsv\2.0\opencsv-2.0.jar;C:\Users\Bunayya Zulfikar\.m2\repository\commons-beanutils\commons-beanutils\1.9.4\commons-beanutils-1.9.4.jar;C:\Users\Bunayya Zulfikar\.m2\repository\org\apache\commons\commons-lang3\3.12.0\commons-lang3-3.12.0.jar;C:\Users\Bunayya Zulfikar\.m2\repository\commons-collections\commons-collections\3.2.2\commons-collections-3.2.2.jar;C:\Users\Bunayya Zulfikar\.m2\repository\org\fluentlenium\fluentlenium-core\0.10.2\fluentlenium-core-0.10.2.jar;C:\Users\Bunayya Zulfikar\.m2\repository\io\github\bonigarcia\webdrivermanager\5.3.0\webdrivermanager-5.3.0.jar;C:\Users\Bunayya Zulfikar\.m2\repository\com\github\docker-java\docker-java\3.2.13\docker-java-3.2.13.jar;C:\Users\Bunayya Zulfikar\.m2\repository\com\github\docker-java\docker-java-core\3.2.13\docker-java-core-3.2.13.jar;C:\Users\Bunayya Zulfikar\.m2\repository\com\github\docker-java\docker-java-api\3.2.13\docker-java-api-3.2.13.jar;C:\Users\Bunayya Zulfikar\.m2\repository\org\apache\commons\commons-compress\1.21\commons-compress-1.21.jar;C:\Users\Bunayya Zulfikar\.m2\repository\org\bouncycastle\bcpkix-jdk15on\1.64\bcpkix-jdk15on-1.64.jar;C:\Users\Bunayya Zulfikar\.m2\repository\org\bouncycastle\bcprov-jdk15on\1.64\bcprov-jdk15on-1.64.jar;C:\Users\Bunayya Zulfikar\.m2\repository\org\slf4j\jcl-over-slf4j\1.7.30\jcl-over-slf4j-1.7.30.jar;C:\Users\Bunayya Zulfikar\.m2\repository\com\github\docker-java\docker-java-transport-httpclient5\3.2.13\docker-java-transport-httpclient5-3.2.13.jar;C:\Users\Bunayya Zulfikar\.m2\repository\com\github\docker-java\docker-java-transport\3.2.13\docker-java-transport-3.2.13.jar;C:\Users\Bunayya Zulfikar\.m2\repository\net\java\dev\jna\jna\5.8.0\jna-5.8.0.jar;C:\Users\Bunayya Zulfikar\.m2\repository\org\brotli\dec\0.1.2\dec-0.1.2.jar;C:\Users\Bunayya Zulfikar\.m2\repository\org\apache\httpcomponents\client5\httpclient5\5.1.3\httpclient5-5.1.3.jar;C:\Users\Bunayya Zulfikar\.m2\repository\org\apache\httpcomponents\core5\httpcore5\5.1.3\httpcore5-5.1.3.jar;C:\Users\Bunayya Zulfikar\.m2\repository\org\apache\httpcomponents\core5\httpcore5-h2\5.1.3\httpcore5-h2-5.1.3.jar;C:\Users\Bunayya Zulfikar\.m2\repository\com\jhlabs\filters\2.0.235\filters-2.0.235.jar;C:\Users\Bunayya Zulfikar\.m2\repository\com\paulhammant\ngwebdriver\1.1.6\ngwebdriver-1.1.6.jar;C:\Users\Bunayya Zulfikar\.m2\repository\joda-time\joda-time\2.12.2\joda-time-2.12.2.jar;C:\Users\Bunayya Zulfikar\.m2\repository\org\hamcrest\hamcrest\2.2\hamcrest-2.2.jar;C:\Users\Bunayya Zulfikar\.m2\repository\com\google\jimfs\jimfs\1.2\jimfs-1.2.jar;C:\Users\Bunayya Zulfikar\.m2\repository\org\mockito\mockito-core\3.3.3\mockito-core-3.3.3.jar;C:\Users\Bunayya Zulfikar\.m2\repository\javax\xml\bind\jaxb-api\2.3.1\jaxb-api-2.3.1.jar;C:\Users\Bunayya Zulfikar\.m2\repository\javax\activation\javax.activation-api\1.2.0\javax.activation-api-1.2.0.jar;C:\Users\Bunayya Zulfikar\.m2\repository\com\sun\xml\bind\jaxb-core\2.3.0.1\jaxb-core-2.3.0.1.jar;C:\Users\Bunayya Zulfikar\.m2\repository\com\sun\xml\bind\jaxb-impl\2.3.3\jaxb-impl-2.3.3.jar;C:\Users\Bunayya Zulfikar\.m2\repository\jakarta\xml\bind\jakarta.xml.bind-api\2.3.3\jakarta.xml.bind-api-2.3.3.jar;C:\Users\Bunayya Zulfikar\.m2\repository\com\sun\activation\jakarta.activation\1.2.2\jakarta.activation-1.2.2.jar;C:\Users\Bunayya Zulfikar\.m2\repository\javax\activation\activation\1.1.1\activation-1.1.1.jar;C:\Users\Bunayya Zulfikar\.m2\repository\net\serenity-bdd\serenity-cucumber\3.6.21\serenity-cucumber-3.6.21.jar;C:\Users\Bunayya Zulfikar\.m2\repository\io\cucumber\cucumber-core\7.11.0\cucumber-core-7.11.0.jar;C:\Users\Bunayya Zulfikar\.m2\repository\io\cucumber\cucumber-gherkin\7.11.0\cucumber-gherkin-7.11.0.jar;C:\Users\Bunayya Zulfikar\.m2\repository\io\cucumber\cucumber-gherkin-messages\7.11.0\cucumber-gherkin-messages-7.11.0.jar;C:\Users\Bunayya Zulfikar\.m2\repository\io\cucumber\gherkin\26.0.3\gherkin-26.0.3.jar;C:\Users\Bunayya Zulfikar\.m2\repository\io\cucumber\messages\21.0.1\messages-21.0.1.jar;C:\Users\Bunayya Zulfikar\.m2\repository\io\cucumber\tag-expressions\5.0.1\tag-expressions-5.0.1.jar;C:\Users\Bunayya Zulfikar\.m2\repository\io\cucumber\cucumber-expressions\16.1.1\cucumber-expressions-16.1.1.jar;C:\Users\Bunayya Zulfikar\.m2\repository\io\cucumber\datatable\7.11.0\datatable-7.11.0.jar;C:\Users\Bunayya Zulfikar\.m2\repository\io\cucumber\cucumber-plugin\7.11.0\cucumber-plugin-7.11.0.jar;C:\Users\Bunayya Zulfikar\.m2\repository\io\cucumber\docstring\7.11.0\docstring-7.11.0.jar;C:\Users\Bunayya Zulfikar\.m2\repository\io\cucumber\html-formatter\20.2.1\html-formatter-20.2.1.jar;C:\Users\Bunayya Zulfikar\.m2\repository\io\cucumber\junit-xml-formatter\0.1.0\junit-xml-formatter-0.1.0.jar;C:\Users\Bunayya Zulfikar\.m2\repository\io\cucumber\ci-environment\9.1.0\ci-environment-9.1.0.jar;C:\Users\Bunayya Zulfikar\.m2\repository\io\cucumber\cucumber-java\7.11.0\cucumber-java-7.11.0.jar;C:\Users\Bunayya Zulfikar\.m2\repository\io\cucumber\cucumber-junit\7.11.0\cucumber-junit-7.11.0.jar;C:\Users\Bunayya Zulfikar\.m2\repository\org\apache\commons\commons-csv\1.5\commons-csv-1.5.jar;C:\Users\Bunayya Zulfikar\.m2\repository\net\serenity-bdd\serenity-screenplay\3.6.21\serenity-screenplay-3.6.21.jar;C:\Users\Bunayya Zulfikar\.m2\repository\net\serenity-bdd\serenity-screenplay-webdriver\3.6.21\serenity-screenplay-webdriver-3.6.21.jar;C:\Users\Bunayya Zulfikar\.m2\repository\net\serenity-bdd\serenity-ensure\3.6.21\serenity-ensure-3.6.21.jar;C:\Users\Bunayya Zulfikar\.m2\repository\net\serenity-bdd\serenity-junit\3.6.21\serenity-junit-3.6.21.jar;C:\Users\Bunayya Zulfikar\.m2\repository\org\jetbrains\kotlin\kotlin-stdlib\1.8.10\kotlin-stdlib-1.8.10.jar;C:\Users\Bunayya Zulfikar\.m2\repository\org\jetbrains\kotlin\kotlin-stdlib-common\1.8.10\kotlin-stdlib-common-1.8.10.jar;C:\Users\Bunayya Zulfikar\.m2\repository\org\jetbrains\annotations\13.0\annotations-13.0.jar;C:\Users\Bunayya Zulfikar\.m2\repository\org\junit\platform\junit-platform-launcher\1.8.2\junit-platform-launcher-1.8.2.jar;C:\Users\Bunayya Zulfikar\.m2\repository\org\junit\platform\junit-platform-engine\1.8.2\junit-platform-engine-1.8.2.jar;C:\Users\Bunayya Zulfikar\.m2\repository\org\opentest4j\opentest4j\1.2.0\opentest4j-1.2.0.jar;C:\Users\Bunayya Zulfikar\.m2\repository\org\junit\platform\junit-platform-commons\1.8.2\junit-platform-commons-1.8.2.jar;C:\Users\Bunayya Zulfikar\.m2\repository\org\apiguardian\apiguardian-api\1.1.2\apiguardian-api-1.1.2.jar;C:\Users\Bunayya Zulfikar\.m2\repository\org\junit\jupiter\junit-jupiter-engine\5.8.2\junit-jupiter-engine-5.8.2.jar;C:\Users\Bunayya Zulfikar\.m2\repository\org\junit\jupiter\junit-jupiter-api\5.8.2\junit-jupiter-api-5.8.2.jar;C:\Users\Bunayya Zulfikar\.m2\repository\org\junit\vintage\junit-vintage-engine\5.8.2\junit-vintage-engine-5.8.2.jar;C:\Users\Bunayya Zulfikar\.m2\repository\junit\junit\4.13.2\junit-4.13.2.jar;C:\Users\Bunayya Zulfikar\.m2\repository\org\hamcrest\hamcrest-core\1.3\hamcrest-core-1.3.jar;C:\Users\Bunayya Zulfikar\.m2\repository\ch\qos\logback\logback-classic\1.2.10\logback-classic-1.2.10.jar;C:\Users\Bunayya Zulfikar\.m2\repository\ch\qos\logback\logback-core\1.2.10\logback-core-1.2.10.jar;C:\Users\Bunayya Zulfikar\.m2\repository\org\slf4j\slf4j-api\1.7.32\slf4j-api-1.7.32.jar;C:\Users\Bunayya Zulfikar\.m2\repository\org\assertj\assertj-core\3.23.1\assertj-core-3.23.1.jar;C:\Users\Bunayya Zulfikar\.m2\repository\net\bytebuddy\byte-buddy\1.12.10\byte-buddy-1.12.10.jar;C:\Users\Bunayya Zulfikar\.m2\repository\org\apache\maven\surefire\surefire-junit-platform\3.0.0-M5\surefire-junit-platform-3.0.0-M5.jar;C:\Users\Bunayya Zulfikar\.m2\repository\org\apache\maven\surefire\common-java5\3.0.0-M5\common-java5-3.0.0-M5.jar"/>
    <property name="user.script" value=""/>
    <property name="java.protocol.handler.pkgs" value="com.google.common"/>
    <property name="sun.management.compiler" value="HotSpot 64-Bit Tiered Compilers"/>
    <property name="java.runtime.version" value="18.0.1.1+2-6"/>
    <property name="user.name" value="Fanotralala"/>
    <property name="path.separator" value=";"/>
    <property name="os.version" value="10.0"/>
    <property name="java.runtime.name" value="Java(TM) SE Runtime Environment"/>
    <property name="file.encoding" value="UTF-8"/>
    <property name="webdriver.base.url" value=""/>
    <property name="java.vm.name" value="Java HotSpot(TM) 64-Bit Server VM"/>
    <property name="localRepository" value="C:\Users\Bunayya Zulfikar\.m2\repository"/>
    <property name="java.vendor.url.bug" value="https://bugreport.java.com/bugreport/"/>
    <property name="java.io.tmpdir" value="C:\Users\BUNAYY~1\AppData\Local\Temp\"/>
    <property name="java.version" value="18.0.1.1"/>
    <property name="user.dir" value="C:\Users\Bunayya Zulfikar\Documents\GitHub\QE_Refano-Saputra\11_Web_Programming_&amp;_Testing\praktikum\Web_Testing\Prioritas1\alta"/>
    <property name="os.arch" value="amd64"/>
    <property name="java.vm.specification.name" value="Java Virtual Machine Specification"/>
    <property name="sun.os.patch.level" value=""/>
    <property name="native.encoding" value="Cp1252"/>
    <property name="java.library.path" value="C:\Program Files\java-se-8u41-ri\bin;C:\WINDOWS\Sun\Java\bin;C:\WINDOWS\system32;C:\WINDOWS;C:\Program Files\Common Files\Oracle\Java\javapath;C:\Program Files (x86)\Common Files\Oracle\Java\javapath;C:\Python310\Scripts\;C:\Python310\;C:\Program Files (x86)\Common Files\Intel\Shared Libraries\redist\intel64\compiler;C:\Program Files (x86)\Common Files\Intel\Shared Files\cpp\bin\Intel64;C:\Windows\system32;C:\Windows;C:\Windows\System32\Wbem;C:\Windows\System32\WindowsPowerShell\v1.0\;C:\Windows\System32\OpenSSH\;C:\Program Files (x86)\NVIDIA Corporation\PhysX\Common;C:\Program Files\NVIDIA Corporation\NVIDIA NvDLISR;C:\Program Files (x86)\MKVToolNix;C:\WINDOWS\system32;C:\WINDOWS;C:\WINDOWS\System32\Wbem;C:\WINDOWS\System32\WindowsPowerShell\v1.0\;C:\WINDOWS\System32\OpenSSH\;C:\Program Files\nodejs\;C:\ProgramData\chocolatey\bin;C:\Program Files\Git\cmd;C:\xampp\php;C:\ProgramData\ComposerSetup\bin;C:\PROGRA~1\IBM\SQLLIB\BIN;C:\PROGRA~1\IBM\SQLLIB\FUNCTION;C:\PROGRA~1\IBM\SQLLIB\SAMPLES\REPL;C:\Program Files\apache-maven-3.9.1\bin;C:\Program Files\Java\jdk-19\bin;C:\Users\Bunayya Zulfikar\AppData\Local\Microsoft\WindowsApps;C:\Users\Bunayya Zulfikar\AppData\Local\Programs\Microsoft VS Code\bin;C:\Program Files\java-se-8u41-ri\bin;C:\Users\Bunayya Zulfikar\AppData\Roaming\npm;C:\Users\Bunayya Zulfikar\AppData\Roaming\Composer\vendor\bin;C:\Users\Bunayya Zulfikar\AppData\Local\GitHubDesktop\bin;C:\Users\Bunayya Zulfikar\AppData\Local\spicetify;."/>
    <property name="java.vm.info" value="mixed mode"/>
    <property name="java.vendor" value="Oracle Corporation"/>
    <property name="java.vm.version" value="18.0.1.1+2-6"/>
    <property name="sun.io.unicode.encoding" value="UnicodeLittle"/>
    <property name="java.class.version" value="62.0"/>
  </properties>
  <testcase name="User Successfully add item to cart" classname="Add to Cart" time="29.865">
    <system-out><![CDATA[11:11:43.946 [main] DEBUG net.thucydides.core.guice.Injectors - Created injector for module net.thucydides.core.guice.ThucydidesModule
11:11:44.425 [main] DEBUG io.cucumber.core.plugin.SerenityReporter - Running feature from file:///C:/Users/Bunayya%20Zulfikar/Documents/GitHub/QE_Refano-Saputra/11_Web_Programming_&_Testing/praktikum/Web_Testing/Prioritas1/alta/src/test/resources/features/AddToCart.feature
11:11:44.629 [main] DEBUG net.thucydides.core.guice.Injectors - Created injector for module net.thucydides.core.guice.webdriver.WebDriverModule
11:11:44.654 [main] INFO  - 

-------------------------------------------------------------------------------------
     _______. _______ .______       _______ .__   __.  __  .___________.____    ____ 
    /       ||   ____||   _  \     |   ____||  \ |  | |  | |           |\   \  /   / 
   |   (----`|  |__   |  |_)  |    |  |__   |   \|  | |  | `---|  |----` \   \/   /  
    \   \    |   __|  |      /     |   __|  |  . `  | |  |     |  |       \_    _/   
.----)   |   |  |____ |  |\  \----.|  |____ |  |\   | |  |     |  |         |  |     
|_______/    |_______|| _| `._____||_______||__| \__| |__|     |__|         |__|    
                                                                                     
 News and tutorials at http://www.serenity-bdd.info                                  
 Documentation at https://wakaleo.gitbooks.io/the-serenity-book/content/             
 Join the Serenity Community on Gitter: https://gitter.im/serenity-bdd/serenity-core 
 Serenity BDD Support and Training at http://serenity-bdd.info/#/trainingandsupport  
-------------------------------------------------------------------------------------

11:11:44.657 [main] DEBUG net.thucydides.core.steps.StepEventBus - Test suite started for story net.thucydides.core.model.Story@f400f1de
11:11:44.658 [main] INFO  - Test Suite Started: Add to Cart
11:11:44.683 [main] DEBUG io.cucumber.core.plugin.SerenityReporter - Running feature from file:///C:/Users/Bunayya%20Zulfikar/Documents/GitHub/QE_Refano-Saputra/11_Web_Programming_&_Testing/praktikum/Web_Testing/Prioritas1/alta/src/test/resources/features/Checkout.feature
11:11:44.688 [main] DEBUG net.thucydides.core.steps.StepEventBus - Test suite started for story net.thucydides.core.model.Story@65fd1e8
11:11:44.691 [main] INFO  - Test Suite Started: Checkout
11:11:44.691 [main] DEBUG io.cucumber.core.plugin.SerenityReporter - Running feature from file:///C:/Users/Bunayya%20Zulfikar/Documents/GitHub/QE_Refano-Saputra/11_Web_Programming_&_Testing/praktikum/Web_Testing/Prioritas1/alta/src/test/resources/features/Logout.feature
11:11:44.695 [main] DEBUG net.thucydides.core.steps.StepEventBus - Test suite started for story net.thucydides.core.model.Story@827fa538
11:11:44.696 [main] INFO  - Test Suite Started: Logout after checkout
11:11:44.696 [main] DEBUG io.cucumber.core.plugin.SerenityReporter - Running feature from file:///C:/Users/Bunayya%20Zulfikar/Documents/GitHub/QE_Refano-Saputra/11_Web_Programming_&_Testing/praktikum/Web_Testing/Prioritas1/alta/src/test/resources/features/AddToCart.feature
11:11:44.699 [main] DEBUG net.thucydides.core.steps.StepEventBus - Test suite started for story net.thucydides.core.model.Story@f400f1de
11:11:44.700 [main] INFO  - Test Suite Started: Add to Cart

Scenario: User Successfully add item to cart &amp#27;[90m# src/test/resources/features/AddToCart.feature:6&amp#27;[0m
11:11:44.809 [main] DEBUG io.cucumber.core.plugin.SerenityReporter - Running feature from file:///C:/Users/Bunayya%20Zulfikar/Documents/GitHub/QE_Refano-Saputra/11_Web_Programming_&_Testing/praktikum/Web_Testing/Prioritas1/alta/src/test/resources/features/AddToCart.feature
11:11:45.005 [main] INFO  - 
  _____   ___   ___   _____     ___   _____     _     ___   _____   ___   ___  
 |_   _| | __| / __| |_   _|   / __| |_   _|   /_\   | _ \ |_   _| | __| |   \ 
   | |   | _|  \__ \   | |     \__ \   | |    / _ \  |   /   | |   | _|  | |) |
   |_|   |___| |___/   |_|     |___/   |_|   /_/ \_\ |_|_\   |_|   |___| |___/ 

User Successfully add item to cart(add-to-cart;user-successfully-add-item-to-cart)
--------------------------------------------------------------------------------
11:11:45.088 [main] DEBUG net.thucydides.core.requirements.model.cucumber.CucumberParser - Loading feature C:\Users\Bunayya Zulfikar\Documents\GitHub\QE_Refano-Saputra\11_Web_Programming_&_Testing\praktikum\Web_Testing\Prioritas1\alta\src\test\resources\features\AddToCart.feature
11:11:45.111 [main] DEBUG net.thucydides.core.requirements.model.cucumber.CucumberParser - Loading feature C:\Users\Bunayya Zulfikar\Documents\GitHub\QE_Refano-Saputra\11_Web_Programming_&_Testing\praktikum\Web_Testing\Prioritas1\alta\src\test\resources\features\Checkout.feature
11:11:45.116 [main] DEBUG net.thucydides.core.requirements.model.cucumber.CucumberParser - Loading feature C:\Users\Bunayya Zulfikar\Documents\GitHub\QE_Refano-Saputra\11_Web_Programming_&_Testing\praktikum\Web_Testing\Prioritas1\alta\src\test\resources\features\Logout.feature
11:11:47.119 [main] DEBUG net.thucydides.core.steps.StepInterceptor - STARTING STEP: AddToCartSteps.onTheLoginPage - openPage
11:11:47.536 [main] INFO net.serenitybdd.core.webdriver.driverproviders.ChromeDriverProvider - Starting Chrome driver instance with capabilities:
11:11:47.543 [main] INFO net.serenitybdd.core.webdriver.driverproviders.ChromeDriverProvider - Capabilities {acceptInsecureCerts: false, browserName: chrome, goog:chromeOptions: {args: [remote-allow-origins=*], extensions: []}}
11:11:47.893 [main] DEBUG io.netty.util.internal.logging.InternalLoggerFactory - Using SLF4J as the default logging framework
11:11:47.911 [main] DEBUG io.netty.util.ResourceLeakDetector - -Dio.netty.leakDetection.level: simple
11:11:47.911 [main] DEBUG io.netty.util.ResourceLeakDetector - -Dio.netty.leakDetection.targetRecords: 4
11:11:47.925 [main] DEBUG io.netty.util.ResourceLeakDetectorFactory - Loaded default ResourceLeakDetector: io.netty.util.ResourceLeakDetector@132e3594
11:11:47.993 [main] DEBUG io.netty.util.internal.PlatformDependent0 - -Dio.netty.noUnsafe: false
11:11:47.993 [main] DEBUG io.netty.util.internal.PlatformDependent0 - Java version: 18
11:11:47.996 [main] DEBUG io.netty.util.internal.PlatformDependent0 - sun.misc.Unsafe.theUnsafe: available
11:11:47.998 [main] DEBUG io.netty.util.internal.PlatformDependent0 - sun.misc.Unsafe.copyMemory: available
11:11:47.999 [main] DEBUG io.netty.util.internal.PlatformDependent0 - sun.misc.Unsafe.storeFence: available
11:11:48.001 [main] DEBUG io.netty.util.internal.PlatformDependent0 - java.nio.Buffer.address: available
11:11:48.003 [main] DEBUG io.netty.util.internal.PlatformDependent0 - direct buffer constructor: unavailable: Reflective setAccessible(true) disabled
11:11:48.005 [main] DEBUG io.netty.util.internal.PlatformDependent0 - java.nio.Bits.unaligned: available, true
11:11:48.009 [main] DEBUG io.netty.util.internal.PlatformDependent0 - jdk.internal.misc.Unsafe.allocateUninitializedArray(int): unavailable: class io.netty.util.internal.PlatformDependent0$7 cannot access class jdk.internal.misc.Unsafe (in module java.base) because module java.base does not export jdk.internal.misc to unnamed module @10959ece
11:11:48.012 [main] DEBUG io.netty.util.internal.PlatformDependent0 - java.nio.DirectByteBuffer.<init>(long, int): unavailable
11:11:48.012 [main] DEBUG io.netty.util.internal.PlatformDependent - sun.misc.Unsafe: available
11:11:48.016 [main] DEBUG io.netty.util.internal.PlatformDependent - maxDirectMemory: 4271898624 bytes (maybe)
11:11:48.018 [main] DEBUG io.netty.util.internal.PlatformDependent - -Dio.netty.tmpdir: C:\Users\BUNAYY~1\AppData\Local\Temp (java.io.tmpdir)
11:11:48.018 [main] DEBUG io.netty.util.internal.PlatformDependent - -Dio.netty.bitMode: 64 (sun.arch.data.model)
11:11:48.018 [main] DEBUG io.netty.util.internal.PlatformDependent - Platform: Windows
11:11:48.021 [main] DEBUG io.netty.util.internal.PlatformDependent - -Dio.netty.maxDirectMemory: -1 bytes
11:11:48.021 [main] DEBUG io.netty.util.internal.PlatformDependent - -Dio.netty.uninitializedArrayAllocationThreshold: -1
11:11:48.024 [main] DEBUG io.netty.util.internal.CleanerJava9 - java.nio.ByteBuffer.cleaner(): available
11:11:48.025 [main] DEBUG io.netty.util.internal.PlatformDependent - -Dio.netty.noPreferDirect: false
11:11:48.052 [main] DEBUG io.netty.util.internal.PlatformDependent - org.jctools-core.MpscChunkedArrayQueue: available
11:11:48.127 [main] DEBUG io.netty.util.internal.InternalThreadLocalMap - -Dio.netty.threadLocalMap.stringBuilder.initialSize: 1024
11:11:48.127 [main] DEBUG io.netty.util.internal.InternalThreadLocalMap - -Dio.netty.threadLocalMap.stringBuilder.maxSize: 4096
11:11:48.723 [main] DEBUG io.netty.handler.ssl.JdkSslContext - Default protocols (JDK): [TLSv1.3, TLSv1.2] 
11:11:48.723 [main] DEBUG io.netty.handler.ssl.JdkSslContext - Default cipher suites (JDK): [TLS_ECDHE_ECDSA_WITH_AES_256_GCM_SHA384, TLS_ECDHE_ECDSA_WITH_AES_128_GCM_SHA256, TLS_ECDHE_RSA_WITH_AES_128_GCM_SHA256, TLS_ECDHE_RSA_WITH_AES_256_GCM_SHA384, TLS_ECDHE_RSA_WITH_AES_128_CBC_SHA, TLS_ECDHE_RSA_WITH_AES_256_CBC_SHA, TLS_RSA_WITH_AES_128_GCM_SHA256, TLS_RSA_WITH_AES_128_CBC_SHA, TLS_RSA_WITH_AES_256_CBC_SHA, TLS_AES_128_GCM_SHA256, TLS_AES_256_GCM_SHA384]
11:11:48.832 [main] DEBUG io.netty.channel.MultithreadEventLoopGroup - -Dio.netty.eventLoopThreads: 24
11:11:48.863 [main] DEBUG io.netty.channel.nio.NioEventLoop - -Dio.netty.noKeySetOptimization: false
11:11:48.863 [main] DEBUG io.netty.channel.nio.NioEventLoop - -Dio.netty.selectorAutoRebuildThreshold: 512
11:11:49.017 [main] DEBUG io.netty.buffer.PooledByteBufAllocator - -Dio.netty.allocator.numHeapArenas: 24
11:11:49.017 [main] DEBUG io.netty.buffer.PooledByteBufAllocator - -Dio.netty.allocator.numDirectArenas: 24
11:11:49.018 [main] DEBUG io.netty.buffer.PooledByteBufAllocator - -Dio.netty.allocator.pageSize: 8192
11:11:49.018 [main] DEBUG io.netty.buffer.PooledByteBufAllocator - -Dio.netty.allocator.maxOrder: 9
11:11:49.018 [main] DEBUG io.netty.buffer.PooledByteBufAllocator - -Dio.netty.allocator.chunkSize: 4194304
11:11:49.018 [main] DEBUG io.netty.buffer.PooledByteBufAllocator - -Dio.netty.allocator.smallCacheSize: 256
11:11:49.018 [main] DEBUG io.netty.buffer.PooledByteBufAllocator - -Dio.netty.allocator.normalCacheSize: 64
11:11:49.018 [main] DEBUG io.netty.buffer.PooledByteBufAllocator - -Dio.netty.allocator.maxCachedBufferCapacity: 32768
11:11:49.018 [main] DEBUG io.netty.buffer.PooledByteBufAllocator - -Dio.netty.allocator.cacheTrimInterval: 8192
11:11:49.019 [main] DEBUG io.netty.buffer.PooledByteBufAllocator - -Dio.netty.allocator.cacheTrimIntervalMillis: 0
11:11:49.019 [main] DEBUG io.netty.buffer.PooledByteBufAllocator - -Dio.netty.allocator.useCacheForAllThreads: false
11:11:49.019 [main] DEBUG io.netty.buffer.PooledByteBufAllocator - -Dio.netty.allocator.maxCachedByteBuffersPerChunk: 1023
11:11:49.063 [main] DEBUG io.netty.buffer.ByteBufUtil - -Dio.netty.allocator.type: pooled
11:11:49.063 [main] DEBUG io.netty.buffer.ByteBufUtil - -Dio.netty.threadLocalDirectBufferSize: 0
11:11:49.063 [main] DEBUG io.netty.buffer.ByteBufUtil - -Dio.netty.maxThreadLocalCharBufferSize: 16384
11:11:50.130 [Forwarding newSession on session null to remote] DEBUG io.netty.channel.DefaultChannelId - -Dio.netty.processId: 4248 (auto-detected)
11:11:50.134 [Forwarding newSession on session null to remote] DEBUG io.netty.util.NetUtil - -Djava.net.preferIPv4Stack: false
11:11:50.134 [Forwarding newSession on session null to remote] DEBUG io.netty.util.NetUtil - -Djava.net.preferIPv6Addresses: false
11:11:50.154 [Forwarding newSession on session null to remote] DEBUG io.netty.util.NetUtilInitializations - Loopback interface: lo (Software Loopback Interface 1, 127.0.0.1)
11:11:50.155 [Forwarding newSession on session null to remote] DEBUG io.netty.util.NetUtil - Failed to get SOMAXCONN from sysctl and file \proc\sys\net\core\somaxconn. Default: 200
11:11:50.183 [Forwarding newSession on session null to remote] DEBUG io.netty.channel.DefaultChannelId - -Dio.netty.machineId: 7c:b2:7d:ff:fe:02:f3:d2 (auto-detected)
11:11:50.240 [AsyncHttpClient-1-2] DEBUG io.netty.buffer.AbstractByteBuf - -Dio.netty.buffer.checkAccessible: true
11:11:50.240 [AsyncHttpClient-1-2] DEBUG io.netty.buffer.AbstractByteBuf - -Dio.netty.buffer.checkBounds: true
11:11:50.241 [AsyncHttpClient-1-2] DEBUG io.netty.util.ResourceLeakDetectorFactory - Loaded default ResourceLeakDetector: io.netty.util.ResourceLeakDetector@4ae7d6ca
11:11:50.254 [AsyncHttpClient-1-2] DEBUG org.asynchttpclient.netty.channel.NettyConnectListener - Using new Channel '[id: 0x6cee771b, L:/127.0.0.1:50214 - R:localhost/127.0.0.1:6675]' for 'POST' to '/session'
11:11:50.287 [AsyncHttpClient-1-2] DEBUG io.netty.util.Recycler - -Dio.netty.recycler.maxCapacityPerThread: 4096
11:11:50.287 [AsyncHttpClient-1-2] DEBUG io.netty.util.Recycler - -Dio.netty.recycler.ratio: 8
11:11:50.287 [AsyncHttpClient-1-2] DEBUG io.netty.util.Recycler - -Dio.netty.recycler.chunkSize: 32
11:11:50.287 [AsyncHttpClient-1-2] DEBUG io.netty.util.Recycler - -Dio.netty.recycler.blocking: false
11:11:51.045 [AsyncHttpClient-1-2] DEBUG io.netty.handler.codec.compression.Brotli - brotli4j not in the classpath; Brotli support will be unavailable.
11:11:51.045 [AsyncHttpClient-1-2] DEBUG org.asynchttpclient.netty.handler.HttpHandler - 

Request DefaultHttpRequest(decodeResult: success, version: HTTP/1.1)
POST /session HTTP/1.1
User-Agent: selenium/4.8.1 (java windows)
Content-Length: 507
Content-Type: application/json; charset=utf-8
host: localhost:6675
accept: */*

Response DefaultHttpResponse(decodeResult: success, version: HTTP/1.1)
HTTP/1.1 200 OK
Content-Length: 863
Content-Type: application/json; charset=utf-8
cache-control: no-cache

11:11:51.057 [AsyncHttpClient-1-2] DEBUG org.asynchttpclient.netty.channel.ChannelManager - Adding key: http://localhost:6675 for channel [id: 0x6cee771b, L:/127.0.0.1:50214 - R:localhost/127.0.0.1:6675]
11:11:51.175 [AsyncHttpClient-1-3] DEBUG org.asynchttpclient.netty.channel.NettyConnectListener - Using new Channel '[id: 0xf6fd882f, L:/127.0.0.1:50220 - R:localhost/127.0.0.1:50215]' for 'GET' to '/json/version'
11:11:51.181 [AsyncHttpClient-1-3] DEBUG org.asynchttpclient.netty.handler.HttpHandler - 

Request DefaultFullHttpRequest(decodeResult: success, version: HTTP/1.1, content: EmptyByteBufBE)
GET /json/version HTTP/1.1
User-Agent: selenium/4.8.1 (java windows)
host: localhost:50215
accept: */*

Response DefaultHttpResponse(decodeResult: success, version: HTTP/1.1)
HTTP/1.1 200 OK
Content-Security-Policy: frame-ancestors 'none'
Content-Length: 424
Content-Type: application/json; charset=UTF-8

11:11:51.182 [AsyncHttpClient-1-3] DEBUG org.asynchttpclient.netty.channel.ChannelManager - Adding key: http://localhost:50215 for channel [id: 0xf6fd882f, L:/127.0.0.1:50220 - R:localhost/127.0.0.1:50215]
11:11:51.193 [main] DEBUG io.netty.util.internal.ThreadLocalRandom - -Dio.netty.initialSeedUniquifier: 0x92abd0b3596da051
11:11:51.197 [AsyncHttpClient-1-4] DEBUG org.asynchttpclient.netty.channel.NettyConnectListener - Using new Channel '[id: 0x278cd0db, L:/127.0.0.1:50221 - R:localhost/127.0.0.1:50215]' for 'GET' to '/devtools/browser/22c42b76-0212-4632-ab09-502e765edc42'
11:11:51.201 [AsyncHttpClient-1-4] DEBUG org.asynchttpclient.netty.handler.WebSocketHandler - 

Request DefaultFullHttpRequest(decodeResult: success, version: HTTP/1.1, content: EmptyByteBufBE)
GET /devtools/browser/22c42b76-0212-4632-ab09-502e765edc42 HTTP/1.1
upgrade: websocket
connection: upgrade
sec-websocket-key: AzVVuGKtAko/XVApMOlBzg==
sec-websocket-version: 13
origin: http://localhost:50215
host: localhost:50215
accept: */*
user-agent: AHC/2.1

Response DefaultHttpResponse(decodeResult: success, version: HTTP/1.1)
HTTP/1.1 101 WebSocket Protocol Handshake
Upgrade: WebSocket
Connection: Upgrade
Sec-WebSocket-Accept: kxZTNZ7War0PNXupQp3dDf71Ivo=

11:11:51.503 [Forwarding get on session f8f968e6cd8c9c85dc479de93ebc5475 to remote] DEBUG org.asynchttpclient.netty.request.NettyRequestSender - Using pooled Channel '[id: 0x6cee771b, L:/127.0.0.1:50214 - R:localhost/127.0.0.1:6675]' for 'POST' to 'http://localhost:6675/session/f8f968e6cd8c9c85dc479de93ebc5475/url'
11:11:51.504 [Forwarding get on session f8f968e6cd8c9c85dc479de93ebc5475 to remote] DEBUG org.asynchttpclient.netty.request.NettyRequestSender - Using open Channel [id: 0x6cee771b, L:/127.0.0.1:50214 - R:localhost/127.0.0.1:6675] for POST '/session/f8f968e6cd8c9c85dc479de93ebc5475/url'
11:11:51.966 [AsyncHttpClient-1-1] DEBUG org.asynchttpclient.netty.channel.DefaultChannelPool - Entry count for : http://localhost:50215 : 1
11:11:53.075 [AsyncHttpClient-1-1] DEBUG org.asynchttpclient.netty.channel.DefaultChannelPool - Entry count for : http://localhost:50215 : 1
11:11:54.166 [AsyncHttpClient-1-1] DEBUG org.asynchttpclient.netty.channel.DefaultChannelPool - Entry count for : http://localhost:50215 : 1
11:11:55.273 [AsyncHttpClient-1-1] DEBUG org.asynchttpclient.netty.channel.DefaultChannelPool - Entry count for : http://localhost:50215 : 1
11:11:56.367 [AsyncHttpClient-1-1] DEBUG org.asynchttpclient.netty.channel.DefaultChannelPool - Entry count for : http://localhost:50215 : 1
11:11:57.467 [AsyncHttpClient-1-1] DEBUG org.asynchttpclient.netty.channel.DefaultChannelPool - Entry count for : http://localhost:50215 : 1
11:11:58.567 [AsyncHttpClient-1-1] DEBUG org.asynchttpclient.netty.channel.DefaultChannelPool - Entry count for : http://localhost:50215 : 1
11:11:59.666 [AsyncHttpClient-1-1] DEBUG org.asynchttpclient.netty.channel.DefaultChannelPool - Entry count for : http://localhost:50215 : 1
11:12:00.766 [AsyncHttpClient-1-1] DEBUG org.asynchttpclient.netty.channel.DefaultChannelPool - Entry count for : http://localhost:50215 : 1
11:12:01.867 [AsyncHttpClient-1-1] DEBUG org.asynchttpclient.netty.channel.DefaultChannelPool - Entry count for : http://localhost:50215 : 1
11:12:02.967 [AsyncHttpClient-1-1] DEBUG org.asynchttpclient.netty.channel.DefaultChannelPool - Entry count for : http://localhost:50215 : 1
11:12:04.067 [AsyncHttpClient-1-1] DEBUG org.asynchttpclient.netty.channel.DefaultChannelPool - Entry count for : http://localhost:50215 : 1
11:12:05.171 [AsyncHttpClient-1-1] DEBUG org.asynchttpclient.netty.channel.DefaultChannelPool - Entry count for : http://localhost:50215 : 1
11:12:06.267 [AsyncHttpClient-1-1] DEBUG org.asynchttpclient.netty.channel.DefaultChannelPool - Entry count for : http://localhost:50215 : 1
11:12:07.001 [AsyncHttpClient-1-2] DEBUG org.asynchttpclient.netty.handler.HttpHandler - 

Request DefaultHttpRequest(decodeResult: success, version: HTTP/1.1)
POST /session/f8f968e6cd8c9c85dc479de93ebc5475/url HTTP/1.1
User-Agent: selenium/4.8.1 (java windows)
Content-Length: 56
Content-Type: application/json; charset=utf-8
host: localhost:6675
accept: */*

Response DefaultHttpResponse(decodeResult: success, version: HTTP/1.1)
HTTP/1.1 200 OK
Content-Length: 14
Content-Type: application/json; charset=utf-8
cache-control: no-cache

11:12:07.003 [AsyncHttpClient-1-2] DEBUG org.asynchttpclient.netty.channel.ChannelManager - Adding key: http://localhost:6675 for channel [id: 0x6cee771b, L:/127.0.0.1:50214 - R:localhost/127.0.0.1:6675]
11:12:07.018 [Forwarding setTimeout on session f8f968e6cd8c9c85dc479de93ebc5475 to remote] DEBUG org.asynchttpclient.netty.request.NettyRequestSender - Using pooled Channel '[id: 0x6cee771b, L:/127.0.0.1:50214 - R:localhost/127.0.0.1:6675]' for 'POST' to 'http://localhost:6675/session/f8f968e6cd8c9c85dc479de93ebc5475/timeouts'
11:12:07.019 [Forwarding setTimeout on session f8f968e6cd8c9c85dc479de93ebc5475 to remote] DEBUG org.asynchttpclient.netty.request.NettyRequestSender - Using open Channel [id: 0x6cee771b, L:/127.0.0.1:50214 - R:localhost/127.0.0.1:6675] for POST '/session/f8f968e6cd8c9c85dc479de93ebc5475/timeouts'
11:12:07.025 [AsyncHttpClient-1-2] DEBUG org.asynchttpclient.netty.handler.HttpHandler - 

Request DefaultHttpRequest(decodeResult: success, version: HTTP/1.1)
POST /session/f8f968e6cd8c9c85dc479de93ebc5475/timeouts HTTP/1.1
User-Agent: selenium/4.8.1 (java windows)
Content-Length: 22
Content-Type: application/json; charset=utf-8
host: localhost:6675
accept: */*

Response DefaultHttpResponse(decodeResult: success, version: HTTP/1.1)
HTTP/1.1 200 OK
Content-Length: 14
Content-Type: application/json; charset=utf-8
cache-control: no-cache

11:12:07.026 [AsyncHttpClient-1-2] DEBUG org.asynchttpclient.netty.channel.ChannelManager - Adding key: http://localhost:6675 for channel [id: 0x6cee771b, L:/127.0.0.1:50214 - R:localhost/127.0.0.1:6675]
11:12:07.131 [main] DEBUG net.serenitybdd.core.photography.Darkroom - Opening darkroom
11:12:07.136 [Darkroom Processing Line] DEBUG net.serenitybdd.core.photography.DarkroomProcessingLine - Darkroom processing line starting up
11:12:07.190 [Forwarding getAlertText on session f8f968e6cd8c9c85dc479de93ebc5475 to remote] DEBUG org.asynchttpclient.netty.request.NettyRequestSender - Using pooled Channel '[id: 0x6cee771b, L:/127.0.0.1:50214 - R:localhost/127.0.0.1:6675]' for 'GET' to 'http://localhost:6675/session/f8f968e6cd8c9c85dc479de93ebc5475/alert/text'
11:12:07.190 [Forwarding getAlertText on session f8f968e6cd8c9c85dc479de93ebc5475 to remote] DEBUG org.asynchttpclient.netty.request.NettyRequestSender - Using open Channel [id: 0x6cee771b, L:/127.0.0.1:50214 - R:localhost/127.0.0.1:6675] for GET '/session/f8f968e6cd8c9c85dc479de93ebc5475/alert/text'
11:12:07.196 [AsyncHttpClient-1-2] DEBUG org.asynchttpclient.netty.handler.HttpHandler - 

Request DefaultFullHttpRequest(decodeResult: success, version: HTTP/1.1, content: EmptyByteBufBE)
GET /session/f8f968e6cd8c9c85dc479de93ebc5475/alert/text HTTP/1.1
User-Agent: selenium/4.8.1 (java windows)
Cache-Control: no-cache
Content-Type: application/json; charset=utf-8
host: localhost:6675
accept: */*

Response DefaultHttpResponse(decodeResult: success, version: HTTP/1.1)
HTTP/1.1 404 Not Found
Content-Length: 836
Content-Type: application/json; charset=utf-8
cache-control: no-cache

11:12:07.196 [AsyncHttpClient-1-2] DEBUG org.asynchttpclient.netty.channel.ChannelManager - Adding key: http://localhost:6675 for channel [id: 0x6cee771b, L:/127.0.0.1:50214 - R:localhost/127.0.0.1:6675]
11:12:07.218 [Forwarding getCurrentUrl on session f8f968e6cd8c9c85dc479de93ebc5475 to remote] DEBUG org.asynchttpclient.netty.request.NettyRequestSender - Using pooled Channel '[id: 0x6cee771b, L:/127.0.0.1:50214 - R:localhost/127.0.0.1:6675]' for 'GET' to 'http://localhost:6675/session/f8f968e6cd8c9c85dc479de93ebc5475/url'
11:12:07.219 [Forwarding getCurrentUrl on session f8f968e6cd8c9c85dc479de93ebc5475 to remote] DEBUG org.asynchttpclient.netty.request.NettyRequestSender - Using open Channel [id: 0x6cee771b, L:/127.0.0.1:50214 - R:localhost/127.0.0.1:6675] for GET '/session/f8f968e6cd8c9c85dc479de93ebc5475/url'
11:12:07.237 [AsyncHttpClient-1-2] DEBUG org.asynchttpclient.netty.handler.HttpHandler - 

Request DefaultFullHttpRequest(decodeResult: success, version: HTTP/1.1, content: EmptyByteBufBE)
GET /session/f8f968e6cd8c9c85dc479de93ebc5475/url HTTP/1.1
User-Agent: selenium/4.8.1 (java windows)
Cache-Control: no-cache
Content-Type: application/json; charset=utf-8
host: localhost:6675
accept: */*

Response DefaultHttpResponse(decodeResult: success, version: HTTP/1.1)
HTTP/1.1 200 OK
Content-Length: 38
Content-Type: application/json; charset=utf-8
cache-control: no-cache

11:12:07.238 [AsyncHttpClient-1-2] DEBUG org.asynchttpclient.netty.channel.ChannelManager - Adding key: http://localhost:6675 for channel [id: 0x6cee771b, L:/127.0.0.1:50214 - R:localhost/127.0.0.1:6675]
11:12:07.251 [Forwarding screenshot on session f8f968e6cd8c9c85dc479de93ebc5475 to remote] DEBUG org.asynchttpclient.netty.request.NettyRequestSender - Using pooled Channel '[id: 0x6cee771b, L:/127.0.0.1:50214 - R:localhost/127.0.0.1:6675]' for 'GET' to 'http://localhost:6675/session/f8f968e6cd8c9c85dc479de93ebc5475/screenshot'
11:12:07.251 [Forwarding screenshot on session f8f968e6cd8c9c85dc479de93ebc5475 to remote] DEBUG org.asynchttpclient.netty.request.NettyRequestSender - Using open Channel [id: 0x6cee771b, L:/127.0.0.1:50214 - R:localhost/127.0.0.1:6675] for GET '/session/f8f968e6cd8c9c85dc479de93ebc5475/screenshot'
11:12:07.368 [AsyncHttpClient-1-1] DEBUG org.asynchttpclient.netty.channel.DefaultChannelPool - Entry count for : http://localhost:50215 : 1
11:12:07.465 [AsyncHttpClient-1-2] DEBUG org.asynchttpclient.netty.handler.HttpHandler - 

Request DefaultFullHttpRequest(decodeResult: success, version: HTTP/1.1, content: EmptyByteBufBE)
GET /session/f8f968e6cd8c9c85dc479de93ebc5475/screenshot HTTP/1.1
User-Agent: selenium/4.8.1 (java windows)
Cache-Control: no-cache
Content-Type: application/json; charset=utf-8
host: localhost:6675
accept: */*

Response DefaultHttpResponse(decodeResult: success, version: HTTP/1.1)
HTTP/1.1 200 OK
Content-Length: 47752
Content-Type: application/json; charset=utf-8
cache-control: no-cache

11:12:07.467 [AsyncHttpClient-1-2] DEBUG org.asynchttpclient.netty.channel.ChannelManager - Adding key: http://localhost:6675 for channel [id: 0x6cee771b, L:/127.0.0.1:50214 - R:localhost/127.0.0.1:6675]
11:12:07.598 [main] DEBUG net.serenitybdd.core.photography.Darkroom - Send negative for processing for target\site\serenity\f9ad40f6c7733f56dd804c585c5f1e76c45dcfccc98165bf8546bd3bbde94995.png
11:12:07.599 [Darkroom Processing Line] DEBUG net.serenitybdd.core.photography.DarkroomProcessingLine - Processing screenshot image in /var/screenshots/screenshot-13852288166636448457
11:12:07.599 [Darkroom Processing Line] DEBUG net.serenitybdd.core.photography.DarkroomProcessingLine - Saving screenshot to target\site\serenity\f9ad40f6c7733f56dd804c585c5f1e76c45dcfccc98165bf8546bd3bbde94995.png
11:12:07.607 [main] DEBUG net.thucydides.core.steps.StepInterceptor - STEP DONE: openPage
11:12:07.629 [Forwarding getPageSource on session f8f968e6cd8c9c85dc479de93ebc5475 to remote] DEBUG org.asynchttpclient.netty.request.NettyRequestSender - Using pooled Channel '[id: 0x6cee771b, L:/127.0.0.1:50214 - R:localhost/127.0.0.1:6675]' for 'POST' to 'http://localhost:6675/session/f8f968e6cd8c9c85dc479de93ebc5475/execute/sync'
11:12:07.629 [Forwarding getPageSource on session f8f968e6cd8c9c85dc479de93ebc5475 to remote] DEBUG org.asynchttpclient.netty.request.NettyRequestSender - Using open Channel [id: 0x6cee771b, L:/127.0.0.1:50214 - R:localhost/127.0.0.1:6675] for POST '/session/f8f968e6cd8c9c85dc479de93ebc5475/execute/sync'
11:12:07.635 [AsyncHttpClient-1-2] DEBUG org.asynchttpclient.netty.handler.HttpHandler - 

Request DefaultHttpRequest(decodeResult: success, version: HTTP/1.1)
POST /session/f8f968e6cd8c9c85dc479de93ebc5475/execute/sync HTTP/1.1
User-Agent: selenium/4.8.1 (java windows)
Content-Length: 176
Content-Type: application/json; charset=utf-8
host: localhost:6675
accept: */*

Response DefaultHttpResponse(decodeResult: success, version: HTTP/1.1)
HTTP/1.1 200 OK
Content-Length: 4286
Content-Type: application/json; charset=utf-8
cache-control: no-cache

11:12:07.636 [AsyncHttpClient-1-2] DEBUG org.asynchttpclient.netty.channel.ChannelManager - Adding key: http://localhost:6675 for channel [id: 0x6cee771b, L:/127.0.0.1:50214 - R:localhost/127.0.0.1:6675]
11:12:07.802 [Forwarding getCurrentUrl on session f8f968e6cd8c9c85dc479de93ebc5475 to remote] DEBUG org.asynchttpclient.netty.request.NettyRequestSender - Using pooled Channel '[id: 0x6cee771b, L:/127.0.0.1:50214 - R:localhost/127.0.0.1:6675]' for 'GET' to 'http://localhost:6675/session/f8f968e6cd8c9c85dc479de93ebc5475/url'
11:12:07.802 [Forwarding getCurrentUrl on session f8f968e6cd8c9c85dc479de93ebc5475 to remote] DEBUG org.asynchttpclient.netty.request.NettyRequestSender - Using open Channel [id: 0x6cee771b, L:/127.0.0.1:50214 - R:localhost/127.0.0.1:6675] for GET '/session/f8f968e6cd8c9c85dc479de93ebc5475/url'
11:12:07.811 [AsyncHttpClient-1-2] DEBUG org.asynchttpclient.netty.handler.HttpHandler - 

Request DefaultFullHttpRequest(decodeResult: success, version: HTTP/1.1, content: EmptyByteBufBE)
GET /session/f8f968e6cd8c9c85dc479de93ebc5475/url HTTP/1.1
User-Agent: selenium/4.8.1 (java windows)
Cache-Control: no-cache
Content-Type: application/json; charset=utf-8
host: localhost:6675
accept: */*

Response DefaultHttpResponse(decodeResult: success, version: HTTP/1.1)
HTTP/1.1 200 OK
Content-Length: 38
Content-Type: application/json; charset=utf-8
cache-control: no-cache

11:12:07.811 [AsyncHttpClient-1-2] DEBUG org.asynchttpclient.netty.channel.ChannelManager - Adding key: http://localhost:6675 for channel [id: 0x6cee771b, L:/127.0.0.1:50214 - R:localhost/127.0.0.1:6675]
11:12:07.817 [main] DEBUG net.thucydides.core.steps.StepInterceptor - STARTING STEP: AddToCartSteps.onTheLoginPage - validateOnLoginPage
11:12:07.840 [Forwarding findElement on session f8f968e6cd8c9c85dc479de93ebc5475 to remote] DEBUG org.asynchttpclient.netty.request.NettyRequestSender - Using pooled Channel '[id: 0x6cee771b, L:/127.0.0.1:50214 - R:localhost/127.0.0.1:6675]' for 'POST' to 'http://localhost:6675/session/f8f968e6cd8c9c85dc479de93ebc5475/element'
11:12:07.841 [Forwarding findElement on session f8f968e6cd8c9c85dc479de93ebc5475 to remote] DEBUG org.asynchttpclient.netty.request.NettyRequestSender - Using open Channel [id: 0x6cee771b, L:/127.0.0.1:50214 - R:localhost/127.0.0.1:6675] for POST '/session/f8f968e6cd8c9c85dc479de93ebc5475/element'
11:12:07.866 [AsyncHttpClient-1-2] DEBUG org.asynchttpclient.netty.handler.HttpHandler - 

Request DefaultHttpRequest(decodeResult: success, version: HTTP/1.1)
POST /session/f8f968e6cd8c9c85dc479de93ebc5475/element HTTP/1.1
User-Agent: selenium/4.8.1 (java windows)
Content-Length: 59
Content-Type: application/json; charset=utf-8
host: localhost:6675
accept: */*

Response DefaultHttpResponse(decodeResult: success, version: HTTP/1.1)
HTTP/1.1 200 OK
Content-Length: 88
Content-Type: application/json; charset=utf-8
cache-control: no-cache

11:12:07.867 [AsyncHttpClient-1-2] DEBUG org.asynchttpclient.netty.channel.ChannelManager - Adding key: http://localhost:6675 for channel [id: 0x6cee771b, L:/127.0.0.1:50214 - R:localhost/127.0.0.1:6675]
11:12:07.890 [Forwarding isElementDisplayed on session f8f968e6cd8c9c85dc479de93ebc5475 to remote] DEBUG org.asynchttpclient.netty.request.NettyRequestSender - Using pooled Channel '[id: 0x6cee771b, L:/127.0.0.1:50214 - R:localhost/127.0.0.1:6675]' for 'POST' to 'http://localhost:6675/session/f8f968e6cd8c9c85dc479de93ebc5475/execute/sync'
11:12:07.890 [Forwarding isElementDisplayed on session f8f968e6cd8c9c85dc479de93ebc5475 to remote] DEBUG org.asynchttpclient.netty.request.NettyRequestSender - Using open Channel [id: 0x6cee771b, L:/127.0.0.1:50214 - R:localhost/127.0.0.1:6675] for POST '/session/f8f968e6cd8c9c85dc479de93ebc5475/execute/sync'
11:12:07.921 [AsyncHttpClient-1-2] DEBUG org.asynchttpclient.netty.handler.HttpHandler - 

Request DefaultHttpRequest(decodeResult: success, version: HTTP/1.1)
POST /session/f8f968e6cd8c9c85dc479de93ebc5475/execute/sync HTTP/1.1
User-Agent: selenium/4.8.1 (java windows)
Content-Length: 48807
Content-Type: application/json; charset=utf-8
host: localhost:6675
accept: */*

Response DefaultHttpResponse(decodeResult: success, version: HTTP/1.1)
HTTP/1.1 200 OK
Content-Length: 14
Content-Type: application/json; charset=utf-8
cache-control: no-cache

11:12:07.921 [AsyncHttpClient-1-2] DEBUG org.asynchttpclient.netty.channel.ChannelManager - Adding key: http://localhost:6675 for channel [id: 0x6cee771b, L:/127.0.0.1:50214 - R:localhost/127.0.0.1:6675]
11:12:07.957 [Forwarding getAlertText on session f8f968e6cd8c9c85dc479de93ebc5475 to remote] DEBUG org.asynchttpclient.netty.request.NettyRequestSender - Using pooled Channel '[id: 0x6cee771b, L:/127.0.0.1:50214 - R:localhost/127.0.0.1:6675]' for 'GET' to 'http://localhost:6675/session/f8f968e6cd8c9c85dc479de93ebc5475/alert/text'
11:12:07.958 [Forwarding getAlertText on session f8f968e6cd8c9c85dc479de93ebc5475 to remote] DEBUG org.asynchttpclient.netty.request.NettyRequestSender - Using open Channel [id: 0x6cee771b, L:/127.0.0.1:50214 - R:localhost/127.0.0.1:6675] for GET '/session/f8f968e6cd8c9c85dc479de93ebc5475/alert/text'
11:12:07.962 [AsyncHttpClient-1-2] DEBUG org.asynchttpclient.netty.handler.HttpHandler - 

Request DefaultFullHttpRequest(decodeResult: success, version: HTTP/1.1, content: EmptyByteBufBE)
GET /session/f8f968e6cd8c9c85dc479de93ebc5475/alert/text HTTP/1.1
User-Agent: selenium/4.8.1 (java windows)
Cache-Control: no-cache
Content-Type: application/json; charset=utf-8
host: localhost:6675
accept: */*

Response DefaultHttpResponse(decodeResult: success, version: HTTP/1.1)
HTTP/1.1 404 Not Found
Content-Length: 836
Content-Type: application/json; charset=utf-8
cache-control: no-cache

11:12:07.963 [AsyncHttpClient-1-2] DEBUG org.asynchttpclient.netty.channel.ChannelManager - Adding key: http://localhost:6675 for channel [id: 0x6cee771b, L:/127.0.0.1:50214 - R:localhost/127.0.0.1:6675]
11:12:07.970 [Forwarding getCurrentUrl on session f8f968e6cd8c9c85dc479de93ebc5475 to remote] DEBUG org.asynchttpclient.netty.request.NettyRequestSender - Using pooled Channel '[id: 0x6cee771b, L:/127.0.0.1:50214 - R:localhost/127.0.0.1:6675]' for 'GET' to 'http://localhost:6675/session/f8f968e6cd8c9c85dc479de93ebc5475/url'
11:12:07.970 [Forwarding getCurrentUrl on session f8f968e6cd8c9c85dc479de93ebc5475 to remote] DEBUG org.asynchttpclient.netty.request.NettyRequestSender - Using open Channel [id: 0x6cee771b, L:/127.0.0.1:50214 - R:localhost/127.0.0.1:6675] for GET '/session/f8f968e6cd8c9c85dc479de93ebc5475/url'
11:12:07.979 [AsyncHttpClient-1-2] DEBUG org.asynchttpclient.netty.handler.HttpHandler - 

Request DefaultFullHttpRequest(decodeResult: success, version: HTTP/1.1, content: EmptyByteBufBE)
GET /session/f8f968e6cd8c9c85dc479de93ebc5475/url HTTP/1.1
User-Agent: selenium/4.8.1 (java windows)
Cache-Control: no-cache
Content-Type: application/json; charset=utf-8
host: localhost:6675
accept: */*

Response DefaultHttpResponse(decodeResult: success, version: HTTP/1.1)
HTTP/1.1 200 OK
Content-Length: 38
Content-Type: application/json; charset=utf-8
cache-control: no-cache

11:12:07.980 [AsyncHttpClient-1-2] DEBUG org.asynchttpclient.netty.channel.ChannelManager - Adding key: http://localhost:6675 for channel [id: 0x6cee771b, L:/127.0.0.1:50214 - R:localhost/127.0.0.1:6675]
11:12:07.985 [Forwarding screenshot on session f8f968e6cd8c9c85dc479de93ebc5475 to remote] DEBUG org.asynchttpclient.netty.request.NettyRequestSender - Using pooled Channel '[id: 0x6cee771b, L:/127.0.0.1:50214 - R:localhost/127.0.0.1:6675]' for 'GET' to 'http://localhost:6675/session/f8f968e6cd8c9c85dc479de93ebc5475/screenshot'
11:12:07.985 [Forwarding screenshot on session f8f968e6cd8c9c85dc479de93ebc5475 to remote] DEBUG org.asynchttpclient.netty.request.NettyRequestSender - Using open Channel [id: 0x6cee771b, L:/127.0.0.1:50214 - R:localhost/127.0.0.1:6675] for GET '/session/f8f968e6cd8c9c85dc479de93ebc5475/screenshot'
11:12:08.194 [AsyncHttpClient-1-2] DEBUG org.asynchttpclient.netty.handler.HttpHandler - 

Request DefaultFullHttpRequest(decodeResult: success, version: HTTP/1.1, content: EmptyByteBufBE)
GET /session/f8f968e6cd8c9c85dc479de93ebc5475/screenshot HTTP/1.1
User-Agent: selenium/4.8.1 (java windows)
Cache-Control: no-cache
Content-Type: application/json; charset=utf-8
host: localhost:6675
accept: */*

Response DefaultHttpResponse(decodeResult: success, version: HTTP/1.1)
HTTP/1.1 200 OK
Content-Length: 47752
Content-Type: application/json; charset=utf-8
cache-control: no-cache

11:12:08.195 [AsyncHttpClient-1-2] DEBUG org.asynchttpclient.netty.channel.ChannelManager - Adding key: http://localhost:6675 for channel [id: 0x6cee771b, L:/127.0.0.1:50214 - R:localhost/127.0.0.1:6675]
11:12:08.204 [main] DEBUG net.serenitybdd.core.photography.Darkroom - Send negative for processing for target\site\serenity\f9ad40f6c7733f56dd804c585c5f1e76c45dcfccc98165bf8546bd3bbde94995.png
11:12:08.204 [main] DEBUG net.thucydides.core.steps.StepInterceptor - STEP DONE: validateOnLoginPage
  &amp#27;[32mGiven &amp#27;[0m&amp#27;[32mI am on the Saucedemo login page&amp#27;[0m     &amp#27;[90m# starter.stepdefinitions.AddToCartSteps.onTheLoginPage()&amp#27;[0m
11:12:08.231 [Forwarding getPageSource on session f8f968e6cd8c9c85dc479de93ebc5475 to remote] DEBUG org.asynchttpclient.netty.request.NettyRequestSender - Using pooled Channel '[id: 0x6cee771b, L:/127.0.0.1:50214 - R:localhost/127.0.0.1:6675]' for 'POST' to 'http://localhost:6675/session/f8f968e6cd8c9c85dc479de93ebc5475/execute/sync'
11:12:08.231 [Forwarding getPageSource on session f8f968e6cd8c9c85dc479de93ebc5475 to remote] DEBUG org.asynchttpclient.netty.request.NettyRequestSender - Using open Channel [id: 0x6cee771b, L:/127.0.0.1:50214 - R:localhost/127.0.0.1:6675] for POST '/session/f8f968e6cd8c9c85dc479de93ebc5475/execute/sync'
11:12:08.236 [AsyncHttpClient-1-2] DEBUG org.asynchttpclient.netty.handler.HttpHandler - 

Request DefaultHttpRequest(decodeResult: success, version: HTTP/1.1)
POST /session/f8f968e6cd8c9c85dc479de93ebc5475/execute/sync HTTP/1.1
User-Agent: selenium/4.8.1 (java windows)
Content-Length: 176
Content-Type: application/json; charset=utf-8
host: localhost:6675
accept: */*

Response DefaultHttpResponse(decodeResult: success, version: HTTP/1.1)
HTTP/1.1 200 OK
Content-Length: 4286
Content-Type: application/json; charset=utf-8
cache-control: no-cache

11:12:08.237 [AsyncHttpClient-1-2] DEBUG org.asynchttpclient.netty.channel.ChannelManager - Adding key: http://localhost:6675 for channel [id: 0x6cee771b, L:/127.0.0.1:50214 - R:localhost/127.0.0.1:6675]
11:12:08.242 [Forwarding getCurrentUrl on session f8f968e6cd8c9c85dc479de93ebc5475 to remote] DEBUG org.asynchttpclient.netty.request.NettyRequestSender - Using pooled Channel '[id: 0x6cee771b, L:/127.0.0.1:50214 - R:localhost/127.0.0.1:6675]' for 'GET' to 'http://localhost:6675/session/f8f968e6cd8c9c85dc479de93ebc5475/url'
11:12:08.242 [Forwarding getCurrentUrl on session f8f968e6cd8c9c85dc479de93ebc5475 to remote] DEBUG org.asynchttpclient.netty.request.NettyRequestSender - Using open Channel [id: 0x6cee771b, L:/127.0.0.1:50214 - R:localhost/127.0.0.1:6675] for GET '/session/f8f968e6cd8c9c85dc479de93ebc5475/url'
11:12:08.245 [AsyncHttpClient-1-2] DEBUG org.asynchttpclient.netty.handler.HttpHandler - 

Request DefaultFullHttpRequest(decodeResult: success, version: HTTP/1.1, content: EmptyByteBufBE)
GET /session/f8f968e6cd8c9c85dc479de93ebc5475/url HTTP/1.1
User-Agent: selenium/4.8.1 (java windows)
Cache-Control: no-cache
Content-Type: application/json; charset=utf-8
host: localhost:6675
accept: */*

Response DefaultHttpResponse(decodeResult: success, version: HTTP/1.1)
HTTP/1.1 200 OK
Content-Length: 38
Content-Type: application/json; charset=utf-8
cache-control: no-cache

11:12:08.246 [AsyncHttpClient-1-2] DEBUG org.asynchttpclient.netty.channel.ChannelManager - Adding key: http://localhost:6675 for channel [id: 0x6cee771b, L:/127.0.0.1:50214 - R:localhost/127.0.0.1:6675]
11:12:08.262 [Forwarding getAlertText on session f8f968e6cd8c9c85dc479de93ebc5475 to remote] DEBUG org.asynchttpclient.netty.request.NettyRequestSender - Using pooled Channel '[id: 0x6cee771b, L:/127.0.0.1:50214 - R:localhost/127.0.0.1:6675]' for 'GET' to 'http://localhost:6675/session/f8f968e6cd8c9c85dc479de93ebc5475/alert/text'
11:12:08.262 [Forwarding getAlertText on session f8f968e6cd8c9c85dc479de93ebc5475 to remote] DEBUG org.asynchttpclient.netty.request.NettyRequestSender - Using open Channel [id: 0x6cee771b, L:/127.0.0.1:50214 - R:localhost/127.0.0.1:6675] for GET '/session/f8f968e6cd8c9c85dc479de93ebc5475/alert/text'
11:12:08.264 [AsyncHttpClient-1-2] DEBUG org.asynchttpclient.netty.handler.HttpHandler - 

Request DefaultFullHttpRequest(decodeResult: success, version: HTTP/1.1, content: EmptyByteBufBE)
GET /session/f8f968e6cd8c9c85dc479de93ebc5475/alert/text HTTP/1.1
User-Agent: selenium/4.8.1 (java windows)
Cache-Control: no-cache
Content-Type: application/json; charset=utf-8
host: localhost:6675
accept: */*

Response DefaultHttpResponse(decodeResult: success, version: HTTP/1.1)
HTTP/1.1 404 Not Found
Content-Length: 836
Content-Type: application/json; charset=utf-8
cache-control: no-cache

11:12:08.264 [AsyncHttpClient-1-2] DEBUG org.asynchttpclient.netty.channel.ChannelManager - Adding key: http://localhost:6675 for channel [id: 0x6cee771b, L:/127.0.0.1:50214 - R:localhost/127.0.0.1:6675]
11:12:08.267 [Forwarding getCurrentUrl on session f8f968e6cd8c9c85dc479de93ebc5475 to remote] DEBUG org.asynchttpclient.netty.request.NettyRequestSender - Using pooled Channel '[id: 0x6cee771b, L:/127.0.0.1:50214 - R:localhost/127.0.0.1:6675]' for 'GET' to 'http://localhost:6675/session/f8f968e6cd8c9c85dc479de93ebc5475/url'
11:12:08.267 [Forwarding getCurrentUrl on session f8f968e6cd8c9c85dc479de93ebc5475 to remote] DEBUG org.asynchttpclient.netty.request.NettyRequestSender - Using open Channel [id: 0x6cee771b, L:/127.0.0.1:50214 - R:localhost/127.0.0.1:6675] for GET '/session/f8f968e6cd8c9c85dc479de93ebc5475/url'
11:12:08.273 [AsyncHttpClient-1-2] DEBUG org.asynchttpclient.netty.handler.HttpHandler - 

Request DefaultFullHttpRequest(decodeResult: success, version: HTTP/1.1, content: EmptyByteBufBE)
GET /session/f8f968e6cd8c9c85dc479de93ebc5475/url HTTP/1.1
User-Agent: selenium/4.8.1 (java windows)
Cache-Control: no-cache
Content-Type: application/json; charset=utf-8
host: localhost:6675
accept: */*

Response DefaultHttpResponse(decodeResult: success, version: HTTP/1.1)
HTTP/1.1 200 OK
Content-Length: 38
Content-Type: application/json; charset=utf-8
cache-control: no-cache

11:12:08.273 [AsyncHttpClient-1-2] DEBUG org.asynchttpclient.netty.channel.ChannelManager - Adding key: http://localhost:6675 for channel [id: 0x6cee771b, L:/127.0.0.1:50214 - R:localhost/127.0.0.1:6675]
11:12:08.277 [Forwarding screenshot on session f8f968e6cd8c9c85dc479de93ebc5475 to remote] DEBUG org.asynchttpclient.netty.request.NettyRequestSender - Using pooled Channel '[id: 0x6cee771b, L:/127.0.0.1:50214 - R:localhost/127.0.0.1:6675]' for 'GET' to 'http://localhost:6675/session/f8f968e6cd8c9c85dc479de93ebc5475/screenshot'
11:12:08.278 [Forwarding screenshot on session f8f968e6cd8c9c85dc479de93ebc5475 to remote] DEBUG org.asynchttpclient.netty.request.NettyRequestSender - Using open Channel [id: 0x6cee771b, L:/127.0.0.1:50214 - R:localhost/127.0.0.1:6675] for GET '/session/f8f968e6cd8c9c85dc479de93ebc5475/screenshot'
11:12:08.428 [AsyncHttpClient-1-2] DEBUG org.asynchttpclient.netty.handler.HttpHandler - 

Request DefaultFullHttpRequest(decodeResult: success, version: HTTP/1.1, content: EmptyByteBufBE)
GET /session/f8f968e6cd8c9c85dc479de93ebc5475/screenshot HTTP/1.1
User-Agent: selenium/4.8.1 (java windows)
Cache-Control: no-cache
Content-Type: application/json; charset=utf-8
host: localhost:6675
accept: */*

Response DefaultHttpResponse(decodeResult: success, version: HTTP/1.1)
HTTP/1.1 200 OK
Content-Length: 47752
Content-Type: application/json; charset=utf-8
cache-control: no-cache

11:12:08.429 [AsyncHttpClient-1-2] DEBUG org.asynchttpclient.netty.channel.ChannelManager - Adding key: http://localhost:6675 for channel [id: 0x6cee771b, L:/127.0.0.1:50214 - R:localhost/127.0.0.1:6675]
11:12:08.436 [main] DEBUG net.serenitybdd.core.photography.Darkroom - Send negative for processing for target\site\serenity\f9ad40f6c7733f56dd804c585c5f1e76c45dcfccc98165bf8546bd3bbde94995.png
11:12:08.440 [Forwarding getPageSource on session f8f968e6cd8c9c85dc479de93ebc5475 to remote] DEBUG org.asynchttpclient.netty.request.NettyRequestSender - Using pooled Channel '[id: 0x6cee771b, L:/127.0.0.1:50214 - R:localhost/127.0.0.1:6675]' for 'POST' to 'http://localhost:6675/session/f8f968e6cd8c9c85dc479de93ebc5475/execute/sync'
11:12:08.440 [Forwarding getPageSource on session f8f968e6cd8c9c85dc479de93ebc5475 to remote] DEBUG org.asynchttpclient.netty.request.NettyRequestSender - Using open Channel [id: 0x6cee771b, L:/127.0.0.1:50214 - R:localhost/127.0.0.1:6675] for POST '/session/f8f968e6cd8c9c85dc479de93ebc5475/execute/sync'
11:12:08.448 [AsyncHttpClient-1-2] DEBUG org.asynchttpclient.netty.handler.HttpHandler - 

Request DefaultHttpRequest(decodeResult: success, version: HTTP/1.1)
POST /session/f8f968e6cd8c9c85dc479de93ebc5475/execute/sync HTTP/1.1
User-Agent: selenium/4.8.1 (java windows)
Content-Length: 176
Content-Type: application/json; charset=utf-8
host: localhost:6675
accept: */*

Response DefaultHttpResponse(decodeResult: success, version: HTTP/1.1)
HTTP/1.1 200 OK
Content-Length: 4286
Content-Type: application/json; charset=utf-8
cache-control: no-cache

11:12:08.449 [AsyncHttpClient-1-2] DEBUG org.asynchttpclient.netty.channel.ChannelManager - Adding key: http://localhost:6675 for channel [id: 0x6cee771b, L:/127.0.0.1:50214 - R:localhost/127.0.0.1:6675]
11:12:08.455 [Forwarding getCurrentUrl on session f8f968e6cd8c9c85dc479de93ebc5475 to remote] DEBUG org.asynchttpclient.netty.request.NettyRequestSender - Using pooled Channel '[id: 0x6cee771b, L:/127.0.0.1:50214 - R:localhost/127.0.0.1:6675]' for 'GET' to 'http://localhost:6675/session/f8f968e6cd8c9c85dc479de93ebc5475/url'
11:12:08.455 [Forwarding getCurrentUrl on session f8f968e6cd8c9c85dc479de93ebc5475 to remote] DEBUG org.asynchttpclient.netty.request.NettyRequestSender - Using open Channel [id: 0x6cee771b, L:/127.0.0.1:50214 - R:localhost/127.0.0.1:6675] for GET '/session/f8f968e6cd8c9c85dc479de93ebc5475/url'
11:12:08.463 [AsyncHttpClient-1-2] DEBUG org.asynchttpclient.netty.handler.HttpHandler - 

Request DefaultFullHttpRequest(decodeResult: success, version: HTTP/1.1, content: EmptyByteBufBE)
GET /session/f8f968e6cd8c9c85dc479de93ebc5475/url HTTP/1.1
User-Agent: selenium/4.8.1 (java windows)
Cache-Control: no-cache
Content-Type: application/json; charset=utf-8
host: localhost:6675
accept: */*

Response DefaultHttpResponse(decodeResult: success, version: HTTP/1.1)
HTTP/1.1 200 OK
Content-Length: 38
Content-Type: application/json; charset=utf-8
cache-control: no-cache

11:12:08.464 [AsyncHttpClient-1-2] DEBUG org.asynchttpclient.netty.channel.ChannelManager - Adding key: http://localhost:6675 for channel [id: 0x6cee771b, L:/127.0.0.1:50214 - R:localhost/127.0.0.1:6675]
11:12:08.467 [main] DEBUG net.thucydides.core.steps.StepInterceptor - STARTING STEP: AddToCartSteps.loginWithValid - inputUserName
11:12:08.470 [AsyncHttpClient-1-1] DEBUG org.asynchttpclient.netty.channel.DefaultChannelPool - Entry count for : http://localhost:50215 : 1
11:12:08.470 [AsyncHttpClient-1-1] DEBUG org.asynchttpclient.netty.channel.DefaultChannelPool - Entry count for : http://localhost:6675 : 1
11:12:08.475 [Forwarding findElement on session f8f968e6cd8c9c85dc479de93ebc5475 to remote] DEBUG org.asynchttpclient.netty.request.NettyRequestSender - Using pooled Channel '[id: 0x6cee771b, L:/127.0.0.1:50214 - R:localhost/127.0.0.1:6675]' for 'POST' to 'http://localhost:6675/session/f8f968e6cd8c9c85dc479de93ebc5475/element'
11:12:08.476 [Forwarding findElement on session f8f968e6cd8c9c85dc479de93ebc5475 to remote] DEBUG org.asynchttpclient.netty.request.NettyRequestSender - Using open Channel [id: 0x6cee771b, L:/127.0.0.1:50214 - R:localhost/127.0.0.1:6675] for POST '/session/f8f968e6cd8c9c85dc479de93ebc5475/element'
11:12:08.504 [AsyncHttpClient-1-2] DEBUG org.asynchttpclient.netty.handler.HttpHandler - 

Request DefaultHttpRequest(decodeResult: success, version: HTTP/1.1)
POST /session/f8f968e6cd8c9c85dc479de93ebc5475/element HTTP/1.1
User-Agent: selenium/4.8.1 (java windows)
Content-Length: 56
Content-Type: application/json; charset=utf-8
host: localhost:6675
accept: */*

Response DefaultHttpResponse(decodeResult: success, version: HTTP/1.1)
HTTP/1.1 200 OK
Content-Length: 88
Content-Type: application/json; charset=utf-8
cache-control: no-cache

11:12:08.505 [AsyncHttpClient-1-2] DEBUG org.asynchttpclient.netty.channel.ChannelManager - Adding key: http://localhost:6675 for channel [id: 0x6cee771b, L:/127.0.0.1:50214 - R:localhost/127.0.0.1:6675]
11:12:08.509 [Forwarding clearElement on session f8f968e6cd8c9c85dc479de93ebc5475 to remote] DEBUG org.asynchttpclient.netty.request.NettyRequestSender - Using pooled Channel '[id: 0x6cee771b, L:/127.0.0.1:50214 - R:localhost/127.0.0.1:6675]' for 'POST' to 'http://localhost:6675/session/f8f968e6cd8c9c85dc479de93ebc5475/element/ad39f8ef-9255-41c8-809b-a705a9a89eef/clear'
11:12:08.509 [Forwarding clearElement on session f8f968e6cd8c9c85dc479de93ebc5475 to remote] DEBUG org.asynchttpclient.netty.request.NettyRequestSender - Using open Channel [id: 0x6cee771b, L:/127.0.0.1:50214 - R:localhost/127.0.0.1:6675] for POST '/session/f8f968e6cd8c9c85dc479de93ebc5475/element/ad39f8ef-9255-41c8-809b-a705a9a89eef/clear'
11:12:08.590 [AsyncHttpClient-1-2] DEBUG org.asynchttpclient.netty.handler.HttpHandler - 

Request DefaultHttpRequest(decodeResult: success, version: HTTP/1.1)
POST /session/f8f968e6cd8c9c85dc479de93ebc5475/element/ad39f8ef-9255-41c8-809b-a705a9a89eef/clear HTTP/1.1
User-Agent: selenium/4.8.1 (java windows)
Content-Length: 50
Content-Type: application/json; charset=utf-8
host: localhost:6675
accept: */*

Response DefaultHttpResponse(decodeResult: success, version: HTTP/1.1)
HTTP/1.1 200 OK
Content-Length: 14
Content-Type: application/json; charset=utf-8
cache-control: no-cache

11:12:08.591 [AsyncHttpClient-1-2] DEBUG org.asynchttpclient.netty.channel.ChannelManager - Adding key: http://localhost:6675 for channel [id: 0x6cee771b, L:/127.0.0.1:50214 - R:localhost/127.0.0.1:6675]
11:12:08.605 [Forwarding sendKeysToElement on session f8f968e6cd8c9c85dc479de93ebc5475 to remote] DEBUG org.asynchttpclient.netty.request.NettyRequestSender - Using pooled Channel '[id: 0x6cee771b, L:/127.0.0.1:50214 - R:localhost/127.0.0.1:6675]' for 'POST' to 'http://localhost:6675/session/f8f968e6cd8c9c85dc479de93ebc5475/element/ad39f8ef-9255-41c8-809b-a705a9a89eef/value'
11:12:08.606 [Forwarding sendKeysToElement on session f8f968e6cd8c9c85dc479de93ebc5475 to remote] DEBUG org.asynchttpclient.netty.request.NettyRequestSender - Using open Channel [id: 0x6cee771b, L:/127.0.0.1:50214 - R:localhost/127.0.0.1:6675] for POST '/session/f8f968e6cd8c9c85dc479de93ebc5475/element/ad39f8ef-9255-41c8-809b-a705a9a89eef/value'
11:12:08.794 [AsyncHttpClient-1-2] DEBUG org.asynchttpclient.netty.handler.HttpHandler - 

Request DefaultHttpRequest(decodeResult: success, version: HTTP/1.1)
POST /session/f8f968e6cd8c9c85dc479de93ebc5475/element/ad39f8ef-9255-41c8-809b-a705a9a89eef/value HTTP/1.1
User-Agent: selenium/4.8.1 (java windows)
Content-Length: 211
Content-Type: application/json; charset=utf-8
host: localhost:6675
accept: */*

Response DefaultHttpResponse(decodeResult: success, version: HTTP/1.1)
HTTP/1.1 200 OK
Content-Length: 14
Content-Type: application/json; charset=utf-8
cache-control: no-cache

11:12:08.794 [AsyncHttpClient-1-2] DEBUG org.asynchttpclient.netty.channel.ChannelManager - Adding key: http://localhost:6675 for channel [id: 0x6cee771b, L:/127.0.0.1:50214 - R:localhost/127.0.0.1:6675]
11:12:08.835 [Forwarding getAlertText on session f8f968e6cd8c9c85dc479de93ebc5475 to remote] DEBUG org.asynchttpclient.netty.request.NettyRequestSender - Using pooled Channel '[id: 0x6cee771b, L:/127.0.0.1:50214 - R:localhost/127.0.0.1:6675]' for 'GET' to 'http://localhost:6675/session/f8f968e6cd8c9c85dc479de93ebc5475/alert/text'
11:12:08.835 [Forwarding getAlertText on session f8f968e6cd8c9c85dc479de93ebc5475 to remote] DEBUG org.asynchttpclient.netty.request.NettyRequestSender - Using open Channel [id: 0x6cee771b, L:/127.0.0.1:50214 - R:localhost/127.0.0.1:6675] for GET '/session/f8f968e6cd8c9c85dc479de93ebc5475/alert/text'
11:12:08.841 [AsyncHttpClient-1-2] DEBUG org.asynchttpclient.netty.handler.HttpHandler - 

Request DefaultFullHttpRequest(decodeResult: success, version: HTTP/1.1, content: EmptyByteBufBE)
GET /session/f8f968e6cd8c9c85dc479de93ebc5475/alert/text HTTP/1.1
User-Agent: selenium/4.8.1 (java windows)
Cache-Control: no-cache
Content-Type: application/json; charset=utf-8
host: localhost:6675
accept: */*

Response DefaultHttpResponse(decodeResult: success, version: HTTP/1.1)
HTTP/1.1 404 Not Found
Content-Length: 836
Content-Type: application/json; charset=utf-8
cache-control: no-cache

11:12:08.842 [AsyncHttpClient-1-2] DEBUG org.asynchttpclient.netty.channel.ChannelManager - Adding key: http://localhost:6675 for channel [id: 0x6cee771b, L:/127.0.0.1:50214 - R:localhost/127.0.0.1:6675]
11:12:08.847 [Forwarding getCurrentUrl on session f8f968e6cd8c9c85dc479de93ebc5475 to remote] DEBUG org.asynchttpclient.netty.request.NettyRequestSender - Using pooled Channel '[id: 0x6cee771b, L:/127.0.0.1:50214 - R:localhost/127.0.0.1:6675]' for 'GET' to 'http://localhost:6675/session/f8f968e6cd8c9c85dc479de93ebc5475/url'
11:12:08.847 [Forwarding getCurrentUrl on session f8f968e6cd8c9c85dc479de93ebc5475 to remote] DEBUG org.asynchttpclient.netty.request.NettyRequestSender - Using open Channel [id: 0x6cee771b, L:/127.0.0.1:50214 - R:localhost/127.0.0.1:6675] for GET '/session/f8f968e6cd8c9c85dc479de93ebc5475/url'
11:12:08.858 [AsyncHttpClient-1-2] DEBUG org.asynchttpclient.netty.handler.HttpHandler - 

Request DefaultFullHttpRequest(decodeResult: success, version: HTTP/1.1, content: EmptyByteBufBE)
GET /session/f8f968e6cd8c9c85dc479de93ebc5475/url HTTP/1.1
User-Agent: selenium/4.8.1 (java windows)
Cache-Control: no-cache
Content-Type: application/json; charset=utf-8
host: localhost:6675
accept: */*

Response DefaultHttpResponse(decodeResult: success, version: HTTP/1.1)
HTTP/1.1 200 OK
Content-Length: 38
Content-Type: application/json; charset=utf-8
cache-control: no-cache

11:12:08.859 [AsyncHttpClient-1-2] DEBUG org.asynchttpclient.netty.channel.ChannelManager - Adding key: http://localhost:6675 for channel [id: 0x6cee771b, L:/127.0.0.1:50214 - R:localhost/127.0.0.1:6675]
11:12:08.863 [Forwarding screenshot on session f8f968e6cd8c9c85dc479de93ebc5475 to remote] DEBUG org.asynchttpclient.netty.request.NettyRequestSender - Using pooled Channel '[id: 0x6cee771b, L:/127.0.0.1:50214 - R:localhost/127.0.0.1:6675]' for 'GET' to 'http://localhost:6675/session/f8f968e6cd8c9c85dc479de93ebc5475/screenshot'
11:12:08.864 [Forwarding screenshot on session f8f968e6cd8c9c85dc479de93ebc5475 to remote] DEBUG org.asynchttpclient.netty.request.NettyRequestSender - Using open Channel [id: 0x6cee771b, L:/127.0.0.1:50214 - R:localhost/127.0.0.1:6675] for GET '/session/f8f968e6cd8c9c85dc479de93ebc5475/screenshot'
11:12:09.122 [AsyncHttpClient-1-2] DEBUG org.asynchttpclient.netty.handler.HttpHandler - 

Request DefaultFullHttpRequest(decodeResult: success, version: HTTP/1.1, content: EmptyByteBufBE)
GET /session/f8f968e6cd8c9c85dc479de93ebc5475/screenshot HTTP/1.1
User-Agent: selenium/4.8.1 (java windows)
Cache-Control: no-cache
Content-Type: application/json; charset=utf-8
host: localhost:6675
accept: */*

Response DefaultHttpResponse(decodeResult: success, version: HTTP/1.1)
HTTP/1.1 200 OK
Content-Length: 48716
Content-Type: application/json; charset=utf-8
cache-control: no-cache

11:12:09.124 [AsyncHttpClient-1-2] DEBUG org.asynchttpclient.netty.channel.ChannelManager - Adding key: http://localhost:6675 for channel [id: 0x6cee771b, L:/127.0.0.1:50214 - R:localhost/127.0.0.1:6675]
11:12:09.142 [main] DEBUG net.serenitybdd.core.photography.Darkroom - Send negative for processing for target\site\serenity\cde9ea299d4c02971187055e9552b6fb3b9025d46bd6a9e1809b11bddca7017b.png
11:12:09.143 [main] DEBUG net.thucydides.core.steps.StepInterceptor - STEP DONE: inputUserName
11:12:09.144 [Darkroom Processing Line] DEBUG net.serenitybdd.core.photography.DarkroomProcessingLine - Processing screenshot image in /var/screenshots/screenshot-17279372912400507577
11:12:09.144 [Darkroom Processing Line] DEBUG net.serenitybdd.core.photography.DarkroomProcessingLine - Saving screenshot to target\site\serenity\cde9ea299d4c02971187055e9552b6fb3b9025d46bd6a9e1809b11bddca7017b.png
11:12:09.174 [Forwarding getPageSource on session f8f968e6cd8c9c85dc479de93ebc5475 to remote] DEBUG org.asynchttpclient.netty.request.NettyRequestSender - Using pooled Channel '[id: 0x6cee771b, L:/127.0.0.1:50214 - R:localhost/127.0.0.1:6675]' for 'POST' to 'http://localhost:6675/session/f8f968e6cd8c9c85dc479de93ebc5475/execute/sync'
11:12:09.174 [Forwarding getPageSource on session f8f968e6cd8c9c85dc479de93ebc5475 to remote] DEBUG org.asynchttpclient.netty.request.NettyRequestSender - Using open Channel [id: 0x6cee771b, L:/127.0.0.1:50214 - R:localhost/127.0.0.1:6675] for POST '/session/f8f968e6cd8c9c85dc479de93ebc5475/execute/sync'
11:12:09.189 [AsyncHttpClient-1-2] DEBUG org.asynchttpclient.netty.handler.HttpHandler - 

Request DefaultHttpRequest(decodeResult: success, version: HTTP/1.1)
POST /session/f8f968e6cd8c9c85dc479de93ebc5475/execute/sync HTTP/1.1
User-Agent: selenium/4.8.1 (java windows)
Content-Length: 176
Content-Type: application/json; charset=utf-8
host: localhost:6675
accept: */*

Response DefaultHttpResponse(decodeResult: success, version: HTTP/1.1)
HTTP/1.1 200 OK
Content-Length: 4299
Content-Type: application/json; charset=utf-8
cache-control: no-cache

11:12:09.190 [AsyncHttpClient-1-2] DEBUG org.asynchttpclient.netty.channel.ChannelManager - Adding key: http://localhost:6675 for channel [id: 0x6cee771b, L:/127.0.0.1:50214 - R:localhost/127.0.0.1:6675]
11:12:09.202 [Forwarding getCurrentUrl on session f8f968e6cd8c9c85dc479de93ebc5475 to remote] DEBUG org.asynchttpclient.netty.request.NettyRequestSender - Using pooled Channel '[id: 0x6cee771b, L:/127.0.0.1:50214 - R:localhost/127.0.0.1:6675]' for 'GET' to 'http://localhost:6675/session/f8f968e6cd8c9c85dc479de93ebc5475/url'
11:12:09.203 [Forwarding getCurrentUrl on session f8f968e6cd8c9c85dc479de93ebc5475 to remote] DEBUG org.asynchttpclient.netty.request.NettyRequestSender - Using open Channel [id: 0x6cee771b, L:/127.0.0.1:50214 - R:localhost/127.0.0.1:6675] for GET '/session/f8f968e6cd8c9c85dc479de93ebc5475/url'
11:12:09.214 [AsyncHttpClient-1-2] DEBUG org.asynchttpclient.netty.handler.HttpHandler - 

Request DefaultFullHttpRequest(decodeResult: success, version: HTTP/1.1, content: EmptyByteBufBE)
GET /session/f8f968e6cd8c9c85dc479de93ebc5475/url HTTP/1.1
User-Agent: selenium/4.8.1 (java windows)
Cache-Control: no-cache
Content-Type: application/json; charset=utf-8
host: localhost:6675
accept: */*

Response DefaultHttpResponse(decodeResult: success, version: HTTP/1.1)
HTTP/1.1 200 OK
Content-Length: 38
Content-Type: application/json; charset=utf-8
cache-control: no-cache

11:12:09.214 [AsyncHttpClient-1-2] DEBUG org.asynchttpclient.netty.channel.ChannelManager - Adding key: http://localhost:6675 for channel [id: 0x6cee771b, L:/127.0.0.1:50214 - R:localhost/127.0.0.1:6675]
11:12:09.221 [main] DEBUG net.thucydides.core.steps.StepInterceptor - STARTING STEP: AddToCartSteps.loginWithValid - inputPassword
11:12:09.233 [Forwarding findElement on session f8f968e6cd8c9c85dc479de93ebc5475 to remote] DEBUG org.asynchttpclient.netty.request.NettyRequestSender - Using pooled Channel '[id: 0x6cee771b, L:/127.0.0.1:50214 - R:localhost/127.0.0.1:6675]' for 'POST' to 'http://localhost:6675/session/f8f968e6cd8c9c85dc479de93ebc5475/element'
11:12:09.233 [Forwarding findElement on session f8f968e6cd8c9c85dc479de93ebc5475 to remote] DEBUG org.asynchttpclient.netty.request.NettyRequestSender - Using open Channel [id: 0x6cee771b, L:/127.0.0.1:50214 - R:localhost/127.0.0.1:6675] for POST '/session/f8f968e6cd8c9c85dc479de93ebc5475/element'
11:12:09.273 [AsyncHttpClient-1-2] DEBUG org.asynchttpclient.netty.handler.HttpHandler - 

Request DefaultHttpRequest(decodeResult: success, version: HTTP/1.1)
POST /session/f8f968e6cd8c9c85dc479de93ebc5475/element HTTP/1.1
User-Agent: selenium/4.8.1 (java windows)
Content-Length: 53
Content-Type: application/json; charset=utf-8
host: localhost:6675
accept: */*

Response DefaultHttpResponse(decodeResult: success, version: HTTP/1.1)
HTTP/1.1 200 OK
Content-Length: 88
Content-Type: application/json; charset=utf-8
cache-control: no-cache

11:12:09.274 [AsyncHttpClient-1-2] DEBUG org.asynchttpclient.netty.channel.ChannelManager - Adding key: http://localhost:6675 for channel [id: 0x6cee771b, L:/127.0.0.1:50214 - R:localhost/127.0.0.1:6675]
11:12:09.280 [Forwarding clearElement on session f8f968e6cd8c9c85dc479de93ebc5475 to remote] DEBUG org.asynchttpclient.netty.request.NettyRequestSender - Using pooled Channel '[id: 0x6cee771b, L:/127.0.0.1:50214 - R:localhost/127.0.0.1:6675]' for 'POST' to 'http://localhost:6675/session/f8f968e6cd8c9c85dc479de93ebc5475/element/9e1e3b64-e909-481c-827c-dcfe552cf428/clear'
11:12:09.280 [Forwarding clearElement on session f8f968e6cd8c9c85dc479de93ebc5475 to remote] DEBUG org.asynchttpclient.netty.request.NettyRequestSender - Using open Channel [id: 0x6cee771b, L:/127.0.0.1:50214 - R:localhost/127.0.0.1:6675] for POST '/session/f8f968e6cd8c9c85dc479de93ebc5475/element/9e1e3b64-e909-481c-827c-dcfe552cf428/clear'
11:12:09.386 [AsyncHttpClient-1-2] DEBUG org.asynchttpclient.netty.handler.HttpHandler - 

Request DefaultHttpRequest(decodeResult: success, version: HTTP/1.1)
POST /session/f8f968e6cd8c9c85dc479de93ebc5475/element/9e1e3b64-e909-481c-827c-dcfe552cf428/clear HTTP/1.1
User-Agent: selenium/4.8.1 (java windows)
Content-Length: 50
Content-Type: application/json; charset=utf-8
host: localhost:6675
accept: */*

Response DefaultHttpResponse(decodeResult: success, version: HTTP/1.1)
HTTP/1.1 200 OK
Content-Length: 14
Content-Type: application/json; charset=utf-8
cache-control: no-cache

11:12:09.386 [AsyncHttpClient-1-2] DEBUG org.asynchttpclient.netty.channel.ChannelManager - Adding key: http://localhost:6675 for channel [id: 0x6cee771b, L:/127.0.0.1:50214 - R:localhost/127.0.0.1:6675]
11:12:09.395 [Forwarding sendKeysToElement on session f8f968e6cd8c9c85dc479de93ebc5475 to remote] DEBUG org.asynchttpclient.netty.request.NettyRequestSender - Using pooled Channel '[id: 0x6cee771b, L:/127.0.0.1:50214 - R:localhost/127.0.0.1:6675]' for 'POST' to 'http://localhost:6675/session/f8f968e6cd8c9c85dc479de93ebc5475/element/9e1e3b64-e909-481c-827c-dcfe552cf428/value'
11:12:09.395 [Forwarding sendKeysToElement on session f8f968e6cd8c9c85dc479de93ebc5475 to remote] DEBUG org.asynchttpclient.netty.request.NettyRequestSender - Using open Channel [id: 0x6cee771b, L:/127.0.0.1:50214 - R:localhost/127.0.0.1:6675] for POST '/session/f8f968e6cd8c9c85dc479de93ebc5475/element/9e1e3b64-e909-481c-827c-dcfe552cf428/value'
11:12:09.566 [AsyncHttpClient-1-1] DEBUG org.asynchttpclient.netty.channel.DefaultChannelPool - Entry count for : http://localhost:50215 : 1
11:12:09.583 [AsyncHttpClient-1-2] DEBUG org.asynchttpclient.netty.handler.HttpHandler - 

Request DefaultHttpRequest(decodeResult: success, version: HTTP/1.1)
POST /session/f8f968e6cd8c9c85dc479de93ebc5475/element/9e1e3b64-e909-481c-827c-dcfe552cf428/value HTTP/1.1
User-Agent: selenium/4.8.1 (java windows)
Content-Length: 201
Content-Type: application/json; charset=utf-8
host: localhost:6675
accept: */*

Response DefaultHttpResponse(decodeResult: success, version: HTTP/1.1)
HTTP/1.1 200 OK
Content-Length: 14
Content-Type: application/json; charset=utf-8
cache-control: no-cache

11:12:09.584 [AsyncHttpClient-1-2] DEBUG org.asynchttpclient.netty.channel.ChannelManager - Adding key: http://localhost:6675 for channel [id: 0x6cee771b, L:/127.0.0.1:50214 - R:localhost/127.0.0.1:6675]
11:12:09.613 [Forwarding getAlertText on session f8f968e6cd8c9c85dc479de93ebc5475 to remote] DEBUG org.asynchttpclient.netty.request.NettyRequestSender - Using pooled Channel '[id: 0x6cee771b, L:/127.0.0.1:50214 - R:localhost/127.0.0.1:6675]' for 'GET' to 'http://localhost:6675/session/f8f968e6cd8c9c85dc479de93ebc5475/alert/text'
11:12:09.613 [Forwarding getAlertText on session f8f968e6cd8c9c85dc479de93ebc5475 to remote] DEBUG org.asynchttpclient.netty.request.NettyRequestSender - Using open Channel [id: 0x6cee771b, L:/127.0.0.1:50214 - R:localhost/127.0.0.1:6675] for GET '/session/f8f968e6cd8c9c85dc479de93ebc5475/alert/text'
11:12:09.617 [AsyncHttpClient-1-2] DEBUG org.asynchttpclient.netty.handler.HttpHandler - 

Request DefaultFullHttpRequest(decodeResult: success, version: HTTP/1.1, content: EmptyByteBufBE)
GET /session/f8f968e6cd8c9c85dc479de93ebc5475/alert/text HTTP/1.1
User-Agent: selenium/4.8.1 (java windows)
Cache-Control: no-cache
Content-Type: application/json; charset=utf-8
host: localhost:6675
accept: */*

Response DefaultHttpResponse(decodeResult: success, version: HTTP/1.1)
HTTP/1.1 404 Not Found
Content-Length: 836
Content-Type: application/json; charset=utf-8
cache-control: no-cache

11:12:09.618 [AsyncHttpClient-1-2] DEBUG org.asynchttpclient.netty.channel.ChannelManager - Adding key: http://localhost:6675 for channel [id: 0x6cee771b, L:/127.0.0.1:50214 - R:localhost/127.0.0.1:6675]
11:12:09.622 [Forwarding getCurrentUrl on session f8f968e6cd8c9c85dc479de93ebc5475 to remote] DEBUG org.asynchttpclient.netty.request.NettyRequestSender - Using pooled Channel '[id: 0x6cee771b, L:/127.0.0.1:50214 - R:localhost/127.0.0.1:6675]' for 'GET' to 'http://localhost:6675/session/f8f968e6cd8c9c85dc479de93ebc5475/url'
11:12:09.622 [Forwarding getCurrentUrl on session f8f968e6cd8c9c85dc479de93ebc5475 to remote] DEBUG org.asynchttpclient.netty.request.NettyRequestSender - Using open Channel [id: 0x6cee771b, L:/127.0.0.1:50214 - R:localhost/127.0.0.1:6675] for GET '/session/f8f968e6cd8c9c85dc479de93ebc5475/url'
11:12:09.626 [AsyncHttpClient-1-2] DEBUG org.asynchttpclient.netty.handler.HttpHandler - 

Request DefaultFullHttpRequest(decodeResult: success, version: HTTP/1.1, content: EmptyByteBufBE)
GET /session/f8f968e6cd8c9c85dc479de93ebc5475/url HTTP/1.1
User-Agent: selenium/4.8.1 (java windows)
Cache-Control: no-cache
Content-Type: application/json; charset=utf-8
host: localhost:6675
accept: */*

Response DefaultHttpResponse(decodeResult: success, version: HTTP/1.1)
HTTP/1.1 200 OK
Content-Length: 38
Content-Type: application/json; charset=utf-8
cache-control: no-cache

11:12:09.632 [AsyncHttpClient-1-2] DEBUG org.asynchttpclient.netty.channel.ChannelManager - Adding key: http://localhost:6675 for channel [id: 0x6cee771b, L:/127.0.0.1:50214 - R:localhost/127.0.0.1:6675]
11:12:09.633 [Forwarding screenshot on session f8f968e6cd8c9c85dc479de93ebc5475 to remote] DEBUG org.asynchttpclient.netty.request.NettyRequestSender - Using pooled Channel '[id: 0x6cee771b, L:/127.0.0.1:50214 - R:localhost/127.0.0.1:6675]' for 'GET' to 'http://localhost:6675/session/f8f968e6cd8c9c85dc479de93ebc5475/screenshot'
11:12:09.634 [Forwarding screenshot on session f8f968e6cd8c9c85dc479de93ebc5475 to remote] DEBUG org.asynchttpclient.netty.request.NettyRequestSender - Using open Channel [id: 0x6cee771b, L:/127.0.0.1:50214 - R:localhost/127.0.0.1:6675] for GET '/session/f8f968e6cd8c9c85dc479de93ebc5475/screenshot'
11:12:09.756 [AsyncHttpClient-1-2] DEBUG org.asynchttpclient.netty.handler.HttpHandler - 

Request DefaultFullHttpRequest(decodeResult: success, version: HTTP/1.1, content: EmptyByteBufBE)
GET /session/f8f968e6cd8c9c85dc479de93ebc5475/screenshot HTTP/1.1
User-Agent: selenium/4.8.1 (java windows)
Cache-Control: no-cache
Content-Type: application/json; charset=utf-8
host: localhost:6675
accept: */*

Response DefaultHttpResponse(decodeResult: success, version: HTTP/1.1)
HTTP/1.1 200 OK
Content-Length: 46396
Content-Type: application/json; charset=utf-8
cache-control: no-cache

11:12:09.757 [AsyncHttpClient-1-2] DEBUG org.asynchttpclient.netty.channel.ChannelManager - Adding key: http://localhost:6675 for channel [id: 0x6cee771b, L:/127.0.0.1:50214 - R:localhost/127.0.0.1:6675]
11:12:09.761 [main] DEBUG net.serenitybdd.core.photography.Darkroom - Send negative for processing for target\site\serenity\8e4d5e3a0c9f2b3d1320ffee295fb544d764f40d316587ebe4f06f94285c4627.png
11:12:09.761 [Darkroom Processing Line] DEBUG net.serenitybdd.core.photography.DarkroomProcessingLine - Processing screenshot image in /var/screenshots/screenshot-18010105658306452127
11:12:09.761 [Darkroom Processing Line] DEBUG net.serenitybdd.core.photography.DarkroomProcessingLine - Saving screenshot to target\site\serenity\8e4d5e3a0c9f2b3d1320ffee295fb544d764f40d316587ebe4f06f94285c4627.png
11:12:09.761 [main] DEBUG net.thucydides.core.steps.StepInterceptor - STEP DONE: inputPassword
11:12:09.773 [Forwarding getPageSource on session f8f968e6cd8c9c85dc479de93ebc5475 to remote] DEBUG org.asynchttpclient.netty.request.NettyRequestSender - Using pooled Channel '[id: 0x6cee771b, L:/127.0.0.1:50214 - R:localhost/127.0.0.1:6675]' for 'POST' to 'http://localhost:6675/session/f8f968e6cd8c9c85dc479de93ebc5475/execute/sync'
11:12:09.773 [Forwarding getPageSource on session f8f968e6cd8c9c85dc479de93ebc5475 to remote] DEBUG org.asynchttpclient.netty.request.NettyRequestSender - Using open Channel [id: 0x6cee771b, L:/127.0.0.1:50214 - R:localhost/127.0.0.1:6675] for POST '/session/f8f968e6cd8c9c85dc479de93ebc5475/execute/sync'
11:12:09.779 [AsyncHttpClient-1-2] DEBUG org.asynchttpclient.netty.handler.HttpHandler - 

Request DefaultHttpRequest(decodeResult: success, version: HTTP/1.1)
POST /session/f8f968e6cd8c9c85dc479de93ebc5475/execute/sync HTTP/1.1
User-Agent: selenium/4.8.1 (java windows)
Content-Length: 176
Content-Type: application/json; charset=utf-8
host: localhost:6675
accept: */*

Response DefaultHttpResponse(decodeResult: success, version: HTTP/1.1)
HTTP/1.1 200 OK
Content-Length: 4311
Content-Type: application/json; charset=utf-8
cache-control: no-cache

11:12:09.779 [AsyncHttpClient-1-2] DEBUG org.asynchttpclient.netty.channel.ChannelManager - Adding key: http://localhost:6675 for channel [id: 0x6cee771b, L:/127.0.0.1:50214 - R:localhost/127.0.0.1:6675]
11:12:09.782 [Forwarding getCurrentUrl on session f8f968e6cd8c9c85dc479de93ebc5475 to remote] DEBUG org.asynchttpclient.netty.request.NettyRequestSender - Using pooled Channel '[id: 0x6cee771b, L:/127.0.0.1:50214 - R:localhost/127.0.0.1:6675]' for 'GET' to 'http://localhost:6675/session/f8f968e6cd8c9c85dc479de93ebc5475/url'
11:12:09.782 [Forwarding getCurrentUrl on session f8f968e6cd8c9c85dc479de93ebc5475 to remote] DEBUG org.asynchttpclient.netty.request.NettyRequestSender - Using open Channel [id: 0x6cee771b, L:/127.0.0.1:50214 - R:localhost/127.0.0.1:6675] for GET '/session/f8f968e6cd8c9c85dc479de93ebc5475/url'
11:12:09.786 [AsyncHttpClient-1-2] DEBUG org.asynchttpclient.netty.handler.HttpHandler - 

Request DefaultFullHttpRequest(decodeResult: success, version: HTTP/1.1, content: EmptyByteBufBE)
GET /session/f8f968e6cd8c9c85dc479de93ebc5475/url HTTP/1.1
User-Agent: selenium/4.8.1 (java windows)
Cache-Control: no-cache
Content-Type: application/json; charset=utf-8
host: localhost:6675
accept: */*

Response DefaultHttpResponse(decodeResult: success, version: HTTP/1.1)
HTTP/1.1 200 OK
Content-Length: 38
Content-Type: application/json; charset=utf-8
cache-control: no-cache

11:12:09.786 [AsyncHttpClient-1-2] DEBUG org.asynchttpclient.netty.channel.ChannelManager - Adding key: http://localhost:6675 for channel [id: 0x6cee771b, L:/127.0.0.1:50214 - R:localhost/127.0.0.1:6675]
11:12:09.789 [main] DEBUG net.thucydides.core.steps.StepInterceptor - STARTING STEP: AddToCartSteps.loginWithValid - clickLoginButton
11:12:09.797 [Forwarding findElement on session f8f968e6cd8c9c85dc479de93ebc5475 to remote] DEBUG org.asynchttpclient.netty.request.NettyRequestSender - Using pooled Channel '[id: 0x6cee771b, L:/127.0.0.1:50214 - R:localhost/127.0.0.1:6675]' for 'POST' to 'http://localhost:6675/session/f8f968e6cd8c9c85dc479de93ebc5475/element'
11:12:09.797 [Forwarding findElement on session f8f968e6cd8c9c85dc479de93ebc5475 to remote] DEBUG org.asynchttpclient.netty.request.NettyRequestSender - Using open Channel [id: 0x6cee771b, L:/127.0.0.1:50214 - R:localhost/127.0.0.1:6675] for POST '/session/f8f968e6cd8c9c85dc479de93ebc5475/element'
11:12:09.806 [AsyncHttpClient-1-2] DEBUG org.asynchttpclient.netty.handler.HttpHandler - 

Request DefaultHttpRequest(decodeResult: success, version: HTTP/1.1)
POST /session/f8f968e6cd8c9c85dc479de93ebc5475/element HTTP/1.1
User-Agent: selenium/4.8.1 (java windows)
Content-Length: 59
Content-Type: application/json; charset=utf-8
host: localhost:6675
accept: */*

Response DefaultHttpResponse(decodeResult: success, version: HTTP/1.1)
HTTP/1.1 200 OK
Content-Length: 88
Content-Type: application/json; charset=utf-8
cache-control: no-cache

11:12:09.806 [AsyncHttpClient-1-2] DEBUG org.asynchttpclient.netty.channel.ChannelManager - Adding key: http://localhost:6675 for channel [id: 0x6cee771b, L:/127.0.0.1:50214 - R:localhost/127.0.0.1:6675]
11:12:09.808 [Forwarding getElementTagName on session f8f968e6cd8c9c85dc479de93ebc5475 to remote] DEBUG org.asynchttpclient.netty.request.NettyRequestSender - Using pooled Channel '[id: 0x6cee771b, L:/127.0.0.1:50214 - R:localhost/127.0.0.1:6675]' for 'GET' to 'http://localhost:6675/session/f8f968e6cd8c9c85dc479de93ebc5475/element/629cbbcf-d5f9-4de3-9dc1-5026a683be6e/name'
11:12:09.808 [Forwarding getElementTagName on session f8f968e6cd8c9c85dc479de93ebc5475 to remote] DEBUG org.asynchttpclient.netty.request.NettyRequestSender - Using open Channel [id: 0x6cee771b, L:/127.0.0.1:50214 - R:localhost/127.0.0.1:6675] for GET '/session/f8f968e6cd8c9c85dc479de93ebc5475/element/629cbbcf-d5f9-4de3-9dc1-5026a683be6e/name'
11:12:09.813 [AsyncHttpClient-1-2] DEBUG org.asynchttpclient.netty.handler.HttpHandler - 

Request DefaultFullHttpRequest(decodeResult: success, version: HTTP/1.1, content: EmptyByteBufBE)
GET /session/f8f968e6cd8c9c85dc479de93ebc5475/element/629cbbcf-d5f9-4de3-9dc1-5026a683be6e/name HTTP/1.1
User-Agent: selenium/4.8.1 (java windows)
Cache-Control: no-cache
Content-Type: application/json; charset=utf-8
host: localhost:6675
accept: */*

Response DefaultHttpResponse(decodeResult: success, version: HTTP/1.1)
HTTP/1.1 200 OK
Content-Length: 17
Content-Type: application/json; charset=utf-8
cache-control: no-cache

11:12:09.814 [AsyncHttpClient-1-2] DEBUG org.asynchttpclient.netty.channel.ChannelManager - Adding key: http://localhost:6675 for channel [id: 0x6cee771b, L:/127.0.0.1:50214 - R:localhost/127.0.0.1:6675]
11:12:09.816 [Forwarding getElementTagName on session f8f968e6cd8c9c85dc479de93ebc5475 to remote] DEBUG org.asynchttpclient.netty.request.NettyRequestSender - Using pooled Channel '[id: 0x6cee771b, L:/127.0.0.1:50214 - R:localhost/127.0.0.1:6675]' for 'GET' to 'http://localhost:6675/session/f8f968e6cd8c9c85dc479de93ebc5475/element/629cbbcf-d5f9-4de3-9dc1-5026a683be6e/name'
11:12:09.816 [Forwarding getElementTagName on session f8f968e6cd8c9c85dc479de93ebc5475 to remote] DEBUG org.asynchttpclient.netty.request.NettyRequestSender - Using open Channel [id: 0x6cee771b, L:/127.0.0.1:50214 - R:localhost/127.0.0.1:6675] for GET '/session/f8f968e6cd8c9c85dc479de93ebc5475/element/629cbbcf-d5f9-4de3-9dc1-5026a683be6e/name'
11:12:09.824 [AsyncHttpClient-1-2] DEBUG org.asynchttpclient.netty.handler.HttpHandler - 

Request DefaultFullHttpRequest(decodeResult: success, version: HTTP/1.1, content: EmptyByteBufBE)
GET /session/f8f968e6cd8c9c85dc479de93ebc5475/element/629cbbcf-d5f9-4de3-9dc1-5026a683be6e/name HTTP/1.1
User-Agent: selenium/4.8.1 (java windows)
Cache-Control: no-cache
Content-Type: application/json; charset=utf-8
host: localhost:6675
accept: */*

Response DefaultHttpResponse(decodeResult: success, version: HTTP/1.1)
HTTP/1.1 200 OK
Content-Length: 17
Content-Type: application/json; charset=utf-8
cache-control: no-cache

11:12:09.824 [AsyncHttpClient-1-2] DEBUG org.asynchttpclient.netty.channel.ChannelManager - Adding key: http://localhost:6675 for channel [id: 0x6cee771b, L:/127.0.0.1:50214 - R:localhost/127.0.0.1:6675]
11:12:09.832 [Forwarding isElementEnabled on session f8f968e6cd8c9c85dc479de93ebc5475 to remote] DEBUG org.asynchttpclient.netty.request.NettyRequestSender - Using pooled Channel '[id: 0x6cee771b, L:/127.0.0.1:50214 - R:localhost/127.0.0.1:6675]' for 'GET' to 'http://localhost:6675/session/f8f968e6cd8c9c85dc479de93ebc5475/element/629cbbcf-d5f9-4de3-9dc1-5026a683be6e/enabled'
11:12:09.832 [Forwarding isElementEnabled on session f8f968e6cd8c9c85dc479de93ebc5475 to remote] DEBUG org.asynchttpclient.netty.request.NettyRequestSender - Using open Channel [id: 0x6cee771b, L:/127.0.0.1:50214 - R:localhost/127.0.0.1:6675] for GET '/session/f8f968e6cd8c9c85dc479de93ebc5475/element/629cbbcf-d5f9-4de3-9dc1-5026a683be6e/enabled'
11:12:09.854 [AsyncHttpClient-1-2] DEBUG org.asynchttpclient.netty.handler.HttpHandler - 

Request DefaultFullHttpRequest(decodeResult: success, version: HTTP/1.1, content: EmptyByteBufBE)
GET /session/f8f968e6cd8c9c85dc479de93ebc5475/element/629cbbcf-d5f9-4de3-9dc1-5026a683be6e/enabled HTTP/1.1
User-Agent: selenium/4.8.1 (java windows)
Cache-Control: no-cache
Content-Type: application/json; charset=utf-8
host: localhost:6675
accept: */*

Response DefaultHttpResponse(decodeResult: success, version: HTTP/1.1)
HTTP/1.1 200 OK
Content-Length: 14
Content-Type: application/json; charset=utf-8
cache-control: no-cache

11:12:09.855 [AsyncHttpClient-1-2] DEBUG org.asynchttpclient.netty.channel.ChannelManager - Adding key: http://localhost:6675 for channel [id: 0x6cee771b, L:/127.0.0.1:50214 - R:localhost/127.0.0.1:6675]
11:12:09.860 [Forwarding isElementEnabled on session f8f968e6cd8c9c85dc479de93ebc5475 to remote] DEBUG org.asynchttpclient.netty.request.NettyRequestSender - Using pooled Channel '[id: 0x6cee771b, L:/127.0.0.1:50214 - R:localhost/127.0.0.1:6675]' for 'GET' to 'http://localhost:6675/session/f8f968e6cd8c9c85dc479de93ebc5475/element/629cbbcf-d5f9-4de3-9dc1-5026a683be6e/enabled'
11:12:09.860 [Forwarding isElementEnabled on session f8f968e6cd8c9c85dc479de93ebc5475 to remote] DEBUG org.asynchttpclient.netty.request.NettyRequestSender - Using open Channel [id: 0x6cee771b, L:/127.0.0.1:50214 - R:localhost/127.0.0.1:6675] for GET '/session/f8f968e6cd8c9c85dc479de93ebc5475/element/629cbbcf-d5f9-4de3-9dc1-5026a683be6e/enabled'
11:12:09.872 [AsyncHttpClient-1-2] DEBUG org.asynchttpclient.netty.handler.HttpHandler - 

Request DefaultFullHttpRequest(decodeResult: success, version: HTTP/1.1, content: EmptyByteBufBE)
GET /session/f8f968e6cd8c9c85dc479de93ebc5475/element/629cbbcf-d5f9-4de3-9dc1-5026a683be6e/enabled HTTP/1.1
User-Agent: selenium/4.8.1 (java windows)
Cache-Control: no-cache
Content-Type: application/json; charset=utf-8
host: localhost:6675
accept: */*

Response DefaultHttpResponse(decodeResult: success, version: HTTP/1.1)
HTTP/1.1 200 OK
Content-Length: 14
Content-Type: application/json; charset=utf-8
cache-control: no-cache

11:12:09.872 [AsyncHttpClient-1-2] DEBUG org.asynchttpclient.netty.channel.ChannelManager - Adding key: http://localhost:6675 for channel [id: 0x6cee771b, L:/127.0.0.1:50214 - R:localhost/127.0.0.1:6675]
11:12:09.878 [Forwarding findElement on session f8f968e6cd8c9c85dc479de93ebc5475 to remote] DEBUG org.asynchttpclient.netty.request.NettyRequestSender - Using pooled Channel '[id: 0x6cee771b, L:/127.0.0.1:50214 - R:localhost/127.0.0.1:6675]' for 'POST' to 'http://localhost:6675/session/f8f968e6cd8c9c85dc479de93ebc5475/element'
11:12:09.878 [Forwarding findElement on session f8f968e6cd8c9c85dc479de93ebc5475 to remote] DEBUG org.asynchttpclient.netty.request.NettyRequestSender - Using open Channel [id: 0x6cee771b, L:/127.0.0.1:50214 - R:localhost/127.0.0.1:6675] for POST '/session/f8f968e6cd8c9c85dc479de93ebc5475/element'
11:12:09.893 [AsyncHttpClient-1-2] DEBUG org.asynchttpclient.netty.handler.HttpHandler - 

Request DefaultHttpRequest(decodeResult: success, version: HTTP/1.1)
POST /session/f8f968e6cd8c9c85dc479de93ebc5475/element HTTP/1.1
User-Agent: selenium/4.8.1 (java windows)
Content-Length: 59
Content-Type: application/json; charset=utf-8
host: localhost:6675
accept: */*

Response DefaultHttpResponse(decodeResult: success, version: HTTP/1.1)
HTTP/1.1 200 OK
Content-Length: 88
Content-Type: application/json; charset=utf-8
cache-control: no-cache

11:12:09.894 [AsyncHttpClient-1-2] DEBUG org.asynchttpclient.netty.channel.ChannelManager - Adding key: http://localhost:6675 for channel [id: 0x6cee771b, L:/127.0.0.1:50214 - R:localhost/127.0.0.1:6675]
11:12:09.898 [Forwarding clickElement on session f8f968e6cd8c9c85dc479de93ebc5475 to remote] DEBUG org.asynchttpclient.netty.request.NettyRequestSender - Using pooled Channel '[id: 0x6cee771b, L:/127.0.0.1:50214 - R:localhost/127.0.0.1:6675]' for 'POST' to 'http://localhost:6675/session/f8f968e6cd8c9c85dc479de93ebc5475/element/629cbbcf-d5f9-4de3-9dc1-5026a683be6e/click'
11:12:09.898 [Forwarding clickElement on session f8f968e6cd8c9c85dc479de93ebc5475 to remote] DEBUG org.asynchttpclient.netty.request.NettyRequestSender - Using open Channel [id: 0x6cee771b, L:/127.0.0.1:50214 - R:localhost/127.0.0.1:6675] for POST '/session/f8f968e6cd8c9c85dc479de93ebc5475/element/629cbbcf-d5f9-4de3-9dc1-5026a683be6e/click'
11:12:10.165 [AsyncHttpClient-1-2] DEBUG org.asynchttpclient.netty.handler.HttpHandler - 

Request DefaultHttpRequest(decodeResult: success, version: HTTP/1.1)
POST /session/f8f968e6cd8c9c85dc479de93ebc5475/element/629cbbcf-d5f9-4de3-9dc1-5026a683be6e/click HTTP/1.1
User-Agent: selenium/4.8.1 (java windows)
Content-Length: 50
Content-Type: application/json; charset=utf-8
host: localhost:6675
accept: */*

Response DefaultHttpResponse(decodeResult: success, version: HTTP/1.1)
HTTP/1.1 200 OK
Content-Length: 14
Content-Type: application/json; charset=utf-8
cache-control: no-cache

11:12:10.166 [AsyncHttpClient-1-2] DEBUG org.asynchttpclient.netty.channel.ChannelManager - Adding key: http://localhost:6675 for channel [id: 0x6cee771b, L:/127.0.0.1:50214 - R:localhost/127.0.0.1:6675]
11:12:10.178 [Forwarding getAlertText on session f8f968e6cd8c9c85dc479de93ebc5475 to remote] DEBUG org.asynchttpclient.netty.request.NettyRequestSender - Using pooled Channel '[id: 0x6cee771b, L:/127.0.0.1:50214 - R:localhost/127.0.0.1:6675]' for 'GET' to 'http://localhost:6675/session/f8f968e6cd8c9c85dc479de93ebc5475/alert/text'
11:12:10.178 [Forwarding getAlertText on session f8f968e6cd8c9c85dc479de93ebc5475 to remote] DEBUG org.asynchttpclient.netty.request.NettyRequestSender - Using open Channel [id: 0x6cee771b, L:/127.0.0.1:50214 - R:localhost/127.0.0.1:6675] for GET '/session/f8f968e6cd8c9c85dc479de93ebc5475/alert/text'
11:12:10.180 [AsyncHttpClient-1-2] DEBUG org.asynchttpclient.netty.handler.HttpHandler - 

Request DefaultFullHttpRequest(decodeResult: success, version: HTTP/1.1, content: EmptyByteBufBE)
GET /session/f8f968e6cd8c9c85dc479de93ebc5475/alert/text HTTP/1.1
User-Agent: selenium/4.8.1 (java windows)
Cache-Control: no-cache
Content-Type: application/json; charset=utf-8
host: localhost:6675
accept: */*

Response DefaultHttpResponse(decodeResult: success, version: HTTP/1.1)
HTTP/1.1 404 Not Found
Content-Length: 836
Content-Type: application/json; charset=utf-8
cache-control: no-cache

11:12:10.180 [AsyncHttpClient-1-2] DEBUG org.asynchttpclient.netty.channel.ChannelManager - Adding key: http://localhost:6675 for channel [id: 0x6cee771b, L:/127.0.0.1:50214 - R:localhost/127.0.0.1:6675]
11:12:10.182 [Forwarding getCurrentUrl on session f8f968e6cd8c9c85dc479de93ebc5475 to remote] DEBUG org.asynchttpclient.netty.request.NettyRequestSender - Using pooled Channel '[id: 0x6cee771b, L:/127.0.0.1:50214 - R:localhost/127.0.0.1:6675]' for 'GET' to 'http://localhost:6675/session/f8f968e6cd8c9c85dc479de93ebc5475/url'
11:12:10.183 [Forwarding getCurrentUrl on session f8f968e6cd8c9c85dc479de93ebc5475 to remote] DEBUG org.asynchttpclient.netty.request.NettyRequestSender - Using open Channel [id: 0x6cee771b, L:/127.0.0.1:50214 - R:localhost/127.0.0.1:6675] for GET '/session/f8f968e6cd8c9c85dc479de93ebc5475/url'
11:12:10.187 [AsyncHttpClient-1-2] DEBUG org.asynchttpclient.netty.handler.HttpHandler - 

Request DefaultFullHttpRequest(decodeResult: success, version: HTTP/1.1, content: EmptyByteBufBE)
GET /session/f8f968e6cd8c9c85dc479de93ebc5475/url HTTP/1.1
User-Agent: selenium/4.8.1 (java windows)
Cache-Control: no-cache
Content-Type: application/json; charset=utf-8
host: localhost:6675
accept: */*

Response DefaultHttpResponse(decodeResult: success, version: HTTP/1.1)
HTTP/1.1 200 OK
Content-Length: 52
Content-Type: application/json; charset=utf-8
cache-control: no-cache

11:12:10.187 [AsyncHttpClient-1-2] DEBUG org.asynchttpclient.netty.channel.ChannelManager - Adding key: http://localhost:6675 for channel [id: 0x6cee771b, L:/127.0.0.1:50214 - R:localhost/127.0.0.1:6675]
11:12:10.189 [Forwarding screenshot on session f8f968e6cd8c9c85dc479de93ebc5475 to remote] DEBUG org.asynchttpclient.netty.request.NettyRequestSender - Using pooled Channel '[id: 0x6cee771b, L:/127.0.0.1:50214 - R:localhost/127.0.0.1:6675]' for 'GET' to 'http://localhost:6675/session/f8f968e6cd8c9c85dc479de93ebc5475/screenshot'
11:12:10.189 [Forwarding screenshot on session f8f968e6cd8c9c85dc479de93ebc5475 to remote] DEBUG org.asynchttpclient.netty.request.NettyRequestSender - Using open Channel [id: 0x6cee771b, L:/127.0.0.1:50214 - R:localhost/127.0.0.1:6675] for GET '/session/f8f968e6cd8c9c85dc479de93ebc5475/screenshot'
11:12:10.446 [AsyncHttpClient-1-2] DEBUG org.asynchttpclient.netty.handler.HttpHandler - 

Request DefaultFullHttpRequest(decodeResult: success, version: HTTP/1.1, content: EmptyByteBufBE)
GET /session/f8f968e6cd8c9c85dc479de93ebc5475/screenshot HTTP/1.1
User-Agent: selenium/4.8.1 (java windows)
Cache-Control: no-cache
Content-Type: application/json; charset=utf-8
host: localhost:6675
accept: */*

Response DefaultHttpResponse(decodeResult: success, version: HTTP/1.1)
HTTP/1.1 200 OK
Content-Length: 186904
Content-Type: application/json; charset=utf-8
cache-control: no-cache

11:12:10.448 [AsyncHttpClient-1-2] DEBUG org.asynchttpclient.netty.channel.ChannelManager - Adding key: http://localhost:6675 for channel [id: 0x6cee771b, L:/127.0.0.1:50214 - R:localhost/127.0.0.1:6675]
11:12:10.457 [main] DEBUG net.serenitybdd.core.photography.Darkroom - Send negative for processing for target\site\serenity\d6da9262c5cb172b8aa1e6e2a3b1729d31dea3069e692e4f0f77f3c959a5c689.png
11:12:10.457 [Darkroom Processing Line] DEBUG net.serenitybdd.core.photography.DarkroomProcessingLine - Processing screenshot image in /var/screenshots/screenshot-3174369046733410790
11:12:10.458 [Darkroom Processing Line] DEBUG net.serenitybdd.core.photography.DarkroomProcessingLine - Saving screenshot to target\site\serenity\d6da9262c5cb172b8aa1e6e2a3b1729d31dea3069e692e4f0f77f3c959a5c689.png
11:12:10.458 [main] DEBUG net.thucydides.core.steps.StepInterceptor - STEP DONE: clickLoginButton
  &amp#27;[32mWhen &amp#27;[0m&amp#27;[32mI log in with valid credentials&amp#27;[0m       &amp#27;[90m# starter.stepdefinitions.AddToCartSteps.loginWithValid()&amp#27;[0m
11:12:10.476 [Forwarding getPageSource on session f8f968e6cd8c9c85dc479de93ebc5475 to remote] DEBUG org.asynchttpclient.netty.request.NettyRequestSender - Using pooled Channel '[id: 0x6cee771b, L:/127.0.0.1:50214 - R:localhost/127.0.0.1:6675]' for 'POST' to 'http://localhost:6675/session/f8f968e6cd8c9c85dc479de93ebc5475/execute/sync'
11:12:10.476 [Forwarding getPageSource on session f8f968e6cd8c9c85dc479de93ebc5475 to remote] DEBUG org.asynchttpclient.netty.request.NettyRequestSender - Using open Channel [id: 0x6cee771b, L:/127.0.0.1:50214 - R:localhost/127.0.0.1:6675] for POST '/session/f8f968e6cd8c9c85dc479de93ebc5475/execute/sync'
11:12:10.485 [AsyncHttpClient-1-2] DEBUG org.asynchttpclient.netty.handler.HttpHandler - 

Request DefaultHttpRequest(decodeResult: success, version: HTTP/1.1)
POST /session/f8f968e6cd8c9c85dc479de93ebc5475/execute/sync HTTP/1.1
User-Agent: selenium/4.8.1 (java windows)
Content-Length: 176
Content-Type: application/json; charset=utf-8
host: localhost:6675
accept: */*

Response DefaultHttpResponse(decodeResult: success, version: HTTP/1.1)
HTTP/1.1 200 OK
Content-Length: 16329
Content-Type: application/json; charset=utf-8
cache-control: no-cache

11:12:10.486 [AsyncHttpClient-1-2] DEBUG org.asynchttpclient.netty.channel.ChannelManager - Adding key: http://localhost:6675 for channel [id: 0x6cee771b, L:/127.0.0.1:50214 - R:localhost/127.0.0.1:6675]
11:12:10.503 [Forwarding getCurrentUrl on session f8f968e6cd8c9c85dc479de93ebc5475 to remote] DEBUG org.asynchttpclient.netty.request.NettyRequestSender - Using pooled Channel '[id: 0x6cee771b, L:/127.0.0.1:50214 - R:localhost/127.0.0.1:6675]' for 'GET' to 'http://localhost:6675/session/f8f968e6cd8c9c85dc479de93ebc5475/url'
11:12:10.503 [Forwarding getCurrentUrl on session f8f968e6cd8c9c85dc479de93ebc5475 to remote] DEBUG org.asynchttpclient.netty.request.NettyRequestSender - Using open Channel [id: 0x6cee771b, L:/127.0.0.1:50214 - R:localhost/127.0.0.1:6675] for GET '/session/f8f968e6cd8c9c85dc479de93ebc5475/url'
11:12:10.514 [AsyncHttpClient-1-2] DEBUG org.asynchttpclient.netty.handler.HttpHandler - 

Request DefaultFullHttpRequest(decodeResult: success, version: HTTP/1.1, content: EmptyByteBufBE)
GET /session/f8f968e6cd8c9c85dc479de93ebc5475/url HTTP/1.1
User-Agent: selenium/4.8.1 (java windows)
Cache-Control: no-cache
Content-Type: application/json; charset=utf-8
host: localhost:6675
accept: */*

Response DefaultHttpResponse(decodeResult: success, version: HTTP/1.1)
HTTP/1.1 200 OK
Content-Length: 52
Content-Type: application/json; charset=utf-8
cache-control: no-cache

11:12:10.515 [AsyncHttpClient-1-2] DEBUG org.asynchttpclient.netty.channel.ChannelManager - Adding key: http://localhost:6675 for channel [id: 0x6cee771b, L:/127.0.0.1:50214 - R:localhost/127.0.0.1:6675]
11:12:10.574 [Forwarding getAlertText on session f8f968e6cd8c9c85dc479de93ebc5475 to remote] DEBUG org.asynchttpclient.netty.request.NettyRequestSender - Using pooled Channel '[id: 0x6cee771b, L:/127.0.0.1:50214 - R:localhost/127.0.0.1:6675]' for 'GET' to 'http://localhost:6675/session/f8f968e6cd8c9c85dc479de93ebc5475/alert/text'
11:12:10.575 [Forwarding getAlertText on session f8f968e6cd8c9c85dc479de93ebc5475 to remote] DEBUG org.asynchttpclient.netty.request.NettyRequestSender - Using open Channel [id: 0x6cee771b, L:/127.0.0.1:50214 - R:localhost/127.0.0.1:6675] for GET '/session/f8f968e6cd8c9c85dc479de93ebc5475/alert/text'
11:12:10.580 [AsyncHttpClient-1-2] DEBUG org.asynchttpclient.netty.handler.HttpHandler - 

Request DefaultFullHttpRequest(decodeResult: success, version: HTTP/1.1, content: EmptyByteBufBE)
GET /session/f8f968e6cd8c9c85dc479de93ebc5475/alert/text HTTP/1.1
User-Agent: selenium/4.8.1 (java windows)
Cache-Control: no-cache
Content-Type: application/json; charset=utf-8
host: localhost:6675
accept: */*

Response DefaultHttpResponse(decodeResult: success, version: HTTP/1.1)
HTTP/1.1 404 Not Found
Content-Length: 836
Content-Type: application/json; charset=utf-8
cache-control: no-cache

11:12:10.581 [AsyncHttpClient-1-2] DEBUG org.asynchttpclient.netty.channel.ChannelManager - Adding key: http://localhost:6675 for channel [id: 0x6cee771b, L:/127.0.0.1:50214 - R:localhost/127.0.0.1:6675]
11:12:10.588 [Forwarding getCurrentUrl on session f8f968e6cd8c9c85dc479de93ebc5475 to remote] DEBUG org.asynchttpclient.netty.request.NettyRequestSender - Using pooled Channel '[id: 0x6cee771b, L:/127.0.0.1:50214 - R:localhost/127.0.0.1:6675]' for 'GET' to 'http://localhost:6675/session/f8f968e6cd8c9c85dc479de93ebc5475/url'
11:12:10.589 [Forwarding getCurrentUrl on session f8f968e6cd8c9c85dc479de93ebc5475 to remote] DEBUG org.asynchttpclient.netty.request.NettyRequestSender - Using open Channel [id: 0x6cee771b, L:/127.0.0.1:50214 - R:localhost/127.0.0.1:6675] for GET '/session/f8f968e6cd8c9c85dc479de93ebc5475/url'
11:12:10.601 [AsyncHttpClient-1-2] DEBUG org.asynchttpclient.netty.handler.HttpHandler - 

Request DefaultFullHttpRequest(decodeResult: success, version: HTTP/1.1, content: EmptyByteBufBE)
GET /session/f8f968e6cd8c9c85dc479de93ebc5475/url HTTP/1.1
User-Agent: selenium/4.8.1 (java windows)
Cache-Control: no-cache
Content-Type: application/json; charset=utf-8
host: localhost:6675
accept: */*

Response DefaultHttpResponse(decodeResult: success, version: HTTP/1.1)
HTTP/1.1 200 OK
Content-Length: 52
Content-Type: application/json; charset=utf-8
cache-control: no-cache

11:12:10.602 [AsyncHttpClient-1-2] DEBUG org.asynchttpclient.netty.channel.ChannelManager - Adding key: http://localhost:6675 for channel [id: 0x6cee771b, L:/127.0.0.1:50214 - R:localhost/127.0.0.1:6675]
11:12:10.606 [Forwarding screenshot on session f8f968e6cd8c9c85dc479de93ebc5475 to remote] DEBUG org.asynchttpclient.netty.request.NettyRequestSender - Using pooled Channel '[id: 0x6cee771b, L:/127.0.0.1:50214 - R:localhost/127.0.0.1:6675]' for 'GET' to 'http://localhost:6675/session/f8f968e6cd8c9c85dc479de93ebc5475/screenshot'
11:12:10.606 [Forwarding screenshot on session f8f968e6cd8c9c85dc479de93ebc5475 to remote] DEBUG org.asynchttpclient.netty.request.NettyRequestSender - Using open Channel [id: 0x6cee771b, L:/127.0.0.1:50214 - R:localhost/127.0.0.1:6675] for GET '/session/f8f968e6cd8c9c85dc479de93ebc5475/screenshot'
11:12:10.668 [AsyncHttpClient-1-1] DEBUG org.asynchttpclient.netty.channel.DefaultChannelPool - Entry count for : http://localhost:50215 : 1
11:12:10.762 [AsyncHttpClient-1-2] DEBUG org.asynchttpclient.netty.handler.HttpHandler - 

Request DefaultFullHttpRequest(decodeResult: success, version: HTTP/1.1, content: EmptyByteBufBE)
GET /session/f8f968e6cd8c9c85dc479de93ebc5475/screenshot HTTP/1.1
User-Agent: selenium/4.8.1 (java windows)
Cache-Control: no-cache
Content-Type: application/json; charset=utf-8
host: localhost:6675
accept: */*

Response DefaultHttpResponse(decodeResult: success, version: HTTP/1.1)
HTTP/1.1 200 OK
Content-Length: 186904
Content-Type: application/json; charset=utf-8
cache-control: no-cache

11:12:10.764 [AsyncHttpClient-1-2] DEBUG org.asynchttpclient.netty.channel.ChannelManager - Adding key: http://localhost:6675 for channel [id: 0x6cee771b, L:/127.0.0.1:50214 - R:localhost/127.0.0.1:6675]
11:12:10.775 [main] DEBUG net.serenitybdd.core.photography.Darkroom - Send negative for processing for target\site\serenity\d6da9262c5cb172b8aa1e6e2a3b1729d31dea3069e692e4f0f77f3c959a5c689.png
11:12:10.778 [Forwarding getPageSource on session f8f968e6cd8c9c85dc479de93ebc5475 to remote] DEBUG org.asynchttpclient.netty.request.NettyRequestSender - Using pooled Channel '[id: 0x6cee771b, L:/127.0.0.1:50214 - R:localhost/127.0.0.1:6675]' for 'POST' to 'http://localhost:6675/session/f8f968e6cd8c9c85dc479de93ebc5475/execute/sync'
11:12:10.778 [Forwarding getPageSource on session f8f968e6cd8c9c85dc479de93ebc5475 to remote] DEBUG org.asynchttpclient.netty.request.NettyRequestSender - Using open Channel [id: 0x6cee771b, L:/127.0.0.1:50214 - R:localhost/127.0.0.1:6675] for POST '/session/f8f968e6cd8c9c85dc479de93ebc5475/execute/sync'
11:12:10.784 [AsyncHttpClient-1-2] DEBUG org.asynchttpclient.netty.handler.HttpHandler - 

Request DefaultHttpRequest(decodeResult: success, version: HTTP/1.1)
POST /session/f8f968e6cd8c9c85dc479de93ebc5475/execute/sync HTTP/1.1
User-Agent: selenium/4.8.1 (java windows)
Content-Length: 176
Content-Type: application/json; charset=utf-8
host: localhost:6675
accept: */*

Response DefaultHttpResponse(decodeResult: success, version: HTTP/1.1)
HTTP/1.1 200 OK
Content-Length: 16345
Content-Type: application/json; charset=utf-8
cache-control: no-cache

11:12:10.784 [AsyncHttpClient-1-2] DEBUG org.asynchttpclient.netty.channel.ChannelManager - Adding key: http://localhost:6675 for channel [id: 0x6cee771b, L:/127.0.0.1:50214 - R:localhost/127.0.0.1:6675]
11:12:10.791 [Forwarding getCurrentUrl on session f8f968e6cd8c9c85dc479de93ebc5475 to remote] DEBUG org.asynchttpclient.netty.request.NettyRequestSender - Using pooled Channel '[id: 0x6cee771b, L:/127.0.0.1:50214 - R:localhost/127.0.0.1:6675]' for 'GET' to 'http://localhost:6675/session/f8f968e6cd8c9c85dc479de93ebc5475/url'
11:12:10.791 [Forwarding getCurrentUrl on session f8f968e6cd8c9c85dc479de93ebc5475 to remote] DEBUG org.asynchttpclient.netty.request.NettyRequestSender - Using open Channel [id: 0x6cee771b, L:/127.0.0.1:50214 - R:localhost/127.0.0.1:6675] for GET '/session/f8f968e6cd8c9c85dc479de93ebc5475/url'
11:12:10.796 [AsyncHttpClient-1-2] DEBUG org.asynchttpclient.netty.handler.HttpHandler - 

Request DefaultFullHttpRequest(decodeResult: success, version: HTTP/1.1, content: EmptyByteBufBE)
GET /session/f8f968e6cd8c9c85dc479de93ebc5475/url HTTP/1.1
User-Agent: selenium/4.8.1 (java windows)
Cache-Control: no-cache
Content-Type: application/json; charset=utf-8
host: localhost:6675
accept: */*

Response DefaultHttpResponse(decodeResult: success, version: HTTP/1.1)
HTTP/1.1 200 OK
Content-Length: 52
Content-Type: application/json; charset=utf-8
cache-control: no-cache

11:12:10.796 [AsyncHttpClient-1-2] DEBUG org.asynchttpclient.netty.channel.ChannelManager - Adding key: http://localhost:6675 for channel [id: 0x6cee771b, L:/127.0.0.1:50214 - R:localhost/127.0.0.1:6675]
11:12:10.799 [main] DEBUG net.thucydides.core.steps.StepInterceptor - STARTING STEP: AddToCartSteps.onTheProductPage - validateOnProductPage
11:12:10.803 [Forwarding findElement on session f8f968e6cd8c9c85dc479de93ebc5475 to remote] DEBUG org.asynchttpclient.netty.request.NettyRequestSender - Using pooled Channel '[id: 0x6cee771b, L:/127.0.0.1:50214 - R:localhost/127.0.0.1:6675]' for 'POST' to 'http://localhost:6675/session/f8f968e6cd8c9c85dc479de93ebc5475/element'
11:12:10.803 [Forwarding findElement on session f8f968e6cd8c9c85dc479de93ebc5475 to remote] DEBUG org.asynchttpclient.netty.request.NettyRequestSender - Using open Channel [id: 0x6cee771b, L:/127.0.0.1:50214 - R:localhost/127.0.0.1:6675] for POST '/session/f8f968e6cd8c9c85dc479de93ebc5475/element'
11:12:10.815 [AsyncHttpClient-1-2] DEBUG org.asynchttpclient.netty.handler.HttpHandler - 

Request DefaultHttpRequest(decodeResult: success, version: HTTP/1.1)
POST /session/f8f968e6cd8c9c85dc479de93ebc5475/element HTTP/1.1
User-Agent: selenium/4.8.1 (java windows)
Content-Length: 50
Content-Type: application/json; charset=utf-8
host: localhost:6675
accept: */*

Response DefaultHttpResponse(decodeResult: success, version: HTTP/1.1)
HTTP/1.1 200 OK
Content-Length: 88
Content-Type: application/json; charset=utf-8
cache-control: no-cache

11:12:10.816 [AsyncHttpClient-1-2] DEBUG org.asynchttpclient.netty.channel.ChannelManager - Adding key: http://localhost:6675 for channel [id: 0x6cee771b, L:/127.0.0.1:50214 - R:localhost/127.0.0.1:6675]
11:12:10.820 [Forwarding isElementDisplayed on session f8f968e6cd8c9c85dc479de93ebc5475 to remote] DEBUG org.asynchttpclient.netty.request.NettyRequestSender - Using pooled Channel '[id: 0x6cee771b, L:/127.0.0.1:50214 - R:localhost/127.0.0.1:6675]' for 'POST' to 'http://localhost:6675/session/f8f968e6cd8c9c85dc479de93ebc5475/execute/sync'
11:12:10.820 [Forwarding isElementDisplayed on session f8f968e6cd8c9c85dc479de93ebc5475 to remote] DEBUG org.asynchttpclient.netty.request.NettyRequestSender - Using open Channel [id: 0x6cee771b, L:/127.0.0.1:50214 - R:localhost/127.0.0.1:6675] for POST '/session/f8f968e6cd8c9c85dc479de93ebc5475/execute/sync'
11:12:10.835 [AsyncHttpClient-1-2] DEBUG org.asynchttpclient.netty.handler.HttpHandler - 

Request DefaultHttpRequest(decodeResult: success, version: HTTP/1.1)
POST /session/f8f968e6cd8c9c85dc479de93ebc5475/execute/sync HTTP/1.1
User-Agent: selenium/4.8.1 (java windows)
Content-Length: 48807
Content-Type: application/json; charset=utf-8
host: localhost:6675
accept: */*

Response DefaultHttpResponse(decodeResult: success, version: HTTP/1.1)
HTTP/1.1 200 OK
Content-Length: 14
Content-Type: application/json; charset=utf-8
cache-control: no-cache

11:12:10.836 [AsyncHttpClient-1-2] DEBUG org.asynchttpclient.netty.channel.ChannelManager - Adding key: http://localhost:6675 for channel [id: 0x6cee771b, L:/127.0.0.1:50214 - R:localhost/127.0.0.1:6675]
11:12:10.843 [Forwarding getAlertText on session f8f968e6cd8c9c85dc479de93ebc5475 to remote] DEBUG org.asynchttpclient.netty.request.NettyRequestSender - Using pooled Channel '[id: 0x6cee771b, L:/127.0.0.1:50214 - R:localhost/127.0.0.1:6675]' for 'GET' to 'http://localhost:6675/session/f8f968e6cd8c9c85dc479de93ebc5475/alert/text'
11:12:10.843 [Forwarding getAlertText on session f8f968e6cd8c9c85dc479de93ebc5475 to remote] DEBUG org.asynchttpclient.netty.request.NettyRequestSender - Using open Channel [id: 0x6cee771b, L:/127.0.0.1:50214 - R:localhost/127.0.0.1:6675] for GET '/session/f8f968e6cd8c9c85dc479de93ebc5475/alert/text'
11:12:10.845 [AsyncHttpClient-1-2] DEBUG org.asynchttpclient.netty.handler.HttpHandler - 

Request DefaultFullHttpRequest(decodeResult: success, version: HTTP/1.1, content: EmptyByteBufBE)
GET /session/f8f968e6cd8c9c85dc479de93ebc5475/alert/text HTTP/1.1
User-Agent: selenium/4.8.1 (java windows)
Cache-Control: no-cache
Content-Type: application/json; charset=utf-8
host: localhost:6675
accept: */*

Response DefaultHttpResponse(decodeResult: success, version: HTTP/1.1)
HTTP/1.1 404 Not Found
Content-Length: 836
Content-Type: application/json; charset=utf-8
cache-control: no-cache

11:12:10.846 [AsyncHttpClient-1-2] DEBUG org.asynchttpclient.netty.channel.ChannelManager - Adding key: http://localhost:6675 for channel [id: 0x6cee771b, L:/127.0.0.1:50214 - R:localhost/127.0.0.1:6675]
11:12:10.847 [Forwarding getCurrentUrl on session f8f968e6cd8c9c85dc479de93ebc5475 to remote] DEBUG org.asynchttpclient.netty.request.NettyRequestSender - Using pooled Channel '[id: 0x6cee771b, L:/127.0.0.1:50214 - R:localhost/127.0.0.1:6675]' for 'GET' to 'http://localhost:6675/session/f8f968e6cd8c9c85dc479de93ebc5475/url'
11:12:10.847 [Forwarding getCurrentUrl on session f8f968e6cd8c9c85dc479de93ebc5475 to remote] DEBUG org.asynchttpclient.netty.request.NettyRequestSender - Using open Channel [id: 0x6cee771b, L:/127.0.0.1:50214 - R:localhost/127.0.0.1:6675] for GET '/session/f8f968e6cd8c9c85dc479de93ebc5475/url'
11:12:10.851 [AsyncHttpClient-1-2] DEBUG org.asynchttpclient.netty.handler.HttpHandler - 

Request DefaultFullHttpRequest(decodeResult: success, version: HTTP/1.1, content: EmptyByteBufBE)
GET /session/f8f968e6cd8c9c85dc479de93ebc5475/url HTTP/1.1
User-Agent: selenium/4.8.1 (java windows)
Cache-Control: no-cache
Content-Type: application/json; charset=utf-8
host: localhost:6675
accept: */*

Response DefaultHttpResponse(decodeResult: success, version: HTTP/1.1)
HTTP/1.1 200 OK
Content-Length: 52
Content-Type: application/json; charset=utf-8
cache-control: no-cache

11:12:10.852 [AsyncHttpClient-1-2] DEBUG org.asynchttpclient.netty.channel.ChannelManager - Adding key: http://localhost:6675 for channel [id: 0x6cee771b, L:/127.0.0.1:50214 - R:localhost/127.0.0.1:6675]
11:12:10.853 [Forwarding screenshot on session f8f968e6cd8c9c85dc479de93ebc5475 to remote] DEBUG org.asynchttpclient.netty.request.NettyRequestSender - Using pooled Channel '[id: 0x6cee771b, L:/127.0.0.1:50214 - R:localhost/127.0.0.1:6675]' for 'GET' to 'http://localhost:6675/session/f8f968e6cd8c9c85dc479de93ebc5475/screenshot'
11:12:10.853 [Forwarding screenshot on session f8f968e6cd8c9c85dc479de93ebc5475 to remote] DEBUG org.asynchttpclient.netty.request.NettyRequestSender - Using open Channel [id: 0x6cee771b, L:/127.0.0.1:50214 - R:localhost/127.0.0.1:6675] for GET '/session/f8f968e6cd8c9c85dc479de93ebc5475/screenshot'
11:12:10.962 [AsyncHttpClient-1-2] DEBUG org.asynchttpclient.netty.handler.HttpHandler - 

Request DefaultFullHttpRequest(decodeResult: success, version: HTTP/1.1, content: EmptyByteBufBE)
GET /session/f8f968e6cd8c9c85dc479de93ebc5475/screenshot HTTP/1.1
User-Agent: selenium/4.8.1 (java windows)
Cache-Control: no-cache
Content-Type: application/json; charset=utf-8
host: localhost:6675
accept: */*

Response DefaultHttpResponse(decodeResult: success, version: HTTP/1.1)
HTTP/1.1 200 OK
Content-Length: 186904
Content-Type: application/json; charset=utf-8
cache-control: no-cache

11:12:10.963 [AsyncHttpClient-1-2] DEBUG org.asynchttpclient.netty.channel.ChannelManager - Adding key: http://localhost:6675 for channel [id: 0x6cee771b, L:/127.0.0.1:50214 - R:localhost/127.0.0.1:6675]
11:12:10.970 [main] DEBUG net.serenitybdd.core.photography.Darkroom - Send negative for processing for target\site\serenity\d6da9262c5cb172b8aa1e6e2a3b1729d31dea3069e692e4f0f77f3c959a5c689.png
11:12:10.971 [main] DEBUG net.thucydides.core.steps.StepInterceptor - STEP DONE: validateOnProductPage
  &amp#27;[32mAnd &amp#27;[0m&amp#27;[32mI navigate to the products page&amp#27;[0m        &amp#27;[90m# starter.stepdefinitions.AddToCartSteps.onTheProductPage()&amp#27;[0m
11:12:10.984 [Forwarding getPageSource on session f8f968e6cd8c9c85dc479de93ebc5475 to remote] DEBUG org.asynchttpclient.netty.request.NettyRequestSender - Using pooled Channel '[id: 0x6cee771b, L:/127.0.0.1:50214 - R:localhost/127.0.0.1:6675]' for 'POST' to 'http://localhost:6675/session/f8f968e6cd8c9c85dc479de93ebc5475/execute/sync'
11:12:10.984 [Forwarding getPageSource on session f8f968e6cd8c9c85dc479de93ebc5475 to remote] DEBUG org.asynchttpclient.netty.request.NettyRequestSender - Using open Channel [id: 0x6cee771b, L:/127.0.0.1:50214 - R:localhost/127.0.0.1:6675] for POST '/session/f8f968e6cd8c9c85dc479de93ebc5475/execute/sync'
11:12:10.991 [AsyncHttpClient-1-2] DEBUG org.asynchttpclient.netty.handler.HttpHandler - 

Request DefaultHttpRequest(decodeResult: success, version: HTTP/1.1)
POST /session/f8f968e6cd8c9c85dc479de93ebc5475/execute/sync HTTP/1.1
User-Agent: selenium/4.8.1 (java windows)
Content-Length: 176
Content-Type: application/json; charset=utf-8
host: localhost:6675
accept: */*

Response DefaultHttpResponse(decodeResult: success, version: HTTP/1.1)
HTTP/1.1 200 OK
Content-Length: 16345
Content-Type: application/json; charset=utf-8
cache-control: no-cache

11:12:10.991 [AsyncHttpClient-1-2] DEBUG org.asynchttpclient.netty.channel.ChannelManager - Adding key: http://localhost:6675 for channel [id: 0x6cee771b, L:/127.0.0.1:50214 - R:localhost/127.0.0.1:6675]
11:12:10.997 [Forwarding getCurrentUrl on session f8f968e6cd8c9c85dc479de93ebc5475 to remote] DEBUG org.asynchttpclient.netty.request.NettyRequestSender - Using pooled Channel '[id: 0x6cee771b, L:/127.0.0.1:50214 - R:localhost/127.0.0.1:6675]' for 'GET' to 'http://localhost:6675/session/f8f968e6cd8c9c85dc479de93ebc5475/url'
11:12:10.997 [Forwarding getCurrentUrl on session f8f968e6cd8c9c85dc479de93ebc5475 to remote] DEBUG org.asynchttpclient.netty.request.NettyRequestSender - Using open Channel [id: 0x6cee771b, L:/127.0.0.1:50214 - R:localhost/127.0.0.1:6675] for GET '/session/f8f968e6cd8c9c85dc479de93ebc5475/url'
11:12:11.002 [AsyncHttpClient-1-2] DEBUG org.asynchttpclient.netty.handler.HttpHandler - 

Request DefaultFullHttpRequest(decodeResult: success, version: HTTP/1.1, content: EmptyByteBufBE)
GET /session/f8f968e6cd8c9c85dc479de93ebc5475/url HTTP/1.1
User-Agent: selenium/4.8.1 (java windows)
Cache-Control: no-cache
Content-Type: application/json; charset=utf-8
host: localhost:6675
accept: */*

Response DefaultHttpResponse(decodeResult: success, version: HTTP/1.1)
HTTP/1.1 200 OK
Content-Length: 52
Content-Type: application/json; charset=utf-8
cache-control: no-cache

11:12:11.003 [AsyncHttpClient-1-2] DEBUG org.asynchttpclient.netty.channel.ChannelManager - Adding key: http://localhost:6675 for channel [id: 0x6cee771b, L:/127.0.0.1:50214 - R:localhost/127.0.0.1:6675]
11:12:11.017 [Forwarding getPageSource on session f8f968e6cd8c9c85dc479de93ebc5475 to remote] DEBUG org.asynchttpclient.netty.request.NettyRequestSender - Using pooled Channel '[id: 0x6cee771b, L:/127.0.0.1:50214 - R:localhost/127.0.0.1:6675]' for 'POST' to 'http://localhost:6675/session/f8f968e6cd8c9c85dc479de93ebc5475/execute/sync'
11:12:11.017 [Forwarding getPageSource on session f8f968e6cd8c9c85dc479de93ebc5475 to remote] DEBUG org.asynchttpclient.netty.request.NettyRequestSender - Using open Channel [id: 0x6cee771b, L:/127.0.0.1:50214 - R:localhost/127.0.0.1:6675] for POST '/session/f8f968e6cd8c9c85dc479de93ebc5475/execute/sync'
11:12:11.024 [AsyncHttpClient-1-2] DEBUG org.asynchttpclient.netty.handler.HttpHandler - 

Request DefaultHttpRequest(decodeResult: success, version: HTTP/1.1)
POST /session/f8f968e6cd8c9c85dc479de93ebc5475/execute/sync HTTP/1.1
User-Agent: selenium/4.8.1 (java windows)
Content-Length: 176
Content-Type: application/json; charset=utf-8
host: localhost:6675
accept: */*

Response DefaultHttpResponse(decodeResult: success, version: HTTP/1.1)
HTTP/1.1 200 OK
Content-Length: 16345
Content-Type: application/json; charset=utf-8
cache-control: no-cache

11:12:11.024 [AsyncHttpClient-1-2] DEBUG org.asynchttpclient.netty.channel.ChannelManager - Adding key: http://localhost:6675 for channel [id: 0x6cee771b, L:/127.0.0.1:50214 - R:localhost/127.0.0.1:6675]
11:12:11.032 [Forwarding getCurrentUrl on session f8f968e6cd8c9c85dc479de93ebc5475 to remote] DEBUG org.asynchttpclient.netty.request.NettyRequestSender - Using pooled Channel '[id: 0x6cee771b, L:/127.0.0.1:50214 - R:localhost/127.0.0.1:6675]' for 'GET' to 'http://localhost:6675/session/f8f968e6cd8c9c85dc479de93ebc5475/url'
11:12:11.032 [Forwarding getCurrentUrl on session f8f968e6cd8c9c85dc479de93ebc5475 to remote] DEBUG org.asynchttpclient.netty.request.NettyRequestSender - Using open Channel [id: 0x6cee771b, L:/127.0.0.1:50214 - R:localhost/127.0.0.1:6675] for GET '/session/f8f968e6cd8c9c85dc479de93ebc5475/url'
11:12:11.037 [AsyncHttpClient-1-2] DEBUG org.asynchttpclient.netty.handler.HttpHandler - 

Request DefaultFullHttpRequest(decodeResult: success, version: HTTP/1.1, content: EmptyByteBufBE)
GET /session/f8f968e6cd8c9c85dc479de93ebc5475/url HTTP/1.1
User-Agent: selenium/4.8.1 (java windows)
Cache-Control: no-cache
Content-Type: application/json; charset=utf-8
host: localhost:6675
accept: */*

Response DefaultHttpResponse(decodeResult: success, version: HTTP/1.1)
HTTP/1.1 200 OK
Content-Length: 52
Content-Type: application/json; charset=utf-8
cache-control: no-cache

11:12:11.037 [AsyncHttpClient-1-2] DEBUG org.asynchttpclient.netty.channel.ChannelManager - Adding key: http://localhost:6675 for channel [id: 0x6cee771b, L:/127.0.0.1:50214 - R:localhost/127.0.0.1:6675]
11:12:11.041 [main] DEBUG net.thucydides.core.steps.StepInterceptor - STARTING STEP: AddToCartSteps.selectProduct - clickTheProduct
11:12:11.048 [Forwarding findElement on session f8f968e6cd8c9c85dc479de93ebc5475 to remote] DEBUG org.asynchttpclient.netty.request.NettyRequestSender - Using pooled Channel '[id: 0x6cee771b, L:/127.0.0.1:50214 - R:localhost/127.0.0.1:6675]' for 'POST' to 'http://localhost:6675/session/f8f968e6cd8c9c85dc479de93ebc5475/element'
11:12:11.048 [Forwarding findElement on session f8f968e6cd8c9c85dc479de93ebc5475 to remote] DEBUG org.asynchttpclient.netty.request.NettyRequestSender - Using open Channel [id: 0x6cee771b, L:/127.0.0.1:50214 - R:localhost/127.0.0.1:6675] for POST '/session/f8f968e6cd8c9c85dc479de93ebc5475/element'
11:12:11.064 [AsyncHttpClient-1-2] DEBUG org.asynchttpclient.netty.handler.HttpHandler - 

Request DefaultHttpRequest(decodeResult: success, version: HTTP/1.1)
POST /session/f8f968e6cd8c9c85dc479de93ebc5475/element HTTP/1.1
User-Agent: selenium/4.8.1 (java windows)
Content-Length: 62
Content-Type: application/json; charset=utf-8
host: localhost:6675
accept: */*

Response DefaultHttpResponse(decodeResult: success, version: HTTP/1.1)
HTTP/1.1 200 OK
Content-Length: 88
Content-Type: application/json; charset=utf-8
cache-control: no-cache

11:12:11.064 [AsyncHttpClient-1-2] DEBUG org.asynchttpclient.netty.channel.ChannelManager - Adding key: http://localhost:6675 for channel [id: 0x6cee771b, L:/127.0.0.1:50214 - R:localhost/127.0.0.1:6675]
11:12:11.066 [Forwarding getElementTagName on session f8f968e6cd8c9c85dc479de93ebc5475 to remote] DEBUG org.asynchttpclient.netty.request.NettyRequestSender - Using pooled Channel '[id: 0x6cee771b, L:/127.0.0.1:50214 - R:localhost/127.0.0.1:6675]' for 'GET' to 'http://localhost:6675/session/f8f968e6cd8c9c85dc479de93ebc5475/element/4911057a-8573-415c-8414-75100154b8d9/name'
11:12:11.067 [Forwarding getElementTagName on session f8f968e6cd8c9c85dc479de93ebc5475 to remote] DEBUG org.asynchttpclient.netty.request.NettyRequestSender - Using open Channel [id: 0x6cee771b, L:/127.0.0.1:50214 - R:localhost/127.0.0.1:6675] for GET '/session/f8f968e6cd8c9c85dc479de93ebc5475/element/4911057a-8573-415c-8414-75100154b8d9/name'
11:12:11.073 [AsyncHttpClient-1-2] DEBUG org.asynchttpclient.netty.handler.HttpHandler - 

Request DefaultFullHttpRequest(decodeResult: success, version: HTTP/1.1, content: EmptyByteBufBE)
GET /session/f8f968e6cd8c9c85dc479de93ebc5475/element/4911057a-8573-415c-8414-75100154b8d9/name HTTP/1.1
User-Agent: selenium/4.8.1 (java windows)
Cache-Control: no-cache
Content-Type: application/json; charset=utf-8
host: localhost:6675
accept: */*

Response DefaultHttpResponse(decodeResult: success, version: HTTP/1.1)
HTTP/1.1 200 OK
Content-Length: 13
Content-Type: application/json; charset=utf-8
cache-control: no-cache

11:12:11.074 [AsyncHttpClient-1-2] DEBUG org.asynchttpclient.netty.channel.ChannelManager - Adding key: http://localhost:6675 for channel [id: 0x6cee771b, L:/127.0.0.1:50214 - R:localhost/127.0.0.1:6675]
11:12:11.076 [Forwarding getElementTagName on session f8f968e6cd8c9c85dc479de93ebc5475 to remote] DEBUG org.asynchttpclient.netty.request.NettyRequestSender - Using pooled Channel '[id: 0x6cee771b, L:/127.0.0.1:50214 - R:localhost/127.0.0.1:6675]' for 'GET' to 'http://localhost:6675/session/f8f968e6cd8c9c85dc479de93ebc5475/element/4911057a-8573-415c-8414-75100154b8d9/name'
11:12:11.076 [Forwarding getElementTagName on session f8f968e6cd8c9c85dc479de93ebc5475 to remote] DEBUG org.asynchttpclient.netty.request.NettyRequestSender - Using open Channel [id: 0x6cee771b, L:/127.0.0.1:50214 - R:localhost/127.0.0.1:6675] for GET '/session/f8f968e6cd8c9c85dc479de93ebc5475/element/4911057a-8573-415c-8414-75100154b8d9/name'
11:12:11.081 [AsyncHttpClient-1-2] DEBUG org.asynchttpclient.netty.handler.HttpHandler - 

Request DefaultFullHttpRequest(decodeResult: success, version: HTTP/1.1, content: EmptyByteBufBE)
GET /session/f8f968e6cd8c9c85dc479de93ebc5475/element/4911057a-8573-415c-8414-75100154b8d9/name HTTP/1.1
User-Agent: selenium/4.8.1 (java windows)
Cache-Control: no-cache
Content-Type: application/json; charset=utf-8
host: localhost:6675
accept: */*

Response DefaultHttpResponse(decodeResult: success, version: HTTP/1.1)
HTTP/1.1 200 OK
Content-Length: 13
Content-Type: application/json; charset=utf-8
cache-control: no-cache

11:12:11.081 [AsyncHttpClient-1-2] DEBUG org.asynchttpclient.netty.channel.ChannelManager - Adding key: http://localhost:6675 for channel [id: 0x6cee771b, L:/127.0.0.1:50214 - R:localhost/127.0.0.1:6675]
11:12:11.084 [Forwarding findElement on session f8f968e6cd8c9c85dc479de93ebc5475 to remote] DEBUG org.asynchttpclient.netty.request.NettyRequestSender - Using pooled Channel '[id: 0x6cee771b, L:/127.0.0.1:50214 - R:localhost/127.0.0.1:6675]' for 'POST' to 'http://localhost:6675/session/f8f968e6cd8c9c85dc479de93ebc5475/element'
11:12:11.084 [Forwarding findElement on session f8f968e6cd8c9c85dc479de93ebc5475 to remote] DEBUG org.asynchttpclient.netty.request.NettyRequestSender - Using open Channel [id: 0x6cee771b, L:/127.0.0.1:50214 - R:localhost/127.0.0.1:6675] for POST '/session/f8f968e6cd8c9c85dc479de93ebc5475/element'
11:12:11.094 [AsyncHttpClient-1-2] DEBUG org.asynchttpclient.netty.handler.HttpHandler - 

Request DefaultHttpRequest(decodeResult: success, version: HTTP/1.1)
POST /session/f8f968e6cd8c9c85dc479de93ebc5475/element HTTP/1.1
User-Agent: selenium/4.8.1 (java windows)
Content-Length: 62
Content-Type: application/json; charset=utf-8
host: localhost:6675
accept: */*

Response DefaultHttpResponse(decodeResult: success, version: HTTP/1.1)
HTTP/1.1 200 OK
Content-Length: 88
Content-Type: application/json; charset=utf-8
cache-control: no-cache

11:12:11.095 [AsyncHttpClient-1-2] DEBUG org.asynchttpclient.netty.channel.ChannelManager - Adding key: http://localhost:6675 for channel [id: 0x6cee771b, L:/127.0.0.1:50214 - R:localhost/127.0.0.1:6675]
11:12:11.096 [Forwarding clickElement on session f8f968e6cd8c9c85dc479de93ebc5475 to remote] DEBUG org.asynchttpclient.netty.request.NettyRequestSender - Using pooled Channel '[id: 0x6cee771b, L:/127.0.0.1:50214 - R:localhost/127.0.0.1:6675]' for 'POST' to 'http://localhost:6675/session/f8f968e6cd8c9c85dc479de93ebc5475/element/4911057a-8573-415c-8414-75100154b8d9/click'
11:12:11.096 [Forwarding clickElement on session f8f968e6cd8c9c85dc479de93ebc5475 to remote] DEBUG org.asynchttpclient.netty.request.NettyRequestSender - Using open Channel [id: 0x6cee771b, L:/127.0.0.1:50214 - R:localhost/127.0.0.1:6675] for POST '/session/f8f968e6cd8c9c85dc479de93ebc5475/element/4911057a-8573-415c-8414-75100154b8d9/click'
11:12:11.170 [AsyncHttpClient-1-2] DEBUG org.asynchttpclient.netty.handler.HttpHandler - 

Request DefaultHttpRequest(decodeResult: success, version: HTTP/1.1)
POST /session/f8f968e6cd8c9c85dc479de93ebc5475/element/4911057a-8573-415c-8414-75100154b8d9/click HTTP/1.1
User-Agent: selenium/4.8.1 (java windows)
Content-Length: 50
Content-Type: application/json; charset=utf-8
host: localhost:6675
accept: */*

Response DefaultHttpResponse(decodeResult: success, version: HTTP/1.1)
HTTP/1.1 200 OK
Content-Length: 14
Content-Type: application/json; charset=utf-8
cache-control: no-cache

11:12:11.170 [AsyncHttpClient-1-2] DEBUG org.asynchttpclient.netty.channel.ChannelManager - Adding key: http://localhost:6675 for channel [id: 0x6cee771b, L:/127.0.0.1:50214 - R:localhost/127.0.0.1:6675]
11:12:11.186 [Forwarding getAlertText on session f8f968e6cd8c9c85dc479de93ebc5475 to remote] DEBUG org.asynchttpclient.netty.request.NettyRequestSender - Using pooled Channel '[id: 0x6cee771b, L:/127.0.0.1:50214 - R:localhost/127.0.0.1:6675]' for 'GET' to 'http://localhost:6675/session/f8f968e6cd8c9c85dc479de93ebc5475/alert/text'
11:12:11.186 [Forwarding getAlertText on session f8f968e6cd8c9c85dc479de93ebc5475 to remote] DEBUG org.asynchttpclient.netty.request.NettyRequestSender - Using open Channel [id: 0x6cee771b, L:/127.0.0.1:50214 - R:localhost/127.0.0.1:6675] for GET '/session/f8f968e6cd8c9c85dc479de93ebc5475/alert/text'
11:12:11.196 [AsyncHttpClient-1-2] DEBUG org.asynchttpclient.netty.handler.HttpHandler - 

Request DefaultFullHttpRequest(decodeResult: success, version: HTTP/1.1, content: EmptyByteBufBE)
GET /session/f8f968e6cd8c9c85dc479de93ebc5475/alert/text HTTP/1.1
User-Agent: selenium/4.8.1 (java windows)
Cache-Control: no-cache
Content-Type: application/json; charset=utf-8
host: localhost:6675
accept: */*

Response DefaultHttpResponse(decodeResult: success, version: HTTP/1.1)
HTTP/1.1 404 Not Found
Content-Length: 836
Content-Type: application/json; charset=utf-8
cache-control: no-cache

11:12:11.196 [AsyncHttpClient-1-2] DEBUG org.asynchttpclient.netty.channel.ChannelManager - Adding key: http://localhost:6675 for channel [id: 0x6cee771b, L:/127.0.0.1:50214 - R:localhost/127.0.0.1:6675]
11:12:11.201 [Forwarding getCurrentUrl on session f8f968e6cd8c9c85dc479de93ebc5475 to remote] DEBUG org.asynchttpclient.netty.request.NettyRequestSender - Using pooled Channel '[id: 0x6cee771b, L:/127.0.0.1:50214 - R:localhost/127.0.0.1:6675]' for 'GET' to 'http://localhost:6675/session/f8f968e6cd8c9c85dc479de93ebc5475/url'
11:12:11.201 [Forwarding getCurrentUrl on session f8f968e6cd8c9c85dc479de93ebc5475 to remote] DEBUG org.asynchttpclient.netty.request.NettyRequestSender - Using open Channel [id: 0x6cee771b, L:/127.0.0.1:50214 - R:localhost/127.0.0.1:6675] for GET '/session/f8f968e6cd8c9c85dc479de93ebc5475/url'
11:12:11.212 [AsyncHttpClient-1-2] DEBUG org.asynchttpclient.netty.handler.HttpHandler - 

Request DefaultFullHttpRequest(decodeResult: success, version: HTTP/1.1, content: EmptyByteBufBE)
GET /session/f8f968e6cd8c9c85dc479de93ebc5475/url HTTP/1.1
User-Agent: selenium/4.8.1 (java windows)
Cache-Control: no-cache
Content-Type: application/json; charset=utf-8
host: localhost:6675
accept: */*

Response DefaultHttpResponse(decodeResult: success, version: HTTP/1.1)
HTTP/1.1 200 OK
Content-Length: 62
Content-Type: application/json; charset=utf-8
cache-control: no-cache

11:12:11.212 [AsyncHttpClient-1-2] DEBUG org.asynchttpclient.netty.channel.ChannelManager - Adding key: http://localhost:6675 for channel [id: 0x6cee771b, L:/127.0.0.1:50214 - R:localhost/127.0.0.1:6675]
11:12:11.218 [Forwarding screenshot on session f8f968e6cd8c9c85dc479de93ebc5475 to remote] DEBUG org.asynchttpclient.netty.request.NettyRequestSender - Using pooled Channel '[id: 0x6cee771b, L:/127.0.0.1:50214 - R:localhost/127.0.0.1:6675]' for 'GET' to 'http://localhost:6675/session/f8f968e6cd8c9c85dc479de93ebc5475/screenshot'
11:12:11.219 [Forwarding screenshot on session f8f968e6cd8c9c85dc479de93ebc5475 to remote] DEBUG org.asynchttpclient.netty.request.NettyRequestSender - Using open Channel [id: 0x6cee771b, L:/127.0.0.1:50214 - R:localhost/127.0.0.1:6675] for GET '/session/f8f968e6cd8c9c85dc479de93ebc5475/screenshot'
11:12:11.408 [AsyncHttpClient-1-2] DEBUG org.asynchttpclient.netty.handler.HttpHandler - 

Request DefaultFullHttpRequest(decodeResult: success, version: HTTP/1.1, content: EmptyByteBufBE)
GET /session/f8f968e6cd8c9c85dc479de93ebc5475/screenshot HTTP/1.1
User-Agent: selenium/4.8.1 (java windows)
Cache-Control: no-cache
Content-Type: application/json; charset=utf-8
host: localhost:6675
accept: */*

Response DefaultHttpResponse(decodeResult: success, version: HTTP/1.1)
HTTP/1.1 200 OK
Content-Length: 53028
Content-Type: application/json; charset=utf-8
cache-control: no-cache

11:12:11.409 [AsyncHttpClient-1-2] DEBUG org.asynchttpclient.netty.channel.ChannelManager - Adding key: http://localhost:6675 for channel [id: 0x6cee771b, L:/127.0.0.1:50214 - R:localhost/127.0.0.1:6675]
11:12:11.412 [main] DEBUG net.serenitybdd.core.photography.Darkroom - Send negative for processing for target\site\serenity\0047612564df7656008f6d6326d7d754dc33889f2bdf2995435240d7c01bdd71.png
11:12:11.412 [main] DEBUG net.thucydides.core.steps.StepInterceptor - STEP DONE: clickTheProduct
  &amp#27;[32mAnd &amp#27;[0m&amp#27;[32mI select a product to add to my cart&amp#27;[0m   &amp#27;[90m# starter.stepdefinitions.AddToCartSteps.selectProduct()&amp#27;[0m
11:12:11.412 [Darkroom Processing Line] DEBUG net.serenitybdd.core.photography.DarkroomProcessingLine - Processing screenshot image in /var/screenshots/screenshot-125187931244589440
11:12:11.414 [Darkroom Processing Line] DEBUG net.serenitybdd.core.photography.DarkroomProcessingLine - Saving screenshot to target\site\serenity\0047612564df7656008f6d6326d7d754dc33889f2bdf2995435240d7c01bdd71.png
11:12:11.431 [Forwarding getPageSource on session f8f968e6cd8c9c85dc479de93ebc5475 to remote] DEBUG org.asynchttpclient.netty.request.NettyRequestSender - Using pooled Channel '[id: 0x6cee771b, L:/127.0.0.1:50214 - R:localhost/127.0.0.1:6675]' for 'POST' to 'http://localhost:6675/session/f8f968e6cd8c9c85dc479de93ebc5475/execute/sync'
11:12:11.432 [Forwarding getPageSource on session f8f968e6cd8c9c85dc479de93ebc5475 to remote] DEBUG org.asynchttpclient.netty.request.NettyRequestSender - Using open Channel [id: 0x6cee771b, L:/127.0.0.1:50214 - R:localhost/127.0.0.1:6675] for POST '/session/f8f968e6cd8c9c85dc479de93ebc5475/execute/sync'
11:12:11.443 [AsyncHttpClient-1-2] DEBUG org.asynchttpclient.netty.handler.HttpHandler - 

Request DefaultHttpRequest(decodeResult: success, version: HTTP/1.1)
POST /session/f8f968e6cd8c9c85dc479de93ebc5475/execute/sync HTTP/1.1
User-Agent: selenium/4.8.1 (java windows)
Content-Length: 176
Content-Type: application/json; charset=utf-8
host: localhost:6675
accept: */*

Response DefaultHttpResponse(decodeResult: success, version: HTTP/1.1)
HTTP/1.1 200 OK
Content-Length: 12434
Content-Type: application/json; charset=utf-8
cache-control: no-cache

11:12:11.443 [AsyncHttpClient-1-2] DEBUG org.asynchttpclient.netty.channel.ChannelManager - Adding key: http://localhost:6675 for channel [id: 0x6cee771b, L:/127.0.0.1:50214 - R:localhost/127.0.0.1:6675]
11:12:11.448 [Forwarding getCurrentUrl on session f8f968e6cd8c9c85dc479de93ebc5475 to remote] DEBUG org.asynchttpclient.netty.request.NettyRequestSender - Using pooled Channel '[id: 0x6cee771b, L:/127.0.0.1:50214 - R:localhost/127.0.0.1:6675]' for 'GET' to 'http://localhost:6675/session/f8f968e6cd8c9c85dc479de93ebc5475/url'
11:12:11.448 [Forwarding getCurrentUrl on session f8f968e6cd8c9c85dc479de93ebc5475 to remote] DEBUG org.asynchttpclient.netty.request.NettyRequestSender - Using open Channel [id: 0x6cee771b, L:/127.0.0.1:50214 - R:localhost/127.0.0.1:6675] for GET '/session/f8f968e6cd8c9c85dc479de93ebc5475/url'
11:12:11.451 [AsyncHttpClient-1-2] DEBUG org.asynchttpclient.netty.handler.HttpHandler - 

Request DefaultFullHttpRequest(decodeResult: success, version: HTTP/1.1, content: EmptyByteBufBE)
GET /session/f8f968e6cd8c9c85dc479de93ebc5475/url HTTP/1.1
User-Agent: selenium/4.8.1 (java windows)
Cache-Control: no-cache
Content-Type: application/json; charset=utf-8
host: localhost:6675
accept: */*

Response DefaultHttpResponse(decodeResult: success, version: HTTP/1.1)
HTTP/1.1 200 OK
Content-Length: 62
Content-Type: application/json; charset=utf-8
cache-control: no-cache

11:12:11.451 [AsyncHttpClient-1-2] DEBUG org.asynchttpclient.netty.channel.ChannelManager - Adding key: http://localhost:6675 for channel [id: 0x6cee771b, L:/127.0.0.1:50214 - R:localhost/127.0.0.1:6675]
11:12:11.466 [Forwarding getAlertText on session f8f968e6cd8c9c85dc479de93ebc5475 to remote] DEBUG org.asynchttpclient.netty.request.NettyRequestSender - Using pooled Channel '[id: 0x6cee771b, L:/127.0.0.1:50214 - R:localhost/127.0.0.1:6675]' for 'GET' to 'http://localhost:6675/session/f8f968e6cd8c9c85dc479de93ebc5475/alert/text'
11:12:11.466 [Forwarding getAlertText on session f8f968e6cd8c9c85dc479de93ebc5475 to remote] DEBUG org.asynchttpclient.netty.request.NettyRequestSender - Using open Channel [id: 0x6cee771b, L:/127.0.0.1:50214 - R:localhost/127.0.0.1:6675] for GET '/session/f8f968e6cd8c9c85dc479de93ebc5475/alert/text'
11:12:11.467 [AsyncHttpClient-1-2] DEBUG org.asynchttpclient.netty.handler.HttpHandler - 

Request DefaultFullHttpRequest(decodeResult: success, version: HTTP/1.1, content: EmptyByteBufBE)
GET /session/f8f968e6cd8c9c85dc479de93ebc5475/alert/text HTTP/1.1
User-Agent: selenium/4.8.1 (java windows)
Cache-Control: no-cache
Content-Type: application/json; charset=utf-8
host: localhost:6675
accept: */*

Response DefaultHttpResponse(decodeResult: success, version: HTTP/1.1)
HTTP/1.1 404 Not Found
Content-Length: 836
Content-Type: application/json; charset=utf-8
cache-control: no-cache

11:12:11.468 [AsyncHttpClient-1-2] DEBUG org.asynchttpclient.netty.channel.ChannelManager - Adding key: http://localhost:6675 for channel [id: 0x6cee771b, L:/127.0.0.1:50214 - R:localhost/127.0.0.1:6675]
11:12:11.470 [Forwarding getCurrentUrl on session f8f968e6cd8c9c85dc479de93ebc5475 to remote] DEBUG org.asynchttpclient.netty.request.NettyRequestSender - Using pooled Channel '[id: 0x6cee771b, L:/127.0.0.1:50214 - R:localhost/127.0.0.1:6675]' for 'GET' to 'http://localhost:6675/session/f8f968e6cd8c9c85dc479de93ebc5475/url'
11:12:11.470 [Forwarding getCurrentUrl on session f8f968e6cd8c9c85dc479de93ebc5475 to remote] DEBUG org.asynchttpclient.netty.request.NettyRequestSender - Using open Channel [id: 0x6cee771b, L:/127.0.0.1:50214 - R:localhost/127.0.0.1:6675] for GET '/session/f8f968e6cd8c9c85dc479de93ebc5475/url'
11:12:11.474 [AsyncHttpClient-1-2] DEBUG org.asynchttpclient.netty.handler.HttpHandler - 

Request DefaultFullHttpRequest(decodeResult: success, version: HTTP/1.1, content: EmptyByteBufBE)
GET /session/f8f968e6cd8c9c85dc479de93ebc5475/url HTTP/1.1
User-Agent: selenium/4.8.1 (java windows)
Cache-Control: no-cache
Content-Type: application/json; charset=utf-8
host: localhost:6675
accept: */*

Response DefaultHttpResponse(decodeResult: success, version: HTTP/1.1)
HTTP/1.1 200 OK
Content-Length: 62
Content-Type: application/json; charset=utf-8
cache-control: no-cache

11:12:11.474 [AsyncHttpClient-1-2] DEBUG org.asynchttpclient.netty.channel.ChannelManager - Adding key: http://localhost:6675 for channel [id: 0x6cee771b, L:/127.0.0.1:50214 - R:localhost/127.0.0.1:6675]
11:12:11.475 [Forwarding screenshot on session f8f968e6cd8c9c85dc479de93ebc5475 to remote] DEBUG org.asynchttpclient.netty.request.NettyRequestSender - Using pooled Channel '[id: 0x6cee771b, L:/127.0.0.1:50214 - R:localhost/127.0.0.1:6675]' for 'GET' to 'http://localhost:6675/session/f8f968e6cd8c9c85dc479de93ebc5475/screenshot'
11:12:11.476 [Forwarding screenshot on session f8f968e6cd8c9c85dc479de93ebc5475 to remote] DEBUG org.asynchttpclient.netty.request.NettyRequestSender - Using open Channel [id: 0x6cee771b, L:/127.0.0.1:50214 - R:localhost/127.0.0.1:6675] for GET '/session/f8f968e6cd8c9c85dc479de93ebc5475/screenshot'
11:12:11.570 [AsyncHttpClient-1-2] DEBUG org.asynchttpclient.netty.handler.HttpHandler - 

Request DefaultFullHttpRequest(decodeResult: success, version: HTTP/1.1, content: EmptyByteBufBE)
GET /session/f8f968e6cd8c9c85dc479de93ebc5475/screenshot HTTP/1.1
User-Agent: selenium/4.8.1 (java windows)
Cache-Control: no-cache
Content-Type: application/json; charset=utf-8
host: localhost:6675
accept: */*

Response DefaultHttpResponse(decodeResult: success, version: HTTP/1.1)
HTTP/1.1 200 OK
Content-Length: 53028
Content-Type: application/json; charset=utf-8
cache-control: no-cache

11:12:11.571 [AsyncHttpClient-1-2] DEBUG org.asynchttpclient.netty.channel.ChannelManager - Adding key: http://localhost:6675 for channel [id: 0x6cee771b, L:/127.0.0.1:50214 - R:localhost/127.0.0.1:6675]
11:12:11.576 [main] DEBUG net.serenitybdd.core.photography.Darkroom - Send negative for processing for target\site\serenity\0047612564df7656008f6d6326d7d754dc33889f2bdf2995435240d7c01bdd71.png
11:12:11.579 [Forwarding getPageSource on session f8f968e6cd8c9c85dc479de93ebc5475 to remote] DEBUG org.asynchttpclient.netty.request.NettyRequestSender - Using pooled Channel '[id: 0x6cee771b, L:/127.0.0.1:50214 - R:localhost/127.0.0.1:6675]' for 'POST' to 'http://localhost:6675/session/f8f968e6cd8c9c85dc479de93ebc5475/execute/sync'
11:12:11.579 [Forwarding getPageSource on session f8f968e6cd8c9c85dc479de93ebc5475 to remote] DEBUG org.asynchttpclient.netty.request.NettyRequestSender - Using open Channel [id: 0x6cee771b, L:/127.0.0.1:50214 - R:localhost/127.0.0.1:6675] for POST '/session/f8f968e6cd8c9c85dc479de93ebc5475/execute/sync'
11:12:11.587 [AsyncHttpClient-1-2] DEBUG org.asynchttpclient.netty.handler.HttpHandler - 

Request DefaultHttpRequest(decodeResult: success, version: HTTP/1.1)
POST /session/f8f968e6cd8c9c85dc479de93ebc5475/execute/sync HTTP/1.1
User-Agent: selenium/4.8.1 (java windows)
Content-Length: 176
Content-Type: application/json; charset=utf-8
host: localhost:6675
accept: */*

Response DefaultHttpResponse(decodeResult: success, version: HTTP/1.1)
HTTP/1.1 200 OK
Content-Length: 12434
Content-Type: application/json; charset=utf-8
cache-control: no-cache

11:12:11.587 [AsyncHttpClient-1-2] DEBUG org.asynchttpclient.netty.channel.ChannelManager - Adding key: http://localhost:6675 for channel [id: 0x6cee771b, L:/127.0.0.1:50214 - R:localhost/127.0.0.1:6675]
11:12:11.595 [Forwarding getCurrentUrl on session f8f968e6cd8c9c85dc479de93ebc5475 to remote] DEBUG org.asynchttpclient.netty.request.NettyRequestSender - Using pooled Channel '[id: 0x6cee771b, L:/127.0.0.1:50214 - R:localhost/127.0.0.1:6675]' for 'GET' to 'http://localhost:6675/session/f8f968e6cd8c9c85dc479de93ebc5475/url'
11:12:11.595 [Forwarding getCurrentUrl on session f8f968e6cd8c9c85dc479de93ebc5475 to remote] DEBUG org.asynchttpclient.netty.request.NettyRequestSender - Using open Channel [id: 0x6cee771b, L:/127.0.0.1:50214 - R:localhost/127.0.0.1:6675] for GET '/session/f8f968e6cd8c9c85dc479de93ebc5475/url'
11:12:11.602 [AsyncHttpClient-1-2] DEBUG org.asynchttpclient.netty.handler.HttpHandler - 

Request DefaultFullHttpRequest(decodeResult: success, version: HTTP/1.1, content: EmptyByteBufBE)
GET /session/f8f968e6cd8c9c85dc479de93ebc5475/url HTTP/1.1
User-Agent: selenium/4.8.1 (java windows)
Cache-Control: no-cache
Content-Type: application/json; charset=utf-8
host: localhost:6675
accept: */*

Response DefaultHttpResponse(decodeResult: success, version: HTTP/1.1)
HTTP/1.1 200 OK
Content-Length: 62
Content-Type: application/json; charset=utf-8
cache-control: no-cache

11:12:11.603 [AsyncHttpClient-1-2] DEBUG org.asynchttpclient.netty.channel.ChannelManager - Adding key: http://localhost:6675 for channel [id: 0x6cee771b, L:/127.0.0.1:50214 - R:localhost/127.0.0.1:6675]
11:12:11.608 [main] DEBUG net.thucydides.core.steps.StepInterceptor - STARTING STEP: AddToCartSteps.AddToCart - clickAddToCart
11:12:11.616 [Forwarding findElement on session f8f968e6cd8c9c85dc479de93ebc5475 to remote] DEBUG org.asynchttpclient.netty.request.NettyRequestSender - Using pooled Channel '[id: 0x6cee771b, L:/127.0.0.1:50214 - R:localhost/127.0.0.1:6675]' for 'POST' to 'http://localhost:6675/session/f8f968e6cd8c9c85dc479de93ebc5475/element'
11:12:11.617 [Forwarding findElement on session f8f968e6cd8c9c85dc479de93ebc5475 to remote] DEBUG org.asynchttpclient.netty.request.NettyRequestSender - Using open Channel [id: 0x6cee771b, L:/127.0.0.1:50214 - R:localhost/127.0.0.1:6675] for POST '/session/f8f968e6cd8c9c85dc479de93ebc5475/element'
11:12:11.638 [AsyncHttpClient-1-2] DEBUG org.asynchttpclient.netty.handler.HttpHandler - 

Request DefaultHttpRequest(decodeResult: success, version: HTTP/1.1)
POST /session/f8f968e6cd8c9c85dc479de93ebc5475/element HTTP/1.1
User-Agent: selenium/4.8.1 (java windows)
Content-Length: 93
Content-Type: application/json; charset=utf-8
host: localhost:6675
accept: */*

Response DefaultHttpResponse(decodeResult: success, version: HTTP/1.1)
HTTP/1.1 200 OK
Content-Length: 88
Content-Type: application/json; charset=utf-8
cache-control: no-cache

11:12:11.638 [AsyncHttpClient-1-2] DEBUG org.asynchttpclient.netty.channel.ChannelManager - Adding key: http://localhost:6675 for channel [id: 0x6cee771b, L:/127.0.0.1:50214 - R:localhost/127.0.0.1:6675]
11:12:11.641 [Forwarding getElementTagName on session f8f968e6cd8c9c85dc479de93ebc5475 to remote] DEBUG org.asynchttpclient.netty.request.NettyRequestSender - Using pooled Channel '[id: 0x6cee771b, L:/127.0.0.1:50214 - R:localhost/127.0.0.1:6675]' for 'GET' to 'http://localhost:6675/session/f8f968e6cd8c9c85dc479de93ebc5475/element/8d14ded2-9022-49d4-b70c-8bc78a2c068b/name'
11:12:11.641 [Forwarding getElementTagName on session f8f968e6cd8c9c85dc479de93ebc5475 to remote] DEBUG org.asynchttpclient.netty.request.NettyRequestSender - Using open Channel [id: 0x6cee771b, L:/127.0.0.1:50214 - R:localhost/127.0.0.1:6675] for GET '/session/f8f968e6cd8c9c85dc479de93ebc5475/element/8d14ded2-9022-49d4-b70c-8bc78a2c068b/name'
11:12:11.651 [AsyncHttpClient-1-2] DEBUG org.asynchttpclient.netty.handler.HttpHandler - 

Request DefaultFullHttpRequest(decodeResult: success, version: HTTP/1.1, content: EmptyByteBufBE)
GET /session/f8f968e6cd8c9c85dc479de93ebc5475/element/8d14ded2-9022-49d4-b70c-8bc78a2c068b/name HTTP/1.1
User-Agent: selenium/4.8.1 (java windows)
Cache-Control: no-cache
Content-Type: application/json; charset=utf-8
host: localhost:6675
accept: */*

Response DefaultHttpResponse(decodeResult: success, version: HTTP/1.1)
HTTP/1.1 200 OK
Content-Length: 18
Content-Type: application/json; charset=utf-8
cache-control: no-cache

11:12:11.652 [AsyncHttpClient-1-2] DEBUG org.asynchttpclient.netty.channel.ChannelManager - Adding key: http://localhost:6675 for channel [id: 0x6cee771b, L:/127.0.0.1:50214 - R:localhost/127.0.0.1:6675]
11:12:11.656 [Forwarding getElementTagName on session f8f968e6cd8c9c85dc479de93ebc5475 to remote] DEBUG org.asynchttpclient.netty.request.NettyRequestSender - Using pooled Channel '[id: 0x6cee771b, L:/127.0.0.1:50214 - R:localhost/127.0.0.1:6675]' for 'GET' to 'http://localhost:6675/session/f8f968e6cd8c9c85dc479de93ebc5475/element/8d14ded2-9022-49d4-b70c-8bc78a2c068b/name'
11:12:11.656 [Forwarding getElementTagName on session f8f968e6cd8c9c85dc479de93ebc5475 to remote] DEBUG org.asynchttpclient.netty.request.NettyRequestSender - Using open Channel [id: 0x6cee771b, L:/127.0.0.1:50214 - R:localhost/127.0.0.1:6675] for GET '/session/f8f968e6cd8c9c85dc479de93ebc5475/element/8d14ded2-9022-49d4-b70c-8bc78a2c068b/name'
11:12:11.668 [AsyncHttpClient-1-2] DEBUG org.asynchttpclient.netty.handler.HttpHandler - 

Request DefaultFullHttpRequest(decodeResult: success, version: HTTP/1.1, content: EmptyByteBufBE)
GET /session/f8f968e6cd8c9c85dc479de93ebc5475/element/8d14ded2-9022-49d4-b70c-8bc78a2c068b/name HTTP/1.1
User-Agent: selenium/4.8.1 (java windows)
Cache-Control: no-cache
Content-Type: application/json; charset=utf-8
host: localhost:6675
accept: */*

Response DefaultHttpResponse(decodeResult: success, version: HTTP/1.1)
HTTP/1.1 200 OK
Content-Length: 18
Content-Type: application/json; charset=utf-8
cache-control: no-cache

11:12:11.668 [AsyncHttpClient-1-2] DEBUG org.asynchttpclient.netty.channel.ChannelManager - Adding key: http://localhost:6675 for channel [id: 0x6cee771b, L:/127.0.0.1:50214 - R:localhost/127.0.0.1:6675]
11:12:11.676 [Forwarding isElementEnabled on session f8f968e6cd8c9c85dc479de93ebc5475 to remote] DEBUG org.asynchttpclient.netty.request.NettyRequestSender - Using pooled Channel '[id: 0x6cee771b, L:/127.0.0.1:50214 - R:localhost/127.0.0.1:6675]' for 'GET' to 'http://localhost:6675/session/f8f968e6cd8c9c85dc479de93ebc5475/element/8d14ded2-9022-49d4-b70c-8bc78a2c068b/enabled'
11:12:11.676 [Forwarding isElementEnabled on session f8f968e6cd8c9c85dc479de93ebc5475 to remote] DEBUG org.asynchttpclient.netty.request.NettyRequestSender - Using open Channel [id: 0x6cee771b, L:/127.0.0.1:50214 - R:localhost/127.0.0.1:6675] for GET '/session/f8f968e6cd8c9c85dc479de93ebc5475/element/8d14ded2-9022-49d4-b70c-8bc78a2c068b/enabled'
11:12:11.701 [AsyncHttpClient-1-2] DEBUG org.asynchttpclient.netty.handler.HttpHandler - 

Request DefaultFullHttpRequest(decodeResult: success, version: HTTP/1.1, content: EmptyByteBufBE)
GET /session/f8f968e6cd8c9c85dc479de93ebc5475/element/8d14ded2-9022-49d4-b70c-8bc78a2c068b/enabled HTTP/1.1
User-Agent: selenium/4.8.1 (java windows)
Cache-Control: no-cache
Content-Type: application/json; charset=utf-8
host: localhost:6675
accept: */*

Response DefaultHttpResponse(decodeResult: success, version: HTTP/1.1)
HTTP/1.1 200 OK
Content-Length: 14
Content-Type: application/json; charset=utf-8
cache-control: no-cache

11:12:11.701 [AsyncHttpClient-1-2] DEBUG org.asynchttpclient.netty.channel.ChannelManager - Adding key: http://localhost:6675 for channel [id: 0x6cee771b, L:/127.0.0.1:50214 - R:localhost/127.0.0.1:6675]
11:12:11.705 [Forwarding isElementEnabled on session f8f968e6cd8c9c85dc479de93ebc5475 to remote] DEBUG org.asynchttpclient.netty.request.NettyRequestSender - Using pooled Channel '[id: 0x6cee771b, L:/127.0.0.1:50214 - R:localhost/127.0.0.1:6675]' for 'GET' to 'http://localhost:6675/session/f8f968e6cd8c9c85dc479de93ebc5475/element/8d14ded2-9022-49d4-b70c-8bc78a2c068b/enabled'
11:12:11.705 [Forwarding isElementEnabled on session f8f968e6cd8c9c85dc479de93ebc5475 to remote] DEBUG org.asynchttpclient.netty.request.NettyRequestSender - Using open Channel [id: 0x6cee771b, L:/127.0.0.1:50214 - R:localhost/127.0.0.1:6675] for GET '/session/f8f968e6cd8c9c85dc479de93ebc5475/element/8d14ded2-9022-49d4-b70c-8bc78a2c068b/enabled'
11:12:11.724 [AsyncHttpClient-1-2] DEBUG org.asynchttpclient.netty.handler.HttpHandler - 

Request DefaultFullHttpRequest(decodeResult: success, version: HTTP/1.1, content: EmptyByteBufBE)
GET /session/f8f968e6cd8c9c85dc479de93ebc5475/element/8d14ded2-9022-49d4-b70c-8bc78a2c068b/enabled HTTP/1.1
User-Agent: selenium/4.8.1 (java windows)
Cache-Control: no-cache
Content-Type: application/json; charset=utf-8
host: localhost:6675
accept: */*

Response DefaultHttpResponse(decodeResult: success, version: HTTP/1.1)
HTTP/1.1 200 OK
Content-Length: 14
Content-Type: application/json; charset=utf-8
cache-control: no-cache

11:12:11.725 [AsyncHttpClient-1-2] DEBUG org.asynchttpclient.netty.channel.ChannelManager - Adding key: http://localhost:6675 for channel [id: 0x6cee771b, L:/127.0.0.1:50214 - R:localhost/127.0.0.1:6675]
11:12:11.732 [Forwarding findElement on session f8f968e6cd8c9c85dc479de93ebc5475 to remote] DEBUG org.asynchttpclient.netty.request.NettyRequestSender - Using pooled Channel '[id: 0x6cee771b, L:/127.0.0.1:50214 - R:localhost/127.0.0.1:6675]' for 'POST' to 'http://localhost:6675/session/f8f968e6cd8c9c85dc479de93ebc5475/element'
11:12:11.732 [Forwarding findElement on session f8f968e6cd8c9c85dc479de93ebc5475 to remote] DEBUG org.asynchttpclient.netty.request.NettyRequestSender - Using open Channel [id: 0x6cee771b, L:/127.0.0.1:50214 - R:localhost/127.0.0.1:6675] for POST '/session/f8f968e6cd8c9c85dc479de93ebc5475/element'
11:12:11.754 [AsyncHttpClient-1-2] DEBUG org.asynchttpclient.netty.handler.HttpHandler - 

Request DefaultHttpRequest(decodeResult: success, version: HTTP/1.1)
POST /session/f8f968e6cd8c9c85dc479de93ebc5475/element HTTP/1.1
User-Agent: selenium/4.8.1 (java windows)
Content-Length: 93
Content-Type: application/json; charset=utf-8
host: localhost:6675
accept: */*

Response DefaultHttpResponse(decodeResult: success, version: HTTP/1.1)
HTTP/1.1 200 OK
Content-Length: 88
Content-Type: application/json; charset=utf-8
cache-control: no-cache

11:12:11.755 [AsyncHttpClient-1-2] DEBUG org.asynchttpclient.netty.channel.ChannelManager - Adding key: http://localhost:6675 for channel [id: 0x6cee771b, L:/127.0.0.1:50214 - R:localhost/127.0.0.1:6675]
11:12:11.759 [Forwarding clickElement on session f8f968e6cd8c9c85dc479de93ebc5475 to remote] DEBUG org.asynchttpclient.netty.request.NettyRequestSender - Using pooled Channel '[id: 0x6cee771b, L:/127.0.0.1:50214 - R:localhost/127.0.0.1:6675]' for 'POST' to 'http://localhost:6675/session/f8f968e6cd8c9c85dc479de93ebc5475/element/8d14ded2-9022-49d4-b70c-8bc78a2c068b/click'
11:12:11.759 [Forwarding clickElement on session f8f968e6cd8c9c85dc479de93ebc5475 to remote] DEBUG org.asynchttpclient.netty.request.NettyRequestSender - Using open Channel [id: 0x6cee771b, L:/127.0.0.1:50214 - R:localhost/127.0.0.1:6675] for POST '/session/f8f968e6cd8c9c85dc479de93ebc5475/element/8d14ded2-9022-49d4-b70c-8bc78a2c068b/click'
11:12:11.773 [AsyncHttpClient-1-1] DEBUG org.asynchttpclient.netty.channel.DefaultChannelPool - Entry count for : http://localhost:50215 : 1
11:12:11.863 [AsyncHttpClient-1-2] DEBUG org.asynchttpclient.netty.handler.HttpHandler - 

Request DefaultHttpRequest(decodeResult: success, version: HTTP/1.1)
POST /session/f8f968e6cd8c9c85dc479de93ebc5475/element/8d14ded2-9022-49d4-b70c-8bc78a2c068b/click HTTP/1.1
User-Agent: selenium/4.8.1 (java windows)
Content-Length: 50
Content-Type: application/json; charset=utf-8
host: localhost:6675
accept: */*

Response DefaultHttpResponse(decodeResult: success, version: HTTP/1.1)
HTTP/1.1 200 OK
Content-Length: 14
Content-Type: application/json; charset=utf-8
cache-control: no-cache

11:12:11.864 [AsyncHttpClient-1-2] DEBUG org.asynchttpclient.netty.channel.ChannelManager - Adding key: http://localhost:6675 for channel [id: 0x6cee771b, L:/127.0.0.1:50214 - R:localhost/127.0.0.1:6675]
11:12:11.890 [Forwarding getAlertText on session f8f968e6cd8c9c85dc479de93ebc5475 to remote] DEBUG org.asynchttpclient.netty.request.NettyRequestSender - Using pooled Channel '[id: 0x6cee771b, L:/127.0.0.1:50214 - R:localhost/127.0.0.1:6675]' for 'GET' to 'http://localhost:6675/session/f8f968e6cd8c9c85dc479de93ebc5475/alert/text'
11:12:11.891 [Forwarding getAlertText on session f8f968e6cd8c9c85dc479de93ebc5475 to remote] DEBUG org.asynchttpclient.netty.request.NettyRequestSender - Using open Channel [id: 0x6cee771b, L:/127.0.0.1:50214 - R:localhost/127.0.0.1:6675] for GET '/session/f8f968e6cd8c9c85dc479de93ebc5475/alert/text'
11:12:11.896 [AsyncHttpClient-1-2] DEBUG org.asynchttpclient.netty.handler.HttpHandler - 

Request DefaultFullHttpRequest(decodeResult: success, version: HTTP/1.1, content: EmptyByteBufBE)
GET /session/f8f968e6cd8c9c85dc479de93ebc5475/alert/text HTTP/1.1
User-Agent: selenium/4.8.1 (java windows)
Cache-Control: no-cache
Content-Type: application/json; charset=utf-8
host: localhost:6675
accept: */*

Response DefaultHttpResponse(decodeResult: success, version: HTTP/1.1)
HTTP/1.1 404 Not Found
Content-Length: 836
Content-Type: application/json; charset=utf-8
cache-control: no-cache

11:12:11.897 [AsyncHttpClient-1-2] DEBUG org.asynchttpclient.netty.channel.ChannelManager - Adding key: http://localhost:6675 for channel [id: 0x6cee771b, L:/127.0.0.1:50214 - R:localhost/127.0.0.1:6675]
11:12:11.901 [Forwarding getCurrentUrl on session f8f968e6cd8c9c85dc479de93ebc5475 to remote] DEBUG org.asynchttpclient.netty.request.NettyRequestSender - Using pooled Channel '[id: 0x6cee771b, L:/127.0.0.1:50214 - R:localhost/127.0.0.1:6675]' for 'GET' to 'http://localhost:6675/session/f8f968e6cd8c9c85dc479de93ebc5475/url'
11:12:11.901 [Forwarding getCurrentUrl on session f8f968e6cd8c9c85dc479de93ebc5475 to remote] DEBUG org.asynchttpclient.netty.request.NettyRequestSender - Using open Channel [id: 0x6cee771b, L:/127.0.0.1:50214 - R:localhost/127.0.0.1:6675] for GET '/session/f8f968e6cd8c9c85dc479de93ebc5475/url'
11:12:11.910 [AsyncHttpClient-1-2] DEBUG org.asynchttpclient.netty.handler.HttpHandler - 

Request DefaultFullHttpRequest(decodeResult: success, version: HTTP/1.1, content: EmptyByteBufBE)
GET /session/f8f968e6cd8c9c85dc479de93ebc5475/url HTTP/1.1
User-Agent: selenium/4.8.1 (java windows)
Cache-Control: no-cache
Content-Type: application/json; charset=utf-8
host: localhost:6675
accept: */*

Response DefaultHttpResponse(decodeResult: success, version: HTTP/1.1)
HTTP/1.1 200 OK
Content-Length: 62
Content-Type: application/json; charset=utf-8
cache-control: no-cache

11:12:11.912 [AsyncHttpClient-1-2] DEBUG org.asynchttpclient.netty.channel.ChannelManager - Adding key: http://localhost:6675 for channel [id: 0x6cee771b, L:/127.0.0.1:50214 - R:localhost/127.0.0.1:6675]
11:12:11.915 [Forwarding screenshot on session f8f968e6cd8c9c85dc479de93ebc5475 to remote] DEBUG org.asynchttpclient.netty.request.NettyRequestSender - Using pooled Channel '[id: 0x6cee771b, L:/127.0.0.1:50214 - R:localhost/127.0.0.1:6675]' for 'GET' to 'http://localhost:6675/session/f8f968e6cd8c9c85dc479de93ebc5475/screenshot'
11:12:11.915 [Forwarding screenshot on session f8f968e6cd8c9c85dc479de93ebc5475 to remote] DEBUG org.asynchttpclient.netty.request.NettyRequestSender - Using open Channel [id: 0x6cee771b, L:/127.0.0.1:50214 - R:localhost/127.0.0.1:6675] for GET '/session/f8f968e6cd8c9c85dc479de93ebc5475/screenshot'
11:12:12.205 [AsyncHttpClient-1-2] DEBUG org.asynchttpclient.netty.handler.HttpHandler - 

Request DefaultFullHttpRequest(decodeResult: success, version: HTTP/1.1, content: EmptyByteBufBE)
GET /session/f8f968e6cd8c9c85dc479de93ebc5475/screenshot HTTP/1.1
User-Agent: selenium/4.8.1 (java windows)
Cache-Control: no-cache
Content-Type: application/json; charset=utf-8
host: localhost:6675
accept: */*

Response DefaultHttpResponse(decodeResult: success, version: HTTP/1.1)
HTTP/1.1 200 OK
Content-Length: 483068
Content-Type: application/json; charset=utf-8
cache-control: no-cache

11:12:12.210 [AsyncHttpClient-1-2] DEBUG org.asynchttpclient.netty.channel.ChannelManager - Adding key: http://localhost:6675 for channel [id: 0x6cee771b, L:/127.0.0.1:50214 - R:localhost/127.0.0.1:6675]
11:12:12.233 [main] DEBUG net.serenitybdd.core.photography.Darkroom - Send negative for processing for target\site\serenity\ce5c303e88fc4a594caa157994f3fb70475e32ebd6de5e952c3e147c7f44180a.png
11:12:12.233 [main] DEBUG net.thucydides.core.steps.StepInterceptor - STEP DONE: clickAddToCart
11:12:12.233 [Darkroom Processing Line] DEBUG net.serenitybdd.core.photography.DarkroomProcessingLine - Processing screenshot image in /var/screenshots/screenshot-16986939445570644635
11:12:12.234 [Darkroom Processing Line] DEBUG net.serenitybdd.core.photography.DarkroomProcessingLine - Saving screenshot to target\site\serenity\ce5c303e88fc4a594caa157994f3fb70475e32ebd6de5e952c3e147c7f44180a.png
  &amp#27;[32mAnd &amp#27;[0m&amp#27;[32mI click Add to Cart button&amp#27;[0m             &amp#27;[90m# starter.stepdefinitions.AddToCartSteps.AddToCart()&amp#27;[0m
11:12:12.256 [Forwarding getPageSource on session f8f968e6cd8c9c85dc479de93ebc5475 to remote] DEBUG org.asynchttpclient.netty.request.NettyRequestSender - Using pooled Channel '[id: 0x6cee771b, L:/127.0.0.1:50214 - R:localhost/127.0.0.1:6675]' for 'POST' to 'http://localhost:6675/session/f8f968e6cd8c9c85dc479de93ebc5475/execute/sync'
11:12:12.256 [Forwarding getPageSource on session f8f968e6cd8c9c85dc479de93ebc5475 to remote] DEBUG org.asynchttpclient.netty.request.NettyRequestSender - Using open Channel [id: 0x6cee771b, L:/127.0.0.1:50214 - R:localhost/127.0.0.1:6675] for POST '/session/f8f968e6cd8c9c85dc479de93ebc5475/execute/sync'
11:12:12.267 [AsyncHttpClient-1-2] DEBUG org.asynchttpclient.netty.handler.HttpHandler - 

Request DefaultHttpRequest(decodeResult: success, version: HTTP/1.1)
POST /session/f8f968e6cd8c9c85dc479de93ebc5475/execute/sync HTTP/1.1
User-Agent: selenium/4.8.1 (java windows)
Content-Length: 176
Content-Type: application/json; charset=utf-8
host: localhost:6675
accept: */*

Response DefaultHttpResponse(decodeResult: success, version: HTTP/1.1)
HTTP/1.1 200 OK
Content-Length: 12470
Content-Type: application/json; charset=utf-8
cache-control: no-cache

11:12:12.267 [AsyncHttpClient-1-2] DEBUG org.asynchttpclient.netty.channel.ChannelManager - Adding key: http://localhost:6675 for channel [id: 0x6cee771b, L:/127.0.0.1:50214 - R:localhost/127.0.0.1:6675]
11:12:12.274 [Forwarding getCurrentUrl on session f8f968e6cd8c9c85dc479de93ebc5475 to remote] DEBUG org.asynchttpclient.netty.request.NettyRequestSender - Using pooled Channel '[id: 0x6cee771b, L:/127.0.0.1:50214 - R:localhost/127.0.0.1:6675]' for 'GET' to 'http://localhost:6675/session/f8f968e6cd8c9c85dc479de93ebc5475/url'
11:12:12.274 [Forwarding getCurrentUrl on session f8f968e6cd8c9c85dc479de93ebc5475 to remote] DEBUG org.asynchttpclient.netty.request.NettyRequestSender - Using open Channel [id: 0x6cee771b, L:/127.0.0.1:50214 - R:localhost/127.0.0.1:6675] for GET '/session/f8f968e6cd8c9c85dc479de93ebc5475/url'
11:12:12.283 [AsyncHttpClient-1-2] DEBUG org.asynchttpclient.netty.handler.HttpHandler - 

Request DefaultFullHttpRequest(decodeResult: success, version: HTTP/1.1, content: EmptyByteBufBE)
GET /session/f8f968e6cd8c9c85dc479de93ebc5475/url HTTP/1.1
User-Agent: selenium/4.8.1 (java windows)
Cache-Control: no-cache
Content-Type: application/json; charset=utf-8
host: localhost:6675
accept: */*

Response DefaultHttpResponse(decodeResult: success, version: HTTP/1.1)
HTTP/1.1 200 OK
Content-Length: 62
Content-Type: application/json; charset=utf-8
cache-control: no-cache

11:12:12.283 [AsyncHttpClient-1-2] DEBUG org.asynchttpclient.netty.channel.ChannelManager - Adding key: http://localhost:6675 for channel [id: 0x6cee771b, L:/127.0.0.1:50214 - R:localhost/127.0.0.1:6675]
11:12:12.312 [Forwarding getAlertText on session f8f968e6cd8c9c85dc479de93ebc5475 to remote] DEBUG org.asynchttpclient.netty.request.NettyRequestSender - Using pooled Channel '[id: 0x6cee771b, L:/127.0.0.1:50214 - R:localhost/127.0.0.1:6675]' for 'GET' to 'http://localhost:6675/session/f8f968e6cd8c9c85dc479de93ebc5475/alert/text'
11:12:12.312 [Forwarding getAlertText on session f8f968e6cd8c9c85dc479de93ebc5475 to remote] DEBUG org.asynchttpclient.netty.request.NettyRequestSender - Using open Channel [id: 0x6cee771b, L:/127.0.0.1:50214 - R:localhost/127.0.0.1:6675] for GET '/session/f8f968e6cd8c9c85dc479de93ebc5475/alert/text'
11:12:12.316 [AsyncHttpClient-1-2] DEBUG org.asynchttpclient.netty.handler.HttpHandler - 

Request DefaultFullHttpRequest(decodeResult: success, version: HTTP/1.1, content: EmptyByteBufBE)
GET /session/f8f968e6cd8c9c85dc479de93ebc5475/alert/text HTTP/1.1
User-Agent: selenium/4.8.1 (java windows)
Cache-Control: no-cache
Content-Type: application/json; charset=utf-8
host: localhost:6675
accept: */*

Response DefaultHttpResponse(decodeResult: success, version: HTTP/1.1)
HTTP/1.1 404 Not Found
Content-Length: 836
Content-Type: application/json; charset=utf-8
cache-control: no-cache

11:12:12.316 [AsyncHttpClient-1-2] DEBUG org.asynchttpclient.netty.channel.ChannelManager - Adding key: http://localhost:6675 for channel [id: 0x6cee771b, L:/127.0.0.1:50214 - R:localhost/127.0.0.1:6675]
11:12:12.320 [Forwarding getCurrentUrl on session f8f968e6cd8c9c85dc479de93ebc5475 to remote] DEBUG org.asynchttpclient.netty.request.NettyRequestSender - Using pooled Channel '[id: 0x6cee771b, L:/127.0.0.1:50214 - R:localhost/127.0.0.1:6675]' for 'GET' to 'http://localhost:6675/session/f8f968e6cd8c9c85dc479de93ebc5475/url'
11:12:12.320 [Forwarding getCurrentUrl on session f8f968e6cd8c9c85dc479de93ebc5475 to remote] DEBUG org.asynchttpclient.netty.request.NettyRequestSender - Using open Channel [id: 0x6cee771b, L:/127.0.0.1:50214 - R:localhost/127.0.0.1:6675] for GET '/session/f8f968e6cd8c9c85dc479de93ebc5475/url'
11:12:12.328 [AsyncHttpClient-1-2] DEBUG org.asynchttpclient.netty.handler.HttpHandler - 

Request DefaultFullHttpRequest(decodeResult: success, version: HTTP/1.1, content: EmptyByteBufBE)
GET /session/f8f968e6cd8c9c85dc479de93ebc5475/url HTTP/1.1
User-Agent: selenium/4.8.1 (java windows)
Cache-Control: no-cache
Content-Type: application/json; charset=utf-8
host: localhost:6675
accept: */*

Response DefaultHttpResponse(decodeResult: success, version: HTTP/1.1)
HTTP/1.1 200 OK
Content-Length: 62
Content-Type: application/json; charset=utf-8
cache-control: no-cache

11:12:12.329 [AsyncHttpClient-1-2] DEBUG org.asynchttpclient.netty.channel.ChannelManager - Adding key: http://localhost:6675 for channel [id: 0x6cee771b, L:/127.0.0.1:50214 - R:localhost/127.0.0.1:6675]
11:12:12.331 [Forwarding screenshot on session f8f968e6cd8c9c85dc479de93ebc5475 to remote] DEBUG org.asynchttpclient.netty.request.NettyRequestSender - Using pooled Channel '[id: 0x6cee771b, L:/127.0.0.1:50214 - R:localhost/127.0.0.1:6675]' for 'GET' to 'http://localhost:6675/session/f8f968e6cd8c9c85dc479de93ebc5475/screenshot'
11:12:12.332 [Forwarding screenshot on session f8f968e6cd8c9c85dc479de93ebc5475 to remote] DEBUG org.asynchttpclient.netty.request.NettyRequestSender - Using open Channel [id: 0x6cee771b, L:/127.0.0.1:50214 - R:localhost/127.0.0.1:6675] for GET '/session/f8f968e6cd8c9c85dc479de93ebc5475/screenshot'
11:12:12.639 [AsyncHttpClient-1-2] DEBUG org.asynchttpclient.netty.handler.HttpHandler - 

Request DefaultFullHttpRequest(decodeResult: success, version: HTTP/1.1, content: EmptyByteBufBE)
GET /session/f8f968e6cd8c9c85dc479de93ebc5475/screenshot HTTP/1.1
User-Agent: selenium/4.8.1 (java windows)
Cache-Control: no-cache
Content-Type: application/json; charset=utf-8
host: localhost:6675
accept: */*

Response DefaultHttpResponse(decodeResult: success, version: HTTP/1.1)
HTTP/1.1 200 OK
Content-Length: 483068
Content-Type: application/json; charset=utf-8
cache-control: no-cache

11:12:12.643 [AsyncHttpClient-1-2] DEBUG org.asynchttpclient.netty.channel.ChannelManager - Adding key: http://localhost:6675 for channel [id: 0x6cee771b, L:/127.0.0.1:50214 - R:localhost/127.0.0.1:6675]
11:12:12.662 [main] DEBUG net.serenitybdd.core.photography.Darkroom - Send negative for processing for target\site\serenity\ce5c303e88fc4a594caa157994f3fb70475e32ebd6de5e952c3e147c7f44180a.png
11:12:12.665 [Forwarding getPageSource on session f8f968e6cd8c9c85dc479de93ebc5475 to remote] DEBUG org.asynchttpclient.netty.request.NettyRequestSender - Using pooled Channel '[id: 0x6cee771b, L:/127.0.0.1:50214 - R:localhost/127.0.0.1:6675]' for 'POST' to 'http://localhost:6675/session/f8f968e6cd8c9c85dc479de93ebc5475/execute/sync'
11:12:12.665 [Forwarding getPageSource on session f8f968e6cd8c9c85dc479de93ebc5475 to remote] DEBUG org.asynchttpclient.netty.request.NettyRequestSender - Using open Channel [id: 0x6cee771b, L:/127.0.0.1:50214 - R:localhost/127.0.0.1:6675] for POST '/session/f8f968e6cd8c9c85dc479de93ebc5475/execute/sync'
11:12:12.674 [AsyncHttpClient-1-2] DEBUG org.asynchttpclient.netty.handler.HttpHandler - 

Request DefaultHttpRequest(decodeResult: success, version: HTTP/1.1)
POST /session/f8f968e6cd8c9c85dc479de93ebc5475/execute/sync HTTP/1.1
User-Agent: selenium/4.8.1 (java windows)
Content-Length: 176
Content-Type: application/json; charset=utf-8
host: localhost:6675
accept: */*

Response DefaultHttpResponse(decodeResult: success, version: HTTP/1.1)
HTTP/1.1 200 OK
Content-Length: 12470
Content-Type: application/json; charset=utf-8
cache-control: no-cache

11:12:12.674 [AsyncHttpClient-1-2] DEBUG org.asynchttpclient.netty.channel.ChannelManager - Adding key: http://localhost:6675 for channel [id: 0x6cee771b, L:/127.0.0.1:50214 - R:localhost/127.0.0.1:6675]
11:12:12.679 [Forwarding getCurrentUrl on session f8f968e6cd8c9c85dc479de93ebc5475 to remote] DEBUG org.asynchttpclient.netty.request.NettyRequestSender - Using pooled Channel '[id: 0x6cee771b, L:/127.0.0.1:50214 - R:localhost/127.0.0.1:6675]' for 'GET' to 'http://localhost:6675/session/f8f968e6cd8c9c85dc479de93ebc5475/url'
11:12:12.679 [Forwarding getCurrentUrl on session f8f968e6cd8c9c85dc479de93ebc5475 to remote] DEBUG org.asynchttpclient.netty.request.NettyRequestSender - Using open Channel [id: 0x6cee771b, L:/127.0.0.1:50214 - R:localhost/127.0.0.1:6675] for GET '/session/f8f968e6cd8c9c85dc479de93ebc5475/url'
11:12:12.686 [AsyncHttpClient-1-2] DEBUG org.asynchttpclient.netty.handler.HttpHandler - 

Request DefaultFullHttpRequest(decodeResult: success, version: HTTP/1.1, content: EmptyByteBufBE)
GET /session/f8f968e6cd8c9c85dc479de93ebc5475/url HTTP/1.1
User-Agent: selenium/4.8.1 (java windows)
Cache-Control: no-cache
Content-Type: application/json; charset=utf-8
host: localhost:6675
accept: */*

Response DefaultHttpResponse(decodeResult: success, version: HTTP/1.1)
HTTP/1.1 200 OK
Content-Length: 62
Content-Type: application/json; charset=utf-8
cache-control: no-cache

11:12:12.686 [AsyncHttpClient-1-2] DEBUG org.asynchttpclient.netty.channel.ChannelManager - Adding key: http://localhost:6675 for channel [id: 0x6cee771b, L:/127.0.0.1:50214 - R:localhost/127.0.0.1:6675]
11:12:12.692 [main] DEBUG net.thucydides.core.steps.StepInterceptor - STARTING STEP: AddToCartSteps.checkMyCart - clickCartIcon
11:12:12.706 [Forwarding findElement on session f8f968e6cd8c9c85dc479de93ebc5475 to remote] DEBUG org.asynchttpclient.netty.request.NettyRequestSender - Using pooled Channel '[id: 0x6cee771b, L:/127.0.0.1:50214 - R:localhost/127.0.0.1:6675]' for 'POST' to 'http://localhost:6675/session/f8f968e6cd8c9c85dc479de93ebc5475/element'
11:12:12.706 [Forwarding findElement on session f8f968e6cd8c9c85dc479de93ebc5475 to remote] DEBUG org.asynchttpclient.netty.request.NettyRequestSender - Using open Channel [id: 0x6cee771b, L:/127.0.0.1:50214 - R:localhost/127.0.0.1:6675] for POST '/session/f8f968e6cd8c9c85dc479de93ebc5475/element'
11:12:12.739 [AsyncHttpClient-1-2] DEBUG org.asynchttpclient.netty.handler.HttpHandler - 

Request DefaultHttpRequest(decodeResult: success, version: HTTP/1.1)
POST /session/f8f968e6cd8c9c85dc479de93ebc5475/element HTTP/1.1
User-Agent: selenium/4.8.1 (java windows)
Content-Length: 63
Content-Type: application/json; charset=utf-8
host: localhost:6675
accept: */*

Response DefaultHttpResponse(decodeResult: success, version: HTTP/1.1)
HTTP/1.1 200 OK
Content-Length: 88
Content-Type: application/json; charset=utf-8
cache-control: no-cache

11:12:12.740 [AsyncHttpClient-1-2] DEBUG org.asynchttpclient.netty.channel.ChannelManager - Adding key: http://localhost:6675 for channel [id: 0x6cee771b, L:/127.0.0.1:50214 - R:localhost/127.0.0.1:6675]
11:12:12.743 [Forwarding getElementTagName on session f8f968e6cd8c9c85dc479de93ebc5475 to remote] DEBUG org.asynchttpclient.netty.request.NettyRequestSender - Using pooled Channel '[id: 0x6cee771b, L:/127.0.0.1:50214 - R:localhost/127.0.0.1:6675]' for 'GET' to 'http://localhost:6675/session/f8f968e6cd8c9c85dc479de93ebc5475/element/fad45b59-2886-4046-9349-a8b9614c73ac/name'
11:12:12.743 [Forwarding getElementTagName on session f8f968e6cd8c9c85dc479de93ebc5475 to remote] DEBUG org.asynchttpclient.netty.request.NettyRequestSender - Using open Channel [id: 0x6cee771b, L:/127.0.0.1:50214 - R:localhost/127.0.0.1:6675] for GET '/session/f8f968e6cd8c9c85dc479de93ebc5475/element/fad45b59-2886-4046-9349-a8b9614c73ac/name'
11:12:12.756 [AsyncHttpClient-1-2] DEBUG org.asynchttpclient.netty.handler.HttpHandler - 

Request DefaultFullHttpRequest(decodeResult: success, version: HTTP/1.1, content: EmptyByteBufBE)
GET /session/f8f968e6cd8c9c85dc479de93ebc5475/element/fad45b59-2886-4046-9349-a8b9614c73ac/name HTTP/1.1
User-Agent: selenium/4.8.1 (java windows)
Cache-Control: no-cache
Content-Type: application/json; charset=utf-8
host: localhost:6675
accept: */*

Response DefaultHttpResponse(decodeResult: success, version: HTTP/1.1)
HTTP/1.1 200 OK
Content-Length: 13
Content-Type: application/json; charset=utf-8
cache-control: no-cache

11:12:12.757 [AsyncHttpClient-1-2] DEBUG org.asynchttpclient.netty.channel.ChannelManager - Adding key: http://localhost:6675 for channel [id: 0x6cee771b, L:/127.0.0.1:50214 - R:localhost/127.0.0.1:6675]
11:12:12.761 [Forwarding getElementTagName on session f8f968e6cd8c9c85dc479de93ebc5475 to remote] DEBUG org.asynchttpclient.netty.request.NettyRequestSender - Using pooled Channel '[id: 0x6cee771b, L:/127.0.0.1:50214 - R:localhost/127.0.0.1:6675]' for 'GET' to 'http://localhost:6675/session/f8f968e6cd8c9c85dc479de93ebc5475/element/fad45b59-2886-4046-9349-a8b9614c73ac/name'
11:12:12.761 [Forwarding getElementTagName on session f8f968e6cd8c9c85dc479de93ebc5475 to remote] DEBUG org.asynchttpclient.netty.request.NettyRequestSender - Using open Channel [id: 0x6cee771b, L:/127.0.0.1:50214 - R:localhost/127.0.0.1:6675] for GET '/session/f8f968e6cd8c9c85dc479de93ebc5475/element/fad45b59-2886-4046-9349-a8b9614c73ac/name'
11:12:12.773 [AsyncHttpClient-1-2] DEBUG org.asynchttpclient.netty.handler.HttpHandler - 

Request DefaultFullHttpRequest(decodeResult: success, version: HTTP/1.1, content: EmptyByteBufBE)
GET /session/f8f968e6cd8c9c85dc479de93ebc5475/element/fad45b59-2886-4046-9349-a8b9614c73ac/name HTTP/1.1
User-Agent: selenium/4.8.1 (java windows)
Cache-Control: no-cache
Content-Type: application/json; charset=utf-8
host: localhost:6675
accept: */*

Response DefaultHttpResponse(decodeResult: success, version: HTTP/1.1)
HTTP/1.1 200 OK
Content-Length: 13
Content-Type: application/json; charset=utf-8
cache-control: no-cache

11:12:12.774 [AsyncHttpClient-1-2] DEBUG org.asynchttpclient.netty.channel.ChannelManager - Adding key: http://localhost:6675 for channel [id: 0x6cee771b, L:/127.0.0.1:50214 - R:localhost/127.0.0.1:6675]
11:12:12.781 [Forwarding findElement on session f8f968e6cd8c9c85dc479de93ebc5475 to remote] DEBUG org.asynchttpclient.netty.request.NettyRequestSender - Using pooled Channel '[id: 0x6cee771b, L:/127.0.0.1:50214 - R:localhost/127.0.0.1:6675]' for 'POST' to 'http://localhost:6675/session/f8f968e6cd8c9c85dc479de93ebc5475/element'
11:12:12.781 [Forwarding findElement on session f8f968e6cd8c9c85dc479de93ebc5475 to remote] DEBUG org.asynchttpclient.netty.request.NettyRequestSender - Using open Channel [id: 0x6cee771b, L:/127.0.0.1:50214 - R:localhost/127.0.0.1:6675] for POST '/session/f8f968e6cd8c9c85dc479de93ebc5475/element'
11:12:12.806 [AsyncHttpClient-1-2] DEBUG org.asynchttpclient.netty.handler.HttpHandler - 

Request DefaultHttpRequest(decodeResult: success, version: HTTP/1.1)
POST /session/f8f968e6cd8c9c85dc479de93ebc5475/element HTTP/1.1
User-Agent: selenium/4.8.1 (java windows)
Content-Length: 63
Content-Type: application/json; charset=utf-8
host: localhost:6675
accept: */*

Response DefaultHttpResponse(decodeResult: success, version: HTTP/1.1)
HTTP/1.1 200 OK
Content-Length: 88
Content-Type: application/json; charset=utf-8
cache-control: no-cache

11:12:12.807 [AsyncHttpClient-1-2] DEBUG org.asynchttpclient.netty.channel.ChannelManager - Adding key: http://localhost:6675 for channel [id: 0x6cee771b, L:/127.0.0.1:50214 - R:localhost/127.0.0.1:6675]
11:12:12.812 [Forwarding clickElement on session f8f968e6cd8c9c85dc479de93ebc5475 to remote] DEBUG org.asynchttpclient.netty.request.NettyRequestSender - Using pooled Channel '[id: 0x6cee771b, L:/127.0.0.1:50214 - R:localhost/127.0.0.1:6675]' for 'POST' to 'http://localhost:6675/session/f8f968e6cd8c9c85dc479de93ebc5475/element/fad45b59-2886-4046-9349-a8b9614c73ac/click'
11:12:12.812 [Forwarding clickElement on session f8f968e6cd8c9c85dc479de93ebc5475 to remote] DEBUG org.asynchttpclient.netty.request.NettyRequestSender - Using open Channel [id: 0x6cee771b, L:/127.0.0.1:50214 - R:localhost/127.0.0.1:6675] for POST '/session/f8f968e6cd8c9c85dc479de93ebc5475/element/fad45b59-2886-4046-9349-a8b9614c73ac/click'
11:12:12.868 [AsyncHttpClient-1-1] DEBUG org.asynchttpclient.netty.channel.DefaultChannelPool - Entry count for : http://localhost:50215 : 1
11:12:12.972 [AsyncHttpClient-1-2] DEBUG org.asynchttpclient.netty.handler.HttpHandler - 

Request DefaultHttpRequest(decodeResult: success, version: HTTP/1.1)
POST /session/f8f968e6cd8c9c85dc479de93ebc5475/element/fad45b59-2886-4046-9349-a8b9614c73ac/click HTTP/1.1
User-Agent: selenium/4.8.1 (java windows)
Content-Length: 50
Content-Type: application/json; charset=utf-8
host: localhost:6675
accept: */*

Response DefaultHttpResponse(decodeResult: success, version: HTTP/1.1)
HTTP/1.1 200 OK
Content-Length: 14
Content-Type: application/json; charset=utf-8
cache-control: no-cache

11:12:12.973 [AsyncHttpClient-1-2] DEBUG org.asynchttpclient.netty.channel.ChannelManager - Adding key: http://localhost:6675 for channel [id: 0x6cee771b, L:/127.0.0.1:50214 - R:localhost/127.0.0.1:6675]
11:12:12.992 [Forwarding getAlertText on session f8f968e6cd8c9c85dc479de93ebc5475 to remote] DEBUG org.asynchttpclient.netty.request.NettyRequestSender - Using pooled Channel '[id: 0x6cee771b, L:/127.0.0.1:50214 - R:localhost/127.0.0.1:6675]' for 'GET' to 'http://localhost:6675/session/f8f968e6cd8c9c85dc479de93ebc5475/alert/text'
11:12:12.992 [Forwarding getAlertText on session f8f968e6cd8c9c85dc479de93ebc5475 to remote] DEBUG org.asynchttpclient.netty.request.NettyRequestSender - Using open Channel [id: 0x6cee771b, L:/127.0.0.1:50214 - R:localhost/127.0.0.1:6675] for GET '/session/f8f968e6cd8c9c85dc479de93ebc5475/alert/text'
11:12:12.995 [AsyncHttpClient-1-2] DEBUG org.asynchttpclient.netty.handler.HttpHandler - 

Request DefaultFullHttpRequest(decodeResult: success, version: HTTP/1.1, content: EmptyByteBufBE)
GET /session/f8f968e6cd8c9c85dc479de93ebc5475/alert/text HTTP/1.1
User-Agent: selenium/4.8.1 (java windows)
Cache-Control: no-cache
Content-Type: application/json; charset=utf-8
host: localhost:6675
accept: */*

Response DefaultHttpResponse(decodeResult: success, version: HTTP/1.1)
HTTP/1.1 404 Not Found
Content-Length: 836
Content-Type: application/json; charset=utf-8
cache-control: no-cache

11:12:12.996 [AsyncHttpClient-1-2] DEBUG org.asynchttpclient.netty.channel.ChannelManager - Adding key: http://localhost:6675 for channel [id: 0x6cee771b, L:/127.0.0.1:50214 - R:localhost/127.0.0.1:6675]
11:12:12.998 [Forwarding getCurrentUrl on session f8f968e6cd8c9c85dc479de93ebc5475 to remote] DEBUG org.asynchttpclient.netty.request.NettyRequestSender - Using pooled Channel '[id: 0x6cee771b, L:/127.0.0.1:50214 - R:localhost/127.0.0.1:6675]' for 'GET' to 'http://localhost:6675/session/f8f968e6cd8c9c85dc479de93ebc5475/url'
11:12:12.998 [Forwarding getCurrentUrl on session f8f968e6cd8c9c85dc479de93ebc5475 to remote] DEBUG org.asynchttpclient.netty.request.NettyRequestSender - Using open Channel [id: 0x6cee771b, L:/127.0.0.1:50214 - R:localhost/127.0.0.1:6675] for GET '/session/f8f968e6cd8c9c85dc479de93ebc5475/url'
11:12:13.004 [AsyncHttpClient-1-2] DEBUG org.asynchttpclient.netty.handler.HttpHandler - 

Request DefaultFullHttpRequest(decodeResult: success, version: HTTP/1.1, content: EmptyByteBufBE)
GET /session/f8f968e6cd8c9c85dc479de93ebc5475/url HTTP/1.1
User-Agent: selenium/4.8.1 (java windows)
Cache-Control: no-cache
Content-Type: application/json; charset=utf-8
host: localhost:6675
accept: */*

Response DefaultHttpResponse(decodeResult: success, version: HTTP/1.1)
HTTP/1.1 200 OK
Content-Length: 47
Content-Type: application/json; charset=utf-8
cache-control: no-cache

11:12:13.004 [AsyncHttpClient-1-2] DEBUG org.asynchttpclient.netty.channel.ChannelManager - Adding key: http://localhost:6675 for channel [id: 0x6cee771b, L:/127.0.0.1:50214 - R:localhost/127.0.0.1:6675]
11:12:13.006 [Forwarding screenshot on session f8f968e6cd8c9c85dc479de93ebc5475 to remote] DEBUG org.asynchttpclient.netty.request.NettyRequestSender - Using pooled Channel '[id: 0x6cee771b, L:/127.0.0.1:50214 - R:localhost/127.0.0.1:6675]' for 'GET' to 'http://localhost:6675/session/f8f968e6cd8c9c85dc479de93ebc5475/screenshot'
11:12:13.006 [Forwarding screenshot on session f8f968e6cd8c9c85dc479de93ebc5475 to remote] DEBUG org.asynchttpclient.netty.request.NettyRequestSender - Using open Channel [id: 0x6cee771b, L:/127.0.0.1:50214 - R:localhost/127.0.0.1:6675] for GET '/session/f8f968e6cd8c9c85dc479de93ebc5475/screenshot'
11:12:13.130 [AsyncHttpClient-1-2] DEBUG org.asynchttpclient.netty.handler.HttpHandler - 

Request DefaultFullHttpRequest(decodeResult: success, version: HTTP/1.1, content: EmptyByteBufBE)
GET /session/f8f968e6cd8c9c85dc479de93ebc5475/screenshot HTTP/1.1
User-Agent: selenium/4.8.1 (java windows)
Cache-Control: no-cache
Content-Type: application/json; charset=utf-8
host: localhost:6675
accept: */*

Response DefaultHttpResponse(decodeResult: success, version: HTTP/1.1)
HTTP/1.1 200 OK
Content-Length: 82608
Content-Type: application/json; charset=utf-8
cache-control: no-cache

11:12:13.131 [AsyncHttpClient-1-2] DEBUG org.asynchttpclient.netty.channel.ChannelManager - Adding key: http://localhost:6675 for channel [id: 0x6cee771b, L:/127.0.0.1:50214 - R:localhost/127.0.0.1:6675]
11:12:13.134 [main] DEBUG net.serenitybdd.core.photography.Darkroom - Send negative for processing for target\site\serenity\82c7d35d580490904c145f05e67ff372f7d032b8096553ee92faaf7f3ee71a2d.png
11:12:13.134 [Darkroom Processing Line] DEBUG net.serenitybdd.core.photography.DarkroomProcessingLine - Processing screenshot image in /var/screenshots/screenshot-14632330718209257089
11:12:13.134 [main] DEBUG net.thucydides.core.steps.StepInterceptor - STEP DONE: clickCartIcon
11:12:13.135 [Darkroom Processing Line] DEBUG net.serenitybdd.core.photography.DarkroomProcessingLine - Saving screenshot to target\site\serenity\82c7d35d580490904c145f05e67ff372f7d032b8096553ee92faaf7f3ee71a2d.png
  &amp#27;[32mAnd &amp#27;[0m&amp#27;[32mI check my cart&amp#27;[0m                        &amp#27;[90m# starter.stepdefinitions.AddToCartSteps.checkMyCart()&amp#27;[0m
11:12:13.155 [Forwarding getPageSource on session f8f968e6cd8c9c85dc479de93ebc5475 to remote] DEBUG org.asynchttpclient.netty.request.NettyRequestSender - Using pooled Channel '[id: 0x6cee771b, L:/127.0.0.1:50214 - R:localhost/127.0.0.1:6675]' for 'POST' to 'http://localhost:6675/session/f8f968e6cd8c9c85dc479de93ebc5475/execute/sync'
11:12:13.155 [Forwarding getPageSource on session f8f968e6cd8c9c85dc479de93ebc5475 to remote] DEBUG org.asynchttpclient.netty.request.NettyRequestSender - Using open Channel [id: 0x6cee771b, L:/127.0.0.1:50214 - R:localhost/127.0.0.1:6675] for POST '/session/f8f968e6cd8c9c85dc479de93ebc5475/execute/sync'
11:12:13.165 [AsyncHttpClient-1-2] DEBUG org.asynchttpclient.netty.handler.HttpHandler - 

Request DefaultHttpRequest(decodeResult: success, version: HTTP/1.1)
POST /session/f8f968e6cd8c9c85dc479de93ebc5475/execute/sync HTTP/1.1
User-Agent: selenium/4.8.1 (java windows)
Content-Length: 176
Content-Type: application/json; charset=utf-8
host: localhost:6675
accept: */*

Response DefaultHttpResponse(decodeResult: success, version: HTTP/1.1)
HTTP/1.1 200 OK
Content-Length: 12640
Content-Type: application/json; charset=utf-8
cache-control: no-cache

11:12:13.165 [AsyncHttpClient-1-2] DEBUG org.asynchttpclient.netty.channel.ChannelManager - Adding key: http://localhost:6675 for channel [id: 0x6cee771b, L:/127.0.0.1:50214 - R:localhost/127.0.0.1:6675]
11:12:13.169 [Forwarding getCurrentUrl on session f8f968e6cd8c9c85dc479de93ebc5475 to remote] DEBUG org.asynchttpclient.netty.request.NettyRequestSender - Using pooled Channel '[id: 0x6cee771b, L:/127.0.0.1:50214 - R:localhost/127.0.0.1:6675]' for 'GET' to 'http://localhost:6675/session/f8f968e6cd8c9c85dc479de93ebc5475/url'
11:12:13.169 [Forwarding getCurrentUrl on session f8f968e6cd8c9c85dc479de93ebc5475 to remote] DEBUG org.asynchttpclient.netty.request.NettyRequestSender - Using open Channel [id: 0x6cee771b, L:/127.0.0.1:50214 - R:localhost/127.0.0.1:6675] for GET '/session/f8f968e6cd8c9c85dc479de93ebc5475/url'
11:12:13.176 [AsyncHttpClient-1-2] DEBUG org.asynchttpclient.netty.handler.HttpHandler - 

Request DefaultFullHttpRequest(decodeResult: success, version: HTTP/1.1, content: EmptyByteBufBE)
GET /session/f8f968e6cd8c9c85dc479de93ebc5475/url HTTP/1.1
User-Agent: selenium/4.8.1 (java windows)
Cache-Control: no-cache
Content-Type: application/json; charset=utf-8
host: localhost:6675
accept: */*

Response DefaultHttpResponse(decodeResult: success, version: HTTP/1.1)
HTTP/1.1 200 OK
Content-Length: 47
Content-Type: application/json; charset=utf-8
cache-control: no-cache

11:12:13.176 [AsyncHttpClient-1-2] DEBUG org.asynchttpclient.netty.channel.ChannelManager - Adding key: http://localhost:6675 for channel [id: 0x6cee771b, L:/127.0.0.1:50214 - R:localhost/127.0.0.1:6675]
11:12:13.195 [Forwarding getAlertText on session f8f968e6cd8c9c85dc479de93ebc5475 to remote] DEBUG org.asynchttpclient.netty.request.NettyRequestSender - Using pooled Channel '[id: 0x6cee771b, L:/127.0.0.1:50214 - R:localhost/127.0.0.1:6675]' for 'GET' to 'http://localhost:6675/session/f8f968e6cd8c9c85dc479de93ebc5475/alert/text'
11:12:13.195 [Forwarding getAlertText on session f8f968e6cd8c9c85dc479de93ebc5475 to remote] DEBUG org.asynchttpclient.netty.request.NettyRequestSender - Using open Channel [id: 0x6cee771b, L:/127.0.0.1:50214 - R:localhost/127.0.0.1:6675] for GET '/session/f8f968e6cd8c9c85dc479de93ebc5475/alert/text'
11:12:13.198 [AsyncHttpClient-1-2] DEBUG org.asynchttpclient.netty.handler.HttpHandler - 

Request DefaultFullHttpRequest(decodeResult: success, version: HTTP/1.1, content: EmptyByteBufBE)
GET /session/f8f968e6cd8c9c85dc479de93ebc5475/alert/text HTTP/1.1
User-Agent: selenium/4.8.1 (java windows)
Cache-Control: no-cache
Content-Type: application/json; charset=utf-8
host: localhost:6675
accept: */*

Response DefaultHttpResponse(decodeResult: success, version: HTTP/1.1)
HTTP/1.1 404 Not Found
Content-Length: 836
Content-Type: application/json; charset=utf-8
cache-control: no-cache

11:12:13.198 [AsyncHttpClient-1-2] DEBUG org.asynchttpclient.netty.channel.ChannelManager - Adding key: http://localhost:6675 for channel [id: 0x6cee771b, L:/127.0.0.1:50214 - R:localhost/127.0.0.1:6675]
11:12:13.200 [Forwarding getCurrentUrl on session f8f968e6cd8c9c85dc479de93ebc5475 to remote] DEBUG org.asynchttpclient.netty.request.NettyRequestSender - Using pooled Channel '[id: 0x6cee771b, L:/127.0.0.1:50214 - R:localhost/127.0.0.1:6675]' for 'GET' to 'http://localhost:6675/session/f8f968e6cd8c9c85dc479de93ebc5475/url'
11:12:13.200 [Forwarding getCurrentUrl on session f8f968e6cd8c9c85dc479de93ebc5475 to remote] DEBUG org.asynchttpclient.netty.request.NettyRequestSender - Using open Channel [id: 0x6cee771b, L:/127.0.0.1:50214 - R:localhost/127.0.0.1:6675] for GET '/session/f8f968e6cd8c9c85dc479de93ebc5475/url'
11:12:13.206 [AsyncHttpClient-1-2] DEBUG org.asynchttpclient.netty.handler.HttpHandler - 

Request DefaultFullHttpRequest(decodeResult: success, version: HTTP/1.1, content: EmptyByteBufBE)
GET /session/f8f968e6cd8c9c85dc479de93ebc5475/url HTTP/1.1
User-Agent: selenium/4.8.1 (java windows)
Cache-Control: no-cache
Content-Type: application/json; charset=utf-8
host: localhost:6675
accept: */*

Response DefaultHttpResponse(decodeResult: success, version: HTTP/1.1)
HTTP/1.1 200 OK
Content-Length: 47
Content-Type: application/json; charset=utf-8
cache-control: no-cache

11:12:13.207 [AsyncHttpClient-1-2] DEBUG org.asynchttpclient.netty.channel.ChannelManager - Adding key: http://localhost:6675 for channel [id: 0x6cee771b, L:/127.0.0.1:50214 - R:localhost/127.0.0.1:6675]
11:12:13.208 [Forwarding screenshot on session f8f968e6cd8c9c85dc479de93ebc5475 to remote] DEBUG org.asynchttpclient.netty.request.NettyRequestSender - Using pooled Channel '[id: 0x6cee771b, L:/127.0.0.1:50214 - R:localhost/127.0.0.1:6675]' for 'GET' to 'http://localhost:6675/session/f8f968e6cd8c9c85dc479de93ebc5475/screenshot'
11:12:13.208 [Forwarding screenshot on session f8f968e6cd8c9c85dc479de93ebc5475 to remote] DEBUG org.asynchttpclient.netty.request.NettyRequestSender - Using open Channel [id: 0x6cee771b, L:/127.0.0.1:50214 - R:localhost/127.0.0.1:6675] for GET '/session/f8f968e6cd8c9c85dc479de93ebc5475/screenshot'
11:12:13.430 [AsyncHttpClient-1-2] DEBUG org.asynchttpclient.netty.handler.HttpHandler - 

Request DefaultFullHttpRequest(decodeResult: success, version: HTTP/1.1, content: EmptyByteBufBE)
GET /session/f8f968e6cd8c9c85dc479de93ebc5475/screenshot HTTP/1.1
User-Agent: selenium/4.8.1 (java windows)
Cache-Control: no-cache
Content-Type: application/json; charset=utf-8
host: localhost:6675
accept: */*

Response DefaultHttpResponse(decodeResult: success, version: HTTP/1.1)
HTTP/1.1 200 OK
Content-Length: 82608
Content-Type: application/json; charset=utf-8
cache-control: no-cache

11:12:13.432 [AsyncHttpClient-1-2] DEBUG org.asynchttpclient.netty.channel.ChannelManager - Adding key: http://localhost:6675 for channel [id: 0x6cee771b, L:/127.0.0.1:50214 - R:localhost/127.0.0.1:6675]
11:12:13.440 [main] DEBUG net.serenitybdd.core.photography.Darkroom - Send negative for processing for target\site\serenity\82c7d35d580490904c145f05e67ff372f7d032b8096553ee92faaf7f3ee71a2d.png
11:12:13.444 [Forwarding getPageSource on session f8f968e6cd8c9c85dc479de93ebc5475 to remote] DEBUG org.asynchttpclient.netty.request.NettyRequestSender - Using pooled Channel '[id: 0x6cee771b, L:/127.0.0.1:50214 - R:localhost/127.0.0.1:6675]' for 'POST' to 'http://localhost:6675/session/f8f968e6cd8c9c85dc479de93ebc5475/execute/sync'
11:12:13.444 [Forwarding getPageSource on session f8f968e6cd8c9c85dc479de93ebc5475 to remote] DEBUG org.asynchttpclient.netty.request.NettyRequestSender - Using open Channel [id: 0x6cee771b, L:/127.0.0.1:50214 - R:localhost/127.0.0.1:6675] for POST '/session/f8f968e6cd8c9c85dc479de93ebc5475/execute/sync'
11:12:13.456 [AsyncHttpClient-1-2] DEBUG org.asynchttpclient.netty.handler.HttpHandler - 

Request DefaultHttpRequest(decodeResult: success, version: HTTP/1.1)
POST /session/f8f968e6cd8c9c85dc479de93ebc5475/execute/sync HTTP/1.1
User-Agent: selenium/4.8.1 (java windows)
Content-Length: 176
Content-Type: application/json; charset=utf-8
host: localhost:6675
accept: */*

Response DefaultHttpResponse(decodeResult: success, version: HTTP/1.1)
HTTP/1.1 200 OK
Content-Length: 12640
Content-Type: application/json; charset=utf-8
cache-control: no-cache

11:12:13.458 [AsyncHttpClient-1-2] DEBUG org.asynchttpclient.netty.channel.ChannelManager - Adding key: http://localhost:6675 for channel [id: 0x6cee771b, L:/127.0.0.1:50214 - R:localhost/127.0.0.1:6675]
11:12:13.465 [Forwarding getCurrentUrl on session f8f968e6cd8c9c85dc479de93ebc5475 to remote] DEBUG org.asynchttpclient.netty.request.NettyRequestSender - Using pooled Channel '[id: 0x6cee771b, L:/127.0.0.1:50214 - R:localhost/127.0.0.1:6675]' for 'GET' to 'http://localhost:6675/session/f8f968e6cd8c9c85dc479de93ebc5475/url'
11:12:13.465 [Forwarding getCurrentUrl on session f8f968e6cd8c9c85dc479de93ebc5475 to remote] DEBUG org.asynchttpclient.netty.request.NettyRequestSender - Using open Channel [id: 0x6cee771b, L:/127.0.0.1:50214 - R:localhost/127.0.0.1:6675] for GET '/session/f8f968e6cd8c9c85dc479de93ebc5475/url'
11:12:13.474 [AsyncHttpClient-1-2] DEBUG org.asynchttpclient.netty.handler.HttpHandler - 

Request DefaultFullHttpRequest(decodeResult: success, version: HTTP/1.1, content: EmptyByteBufBE)
GET /session/f8f968e6cd8c9c85dc479de93ebc5475/url HTTP/1.1
User-Agent: selenium/4.8.1 (java windows)
Cache-Control: no-cache
Content-Type: application/json; charset=utf-8
host: localhost:6675
accept: */*

Response DefaultHttpResponse(decodeResult: success, version: HTTP/1.1)
HTTP/1.1 200 OK
Content-Length: 47
Content-Type: application/json; charset=utf-8
cache-control: no-cache

11:12:13.474 [AsyncHttpClient-1-2] DEBUG org.asynchttpclient.netty.channel.ChannelManager - Adding key: http://localhost:6675 for channel [id: 0x6cee771b, L:/127.0.0.1:50214 - R:localhost/127.0.0.1:6675]
11:12:13.482 [main] DEBUG net.thucydides.core.steps.StepInterceptor - STARTING STEP: AddToCartSteps.validateTheProductHasBeenAdded - clickCartIcon
11:12:13.495 [Forwarding findElement on session f8f968e6cd8c9c85dc479de93ebc5475 to remote] DEBUG org.asynchttpclient.netty.request.NettyRequestSender - Using pooled Channel '[id: 0x6cee771b, L:/127.0.0.1:50214 - R:localhost/127.0.0.1:6675]' for 'POST' to 'http://localhost:6675/session/f8f968e6cd8c9c85dc479de93ebc5475/element'
11:12:13.495 [Forwarding findElement on session f8f968e6cd8c9c85dc479de93ebc5475 to remote] DEBUG org.asynchttpclient.netty.request.NettyRequestSender - Using open Channel [id: 0x6cee771b, L:/127.0.0.1:50214 - R:localhost/127.0.0.1:6675] for POST '/session/f8f968e6cd8c9c85dc479de93ebc5475/element'
11:12:13.514 [AsyncHttpClient-1-2] DEBUG org.asynchttpclient.netty.handler.HttpHandler - 

Request DefaultHttpRequest(decodeResult: success, version: HTTP/1.1)
POST /session/f8f968e6cd8c9c85dc479de93ebc5475/element HTTP/1.1
User-Agent: selenium/4.8.1 (java windows)
Content-Length: 63
Content-Type: application/json; charset=utf-8
host: localhost:6675
accept: */*

Response DefaultHttpResponse(decodeResult: success, version: HTTP/1.1)
HTTP/1.1 200 OK
Content-Length: 88
Content-Type: application/json; charset=utf-8
cache-control: no-cache

11:12:13.514 [AsyncHttpClient-1-2] DEBUG org.asynchttpclient.netty.channel.ChannelManager - Adding key: http://localhost:6675 for channel [id: 0x6cee771b, L:/127.0.0.1:50214 - R:localhost/127.0.0.1:6675]
11:12:13.518 [Forwarding getElementTagName on session f8f968e6cd8c9c85dc479de93ebc5475 to remote] DEBUG org.asynchttpclient.netty.request.NettyRequestSender - Using pooled Channel '[id: 0x6cee771b, L:/127.0.0.1:50214 - R:localhost/127.0.0.1:6675]' for 'GET' to 'http://localhost:6675/session/f8f968e6cd8c9c85dc479de93ebc5475/element/c8c51cc4-afee-4dde-bb3d-7cc44a9f81cf/name'
11:12:13.519 [Forwarding getElementTagName on session f8f968e6cd8c9c85dc479de93ebc5475 to remote] DEBUG org.asynchttpclient.netty.request.NettyRequestSender - Using open Channel [id: 0x6cee771b, L:/127.0.0.1:50214 - R:localhost/127.0.0.1:6675] for GET '/session/f8f968e6cd8c9c85dc479de93ebc5475/element/c8c51cc4-afee-4dde-bb3d-7cc44a9f81cf/name'
11:12:13.530 [AsyncHttpClient-1-2] DEBUG org.asynchttpclient.netty.handler.HttpHandler - 

Request DefaultFullHttpRequest(decodeResult: success, version: HTTP/1.1, content: EmptyByteBufBE)
GET /session/f8f968e6cd8c9c85dc479de93ebc5475/element/c8c51cc4-afee-4dde-bb3d-7cc44a9f81cf/name HTTP/1.1
User-Agent: selenium/4.8.1 (java windows)
Cache-Control: no-cache
Content-Type: application/json; charset=utf-8
host: localhost:6675
accept: */*

Response DefaultHttpResponse(decodeResult: success, version: HTTP/1.1)
HTTP/1.1 200 OK
Content-Length: 13
Content-Type: application/json; charset=utf-8
cache-control: no-cache

11:12:13.531 [AsyncHttpClient-1-2] DEBUG org.asynchttpclient.netty.channel.ChannelManager - Adding key: http://localhost:6675 for channel [id: 0x6cee771b, L:/127.0.0.1:50214 - R:localhost/127.0.0.1:6675]
11:12:13.534 [Forwarding getElementTagName on session f8f968e6cd8c9c85dc479de93ebc5475 to remote] DEBUG org.asynchttpclient.netty.request.NettyRequestSender - Using pooled Channel '[id: 0x6cee771b, L:/127.0.0.1:50214 - R:localhost/127.0.0.1:6675]' for 'GET' to 'http://localhost:6675/session/f8f968e6cd8c9c85dc479de93ebc5475/element/c8c51cc4-afee-4dde-bb3d-7cc44a9f81cf/name'
11:12:13.534 [Forwarding getElementTagName on session f8f968e6cd8c9c85dc479de93ebc5475 to remote] DEBUG org.asynchttpclient.netty.request.NettyRequestSender - Using open Channel [id: 0x6cee771b, L:/127.0.0.1:50214 - R:localhost/127.0.0.1:6675] for GET '/session/f8f968e6cd8c9c85dc479de93ebc5475/element/c8c51cc4-afee-4dde-bb3d-7cc44a9f81cf/name'
11:12:13.543 [AsyncHttpClient-1-2] DEBUG org.asynchttpclient.netty.handler.HttpHandler - 

Request DefaultFullHttpRequest(decodeResult: success, version: HTTP/1.1, content: EmptyByteBufBE)
GET /session/f8f968e6cd8c9c85dc479de93ebc5475/element/c8c51cc4-afee-4dde-bb3d-7cc44a9f81cf/name HTTP/1.1
User-Agent: selenium/4.8.1 (java windows)
Cache-Control: no-cache
Content-Type: application/json; charset=utf-8
host: localhost:6675
accept: */*

Response DefaultHttpResponse(decodeResult: success, version: HTTP/1.1)
HTTP/1.1 200 OK
Content-Length: 13
Content-Type: application/json; charset=utf-8
cache-control: no-cache

11:12:13.543 [AsyncHttpClient-1-2] DEBUG org.asynchttpclient.netty.channel.ChannelManager - Adding key: http://localhost:6675 for channel [id: 0x6cee771b, L:/127.0.0.1:50214 - R:localhost/127.0.0.1:6675]
11:12:13.549 [Forwarding findElement on session f8f968e6cd8c9c85dc479de93ebc5475 to remote] DEBUG org.asynchttpclient.netty.request.NettyRequestSender - Using pooled Channel '[id: 0x6cee771b, L:/127.0.0.1:50214 - R:localhost/127.0.0.1:6675]' for 'POST' to 'http://localhost:6675/session/f8f968e6cd8c9c85dc479de93ebc5475/element'
11:12:13.549 [Forwarding findElement on session f8f968e6cd8c9c85dc479de93ebc5475 to remote] DEBUG org.asynchttpclient.netty.request.NettyRequestSender - Using open Channel [id: 0x6cee771b, L:/127.0.0.1:50214 - R:localhost/127.0.0.1:6675] for POST '/session/f8f968e6cd8c9c85dc479de93ebc5475/element'
11:12:13.567 [AsyncHttpClient-1-2] DEBUG org.asynchttpclient.netty.handler.HttpHandler - 

Request DefaultHttpRequest(decodeResult: success, version: HTTP/1.1)
POST /session/f8f968e6cd8c9c85dc479de93ebc5475/element HTTP/1.1
User-Agent: selenium/4.8.1 (java windows)
Content-Length: 63
Content-Type: application/json; charset=utf-8
host: localhost:6675
accept: */*

Response DefaultHttpResponse(decodeResult: success, version: HTTP/1.1)
HTTP/1.1 200 OK
Content-Length: 88
Content-Type: application/json; charset=utf-8
cache-control: no-cache

11:12:13.567 [AsyncHttpClient-1-2] DEBUG org.asynchttpclient.netty.channel.ChannelManager - Adding key: http://localhost:6675 for channel [id: 0x6cee771b, L:/127.0.0.1:50214 - R:localhost/127.0.0.1:6675]
11:12:13.570 [Forwarding clickElement on session f8f968e6cd8c9c85dc479de93ebc5475 to remote] DEBUG org.asynchttpclient.netty.request.NettyRequestSender - Using pooled Channel '[id: 0x6cee771b, L:/127.0.0.1:50214 - R:localhost/127.0.0.1:6675]' for 'POST' to 'http://localhost:6675/session/f8f968e6cd8c9c85dc479de93ebc5475/element/c8c51cc4-afee-4dde-bb3d-7cc44a9f81cf/click'
11:12:13.570 [Forwarding clickElement on session f8f968e6cd8c9c85dc479de93ebc5475 to remote] DEBUG org.asynchttpclient.netty.request.NettyRequestSender - Using open Channel [id: 0x6cee771b, L:/127.0.0.1:50214 - R:localhost/127.0.0.1:6675] for POST '/session/f8f968e6cd8c9c85dc479de93ebc5475/element/c8c51cc4-afee-4dde-bb3d-7cc44a9f81cf/click'
11:12:13.670 [AsyncHttpClient-1-2] DEBUG org.asynchttpclient.netty.handler.HttpHandler - 

Request DefaultHttpRequest(decodeResult: success, version: HTTP/1.1)
POST /session/f8f968e6cd8c9c85dc479de93ebc5475/element/c8c51cc4-afee-4dde-bb3d-7cc44a9f81cf/click HTTP/1.1
User-Agent: selenium/4.8.1 (java windows)
Content-Length: 50
Content-Type: application/json; charset=utf-8
host: localhost:6675
accept: */*

Response DefaultHttpResponse(decodeResult: success, version: HTTP/1.1)
HTTP/1.1 200 OK
Content-Length: 14
Content-Type: application/json; charset=utf-8
cache-control: no-cache

11:12:13.670 [AsyncHttpClient-1-2] DEBUG org.asynchttpclient.netty.channel.ChannelManager - Adding key: http://localhost:6675 for channel [id: 0x6cee771b, L:/127.0.0.1:50214 - R:localhost/127.0.0.1:6675]
11:12:13.692 [Forwarding getAlertText on session f8f968e6cd8c9c85dc479de93ebc5475 to remote] DEBUG org.asynchttpclient.netty.request.NettyRequestSender - Using pooled Channel '[id: 0x6cee771b, L:/127.0.0.1:50214 - R:localhost/127.0.0.1:6675]' for 'GET' to 'http://localhost:6675/session/f8f968e6cd8c9c85dc479de93ebc5475/alert/text'
11:12:13.692 [Forwarding getAlertText on session f8f968e6cd8c9c85dc479de93ebc5475 to remote] DEBUG org.asynchttpclient.netty.request.NettyRequestSender - Using open Channel [id: 0x6cee771b, L:/127.0.0.1:50214 - R:localhost/127.0.0.1:6675] for GET '/session/f8f968e6cd8c9c85dc479de93ebc5475/alert/text'
11:12:13.696 [AsyncHttpClient-1-2] DEBUG org.asynchttpclient.netty.handler.HttpHandler - 

Request DefaultFullHttpRequest(decodeResult: success, version: HTTP/1.1, content: EmptyByteBufBE)
GET /session/f8f968e6cd8c9c85dc479de93ebc5475/alert/text HTTP/1.1
User-Agent: selenium/4.8.1 (java windows)
Cache-Control: no-cache
Content-Type: application/json; charset=utf-8
host: localhost:6675
accept: */*

Response DefaultHttpResponse(decodeResult: success, version: HTTP/1.1)
HTTP/1.1 404 Not Found
Content-Length: 836
Content-Type: application/json; charset=utf-8
cache-control: no-cache

11:12:13.696 [AsyncHttpClient-1-2] DEBUG org.asynchttpclient.netty.channel.ChannelManager - Adding key: http://localhost:6675 for channel [id: 0x6cee771b, L:/127.0.0.1:50214 - R:localhost/127.0.0.1:6675]
11:12:13.701 [Forwarding getCurrentUrl on session f8f968e6cd8c9c85dc479de93ebc5475 to remote] DEBUG org.asynchttpclient.netty.request.NettyRequestSender - Using pooled Channel '[id: 0x6cee771b, L:/127.0.0.1:50214 - R:localhost/127.0.0.1:6675]' for 'GET' to 'http://localhost:6675/session/f8f968e6cd8c9c85dc479de93ebc5475/url'
11:12:13.701 [Forwarding getCurrentUrl on session f8f968e6cd8c9c85dc479de93ebc5475 to remote] DEBUG org.asynchttpclient.netty.request.NettyRequestSender - Using open Channel [id: 0x6cee771b, L:/127.0.0.1:50214 - R:localhost/127.0.0.1:6675] for GET '/session/f8f968e6cd8c9c85dc479de93ebc5475/url'
11:12:13.711 [AsyncHttpClient-1-2] DEBUG org.asynchttpclient.netty.handler.HttpHandler - 

Request DefaultFullHttpRequest(decodeResult: success, version: HTTP/1.1, content: EmptyByteBufBE)
GET /session/f8f968e6cd8c9c85dc479de93ebc5475/url HTTP/1.1
User-Agent: selenium/4.8.1 (java windows)
Cache-Control: no-cache
Content-Type: application/json; charset=utf-8
host: localhost:6675
accept: */*

Response DefaultHttpResponse(decodeResult: success, version: HTTP/1.1)
HTTP/1.1 200 OK
Content-Length: 47
Content-Type: application/json; charset=utf-8
cache-control: no-cache

11:12:13.711 [AsyncHttpClient-1-2] DEBUG org.asynchttpclient.netty.channel.ChannelManager - Adding key: http://localhost:6675 for channel [id: 0x6cee771b, L:/127.0.0.1:50214 - R:localhost/127.0.0.1:6675]
11:12:13.714 [Forwarding screenshot on session f8f968e6cd8c9c85dc479de93ebc5475 to remote] DEBUG org.asynchttpclient.netty.request.NettyRequestSender - Using pooled Channel '[id: 0x6cee771b, L:/127.0.0.1:50214 - R:localhost/127.0.0.1:6675]' for 'GET' to 'http://localhost:6675/session/f8f968e6cd8c9c85dc479de93ebc5475/screenshot'
11:12:13.714 [Forwarding screenshot on session f8f968e6cd8c9c85dc479de93ebc5475 to remote] DEBUG org.asynchttpclient.netty.request.NettyRequestSender - Using open Channel [id: 0x6cee771b, L:/127.0.0.1:50214 - R:localhost/127.0.0.1:6675] for GET '/session/f8f968e6cd8c9c85dc479de93ebc5475/screenshot'
11:12:13.968 [AsyncHttpClient-1-1] DEBUG org.asynchttpclient.netty.channel.DefaultChannelPool - Entry count for : http://localhost:50215 : 1
11:12:13.968 [AsyncHttpClient-1-2] DEBUG org.asynchttpclient.netty.handler.HttpHandler - 

Request DefaultFullHttpRequest(decodeResult: success, version: HTTP/1.1, content: EmptyByteBufBE)
GET /session/f8f968e6cd8c9c85dc479de93ebc5475/screenshot HTTP/1.1
User-Agent: selenium/4.8.1 (java windows)
Cache-Control: no-cache
Content-Type: application/json; charset=utf-8
host: localhost:6675
accept: */*

Response DefaultHttpResponse(decodeResult: success, version: HTTP/1.1)
HTTP/1.1 200 OK
Content-Length: 82608
Content-Type: application/json; charset=utf-8
cache-control: no-cache

11:12:13.970 [AsyncHttpClient-1-2] DEBUG org.asynchttpclient.netty.channel.ChannelManager - Adding key: http://localhost:6675 for channel [id: 0x6cee771b, L:/127.0.0.1:50214 - R:localhost/127.0.0.1:6675]
11:12:13.981 [main] DEBUG net.serenitybdd.core.photography.Darkroom - Send negative for processing for target\site\serenity\82c7d35d580490904c145f05e67ff372f7d032b8096553ee92faaf7f3ee71a2d.png
11:12:13.982 [main] DEBUG net.thucydides.core.steps.StepInterceptor - STEP DONE: clickCartIcon
  &amp#27;[32mThen &amp#27;[0m&amp#27;[32mthe item should be added to my cart&amp#27;[0m   &amp#27;[90m# starter.stepdefinitions.AddToCartSteps.validateTheProductHasBeenAdded()&amp#27;[0m
11:12:14.012 [main] INFO  - 
  _____   ___   ___   _____     ___     _     ___   ___   ___   ___  
 |_   _| | __| / __| |_   _|   | _ \   /_\   / __| / __| | __| |   \ 
   | |   | _|  \__ \   | |     |  _/  / _ \  \__ \ \__ \ | _|  | |) |
   |_|   |___| |___/   |_|     |_|   /_/ \_\ |___/ |___/ |___| |___/ 

User Successfully add item to cart
----------------------------------------------------------------------
11:12:14.256 [Driver Command Executor] DEBUG org.asynchttpclient.netty.request.NettyRequestSender - Using pooled Channel '[id: 0x6cee771b, L:/127.0.0.1:50214 - R:localhost/127.0.0.1:6675]' for 'DELETE' to 'http://localhost:6675/session/f8f968e6cd8c9c85dc479de93ebc5475'
11:12:14.256 [Driver Command Executor] DEBUG org.asynchttpclient.netty.request.NettyRequestSender - Using open Channel [id: 0x6cee771b, L:/127.0.0.1:50214 - R:localhost/127.0.0.1:6675] for DELETE '/session/f8f968e6cd8c9c85dc479de93ebc5475'
11:12:14.393 [AsyncHttpClient-1-3] DEBUG org.asynchttpclient.netty.handler.HttpHandler - Unexpected I/O exception on channel [id: 0xf6fd882f, L:/127.0.0.1:50220 - R:localhost/127.0.0.1:50215]
java.net.SocketException: Connection reset
	at java.base/sun.nio.ch.SocketChannelImpl.throwConnectionReset(SocketChannelImpl.java:394)
	at java.base/sun.nio.ch.SocketChannelImpl.read(SocketChannelImpl.java:426)
	at io.netty.buffer.PooledByteBuf.setBytes(PooledByteBuf.java:259)
	at io.netty.buffer.AbstractByteBuf.writeBytes(AbstractByteBuf.java:1132)
	at io.netty.channel.socket.nio.NioSocketChannel.doReadBytes(NioSocketChannel.java:357)
	at io.netty.channel.nio.AbstractNioByteChannel$NioByteUnsafe.read(AbstractNioByteChannel.java:151)
	at io.netty.channel.nio.NioEventLoop.processSelectedKey(NioEventLoop.java:788)
	at io.netty.channel.nio.NioEventLoop.processSelectedKeysOptimized(NioEventLoop.java:724)
	at io.netty.channel.nio.NioEventLoop.processSelectedKeys(NioEventLoop.java:650)
	at io.netty.channel.nio.NioEventLoop.run(NioEventLoop.java:562)
	at io.netty.util.concurrent.SingleThreadEventExecutor$4.run(SingleThreadEventExecutor.java:997)
	at io.netty.util.internal.ThreadExecutorMap$2.run(ThreadExecutorMap.java:74)
	at io.netty.util.concurrent.FastThreadLocalRunnable.run(FastThreadLocalRunnable.java:30)
	at java.base/java.lang.Thread.run(Thread.java:833)
11:12:14.393 [AsyncHttpClient-1-4] DEBUG org.asynchttpclient.netty.handler.WebSocketHandler - Unexpected I/O exception on channel [id: 0x278cd0db, L:/127.0.0.1:50221 - R:localhost/127.0.0.1:50215]
java.net.SocketException: Connection reset
	at java.base/sun.nio.ch.SocketChannelImpl.throwConnectionReset(SocketChannelImpl.java:394)
	at java.base/sun.nio.ch.SocketChannelImpl.read(SocketChannelImpl.java:426)
	at io.netty.buffer.PooledByteBuf.setBytes(PooledByteBuf.java:259)
	at io.netty.buffer.AbstractByteBuf.writeBytes(AbstractByteBuf.java:1132)
	at io.netty.channel.socket.nio.NioSocketChannel.doReadBytes(NioSocketChannel.java:357)
	at io.netty.channel.nio.AbstractNioByteChannel$NioByteUnsafe.read(AbstractNioByteChannel.java:151)
	at io.netty.channel.nio.NioEventLoop.processSelectedKey(NioEventLoop.java:788)
	at io.netty.channel.nio.NioEventLoop.processSelectedKeysOptimized(NioEventLoop.java:724)
	at io.netty.channel.nio.NioEventLoop.processSelectedKeys(NioEventLoop.java:650)
	at io.netty.channel.nio.NioEventLoop.run(NioEventLoop.java:562)
	at io.netty.util.concurrent.SingleThreadEventExecutor$4.run(SingleThreadEventExecutor.java:997)
	at io.netty.util.internal.ThreadExecutorMap$2.run(ThreadExecutorMap.java:74)
	at io.netty.util.concurrent.FastThreadLocalRunnable.run(FastThreadLocalRunnable.java:30)
	at java.base/java.lang.Thread.run(Thread.java:833)
11:12:14.393 [AsyncHttpClient-1-3] DEBUG org.asynchttpclient.netty.channel.ChannelManager - Closing Channel [id: 0xf6fd882f, L:/127.0.0.1:50220 - R:localhost/127.0.0.1:50215] 
11:12:14.396 [AsyncHttpClient-1-4] DEBUG org.asynchttpclient.netty.handler.WebSocketHandler - Was unable to recover Future: NettyResponseFuture{currentRetry=0,
	isDone=1,
	isCancelled=0,
	asyncHandler=org.asynchttpclient.ws.WebSocketUpgradeHandler@1150db4d,
	nettyRequest=org.asynchttpclient.netty.request.NettyRequest@2a3ac931,
	future=java.util.concurrent.CompletableFuture@159817df[Completed normally],
	uri=ws://localhost:50215/devtools/browser/22c42b76-0212-4632-ab09-502e765edc42,
	keepAlive=true,
	redirectCount=0,
	timeoutsHolder=null,
	inAuth=0,
	touch=1681013534394}
11:12:14.396 [AsyncHttpClient-1-4] DEBUG org.asynchttpclient.netty.channel.ChannelManager - Closing Channel [id: 0x278cd0db, L:/127.0.0.1:50221 - R:localhost/127.0.0.1:50215] 
11:12:14.397 [AsyncHttpClient-1-4] WARN org.asynchttpclient.netty.handler.WebSocketHandler - onError
java.net.SocketException: Connection reset
	at java.base/sun.nio.ch.SocketChannelImpl.throwConnectionReset(SocketChannelImpl.java:394)
	at java.base/sun.nio.ch.SocketChannelImpl.read(SocketChannelImpl.java:426)
	at io.netty.buffer.PooledByteBuf.setBytes(PooledByteBuf.java:259)
	at io.netty.buffer.AbstractByteBuf.writeBytes(AbstractByteBuf.java:1132)
	at io.netty.channel.socket.nio.NioSocketChannel.doReadBytes(NioSocketChannel.java:357)
	at io.netty.channel.nio.AbstractNioByteChannel$NioByteUnsafe.read(AbstractNioByteChannel.java:151)
	at io.netty.channel.nio.NioEventLoop.processSelectedKey(NioEventLoop.java:788)
	at io.netty.channel.nio.NioEventLoop.processSelectedKeysOptimized(NioEventLoop.java:724)
	at io.netty.channel.nio.NioEventLoop.processSelectedKeys(NioEventLoop.java:650)
	at io.netty.channel.nio.NioEventLoop.run(NioEventLoop.java:562)
	at io.netty.util.concurrent.SingleThreadEventExecutor$4.run(SingleThreadEventExecutor.java:997)
	at io.netty.util.internal.ThreadExecutorMap$2.run(ThreadExecutorMap.java:74)
	at io.netty.util.concurrent.FastThreadLocalRunnable.run(FastThreadLocalRunnable.java:30)
	at java.base/java.lang.Thread.run(Thread.java:833)
11:12:14.399 [AsyncHttpClient-1-3] DEBUG org.asynchttpclient.netty.handler.HttpHandler - Channel Closed: [id: 0xf6fd882f, L:/127.0.0.1:50220 ! R:localhost/127.0.0.1:50215] with attribute DISCARD
11:12:14.400 [AsyncHttpClient-1-4] DEBUG org.asynchttpclient.netty.channel.ChannelManager - Closing Channel [id: 0x278cd0db, L:/127.0.0.1:50221 ! R:localhost/127.0.0.1:50215] 
11:12:14.401 [AsyncHttpClient-1-4] DEBUG org.asynchttpclient.netty.handler.WebSocketHandler - Channel Closed: [id: 0x278cd0db, L:/127.0.0.1:50221 ! R:localhost/127.0.0.1:50215] with attribute DISCARD
11:12:14.431 [AsyncHttpClient-1-2] DEBUG org.asynchttpclient.netty.handler.HttpHandler - 

Request DefaultFullHttpRequest(decodeResult: success, version: HTTP/1.1, content: EmptyByteBufBE)
DELETE /session/f8f968e6cd8c9c85dc479de93ebc5475 HTTP/1.1
User-Agent: selenium/4.8.1 (java windows)
Content-Type: application/json; charset=utf-8
host: localhost:6675
accept: */*

Response DefaultHttpResponse(decodeResult: success, version: HTTP/1.1)
HTTP/1.1 200 OK
Content-Length: 14
Content-Type: application/json; charset=utf-8
cache-control: no-cache

11:12:14.431 [AsyncHttpClient-1-2] DEBUG org.asynchttpclient.netty.channel.ChannelManager - Adding key: http://localhost:6675 for channel [id: 0x6cee771b, L:/127.0.0.1:50214 - R:localhost/127.0.0.1:6675]
11:12:14.519 [AsyncHttpClient-1-2] DEBUG org.asynchttpclient.netty.handler.HttpHandler - Channel Closed: [id: 0x6cee771b, L:/127.0.0.1:50214 ! R:localhost/127.0.0.1:6675] with attribute DISCARD
]]></system-out>
    <system-err><![CDATA[Starting ChromeDriver 111.0.5563.64 (c710e93d5b63b7095afe8c2c17df34408078439d-refs/branch-heads/5563@{#995}) on port 6675
Only local connections are allowed.
Please see https://chromedriver.chromium.org/security-considerations for suggestions on keeping ChromeDriver safe.
ChromeDriver was started successfully.
Apr 09, 2023 11:11:51 AM org.openqa.selenium.devtools.CdpVersionFinder findNearestMatch
WARNING: Unable to find an exact match for CDP version 111, so returning the closest version found: 110
Apr 09, 2023 11:12:14 AM org.openqa.selenium.remote.http.WebSocket$Listener onError
WARNING: Connection reset
java.net.SocketException: Connection reset
	at java.base/sun.nio.ch.SocketChannelImpl.throwConnectionReset(SocketChannelImpl.java:394)
	at java.base/sun.nio.ch.SocketChannelImpl.read(SocketChannelImpl.java:426)
	at io.netty.buffer.PooledByteBuf.setBytes(PooledByteBuf.java:259)
	at io.netty.buffer.AbstractByteBuf.writeBytes(AbstractByteBuf.java:1132)
	at io.netty.channel.socket.nio.NioSocketChannel.doReadBytes(NioSocketChannel.java:357)
	at io.netty.channel.nio.AbstractNioByteChannel$NioByteUnsafe.read(AbstractNioByteChannel.java:151)
	at io.netty.channel.nio.NioEventLoop.processSelectedKey(NioEventLoop.java:788)
	at io.netty.channel.nio.NioEventLoop.processSelectedKeysOptimized(NioEventLoop.java:724)
	at io.netty.channel.nio.NioEventLoop.processSelectedKeys(NioEventLoop.java:650)
	at io.netty.channel.nio.NioEventLoop.run(NioEventLoop.java:562)
	at io.netty.util.concurrent.SingleThreadEventExecutor$4.run(SingleThreadEventExecutor.java:997)
	at io.netty.util.internal.ThreadExecutorMap$2.run(ThreadExecutorMap.java:74)
	at io.netty.util.concurrent.FastThreadLocalRunnable.run(FastThreadLocalRunnable.java:30)
	at java.base/java.lang.Thread.run(Thread.java:833)

]]></system-err>
  </testcase>
  <testcase name="User cannot checkout without providing postal code" classname="Checkout" time="0.3">
    <system-out><![CDATA[11:12:14.571 [main] DEBUG io.cucumber.core.plugin.SerenityReporter - Running feature from file:///C:/Users/Bunayya%20Zulfikar/Documents/GitHub/QE_Refano-Saputra/11_Web_Programming_&_Testing/praktikum/Web_Testing/Prioritas1/alta/src/test/resources/features/Checkout.feature
11:12:14.574 [main] DEBUG net.thucydides.core.steps.StepEventBus - Test suite started for story net.thucydides.core.model.Story@65fd1e8
11:12:14.574 [main] INFO  - Test Suite Started: Checkout

Scenario: User cannot checkout without providing postal code &amp#27;[90m# src/test/resources/features/Checkout.feature:3&amp#27;[0m
11:12:14.587 [main] DEBUG io.cucumber.core.plugin.SerenityReporter - Running feature from file:///C:/Users/Bunayya%20Zulfikar/Documents/GitHub/QE_Refano-Saputra/11_Web_Programming_&_Testing/praktikum/Web_Testing/Prioritas1/alta/src/test/resources/features/Checkout.feature
11:12:14.590 [main] INFO  - 
  _____   ___   ___   _____     ___   _____     _     ___   _____   ___   ___  
 |_   _| | __| / __| |_   _|   / __| |_   _|   /_\   | _ \ |_   _| | __| |   \ 
   | |   | _|  \__ \   | |     \__ \   | |    / _ \  |   /   | |   | _|  | |) |
   |_|   |___| |___/   |_|     |___/   |_|   /_/ \_\ |_|_\   |_|   |___| |___/ 

User cannot checkout without providing postal code(checkout;user-cannot-checkout-without-providing-postal-code)
--------------------------------------------------------------------------------
11:12:14.792 [main] DEBUG net.thucydides.core.steps.StepInterceptor - STARTING STEP: CartSteps.onTheCartPage - validateOnCartPage
11:12:14.800 [main] DEBUG net.thucydides.core.steps.StepInterceptor - STEP DONE: validateOnCartPage
  &amp#27;[32mGiven &amp#27;[0m&amp#27;[32mI am on the shopping cart page&amp#27;[0m                       &amp#27;[90m# starter.stepdefinitions.CartSteps.onTheCartPage()&amp#27;[0m
11:12:14.808 [main] DEBUG net.thucydides.core.steps.StepInterceptor - STARTING STEP: CartSteps.clickCheckoutButton - clickCheckoutButton
11:12:14.815 [main] DEBUG net.thucydides.core.steps.StepInterceptor - STEP DONE: clickCheckoutButton
  &amp#27;[32mWhen &amp#27;[0m&amp#27;[32mI click on checkout button&amp#27;[0m                            &amp#27;[90m# starter.stepdefinitions.CartSteps.clickCheckoutButton()&amp#27;[0m
11:12:14.824 [main] DEBUG net.thucydides.core.steps.StepInterceptor - STARTING STEP: CartSteps.inputMyInformation - inputFirstName
11:12:14.826 [main] DEBUG net.thucydides.core.steps.StepInterceptor - STEP DONE: inputFirstName
11:12:14.832 [main] DEBUG net.thucydides.core.steps.StepInterceptor - STARTING STEP: CartSteps.inputMyInformation - inputLastName
11:12:14.837 [main] DEBUG net.thucydides.core.steps.StepInterceptor - STEP DONE: inputLastName
11:12:14.840 [main] DEBUG net.thucydides.core.steps.StepInterceptor - STARTING STEP: CartSteps.inputMyInformation - inputPostalCode
11:12:14.842 [main] DEBUG net.thucydides.core.steps.StepInterceptor - STEP DONE: inputPostalCode
  &amp#27;[32mAnd &amp#27;[0m&amp#27;[32mI do not provide postal code&amp#27;[0m                           &amp#27;[90m# starter.stepdefinitions.CartSteps.inputMyInformation()&amp#27;[0m
11:12:14.849 [main] DEBUG net.thucydides.core.steps.StepInterceptor - STARTING STEP: CartSteps.clickContinueButton - clickContinueButton
11:12:14.863 [main] DEBUG net.thucydides.core.steps.StepInterceptor - STEP DONE: clickContinueButton
  &amp#27;[32mAnd &amp#27;[0m&amp#27;[32mI click on continue button&amp#27;[0m                             &amp#27;[90m# starter.stepdefinitions.CartSteps.clickContinueButton()&amp#27;[0m
11:12:14.870 [main] DEBUG net.thucydides.core.steps.StepInterceptor - STARTING STEP: CartSteps.errorMessageDisplayed - errorMessageDisplayed
11:12:14.872 [main] DEBUG net.thucydides.core.steps.StepInterceptor - STEP DONE: errorMessageDisplayed
  &amp#27;[32mThen &amp#27;[0m&amp#27;[32mI should see an error message for missing postal code&amp#27;[0m &amp#27;[90m# starter.stepdefinitions.CartSteps.errorMessageDisplayed()&amp#27;[0m
11:12:14.876 [main] INFO  - 
  _____   ___   ___   _____     ___     _     ___   ___   ___   ___  
 |_   _| | __| / __| |_   _|   | _ \   /_\   / __| / __| | __| |   \ 
   | |   | _|  \__ \   | |     |  _/  / _ \  \__ \ \__ \ | _|  | |) |
   |_|   |___| |___/   |_|     |_|   /_/ \_\ |___/ |___/ |___| |___/ 

User cannot checkout without providing postal code
----------------------------------------------------------------------
]]></system-out>
  </testcase>
  <testcase name="Logout after completing checkout" classname="Logout after checkout" time="0.117">
    <system-out><![CDATA[11:12:14.878 [main] DEBUG io.cucumber.core.plugin.SerenityReporter - Running feature from file:///C:/Users/Bunayya%20Zulfikar/Documents/GitHub/QE_Refano-Saputra/11_Web_Programming_&_Testing/praktikum/Web_Testing/Prioritas1/alta/src/test/resources/features/Logout.feature
11:12:14.883 [main] DEBUG net.thucydides.core.steps.StepEventBus - Test suite started for story net.thucydides.core.model.Story@827fa538
11:12:14.883 [main] INFO  - Test Suite Started: Logout after checkout

Scenario: Logout after completing checkout                                   &amp#27;[90m# src/test/resources/features/Logout.feature:6&amp#27;[0m
11:12:14.894 [main] DEBUG io.cucumber.core.plugin.SerenityReporter - Running feature from file:///C:/Users/Bunayya%20Zulfikar/Documents/GitHub/QE_Refano-Saputra/11_Web_Programming_&_Testing/praktikum/Web_Testing/Prioritas1/alta/src/test/resources/features/Logout.feature
11:12:14.897 [main] INFO  - 
  _____   ___   ___   _____     ___   _____     _     ___   _____   ___   ___  
 |_   _| | __| / __| |_   _|   / __| |_   _|   /_\   | _ \ |_   _| | __| |   \ 
   | |   | _|  \__ \   | |     \__ \   | |    / _ \  |   /   | |   | _|  | |) |
   |_|   |___| |___/   |_|     |___/   |_|   /_/ \_\ |_|_\   |_|   |___| |___/ 

Logout after completing checkout(logout-after-checkout;logout-after-completing-checkout)
--------------------------------------------------------------------------------
11:12:14.939 [main] DEBUG net.thucydides.core.steps.StepInterceptor - STARTING STEP: LogoutSteps.onTheCartPage - validateOnCartPage
11:12:14.941 [main] DEBUG net.thucydides.core.steps.StepInterceptor - STEP DONE: validateOnCartPage
  &amp#27;[32mGiven &amp#27;[0m&amp#27;[32mI am on the checkout page&amp#27;[0m                                            &amp#27;[90m# starter.stepdefinitions.LogoutSteps.onTheCartPage()&amp#27;[0m
11:12:14.949 [main] DEBUG net.thucydides.core.steps.StepInterceptor - STARTING STEP: LogoutSteps.validateCompleteCheckout - validateCompleteCheckout
11:12:14.951 [main] DEBUG net.thucydides.core.steps.StepInterceptor - STEP DONE: validateCompleteCheckout
  &amp#27;[32mWhen &amp#27;[0m&amp#27;[32mI have completed the checkout process&amp#27;[0m                                 &amp#27;[90m# starter.stepdefinitions.LogoutSteps.validateCompleteCheckout()&amp#27;[0m
11:12:14.957 [main] DEBUG net.thucydides.core.steps.StepInterceptor - STARTING STEP: LogoutSteps.clickBackHome - clickBackHome
11:12:14.961 [main] DEBUG net.thucydides.core.steps.StepInterceptor - STEP DONE: clickBackHome
  &amp#27;[32mAnd &amp#27;[0m&amp#27;[32mI click on the Back Home button&amp#27;[0m                                        &amp#27;[90m# starter.stepdefinitions.LogoutSteps.clickBackHome()&amp#27;[0m
11:12:14.967 [main] DEBUG net.thucydides.core.steps.StepInterceptor - STARTING STEP: LogoutSteps.clickMenuButton - clickMenuButton
11:12:14.972 [main] DEBUG net.thucydides.core.steps.StepInterceptor - STEP DONE: clickMenuButton
  &amp#27;[32mAnd &amp#27;[0m&amp#27;[32mI click on the Menu button&amp#27;[0m                                             &amp#27;[90m# starter.stepdefinitions.LogoutSteps.clickMenuButton()&amp#27;[0m
11:12:14.978 [main] DEBUG net.thucydides.core.steps.StepInterceptor - STARTING STEP: LogoutSteps.clickLogoutButton - clickLogoutButton
11:12:14.983 [main] DEBUG net.thucydides.core.steps.StepInterceptor - STEP DONE: clickLogoutButton
  &amp#27;[32mAnd &amp#27;[0m&amp#27;[32mI click on the Logout button&amp#27;[0m                                           &amp#27;[90m# starter.stepdefinitions.LogoutSteps.clickLogoutButton()&amp#27;[0m
11:12:14.990 [main] DEBUG net.thucydides.core.steps.StepInterceptor - STARTING STEP: LogoutSteps.validateOnLoginPage - validateOnLoginPage
11:12:14.995 [main] DEBUG net.thucydides.core.steps.StepInterceptor - STEP DONE: validateOnLoginPage
  &amp#27;[32mThen &amp#27;[0m&amp#27;[32mI should be logged out of my account and redirected to the login page&amp#27;[0m &amp#27;[90m# starter.stepdefinitions.LogoutSteps.validateOnLoginPage()&amp#27;[0m
11:12:15.000 [main] INFO  - 
  _____   ___   ___   _____     ___     _     ___   ___   ___   ___  
 |_   _| | __| / __| |_   _|   | _ \   /_\   / __| / __| | __| |   \ 
   | |   | _|  \__ \   | |     |  _/  / _ \  \__ \ \__ \ | _|  | |) |
   |_|   |___| |___/   |_|     |_|   /_/ \_\ |___/ |___/ |___| |___/ 

Logout after completing checkout
----------------------------------------------------------------------
]]></system-out>
  </testcase>
</testsuite>