<?xml version="1.0" encoding="UTF-8"?>
<testsuite xmlns:xsi="http://www.w3.org/2001/XMLSchema-instance" xsi:noNamespaceSchemaLocation="https://maven.apache.org/surefire/maven-failsafe-plugin/xsd/failsafe-test-report-3.0.xsd" version="3.0" name="starter.CucumberTestSuite" time="40.825" tests="6" errors="4" skipped="0" failures="0">
  <properties>
    <property name="java.specification.version" value="18"/>
    <property name="webdriver.chrome.driver" value="src/test/resources/webdriver/chromedriver.exe"/>
    <property name="sun.cpu.isalist" value="amd64"/>
    <property name="sun.jnu.encoding" value="Cp1252"/>
    <property name="java.class.path" value="C:\Users\Bunayya Zulfikar\Downloads\Compressed\zip\Prioritas2\alta\target\test-classes;C:\Users\Bunayya Zulfikar\.m2\repository\net\serenity-bdd\serenity-core\3.6.21\serenity-core-3.6.21.jar;C:\Users\Bunayya Zulfikar\.m2\repository\net\serenity-bdd\serenity-model\3.6.21\serenity-model-3.6.21.jar;C:\Users\Bunayya Zulfikar\.m2\repository\org\apache\commons\commons-text\1.10.0\commons-text-1.10.0.jar;C:\Users\Bunayya Zulfikar\.m2\repository\commons-net\commons-net\3.9.0\commons-net-3.9.0.jar;C:\Users\Bunayya Zulfikar\.m2\repository\com\google\guava\guava\31.1-jre\guava-31.1-jre.jar;C:\Users\Bunayya Zulfikar\.m2\repository\com\google\guava\failureaccess\1.0.1\failureaccess-1.0.1.jar;C:\Users\Bunayya Zulfikar\.m2\repository\com\google\guava\listenablefuture\9999.0-empty-to-avoid-conflict-with-guava\listenablefuture-9999.0-empty-to-avoid-conflict-with-guava.jar;C:\Users\Bunayya Zulfikar\.m2\repository\com\google\code\findbugs\jsr305\3.0.2\jsr305-3.0.2.jar;C:\Users\Bunayya Zulfikar\.m2\repository\org\checkerframework\checker-qual\3.12.0\checker-qual-3.12.0.jar;C:\Users\Bunayya Zulfikar\.m2\repository\com\google\errorprone\error_prone_annotations\2.11.0\error_prone_annotations-2.11.0.jar;C:\Users\Bunayya Zulfikar\.m2\repository\com\google\j2objc\j2objc-annotations\1.3\j2objc-annotations-1.3.jar;C:\Users\Bunayya Zulfikar\.m2\repository\com\google\inject\guice\5.1.0\guice-5.1.0.jar;C:\Users\Bunayya Zulfikar\.m2\repository\javax\inject\javax.inject\1\javax.inject-1.jar;C:\Users\Bunayya Zulfikar\.m2\repository\aopalliance\aopalliance\1.0\aopalliance-1.0.jar;C:\Users\Bunayya Zulfikar\.m2\repository\org\jsoup\jsoup\1.14.3\jsoup-1.14.3.jar;C:\Users\Bunayya Zulfikar\.m2\repository\com\thoughtworks\xstream\xstream\1.4.20\xstream-1.4.20.jar;C:\Users\Bunayya Zulfikar\.m2\repository\io\github\x-stream\mxparser\1.2.2\mxparser-1.2.2.jar;C:\Users\Bunayya Zulfikar\.m2\repository\xmlpull\xmlpull\1.1.3.1\xmlpull-1.1.3.1.jar;C:\Users\Bunayya Zulfikar\.m2\repository\com\typesafe\config\1.4.2\config-1.4.2.jar;C:\Users\Bunayya Zulfikar\.m2\repository\org\imgscalr\imgscalr-lib\4.2\imgscalr-lib-4.2.jar;C:\Users\Bunayya Zulfikar\.m2\repository\org\awaitility\awaitility\4.2.0\awaitility-4.2.0.jar;C:\Users\Bunayya Zulfikar\.m2\repository\org\freemarker\freemarker\2.3.31\freemarker-2.3.31.jar;C:\Users\Bunayya Zulfikar\.m2\repository\io\github\classgraph\classgraph\4.8.138\classgraph-4.8.138.jar;C:\Users\Bunayya Zulfikar\.m2\repository\net\sourceforge\jexcelapi\jxl\2.6.12\jxl-2.6.12.jar;C:\Users\Bunayya Zulfikar\.m2\repository\net\bytebuddy\byte-buddy-agent\1.14.2\byte-buddy-agent-1.14.2.jar;C:\Users\Bunayya Zulfikar\.m2\repository\org\objenesis\objenesis\3.3\objenesis-3.3.jar;C:\Users\Bunayya Zulfikar\.m2\repository\net\serenity-bdd\serenity-reports\3.6.21\serenity-reports-3.6.21.jar;C:\Users\Bunayya Zulfikar\.m2\repository\net\serenity-bdd\serenity-stats\3.6.21\serenity-stats-3.6.21.jar;C:\Users\Bunayya Zulfikar\.m2\repository\net\serenity-bdd\serenity-reports-configuration\3.6.21\serenity-reports-configuration-3.6.21.jar;C:\Users\Bunayya Zulfikar\.m2\repository\com\vladsch\flexmark\flexmark-all\0.62.2\flexmark-all-0.62.2.jar;C:\Users\Bunayya Zulfikar\.m2\repository\com\vladsch\flexmark\flexmark\0.62.2\flexmark-0.62.2.jar;C:\Users\Bunayya Zulfikar\.m2\repository\com\vladsch\flexmark\flexmark-ext-abbreviation\0.62.2\flexmark-ext-abbreviation-0.62.2.jar;C:\Users\Bunayya Zulfikar\.m2\repository\com\vladsch\flexmark\flexmark-util\0.62.2\flexmark-util-0.62.2.jar;C:\Users\Bunayya Zulfikar\.m2\repository\com\vladsch\flexmark\flexmark-ext-admonition\0.62.2\flexmark-ext-admonition-0.62.2.jar;C:\Users\Bunayya Zulfikar\.m2\repository\com\vladsch\flexmark\flexmark-ext-anchorlink\0.62.2\flexmark-ext-anchorlink-0.62.2.jar;C:\Users\Bunayya Zulfikar\.m2\repository\com\vladsch\flexmark\flexmark-ext-aside\0.62.2\flexmark-ext-aside-0.62.2.jar;C:\Users\Bunayya Zulfikar\.m2\repository\com\vladsch\flexmark\flexmark-ext-attributes\0.62.2\flexmark-ext-attributes-0.62.2.jar;C:\Users\Bunayya Zulfikar\.m2\repository\com\vladsch\flexmark\flexmark-ext-autolink\0.62.2\flexmark-ext-autolink-0.62.2.jar;C:\Users\Bunayya Zulfikar\.m2\repository\org\nibor\autolink\autolink\0.6.0\autolink-0.6.0.jar;C:\Users\Bunayya Zulfikar\.m2\repository\com\vladsch\flexmark\flexmark-ext-definition\0.62.2\flexmark-ext-definition-0.62.2.jar;C:\Users\Bunayya Zulfikar\.m2\repository\com\vladsch\flexmark\flexmark-ext-emoji\0.62.2\flexmark-ext-emoji-0.62.2.jar;C:\Users\Bunayya Zulfikar\.m2\repository\com\vladsch\flexmark\flexmark-ext-enumerated-reference\0.62.2\flexmark-ext-enumerated-reference-0.62.2.jar;C:\Users\Bunayya Zulfikar\.m2\repository\com\vladsch\flexmark\flexmark-ext-escaped-character\0.62.2\flexmark-ext-escaped-character-0.62.2.jar;C:\Users\Bunayya Zulfikar\.m2\repository\com\vladsch\flexmark\flexmark-ext-footnotes\0.62.2\flexmark-ext-footnotes-0.62.2.jar;C:\Users\Bunayya Zulfikar\.m2\repository\com\vladsch\flexmark\flexmark-ext-gfm-issues\0.62.2\flexmark-ext-gfm-issues-0.62.2.jar;C:\Users\Bunayya Zulfikar\.m2\repository\com\vladsch\flexmark\flexmark-ext-gfm-strikethrough\0.62.2\flexmark-ext-gfm-strikethrough-0.62.2.jar;C:\Users\Bunayya Zulfikar\.m2\repository\com\vladsch\flexmark\flexmark-ext-gfm-tasklist\0.62.2\flexmark-ext-gfm-tasklist-0.62.2.jar;C:\Users\Bunayya Zulfikar\.m2\repository\com\vladsch\flexmark\flexmark-ext-gfm-users\0.62.2\flexmark-ext-gfm-users-0.62.2.jar;C:\Users\Bunayya Zulfikar\.m2\repository\com\vladsch\flexmark\flexmark-ext-gitlab\0.62.2\flexmark-ext-gitlab-0.62.2.jar;C:\Users\Bunayya Zulfikar\.m2\repository\com\vladsch\flexmark\flexmark-ext-jekyll-front-matter\0.62.2\flexmark-ext-jekyll-front-matter-0.62.2.jar;C:\Users\Bunayya Zulfikar\.m2\repository\com\vladsch\flexmark\flexmark-ext-jekyll-tag\0.62.2\flexmark-ext-jekyll-tag-0.62.2.jar;C:\Users\Bunayya Zulfikar\.m2\repository\com\vladsch\flexmark\flexmark-ext-media-tags\0.62.2\flexmark-ext-media-tags-0.62.2.jar;C:\Users\Bunayya Zulfikar\.m2\repository\com\vladsch\flexmark\flexmark-ext-macros\0.62.2\flexmark-ext-macros-0.62.2.jar;C:\Users\Bunayya Zulfikar\.m2\repository\com\vladsch\flexmark\flexmark-ext-ins\0.62.2\flexmark-ext-ins-0.62.2.jar;C:\Users\Bunayya Zulfikar\.m2\repository\com\vladsch\flexmark\flexmark-ext-xwiki-macros\0.62.2\flexmark-ext-xwiki-macros-0.62.2.jar;C:\Users\Bunayya Zulfikar\.m2\repository\com\vladsch\flexmark\flexmark-ext-superscript\0.62.2\flexmark-ext-superscript-0.62.2.jar;C:\Users\Bunayya Zulfikar\.m2\repository\com\vladsch\flexmark\flexmark-ext-tables\0.62.2\flexmark-ext-tables-0.62.2.jar;C:\Users\Bunayya Zulfikar\.m2\repository\com\vladsch\flexmark\flexmark-ext-toc\0.62.2\flexmark-ext-toc-0.62.2.jar;C:\Users\Bunayya Zulfikar\.m2\repository\com\vladsch\flexmark\flexmark-ext-typographic\0.62.2\flexmark-ext-typographic-0.62.2.jar;C:\Users\Bunayya Zulfikar\.m2\repository\com\vladsch\flexmark\flexmark-ext-wikilink\0.62.2\flexmark-ext-wikilink-0.62.2.jar;C:\Users\Bunayya Zulfikar\.m2\repository\com\vladsch\flexmark\flexmark-ext-yaml-front-matter\0.62.2\flexmark-ext-yaml-front-matter-0.62.2.jar;C:\Users\Bunayya Zulfikar\.m2\repository\com\vladsch\flexmark\flexmark-ext-youtube-embedded\0.62.2\flexmark-ext-youtube-embedded-0.62.2.jar;C:\Users\Bunayya Zulfikar\.m2\repository\com\vladsch\flexmark\flexmark-html2md-converter\0.62.2\flexmark-html2md-converter-0.62.2.jar;C:\Users\Bunayya Zulfikar\.m2\repository\com\vladsch\flexmark\flexmark-jira-converter\0.62.2\flexmark-jira-converter-0.62.2.jar;C:\Users\Bunayya Zulfikar\.m2\repository\com\vladsch\flexmark\flexmark-pdf-converter\0.62.2\flexmark-pdf-converter-0.62.2.jar;C:\Users\Bunayya Zulfikar\.m2\repository\com\openhtmltopdf\openhtmltopdf-core\1.0.0\openhtmltopdf-core-1.0.0.jar;C:\Users\Bunayya Zulfikar\.m2\repository\com\openhtmltopdf\openhtmltopdf-pdfbox\1.0.0\openhtmltopdf-pdfbox-1.0.0.jar;C:\Users\Bunayya Zulfikar\.m2\repository\org\apache\pdfbox\pdfbox\2.0.16\pdfbox-2.0.16.jar;C:\Users\Bunayya Zulfikar\.m2\repository\org\apache\pdfbox\fontbox\2.0.16\fontbox-2.0.16.jar;C:\Users\Bunayya Zulfikar\.m2\repository\org\apache\pdfbox\xmpbox\2.0.16\xmpbox-2.0.16.jar;C:\Users\Bunayya Zulfikar\.m2\repository\de\rototor\pdfbox\graphics2d\0.24\graphics2d-0.24.jar;C:\Users\Bunayya Zulfikar\.m2\repository\com\openhtmltopdf\openhtmltopdf-rtl-support\1.0.0\openhtmltopdf-rtl-support-1.0.0.jar;C:\Users\Bunayya Zulfikar\.m2\repository\com\openhtmltopdf\openhtmltopdf-jsoup-dom-converter\1.0.0\openhtmltopdf-jsoup-dom-converter-1.0.0.jar;C:\Users\Bunayya Zulfikar\.m2\repository\com\vladsch\flexmark\flexmark-profile-pegdown\0.62.2\flexmark-profile-pegdown-0.62.2.jar;C:\Users\Bunayya Zulfikar\.m2\repository\com\vladsch\flexmark\flexmark-util-ast\0.62.2\flexmark-util-ast-0.62.2.jar;C:\Users\Bunayya Zulfikar\.m2\repository\com\vladsch\flexmark\flexmark-util-builder\0.62.2\flexmark-util-builder-0.62.2.jar;C:\Users\Bunayya Zulfikar\.m2\repository\com\vladsch\flexmark\flexmark-util-collection\0.62.2\flexmark-util-collection-0.62.2.jar;C:\Users\Bunayya Zulfikar\.m2\repository\com\vladsch\flexmark\flexmark-util-data\0.62.2\flexmark-util-data-0.62.2.jar;C:\Users\Bunayya Zulfikar\.m2\repository\com\vladsch\flexmark\flexmark-util-dependency\0.62.2\flexmark-util-dependency-0.62.2.jar;C:\Users\Bunayya Zulfikar\.m2\repository\com\vladsch\flexmark\flexmark-util-format\0.62.2\flexmark-util-format-0.62.2.jar;C:\Users\Bunayya Zulfikar\.m2\repository\com\vladsch\flexmark\flexmark-util-html\0.62.2\flexmark-util-html-0.62.2.jar;C:\Users\Bunayya Zulfikar\.m2\repository\com\vladsch\flexmark\flexmark-util-misc\0.62.2\flexmark-util-misc-0.62.2.jar;C:\Users\Bunayya Zulfikar\.m2\repository\com\vladsch\flexmark\flexmark-util-options\0.62.2\flexmark-util-options-0.62.2.jar;C:\Users\Bunayya Zulfikar\.m2\repository\com\vladsch\flexmark\flexmark-util-sequence\0.62.2\flexmark-util-sequence-0.62.2.jar;C:\Users\Bunayya Zulfikar\.m2\repository\com\vladsch\flexmark\flexmark-util-visitor\0.62.2\flexmark-util-visitor-0.62.2.jar;C:\Users\Bunayya Zulfikar\.m2\repository\com\vladsch\flexmark\flexmark-youtrack-converter\0.62.2\flexmark-youtrack-converter-0.62.2.jar;C:\Users\Bunayya Zulfikar\.m2\repository\com\ibm\icu\icu4j\72.1\icu4j-72.1.jar;C:\Users\Bunayya Zulfikar\.m2\repository\es\nitaur\markdown\txtmark\0.16\txtmark-0.16.jar;C:\Users\Bunayya Zulfikar\.m2\repository\net\serenity-bdd\serenity-report-resources\3.6.21\serenity-report-resources-3.6.21.jar;C:\Users\Bunayya Zulfikar\.m2\repository\com\google\code\gson\gson\2.10.1\gson-2.10.1.jar;C:\Users\Bunayya Zulfikar\.m2\repository\com\fasterxml\jackson\core\jackson-core\2.15.0-rc1\jackson-core-2.15.0-rc1.jar;C:\Users\Bunayya Zulfikar\.m2\repository\com\fasterxml\jackson\core\jackson-databind\2.15.0-rc1\jackson-databind-2.15.0-rc1.jar;C:\Users\Bunayya Zulfikar\.m2\repository\com\fasterxml\jackson\core\jackson-annotations\2.15.0-rc1\jackson-annotations-2.15.0-rc1.jar;C:\Users\Bunayya Zulfikar\.m2\repository\commons-codec\commons-codec\1.15\commons-codec-1.15.jar;C:\Users\Bunayya Zulfikar\.m2\repository\commons-io\commons-io\2.11.0\commons-io-2.11.0.jar;C:\Users\Bunayya Zulfikar\.m2\repository\org\apache\httpcomponents\httpclient\4.5.13\httpclient-4.5.13.jar;C:\Users\Bunayya Zulfikar\.m2\repository\org\apache\httpcomponents\httpcore\4.4.13\httpcore-4.4.13.jar;C:\Users\Bunayya Zulfikar\.m2\repository\commons-logging\commons-logging\1.2\commons-logging-1.2.jar;C:\Users\Bunayya Zulfikar\.m2\repository\org\seleniumhq\selenium\selenium-java\4.8.1\selenium-java-4.8.1.jar;C:\Users\Bunayya Zulfikar\.m2\repository\org\seleniumhq\selenium\selenium-devtools-v108\4.8.1\selenium-devtools-v108-4.8.1.jar;C:\Users\Bunayya Zulfikar\.m2\repository\org\seleniumhq\selenium\selenium-devtools-v109\4.8.1\selenium-devtools-v109-4.8.1.jar;C:\Users\Bunayya Zulfikar\.m2\repository\org\seleniumhq\selenium\selenium-devtools-v110\4.8.1\selenium-devtools-v110-4.8.1.jar;C:\Users\Bunayya Zulfikar\.m2\repository\org\seleniumhq\selenium\selenium-devtools-v85\4.8.1\selenium-devtools-v85-4.8.1.jar;C:\Users\Bunayya Zulfikar\.m2\repository\org\seleniumhq\selenium\selenium-remote-driver\4.8.1\selenium-remote-driver-4.8.1.jar;C:\Users\Bunayya Zulfikar\.m2\repository\com\beust\jcommander\1.82\jcommander-1.82.jar;C:\Users\Bunayya Zulfikar\.m2\repository\io\netty\netty-buffer\4.1.87.Final\netty-buffer-4.1.87.Final.jar;C:\Users\Bunayya Zulfikar\.m2\repository\io\netty\netty-codec-http\4.1.87.Final\netty-codec-http-4.1.87.Final.jar;C:\Users\Bunayya Zulfikar\.m2\repository\io\netty\netty-codec\4.1.87.Final\netty-codec-4.1.87.Final.jar;C:\Users\Bunayya Zulfikar\.m2\repository\io\netty\netty-handler\4.1.87.Final\netty-handler-4.1.87.Final.jar;C:\Users\Bunayya Zulfikar\.m2\repository\io\netty\netty-common\4.1.87.Final\netty-common-4.1.87.Final.jar;C:\Users\Bunayya Zulfikar\.m2\repository\io\netty\netty-transport-classes-epoll\4.1.87.Final\netty-transport-classes-epoll-4.1.87.Final.jar;C:\Users\Bunayya Zulfikar\.m2\repository\io\netty\netty-transport-classes-kqueue\4.1.87.Final\netty-transport-classes-kqueue-4.1.87.Final.jar;C:\Users\Bunayya Zulfikar\.m2\repository\io\netty\netty-transport-native-epoll\4.1.87.Final\netty-transport-native-epoll-4.1.87.Final.jar;C:\Users\Bunayya Zulfikar\.m2\repository\io\netty\netty-transport-native-kqueue\4.1.87.Final\netty-transport-native-kqueue-4.1.87.Final.jar;C:\Users\Bunayya Zulfikar\.m2\repository\io\netty\netty-transport-native-unix-common\4.1.87.Final\netty-transport-native-unix-common-4.1.87.Final.jar;C:\Users\Bunayya Zulfikar\.m2\repository\io\netty\netty-transport\4.1.87.Final\netty-transport-4.1.87.Final.jar;C:\Users\Bunayya Zulfikar\.m2\repository\io\netty\netty-resolver\4.1.87.Final\netty-resolver-4.1.87.Final.jar;C:\Users\Bunayya Zulfikar\.m2\repository\io\opentelemetry\opentelemetry-api\1.22.0\opentelemetry-api-1.22.0.jar;C:\Users\Bunayya Zulfikar\.m2\repository\io\opentelemetry\opentelemetry-context\1.22.0\opentelemetry-context-1.22.0.jar;C:\Users\Bunayya Zulfikar\.m2\repository\io\opentelemetry\opentelemetry-exporter-logging\1.22.0\opentelemetry-exporter-logging-1.22.0.jar;C:\Users\Bunayya Zulfikar\.m2\repository\io\opentelemetry\opentelemetry-sdk-metrics\1.22.0\opentelemetry-sdk-metrics-1.22.0.jar;C:\Users\Bunayya Zulfikar\.m2\repository\io\opentelemetry\opentelemetry-sdk-logs\1.22.0-alpha\opentelemetry-sdk-logs-1.22.0-alpha.jar;C:\Users\Bunayya Zulfikar\.m2\repository\io\opentelemetry\opentelemetry-api-logs\1.22.0-alpha\opentelemetry-api-logs-1.22.0-alpha.jar;C:\Users\Bunayya Zulfikar\.m2\repository\io\opentelemetry\opentelemetry-sdk-common\1.22.0\opentelemetry-sdk-common-1.22.0.jar;C:\Users\Bunayya Zulfikar\.m2\repository\io\opentelemetry\opentelemetry-sdk-extension-autoconfigure-spi\1.22.0\opentelemetry-sdk-extension-autoconfigure-spi-1.22.0.jar;C:\Users\Bunayya Zulfikar\.m2\repository\io\opentelemetry\opentelemetry-sdk-extension-autoconfigure\1.22.0-alpha\opentelemetry-sdk-extension-autoconfigure-1.22.0-alpha.jar;C:\Users\Bunayya Zulfikar\.m2\repository\io\opentelemetry\opentelemetry-sdk-trace\1.22.0\opentelemetry-sdk-trace-1.22.0.jar;C:\Users\Bunayya Zulfikar\.m2\repository\io\opentelemetry\opentelemetry-sdk\1.22.0\opentelemetry-sdk-1.22.0.jar;C:\Users\Bunayya Zulfikar\.m2\repository\io\opentelemetry\opentelemetry-semconv\1.22.0-alpha\opentelemetry-semconv-1.22.0-alpha.jar;C:\Users\Bunayya Zulfikar\.m2\repository\io\ous\jtoml\2.0.0\jtoml-2.0.0.jar;C:\Users\Bunayya Zulfikar\.m2\repository\org\apache\commons\commons-exec\1.3\commons-exec-1.3.jar;C:\Users\Bunayya Zulfikar\.m2\repository\org\asynchttpclient\async-http-client\2.12.3\async-http-client-2.12.3.jar;C:\Users\Bunayya Zulfikar\.m2\repository\org\asynchttpclient\async-http-client-netty-utils\2.12.3\async-http-client-netty-utils-2.12.3.jar;C:\Users\Bunayya Zulfikar\.m2\repository\io\netty\netty-codec-socks\4.1.60.Final\netty-codec-socks-4.1.60.Final.jar;C:\Users\Bunayya Zulfikar\.m2\repository\io\netty\netty-handler-proxy\4.1.60.Final\netty-handler-proxy-4.1.60.Final.jar;C:\Users\Bunayya Zulfikar\.m2\repository\io\netty\netty-transport-native-epoll\4.1.60.Final\netty-transport-native-epoll-4.1.60.Final-linux-x86_64.jar;C:\Users\Bunayya Zulfikar\.m2\repository\io\netty\netty-transport-native-kqueue\4.1.60.Final\netty-transport-native-kqueue-4.1.60.Final-osx-x86_64.jar;C:\Users\Bunayya Zulfikar\.m2\repository\org\reactivestreams\reactive-streams\1.0.3\reactive-streams-1.0.3.jar;C:\Users\Bunayya Zulfikar\.m2\repository\com\typesafe\netty\netty-reactive-streams\2.0.4\netty-reactive-streams-2.0.4.jar;C:\Users\Bunayya Zulfikar\.m2\repository\org\seleniumhq\selenium\selenium-manager\4.8.1\selenium-manager-4.8.1.jar;C:\Users\Bunayya Zulfikar\.m2\repository\org\seleniumhq\selenium\selenium-safari-driver\4.8.1\selenium-safari-driver-4.8.1.jar;C:\Users\Bunayya Zulfikar\.m2\repository\org\seleniumhq\selenium\selenium-api\4.8.1\selenium-api-4.8.1.jar;C:\Users\Bunayya Zulfikar\.m2\repository\org\seleniumhq\selenium\selenium-support\4.8.1\selenium-support-4.8.1.jar;C:\Users\Bunayya Zulfikar\.m2\repository\com\google\auto\service\auto-service-annotations\1.0.1\auto-service-annotations-1.0.1.jar;C:\Users\Bunayya Zulfikar\.m2\repository\com\google\auto\service\auto-service\1.0.1\auto-service-1.0.1.jar;C:\Users\Bunayya Zulfikar\.m2\repository\com\google\auto\auto-common\1.2\auto-common-1.2.jar;C:\Users\Bunayya Zulfikar\.m2\repository\org\seleniumhq\selenium\selenium-json\4.8.1\selenium-json-4.8.1.jar;C:\Users\Bunayya Zulfikar\.m2\repository\org\seleniumhq\selenium\selenium-chrome-driver\4.8.1\selenium-chrome-driver-4.8.1.jar;C:\Users\Bunayya Zulfikar\.m2\repository\org\seleniumhq\selenium\selenium-chromium-driver\4.8.1\selenium-chromium-driver-4.8.1.jar;C:\Users\Bunayya Zulfikar\.m2\repository\org\seleniumhq\selenium\selenium-firefox-driver\4.8.1\selenium-firefox-driver-4.8.1.jar;C:\Users\Bunayya Zulfikar\.m2\repository\org\seleniumhq\selenium\selenium-http\4.8.1\selenium-http-4.8.1.jar;C:\Users\Bunayya Zulfikar\.m2\repository\dev\failsafe\failsafe\3.3.0\failsafe-3.3.0.jar;C:\Users\Bunayya Zulfikar\.m2\repository\org\seleniumhq\selenium\selenium-edge-driver\4.8.1\selenium-edge-driver-4.8.1.jar;C:\Users\Bunayya Zulfikar\.m2\repository\org\seleniumhq\selenium\selenium-ie-driver\4.8.1\selenium-ie-driver-4.8.1.jar;C:\Users\Bunayya Zulfikar\.m2\repository\org\projectlombok\lombok\1.18.20\lombok-1.18.20.jar;C:\Users\Bunayya Zulfikar\.m2\repository\io\appium\java-client\8.3.0\java-client-8.3.0.jar;C:\Users\Bunayya Zulfikar\.m2\repository\commons-validator\commons-validator\1.7\commons-validator-1.7.jar;C:\Users\Bunayya Zulfikar\.m2\repository\commons-digester\commons-digester\2.1\commons-digester-2.1.jar;C:\Users\Bunayya Zulfikar\.m2\repository\org\apache\groovy\groovy\4.0.10\groovy-4.0.10.jar;C:\Users\Bunayya Zulfikar\.m2\repository\net\sf\opencsv\opencsv\2.0\opencsv-2.0.jar;C:\Users\Bunayya Zulfikar\.m2\repository\commons-beanutils\commons-beanutils\1.9.4\commons-beanutils-1.9.4.jar;C:\Users\Bunayya Zulfikar\.m2\repository\org\apache\commons\commons-lang3\3.12.0\commons-lang3-3.12.0.jar;C:\Users\Bunayya Zulfikar\.m2\repository\commons-collections\commons-collections\3.2.2\commons-collections-3.2.2.jar;C:\Users\Bunayya Zulfikar\.m2\repository\org\fluentlenium\fluentlenium-core\0.10.2\fluentlenium-core-0.10.2.jar;C:\Users\Bunayya Zulfikar\.m2\repository\io\github\bonigarcia\webdrivermanager\5.3.0\webdrivermanager-5.3.0.jar;C:\Users\Bunayya Zulfikar\.m2\repository\com\github\docker-java\docker-java\3.2.13\docker-java-3.2.13.jar;C:\Users\Bunayya Zulfikar\.m2\repository\com\github\docker-java\docker-java-core\3.2.13\docker-java-core-3.2.13.jar;C:\Users\Bunayya Zulfikar\.m2\repository\com\github\docker-java\docker-java-api\3.2.13\docker-java-api-3.2.13.jar;C:\Users\Bunayya Zulfikar\.m2\repository\org\apache\commons\commons-compress\1.21\commons-compress-1.21.jar;C:\Users\Bunayya Zulfikar\.m2\repository\org\bouncycastle\bcpkix-jdk15on\1.64\bcpkix-jdk15on-1.64.jar;C:\Users\Bunayya Zulfikar\.m2\repository\org\bouncycastle\bcprov-jdk15on\1.64\bcprov-jdk15on-1.64.jar;C:\Users\Bunayya Zulfikar\.m2\repository\org\slf4j\jcl-over-slf4j\1.7.30\jcl-over-slf4j-1.7.30.jar;C:\Users\Bunayya Zulfikar\.m2\repository\com\github\docker-java\docker-java-transport-httpclient5\3.2.13\docker-java-transport-httpclient5-3.2.13.jar;C:\Users\Bunayya Zulfikar\.m2\repository\com\github\docker-java\docker-java-transport\3.2.13\docker-java-transport-3.2.13.jar;C:\Users\Bunayya Zulfikar\.m2\repository\net\java\dev\jna\jna\5.8.0\jna-5.8.0.jar;C:\Users\Bunayya Zulfikar\.m2\repository\org\brotli\dec\0.1.2\dec-0.1.2.jar;C:\Users\Bunayya Zulfikar\.m2\repository\org\apache\httpcomponents\client5\httpclient5\5.1.3\httpclient5-5.1.3.jar;C:\Users\Bunayya Zulfikar\.m2\repository\org\apache\httpcomponents\core5\httpcore5\5.1.3\httpcore5-5.1.3.jar;C:\Users\Bunayya Zulfikar\.m2\repository\org\apache\httpcomponents\core5\httpcore5-h2\5.1.3\httpcore5-h2-5.1.3.jar;C:\Users\Bunayya Zulfikar\.m2\repository\com\jhlabs\filters\2.0.235\filters-2.0.235.jar;C:\Users\Bunayya Zulfikar\.m2\repository\com\paulhammant\ngwebdriver\1.1.6\ngwebdriver-1.1.6.jar;C:\Users\Bunayya Zulfikar\.m2\repository\joda-time\joda-time\2.12.2\joda-time-2.12.2.jar;C:\Users\Bunayya Zulfikar\.m2\repository\org\hamcrest\hamcrest\2.2\hamcrest-2.2.jar;C:\Users\Bunayya Zulfikar\.m2\repository\com\google\jimfs\jimfs\1.2\jimfs-1.2.jar;C:\Users\Bunayya Zulfikar\.m2\repository\org\mockito\mockito-core\3.3.3\mockito-core-3.3.3.jar;C:\Users\Bunayya Zulfikar\.m2\repository\javax\xml\bind\jaxb-api\2.3.1\jaxb-api-2.3.1.jar;C:\Users\Bunayya Zulfikar\.m2\repository\javax\activation\javax.activation-api\1.2.0\javax.activation-api-1.2.0.jar;C:\Users\Bunayya Zulfikar\.m2\repository\com\sun\xml\bind\jaxb-core\2.3.0.1\jaxb-core-2.3.0.1.jar;C:\Users\Bunayya Zulfikar\.m2\repository\com\sun\xml\bind\jaxb-impl\2.3.3\jaxb-impl-2.3.3.jar;C:\Users\Bunayya Zulfikar\.m2\repository\jakarta\xml\bind\jakarta.xml.bind-api\2.3.3\jakarta.xml.bind-api-2.3.3.jar;C:\Users\Bunayya Zulfikar\.m2\repository\com\sun\activation\jakarta.activation\1.2.2\jakarta.activation-1.2.2.jar;C:\Users\Bunayya Zulfikar\.m2\repository\javax\activation\activation\1.1.1\activation-1.1.1.jar;C:\Users\Bunayya Zulfikar\.m2\repository\net\serenity-bdd\serenity-cucumber\3.6.21\serenity-cucumber-3.6.21.jar;C:\Users\Bunayya Zulfikar\.m2\repository\io\cucumber\cucumber-core\7.11.0\cucumber-core-7.11.0.jar;C:\Users\Bunayya Zulfikar\.m2\repository\io\cucumber\cucumber-gherkin\7.11.0\cucumber-gherkin-7.11.0.jar;C:\Users\Bunayya Zulfikar\.m2\repository\io\cucumber\cucumber-gherkin-messages\7.11.0\cucumber-gherkin-messages-7.11.0.jar;C:\Users\Bunayya Zulfikar\.m2\repository\io\cucumber\gherkin\26.0.3\gherkin-26.0.3.jar;C:\Users\Bunayya Zulfikar\.m2\repository\io\cucumber\messages\21.0.1\messages-21.0.1.jar;C:\Users\Bunayya Zulfikar\.m2\repository\io\cucumber\tag-expressions\5.0.1\tag-expressions-5.0.1.jar;C:\Users\Bunayya Zulfikar\.m2\repository\io\cucumber\cucumber-expressions\16.1.1\cucumber-expressions-16.1.1.jar;C:\Users\Bunayya Zulfikar\.m2\repository\io\cucumber\datatable\7.11.0\datatable-7.11.0.jar;C:\Users\Bunayya Zulfikar\.m2\repository\io\cucumber\cucumber-plugin\7.11.0\cucumber-plugin-7.11.0.jar;C:\Users\Bunayya Zulfikar\.m2\repository\io\cucumber\docstring\7.11.0\docstring-7.11.0.jar;C:\Users\Bunayya Zulfikar\.m2\repository\io\cucumber\html-formatter\20.2.1\html-formatter-20.2.1.jar;C:\Users\Bunayya Zulfikar\.m2\repository\io\cucumber\junit-xml-formatter\0.1.0\junit-xml-formatter-0.1.0.jar;C:\Users\Bunayya Zulfikar\.m2\repository\io\cucumber\ci-environment\9.1.0\ci-environment-9.1.0.jar;C:\Users\Bunayya Zulfikar\.m2\repository\io\cucumber\cucumber-java\7.11.0\cucumber-java-7.11.0.jar;C:\Users\Bunayya Zulfikar\.m2\repository\io\cucumber\cucumber-junit\7.11.0\cucumber-junit-7.11.0.jar;C:\Users\Bunayya Zulfikar\.m2\repository\org\apache\commons\commons-csv\1.5\commons-csv-1.5.jar;C:\Users\Bunayya Zulfikar\.m2\repository\net\serenity-bdd\serenity-screenplay\3.6.21\serenity-screenplay-3.6.21.jar;C:\Users\Bunayya Zulfikar\.m2\repository\net\serenity-bdd\serenity-screenplay-webdriver\3.6.21\serenity-screenplay-webdriver-3.6.21.jar;C:\Users\Bunayya Zulfikar\.m2\repository\net\serenity-bdd\serenity-ensure\3.6.21\serenity-ensure-3.6.21.jar;C:\Users\Bunayya Zulfikar\.m2\repository\net\serenity-bdd\serenity-junit\3.6.21\serenity-junit-3.6.21.jar;C:\Users\Bunayya Zulfikar\.m2\repository\org\jetbrains\kotlin\kotlin-stdlib\1.8.10\kotlin-stdlib-1.8.10.jar;C:\Users\Bunayya Zulfikar\.m2\repository\org\jetbrains\kotlin\kotlin-stdlib-common\1.8.10\kotlin-stdlib-common-1.8.10.jar;C:\Users\Bunayya Zulfikar\.m2\repository\org\jetbrains\annotations\13.0\annotations-13.0.jar;C:\Users\Bunayya Zulfikar\.m2\repository\org\junit\platform\junit-platform-launcher\1.8.2\junit-platform-launcher-1.8.2.jar;C:\Users\Bunayya Zulfikar\.m2\repository\org\junit\platform\junit-platform-engine\1.8.2\junit-platform-engine-1.8.2.jar;C:\Users\Bunayya Zulfikar\.m2\repository\org\opentest4j\opentest4j\1.2.0\opentest4j-1.2.0.jar;C:\Users\Bunayya Zulfikar\.m2\repository\org\junit\platform\junit-platform-commons\1.8.2\junit-platform-commons-1.8.2.jar;C:\Users\Bunayya Zulfikar\.m2\repository\org\apiguardian\apiguardian-api\1.1.2\apiguardian-api-1.1.2.jar;C:\Users\Bunayya Zulfikar\.m2\repository\org\junit\jupiter\junit-jupiter-engine\5.8.2\junit-jupiter-engine-5.8.2.jar;C:\Users\Bunayya Zulfikar\.m2\repository\org\junit\jupiter\junit-jupiter-api\5.8.2\junit-jupiter-api-5.8.2.jar;C:\Users\Bunayya Zulfikar\.m2\repository\org\junit\vintage\junit-vintage-engine\5.8.2\junit-vintage-engine-5.8.2.jar;C:\Users\Bunayya Zulfikar\.m2\repository\junit\junit\4.13.2\junit-4.13.2.jar;C:\Users\Bunayya Zulfikar\.m2\repository\org\hamcrest\hamcrest-core\1.3\hamcrest-core-1.3.jar;C:\Users\Bunayya Zulfikar\.m2\repository\ch\qos\logback\logback-classic\1.2.10\logback-classic-1.2.10.jar;C:\Users\Bunayya Zulfikar\.m2\repository\ch\qos\logback\logback-core\1.2.10\logback-core-1.2.10.jar;C:\Users\Bunayya Zulfikar\.m2\repository\org\slf4j\slf4j-api\1.7.32\slf4j-api-1.7.32.jar;C:\Users\Bunayya Zulfikar\.m2\repository\org\assertj\assertj-core\3.23.1\assertj-core-3.23.1.jar;C:\Users\Bunayya Zulfikar\.m2\repository\net\bytebuddy\byte-buddy\1.12.10\byte-buddy-1.12.10.jar;"/>
    <property name="java.vm.vendor" value="Oracle Corporation"/>
    <property name="sun.arch.data.model" value="64"/>
    <property name="user.variant" value=""/>
    <property name="java.vendor.url" value="https://java.oracle.com/"/>
    <property name="user.timezone" value="Asia/Jakarta"/>
    <property name="os.name" value="Windows 10"/>
    <property name="java.vm.specification.version" value="18"/>
    <property name="sun.java.launcher" value="SUN_STANDARD"/>
    <property name="user.country" value="ID"/>
    <property name="sun.boot.library.path" value="C:\Program Files\java-se-8u41-ri\bin"/>
    <property name="sun.java.command" value="org.apache.maven.surefire.booter.ForkedBooter C:\Users\Bunayya Zulfikar\AppData\Local\Temp\surefire17195156458840338008 2023-04-09T02-24-20_463-jvmRun1 surefire9777868436099608588tmp surefire_016323630680385171350tmp"/>
    <property name="jdk.debug" value="release"/>
    <property name="surefire.test.class.path" value="C:\Users\Bunayya Zulfikar\Downloads\Compressed\zip\Prioritas2\alta\target\test-classes;C:\Users\Bunayya Zulfikar\.m2\repository\net\serenity-bdd\serenity-core\3.6.21\serenity-core-3.6.21.jar;C:\Users\Bunayya Zulfikar\.m2\repository\net\serenity-bdd\serenity-model\3.6.21\serenity-model-3.6.21.jar;C:\Users\Bunayya Zulfikar\.m2\repository\org\apache\commons\commons-text\1.10.0\commons-text-1.10.0.jar;C:\Users\Bunayya Zulfikar\.m2\repository\commons-net\commons-net\3.9.0\commons-net-3.9.0.jar;C:\Users\Bunayya Zulfikar\.m2\repository\com\google\guava\guava\31.1-jre\guava-31.1-jre.jar;C:\Users\Bunayya Zulfikar\.m2\repository\com\google\guava\failureaccess\1.0.1\failureaccess-1.0.1.jar;C:\Users\Bunayya Zulfikar\.m2\repository\com\google\guava\listenablefuture\9999.0-empty-to-avoid-conflict-with-guava\listenablefuture-9999.0-empty-to-avoid-conflict-with-guava.jar;C:\Users\Bunayya Zulfikar\.m2\repository\com\google\code\findbugs\jsr305\3.0.2\jsr305-3.0.2.jar;C:\Users\Bunayya Zulfikar\.m2\repository\org\checkerframework\checker-qual\3.12.0\checker-qual-3.12.0.jar;C:\Users\Bunayya Zulfikar\.m2\repository\com\google\errorprone\error_prone_annotations\2.11.0\error_prone_annotations-2.11.0.jar;C:\Users\Bunayya Zulfikar\.m2\repository\com\google\j2objc\j2objc-annotations\1.3\j2objc-annotations-1.3.jar;C:\Users\Bunayya Zulfikar\.m2\repository\com\google\inject\guice\5.1.0\guice-5.1.0.jar;C:\Users\Bunayya Zulfikar\.m2\repository\javax\inject\javax.inject\1\javax.inject-1.jar;C:\Users\Bunayya Zulfikar\.m2\repository\aopalliance\aopalliance\1.0\aopalliance-1.0.jar;C:\Users\Bunayya Zulfikar\.m2\repository\org\jsoup\jsoup\1.14.3\jsoup-1.14.3.jar;C:\Users\Bunayya Zulfikar\.m2\repository\com\thoughtworks\xstream\xstream\1.4.20\xstream-1.4.20.jar;C:\Users\Bunayya Zulfikar\.m2\repository\io\github\x-stream\mxparser\1.2.2\mxparser-1.2.2.jar;C:\Users\Bunayya Zulfikar\.m2\repository\xmlpull\xmlpull\1.1.3.1\xmlpull-1.1.3.1.jar;C:\Users\Bunayya Zulfikar\.m2\repository\com\typesafe\config\1.4.2\config-1.4.2.jar;C:\Users\Bunayya Zulfikar\.m2\repository\org\imgscalr\imgscalr-lib\4.2\imgscalr-lib-4.2.jar;C:\Users\Bunayya Zulfikar\.m2\repository\org\awaitility\awaitility\4.2.0\awaitility-4.2.0.jar;C:\Users\Bunayya Zulfikar\.m2\repository\org\freemarker\freemarker\2.3.31\freemarker-2.3.31.jar;C:\Users\Bunayya Zulfikar\.m2\repository\io\github\classgraph\classgraph\4.8.138\classgraph-4.8.138.jar;C:\Users\Bunayya Zulfikar\.m2\repository\net\sourceforge\jexcelapi\jxl\2.6.12\jxl-2.6.12.jar;C:\Users\Bunayya Zulfikar\.m2\repository\net\bytebuddy\byte-buddy-agent\1.14.2\byte-buddy-agent-1.14.2.jar;C:\Users\Bunayya Zulfikar\.m2\repository\org\objenesis\objenesis\3.3\objenesis-3.3.jar;C:\Users\Bunayya Zulfikar\.m2\repository\net\serenity-bdd\serenity-reports\3.6.21\serenity-reports-3.6.21.jar;C:\Users\Bunayya Zulfikar\.m2\repository\net\serenity-bdd\serenity-stats\3.6.21\serenity-stats-3.6.21.jar;C:\Users\Bunayya Zulfikar\.m2\repository\net\serenity-bdd\serenity-reports-configuration\3.6.21\serenity-reports-configuration-3.6.21.jar;C:\Users\Bunayya Zulfikar\.m2\repository\com\vladsch\flexmark\flexmark-all\0.62.2\flexmark-all-0.62.2.jar;C:\Users\Bunayya Zulfikar\.m2\repository\com\vladsch\flexmark\flexmark\0.62.2\flexmark-0.62.2.jar;C:\Users\Bunayya Zulfikar\.m2\repository\com\vladsch\flexmark\flexmark-ext-abbreviation\0.62.2\flexmark-ext-abbreviation-0.62.2.jar;C:\Users\Bunayya Zulfikar\.m2\repository\com\vladsch\flexmark\flexmark-util\0.62.2\flexmark-util-0.62.2.jar;C:\Users\Bunayya Zulfikar\.m2\repository\com\vladsch\flexmark\flexmark-ext-admonition\0.62.2\flexmark-ext-admonition-0.62.2.jar;C:\Users\Bunayya Zulfikar\.m2\repository\com\vladsch\flexmark\flexmark-ext-anchorlink\0.62.2\flexmark-ext-anchorlink-0.62.2.jar;C:\Users\Bunayya Zulfikar\.m2\repository\com\vladsch\flexmark\flexmark-ext-aside\0.62.2\flexmark-ext-aside-0.62.2.jar;C:\Users\Bunayya Zulfikar\.m2\repository\com\vladsch\flexmark\flexmark-ext-attributes\0.62.2\flexmark-ext-attributes-0.62.2.jar;C:\Users\Bunayya Zulfikar\.m2\repository\com\vladsch\flexmark\flexmark-ext-autolink\0.62.2\flexmark-ext-autolink-0.62.2.jar;C:\Users\Bunayya Zulfikar\.m2\repository\org\nibor\autolink\autolink\0.6.0\autolink-0.6.0.jar;C:\Users\Bunayya Zulfikar\.m2\repository\com\vladsch\flexmark\flexmark-ext-definition\0.62.2\flexmark-ext-definition-0.62.2.jar;C:\Users\Bunayya Zulfikar\.m2\repository\com\vladsch\flexmark\flexmark-ext-emoji\0.62.2\flexmark-ext-emoji-0.62.2.jar;C:\Users\Bunayya Zulfikar\.m2\repository\com\vladsch\flexmark\flexmark-ext-enumerated-reference\0.62.2\flexmark-ext-enumerated-reference-0.62.2.jar;C:\Users\Bunayya Zulfikar\.m2\repository\com\vladsch\flexmark\flexmark-ext-escaped-character\0.62.2\flexmark-ext-escaped-character-0.62.2.jar;C:\Users\Bunayya Zulfikar\.m2\repository\com\vladsch\flexmark\flexmark-ext-footnotes\0.62.2\flexmark-ext-footnotes-0.62.2.jar;C:\Users\Bunayya Zulfikar\.m2\repository\com\vladsch\flexmark\flexmark-ext-gfm-issues\0.62.2\flexmark-ext-gfm-issues-0.62.2.jar;C:\Users\Bunayya Zulfikar\.m2\repository\com\vladsch\flexmark\flexmark-ext-gfm-strikethrough\0.62.2\flexmark-ext-gfm-strikethrough-0.62.2.jar;C:\Users\Bunayya Zulfikar\.m2\repository\com\vladsch\flexmark\flexmark-ext-gfm-tasklist\0.62.2\flexmark-ext-gfm-tasklist-0.62.2.jar;C:\Users\Bunayya Zulfikar\.m2\repository\com\vladsch\flexmark\flexmark-ext-gfm-users\0.62.2\flexmark-ext-gfm-users-0.62.2.jar;C:\Users\Bunayya Zulfikar\.m2\repository\com\vladsch\flexmark\flexmark-ext-gitlab\0.62.2\flexmark-ext-gitlab-0.62.2.jar;C:\Users\Bunayya Zulfikar\.m2\repository\com\vladsch\flexmark\flexmark-ext-jekyll-front-matter\0.62.2\flexmark-ext-jekyll-front-matter-0.62.2.jar;C:\Users\Bunayya Zulfikar\.m2\repository\com\vladsch\flexmark\flexmark-ext-jekyll-tag\0.62.2\flexmark-ext-jekyll-tag-0.62.2.jar;C:\Users\Bunayya Zulfikar\.m2\repository\com\vladsch\flexmark\flexmark-ext-media-tags\0.62.2\flexmark-ext-media-tags-0.62.2.jar;C:\Users\Bunayya Zulfikar\.m2\repository\com\vladsch\flexmark\flexmark-ext-macros\0.62.2\flexmark-ext-macros-0.62.2.jar;C:\Users\Bunayya Zulfikar\.m2\repository\com\vladsch\flexmark\flexmark-ext-ins\0.62.2\flexmark-ext-ins-0.62.2.jar;C:\Users\Bunayya Zulfikar\.m2\repository\com\vladsch\flexmark\flexmark-ext-xwiki-macros\0.62.2\flexmark-ext-xwiki-macros-0.62.2.jar;C:\Users\Bunayya Zulfikar\.m2\repository\com\vladsch\flexmark\flexmark-ext-superscript\0.62.2\flexmark-ext-superscript-0.62.2.jar;C:\Users\Bunayya Zulfikar\.m2\repository\com\vladsch\flexmark\flexmark-ext-tables\0.62.2\flexmark-ext-tables-0.62.2.jar;C:\Users\Bunayya Zulfikar\.m2\repository\com\vladsch\flexmark\flexmark-ext-toc\0.62.2\flexmark-ext-toc-0.62.2.jar;C:\Users\Bunayya Zulfikar\.m2\repository\com\vladsch\flexmark\flexmark-ext-typographic\0.62.2\flexmark-ext-typographic-0.62.2.jar;C:\Users\Bunayya Zulfikar\.m2\repository\com\vladsch\flexmark\flexmark-ext-wikilink\0.62.2\flexmark-ext-wikilink-0.62.2.jar;C:\Users\Bunayya Zulfikar\.m2\repository\com\vladsch\flexmark\flexmark-ext-yaml-front-matter\0.62.2\flexmark-ext-yaml-front-matter-0.62.2.jar;C:\Users\Bunayya Zulfikar\.m2\repository\com\vladsch\flexmark\flexmark-ext-youtube-embedded\0.62.2\flexmark-ext-youtube-embedded-0.62.2.jar;C:\Users\Bunayya Zulfikar\.m2\repository\com\vladsch\flexmark\flexmark-html2md-converter\0.62.2\flexmark-html2md-converter-0.62.2.jar;C:\Users\Bunayya Zulfikar\.m2\repository\com\vladsch\flexmark\flexmark-jira-converter\0.62.2\flexmark-jira-converter-0.62.2.jar;C:\Users\Bunayya Zulfikar\.m2\repository\com\vladsch\flexmark\flexmark-pdf-converter\0.62.2\flexmark-pdf-converter-0.62.2.jar;C:\Users\Bunayya Zulfikar\.m2\repository\com\openhtmltopdf\openhtmltopdf-core\1.0.0\openhtmltopdf-core-1.0.0.jar;C:\Users\Bunayya Zulfikar\.m2\repository\com\openhtmltopdf\openhtmltopdf-pdfbox\1.0.0\openhtmltopdf-pdfbox-1.0.0.jar;C:\Users\Bunayya Zulfikar\.m2\repository\org\apache\pdfbox\pdfbox\2.0.16\pdfbox-2.0.16.jar;C:\Users\Bunayya Zulfikar\.m2\repository\org\apache\pdfbox\fontbox\2.0.16\fontbox-2.0.16.jar;C:\Users\Bunayya Zulfikar\.m2\repository\org\apache\pdfbox\xmpbox\2.0.16\xmpbox-2.0.16.jar;C:\Users\Bunayya Zulfikar\.m2\repository\de\rototor\pdfbox\graphics2d\0.24\graphics2d-0.24.jar;C:\Users\Bunayya Zulfikar\.m2\repository\com\openhtmltopdf\openhtmltopdf-rtl-support\1.0.0\openhtmltopdf-rtl-support-1.0.0.jar;C:\Users\Bunayya Zulfikar\.m2\repository\com\openhtmltopdf\openhtmltopdf-jsoup-dom-converter\1.0.0\openhtmltopdf-jsoup-dom-converter-1.0.0.jar;C:\Users\Bunayya Zulfikar\.m2\repository\com\vladsch\flexmark\flexmark-profile-pegdown\0.62.2\flexmark-profile-pegdown-0.62.2.jar;C:\Users\Bunayya Zulfikar\.m2\repository\com\vladsch\flexmark\flexmark-util-ast\0.62.2\flexmark-util-ast-0.62.2.jar;C:\Users\Bunayya Zulfikar\.m2\repository\com\vladsch\flexmark\flexmark-util-builder\0.62.2\flexmark-util-builder-0.62.2.jar;C:\Users\Bunayya Zulfikar\.m2\repository\com\vladsch\flexmark\flexmark-util-collection\0.62.2\flexmark-util-collection-0.62.2.jar;C:\Users\Bunayya Zulfikar\.m2\repository\com\vladsch\flexmark\flexmark-util-data\0.62.2\flexmark-util-data-0.62.2.jar;C:\Users\Bunayya Zulfikar\.m2\repository\com\vladsch\flexmark\flexmark-util-dependency\0.62.2\flexmark-util-dependency-0.62.2.jar;C:\Users\Bunayya Zulfikar\.m2\repository\com\vladsch\flexmark\flexmark-util-format\0.62.2\flexmark-util-format-0.62.2.jar;C:\Users\Bunayya Zulfikar\.m2\repository\com\vladsch\flexmark\flexmark-util-html\0.62.2\flexmark-util-html-0.62.2.jar;C:\Users\Bunayya Zulfikar\.m2\repository\com\vladsch\flexmark\flexmark-util-misc\0.62.2\flexmark-util-misc-0.62.2.jar;C:\Users\Bunayya Zulfikar\.m2\repository\com\vladsch\flexmark\flexmark-util-options\0.62.2\flexmark-util-options-0.62.2.jar;C:\Users\Bunayya Zulfikar\.m2\repository\com\vladsch\flexmark\flexmark-util-sequence\0.62.2\flexmark-util-sequence-0.62.2.jar;C:\Users\Bunayya Zulfikar\.m2\repository\com\vladsch\flexmark\flexmark-util-visitor\0.62.2\flexmark-util-visitor-0.62.2.jar;C:\Users\Bunayya Zulfikar\.m2\repository\com\vladsch\flexmark\flexmark-youtrack-converter\0.62.2\flexmark-youtrack-converter-0.62.2.jar;C:\Users\Bunayya Zulfikar\.m2\repository\com\ibm\icu\icu4j\72.1\icu4j-72.1.jar;C:\Users\Bunayya Zulfikar\.m2\repository\es\nitaur\markdown\txtmark\0.16\txtmark-0.16.jar;C:\Users\Bunayya Zulfikar\.m2\repository\net\serenity-bdd\serenity-report-resources\3.6.21\serenity-report-resources-3.6.21.jar;C:\Users\Bunayya Zulfikar\.m2\repository\com\google\code\gson\gson\2.10.1\gson-2.10.1.jar;C:\Users\Bunayya Zulfikar\.m2\repository\com\fasterxml\jackson\core\jackson-core\2.15.0-rc1\jackson-core-2.15.0-rc1.jar;C:\Users\Bunayya Zulfikar\.m2\repository\com\fasterxml\jackson\core\jackson-databind\2.15.0-rc1\jackson-databind-2.15.0-rc1.jar;C:\Users\Bunayya Zulfikar\.m2\repository\com\fasterxml\jackson\core\jackson-annotations\2.15.0-rc1\jackson-annotations-2.15.0-rc1.jar;C:\Users\Bunayya Zulfikar\.m2\repository\commons-codec\commons-codec\1.15\commons-codec-1.15.jar;C:\Users\Bunayya Zulfikar\.m2\repository\commons-io\commons-io\2.11.0\commons-io-2.11.0.jar;C:\Users\Bunayya Zulfikar\.m2\repository\org\apache\httpcomponents\httpclient\4.5.13\httpclient-4.5.13.jar;C:\Users\Bunayya Zulfikar\.m2\repository\org\apache\httpcomponents\httpcore\4.4.13\httpcore-4.4.13.jar;C:\Users\Bunayya Zulfikar\.m2\repository\commons-logging\commons-logging\1.2\commons-logging-1.2.jar;C:\Users\Bunayya Zulfikar\.m2\repository\org\seleniumhq\selenium\selenium-java\4.8.1\selenium-java-4.8.1.jar;C:\Users\Bunayya Zulfikar\.m2\repository\org\seleniumhq\selenium\selenium-devtools-v108\4.8.1\selenium-devtools-v108-4.8.1.jar;C:\Users\Bunayya Zulfikar\.m2\repository\org\seleniumhq\selenium\selenium-devtools-v109\4.8.1\selenium-devtools-v109-4.8.1.jar;C:\Users\Bunayya Zulfikar\.m2\repository\org\seleniumhq\selenium\selenium-devtools-v110\4.8.1\selenium-devtools-v110-4.8.1.jar;C:\Users\Bunayya Zulfikar\.m2\repository\org\seleniumhq\selenium\selenium-devtools-v85\4.8.1\selenium-devtools-v85-4.8.1.jar;C:\Users\Bunayya Zulfikar\.m2\repository\org\seleniumhq\selenium\selenium-remote-driver\4.8.1\selenium-remote-driver-4.8.1.jar;C:\Users\Bunayya Zulfikar\.m2\repository\com\beust\jcommander\1.82\jcommander-1.82.jar;C:\Users\Bunayya Zulfikar\.m2\repository\io\netty\netty-buffer\4.1.87.Final\netty-buffer-4.1.87.Final.jar;C:\Users\Bunayya Zulfikar\.m2\repository\io\netty\netty-codec-http\4.1.87.Final\netty-codec-http-4.1.87.Final.jar;C:\Users\Bunayya Zulfikar\.m2\repository\io\netty\netty-codec\4.1.87.Final\netty-codec-4.1.87.Final.jar;C:\Users\Bunayya Zulfikar\.m2\repository\io\netty\netty-handler\4.1.87.Final\netty-handler-4.1.87.Final.jar;C:\Users\Bunayya Zulfikar\.m2\repository\io\netty\netty-common\4.1.87.Final\netty-common-4.1.87.Final.jar;C:\Users\Bunayya Zulfikar\.m2\repository\io\netty\netty-transport-classes-epoll\4.1.87.Final\netty-transport-classes-epoll-4.1.87.Final.jar;C:\Users\Bunayya Zulfikar\.m2\repository\io\netty\netty-transport-classes-kqueue\4.1.87.Final\netty-transport-classes-kqueue-4.1.87.Final.jar;C:\Users\Bunayya Zulfikar\.m2\repository\io\netty\netty-transport-native-epoll\4.1.87.Final\netty-transport-native-epoll-4.1.87.Final.jar;C:\Users\Bunayya Zulfikar\.m2\repository\io\netty\netty-transport-native-kqueue\4.1.87.Final\netty-transport-native-kqueue-4.1.87.Final.jar;C:\Users\Bunayya Zulfikar\.m2\repository\io\netty\netty-transport-native-unix-common\4.1.87.Final\netty-transport-native-unix-common-4.1.87.Final.jar;C:\Users\Bunayya Zulfikar\.m2\repository\io\netty\netty-transport\4.1.87.Final\netty-transport-4.1.87.Final.jar;C:\Users\Bunayya Zulfikar\.m2\repository\io\netty\netty-resolver\4.1.87.Final\netty-resolver-4.1.87.Final.jar;C:\Users\Bunayya Zulfikar\.m2\repository\io\opentelemetry\opentelemetry-api\1.22.0\opentelemetry-api-1.22.0.jar;C:\Users\Bunayya Zulfikar\.m2\repository\io\opentelemetry\opentelemetry-context\1.22.0\opentelemetry-context-1.22.0.jar;C:\Users\Bunayya Zulfikar\.m2\repository\io\opentelemetry\opentelemetry-exporter-logging\1.22.0\opentelemetry-exporter-logging-1.22.0.jar;C:\Users\Bunayya Zulfikar\.m2\repository\io\opentelemetry\opentelemetry-sdk-metrics\1.22.0\opentelemetry-sdk-metrics-1.22.0.jar;C:\Users\Bunayya Zulfikar\.m2\repository\io\opentelemetry\opentelemetry-sdk-logs\1.22.0-alpha\opentelemetry-sdk-logs-1.22.0-alpha.jar;C:\Users\Bunayya Zulfikar\.m2\repository\io\opentelemetry\opentelemetry-api-logs\1.22.0-alpha\opentelemetry-api-logs-1.22.0-alpha.jar;C:\Users\Bunayya Zulfikar\.m2\repository\io\opentelemetry\opentelemetry-sdk-common\1.22.0\opentelemetry-sdk-common-1.22.0.jar;C:\Users\Bunayya Zulfikar\.m2\repository\io\opentelemetry\opentelemetry-sdk-extension-autoconfigure-spi\1.22.0\opentelemetry-sdk-extension-autoconfigure-spi-1.22.0.jar;C:\Users\Bunayya Zulfikar\.m2\repository\io\opentelemetry\opentelemetry-sdk-extension-autoconfigure\1.22.0-alpha\opentelemetry-sdk-extension-autoconfigure-1.22.0-alpha.jar;C:\Users\Bunayya Zulfikar\.m2\repository\io\opentelemetry\opentelemetry-sdk-trace\1.22.0\opentelemetry-sdk-trace-1.22.0.jar;C:\Users\Bunayya Zulfikar\.m2\repository\io\opentelemetry\opentelemetry-sdk\1.22.0\opentelemetry-sdk-1.22.0.jar;C:\Users\Bunayya Zulfikar\.m2\repository\io\opentelemetry\opentelemetry-semconv\1.22.0-alpha\opentelemetry-semconv-1.22.0-alpha.jar;C:\Users\Bunayya Zulfikar\.m2\repository\io\ous\jtoml\2.0.0\jtoml-2.0.0.jar;C:\Users\Bunayya Zulfikar\.m2\repository\org\apache\commons\commons-exec\1.3\commons-exec-1.3.jar;C:\Users\Bunayya Zulfikar\.m2\repository\org\asynchttpclient\async-http-client\2.12.3\async-http-client-2.12.3.jar;C:\Users\Bunayya Zulfikar\.m2\repository\org\asynchttpclient\async-http-client-netty-utils\2.12.3\async-http-client-netty-utils-2.12.3.jar;C:\Users\Bunayya Zulfikar\.m2\repository\io\netty\netty-codec-socks\4.1.60.Final\netty-codec-socks-4.1.60.Final.jar;C:\Users\Bunayya Zulfikar\.m2\repository\io\netty\netty-handler-proxy\4.1.60.Final\netty-handler-proxy-4.1.60.Final.jar;C:\Users\Bunayya Zulfikar\.m2\repository\io\netty\netty-transport-native-epoll\4.1.60.Final\netty-transport-native-epoll-4.1.60.Final-linux-x86_64.jar;C:\Users\Bunayya Zulfikar\.m2\repository\io\netty\netty-transport-native-kqueue\4.1.60.Final\netty-transport-native-kqueue-4.1.60.Final-osx-x86_64.jar;C:\Users\Bunayya Zulfikar\.m2\repository\org\reactivestreams\reactive-streams\1.0.3\reactive-streams-1.0.3.jar;C:\Users\Bunayya Zulfikar\.m2\repository\com\typesafe\netty\netty-reactive-streams\2.0.4\netty-reactive-streams-2.0.4.jar;C:\Users\Bunayya Zulfikar\.m2\repository\org\seleniumhq\selenium\selenium-manager\4.8.1\selenium-manager-4.8.1.jar;C:\Users\Bunayya Zulfikar\.m2\repository\org\seleniumhq\selenium\selenium-safari-driver\4.8.1\selenium-safari-driver-4.8.1.jar;C:\Users\Bunayya Zulfikar\.m2\repository\org\seleniumhq\selenium\selenium-api\4.8.1\selenium-api-4.8.1.jar;C:\Users\Bunayya Zulfikar\.m2\repository\org\seleniumhq\selenium\selenium-support\4.8.1\selenium-support-4.8.1.jar;C:\Users\Bunayya Zulfikar\.m2\repository\com\google\auto\service\auto-service-annotations\1.0.1\auto-service-annotations-1.0.1.jar;C:\Users\Bunayya Zulfikar\.m2\repository\com\google\auto\service\auto-service\1.0.1\auto-service-1.0.1.jar;C:\Users\Bunayya Zulfikar\.m2\repository\com\google\auto\auto-common\1.2\auto-common-1.2.jar;C:\Users\Bunayya Zulfikar\.m2\repository\org\seleniumhq\selenium\selenium-json\4.8.1\selenium-json-4.8.1.jar;C:\Users\Bunayya Zulfikar\.m2\repository\org\seleniumhq\selenium\selenium-chrome-driver\4.8.1\selenium-chrome-driver-4.8.1.jar;C:\Users\Bunayya Zulfikar\.m2\repository\org\seleniumhq\selenium\selenium-chromium-driver\4.8.1\selenium-chromium-driver-4.8.1.jar;C:\Users\Bunayya Zulfikar\.m2\repository\org\seleniumhq\selenium\selenium-firefox-driver\4.8.1\selenium-firefox-driver-4.8.1.jar;C:\Users\Bunayya Zulfikar\.m2\repository\org\seleniumhq\selenium\selenium-http\4.8.1\selenium-http-4.8.1.jar;C:\Users\Bunayya Zulfikar\.m2\repository\dev\failsafe\failsafe\3.3.0\failsafe-3.3.0.jar;C:\Users\Bunayya Zulfikar\.m2\repository\org\seleniumhq\selenium\selenium-edge-driver\4.8.1\selenium-edge-driver-4.8.1.jar;C:\Users\Bunayya Zulfikar\.m2\repository\org\seleniumhq\selenium\selenium-ie-driver\4.8.1\selenium-ie-driver-4.8.1.jar;C:\Users\Bunayya Zulfikar\.m2\repository\org\projectlombok\lombok\1.18.20\lombok-1.18.20.jar;C:\Users\Bunayya Zulfikar\.m2\repository\io\appium\java-client\8.3.0\java-client-8.3.0.jar;C:\Users\Bunayya Zulfikar\.m2\repository\commons-validator\commons-validator\1.7\commons-validator-1.7.jar;C:\Users\Bunayya Zulfikar\.m2\repository\commons-digester\commons-digester\2.1\commons-digester-2.1.jar;C:\Users\Bunayya Zulfikar\.m2\repository\org\apache\groovy\groovy\4.0.10\groovy-4.0.10.jar;C:\Users\Bunayya Zulfikar\.m2\repository\net\sf\opencsv\opencsv\2.0\opencsv-2.0.jar;C:\Users\Bunayya Zulfikar\.m2\repository\commons-beanutils\commons-beanutils\1.9.4\commons-beanutils-1.9.4.jar;C:\Users\Bunayya Zulfikar\.m2\repository\org\apache\commons\commons-lang3\3.12.0\commons-lang3-3.12.0.jar;C:\Users\Bunayya Zulfikar\.m2\repository\commons-collections\commons-collections\3.2.2\commons-collections-3.2.2.jar;C:\Users\Bunayya Zulfikar\.m2\repository\org\fluentlenium\fluentlenium-core\0.10.2\fluentlenium-core-0.10.2.jar;C:\Users\Bunayya Zulfikar\.m2\repository\io\github\bonigarcia\webdrivermanager\5.3.0\webdrivermanager-5.3.0.jar;C:\Users\Bunayya Zulfikar\.m2\repository\com\github\docker-java\docker-java\3.2.13\docker-java-3.2.13.jar;C:\Users\Bunayya Zulfikar\.m2\repository\com\github\docker-java\docker-java-core\3.2.13\docker-java-core-3.2.13.jar;C:\Users\Bunayya Zulfikar\.m2\repository\com\github\docker-java\docker-java-api\3.2.13\docker-java-api-3.2.13.jar;C:\Users\Bunayya Zulfikar\.m2\repository\org\apache\commons\commons-compress\1.21\commons-compress-1.21.jar;C:\Users\Bunayya Zulfikar\.m2\repository\org\bouncycastle\bcpkix-jdk15on\1.64\bcpkix-jdk15on-1.64.jar;C:\Users\Bunayya Zulfikar\.m2\repository\org\bouncycastle\bcprov-jdk15on\1.64\bcprov-jdk15on-1.64.jar;C:\Users\Bunayya Zulfikar\.m2\repository\org\slf4j\jcl-over-slf4j\1.7.30\jcl-over-slf4j-1.7.30.jar;C:\Users\Bunayya Zulfikar\.m2\repository\com\github\docker-java\docker-java-transport-httpclient5\3.2.13\docker-java-transport-httpclient5-3.2.13.jar;C:\Users\Bunayya Zulfikar\.m2\repository\com\github\docker-java\docker-java-transport\3.2.13\docker-java-transport-3.2.13.jar;C:\Users\Bunayya Zulfikar\.m2\repository\net\java\dev\jna\jna\5.8.0\jna-5.8.0.jar;C:\Users\Bunayya Zulfikar\.m2\repository\org\brotli\dec\0.1.2\dec-0.1.2.jar;C:\Users\Bunayya Zulfikar\.m2\repository\org\apache\httpcomponents\client5\httpclient5\5.1.3\httpclient5-5.1.3.jar;C:\Users\Bunayya Zulfikar\.m2\repository\org\apache\httpcomponents\core5\httpcore5\5.1.3\httpcore5-5.1.3.jar;C:\Users\Bunayya Zulfikar\.m2\repository\org\apache\httpcomponents\core5\httpcore5-h2\5.1.3\httpcore5-h2-5.1.3.jar;C:\Users\Bunayya Zulfikar\.m2\repository\com\jhlabs\filters\2.0.235\filters-2.0.235.jar;C:\Users\Bunayya Zulfikar\.m2\repository\com\paulhammant\ngwebdriver\1.1.6\ngwebdriver-1.1.6.jar;C:\Users\Bunayya Zulfikar\.m2\repository\joda-time\joda-time\2.12.2\joda-time-2.12.2.jar;C:\Users\Bunayya Zulfikar\.m2\repository\org\hamcrest\hamcrest\2.2\hamcrest-2.2.jar;C:\Users\Bunayya Zulfikar\.m2\repository\com\google\jimfs\jimfs\1.2\jimfs-1.2.jar;C:\Users\Bunayya Zulfikar\.m2\repository\org\mockito\mockito-core\3.3.3\mockito-core-3.3.3.jar;C:\Users\Bunayya Zulfikar\.m2\repository\javax\xml\bind\jaxb-api\2.3.1\jaxb-api-2.3.1.jar;C:\Users\Bunayya Zulfikar\.m2\repository\javax\activation\javax.activation-api\1.2.0\javax.activation-api-1.2.0.jar;C:\Users\Bunayya Zulfikar\.m2\repository\com\sun\xml\bind\jaxb-core\2.3.0.1\jaxb-core-2.3.0.1.jar;C:\Users\Bunayya Zulfikar\.m2\repository\com\sun\xml\bind\jaxb-impl\2.3.3\jaxb-impl-2.3.3.jar;C:\Users\Bunayya Zulfikar\.m2\repository\jakarta\xml\bind\jakarta.xml.bind-api\2.3.3\jakarta.xml.bind-api-2.3.3.jar;C:\Users\Bunayya Zulfikar\.m2\repository\com\sun\activation\jakarta.activation\1.2.2\jakarta.activation-1.2.2.jar;C:\Users\Bunayya Zulfikar\.m2\repository\javax\activation\activation\1.1.1\activation-1.1.1.jar;C:\Users\Bunayya Zulfikar\.m2\repository\net\serenity-bdd\serenity-cucumber\3.6.21\serenity-cucumber-3.6.21.jar;C:\Users\Bunayya Zulfikar\.m2\repository\io\cucumber\cucumber-core\7.11.0\cucumber-core-7.11.0.jar;C:\Users\Bunayya Zulfikar\.m2\repository\io\cucumber\cucumber-gherkin\7.11.0\cucumber-gherkin-7.11.0.jar;C:\Users\Bunayya Zulfikar\.m2\repository\io\cucumber\cucumber-gherkin-messages\7.11.0\cucumber-gherkin-messages-7.11.0.jar;C:\Users\Bunayya Zulfikar\.m2\repository\io\cucumber\gherkin\26.0.3\gherkin-26.0.3.jar;C:\Users\Bunayya Zulfikar\.m2\repository\io\cucumber\messages\21.0.1\messages-21.0.1.jar;C:\Users\Bunayya Zulfikar\.m2\repository\io\cucumber\tag-expressions\5.0.1\tag-expressions-5.0.1.jar;C:\Users\Bunayya Zulfikar\.m2\repository\io\cucumber\cucumber-expressions\16.1.1\cucumber-expressions-16.1.1.jar;C:\Users\Bunayya Zulfikar\.m2\repository\io\cucumber\datatable\7.11.0\datatable-7.11.0.jar;C:\Users\Bunayya Zulfikar\.m2\repository\io\cucumber\cucumber-plugin\7.11.0\cucumber-plugin-7.11.0.jar;C:\Users\Bunayya Zulfikar\.m2\repository\io\cucumber\docstring\7.11.0\docstring-7.11.0.jar;C:\Users\Bunayya Zulfikar\.m2\repository\io\cucumber\html-formatter\20.2.1\html-formatter-20.2.1.jar;C:\Users\Bunayya Zulfikar\.m2\repository\io\cucumber\junit-xml-formatter\0.1.0\junit-xml-formatter-0.1.0.jar;C:\Users\Bunayya Zulfikar\.m2\repository\io\cucumber\ci-environment\9.1.0\ci-environment-9.1.0.jar;C:\Users\Bunayya Zulfikar\.m2\repository\io\cucumber\cucumber-java\7.11.0\cucumber-java-7.11.0.jar;C:\Users\Bunayya Zulfikar\.m2\repository\io\cucumber\cucumber-junit\7.11.0\cucumber-junit-7.11.0.jar;C:\Users\Bunayya Zulfikar\.m2\repository\org\apache\commons\commons-csv\1.5\commons-csv-1.5.jar;C:\Users\Bunayya Zulfikar\.m2\repository\net\serenity-bdd\serenity-screenplay\3.6.21\serenity-screenplay-3.6.21.jar;C:\Users\Bunayya Zulfikar\.m2\repository\net\serenity-bdd\serenity-screenplay-webdriver\3.6.21\serenity-screenplay-webdriver-3.6.21.jar;C:\Users\Bunayya Zulfikar\.m2\repository\net\serenity-bdd\serenity-ensure\3.6.21\serenity-ensure-3.6.21.jar;C:\Users\Bunayya Zulfikar\.m2\repository\net\serenity-bdd\serenity-junit\3.6.21\serenity-junit-3.6.21.jar;C:\Users\Bunayya Zulfikar\.m2\repository\org\jetbrains\kotlin\kotlin-stdlib\1.8.10\kotlin-stdlib-1.8.10.jar;C:\Users\Bunayya Zulfikar\.m2\repository\org\jetbrains\kotlin\kotlin-stdlib-common\1.8.10\kotlin-stdlib-common-1.8.10.jar;C:\Users\Bunayya Zulfikar\.m2\repository\org\jetbrains\annotations\13.0\annotations-13.0.jar;C:\Users\Bunayya Zulfikar\.m2\repository\org\junit\platform\junit-platform-launcher\1.8.2\junit-platform-launcher-1.8.2.jar;C:\Users\Bunayya Zulfikar\.m2\repository\org\junit\platform\junit-platform-engine\1.8.2\junit-platform-engine-1.8.2.jar;C:\Users\Bunayya Zulfikar\.m2\repository\org\opentest4j\opentest4j\1.2.0\opentest4j-1.2.0.jar;C:\Users\Bunayya Zulfikar\.m2\repository\org\junit\platform\junit-platform-commons\1.8.2\junit-platform-commons-1.8.2.jar;C:\Users\Bunayya Zulfikar\.m2\repository\org\apiguardian\apiguardian-api\1.1.2\apiguardian-api-1.1.2.jar;C:\Users\Bunayya Zulfikar\.m2\repository\org\junit\jupiter\junit-jupiter-engine\5.8.2\junit-jupiter-engine-5.8.2.jar;C:\Users\Bunayya Zulfikar\.m2\repository\org\junit\jupiter\junit-jupiter-api\5.8.2\junit-jupiter-api-5.8.2.jar;C:\Users\Bunayya Zulfikar\.m2\repository\org\junit\vintage\junit-vintage-engine\5.8.2\junit-vintage-engine-5.8.2.jar;C:\Users\Bunayya Zulfikar\.m2\repository\junit\junit\4.13.2\junit-4.13.2.jar;C:\Users\Bunayya Zulfikar\.m2\repository\org\hamcrest\hamcrest-core\1.3\hamcrest-core-1.3.jar;C:\Users\Bunayya Zulfikar\.m2\repository\ch\qos\logback\logback-classic\1.2.10\logback-classic-1.2.10.jar;C:\Users\Bunayya Zulfikar\.m2\repository\ch\qos\logback\logback-core\1.2.10\logback-core-1.2.10.jar;C:\Users\Bunayya Zulfikar\.m2\repository\org\slf4j\slf4j-api\1.7.32\slf4j-api-1.7.32.jar;C:\Users\Bunayya Zulfikar\.m2\repository\org\assertj\assertj-core\3.23.1\assertj-core-3.23.1.jar;C:\Users\Bunayya Zulfikar\.m2\repository\net\bytebuddy\byte-buddy\1.12.10\byte-buddy-1.12.10.jar;"/>
    <property name="sun.cpu.endian" value="little"/>
    <property name="user.home" value="C:\Users\Bunayya Zulfikar"/>
    <property name="user.language" value="en"/>
    <property name="java.specification.vendor" value="Oracle Corporation"/>
    <property name="jdk.module.path" value="C:\Users\Bunayya Zulfikar\Downloads\Compressed\zip\Prioritas2\alta\target\alta-1.0-SNAPSHOT.jar"/>
    <property name="java.version.date" value="2022-04-22"/>
    <property name="java.home" value="C:\Program Files\java-se-8u41-ri"/>
    <property name="file.separator" value="\"/>
    <property name="basedir" value="C:\Users\Bunayya Zulfikar\Downloads\Compressed\zip\Prioritas2\alta"/>
    <property name="java.vm.compressedOopsMode" value="Zero based"/>
    <property name="line.separator" value="&#10;"/>
    <property name="java.vm.specification.vendor" value="Oracle Corporation"/>
    <property name="java.specification.name" value="Java Platform API Specification"/>
    <property name="surefire.real.class.path" value="C:\Users\Bunayya Zulfikar\.m2\repository\org\apache\maven\surefire\surefire-booter\3.0.0-M5\surefire-booter-3.0.0-M5.jar;C:\Users\Bunayya Zulfikar\.m2\repository\org\apache\maven\surefire\surefire-api\3.0.0-M5\surefire-api-3.0.0-M5.jar;C:\Users\Bunayya Zulfikar\.m2\repository\org\apache\maven\surefire\surefire-logger-api\3.0.0-M5\surefire-logger-api-3.0.0-M5.jar;C:\Users\Bunayya Zulfikar\.m2\repository\org\apache\maven\surefire\surefire-shared-utils\3.0.0-M4\surefire-shared-utils-3.0.0-M4.jar;C:\Users\Bunayya Zulfikar\.m2\repository\org\apache\maven\surefire\surefire-extensions-spi\3.0.0-M5\surefire-extensions-spi-3.0.0-M5.jar;C:\Users\Bunayya Zulfikar\Downloads\Compressed\zip\Prioritas2\alta\target\test-classes;C:\Users\Bunayya Zulfikar\.m2\repository\net\serenity-bdd\serenity-core\3.6.21\serenity-core-3.6.21.jar;C:\Users\Bunayya Zulfikar\.m2\repository\net\serenity-bdd\serenity-model\3.6.21\serenity-model-3.6.21.jar;C:\Users\Bunayya Zulfikar\.m2\repository\org\apache\commons\commons-text\1.10.0\commons-text-1.10.0.jar;C:\Users\Bunayya Zulfikar\.m2\repository\commons-net\commons-net\3.9.0\commons-net-3.9.0.jar;C:\Users\Bunayya Zulfikar\.m2\repository\com\google\guava\guava\31.1-jre\guava-31.1-jre.jar;C:\Users\Bunayya Zulfikar\.m2\repository\com\google\guava\failureaccess\1.0.1\failureaccess-1.0.1.jar;C:\Users\Bunayya Zulfikar\.m2\repository\com\google\guava\listenablefuture\9999.0-empty-to-avoid-conflict-with-guava\listenablefuture-9999.0-empty-to-avoid-conflict-with-guava.jar;C:\Users\Bunayya Zulfikar\.m2\repository\com\google\code\findbugs\jsr305\3.0.2\jsr305-3.0.2.jar;C:\Users\Bunayya Zulfikar\.m2\repository\org\checkerframework\checker-qual\3.12.0\checker-qual-3.12.0.jar;C:\Users\Bunayya Zulfikar\.m2\repository\com\google\errorprone\error_prone_annotations\2.11.0\error_prone_annotations-2.11.0.jar;C:\Users\Bunayya Zulfikar\.m2\repository\com\google\j2objc\j2objc-annotations\1.3\j2objc-annotations-1.3.jar;C:\Users\Bunayya Zulfikar\.m2\repository\com\google\inject\guice\5.1.0\guice-5.1.0.jar;C:\Users\Bunayya Zulfikar\.m2\repository\javax\inject\javax.inject\1\javax.inject-1.jar;C:\Users\Bunayya Zulfikar\.m2\repository\aopalliance\aopalliance\1.0\aopalliance-1.0.jar;C:\Users\Bunayya Zulfikar\.m2\repository\org\jsoup\jsoup\1.14.3\jsoup-1.14.3.jar;C:\Users\Bunayya Zulfikar\.m2\repository\com\thoughtworks\xstream\xstream\1.4.20\xstream-1.4.20.jar;C:\Users\Bunayya Zulfikar\.m2\repository\io\github\x-stream\mxparser\1.2.2\mxparser-1.2.2.jar;C:\Users\Bunayya Zulfikar\.m2\repository\xmlpull\xmlpull\1.1.3.1\xmlpull-1.1.3.1.jar;C:\Users\Bunayya Zulfikar\.m2\repository\com\typesafe\config\1.4.2\config-1.4.2.jar;C:\Users\Bunayya Zulfikar\.m2\repository\org\imgscalr\imgscalr-lib\4.2\imgscalr-lib-4.2.jar;C:\Users\Bunayya Zulfikar\.m2\repository\org\awaitility\awaitility\4.2.0\awaitility-4.2.0.jar;C:\Users\Bunayya Zulfikar\.m2\repository\org\freemarker\freemarker\2.3.31\freemarker-2.3.31.jar;C:\Users\Bunayya Zulfikar\.m2\repository\io\github\classgraph\classgraph\4.8.138\classgraph-4.8.138.jar;C:\Users\Bunayya Zulfikar\.m2\repository\net\sourceforge\jexcelapi\jxl\2.6.12\jxl-2.6.12.jar;C:\Users\Bunayya Zulfikar\.m2\repository\net\bytebuddy\byte-buddy-agent\1.14.2\byte-buddy-agent-1.14.2.jar;C:\Users\Bunayya Zulfikar\.m2\repository\org\objenesis\objenesis\3.3\objenesis-3.3.jar;C:\Users\Bunayya Zulfikar\.m2\repository\net\serenity-bdd\serenity-reports\3.6.21\serenity-reports-3.6.21.jar;C:\Users\Bunayya Zulfikar\.m2\repository\net\serenity-bdd\serenity-stats\3.6.21\serenity-stats-3.6.21.jar;C:\Users\Bunayya Zulfikar\.m2\repository\net\serenity-bdd\serenity-reports-configuration\3.6.21\serenity-reports-configuration-3.6.21.jar;C:\Users\Bunayya Zulfikar\.m2\repository\com\vladsch\flexmark\flexmark-all\0.62.2\flexmark-all-0.62.2.jar;C:\Users\Bunayya Zulfikar\.m2\repository\com\vladsch\flexmark\flexmark\0.62.2\flexmark-0.62.2.jar;C:\Users\Bunayya Zulfikar\.m2\repository\com\vladsch\flexmark\flexmark-ext-abbreviation\0.62.2\flexmark-ext-abbreviation-0.62.2.jar;C:\Users\Bunayya Zulfikar\.m2\repository\com\vladsch\flexmark\flexmark-util\0.62.2\flexmark-util-0.62.2.jar;C:\Users\Bunayya Zulfikar\.m2\repository\com\vladsch\flexmark\flexmark-ext-admonition\0.62.2\flexmark-ext-admonition-0.62.2.jar;C:\Users\Bunayya Zulfikar\.m2\repository\com\vladsch\flexmark\flexmark-ext-anchorlink\0.62.2\flexmark-ext-anchorlink-0.62.2.jar;C:\Users\Bunayya Zulfikar\.m2\repository\com\vladsch\flexmark\flexmark-ext-aside\0.62.2\flexmark-ext-aside-0.62.2.jar;C:\Users\Bunayya Zulfikar\.m2\repository\com\vladsch\flexmark\flexmark-ext-attributes\0.62.2\flexmark-ext-attributes-0.62.2.jar;C:\Users\Bunayya Zulfikar\.m2\repository\com\vladsch\flexmark\flexmark-ext-autolink\0.62.2\flexmark-ext-autolink-0.62.2.jar;C:\Users\Bunayya Zulfikar\.m2\repository\org\nibor\autolink\autolink\0.6.0\autolink-0.6.0.jar;C:\Users\Bunayya Zulfikar\.m2\repository\com\vladsch\flexmark\flexmark-ext-definition\0.62.2\flexmark-ext-definition-0.62.2.jar;C:\Users\Bunayya Zulfikar\.m2\repository\com\vladsch\flexmark\flexmark-ext-emoji\0.62.2\flexmark-ext-emoji-0.62.2.jar;C:\Users\Bunayya Zulfikar\.m2\repository\com\vladsch\flexmark\flexmark-ext-enumerated-reference\0.62.2\flexmark-ext-enumerated-reference-0.62.2.jar;C:\Users\Bunayya Zulfikar\.m2\repository\com\vladsch\flexmark\flexmark-ext-escaped-character\0.62.2\flexmark-ext-escaped-character-0.62.2.jar;C:\Users\Bunayya Zulfikar\.m2\repository\com\vladsch\flexmark\flexmark-ext-footnotes\0.62.2\flexmark-ext-footnotes-0.62.2.jar;C:\Users\Bunayya Zulfikar\.m2\repository\com\vladsch\flexmark\flexmark-ext-gfm-issues\0.62.2\flexmark-ext-gfm-issues-0.62.2.jar;C:\Users\Bunayya Zulfikar\.m2\repository\com\vladsch\flexmark\flexmark-ext-gfm-strikethrough\0.62.2\flexmark-ext-gfm-strikethrough-0.62.2.jar;C:\Users\Bunayya Zulfikar\.m2\repository\com\vladsch\flexmark\flexmark-ext-gfm-tasklist\0.62.2\flexmark-ext-gfm-tasklist-0.62.2.jar;C:\Users\Bunayya Zulfikar\.m2\repository\com\vladsch\flexmark\flexmark-ext-gfm-users\0.62.2\flexmark-ext-gfm-users-0.62.2.jar;C:\Users\Bunayya Zulfikar\.m2\repository\com\vladsch\flexmark\flexmark-ext-gitlab\0.62.2\flexmark-ext-gitlab-0.62.2.jar;C:\Users\Bunayya Zulfikar\.m2\repository\com\vladsch\flexmark\flexmark-ext-jekyll-front-matter\0.62.2\flexmark-ext-jekyll-front-matter-0.62.2.jar;C:\Users\Bunayya Zulfikar\.m2\repository\com\vladsch\flexmark\flexmark-ext-jekyll-tag\0.62.2\flexmark-ext-jekyll-tag-0.62.2.jar;C:\Users\Bunayya Zulfikar\.m2\repository\com\vladsch\flexmark\flexmark-ext-media-tags\0.62.2\flexmark-ext-media-tags-0.62.2.jar;C:\Users\Bunayya Zulfikar\.m2\repository\com\vladsch\flexmark\flexmark-ext-macros\0.62.2\flexmark-ext-macros-0.62.2.jar;C:\Users\Bunayya Zulfikar\.m2\repository\com\vladsch\flexmark\flexmark-ext-ins\0.62.2\flexmark-ext-ins-0.62.2.jar;C:\Users\Bunayya Zulfikar\.m2\repository\com\vladsch\flexmark\flexmark-ext-xwiki-macros\0.62.2\flexmark-ext-xwiki-macros-0.62.2.jar;C:\Users\Bunayya Zulfikar\.m2\repository\com\vladsch\flexmark\flexmark-ext-superscript\0.62.2\flexmark-ext-superscript-0.62.2.jar;C:\Users\Bunayya Zulfikar\.m2\repository\com\vladsch\flexmark\flexmark-ext-tables\0.62.2\flexmark-ext-tables-0.62.2.jar;C:\Users\Bunayya Zulfikar\.m2\repository\com\vladsch\flexmark\flexmark-ext-toc\0.62.2\flexmark-ext-toc-0.62.2.jar;C:\Users\Bunayya Zulfikar\.m2\repository\com\vladsch\flexmark\flexmark-ext-typographic\0.62.2\flexmark-ext-typographic-0.62.2.jar;C:\Users\Bunayya Zulfikar\.m2\repository\com\vladsch\flexmark\flexmark-ext-wikilink\0.62.2\flexmark-ext-wikilink-0.62.2.jar;C:\Users\Bunayya Zulfikar\.m2\repository\com\vladsch\flexmark\flexmark-ext-yaml-front-matter\0.62.2\flexmark-ext-yaml-front-matter-0.62.2.jar;C:\Users\Bunayya Zulfikar\.m2\repository\com\vladsch\flexmark\flexmark-ext-youtube-embedded\0.62.2\flexmark-ext-youtube-embedded-0.62.2.jar;C:\Users\Bunayya Zulfikar\.m2\repository\com\vladsch\flexmark\flexmark-html2md-converter\0.62.2\flexmark-html2md-converter-0.62.2.jar;C:\Users\Bunayya Zulfikar\.m2\repository\com\vladsch\flexmark\flexmark-jira-converter\0.62.2\flexmark-jira-converter-0.62.2.jar;C:\Users\Bunayya Zulfikar\.m2\repository\com\vladsch\flexmark\flexmark-pdf-converter\0.62.2\flexmark-pdf-converter-0.62.2.jar;C:\Users\Bunayya Zulfikar\.m2\repository\com\openhtmltopdf\openhtmltopdf-core\1.0.0\openhtmltopdf-core-1.0.0.jar;C:\Users\Bunayya Zulfikar\.m2\repository\com\openhtmltopdf\openhtmltopdf-pdfbox\1.0.0\openhtmltopdf-pdfbox-1.0.0.jar;C:\Users\Bunayya Zulfikar\.m2\repository\org\apache\pdfbox\pdfbox\2.0.16\pdfbox-2.0.16.jar;C:\Users\Bunayya Zulfikar\.m2\repository\org\apache\pdfbox\fontbox\2.0.16\fontbox-2.0.16.jar;C:\Users\Bunayya Zulfikar\.m2\repository\org\apache\pdfbox\xmpbox\2.0.16\xmpbox-2.0.16.jar;C:\Users\Bunayya Zulfikar\.m2\repository\de\rototor\pdfbox\graphics2d\0.24\graphics2d-0.24.jar;C:\Users\Bunayya Zulfikar\.m2\repository\com\openhtmltopdf\openhtmltopdf-rtl-support\1.0.0\openhtmltopdf-rtl-support-1.0.0.jar;C:\Users\Bunayya Zulfikar\.m2\repository\com\openhtmltopdf\openhtmltopdf-jsoup-dom-converter\1.0.0\openhtmltopdf-jsoup-dom-converter-1.0.0.jar;C:\Users\Bunayya Zulfikar\.m2\repository\com\vladsch\flexmark\flexmark-profile-pegdown\0.62.2\flexmark-profile-pegdown-0.62.2.jar;C:\Users\Bunayya Zulfikar\.m2\repository\com\vladsch\flexmark\flexmark-util-ast\0.62.2\flexmark-util-ast-0.62.2.jar;C:\Users\Bunayya Zulfikar\.m2\repository\com\vladsch\flexmark\flexmark-util-builder\0.62.2\flexmark-util-builder-0.62.2.jar;C:\Users\Bunayya Zulfikar\.m2\repository\com\vladsch\flexmark\flexmark-util-collection\0.62.2\flexmark-util-collection-0.62.2.jar;C:\Users\Bunayya Zulfikar\.m2\repository\com\vladsch\flexmark\flexmark-util-data\0.62.2\flexmark-util-data-0.62.2.jar;C:\Users\Bunayya Zulfikar\.m2\repository\com\vladsch\flexmark\flexmark-util-dependency\0.62.2\flexmark-util-dependency-0.62.2.jar;C:\Users\Bunayya Zulfikar\.m2\repository\com\vladsch\flexmark\flexmark-util-format\0.62.2\flexmark-util-format-0.62.2.jar;C:\Users\Bunayya Zulfikar\.m2\repository\com\vladsch\flexmark\flexmark-util-html\0.62.2\flexmark-util-html-0.62.2.jar;C:\Users\Bunayya Zulfikar\.m2\repository\com\vladsch\flexmark\flexmark-util-misc\0.62.2\flexmark-util-misc-0.62.2.jar;C:\Users\Bunayya Zulfikar\.m2\repository\com\vladsch\flexmark\flexmark-util-options\0.62.2\flexmark-util-options-0.62.2.jar;C:\Users\Bunayya Zulfikar\.m2\repository\com\vladsch\flexmark\flexmark-util-sequence\0.62.2\flexmark-util-sequence-0.62.2.jar;C:\Users\Bunayya Zulfikar\.m2\repository\com\vladsch\flexmark\flexmark-util-visitor\0.62.2\flexmark-util-visitor-0.62.2.jar;C:\Users\Bunayya Zulfikar\.m2\repository\com\vladsch\flexmark\flexmark-youtrack-converter\0.62.2\flexmark-youtrack-converter-0.62.2.jar;C:\Users\Bunayya Zulfikar\.m2\repository\com\ibm\icu\icu4j\72.1\icu4j-72.1.jar;C:\Users\Bunayya Zulfikar\.m2\repository\es\nitaur\markdown\txtmark\0.16\txtmark-0.16.jar;C:\Users\Bunayya Zulfikar\.m2\repository\net\serenity-bdd\serenity-report-resources\3.6.21\serenity-report-resources-3.6.21.jar;C:\Users\Bunayya Zulfikar\.m2\repository\com\google\code\gson\gson\2.10.1\gson-2.10.1.jar;C:\Users\Bunayya Zulfikar\.m2\repository\com\fasterxml\jackson\core\jackson-core\2.15.0-rc1\jackson-core-2.15.0-rc1.jar;C:\Users\Bunayya Zulfikar\.m2\repository\com\fasterxml\jackson\core\jackson-databind\2.15.0-rc1\jackson-databind-2.15.0-rc1.jar;C:\Users\Bunayya Zulfikar\.m2\repository\com\fasterxml\jackson\core\jackson-annotations\2.15.0-rc1\jackson-annotations-2.15.0-rc1.jar;C:\Users\Bunayya Zulfikar\.m2\repository\commons-codec\commons-codec\1.15\commons-codec-1.15.jar;C:\Users\Bunayya Zulfikar\.m2\repository\commons-io\commons-io\2.11.0\commons-io-2.11.0.jar;C:\Users\Bunayya Zulfikar\.m2\repository\org\apache\httpcomponents\httpclient\4.5.13\httpclient-4.5.13.jar;C:\Users\Bunayya Zulfikar\.m2\repository\org\apache\httpcomponents\httpcore\4.4.13\httpcore-4.4.13.jar;C:\Users\Bunayya Zulfikar\.m2\repository\commons-logging\commons-logging\1.2\commons-logging-1.2.jar;C:\Users\Bunayya Zulfikar\.m2\repository\org\seleniumhq\selenium\selenium-java\4.8.1\selenium-java-4.8.1.jar;C:\Users\Bunayya Zulfikar\.m2\repository\org\seleniumhq\selenium\selenium-devtools-v108\4.8.1\selenium-devtools-v108-4.8.1.jar;C:\Users\Bunayya Zulfikar\.m2\repository\org\seleniumhq\selenium\selenium-devtools-v109\4.8.1\selenium-devtools-v109-4.8.1.jar;C:\Users\Bunayya Zulfikar\.m2\repository\org\seleniumhq\selenium\selenium-devtools-v110\4.8.1\selenium-devtools-v110-4.8.1.jar;C:\Users\Bunayya Zulfikar\.m2\repository\org\seleniumhq\selenium\selenium-devtools-v85\4.8.1\selenium-devtools-v85-4.8.1.jar;C:\Users\Bunayya Zulfikar\.m2\repository\org\seleniumhq\selenium\selenium-remote-driver\4.8.1\selenium-remote-driver-4.8.1.jar;C:\Users\Bunayya Zulfikar\.m2\repository\com\beust\jcommander\1.82\jcommander-1.82.jar;C:\Users\Bunayya Zulfikar\.m2\repository\io\netty\netty-buffer\4.1.87.Final\netty-buffer-4.1.87.Final.jar;C:\Users\Bunayya Zulfikar\.m2\repository\io\netty\netty-codec-http\4.1.87.Final\netty-codec-http-4.1.87.Final.jar;C:\Users\Bunayya Zulfikar\.m2\repository\io\netty\netty-codec\4.1.87.Final\netty-codec-4.1.87.Final.jar;C:\Users\Bunayya Zulfikar\.m2\repository\io\netty\netty-handler\4.1.87.Final\netty-handler-4.1.87.Final.jar;C:\Users\Bunayya Zulfikar\.m2\repository\io\netty\netty-common\4.1.87.Final\netty-common-4.1.87.Final.jar;C:\Users\Bunayya Zulfikar\.m2\repository\io\netty\netty-transport-classes-epoll\4.1.87.Final\netty-transport-classes-epoll-4.1.87.Final.jar;C:\Users\Bunayya Zulfikar\.m2\repository\io\netty\netty-transport-classes-kqueue\4.1.87.Final\netty-transport-classes-kqueue-4.1.87.Final.jar;C:\Users\Bunayya Zulfikar\.m2\repository\io\netty\netty-transport-native-epoll\4.1.87.Final\netty-transport-native-epoll-4.1.87.Final.jar;C:\Users\Bunayya Zulfikar\.m2\repository\io\netty\netty-transport-native-kqueue\4.1.87.Final\netty-transport-native-kqueue-4.1.87.Final.jar;C:\Users\Bunayya Zulfikar\.m2\repository\io\netty\netty-transport-native-unix-common\4.1.87.Final\netty-transport-native-unix-common-4.1.87.Final.jar;C:\Users\Bunayya Zulfikar\.m2\repository\io\netty\netty-transport\4.1.87.Final\netty-transport-4.1.87.Final.jar;C:\Users\Bunayya Zulfikar\.m2\repository\io\netty\netty-resolver\4.1.87.Final\netty-resolver-4.1.87.Final.jar;C:\Users\Bunayya Zulfikar\.m2\repository\io\opentelemetry\opentelemetry-api\1.22.0\opentelemetry-api-1.22.0.jar;C:\Users\Bunayya Zulfikar\.m2\repository\io\opentelemetry\opentelemetry-context\1.22.0\opentelemetry-context-1.22.0.jar;C:\Users\Bunayya Zulfikar\.m2\repository\io\opentelemetry\opentelemetry-exporter-logging\1.22.0\opentelemetry-exporter-logging-1.22.0.jar;C:\Users\Bunayya Zulfikar\.m2\repository\io\opentelemetry\opentelemetry-sdk-metrics\1.22.0\opentelemetry-sdk-metrics-1.22.0.jar;C:\Users\Bunayya Zulfikar\.m2\repository\io\opentelemetry\opentelemetry-sdk-logs\1.22.0-alpha\opentelemetry-sdk-logs-1.22.0-alpha.jar;C:\Users\Bunayya Zulfikar\.m2\repository\io\opentelemetry\opentelemetry-api-logs\1.22.0-alpha\opentelemetry-api-logs-1.22.0-alpha.jar;C:\Users\Bunayya Zulfikar\.m2\repository\io\opentelemetry\opentelemetry-sdk-common\1.22.0\opentelemetry-sdk-common-1.22.0.jar;C:\Users\Bunayya Zulfikar\.m2\repository\io\opentelemetry\opentelemetry-sdk-extension-autoconfigure-spi\1.22.0\opentelemetry-sdk-extension-autoconfigure-spi-1.22.0.jar;C:\Users\Bunayya Zulfikar\.m2\repository\io\opentelemetry\opentelemetry-sdk-extension-autoconfigure\1.22.0-alpha\opentelemetry-sdk-extension-autoconfigure-1.22.0-alpha.jar;C:\Users\Bunayya Zulfikar\.m2\repository\io\opentelemetry\opentelemetry-sdk-trace\1.22.0\opentelemetry-sdk-trace-1.22.0.jar;C:\Users\Bunayya Zulfikar\.m2\repository\io\opentelemetry\opentelemetry-sdk\1.22.0\opentelemetry-sdk-1.22.0.jar;C:\Users\Bunayya Zulfikar\.m2\repository\io\opentelemetry\opentelemetry-semconv\1.22.0-alpha\opentelemetry-semconv-1.22.0-alpha.jar;C:\Users\Bunayya Zulfikar\.m2\repository\io\ous\jtoml\2.0.0\jtoml-2.0.0.jar;C:\Users\Bunayya Zulfikar\.m2\repository\org\apache\commons\commons-exec\1.3\commons-exec-1.3.jar;C:\Users\Bunayya Zulfikar\.m2\repository\org\asynchttpclient\async-http-client\2.12.3\async-http-client-2.12.3.jar;C:\Users\Bunayya Zulfikar\.m2\repository\org\asynchttpclient\async-http-client-netty-utils\2.12.3\async-http-client-netty-utils-2.12.3.jar;C:\Users\Bunayya Zulfikar\.m2\repository\io\netty\netty-codec-socks\4.1.60.Final\netty-codec-socks-4.1.60.Final.jar;C:\Users\Bunayya Zulfikar\.m2\repository\io\netty\netty-handler-proxy\4.1.60.Final\netty-handler-proxy-4.1.60.Final.jar;C:\Users\Bunayya Zulfikar\.m2\repository\io\netty\netty-transport-native-epoll\4.1.60.Final\netty-transport-native-epoll-4.1.60.Final-linux-x86_64.jar;C:\Users\Bunayya Zulfikar\.m2\repository\io\netty\netty-transport-native-kqueue\4.1.60.Final\netty-transport-native-kqueue-4.1.60.Final-osx-x86_64.jar;C:\Users\Bunayya Zulfikar\.m2\repository\org\reactivestreams\reactive-streams\1.0.3\reactive-streams-1.0.3.jar;C:\Users\Bunayya Zulfikar\.m2\repository\com\typesafe\netty\netty-reactive-streams\2.0.4\netty-reactive-streams-2.0.4.jar;C:\Users\Bunayya Zulfikar\.m2\repository\org\seleniumhq\selenium\selenium-manager\4.8.1\selenium-manager-4.8.1.jar;C:\Users\Bunayya Zulfikar\.m2\repository\org\seleniumhq\selenium\selenium-safari-driver\4.8.1\selenium-safari-driver-4.8.1.jar;C:\Users\Bunayya Zulfikar\.m2\repository\org\seleniumhq\selenium\selenium-api\4.8.1\selenium-api-4.8.1.jar;C:\Users\Bunayya Zulfikar\.m2\repository\org\seleniumhq\selenium\selenium-support\4.8.1\selenium-support-4.8.1.jar;C:\Users\Bunayya Zulfikar\.m2\repository\com\google\auto\service\auto-service-annotations\1.0.1\auto-service-annotations-1.0.1.jar;C:\Users\Bunayya Zulfikar\.m2\repository\com\google\auto\service\auto-service\1.0.1\auto-service-1.0.1.jar;C:\Users\Bunayya Zulfikar\.m2\repository\com\google\auto\auto-common\1.2\auto-common-1.2.jar;C:\Users\Bunayya Zulfikar\.m2\repository\org\seleniumhq\selenium\selenium-json\4.8.1\selenium-json-4.8.1.jar;C:\Users\Bunayya Zulfikar\.m2\repository\org\seleniumhq\selenium\selenium-chrome-driver\4.8.1\selenium-chrome-driver-4.8.1.jar;C:\Users\Bunayya Zulfikar\.m2\repository\org\seleniumhq\selenium\selenium-chromium-driver\4.8.1\selenium-chromium-driver-4.8.1.jar;C:\Users\Bunayya Zulfikar\.m2\repository\org\seleniumhq\selenium\selenium-firefox-driver\4.8.1\selenium-firefox-driver-4.8.1.jar;C:\Users\Bunayya Zulfikar\.m2\repository\org\seleniumhq\selenium\selenium-http\4.8.1\selenium-http-4.8.1.jar;C:\Users\Bunayya Zulfikar\.m2\repository\dev\failsafe\failsafe\3.3.0\failsafe-3.3.0.jar;C:\Users\Bunayya Zulfikar\.m2\repository\org\seleniumhq\selenium\selenium-edge-driver\4.8.1\selenium-edge-driver-4.8.1.jar;C:\Users\Bunayya Zulfikar\.m2\repository\org\seleniumhq\selenium\selenium-ie-driver\4.8.1\selenium-ie-driver-4.8.1.jar;C:\Users\Bunayya Zulfikar\.m2\repository\org\projectlombok\lombok\1.18.20\lombok-1.18.20.jar;C:\Users\Bunayya Zulfikar\.m2\repository\io\appium\java-client\8.3.0\java-client-8.3.0.jar;C:\Users\Bunayya Zulfikar\.m2\repository\commons-validator\commons-validator\1.7\commons-validator-1.7.jar;C:\Users\Bunayya Zulfikar\.m2\repository\commons-digester\commons-digester\2.1\commons-digester-2.1.jar;C:\Users\Bunayya Zulfikar\.m2\repository\org\apache\groovy\groovy\4.0.10\groovy-4.0.10.jar;C:\Users\Bunayya Zulfikar\.m2\repository\net\sf\opencsv\opencsv\2.0\opencsv-2.0.jar;C:\Users\Bunayya Zulfikar\.m2\repository\commons-beanutils\commons-beanutils\1.9.4\commons-beanutils-1.9.4.jar;C:\Users\Bunayya Zulfikar\.m2\repository\org\apache\commons\commons-lang3\3.12.0\commons-lang3-3.12.0.jar;C:\Users\Bunayya Zulfikar\.m2\repository\commons-collections\commons-collections\3.2.2\commons-collections-3.2.2.jar;C:\Users\Bunayya Zulfikar\.m2\repository\org\fluentlenium\fluentlenium-core\0.10.2\fluentlenium-core-0.10.2.jar;C:\Users\Bunayya Zulfikar\.m2\repository\io\github\bonigarcia\webdrivermanager\5.3.0\webdrivermanager-5.3.0.jar;C:\Users\Bunayya Zulfikar\.m2\repository\com\github\docker-java\docker-java\3.2.13\docker-java-3.2.13.jar;C:\Users\Bunayya Zulfikar\.m2\repository\com\github\docker-java\docker-java-core\3.2.13\docker-java-core-3.2.13.jar;C:\Users\Bunayya Zulfikar\.m2\repository\com\github\docker-java\docker-java-api\3.2.13\docker-java-api-3.2.13.jar;C:\Users\Bunayya Zulfikar\.m2\repository\org\apache\commons\commons-compress\1.21\commons-compress-1.21.jar;C:\Users\Bunayya Zulfikar\.m2\repository\org\bouncycastle\bcpkix-jdk15on\1.64\bcpkix-jdk15on-1.64.jar;C:\Users\Bunayya Zulfikar\.m2\repository\org\bouncycastle\bcprov-jdk15on\1.64\bcprov-jdk15on-1.64.jar;C:\Users\Bunayya Zulfikar\.m2\repository\org\slf4j\jcl-over-slf4j\1.7.30\jcl-over-slf4j-1.7.30.jar;C:\Users\Bunayya Zulfikar\.m2\repository\com\github\docker-java\docker-java-transport-httpclient5\3.2.13\docker-java-transport-httpclient5-3.2.13.jar;C:\Users\Bunayya Zulfikar\.m2\repository\com\github\docker-java\docker-java-transport\3.2.13\docker-java-transport-3.2.13.jar;C:\Users\Bunayya Zulfikar\.m2\repository\net\java\dev\jna\jna\5.8.0\jna-5.8.0.jar;C:\Users\Bunayya Zulfikar\.m2\repository\org\brotli\dec\0.1.2\dec-0.1.2.jar;C:\Users\Bunayya Zulfikar\.m2\repository\org\apache\httpcomponents\client5\httpclient5\5.1.3\httpclient5-5.1.3.jar;C:\Users\Bunayya Zulfikar\.m2\repository\org\apache\httpcomponents\core5\httpcore5\5.1.3\httpcore5-5.1.3.jar;C:\Users\Bunayya Zulfikar\.m2\repository\org\apache\httpcomponents\core5\httpcore5-h2\5.1.3\httpcore5-h2-5.1.3.jar;C:\Users\Bunayya Zulfikar\.m2\repository\com\jhlabs\filters\2.0.235\filters-2.0.235.jar;C:\Users\Bunayya Zulfikar\.m2\repository\com\paulhammant\ngwebdriver\1.1.6\ngwebdriver-1.1.6.jar;C:\Users\Bunayya Zulfikar\.m2\repository\joda-time\joda-time\2.12.2\joda-time-2.12.2.jar;C:\Users\Bunayya Zulfikar\.m2\repository\org\hamcrest\hamcrest\2.2\hamcrest-2.2.jar;C:\Users\Bunayya Zulfikar\.m2\repository\com\google\jimfs\jimfs\1.2\jimfs-1.2.jar;C:\Users\Bunayya Zulfikar\.m2\repository\org\mockito\mockito-core\3.3.3\mockito-core-3.3.3.jar;C:\Users\Bunayya Zulfikar\.m2\repository\javax\xml\bind\jaxb-api\2.3.1\jaxb-api-2.3.1.jar;C:\Users\Bunayya Zulfikar\.m2\repository\javax\activation\javax.activation-api\1.2.0\javax.activation-api-1.2.0.jar;C:\Users\Bunayya Zulfikar\.m2\repository\com\sun\xml\bind\jaxb-core\2.3.0.1\jaxb-core-2.3.0.1.jar;C:\Users\Bunayya Zulfikar\.m2\repository\com\sun\xml\bind\jaxb-impl\2.3.3\jaxb-impl-2.3.3.jar;C:\Users\Bunayya Zulfikar\.m2\repository\jakarta\xml\bind\jakarta.xml.bind-api\2.3.3\jakarta.xml.bind-api-2.3.3.jar;C:\Users\Bunayya Zulfikar\.m2\repository\com\sun\activation\jakarta.activation\1.2.2\jakarta.activation-1.2.2.jar;C:\Users\Bunayya Zulfikar\.m2\repository\javax\activation\activation\1.1.1\activation-1.1.1.jar;C:\Users\Bunayya Zulfikar\.m2\repository\net\serenity-bdd\serenity-cucumber\3.6.21\serenity-cucumber-3.6.21.jar;C:\Users\Bunayya Zulfikar\.m2\repository\io\cucumber\cucumber-core\7.11.0\cucumber-core-7.11.0.jar;C:\Users\Bunayya Zulfikar\.m2\repository\io\cucumber\cucumber-gherkin\7.11.0\cucumber-gherkin-7.11.0.jar;C:\Users\Bunayya Zulfikar\.m2\repository\io\cucumber\cucumber-gherkin-messages\7.11.0\cucumber-gherkin-messages-7.11.0.jar;C:\Users\Bunayya Zulfikar\.m2\repository\io\cucumber\gherkin\26.0.3\gherkin-26.0.3.jar;C:\Users\Bunayya Zulfikar\.m2\repository\io\cucumber\messages\21.0.1\messages-21.0.1.jar;C:\Users\Bunayya Zulfikar\.m2\repository\io\cucumber\tag-expressions\5.0.1\tag-expressions-5.0.1.jar;C:\Users\Bunayya Zulfikar\.m2\repository\io\cucumber\cucumber-expressions\16.1.1\cucumber-expressions-16.1.1.jar;C:\Users\Bunayya Zulfikar\.m2\repository\io\cucumber\datatable\7.11.0\datatable-7.11.0.jar;C:\Users\Bunayya Zulfikar\.m2\repository\io\cucumber\cucumber-plugin\7.11.0\cucumber-plugin-7.11.0.jar;C:\Users\Bunayya Zulfikar\.m2\repository\io\cucumber\docstring\7.11.0\docstring-7.11.0.jar;C:\Users\Bunayya Zulfikar\.m2\repository\io\cucumber\html-formatter\20.2.1\html-formatter-20.2.1.jar;C:\Users\Bunayya Zulfikar\.m2\repository\io\cucumber\junit-xml-formatter\0.1.0\junit-xml-formatter-0.1.0.jar;C:\Users\Bunayya Zulfikar\.m2\repository\io\cucumber\ci-environment\9.1.0\ci-environment-9.1.0.jar;C:\Users\Bunayya Zulfikar\.m2\repository\io\cucumber\cucumber-java\7.11.0\cucumber-java-7.11.0.jar;C:\Users\Bunayya Zulfikar\.m2\repository\io\cucumber\cucumber-junit\7.11.0\cucumber-junit-7.11.0.jar;C:\Users\Bunayya Zulfikar\.m2\repository\org\apache\commons\commons-csv\1.5\commons-csv-1.5.jar;C:\Users\Bunayya Zulfikar\.m2\repository\net\serenity-bdd\serenity-screenplay\3.6.21\serenity-screenplay-3.6.21.jar;C:\Users\Bunayya Zulfikar\.m2\repository\net\serenity-bdd\serenity-screenplay-webdriver\3.6.21\serenity-screenplay-webdriver-3.6.21.jar;C:\Users\Bunayya Zulfikar\.m2\repository\net\serenity-bdd\serenity-ensure\3.6.21\serenity-ensure-3.6.21.jar;C:\Users\Bunayya Zulfikar\.m2\repository\net\serenity-bdd\serenity-junit\3.6.21\serenity-junit-3.6.21.jar;C:\Users\Bunayya Zulfikar\.m2\repository\org\jetbrains\kotlin\kotlin-stdlib\1.8.10\kotlin-stdlib-1.8.10.jar;C:\Users\Bunayya Zulfikar\.m2\repository\org\jetbrains\kotlin\kotlin-stdlib-common\1.8.10\kotlin-stdlib-common-1.8.10.jar;C:\Users\Bunayya Zulfikar\.m2\repository\org\jetbrains\annotations\13.0\annotations-13.0.jar;C:\Users\Bunayya Zulfikar\.m2\repository\org\junit\platform\junit-platform-launcher\1.8.2\junit-platform-launcher-1.8.2.jar;C:\Users\Bunayya Zulfikar\.m2\repository\org\junit\platform\junit-platform-engine\1.8.2\junit-platform-engine-1.8.2.jar;C:\Users\Bunayya Zulfikar\.m2\repository\org\opentest4j\opentest4j\1.2.0\opentest4j-1.2.0.jar;C:\Users\Bunayya Zulfikar\.m2\repository\org\junit\platform\junit-platform-commons\1.8.2\junit-platform-commons-1.8.2.jar;C:\Users\Bunayya Zulfikar\.m2\repository\org\apiguardian\apiguardian-api\1.1.2\apiguardian-api-1.1.2.jar;C:\Users\Bunayya Zulfikar\.m2\repository\org\junit\jupiter\junit-jupiter-engine\5.8.2\junit-jupiter-engine-5.8.2.jar;C:\Users\Bunayya Zulfikar\.m2\repository\org\junit\jupiter\junit-jupiter-api\5.8.2\junit-jupiter-api-5.8.2.jar;C:\Users\Bunayya Zulfikar\.m2\repository\org\junit\vintage\junit-vintage-engine\5.8.2\junit-vintage-engine-5.8.2.jar;C:\Users\Bunayya Zulfikar\.m2\repository\junit\junit\4.13.2\junit-4.13.2.jar;C:\Users\Bunayya Zulfikar\.m2\repository\org\hamcrest\hamcrest-core\1.3\hamcrest-core-1.3.jar;C:\Users\Bunayya Zulfikar\.m2\repository\ch\qos\logback\logback-classic\1.2.10\logback-classic-1.2.10.jar;C:\Users\Bunayya Zulfikar\.m2\repository\ch\qos\logback\logback-core\1.2.10\logback-core-1.2.10.jar;C:\Users\Bunayya Zulfikar\.m2\repository\org\slf4j\slf4j-api\1.7.32\slf4j-api-1.7.32.jar;C:\Users\Bunayya Zulfikar\.m2\repository\org\assertj\assertj-core\3.23.1\assertj-core-3.23.1.jar;C:\Users\Bunayya Zulfikar\.m2\repository\net\bytebuddy\byte-buddy\1.12.10\byte-buddy-1.12.10.jar;C:\Users\Bunayya Zulfikar\.m2\repository\org\apache\maven\surefire\surefire-junit-platform\3.0.0-M5\surefire-junit-platform-3.0.0-M5.jar;C:\Users\Bunayya Zulfikar\.m2\repository\org\apache\maven\surefire\common-java5\3.0.0-M5\common-java5-3.0.0-M5.jar"/>
    <property name="user.script" value=""/>
    <property name="java.protocol.handler.pkgs" value="com.google.common"/>
    <property name="sun.management.compiler" value="HotSpot 64-Bit Tiered Compilers"/>
    <property name="java.runtime.version" value="18.0.1.1+2-6"/>
    <property name="user.name" value="Fanotralala"/>
    <property name="path.separator" value=";"/>
    <property name="os.version" value="10.0"/>
    <property name="java.runtime.name" value="Java(TM) SE Runtime Environment"/>
    <property name="file.encoding" value="UTF-8"/>
    <property name="webdriver.base.url" value=""/>
    <property name="java.vm.name" value="Java HotSpot(TM) 64-Bit Server VM"/>
    <property name="localRepository" value="C:\Users\Bunayya Zulfikar\.m2\repository"/>
    <property name="java.vendor.url.bug" value="https://bugreport.java.com/bugreport/"/>
    <property name="java.io.tmpdir" value="C:\Users\BUNAYY~1\AppData\Local\Temp\"/>
    <property name="java.version" value="18.0.1.1"/>
    <property name="user.dir" value="C:\Users\Bunayya Zulfikar\Downloads\Compressed\zip\Prioritas2\alta"/>
    <property name="os.arch" value="amd64"/>
    <property name="java.vm.specification.name" value="Java Virtual Machine Specification"/>
    <property name="sun.os.patch.level" value=""/>
    <property name="native.encoding" value="Cp1252"/>
    <property name="java.library.path" value="C:\Program Files\java-se-8u41-ri\bin;C:\WINDOWS\Sun\Java\bin;C:\WINDOWS\system32;C:\WINDOWS;C:\Program Files\Common Files\Oracle\Java\javapath;C:\Program Files (x86)\Common Files\Oracle\Java\javapath;C:\Python310\Scripts\;C:\Python310\;C:\Program Files (x86)\Common Files\Intel\Shared Libraries\redist\intel64\compiler;C:\Program Files (x86)\Common Files\Intel\Shared Files\cpp\bin\Intel64;C:\Windows\system32;C:\Windows;C:\Windows\System32\Wbem;C:\Windows\System32\WindowsPowerShell\v1.0\;C:\Windows\System32\OpenSSH\;C:\Program Files (x86)\NVIDIA Corporation\PhysX\Common;C:\Program Files\NVIDIA Corporation\NVIDIA NvDLISR;C:\Program Files (x86)\MKVToolNix;C:\WINDOWS\system32;C:\WINDOWS;C:\WINDOWS\System32\Wbem;C:\WINDOWS\System32\WindowsPowerShell\v1.0\;C:\WINDOWS\System32\OpenSSH\;C:\Program Files\nodejs\;C:\ProgramData\chocolatey\bin;C:\Program Files\Git\cmd;C:\xampp\php;C:\ProgramData\ComposerSetup\bin;C:\PROGRA~1\IBM\SQLLIB\BIN;C:\PROGRA~1\IBM\SQLLIB\FUNCTION;C:\PROGRA~1\IBM\SQLLIB\SAMPLES\REPL;C:\Program Files\apache-maven-3.9.1\bin;C:\Program Files\Java\jdk-19\bin;C:\Users\Bunayya Zulfikar\AppData\Local\Microsoft\WindowsApps;C:\Users\Bunayya Zulfikar\AppData\Local\Programs\Microsoft VS Code\bin;C:\Program Files\java-se-8u41-ri\bin;C:\Users\Bunayya Zulfikar\AppData\Roaming\npm;C:\Users\Bunayya Zulfikar\AppData\Roaming\Composer\vendor\bin;C:\Users\Bunayya Zulfikar\AppData\Local\GitHubDesktop\bin;C:\Users\Bunayya Zulfikar\AppData\Local\spicetify;."/>
    <property name="java.vm.info" value="mixed mode"/>
    <property name="java.vendor" value="Oracle Corporation"/>
    <property name="java.vm.version" value="18.0.1.1+2-6"/>
    <property name="sun.io.unicode.encoding" value="UnicodeLittle"/>
    <property name="java.class.version" value="62.0"/>
  </properties>
  <testcase name="Login with correct credentials" classname="Login to Sepulsa Account" time="9.527">
    <system-out><![CDATA[02:24:22.783 [main] DEBUG net.thucydides.core.guice.Injectors - Created injector for module net.thucydides.core.guice.ThucydidesModule
02:24:23.001 [main] DEBUG io.cucumber.core.plugin.SerenityReporter - Running feature from file:///C:/Users/Bunayya%20Zulfikar/Downloads/Compressed/zip/Prioritas2/alta/src/test/resources/features/Login.feature
02:24:23.115 [main] DEBUG net.thucydides.core.guice.Injectors - Created injector for module net.thucydides.core.guice.webdriver.WebDriverModule
02:24:23.128 [main] INFO  - 

-------------------------------------------------------------------------------------
     _______. _______ .______       _______ .__   __.  __  .___________.____    ____ 
    /       ||   ____||   _  \     |   ____||  \ |  | |  | |           |\   \  /   / 
   |   (----`|  |__   |  |_)  |    |  |__   |   \|  | |  | `---|  |----` \   \/   /  
    \   \    |   __|  |      /     |   __|  |  . `  | |  |     |  |       \_    _/   
.----)   |   |  |____ |  |\  \----.|  |____ |  |\   | |  |     |  |         |  |     
|_______/    |_______|| _| `._____||_______||__| \__| |__|     |__|         |__|    
                                                                                     
 News and tutorials at http://www.serenity-bdd.info                                  
 Documentation at https://wakaleo.gitbooks.io/the-serenity-book/content/             
 Join the Serenity Community on Gitter: https://gitter.im/serenity-bdd/serenity-core 
 Serenity BDD Support and Training at http://serenity-bdd.info/#/trainingandsupport  
-------------------------------------------------------------------------------------

02:24:23.130 [main] DEBUG net.thucydides.core.steps.StepEventBus - Test suite started for story net.thucydides.core.model.Story@d124f7c
02:24:23.131 [main] INFO  - Test Suite Started: Login to Sepulsa Account
02:24:23.141 [main] DEBUG io.cucumber.core.plugin.SerenityReporter - Running feature from file:///C:/Users/Bunayya%20Zulfikar/Downloads/Compressed/zip/Prioritas2/alta/src/test/resources/features/PaymentMethod.feature
02:24:23.145 [main] DEBUG net.thucydides.core.steps.StepEventBus - Test suite started for story net.thucydides.core.model.Story@1f3cee16
02:24:23.145 [main] INFO  - Test Suite Started: Select Payment Method
02:24:23.145 [main] DEBUG io.cucumber.core.plugin.SerenityReporter - Running feature from file:///C:/Users/Bunayya%20Zulfikar/Downloads/Compressed/zip/Prioritas2/alta/src/test/resources/features/SelectProduct.feature
02:24:23.148 [main] DEBUG net.thucydides.core.steps.StepEventBus - Test suite started for story net.thucydides.core.model.Story@d891cf10
02:24:23.148 [main] INFO  - Test Suite Started: Select Product ListrikPLN
02:24:23.150 [main] DEBUG io.cucumber.core.plugin.SerenityReporter - Running feature from file:///C:/Users/Bunayya%20Zulfikar/Downloads/Compressed/zip/Prioritas2/alta/src/test/resources/features/Login.feature
02:24:23.152 [main] DEBUG net.thucydides.core.steps.StepEventBus - Test suite started for story net.thucydides.core.model.Story@d124f7c
02:24:23.152 [main] INFO  - Test Suite Started: Login to Sepulsa Account

Scenario: Login with correct credentials                      &amp#27;[90m# src/test/resources/features/Login.feature:3&amp#27;[0m
02:24:23.226 [main] DEBUG io.cucumber.core.plugin.SerenityReporter - Running feature from file:///C:/Users/Bunayya%20Zulfikar/Downloads/Compressed/zip/Prioritas2/alta/src/test/resources/features/Login.feature
02:24:23.309 [main] INFO  - 
  _____   ___   ___   _____     ___   _____     _     ___   _____   ___   ___  
 |_   _| | __| / __| |_   _|   / __| |_   _|   /_\   | _ \ |_   _| | __| |   \ 
   | |   | _|  \__ \   | |     \__ \   | |    / _ \  |   /   | |   | _|  | |) |
   |_|   |___| |___/   |_|     |___/   |_|   /_/ \_\ |_|_\   |_|   |___| |___/ 

Login with correct credentials(login-to-sepulsa-account;login-with-correct-credentials)
--------------------------------------------------------------------------------
02:24:23.363 [main] DEBUG net.thucydides.core.requirements.model.cucumber.CucumberParser - Loading feature C:\Users\Bunayya Zulfikar\Downloads\Compressed\zip\Prioritas2\alta\src\test\resources\features\Login.feature
02:24:23.380 [main] DEBUG net.thucydides.core.requirements.model.cucumber.CucumberParser - Loading feature C:\Users\Bunayya Zulfikar\Downloads\Compressed\zip\Prioritas2\alta\src\test\resources\features\PaymentMethod.feature
02:24:23.383 [main] DEBUG net.thucydides.core.requirements.model.cucumber.CucumberParser - Loading feature C:\Users\Bunayya Zulfikar\Downloads\Compressed\zip\Prioritas2\alta\src\test\resources\features\SelectProduct.feature
02:24:24.059 [main] DEBUG net.thucydides.core.steps.StepInterceptor - STARTING STEP: LoginSteps.onTheLoginPage - openPage
02:24:24.138 [main] INFO net.serenitybdd.core.webdriver.driverproviders.ChromeDriverProvider - Starting Chrome driver instance with capabilities:
02:24:24.140 [main] INFO net.serenitybdd.core.webdriver.driverproviders.ChromeDriverProvider - Capabilities {acceptInsecureCerts: false, browserName: chrome, goog:chromeOptions: {args: [remote-allow-origins=*], extensions: []}}
02:24:24.207 [main] DEBUG io.netty.util.internal.logging.InternalLoggerFactory - Using SLF4J as the default logging framework
02:24:24.210 [main] DEBUG io.netty.util.ResourceLeakDetector - -Dio.netty.leakDetection.level: simple
02:24:24.210 [main] DEBUG io.netty.util.ResourceLeakDetector - -Dio.netty.leakDetection.targetRecords: 4
02:24:24.215 [main] DEBUG io.netty.util.ResourceLeakDetectorFactory - Loaded default ResourceLeakDetector: io.netty.util.ResourceLeakDetector@1c5d3a37
02:24:24.227 [main] DEBUG io.netty.util.internal.PlatformDependent0 - -Dio.netty.noUnsafe: false
02:24:24.227 [main] DEBUG io.netty.util.internal.PlatformDependent0 - Java version: 18
02:24:24.228 [main] DEBUG io.netty.util.internal.PlatformDependent0 - sun.misc.Unsafe.theUnsafe: available
02:24:24.228 [main] DEBUG io.netty.util.internal.PlatformDependent0 - sun.misc.Unsafe.copyMemory: available
02:24:24.228 [main] DEBUG io.netty.util.internal.PlatformDependent0 - sun.misc.Unsafe.storeFence: available
02:24:24.229 [main] DEBUG io.netty.util.internal.PlatformDependent0 - java.nio.Buffer.address: available
02:24:24.229 [main] DEBUG io.netty.util.internal.PlatformDependent0 - direct buffer constructor: unavailable: Reflective setAccessible(true) disabled
02:24:24.229 [main] DEBUG io.netty.util.internal.PlatformDependent0 - java.nio.Bits.unaligned: available, true
02:24:24.230 [main] DEBUG io.netty.util.internal.PlatformDependent0 - jdk.internal.misc.Unsafe.allocateUninitializedArray(int): unavailable: class io.netty.util.internal.PlatformDependent0$7 cannot access class jdk.internal.misc.Unsafe (in module java.base) because module java.base does not export jdk.internal.misc to unnamed module @10959ece
02:24:24.231 [main] DEBUG io.netty.util.internal.PlatformDependent0 - java.nio.DirectByteBuffer.<init>(long, int): unavailable
02:24:24.231 [main] DEBUG io.netty.util.internal.PlatformDependent - sun.misc.Unsafe: available
02:24:24.232 [main] DEBUG io.netty.util.internal.PlatformDependent - maxDirectMemory: 4271898624 bytes (maybe)
02:24:24.232 [main] DEBUG io.netty.util.internal.PlatformDependent - -Dio.netty.tmpdir: C:\Users\BUNAYY~1\AppData\Local\Temp (java.io.tmpdir)
02:24:24.232 [main] DEBUG io.netty.util.internal.PlatformDependent - -Dio.netty.bitMode: 64 (sun.arch.data.model)
02:24:24.232 [main] DEBUG io.netty.util.internal.PlatformDependent - Platform: Windows
02:24:24.232 [main] DEBUG io.netty.util.internal.PlatformDependent - -Dio.netty.maxDirectMemory: -1 bytes
02:24:24.232 [main] DEBUG io.netty.util.internal.PlatformDependent - -Dio.netty.uninitializedArrayAllocationThreshold: -1
02:24:24.232 [main] DEBUG io.netty.util.internal.CleanerJava9 - java.nio.ByteBuffer.cleaner(): available
02:24:24.232 [main] DEBUG io.netty.util.internal.PlatformDependent - -Dio.netty.noPreferDirect: false
02:24:24.238 [main] DEBUG io.netty.util.internal.PlatformDependent - org.jctools-core.MpscChunkedArrayQueue: available
02:24:24.255 [main] DEBUG io.netty.util.internal.InternalThreadLocalMap - -Dio.netty.threadLocalMap.stringBuilder.initialSize: 1024
02:24:24.255 [main] DEBUG io.netty.util.internal.InternalThreadLocalMap - -Dio.netty.threadLocalMap.stringBuilder.maxSize: 4096
02:24:24.380 [main] DEBUG io.netty.handler.ssl.JdkSslContext - Default protocols (JDK): [TLSv1.3, TLSv1.2] 
02:24:24.381 [main] DEBUG io.netty.handler.ssl.JdkSslContext - Default cipher suites (JDK): [TLS_ECDHE_ECDSA_WITH_AES_256_GCM_SHA384, TLS_ECDHE_ECDSA_WITH_AES_128_GCM_SHA256, TLS_ECDHE_RSA_WITH_AES_128_GCM_SHA256, TLS_ECDHE_RSA_WITH_AES_256_GCM_SHA384, TLS_ECDHE_RSA_WITH_AES_128_CBC_SHA, TLS_ECDHE_RSA_WITH_AES_256_CBC_SHA, TLS_RSA_WITH_AES_128_GCM_SHA256, TLS_RSA_WITH_AES_128_CBC_SHA, TLS_RSA_WITH_AES_256_CBC_SHA, TLS_AES_128_GCM_SHA256, TLS_AES_256_GCM_SHA384]
02:24:24.398 [main] DEBUG io.netty.channel.MultithreadEventLoopGroup - -Dio.netty.eventLoopThreads: 24
02:24:24.404 [main] DEBUG io.netty.channel.nio.NioEventLoop - -Dio.netty.noKeySetOptimization: false
02:24:24.404 [main] DEBUG io.netty.channel.nio.NioEventLoop - -Dio.netty.selectorAutoRebuildThreshold: 512
02:24:24.439 [main] DEBUG io.netty.buffer.PooledByteBufAllocator - -Dio.netty.allocator.numHeapArenas: 24
02:24:24.439 [main] DEBUG io.netty.buffer.PooledByteBufAllocator - -Dio.netty.allocator.numDirectArenas: 24
02:24:24.439 [main] DEBUG io.netty.buffer.PooledByteBufAllocator - -Dio.netty.allocator.pageSize: 8192
02:24:24.439 [main] DEBUG io.netty.buffer.PooledByteBufAllocator - -Dio.netty.allocator.maxOrder: 9
02:24:24.439 [main] DEBUG io.netty.buffer.PooledByteBufAllocator - -Dio.netty.allocator.chunkSize: 4194304
02:24:24.439 [main] DEBUG io.netty.buffer.PooledByteBufAllocator - -Dio.netty.allocator.smallCacheSize: 256
02:24:24.439 [main] DEBUG io.netty.buffer.PooledByteBufAllocator - -Dio.netty.allocator.normalCacheSize: 64
02:24:24.439 [main] DEBUG io.netty.buffer.PooledByteBufAllocator - -Dio.netty.allocator.maxCachedBufferCapacity: 32768
02:24:24.439 [main] DEBUG io.netty.buffer.PooledByteBufAllocator - -Dio.netty.allocator.cacheTrimInterval: 8192
02:24:24.439 [main] DEBUG io.netty.buffer.PooledByteBufAllocator - -Dio.netty.allocator.cacheTrimIntervalMillis: 0
02:24:24.440 [main] DEBUG io.netty.buffer.PooledByteBufAllocator - -Dio.netty.allocator.useCacheForAllThreads: false
02:24:24.440 [main] DEBUG io.netty.buffer.PooledByteBufAllocator - -Dio.netty.allocator.maxCachedByteBuffersPerChunk: 1023
02:24:24.450 [main] DEBUG io.netty.buffer.ByteBufUtil - -Dio.netty.allocator.type: pooled
02:24:24.450 [main] DEBUG io.netty.buffer.ByteBufUtil - -Dio.netty.threadLocalDirectBufferSize: 0
02:24:24.450 [main] DEBUG io.netty.buffer.ByteBufUtil - -Dio.netty.maxThreadLocalCharBufferSize: 16384
02:24:24.650 [Forwarding newSession on session null to remote] DEBUG io.netty.channel.DefaultChannelId - -Dio.netty.processId: 26820 (auto-detected)
02:24:24.652 [Forwarding newSession on session null to remote] DEBUG io.netty.util.NetUtil - -Djava.net.preferIPv4Stack: false
02:24:24.652 [Forwarding newSession on session null to remote] DEBUG io.netty.util.NetUtil - -Djava.net.preferIPv6Addresses: false
02:24:24.666 [Forwarding newSession on session null to remote] DEBUG io.netty.util.NetUtilInitializations - Loopback interface: lo (Software Loopback Interface 1, 127.0.0.1)
02:24:24.667 [Forwarding newSession on session null to remote] DEBUG io.netty.util.NetUtil - Failed to get SOMAXCONN from sysctl and file \proc\sys\net\core\somaxconn. Default: 200
02:24:24.687 [Forwarding newSession on session null to remote] DEBUG io.netty.channel.DefaultChannelId - -Dio.netty.machineId: 00:00:00:00:00:00:00:e0 (auto-detected)
02:24:24.719 [AsyncHttpClient-1-2] DEBUG io.netty.buffer.AbstractByteBuf - -Dio.netty.buffer.checkAccessible: true
02:24:24.719 [AsyncHttpClient-1-2] DEBUG io.netty.buffer.AbstractByteBuf - -Dio.netty.buffer.checkBounds: true
02:24:24.720 [AsyncHttpClient-1-2] DEBUG io.netty.util.ResourceLeakDetectorFactory - Loaded default ResourceLeakDetector: io.netty.util.ResourceLeakDetector@b037cf8
02:24:24.728 [AsyncHttpClient-1-2] DEBUG org.asynchttpclient.netty.channel.NettyConnectListener - Using new Channel '[id: 0x2598873f, L:/127.0.0.1:60452 - R:localhost/127.0.0.1:5193]' for 'POST' to '/session'
02:24:24.741 [AsyncHttpClient-1-2] DEBUG io.netty.util.Recycler - -Dio.netty.recycler.maxCapacityPerThread: 4096
02:24:24.741 [AsyncHttpClient-1-2] DEBUG io.netty.util.Recycler - -Dio.netty.recycler.ratio: 8
02:24:24.741 [AsyncHttpClient-1-2] DEBUG io.netty.util.Recycler - -Dio.netty.recycler.chunkSize: 32
02:24:24.741 [AsyncHttpClient-1-2] DEBUG io.netty.util.Recycler - -Dio.netty.recycler.blocking: false
02:24:25.225 [AsyncHttpClient-1-2] DEBUG io.netty.handler.codec.compression.Brotli - brotli4j not in the classpath; Brotli support will be unavailable.
02:24:25.225 [AsyncHttpClient-1-2] DEBUG org.asynchttpclient.netty.handler.HttpHandler - 

Request DefaultHttpRequest(decodeResult: success, version: HTTP/1.1)
POST /session HTTP/1.1
User-Agent: selenium/4.8.1 (java windows)
Content-Length: 507
Content-Type: application/json; charset=utf-8
host: localhost:5193
accept: */*

Response DefaultHttpResponse(decodeResult: success, version: HTTP/1.1)
HTTP/1.1 200 OK
Content-Length: 862
Content-Type: application/json; charset=utf-8
cache-control: no-cache

02:24:25.229 [AsyncHttpClient-1-2] DEBUG org.asynchttpclient.netty.channel.ChannelManager - Adding key: http://localhost:5193 for channel [id: 0x2598873f, L:/127.0.0.1:60452 - R:localhost/127.0.0.1:5193]
02:24:25.274 [AsyncHttpClient-1-3] DEBUG org.asynchttpclient.netty.channel.NettyConnectListener - Using new Channel '[id: 0x342450c9, L:/127.0.0.1:60459 - R:localhost/127.0.0.1:60453]' for 'GET' to '/json/version'
02:24:25.277 [AsyncHttpClient-1-3] DEBUG org.asynchttpclient.netty.handler.HttpHandler - 

Request DefaultFullHttpRequest(decodeResult: success, version: HTTP/1.1, content: EmptyByteBufBE)
GET /json/version HTTP/1.1
User-Agent: selenium/4.8.1 (java windows)
host: localhost:60453
accept: */*

Response DefaultHttpResponse(decodeResult: success, version: HTTP/1.1)
HTTP/1.1 200 OK
Content-Security-Policy: frame-ancestors 'none'
Content-Length: 424
Content-Type: application/json; charset=UTF-8

02:24:25.277 [AsyncHttpClient-1-3] DEBUG org.asynchttpclient.netty.channel.ChannelManager - Adding key: http://localhost:60453 for channel [id: 0x342450c9, L:/127.0.0.1:60459 - R:localhost/127.0.0.1:60453]
02:24:25.282 [main] DEBUG io.netty.util.internal.ThreadLocalRandom - -Dio.netty.initialSeedUniquifier: 0x54300359647c22bb
02:24:25.285 [AsyncHttpClient-1-4] DEBUG org.asynchttpclient.netty.channel.NettyConnectListener - Using new Channel '[id: 0xbe3a435e, L:/127.0.0.1:60460 - R:localhost/127.0.0.1:60453]' for 'GET' to '/devtools/browser/dd9300d8-198a-4529-93dc-73b3c4cea16e'
02:24:25.288 [AsyncHttpClient-1-4] DEBUG org.asynchttpclient.netty.handler.WebSocketHandler - 

Request DefaultFullHttpRequest(decodeResult: success, version: HTTP/1.1, content: EmptyByteBufBE)
GET /devtools/browser/dd9300d8-198a-4529-93dc-73b3c4cea16e HTTP/1.1
upgrade: websocket
connection: upgrade
sec-websocket-key: tF+aTKdCSF6+m0opXrvlkg==
sec-websocket-version: 13
origin: http://localhost:60453
host: localhost:60453
accept: */*
user-agent: AHC/2.1

Response DefaultHttpResponse(decodeResult: success, version: HTTP/1.1)
HTTP/1.1 101 WebSocket Protocol Handshake
Upgrade: WebSocket
Connection: Upgrade
Sec-WebSocket-Accept: qBBj5JrRPkV4MRJd74YKL7UdkIA=

02:24:25.382 [Forwarding get on session fede1334dec9f1aa5f4050d74bad3f8c to remote] DEBUG org.asynchttpclient.netty.request.NettyRequestSender - Using pooled Channel '[id: 0x2598873f, L:/127.0.0.1:60452 - R:localhost/127.0.0.1:5193]' for 'POST' to 'http://localhost:5193/session/fede1334dec9f1aa5f4050d74bad3f8c/url'
02:24:25.382 [Forwarding get on session fede1334dec9f1aa5f4050d74bad3f8c to remote] DEBUG org.asynchttpclient.netty.request.NettyRequestSender - Using open Channel [id: 0x2598873f, L:/127.0.0.1:60452 - R:localhost/127.0.0.1:5193] for POST '/session/fede1334dec9f1aa5f4050d74bad3f8c/url'
02:24:25.444 [AsyncHttpClient-1-1] DEBUG org.asynchttpclient.netty.channel.DefaultChannelPool - Entry count for : http://localhost:60453 : 1
02:24:26.543 [AsyncHttpClient-1-1] DEBUG org.asynchttpclient.netty.channel.DefaultChannelPool - Entry count for : http://localhost:60453 : 1
02:24:27.644 [AsyncHttpClient-1-1] DEBUG org.asynchttpclient.netty.channel.DefaultChannelPool - Entry count for : http://localhost:60453 : 1
02:24:28.064 [AsyncHttpClient-1-2] DEBUG org.asynchttpclient.netty.handler.HttpHandler - 

Request DefaultHttpRequest(decodeResult: success, version: HTTP/1.1)
POST /session/fede1334dec9f1aa5f4050d74bad3f8c/url HTTP/1.1
User-Agent: selenium/4.8.1 (java windows)
Content-Length: 54
Content-Type: application/json; charset=utf-8
host: localhost:5193
accept: */*

Response DefaultHttpResponse(decodeResult: success, version: HTTP/1.1)
HTTP/1.1 200 OK
Content-Length: 14
Content-Type: application/json; charset=utf-8
cache-control: no-cache

02:24:28.064 [AsyncHttpClient-1-2] DEBUG org.asynchttpclient.netty.channel.ChannelManager - Adding key: http://localhost:5193 for channel [id: 0x2598873f, L:/127.0.0.1:60452 - R:localhost/127.0.0.1:5193]
02:24:28.070 [Forwarding setTimeout on session fede1334dec9f1aa5f4050d74bad3f8c to remote] DEBUG org.asynchttpclient.netty.request.NettyRequestSender - Using pooled Channel '[id: 0x2598873f, L:/127.0.0.1:60452 - R:localhost/127.0.0.1:5193]' for 'POST' to 'http://localhost:5193/session/fede1334dec9f1aa5f4050d74bad3f8c/timeouts'
02:24:28.070 [Forwarding setTimeout on session fede1334dec9f1aa5f4050d74bad3f8c to remote] DEBUG org.asynchttpclient.netty.request.NettyRequestSender - Using open Channel [id: 0x2598873f, L:/127.0.0.1:60452 - R:localhost/127.0.0.1:5193] for POST '/session/fede1334dec9f1aa5f4050d74bad3f8c/timeouts'
02:24:28.071 [AsyncHttpClient-1-2] DEBUG org.asynchttpclient.netty.handler.HttpHandler - 

Request DefaultHttpRequest(decodeResult: success, version: HTTP/1.1)
POST /session/fede1334dec9f1aa5f4050d74bad3f8c/timeouts HTTP/1.1
User-Agent: selenium/4.8.1 (java windows)
Content-Length: 22
Content-Type: application/json; charset=utf-8
host: localhost:5193
accept: */*

Response DefaultHttpResponse(decodeResult: success, version: HTTP/1.1)
HTTP/1.1 200 OK
Content-Length: 14
Content-Type: application/json; charset=utf-8
cache-control: no-cache

02:24:28.072 [AsyncHttpClient-1-2] DEBUG org.asynchttpclient.netty.channel.ChannelManager - Adding key: http://localhost:5193 for channel [id: 0x2598873f, L:/127.0.0.1:60452 - R:localhost/127.0.0.1:5193]
02:24:28.099 [main] DEBUG net.serenitybdd.core.photography.Darkroom - Opening darkroom
02:24:28.101 [Darkroom Processing Line] DEBUG net.serenitybdd.core.photography.DarkroomProcessingLine - Darkroom processing line starting up
02:24:28.113 [Forwarding getAlertText on session fede1334dec9f1aa5f4050d74bad3f8c to remote] DEBUG org.asynchttpclient.netty.request.NettyRequestSender - Using pooled Channel '[id: 0x2598873f, L:/127.0.0.1:60452 - R:localhost/127.0.0.1:5193]' for 'GET' to 'http://localhost:5193/session/fede1334dec9f1aa5f4050d74bad3f8c/alert/text'
02:24:28.113 [Forwarding getAlertText on session fede1334dec9f1aa5f4050d74bad3f8c to remote] DEBUG org.asynchttpclient.netty.request.NettyRequestSender - Using open Channel [id: 0x2598873f, L:/127.0.0.1:60452 - R:localhost/127.0.0.1:5193] for GET '/session/fede1334dec9f1aa5f4050d74bad3f8c/alert/text'
02:24:28.116 [AsyncHttpClient-1-2] DEBUG org.asynchttpclient.netty.handler.HttpHandler - 

Request DefaultFullHttpRequest(decodeResult: success, version: HTTP/1.1, content: EmptyByteBufBE)
GET /session/fede1334dec9f1aa5f4050d74bad3f8c/alert/text HTTP/1.1
User-Agent: selenium/4.8.1 (java windows)
Cache-Control: no-cache
Content-Type: application/json; charset=utf-8
host: localhost:5193
accept: */*

Response DefaultHttpResponse(decodeResult: success, version: HTTP/1.1)
HTTP/1.1 404 Not Found
Content-Length: 836
Content-Type: application/json; charset=utf-8
cache-control: no-cache

02:24:28.116 [AsyncHttpClient-1-2] DEBUG org.asynchttpclient.netty.channel.ChannelManager - Adding key: http://localhost:5193 for channel [id: 0x2598873f, L:/127.0.0.1:60452 - R:localhost/127.0.0.1:5193]
02:24:28.123 [Forwarding getCurrentUrl on session fede1334dec9f1aa5f4050d74bad3f8c to remote] DEBUG org.asynchttpclient.netty.request.NettyRequestSender - Using pooled Channel '[id: 0x2598873f, L:/127.0.0.1:60452 - R:localhost/127.0.0.1:5193]' for 'GET' to 'http://localhost:5193/session/fede1334dec9f1aa5f4050d74bad3f8c/url'
02:24:28.123 [Forwarding getCurrentUrl on session fede1334dec9f1aa5f4050d74bad3f8c to remote] DEBUG org.asynchttpclient.netty.request.NettyRequestSender - Using open Channel [id: 0x2598873f, L:/127.0.0.1:60452 - R:localhost/127.0.0.1:5193] for GET '/session/fede1334dec9f1aa5f4050d74bad3f8c/url'
02:24:28.128 [AsyncHttpClient-1-2] DEBUG org.asynchttpclient.netty.handler.HttpHandler - 

Request DefaultFullHttpRequest(decodeResult: success, version: HTTP/1.1, content: EmptyByteBufBE)
GET /session/fede1334dec9f1aa5f4050d74bad3f8c/url HTTP/1.1
User-Agent: selenium/4.8.1 (java windows)
Cache-Control: no-cache
Content-Type: application/json; charset=utf-8
host: localhost:5193
accept: */*

Response DefaultHttpResponse(decodeResult: success, version: HTTP/1.1)
HTTP/1.1 200 OK
Content-Length: 36
Content-Type: application/json; charset=utf-8
cache-control: no-cache

02:24:28.128 [AsyncHttpClient-1-2] DEBUG org.asynchttpclient.netty.channel.ChannelManager - Adding key: http://localhost:5193 for channel [id: 0x2598873f, L:/127.0.0.1:60452 - R:localhost/127.0.0.1:5193]
02:24:28.131 [Forwarding screenshot on session fede1334dec9f1aa5f4050d74bad3f8c to remote] DEBUG org.asynchttpclient.netty.request.NettyRequestSender - Using pooled Channel '[id: 0x2598873f, L:/127.0.0.1:60452 - R:localhost/127.0.0.1:5193]' for 'GET' to 'http://localhost:5193/session/fede1334dec9f1aa5f4050d74bad3f8c/screenshot'
02:24:28.131 [Forwarding screenshot on session fede1334dec9f1aa5f4050d74bad3f8c to remote] DEBUG org.asynchttpclient.netty.request.NettyRequestSender - Using open Channel [id: 0x2598873f, L:/127.0.0.1:60452 - R:localhost/127.0.0.1:5193] for GET '/session/fede1334dec9f1aa5f4050d74bad3f8c/screenshot'
02:24:28.286 [AsyncHttpClient-1-2] DEBUG org.asynchttpclient.netty.handler.HttpHandler - 

Request DefaultFullHttpRequest(decodeResult: success, version: HTTP/1.1, content: EmptyByteBufBE)
GET /session/fede1334dec9f1aa5f4050d74bad3f8c/screenshot HTTP/1.1
User-Agent: selenium/4.8.1 (java windows)
Cache-Control: no-cache
Content-Type: application/json; charset=utf-8
host: localhost:5193
accept: */*

Response DefaultHttpResponse(decodeResult: success, version: HTTP/1.1)
HTTP/1.1 200 OK
Content-Length: 501788
Content-Type: application/json; charset=utf-8
cache-control: no-cache

02:24:28.290 [AsyncHttpClient-1-2] DEBUG org.asynchttpclient.netty.channel.ChannelManager - Adding key: http://localhost:5193 for channel [id: 0x2598873f, L:/127.0.0.1:60452 - R:localhost/127.0.0.1:5193]
02:24:28.361 [main] DEBUG net.serenitybdd.core.photography.Darkroom - Send negative for processing for target\site\serenity\1c6ae259fef686064a35a4ff194bcdbab6fb0cd085221185a7c562b53d4d5a31.png
02:24:28.362 [Darkroom Processing Line] DEBUG net.serenitybdd.core.photography.DarkroomProcessingLine - Processing screenshot image in /var/screenshots/screenshot-4958469753395805125
02:24:28.362 [Darkroom Processing Line] DEBUG net.serenitybdd.core.photography.DarkroomProcessingLine - Saving screenshot to target\site\serenity\1c6ae259fef686064a35a4ff194bcdbab6fb0cd085221185a7c562b53d4d5a31.png
02:24:28.364 [main] DEBUG net.thucydides.core.steps.StepInterceptor - STEP DONE: openPage
02:24:28.375 [Forwarding getPageSource on session fede1334dec9f1aa5f4050d74bad3f8c to remote] DEBUG org.asynchttpclient.netty.request.NettyRequestSender - Using pooled Channel '[id: 0x2598873f, L:/127.0.0.1:60452 - R:localhost/127.0.0.1:5193]' for 'POST' to 'http://localhost:5193/session/fede1334dec9f1aa5f4050d74bad3f8c/execute/sync'
02:24:28.375 [Forwarding getPageSource on session fede1334dec9f1aa5f4050d74bad3f8c to remote] DEBUG org.asynchttpclient.netty.request.NettyRequestSender - Using open Channel [id: 0x2598873f, L:/127.0.0.1:60452 - R:localhost/127.0.0.1:5193] for POST '/session/fede1334dec9f1aa5f4050d74bad3f8c/execute/sync'
02:24:28.391 [AsyncHttpClient-1-2] DEBUG org.asynchttpclient.netty.handler.HttpHandler - 

Request DefaultHttpRequest(decodeResult: success, version: HTTP/1.1)
POST /session/fede1334dec9f1aa5f4050d74bad3f8c/execute/sync HTTP/1.1
User-Agent: selenium/4.8.1 (java windows)
Content-Length: 176
Content-Type: application/json; charset=utf-8
host: localhost:5193
accept: */*

Response DefaultHttpResponse(decodeResult: success, version: HTTP/1.1)
HTTP/1.1 200 OK
Content-Length: 182088
Content-Type: application/json; charset=utf-8
cache-control: no-cache

02:24:28.392 [AsyncHttpClient-1-2] DEBUG org.asynchttpclient.netty.channel.ChannelManager - Adding key: http://localhost:5193 for channel [id: 0x2598873f, L:/127.0.0.1:60452 - R:localhost/127.0.0.1:5193]
02:24:28.505 [Forwarding getCurrentUrl on session fede1334dec9f1aa5f4050d74bad3f8c to remote] DEBUG org.asynchttpclient.netty.request.NettyRequestSender - Using pooled Channel '[id: 0x2598873f, L:/127.0.0.1:60452 - R:localhost/127.0.0.1:5193]' for 'GET' to 'http://localhost:5193/session/fede1334dec9f1aa5f4050d74bad3f8c/url'
02:24:28.505 [Forwarding getCurrentUrl on session fede1334dec9f1aa5f4050d74bad3f8c to remote] DEBUG org.asynchttpclient.netty.request.NettyRequestSender - Using open Channel [id: 0x2598873f, L:/127.0.0.1:60452 - R:localhost/127.0.0.1:5193] for GET '/session/fede1334dec9f1aa5f4050d74bad3f8c/url'
02:24:28.509 [AsyncHttpClient-1-2] DEBUG org.asynchttpclient.netty.handler.HttpHandler - 

Request DefaultFullHttpRequest(decodeResult: success, version: HTTP/1.1, content: EmptyByteBufBE)
GET /session/fede1334dec9f1aa5f4050d74bad3f8c/url HTTP/1.1
User-Agent: selenium/4.8.1 (java windows)
Cache-Control: no-cache
Content-Type: application/json; charset=utf-8
host: localhost:5193
accept: */*

Response DefaultHttpResponse(decodeResult: success, version: HTTP/1.1)
HTTP/1.1 200 OK
Content-Length: 36
Content-Type: application/json; charset=utf-8
cache-control: no-cache

02:24:28.509 [AsyncHttpClient-1-2] DEBUG org.asynchttpclient.netty.channel.ChannelManager - Adding key: http://localhost:5193 for channel [id: 0x2598873f, L:/127.0.0.1:60452 - R:localhost/127.0.0.1:5193]
02:24:28.523 [main] DEBUG net.thucydides.core.steps.StepInterceptor - STARTING STEP: LoginSteps.onTheLoginPage - validateOnLoginPage
02:24:28.535 [Forwarding findElement on session fede1334dec9f1aa5f4050d74bad3f8c to remote] DEBUG org.asynchttpclient.netty.request.NettyRequestSender - Using pooled Channel '[id: 0x2598873f, L:/127.0.0.1:60452 - R:localhost/127.0.0.1:5193]' for 'POST' to 'http://localhost:5193/session/fede1334dec9f1aa5f4050d74bad3f8c/element'
02:24:28.535 [Forwarding findElement on session fede1334dec9f1aa5f4050d74bad3f8c to remote] DEBUG org.asynchttpclient.netty.request.NettyRequestSender - Using open Channel [id: 0x2598873f, L:/127.0.0.1:60452 - R:localhost/127.0.0.1:5193] for POST '/session/fede1334dec9f1aa5f4050d74bad3f8c/element'
02:24:28.545 [AsyncHttpClient-1-2] DEBUG org.asynchttpclient.netty.handler.HttpHandler - 

Request DefaultHttpRequest(decodeResult: success, version: HTTP/1.1)
POST /session/fede1334dec9f1aa5f4050d74bad3f8c/element HTTP/1.1
User-Agent: selenium/4.8.1 (java windows)
Content-Length: 62
Content-Type: application/json; charset=utf-8
host: localhost:5193
accept: */*

Response DefaultHttpResponse(decodeResult: success, version: HTTP/1.1)
HTTP/1.1 200 OK
Content-Length: 88
Content-Type: application/json; charset=utf-8
cache-control: no-cache

02:24:28.545 [AsyncHttpClient-1-2] DEBUG org.asynchttpclient.netty.channel.ChannelManager - Adding key: http://localhost:5193 for channel [id: 0x2598873f, L:/127.0.0.1:60452 - R:localhost/127.0.0.1:5193]
02:24:28.553 [Forwarding isElementDisplayed on session fede1334dec9f1aa5f4050d74bad3f8c to remote] DEBUG org.asynchttpclient.netty.request.NettyRequestSender - Using pooled Channel '[id: 0x2598873f, L:/127.0.0.1:60452 - R:localhost/127.0.0.1:5193]' for 'POST' to 'http://localhost:5193/session/fede1334dec9f1aa5f4050d74bad3f8c/execute/sync'
02:24:28.553 [Forwarding isElementDisplayed on session fede1334dec9f1aa5f4050d74bad3f8c to remote] DEBUG org.asynchttpclient.netty.request.NettyRequestSender - Using open Channel [id: 0x2598873f, L:/127.0.0.1:60452 - R:localhost/127.0.0.1:5193] for POST '/session/fede1334dec9f1aa5f4050d74bad3f8c/execute/sync'
02:24:28.564 [AsyncHttpClient-1-2] DEBUG org.asynchttpclient.netty.handler.HttpHandler - 

Request DefaultHttpRequest(decodeResult: success, version: HTTP/1.1)
POST /session/fede1334dec9f1aa5f4050d74bad3f8c/execute/sync HTTP/1.1
User-Agent: selenium/4.8.1 (java windows)
Content-Length: 48807
Content-Type: application/json; charset=utf-8
host: localhost:5193
accept: */*

Response DefaultHttpResponse(decodeResult: success, version: HTTP/1.1)
HTTP/1.1 200 OK
Content-Length: 14
Content-Type: application/json; charset=utf-8
cache-control: no-cache

02:24:28.565 [AsyncHttpClient-1-2] DEBUG org.asynchttpclient.netty.channel.ChannelManager - Adding key: http://localhost:5193 for channel [id: 0x2598873f, L:/127.0.0.1:60452 - R:localhost/127.0.0.1:5193]
02:24:28.575 [Forwarding getAlertText on session fede1334dec9f1aa5f4050d74bad3f8c to remote] DEBUG org.asynchttpclient.netty.request.NettyRequestSender - Using pooled Channel '[id: 0x2598873f, L:/127.0.0.1:60452 - R:localhost/127.0.0.1:5193]' for 'GET' to 'http://localhost:5193/session/fede1334dec9f1aa5f4050d74bad3f8c/alert/text'
02:24:28.575 [Forwarding getAlertText on session fede1334dec9f1aa5f4050d74bad3f8c to remote] DEBUG org.asynchttpclient.netty.request.NettyRequestSender - Using open Channel [id: 0x2598873f, L:/127.0.0.1:60452 - R:localhost/127.0.0.1:5193] for GET '/session/fede1334dec9f1aa5f4050d74bad3f8c/alert/text'
02:24:28.576 [AsyncHttpClient-1-2] DEBUG org.asynchttpclient.netty.handler.HttpHandler - 

Request DefaultFullHttpRequest(decodeResult: success, version: HTTP/1.1, content: EmptyByteBufBE)
GET /session/fede1334dec9f1aa5f4050d74bad3f8c/alert/text HTTP/1.1
User-Agent: selenium/4.8.1 (java windows)
Cache-Control: no-cache
Content-Type: application/json; charset=utf-8
host: localhost:5193
accept: */*

Response DefaultHttpResponse(decodeResult: success, version: HTTP/1.1)
HTTP/1.1 404 Not Found
Content-Length: 836
Content-Type: application/json; charset=utf-8
cache-control: no-cache

02:24:28.576 [AsyncHttpClient-1-2] DEBUG org.asynchttpclient.netty.channel.ChannelManager - Adding key: http://localhost:5193 for channel [id: 0x2598873f, L:/127.0.0.1:60452 - R:localhost/127.0.0.1:5193]
02:24:28.578 [Forwarding getCurrentUrl on session fede1334dec9f1aa5f4050d74bad3f8c to remote] DEBUG org.asynchttpclient.netty.request.NettyRequestSender - Using pooled Channel '[id: 0x2598873f, L:/127.0.0.1:60452 - R:localhost/127.0.0.1:5193]' for 'GET' to 'http://localhost:5193/session/fede1334dec9f1aa5f4050d74bad3f8c/url'
02:24:28.578 [Forwarding getCurrentUrl on session fede1334dec9f1aa5f4050d74bad3f8c to remote] DEBUG org.asynchttpclient.netty.request.NettyRequestSender - Using open Channel [id: 0x2598873f, L:/127.0.0.1:60452 - R:localhost/127.0.0.1:5193] for GET '/session/fede1334dec9f1aa5f4050d74bad3f8c/url'
02:24:28.581 [AsyncHttpClient-1-2] DEBUG org.asynchttpclient.netty.handler.HttpHandler - 

Request DefaultFullHttpRequest(decodeResult: success, version: HTTP/1.1, content: EmptyByteBufBE)
GET /session/fede1334dec9f1aa5f4050d74bad3f8c/url HTTP/1.1
User-Agent: selenium/4.8.1 (java windows)
Cache-Control: no-cache
Content-Type: application/json; charset=utf-8
host: localhost:5193
accept: */*

Response DefaultHttpResponse(decodeResult: success, version: HTTP/1.1)
HTTP/1.1 200 OK
Content-Length: 36
Content-Type: application/json; charset=utf-8
cache-control: no-cache

02:24:28.581 [AsyncHttpClient-1-2] DEBUG org.asynchttpclient.netty.channel.ChannelManager - Adding key: http://localhost:5193 for channel [id: 0x2598873f, L:/127.0.0.1:60452 - R:localhost/127.0.0.1:5193]
02:24:28.583 [Forwarding screenshot on session fede1334dec9f1aa5f4050d74bad3f8c to remote] DEBUG org.asynchttpclient.netty.request.NettyRequestSender - Using pooled Channel '[id: 0x2598873f, L:/127.0.0.1:60452 - R:localhost/127.0.0.1:5193]' for 'GET' to 'http://localhost:5193/session/fede1334dec9f1aa5f4050d74bad3f8c/screenshot'
02:24:28.583 [Forwarding screenshot on session fede1334dec9f1aa5f4050d74bad3f8c to remote] DEBUG org.asynchttpclient.netty.request.NettyRequestSender - Using open Channel [id: 0x2598873f, L:/127.0.0.1:60452 - R:localhost/127.0.0.1:5193] for GET '/session/fede1334dec9f1aa5f4050d74bad3f8c/screenshot'
02:24:28.743 [AsyncHttpClient-1-1] DEBUG org.asynchttpclient.netty.channel.DefaultChannelPool - Entry count for : http://localhost:60453 : 1
02:24:28.788 [AsyncHttpClient-1-2] DEBUG org.asynchttpclient.netty.handler.HttpHandler - 

Request DefaultFullHttpRequest(decodeResult: success, version: HTTP/1.1, content: EmptyByteBufBE)
GET /session/fede1334dec9f1aa5f4050d74bad3f8c/screenshot HTTP/1.1
User-Agent: selenium/4.8.1 (java windows)
Cache-Control: no-cache
Content-Type: application/json; charset=utf-8
host: localhost:5193
accept: */*

Response DefaultHttpResponse(decodeResult: success, version: HTTP/1.1)
HTTP/1.1 200 OK
Content-Length: 501788
Content-Type: application/json; charset=utf-8
cache-control: no-cache

02:24:28.791 [AsyncHttpClient-1-2] DEBUG org.asynchttpclient.netty.channel.ChannelManager - Adding key: http://localhost:5193 for channel [id: 0x2598873f, L:/127.0.0.1:60452 - R:localhost/127.0.0.1:5193]
02:24:28.801 [main] DEBUG net.serenitybdd.core.photography.Darkroom - Send negative for processing for target\site\serenity\1c6ae259fef686064a35a4ff194bcdbab6fb0cd085221185a7c562b53d4d5a31.png
02:24:28.802 [main] DEBUG net.thucydides.core.steps.StepInterceptor - STEP DONE: validateOnLoginPage
  &amp#27;[32mGiven &amp#27;[0m&amp#27;[32mI am on the Sepulsa login page&amp#27;[0m                        &amp#27;[90m# starter.stepdefintions.LoginSteps.onTheLoginPage()&amp#27;[0m
02:24:28.813 [Forwarding getPageSource on session fede1334dec9f1aa5f4050d74bad3f8c to remote] DEBUG org.asynchttpclient.netty.request.NettyRequestSender - Using pooled Channel '[id: 0x2598873f, L:/127.0.0.1:60452 - R:localhost/127.0.0.1:5193]' for 'POST' to 'http://localhost:5193/session/fede1334dec9f1aa5f4050d74bad3f8c/execute/sync'
02:24:28.814 [Forwarding getPageSource on session fede1334dec9f1aa5f4050d74bad3f8c to remote] DEBUG org.asynchttpclient.netty.request.NettyRequestSender - Using open Channel [id: 0x2598873f, L:/127.0.0.1:60452 - R:localhost/127.0.0.1:5193] for POST '/session/fede1334dec9f1aa5f4050d74bad3f8c/execute/sync'
02:24:28.827 [AsyncHttpClient-1-2] DEBUG org.asynchttpclient.netty.handler.HttpHandler - 

Request DefaultHttpRequest(decodeResult: success, version: HTTP/1.1)
POST /session/fede1334dec9f1aa5f4050d74bad3f8c/execute/sync HTTP/1.1
User-Agent: selenium/4.8.1 (java windows)
Content-Length: 176
Content-Type: application/json; charset=utf-8
host: localhost:5193
accept: */*

Response DefaultHttpResponse(decodeResult: success, version: HTTP/1.1)
HTTP/1.1 200 OK
Content-Length: 182088
Content-Type: application/json; charset=utf-8
cache-control: no-cache

02:24:28.829 [AsyncHttpClient-1-2] DEBUG org.asynchttpclient.netty.channel.ChannelManager - Adding key: http://localhost:5193 for channel [id: 0x2598873f, L:/127.0.0.1:60452 - R:localhost/127.0.0.1:5193]
02:24:28.855 [Forwarding getCurrentUrl on session fede1334dec9f1aa5f4050d74bad3f8c to remote] DEBUG org.asynchttpclient.netty.request.NettyRequestSender - Using pooled Channel '[id: 0x2598873f, L:/127.0.0.1:60452 - R:localhost/127.0.0.1:5193]' for 'GET' to 'http://localhost:5193/session/fede1334dec9f1aa5f4050d74bad3f8c/url'
02:24:28.855 [Forwarding getCurrentUrl on session fede1334dec9f1aa5f4050d74bad3f8c to remote] DEBUG org.asynchttpclient.netty.request.NettyRequestSender - Using open Channel [id: 0x2598873f, L:/127.0.0.1:60452 - R:localhost/127.0.0.1:5193] for GET '/session/fede1334dec9f1aa5f4050d74bad3f8c/url'
02:24:28.859 [AsyncHttpClient-1-2] DEBUG org.asynchttpclient.netty.handler.HttpHandler - 

Request DefaultFullHttpRequest(decodeResult: success, version: HTTP/1.1, content: EmptyByteBufBE)
GET /session/fede1334dec9f1aa5f4050d74bad3f8c/url HTTP/1.1
User-Agent: selenium/4.8.1 (java windows)
Cache-Control: no-cache
Content-Type: application/json; charset=utf-8
host: localhost:5193
accept: */*

Response DefaultHttpResponse(decodeResult: success, version: HTTP/1.1)
HTTP/1.1 200 OK
Content-Length: 36
Content-Type: application/json; charset=utf-8
cache-control: no-cache

02:24:28.860 [AsyncHttpClient-1-2] DEBUG org.asynchttpclient.netty.channel.ChannelManager - Adding key: http://localhost:5193 for channel [id: 0x2598873f, L:/127.0.0.1:60452 - R:localhost/127.0.0.1:5193]
02:24:28.877 [Forwarding getAlertText on session fede1334dec9f1aa5f4050d74bad3f8c to remote] DEBUG org.asynchttpclient.netty.request.NettyRequestSender - Using pooled Channel '[id: 0x2598873f, L:/127.0.0.1:60452 - R:localhost/127.0.0.1:5193]' for 'GET' to 'http://localhost:5193/session/fede1334dec9f1aa5f4050d74bad3f8c/alert/text'
02:24:28.877 [Forwarding getAlertText on session fede1334dec9f1aa5f4050d74bad3f8c to remote] DEBUG org.asynchttpclient.netty.request.NettyRequestSender - Using open Channel [id: 0x2598873f, L:/127.0.0.1:60452 - R:localhost/127.0.0.1:5193] for GET '/session/fede1334dec9f1aa5f4050d74bad3f8c/alert/text'
02:24:28.879 [AsyncHttpClient-1-2] DEBUG org.asynchttpclient.netty.handler.HttpHandler - 

Request DefaultFullHttpRequest(decodeResult: success, version: HTTP/1.1, content: EmptyByteBufBE)
GET /session/fede1334dec9f1aa5f4050d74bad3f8c/alert/text HTTP/1.1
User-Agent: selenium/4.8.1 (java windows)
Cache-Control: no-cache
Content-Type: application/json; charset=utf-8
host: localhost:5193
accept: */*

Response DefaultHttpResponse(decodeResult: success, version: HTTP/1.1)
HTTP/1.1 404 Not Found
Content-Length: 836
Content-Type: application/json; charset=utf-8
cache-control: no-cache

02:24:28.880 [AsyncHttpClient-1-2] DEBUG org.asynchttpclient.netty.channel.ChannelManager - Adding key: http://localhost:5193 for channel [id: 0x2598873f, L:/127.0.0.1:60452 - R:localhost/127.0.0.1:5193]
02:24:28.881 [Forwarding getCurrentUrl on session fede1334dec9f1aa5f4050d74bad3f8c to remote] DEBUG org.asynchttpclient.netty.request.NettyRequestSender - Using pooled Channel '[id: 0x2598873f, L:/127.0.0.1:60452 - R:localhost/127.0.0.1:5193]' for 'GET' to 'http://localhost:5193/session/fede1334dec9f1aa5f4050d74bad3f8c/url'
02:24:28.881 [Forwarding getCurrentUrl on session fede1334dec9f1aa5f4050d74bad3f8c to remote] DEBUG org.asynchttpclient.netty.request.NettyRequestSender - Using open Channel [id: 0x2598873f, L:/127.0.0.1:60452 - R:localhost/127.0.0.1:5193] for GET '/session/fede1334dec9f1aa5f4050d74bad3f8c/url'
02:24:28.885 [AsyncHttpClient-1-2] DEBUG org.asynchttpclient.netty.handler.HttpHandler - 

Request DefaultFullHttpRequest(decodeResult: success, version: HTTP/1.1, content: EmptyByteBufBE)
GET /session/fede1334dec9f1aa5f4050d74bad3f8c/url HTTP/1.1
User-Agent: selenium/4.8.1 (java windows)
Cache-Control: no-cache
Content-Type: application/json; charset=utf-8
host: localhost:5193
accept: */*

Response DefaultHttpResponse(decodeResult: success, version: HTTP/1.1)
HTTP/1.1 200 OK
Content-Length: 36
Content-Type: application/json; charset=utf-8
cache-control: no-cache

02:24:28.885 [AsyncHttpClient-1-2] DEBUG org.asynchttpclient.netty.channel.ChannelManager - Adding key: http://localhost:5193 for channel [id: 0x2598873f, L:/127.0.0.1:60452 - R:localhost/127.0.0.1:5193]
02:24:28.886 [Forwarding screenshot on session fede1334dec9f1aa5f4050d74bad3f8c to remote] DEBUG org.asynchttpclient.netty.request.NettyRequestSender - Using pooled Channel '[id: 0x2598873f, L:/127.0.0.1:60452 - R:localhost/127.0.0.1:5193]' for 'GET' to 'http://localhost:5193/session/fede1334dec9f1aa5f4050d74bad3f8c/screenshot'
02:24:28.886 [Forwarding screenshot on session fede1334dec9f1aa5f4050d74bad3f8c to remote] DEBUG org.asynchttpclient.netty.request.NettyRequestSender - Using open Channel [id: 0x2598873f, L:/127.0.0.1:60452 - R:localhost/127.0.0.1:5193] for GET '/session/fede1334dec9f1aa5f4050d74bad3f8c/screenshot'
02:24:29.054 [AsyncHttpClient-1-2] DEBUG org.asynchttpclient.netty.handler.HttpHandler - 

Request DefaultFullHttpRequest(decodeResult: success, version: HTTP/1.1, content: EmptyByteBufBE)
GET /session/fede1334dec9f1aa5f4050d74bad3f8c/screenshot HTTP/1.1
User-Agent: selenium/4.8.1 (java windows)
Cache-Control: no-cache
Content-Type: application/json; charset=utf-8
host: localhost:5193
accept: */*

Response DefaultHttpResponse(decodeResult: success, version: HTTP/1.1)
HTTP/1.1 200 OK
Content-Length: 501788
Content-Type: application/json; charset=utf-8
cache-control: no-cache

02:24:29.056 [AsyncHttpClient-1-2] DEBUG org.asynchttpclient.netty.channel.ChannelManager - Adding key: http://localhost:5193 for channel [id: 0x2598873f, L:/127.0.0.1:60452 - R:localhost/127.0.0.1:5193]
02:24:29.067 [main] DEBUG net.serenitybdd.core.photography.Darkroom - Send negative for processing for target\site\serenity\1c6ae259fef686064a35a4ff194bcdbab6fb0cd085221185a7c562b53d4d5a31.png
02:24:29.068 [Forwarding getPageSource on session fede1334dec9f1aa5f4050d74bad3f8c to remote] DEBUG org.asynchttpclient.netty.request.NettyRequestSender - Using pooled Channel '[id: 0x2598873f, L:/127.0.0.1:60452 - R:localhost/127.0.0.1:5193]' for 'POST' to 'http://localhost:5193/session/fede1334dec9f1aa5f4050d74bad3f8c/execute/sync'
02:24:29.068 [Forwarding getPageSource on session fede1334dec9f1aa5f4050d74bad3f8c to remote] DEBUG org.asynchttpclient.netty.request.NettyRequestSender - Using open Channel [id: 0x2598873f, L:/127.0.0.1:60452 - R:localhost/127.0.0.1:5193] for POST '/session/fede1334dec9f1aa5f4050d74bad3f8c/execute/sync'
02:24:29.085 [AsyncHttpClient-1-2] DEBUG org.asynchttpclient.netty.handler.HttpHandler - 

Request DefaultHttpRequest(decodeResult: success, version: HTTP/1.1)
POST /session/fede1334dec9f1aa5f4050d74bad3f8c/execute/sync HTTP/1.1
User-Agent: selenium/4.8.1 (java windows)
Content-Length: 176
Content-Type: application/json; charset=utf-8
host: localhost:5193
accept: */*

Response DefaultHttpResponse(decodeResult: success, version: HTTP/1.1)
HTTP/1.1 200 OK
Content-Length: 182088
Content-Type: application/json; charset=utf-8
cache-control: no-cache

02:24:29.086 [AsyncHttpClient-1-2] DEBUG org.asynchttpclient.netty.channel.ChannelManager - Adding key: http://localhost:5193 for channel [id: 0x2598873f, L:/127.0.0.1:60452 - R:localhost/127.0.0.1:5193]
02:24:29.104 [Forwarding getCurrentUrl on session fede1334dec9f1aa5f4050d74bad3f8c to remote] DEBUG org.asynchttpclient.netty.request.NettyRequestSender - Using pooled Channel '[id: 0x2598873f, L:/127.0.0.1:60452 - R:localhost/127.0.0.1:5193]' for 'GET' to 'http://localhost:5193/session/fede1334dec9f1aa5f4050d74bad3f8c/url'
02:24:29.104 [Forwarding getCurrentUrl on session fede1334dec9f1aa5f4050d74bad3f8c to remote] DEBUG org.asynchttpclient.netty.request.NettyRequestSender - Using open Channel [id: 0x2598873f, L:/127.0.0.1:60452 - R:localhost/127.0.0.1:5193] for GET '/session/fede1334dec9f1aa5f4050d74bad3f8c/url'
02:24:29.107 [AsyncHttpClient-1-2] DEBUG org.asynchttpclient.netty.handler.HttpHandler - 

Request DefaultFullHttpRequest(decodeResult: success, version: HTTP/1.1, content: EmptyByteBufBE)
GET /session/fede1334dec9f1aa5f4050d74bad3f8c/url HTTP/1.1
User-Agent: selenium/4.8.1 (java windows)
Cache-Control: no-cache
Content-Type: application/json; charset=utf-8
host: localhost:5193
accept: */*

Response DefaultHttpResponse(decodeResult: success, version: HTTP/1.1)
HTTP/1.1 200 OK
Content-Length: 36
Content-Type: application/json; charset=utf-8
cache-control: no-cache

02:24:29.107 [AsyncHttpClient-1-2] DEBUG org.asynchttpclient.netty.channel.ChannelManager - Adding key: http://localhost:5193 for channel [id: 0x2598873f, L:/127.0.0.1:60452 - R:localhost/127.0.0.1:5193]
02:24:29.109 [main] DEBUG net.thucydides.core.steps.StepInterceptor - STARTING STEP: LoginSteps.clickLoginButton - clickLoginButton
02:24:29.118 [Forwarding findElement on session fede1334dec9f1aa5f4050d74bad3f8c to remote] DEBUG org.asynchttpclient.netty.request.NettyRequestSender - Using pooled Channel '[id: 0x2598873f, L:/127.0.0.1:60452 - R:localhost/127.0.0.1:5193]' for 'POST' to 'http://localhost:5193/session/fede1334dec9f1aa5f4050d74bad3f8c/element'
02:24:29.118 [Forwarding findElement on session fede1334dec9f1aa5f4050d74bad3f8c to remote] DEBUG org.asynchttpclient.netty.request.NettyRequestSender - Using open Channel [id: 0x2598873f, L:/127.0.0.1:60452 - R:localhost/127.0.0.1:5193] for POST '/session/fede1334dec9f1aa5f4050d74bad3f8c/element'
02:24:29.124 [AsyncHttpClient-1-2] DEBUG org.asynchttpclient.netty.handler.HttpHandler - 

Request DefaultHttpRequest(decodeResult: success, version: HTTP/1.1)
POST /session/fede1334dec9f1aa5f4050d74bad3f8c/element HTTP/1.1
User-Agent: selenium/4.8.1 (java windows)
Content-Length: 62
Content-Type: application/json; charset=utf-8
host: localhost:5193
accept: */*

Response DefaultHttpResponse(decodeResult: success, version: HTTP/1.1)
HTTP/1.1 200 OK
Content-Length: 88
Content-Type: application/json; charset=utf-8
cache-control: no-cache

02:24:29.124 [AsyncHttpClient-1-2] DEBUG org.asynchttpclient.netty.channel.ChannelManager - Adding key: http://localhost:5193 for channel [id: 0x2598873f, L:/127.0.0.1:60452 - R:localhost/127.0.0.1:5193]
02:24:29.126 [Forwarding getElementTagName on session fede1334dec9f1aa5f4050d74bad3f8c to remote] DEBUG org.asynchttpclient.netty.request.NettyRequestSender - Using pooled Channel '[id: 0x2598873f, L:/127.0.0.1:60452 - R:localhost/127.0.0.1:5193]' for 'GET' to 'http://localhost:5193/session/fede1334dec9f1aa5f4050d74bad3f8c/element/69a77859-adbf-42fb-a652-63253e6c6658/name'
02:24:29.126 [Forwarding getElementTagName on session fede1334dec9f1aa5f4050d74bad3f8c to remote] DEBUG org.asynchttpclient.netty.request.NettyRequestSender - Using open Channel [id: 0x2598873f, L:/127.0.0.1:60452 - R:localhost/127.0.0.1:5193] for GET '/session/fede1334dec9f1aa5f4050d74bad3f8c/element/69a77859-adbf-42fb-a652-63253e6c6658/name'
02:24:29.131 [AsyncHttpClient-1-2] DEBUG org.asynchttpclient.netty.handler.HttpHandler - 

Request DefaultFullHttpRequest(decodeResult: success, version: HTTP/1.1, content: EmptyByteBufBE)
GET /session/fede1334dec9f1aa5f4050d74bad3f8c/element/69a77859-adbf-42fb-a652-63253e6c6658/name HTTP/1.1
User-Agent: selenium/4.8.1 (java windows)
Cache-Control: no-cache
Content-Type: application/json; charset=utf-8
host: localhost:5193
accept: */*

Response DefaultHttpResponse(decodeResult: success, version: HTTP/1.1)
HTTP/1.1 200 OK
Content-Length: 16
Content-Type: application/json; charset=utf-8
cache-control: no-cache

02:24:29.131 [AsyncHttpClient-1-2] DEBUG org.asynchttpclient.netty.channel.ChannelManager - Adding key: http://localhost:5193 for channel [id: 0x2598873f, L:/127.0.0.1:60452 - R:localhost/127.0.0.1:5193]
02:24:29.132 [Forwarding getElementTagName on session fede1334dec9f1aa5f4050d74bad3f8c to remote] DEBUG org.asynchttpclient.netty.request.NettyRequestSender - Using pooled Channel '[id: 0x2598873f, L:/127.0.0.1:60452 - R:localhost/127.0.0.1:5193]' for 'GET' to 'http://localhost:5193/session/fede1334dec9f1aa5f4050d74bad3f8c/element/69a77859-adbf-42fb-a652-63253e6c6658/name'
02:24:29.133 [Forwarding getElementTagName on session fede1334dec9f1aa5f4050d74bad3f8c to remote] DEBUG org.asynchttpclient.netty.request.NettyRequestSender - Using open Channel [id: 0x2598873f, L:/127.0.0.1:60452 - R:localhost/127.0.0.1:5193] for GET '/session/fede1334dec9f1aa5f4050d74bad3f8c/element/69a77859-adbf-42fb-a652-63253e6c6658/name'
02:24:29.136 [AsyncHttpClient-1-2] DEBUG org.asynchttpclient.netty.handler.HttpHandler - 

Request DefaultFullHttpRequest(decodeResult: success, version: HTTP/1.1, content: EmptyByteBufBE)
GET /session/fede1334dec9f1aa5f4050d74bad3f8c/element/69a77859-adbf-42fb-a652-63253e6c6658/name HTTP/1.1
User-Agent: selenium/4.8.1 (java windows)
Cache-Control: no-cache
Content-Type: application/json; charset=utf-8
host: localhost:5193
accept: */*

Response DefaultHttpResponse(decodeResult: success, version: HTTP/1.1)
HTTP/1.1 200 OK
Content-Length: 16
Content-Type: application/json; charset=utf-8
cache-control: no-cache

02:24:29.136 [AsyncHttpClient-1-2] DEBUG org.asynchttpclient.netty.channel.ChannelManager - Adding key: http://localhost:5193 for channel [id: 0x2598873f, L:/127.0.0.1:60452 - R:localhost/127.0.0.1:5193]
02:24:29.139 [Forwarding findElement on session fede1334dec9f1aa5f4050d74bad3f8c to remote] DEBUG org.asynchttpclient.netty.request.NettyRequestSender - Using pooled Channel '[id: 0x2598873f, L:/127.0.0.1:60452 - R:localhost/127.0.0.1:5193]' for 'POST' to 'http://localhost:5193/session/fede1334dec9f1aa5f4050d74bad3f8c/element'
02:24:29.139 [Forwarding findElement on session fede1334dec9f1aa5f4050d74bad3f8c to remote] DEBUG org.asynchttpclient.netty.request.NettyRequestSender - Using open Channel [id: 0x2598873f, L:/127.0.0.1:60452 - R:localhost/127.0.0.1:5193] for POST '/session/fede1334dec9f1aa5f4050d74bad3f8c/element'
02:24:29.145 [AsyncHttpClient-1-2] DEBUG org.asynchttpclient.netty.handler.HttpHandler - 

Request DefaultHttpRequest(decodeResult: success, version: HTTP/1.1)
POST /session/fede1334dec9f1aa5f4050d74bad3f8c/element HTTP/1.1
User-Agent: selenium/4.8.1 (java windows)
Content-Length: 62
Content-Type: application/json; charset=utf-8
host: localhost:5193
accept: */*

Response DefaultHttpResponse(decodeResult: success, version: HTTP/1.1)
HTTP/1.1 200 OK
Content-Length: 88
Content-Type: application/json; charset=utf-8
cache-control: no-cache

02:24:29.145 [AsyncHttpClient-1-2] DEBUG org.asynchttpclient.netty.channel.ChannelManager - Adding key: http://localhost:5193 for channel [id: 0x2598873f, L:/127.0.0.1:60452 - R:localhost/127.0.0.1:5193]
02:24:29.147 [Forwarding clickElement on session fede1334dec9f1aa5f4050d74bad3f8c to remote] DEBUG org.asynchttpclient.netty.request.NettyRequestSender - Using pooled Channel '[id: 0x2598873f, L:/127.0.0.1:60452 - R:localhost/127.0.0.1:5193]' for 'POST' to 'http://localhost:5193/session/fede1334dec9f1aa5f4050d74bad3f8c/element/69a77859-adbf-42fb-a652-63253e6c6658/click'
02:24:29.147 [Forwarding clickElement on session fede1334dec9f1aa5f4050d74bad3f8c to remote] DEBUG org.asynchttpclient.netty.request.NettyRequestSender - Using open Channel [id: 0x2598873f, L:/127.0.0.1:60452 - R:localhost/127.0.0.1:5193] for POST '/session/fede1334dec9f1aa5f4050d74bad3f8c/element/69a77859-adbf-42fb-a652-63253e6c6658/click'
02:24:29.847 [AsyncHttpClient-1-1] DEBUG org.asynchttpclient.netty.channel.DefaultChannelPool - Entry count for : http://localhost:60453 : 1
02:24:29.878 [AsyncHttpClient-1-2] DEBUG org.asynchttpclient.netty.handler.HttpHandler - 

Request DefaultHttpRequest(decodeResult: success, version: HTTP/1.1)
POST /session/fede1334dec9f1aa5f4050d74bad3f8c/element/69a77859-adbf-42fb-a652-63253e6c6658/click HTTP/1.1
User-Agent: selenium/4.8.1 (java windows)
Content-Length: 50
Content-Type: application/json; charset=utf-8
host: localhost:5193
accept: */*

Response DefaultHttpResponse(decodeResult: success, version: HTTP/1.1)
HTTP/1.1 200 OK
Content-Length: 14
Content-Type: application/json; charset=utf-8
cache-control: no-cache

02:24:29.878 [AsyncHttpClient-1-2] DEBUG org.asynchttpclient.netty.channel.ChannelManager - Adding key: http://localhost:5193 for channel [id: 0x2598873f, L:/127.0.0.1:60452 - R:localhost/127.0.0.1:5193]
02:24:29.890 [Forwarding getAlertText on session fede1334dec9f1aa5f4050d74bad3f8c to remote] DEBUG org.asynchttpclient.netty.request.NettyRequestSender - Using pooled Channel '[id: 0x2598873f, L:/127.0.0.1:60452 - R:localhost/127.0.0.1:5193]' for 'GET' to 'http://localhost:5193/session/fede1334dec9f1aa5f4050d74bad3f8c/alert/text'
02:24:29.890 [Forwarding getAlertText on session fede1334dec9f1aa5f4050d74bad3f8c to remote] DEBUG org.asynchttpclient.netty.request.NettyRequestSender - Using open Channel [id: 0x2598873f, L:/127.0.0.1:60452 - R:localhost/127.0.0.1:5193] for GET '/session/fede1334dec9f1aa5f4050d74bad3f8c/alert/text'
02:24:29.929 [AsyncHttpClient-1-2] DEBUG org.asynchttpclient.netty.handler.HttpHandler - 

Request DefaultFullHttpRequest(decodeResult: success, version: HTTP/1.1, content: EmptyByteBufBE)
GET /session/fede1334dec9f1aa5f4050d74bad3f8c/alert/text HTTP/1.1
User-Agent: selenium/4.8.1 (java windows)
Cache-Control: no-cache
Content-Type: application/json; charset=utf-8
host: localhost:5193
accept: */*

Response DefaultHttpResponse(decodeResult: success, version: HTTP/1.1)
HTTP/1.1 404 Not Found
Content-Length: 836
Content-Type: application/json; charset=utf-8
cache-control: no-cache

02:24:29.929 [AsyncHttpClient-1-2] DEBUG org.asynchttpclient.netty.channel.ChannelManager - Adding key: http://localhost:5193 for channel [id: 0x2598873f, L:/127.0.0.1:60452 - R:localhost/127.0.0.1:5193]
02:24:29.931 [Forwarding getCurrentUrl on session fede1334dec9f1aa5f4050d74bad3f8c to remote] DEBUG org.asynchttpclient.netty.request.NettyRequestSender - Using pooled Channel '[id: 0x2598873f, L:/127.0.0.1:60452 - R:localhost/127.0.0.1:5193]' for 'GET' to 'http://localhost:5193/session/fede1334dec9f1aa5f4050d74bad3f8c/url'
02:24:29.931 [Forwarding getCurrentUrl on session fede1334dec9f1aa5f4050d74bad3f8c to remote] DEBUG org.asynchttpclient.netty.request.NettyRequestSender - Using open Channel [id: 0x2598873f, L:/127.0.0.1:60452 - R:localhost/127.0.0.1:5193] for GET '/session/fede1334dec9f1aa5f4050d74bad3f8c/url'
02:24:29.934 [AsyncHttpClient-1-2] DEBUG org.asynchttpclient.netty.handler.HttpHandler - 

Request DefaultFullHttpRequest(decodeResult: success, version: HTTP/1.1, content: EmptyByteBufBE)
GET /session/fede1334dec9f1aa5f4050d74bad3f8c/url HTTP/1.1
User-Agent: selenium/4.8.1 (java windows)
Cache-Control: no-cache
Content-Type: application/json; charset=utf-8
host: localhost:5193
accept: */*

Response DefaultHttpResponse(decodeResult: success, version: HTTP/1.1)
HTTP/1.1 200 OK
Content-Length: 42
Content-Type: application/json; charset=utf-8
cache-control: no-cache

02:24:29.935 [AsyncHttpClient-1-2] DEBUG org.asynchttpclient.netty.channel.ChannelManager - Adding key: http://localhost:5193 for channel [id: 0x2598873f, L:/127.0.0.1:60452 - R:localhost/127.0.0.1:5193]
02:24:29.935 [Forwarding screenshot on session fede1334dec9f1aa5f4050d74bad3f8c to remote] DEBUG org.asynchttpclient.netty.request.NettyRequestSender - Using pooled Channel '[id: 0x2598873f, L:/127.0.0.1:60452 - R:localhost/127.0.0.1:5193]' for 'GET' to 'http://localhost:5193/session/fede1334dec9f1aa5f4050d74bad3f8c/screenshot'
02:24:29.935 [Forwarding screenshot on session fede1334dec9f1aa5f4050d74bad3f8c to remote] DEBUG org.asynchttpclient.netty.request.NettyRequestSender - Using open Channel [id: 0x2598873f, L:/127.0.0.1:60452 - R:localhost/127.0.0.1:5193] for GET '/session/fede1334dec9f1aa5f4050d74bad3f8c/screenshot'
02:24:30.147 [AsyncHttpClient-1-2] DEBUG org.asynchttpclient.netty.handler.HttpHandler - 

Request DefaultFullHttpRequest(decodeResult: success, version: HTTP/1.1, content: EmptyByteBufBE)
GET /session/fede1334dec9f1aa5f4050d74bad3f8c/screenshot HTTP/1.1
User-Agent: selenium/4.8.1 (java windows)
Cache-Control: no-cache
Content-Type: application/json; charset=utf-8
host: localhost:5193
accept: */*

Response DefaultHttpResponse(decodeResult: success, version: HTTP/1.1)
HTTP/1.1 200 OK
Content-Length: 277256
Content-Type: application/json; charset=utf-8
cache-control: no-cache

02:24:30.149 [AsyncHttpClient-1-2] DEBUG org.asynchttpclient.netty.channel.ChannelManager - Adding key: http://localhost:5193 for channel [id: 0x2598873f, L:/127.0.0.1:60452 - R:localhost/127.0.0.1:5193]
02:24:30.155 [main] DEBUG net.serenitybdd.core.photography.Darkroom - Send negative for processing for target\site\serenity\6c14964afb175fcd1fcd055aeac833a40b5cdc11bb14153ac4af1122dd145a3e.png
02:24:30.155 [main] DEBUG net.thucydides.core.steps.StepInterceptor - STEP DONE: clickLoginButton
02:24:30.155 [Darkroom Processing Line] DEBUG net.serenitybdd.core.photography.DarkroomProcessingLine - Processing screenshot image in /var/screenshots/screenshot-13650725408681672625
02:24:30.155 [Darkroom Processing Line] DEBUG net.serenitybdd.core.photography.DarkroomProcessingLine - Saving screenshot to target\site\serenity\6c14964afb175fcd1fcd055aeac833a40b5cdc11bb14153ac4af1122dd145a3e.png
  &amp#27;[32mWhen &amp#27;[0m&amp#27;[32mI click login button&amp#27;[0m                                   &amp#27;[90m# starter.stepdefintions.LoginSteps.clickLoginButton()&amp#27;[0m
02:24:30.163 [Forwarding getPageSource on session fede1334dec9f1aa5f4050d74bad3f8c to remote] DEBUG org.asynchttpclient.netty.request.NettyRequestSender - Using pooled Channel '[id: 0x2598873f, L:/127.0.0.1:60452 - R:localhost/127.0.0.1:5193]' for 'POST' to 'http://localhost:5193/session/fede1334dec9f1aa5f4050d74bad3f8c/execute/sync'
02:24:30.163 [Forwarding getPageSource on session fede1334dec9f1aa5f4050d74bad3f8c to remote] DEBUG org.asynchttpclient.netty.request.NettyRequestSender - Using open Channel [id: 0x2598873f, L:/127.0.0.1:60452 - R:localhost/127.0.0.1:5193] for POST '/session/fede1334dec9f1aa5f4050d74bad3f8c/execute/sync'
02:24:30.171 [AsyncHttpClient-1-2] DEBUG org.asynchttpclient.netty.handler.HttpHandler - 

Request DefaultHttpRequest(decodeResult: success, version: HTTP/1.1)
POST /session/fede1334dec9f1aa5f4050d74bad3f8c/execute/sync HTTP/1.1
User-Agent: selenium/4.8.1 (java windows)
Content-Length: 176
Content-Type: application/json; charset=utf-8
host: localhost:5193
accept: */*

Response DefaultHttpResponse(decodeResult: success, version: HTTP/1.1)
HTTP/1.1 200 OK
Content-Length: 96996
Content-Type: application/json; charset=utf-8
cache-control: no-cache

02:24:30.172 [AsyncHttpClient-1-2] DEBUG org.asynchttpclient.netty.channel.ChannelManager - Adding key: http://localhost:5193 for channel [id: 0x2598873f, L:/127.0.0.1:60452 - R:localhost/127.0.0.1:5193]
02:24:30.182 [Forwarding getCurrentUrl on session fede1334dec9f1aa5f4050d74bad3f8c to remote] DEBUG org.asynchttpclient.netty.request.NettyRequestSender - Using pooled Channel '[id: 0x2598873f, L:/127.0.0.1:60452 - R:localhost/127.0.0.1:5193]' for 'GET' to 'http://localhost:5193/session/fede1334dec9f1aa5f4050d74bad3f8c/url'
02:24:30.182 [Forwarding getCurrentUrl on session fede1334dec9f1aa5f4050d74bad3f8c to remote] DEBUG org.asynchttpclient.netty.request.NettyRequestSender - Using open Channel [id: 0x2598873f, L:/127.0.0.1:60452 - R:localhost/127.0.0.1:5193] for GET '/session/fede1334dec9f1aa5f4050d74bad3f8c/url'
02:24:30.186 [AsyncHttpClient-1-2] DEBUG org.asynchttpclient.netty.handler.HttpHandler - 

Request DefaultFullHttpRequest(decodeResult: success, version: HTTP/1.1, content: EmptyByteBufBE)
GET /session/fede1334dec9f1aa5f4050d74bad3f8c/url HTTP/1.1
User-Agent: selenium/4.8.1 (java windows)
Cache-Control: no-cache
Content-Type: application/json; charset=utf-8
host: localhost:5193
accept: */*

Response DefaultHttpResponse(decodeResult: success, version: HTTP/1.1)
HTTP/1.1 200 OK
Content-Length: 42
Content-Type: application/json; charset=utf-8
cache-control: no-cache

02:24:30.186 [AsyncHttpClient-1-2] DEBUG org.asynchttpclient.netty.channel.ChannelManager - Adding key: http://localhost:5193 for channel [id: 0x2598873f, L:/127.0.0.1:60452 - R:localhost/127.0.0.1:5193]
02:24:30.198 [Forwarding getPageSource on session fede1334dec9f1aa5f4050d74bad3f8c to remote] DEBUG org.asynchttpclient.netty.request.NettyRequestSender - Using pooled Channel '[id: 0x2598873f, L:/127.0.0.1:60452 - R:localhost/127.0.0.1:5193]' for 'POST' to 'http://localhost:5193/session/fede1334dec9f1aa5f4050d74bad3f8c/execute/sync'
02:24:30.198 [Forwarding getPageSource on session fede1334dec9f1aa5f4050d74bad3f8c to remote] DEBUG org.asynchttpclient.netty.request.NettyRequestSender - Using open Channel [id: 0x2598873f, L:/127.0.0.1:60452 - R:localhost/127.0.0.1:5193] for POST '/session/fede1334dec9f1aa5f4050d74bad3f8c/execute/sync'
02:24:30.208 [AsyncHttpClient-1-2] DEBUG org.asynchttpclient.netty.handler.HttpHandler - 

Request DefaultHttpRequest(decodeResult: success, version: HTTP/1.1)
POST /session/fede1334dec9f1aa5f4050d74bad3f8c/execute/sync HTTP/1.1
User-Agent: selenium/4.8.1 (java windows)
Content-Length: 176
Content-Type: application/json; charset=utf-8
host: localhost:5193
accept: */*

Response DefaultHttpResponse(decodeResult: success, version: HTTP/1.1)
HTTP/1.1 200 OK
Content-Length: 96996
Content-Type: application/json; charset=utf-8
cache-control: no-cache

02:24:30.209 [AsyncHttpClient-1-2] DEBUG org.asynchttpclient.netty.channel.ChannelManager - Adding key: http://localhost:5193 for channel [id: 0x2598873f, L:/127.0.0.1:60452 - R:localhost/127.0.0.1:5193]
02:24:30.215 [Forwarding getCurrentUrl on session fede1334dec9f1aa5f4050d74bad3f8c to remote] DEBUG org.asynchttpclient.netty.request.NettyRequestSender - Using pooled Channel '[id: 0x2598873f, L:/127.0.0.1:60452 - R:localhost/127.0.0.1:5193]' for 'GET' to 'http://localhost:5193/session/fede1334dec9f1aa5f4050d74bad3f8c/url'
02:24:30.215 [Forwarding getCurrentUrl on session fede1334dec9f1aa5f4050d74bad3f8c to remote] DEBUG org.asynchttpclient.netty.request.NettyRequestSender - Using open Channel [id: 0x2598873f, L:/127.0.0.1:60452 - R:localhost/127.0.0.1:5193] for GET '/session/fede1334dec9f1aa5f4050d74bad3f8c/url'
02:24:30.218 [AsyncHttpClient-1-2] DEBUG org.asynchttpclient.netty.handler.HttpHandler - 

Request DefaultFullHttpRequest(decodeResult: success, version: HTTP/1.1, content: EmptyByteBufBE)
GET /session/fede1334dec9f1aa5f4050d74bad3f8c/url HTTP/1.1
User-Agent: selenium/4.8.1 (java windows)
Cache-Control: no-cache
Content-Type: application/json; charset=utf-8
host: localhost:5193
accept: */*

Response DefaultHttpResponse(decodeResult: success, version: HTTP/1.1)
HTTP/1.1 200 OK
Content-Length: 42
Content-Type: application/json; charset=utf-8
cache-control: no-cache

02:24:30.219 [AsyncHttpClient-1-2] DEBUG org.asynchttpclient.netty.channel.ChannelManager - Adding key: http://localhost:5193 for channel [id: 0x2598873f, L:/127.0.0.1:60452 - R:localhost/127.0.0.1:5193]
02:24:30.221 [main] DEBUG net.thucydides.core.steps.StepInterceptor - STARTING STEP: LoginSteps.inputEmail - inputEmail
02:24:30.227 [Forwarding findElement on session fede1334dec9f1aa5f4050d74bad3f8c to remote] DEBUG org.asynchttpclient.netty.request.NettyRequestSender - Using pooled Channel '[id: 0x2598873f, L:/127.0.0.1:60452 - R:localhost/127.0.0.1:5193]' for 'POST' to 'http://localhost:5193/session/fede1334dec9f1aa5f4050d74bad3f8c/element'
02:24:30.227 [Forwarding findElement on session fede1334dec9f1aa5f4050d74bad3f8c to remote] DEBUG org.asynchttpclient.netty.request.NettyRequestSender - Using open Channel [id: 0x2598873f, L:/127.0.0.1:60452 - R:localhost/127.0.0.1:5193] for POST '/session/fede1334dec9f1aa5f4050d74bad3f8c/element'
02:24:30.239 [AsyncHttpClient-1-2] DEBUG org.asynchttpclient.netty.handler.HttpHandler - 

Request DefaultHttpRequest(decodeResult: success, version: HTTP/1.1)
POST /session/fede1334dec9f1aa5f4050d74bad3f8c/element HTTP/1.1
User-Agent: selenium/4.8.1 (java windows)
Content-Length: 50
Content-Type: application/json; charset=utf-8
host: localhost:5193
accept: */*

Response DefaultHttpResponse(decodeResult: success, version: HTTP/1.1)
HTTP/1.1 200 OK
Content-Length: 88
Content-Type: application/json; charset=utf-8
cache-control: no-cache

02:24:30.239 [AsyncHttpClient-1-2] DEBUG org.asynchttpclient.netty.channel.ChannelManager - Adding key: http://localhost:5193 for channel [id: 0x2598873f, L:/127.0.0.1:60452 - R:localhost/127.0.0.1:5193]
02:24:30.241 [Forwarding clearElement on session fede1334dec9f1aa5f4050d74bad3f8c to remote] DEBUG org.asynchttpclient.netty.request.NettyRequestSender - Using pooled Channel '[id: 0x2598873f, L:/127.0.0.1:60452 - R:localhost/127.0.0.1:5193]' for 'POST' to 'http://localhost:5193/session/fede1334dec9f1aa5f4050d74bad3f8c/element/a4426598-911b-43d2-ad64-9b062cc7e17c/clear'
02:24:30.241 [Forwarding clearElement on session fede1334dec9f1aa5f4050d74bad3f8c to remote] DEBUG org.asynchttpclient.netty.request.NettyRequestSender - Using open Channel [id: 0x2598873f, L:/127.0.0.1:60452 - R:localhost/127.0.0.1:5193] for POST '/session/fede1334dec9f1aa5f4050d74bad3f8c/element/a4426598-911b-43d2-ad64-9b062cc7e17c/clear'
02:24:30.274 [AsyncHttpClient-1-2] DEBUG org.asynchttpclient.netty.handler.HttpHandler - 

Request DefaultHttpRequest(decodeResult: success, version: HTTP/1.1)
POST /session/fede1334dec9f1aa5f4050d74bad3f8c/element/a4426598-911b-43d2-ad64-9b062cc7e17c/clear HTTP/1.1
User-Agent: selenium/4.8.1 (java windows)
Content-Length: 50
Content-Type: application/json; charset=utf-8
host: localhost:5193
accept: */*

Response DefaultHttpResponse(decodeResult: success, version: HTTP/1.1)
HTTP/1.1 200 OK
Content-Length: 14
Content-Type: application/json; charset=utf-8
cache-control: no-cache

02:24:30.274 [AsyncHttpClient-1-2] DEBUG org.asynchttpclient.netty.channel.ChannelManager - Adding key: http://localhost:5193 for channel [id: 0x2598873f, L:/127.0.0.1:60452 - R:localhost/127.0.0.1:5193]
02:24:30.281 [Forwarding sendKeysToElement on session fede1334dec9f1aa5f4050d74bad3f8c to remote] DEBUG org.asynchttpclient.netty.request.NettyRequestSender - Using pooled Channel '[id: 0x2598873f, L:/127.0.0.1:60452 - R:localhost/127.0.0.1:5193]' for 'POST' to 'http://localhost:5193/session/fede1334dec9f1aa5f4050d74bad3f8c/element/a4426598-911b-43d2-ad64-9b062cc7e17c/value'
02:24:30.281 [Forwarding sendKeysToElement on session fede1334dec9f1aa5f4050d74bad3f8c to remote] DEBUG org.asynchttpclient.netty.request.NettyRequestSender - Using open Channel [id: 0x2598873f, L:/127.0.0.1:60452 - R:localhost/127.0.0.1:5193] for POST '/session/fede1334dec9f1aa5f4050d74bad3f8c/element/a4426598-911b-43d2-ad64-9b062cc7e17c/value'
02:24:30.383 [AsyncHttpClient-1-2] DEBUG org.asynchttpclient.netty.handler.HttpHandler - 

Request DefaultHttpRequest(decodeResult: success, version: HTTP/1.1)
POST /session/fede1334dec9f1aa5f4050d74bad3f8c/element/a4426598-911b-43d2-ad64-9b062cc7e17c/value HTTP/1.1
User-Agent: selenium/4.8.1 (java windows)
Content-Length: 281
Content-Type: application/json; charset=utf-8
host: localhost:5193
accept: */*

Response DefaultHttpResponse(decodeResult: success, version: HTTP/1.1)
HTTP/1.1 200 OK
Content-Length: 14
Content-Type: application/json; charset=utf-8
cache-control: no-cache

02:24:30.383 [AsyncHttpClient-1-2] DEBUG org.asynchttpclient.netty.channel.ChannelManager - Adding key: http://localhost:5193 for channel [id: 0x2598873f, L:/127.0.0.1:60452 - R:localhost/127.0.0.1:5193]
02:24:30.393 [Forwarding getAlertText on session fede1334dec9f1aa5f4050d74bad3f8c to remote] DEBUG org.asynchttpclient.netty.request.NettyRequestSender - Using pooled Channel '[id: 0x2598873f, L:/127.0.0.1:60452 - R:localhost/127.0.0.1:5193]' for 'GET' to 'http://localhost:5193/session/fede1334dec9f1aa5f4050d74bad3f8c/alert/text'
02:24:30.393 [Forwarding getAlertText on session fede1334dec9f1aa5f4050d74bad3f8c to remote] DEBUG org.asynchttpclient.netty.request.NettyRequestSender - Using open Channel [id: 0x2598873f, L:/127.0.0.1:60452 - R:localhost/127.0.0.1:5193] for GET '/session/fede1334dec9f1aa5f4050d74bad3f8c/alert/text'
02:24:30.395 [AsyncHttpClient-1-2] DEBUG org.asynchttpclient.netty.handler.HttpHandler - 

Request DefaultFullHttpRequest(decodeResult: success, version: HTTP/1.1, content: EmptyByteBufBE)
GET /session/fede1334dec9f1aa5f4050d74bad3f8c/alert/text HTTP/1.1
User-Agent: selenium/4.8.1 (java windows)
Cache-Control: no-cache
Content-Type: application/json; charset=utf-8
host: localhost:5193
accept: */*

Response DefaultHttpResponse(decodeResult: success, version: HTTP/1.1)
HTTP/1.1 404 Not Found
Content-Length: 836
Content-Type: application/json; charset=utf-8
cache-control: no-cache

02:24:30.395 [AsyncHttpClient-1-2] DEBUG org.asynchttpclient.netty.channel.ChannelManager - Adding key: http://localhost:5193 for channel [id: 0x2598873f, L:/127.0.0.1:60452 - R:localhost/127.0.0.1:5193]
02:24:30.397 [Forwarding getCurrentUrl on session fede1334dec9f1aa5f4050d74bad3f8c to remote] DEBUG org.asynchttpclient.netty.request.NettyRequestSender - Using pooled Channel '[id: 0x2598873f, L:/127.0.0.1:60452 - R:localhost/127.0.0.1:5193]' for 'GET' to 'http://localhost:5193/session/fede1334dec9f1aa5f4050d74bad3f8c/url'
02:24:30.397 [Forwarding getCurrentUrl on session fede1334dec9f1aa5f4050d74bad3f8c to remote] DEBUG org.asynchttpclient.netty.request.NettyRequestSender - Using open Channel [id: 0x2598873f, L:/127.0.0.1:60452 - R:localhost/127.0.0.1:5193] for GET '/session/fede1334dec9f1aa5f4050d74bad3f8c/url'
02:24:30.400 [AsyncHttpClient-1-2] DEBUG org.asynchttpclient.netty.handler.HttpHandler - 

Request DefaultFullHttpRequest(decodeResult: success, version: HTTP/1.1, content: EmptyByteBufBE)
GET /session/fede1334dec9f1aa5f4050d74bad3f8c/url HTTP/1.1
User-Agent: selenium/4.8.1 (java windows)
Cache-Control: no-cache
Content-Type: application/json; charset=utf-8
host: localhost:5193
accept: */*

Response DefaultHttpResponse(decodeResult: success, version: HTTP/1.1)
HTTP/1.1 200 OK
Content-Length: 42
Content-Type: application/json; charset=utf-8
cache-control: no-cache

02:24:30.401 [AsyncHttpClient-1-2] DEBUG org.asynchttpclient.netty.channel.ChannelManager - Adding key: http://localhost:5193 for channel [id: 0x2598873f, L:/127.0.0.1:60452 - R:localhost/127.0.0.1:5193]
02:24:30.402 [Forwarding screenshot on session fede1334dec9f1aa5f4050d74bad3f8c to remote] DEBUG org.asynchttpclient.netty.request.NettyRequestSender - Using pooled Channel '[id: 0x2598873f, L:/127.0.0.1:60452 - R:localhost/127.0.0.1:5193]' for 'GET' to 'http://localhost:5193/session/fede1334dec9f1aa5f4050d74bad3f8c/screenshot'
02:24:30.402 [Forwarding screenshot on session fede1334dec9f1aa5f4050d74bad3f8c to remote] DEBUG org.asynchttpclient.netty.request.NettyRequestSender - Using open Channel [id: 0x2598873f, L:/127.0.0.1:60452 - R:localhost/127.0.0.1:5193] for GET '/session/fede1334dec9f1aa5f4050d74bad3f8c/screenshot'
02:24:30.561 [AsyncHttpClient-1-2] DEBUG org.asynchttpclient.netty.handler.HttpHandler - 

Request DefaultFullHttpRequest(decodeResult: success, version: HTTP/1.1, content: EmptyByteBufBE)
GET /session/fede1334dec9f1aa5f4050d74bad3f8c/screenshot HTTP/1.1
User-Agent: selenium/4.8.1 (java windows)
Cache-Control: no-cache
Content-Type: application/json; charset=utf-8
host: localhost:5193
accept: */*

Response DefaultHttpResponse(decodeResult: success, version: HTTP/1.1)
HTTP/1.1 200 OK
Content-Length: 281940
Content-Type: application/json; charset=utf-8
cache-control: no-cache

02:24:30.562 [AsyncHttpClient-1-2] DEBUG org.asynchttpclient.netty.channel.ChannelManager - Adding key: http://localhost:5193 for channel [id: 0x2598873f, L:/127.0.0.1:60452 - R:localhost/127.0.0.1:5193]
02:24:30.572 [main] DEBUG net.serenitybdd.core.photography.Darkroom - Send negative for processing for target\site\serenity\dc6b1848b47b087241969550b59f5c35d0565b61fc197048a2dcbd801a4abee3.png
02:24:30.572 [main] DEBUG net.thucydides.core.steps.StepInterceptor - STEP DONE: inputEmail
02:24:30.572 [Darkroom Processing Line] DEBUG net.serenitybdd.core.photography.DarkroomProcessingLine - Processing screenshot image in /var/screenshots/screenshot-17982460907348983567
02:24:30.572 [Darkroom Processing Line] DEBUG net.serenitybdd.core.photography.DarkroomProcessingLine - Saving screenshot to target\site\serenity\dc6b1848b47b087241969550b59f5c35d0565b61fc197048a2dcbd801a4abee3.png
  &amp#27;[32mAnd &amp#27;[0m&amp#27;[32mI enter correct email&amp#27;[0m                                   &amp#27;[90m# starter.stepdefintions.LoginSteps.inputEmail()&amp#27;[0m
02:24:30.581 [Forwarding getPageSource on session fede1334dec9f1aa5f4050d74bad3f8c to remote] DEBUG org.asynchttpclient.netty.request.NettyRequestSender - Using pooled Channel '[id: 0x2598873f, L:/127.0.0.1:60452 - R:localhost/127.0.0.1:5193]' for 'POST' to 'http://localhost:5193/session/fede1334dec9f1aa5f4050d74bad3f8c/execute/sync'
02:24:30.581 [Forwarding getPageSource on session fede1334dec9f1aa5f4050d74bad3f8c to remote] DEBUG org.asynchttpclient.netty.request.NettyRequestSender - Using open Channel [id: 0x2598873f, L:/127.0.0.1:60452 - R:localhost/127.0.0.1:5193] for POST '/session/fede1334dec9f1aa5f4050d74bad3f8c/execute/sync'
02:24:30.590 [AsyncHttpClient-1-2] DEBUG org.asynchttpclient.netty.handler.HttpHandler - 

Request DefaultHttpRequest(decodeResult: success, version: HTTP/1.1)
POST /session/fede1334dec9f1aa5f4050d74bad3f8c/execute/sync HTTP/1.1
User-Agent: selenium/4.8.1 (java windows)
Content-Length: 176
Content-Type: application/json; charset=utf-8
host: localhost:5193
accept: */*

Response DefaultHttpResponse(decodeResult: success, version: HTTP/1.1)
HTTP/1.1 200 OK
Content-Length: 97040
Content-Type: application/json; charset=utf-8
cache-control: no-cache

02:24:30.591 [AsyncHttpClient-1-2] DEBUG org.asynchttpclient.netty.channel.ChannelManager - Adding key: http://localhost:5193 for channel [id: 0x2598873f, L:/127.0.0.1:60452 - R:localhost/127.0.0.1:5193]
02:24:30.596 [Forwarding getCurrentUrl on session fede1334dec9f1aa5f4050d74bad3f8c to remote] DEBUG org.asynchttpclient.netty.request.NettyRequestSender - Using pooled Channel '[id: 0x2598873f, L:/127.0.0.1:60452 - R:localhost/127.0.0.1:5193]' for 'GET' to 'http://localhost:5193/session/fede1334dec9f1aa5f4050d74bad3f8c/url'
02:24:30.596 [Forwarding getCurrentUrl on session fede1334dec9f1aa5f4050d74bad3f8c to remote] DEBUG org.asynchttpclient.netty.request.NettyRequestSender - Using open Channel [id: 0x2598873f, L:/127.0.0.1:60452 - R:localhost/127.0.0.1:5193] for GET '/session/fede1334dec9f1aa5f4050d74bad3f8c/url'
02:24:30.600 [AsyncHttpClient-1-2] DEBUG org.asynchttpclient.netty.handler.HttpHandler - 

Request DefaultFullHttpRequest(decodeResult: success, version: HTTP/1.1, content: EmptyByteBufBE)
GET /session/fede1334dec9f1aa5f4050d74bad3f8c/url HTTP/1.1
User-Agent: selenium/4.8.1 (java windows)
Cache-Control: no-cache
Content-Type: application/json; charset=utf-8
host: localhost:5193
accept: */*

Response DefaultHttpResponse(decodeResult: success, version: HTTP/1.1)
HTTP/1.1 200 OK
Content-Length: 42
Content-Type: application/json; charset=utf-8
cache-control: no-cache

02:24:30.600 [AsyncHttpClient-1-2] DEBUG org.asynchttpclient.netty.channel.ChannelManager - Adding key: http://localhost:5193 for channel [id: 0x2598873f, L:/127.0.0.1:60452 - R:localhost/127.0.0.1:5193]
02:24:30.613 [Forwarding getPageSource on session fede1334dec9f1aa5f4050d74bad3f8c to remote] DEBUG org.asynchttpclient.netty.request.NettyRequestSender - Using pooled Channel '[id: 0x2598873f, L:/127.0.0.1:60452 - R:localhost/127.0.0.1:5193]' for 'POST' to 'http://localhost:5193/session/fede1334dec9f1aa5f4050d74bad3f8c/execute/sync'
02:24:30.613 [Forwarding getPageSource on session fede1334dec9f1aa5f4050d74bad3f8c to remote] DEBUG org.asynchttpclient.netty.request.NettyRequestSender - Using open Channel [id: 0x2598873f, L:/127.0.0.1:60452 - R:localhost/127.0.0.1:5193] for POST '/session/fede1334dec9f1aa5f4050d74bad3f8c/execute/sync'
02:24:30.625 [AsyncHttpClient-1-2] DEBUG org.asynchttpclient.netty.handler.HttpHandler - 

Request DefaultHttpRequest(decodeResult: success, version: HTTP/1.1)
POST /session/fede1334dec9f1aa5f4050d74bad3f8c/execute/sync HTTP/1.1
User-Agent: selenium/4.8.1 (java windows)
Content-Length: 176
Content-Type: application/json; charset=utf-8
host: localhost:5193
accept: */*

Response DefaultHttpResponse(decodeResult: success, version: HTTP/1.1)
HTTP/1.1 200 OK
Content-Length: 97040
Content-Type: application/json; charset=utf-8
cache-control: no-cache

02:24:30.625 [AsyncHttpClient-1-2] DEBUG org.asynchttpclient.netty.channel.ChannelManager - Adding key: http://localhost:5193 for channel [id: 0x2598873f, L:/127.0.0.1:60452 - R:localhost/127.0.0.1:5193]
02:24:30.635 [Forwarding getCurrentUrl on session fede1334dec9f1aa5f4050d74bad3f8c to remote] DEBUG org.asynchttpclient.netty.request.NettyRequestSender - Using pooled Channel '[id: 0x2598873f, L:/127.0.0.1:60452 - R:localhost/127.0.0.1:5193]' for 'GET' to 'http://localhost:5193/session/fede1334dec9f1aa5f4050d74bad3f8c/url'
02:24:30.635 [Forwarding getCurrentUrl on session fede1334dec9f1aa5f4050d74bad3f8c to remote] DEBUG org.asynchttpclient.netty.request.NettyRequestSender - Using open Channel [id: 0x2598873f, L:/127.0.0.1:60452 - R:localhost/127.0.0.1:5193] for GET '/session/fede1334dec9f1aa5f4050d74bad3f8c/url'
02:24:30.678 [AsyncHttpClient-1-2] DEBUG org.asynchttpclient.netty.handler.HttpHandler - 

Request DefaultFullHttpRequest(decodeResult: success, version: HTTP/1.1, content: EmptyByteBufBE)
GET /session/fede1334dec9f1aa5f4050d74bad3f8c/url HTTP/1.1
User-Agent: selenium/4.8.1 (java windows)
Cache-Control: no-cache
Content-Type: application/json; charset=utf-8
host: localhost:5193
accept: */*

Response DefaultHttpResponse(decodeResult: success, version: HTTP/1.1)
HTTP/1.1 200 OK
Content-Length: 42
Content-Type: application/json; charset=utf-8
cache-control: no-cache

02:24:30.678 [AsyncHttpClient-1-2] DEBUG org.asynchttpclient.netty.channel.ChannelManager - Adding key: http://localhost:5193 for channel [id: 0x2598873f, L:/127.0.0.1:60452 - R:localhost/127.0.0.1:5193]
02:24:30.682 [main] DEBUG net.thucydides.core.steps.StepInterceptor - STARTING STEP: LoginSteps.inputPassword - inputPassword
02:24:30.686 [Forwarding findElement on session fede1334dec9f1aa5f4050d74bad3f8c to remote] DEBUG org.asynchttpclient.netty.request.NettyRequestSender - Using pooled Channel '[id: 0x2598873f, L:/127.0.0.1:60452 - R:localhost/127.0.0.1:5193]' for 'POST' to 'http://localhost:5193/session/fede1334dec9f1aa5f4050d74bad3f8c/element'
02:24:30.686 [Forwarding findElement on session fede1334dec9f1aa5f4050d74bad3f8c to remote] DEBUG org.asynchttpclient.netty.request.NettyRequestSender - Using open Channel [id: 0x2598873f, L:/127.0.0.1:60452 - R:localhost/127.0.0.1:5193] for POST '/session/fede1334dec9f1aa5f4050d74bad3f8c/element'
02:24:30.700 [AsyncHttpClient-1-2] DEBUG org.asynchttpclient.netty.handler.HttpHandler - 

Request DefaultHttpRequest(decodeResult: success, version: HTTP/1.1)
POST /session/fede1334dec9f1aa5f4050d74bad3f8c/element HTTP/1.1
User-Agent: selenium/4.8.1 (java windows)
Content-Length: 53
Content-Type: application/json; charset=utf-8
host: localhost:5193
accept: */*

Response DefaultHttpResponse(decodeResult: success, version: HTTP/1.1)
HTTP/1.1 200 OK
Content-Length: 88
Content-Type: application/json; charset=utf-8
cache-control: no-cache

02:24:30.700 [AsyncHttpClient-1-2] DEBUG org.asynchttpclient.netty.channel.ChannelManager - Adding key: http://localhost:5193 for channel [id: 0x2598873f, L:/127.0.0.1:60452 - R:localhost/127.0.0.1:5193]
02:24:30.702 [Forwarding clearElement on session fede1334dec9f1aa5f4050d74bad3f8c to remote] DEBUG org.asynchttpclient.netty.request.NettyRequestSender - Using pooled Channel '[id: 0x2598873f, L:/127.0.0.1:60452 - R:localhost/127.0.0.1:5193]' for 'POST' to 'http://localhost:5193/session/fede1334dec9f1aa5f4050d74bad3f8c/element/50fadc91-e0c8-4ca9-ae3c-5f827616621a/clear'
02:24:30.702 [Forwarding clearElement on session fede1334dec9f1aa5f4050d74bad3f8c to remote] DEBUG org.asynchttpclient.netty.request.NettyRequestSender - Using open Channel [id: 0x2598873f, L:/127.0.0.1:60452 - R:localhost/127.0.0.1:5193] for POST '/session/fede1334dec9f1aa5f4050d74bad3f8c/element/50fadc91-e0c8-4ca9-ae3c-5f827616621a/clear'
02:24:30.742 [AsyncHttpClient-1-2] DEBUG org.asynchttpclient.netty.handler.HttpHandler - 

Request DefaultHttpRequest(decodeResult: success, version: HTTP/1.1)
POST /session/fede1334dec9f1aa5f4050d74bad3f8c/element/50fadc91-e0c8-4ca9-ae3c-5f827616621a/clear HTTP/1.1
User-Agent: selenium/4.8.1 (java windows)
Content-Length: 50
Content-Type: application/json; charset=utf-8
host: localhost:5193
accept: */*

Response DefaultHttpResponse(decodeResult: success, version: HTTP/1.1)
HTTP/1.1 200 OK
Content-Length: 14
Content-Type: application/json; charset=utf-8
cache-control: no-cache

02:24:30.743 [AsyncHttpClient-1-2] DEBUG org.asynchttpclient.netty.channel.ChannelManager - Adding key: http://localhost:5193 for channel [id: 0x2598873f, L:/127.0.0.1:60452 - R:localhost/127.0.0.1:5193]
02:24:30.745 [Forwarding sendKeysToElement on session fede1334dec9f1aa5f4050d74bad3f8c to remote] DEBUG org.asynchttpclient.netty.request.NettyRequestSender - Using pooled Channel '[id: 0x2598873f, L:/127.0.0.1:60452 - R:localhost/127.0.0.1:5193]' for 'POST' to 'http://localhost:5193/session/fede1334dec9f1aa5f4050d74bad3f8c/element/50fadc91-e0c8-4ca9-ae3c-5f827616621a/value'
02:24:30.745 [Forwarding sendKeysToElement on session fede1334dec9f1aa5f4050d74bad3f8c to remote] DEBUG org.asynchttpclient.netty.request.NettyRequestSender - Using open Channel [id: 0x2598873f, L:/127.0.0.1:60452 - R:localhost/127.0.0.1:5193] for POST '/session/fede1334dec9f1aa5f4050d74bad3f8c/element/50fadc91-e0c8-4ca9-ae3c-5f827616621a/value'
02:24:30.827 [AsyncHttpClient-1-2] DEBUG org.asynchttpclient.netty.handler.HttpHandler - 

Request DefaultHttpRequest(decodeResult: success, version: HTTP/1.1)
POST /session/fede1334dec9f1aa5f4050d74bad3f8c/element/50fadc91-e0c8-4ca9-ae3c-5f827616621a/value HTTP/1.1
User-Agent: selenium/4.8.1 (java windows)
Content-Length: 221
Content-Type: application/json; charset=utf-8
host: localhost:5193
accept: */*

Response DefaultHttpResponse(decodeResult: success, version: HTTP/1.1)
HTTP/1.1 200 OK
Content-Length: 14
Content-Type: application/json; charset=utf-8
cache-control: no-cache

02:24:30.827 [AsyncHttpClient-1-2] DEBUG org.asynchttpclient.netty.channel.ChannelManager - Adding key: http://localhost:5193 for channel [id: 0x2598873f, L:/127.0.0.1:60452 - R:localhost/127.0.0.1:5193]
02:24:30.836 [Forwarding getAlertText on session fede1334dec9f1aa5f4050d74bad3f8c to remote] DEBUG org.asynchttpclient.netty.request.NettyRequestSender - Using pooled Channel '[id: 0x2598873f, L:/127.0.0.1:60452 - R:localhost/127.0.0.1:5193]' for 'GET' to 'http://localhost:5193/session/fede1334dec9f1aa5f4050d74bad3f8c/alert/text'
02:24:30.836 [Forwarding getAlertText on session fede1334dec9f1aa5f4050d74bad3f8c to remote] DEBUG org.asynchttpclient.netty.request.NettyRequestSender - Using open Channel [id: 0x2598873f, L:/127.0.0.1:60452 - R:localhost/127.0.0.1:5193] for GET '/session/fede1334dec9f1aa5f4050d74bad3f8c/alert/text'
02:24:30.837 [AsyncHttpClient-1-2] DEBUG org.asynchttpclient.netty.handler.HttpHandler - 

Request DefaultFullHttpRequest(decodeResult: success, version: HTTP/1.1, content: EmptyByteBufBE)
GET /session/fede1334dec9f1aa5f4050d74bad3f8c/alert/text HTTP/1.1
User-Agent: selenium/4.8.1 (java windows)
Cache-Control: no-cache
Content-Type: application/json; charset=utf-8
host: localhost:5193
accept: */*

Response DefaultHttpResponse(decodeResult: success, version: HTTP/1.1)
HTTP/1.1 404 Not Found
Content-Length: 836
Content-Type: application/json; charset=utf-8
cache-control: no-cache

02:24:30.837 [AsyncHttpClient-1-2] DEBUG org.asynchttpclient.netty.channel.ChannelManager - Adding key: http://localhost:5193 for channel [id: 0x2598873f, L:/127.0.0.1:60452 - R:localhost/127.0.0.1:5193]
02:24:30.838 [Forwarding getCurrentUrl on session fede1334dec9f1aa5f4050d74bad3f8c to remote] DEBUG org.asynchttpclient.netty.request.NettyRequestSender - Using pooled Channel '[id: 0x2598873f, L:/127.0.0.1:60452 - R:localhost/127.0.0.1:5193]' for 'GET' to 'http://localhost:5193/session/fede1334dec9f1aa5f4050d74bad3f8c/url'
02:24:30.839 [Forwarding getCurrentUrl on session fede1334dec9f1aa5f4050d74bad3f8c to remote] DEBUG org.asynchttpclient.netty.request.NettyRequestSender - Using open Channel [id: 0x2598873f, L:/127.0.0.1:60452 - R:localhost/127.0.0.1:5193] for GET '/session/fede1334dec9f1aa5f4050d74bad3f8c/url'
02:24:30.841 [AsyncHttpClient-1-2] DEBUG org.asynchttpclient.netty.handler.HttpHandler - 

Request DefaultFullHttpRequest(decodeResult: success, version: HTTP/1.1, content: EmptyByteBufBE)
GET /session/fede1334dec9f1aa5f4050d74bad3f8c/url HTTP/1.1
User-Agent: selenium/4.8.1 (java windows)
Cache-Control: no-cache
Content-Type: application/json; charset=utf-8
host: localhost:5193
accept: */*

Response DefaultHttpResponse(decodeResult: success, version: HTTP/1.1)
HTTP/1.1 200 OK
Content-Length: 42
Content-Type: application/json; charset=utf-8
cache-control: no-cache

02:24:30.841 [AsyncHttpClient-1-2] DEBUG org.asynchttpclient.netty.channel.ChannelManager - Adding key: http://localhost:5193 for channel [id: 0x2598873f, L:/127.0.0.1:60452 - R:localhost/127.0.0.1:5193]
02:24:30.841 [Forwarding screenshot on session fede1334dec9f1aa5f4050d74bad3f8c to remote] DEBUG org.asynchttpclient.netty.request.NettyRequestSender - Using pooled Channel '[id: 0x2598873f, L:/127.0.0.1:60452 - R:localhost/127.0.0.1:5193]' for 'GET' to 'http://localhost:5193/session/fede1334dec9f1aa5f4050d74bad3f8c/screenshot'
02:24:30.842 [Forwarding screenshot on session fede1334dec9f1aa5f4050d74bad3f8c to remote] DEBUG org.asynchttpclient.netty.request.NettyRequestSender - Using open Channel [id: 0x2598873f, L:/127.0.0.1:60452 - R:localhost/127.0.0.1:5193] for GET '/session/fede1334dec9f1aa5f4050d74bad3f8c/screenshot'
02:24:30.948 [AsyncHttpClient-1-1] DEBUG org.asynchttpclient.netty.channel.DefaultChannelPool - Entry count for : http://localhost:60453 : 1
02:24:31.003 [AsyncHttpClient-1-2] DEBUG org.asynchttpclient.netty.handler.HttpHandler - 

Request DefaultFullHttpRequest(decodeResult: success, version: HTTP/1.1, content: EmptyByteBufBE)
GET /session/fede1334dec9f1aa5f4050d74bad3f8c/screenshot HTTP/1.1
User-Agent: selenium/4.8.1 (java windows)
Cache-Control: no-cache
Content-Type: application/json; charset=utf-8
host: localhost:5193
accept: */*

Response DefaultHttpResponse(decodeResult: success, version: HTTP/1.1)
HTTP/1.1 200 OK
Content-Length: 283500
Content-Type: application/json; charset=utf-8
cache-control: no-cache

02:24:31.004 [AsyncHttpClient-1-2] DEBUG org.asynchttpclient.netty.channel.ChannelManager - Adding key: http://localhost:5193 for channel [id: 0x2598873f, L:/127.0.0.1:60452 - R:localhost/127.0.0.1:5193]
02:24:31.009 [main] DEBUG net.serenitybdd.core.photography.Darkroom - Send negative for processing for target\site\serenity\ec186c371d9b3ac3efeaa8cc8f3f9f29db5556cd5a1dd9aa2bd591bf7b754526.png
02:24:31.009 [Darkroom Processing Line] DEBUG net.serenitybdd.core.photography.DarkroomProcessingLine - Processing screenshot image in /var/screenshots/screenshot-2352762792329214645
02:24:31.009 [Darkroom Processing Line] DEBUG net.serenitybdd.core.photography.DarkroomProcessingLine - Saving screenshot to target\site\serenity\ec186c371d9b3ac3efeaa8cc8f3f9f29db5556cd5a1dd9aa2bd591bf7b754526.png
02:24:31.009 [main] DEBUG net.thucydides.core.steps.StepInterceptor - STEP DONE: inputPassword
  &amp#27;[32mAnd &amp#27;[0m&amp#27;[32mI enter correct password&amp#27;[0m                                &amp#27;[90m# starter.stepdefintions.LoginSteps.inputPassword()&amp#27;[0m
02:24:31.018 [Forwarding getPageSource on session fede1334dec9f1aa5f4050d74bad3f8c to remote] DEBUG org.asynchttpclient.netty.request.NettyRequestSender - Using pooled Channel '[id: 0x2598873f, L:/127.0.0.1:60452 - R:localhost/127.0.0.1:5193]' for 'POST' to 'http://localhost:5193/session/fede1334dec9f1aa5f4050d74bad3f8c/execute/sync'
02:24:31.018 [Forwarding getPageSource on session fede1334dec9f1aa5f4050d74bad3f8c to remote] DEBUG org.asynchttpclient.netty.request.NettyRequestSender - Using open Channel [id: 0x2598873f, L:/127.0.0.1:60452 - R:localhost/127.0.0.1:5193] for POST '/session/fede1334dec9f1aa5f4050d74bad3f8c/execute/sync'
02:24:31.026 [AsyncHttpClient-1-2] DEBUG org.asynchttpclient.netty.handler.HttpHandler - 

Request DefaultHttpRequest(decodeResult: success, version: HTTP/1.1)
POST /session/fede1334dec9f1aa5f4050d74bad3f8c/execute/sync HTTP/1.1
User-Agent: selenium/4.8.1 (java windows)
Content-Length: 176
Content-Type: application/json; charset=utf-8
host: localhost:5193
accept: */*

Response DefaultHttpResponse(decodeResult: success, version: HTTP/1.1)
HTTP/1.1 200 OK
Content-Length: 97059
Content-Type: application/json; charset=utf-8
cache-control: no-cache

02:24:31.026 [AsyncHttpClient-1-2] DEBUG org.asynchttpclient.netty.channel.ChannelManager - Adding key: http://localhost:5193 for channel [id: 0x2598873f, L:/127.0.0.1:60452 - R:localhost/127.0.0.1:5193]
02:24:31.031 [Forwarding getCurrentUrl on session fede1334dec9f1aa5f4050d74bad3f8c to remote] DEBUG org.asynchttpclient.netty.request.NettyRequestSender - Using pooled Channel '[id: 0x2598873f, L:/127.0.0.1:60452 - R:localhost/127.0.0.1:5193]' for 'GET' to 'http://localhost:5193/session/fede1334dec9f1aa5f4050d74bad3f8c/url'
02:24:31.031 [Forwarding getCurrentUrl on session fede1334dec9f1aa5f4050d74bad3f8c to remote] DEBUG org.asynchttpclient.netty.request.NettyRequestSender - Using open Channel [id: 0x2598873f, L:/127.0.0.1:60452 - R:localhost/127.0.0.1:5193] for GET '/session/fede1334dec9f1aa5f4050d74bad3f8c/url'
02:24:31.036 [AsyncHttpClient-1-2] DEBUG org.asynchttpclient.netty.handler.HttpHandler - 

Request DefaultFullHttpRequest(decodeResult: success, version: HTTP/1.1, content: EmptyByteBufBE)
GET /session/fede1334dec9f1aa5f4050d74bad3f8c/url HTTP/1.1
User-Agent: selenium/4.8.1 (java windows)
Cache-Control: no-cache
Content-Type: application/json; charset=utf-8
host: localhost:5193
accept: */*

Response DefaultHttpResponse(decodeResult: success, version: HTTP/1.1)
HTTP/1.1 200 OK
Content-Length: 42
Content-Type: application/json; charset=utf-8
cache-control: no-cache

02:24:31.036 [AsyncHttpClient-1-2] DEBUG org.asynchttpclient.netty.channel.ChannelManager - Adding key: http://localhost:5193 for channel [id: 0x2598873f, L:/127.0.0.1:60452 - R:localhost/127.0.0.1:5193]
02:24:31.044 [Forwarding getPageSource on session fede1334dec9f1aa5f4050d74bad3f8c to remote] DEBUG org.asynchttpclient.netty.request.NettyRequestSender - Using pooled Channel '[id: 0x2598873f, L:/127.0.0.1:60452 - R:localhost/127.0.0.1:5193]' for 'POST' to 'http://localhost:5193/session/fede1334dec9f1aa5f4050d74bad3f8c/execute/sync'
02:24:31.045 [Forwarding getPageSource on session fede1334dec9f1aa5f4050d74bad3f8c to remote] DEBUG org.asynchttpclient.netty.request.NettyRequestSender - Using open Channel [id: 0x2598873f, L:/127.0.0.1:60452 - R:localhost/127.0.0.1:5193] for POST '/session/fede1334dec9f1aa5f4050d74bad3f8c/execute/sync'
02:24:31.055 [AsyncHttpClient-1-2] DEBUG org.asynchttpclient.netty.handler.HttpHandler - 

Request DefaultHttpRequest(decodeResult: success, version: HTTP/1.1)
POST /session/fede1334dec9f1aa5f4050d74bad3f8c/execute/sync HTTP/1.1
User-Agent: selenium/4.8.1 (java windows)
Content-Length: 176
Content-Type: application/json; charset=utf-8
host: localhost:5193
accept: */*

Response DefaultHttpResponse(decodeResult: success, version: HTTP/1.1)
HTTP/1.1 200 OK
Content-Length: 97059
Content-Type: application/json; charset=utf-8
cache-control: no-cache

02:24:31.056 [AsyncHttpClient-1-2] DEBUG org.asynchttpclient.netty.channel.ChannelManager - Adding key: http://localhost:5193 for channel [id: 0x2598873f, L:/127.0.0.1:60452 - R:localhost/127.0.0.1:5193]
02:24:31.061 [Forwarding getCurrentUrl on session fede1334dec9f1aa5f4050d74bad3f8c to remote] DEBUG org.asynchttpclient.netty.request.NettyRequestSender - Using pooled Channel '[id: 0x2598873f, L:/127.0.0.1:60452 - R:localhost/127.0.0.1:5193]' for 'GET' to 'http://localhost:5193/session/fede1334dec9f1aa5f4050d74bad3f8c/url'
02:24:31.061 [Forwarding getCurrentUrl on session fede1334dec9f1aa5f4050d74bad3f8c to remote] DEBUG org.asynchttpclient.netty.request.NettyRequestSender - Using open Channel [id: 0x2598873f, L:/127.0.0.1:60452 - R:localhost/127.0.0.1:5193] for GET '/session/fede1334dec9f1aa5f4050d74bad3f8c/url'
02:24:31.064 [AsyncHttpClient-1-2] DEBUG org.asynchttpclient.netty.handler.HttpHandler - 

Request DefaultFullHttpRequest(decodeResult: success, version: HTTP/1.1, content: EmptyByteBufBE)
GET /session/fede1334dec9f1aa5f4050d74bad3f8c/url HTTP/1.1
User-Agent: selenium/4.8.1 (java windows)
Cache-Control: no-cache
Content-Type: application/json; charset=utf-8
host: localhost:5193
accept: */*

Response DefaultHttpResponse(decodeResult: success, version: HTTP/1.1)
HTTP/1.1 200 OK
Content-Length: 42
Content-Type: application/json; charset=utf-8
cache-control: no-cache

02:24:31.064 [AsyncHttpClient-1-2] DEBUG org.asynchttpclient.netty.channel.ChannelManager - Adding key: http://localhost:5193 for channel [id: 0x2598873f, L:/127.0.0.1:60452 - R:localhost/127.0.0.1:5193]
02:24:31.067 [main] DEBUG net.thucydides.core.steps.StepInterceptor - STARTING STEP: LoginSteps.clickSubmitButton - clickSubmitButton
02:24:31.070 [Forwarding findElement on session fede1334dec9f1aa5f4050d74bad3f8c to remote] DEBUG org.asynchttpclient.netty.request.NettyRequestSender - Using pooled Channel '[id: 0x2598873f, L:/127.0.0.1:60452 - R:localhost/127.0.0.1:5193]' for 'POST' to 'http://localhost:5193/session/fede1334dec9f1aa5f4050d74bad3f8c/element'
02:24:31.070 [Forwarding findElement on session fede1334dec9f1aa5f4050d74bad3f8c to remote] DEBUG org.asynchttpclient.netty.request.NettyRequestSender - Using open Channel [id: 0x2598873f, L:/127.0.0.1:60452 - R:localhost/127.0.0.1:5193] for POST '/session/fede1334dec9f1aa5f4050d74bad3f8c/element'
02:24:31.080 [AsyncHttpClient-1-2] DEBUG org.asynchttpclient.netty.handler.HttpHandler - 

Request DefaultHttpRequest(decodeResult: success, version: HTTP/1.1)
POST /session/fede1334dec9f1aa5f4050d74bad3f8c/element HTTP/1.1
User-Agent: selenium/4.8.1 (java windows)
Content-Length: 57
Content-Type: application/json; charset=utf-8
host: localhost:5193
accept: */*

Response DefaultHttpResponse(decodeResult: success, version: HTTP/1.1)
HTTP/1.1 200 OK
Content-Length: 88
Content-Type: application/json; charset=utf-8
cache-control: no-cache

02:24:31.080 [AsyncHttpClient-1-2] DEBUG org.asynchttpclient.netty.channel.ChannelManager - Adding key: http://localhost:5193 for channel [id: 0x2598873f, L:/127.0.0.1:60452 - R:localhost/127.0.0.1:5193]
02:24:31.082 [Forwarding getElementTagName on session fede1334dec9f1aa5f4050d74bad3f8c to remote] DEBUG org.asynchttpclient.netty.request.NettyRequestSender - Using pooled Channel '[id: 0x2598873f, L:/127.0.0.1:60452 - R:localhost/127.0.0.1:5193]' for 'GET' to 'http://localhost:5193/session/fede1334dec9f1aa5f4050d74bad3f8c/element/8ea8cdf4-72d0-4829-9251-a8c4dcff70f1/name'
02:24:31.082 [Forwarding getElementTagName on session fede1334dec9f1aa5f4050d74bad3f8c to remote] DEBUG org.asynchttpclient.netty.request.NettyRequestSender - Using open Channel [id: 0x2598873f, L:/127.0.0.1:60452 - R:localhost/127.0.0.1:5193] for GET '/session/fede1334dec9f1aa5f4050d74bad3f8c/element/8ea8cdf4-72d0-4829-9251-a8c4dcff70f1/name'
02:24:31.086 [AsyncHttpClient-1-2] DEBUG org.asynchttpclient.netty.handler.HttpHandler - 

Request DefaultFullHttpRequest(decodeResult: success, version: HTTP/1.1, content: EmptyByteBufBE)
GET /session/fede1334dec9f1aa5f4050d74bad3f8c/element/8ea8cdf4-72d0-4829-9251-a8c4dcff70f1/name HTTP/1.1
User-Agent: selenium/4.8.1 (java windows)
Cache-Control: no-cache
Content-Type: application/json; charset=utf-8
host: localhost:5193
accept: */*

Response DefaultHttpResponse(decodeResult: success, version: HTTP/1.1)
HTTP/1.1 200 OK
Content-Length: 18
Content-Type: application/json; charset=utf-8
cache-control: no-cache

02:24:31.086 [AsyncHttpClient-1-2] DEBUG org.asynchttpclient.netty.channel.ChannelManager - Adding key: http://localhost:5193 for channel [id: 0x2598873f, L:/127.0.0.1:60452 - R:localhost/127.0.0.1:5193]
02:24:31.088 [Forwarding getElementTagName on session fede1334dec9f1aa5f4050d74bad3f8c to remote] DEBUG org.asynchttpclient.netty.request.NettyRequestSender - Using pooled Channel '[id: 0x2598873f, L:/127.0.0.1:60452 - R:localhost/127.0.0.1:5193]' for 'GET' to 'http://localhost:5193/session/fede1334dec9f1aa5f4050d74bad3f8c/element/8ea8cdf4-72d0-4829-9251-a8c4dcff70f1/name'
02:24:31.088 [Forwarding getElementTagName on session fede1334dec9f1aa5f4050d74bad3f8c to remote] DEBUG org.asynchttpclient.netty.request.NettyRequestSender - Using open Channel [id: 0x2598873f, L:/127.0.0.1:60452 - R:localhost/127.0.0.1:5193] for GET '/session/fede1334dec9f1aa5f4050d74bad3f8c/element/8ea8cdf4-72d0-4829-9251-a8c4dcff70f1/name'
02:24:31.091 [AsyncHttpClient-1-2] DEBUG org.asynchttpclient.netty.handler.HttpHandler - 

Request DefaultFullHttpRequest(decodeResult: success, version: HTTP/1.1, content: EmptyByteBufBE)
GET /session/fede1334dec9f1aa5f4050d74bad3f8c/element/8ea8cdf4-72d0-4829-9251-a8c4dcff70f1/name HTTP/1.1
User-Agent: selenium/4.8.1 (java windows)
Cache-Control: no-cache
Content-Type: application/json; charset=utf-8
host: localhost:5193
accept: */*

Response DefaultHttpResponse(decodeResult: success, version: HTTP/1.1)
HTTP/1.1 200 OK
Content-Length: 18
Content-Type: application/json; charset=utf-8
cache-control: no-cache

02:24:31.091 [AsyncHttpClient-1-2] DEBUG org.asynchttpclient.netty.channel.ChannelManager - Adding key: http://localhost:5193 for channel [id: 0x2598873f, L:/127.0.0.1:60452 - R:localhost/127.0.0.1:5193]
02:24:31.095 [Forwarding isElementEnabled on session fede1334dec9f1aa5f4050d74bad3f8c to remote] DEBUG org.asynchttpclient.netty.request.NettyRequestSender - Using pooled Channel '[id: 0x2598873f, L:/127.0.0.1:60452 - R:localhost/127.0.0.1:5193]' for 'GET' to 'http://localhost:5193/session/fede1334dec9f1aa5f4050d74bad3f8c/element/8ea8cdf4-72d0-4829-9251-a8c4dcff70f1/enabled'
02:24:31.095 [Forwarding isElementEnabled on session fede1334dec9f1aa5f4050d74bad3f8c to remote] DEBUG org.asynchttpclient.netty.request.NettyRequestSender - Using open Channel [id: 0x2598873f, L:/127.0.0.1:60452 - R:localhost/127.0.0.1:5193] for GET '/session/fede1334dec9f1aa5f4050d74bad3f8c/element/8ea8cdf4-72d0-4829-9251-a8c4dcff70f1/enabled'
02:24:31.101 [AsyncHttpClient-1-2] DEBUG org.asynchttpclient.netty.handler.HttpHandler - 

Request DefaultFullHttpRequest(decodeResult: success, version: HTTP/1.1, content: EmptyByteBufBE)
GET /session/fede1334dec9f1aa5f4050d74bad3f8c/element/8ea8cdf4-72d0-4829-9251-a8c4dcff70f1/enabled HTTP/1.1
User-Agent: selenium/4.8.1 (java windows)
Cache-Control: no-cache
Content-Type: application/json; charset=utf-8
host: localhost:5193
accept: */*

Response DefaultHttpResponse(decodeResult: success, version: HTTP/1.1)
HTTP/1.1 200 OK
Content-Length: 14
Content-Type: application/json; charset=utf-8
cache-control: no-cache

02:24:31.102 [AsyncHttpClient-1-2] DEBUG org.asynchttpclient.netty.channel.ChannelManager - Adding key: http://localhost:5193 for channel [id: 0x2598873f, L:/127.0.0.1:60452 - R:localhost/127.0.0.1:5193]
02:24:31.103 [Forwarding isElementEnabled on session fede1334dec9f1aa5f4050d74bad3f8c to remote] DEBUG org.asynchttpclient.netty.request.NettyRequestSender - Using pooled Channel '[id: 0x2598873f, L:/127.0.0.1:60452 - R:localhost/127.0.0.1:5193]' for 'GET' to 'http://localhost:5193/session/fede1334dec9f1aa5f4050d74bad3f8c/element/8ea8cdf4-72d0-4829-9251-a8c4dcff70f1/enabled'
02:24:31.103 [Forwarding isElementEnabled on session fede1334dec9f1aa5f4050d74bad3f8c to remote] DEBUG org.asynchttpclient.netty.request.NettyRequestSender - Using open Channel [id: 0x2598873f, L:/127.0.0.1:60452 - R:localhost/127.0.0.1:5193] for GET '/session/fede1334dec9f1aa5f4050d74bad3f8c/element/8ea8cdf4-72d0-4829-9251-a8c4dcff70f1/enabled'
02:24:31.108 [AsyncHttpClient-1-2] DEBUG org.asynchttpclient.netty.handler.HttpHandler - 

Request DefaultFullHttpRequest(decodeResult: success, version: HTTP/1.1, content: EmptyByteBufBE)
GET /session/fede1334dec9f1aa5f4050d74bad3f8c/element/8ea8cdf4-72d0-4829-9251-a8c4dcff70f1/enabled HTTP/1.1
User-Agent: selenium/4.8.1 (java windows)
Cache-Control: no-cache
Content-Type: application/json; charset=utf-8
host: localhost:5193
accept: */*

Response DefaultHttpResponse(decodeResult: success, version: HTTP/1.1)
HTTP/1.1 200 OK
Content-Length: 14
Content-Type: application/json; charset=utf-8
cache-control: no-cache

02:24:31.108 [AsyncHttpClient-1-2] DEBUG org.asynchttpclient.netty.channel.ChannelManager - Adding key: http://localhost:5193 for channel [id: 0x2598873f, L:/127.0.0.1:60452 - R:localhost/127.0.0.1:5193]
02:24:31.110 [Forwarding findElement on session fede1334dec9f1aa5f4050d74bad3f8c to remote] DEBUG org.asynchttpclient.netty.request.NettyRequestSender - Using pooled Channel '[id: 0x2598873f, L:/127.0.0.1:60452 - R:localhost/127.0.0.1:5193]' for 'POST' to 'http://localhost:5193/session/fede1334dec9f1aa5f4050d74bad3f8c/element'
02:24:31.110 [Forwarding findElement on session fede1334dec9f1aa5f4050d74bad3f8c to remote] DEBUG org.asynchttpclient.netty.request.NettyRequestSender - Using open Channel [id: 0x2598873f, L:/127.0.0.1:60452 - R:localhost/127.0.0.1:5193] for POST '/session/fede1334dec9f1aa5f4050d74bad3f8c/element'
02:24:31.116 [AsyncHttpClient-1-2] DEBUG org.asynchttpclient.netty.handler.HttpHandler - 

Request DefaultHttpRequest(decodeResult: success, version: HTTP/1.1)
POST /session/fede1334dec9f1aa5f4050d74bad3f8c/element HTTP/1.1
User-Agent: selenium/4.8.1 (java windows)
Content-Length: 57
Content-Type: application/json; charset=utf-8
host: localhost:5193
accept: */*

Response DefaultHttpResponse(decodeResult: success, version: HTTP/1.1)
HTTP/1.1 200 OK
Content-Length: 88
Content-Type: application/json; charset=utf-8
cache-control: no-cache

02:24:31.116 [AsyncHttpClient-1-2] DEBUG org.asynchttpclient.netty.channel.ChannelManager - Adding key: http://localhost:5193 for channel [id: 0x2598873f, L:/127.0.0.1:60452 - R:localhost/127.0.0.1:5193]
02:24:31.117 [Forwarding clickElement on session fede1334dec9f1aa5f4050d74bad3f8c to remote] DEBUG org.asynchttpclient.netty.request.NettyRequestSender - Using pooled Channel '[id: 0x2598873f, L:/127.0.0.1:60452 - R:localhost/127.0.0.1:5193]' for 'POST' to 'http://localhost:5193/session/fede1334dec9f1aa5f4050d74bad3f8c/element/8ea8cdf4-72d0-4829-9251-a8c4dcff70f1/click'
02:24:31.117 [Forwarding clickElement on session fede1334dec9f1aa5f4050d74bad3f8c to remote] DEBUG org.asynchttpclient.netty.request.NettyRequestSender - Using open Channel [id: 0x2598873f, L:/127.0.0.1:60452 - R:localhost/127.0.0.1:5193] for POST '/session/fede1334dec9f1aa5f4050d74bad3f8c/element/8ea8cdf4-72d0-4829-9251-a8c4dcff70f1/click'
02:24:31.167 [AsyncHttpClient-1-2] DEBUG org.asynchttpclient.netty.handler.HttpHandler - 

Request DefaultHttpRequest(decodeResult: success, version: HTTP/1.1)
POST /session/fede1334dec9f1aa5f4050d74bad3f8c/element/8ea8cdf4-72d0-4829-9251-a8c4dcff70f1/click HTTP/1.1
User-Agent: selenium/4.8.1 (java windows)
Content-Length: 50
Content-Type: application/json; charset=utf-8
host: localhost:5193
accept: */*

Response DefaultHttpResponse(decodeResult: success, version: HTTP/1.1)
HTTP/1.1 200 OK
Content-Length: 14
Content-Type: application/json; charset=utf-8
cache-control: no-cache

02:24:31.167 [AsyncHttpClient-1-2] DEBUG org.asynchttpclient.netty.channel.ChannelManager - Adding key: http://localhost:5193 for channel [id: 0x2598873f, L:/127.0.0.1:60452 - R:localhost/127.0.0.1:5193]
02:24:31.172 [Forwarding getAlertText on session fede1334dec9f1aa5f4050d74bad3f8c to remote] DEBUG org.asynchttpclient.netty.request.NettyRequestSender - Using pooled Channel '[id: 0x2598873f, L:/127.0.0.1:60452 - R:localhost/127.0.0.1:5193]' for 'GET' to 'http://localhost:5193/session/fede1334dec9f1aa5f4050d74bad3f8c/alert/text'
02:24:31.172 [Forwarding getAlertText on session fede1334dec9f1aa5f4050d74bad3f8c to remote] DEBUG org.asynchttpclient.netty.request.NettyRequestSender - Using open Channel [id: 0x2598873f, L:/127.0.0.1:60452 - R:localhost/127.0.0.1:5193] for GET '/session/fede1334dec9f1aa5f4050d74bad3f8c/alert/text'
02:24:31.174 [AsyncHttpClient-1-2] DEBUG org.asynchttpclient.netty.handler.HttpHandler - 

Request DefaultFullHttpRequest(decodeResult: success, version: HTTP/1.1, content: EmptyByteBufBE)
GET /session/fede1334dec9f1aa5f4050d74bad3f8c/alert/text HTTP/1.1
User-Agent: selenium/4.8.1 (java windows)
Cache-Control: no-cache
Content-Type: application/json; charset=utf-8
host: localhost:5193
accept: */*

Response DefaultHttpResponse(decodeResult: success, version: HTTP/1.1)
HTTP/1.1 404 Not Found
Content-Length: 836
Content-Type: application/json; charset=utf-8
cache-control: no-cache

02:24:31.174 [AsyncHttpClient-1-2] DEBUG org.asynchttpclient.netty.channel.ChannelManager - Adding key: http://localhost:5193 for channel [id: 0x2598873f, L:/127.0.0.1:60452 - R:localhost/127.0.0.1:5193]
02:24:31.175 [Forwarding getCurrentUrl on session fede1334dec9f1aa5f4050d74bad3f8c to remote] DEBUG org.asynchttpclient.netty.request.NettyRequestSender - Using pooled Channel '[id: 0x2598873f, L:/127.0.0.1:60452 - R:localhost/127.0.0.1:5193]' for 'GET' to 'http://localhost:5193/session/fede1334dec9f1aa5f4050d74bad3f8c/url'
02:24:31.175 [Forwarding getCurrentUrl on session fede1334dec9f1aa5f4050d74bad3f8c to remote] DEBUG org.asynchttpclient.netty.request.NettyRequestSender - Using open Channel [id: 0x2598873f, L:/127.0.0.1:60452 - R:localhost/127.0.0.1:5193] for GET '/session/fede1334dec9f1aa5f4050d74bad3f8c/url'
02:24:31.180 [AsyncHttpClient-1-2] DEBUG org.asynchttpclient.netty.handler.HttpHandler - 

Request DefaultFullHttpRequest(decodeResult: success, version: HTTP/1.1, content: EmptyByteBufBE)
GET /session/fede1334dec9f1aa5f4050d74bad3f8c/url HTTP/1.1
User-Agent: selenium/4.8.1 (java windows)
Cache-Control: no-cache
Content-Type: application/json; charset=utf-8
host: localhost:5193
accept: */*

Response DefaultHttpResponse(decodeResult: success, version: HTTP/1.1)
HTTP/1.1 200 OK
Content-Length: 42
Content-Type: application/json; charset=utf-8
cache-control: no-cache

02:24:31.180 [AsyncHttpClient-1-2] DEBUG org.asynchttpclient.netty.channel.ChannelManager - Adding key: http://localhost:5193 for channel [id: 0x2598873f, L:/127.0.0.1:60452 - R:localhost/127.0.0.1:5193]
02:24:31.181 [Forwarding screenshot on session fede1334dec9f1aa5f4050d74bad3f8c to remote] DEBUG org.asynchttpclient.netty.request.NettyRequestSender - Using pooled Channel '[id: 0x2598873f, L:/127.0.0.1:60452 - R:localhost/127.0.0.1:5193]' for 'GET' to 'http://localhost:5193/session/fede1334dec9f1aa5f4050d74bad3f8c/screenshot'
02:24:31.181 [Forwarding screenshot on session fede1334dec9f1aa5f4050d74bad3f8c to remote] DEBUG org.asynchttpclient.netty.request.NettyRequestSender - Using open Channel [id: 0x2598873f, L:/127.0.0.1:60452 - R:localhost/127.0.0.1:5193] for GET '/session/fede1334dec9f1aa5f4050d74bad3f8c/screenshot'
02:24:31.311 [AsyncHttpClient-1-2] DEBUG org.asynchttpclient.netty.handler.HttpHandler - 

Request DefaultFullHttpRequest(decodeResult: success, version: HTTP/1.1, content: EmptyByteBufBE)
GET /session/fede1334dec9f1aa5f4050d74bad3f8c/screenshot HTTP/1.1
User-Agent: selenium/4.8.1 (java windows)
Cache-Control: no-cache
Content-Type: application/json; charset=utf-8
host: localhost:5193
accept: */*

Response DefaultHttpResponse(decodeResult: success, version: HTTP/1.1)
HTTP/1.1 200 OK
Content-Length: 156708
Content-Type: application/json; charset=utf-8
cache-control: no-cache

02:24:31.311 [AsyncHttpClient-1-2] DEBUG org.asynchttpclient.netty.channel.ChannelManager - Adding key: http://localhost:5193 for channel [id: 0x2598873f, L:/127.0.0.1:60452 - R:localhost/127.0.0.1:5193]
02:24:31.315 [main] DEBUG net.serenitybdd.core.photography.Darkroom - Send negative for processing for target\site\serenity\927994463bcb10c62928b78139400ab479e20554c7c30196cc68d3a2f3d02684.png
02:24:31.315 [main] DEBUG net.thucydides.core.steps.StepInterceptor - STEP DONE: clickSubmitButton
02:24:31.315 [Darkroom Processing Line] DEBUG net.serenitybdd.core.photography.DarkroomProcessingLine - Processing screenshot image in /var/screenshots/screenshot-11485253851987817033
02:24:31.315 [Darkroom Processing Line] DEBUG net.serenitybdd.core.photography.DarkroomProcessingLine - Saving screenshot to target\site\serenity\927994463bcb10c62928b78139400ab479e20554c7c30196cc68d3a2f3d02684.png
  &amp#27;[32mWhen &amp#27;[0m&amp#27;[32mI click on the submit button&amp#27;[0m                           &amp#27;[90m# starter.stepdefintions.LoginSteps.clickSubmitButton()&amp#27;[0m
02:24:31.323 [Forwarding getPageSource on session fede1334dec9f1aa5f4050d74bad3f8c to remote] DEBUG org.asynchttpclient.netty.request.NettyRequestSender - Using pooled Channel '[id: 0x2598873f, L:/127.0.0.1:60452 - R:localhost/127.0.0.1:5193]' for 'POST' to 'http://localhost:5193/session/fede1334dec9f1aa5f4050d74bad3f8c/execute/sync'
02:24:31.323 [Forwarding getPageSource on session fede1334dec9f1aa5f4050d74bad3f8c to remote] DEBUG org.asynchttpclient.netty.request.NettyRequestSender - Using open Channel [id: 0x2598873f, L:/127.0.0.1:60452 - R:localhost/127.0.0.1:5193] for POST '/session/fede1334dec9f1aa5f4050d74bad3f8c/execute/sync'
02:24:31.332 [AsyncHttpClient-1-2] DEBUG org.asynchttpclient.netty.handler.HttpHandler - 

Request DefaultHttpRequest(decodeResult: success, version: HTTP/1.1)
POST /session/fede1334dec9f1aa5f4050d74bad3f8c/execute/sync HTTP/1.1
User-Agent: selenium/4.8.1 (java windows)
Content-Length: 176
Content-Type: application/json; charset=utf-8
host: localhost:5193
accept: */*

Response DefaultHttpResponse(decodeResult: success, version: HTTP/1.1)
HTTP/1.1 200 OK
Content-Length: 103525
Content-Type: application/json; charset=utf-8
cache-control: no-cache

02:24:31.332 [AsyncHttpClient-1-2] DEBUG org.asynchttpclient.netty.channel.ChannelManager - Adding key: http://localhost:5193 for channel [id: 0x2598873f, L:/127.0.0.1:60452 - R:localhost/127.0.0.1:5193]
02:24:31.337 [Forwarding getCurrentUrl on session fede1334dec9f1aa5f4050d74bad3f8c to remote] DEBUG org.asynchttpclient.netty.request.NettyRequestSender - Using pooled Channel '[id: 0x2598873f, L:/127.0.0.1:60452 - R:localhost/127.0.0.1:5193]' for 'GET' to 'http://localhost:5193/session/fede1334dec9f1aa5f4050d74bad3f8c/url'
02:24:31.337 [Forwarding getCurrentUrl on session fede1334dec9f1aa5f4050d74bad3f8c to remote] DEBUG org.asynchttpclient.netty.request.NettyRequestSender - Using open Channel [id: 0x2598873f, L:/127.0.0.1:60452 - R:localhost/127.0.0.1:5193] for GET '/session/fede1334dec9f1aa5f4050d74bad3f8c/url'
02:24:31.341 [AsyncHttpClient-1-2] DEBUG org.asynchttpclient.netty.handler.HttpHandler - 

Request DefaultFullHttpRequest(decodeResult: success, version: HTTP/1.1, content: EmptyByteBufBE)
GET /session/fede1334dec9f1aa5f4050d74bad3f8c/url HTTP/1.1
User-Agent: selenium/4.8.1 (java windows)
Cache-Control: no-cache
Content-Type: application/json; charset=utf-8
host: localhost:5193
accept: */*

Response DefaultHttpResponse(decodeResult: success, version: HTTP/1.1)
HTTP/1.1 200 OK
Content-Length: 42
Content-Type: application/json; charset=utf-8
cache-control: no-cache

02:24:31.341 [AsyncHttpClient-1-2] DEBUG org.asynchttpclient.netty.channel.ChannelManager - Adding key: http://localhost:5193 for channel [id: 0x2598873f, L:/127.0.0.1:60452 - R:localhost/127.0.0.1:5193]
02:24:31.350 [Forwarding getPageSource on session fede1334dec9f1aa5f4050d74bad3f8c to remote] DEBUG org.asynchttpclient.netty.request.NettyRequestSender - Using pooled Channel '[id: 0x2598873f, L:/127.0.0.1:60452 - R:localhost/127.0.0.1:5193]' for 'POST' to 'http://localhost:5193/session/fede1334dec9f1aa5f4050d74bad3f8c/execute/sync'
02:24:31.351 [Forwarding getPageSource on session fede1334dec9f1aa5f4050d74bad3f8c to remote] DEBUG org.asynchttpclient.netty.request.NettyRequestSender - Using open Channel [id: 0x2598873f, L:/127.0.0.1:60452 - R:localhost/127.0.0.1:5193] for POST '/session/fede1334dec9f1aa5f4050d74bad3f8c/execute/sync'
02:24:31.360 [AsyncHttpClient-1-2] DEBUG org.asynchttpclient.netty.handler.HttpHandler - 

Request DefaultHttpRequest(decodeResult: success, version: HTTP/1.1)
POST /session/fede1334dec9f1aa5f4050d74bad3f8c/execute/sync HTTP/1.1
User-Agent: selenium/4.8.1 (java windows)
Content-Length: 176
Content-Type: application/json; charset=utf-8
host: localhost:5193
accept: */*

Response DefaultHttpResponse(decodeResult: success, version: HTTP/1.1)
HTTP/1.1 200 OK
Content-Length: 103525
Content-Type: application/json; charset=utf-8
cache-control: no-cache

02:24:31.360 [AsyncHttpClient-1-2] DEBUG org.asynchttpclient.netty.channel.ChannelManager - Adding key: http://localhost:5193 for channel [id: 0x2598873f, L:/127.0.0.1:60452 - R:localhost/127.0.0.1:5193]
02:24:31.365 [Forwarding getCurrentUrl on session fede1334dec9f1aa5f4050d74bad3f8c to remote] DEBUG org.asynchttpclient.netty.request.NettyRequestSender - Using pooled Channel '[id: 0x2598873f, L:/127.0.0.1:60452 - R:localhost/127.0.0.1:5193]' for 'GET' to 'http://localhost:5193/session/fede1334dec9f1aa5f4050d74bad3f8c/url'
02:24:31.366 [Forwarding getCurrentUrl on session fede1334dec9f1aa5f4050d74bad3f8c to remote] DEBUG org.asynchttpclient.netty.request.NettyRequestSender - Using open Channel [id: 0x2598873f, L:/127.0.0.1:60452 - R:localhost/127.0.0.1:5193] for GET '/session/fede1334dec9f1aa5f4050d74bad3f8c/url'
02:24:31.369 [AsyncHttpClient-1-2] DEBUG org.asynchttpclient.netty.handler.HttpHandler - 

Request DefaultFullHttpRequest(decodeResult: success, version: HTTP/1.1, content: EmptyByteBufBE)
GET /session/fede1334dec9f1aa5f4050d74bad3f8c/url HTTP/1.1
User-Agent: selenium/4.8.1 (java windows)
Cache-Control: no-cache
Content-Type: application/json; charset=utf-8
host: localhost:5193
accept: */*

Response DefaultHttpResponse(decodeResult: success, version: HTTP/1.1)
HTTP/1.1 200 OK
Content-Length: 42
Content-Type: application/json; charset=utf-8
cache-control: no-cache

02:24:31.369 [AsyncHttpClient-1-2] DEBUG org.asynchttpclient.netty.channel.ChannelManager - Adding key: http://localhost:5193 for channel [id: 0x2598873f, L:/127.0.0.1:60452 - R:localhost/127.0.0.1:5193]
02:24:31.372 [main] DEBUG net.thucydides.core.steps.StepInterceptor - STARTING STEP: LoginSteps.validateLoginSuccess - validateLoginSuccess
02:24:31.375 [Forwarding findElement on session fede1334dec9f1aa5f4050d74bad3f8c to remote] DEBUG org.asynchttpclient.netty.request.NettyRequestSender - Using pooled Channel '[id: 0x2598873f, L:/127.0.0.1:60452 - R:localhost/127.0.0.1:5193]' for 'POST' to 'http://localhost:5193/session/fede1334dec9f1aa5f4050d74bad3f8c/element'
02:24:31.375 [Forwarding findElement on session fede1334dec9f1aa5f4050d74bad3f8c to remote] DEBUG org.asynchttpclient.netty.request.NettyRequestSender - Using open Channel [id: 0x2598873f, L:/127.0.0.1:60452 - R:localhost/127.0.0.1:5193] for POST '/session/fede1334dec9f1aa5f4050d74bad3f8c/element'
02:24:31.392 [AsyncHttpClient-1-2] DEBUG org.asynchttpclient.netty.handler.HttpHandler - 

Request DefaultHttpRequest(decodeResult: success, version: HTTP/1.1)
POST /session/fede1334dec9f1aa5f4050d74bad3f8c/element HTTP/1.1
User-Agent: selenium/4.8.1 (java windows)
Content-Length: 62
Content-Type: application/json; charset=utf-8
host: localhost:5193
accept: */*

Response DefaultHttpResponse(decodeResult: success, version: HTTP/1.1)
HTTP/1.1 200 OK
Content-Length: 88
Content-Type: application/json; charset=utf-8
cache-control: no-cache

02:24:31.392 [AsyncHttpClient-1-2] DEBUG org.asynchttpclient.netty.channel.ChannelManager - Adding key: http://localhost:5193 for channel [id: 0x2598873f, L:/127.0.0.1:60452 - R:localhost/127.0.0.1:5193]
02:24:31.394 [Forwarding isElementDisplayed on session fede1334dec9f1aa5f4050d74bad3f8c to remote] DEBUG org.asynchttpclient.netty.request.NettyRequestSender - Using pooled Channel '[id: 0x2598873f, L:/127.0.0.1:60452 - R:localhost/127.0.0.1:5193]' for 'POST' to 'http://localhost:5193/session/fede1334dec9f1aa5f4050d74bad3f8c/execute/sync'
02:24:31.394 [Forwarding isElementDisplayed on session fede1334dec9f1aa5f4050d74bad3f8c to remote] DEBUG org.asynchttpclient.netty.request.NettyRequestSender - Using open Channel [id: 0x2598873f, L:/127.0.0.1:60452 - R:localhost/127.0.0.1:5193] for POST '/session/fede1334dec9f1aa5f4050d74bad3f8c/execute/sync'
02:24:31.406 [AsyncHttpClient-1-2] DEBUG org.asynchttpclient.netty.handler.HttpHandler - 

Request DefaultHttpRequest(decodeResult: success, version: HTTP/1.1)
POST /session/fede1334dec9f1aa5f4050d74bad3f8c/execute/sync HTTP/1.1
User-Agent: selenium/4.8.1 (java windows)
Content-Length: 48807
Content-Type: application/json; charset=utf-8
host: localhost:5193
accept: */*

Response DefaultHttpResponse(decodeResult: success, version: HTTP/1.1)
HTTP/1.1 200 OK
Content-Length: 14
Content-Type: application/json; charset=utf-8
cache-control: no-cache

02:24:31.406 [AsyncHttpClient-1-2] DEBUG org.asynchttpclient.netty.channel.ChannelManager - Adding key: http://localhost:5193 for channel [id: 0x2598873f, L:/127.0.0.1:60452 - R:localhost/127.0.0.1:5193]
02:24:31.410 [Forwarding getAlertText on session fede1334dec9f1aa5f4050d74bad3f8c to remote] DEBUG org.asynchttpclient.netty.request.NettyRequestSender - Using pooled Channel '[id: 0x2598873f, L:/127.0.0.1:60452 - R:localhost/127.0.0.1:5193]' for 'GET' to 'http://localhost:5193/session/fede1334dec9f1aa5f4050d74bad3f8c/alert/text'
02:24:31.410 [Forwarding getAlertText on session fede1334dec9f1aa5f4050d74bad3f8c to remote] DEBUG org.asynchttpclient.netty.request.NettyRequestSender - Using open Channel [id: 0x2598873f, L:/127.0.0.1:60452 - R:localhost/127.0.0.1:5193] for GET '/session/fede1334dec9f1aa5f4050d74bad3f8c/alert/text'
02:24:31.412 [AsyncHttpClient-1-2] DEBUG org.asynchttpclient.netty.handler.HttpHandler - 

Request DefaultFullHttpRequest(decodeResult: success, version: HTTP/1.1, content: EmptyByteBufBE)
GET /session/fede1334dec9f1aa5f4050d74bad3f8c/alert/text HTTP/1.1
User-Agent: selenium/4.8.1 (java windows)
Cache-Control: no-cache
Content-Type: application/json; charset=utf-8
host: localhost:5193
accept: */*

Response DefaultHttpResponse(decodeResult: success, version: HTTP/1.1)
HTTP/1.1 404 Not Found
Content-Length: 836
Content-Type: application/json; charset=utf-8
cache-control: no-cache

02:24:31.412 [AsyncHttpClient-1-2] DEBUG org.asynchttpclient.netty.channel.ChannelManager - Adding key: http://localhost:5193 for channel [id: 0x2598873f, L:/127.0.0.1:60452 - R:localhost/127.0.0.1:5193]
02:24:31.414 [Forwarding getCurrentUrl on session fede1334dec9f1aa5f4050d74bad3f8c to remote] DEBUG org.asynchttpclient.netty.request.NettyRequestSender - Using pooled Channel '[id: 0x2598873f, L:/127.0.0.1:60452 - R:localhost/127.0.0.1:5193]' for 'GET' to 'http://localhost:5193/session/fede1334dec9f1aa5f4050d74bad3f8c/url'
02:24:31.414 [Forwarding getCurrentUrl on session fede1334dec9f1aa5f4050d74bad3f8c to remote] DEBUG org.asynchttpclient.netty.request.NettyRequestSender - Using open Channel [id: 0x2598873f, L:/127.0.0.1:60452 - R:localhost/127.0.0.1:5193] for GET '/session/fede1334dec9f1aa5f4050d74bad3f8c/url'
02:24:31.419 [AsyncHttpClient-1-2] DEBUG org.asynchttpclient.netty.handler.HttpHandler - 

Request DefaultFullHttpRequest(decodeResult: success, version: HTTP/1.1, content: EmptyByteBufBE)
GET /session/fede1334dec9f1aa5f4050d74bad3f8c/url HTTP/1.1
User-Agent: selenium/4.8.1 (java windows)
Cache-Control: no-cache
Content-Type: application/json; charset=utf-8
host: localhost:5193
accept: */*

Response DefaultHttpResponse(decodeResult: success, version: HTTP/1.1)
HTTP/1.1 200 OK
Content-Length: 42
Content-Type: application/json; charset=utf-8
cache-control: no-cache

02:24:31.419 [AsyncHttpClient-1-2] DEBUG org.asynchttpclient.netty.channel.ChannelManager - Adding key: http://localhost:5193 for channel [id: 0x2598873f, L:/127.0.0.1:60452 - R:localhost/127.0.0.1:5193]
02:24:31.420 [Forwarding screenshot on session fede1334dec9f1aa5f4050d74bad3f8c to remote] DEBUG org.asynchttpclient.netty.request.NettyRequestSender - Using pooled Channel '[id: 0x2598873f, L:/127.0.0.1:60452 - R:localhost/127.0.0.1:5193]' for 'GET' to 'http://localhost:5193/session/fede1334dec9f1aa5f4050d74bad3f8c/screenshot'
02:24:31.421 [Forwarding screenshot on session fede1334dec9f1aa5f4050d74bad3f8c to remote] DEBUG org.asynchttpclient.netty.request.NettyRequestSender - Using open Channel [id: 0x2598873f, L:/127.0.0.1:60452 - R:localhost/127.0.0.1:5193] for GET '/session/fede1334dec9f1aa5f4050d74bad3f8c/screenshot'
02:24:31.612 [AsyncHttpClient-1-2] DEBUG org.asynchttpclient.netty.handler.HttpHandler - 

Request DefaultFullHttpRequest(decodeResult: success, version: HTTP/1.1, content: EmptyByteBufBE)
GET /session/fede1334dec9f1aa5f4050d74bad3f8c/screenshot HTTP/1.1
User-Agent: selenium/4.8.1 (java windows)
Cache-Control: no-cache
Content-Type: application/json; charset=utf-8
host: localhost:5193
accept: */*

Response DefaultHttpResponse(decodeResult: success, version: HTTP/1.1)
HTTP/1.1 200 OK
Content-Length: 157092
Content-Type: application/json; charset=utf-8
cache-control: no-cache

02:24:31.612 [AsyncHttpClient-1-2] DEBUG org.asynchttpclient.netty.channel.ChannelManager - Adding key: http://localhost:5193 for channel [id: 0x2598873f, L:/127.0.0.1:60452 - R:localhost/127.0.0.1:5193]
02:24:31.618 [main] DEBUG net.serenitybdd.core.photography.Darkroom - Send negative for processing for target\site\serenity\634280b78bd00a9c839f08e820f963dc36a8e439c5aed4716ebf145c39ad09a7.png
02:24:31.618 [main] DEBUG net.thucydides.core.steps.StepInterceptor - STEP DONE: validateLoginSuccess
02:24:31.618 [Darkroom Processing Line] DEBUG net.serenitybdd.core.photography.DarkroomProcessingLine - Processing screenshot image in /var/screenshots/screenshot-6477602520971011552
02:24:31.618 [Darkroom Processing Line] DEBUG net.serenitybdd.core.photography.DarkroomProcessingLine - Saving screenshot to target\site\serenity\634280b78bd00a9c839f08e820f963dc36a8e439c5aed4716ebf145c39ad09a7.png
  &amp#27;[32mThen &amp#27;[0m&amp#27;[32mI should be redirected to my Sepulsa account dashboard&amp#27;[0m &amp#27;[90m# starter.stepdefintions.LoginSteps.validateLoginSuccess()&amp#27;[0m
02:24:31.628 [main] INFO  - 
  _____   ___   ___   _____     ___     _     ___   ___   ___   ___  
 |_   _| | __| / __| |_   _|   | _ \   /_\   / __| / __| | __| |   \ 
   | |   | _|  \__ \   | |     |  _/  / _ \  \__ \ \__ \ | _|  | |) |
   |_|   |___| |___/   |_|     |_|   /_/ \_\ |___/ |___/ |___| |___/ 

Login with correct credentials
----------------------------------------------------------------------
02:24:31.679 [Driver Command Executor] DEBUG org.asynchttpclient.netty.request.NettyRequestSender - Using pooled Channel '[id: 0x2598873f, L:/127.0.0.1:60452 - R:localhost/127.0.0.1:5193]' for 'DELETE' to 'http://localhost:5193/session/fede1334dec9f1aa5f4050d74bad3f8c'
02:24:31.679 [Driver Command Executor] DEBUG org.asynchttpclient.netty.request.NettyRequestSender - Using open Channel [id: 0x2598873f, L:/127.0.0.1:60452 - R:localhost/127.0.0.1:5193] for DELETE '/session/fede1334dec9f1aa5f4050d74bad3f8c'
02:24:31.723 [AsyncHttpClient-1-4] DEBUG org.asynchttpclient.netty.handler.WebSocketHandler - Unexpected I/O exception on channel [id: 0xbe3a435e, L:/127.0.0.1:60460 - R:localhost/127.0.0.1:60453]
java.net.SocketException: Connection reset
	at java.base/sun.nio.ch.SocketChannelImpl.throwConnectionReset(SocketChannelImpl.java:394)
	at java.base/sun.nio.ch.SocketChannelImpl.read(SocketChannelImpl.java:426)
	at io.netty.buffer.PooledByteBuf.setBytes(PooledByteBuf.java:259)
	at io.netty.buffer.AbstractByteBuf.writeBytes(AbstractByteBuf.java:1132)
	at io.netty.channel.socket.nio.NioSocketChannel.doReadBytes(NioSocketChannel.java:357)
	at io.netty.channel.nio.AbstractNioByteChannel$NioByteUnsafe.read(AbstractNioByteChannel.java:151)
	at io.netty.channel.nio.NioEventLoop.processSelectedKey(NioEventLoop.java:788)
	at io.netty.channel.nio.NioEventLoop.processSelectedKeysOptimized(NioEventLoop.java:724)
	at io.netty.channel.nio.NioEventLoop.processSelectedKeys(NioEventLoop.java:650)
	at io.netty.channel.nio.NioEventLoop.run(NioEventLoop.java:562)
	at io.netty.util.concurrent.SingleThreadEventExecutor$4.run(SingleThreadEventExecutor.java:997)
	at io.netty.util.internal.ThreadExecutorMap$2.run(ThreadExecutorMap.java:74)
	at io.netty.util.concurrent.FastThreadLocalRunnable.run(FastThreadLocalRunnable.java:30)
	at java.base/java.lang.Thread.run(Thread.java:833)
02:24:31.723 [AsyncHttpClient-1-3] DEBUG org.asynchttpclient.netty.handler.HttpHandler - Unexpected I/O exception on channel [id: 0x342450c9, L:/127.0.0.1:60459 - R:localhost/127.0.0.1:60453]
java.net.SocketException: Connection reset
	at java.base/sun.nio.ch.SocketChannelImpl.throwConnectionReset(SocketChannelImpl.java:394)
	at java.base/sun.nio.ch.SocketChannelImpl.read(SocketChannelImpl.java:426)
	at io.netty.buffer.PooledByteBuf.setBytes(PooledByteBuf.java:259)
	at io.netty.buffer.AbstractByteBuf.writeBytes(AbstractByteBuf.java:1132)
	at io.netty.channel.socket.nio.NioSocketChannel.doReadBytes(NioSocketChannel.java:357)
	at io.netty.channel.nio.AbstractNioByteChannel$NioByteUnsafe.read(AbstractNioByteChannel.java:151)
	at io.netty.channel.nio.NioEventLoop.processSelectedKey(NioEventLoop.java:788)
	at io.netty.channel.nio.NioEventLoop.processSelectedKeysOptimized(NioEventLoop.java:724)
	at io.netty.channel.nio.NioEventLoop.processSelectedKeys(NioEventLoop.java:650)
	at io.netty.channel.nio.NioEventLoop.run(NioEventLoop.java:562)
	at io.netty.util.concurrent.SingleThreadEventExecutor$4.run(SingleThreadEventExecutor.java:997)
	at io.netty.util.internal.ThreadExecutorMap$2.run(ThreadExecutorMap.java:74)
	at io.netty.util.concurrent.FastThreadLocalRunnable.run(FastThreadLocalRunnable.java:30)
	at java.base/java.lang.Thread.run(Thread.java:833)
02:24:31.724 [AsyncHttpClient-1-3] DEBUG org.asynchttpclient.netty.channel.ChannelManager - Closing Channel [id: 0x342450c9, L:/127.0.0.1:60459 - R:localhost/127.0.0.1:60453] 
02:24:31.724 [AsyncHttpClient-1-4] DEBUG org.asynchttpclient.netty.handler.WebSocketHandler - Was unable to recover Future: NettyResponseFuture{currentRetry=0,
	isDone=1,
	isCancelled=0,
	asyncHandler=org.asynchttpclient.ws.WebSocketUpgradeHandler@3003f691,
	nettyRequest=org.asynchttpclient.netty.request.NettyRequest@5a8bbc9,
	future=java.util.concurrent.CompletableFuture@66ecdbff[Completed normally],
	uri=ws://localhost:60453/devtools/browser/dd9300d8-198a-4529-93dc-73b3c4cea16e,
	keepAlive=true,
	redirectCount=0,
	timeoutsHolder=null,
	inAuth=0,
	touch=1680981871724}
02:24:31.724 [AsyncHttpClient-1-4] DEBUG org.asynchttpclient.netty.channel.ChannelManager - Closing Channel [id: 0xbe3a435e, L:/127.0.0.1:60460 - R:localhost/127.0.0.1:60453] 
02:24:31.725 [AsyncHttpClient-1-4] WARN org.asynchttpclient.netty.handler.WebSocketHandler - onError
java.net.SocketException: Connection reset
	at java.base/sun.nio.ch.SocketChannelImpl.throwConnectionReset(SocketChannelImpl.java:394)
	at java.base/sun.nio.ch.SocketChannelImpl.read(SocketChannelImpl.java:426)
	at io.netty.buffer.PooledByteBuf.setBytes(PooledByteBuf.java:259)
	at io.netty.buffer.AbstractByteBuf.writeBytes(AbstractByteBuf.java:1132)
	at io.netty.channel.socket.nio.NioSocketChannel.doReadBytes(NioSocketChannel.java:357)
	at io.netty.channel.nio.AbstractNioByteChannel$NioByteUnsafe.read(AbstractNioByteChannel.java:151)
	at io.netty.channel.nio.NioEventLoop.processSelectedKey(NioEventLoop.java:788)
	at io.netty.channel.nio.NioEventLoop.processSelectedKeysOptimized(NioEventLoop.java:724)
	at io.netty.channel.nio.NioEventLoop.processSelectedKeys(NioEventLoop.java:650)
	at io.netty.channel.nio.NioEventLoop.run(NioEventLoop.java:562)
	at io.netty.util.concurrent.SingleThreadEventExecutor$4.run(SingleThreadEventExecutor.java:997)
	at io.netty.util.internal.ThreadExecutorMap$2.run(ThreadExecutorMap.java:74)
	at io.netty.util.concurrent.FastThreadLocalRunnable.run(FastThreadLocalRunnable.java:30)
	at java.base/java.lang.Thread.run(Thread.java:833)
02:24:31.726 [AsyncHttpClient-1-3] DEBUG org.asynchttpclient.netty.handler.HttpHandler - Channel Closed: [id: 0x342450c9, L:/127.0.0.1:60459 ! R:localhost/127.0.0.1:60453] with attribute DISCARD
02:24:31.727 [AsyncHttpClient-1-4] DEBUG org.asynchttpclient.netty.channel.ChannelManager - Closing Channel [id: 0xbe3a435e, L:/127.0.0.1:60460 ! R:localhost/127.0.0.1:60453] 
02:24:31.727 [AsyncHttpClient-1-4] DEBUG org.asynchttpclient.netty.handler.WebSocketHandler - Channel Closed: [id: 0xbe3a435e, L:/127.0.0.1:60460 ! R:localhost/127.0.0.1:60453] with attribute DISCARD
02:24:31.739 [AsyncHttpClient-1-2] DEBUG org.asynchttpclient.netty.handler.HttpHandler - 

Request DefaultFullHttpRequest(decodeResult: success, version: HTTP/1.1, content: EmptyByteBufBE)
DELETE /session/fede1334dec9f1aa5f4050d74bad3f8c HTTP/1.1
User-Agent: selenium/4.8.1 (java windows)
Content-Type: application/json; charset=utf-8
host: localhost:5193
accept: */*

Response DefaultHttpResponse(decodeResult: success, version: HTTP/1.1)
HTTP/1.1 200 OK
Content-Length: 14
Content-Type: application/json; charset=utf-8
cache-control: no-cache

02:24:31.739 [AsyncHttpClient-1-2] DEBUG org.asynchttpclient.netty.channel.ChannelManager - Adding key: http://localhost:5193 for channel [id: 0x2598873f, L:/127.0.0.1:60452 - R:localhost/127.0.0.1:5193]
02:24:32.043 [AsyncHttpClient-1-1] DEBUG org.asynchttpclient.netty.channel.DefaultChannelPool - Entry count for : http://localhost:60453 : 1
02:24:32.043 [AsyncHttpClient-1-1] DEBUG org.asynchttpclient.netty.channel.DefaultChannelPool - Entry count for : http://localhost:5193 : 1
02:24:32.043 [AsyncHttpClient-1-1] DEBUG org.asynchttpclient.netty.channel.DefaultChannelPool - Adding Candidate expired Channel [id: 0x342450c9, L:/127.0.0.1:60459 ! R:localhost/127.0.0.1:60453] isIdleTimeoutExpired=false isRemotelyClosed=true isTtlExpired=false
02:24:32.043 [AsyncHttpClient-1-1] DEBUG org.asynchttpclient.netty.channel.DefaultChannelPool - Closing Idle Channel [id: 0x342450c9, L:/127.0.0.1:60459 ! R:localhost/127.0.0.1:60453]
02:24:32.043 [AsyncHttpClient-1-1] DEBUG org.asynchttpclient.netty.channel.DefaultChannelPool - Closed 1 connections out of 2 in 0 ms
02:24:32.618 [AsyncHttpClient-1-2] DEBUG org.asynchttpclient.netty.handler.HttpHandler - Channel Closed: [id: 0x2598873f, L:/127.0.0.1:60452 ! R:localhost/127.0.0.1:5193] with attribute DISCARD
]]></system-out>
    <system-err><![CDATA[Starting ChromeDriver 111.0.5563.64 (c710e93d5b63b7095afe8c2c17df34408078439d-refs/branch-heads/5563@{#995}) on port 5193
Only local connections are allowed.
Please see https://chromedriver.chromium.org/security-considerations for suggestions on keeping ChromeDriver safe.
ChromeDriver was started successfully.
Apr 09, 2023 2:24:25 AM org.openqa.selenium.devtools.CdpVersionFinder findNearestMatch
WARNING: Unable to find an exact match for CDP version 111, so returning the closest version found: 110
Apr 09, 2023 2:24:31 AM org.openqa.selenium.remote.http.WebSocket$Listener onError
WARNING: Connection reset
java.net.SocketException: Connection reset
	at java.base/sun.nio.ch.SocketChannelImpl.throwConnectionReset(SocketChannelImpl.java:394)
	at java.base/sun.nio.ch.SocketChannelImpl.read(SocketChannelImpl.java:426)
	at io.netty.buffer.PooledByteBuf.setBytes(PooledByteBuf.java:259)
	at io.netty.buffer.AbstractByteBuf.writeBytes(AbstractByteBuf.java:1132)
	at io.netty.channel.socket.nio.NioSocketChannel.doReadBytes(NioSocketChannel.java:357)
	at io.netty.channel.nio.AbstractNioByteChannel$NioByteUnsafe.read(AbstractNioByteChannel.java:151)
	at io.netty.channel.nio.NioEventLoop.processSelectedKey(NioEventLoop.java:788)
	at io.netty.channel.nio.NioEventLoop.processSelectedKeysOptimized(NioEventLoop.java:724)
	at io.netty.channel.nio.NioEventLoop.processSelectedKeys(NioEventLoop.java:650)
	at io.netty.channel.nio.NioEventLoop.run(NioEventLoop.java:562)
	at io.netty.util.concurrent.SingleThreadEventExecutor$4.run(SingleThreadEventExecutor.java:997)
	at io.netty.util.internal.ThreadExecutorMap$2.run(ThreadExecutorMap.java:74)
	at io.netty.util.concurrent.FastThreadLocalRunnable.run(FastThreadLocalRunnable.java:30)
	at java.base/java.lang.Thread.run(Thread.java:833)

]]></system-err>
  </testcase>
  <testcase name="Login with incorrect password" classname="Login to Sepulsa Account" time="7.759">
    <system-out><![CDATA[
Scenario: Login with incorrect password &amp#27;[90m# src/test/resources/features/Login.feature:11&amp#27;[0m
02:24:32.691 [main] DEBUG io.cucumber.core.plugin.SerenityReporter - Running feature from file:///C:/Users/Bunayya%20Zulfikar/Downloads/Compressed/zip/Prioritas2/alta/src/test/resources/features/Login.feature
02:24:32.694 [main] INFO  - 
  _____   ___   ___   _____     ___   _____     _     ___   _____   ___   ___  
 |_   _| | __| / __| |_   _|   / __| |_   _|   /_\   | _ \ |_   _| | __| |   \ 
   | |   | _|  \__ \   | |     \__ \   | |    / _ \  |   /   | |   | _|  | |) |
   |_|   |___| |___/   |_|     |___/   |_|   /_/ \_\ |_|_\   |_|   |___| |___/ 

Login with incorrect password(login-to-sepulsa-account;login-with-incorrect-password)
--------------------------------------------------------------------------------
02:24:32.722 [main] DEBUG net.thucydides.core.steps.StepInterceptor - STARTING STEP: LoginSteps.onTheLoginPage - openPage
02:24:32.763 [main] INFO net.serenitybdd.core.webdriver.driverproviders.ChromeDriverProvider - Starting Chrome driver instance with capabilities:
02:24:32.764 [main] INFO net.serenitybdd.core.webdriver.driverproviders.ChromeDriverProvider - Capabilities {acceptInsecureCerts: false, browserName: chrome, goog:chromeOptions: {args: [remote-allow-origins=*], extensions: []}}
02:24:32.840 [AsyncHttpClient-1-5] DEBUG org.asynchttpclient.netty.channel.NettyConnectListener - Using new Channel '[id: 0x4e49b009, L:/127.0.0.1:60493 - R:localhost/127.0.0.1:18349]' for 'POST' to '/session'
02:24:33.148 [AsyncHttpClient-1-1] DEBUG org.asynchttpclient.netty.channel.DefaultChannelPool - Entry count for : http://localhost:5193 : 1
02:24:33.148 [AsyncHttpClient-1-1] DEBUG org.asynchttpclient.netty.channel.DefaultChannelPool - Adding Candidate expired Channel [id: 0x2598873f, L:/127.0.0.1:60452 ! R:localhost/127.0.0.1:5193] isIdleTimeoutExpired=false isRemotelyClosed=true isTtlExpired=false
02:24:33.148 [AsyncHttpClient-1-1] DEBUG org.asynchttpclient.netty.channel.DefaultChannelPool - Closing Idle Channel [id: 0x2598873f, L:/127.0.0.1:60452 ! R:localhost/127.0.0.1:5193]
02:24:33.148 [AsyncHttpClient-1-1] DEBUG org.asynchttpclient.netty.channel.DefaultChannelPool - Closed 1 connections out of 1 in 0 ms
02:24:33.307 [AsyncHttpClient-1-5] DEBUG org.asynchttpclient.netty.handler.HttpHandler - 

Request DefaultHttpRequest(decodeResult: success, version: HTTP/1.1)
POST /session HTTP/1.1
User-Agent: selenium/4.8.1 (java windows)
Content-Length: 507
Content-Type: application/json; charset=utf-8
host: localhost:18349
accept: */*

Response DefaultHttpResponse(decodeResult: success, version: HTTP/1.1)
HTTP/1.1 200 OK
Content-Length: 862
Content-Type: application/json; charset=utf-8
cache-control: no-cache

02:24:33.307 [AsyncHttpClient-1-5] DEBUG org.asynchttpclient.netty.channel.ChannelManager - Adding key: http://localhost:18349 for channel [id: 0x4e49b009, L:/127.0.0.1:60493 - R:localhost/127.0.0.1:18349]
02:24:33.315 [AsyncHttpClient-1-6] DEBUG org.asynchttpclient.netty.channel.NettyConnectListener - Using new Channel '[id: 0x0128f9f1, L:/127.0.0.1:60500 - R:localhost/127.0.0.1:60494]' for 'GET' to '/json/version'
02:24:33.318 [AsyncHttpClient-1-6] DEBUG org.asynchttpclient.netty.handler.HttpHandler - 

Request DefaultFullHttpRequest(decodeResult: success, version: HTTP/1.1, content: EmptyByteBufBE)
GET /json/version HTTP/1.1
User-Agent: selenium/4.8.1 (java windows)
host: localhost:60494
accept: */*

Response DefaultHttpResponse(decodeResult: success, version: HTTP/1.1)
HTTP/1.1 200 OK
Content-Security-Policy: frame-ancestors 'none'
Content-Length: 424
Content-Type: application/json; charset=UTF-8

02:24:33.318 [AsyncHttpClient-1-6] DEBUG org.asynchttpclient.netty.channel.ChannelManager - Adding key: http://localhost:60494 for channel [id: 0x0128f9f1, L:/127.0.0.1:60500 - R:localhost/127.0.0.1:60494]
02:24:33.321 [AsyncHttpClient-1-7] DEBUG org.asynchttpclient.netty.channel.NettyConnectListener - Using new Channel '[id: 0x126b646a, L:/127.0.0.1:60501 - R:localhost/127.0.0.1:60494]' for 'GET' to '/devtools/browser/2e3f799f-56ed-4d2b-bb91-363b235258c2'
02:24:33.323 [AsyncHttpClient-1-7] DEBUG org.asynchttpclient.netty.handler.WebSocketHandler - 

Request DefaultFullHttpRequest(decodeResult: success, version: HTTP/1.1, content: EmptyByteBufBE)
GET /devtools/browser/2e3f799f-56ed-4d2b-bb91-363b235258c2 HTTP/1.1
upgrade: websocket
connection: upgrade
sec-websocket-key: 58wtg/TeJ1CRY5vN3ITcLA==
sec-websocket-version: 13
origin: http://localhost:60494
host: localhost:60494
accept: */*
user-agent: AHC/2.1

Response DefaultHttpResponse(decodeResult: success, version: HTTP/1.1)
HTTP/1.1 101 WebSocket Protocol Handshake
Upgrade: WebSocket
Connection: Upgrade
Sec-WebSocket-Accept: ebt4frSVlKUkcKUrpy3ByAjmzgo=

02:24:33.328 [Forwarding get on session cccbd00a5fb1e57fce563502390c4fcd to remote] DEBUG org.asynchttpclient.netty.request.NettyRequestSender - Using pooled Channel '[id: 0x4e49b009, L:/127.0.0.1:60493 - R:localhost/127.0.0.1:18349]' for 'POST' to 'http://localhost:18349/session/cccbd00a5fb1e57fce563502390c4fcd/url'
02:24:33.328 [Forwarding get on session cccbd00a5fb1e57fce563502390c4fcd to remote] DEBUG org.asynchttpclient.netty.request.NettyRequestSender - Using open Channel [id: 0x4e49b009, L:/127.0.0.1:60493 - R:localhost/127.0.0.1:18349] for POST '/session/cccbd00a5fb1e57fce563502390c4fcd/url'
02:24:34.251 [AsyncHttpClient-1-1] DEBUG org.asynchttpclient.netty.channel.DefaultChannelPool - Entry count for : http://localhost:60494 : 1
02:24:35.229 [AsyncHttpClient-1-5] DEBUG org.asynchttpclient.netty.handler.HttpHandler - 

Request DefaultHttpRequest(decodeResult: success, version: HTTP/1.1)
POST /session/cccbd00a5fb1e57fce563502390c4fcd/url HTTP/1.1
User-Agent: selenium/4.8.1 (java windows)
Content-Length: 54
Content-Type: application/json; charset=utf-8
host: localhost:18349
accept: */*

Response DefaultHttpResponse(decodeResult: success, version: HTTP/1.1)
HTTP/1.1 200 OK
Content-Length: 14
Content-Type: application/json; charset=utf-8
cache-control: no-cache

02:24:35.229 [AsyncHttpClient-1-5] DEBUG org.asynchttpclient.netty.channel.ChannelManager - Adding key: http://localhost:18349 for channel [id: 0x4e49b009, L:/127.0.0.1:60493 - R:localhost/127.0.0.1:18349]
02:24:35.232 [Forwarding setTimeout on session cccbd00a5fb1e57fce563502390c4fcd to remote] DEBUG org.asynchttpclient.netty.request.NettyRequestSender - Using pooled Channel '[id: 0x4e49b009, L:/127.0.0.1:60493 - R:localhost/127.0.0.1:18349]' for 'POST' to 'http://localhost:18349/session/cccbd00a5fb1e57fce563502390c4fcd/timeouts'
02:24:35.232 [Forwarding setTimeout on session cccbd00a5fb1e57fce563502390c4fcd to remote] DEBUG org.asynchttpclient.netty.request.NettyRequestSender - Using open Channel [id: 0x4e49b009, L:/127.0.0.1:60493 - R:localhost/127.0.0.1:18349] for POST '/session/cccbd00a5fb1e57fce563502390c4fcd/timeouts'
02:24:35.234 [AsyncHttpClient-1-5] DEBUG org.asynchttpclient.netty.handler.HttpHandler - 

Request DefaultHttpRequest(decodeResult: success, version: HTTP/1.1)
POST /session/cccbd00a5fb1e57fce563502390c4fcd/timeouts HTTP/1.1
User-Agent: selenium/4.8.1 (java windows)
Content-Length: 22
Content-Type: application/json; charset=utf-8
host: localhost:18349
accept: */*

Response DefaultHttpResponse(decodeResult: success, version: HTTP/1.1)
HTTP/1.1 200 OK
Content-Length: 14
Content-Type: application/json; charset=utf-8
cache-control: no-cache

02:24:35.234 [AsyncHttpClient-1-5] DEBUG org.asynchttpclient.netty.channel.ChannelManager - Adding key: http://localhost:18349 for channel [id: 0x4e49b009, L:/127.0.0.1:60493 - R:localhost/127.0.0.1:18349]
02:24:35.242 [Forwarding getAlertText on session cccbd00a5fb1e57fce563502390c4fcd to remote] DEBUG org.asynchttpclient.netty.request.NettyRequestSender - Using pooled Channel '[id: 0x4e49b009, L:/127.0.0.1:60493 - R:localhost/127.0.0.1:18349]' for 'GET' to 'http://localhost:18349/session/cccbd00a5fb1e57fce563502390c4fcd/alert/text'
02:24:35.242 [Forwarding getAlertText on session cccbd00a5fb1e57fce563502390c4fcd to remote] DEBUG org.asynchttpclient.netty.request.NettyRequestSender - Using open Channel [id: 0x4e49b009, L:/127.0.0.1:60493 - R:localhost/127.0.0.1:18349] for GET '/session/cccbd00a5fb1e57fce563502390c4fcd/alert/text'
02:24:35.245 [AsyncHttpClient-1-5] DEBUG org.asynchttpclient.netty.handler.HttpHandler - 

Request DefaultFullHttpRequest(decodeResult: success, version: HTTP/1.1, content: EmptyByteBufBE)
GET /session/cccbd00a5fb1e57fce563502390c4fcd/alert/text HTTP/1.1
User-Agent: selenium/4.8.1 (java windows)
Cache-Control: no-cache
Content-Type: application/json; charset=utf-8
host: localhost:18349
accept: */*

Response DefaultHttpResponse(decodeResult: success, version: HTTP/1.1)
HTTP/1.1 404 Not Found
Content-Length: 836
Content-Type: application/json; charset=utf-8
cache-control: no-cache

02:24:35.245 [AsyncHttpClient-1-5] DEBUG org.asynchttpclient.netty.channel.ChannelManager - Adding key: http://localhost:18349 for channel [id: 0x4e49b009, L:/127.0.0.1:60493 - R:localhost/127.0.0.1:18349]
02:24:35.246 [Forwarding getCurrentUrl on session cccbd00a5fb1e57fce563502390c4fcd to remote] DEBUG org.asynchttpclient.netty.request.NettyRequestSender - Using pooled Channel '[id: 0x4e49b009, L:/127.0.0.1:60493 - R:localhost/127.0.0.1:18349]' for 'GET' to 'http://localhost:18349/session/cccbd00a5fb1e57fce563502390c4fcd/url'
02:24:35.246 [Forwarding getCurrentUrl on session cccbd00a5fb1e57fce563502390c4fcd to remote] DEBUG org.asynchttpclient.netty.request.NettyRequestSender - Using open Channel [id: 0x4e49b009, L:/127.0.0.1:60493 - R:localhost/127.0.0.1:18349] for GET '/session/cccbd00a5fb1e57fce563502390c4fcd/url'
02:24:35.251 [AsyncHttpClient-1-5] DEBUG org.asynchttpclient.netty.handler.HttpHandler - 

Request DefaultFullHttpRequest(decodeResult: success, version: HTTP/1.1, content: EmptyByteBufBE)
GET /session/cccbd00a5fb1e57fce563502390c4fcd/url HTTP/1.1
User-Agent: selenium/4.8.1 (java windows)
Cache-Control: no-cache
Content-Type: application/json; charset=utf-8
host: localhost:18349
accept: */*

Response DefaultHttpResponse(decodeResult: success, version: HTTP/1.1)
HTTP/1.1 200 OK
Content-Length: 36
Content-Type: application/json; charset=utf-8
cache-control: no-cache

02:24:35.252 [AsyncHttpClient-1-5] DEBUG org.asynchttpclient.netty.channel.ChannelManager - Adding key: http://localhost:18349 for channel [id: 0x4e49b009, L:/127.0.0.1:60493 - R:localhost/127.0.0.1:18349]
02:24:35.252 [Forwarding screenshot on session cccbd00a5fb1e57fce563502390c4fcd to remote] DEBUG org.asynchttpclient.netty.request.NettyRequestSender - Using pooled Channel '[id: 0x4e49b009, L:/127.0.0.1:60493 - R:localhost/127.0.0.1:18349]' for 'GET' to 'http://localhost:18349/session/cccbd00a5fb1e57fce563502390c4fcd/screenshot'
02:24:35.252 [Forwarding screenshot on session cccbd00a5fb1e57fce563502390c4fcd to remote] DEBUG org.asynchttpclient.netty.request.NettyRequestSender - Using open Channel [id: 0x4e49b009, L:/127.0.0.1:60493 - R:localhost/127.0.0.1:18349] for GET '/session/cccbd00a5fb1e57fce563502390c4fcd/screenshot'
02:24:35.344 [AsyncHttpClient-1-1] DEBUG org.asynchttpclient.netty.channel.DefaultChannelPool - Entry count for : http://localhost:60494 : 1
02:24:35.404 [AsyncHttpClient-1-5] DEBUG org.asynchttpclient.netty.handler.HttpHandler - 

Request DefaultFullHttpRequest(decodeResult: success, version: HTTP/1.1, content: EmptyByteBufBE)
GET /session/cccbd00a5fb1e57fce563502390c4fcd/screenshot HTTP/1.1
User-Agent: selenium/4.8.1 (java windows)
Cache-Control: no-cache
Content-Type: application/json; charset=utf-8
host: localhost:18349
accept: */*

Response DefaultHttpResponse(decodeResult: success, version: HTTP/1.1)
HTTP/1.1 200 OK
Content-Length: 501788
Content-Type: application/json; charset=utf-8
cache-control: no-cache

02:24:35.405 [AsyncHttpClient-1-5] DEBUG org.asynchttpclient.netty.channel.ChannelManager - Adding key: http://localhost:18349 for channel [id: 0x4e49b009, L:/127.0.0.1:60493 - R:localhost/127.0.0.1:18349]
02:24:35.413 [main] DEBUG net.serenitybdd.core.photography.Darkroom - Send negative for processing for target\site\serenity\1c6ae259fef686064a35a4ff194bcdbab6fb0cd085221185a7c562b53d4d5a31.png
02:24:35.413 [main] DEBUG net.thucydides.core.steps.StepInterceptor - STEP DONE: openPage
02:24:35.418 [Forwarding getPageSource on session cccbd00a5fb1e57fce563502390c4fcd to remote] DEBUG org.asynchttpclient.netty.request.NettyRequestSender - Using pooled Channel '[id: 0x4e49b009, L:/127.0.0.1:60493 - R:localhost/127.0.0.1:18349]' for 'POST' to 'http://localhost:18349/session/cccbd00a5fb1e57fce563502390c4fcd/execute/sync'
02:24:35.418 [Forwarding getPageSource on session cccbd00a5fb1e57fce563502390c4fcd to remote] DEBUG org.asynchttpclient.netty.request.NettyRequestSender - Using open Channel [id: 0x4e49b009, L:/127.0.0.1:60493 - R:localhost/127.0.0.1:18349] for POST '/session/cccbd00a5fb1e57fce563502390c4fcd/execute/sync'
02:24:35.433 [AsyncHttpClient-1-5] DEBUG org.asynchttpclient.netty.handler.HttpHandler - 

Request DefaultHttpRequest(decodeResult: success, version: HTTP/1.1)
POST /session/cccbd00a5fb1e57fce563502390c4fcd/execute/sync HTTP/1.1
User-Agent: selenium/4.8.1 (java windows)
Content-Length: 176
Content-Type: application/json; charset=utf-8
host: localhost:18349
accept: */*

Response DefaultHttpResponse(decodeResult: success, version: HTTP/1.1)
HTTP/1.1 200 OK
Content-Length: 182088
Content-Type: application/json; charset=utf-8
cache-control: no-cache

02:24:35.434 [AsyncHttpClient-1-5] DEBUG org.asynchttpclient.netty.channel.ChannelManager - Adding key: http://localhost:18349 for channel [id: 0x4e49b009, L:/127.0.0.1:60493 - R:localhost/127.0.0.1:18349]
02:24:35.452 [Forwarding getCurrentUrl on session cccbd00a5fb1e57fce563502390c4fcd to remote] DEBUG org.asynchttpclient.netty.request.NettyRequestSender - Using pooled Channel '[id: 0x4e49b009, L:/127.0.0.1:60493 - R:localhost/127.0.0.1:18349]' for 'GET' to 'http://localhost:18349/session/cccbd00a5fb1e57fce563502390c4fcd/url'
02:24:35.452 [Forwarding getCurrentUrl on session cccbd00a5fb1e57fce563502390c4fcd to remote] DEBUG org.asynchttpclient.netty.request.NettyRequestSender - Using open Channel [id: 0x4e49b009, L:/127.0.0.1:60493 - R:localhost/127.0.0.1:18349] for GET '/session/cccbd00a5fb1e57fce563502390c4fcd/url'
02:24:35.456 [AsyncHttpClient-1-5] DEBUG org.asynchttpclient.netty.handler.HttpHandler - 

Request DefaultFullHttpRequest(decodeResult: success, version: HTTP/1.1, content: EmptyByteBufBE)
GET /session/cccbd00a5fb1e57fce563502390c4fcd/url HTTP/1.1
User-Agent: selenium/4.8.1 (java windows)
Cache-Control: no-cache
Content-Type: application/json; charset=utf-8
host: localhost:18349
accept: */*

Response DefaultHttpResponse(decodeResult: success, version: HTTP/1.1)
HTTP/1.1 200 OK
Content-Length: 36
Content-Type: application/json; charset=utf-8
cache-control: no-cache

02:24:35.456 [AsyncHttpClient-1-5] DEBUG org.asynchttpclient.netty.channel.ChannelManager - Adding key: http://localhost:18349 for channel [id: 0x4e49b009, L:/127.0.0.1:60493 - R:localhost/127.0.0.1:18349]
02:24:35.458 [main] DEBUG net.thucydides.core.steps.StepInterceptor - STARTING STEP: LoginSteps.onTheLoginPage - validateOnLoginPage
02:24:35.459 [Forwarding findElement on session cccbd00a5fb1e57fce563502390c4fcd to remote] DEBUG org.asynchttpclient.netty.request.NettyRequestSender - Using pooled Channel '[id: 0x4e49b009, L:/127.0.0.1:60493 - R:localhost/127.0.0.1:18349]' for 'POST' to 'http://localhost:18349/session/cccbd00a5fb1e57fce563502390c4fcd/element'
02:24:35.459 [Forwarding findElement on session cccbd00a5fb1e57fce563502390c4fcd to remote] DEBUG org.asynchttpclient.netty.request.NettyRequestSender - Using open Channel [id: 0x4e49b009, L:/127.0.0.1:60493 - R:localhost/127.0.0.1:18349] for POST '/session/cccbd00a5fb1e57fce563502390c4fcd/element'
02:24:35.468 [AsyncHttpClient-1-5] DEBUG org.asynchttpclient.netty.handler.HttpHandler - 

Request DefaultHttpRequest(decodeResult: success, version: HTTP/1.1)
POST /session/cccbd00a5fb1e57fce563502390c4fcd/element HTTP/1.1
User-Agent: selenium/4.8.1 (java windows)
Content-Length: 62
Content-Type: application/json; charset=utf-8
host: localhost:18349
accept: */*

Response DefaultHttpResponse(decodeResult: success, version: HTTP/1.1)
HTTP/1.1 200 OK
Content-Length: 88
Content-Type: application/json; charset=utf-8
cache-control: no-cache

02:24:35.468 [AsyncHttpClient-1-5] DEBUG org.asynchttpclient.netty.channel.ChannelManager - Adding key: http://localhost:18349 for channel [id: 0x4e49b009, L:/127.0.0.1:60493 - R:localhost/127.0.0.1:18349]
02:24:35.470 [Forwarding isElementDisplayed on session cccbd00a5fb1e57fce563502390c4fcd to remote] DEBUG org.asynchttpclient.netty.request.NettyRequestSender - Using pooled Channel '[id: 0x4e49b009, L:/127.0.0.1:60493 - R:localhost/127.0.0.1:18349]' for 'POST' to 'http://localhost:18349/session/cccbd00a5fb1e57fce563502390c4fcd/execute/sync'
02:24:35.471 [Forwarding isElementDisplayed on session cccbd00a5fb1e57fce563502390c4fcd to remote] DEBUG org.asynchttpclient.netty.request.NettyRequestSender - Using open Channel [id: 0x4e49b009, L:/127.0.0.1:60493 - R:localhost/127.0.0.1:18349] for POST '/session/cccbd00a5fb1e57fce563502390c4fcd/execute/sync'
02:24:35.482 [AsyncHttpClient-1-5] DEBUG org.asynchttpclient.netty.handler.HttpHandler - 

Request DefaultHttpRequest(decodeResult: success, version: HTTP/1.1)
POST /session/cccbd00a5fb1e57fce563502390c4fcd/execute/sync HTTP/1.1
User-Agent: selenium/4.8.1 (java windows)
Content-Length: 48807
Content-Type: application/json; charset=utf-8
host: localhost:18349
accept: */*

Response DefaultHttpResponse(decodeResult: success, version: HTTP/1.1)
HTTP/1.1 200 OK
Content-Length: 14
Content-Type: application/json; charset=utf-8
cache-control: no-cache

02:24:35.482 [AsyncHttpClient-1-5] DEBUG org.asynchttpclient.netty.channel.ChannelManager - Adding key: http://localhost:18349 for channel [id: 0x4e49b009, L:/127.0.0.1:60493 - R:localhost/127.0.0.1:18349]
02:24:35.485 [Forwarding getAlertText on session cccbd00a5fb1e57fce563502390c4fcd to remote] DEBUG org.asynchttpclient.netty.request.NettyRequestSender - Using pooled Channel '[id: 0x4e49b009, L:/127.0.0.1:60493 - R:localhost/127.0.0.1:18349]' for 'GET' to 'http://localhost:18349/session/cccbd00a5fb1e57fce563502390c4fcd/alert/text'
02:24:35.485 [Forwarding getAlertText on session cccbd00a5fb1e57fce563502390c4fcd to remote] DEBUG org.asynchttpclient.netty.request.NettyRequestSender - Using open Channel [id: 0x4e49b009, L:/127.0.0.1:60493 - R:localhost/127.0.0.1:18349] for GET '/session/cccbd00a5fb1e57fce563502390c4fcd/alert/text'
02:24:35.487 [AsyncHttpClient-1-5] DEBUG org.asynchttpclient.netty.handler.HttpHandler - 

Request DefaultFullHttpRequest(decodeResult: success, version: HTTP/1.1, content: EmptyByteBufBE)
GET /session/cccbd00a5fb1e57fce563502390c4fcd/alert/text HTTP/1.1
User-Agent: selenium/4.8.1 (java windows)
Cache-Control: no-cache
Content-Type: application/json; charset=utf-8
host: localhost:18349
accept: */*

Response DefaultHttpResponse(decodeResult: success, version: HTTP/1.1)
HTTP/1.1 404 Not Found
Content-Length: 836
Content-Type: application/json; charset=utf-8
cache-control: no-cache

02:24:35.487 [AsyncHttpClient-1-5] DEBUG org.asynchttpclient.netty.channel.ChannelManager - Adding key: http://localhost:18349 for channel [id: 0x4e49b009, L:/127.0.0.1:60493 - R:localhost/127.0.0.1:18349]
02:24:35.488 [Forwarding getCurrentUrl on session cccbd00a5fb1e57fce563502390c4fcd to remote] DEBUG org.asynchttpclient.netty.request.NettyRequestSender - Using pooled Channel '[id: 0x4e49b009, L:/127.0.0.1:60493 - R:localhost/127.0.0.1:18349]' for 'GET' to 'http://localhost:18349/session/cccbd00a5fb1e57fce563502390c4fcd/url'
02:24:35.488 [Forwarding getCurrentUrl on session cccbd00a5fb1e57fce563502390c4fcd to remote] DEBUG org.asynchttpclient.netty.request.NettyRequestSender - Using open Channel [id: 0x4e49b009, L:/127.0.0.1:60493 - R:localhost/127.0.0.1:18349] for GET '/session/cccbd00a5fb1e57fce563502390c4fcd/url'
02:24:35.492 [AsyncHttpClient-1-5] DEBUG org.asynchttpclient.netty.handler.HttpHandler - 

Request DefaultFullHttpRequest(decodeResult: success, version: HTTP/1.1, content: EmptyByteBufBE)
GET /session/cccbd00a5fb1e57fce563502390c4fcd/url HTTP/1.1
User-Agent: selenium/4.8.1 (java windows)
Cache-Control: no-cache
Content-Type: application/json; charset=utf-8
host: localhost:18349
accept: */*

Response DefaultHttpResponse(decodeResult: success, version: HTTP/1.1)
HTTP/1.1 200 OK
Content-Length: 36
Content-Type: application/json; charset=utf-8
cache-control: no-cache

02:24:35.492 [AsyncHttpClient-1-5] DEBUG org.asynchttpclient.netty.channel.ChannelManager - Adding key: http://localhost:18349 for channel [id: 0x4e49b009, L:/127.0.0.1:60493 - R:localhost/127.0.0.1:18349]
02:24:35.493 [Forwarding screenshot on session cccbd00a5fb1e57fce563502390c4fcd to remote] DEBUG org.asynchttpclient.netty.request.NettyRequestSender - Using pooled Channel '[id: 0x4e49b009, L:/127.0.0.1:60493 - R:localhost/127.0.0.1:18349]' for 'GET' to 'http://localhost:18349/session/cccbd00a5fb1e57fce563502390c4fcd/screenshot'
02:24:35.493 [Forwarding screenshot on session cccbd00a5fb1e57fce563502390c4fcd to remote] DEBUG org.asynchttpclient.netty.request.NettyRequestSender - Using open Channel [id: 0x4e49b009, L:/127.0.0.1:60493 - R:localhost/127.0.0.1:18349] for GET '/session/cccbd00a5fb1e57fce563502390c4fcd/screenshot'
02:24:35.650 [AsyncHttpClient-1-5] DEBUG org.asynchttpclient.netty.handler.HttpHandler - 

Request DefaultFullHttpRequest(decodeResult: success, version: HTTP/1.1, content: EmptyByteBufBE)
GET /session/cccbd00a5fb1e57fce563502390c4fcd/screenshot HTTP/1.1
User-Agent: selenium/4.8.1 (java windows)
Cache-Control: no-cache
Content-Type: application/json; charset=utf-8
host: localhost:18349
accept: */*

Response DefaultHttpResponse(decodeResult: success, version: HTTP/1.1)
HTTP/1.1 200 OK
Content-Length: 501788
Content-Type: application/json; charset=utf-8
cache-control: no-cache

02:24:35.651 [AsyncHttpClient-1-5] DEBUG org.asynchttpclient.netty.channel.ChannelManager - Adding key: http://localhost:18349 for channel [id: 0x4e49b009, L:/127.0.0.1:60493 - R:localhost/127.0.0.1:18349]
02:24:35.659 [main] DEBUG net.serenitybdd.core.photography.Darkroom - Send negative for processing for target\site\serenity\1c6ae259fef686064a35a4ff194bcdbab6fb0cd085221185a7c562b53d4d5a31.png
02:24:35.659 [main] DEBUG net.thucydides.core.steps.StepInterceptor - STEP DONE: validateOnLoginPage
  &amp#27;[32mGiven &amp#27;[0m&amp#27;[32mI am on the Sepulsa login page&amp#27;[0m  &amp#27;[90m# starter.stepdefintions.LoginSteps.onTheLoginPage()&amp#27;[0m
02:24:35.666 [Forwarding getPageSource on session cccbd00a5fb1e57fce563502390c4fcd to remote] DEBUG org.asynchttpclient.netty.request.NettyRequestSender - Using pooled Channel '[id: 0x4e49b009, L:/127.0.0.1:60493 - R:localhost/127.0.0.1:18349]' for 'POST' to 'http://localhost:18349/session/cccbd00a5fb1e57fce563502390c4fcd/execute/sync'
02:24:35.666 [Forwarding getPageSource on session cccbd00a5fb1e57fce563502390c4fcd to remote] DEBUG org.asynchttpclient.netty.request.NettyRequestSender - Using open Channel [id: 0x4e49b009, L:/127.0.0.1:60493 - R:localhost/127.0.0.1:18349] for POST '/session/cccbd00a5fb1e57fce563502390c4fcd/execute/sync'
02:24:35.681 [AsyncHttpClient-1-5] DEBUG org.asynchttpclient.netty.handler.HttpHandler - 

Request DefaultHttpRequest(decodeResult: success, version: HTTP/1.1)
POST /session/cccbd00a5fb1e57fce563502390c4fcd/execute/sync HTTP/1.1
User-Agent: selenium/4.8.1 (java windows)
Content-Length: 176
Content-Type: application/json; charset=utf-8
host: localhost:18349
accept: */*

Response DefaultHttpResponse(decodeResult: success, version: HTTP/1.1)
HTTP/1.1 200 OK
Content-Length: 182088
Content-Type: application/json; charset=utf-8
cache-control: no-cache

02:24:35.681 [AsyncHttpClient-1-5] DEBUG org.asynchttpclient.netty.channel.ChannelManager - Adding key: http://localhost:18349 for channel [id: 0x4e49b009, L:/127.0.0.1:60493 - R:localhost/127.0.0.1:18349]
02:24:35.695 [Forwarding getCurrentUrl on session cccbd00a5fb1e57fce563502390c4fcd to remote] DEBUG org.asynchttpclient.netty.request.NettyRequestSender - Using pooled Channel '[id: 0x4e49b009, L:/127.0.0.1:60493 - R:localhost/127.0.0.1:18349]' for 'GET' to 'http://localhost:18349/session/cccbd00a5fb1e57fce563502390c4fcd/url'
02:24:35.695 [Forwarding getCurrentUrl on session cccbd00a5fb1e57fce563502390c4fcd to remote] DEBUG org.asynchttpclient.netty.request.NettyRequestSender - Using open Channel [id: 0x4e49b009, L:/127.0.0.1:60493 - R:localhost/127.0.0.1:18349] for GET '/session/cccbd00a5fb1e57fce563502390c4fcd/url'
02:24:35.699 [AsyncHttpClient-1-5] DEBUG org.asynchttpclient.netty.handler.HttpHandler - 

Request DefaultFullHttpRequest(decodeResult: success, version: HTTP/1.1, content: EmptyByteBufBE)
GET /session/cccbd00a5fb1e57fce563502390c4fcd/url HTTP/1.1
User-Agent: selenium/4.8.1 (java windows)
Cache-Control: no-cache
Content-Type: application/json; charset=utf-8
host: localhost:18349
accept: */*

Response DefaultHttpResponse(decodeResult: success, version: HTTP/1.1)
HTTP/1.1 200 OK
Content-Length: 36
Content-Type: application/json; charset=utf-8
cache-control: no-cache

02:24:35.700 [AsyncHttpClient-1-5] DEBUG org.asynchttpclient.netty.channel.ChannelManager - Adding key: http://localhost:18349 for channel [id: 0x4e49b009, L:/127.0.0.1:60493 - R:localhost/127.0.0.1:18349]
02:24:35.709 [Forwarding getAlertText on session cccbd00a5fb1e57fce563502390c4fcd to remote] DEBUG org.asynchttpclient.netty.request.NettyRequestSender - Using pooled Channel '[id: 0x4e49b009, L:/127.0.0.1:60493 - R:localhost/127.0.0.1:18349]' for 'GET' to 'http://localhost:18349/session/cccbd00a5fb1e57fce563502390c4fcd/alert/text'
02:24:35.709 [Forwarding getAlertText on session cccbd00a5fb1e57fce563502390c4fcd to remote] DEBUG org.asynchttpclient.netty.request.NettyRequestSender - Using open Channel [id: 0x4e49b009, L:/127.0.0.1:60493 - R:localhost/127.0.0.1:18349] for GET '/session/cccbd00a5fb1e57fce563502390c4fcd/alert/text'
02:24:35.711 [AsyncHttpClient-1-5] DEBUG org.asynchttpclient.netty.handler.HttpHandler - 

Request DefaultFullHttpRequest(decodeResult: success, version: HTTP/1.1, content: EmptyByteBufBE)
GET /session/cccbd00a5fb1e57fce563502390c4fcd/alert/text HTTP/1.1
User-Agent: selenium/4.8.1 (java windows)
Cache-Control: no-cache
Content-Type: application/json; charset=utf-8
host: localhost:18349
accept: */*

Response DefaultHttpResponse(decodeResult: success, version: HTTP/1.1)
HTTP/1.1 404 Not Found
Content-Length: 836
Content-Type: application/json; charset=utf-8
cache-control: no-cache

02:24:35.711 [AsyncHttpClient-1-5] DEBUG org.asynchttpclient.netty.channel.ChannelManager - Adding key: http://localhost:18349 for channel [id: 0x4e49b009, L:/127.0.0.1:60493 - R:localhost/127.0.0.1:18349]
02:24:35.712 [Forwarding getCurrentUrl on session cccbd00a5fb1e57fce563502390c4fcd to remote] DEBUG org.asynchttpclient.netty.request.NettyRequestSender - Using pooled Channel '[id: 0x4e49b009, L:/127.0.0.1:60493 - R:localhost/127.0.0.1:18349]' for 'GET' to 'http://localhost:18349/session/cccbd00a5fb1e57fce563502390c4fcd/url'
02:24:35.712 [Forwarding getCurrentUrl on session cccbd00a5fb1e57fce563502390c4fcd to remote] DEBUG org.asynchttpclient.netty.request.NettyRequestSender - Using open Channel [id: 0x4e49b009, L:/127.0.0.1:60493 - R:localhost/127.0.0.1:18349] for GET '/session/cccbd00a5fb1e57fce563502390c4fcd/url'
02:24:35.716 [AsyncHttpClient-1-5] DEBUG org.asynchttpclient.netty.handler.HttpHandler - 

Request DefaultFullHttpRequest(decodeResult: success, version: HTTP/1.1, content: EmptyByteBufBE)
GET /session/cccbd00a5fb1e57fce563502390c4fcd/url HTTP/1.1
User-Agent: selenium/4.8.1 (java windows)
Cache-Control: no-cache
Content-Type: application/json; charset=utf-8
host: localhost:18349
accept: */*

Response DefaultHttpResponse(decodeResult: success, version: HTTP/1.1)
HTTP/1.1 200 OK
Content-Length: 36
Content-Type: application/json; charset=utf-8
cache-control: no-cache

02:24:35.716 [AsyncHttpClient-1-5] DEBUG org.asynchttpclient.netty.channel.ChannelManager - Adding key: http://localhost:18349 for channel [id: 0x4e49b009, L:/127.0.0.1:60493 - R:localhost/127.0.0.1:18349]
02:24:35.716 [Forwarding screenshot on session cccbd00a5fb1e57fce563502390c4fcd to remote] DEBUG org.asynchttpclient.netty.request.NettyRequestSender - Using pooled Channel '[id: 0x4e49b009, L:/127.0.0.1:60493 - R:localhost/127.0.0.1:18349]' for 'GET' to 'http://localhost:18349/session/cccbd00a5fb1e57fce563502390c4fcd/screenshot'
02:24:35.716 [Forwarding screenshot on session cccbd00a5fb1e57fce563502390c4fcd to remote] DEBUG org.asynchttpclient.netty.request.NettyRequestSender - Using open Channel [id: 0x4e49b009, L:/127.0.0.1:60493 - R:localhost/127.0.0.1:18349] for GET '/session/cccbd00a5fb1e57fce563502390c4fcd/screenshot'
02:24:35.866 [AsyncHttpClient-1-5] DEBUG org.asynchttpclient.netty.handler.HttpHandler - 

Request DefaultFullHttpRequest(decodeResult: success, version: HTTP/1.1, content: EmptyByteBufBE)
GET /session/cccbd00a5fb1e57fce563502390c4fcd/screenshot HTTP/1.1
User-Agent: selenium/4.8.1 (java windows)
Cache-Control: no-cache
Content-Type: application/json; charset=utf-8
host: localhost:18349
accept: */*

Response DefaultHttpResponse(decodeResult: success, version: HTTP/1.1)
HTTP/1.1 200 OK
Content-Length: 501788
Content-Type: application/json; charset=utf-8
cache-control: no-cache

02:24:35.867 [AsyncHttpClient-1-5] DEBUG org.asynchttpclient.netty.channel.ChannelManager - Adding key: http://localhost:18349 for channel [id: 0x4e49b009, L:/127.0.0.1:60493 - R:localhost/127.0.0.1:18349]
02:24:35.875 [main] DEBUG net.serenitybdd.core.photography.Darkroom - Send negative for processing for target\site\serenity\1c6ae259fef686064a35a4ff194bcdbab6fb0cd085221185a7c562b53d4d5a31.png
02:24:35.875 [Forwarding getPageSource on session cccbd00a5fb1e57fce563502390c4fcd to remote] DEBUG org.asynchttpclient.netty.request.NettyRequestSender - Using pooled Channel '[id: 0x4e49b009, L:/127.0.0.1:60493 - R:localhost/127.0.0.1:18349]' for 'POST' to 'http://localhost:18349/session/cccbd00a5fb1e57fce563502390c4fcd/execute/sync'
02:24:35.876 [Forwarding getPageSource on session cccbd00a5fb1e57fce563502390c4fcd to remote] DEBUG org.asynchttpclient.netty.request.NettyRequestSender - Using open Channel [id: 0x4e49b009, L:/127.0.0.1:60493 - R:localhost/127.0.0.1:18349] for POST '/session/cccbd00a5fb1e57fce563502390c4fcd/execute/sync'
02:24:35.894 [AsyncHttpClient-1-5] DEBUG org.asynchttpclient.netty.handler.HttpHandler - 

Request DefaultHttpRequest(decodeResult: success, version: HTTP/1.1)
POST /session/cccbd00a5fb1e57fce563502390c4fcd/execute/sync HTTP/1.1
User-Agent: selenium/4.8.1 (java windows)
Content-Length: 176
Content-Type: application/json; charset=utf-8
host: localhost:18349
accept: */*

Response DefaultHttpResponse(decodeResult: success, version: HTTP/1.1)
HTTP/1.1 200 OK
Content-Length: 182088
Content-Type: application/json; charset=utf-8
cache-control: no-cache

02:24:35.894 [AsyncHttpClient-1-5] DEBUG org.asynchttpclient.netty.channel.ChannelManager - Adding key: http://localhost:18349 for channel [id: 0x4e49b009, L:/127.0.0.1:60493 - R:localhost/127.0.0.1:18349]
02:24:35.914 [Forwarding getCurrentUrl on session cccbd00a5fb1e57fce563502390c4fcd to remote] DEBUG org.asynchttpclient.netty.request.NettyRequestSender - Using pooled Channel '[id: 0x4e49b009, L:/127.0.0.1:60493 - R:localhost/127.0.0.1:18349]' for 'GET' to 'http://localhost:18349/session/cccbd00a5fb1e57fce563502390c4fcd/url'
02:24:35.914 [Forwarding getCurrentUrl on session cccbd00a5fb1e57fce563502390c4fcd to remote] DEBUG org.asynchttpclient.netty.request.NettyRequestSender - Using open Channel [id: 0x4e49b009, L:/127.0.0.1:60493 - R:localhost/127.0.0.1:18349] for GET '/session/cccbd00a5fb1e57fce563502390c4fcd/url'
02:24:35.918 [AsyncHttpClient-1-5] DEBUG org.asynchttpclient.netty.handler.HttpHandler - 

Request DefaultFullHttpRequest(decodeResult: success, version: HTTP/1.1, content: EmptyByteBufBE)
GET /session/cccbd00a5fb1e57fce563502390c4fcd/url HTTP/1.1
User-Agent: selenium/4.8.1 (java windows)
Cache-Control: no-cache
Content-Type: application/json; charset=utf-8
host: localhost:18349
accept: */*

Response DefaultHttpResponse(decodeResult: success, version: HTTP/1.1)
HTTP/1.1 200 OK
Content-Length: 36
Content-Type: application/json; charset=utf-8
cache-control: no-cache

02:24:35.918 [AsyncHttpClient-1-5] DEBUG org.asynchttpclient.netty.channel.ChannelManager - Adding key: http://localhost:18349 for channel [id: 0x4e49b009, L:/127.0.0.1:60493 - R:localhost/127.0.0.1:18349]
02:24:35.921 [main] DEBUG net.thucydides.core.steps.StepInterceptor - STARTING STEP: LoginSteps.clickLoginButton - clickLoginButton
02:24:35.925 [Forwarding findElement on session cccbd00a5fb1e57fce563502390c4fcd to remote] DEBUG org.asynchttpclient.netty.request.NettyRequestSender - Using pooled Channel '[id: 0x4e49b009, L:/127.0.0.1:60493 - R:localhost/127.0.0.1:18349]' for 'POST' to 'http://localhost:18349/session/cccbd00a5fb1e57fce563502390c4fcd/element'
02:24:35.925 [Forwarding findElement on session cccbd00a5fb1e57fce563502390c4fcd to remote] DEBUG org.asynchttpclient.netty.request.NettyRequestSender - Using open Channel [id: 0x4e49b009, L:/127.0.0.1:60493 - R:localhost/127.0.0.1:18349] for POST '/session/cccbd00a5fb1e57fce563502390c4fcd/element'
02:24:35.933 [AsyncHttpClient-1-5] DEBUG org.asynchttpclient.netty.handler.HttpHandler - 

Request DefaultHttpRequest(decodeResult: success, version: HTTP/1.1)
POST /session/cccbd00a5fb1e57fce563502390c4fcd/element HTTP/1.1
User-Agent: selenium/4.8.1 (java windows)
Content-Length: 62
Content-Type: application/json; charset=utf-8
host: localhost:18349
accept: */*

Response DefaultHttpResponse(decodeResult: success, version: HTTP/1.1)
HTTP/1.1 200 OK
Content-Length: 88
Content-Type: application/json; charset=utf-8
cache-control: no-cache

02:24:35.934 [AsyncHttpClient-1-5] DEBUG org.asynchttpclient.netty.channel.ChannelManager - Adding key: http://localhost:18349 for channel [id: 0x4e49b009, L:/127.0.0.1:60493 - R:localhost/127.0.0.1:18349]
02:24:35.936 [Forwarding getElementTagName on session cccbd00a5fb1e57fce563502390c4fcd to remote] DEBUG org.asynchttpclient.netty.request.NettyRequestSender - Using pooled Channel '[id: 0x4e49b009, L:/127.0.0.1:60493 - R:localhost/127.0.0.1:18349]' for 'GET' to 'http://localhost:18349/session/cccbd00a5fb1e57fce563502390c4fcd/element/20e6c516-1d05-4b87-bb1e-d3ef81d7b5a1/name'
02:24:35.936 [Forwarding getElementTagName on session cccbd00a5fb1e57fce563502390c4fcd to remote] DEBUG org.asynchttpclient.netty.request.NettyRequestSender - Using open Channel [id: 0x4e49b009, L:/127.0.0.1:60493 - R:localhost/127.0.0.1:18349] for GET '/session/cccbd00a5fb1e57fce563502390c4fcd/element/20e6c516-1d05-4b87-bb1e-d3ef81d7b5a1/name'
02:24:35.940 [AsyncHttpClient-1-5] DEBUG org.asynchttpclient.netty.handler.HttpHandler - 

Request DefaultFullHttpRequest(decodeResult: success, version: HTTP/1.1, content: EmptyByteBufBE)
GET /session/cccbd00a5fb1e57fce563502390c4fcd/element/20e6c516-1d05-4b87-bb1e-d3ef81d7b5a1/name HTTP/1.1
User-Agent: selenium/4.8.1 (java windows)
Cache-Control: no-cache
Content-Type: application/json; charset=utf-8
host: localhost:18349
accept: */*

Response DefaultHttpResponse(decodeResult: success, version: HTTP/1.1)
HTTP/1.1 200 OK
Content-Length: 16
Content-Type: application/json; charset=utf-8
cache-control: no-cache

02:24:35.941 [AsyncHttpClient-1-5] DEBUG org.asynchttpclient.netty.channel.ChannelManager - Adding key: http://localhost:18349 for channel [id: 0x4e49b009, L:/127.0.0.1:60493 - R:localhost/127.0.0.1:18349]
02:24:35.942 [Forwarding getElementTagName on session cccbd00a5fb1e57fce563502390c4fcd to remote] DEBUG org.asynchttpclient.netty.request.NettyRequestSender - Using pooled Channel '[id: 0x4e49b009, L:/127.0.0.1:60493 - R:localhost/127.0.0.1:18349]' for 'GET' to 'http://localhost:18349/session/cccbd00a5fb1e57fce563502390c4fcd/element/20e6c516-1d05-4b87-bb1e-d3ef81d7b5a1/name'
02:24:35.942 [Forwarding getElementTagName on session cccbd00a5fb1e57fce563502390c4fcd to remote] DEBUG org.asynchttpclient.netty.request.NettyRequestSender - Using open Channel [id: 0x4e49b009, L:/127.0.0.1:60493 - R:localhost/127.0.0.1:18349] for GET '/session/cccbd00a5fb1e57fce563502390c4fcd/element/20e6c516-1d05-4b87-bb1e-d3ef81d7b5a1/name'
02:24:35.946 [AsyncHttpClient-1-5] DEBUG org.asynchttpclient.netty.handler.HttpHandler - 

Request DefaultFullHttpRequest(decodeResult: success, version: HTTP/1.1, content: EmptyByteBufBE)
GET /session/cccbd00a5fb1e57fce563502390c4fcd/element/20e6c516-1d05-4b87-bb1e-d3ef81d7b5a1/name HTTP/1.1
User-Agent: selenium/4.8.1 (java windows)
Cache-Control: no-cache
Content-Type: application/json; charset=utf-8
host: localhost:18349
accept: */*

Response DefaultHttpResponse(decodeResult: success, version: HTTP/1.1)
HTTP/1.1 200 OK
Content-Length: 16
Content-Type: application/json; charset=utf-8
cache-control: no-cache

02:24:35.946 [AsyncHttpClient-1-5] DEBUG org.asynchttpclient.netty.channel.ChannelManager - Adding key: http://localhost:18349 for channel [id: 0x4e49b009, L:/127.0.0.1:60493 - R:localhost/127.0.0.1:18349]
02:24:35.949 [Forwarding findElement on session cccbd00a5fb1e57fce563502390c4fcd to remote] DEBUG org.asynchttpclient.netty.request.NettyRequestSender - Using pooled Channel '[id: 0x4e49b009, L:/127.0.0.1:60493 - R:localhost/127.0.0.1:18349]' for 'POST' to 'http://localhost:18349/session/cccbd00a5fb1e57fce563502390c4fcd/element'
02:24:35.949 [Forwarding findElement on session cccbd00a5fb1e57fce563502390c4fcd to remote] DEBUG org.asynchttpclient.netty.request.NettyRequestSender - Using open Channel [id: 0x4e49b009, L:/127.0.0.1:60493 - R:localhost/127.0.0.1:18349] for POST '/session/cccbd00a5fb1e57fce563502390c4fcd/element'
02:24:35.956 [AsyncHttpClient-1-5] DEBUG org.asynchttpclient.netty.handler.HttpHandler - 

Request DefaultHttpRequest(decodeResult: success, version: HTTP/1.1)
POST /session/cccbd00a5fb1e57fce563502390c4fcd/element HTTP/1.1
User-Agent: selenium/4.8.1 (java windows)
Content-Length: 62
Content-Type: application/json; charset=utf-8
host: localhost:18349
accept: */*

Response DefaultHttpResponse(decodeResult: success, version: HTTP/1.1)
HTTP/1.1 200 OK
Content-Length: 88
Content-Type: application/json; charset=utf-8
cache-control: no-cache

02:24:35.956 [AsyncHttpClient-1-5] DEBUG org.asynchttpclient.netty.channel.ChannelManager - Adding key: http://localhost:18349 for channel [id: 0x4e49b009, L:/127.0.0.1:60493 - R:localhost/127.0.0.1:18349]
02:24:35.957 [Forwarding clickElement on session cccbd00a5fb1e57fce563502390c4fcd to remote] DEBUG org.asynchttpclient.netty.request.NettyRequestSender - Using pooled Channel '[id: 0x4e49b009, L:/127.0.0.1:60493 - R:localhost/127.0.0.1:18349]' for 'POST' to 'http://localhost:18349/session/cccbd00a5fb1e57fce563502390c4fcd/element/20e6c516-1d05-4b87-bb1e-d3ef81d7b5a1/click'
02:24:35.958 [Forwarding clickElement on session cccbd00a5fb1e57fce563502390c4fcd to remote] DEBUG org.asynchttpclient.netty.request.NettyRequestSender - Using open Channel [id: 0x4e49b009, L:/127.0.0.1:60493 - R:localhost/127.0.0.1:18349] for POST '/session/cccbd00a5fb1e57fce563502390c4fcd/element/20e6c516-1d05-4b87-bb1e-d3ef81d7b5a1/click'
02:24:36.443 [AsyncHttpClient-1-1] DEBUG org.asynchttpclient.netty.channel.DefaultChannelPool - Entry count for : http://localhost:60494 : 1
02:24:37.020 [AsyncHttpClient-1-5] DEBUG org.asynchttpclient.netty.handler.HttpHandler - 

Request DefaultHttpRequest(decodeResult: success, version: HTTP/1.1)
POST /session/cccbd00a5fb1e57fce563502390c4fcd/element/20e6c516-1d05-4b87-bb1e-d3ef81d7b5a1/click HTTP/1.1
User-Agent: selenium/4.8.1 (java windows)
Content-Length: 50
Content-Type: application/json; charset=utf-8
host: localhost:18349
accept: */*

Response DefaultHttpResponse(decodeResult: success, version: HTTP/1.1)
HTTP/1.1 400 Bad Request
Content-Length: 1189
Content-Type: application/json; charset=utf-8
cache-control: no-cache

02:24:37.020 [AsyncHttpClient-1-5] DEBUG org.asynchttpclient.netty.channel.ChannelManager - Adding key: http://localhost:18349 for channel [id: 0x4e49b009, L:/127.0.0.1:60493 - R:localhost/127.0.0.1:18349]
02:24:37.284 [Forwarding clickElement on session cccbd00a5fb1e57fce563502390c4fcd to remote] DEBUG org.asynchttpclient.netty.request.NettyRequestSender - Using pooled Channel '[id: 0x4e49b009, L:/127.0.0.1:60493 - R:localhost/127.0.0.1:18349]' for 'POST' to 'http://localhost:18349/session/cccbd00a5fb1e57fce563502390c4fcd/element/20e6c516-1d05-4b87-bb1e-d3ef81d7b5a1/click'
02:24:37.284 [Forwarding clickElement on session cccbd00a5fb1e57fce563502390c4fcd to remote] DEBUG org.asynchttpclient.netty.request.NettyRequestSender - Using open Channel [id: 0x4e49b009, L:/127.0.0.1:60493 - R:localhost/127.0.0.1:18349] for POST '/session/cccbd00a5fb1e57fce563502390c4fcd/element/20e6c516-1d05-4b87-bb1e-d3ef81d7b5a1/click'
02:24:37.383 [AsyncHttpClient-1-5] DEBUG org.asynchttpclient.netty.handler.HttpHandler - 

Request DefaultHttpRequest(decodeResult: success, version: HTTP/1.1)
POST /session/cccbd00a5fb1e57fce563502390c4fcd/element/20e6c516-1d05-4b87-bb1e-d3ef81d7b5a1/click HTTP/1.1
User-Agent: selenium/4.8.1 (java windows)
Content-Length: 50
Content-Type: application/json; charset=utf-8
host: localhost:18349
accept: */*

Response DefaultHttpResponse(decodeResult: success, version: HTTP/1.1)
HTTP/1.1 200 OK
Content-Length: 14
Content-Type: application/json; charset=utf-8
cache-control: no-cache

02:24:37.383 [AsyncHttpClient-1-5] DEBUG org.asynchttpclient.netty.channel.ChannelManager - Adding key: http://localhost:18349 for channel [id: 0x4e49b009, L:/127.0.0.1:60493 - R:localhost/127.0.0.1:18349]
02:24:37.392 [Forwarding getAlertText on session cccbd00a5fb1e57fce563502390c4fcd to remote] DEBUG org.asynchttpclient.netty.request.NettyRequestSender - Using pooled Channel '[id: 0x4e49b009, L:/127.0.0.1:60493 - R:localhost/127.0.0.1:18349]' for 'GET' to 'http://localhost:18349/session/cccbd00a5fb1e57fce563502390c4fcd/alert/text'
02:24:37.392 [Forwarding getAlertText on session cccbd00a5fb1e57fce563502390c4fcd to remote] DEBUG org.asynchttpclient.netty.request.NettyRequestSender - Using open Channel [id: 0x4e49b009, L:/127.0.0.1:60493 - R:localhost/127.0.0.1:18349] for GET '/session/cccbd00a5fb1e57fce563502390c4fcd/alert/text'
02:24:37.433 [AsyncHttpClient-1-5] DEBUG org.asynchttpclient.netty.handler.HttpHandler - 

Request DefaultFullHttpRequest(decodeResult: success, version: HTTP/1.1, content: EmptyByteBufBE)
GET /session/cccbd00a5fb1e57fce563502390c4fcd/alert/text HTTP/1.1
User-Agent: selenium/4.8.1 (java windows)
Cache-Control: no-cache
Content-Type: application/json; charset=utf-8
host: localhost:18349
accept: */*

Response DefaultHttpResponse(decodeResult: success, version: HTTP/1.1)
HTTP/1.1 404 Not Found
Content-Length: 836
Content-Type: application/json; charset=utf-8
cache-control: no-cache

02:24:37.434 [AsyncHttpClient-1-5] DEBUG org.asynchttpclient.netty.channel.ChannelManager - Adding key: http://localhost:18349 for channel [id: 0x4e49b009, L:/127.0.0.1:60493 - R:localhost/127.0.0.1:18349]
02:24:37.436 [Forwarding getCurrentUrl on session cccbd00a5fb1e57fce563502390c4fcd to remote] DEBUG org.asynchttpclient.netty.request.NettyRequestSender - Using pooled Channel '[id: 0x4e49b009, L:/127.0.0.1:60493 - R:localhost/127.0.0.1:18349]' for 'GET' to 'http://localhost:18349/session/cccbd00a5fb1e57fce563502390c4fcd/url'
02:24:37.436 [Forwarding getCurrentUrl on session cccbd00a5fb1e57fce563502390c4fcd to remote] DEBUG org.asynchttpclient.netty.request.NettyRequestSender - Using open Channel [id: 0x4e49b009, L:/127.0.0.1:60493 - R:localhost/127.0.0.1:18349] for GET '/session/cccbd00a5fb1e57fce563502390c4fcd/url'
02:24:37.441 [AsyncHttpClient-1-5] DEBUG org.asynchttpclient.netty.handler.HttpHandler - 

Request DefaultFullHttpRequest(decodeResult: success, version: HTTP/1.1, content: EmptyByteBufBE)
GET /session/cccbd00a5fb1e57fce563502390c4fcd/url HTTP/1.1
User-Agent: selenium/4.8.1 (java windows)
Cache-Control: no-cache
Content-Type: application/json; charset=utf-8
host: localhost:18349
accept: */*

Response DefaultHttpResponse(decodeResult: success, version: HTTP/1.1)
HTTP/1.1 200 OK
Content-Length: 42
Content-Type: application/json; charset=utf-8
cache-control: no-cache

02:24:37.442 [AsyncHttpClient-1-5] DEBUG org.asynchttpclient.netty.channel.ChannelManager - Adding key: http://localhost:18349 for channel [id: 0x4e49b009, L:/127.0.0.1:60493 - R:localhost/127.0.0.1:18349]
02:24:37.442 [Forwarding screenshot on session cccbd00a5fb1e57fce563502390c4fcd to remote] DEBUG org.asynchttpclient.netty.request.NettyRequestSender - Using pooled Channel '[id: 0x4e49b009, L:/127.0.0.1:60493 - R:localhost/127.0.0.1:18349]' for 'GET' to 'http://localhost:18349/session/cccbd00a5fb1e57fce563502390c4fcd/screenshot'
02:24:37.443 [Forwarding screenshot on session cccbd00a5fb1e57fce563502390c4fcd to remote] DEBUG org.asynchttpclient.netty.request.NettyRequestSender - Using open Channel [id: 0x4e49b009, L:/127.0.0.1:60493 - R:localhost/127.0.0.1:18349] for GET '/session/cccbd00a5fb1e57fce563502390c4fcd/screenshot'
02:24:37.547 [AsyncHttpClient-1-1] DEBUG org.asynchttpclient.netty.channel.DefaultChannelPool - Entry count for : http://localhost:60494 : 1
02:24:37.694 [AsyncHttpClient-1-5] DEBUG org.asynchttpclient.netty.handler.HttpHandler - 

Request DefaultFullHttpRequest(decodeResult: success, version: HTTP/1.1, content: EmptyByteBufBE)
GET /session/cccbd00a5fb1e57fce563502390c4fcd/screenshot HTTP/1.1
User-Agent: selenium/4.8.1 (java windows)
Cache-Control: no-cache
Content-Type: application/json; charset=utf-8
host: localhost:18349
accept: */*

Response DefaultHttpResponse(decodeResult: success, version: HTTP/1.1)
HTTP/1.1 200 OK
Content-Length: 277256
Content-Type: application/json; charset=utf-8
cache-control: no-cache

02:24:37.695 [AsyncHttpClient-1-5] DEBUG org.asynchttpclient.netty.channel.ChannelManager - Adding key: http://localhost:18349 for channel [id: 0x4e49b009, L:/127.0.0.1:60493 - R:localhost/127.0.0.1:18349]
02:24:37.698 [main] DEBUG net.serenitybdd.core.photography.Darkroom - Send negative for processing for target\site\serenity\6c14964afb175fcd1fcd055aeac833a40b5cdc11bb14153ac4af1122dd145a3e.png
02:24:37.699 [main] DEBUG net.thucydides.core.steps.StepInterceptor - STEP DONE: clickLoginButton
  &amp#27;[32mWhen &amp#27;[0m&amp#27;[32mI click login button&amp#27;[0m             &amp#27;[90m# starter.stepdefintions.LoginSteps.clickLoginButton()&amp#27;[0m
02:24:37.704 [Forwarding getPageSource on session cccbd00a5fb1e57fce563502390c4fcd to remote] DEBUG org.asynchttpclient.netty.request.NettyRequestSender - Using pooled Channel '[id: 0x4e49b009, L:/127.0.0.1:60493 - R:localhost/127.0.0.1:18349]' for 'POST' to 'http://localhost:18349/session/cccbd00a5fb1e57fce563502390c4fcd/execute/sync'
02:24:37.704 [Forwarding getPageSource on session cccbd00a5fb1e57fce563502390c4fcd to remote] DEBUG org.asynchttpclient.netty.request.NettyRequestSender - Using open Channel [id: 0x4e49b009, L:/127.0.0.1:60493 - R:localhost/127.0.0.1:18349] for POST '/session/cccbd00a5fb1e57fce563502390c4fcd/execute/sync'
02:24:37.713 [AsyncHttpClient-1-5] DEBUG org.asynchttpclient.netty.handler.HttpHandler - 

Request DefaultHttpRequest(decodeResult: success, version: HTTP/1.1)
POST /session/cccbd00a5fb1e57fce563502390c4fcd/execute/sync HTTP/1.1
User-Agent: selenium/4.8.1 (java windows)
Content-Length: 176
Content-Type: application/json; charset=utf-8
host: localhost:18349
accept: */*

Response DefaultHttpResponse(decodeResult: success, version: HTTP/1.1)
HTTP/1.1 200 OK
Content-Length: 96996
Content-Type: application/json; charset=utf-8
cache-control: no-cache

02:24:37.713 [AsyncHttpClient-1-5] DEBUG org.asynchttpclient.netty.channel.ChannelManager - Adding key: http://localhost:18349 for channel [id: 0x4e49b009, L:/127.0.0.1:60493 - R:localhost/127.0.0.1:18349]
02:24:37.717 [Forwarding getCurrentUrl on session cccbd00a5fb1e57fce563502390c4fcd to remote] DEBUG org.asynchttpclient.netty.request.NettyRequestSender - Using pooled Channel '[id: 0x4e49b009, L:/127.0.0.1:60493 - R:localhost/127.0.0.1:18349]' for 'GET' to 'http://localhost:18349/session/cccbd00a5fb1e57fce563502390c4fcd/url'
02:24:37.717 [Forwarding getCurrentUrl on session cccbd00a5fb1e57fce563502390c4fcd to remote] DEBUG org.asynchttpclient.netty.request.NettyRequestSender - Using open Channel [id: 0x4e49b009, L:/127.0.0.1:60493 - R:localhost/127.0.0.1:18349] for GET '/session/cccbd00a5fb1e57fce563502390c4fcd/url'
02:24:37.721 [AsyncHttpClient-1-5] DEBUG org.asynchttpclient.netty.handler.HttpHandler - 

Request DefaultFullHttpRequest(decodeResult: success, version: HTTP/1.1, content: EmptyByteBufBE)
GET /session/cccbd00a5fb1e57fce563502390c4fcd/url HTTP/1.1
User-Agent: selenium/4.8.1 (java windows)
Cache-Control: no-cache
Content-Type: application/json; charset=utf-8
host: localhost:18349
accept: */*

Response DefaultHttpResponse(decodeResult: success, version: HTTP/1.1)
HTTP/1.1 200 OK
Content-Length: 42
Content-Type: application/json; charset=utf-8
cache-control: no-cache

02:24:37.721 [AsyncHttpClient-1-5] DEBUG org.asynchttpclient.netty.channel.ChannelManager - Adding key: http://localhost:18349 for channel [id: 0x4e49b009, L:/127.0.0.1:60493 - R:localhost/127.0.0.1:18349]
02:24:37.728 [Forwarding getPageSource on session cccbd00a5fb1e57fce563502390c4fcd to remote] DEBUG org.asynchttpclient.netty.request.NettyRequestSender - Using pooled Channel '[id: 0x4e49b009, L:/127.0.0.1:60493 - R:localhost/127.0.0.1:18349]' for 'POST' to 'http://localhost:18349/session/cccbd00a5fb1e57fce563502390c4fcd/execute/sync'
02:24:37.728 [Forwarding getPageSource on session cccbd00a5fb1e57fce563502390c4fcd to remote] DEBUG org.asynchttpclient.netty.request.NettyRequestSender - Using open Channel [id: 0x4e49b009, L:/127.0.0.1:60493 - R:localhost/127.0.0.1:18349] for POST '/session/cccbd00a5fb1e57fce563502390c4fcd/execute/sync'
02:24:37.736 [AsyncHttpClient-1-5] DEBUG org.asynchttpclient.netty.handler.HttpHandler - 

Request DefaultHttpRequest(decodeResult: success, version: HTTP/1.1)
POST /session/cccbd00a5fb1e57fce563502390c4fcd/execute/sync HTTP/1.1
User-Agent: selenium/4.8.1 (java windows)
Content-Length: 176
Content-Type: application/json; charset=utf-8
host: localhost:18349
accept: */*

Response DefaultHttpResponse(decodeResult: success, version: HTTP/1.1)
HTTP/1.1 200 OK
Content-Length: 96996
Content-Type: application/json; charset=utf-8
cache-control: no-cache

02:24:37.736 [AsyncHttpClient-1-5] DEBUG org.asynchttpclient.netty.channel.ChannelManager - Adding key: http://localhost:18349 for channel [id: 0x4e49b009, L:/127.0.0.1:60493 - R:localhost/127.0.0.1:18349]
02:24:37.740 [Forwarding getCurrentUrl on session cccbd00a5fb1e57fce563502390c4fcd to remote] DEBUG org.asynchttpclient.netty.request.NettyRequestSender - Using pooled Channel '[id: 0x4e49b009, L:/127.0.0.1:60493 - R:localhost/127.0.0.1:18349]' for 'GET' to 'http://localhost:18349/session/cccbd00a5fb1e57fce563502390c4fcd/url'
02:24:37.740 [Forwarding getCurrentUrl on session cccbd00a5fb1e57fce563502390c4fcd to remote] DEBUG org.asynchttpclient.netty.request.NettyRequestSender - Using open Channel [id: 0x4e49b009, L:/127.0.0.1:60493 - R:localhost/127.0.0.1:18349] for GET '/session/cccbd00a5fb1e57fce563502390c4fcd/url'
02:24:37.744 [AsyncHttpClient-1-5] DEBUG org.asynchttpclient.netty.handler.HttpHandler - 

Request DefaultFullHttpRequest(decodeResult: success, version: HTTP/1.1, content: EmptyByteBufBE)
GET /session/cccbd00a5fb1e57fce563502390c4fcd/url HTTP/1.1
User-Agent: selenium/4.8.1 (java windows)
Cache-Control: no-cache
Content-Type: application/json; charset=utf-8
host: localhost:18349
accept: */*

Response DefaultHttpResponse(decodeResult: success, version: HTTP/1.1)
HTTP/1.1 200 OK
Content-Length: 42
Content-Type: application/json; charset=utf-8
cache-control: no-cache

02:24:37.744 [AsyncHttpClient-1-5] DEBUG org.asynchttpclient.netty.channel.ChannelManager - Adding key: http://localhost:18349 for channel [id: 0x4e49b009, L:/127.0.0.1:60493 - R:localhost/127.0.0.1:18349]
02:24:37.746 [main] DEBUG net.thucydides.core.steps.StepInterceptor - STARTING STEP: LoginSteps.inputEmail - inputEmail
02:24:37.747 [Forwarding findElement on session cccbd00a5fb1e57fce563502390c4fcd to remote] DEBUG org.asynchttpclient.netty.request.NettyRequestSender - Using pooled Channel '[id: 0x4e49b009, L:/127.0.0.1:60493 - R:localhost/127.0.0.1:18349]' for 'POST' to 'http://localhost:18349/session/cccbd00a5fb1e57fce563502390c4fcd/element'
02:24:37.747 [Forwarding findElement on session cccbd00a5fb1e57fce563502390c4fcd to remote] DEBUG org.asynchttpclient.netty.request.NettyRequestSender - Using open Channel [id: 0x4e49b009, L:/127.0.0.1:60493 - R:localhost/127.0.0.1:18349] for POST '/session/cccbd00a5fb1e57fce563502390c4fcd/element'
02:24:37.756 [AsyncHttpClient-1-5] DEBUG org.asynchttpclient.netty.handler.HttpHandler - 

Request DefaultHttpRequest(decodeResult: success, version: HTTP/1.1)
POST /session/cccbd00a5fb1e57fce563502390c4fcd/element HTTP/1.1
User-Agent: selenium/4.8.1 (java windows)
Content-Length: 50
Content-Type: application/json; charset=utf-8
host: localhost:18349
accept: */*

Response DefaultHttpResponse(decodeResult: success, version: HTTP/1.1)
HTTP/1.1 200 OK
Content-Length: 88
Content-Type: application/json; charset=utf-8
cache-control: no-cache

02:24:37.756 [AsyncHttpClient-1-5] DEBUG org.asynchttpclient.netty.channel.ChannelManager - Adding key: http://localhost:18349 for channel [id: 0x4e49b009, L:/127.0.0.1:60493 - R:localhost/127.0.0.1:18349]
02:24:37.757 [Forwarding clearElement on session cccbd00a5fb1e57fce563502390c4fcd to remote] DEBUG org.asynchttpclient.netty.request.NettyRequestSender - Using pooled Channel '[id: 0x4e49b009, L:/127.0.0.1:60493 - R:localhost/127.0.0.1:18349]' for 'POST' to 'http://localhost:18349/session/cccbd00a5fb1e57fce563502390c4fcd/element/98cc3c99-153b-438f-a1ef-407955cc25d6/clear'
02:24:37.757 [Forwarding clearElement on session cccbd00a5fb1e57fce563502390c4fcd to remote] DEBUG org.asynchttpclient.netty.request.NettyRequestSender - Using open Channel [id: 0x4e49b009, L:/127.0.0.1:60493 - R:localhost/127.0.0.1:18349] for POST '/session/cccbd00a5fb1e57fce563502390c4fcd/element/98cc3c99-153b-438f-a1ef-407955cc25d6/clear'
02:24:37.781 [AsyncHttpClient-1-5] DEBUG org.asynchttpclient.netty.handler.HttpHandler - 

Request DefaultHttpRequest(decodeResult: success, version: HTTP/1.1)
POST /session/cccbd00a5fb1e57fce563502390c4fcd/element/98cc3c99-153b-438f-a1ef-407955cc25d6/clear HTTP/1.1
User-Agent: selenium/4.8.1 (java windows)
Content-Length: 50
Content-Type: application/json; charset=utf-8
host: localhost:18349
accept: */*

Response DefaultHttpResponse(decodeResult: success, version: HTTP/1.1)
HTTP/1.1 200 OK
Content-Length: 14
Content-Type: application/json; charset=utf-8
cache-control: no-cache

02:24:37.781 [AsyncHttpClient-1-5] DEBUG org.asynchttpclient.netty.channel.ChannelManager - Adding key: http://localhost:18349 for channel [id: 0x4e49b009, L:/127.0.0.1:60493 - R:localhost/127.0.0.1:18349]
02:24:37.782 [Forwarding sendKeysToElement on session cccbd00a5fb1e57fce563502390c4fcd to remote] DEBUG org.asynchttpclient.netty.request.NettyRequestSender - Using pooled Channel '[id: 0x4e49b009, L:/127.0.0.1:60493 - R:localhost/127.0.0.1:18349]' for 'POST' to 'http://localhost:18349/session/cccbd00a5fb1e57fce563502390c4fcd/element/98cc3c99-153b-438f-a1ef-407955cc25d6/value'
02:24:37.782 [Forwarding sendKeysToElement on session cccbd00a5fb1e57fce563502390c4fcd to remote] DEBUG org.asynchttpclient.netty.request.NettyRequestSender - Using open Channel [id: 0x4e49b009, L:/127.0.0.1:60493 - R:localhost/127.0.0.1:18349] for POST '/session/cccbd00a5fb1e57fce563502390c4fcd/element/98cc3c99-153b-438f-a1ef-407955cc25d6/value'
02:24:37.880 [AsyncHttpClient-1-5] DEBUG org.asynchttpclient.netty.handler.HttpHandler - 

Request DefaultHttpRequest(decodeResult: success, version: HTTP/1.1)
POST /session/cccbd00a5fb1e57fce563502390c4fcd/element/98cc3c99-153b-438f-a1ef-407955cc25d6/value HTTP/1.1
User-Agent: selenium/4.8.1 (java windows)
Content-Length: 281
Content-Type: application/json; charset=utf-8
host: localhost:18349
accept: */*

Response DefaultHttpResponse(decodeResult: success, version: HTTP/1.1)
HTTP/1.1 200 OK
Content-Length: 14
Content-Type: application/json; charset=utf-8
cache-control: no-cache

02:24:37.880 [AsyncHttpClient-1-5] DEBUG org.asynchttpclient.netty.channel.ChannelManager - Adding key: http://localhost:18349 for channel [id: 0x4e49b009, L:/127.0.0.1:60493 - R:localhost/127.0.0.1:18349]
02:24:37.885 [Forwarding getAlertText on session cccbd00a5fb1e57fce563502390c4fcd to remote] DEBUG org.asynchttpclient.netty.request.NettyRequestSender - Using pooled Channel '[id: 0x4e49b009, L:/127.0.0.1:60493 - R:localhost/127.0.0.1:18349]' for 'GET' to 'http://localhost:18349/session/cccbd00a5fb1e57fce563502390c4fcd/alert/text'
02:24:37.885 [Forwarding getAlertText on session cccbd00a5fb1e57fce563502390c4fcd to remote] DEBUG org.asynchttpclient.netty.request.NettyRequestSender - Using open Channel [id: 0x4e49b009, L:/127.0.0.1:60493 - R:localhost/127.0.0.1:18349] for GET '/session/cccbd00a5fb1e57fce563502390c4fcd/alert/text'
02:24:37.887 [AsyncHttpClient-1-5] DEBUG org.asynchttpclient.netty.handler.HttpHandler - 

Request DefaultFullHttpRequest(decodeResult: success, version: HTTP/1.1, content: EmptyByteBufBE)
GET /session/cccbd00a5fb1e57fce563502390c4fcd/alert/text HTTP/1.1
User-Agent: selenium/4.8.1 (java windows)
Cache-Control: no-cache
Content-Type: application/json; charset=utf-8
host: localhost:18349
accept: */*

Response DefaultHttpResponse(decodeResult: success, version: HTTP/1.1)
HTTP/1.1 404 Not Found
Content-Length: 836
Content-Type: application/json; charset=utf-8
cache-control: no-cache

02:24:37.887 [AsyncHttpClient-1-5] DEBUG org.asynchttpclient.netty.channel.ChannelManager - Adding key: http://localhost:18349 for channel [id: 0x4e49b009, L:/127.0.0.1:60493 - R:localhost/127.0.0.1:18349]
02:24:37.888 [Forwarding getCurrentUrl on session cccbd00a5fb1e57fce563502390c4fcd to remote] DEBUG org.asynchttpclient.netty.request.NettyRequestSender - Using pooled Channel '[id: 0x4e49b009, L:/127.0.0.1:60493 - R:localhost/127.0.0.1:18349]' for 'GET' to 'http://localhost:18349/session/cccbd00a5fb1e57fce563502390c4fcd/url'
02:24:37.888 [Forwarding getCurrentUrl on session cccbd00a5fb1e57fce563502390c4fcd to remote] DEBUG org.asynchttpclient.netty.request.NettyRequestSender - Using open Channel [id: 0x4e49b009, L:/127.0.0.1:60493 - R:localhost/127.0.0.1:18349] for GET '/session/cccbd00a5fb1e57fce563502390c4fcd/url'
02:24:37.892 [AsyncHttpClient-1-5] DEBUG org.asynchttpclient.netty.handler.HttpHandler - 

Request DefaultFullHttpRequest(decodeResult: success, version: HTTP/1.1, content: EmptyByteBufBE)
GET /session/cccbd00a5fb1e57fce563502390c4fcd/url HTTP/1.1
User-Agent: selenium/4.8.1 (java windows)
Cache-Control: no-cache
Content-Type: application/json; charset=utf-8
host: localhost:18349
accept: */*

Response DefaultHttpResponse(decodeResult: success, version: HTTP/1.1)
HTTP/1.1 200 OK
Content-Length: 42
Content-Type: application/json; charset=utf-8
cache-control: no-cache

02:24:37.892 [AsyncHttpClient-1-5] DEBUG org.asynchttpclient.netty.channel.ChannelManager - Adding key: http://localhost:18349 for channel [id: 0x4e49b009, L:/127.0.0.1:60493 - R:localhost/127.0.0.1:18349]
02:24:37.893 [Forwarding screenshot on session cccbd00a5fb1e57fce563502390c4fcd to remote] DEBUG org.asynchttpclient.netty.request.NettyRequestSender - Using pooled Channel '[id: 0x4e49b009, L:/127.0.0.1:60493 - R:localhost/127.0.0.1:18349]' for 'GET' to 'http://localhost:18349/session/cccbd00a5fb1e57fce563502390c4fcd/screenshot'
02:24:37.893 [Forwarding screenshot on session cccbd00a5fb1e57fce563502390c4fcd to remote] DEBUG org.asynchttpclient.netty.request.NettyRequestSender - Using open Channel [id: 0x4e49b009, L:/127.0.0.1:60493 - R:localhost/127.0.0.1:18349] for GET '/session/cccbd00a5fb1e57fce563502390c4fcd/screenshot'
02:24:38.040 [AsyncHttpClient-1-5] DEBUG org.asynchttpclient.netty.handler.HttpHandler - 

Request DefaultFullHttpRequest(decodeResult: success, version: HTTP/1.1, content: EmptyByteBufBE)
GET /session/cccbd00a5fb1e57fce563502390c4fcd/screenshot HTTP/1.1
User-Agent: selenium/4.8.1 (java windows)
Cache-Control: no-cache
Content-Type: application/json; charset=utf-8
host: localhost:18349
accept: */*

Response DefaultHttpResponse(decodeResult: success, version: HTTP/1.1)
HTTP/1.1 200 OK
Content-Length: 281936
Content-Type: application/json; charset=utf-8
cache-control: no-cache

02:24:38.041 [AsyncHttpClient-1-5] DEBUG org.asynchttpclient.netty.channel.ChannelManager - Adding key: http://localhost:18349 for channel [id: 0x4e49b009, L:/127.0.0.1:60493 - R:localhost/127.0.0.1:18349]
02:24:38.048 [main] DEBUG net.serenitybdd.core.photography.Darkroom - Send negative for processing for target\site\serenity\38435cd822b4d30867cc32e2a99828e809f0ba4db219c036b6aba2969dd166a0.png
02:24:38.049 [main] DEBUG net.thucydides.core.steps.StepInterceptor - STEP DONE: inputEmail
02:24:38.049 [Darkroom Processing Line] DEBUG net.serenitybdd.core.photography.DarkroomProcessingLine - Processing screenshot image in /var/screenshots/screenshot-6807871571793715466
  &amp#27;[32mAnd &amp#27;[0m&amp#27;[32mI enter correct email&amp#27;[0m             &amp#27;[90m# starter.stepdefintions.LoginSteps.inputEmail()&amp#27;[0m
02:24:38.049 [Darkroom Processing Line] DEBUG net.serenitybdd.core.photography.DarkroomProcessingLine - Saving screenshot to target\site\serenity\38435cd822b4d30867cc32e2a99828e809f0ba4db219c036b6aba2969dd166a0.png
02:24:38.054 [Forwarding getPageSource on session cccbd00a5fb1e57fce563502390c4fcd to remote] DEBUG org.asynchttpclient.netty.request.NettyRequestSender - Using pooled Channel '[id: 0x4e49b009, L:/127.0.0.1:60493 - R:localhost/127.0.0.1:18349]' for 'POST' to 'http://localhost:18349/session/cccbd00a5fb1e57fce563502390c4fcd/execute/sync'
02:24:38.054 [Forwarding getPageSource on session cccbd00a5fb1e57fce563502390c4fcd to remote] DEBUG org.asynchttpclient.netty.request.NettyRequestSender - Using open Channel [id: 0x4e49b009, L:/127.0.0.1:60493 - R:localhost/127.0.0.1:18349] for POST '/session/cccbd00a5fb1e57fce563502390c4fcd/execute/sync'
02:24:38.063 [AsyncHttpClient-1-5] DEBUG org.asynchttpclient.netty.handler.HttpHandler - 

Request DefaultHttpRequest(decodeResult: success, version: HTTP/1.1)
POST /session/cccbd00a5fb1e57fce563502390c4fcd/execute/sync HTTP/1.1
User-Agent: selenium/4.8.1 (java windows)
Content-Length: 176
Content-Type: application/json; charset=utf-8
host: localhost:18349
accept: */*

Response DefaultHttpResponse(decodeResult: success, version: HTTP/1.1)
HTTP/1.1 200 OK
Content-Length: 97040
Content-Type: application/json; charset=utf-8
cache-control: no-cache

02:24:38.063 [AsyncHttpClient-1-5] DEBUG org.asynchttpclient.netty.channel.ChannelManager - Adding key: http://localhost:18349 for channel [id: 0x4e49b009, L:/127.0.0.1:60493 - R:localhost/127.0.0.1:18349]
02:24:38.067 [Forwarding getCurrentUrl on session cccbd00a5fb1e57fce563502390c4fcd to remote] DEBUG org.asynchttpclient.netty.request.NettyRequestSender - Using pooled Channel '[id: 0x4e49b009, L:/127.0.0.1:60493 - R:localhost/127.0.0.1:18349]' for 'GET' to 'http://localhost:18349/session/cccbd00a5fb1e57fce563502390c4fcd/url'
02:24:38.067 [Forwarding getCurrentUrl on session cccbd00a5fb1e57fce563502390c4fcd to remote] DEBUG org.asynchttpclient.netty.request.NettyRequestSender - Using open Channel [id: 0x4e49b009, L:/127.0.0.1:60493 - R:localhost/127.0.0.1:18349] for GET '/session/cccbd00a5fb1e57fce563502390c4fcd/url'
02:24:38.071 [AsyncHttpClient-1-5] DEBUG org.asynchttpclient.netty.handler.HttpHandler - 

Request DefaultFullHttpRequest(decodeResult: success, version: HTTP/1.1, content: EmptyByteBufBE)
GET /session/cccbd00a5fb1e57fce563502390c4fcd/url HTTP/1.1
User-Agent: selenium/4.8.1 (java windows)
Cache-Control: no-cache
Content-Type: application/json; charset=utf-8
host: localhost:18349
accept: */*

Response DefaultHttpResponse(decodeResult: success, version: HTTP/1.1)
HTTP/1.1 200 OK
Content-Length: 42
Content-Type: application/json; charset=utf-8
cache-control: no-cache

02:24:38.071 [AsyncHttpClient-1-5] DEBUG org.asynchttpclient.netty.channel.ChannelManager - Adding key: http://localhost:18349 for channel [id: 0x4e49b009, L:/127.0.0.1:60493 - R:localhost/127.0.0.1:18349]
02:24:38.077 [Forwarding getPageSource on session cccbd00a5fb1e57fce563502390c4fcd to remote] DEBUG org.asynchttpclient.netty.request.NettyRequestSender - Using pooled Channel '[id: 0x4e49b009, L:/127.0.0.1:60493 - R:localhost/127.0.0.1:18349]' for 'POST' to 'http://localhost:18349/session/cccbd00a5fb1e57fce563502390c4fcd/execute/sync'
02:24:38.077 [Forwarding getPageSource on session cccbd00a5fb1e57fce563502390c4fcd to remote] DEBUG org.asynchttpclient.netty.request.NettyRequestSender - Using open Channel [id: 0x4e49b009, L:/127.0.0.1:60493 - R:localhost/127.0.0.1:18349] for POST '/session/cccbd00a5fb1e57fce563502390c4fcd/execute/sync'
02:24:38.086 [AsyncHttpClient-1-5] DEBUG org.asynchttpclient.netty.handler.HttpHandler - 

Request DefaultHttpRequest(decodeResult: success, version: HTTP/1.1)
POST /session/cccbd00a5fb1e57fce563502390c4fcd/execute/sync HTTP/1.1
User-Agent: selenium/4.8.1 (java windows)
Content-Length: 176
Content-Type: application/json; charset=utf-8
host: localhost:18349
accept: */*

Response DefaultHttpResponse(decodeResult: success, version: HTTP/1.1)
HTTP/1.1 200 OK
Content-Length: 97040
Content-Type: application/json; charset=utf-8
cache-control: no-cache

02:24:38.086 [AsyncHttpClient-1-5] DEBUG org.asynchttpclient.netty.channel.ChannelManager - Adding key: http://localhost:18349 for channel [id: 0x4e49b009, L:/127.0.0.1:60493 - R:localhost/127.0.0.1:18349]
02:24:38.090 [Forwarding getCurrentUrl on session cccbd00a5fb1e57fce563502390c4fcd to remote] DEBUG org.asynchttpclient.netty.request.NettyRequestSender - Using pooled Channel '[id: 0x4e49b009, L:/127.0.0.1:60493 - R:localhost/127.0.0.1:18349]' for 'GET' to 'http://localhost:18349/session/cccbd00a5fb1e57fce563502390c4fcd/url'
02:24:38.090 [Forwarding getCurrentUrl on session cccbd00a5fb1e57fce563502390c4fcd to remote] DEBUG org.asynchttpclient.netty.request.NettyRequestSender - Using open Channel [id: 0x4e49b009, L:/127.0.0.1:60493 - R:localhost/127.0.0.1:18349] for GET '/session/cccbd00a5fb1e57fce563502390c4fcd/url'
02:24:38.094 [AsyncHttpClient-1-5] DEBUG org.asynchttpclient.netty.handler.HttpHandler - 

Request DefaultFullHttpRequest(decodeResult: success, version: HTTP/1.1, content: EmptyByteBufBE)
GET /session/cccbd00a5fb1e57fce563502390c4fcd/url HTTP/1.1
User-Agent: selenium/4.8.1 (java windows)
Cache-Control: no-cache
Content-Type: application/json; charset=utf-8
host: localhost:18349
accept: */*

Response DefaultHttpResponse(decodeResult: success, version: HTTP/1.1)
HTTP/1.1 200 OK
Content-Length: 42
Content-Type: application/json; charset=utf-8
cache-control: no-cache

02:24:38.094 [AsyncHttpClient-1-5] DEBUG org.asynchttpclient.netty.channel.ChannelManager - Adding key: http://localhost:18349 for channel [id: 0x4e49b009, L:/127.0.0.1:60493 - R:localhost/127.0.0.1:18349]
02:24:38.096 [main] DEBUG net.thucydides.core.steps.StepInterceptor - STARTING STEP: LoginSteps.inputIncorrectPassword - inputPassword
02:24:38.098 [Forwarding findElement on session cccbd00a5fb1e57fce563502390c4fcd to remote] DEBUG org.asynchttpclient.netty.request.NettyRequestSender - Using pooled Channel '[id: 0x4e49b009, L:/127.0.0.1:60493 - R:localhost/127.0.0.1:18349]' for 'POST' to 'http://localhost:18349/session/cccbd00a5fb1e57fce563502390c4fcd/element'
02:24:38.098 [Forwarding findElement on session cccbd00a5fb1e57fce563502390c4fcd to remote] DEBUG org.asynchttpclient.netty.request.NettyRequestSender - Using open Channel [id: 0x4e49b009, L:/127.0.0.1:60493 - R:localhost/127.0.0.1:18349] for POST '/session/cccbd00a5fb1e57fce563502390c4fcd/element'
02:24:38.107 [AsyncHttpClient-1-5] DEBUG org.asynchttpclient.netty.handler.HttpHandler - 

Request DefaultHttpRequest(decodeResult: success, version: HTTP/1.1)
POST /session/cccbd00a5fb1e57fce563502390c4fcd/element HTTP/1.1
User-Agent: selenium/4.8.1 (java windows)
Content-Length: 53
Content-Type: application/json; charset=utf-8
host: localhost:18349
accept: */*

Response DefaultHttpResponse(decodeResult: success, version: HTTP/1.1)
HTTP/1.1 200 OK
Content-Length: 88
Content-Type: application/json; charset=utf-8
cache-control: no-cache

02:24:38.107 [AsyncHttpClient-1-5] DEBUG org.asynchttpclient.netty.channel.ChannelManager - Adding key: http://localhost:18349 for channel [id: 0x4e49b009, L:/127.0.0.1:60493 - R:localhost/127.0.0.1:18349]
02:24:38.108 [Forwarding clearElement on session cccbd00a5fb1e57fce563502390c4fcd to remote] DEBUG org.asynchttpclient.netty.request.NettyRequestSender - Using pooled Channel '[id: 0x4e49b009, L:/127.0.0.1:60493 - R:localhost/127.0.0.1:18349]' for 'POST' to 'http://localhost:18349/session/cccbd00a5fb1e57fce563502390c4fcd/element/9e596880-a1ea-464d-8837-7fb2d7a49509/clear'
02:24:38.108 [Forwarding clearElement on session cccbd00a5fb1e57fce563502390c4fcd to remote] DEBUG org.asynchttpclient.netty.request.NettyRequestSender - Using open Channel [id: 0x4e49b009, L:/127.0.0.1:60493 - R:localhost/127.0.0.1:18349] for POST '/session/cccbd00a5fb1e57fce563502390c4fcd/element/9e596880-a1ea-464d-8837-7fb2d7a49509/clear'
02:24:38.131 [AsyncHttpClient-1-5] DEBUG org.asynchttpclient.netty.handler.HttpHandler - 

Request DefaultHttpRequest(decodeResult: success, version: HTTP/1.1)
POST /session/cccbd00a5fb1e57fce563502390c4fcd/element/9e596880-a1ea-464d-8837-7fb2d7a49509/clear HTTP/1.1
User-Agent: selenium/4.8.1 (java windows)
Content-Length: 50
Content-Type: application/json; charset=utf-8
host: localhost:18349
accept: */*

Response DefaultHttpResponse(decodeResult: success, version: HTTP/1.1)
HTTP/1.1 200 OK
Content-Length: 14
Content-Type: application/json; charset=utf-8
cache-control: no-cache

02:24:38.132 [AsyncHttpClient-1-5] DEBUG org.asynchttpclient.netty.channel.ChannelManager - Adding key: http://localhost:18349 for channel [id: 0x4e49b009, L:/127.0.0.1:60493 - R:localhost/127.0.0.1:18349]
02:24:38.133 [Forwarding sendKeysToElement on session cccbd00a5fb1e57fce563502390c4fcd to remote] DEBUG org.asynchttpclient.netty.request.NettyRequestSender - Using pooled Channel '[id: 0x4e49b009, L:/127.0.0.1:60493 - R:localhost/127.0.0.1:18349]' for 'POST' to 'http://localhost:18349/session/cccbd00a5fb1e57fce563502390c4fcd/element/9e596880-a1ea-464d-8837-7fb2d7a49509/value'
02:24:38.133 [Forwarding sendKeysToElement on session cccbd00a5fb1e57fce563502390c4fcd to remote] DEBUG org.asynchttpclient.netty.request.NettyRequestSender - Using open Channel [id: 0x4e49b009, L:/127.0.0.1:60493 - R:localhost/127.0.0.1:18349] for POST '/session/cccbd00a5fb1e57fce563502390c4fcd/element/9e596880-a1ea-464d-8837-7fb2d7a49509/value'
02:24:38.194 [AsyncHttpClient-1-5] DEBUG org.asynchttpclient.netty.handler.HttpHandler - 

Request DefaultHttpRequest(decodeResult: success, version: HTTP/1.1)
POST /session/cccbd00a5fb1e57fce563502390c4fcd/element/9e596880-a1ea-464d-8837-7fb2d7a49509/value HTTP/1.1
User-Agent: selenium/4.8.1 (java windows)
Content-Length: 191
Content-Type: application/json; charset=utf-8
host: localhost:18349
accept: */*

Response DefaultHttpResponse(decodeResult: success, version: HTTP/1.1)
HTTP/1.1 200 OK
Content-Length: 14
Content-Type: application/json; charset=utf-8
cache-control: no-cache

02:24:38.195 [AsyncHttpClient-1-5] DEBUG org.asynchttpclient.netty.channel.ChannelManager - Adding key: http://localhost:18349 for channel [id: 0x4e49b009, L:/127.0.0.1:60493 - R:localhost/127.0.0.1:18349]
02:24:38.200 [Forwarding getAlertText on session cccbd00a5fb1e57fce563502390c4fcd to remote] DEBUG org.asynchttpclient.netty.request.NettyRequestSender - Using pooled Channel '[id: 0x4e49b009, L:/127.0.0.1:60493 - R:localhost/127.0.0.1:18349]' for 'GET' to 'http://localhost:18349/session/cccbd00a5fb1e57fce563502390c4fcd/alert/text'
02:24:38.200 [Forwarding getAlertText on session cccbd00a5fb1e57fce563502390c4fcd to remote] DEBUG org.asynchttpclient.netty.request.NettyRequestSender - Using open Channel [id: 0x4e49b009, L:/127.0.0.1:60493 - R:localhost/127.0.0.1:18349] for GET '/session/cccbd00a5fb1e57fce563502390c4fcd/alert/text'
02:24:38.202 [AsyncHttpClient-1-5] DEBUG org.asynchttpclient.netty.handler.HttpHandler - 

Request DefaultFullHttpRequest(decodeResult: success, version: HTTP/1.1, content: EmptyByteBufBE)
GET /session/cccbd00a5fb1e57fce563502390c4fcd/alert/text HTTP/1.1
User-Agent: selenium/4.8.1 (java windows)
Cache-Control: no-cache
Content-Type: application/json; charset=utf-8
host: localhost:18349
accept: */*

Response DefaultHttpResponse(decodeResult: success, version: HTTP/1.1)
HTTP/1.1 404 Not Found
Content-Length: 836
Content-Type: application/json; charset=utf-8
cache-control: no-cache

02:24:38.202 [AsyncHttpClient-1-5] DEBUG org.asynchttpclient.netty.channel.ChannelManager - Adding key: http://localhost:18349 for channel [id: 0x4e49b009, L:/127.0.0.1:60493 - R:localhost/127.0.0.1:18349]
02:24:38.203 [Forwarding getCurrentUrl on session cccbd00a5fb1e57fce563502390c4fcd to remote] DEBUG org.asynchttpclient.netty.request.NettyRequestSender - Using pooled Channel '[id: 0x4e49b009, L:/127.0.0.1:60493 - R:localhost/127.0.0.1:18349]' for 'GET' to 'http://localhost:18349/session/cccbd00a5fb1e57fce563502390c4fcd/url'
02:24:38.203 [Forwarding getCurrentUrl on session cccbd00a5fb1e57fce563502390c4fcd to remote] DEBUG org.asynchttpclient.netty.request.NettyRequestSender - Using open Channel [id: 0x4e49b009, L:/127.0.0.1:60493 - R:localhost/127.0.0.1:18349] for GET '/session/cccbd00a5fb1e57fce563502390c4fcd/url'
02:24:38.208 [AsyncHttpClient-1-5] DEBUG org.asynchttpclient.netty.handler.HttpHandler - 

Request DefaultFullHttpRequest(decodeResult: success, version: HTTP/1.1, content: EmptyByteBufBE)
GET /session/cccbd00a5fb1e57fce563502390c4fcd/url HTTP/1.1
User-Agent: selenium/4.8.1 (java windows)
Cache-Control: no-cache
Content-Type: application/json; charset=utf-8
host: localhost:18349
accept: */*

Response DefaultHttpResponse(decodeResult: success, version: HTTP/1.1)
HTTP/1.1 200 OK
Content-Length: 42
Content-Type: application/json; charset=utf-8
cache-control: no-cache

02:24:38.208 [AsyncHttpClient-1-5] DEBUG org.asynchttpclient.netty.channel.ChannelManager - Adding key: http://localhost:18349 for channel [id: 0x4e49b009, L:/127.0.0.1:60493 - R:localhost/127.0.0.1:18349]
02:24:38.209 [Forwarding screenshot on session cccbd00a5fb1e57fce563502390c4fcd to remote] DEBUG org.asynchttpclient.netty.request.NettyRequestSender - Using pooled Channel '[id: 0x4e49b009, L:/127.0.0.1:60493 - R:localhost/127.0.0.1:18349]' for 'GET' to 'http://localhost:18349/session/cccbd00a5fb1e57fce563502390c4fcd/screenshot'
02:24:38.210 [Forwarding screenshot on session cccbd00a5fb1e57fce563502390c4fcd to remote] DEBUG org.asynchttpclient.netty.request.NettyRequestSender - Using open Channel [id: 0x4e49b009, L:/127.0.0.1:60493 - R:localhost/127.0.0.1:18349] for GET '/session/cccbd00a5fb1e57fce563502390c4fcd/screenshot'
02:24:38.417 [AsyncHttpClient-1-5] DEBUG org.asynchttpclient.netty.handler.HttpHandler - 

Request DefaultFullHttpRequest(decodeResult: success, version: HTTP/1.1, content: EmptyByteBufBE)
GET /session/cccbd00a5fb1e57fce563502390c4fcd/screenshot HTTP/1.1
User-Agent: selenium/4.8.1 (java windows)
Cache-Control: no-cache
Content-Type: application/json; charset=utf-8
host: localhost:18349
accept: */*

Response DefaultHttpResponse(decodeResult: success, version: HTTP/1.1)
HTTP/1.1 200 OK
Content-Length: 282288
Content-Type: application/json; charset=utf-8
cache-control: no-cache

02:24:38.417 [AsyncHttpClient-1-5] DEBUG org.asynchttpclient.netty.channel.ChannelManager - Adding key: http://localhost:18349 for channel [id: 0x4e49b009, L:/127.0.0.1:60493 - R:localhost/127.0.0.1:18349]
02:24:38.423 [main] DEBUG net.serenitybdd.core.photography.Darkroom - Send negative for processing for target\site\serenity\a0ed4177f97ce52e1e44c2ad524a5908217f476fe653d5696b3543b736afd06a.png
02:24:38.423 [main] DEBUG net.thucydides.core.steps.StepInterceptor - STEP DONE: inputPassword
02:24:38.423 [Darkroom Processing Line] DEBUG net.serenitybdd.core.photography.DarkroomProcessingLine - Processing screenshot image in /var/screenshots/screenshot-1771769989912415372
02:24:38.423 [Darkroom Processing Line] DEBUG net.serenitybdd.core.photography.DarkroomProcessingLine - Saving screenshot to target\site\serenity\a0ed4177f97ce52e1e44c2ad524a5908217f476fe653d5696b3543b736afd06a.png
  &amp#27;[32mAnd &amp#27;[0m&amp#27;[32mI enter incorrect password&amp#27;[0m        &amp#27;[90m# starter.stepdefintions.LoginSteps.inputIncorrectPassword()&amp#27;[0m
02:24:38.431 [Forwarding getPageSource on session cccbd00a5fb1e57fce563502390c4fcd to remote] DEBUG org.asynchttpclient.netty.request.NettyRequestSender - Using pooled Channel '[id: 0x4e49b009, L:/127.0.0.1:60493 - R:localhost/127.0.0.1:18349]' for 'POST' to 'http://localhost:18349/session/cccbd00a5fb1e57fce563502390c4fcd/execute/sync'
02:24:38.431 [Forwarding getPageSource on session cccbd00a5fb1e57fce563502390c4fcd to remote] DEBUG org.asynchttpclient.netty.request.NettyRequestSender - Using open Channel [id: 0x4e49b009, L:/127.0.0.1:60493 - R:localhost/127.0.0.1:18349] for POST '/session/cccbd00a5fb1e57fce563502390c4fcd/execute/sync'
02:24:38.440 [AsyncHttpClient-1-5] DEBUG org.asynchttpclient.netty.handler.HttpHandler - 

Request DefaultHttpRequest(decodeResult: success, version: HTTP/1.1)
POST /session/cccbd00a5fb1e57fce563502390c4fcd/execute/sync HTTP/1.1
User-Agent: selenium/4.8.1 (java windows)
Content-Length: 176
Content-Type: application/json; charset=utf-8
host: localhost:18349
accept: */*

Response DefaultHttpResponse(decodeResult: success, version: HTTP/1.1)
HTTP/1.1 200 OK
Content-Length: 97056
Content-Type: application/json; charset=utf-8
cache-control: no-cache

02:24:38.440 [AsyncHttpClient-1-5] DEBUG org.asynchttpclient.netty.channel.ChannelManager - Adding key: http://localhost:18349 for channel [id: 0x4e49b009, L:/127.0.0.1:60493 - R:localhost/127.0.0.1:18349]
02:24:38.444 [Forwarding getCurrentUrl on session cccbd00a5fb1e57fce563502390c4fcd to remote] DEBUG org.asynchttpclient.netty.request.NettyRequestSender - Using pooled Channel '[id: 0x4e49b009, L:/127.0.0.1:60493 - R:localhost/127.0.0.1:18349]' for 'GET' to 'http://localhost:18349/session/cccbd00a5fb1e57fce563502390c4fcd/url'
02:24:38.444 [Forwarding getCurrentUrl on session cccbd00a5fb1e57fce563502390c4fcd to remote] DEBUG org.asynchttpclient.netty.request.NettyRequestSender - Using open Channel [id: 0x4e49b009, L:/127.0.0.1:60493 - R:localhost/127.0.0.1:18349] for GET '/session/cccbd00a5fb1e57fce563502390c4fcd/url'
02:24:38.448 [AsyncHttpClient-1-5] DEBUG org.asynchttpclient.netty.handler.HttpHandler - 

Request DefaultFullHttpRequest(decodeResult: success, version: HTTP/1.1, content: EmptyByteBufBE)
GET /session/cccbd00a5fb1e57fce563502390c4fcd/url HTTP/1.1
User-Agent: selenium/4.8.1 (java windows)
Cache-Control: no-cache
Content-Type: application/json; charset=utf-8
host: localhost:18349
accept: */*

Response DefaultHttpResponse(decodeResult: success, version: HTTP/1.1)
HTTP/1.1 200 OK
Content-Length: 42
Content-Type: application/json; charset=utf-8
cache-control: no-cache

02:24:38.448 [AsyncHttpClient-1-5] DEBUG org.asynchttpclient.netty.channel.ChannelManager - Adding key: http://localhost:18349 for channel [id: 0x4e49b009, L:/127.0.0.1:60493 - R:localhost/127.0.0.1:18349]
02:24:38.455 [Forwarding getPageSource on session cccbd00a5fb1e57fce563502390c4fcd to remote] DEBUG org.asynchttpclient.netty.request.NettyRequestSender - Using pooled Channel '[id: 0x4e49b009, L:/127.0.0.1:60493 - R:localhost/127.0.0.1:18349]' for 'POST' to 'http://localhost:18349/session/cccbd00a5fb1e57fce563502390c4fcd/execute/sync'
02:24:38.455 [Forwarding getPageSource on session cccbd00a5fb1e57fce563502390c4fcd to remote] DEBUG org.asynchttpclient.netty.request.NettyRequestSender - Using open Channel [id: 0x4e49b009, L:/127.0.0.1:60493 - R:localhost/127.0.0.1:18349] for POST '/session/cccbd00a5fb1e57fce563502390c4fcd/execute/sync'
02:24:38.464 [AsyncHttpClient-1-5] DEBUG org.asynchttpclient.netty.handler.HttpHandler - 

Request DefaultHttpRequest(decodeResult: success, version: HTTP/1.1)
POST /session/cccbd00a5fb1e57fce563502390c4fcd/execute/sync HTTP/1.1
User-Agent: selenium/4.8.1 (java windows)
Content-Length: 176
Content-Type: application/json; charset=utf-8
host: localhost:18349
accept: */*

Response DefaultHttpResponse(decodeResult: success, version: HTTP/1.1)
HTTP/1.1 200 OK
Content-Length: 97056
Content-Type: application/json; charset=utf-8
cache-control: no-cache

02:24:38.464 [AsyncHttpClient-1-5] DEBUG org.asynchttpclient.netty.channel.ChannelManager - Adding key: http://localhost:18349 for channel [id: 0x4e49b009, L:/127.0.0.1:60493 - R:localhost/127.0.0.1:18349]
02:24:38.468 [Forwarding getCurrentUrl on session cccbd00a5fb1e57fce563502390c4fcd to remote] DEBUG org.asynchttpclient.netty.request.NettyRequestSender - Using pooled Channel '[id: 0x4e49b009, L:/127.0.0.1:60493 - R:localhost/127.0.0.1:18349]' for 'GET' to 'http://localhost:18349/session/cccbd00a5fb1e57fce563502390c4fcd/url'
02:24:38.468 [Forwarding getCurrentUrl on session cccbd00a5fb1e57fce563502390c4fcd to remote] DEBUG org.asynchttpclient.netty.request.NettyRequestSender - Using open Channel [id: 0x4e49b009, L:/127.0.0.1:60493 - R:localhost/127.0.0.1:18349] for GET '/session/cccbd00a5fb1e57fce563502390c4fcd/url'
02:24:38.472 [AsyncHttpClient-1-5] DEBUG org.asynchttpclient.netty.handler.HttpHandler - 

Request DefaultFullHttpRequest(decodeResult: success, version: HTTP/1.1, content: EmptyByteBufBE)
GET /session/cccbd00a5fb1e57fce563502390c4fcd/url HTTP/1.1
User-Agent: selenium/4.8.1 (java windows)
Cache-Control: no-cache
Content-Type: application/json; charset=utf-8
host: localhost:18349
accept: */*

Response DefaultHttpResponse(decodeResult: success, version: HTTP/1.1)
HTTP/1.1 200 OK
Content-Length: 42
Content-Type: application/json; charset=utf-8
cache-control: no-cache

02:24:38.472 [AsyncHttpClient-1-5] DEBUG org.asynchttpclient.netty.channel.ChannelManager - Adding key: http://localhost:18349 for channel [id: 0x4e49b009, L:/127.0.0.1:60493 - R:localhost/127.0.0.1:18349]
02:24:38.474 [main] DEBUG net.thucydides.core.steps.StepInterceptor - STARTING STEP: LoginSteps.clickSubmitButton - clickSubmitButton
02:24:38.475 [Forwarding findElement on session cccbd00a5fb1e57fce563502390c4fcd to remote] DEBUG org.asynchttpclient.netty.request.NettyRequestSender - Using pooled Channel '[id: 0x4e49b009, L:/127.0.0.1:60493 - R:localhost/127.0.0.1:18349]' for 'POST' to 'http://localhost:18349/session/cccbd00a5fb1e57fce563502390c4fcd/element'
02:24:38.475 [Forwarding findElement on session cccbd00a5fb1e57fce563502390c4fcd to remote] DEBUG org.asynchttpclient.netty.request.NettyRequestSender - Using open Channel [id: 0x4e49b009, L:/127.0.0.1:60493 - R:localhost/127.0.0.1:18349] for POST '/session/cccbd00a5fb1e57fce563502390c4fcd/element'
02:24:38.484 [AsyncHttpClient-1-5] DEBUG org.asynchttpclient.netty.handler.HttpHandler - 

Request DefaultHttpRequest(decodeResult: success, version: HTTP/1.1)
POST /session/cccbd00a5fb1e57fce563502390c4fcd/element HTTP/1.1
User-Agent: selenium/4.8.1 (java windows)
Content-Length: 57
Content-Type: application/json; charset=utf-8
host: localhost:18349
accept: */*

Response DefaultHttpResponse(decodeResult: success, version: HTTP/1.1)
HTTP/1.1 200 OK
Content-Length: 88
Content-Type: application/json; charset=utf-8
cache-control: no-cache

02:24:38.485 [AsyncHttpClient-1-5] DEBUG org.asynchttpclient.netty.channel.ChannelManager - Adding key: http://localhost:18349 for channel [id: 0x4e49b009, L:/127.0.0.1:60493 - R:localhost/127.0.0.1:18349]
02:24:38.486 [Forwarding getElementTagName on session cccbd00a5fb1e57fce563502390c4fcd to remote] DEBUG org.asynchttpclient.netty.request.NettyRequestSender - Using pooled Channel '[id: 0x4e49b009, L:/127.0.0.1:60493 - R:localhost/127.0.0.1:18349]' for 'GET' to 'http://localhost:18349/session/cccbd00a5fb1e57fce563502390c4fcd/element/0204fa59-9c39-49db-9020-cdc4392a5e75/name'
02:24:38.486 [Forwarding getElementTagName on session cccbd00a5fb1e57fce563502390c4fcd to remote] DEBUG org.asynchttpclient.netty.request.NettyRequestSender - Using open Channel [id: 0x4e49b009, L:/127.0.0.1:60493 - R:localhost/127.0.0.1:18349] for GET '/session/cccbd00a5fb1e57fce563502390c4fcd/element/0204fa59-9c39-49db-9020-cdc4392a5e75/name'
02:24:38.490 [AsyncHttpClient-1-5] DEBUG org.asynchttpclient.netty.handler.HttpHandler - 

Request DefaultFullHttpRequest(decodeResult: success, version: HTTP/1.1, content: EmptyByteBufBE)
GET /session/cccbd00a5fb1e57fce563502390c4fcd/element/0204fa59-9c39-49db-9020-cdc4392a5e75/name HTTP/1.1
User-Agent: selenium/4.8.1 (java windows)
Cache-Control: no-cache
Content-Type: application/json; charset=utf-8
host: localhost:18349
accept: */*

Response DefaultHttpResponse(decodeResult: success, version: HTTP/1.1)
HTTP/1.1 200 OK
Content-Length: 18
Content-Type: application/json; charset=utf-8
cache-control: no-cache

02:24:38.490 [AsyncHttpClient-1-5] DEBUG org.asynchttpclient.netty.channel.ChannelManager - Adding key: http://localhost:18349 for channel [id: 0x4e49b009, L:/127.0.0.1:60493 - R:localhost/127.0.0.1:18349]
02:24:38.492 [Forwarding getElementTagName on session cccbd00a5fb1e57fce563502390c4fcd to remote] DEBUG org.asynchttpclient.netty.request.NettyRequestSender - Using pooled Channel '[id: 0x4e49b009, L:/127.0.0.1:60493 - R:localhost/127.0.0.1:18349]' for 'GET' to 'http://localhost:18349/session/cccbd00a5fb1e57fce563502390c4fcd/element/0204fa59-9c39-49db-9020-cdc4392a5e75/name'
02:24:38.492 [Forwarding getElementTagName on session cccbd00a5fb1e57fce563502390c4fcd to remote] DEBUG org.asynchttpclient.netty.request.NettyRequestSender - Using open Channel [id: 0x4e49b009, L:/127.0.0.1:60493 - R:localhost/127.0.0.1:18349] for GET '/session/cccbd00a5fb1e57fce563502390c4fcd/element/0204fa59-9c39-49db-9020-cdc4392a5e75/name'
02:24:38.495 [AsyncHttpClient-1-5] DEBUG org.asynchttpclient.netty.handler.HttpHandler - 

Request DefaultFullHttpRequest(decodeResult: success, version: HTTP/1.1, content: EmptyByteBufBE)
GET /session/cccbd00a5fb1e57fce563502390c4fcd/element/0204fa59-9c39-49db-9020-cdc4392a5e75/name HTTP/1.1
User-Agent: selenium/4.8.1 (java windows)
Cache-Control: no-cache
Content-Type: application/json; charset=utf-8
host: localhost:18349
accept: */*

Response DefaultHttpResponse(decodeResult: success, version: HTTP/1.1)
HTTP/1.1 200 OK
Content-Length: 18
Content-Type: application/json; charset=utf-8
cache-control: no-cache

02:24:38.495 [AsyncHttpClient-1-5] DEBUG org.asynchttpclient.netty.channel.ChannelManager - Adding key: http://localhost:18349 for channel [id: 0x4e49b009, L:/127.0.0.1:60493 - R:localhost/127.0.0.1:18349]
02:24:38.497 [Forwarding isElementEnabled on session cccbd00a5fb1e57fce563502390c4fcd to remote] DEBUG org.asynchttpclient.netty.request.NettyRequestSender - Using pooled Channel '[id: 0x4e49b009, L:/127.0.0.1:60493 - R:localhost/127.0.0.1:18349]' for 'GET' to 'http://localhost:18349/session/cccbd00a5fb1e57fce563502390c4fcd/element/0204fa59-9c39-49db-9020-cdc4392a5e75/enabled'
02:24:38.497 [Forwarding isElementEnabled on session cccbd00a5fb1e57fce563502390c4fcd to remote] DEBUG org.asynchttpclient.netty.request.NettyRequestSender - Using open Channel [id: 0x4e49b009, L:/127.0.0.1:60493 - R:localhost/127.0.0.1:18349] for GET '/session/cccbd00a5fb1e57fce563502390c4fcd/element/0204fa59-9c39-49db-9020-cdc4392a5e75/enabled'
02:24:38.504 [AsyncHttpClient-1-5] DEBUG org.asynchttpclient.netty.handler.HttpHandler - 

Request DefaultFullHttpRequest(decodeResult: success, version: HTTP/1.1, content: EmptyByteBufBE)
GET /session/cccbd00a5fb1e57fce563502390c4fcd/element/0204fa59-9c39-49db-9020-cdc4392a5e75/enabled HTTP/1.1
User-Agent: selenium/4.8.1 (java windows)
Cache-Control: no-cache
Content-Type: application/json; charset=utf-8
host: localhost:18349
accept: */*

Response DefaultHttpResponse(decodeResult: success, version: HTTP/1.1)
HTTP/1.1 200 OK
Content-Length: 14
Content-Type: application/json; charset=utf-8
cache-control: no-cache

02:24:38.504 [AsyncHttpClient-1-5] DEBUG org.asynchttpclient.netty.channel.ChannelManager - Adding key: http://localhost:18349 for channel [id: 0x4e49b009, L:/127.0.0.1:60493 - R:localhost/127.0.0.1:18349]
02:24:38.505 [Forwarding isElementEnabled on session cccbd00a5fb1e57fce563502390c4fcd to remote] DEBUG org.asynchttpclient.netty.request.NettyRequestSender - Using pooled Channel '[id: 0x4e49b009, L:/127.0.0.1:60493 - R:localhost/127.0.0.1:18349]' for 'GET' to 'http://localhost:18349/session/cccbd00a5fb1e57fce563502390c4fcd/element/0204fa59-9c39-49db-9020-cdc4392a5e75/enabled'
02:24:38.505 [Forwarding isElementEnabled on session cccbd00a5fb1e57fce563502390c4fcd to remote] DEBUG org.asynchttpclient.netty.request.NettyRequestSender - Using open Channel [id: 0x4e49b009, L:/127.0.0.1:60493 - R:localhost/127.0.0.1:18349] for GET '/session/cccbd00a5fb1e57fce563502390c4fcd/element/0204fa59-9c39-49db-9020-cdc4392a5e75/enabled'
02:24:38.510 [AsyncHttpClient-1-5] DEBUG org.asynchttpclient.netty.handler.HttpHandler - 

Request DefaultFullHttpRequest(decodeResult: success, version: HTTP/1.1, content: EmptyByteBufBE)
GET /session/cccbd00a5fb1e57fce563502390c4fcd/element/0204fa59-9c39-49db-9020-cdc4392a5e75/enabled HTTP/1.1
User-Agent: selenium/4.8.1 (java windows)
Cache-Control: no-cache
Content-Type: application/json; charset=utf-8
host: localhost:18349
accept: */*

Response DefaultHttpResponse(decodeResult: success, version: HTTP/1.1)
HTTP/1.1 200 OK
Content-Length: 14
Content-Type: application/json; charset=utf-8
cache-control: no-cache

02:24:38.510 [AsyncHttpClient-1-5] DEBUG org.asynchttpclient.netty.channel.ChannelManager - Adding key: http://localhost:18349 for channel [id: 0x4e49b009, L:/127.0.0.1:60493 - R:localhost/127.0.0.1:18349]
02:24:38.512 [Forwarding findElement on session cccbd00a5fb1e57fce563502390c4fcd to remote] DEBUG org.asynchttpclient.netty.request.NettyRequestSender - Using pooled Channel '[id: 0x4e49b009, L:/127.0.0.1:60493 - R:localhost/127.0.0.1:18349]' for 'POST' to 'http://localhost:18349/session/cccbd00a5fb1e57fce563502390c4fcd/element'
02:24:38.512 [Forwarding findElement on session cccbd00a5fb1e57fce563502390c4fcd to remote] DEBUG org.asynchttpclient.netty.request.NettyRequestSender - Using open Channel [id: 0x4e49b009, L:/127.0.0.1:60493 - R:localhost/127.0.0.1:18349] for POST '/session/cccbd00a5fb1e57fce563502390c4fcd/element'
02:24:38.518 [AsyncHttpClient-1-5] DEBUG org.asynchttpclient.netty.handler.HttpHandler - 

Request DefaultHttpRequest(decodeResult: success, version: HTTP/1.1)
POST /session/cccbd00a5fb1e57fce563502390c4fcd/element HTTP/1.1
User-Agent: selenium/4.8.1 (java windows)
Content-Length: 57
Content-Type: application/json; charset=utf-8
host: localhost:18349
accept: */*

Response DefaultHttpResponse(decodeResult: success, version: HTTP/1.1)
HTTP/1.1 200 OK
Content-Length: 88
Content-Type: application/json; charset=utf-8
cache-control: no-cache

02:24:38.518 [AsyncHttpClient-1-5] DEBUG org.asynchttpclient.netty.channel.ChannelManager - Adding key: http://localhost:18349 for channel [id: 0x4e49b009, L:/127.0.0.1:60493 - R:localhost/127.0.0.1:18349]
02:24:38.519 [Forwarding clickElement on session cccbd00a5fb1e57fce563502390c4fcd to remote] DEBUG org.asynchttpclient.netty.request.NettyRequestSender - Using pooled Channel '[id: 0x4e49b009, L:/127.0.0.1:60493 - R:localhost/127.0.0.1:18349]' for 'POST' to 'http://localhost:18349/session/cccbd00a5fb1e57fce563502390c4fcd/element/0204fa59-9c39-49db-9020-cdc4392a5e75/click'
02:24:38.519 [Forwarding clickElement on session cccbd00a5fb1e57fce563502390c4fcd to remote] DEBUG org.asynchttpclient.netty.request.NettyRequestSender - Using open Channel [id: 0x4e49b009, L:/127.0.0.1:60493 - R:localhost/127.0.0.1:18349] for POST '/session/cccbd00a5fb1e57fce563502390c4fcd/element/0204fa59-9c39-49db-9020-cdc4392a5e75/click'
02:24:38.567 [AsyncHttpClient-1-5] DEBUG org.asynchttpclient.netty.handler.HttpHandler - 

Request DefaultHttpRequest(decodeResult: success, version: HTTP/1.1)
POST /session/cccbd00a5fb1e57fce563502390c4fcd/element/0204fa59-9c39-49db-9020-cdc4392a5e75/click HTTP/1.1
User-Agent: selenium/4.8.1 (java windows)
Content-Length: 50
Content-Type: application/json; charset=utf-8
host: localhost:18349
accept: */*

Response DefaultHttpResponse(decodeResult: success, version: HTTP/1.1)
HTTP/1.1 200 OK
Content-Length: 14
Content-Type: application/json; charset=utf-8
cache-control: no-cache

02:24:38.567 [AsyncHttpClient-1-5] DEBUG org.asynchttpclient.netty.channel.ChannelManager - Adding key: http://localhost:18349 for channel [id: 0x4e49b009, L:/127.0.0.1:60493 - R:localhost/127.0.0.1:18349]
02:24:38.571 [Forwarding getAlertText on session cccbd00a5fb1e57fce563502390c4fcd to remote] DEBUG org.asynchttpclient.netty.request.NettyRequestSender - Using pooled Channel '[id: 0x4e49b009, L:/127.0.0.1:60493 - R:localhost/127.0.0.1:18349]' for 'GET' to 'http://localhost:18349/session/cccbd00a5fb1e57fce563502390c4fcd/alert/text'
02:24:38.571 [Forwarding getAlertText on session cccbd00a5fb1e57fce563502390c4fcd to remote] DEBUG org.asynchttpclient.netty.request.NettyRequestSender - Using open Channel [id: 0x4e49b009, L:/127.0.0.1:60493 - R:localhost/127.0.0.1:18349] for GET '/session/cccbd00a5fb1e57fce563502390c4fcd/alert/text'
02:24:38.572 [AsyncHttpClient-1-5] DEBUG org.asynchttpclient.netty.handler.HttpHandler - 

Request DefaultFullHttpRequest(decodeResult: success, version: HTTP/1.1, content: EmptyByteBufBE)
GET /session/cccbd00a5fb1e57fce563502390c4fcd/alert/text HTTP/1.1
User-Agent: selenium/4.8.1 (java windows)
Cache-Control: no-cache
Content-Type: application/json; charset=utf-8
host: localhost:18349
accept: */*

Response DefaultHttpResponse(decodeResult: success, version: HTTP/1.1)
HTTP/1.1 404 Not Found
Content-Length: 836
Content-Type: application/json; charset=utf-8
cache-control: no-cache

02:24:38.572 [AsyncHttpClient-1-5] DEBUG org.asynchttpclient.netty.channel.ChannelManager - Adding key: http://localhost:18349 for channel [id: 0x4e49b009, L:/127.0.0.1:60493 - R:localhost/127.0.0.1:18349]
02:24:38.573 [Forwarding getCurrentUrl on session cccbd00a5fb1e57fce563502390c4fcd to remote] DEBUG org.asynchttpclient.netty.request.NettyRequestSender - Using pooled Channel '[id: 0x4e49b009, L:/127.0.0.1:60493 - R:localhost/127.0.0.1:18349]' for 'GET' to 'http://localhost:18349/session/cccbd00a5fb1e57fce563502390c4fcd/url'
02:24:38.573 [Forwarding getCurrentUrl on session cccbd00a5fb1e57fce563502390c4fcd to remote] DEBUG org.asynchttpclient.netty.request.NettyRequestSender - Using open Channel [id: 0x4e49b009, L:/127.0.0.1:60493 - R:localhost/127.0.0.1:18349] for GET '/session/cccbd00a5fb1e57fce563502390c4fcd/url'
02:24:38.577 [AsyncHttpClient-1-5] DEBUG org.asynchttpclient.netty.handler.HttpHandler - 

Request DefaultFullHttpRequest(decodeResult: success, version: HTTP/1.1, content: EmptyByteBufBE)
GET /session/cccbd00a5fb1e57fce563502390c4fcd/url HTTP/1.1
User-Agent: selenium/4.8.1 (java windows)
Cache-Control: no-cache
Content-Type: application/json; charset=utf-8
host: localhost:18349
accept: */*

Response DefaultHttpResponse(decodeResult: success, version: HTTP/1.1)
HTTP/1.1 200 OK
Content-Length: 42
Content-Type: application/json; charset=utf-8
cache-control: no-cache

02:24:38.577 [AsyncHttpClient-1-5] DEBUG org.asynchttpclient.netty.channel.ChannelManager - Adding key: http://localhost:18349 for channel [id: 0x4e49b009, L:/127.0.0.1:60493 - R:localhost/127.0.0.1:18349]
02:24:38.578 [Forwarding screenshot on session cccbd00a5fb1e57fce563502390c4fcd to remote] DEBUG org.asynchttpclient.netty.request.NettyRequestSender - Using pooled Channel '[id: 0x4e49b009, L:/127.0.0.1:60493 - R:localhost/127.0.0.1:18349]' for 'GET' to 'http://localhost:18349/session/cccbd00a5fb1e57fce563502390c4fcd/screenshot'
02:24:38.578 [Forwarding screenshot on session cccbd00a5fb1e57fce563502390c4fcd to remote] DEBUG org.asynchttpclient.netty.request.NettyRequestSender - Using open Channel [id: 0x4e49b009, L:/127.0.0.1:60493 - R:localhost/127.0.0.1:18349] for GET '/session/cccbd00a5fb1e57fce563502390c4fcd/screenshot'
02:24:38.642 [AsyncHttpClient-1-1] DEBUG org.asynchttpclient.netty.channel.DefaultChannelPool - Entry count for : http://localhost:60494 : 1
02:24:38.707 [AsyncHttpClient-1-5] DEBUG org.asynchttpclient.netty.handler.HttpHandler - 

Request DefaultFullHttpRequest(decodeResult: success, version: HTTP/1.1, content: EmptyByteBufBE)
GET /session/cccbd00a5fb1e57fce563502390c4fcd/screenshot HTTP/1.1
User-Agent: selenium/4.8.1 (java windows)
Cache-Control: no-cache
Content-Type: application/json; charset=utf-8
host: localhost:18349
accept: */*

Response DefaultHttpResponse(decodeResult: success, version: HTTP/1.1)
HTTP/1.1 200 OK
Content-Length: 156652
Content-Type: application/json; charset=utf-8
cache-control: no-cache

02:24:38.708 [AsyncHttpClient-1-5] DEBUG org.asynchttpclient.netty.channel.ChannelManager - Adding key: http://localhost:18349 for channel [id: 0x4e49b009, L:/127.0.0.1:60493 - R:localhost/127.0.0.1:18349]
02:24:38.711 [main] DEBUG net.serenitybdd.core.photography.Darkroom - Send negative for processing for target\site\serenity\1e8b74fea095ec608e441d3cbccc861b1960d7fd2e4e1526d81bb37b1a1c074e.png
02:24:38.711 [Darkroom Processing Line] DEBUG net.serenitybdd.core.photography.DarkroomProcessingLine - Processing screenshot image in /var/screenshots/screenshot-15912016999509415322
02:24:38.711 [Darkroom Processing Line] DEBUG net.serenitybdd.core.photography.DarkroomProcessingLine - Saving screenshot to target\site\serenity\1e8b74fea095ec608e441d3cbccc861b1960d7fd2e4e1526d81bb37b1a1c074e.png
02:24:38.711 [main] DEBUG net.thucydides.core.steps.StepInterceptor - STEP DONE: clickSubmitButton
  &amp#27;[32mWhen &amp#27;[0m&amp#27;[32mI click on the submit button&amp#27;[0m     &amp#27;[90m# starter.stepdefintions.LoginSteps.clickSubmitButton()&amp#27;[0m
02:24:38.720 [Forwarding getPageSource on session cccbd00a5fb1e57fce563502390c4fcd to remote] DEBUG org.asynchttpclient.netty.request.NettyRequestSender - Using pooled Channel '[id: 0x4e49b009, L:/127.0.0.1:60493 - R:localhost/127.0.0.1:18349]' for 'POST' to 'http://localhost:18349/session/cccbd00a5fb1e57fce563502390c4fcd/execute/sync'
02:24:38.721 [Forwarding getPageSource on session cccbd00a5fb1e57fce563502390c4fcd to remote] DEBUG org.asynchttpclient.netty.request.NettyRequestSender - Using open Channel [id: 0x4e49b009, L:/127.0.0.1:60493 - R:localhost/127.0.0.1:18349] for POST '/session/cccbd00a5fb1e57fce563502390c4fcd/execute/sync'
02:24:38.730 [AsyncHttpClient-1-5] DEBUG org.asynchttpclient.netty.handler.HttpHandler - 

Request DefaultHttpRequest(decodeResult: success, version: HTTP/1.1)
POST /session/cccbd00a5fb1e57fce563502390c4fcd/execute/sync HTTP/1.1
User-Agent: selenium/4.8.1 (java windows)
Content-Length: 176
Content-Type: application/json; charset=utf-8
host: localhost:18349
accept: */*

Response DefaultHttpResponse(decodeResult: success, version: HTTP/1.1)
HTTP/1.1 200 OK
Content-Length: 103522
Content-Type: application/json; charset=utf-8
cache-control: no-cache

02:24:38.731 [AsyncHttpClient-1-5] DEBUG org.asynchttpclient.netty.channel.ChannelManager - Adding key: http://localhost:18349 for channel [id: 0x4e49b009, L:/127.0.0.1:60493 - R:localhost/127.0.0.1:18349]
02:24:38.737 [Forwarding getCurrentUrl on session cccbd00a5fb1e57fce563502390c4fcd to remote] DEBUG org.asynchttpclient.netty.request.NettyRequestSender - Using pooled Channel '[id: 0x4e49b009, L:/127.0.0.1:60493 - R:localhost/127.0.0.1:18349]' for 'GET' to 'http://localhost:18349/session/cccbd00a5fb1e57fce563502390c4fcd/url'
02:24:38.737 [Forwarding getCurrentUrl on session cccbd00a5fb1e57fce563502390c4fcd to remote] DEBUG org.asynchttpclient.netty.request.NettyRequestSender - Using open Channel [id: 0x4e49b009, L:/127.0.0.1:60493 - R:localhost/127.0.0.1:18349] for GET '/session/cccbd00a5fb1e57fce563502390c4fcd/url'
02:24:38.742 [AsyncHttpClient-1-5] DEBUG org.asynchttpclient.netty.handler.HttpHandler - 

Request DefaultFullHttpRequest(decodeResult: success, version: HTTP/1.1, content: EmptyByteBufBE)
GET /session/cccbd00a5fb1e57fce563502390c4fcd/url HTTP/1.1
User-Agent: selenium/4.8.1 (java windows)
Cache-Control: no-cache
Content-Type: application/json; charset=utf-8
host: localhost:18349
accept: */*

Response DefaultHttpResponse(decodeResult: success, version: HTTP/1.1)
HTTP/1.1 200 OK
Content-Length: 42
Content-Type: application/json; charset=utf-8
cache-control: no-cache

02:24:38.742 [AsyncHttpClient-1-5] DEBUG org.asynchttpclient.netty.channel.ChannelManager - Adding key: http://localhost:18349 for channel [id: 0x4e49b009, L:/127.0.0.1:60493 - R:localhost/127.0.0.1:18349]
02:24:38.748 [Forwarding getPageSource on session cccbd00a5fb1e57fce563502390c4fcd to remote] DEBUG org.asynchttpclient.netty.request.NettyRequestSender - Using pooled Channel '[id: 0x4e49b009, L:/127.0.0.1:60493 - R:localhost/127.0.0.1:18349]' for 'POST' to 'http://localhost:18349/session/cccbd00a5fb1e57fce563502390c4fcd/execute/sync'
02:24:38.748 [Forwarding getPageSource on session cccbd00a5fb1e57fce563502390c4fcd to remote] DEBUG org.asynchttpclient.netty.request.NettyRequestSender - Using open Channel [id: 0x4e49b009, L:/127.0.0.1:60493 - R:localhost/127.0.0.1:18349] for POST '/session/cccbd00a5fb1e57fce563502390c4fcd/execute/sync'
02:24:38.766 [AsyncHttpClient-1-5] DEBUG org.asynchttpclient.netty.handler.HttpHandler - 

Request DefaultHttpRequest(decodeResult: success, version: HTTP/1.1)
POST /session/cccbd00a5fb1e57fce563502390c4fcd/execute/sync HTTP/1.1
User-Agent: selenium/4.8.1 (java windows)
Content-Length: 176
Content-Type: application/json; charset=utf-8
host: localhost:18349
accept: */*

Response DefaultHttpResponse(decodeResult: success, version: HTTP/1.1)
HTTP/1.1 200 OK
Content-Length: 103522
Content-Type: application/json; charset=utf-8
cache-control: no-cache

02:24:38.766 [AsyncHttpClient-1-5] DEBUG org.asynchttpclient.netty.channel.ChannelManager - Adding key: http://localhost:18349 for channel [id: 0x4e49b009, L:/127.0.0.1:60493 - R:localhost/127.0.0.1:18349]
02:24:38.771 [Forwarding getCurrentUrl on session cccbd00a5fb1e57fce563502390c4fcd to remote] DEBUG org.asynchttpclient.netty.request.NettyRequestSender - Using pooled Channel '[id: 0x4e49b009, L:/127.0.0.1:60493 - R:localhost/127.0.0.1:18349]' for 'GET' to 'http://localhost:18349/session/cccbd00a5fb1e57fce563502390c4fcd/url'
02:24:38.771 [Forwarding getCurrentUrl on session cccbd00a5fb1e57fce563502390c4fcd to remote] DEBUG org.asynchttpclient.netty.request.NettyRequestSender - Using open Channel [id: 0x4e49b009, L:/127.0.0.1:60493 - R:localhost/127.0.0.1:18349] for GET '/session/cccbd00a5fb1e57fce563502390c4fcd/url'
02:24:38.776 [AsyncHttpClient-1-5] DEBUG org.asynchttpclient.netty.handler.HttpHandler - 

Request DefaultFullHttpRequest(decodeResult: success, version: HTTP/1.1, content: EmptyByteBufBE)
GET /session/cccbd00a5fb1e57fce563502390c4fcd/url HTTP/1.1
User-Agent: selenium/4.8.1 (java windows)
Cache-Control: no-cache
Content-Type: application/json; charset=utf-8
host: localhost:18349
accept: */*

Response DefaultHttpResponse(decodeResult: success, version: HTTP/1.1)
HTTP/1.1 200 OK
Content-Length: 42
Content-Type: application/json; charset=utf-8
cache-control: no-cache

02:24:38.776 [AsyncHttpClient-1-5] DEBUG org.asynchttpclient.netty.channel.ChannelManager - Adding key: http://localhost:18349 for channel [id: 0x4e49b009, L:/127.0.0.1:60493 - R:localhost/127.0.0.1:18349]
02:24:38.778 [main] DEBUG net.thucydides.core.steps.StepInterceptor - STARTING STEP: LoginSteps.credentialAlert - incorrectCredentialAlert
02:24:38.780 [Forwarding findElement on session cccbd00a5fb1e57fce563502390c4fcd to remote] DEBUG org.asynchttpclient.netty.request.NettyRequestSender - Using pooled Channel '[id: 0x4e49b009, L:/127.0.0.1:60493 - R:localhost/127.0.0.1:18349]' for 'POST' to 'http://localhost:18349/session/cccbd00a5fb1e57fce563502390c4fcd/element'
02:24:38.780 [Forwarding findElement on session cccbd00a5fb1e57fce563502390c4fcd to remote] DEBUG org.asynchttpclient.netty.request.NettyRequestSender - Using open Channel [id: 0x4e49b009, L:/127.0.0.1:60493 - R:localhost/127.0.0.1:18349] for POST '/session/cccbd00a5fb1e57fce563502390c4fcd/element'
02:24:39.743 [AsyncHttpClient-1-1] DEBUG org.asynchttpclient.netty.channel.DefaultChannelPool - Entry count for : http://localhost:60494 : 1
02:24:40.041 [AsyncHttpClient-1-5] DEBUG org.asynchttpclient.netty.handler.HttpHandler - 

Request DefaultHttpRequest(decodeResult: success, version: HTTP/1.1)
POST /session/cccbd00a5fb1e57fce563502390c4fcd/element HTTP/1.1
User-Agent: selenium/4.8.1 (java windows)
Content-Length: 62
Content-Type: application/json; charset=utf-8
host: localhost:18349
accept: */*

Response DefaultHttpResponse(decodeResult: success, version: HTTP/1.1)
HTTP/1.1 200 OK
Content-Length: 88
Content-Type: application/json; charset=utf-8
cache-control: no-cache

02:24:40.041 [AsyncHttpClient-1-5] DEBUG org.asynchttpclient.netty.channel.ChannelManager - Adding key: http://localhost:18349 for channel [id: 0x4e49b009, L:/127.0.0.1:60493 - R:localhost/127.0.0.1:18349]
02:24:40.043 [Forwarding isElementDisplayed on session cccbd00a5fb1e57fce563502390c4fcd to remote] DEBUG org.asynchttpclient.netty.request.NettyRequestSender - Using pooled Channel '[id: 0x4e49b009, L:/127.0.0.1:60493 - R:localhost/127.0.0.1:18349]' for 'POST' to 'http://localhost:18349/session/cccbd00a5fb1e57fce563502390c4fcd/execute/sync'
02:24:40.043 [Forwarding isElementDisplayed on session cccbd00a5fb1e57fce563502390c4fcd to remote] DEBUG org.asynchttpclient.netty.request.NettyRequestSender - Using open Channel [id: 0x4e49b009, L:/127.0.0.1:60493 - R:localhost/127.0.0.1:18349] for POST '/session/cccbd00a5fb1e57fce563502390c4fcd/execute/sync'
02:24:40.054 [AsyncHttpClient-1-5] DEBUG org.asynchttpclient.netty.handler.HttpHandler - 

Request DefaultHttpRequest(decodeResult: success, version: HTTP/1.1)
POST /session/cccbd00a5fb1e57fce563502390c4fcd/execute/sync HTTP/1.1
User-Agent: selenium/4.8.1 (java windows)
Content-Length: 48807
Content-Type: application/json; charset=utf-8
host: localhost:18349
accept: */*

Response DefaultHttpResponse(decodeResult: success, version: HTTP/1.1)
HTTP/1.1 200 OK
Content-Length: 14
Content-Type: application/json; charset=utf-8
cache-control: no-cache

02:24:40.054 [AsyncHttpClient-1-5] DEBUG org.asynchttpclient.netty.channel.ChannelManager - Adding key: http://localhost:18349 for channel [id: 0x4e49b009, L:/127.0.0.1:60493 - R:localhost/127.0.0.1:18349]
02:24:40.057 [Forwarding getAlertText on session cccbd00a5fb1e57fce563502390c4fcd to remote] DEBUG org.asynchttpclient.netty.request.NettyRequestSender - Using pooled Channel '[id: 0x4e49b009, L:/127.0.0.1:60493 - R:localhost/127.0.0.1:18349]' for 'GET' to 'http://localhost:18349/session/cccbd00a5fb1e57fce563502390c4fcd/alert/text'
02:24:40.057 [Forwarding getAlertText on session cccbd00a5fb1e57fce563502390c4fcd to remote] DEBUG org.asynchttpclient.netty.request.NettyRequestSender - Using open Channel [id: 0x4e49b009, L:/127.0.0.1:60493 - R:localhost/127.0.0.1:18349] for GET '/session/cccbd00a5fb1e57fce563502390c4fcd/alert/text'
02:24:40.059 [AsyncHttpClient-1-5] DEBUG org.asynchttpclient.netty.handler.HttpHandler - 

Request DefaultFullHttpRequest(decodeResult: success, version: HTTP/1.1, content: EmptyByteBufBE)
GET /session/cccbd00a5fb1e57fce563502390c4fcd/alert/text HTTP/1.1
User-Agent: selenium/4.8.1 (java windows)
Cache-Control: no-cache
Content-Type: application/json; charset=utf-8
host: localhost:18349
accept: */*

Response DefaultHttpResponse(decodeResult: success, version: HTTP/1.1)
HTTP/1.1 404 Not Found
Content-Length: 836
Content-Type: application/json; charset=utf-8
cache-control: no-cache

02:24:40.059 [AsyncHttpClient-1-5] DEBUG org.asynchttpclient.netty.channel.ChannelManager - Adding key: http://localhost:18349 for channel [id: 0x4e49b009, L:/127.0.0.1:60493 - R:localhost/127.0.0.1:18349]
02:24:40.059 [Forwarding getCurrentUrl on session cccbd00a5fb1e57fce563502390c4fcd to remote] DEBUG org.asynchttpclient.netty.request.NettyRequestSender - Using pooled Channel '[id: 0x4e49b009, L:/127.0.0.1:60493 - R:localhost/127.0.0.1:18349]' for 'GET' to 'http://localhost:18349/session/cccbd00a5fb1e57fce563502390c4fcd/url'
02:24:40.059 [Forwarding getCurrentUrl on session cccbd00a5fb1e57fce563502390c4fcd to remote] DEBUG org.asynchttpclient.netty.request.NettyRequestSender - Using open Channel [id: 0x4e49b009, L:/127.0.0.1:60493 - R:localhost/127.0.0.1:18349] for GET '/session/cccbd00a5fb1e57fce563502390c4fcd/url'
02:24:40.063 [AsyncHttpClient-1-5] DEBUG org.asynchttpclient.netty.handler.HttpHandler - 

Request DefaultFullHttpRequest(decodeResult: success, version: HTTP/1.1, content: EmptyByteBufBE)
GET /session/cccbd00a5fb1e57fce563502390c4fcd/url HTTP/1.1
User-Agent: selenium/4.8.1 (java windows)
Cache-Control: no-cache
Content-Type: application/json; charset=utf-8
host: localhost:18349
accept: */*

Response DefaultHttpResponse(decodeResult: success, version: HTTP/1.1)
HTTP/1.1 200 OK
Content-Length: 42
Content-Type: application/json; charset=utf-8
cache-control: no-cache

02:24:40.063 [AsyncHttpClient-1-5] DEBUG org.asynchttpclient.netty.channel.ChannelManager - Adding key: http://localhost:18349 for channel [id: 0x4e49b009, L:/127.0.0.1:60493 - R:localhost/127.0.0.1:18349]
02:24:40.064 [Forwarding screenshot on session cccbd00a5fb1e57fce563502390c4fcd to remote] DEBUG org.asynchttpclient.netty.request.NettyRequestSender - Using pooled Channel '[id: 0x4e49b009, L:/127.0.0.1:60493 - R:localhost/127.0.0.1:18349]' for 'GET' to 'http://localhost:18349/session/cccbd00a5fb1e57fce563502390c4fcd/screenshot'
02:24:40.064 [Forwarding screenshot on session cccbd00a5fb1e57fce563502390c4fcd to remote] DEBUG org.asynchttpclient.netty.request.NettyRequestSender - Using open Channel [id: 0x4e49b009, L:/127.0.0.1:60493 - R:localhost/127.0.0.1:18349] for GET '/session/cccbd00a5fb1e57fce563502390c4fcd/screenshot'
02:24:40.187 [AsyncHttpClient-1-5] DEBUG org.asynchttpclient.netty.handler.HttpHandler - 

Request DefaultFullHttpRequest(decodeResult: success, version: HTTP/1.1, content: EmptyByteBufBE)
GET /session/cccbd00a5fb1e57fce563502390c4fcd/screenshot HTTP/1.1
User-Agent: selenium/4.8.1 (java windows)
Cache-Control: no-cache
Content-Type: application/json; charset=utf-8
host: localhost:18349
accept: */*

Response DefaultHttpResponse(decodeResult: success, version: HTTP/1.1)
HTTP/1.1 200 OK
Content-Length: 285284
Content-Type: application/json; charset=utf-8
cache-control: no-cache

02:24:40.187 [AsyncHttpClient-1-5] DEBUG org.asynchttpclient.netty.channel.ChannelManager - Adding key: http://localhost:18349 for channel [id: 0x4e49b009, L:/127.0.0.1:60493 - R:localhost/127.0.0.1:18349]
02:24:40.192 [main] DEBUG net.serenitybdd.core.photography.Darkroom - Send negative for processing for target\site\serenity\5acb3523eea07870c03c0278d18f9535bbfaf2c357528b9ed264d4263bc6bb7a.png
02:24:40.192 [main] DEBUG net.thucydides.core.steps.StepInterceptor - STEP DONE: incorrectCredentialAlert
  &amp#27;[32mThen &amp#27;[0m&amp#27;[32mI should see the error message&amp#27;[0m   &amp#27;[90m# starter.stepdefintions.LoginSteps.credentialAlert()&amp#27;[0m
02:24:40.192 [Darkroom Processing Line] DEBUG net.serenitybdd.core.photography.DarkroomProcessingLine - Processing screenshot image in /var/screenshots/screenshot-12209359218509093359
02:24:40.192 [Darkroom Processing Line] DEBUG net.serenitybdd.core.photography.DarkroomProcessingLine - Saving screenshot to target\site\serenity\5acb3523eea07870c03c0278d18f9535bbfaf2c357528b9ed264d4263bc6bb7a.png
02:24:40.197 [main] INFO  - 
  _____   ___   ___   _____     ___     _     ___   ___   ___   ___  
 |_   _| | __| / __| |_   _|   | _ \   /_\   / __| / __| | __| |   \ 
   | |   | _|  \__ \   | |     |  _/  / _ \  \__ \ \__ \ | _|  | |) |
   |_|   |___| |___/   |_|     |_|   /_/ \_\ |___/ |___/ |___| |___/ 

Login with incorrect password
----------------------------------------------------------------------
02:24:40.198 [Driver Command Executor] DEBUG org.asynchttpclient.netty.request.NettyRequestSender - Using pooled Channel '[id: 0x4e49b009, L:/127.0.0.1:60493 - R:localhost/127.0.0.1:18349]' for 'DELETE' to 'http://localhost:18349/session/cccbd00a5fb1e57fce563502390c4fcd'
02:24:40.198 [Driver Command Executor] DEBUG org.asynchttpclient.netty.request.NettyRequestSender - Using open Channel [id: 0x4e49b009, L:/127.0.0.1:60493 - R:localhost/127.0.0.1:18349] for DELETE '/session/cccbd00a5fb1e57fce563502390c4fcd'
02:24:40.198 [AsyncHttpClient-1-7] DEBUG org.asynchttpclient.netty.handler.WebSocketHandler - Channel Closed: [id: 0x126b646a, L:/127.0.0.1:60501 ! R:localhost/127.0.0.1:60494] with attribute NettyResponseFuture{currentRetry=0,
	isDone=1,
	isCancelled=0,
	asyncHandler=org.asynchttpclient.ws.WebSocketUpgradeHandler@1c3b7171,
	nettyRequest=org.asynchttpclient.netty.request.NettyRequest@5939fc92,
	future=java.util.concurrent.CompletableFuture@57a4f6a6[Completed normally],
	uri=ws://localhost:60494/devtools/browser/2e3f799f-56ed-4d2b-bb91-363b235258c2,
	keepAlive=true,
	redirectCount=0,
	timeoutsHolder=null,
	inAuth=0,
	touch=1680981873324}
02:24:40.198 [AsyncHttpClient-1-7] DEBUG org.asynchttpclient.netty.channel.ChannelManager - Closing Channel [id: 0x126b646a, L:/127.0.0.1:60501 ! R:localhost/127.0.0.1:60494] 
02:24:40.223 [AsyncHttpClient-1-6] DEBUG org.asynchttpclient.netty.handler.HttpHandler - Unexpected I/O exception on channel [id: 0x0128f9f1, L:/127.0.0.1:60500 - R:localhost/127.0.0.1:60494]
java.net.SocketException: Connection reset
	at java.base/sun.nio.ch.SocketChannelImpl.throwConnectionReset(SocketChannelImpl.java:394)
	at java.base/sun.nio.ch.SocketChannelImpl.read(SocketChannelImpl.java:426)
	at io.netty.buffer.PooledByteBuf.setBytes(PooledByteBuf.java:259)
	at io.netty.buffer.AbstractByteBuf.writeBytes(AbstractByteBuf.java:1132)
	at io.netty.channel.socket.nio.NioSocketChannel.doReadBytes(NioSocketChannel.java:357)
	at io.netty.channel.nio.AbstractNioByteChannel$NioByteUnsafe.read(AbstractNioByteChannel.java:151)
	at io.netty.channel.nio.NioEventLoop.processSelectedKey(NioEventLoop.java:788)
	at io.netty.channel.nio.NioEventLoop.processSelectedKeysOptimized(NioEventLoop.java:724)
	at io.netty.channel.nio.NioEventLoop.processSelectedKeys(NioEventLoop.java:650)
	at io.netty.channel.nio.NioEventLoop.run(NioEventLoop.java:562)
	at io.netty.util.concurrent.SingleThreadEventExecutor$4.run(SingleThreadEventExecutor.java:997)
	at io.netty.util.internal.ThreadExecutorMap$2.run(ThreadExecutorMap.java:74)
	at io.netty.util.concurrent.FastThreadLocalRunnable.run(FastThreadLocalRunnable.java:30)
	at java.base/java.lang.Thread.run(Thread.java:833)
02:24:40.223 [AsyncHttpClient-1-6] DEBUG org.asynchttpclient.netty.channel.ChannelManager - Closing Channel [id: 0x0128f9f1, L:/127.0.0.1:60500 - R:localhost/127.0.0.1:60494] 
02:24:40.223 [AsyncHttpClient-1-6] DEBUG org.asynchttpclient.netty.handler.HttpHandler - Channel Closed: [id: 0x0128f9f1, L:/127.0.0.1:60500 ! R:localhost/127.0.0.1:60494] with attribute DISCARD
02:24:40.240 [AsyncHttpClient-1-5] DEBUG org.asynchttpclient.netty.handler.HttpHandler - 

Request DefaultFullHttpRequest(decodeResult: success, version: HTTP/1.1, content: EmptyByteBufBE)
DELETE /session/cccbd00a5fb1e57fce563502390c4fcd HTTP/1.1
User-Agent: selenium/4.8.1 (java windows)
Content-Type: application/json; charset=utf-8
host: localhost:18349
accept: */*

Response DefaultHttpResponse(decodeResult: success, version: HTTP/1.1)
HTTP/1.1 200 OK
Content-Length: 14
Content-Type: application/json; charset=utf-8
cache-control: no-cache

02:24:40.240 [AsyncHttpClient-1-5] DEBUG org.asynchttpclient.netty.channel.ChannelManager - Adding key: http://localhost:18349 for channel [id: 0x4e49b009, L:/127.0.0.1:60493 - R:localhost/127.0.0.1:18349]
02:24:40.383 [AsyncHttpClient-1-5] DEBUG org.asynchttpclient.netty.handler.HttpHandler - Channel Closed: [id: 0x4e49b009, L:/127.0.0.1:60493 ! R:localhost/127.0.0.1:18349] with attribute DISCARD
]]></system-out>
    <system-err><![CDATA[Starting ChromeDriver 111.0.5563.64 (c710e93d5b63b7095afe8c2c17df34408078439d-refs/branch-heads/5563@{#995}) on port 18349
Only local connections are allowed.
Please see https://chromedriver.chromium.org/security-considerations for suggestions on keeping ChromeDriver safe.
ChromeDriver was started successfully.
Apr 09, 2023 2:24:33 AM org.openqa.selenium.devtools.CdpVersionFinder findNearestMatch
WARNING: Unable to find an exact match for CDP version 111, so returning the closest version found: 110
]]></system-err>
  </testcase>
  <testcase name="Select Payment Method Dana After Choosing Product" classname="Select Payment Method" time="11.962">
    <error type="org.openqa.selenium.NoSuchElementException"><![CDATA[org.openqa.selenium.NoSuchElementException: 
no such element: Unable to locate element: {"method":"css selector","selector":"#nomor\-handphone"}
  (Session info: chrome=111.0.5563.147)
For documentation on this error, please visit: https://selenium.dev/exceptions/#no_such_element
Build info: version: '4.8.1', revision: '8ebccac989'
System info: os.name: 'Windows 10', os.arch: 'amd64', os.version: '10.0', java.version: '18.0.1.1'
Driver info: org.openqa.selenium.chrome.ChromeDriver
Command: [bd2daab9524a8cf20eef9bac33c035d0, findElement {using=id, value=nomor-handphone}]
Capabilities {acceptInsecureCerts: false, browserName: chrome, browserVersion: 111.0.5563.147, chrome: {chromedriverVersion: 111.0.5563.64 (c710e93d5b63..., userDataDir: C:\Users\BUNAYY~1\AppData\L...}, goog:chromeOptions: {debuggerAddress: localhost:60533}, networkConnectionEnabled: false, pageLoadStrategy: normal, platformName: WINDOWS, proxy: Proxy(), se:cdp: ws://localhost:60533/devtoo..., se:cdpVersion: 111.0.5563.147, setWindowRect: true, strictFileInteractability: false, timeouts: {implicit: 0, pageLoad: 300000, script: 30000}, unhandledPromptBehavior: dismiss and notify, webauthn:extension:credBlob: true, webauthn:extension:largeBlob: true, webauthn:extension:minPinLength: true, webauthn:extension:prf: true, webauthn:virtualAuthenticators: true}
Session ID: bd2daab9524a8cf20eef9bac33c035d0
]]></error>
    <system-out><![CDATA[02:24:40.443 [main] DEBUG io.cucumber.core.plugin.SerenityReporter - Running feature from file:///C:/Users/Bunayya%20Zulfikar/Downloads/Compressed/zip/Prioritas2/alta/src/test/resources/features/PaymentMethod.feature
02:24:40.446 [main] DEBUG net.thucydides.core.steps.StepEventBus - Test suite started for story net.thucydides.core.model.Story@1f3cee16
02:24:40.446 [main] INFO  - Test Suite Started: Select Payment Method

Scenario: Select Payment Method Dana After Choosing Product &amp#27;[90m# src/test/resources/features/PaymentMethod.feature:3&amp#27;[0m
02:24:40.452 [main] DEBUG io.cucumber.core.plugin.SerenityReporter - Running feature from file:///C:/Users/Bunayya%20Zulfikar/Downloads/Compressed/zip/Prioritas2/alta/src/test/resources/features/PaymentMethod.feature
02:24:40.454 [main] INFO  - 
  _____   ___   ___   _____     ___   _____     _     ___   _____   ___   ___  
 |_   _| | __| / __| |_   _|   / __| |_   _|   /_\   | _ \ |_   _| | __| |   \ 
   | |   | _|  \__ \   | |     \__ \   | |    / _ \  |   /   | |   | _|  | |) |
   |_|   |___| |___/   |_|     |___/   |_|   /_/ \_\ |_|_\   |_|   |___| |___/ 

Select Payment Method Dana After Choosing Product(select-payment-method;select-payment-method-dana-after-choosing-product)
--------------------------------------------------------------------------------
02:24:40.582 [main] DEBUG net.thucydides.core.steps.StepInterceptor - STARTING STEP: PaymentMethodSteps.onTheIsiPulsaPage - openPage
02:24:40.620 [main] INFO net.serenitybdd.core.webdriver.driverproviders.ChromeDriverProvider - Starting Chrome driver instance with capabilities:
02:24:40.620 [main] INFO net.serenitybdd.core.webdriver.driverproviders.ChromeDriverProvider - Capabilities {acceptInsecureCerts: false, browserName: chrome, goog:chromeOptions: {args: [remote-allow-origins=*], extensions: []}}
02:24:40.711 [AsyncHttpClient-1-8] DEBUG org.asynchttpclient.netty.channel.NettyConnectListener - Using new Channel '[id: 0xabf81296, L:/127.0.0.1:60532 - R:localhost/127.0.0.1:48692]' for 'POST' to '/session'
02:24:40.847 [AsyncHttpClient-1-1] DEBUG org.asynchttpclient.netty.channel.DefaultChannelPool - Entry count for : http://localhost:60494 : 1
02:24:40.847 [AsyncHttpClient-1-1] DEBUG org.asynchttpclient.netty.channel.DefaultChannelPool - Entry count for : http://localhost:18349 : 1
02:24:40.847 [AsyncHttpClient-1-1] DEBUG org.asynchttpclient.netty.channel.DefaultChannelPool - Adding Candidate expired Channel [id: 0x0128f9f1, L:/127.0.0.1:60500 ! R:localhost/127.0.0.1:60494] isIdleTimeoutExpired=false isRemotelyClosed=true isTtlExpired=false
02:24:40.847 [AsyncHttpClient-1-1] DEBUG org.asynchttpclient.netty.channel.DefaultChannelPool - Closing Idle Channel [id: 0x0128f9f1, L:/127.0.0.1:60500 ! R:localhost/127.0.0.1:60494]
02:24:40.847 [AsyncHttpClient-1-1] DEBUG org.asynchttpclient.netty.channel.DefaultChannelPool - Adding Candidate expired Channel [id: 0x4e49b009, L:/127.0.0.1:60493 ! R:localhost/127.0.0.1:18349] isIdleTimeoutExpired=false isRemotelyClosed=true isTtlExpired=false
02:24:40.847 [AsyncHttpClient-1-1] DEBUG org.asynchttpclient.netty.channel.DefaultChannelPool - Closing Idle Channel [id: 0x4e49b009, L:/127.0.0.1:60493 ! R:localhost/127.0.0.1:18349]
02:24:40.847 [AsyncHttpClient-1-1] DEBUG org.asynchttpclient.netty.channel.DefaultChannelPool - Closed 2 connections out of 2 in 0 ms
02:24:41.302 [AsyncHttpClient-1-8] DEBUG org.asynchttpclient.netty.handler.HttpHandler - 

Request DefaultHttpRequest(decodeResult: success, version: HTTP/1.1)
POST /session HTTP/1.1
User-Agent: selenium/4.8.1 (java windows)
Content-Length: 507
Content-Type: application/json; charset=utf-8
host: localhost:48692
accept: */*

Response DefaultHttpResponse(decodeResult: success, version: HTTP/1.1)
HTTP/1.1 200 OK
Content-Length: 862
Content-Type: application/json; charset=utf-8
cache-control: no-cache

02:24:41.302 [AsyncHttpClient-1-8] DEBUG org.asynchttpclient.netty.channel.ChannelManager - Adding key: http://localhost:48692 for channel [id: 0xabf81296, L:/127.0.0.1:60532 - R:localhost/127.0.0.1:48692]
02:24:41.306 [AsyncHttpClient-1-9] DEBUG org.asynchttpclient.netty.channel.NettyConnectListener - Using new Channel '[id: 0xa41d3615, L:/127.0.0.1:60539 - R:localhost/127.0.0.1:60533]' for 'GET' to '/json/version'
02:24:41.307 [AsyncHttpClient-1-9] DEBUG org.asynchttpclient.netty.handler.HttpHandler - 

Request DefaultFullHttpRequest(decodeResult: success, version: HTTP/1.1, content: EmptyByteBufBE)
GET /json/version HTTP/1.1
User-Agent: selenium/4.8.1 (java windows)
host: localhost:60533
accept: */*

Response DefaultHttpResponse(decodeResult: success, version: HTTP/1.1)
HTTP/1.1 200 OK
Content-Security-Policy: frame-ancestors 'none'
Content-Length: 424
Content-Type: application/json; charset=UTF-8

02:24:41.308 [AsyncHttpClient-1-9] DEBUG org.asynchttpclient.netty.channel.ChannelManager - Adding key: http://localhost:60533 for channel [id: 0xa41d3615, L:/127.0.0.1:60539 - R:localhost/127.0.0.1:60533]
02:24:41.310 [AsyncHttpClient-1-10] DEBUG org.asynchttpclient.netty.channel.NettyConnectListener - Using new Channel '[id: 0x79c199c4, L:/127.0.0.1:60540 - R:localhost/127.0.0.1:60533]' for 'GET' to '/devtools/browser/8c4fd443-1a40-46e1-b244-2474b692f89c'
02:24:41.311 [AsyncHttpClient-1-10] DEBUG org.asynchttpclient.netty.handler.WebSocketHandler - 

Request DefaultFullHttpRequest(decodeResult: success, version: HTTP/1.1, content: EmptyByteBufBE)
GET /devtools/browser/8c4fd443-1a40-46e1-b244-2474b692f89c HTTP/1.1
upgrade: websocket
connection: upgrade
sec-websocket-key: H4OWFUM34xS74N15bhboTg==
sec-websocket-version: 13
origin: http://localhost:60533
host: localhost:60533
accept: */*
user-agent: AHC/2.1

Response DefaultHttpResponse(decodeResult: success, version: HTTP/1.1)
HTTP/1.1 101 WebSocket Protocol Handshake
Upgrade: WebSocket
Connection: Upgrade
Sec-WebSocket-Accept: Xlott56JrqvJHexBO6M2J6ydouQ=

02:24:41.314 [Forwarding get on session bd2daab9524a8cf20eef9bac33c035d0 to remote] DEBUG org.asynchttpclient.netty.request.NettyRequestSender - Using pooled Channel '[id: 0xabf81296, L:/127.0.0.1:60532 - R:localhost/127.0.0.1:48692]' for 'POST' to 'http://localhost:48692/session/bd2daab9524a8cf20eef9bac33c035d0/url'
02:24:41.314 [Forwarding get on session bd2daab9524a8cf20eef9bac33c035d0 to remote] DEBUG org.asynchttpclient.netty.request.NettyRequestSender - Using open Channel [id: 0xabf81296, L:/127.0.0.1:60532 - R:localhost/127.0.0.1:48692] for POST '/session/bd2daab9524a8cf20eef9bac33c035d0/url'
02:24:41.944 [AsyncHttpClient-1-1] DEBUG org.asynchttpclient.netty.channel.DefaultChannelPool - Entry count for : http://localhost:60533 : 1
02:24:42.629 [AsyncHttpClient-1-8] DEBUG org.asynchttpclient.netty.handler.HttpHandler - 

Request DefaultHttpRequest(decodeResult: success, version: HTTP/1.1)
POST /session/bd2daab9524a8cf20eef9bac33c035d0/url HTTP/1.1
User-Agent: selenium/4.8.1 (java windows)
Content-Length: 54
Content-Type: application/json; charset=utf-8
host: localhost:48692
accept: */*

Response DefaultHttpResponse(decodeResult: success, version: HTTP/1.1)
HTTP/1.1 200 OK
Content-Length: 14
Content-Type: application/json; charset=utf-8
cache-control: no-cache

02:24:42.629 [AsyncHttpClient-1-8] DEBUG org.asynchttpclient.netty.channel.ChannelManager - Adding key: http://localhost:48692 for channel [id: 0xabf81296, L:/127.0.0.1:60532 - R:localhost/127.0.0.1:48692]
02:24:42.630 [Forwarding setTimeout on session bd2daab9524a8cf20eef9bac33c035d0 to remote] DEBUG org.asynchttpclient.netty.request.NettyRequestSender - Using pooled Channel '[id: 0xabf81296, L:/127.0.0.1:60532 - R:localhost/127.0.0.1:48692]' for 'POST' to 'http://localhost:48692/session/bd2daab9524a8cf20eef9bac33c035d0/timeouts'
02:24:42.630 [Forwarding setTimeout on session bd2daab9524a8cf20eef9bac33c035d0 to remote] DEBUG org.asynchttpclient.netty.request.NettyRequestSender - Using open Channel [id: 0xabf81296, L:/127.0.0.1:60532 - R:localhost/127.0.0.1:48692] for POST '/session/bd2daab9524a8cf20eef9bac33c035d0/timeouts'
02:24:42.630 [AsyncHttpClient-1-8] DEBUG org.asynchttpclient.netty.handler.HttpHandler - 

Request DefaultHttpRequest(decodeResult: success, version: HTTP/1.1)
POST /session/bd2daab9524a8cf20eef9bac33c035d0/timeouts HTTP/1.1
User-Agent: selenium/4.8.1 (java windows)
Content-Length: 22
Content-Type: application/json; charset=utf-8
host: localhost:48692
accept: */*

Response DefaultHttpResponse(decodeResult: success, version: HTTP/1.1)
HTTP/1.1 200 OK
Content-Length: 14
Content-Type: application/json; charset=utf-8
cache-control: no-cache

02:24:42.630 [AsyncHttpClient-1-8] DEBUG org.asynchttpclient.netty.channel.ChannelManager - Adding key: http://localhost:48692 for channel [id: 0xabf81296, L:/127.0.0.1:60532 - R:localhost/127.0.0.1:48692]
02:24:42.635 [main] DEBUG net.serenitybdd.core.photography.Darkroom - Opening darkroom
02:24:42.635 [Darkroom Processing Line] DEBUG net.serenitybdd.core.photography.DarkroomProcessingLine - Darkroom processing line starting up
02:24:42.636 [Forwarding getAlertText on session bd2daab9524a8cf20eef9bac33c035d0 to remote] DEBUG org.asynchttpclient.netty.request.NettyRequestSender - Using pooled Channel '[id: 0xabf81296, L:/127.0.0.1:60532 - R:localhost/127.0.0.1:48692]' for 'GET' to 'http://localhost:48692/session/bd2daab9524a8cf20eef9bac33c035d0/alert/text'
02:24:42.636 [Forwarding getAlertText on session bd2daab9524a8cf20eef9bac33c035d0 to remote] DEBUG org.asynchttpclient.netty.request.NettyRequestSender - Using open Channel [id: 0xabf81296, L:/127.0.0.1:60532 - R:localhost/127.0.0.1:48692] for GET '/session/bd2daab9524a8cf20eef9bac33c035d0/alert/text'
02:24:42.638 [AsyncHttpClient-1-8] DEBUG org.asynchttpclient.netty.handler.HttpHandler - 

Request DefaultFullHttpRequest(decodeResult: success, version: HTTP/1.1, content: EmptyByteBufBE)
GET /session/bd2daab9524a8cf20eef9bac33c035d0/alert/text HTTP/1.1
User-Agent: selenium/4.8.1 (java windows)
Cache-Control: no-cache
Content-Type: application/json; charset=utf-8
host: localhost:48692
accept: */*

Response DefaultHttpResponse(decodeResult: success, version: HTTP/1.1)
HTTP/1.1 404 Not Found
Content-Length: 836
Content-Type: application/json; charset=utf-8
cache-control: no-cache

02:24:42.638 [AsyncHttpClient-1-8] DEBUG org.asynchttpclient.netty.channel.ChannelManager - Adding key: http://localhost:48692 for channel [id: 0xabf81296, L:/127.0.0.1:60532 - R:localhost/127.0.0.1:48692]
02:24:42.639 [Forwarding getCurrentUrl on session bd2daab9524a8cf20eef9bac33c035d0 to remote] DEBUG org.asynchttpclient.netty.request.NettyRequestSender - Using pooled Channel '[id: 0xabf81296, L:/127.0.0.1:60532 - R:localhost/127.0.0.1:48692]' for 'GET' to 'http://localhost:48692/session/bd2daab9524a8cf20eef9bac33c035d0/url'
02:24:42.639 [Forwarding getCurrentUrl on session bd2daab9524a8cf20eef9bac33c035d0 to remote] DEBUG org.asynchttpclient.netty.request.NettyRequestSender - Using open Channel [id: 0xabf81296, L:/127.0.0.1:60532 - R:localhost/127.0.0.1:48692] for GET '/session/bd2daab9524a8cf20eef9bac33c035d0/url'
02:24:42.643 [AsyncHttpClient-1-8] DEBUG org.asynchttpclient.netty.handler.HttpHandler - 

Request DefaultFullHttpRequest(decodeResult: success, version: HTTP/1.1, content: EmptyByteBufBE)
GET /session/bd2daab9524a8cf20eef9bac33c035d0/url HTTP/1.1
User-Agent: selenium/4.8.1 (java windows)
Cache-Control: no-cache
Content-Type: application/json; charset=utf-8
host: localhost:48692
accept: */*

Response DefaultHttpResponse(decodeResult: success, version: HTTP/1.1)
HTTP/1.1 200 OK
Content-Length: 36
Content-Type: application/json; charset=utf-8
cache-control: no-cache

02:24:42.643 [AsyncHttpClient-1-8] DEBUG org.asynchttpclient.netty.channel.ChannelManager - Adding key: http://localhost:48692 for channel [id: 0xabf81296, L:/127.0.0.1:60532 - R:localhost/127.0.0.1:48692]
02:24:42.644 [Forwarding screenshot on session bd2daab9524a8cf20eef9bac33c035d0 to remote] DEBUG org.asynchttpclient.netty.request.NettyRequestSender - Using pooled Channel '[id: 0xabf81296, L:/127.0.0.1:60532 - R:localhost/127.0.0.1:48692]' for 'GET' to 'http://localhost:48692/session/bd2daab9524a8cf20eef9bac33c035d0/screenshot'
02:24:42.644 [Forwarding screenshot on session bd2daab9524a8cf20eef9bac33c035d0 to remote] DEBUG org.asynchttpclient.netty.request.NettyRequestSender - Using open Channel [id: 0xabf81296, L:/127.0.0.1:60532 - R:localhost/127.0.0.1:48692] for GET '/session/bd2daab9524a8cf20eef9bac33c035d0/screenshot'
02:24:43.043 [AsyncHttpClient-1-1] DEBUG org.asynchttpclient.netty.channel.DefaultChannelPool - Entry count for : http://localhost:60533 : 1
02:24:43.094 [AsyncHttpClient-1-8] DEBUG org.asynchttpclient.netty.handler.HttpHandler - 

Request DefaultFullHttpRequest(decodeResult: success, version: HTTP/1.1, content: EmptyByteBufBE)
GET /session/bd2daab9524a8cf20eef9bac33c035d0/screenshot HTTP/1.1
User-Agent: selenium/4.8.1 (java windows)
Cache-Control: no-cache
Content-Type: application/json; charset=utf-8
host: localhost:48692
accept: */*

Response DefaultHttpResponse(decodeResult: success, version: HTTP/1.1)
HTTP/1.1 200 OK
Content-Length: 216128
Content-Type: application/json; charset=utf-8
cache-control: no-cache

02:24:43.094 [AsyncHttpClient-1-8] DEBUG org.asynchttpclient.netty.channel.ChannelManager - Adding key: http://localhost:48692 for channel [id: 0xabf81296, L:/127.0.0.1:60532 - R:localhost/127.0.0.1:48692]
02:24:43.101 [main] DEBUG net.serenitybdd.core.photography.Darkroom - Send negative for processing for target\site\serenity\1956c1b1e284e2d1c323a4c46121f56cf9287b6a4205549d28c31bf3a9fd7256.png
02:24:43.101 [main] DEBUG net.thucydides.core.steps.StepInterceptor - STEP DONE: openPage
02:24:43.101 [Darkroom Processing Line] DEBUG net.serenitybdd.core.photography.DarkroomProcessingLine - Processing screenshot image in /var/screenshots/screenshot-1548547253382618290
02:24:43.101 [Darkroom Processing Line] DEBUG net.serenitybdd.core.photography.DarkroomProcessingLine - Saving screenshot to target\site\serenity\1956c1b1e284e2d1c323a4c46121f56cf9287b6a4205549d28c31bf3a9fd7256.png
02:24:43.105 [Forwarding getPageSource on session bd2daab9524a8cf20eef9bac33c035d0 to remote] DEBUG org.asynchttpclient.netty.request.NettyRequestSender - Using pooled Channel '[id: 0xabf81296, L:/127.0.0.1:60532 - R:localhost/127.0.0.1:48692]' for 'POST' to 'http://localhost:48692/session/bd2daab9524a8cf20eef9bac33c035d0/execute/sync'
02:24:43.105 [Forwarding getPageSource on session bd2daab9524a8cf20eef9bac33c035d0 to remote] DEBUG org.asynchttpclient.netty.request.NettyRequestSender - Using open Channel [id: 0xabf81296, L:/127.0.0.1:60532 - R:localhost/127.0.0.1:48692] for POST '/session/bd2daab9524a8cf20eef9bac33c035d0/execute/sync'
02:24:43.121 [AsyncHttpClient-1-8] DEBUG org.asynchttpclient.netty.handler.HttpHandler - 

Request DefaultHttpRequest(decodeResult: success, version: HTTP/1.1)
POST /session/bd2daab9524a8cf20eef9bac33c035d0/execute/sync HTTP/1.1
User-Agent: selenium/4.8.1 (java windows)
Content-Length: 176
Content-Type: application/json; charset=utf-8
host: localhost:48692
accept: */*

Response DefaultHttpResponse(decodeResult: success, version: HTTP/1.1)
HTTP/1.1 200 OK
Content-Length: 182088
Content-Type: application/json; charset=utf-8
cache-control: no-cache

02:24:43.121 [AsyncHttpClient-1-8] DEBUG org.asynchttpclient.netty.channel.ChannelManager - Adding key: http://localhost:48692 for channel [id: 0xabf81296, L:/127.0.0.1:60532 - R:localhost/127.0.0.1:48692]
02:24:43.130 [Forwarding getCurrentUrl on session bd2daab9524a8cf20eef9bac33c035d0 to remote] DEBUG org.asynchttpclient.netty.request.NettyRequestSender - Using pooled Channel '[id: 0xabf81296, L:/127.0.0.1:60532 - R:localhost/127.0.0.1:48692]' for 'GET' to 'http://localhost:48692/session/bd2daab9524a8cf20eef9bac33c035d0/url'
02:24:43.130 [Forwarding getCurrentUrl on session bd2daab9524a8cf20eef9bac33c035d0 to remote] DEBUG org.asynchttpclient.netty.request.NettyRequestSender - Using open Channel [id: 0xabf81296, L:/127.0.0.1:60532 - R:localhost/127.0.0.1:48692] for GET '/session/bd2daab9524a8cf20eef9bac33c035d0/url'
02:24:43.135 [AsyncHttpClient-1-8] DEBUG org.asynchttpclient.netty.handler.HttpHandler - 

Request DefaultFullHttpRequest(decodeResult: success, version: HTTP/1.1, content: EmptyByteBufBE)
GET /session/bd2daab9524a8cf20eef9bac33c035d0/url HTTP/1.1
User-Agent: selenium/4.8.1 (java windows)
Cache-Control: no-cache
Content-Type: application/json; charset=utf-8
host: localhost:48692
accept: */*

Response DefaultHttpResponse(decodeResult: success, version: HTTP/1.1)
HTTP/1.1 200 OK
Content-Length: 36
Content-Type: application/json; charset=utf-8
cache-control: no-cache

02:24:43.135 [AsyncHttpClient-1-8] DEBUG org.asynchttpclient.netty.channel.ChannelManager - Adding key: http://localhost:48692 for channel [id: 0xabf81296, L:/127.0.0.1:60532 - R:localhost/127.0.0.1:48692]
02:24:43.137 [main] DEBUG net.thucydides.core.steps.StepInterceptor - STARTING STEP: PaymentMethodSteps.onTheIsiPulsaPage - clickLoginButton
02:24:43.139 [Forwarding findElement on session bd2daab9524a8cf20eef9bac33c035d0 to remote] DEBUG org.asynchttpclient.netty.request.NettyRequestSender - Using pooled Channel '[id: 0xabf81296, L:/127.0.0.1:60532 - R:localhost/127.0.0.1:48692]' for 'POST' to 'http://localhost:48692/session/bd2daab9524a8cf20eef9bac33c035d0/element'
02:24:43.139 [Forwarding findElement on session bd2daab9524a8cf20eef9bac33c035d0 to remote] DEBUG org.asynchttpclient.netty.request.NettyRequestSender - Using open Channel [id: 0xabf81296, L:/127.0.0.1:60532 - R:localhost/127.0.0.1:48692] for POST '/session/bd2daab9524a8cf20eef9bac33c035d0/element'
02:24:43.149 [AsyncHttpClient-1-8] DEBUG org.asynchttpclient.netty.handler.HttpHandler - 

Request DefaultHttpRequest(decodeResult: success, version: HTTP/1.1)
POST /session/bd2daab9524a8cf20eef9bac33c035d0/element HTTP/1.1
User-Agent: selenium/4.8.1 (java windows)
Content-Length: 62
Content-Type: application/json; charset=utf-8
host: localhost:48692
accept: */*

Response DefaultHttpResponse(decodeResult: success, version: HTTP/1.1)
HTTP/1.1 200 OK
Content-Length: 88
Content-Type: application/json; charset=utf-8
cache-control: no-cache

02:24:43.149 [AsyncHttpClient-1-8] DEBUG org.asynchttpclient.netty.channel.ChannelManager - Adding key: http://localhost:48692 for channel [id: 0xabf81296, L:/127.0.0.1:60532 - R:localhost/127.0.0.1:48692]
02:24:43.150 [Forwarding getElementTagName on session bd2daab9524a8cf20eef9bac33c035d0 to remote] DEBUG org.asynchttpclient.netty.request.NettyRequestSender - Using pooled Channel '[id: 0xabf81296, L:/127.0.0.1:60532 - R:localhost/127.0.0.1:48692]' for 'GET' to 'http://localhost:48692/session/bd2daab9524a8cf20eef9bac33c035d0/element/ae98cebf-5cfd-45d7-88f6-ecf0cf01bd08/name'
02:24:43.150 [Forwarding getElementTagName on session bd2daab9524a8cf20eef9bac33c035d0 to remote] DEBUG org.asynchttpclient.netty.request.NettyRequestSender - Using open Channel [id: 0xabf81296, L:/127.0.0.1:60532 - R:localhost/127.0.0.1:48692] for GET '/session/bd2daab9524a8cf20eef9bac33c035d0/element/ae98cebf-5cfd-45d7-88f6-ecf0cf01bd08/name'
02:24:43.154 [AsyncHttpClient-1-8] DEBUG org.asynchttpclient.netty.handler.HttpHandler - 

Request DefaultFullHttpRequest(decodeResult: success, version: HTTP/1.1, content: EmptyByteBufBE)
GET /session/bd2daab9524a8cf20eef9bac33c035d0/element/ae98cebf-5cfd-45d7-88f6-ecf0cf01bd08/name HTTP/1.1
User-Agent: selenium/4.8.1 (java windows)
Cache-Control: no-cache
Content-Type: application/json; charset=utf-8
host: localhost:48692
accept: */*

Response DefaultHttpResponse(decodeResult: success, version: HTTP/1.1)
HTTP/1.1 200 OK
Content-Length: 16
Content-Type: application/json; charset=utf-8
cache-control: no-cache

02:24:43.154 [AsyncHttpClient-1-8] DEBUG org.asynchttpclient.netty.channel.ChannelManager - Adding key: http://localhost:48692 for channel [id: 0xabf81296, L:/127.0.0.1:60532 - R:localhost/127.0.0.1:48692]
02:24:43.155 [Forwarding getElementTagName on session bd2daab9524a8cf20eef9bac33c035d0 to remote] DEBUG org.asynchttpclient.netty.request.NettyRequestSender - Using pooled Channel '[id: 0xabf81296, L:/127.0.0.1:60532 - R:localhost/127.0.0.1:48692]' for 'GET' to 'http://localhost:48692/session/bd2daab9524a8cf20eef9bac33c035d0/element/ae98cebf-5cfd-45d7-88f6-ecf0cf01bd08/name'
02:24:43.155 [Forwarding getElementTagName on session bd2daab9524a8cf20eef9bac33c035d0 to remote] DEBUG org.asynchttpclient.netty.request.NettyRequestSender - Using open Channel [id: 0xabf81296, L:/127.0.0.1:60532 - R:localhost/127.0.0.1:48692] for GET '/session/bd2daab9524a8cf20eef9bac33c035d0/element/ae98cebf-5cfd-45d7-88f6-ecf0cf01bd08/name'
02:24:43.160 [AsyncHttpClient-1-8] DEBUG org.asynchttpclient.netty.handler.HttpHandler - 

Request DefaultFullHttpRequest(decodeResult: success, version: HTTP/1.1, content: EmptyByteBufBE)
GET /session/bd2daab9524a8cf20eef9bac33c035d0/element/ae98cebf-5cfd-45d7-88f6-ecf0cf01bd08/name HTTP/1.1
User-Agent: selenium/4.8.1 (java windows)
Cache-Control: no-cache
Content-Type: application/json; charset=utf-8
host: localhost:48692
accept: */*

Response DefaultHttpResponse(decodeResult: success, version: HTTP/1.1)
HTTP/1.1 200 OK
Content-Length: 16
Content-Type: application/json; charset=utf-8
cache-control: no-cache

02:24:43.160 [AsyncHttpClient-1-8] DEBUG org.asynchttpclient.netty.channel.ChannelManager - Adding key: http://localhost:48692 for channel [id: 0xabf81296, L:/127.0.0.1:60532 - R:localhost/127.0.0.1:48692]
02:24:43.161 [Forwarding findElement on session bd2daab9524a8cf20eef9bac33c035d0 to remote] DEBUG org.asynchttpclient.netty.request.NettyRequestSender - Using pooled Channel '[id: 0xabf81296, L:/127.0.0.1:60532 - R:localhost/127.0.0.1:48692]' for 'POST' to 'http://localhost:48692/session/bd2daab9524a8cf20eef9bac33c035d0/element'
02:24:43.161 [Forwarding findElement on session bd2daab9524a8cf20eef9bac33c035d0 to remote] DEBUG org.asynchttpclient.netty.request.NettyRequestSender - Using open Channel [id: 0xabf81296, L:/127.0.0.1:60532 - R:localhost/127.0.0.1:48692] for POST '/session/bd2daab9524a8cf20eef9bac33c035d0/element'
02:24:43.167 [AsyncHttpClient-1-8] DEBUG org.asynchttpclient.netty.handler.HttpHandler - 

Request DefaultHttpRequest(decodeResult: success, version: HTTP/1.1)
POST /session/bd2daab9524a8cf20eef9bac33c035d0/element HTTP/1.1
User-Agent: selenium/4.8.1 (java windows)
Content-Length: 62
Content-Type: application/json; charset=utf-8
host: localhost:48692
accept: */*

Response DefaultHttpResponse(decodeResult: success, version: HTTP/1.1)
HTTP/1.1 200 OK
Content-Length: 88
Content-Type: application/json; charset=utf-8
cache-control: no-cache

02:24:43.167 [AsyncHttpClient-1-8] DEBUG org.asynchttpclient.netty.channel.ChannelManager - Adding key: http://localhost:48692 for channel [id: 0xabf81296, L:/127.0.0.1:60532 - R:localhost/127.0.0.1:48692]
02:24:43.168 [Forwarding clickElement on session bd2daab9524a8cf20eef9bac33c035d0 to remote] DEBUG org.asynchttpclient.netty.request.NettyRequestSender - Using pooled Channel '[id: 0xabf81296, L:/127.0.0.1:60532 - R:localhost/127.0.0.1:48692]' for 'POST' to 'http://localhost:48692/session/bd2daab9524a8cf20eef9bac33c035d0/element/ae98cebf-5cfd-45d7-88f6-ecf0cf01bd08/click'
02:24:43.168 [Forwarding clickElement on session bd2daab9524a8cf20eef9bac33c035d0 to remote] DEBUG org.asynchttpclient.netty.request.NettyRequestSender - Using open Channel [id: 0xabf81296, L:/127.0.0.1:60532 - R:localhost/127.0.0.1:48692] for POST '/session/bd2daab9524a8cf20eef9bac33c035d0/element/ae98cebf-5cfd-45d7-88f6-ecf0cf01bd08/click'
02:24:44.142 [AsyncHttpClient-1-1] DEBUG org.asynchttpclient.netty.channel.DefaultChannelPool - Entry count for : http://localhost:60533 : 1
02:24:44.258 [AsyncHttpClient-1-8] DEBUG org.asynchttpclient.netty.handler.HttpHandler - 

Request DefaultHttpRequest(decodeResult: success, version: HTTP/1.1)
POST /session/bd2daab9524a8cf20eef9bac33c035d0/element/ae98cebf-5cfd-45d7-88f6-ecf0cf01bd08/click HTTP/1.1
User-Agent: selenium/4.8.1 (java windows)
Content-Length: 50
Content-Type: application/json; charset=utf-8
host: localhost:48692
accept: */*

Response DefaultHttpResponse(decodeResult: success, version: HTTP/1.1)
HTTP/1.1 400 Bad Request
Content-Length: 1189
Content-Type: application/json; charset=utf-8
cache-control: no-cache

02:24:44.258 [AsyncHttpClient-1-8] DEBUG org.asynchttpclient.netty.channel.ChannelManager - Adding key: http://localhost:48692 for channel [id: 0xabf81296, L:/127.0.0.1:60532 - R:localhost/127.0.0.1:48692]
02:24:44.521 [Forwarding clickElement on session bd2daab9524a8cf20eef9bac33c035d0 to remote] DEBUG org.asynchttpclient.netty.request.NettyRequestSender - Using pooled Channel '[id: 0xabf81296, L:/127.0.0.1:60532 - R:localhost/127.0.0.1:48692]' for 'POST' to 'http://localhost:48692/session/bd2daab9524a8cf20eef9bac33c035d0/element/ae98cebf-5cfd-45d7-88f6-ecf0cf01bd08/click'
02:24:44.521 [Forwarding clickElement on session bd2daab9524a8cf20eef9bac33c035d0 to remote] DEBUG org.asynchttpclient.netty.request.NettyRequestSender - Using open Channel [id: 0xabf81296, L:/127.0.0.1:60532 - R:localhost/127.0.0.1:48692] for POST '/session/bd2daab9524a8cf20eef9bac33c035d0/element/ae98cebf-5cfd-45d7-88f6-ecf0cf01bd08/click'
02:24:45.248 [AsyncHttpClient-1-1] DEBUG org.asynchttpclient.netty.channel.DefaultChannelPool - Entry count for : http://localhost:60533 : 1
02:24:45.550 [AsyncHttpClient-1-8] DEBUG org.asynchttpclient.netty.handler.HttpHandler - 

Request DefaultHttpRequest(decodeResult: success, version: HTTP/1.1)
POST /session/bd2daab9524a8cf20eef9bac33c035d0/element/ae98cebf-5cfd-45d7-88f6-ecf0cf01bd08/click HTTP/1.1
User-Agent: selenium/4.8.1 (java windows)
Content-Length: 50
Content-Type: application/json; charset=utf-8
host: localhost:48692
accept: */*

Response DefaultHttpResponse(decodeResult: success, version: HTTP/1.1)
HTTP/1.1 400 Bad Request
Content-Length: 1189
Content-Type: application/json; charset=utf-8
cache-control: no-cache

02:24:45.550 [AsyncHttpClient-1-8] DEBUG org.asynchttpclient.netty.channel.ChannelManager - Adding key: http://localhost:48692 for channel [id: 0xabf81296, L:/127.0.0.1:60532 - R:localhost/127.0.0.1:48692]
02:24:45.814 [Forwarding clickElement on session bd2daab9524a8cf20eef9bac33c035d0 to remote] DEBUG org.asynchttpclient.netty.request.NettyRequestSender - Using pooled Channel '[id: 0xabf81296, L:/127.0.0.1:60532 - R:localhost/127.0.0.1:48692]' for 'POST' to 'http://localhost:48692/session/bd2daab9524a8cf20eef9bac33c035d0/element/ae98cebf-5cfd-45d7-88f6-ecf0cf01bd08/click'
02:24:45.814 [Forwarding clickElement on session bd2daab9524a8cf20eef9bac33c035d0 to remote] DEBUG org.asynchttpclient.netty.request.NettyRequestSender - Using open Channel [id: 0xabf81296, L:/127.0.0.1:60532 - R:localhost/127.0.0.1:48692] for POST '/session/bd2daab9524a8cf20eef9bac33c035d0/element/ae98cebf-5cfd-45d7-88f6-ecf0cf01bd08/click'
02:24:45.842 [AsyncHttpClient-1-8] DEBUG org.asynchttpclient.netty.handler.HttpHandler - 

Request DefaultHttpRequest(decodeResult: success, version: HTTP/1.1)
POST /session/bd2daab9524a8cf20eef9bac33c035d0/element/ae98cebf-5cfd-45d7-88f6-ecf0cf01bd08/click HTTP/1.1
User-Agent: selenium/4.8.1 (java windows)
Content-Length: 50
Content-Type: application/json; charset=utf-8
host: localhost:48692
accept: */*

Response DefaultHttpResponse(decodeResult: success, version: HTTP/1.1)
HTTP/1.1 200 OK
Content-Length: 14
Content-Type: application/json; charset=utf-8
cache-control: no-cache

02:24:45.842 [AsyncHttpClient-1-8] DEBUG org.asynchttpclient.netty.channel.ChannelManager - Adding key: http://localhost:48692 for channel [id: 0xabf81296, L:/127.0.0.1:60532 - R:localhost/127.0.0.1:48692]
02:24:45.849 [Forwarding getAlertText on session bd2daab9524a8cf20eef9bac33c035d0 to remote] DEBUG org.asynchttpclient.netty.request.NettyRequestSender - Using pooled Channel '[id: 0xabf81296, L:/127.0.0.1:60532 - R:localhost/127.0.0.1:48692]' for 'GET' to 'http://localhost:48692/session/bd2daab9524a8cf20eef9bac33c035d0/alert/text'
02:24:45.849 [Forwarding getAlertText on session bd2daab9524a8cf20eef9bac33c035d0 to remote] DEBUG org.asynchttpclient.netty.request.NettyRequestSender - Using open Channel [id: 0xabf81296, L:/127.0.0.1:60532 - R:localhost/127.0.0.1:48692] for GET '/session/bd2daab9524a8cf20eef9bac33c035d0/alert/text'
02:24:45.888 [AsyncHttpClient-1-8] DEBUG org.asynchttpclient.netty.handler.HttpHandler - 

Request DefaultFullHttpRequest(decodeResult: success, version: HTTP/1.1, content: EmptyByteBufBE)
GET /session/bd2daab9524a8cf20eef9bac33c035d0/alert/text HTTP/1.1
User-Agent: selenium/4.8.1 (java windows)
Cache-Control: no-cache
Content-Type: application/json; charset=utf-8
host: localhost:48692
accept: */*

Response DefaultHttpResponse(decodeResult: success, version: HTTP/1.1)
HTTP/1.1 404 Not Found
Content-Length: 836
Content-Type: application/json; charset=utf-8
cache-control: no-cache

02:24:45.888 [AsyncHttpClient-1-8] DEBUG org.asynchttpclient.netty.channel.ChannelManager - Adding key: http://localhost:48692 for channel [id: 0xabf81296, L:/127.0.0.1:60532 - R:localhost/127.0.0.1:48692]
02:24:45.889 [Forwarding getCurrentUrl on session bd2daab9524a8cf20eef9bac33c035d0 to remote] DEBUG org.asynchttpclient.netty.request.NettyRequestSender - Using pooled Channel '[id: 0xabf81296, L:/127.0.0.1:60532 - R:localhost/127.0.0.1:48692]' for 'GET' to 'http://localhost:48692/session/bd2daab9524a8cf20eef9bac33c035d0/url'
02:24:45.889 [Forwarding getCurrentUrl on session bd2daab9524a8cf20eef9bac33c035d0 to remote] DEBUG org.asynchttpclient.netty.request.NettyRequestSender - Using open Channel [id: 0xabf81296, L:/127.0.0.1:60532 - R:localhost/127.0.0.1:48692] for GET '/session/bd2daab9524a8cf20eef9bac33c035d0/url'
02:24:45.894 [AsyncHttpClient-1-8] DEBUG org.asynchttpclient.netty.handler.HttpHandler - 

Request DefaultFullHttpRequest(decodeResult: success, version: HTTP/1.1, content: EmptyByteBufBE)
GET /session/bd2daab9524a8cf20eef9bac33c035d0/url HTTP/1.1
User-Agent: selenium/4.8.1 (java windows)
Cache-Control: no-cache
Content-Type: application/json; charset=utf-8
host: localhost:48692
accept: */*

Response DefaultHttpResponse(decodeResult: success, version: HTTP/1.1)
HTTP/1.1 200 OK
Content-Length: 42
Content-Type: application/json; charset=utf-8
cache-control: no-cache

02:24:45.894 [AsyncHttpClient-1-8] DEBUG org.asynchttpclient.netty.channel.ChannelManager - Adding key: http://localhost:48692 for channel [id: 0xabf81296, L:/127.0.0.1:60532 - R:localhost/127.0.0.1:48692]
02:24:45.894 [Forwarding screenshot on session bd2daab9524a8cf20eef9bac33c035d0 to remote] DEBUG org.asynchttpclient.netty.request.NettyRequestSender - Using pooled Channel '[id: 0xabf81296, L:/127.0.0.1:60532 - R:localhost/127.0.0.1:48692]' for 'GET' to 'http://localhost:48692/session/bd2daab9524a8cf20eef9bac33c035d0/screenshot'
02:24:45.894 [Forwarding screenshot on session bd2daab9524a8cf20eef9bac33c035d0 to remote] DEBUG org.asynchttpclient.netty.request.NettyRequestSender - Using open Channel [id: 0xabf81296, L:/127.0.0.1:60532 - R:localhost/127.0.0.1:48692] for GET '/session/bd2daab9524a8cf20eef9bac33c035d0/screenshot'
02:24:46.172 [AsyncHttpClient-1-8] DEBUG org.asynchttpclient.netty.handler.HttpHandler - 

Request DefaultFullHttpRequest(decodeResult: success, version: HTTP/1.1, content: EmptyByteBufBE)
GET /session/bd2daab9524a8cf20eef9bac33c035d0/screenshot HTTP/1.1
User-Agent: selenium/4.8.1 (java windows)
Cache-Control: no-cache
Content-Type: application/json; charset=utf-8
host: localhost:48692
accept: */*

Response DefaultHttpResponse(decodeResult: success, version: HTTP/1.1)
HTTP/1.1 200 OK
Content-Length: 277256
Content-Type: application/json; charset=utf-8
cache-control: no-cache

02:24:46.173 [AsyncHttpClient-1-8] DEBUG org.asynchttpclient.netty.channel.ChannelManager - Adding key: http://localhost:48692 for channel [id: 0xabf81296, L:/127.0.0.1:60532 - R:localhost/127.0.0.1:48692]
02:24:46.177 [main] DEBUG net.serenitybdd.core.photography.Darkroom - Send negative for processing for target\site\serenity\6c14964afb175fcd1fcd055aeac833a40b5cdc11bb14153ac4af1122dd145a3e.png
02:24:46.178 [main] DEBUG net.thucydides.core.steps.StepInterceptor - STEP DONE: clickLoginButton
02:24:46.181 [Forwarding getPageSource on session bd2daab9524a8cf20eef9bac33c035d0 to remote] DEBUG org.asynchttpclient.netty.request.NettyRequestSender - Using pooled Channel '[id: 0xabf81296, L:/127.0.0.1:60532 - R:localhost/127.0.0.1:48692]' for 'POST' to 'http://localhost:48692/session/bd2daab9524a8cf20eef9bac33c035d0/execute/sync'
02:24:46.181 [Forwarding getPageSource on session bd2daab9524a8cf20eef9bac33c035d0 to remote] DEBUG org.asynchttpclient.netty.request.NettyRequestSender - Using open Channel [id: 0xabf81296, L:/127.0.0.1:60532 - R:localhost/127.0.0.1:48692] for POST '/session/bd2daab9524a8cf20eef9bac33c035d0/execute/sync'
02:24:46.191 [AsyncHttpClient-1-8] DEBUG org.asynchttpclient.netty.handler.HttpHandler - 

Request DefaultHttpRequest(decodeResult: success, version: HTTP/1.1)
POST /session/bd2daab9524a8cf20eef9bac33c035d0/execute/sync HTTP/1.1
User-Agent: selenium/4.8.1 (java windows)
Content-Length: 176
Content-Type: application/json; charset=utf-8
host: localhost:48692
accept: */*

Response DefaultHttpResponse(decodeResult: success, version: HTTP/1.1)
HTTP/1.1 200 OK
Content-Length: 96996
Content-Type: application/json; charset=utf-8
cache-control: no-cache

02:24:46.191 [AsyncHttpClient-1-8] DEBUG org.asynchttpclient.netty.channel.ChannelManager - Adding key: http://localhost:48692 for channel [id: 0xabf81296, L:/127.0.0.1:60532 - R:localhost/127.0.0.1:48692]
02:24:46.195 [Forwarding getCurrentUrl on session bd2daab9524a8cf20eef9bac33c035d0 to remote] DEBUG org.asynchttpclient.netty.request.NettyRequestSender - Using pooled Channel '[id: 0xabf81296, L:/127.0.0.1:60532 - R:localhost/127.0.0.1:48692]' for 'GET' to 'http://localhost:48692/session/bd2daab9524a8cf20eef9bac33c035d0/url'
02:24:46.195 [Forwarding getCurrentUrl on session bd2daab9524a8cf20eef9bac33c035d0 to remote] DEBUG org.asynchttpclient.netty.request.NettyRequestSender - Using open Channel [id: 0xabf81296, L:/127.0.0.1:60532 - R:localhost/127.0.0.1:48692] for GET '/session/bd2daab9524a8cf20eef9bac33c035d0/url'
02:24:46.198 [AsyncHttpClient-1-8] DEBUG org.asynchttpclient.netty.handler.HttpHandler - 

Request DefaultFullHttpRequest(decodeResult: success, version: HTTP/1.1, content: EmptyByteBufBE)
GET /session/bd2daab9524a8cf20eef9bac33c035d0/url HTTP/1.1
User-Agent: selenium/4.8.1 (java windows)
Cache-Control: no-cache
Content-Type: application/json; charset=utf-8
host: localhost:48692
accept: */*

Response DefaultHttpResponse(decodeResult: success, version: HTTP/1.1)
HTTP/1.1 200 OK
Content-Length: 42
Content-Type: application/json; charset=utf-8
cache-control: no-cache

02:24:46.198 [AsyncHttpClient-1-8] DEBUG org.asynchttpclient.netty.channel.ChannelManager - Adding key: http://localhost:48692 for channel [id: 0xabf81296, L:/127.0.0.1:60532 - R:localhost/127.0.0.1:48692]
02:24:46.200 [main] DEBUG net.thucydides.core.steps.StepInterceptor - STARTING STEP: PaymentMethodSteps.onTheIsiPulsaPage - inputEmail
02:24:46.203 [Forwarding findElement on session bd2daab9524a8cf20eef9bac33c035d0 to remote] DEBUG org.asynchttpclient.netty.request.NettyRequestSender - Using pooled Channel '[id: 0xabf81296, L:/127.0.0.1:60532 - R:localhost/127.0.0.1:48692]' for 'POST' to 'http://localhost:48692/session/bd2daab9524a8cf20eef9bac33c035d0/element'
02:24:46.203 [Forwarding findElement on session bd2daab9524a8cf20eef9bac33c035d0 to remote] DEBUG org.asynchttpclient.netty.request.NettyRequestSender - Using open Channel [id: 0xabf81296, L:/127.0.0.1:60532 - R:localhost/127.0.0.1:48692] for POST '/session/bd2daab9524a8cf20eef9bac33c035d0/element'
02:24:46.213 [AsyncHttpClient-1-8] DEBUG org.asynchttpclient.netty.handler.HttpHandler - 

Request DefaultHttpRequest(decodeResult: success, version: HTTP/1.1)
POST /session/bd2daab9524a8cf20eef9bac33c035d0/element HTTP/1.1
User-Agent: selenium/4.8.1 (java windows)
Content-Length: 50
Content-Type: application/json; charset=utf-8
host: localhost:48692
accept: */*

Response DefaultHttpResponse(decodeResult: success, version: HTTP/1.1)
HTTP/1.1 200 OK
Content-Length: 88
Content-Type: application/json; charset=utf-8
cache-control: no-cache

02:24:46.213 [AsyncHttpClient-1-8] DEBUG org.asynchttpclient.netty.channel.ChannelManager - Adding key: http://localhost:48692 for channel [id: 0xabf81296, L:/127.0.0.1:60532 - R:localhost/127.0.0.1:48692]
02:24:46.214 [Forwarding clearElement on session bd2daab9524a8cf20eef9bac33c035d0 to remote] DEBUG org.asynchttpclient.netty.request.NettyRequestSender - Using pooled Channel '[id: 0xabf81296, L:/127.0.0.1:60532 - R:localhost/127.0.0.1:48692]' for 'POST' to 'http://localhost:48692/session/bd2daab9524a8cf20eef9bac33c035d0/element/5f78992c-2619-425c-b22d-f0db2d822e5a/clear'
02:24:46.214 [Forwarding clearElement on session bd2daab9524a8cf20eef9bac33c035d0 to remote] DEBUG org.asynchttpclient.netty.request.NettyRequestSender - Using open Channel [id: 0xabf81296, L:/127.0.0.1:60532 - R:localhost/127.0.0.1:48692] for POST '/session/bd2daab9524a8cf20eef9bac33c035d0/element/5f78992c-2619-425c-b22d-f0db2d822e5a/clear'
02:24:46.240 [AsyncHttpClient-1-8] DEBUG org.asynchttpclient.netty.handler.HttpHandler - 

Request DefaultHttpRequest(decodeResult: success, version: HTTP/1.1)
POST /session/bd2daab9524a8cf20eef9bac33c035d0/element/5f78992c-2619-425c-b22d-f0db2d822e5a/clear HTTP/1.1
User-Agent: selenium/4.8.1 (java windows)
Content-Length: 50
Content-Type: application/json; charset=utf-8
host: localhost:48692
accept: */*

Response DefaultHttpResponse(decodeResult: success, version: HTTP/1.1)
HTTP/1.1 200 OK
Content-Length: 14
Content-Type: application/json; charset=utf-8
cache-control: no-cache

02:24:46.240 [AsyncHttpClient-1-8] DEBUG org.asynchttpclient.netty.channel.ChannelManager - Adding key: http://localhost:48692 for channel [id: 0xabf81296, L:/127.0.0.1:60532 - R:localhost/127.0.0.1:48692]
02:24:46.241 [Forwarding sendKeysToElement on session bd2daab9524a8cf20eef9bac33c035d0 to remote] DEBUG org.asynchttpclient.netty.request.NettyRequestSender - Using pooled Channel '[id: 0xabf81296, L:/127.0.0.1:60532 - R:localhost/127.0.0.1:48692]' for 'POST' to 'http://localhost:48692/session/bd2daab9524a8cf20eef9bac33c035d0/element/5f78992c-2619-425c-b22d-f0db2d822e5a/value'
02:24:46.241 [Forwarding sendKeysToElement on session bd2daab9524a8cf20eef9bac33c035d0 to remote] DEBUG org.asynchttpclient.netty.request.NettyRequestSender - Using open Channel [id: 0xabf81296, L:/127.0.0.1:60532 - R:localhost/127.0.0.1:48692] for POST '/session/bd2daab9524a8cf20eef9bac33c035d0/element/5f78992c-2619-425c-b22d-f0db2d822e5a/value'
02:24:46.335 [AsyncHttpClient-1-8] DEBUG org.asynchttpclient.netty.handler.HttpHandler - 

Request DefaultHttpRequest(decodeResult: success, version: HTTP/1.1)
POST /session/bd2daab9524a8cf20eef9bac33c035d0/element/5f78992c-2619-425c-b22d-f0db2d822e5a/value HTTP/1.1
User-Agent: selenium/4.8.1 (java windows)
Content-Length: 331
Content-Type: application/json; charset=utf-8
host: localhost:48692
accept: */*

Response DefaultHttpResponse(decodeResult: success, version: HTTP/1.1)
HTTP/1.1 200 OK
Content-Length: 14
Content-Type: application/json; charset=utf-8
cache-control: no-cache

02:24:46.335 [AsyncHttpClient-1-8] DEBUG org.asynchttpclient.netty.channel.ChannelManager - Adding key: http://localhost:48692 for channel [id: 0xabf81296, L:/127.0.0.1:60532 - R:localhost/127.0.0.1:48692]
02:24:46.340 [Forwarding getAlertText on session bd2daab9524a8cf20eef9bac33c035d0 to remote] DEBUG org.asynchttpclient.netty.request.NettyRequestSender - Using pooled Channel '[id: 0xabf81296, L:/127.0.0.1:60532 - R:localhost/127.0.0.1:48692]' for 'GET' to 'http://localhost:48692/session/bd2daab9524a8cf20eef9bac33c035d0/alert/text'
02:24:46.340 [Forwarding getAlertText on session bd2daab9524a8cf20eef9bac33c035d0 to remote] DEBUG org.asynchttpclient.netty.request.NettyRequestSender - Using open Channel [id: 0xabf81296, L:/127.0.0.1:60532 - R:localhost/127.0.0.1:48692] for GET '/session/bd2daab9524a8cf20eef9bac33c035d0/alert/text'
02:24:46.342 [AsyncHttpClient-1-1] DEBUG org.asynchttpclient.netty.channel.DefaultChannelPool - Entry count for : http://localhost:60533 : 1
02:24:46.342 [AsyncHttpClient-1-8] DEBUG org.asynchttpclient.netty.handler.HttpHandler - 

Request DefaultFullHttpRequest(decodeResult: success, version: HTTP/1.1, content: EmptyByteBufBE)
GET /session/bd2daab9524a8cf20eef9bac33c035d0/alert/text HTTP/1.1
User-Agent: selenium/4.8.1 (java windows)
Cache-Control: no-cache
Content-Type: application/json; charset=utf-8
host: localhost:48692
accept: */*

Response DefaultHttpResponse(decodeResult: success, version: HTTP/1.1)
HTTP/1.1 404 Not Found
Content-Length: 836
Content-Type: application/json; charset=utf-8
cache-control: no-cache

02:24:46.342 [AsyncHttpClient-1-8] DEBUG org.asynchttpclient.netty.channel.ChannelManager - Adding key: http://localhost:48692 for channel [id: 0xabf81296, L:/127.0.0.1:60532 - R:localhost/127.0.0.1:48692]
02:24:46.343 [Forwarding getCurrentUrl on session bd2daab9524a8cf20eef9bac33c035d0 to remote] DEBUG org.asynchttpclient.netty.request.NettyRequestSender - Using pooled Channel '[id: 0xabf81296, L:/127.0.0.1:60532 - R:localhost/127.0.0.1:48692]' for 'GET' to 'http://localhost:48692/session/bd2daab9524a8cf20eef9bac33c035d0/url'
02:24:46.343 [Forwarding getCurrentUrl on session bd2daab9524a8cf20eef9bac33c035d0 to remote] DEBUG org.asynchttpclient.netty.request.NettyRequestSender - Using open Channel [id: 0xabf81296, L:/127.0.0.1:60532 - R:localhost/127.0.0.1:48692] for GET '/session/bd2daab9524a8cf20eef9bac33c035d0/url'
02:24:46.347 [AsyncHttpClient-1-8] DEBUG org.asynchttpclient.netty.handler.HttpHandler - 

Request DefaultFullHttpRequest(decodeResult: success, version: HTTP/1.1, content: EmptyByteBufBE)
GET /session/bd2daab9524a8cf20eef9bac33c035d0/url HTTP/1.1
User-Agent: selenium/4.8.1 (java windows)
Cache-Control: no-cache
Content-Type: application/json; charset=utf-8
host: localhost:48692
accept: */*

Response DefaultHttpResponse(decodeResult: success, version: HTTP/1.1)
HTTP/1.1 200 OK
Content-Length: 42
Content-Type: application/json; charset=utf-8
cache-control: no-cache

02:24:46.347 [AsyncHttpClient-1-8] DEBUG org.asynchttpclient.netty.channel.ChannelManager - Adding key: http://localhost:48692 for channel [id: 0xabf81296, L:/127.0.0.1:60532 - R:localhost/127.0.0.1:48692]
02:24:46.348 [Forwarding screenshot on session bd2daab9524a8cf20eef9bac33c035d0 to remote] DEBUG org.asynchttpclient.netty.request.NettyRequestSender - Using pooled Channel '[id: 0xabf81296, L:/127.0.0.1:60532 - R:localhost/127.0.0.1:48692]' for 'GET' to 'http://localhost:48692/session/bd2daab9524a8cf20eef9bac33c035d0/screenshot'
02:24:46.348 [Forwarding screenshot on session bd2daab9524a8cf20eef9bac33c035d0 to remote] DEBUG org.asynchttpclient.netty.request.NettyRequestSender - Using open Channel [id: 0xabf81296, L:/127.0.0.1:60532 - R:localhost/127.0.0.1:48692] for GET '/session/bd2daab9524a8cf20eef9bac33c035d0/screenshot'
02:24:46.486 [AsyncHttpClient-1-8] DEBUG org.asynchttpclient.netty.handler.HttpHandler - 

Request DefaultFullHttpRequest(decodeResult: success, version: HTTP/1.1, content: EmptyByteBufBE)
GET /session/bd2daab9524a8cf20eef9bac33c035d0/screenshot HTTP/1.1
User-Agent: selenium/4.8.1 (java windows)
Cache-Control: no-cache
Content-Type: application/json; charset=utf-8
host: localhost:48692
accept: */*

Response DefaultHttpResponse(decodeResult: success, version: HTTP/1.1)
HTTP/1.1 200 OK
Content-Length: 282296
Content-Type: application/json; charset=utf-8
cache-control: no-cache

02:24:46.486 [AsyncHttpClient-1-8] DEBUG org.asynchttpclient.netty.channel.ChannelManager - Adding key: http://localhost:48692 for channel [id: 0xabf81296, L:/127.0.0.1:60532 - R:localhost/127.0.0.1:48692]
02:24:46.491 [main] DEBUG net.serenitybdd.core.photography.Darkroom - Send negative for processing for target\site\serenity\4ca65fcd2b0d0be8089be4a005e5607e73d5d3d38d5c68516de0e6aab3686de3.png
02:24:46.491 [main] DEBUG net.thucydides.core.steps.StepInterceptor - STEP DONE: inputEmail
02:24:46.491 [Darkroom Processing Line] DEBUG net.serenitybdd.core.photography.DarkroomProcessingLine - Processing screenshot image in /var/screenshots/screenshot-6363699980334777529
02:24:46.491 [Darkroom Processing Line] DEBUG net.serenitybdd.core.photography.DarkroomProcessingLine - Saving screenshot to target\site\serenity\4ca65fcd2b0d0be8089be4a005e5607e73d5d3d38d5c68516de0e6aab3686de3.png
02:24:46.497 [Forwarding getPageSource on session bd2daab9524a8cf20eef9bac33c035d0 to remote] DEBUG org.asynchttpclient.netty.request.NettyRequestSender - Using pooled Channel '[id: 0xabf81296, L:/127.0.0.1:60532 - R:localhost/127.0.0.1:48692]' for 'POST' to 'http://localhost:48692/session/bd2daab9524a8cf20eef9bac33c035d0/execute/sync'
02:24:46.497 [Forwarding getPageSource on session bd2daab9524a8cf20eef9bac33c035d0 to remote] DEBUG org.asynchttpclient.netty.request.NettyRequestSender - Using open Channel [id: 0xabf81296, L:/127.0.0.1:60532 - R:localhost/127.0.0.1:48692] for POST '/session/bd2daab9524a8cf20eef9bac33c035d0/execute/sync'
02:24:46.506 [AsyncHttpClient-1-8] DEBUG org.asynchttpclient.netty.handler.HttpHandler - 

Request DefaultHttpRequest(decodeResult: success, version: HTTP/1.1)
POST /session/bd2daab9524a8cf20eef9bac33c035d0/execute/sync HTTP/1.1
User-Agent: selenium/4.8.1 (java windows)
Content-Length: 176
Content-Type: application/json; charset=utf-8
host: localhost:48692
accept: */*

Response DefaultHttpResponse(decodeResult: success, version: HTTP/1.1)
HTTP/1.1 200 OK
Content-Length: 97045
Content-Type: application/json; charset=utf-8
cache-control: no-cache

02:24:46.506 [AsyncHttpClient-1-8] DEBUG org.asynchttpclient.netty.channel.ChannelManager - Adding key: http://localhost:48692 for channel [id: 0xabf81296, L:/127.0.0.1:60532 - R:localhost/127.0.0.1:48692]
02:24:46.510 [Forwarding getCurrentUrl on session bd2daab9524a8cf20eef9bac33c035d0 to remote] DEBUG org.asynchttpclient.netty.request.NettyRequestSender - Using pooled Channel '[id: 0xabf81296, L:/127.0.0.1:60532 - R:localhost/127.0.0.1:48692]' for 'GET' to 'http://localhost:48692/session/bd2daab9524a8cf20eef9bac33c035d0/url'
02:24:46.510 [Forwarding getCurrentUrl on session bd2daab9524a8cf20eef9bac33c035d0 to remote] DEBUG org.asynchttpclient.netty.request.NettyRequestSender - Using open Channel [id: 0xabf81296, L:/127.0.0.1:60532 - R:localhost/127.0.0.1:48692] for GET '/session/bd2daab9524a8cf20eef9bac33c035d0/url'
02:24:46.515 [AsyncHttpClient-1-8] DEBUG org.asynchttpclient.netty.handler.HttpHandler - 

Request DefaultFullHttpRequest(decodeResult: success, version: HTTP/1.1, content: EmptyByteBufBE)
GET /session/bd2daab9524a8cf20eef9bac33c035d0/url HTTP/1.1
User-Agent: selenium/4.8.1 (java windows)
Cache-Control: no-cache
Content-Type: application/json; charset=utf-8
host: localhost:48692
accept: */*

Response DefaultHttpResponse(decodeResult: success, version: HTTP/1.1)
HTTP/1.1 200 OK
Content-Length: 42
Content-Type: application/json; charset=utf-8
cache-control: no-cache

02:24:46.515 [AsyncHttpClient-1-8] DEBUG org.asynchttpclient.netty.channel.ChannelManager - Adding key: http://localhost:48692 for channel [id: 0xabf81296, L:/127.0.0.1:60532 - R:localhost/127.0.0.1:48692]
02:24:46.517 [main] DEBUG net.thucydides.core.steps.StepInterceptor - STARTING STEP: PaymentMethodSteps.onTheIsiPulsaPage - inputPassword
02:24:46.518 [Forwarding findElement on session bd2daab9524a8cf20eef9bac33c035d0 to remote] DEBUG org.asynchttpclient.netty.request.NettyRequestSender - Using pooled Channel '[id: 0xabf81296, L:/127.0.0.1:60532 - R:localhost/127.0.0.1:48692]' for 'POST' to 'http://localhost:48692/session/bd2daab9524a8cf20eef9bac33c035d0/element'
02:24:46.518 [Forwarding findElement on session bd2daab9524a8cf20eef9bac33c035d0 to remote] DEBUG org.asynchttpclient.netty.request.NettyRequestSender - Using open Channel [id: 0xabf81296, L:/127.0.0.1:60532 - R:localhost/127.0.0.1:48692] for POST '/session/bd2daab9524a8cf20eef9bac33c035d0/element'
02:24:46.527 [AsyncHttpClient-1-8] DEBUG org.asynchttpclient.netty.handler.HttpHandler - 

Request DefaultHttpRequest(decodeResult: success, version: HTTP/1.1)
POST /session/bd2daab9524a8cf20eef9bac33c035d0/element HTTP/1.1
User-Agent: selenium/4.8.1 (java windows)
Content-Length: 53
Content-Type: application/json; charset=utf-8
host: localhost:48692
accept: */*

Response DefaultHttpResponse(decodeResult: success, version: HTTP/1.1)
HTTP/1.1 200 OK
Content-Length: 88
Content-Type: application/json; charset=utf-8
cache-control: no-cache

02:24:46.527 [AsyncHttpClient-1-8] DEBUG org.asynchttpclient.netty.channel.ChannelManager - Adding key: http://localhost:48692 for channel [id: 0xabf81296, L:/127.0.0.1:60532 - R:localhost/127.0.0.1:48692]
02:24:46.528 [Forwarding clearElement on session bd2daab9524a8cf20eef9bac33c035d0 to remote] DEBUG org.asynchttpclient.netty.request.NettyRequestSender - Using pooled Channel '[id: 0xabf81296, L:/127.0.0.1:60532 - R:localhost/127.0.0.1:48692]' for 'POST' to 'http://localhost:48692/session/bd2daab9524a8cf20eef9bac33c035d0/element/3feea1c6-f7e5-4635-8eda-a3dd60001408/clear'
02:24:46.528 [Forwarding clearElement on session bd2daab9524a8cf20eef9bac33c035d0 to remote] DEBUG org.asynchttpclient.netty.request.NettyRequestSender - Using open Channel [id: 0xabf81296, L:/127.0.0.1:60532 - R:localhost/127.0.0.1:48692] for POST '/session/bd2daab9524a8cf20eef9bac33c035d0/element/3feea1c6-f7e5-4635-8eda-a3dd60001408/clear'
02:24:46.552 [AsyncHttpClient-1-8] DEBUG org.asynchttpclient.netty.handler.HttpHandler - 

Request DefaultHttpRequest(decodeResult: success, version: HTTP/1.1)
POST /session/bd2daab9524a8cf20eef9bac33c035d0/element/3feea1c6-f7e5-4635-8eda-a3dd60001408/clear HTTP/1.1
User-Agent: selenium/4.8.1 (java windows)
Content-Length: 50
Content-Type: application/json; charset=utf-8
host: localhost:48692
accept: */*

Response DefaultHttpResponse(decodeResult: success, version: HTTP/1.1)
HTTP/1.1 200 OK
Content-Length: 14
Content-Type: application/json; charset=utf-8
cache-control: no-cache

02:24:46.552 [AsyncHttpClient-1-8] DEBUG org.asynchttpclient.netty.channel.ChannelManager - Adding key: http://localhost:48692 for channel [id: 0xabf81296, L:/127.0.0.1:60532 - R:localhost/127.0.0.1:48692]
02:24:46.553 [Forwarding sendKeysToElement on session bd2daab9524a8cf20eef9bac33c035d0 to remote] DEBUG org.asynchttpclient.netty.request.NettyRequestSender - Using pooled Channel '[id: 0xabf81296, L:/127.0.0.1:60532 - R:localhost/127.0.0.1:48692]' for 'POST' to 'http://localhost:48692/session/bd2daab9524a8cf20eef9bac33c035d0/element/3feea1c6-f7e5-4635-8eda-a3dd60001408/value'
02:24:46.553 [Forwarding sendKeysToElement on session bd2daab9524a8cf20eef9bac33c035d0 to remote] DEBUG org.asynchttpclient.netty.request.NettyRequestSender - Using open Channel [id: 0xabf81296, L:/127.0.0.1:60532 - R:localhost/127.0.0.1:48692] for POST '/session/bd2daab9524a8cf20eef9bac33c035d0/element/3feea1c6-f7e5-4635-8eda-a3dd60001408/value'
02:24:46.615 [AsyncHttpClient-1-8] DEBUG org.asynchttpclient.netty.handler.HttpHandler - 

Request DefaultHttpRequest(decodeResult: success, version: HTTP/1.1)
POST /session/bd2daab9524a8cf20eef9bac33c035d0/element/3feea1c6-f7e5-4635-8eda-a3dd60001408/value HTTP/1.1
User-Agent: selenium/4.8.1 (java windows)
Content-Length: 241
Content-Type: application/json; charset=utf-8
host: localhost:48692
accept: */*

Response DefaultHttpResponse(decodeResult: success, version: HTTP/1.1)
HTTP/1.1 200 OK
Content-Length: 14
Content-Type: application/json; charset=utf-8
cache-control: no-cache

02:24:46.615 [AsyncHttpClient-1-8] DEBUG org.asynchttpclient.netty.channel.ChannelManager - Adding key: http://localhost:48692 for channel [id: 0xabf81296, L:/127.0.0.1:60532 - R:localhost/127.0.0.1:48692]
02:24:46.619 [Forwarding getAlertText on session bd2daab9524a8cf20eef9bac33c035d0 to remote] DEBUG org.asynchttpclient.netty.request.NettyRequestSender - Using pooled Channel '[id: 0xabf81296, L:/127.0.0.1:60532 - R:localhost/127.0.0.1:48692]' for 'GET' to 'http://localhost:48692/session/bd2daab9524a8cf20eef9bac33c035d0/alert/text'
02:24:46.619 [Forwarding getAlertText on session bd2daab9524a8cf20eef9bac33c035d0 to remote] DEBUG org.asynchttpclient.netty.request.NettyRequestSender - Using open Channel [id: 0xabf81296, L:/127.0.0.1:60532 - R:localhost/127.0.0.1:48692] for GET '/session/bd2daab9524a8cf20eef9bac33c035d0/alert/text'
02:24:46.621 [AsyncHttpClient-1-8] DEBUG org.asynchttpclient.netty.handler.HttpHandler - 

Request DefaultFullHttpRequest(decodeResult: success, version: HTTP/1.1, content: EmptyByteBufBE)
GET /session/bd2daab9524a8cf20eef9bac33c035d0/alert/text HTTP/1.1
User-Agent: selenium/4.8.1 (java windows)
Cache-Control: no-cache
Content-Type: application/json; charset=utf-8
host: localhost:48692
accept: */*

Response DefaultHttpResponse(decodeResult: success, version: HTTP/1.1)
HTTP/1.1 404 Not Found
Content-Length: 836
Content-Type: application/json; charset=utf-8
cache-control: no-cache

02:24:46.621 [AsyncHttpClient-1-8] DEBUG org.asynchttpclient.netty.channel.ChannelManager - Adding key: http://localhost:48692 for channel [id: 0xabf81296, L:/127.0.0.1:60532 - R:localhost/127.0.0.1:48692]
02:24:46.622 [Forwarding getCurrentUrl on session bd2daab9524a8cf20eef9bac33c035d0 to remote] DEBUG org.asynchttpclient.netty.request.NettyRequestSender - Using pooled Channel '[id: 0xabf81296, L:/127.0.0.1:60532 - R:localhost/127.0.0.1:48692]' for 'GET' to 'http://localhost:48692/session/bd2daab9524a8cf20eef9bac33c035d0/url'
02:24:46.622 [Forwarding getCurrentUrl on session bd2daab9524a8cf20eef9bac33c035d0 to remote] DEBUG org.asynchttpclient.netty.request.NettyRequestSender - Using open Channel [id: 0xabf81296, L:/127.0.0.1:60532 - R:localhost/127.0.0.1:48692] for GET '/session/bd2daab9524a8cf20eef9bac33c035d0/url'
02:24:46.626 [AsyncHttpClient-1-8] DEBUG org.asynchttpclient.netty.handler.HttpHandler - 

Request DefaultFullHttpRequest(decodeResult: success, version: HTTP/1.1, content: EmptyByteBufBE)
GET /session/bd2daab9524a8cf20eef9bac33c035d0/url HTTP/1.1
User-Agent: selenium/4.8.1 (java windows)
Cache-Control: no-cache
Content-Type: application/json; charset=utf-8
host: localhost:48692
accept: */*

Response DefaultHttpResponse(decodeResult: success, version: HTTP/1.1)
HTTP/1.1 200 OK
Content-Length: 42
Content-Type: application/json; charset=utf-8
cache-control: no-cache

02:24:46.626 [AsyncHttpClient-1-8] DEBUG org.asynchttpclient.netty.channel.ChannelManager - Adding key: http://localhost:48692 for channel [id: 0xabf81296, L:/127.0.0.1:60532 - R:localhost/127.0.0.1:48692]
02:24:46.627 [Forwarding screenshot on session bd2daab9524a8cf20eef9bac33c035d0 to remote] DEBUG org.asynchttpclient.netty.request.NettyRequestSender - Using pooled Channel '[id: 0xabf81296, L:/127.0.0.1:60532 - R:localhost/127.0.0.1:48692]' for 'GET' to 'http://localhost:48692/session/bd2daab9524a8cf20eef9bac33c035d0/screenshot'
02:24:46.627 [Forwarding screenshot on session bd2daab9524a8cf20eef9bac33c035d0 to remote] DEBUG org.asynchttpclient.netty.request.NettyRequestSender - Using open Channel [id: 0xabf81296, L:/127.0.0.1:60532 - R:localhost/127.0.0.1:48692] for GET '/session/bd2daab9524a8cf20eef9bac33c035d0/screenshot'
02:24:46.767 [AsyncHttpClient-1-8] DEBUG org.asynchttpclient.netty.handler.HttpHandler - 

Request DefaultFullHttpRequest(decodeResult: success, version: HTTP/1.1, content: EmptyByteBufBE)
GET /session/bd2daab9524a8cf20eef9bac33c035d0/screenshot HTTP/1.1
User-Agent: selenium/4.8.1 (java windows)
Cache-Control: no-cache
Content-Type: application/json; charset=utf-8
host: localhost:48692
accept: */*

Response DefaultHttpResponse(decodeResult: success, version: HTTP/1.1)
HTTP/1.1 200 OK
Content-Length: 283480
Content-Type: application/json; charset=utf-8
cache-control: no-cache

02:24:46.768 [AsyncHttpClient-1-8] DEBUG org.asynchttpclient.netty.channel.ChannelManager - Adding key: http://localhost:48692 for channel [id: 0xabf81296, L:/127.0.0.1:60532 - R:localhost/127.0.0.1:48692]
02:24:46.772 [main] DEBUG net.serenitybdd.core.photography.Darkroom - Send negative for processing for target\site\serenity\d82f018b19f9da270b1b65959cd2cb2d4c088897ddf14c99543654cd9f2ee63d.png
02:24:46.772 [main] DEBUG net.thucydides.core.steps.StepInterceptor - STEP DONE: inputPassword
02:24:46.773 [Darkroom Processing Line] DEBUG net.serenitybdd.core.photography.DarkroomProcessingLine - Processing screenshot image in /var/screenshots/screenshot-4407917425323151061
02:24:46.773 [Darkroom Processing Line] DEBUG net.serenitybdd.core.photography.DarkroomProcessingLine - Saving screenshot to target\site\serenity\d82f018b19f9da270b1b65959cd2cb2d4c088897ddf14c99543654cd9f2ee63d.png
02:24:46.777 [Forwarding getPageSource on session bd2daab9524a8cf20eef9bac33c035d0 to remote] DEBUG org.asynchttpclient.netty.request.NettyRequestSender - Using pooled Channel '[id: 0xabf81296, L:/127.0.0.1:60532 - R:localhost/127.0.0.1:48692]' for 'POST' to 'http://localhost:48692/session/bd2daab9524a8cf20eef9bac33c035d0/execute/sync'
02:24:46.777 [Forwarding getPageSource on session bd2daab9524a8cf20eef9bac33c035d0 to remote] DEBUG org.asynchttpclient.netty.request.NettyRequestSender - Using open Channel [id: 0xabf81296, L:/127.0.0.1:60532 - R:localhost/127.0.0.1:48692] for POST '/session/bd2daab9524a8cf20eef9bac33c035d0/execute/sync'
02:24:46.785 [AsyncHttpClient-1-8] DEBUG org.asynchttpclient.netty.handler.HttpHandler - 

Request DefaultHttpRequest(decodeResult: success, version: HTTP/1.1)
POST /session/bd2daab9524a8cf20eef9bac33c035d0/execute/sync HTTP/1.1
User-Agent: selenium/4.8.1 (java windows)
Content-Length: 176
Content-Type: application/json; charset=utf-8
host: localhost:48692
accept: */*

Response DefaultHttpResponse(decodeResult: success, version: HTTP/1.1)
HTTP/1.1 200 OK
Content-Length: 97066
Content-Type: application/json; charset=utf-8
cache-control: no-cache

02:24:46.786 [AsyncHttpClient-1-8] DEBUG org.asynchttpclient.netty.channel.ChannelManager - Adding key: http://localhost:48692 for channel [id: 0xabf81296, L:/127.0.0.1:60532 - R:localhost/127.0.0.1:48692]
02:24:46.789 [Forwarding getCurrentUrl on session bd2daab9524a8cf20eef9bac33c035d0 to remote] DEBUG org.asynchttpclient.netty.request.NettyRequestSender - Using pooled Channel '[id: 0xabf81296, L:/127.0.0.1:60532 - R:localhost/127.0.0.1:48692]' for 'GET' to 'http://localhost:48692/session/bd2daab9524a8cf20eef9bac33c035d0/url'
02:24:46.789 [Forwarding getCurrentUrl on session bd2daab9524a8cf20eef9bac33c035d0 to remote] DEBUG org.asynchttpclient.netty.request.NettyRequestSender - Using open Channel [id: 0xabf81296, L:/127.0.0.1:60532 - R:localhost/127.0.0.1:48692] for GET '/session/bd2daab9524a8cf20eef9bac33c035d0/url'
02:24:46.793 [AsyncHttpClient-1-8] DEBUG org.asynchttpclient.netty.handler.HttpHandler - 

Request DefaultFullHttpRequest(decodeResult: success, version: HTTP/1.1, content: EmptyByteBufBE)
GET /session/bd2daab9524a8cf20eef9bac33c035d0/url HTTP/1.1
User-Agent: selenium/4.8.1 (java windows)
Cache-Control: no-cache
Content-Type: application/json; charset=utf-8
host: localhost:48692
accept: */*

Response DefaultHttpResponse(decodeResult: success, version: HTTP/1.1)
HTTP/1.1 200 OK
Content-Length: 42
Content-Type: application/json; charset=utf-8
cache-control: no-cache

02:24:46.793 [AsyncHttpClient-1-8] DEBUG org.asynchttpclient.netty.channel.ChannelManager - Adding key: http://localhost:48692 for channel [id: 0xabf81296, L:/127.0.0.1:60532 - R:localhost/127.0.0.1:48692]
02:24:46.795 [main] DEBUG net.thucydides.core.steps.StepInterceptor - STARTING STEP: PaymentMethodSteps.onTheIsiPulsaPage - clickSubmitButton
02:24:46.797 [Forwarding findElement on session bd2daab9524a8cf20eef9bac33c035d0 to remote] DEBUG org.asynchttpclient.netty.request.NettyRequestSender - Using pooled Channel '[id: 0xabf81296, L:/127.0.0.1:60532 - R:localhost/127.0.0.1:48692]' for 'POST' to 'http://localhost:48692/session/bd2daab9524a8cf20eef9bac33c035d0/element'
02:24:46.797 [Forwarding findElement on session bd2daab9524a8cf20eef9bac33c035d0 to remote] DEBUG org.asynchttpclient.netty.request.NettyRequestSender - Using open Channel [id: 0xabf81296, L:/127.0.0.1:60532 - R:localhost/127.0.0.1:48692] for POST '/session/bd2daab9524a8cf20eef9bac33c035d0/element'
02:24:46.806 [AsyncHttpClient-1-8] DEBUG org.asynchttpclient.netty.handler.HttpHandler - 

Request DefaultHttpRequest(decodeResult: success, version: HTTP/1.1)
POST /session/bd2daab9524a8cf20eef9bac33c035d0/element HTTP/1.1
User-Agent: selenium/4.8.1 (java windows)
Content-Length: 57
Content-Type: application/json; charset=utf-8
host: localhost:48692
accept: */*

Response DefaultHttpResponse(decodeResult: success, version: HTTP/1.1)
HTTP/1.1 200 OK
Content-Length: 88
Content-Type: application/json; charset=utf-8
cache-control: no-cache

02:24:46.807 [AsyncHttpClient-1-8] DEBUG org.asynchttpclient.netty.channel.ChannelManager - Adding key: http://localhost:48692 for channel [id: 0xabf81296, L:/127.0.0.1:60532 - R:localhost/127.0.0.1:48692]
02:24:46.808 [Forwarding getElementTagName on session bd2daab9524a8cf20eef9bac33c035d0 to remote] DEBUG org.asynchttpclient.netty.request.NettyRequestSender - Using pooled Channel '[id: 0xabf81296, L:/127.0.0.1:60532 - R:localhost/127.0.0.1:48692]' for 'GET' to 'http://localhost:48692/session/bd2daab9524a8cf20eef9bac33c035d0/element/2a0d13e9-1a6b-439a-97b2-cabdf1dd7bf2/name'
02:24:46.808 [Forwarding getElementTagName on session bd2daab9524a8cf20eef9bac33c035d0 to remote] DEBUG org.asynchttpclient.netty.request.NettyRequestSender - Using open Channel [id: 0xabf81296, L:/127.0.0.1:60532 - R:localhost/127.0.0.1:48692] for GET '/session/bd2daab9524a8cf20eef9bac33c035d0/element/2a0d13e9-1a6b-439a-97b2-cabdf1dd7bf2/name'
02:24:46.815 [AsyncHttpClient-1-8] DEBUG org.asynchttpclient.netty.handler.HttpHandler - 

Request DefaultFullHttpRequest(decodeResult: success, version: HTTP/1.1, content: EmptyByteBufBE)
GET /session/bd2daab9524a8cf20eef9bac33c035d0/element/2a0d13e9-1a6b-439a-97b2-cabdf1dd7bf2/name HTTP/1.1
User-Agent: selenium/4.8.1 (java windows)
Cache-Control: no-cache
Content-Type: application/json; charset=utf-8
host: localhost:48692
accept: */*

Response DefaultHttpResponse(decodeResult: success, version: HTTP/1.1)
HTTP/1.1 200 OK
Content-Length: 18
Content-Type: application/json; charset=utf-8
cache-control: no-cache

02:24:46.815 [AsyncHttpClient-1-8] DEBUG org.asynchttpclient.netty.channel.ChannelManager - Adding key: http://localhost:48692 for channel [id: 0xabf81296, L:/127.0.0.1:60532 - R:localhost/127.0.0.1:48692]
02:24:46.816 [Forwarding getElementTagName on session bd2daab9524a8cf20eef9bac33c035d0 to remote] DEBUG org.asynchttpclient.netty.request.NettyRequestSender - Using pooled Channel '[id: 0xabf81296, L:/127.0.0.1:60532 - R:localhost/127.0.0.1:48692]' for 'GET' to 'http://localhost:48692/session/bd2daab9524a8cf20eef9bac33c035d0/element/2a0d13e9-1a6b-439a-97b2-cabdf1dd7bf2/name'
02:24:46.816 [Forwarding getElementTagName on session bd2daab9524a8cf20eef9bac33c035d0 to remote] DEBUG org.asynchttpclient.netty.request.NettyRequestSender - Using open Channel [id: 0xabf81296, L:/127.0.0.1:60532 - R:localhost/127.0.0.1:48692] for GET '/session/bd2daab9524a8cf20eef9bac33c035d0/element/2a0d13e9-1a6b-439a-97b2-cabdf1dd7bf2/name'
02:24:46.820 [AsyncHttpClient-1-8] DEBUG org.asynchttpclient.netty.handler.HttpHandler - 

Request DefaultFullHttpRequest(decodeResult: success, version: HTTP/1.1, content: EmptyByteBufBE)
GET /session/bd2daab9524a8cf20eef9bac33c035d0/element/2a0d13e9-1a6b-439a-97b2-cabdf1dd7bf2/name HTTP/1.1
User-Agent: selenium/4.8.1 (java windows)
Cache-Control: no-cache
Content-Type: application/json; charset=utf-8
host: localhost:48692
accept: */*

Response DefaultHttpResponse(decodeResult: success, version: HTTP/1.1)
HTTP/1.1 200 OK
Content-Length: 18
Content-Type: application/json; charset=utf-8
cache-control: no-cache

02:24:46.820 [AsyncHttpClient-1-8] DEBUG org.asynchttpclient.netty.channel.ChannelManager - Adding key: http://localhost:48692 for channel [id: 0xabf81296, L:/127.0.0.1:60532 - R:localhost/127.0.0.1:48692]
02:24:46.821 [Forwarding isElementEnabled on session bd2daab9524a8cf20eef9bac33c035d0 to remote] DEBUG org.asynchttpclient.netty.request.NettyRequestSender - Using pooled Channel '[id: 0xabf81296, L:/127.0.0.1:60532 - R:localhost/127.0.0.1:48692]' for 'GET' to 'http://localhost:48692/session/bd2daab9524a8cf20eef9bac33c035d0/element/2a0d13e9-1a6b-439a-97b2-cabdf1dd7bf2/enabled'
02:24:46.821 [Forwarding isElementEnabled on session bd2daab9524a8cf20eef9bac33c035d0 to remote] DEBUG org.asynchttpclient.netty.request.NettyRequestSender - Using open Channel [id: 0xabf81296, L:/127.0.0.1:60532 - R:localhost/127.0.0.1:48692] for GET '/session/bd2daab9524a8cf20eef9bac33c035d0/element/2a0d13e9-1a6b-439a-97b2-cabdf1dd7bf2/enabled'
02:24:46.828 [AsyncHttpClient-1-8] DEBUG org.asynchttpclient.netty.handler.HttpHandler - 

Request DefaultFullHttpRequest(decodeResult: success, version: HTTP/1.1, content: EmptyByteBufBE)
GET /session/bd2daab9524a8cf20eef9bac33c035d0/element/2a0d13e9-1a6b-439a-97b2-cabdf1dd7bf2/enabled HTTP/1.1
User-Agent: selenium/4.8.1 (java windows)
Cache-Control: no-cache
Content-Type: application/json; charset=utf-8
host: localhost:48692
accept: */*

Response DefaultHttpResponse(decodeResult: success, version: HTTP/1.1)
HTTP/1.1 200 OK
Content-Length: 14
Content-Type: application/json; charset=utf-8
cache-control: no-cache

02:24:46.828 [AsyncHttpClient-1-8] DEBUG org.asynchttpclient.netty.channel.ChannelManager - Adding key: http://localhost:48692 for channel [id: 0xabf81296, L:/127.0.0.1:60532 - R:localhost/127.0.0.1:48692]
02:24:46.829 [Forwarding isElementEnabled on session bd2daab9524a8cf20eef9bac33c035d0 to remote] DEBUG org.asynchttpclient.netty.request.NettyRequestSender - Using pooled Channel '[id: 0xabf81296, L:/127.0.0.1:60532 - R:localhost/127.0.0.1:48692]' for 'GET' to 'http://localhost:48692/session/bd2daab9524a8cf20eef9bac33c035d0/element/2a0d13e9-1a6b-439a-97b2-cabdf1dd7bf2/enabled'
02:24:46.830 [Forwarding isElementEnabled on session bd2daab9524a8cf20eef9bac33c035d0 to remote] DEBUG org.asynchttpclient.netty.request.NettyRequestSender - Using open Channel [id: 0xabf81296, L:/127.0.0.1:60532 - R:localhost/127.0.0.1:48692] for GET '/session/bd2daab9524a8cf20eef9bac33c035d0/element/2a0d13e9-1a6b-439a-97b2-cabdf1dd7bf2/enabled'
02:24:46.835 [AsyncHttpClient-1-8] DEBUG org.asynchttpclient.netty.handler.HttpHandler - 

Request DefaultFullHttpRequest(decodeResult: success, version: HTTP/1.1, content: EmptyByteBufBE)
GET /session/bd2daab9524a8cf20eef9bac33c035d0/element/2a0d13e9-1a6b-439a-97b2-cabdf1dd7bf2/enabled HTTP/1.1
User-Agent: selenium/4.8.1 (java windows)
Cache-Control: no-cache
Content-Type: application/json; charset=utf-8
host: localhost:48692
accept: */*

Response DefaultHttpResponse(decodeResult: success, version: HTTP/1.1)
HTTP/1.1 200 OK
Content-Length: 14
Content-Type: application/json; charset=utf-8
cache-control: no-cache

02:24:46.835 [AsyncHttpClient-1-8] DEBUG org.asynchttpclient.netty.channel.ChannelManager - Adding key: http://localhost:48692 for channel [id: 0xabf81296, L:/127.0.0.1:60532 - R:localhost/127.0.0.1:48692]
02:24:46.836 [Forwarding findElement on session bd2daab9524a8cf20eef9bac33c035d0 to remote] DEBUG org.asynchttpclient.netty.request.NettyRequestSender - Using pooled Channel '[id: 0xabf81296, L:/127.0.0.1:60532 - R:localhost/127.0.0.1:48692]' for 'POST' to 'http://localhost:48692/session/bd2daab9524a8cf20eef9bac33c035d0/element'
02:24:46.836 [Forwarding findElement on session bd2daab9524a8cf20eef9bac33c035d0 to remote] DEBUG org.asynchttpclient.netty.request.NettyRequestSender - Using open Channel [id: 0xabf81296, L:/127.0.0.1:60532 - R:localhost/127.0.0.1:48692] for POST '/session/bd2daab9524a8cf20eef9bac33c035d0/element'
02:24:46.842 [AsyncHttpClient-1-8] DEBUG org.asynchttpclient.netty.handler.HttpHandler - 

Request DefaultHttpRequest(decodeResult: success, version: HTTP/1.1)
POST /session/bd2daab9524a8cf20eef9bac33c035d0/element HTTP/1.1
User-Agent: selenium/4.8.1 (java windows)
Content-Length: 57
Content-Type: application/json; charset=utf-8
host: localhost:48692
accept: */*

Response DefaultHttpResponse(decodeResult: success, version: HTTP/1.1)
HTTP/1.1 200 OK
Content-Length: 88
Content-Type: application/json; charset=utf-8
cache-control: no-cache

02:24:46.842 [AsyncHttpClient-1-8] DEBUG org.asynchttpclient.netty.channel.ChannelManager - Adding key: http://localhost:48692 for channel [id: 0xabf81296, L:/127.0.0.1:60532 - R:localhost/127.0.0.1:48692]
02:24:46.843 [Forwarding clickElement on session bd2daab9524a8cf20eef9bac33c035d0 to remote] DEBUG org.asynchttpclient.netty.request.NettyRequestSender - Using pooled Channel '[id: 0xabf81296, L:/127.0.0.1:60532 - R:localhost/127.0.0.1:48692]' for 'POST' to 'http://localhost:48692/session/bd2daab9524a8cf20eef9bac33c035d0/element/2a0d13e9-1a6b-439a-97b2-cabdf1dd7bf2/click'
02:24:46.843 [Forwarding clickElement on session bd2daab9524a8cf20eef9bac33c035d0 to remote] DEBUG org.asynchttpclient.netty.request.NettyRequestSender - Using open Channel [id: 0xabf81296, L:/127.0.0.1:60532 - R:localhost/127.0.0.1:48692] for POST '/session/bd2daab9524a8cf20eef9bac33c035d0/element/2a0d13e9-1a6b-439a-97b2-cabdf1dd7bf2/click'
02:24:46.902 [AsyncHttpClient-1-8] DEBUG org.asynchttpclient.netty.handler.HttpHandler - 

Request DefaultHttpRequest(decodeResult: success, version: HTTP/1.1)
POST /session/bd2daab9524a8cf20eef9bac33c035d0/element/2a0d13e9-1a6b-439a-97b2-cabdf1dd7bf2/click HTTP/1.1
User-Agent: selenium/4.8.1 (java windows)
Content-Length: 50
Content-Type: application/json; charset=utf-8
host: localhost:48692
accept: */*

Response DefaultHttpResponse(decodeResult: success, version: HTTP/1.1)
HTTP/1.1 200 OK
Content-Length: 14
Content-Type: application/json; charset=utf-8
cache-control: no-cache

02:24:46.902 [AsyncHttpClient-1-8] DEBUG org.asynchttpclient.netty.channel.ChannelManager - Adding key: http://localhost:48692 for channel [id: 0xabf81296, L:/127.0.0.1:60532 - R:localhost/127.0.0.1:48692]
02:24:46.906 [Forwarding getAlertText on session bd2daab9524a8cf20eef9bac33c035d0 to remote] DEBUG org.asynchttpclient.netty.request.NettyRequestSender - Using pooled Channel '[id: 0xabf81296, L:/127.0.0.1:60532 - R:localhost/127.0.0.1:48692]' for 'GET' to 'http://localhost:48692/session/bd2daab9524a8cf20eef9bac33c035d0/alert/text'
02:24:46.906 [Forwarding getAlertText on session bd2daab9524a8cf20eef9bac33c035d0 to remote] DEBUG org.asynchttpclient.netty.request.NettyRequestSender - Using open Channel [id: 0xabf81296, L:/127.0.0.1:60532 - R:localhost/127.0.0.1:48692] for GET '/session/bd2daab9524a8cf20eef9bac33c035d0/alert/text'
02:24:46.908 [AsyncHttpClient-1-8] DEBUG org.asynchttpclient.netty.handler.HttpHandler - 

Request DefaultFullHttpRequest(decodeResult: success, version: HTTP/1.1, content: EmptyByteBufBE)
GET /session/bd2daab9524a8cf20eef9bac33c035d0/alert/text HTTP/1.1
User-Agent: selenium/4.8.1 (java windows)
Cache-Control: no-cache
Content-Type: application/json; charset=utf-8
host: localhost:48692
accept: */*

Response DefaultHttpResponse(decodeResult: success, version: HTTP/1.1)
HTTP/1.1 404 Not Found
Content-Length: 836
Content-Type: application/json; charset=utf-8
cache-control: no-cache

02:24:46.908 [AsyncHttpClient-1-8] DEBUG org.asynchttpclient.netty.channel.ChannelManager - Adding key: http://localhost:48692 for channel [id: 0xabf81296, L:/127.0.0.1:60532 - R:localhost/127.0.0.1:48692]
02:24:46.909 [Forwarding getCurrentUrl on session bd2daab9524a8cf20eef9bac33c035d0 to remote] DEBUG org.asynchttpclient.netty.request.NettyRequestSender - Using pooled Channel '[id: 0xabf81296, L:/127.0.0.1:60532 - R:localhost/127.0.0.1:48692]' for 'GET' to 'http://localhost:48692/session/bd2daab9524a8cf20eef9bac33c035d0/url'
02:24:46.909 [Forwarding getCurrentUrl on session bd2daab9524a8cf20eef9bac33c035d0 to remote] DEBUG org.asynchttpclient.netty.request.NettyRequestSender - Using open Channel [id: 0xabf81296, L:/127.0.0.1:60532 - R:localhost/127.0.0.1:48692] for GET '/session/bd2daab9524a8cf20eef9bac33c035d0/url'
02:24:46.913 [AsyncHttpClient-1-8] DEBUG org.asynchttpclient.netty.handler.HttpHandler - 

Request DefaultFullHttpRequest(decodeResult: success, version: HTTP/1.1, content: EmptyByteBufBE)
GET /session/bd2daab9524a8cf20eef9bac33c035d0/url HTTP/1.1
User-Agent: selenium/4.8.1 (java windows)
Cache-Control: no-cache
Content-Type: application/json; charset=utf-8
host: localhost:48692
accept: */*

Response DefaultHttpResponse(decodeResult: success, version: HTTP/1.1)
HTTP/1.1 200 OK
Content-Length: 42
Content-Type: application/json; charset=utf-8
cache-control: no-cache

02:24:46.913 [AsyncHttpClient-1-8] DEBUG org.asynchttpclient.netty.channel.ChannelManager - Adding key: http://localhost:48692 for channel [id: 0xabf81296, L:/127.0.0.1:60532 - R:localhost/127.0.0.1:48692]
02:24:46.914 [Forwarding screenshot on session bd2daab9524a8cf20eef9bac33c035d0 to remote] DEBUG org.asynchttpclient.netty.request.NettyRequestSender - Using pooled Channel '[id: 0xabf81296, L:/127.0.0.1:60532 - R:localhost/127.0.0.1:48692]' for 'GET' to 'http://localhost:48692/session/bd2daab9524a8cf20eef9bac33c035d0/screenshot'
02:24:46.914 [Forwarding screenshot on session bd2daab9524a8cf20eef9bac33c035d0 to remote] DEBUG org.asynchttpclient.netty.request.NettyRequestSender - Using open Channel [id: 0xabf81296, L:/127.0.0.1:60532 - R:localhost/127.0.0.1:48692] for GET '/session/bd2daab9524a8cf20eef9bac33c035d0/screenshot'
02:24:47.091 [AsyncHttpClient-1-8] DEBUG org.asynchttpclient.netty.handler.HttpHandler - 

Request DefaultFullHttpRequest(decodeResult: success, version: HTTP/1.1, content: EmptyByteBufBE)
GET /session/bd2daab9524a8cf20eef9bac33c035d0/screenshot HTTP/1.1
User-Agent: selenium/4.8.1 (java windows)
Cache-Control: no-cache
Content-Type: application/json; charset=utf-8
host: localhost:48692
accept: */*

Response DefaultHttpResponse(decodeResult: success, version: HTTP/1.1)
HTTP/1.1 200 OK
Content-Length: 156828
Content-Type: application/json; charset=utf-8
cache-control: no-cache

02:24:47.092 [AsyncHttpClient-1-8] DEBUG org.asynchttpclient.netty.channel.ChannelManager - Adding key: http://localhost:48692 for channel [id: 0xabf81296, L:/127.0.0.1:60532 - R:localhost/127.0.0.1:48692]
02:24:47.095 [main] DEBUG net.serenitybdd.core.photography.Darkroom - Send negative for processing for target\site\serenity\eda62e6e7579d86244a7c7471dce7080717ea219c8fc9a142005e34a4bc67bf7.png
02:24:47.096 [main] DEBUG net.thucydides.core.steps.StepInterceptor - STEP DONE: clickSubmitButton
02:24:47.096 [Darkroom Processing Line] DEBUG net.serenitybdd.core.photography.DarkroomProcessingLine - Processing screenshot image in /var/screenshots/screenshot-13675376518280839455
02:24:47.096 [Darkroom Processing Line] DEBUG net.serenitybdd.core.photography.DarkroomProcessingLine - Saving screenshot to target\site\serenity\eda62e6e7579d86244a7c7471dce7080717ea219c8fc9a142005e34a4bc67bf7.png
  &amp#27;[32mGiven &amp#27;[0m&amp#27;[32mI am on the Isi Pulsa Page&amp#27;[0m                          &amp#27;[90m# starter.stepdefintions.PaymentMethodSteps.onTheIsiPulsaPage()&amp#27;[0m
02:24:47.106 [Forwarding getPageSource on session bd2daab9524a8cf20eef9bac33c035d0 to remote] DEBUG org.asynchttpclient.netty.request.NettyRequestSender - Using pooled Channel '[id: 0xabf81296, L:/127.0.0.1:60532 - R:localhost/127.0.0.1:48692]' for 'POST' to 'http://localhost:48692/session/bd2daab9524a8cf20eef9bac33c035d0/execute/sync'
02:24:47.106 [Forwarding getPageSource on session bd2daab9524a8cf20eef9bac33c035d0 to remote] DEBUG org.asynchttpclient.netty.request.NettyRequestSender - Using open Channel [id: 0xabf81296, L:/127.0.0.1:60532 - R:localhost/127.0.0.1:48692] for POST '/session/bd2daab9524a8cf20eef9bac33c035d0/execute/sync'
02:24:47.115 [AsyncHttpClient-1-8] DEBUG org.asynchttpclient.netty.handler.HttpHandler - 

Request DefaultHttpRequest(decodeResult: success, version: HTTP/1.1)
POST /session/bd2daab9524a8cf20eef9bac33c035d0/execute/sync HTTP/1.1
User-Agent: selenium/4.8.1 (java windows)
Content-Length: 176
Content-Type: application/json; charset=utf-8
host: localhost:48692
accept: */*

Response DefaultHttpResponse(decodeResult: success, version: HTTP/1.1)
HTTP/1.1 200 OK
Content-Length: 103530
Content-Type: application/json; charset=utf-8
cache-control: no-cache

02:24:47.116 [AsyncHttpClient-1-8] DEBUG org.asynchttpclient.netty.channel.ChannelManager - Adding key: http://localhost:48692 for channel [id: 0xabf81296, L:/127.0.0.1:60532 - R:localhost/127.0.0.1:48692]
02:24:47.120 [Forwarding getCurrentUrl on session bd2daab9524a8cf20eef9bac33c035d0 to remote] DEBUG org.asynchttpclient.netty.request.NettyRequestSender - Using pooled Channel '[id: 0xabf81296, L:/127.0.0.1:60532 - R:localhost/127.0.0.1:48692]' for 'GET' to 'http://localhost:48692/session/bd2daab9524a8cf20eef9bac33c035d0/url'
02:24:47.120 [Forwarding getCurrentUrl on session bd2daab9524a8cf20eef9bac33c035d0 to remote] DEBUG org.asynchttpclient.netty.request.NettyRequestSender - Using open Channel [id: 0xabf81296, L:/127.0.0.1:60532 - R:localhost/127.0.0.1:48692] for GET '/session/bd2daab9524a8cf20eef9bac33c035d0/url'
02:24:47.124 [AsyncHttpClient-1-8] DEBUG org.asynchttpclient.netty.handler.HttpHandler - 

Request DefaultFullHttpRequest(decodeResult: success, version: HTTP/1.1, content: EmptyByteBufBE)
GET /session/bd2daab9524a8cf20eef9bac33c035d0/url HTTP/1.1
User-Agent: selenium/4.8.1 (java windows)
Cache-Control: no-cache
Content-Type: application/json; charset=utf-8
host: localhost:48692
accept: */*

Response DefaultHttpResponse(decodeResult: success, version: HTTP/1.1)
HTTP/1.1 200 OK
Content-Length: 42
Content-Type: application/json; charset=utf-8
cache-control: no-cache

02:24:47.124 [AsyncHttpClient-1-8] DEBUG org.asynchttpclient.netty.channel.ChannelManager - Adding key: http://localhost:48692 for channel [id: 0xabf81296, L:/127.0.0.1:60532 - R:localhost/127.0.0.1:48692]
02:24:47.134 [Forwarding getPageSource on session bd2daab9524a8cf20eef9bac33c035d0 to remote] DEBUG org.asynchttpclient.netty.request.NettyRequestSender - Using pooled Channel '[id: 0xabf81296, L:/127.0.0.1:60532 - R:localhost/127.0.0.1:48692]' for 'POST' to 'http://localhost:48692/session/bd2daab9524a8cf20eef9bac33c035d0/execute/sync'
02:24:47.134 [Forwarding getPageSource on session bd2daab9524a8cf20eef9bac33c035d0 to remote] DEBUG org.asynchttpclient.netty.request.NettyRequestSender - Using open Channel [id: 0xabf81296, L:/127.0.0.1:60532 - R:localhost/127.0.0.1:48692] for POST '/session/bd2daab9524a8cf20eef9bac33c035d0/execute/sync'
02:24:47.144 [AsyncHttpClient-1-8] DEBUG org.asynchttpclient.netty.handler.HttpHandler - 

Request DefaultHttpRequest(decodeResult: success, version: HTTP/1.1)
POST /session/bd2daab9524a8cf20eef9bac33c035d0/execute/sync HTTP/1.1
User-Agent: selenium/4.8.1 (java windows)
Content-Length: 176
Content-Type: application/json; charset=utf-8
host: localhost:48692
accept: */*

Response DefaultHttpResponse(decodeResult: success, version: HTTP/1.1)
HTTP/1.1 200 OK
Content-Length: 103530
Content-Type: application/json; charset=utf-8
cache-control: no-cache

02:24:47.144 [AsyncHttpClient-1-8] DEBUG org.asynchttpclient.netty.channel.ChannelManager - Adding key: http://localhost:48692 for channel [id: 0xabf81296, L:/127.0.0.1:60532 - R:localhost/127.0.0.1:48692]
02:24:47.149 [Forwarding getCurrentUrl on session bd2daab9524a8cf20eef9bac33c035d0 to remote] DEBUG org.asynchttpclient.netty.request.NettyRequestSender - Using pooled Channel '[id: 0xabf81296, L:/127.0.0.1:60532 - R:localhost/127.0.0.1:48692]' for 'GET' to 'http://localhost:48692/session/bd2daab9524a8cf20eef9bac33c035d0/url'
02:24:47.149 [Forwarding getCurrentUrl on session bd2daab9524a8cf20eef9bac33c035d0 to remote] DEBUG org.asynchttpclient.netty.request.NettyRequestSender - Using open Channel [id: 0xabf81296, L:/127.0.0.1:60532 - R:localhost/127.0.0.1:48692] for GET '/session/bd2daab9524a8cf20eef9bac33c035d0/url'
02:24:47.160 [AsyncHttpClient-1-8] DEBUG org.asynchttpclient.netty.handler.HttpHandler - 

Request DefaultFullHttpRequest(decodeResult: success, version: HTTP/1.1, content: EmptyByteBufBE)
GET /session/bd2daab9524a8cf20eef9bac33c035d0/url HTTP/1.1
User-Agent: selenium/4.8.1 (java windows)
Cache-Control: no-cache
Content-Type: application/json; charset=utf-8
host: localhost:48692
accept: */*

Response DefaultHttpResponse(decodeResult: success, version: HTTP/1.1)
HTTP/1.1 200 OK
Content-Length: 42
Content-Type: application/json; charset=utf-8
cache-control: no-cache

02:24:47.160 [AsyncHttpClient-1-8] DEBUG org.asynchttpclient.netty.channel.ChannelManager - Adding key: http://localhost:48692 for channel [id: 0xabf81296, L:/127.0.0.1:60532 - R:localhost/127.0.0.1:48692]
02:24:47.162 [main] DEBUG net.thucydides.core.steps.StepInterceptor - STARTING STEP: PaymentMethodSteps.proceedsToCheckout - clickProductItem
02:24:47.164 [Forwarding findElement on session bd2daab9524a8cf20eef9bac33c035d0 to remote] DEBUG org.asynchttpclient.netty.request.NettyRequestSender - Using pooled Channel '[id: 0xabf81296, L:/127.0.0.1:60532 - R:localhost/127.0.0.1:48692]' for 'POST' to 'http://localhost:48692/session/bd2daab9524a8cf20eef9bac33c035d0/element'
02:24:47.164 [Forwarding findElement on session bd2daab9524a8cf20eef9bac33c035d0 to remote] DEBUG org.asynchttpclient.netty.request.NettyRequestSender - Using open Channel [id: 0xabf81296, L:/127.0.0.1:60532 - R:localhost/127.0.0.1:48692] for POST '/session/bd2daab9524a8cf20eef9bac33c035d0/element'
02:24:47.443 [AsyncHttpClient-1-1] DEBUG org.asynchttpclient.netty.channel.DefaultChannelPool - Entry count for : http://localhost:60533 : 1
02:24:48.542 [AsyncHttpClient-1-1] DEBUG org.asynchttpclient.netty.channel.DefaultChannelPool - Entry count for : http://localhost:60533 : 1
02:24:49.216 [AsyncHttpClient-1-8] DEBUG org.asynchttpclient.netty.handler.HttpHandler - 

Request DefaultHttpRequest(decodeResult: success, version: HTTP/1.1)
POST /session/bd2daab9524a8cf20eef9bac33c035d0/element HTTP/1.1
User-Agent: selenium/4.8.1 (java windows)
Content-Length: 59
Content-Type: application/json; charset=utf-8
host: localhost:48692
accept: */*

Response DefaultHttpResponse(decodeResult: success, version: HTTP/1.1)
HTTP/1.1 404 Not Found
Content-Length: 958
Content-Type: application/json; charset=utf-8
cache-control: no-cache

02:24:49.216 [AsyncHttpClient-1-8] DEBUG org.asynchttpclient.netty.channel.ChannelManager - Adding key: http://localhost:48692 for channel [id: 0xabf81296, L:/127.0.0.1:60532 - R:localhost/127.0.0.1:48692]
02:24:49.320 [Forwarding findElement on session bd2daab9524a8cf20eef9bac33c035d0 to remote] DEBUG org.asynchttpclient.netty.request.NettyRequestSender - Using pooled Channel '[id: 0xabf81296, L:/127.0.0.1:60532 - R:localhost/127.0.0.1:48692]' for 'POST' to 'http://localhost:48692/session/bd2daab9524a8cf20eef9bac33c035d0/element'
02:24:49.321 [Forwarding findElement on session bd2daab9524a8cf20eef9bac33c035d0 to remote] DEBUG org.asynchttpclient.netty.request.NettyRequestSender - Using open Channel [id: 0xabf81296, L:/127.0.0.1:60532 - R:localhost/127.0.0.1:48692] for POST '/session/bd2daab9524a8cf20eef9bac33c035d0/element'
02:24:49.512 [AsyncHttpClient-1-8] DEBUG org.asynchttpclient.netty.handler.HttpHandler - 

Request DefaultHttpRequest(decodeResult: success, version: HTTP/1.1)
POST /session/bd2daab9524a8cf20eef9bac33c035d0/element HTTP/1.1
User-Agent: selenium/4.8.1 (java windows)
Content-Length: 59
Content-Type: application/json; charset=utf-8
host: localhost:48692
accept: */*

Response DefaultHttpResponse(decodeResult: success, version: HTTP/1.1)
HTTP/1.1 200 OK
Content-Length: 88
Content-Type: application/json; charset=utf-8
cache-control: no-cache

02:24:49.512 [AsyncHttpClient-1-8] DEBUG org.asynchttpclient.netty.channel.ChannelManager - Adding key: http://localhost:48692 for channel [id: 0xabf81296, L:/127.0.0.1:60532 - R:localhost/127.0.0.1:48692]
02:24:49.513 [Forwarding getElementTagName on session bd2daab9524a8cf20eef9bac33c035d0 to remote] DEBUG org.asynchttpclient.netty.request.NettyRequestSender - Using pooled Channel '[id: 0xabf81296, L:/127.0.0.1:60532 - R:localhost/127.0.0.1:48692]' for 'GET' to 'http://localhost:48692/session/bd2daab9524a8cf20eef9bac33c035d0/element/c247e5c5-fde9-4c88-b941-347d362986b1/name'
02:24:49.513 [Forwarding getElementTagName on session bd2daab9524a8cf20eef9bac33c035d0 to remote] DEBUG org.asynchttpclient.netty.request.NettyRequestSender - Using open Channel [id: 0xabf81296, L:/127.0.0.1:60532 - R:localhost/127.0.0.1:48692] for GET '/session/bd2daab9524a8cf20eef9bac33c035d0/element/c247e5c5-fde9-4c88-b941-347d362986b1/name'
02:24:49.517 [AsyncHttpClient-1-8] DEBUG org.asynchttpclient.netty.handler.HttpHandler - 

Request DefaultFullHttpRequest(decodeResult: success, version: HTTP/1.1, content: EmptyByteBufBE)
GET /session/bd2daab9524a8cf20eef9bac33c035d0/element/c247e5c5-fde9-4c88-b941-347d362986b1/name HTTP/1.1
User-Agent: selenium/4.8.1 (java windows)
Cache-Control: no-cache
Content-Type: application/json; charset=utf-8
host: localhost:48692
accept: */*

Response DefaultHttpResponse(decodeResult: success, version: HTTP/1.1)
HTTP/1.1 200 OK
Content-Length: 15
Content-Type: application/json; charset=utf-8
cache-control: no-cache

02:24:49.517 [AsyncHttpClient-1-8] DEBUG org.asynchttpclient.netty.channel.ChannelManager - Adding key: http://localhost:48692 for channel [id: 0xabf81296, L:/127.0.0.1:60532 - R:localhost/127.0.0.1:48692]
02:24:49.518 [Forwarding getElementTagName on session bd2daab9524a8cf20eef9bac33c035d0 to remote] DEBUG org.asynchttpclient.netty.request.NettyRequestSender - Using pooled Channel '[id: 0xabf81296, L:/127.0.0.1:60532 - R:localhost/127.0.0.1:48692]' for 'GET' to 'http://localhost:48692/session/bd2daab9524a8cf20eef9bac33c035d0/element/c247e5c5-fde9-4c88-b941-347d362986b1/name'
02:24:49.518 [Forwarding getElementTagName on session bd2daab9524a8cf20eef9bac33c035d0 to remote] DEBUG org.asynchttpclient.netty.request.NettyRequestSender - Using open Channel [id: 0xabf81296, L:/127.0.0.1:60532 - R:localhost/127.0.0.1:48692] for GET '/session/bd2daab9524a8cf20eef9bac33c035d0/element/c247e5c5-fde9-4c88-b941-347d362986b1/name'
02:24:49.520 [AsyncHttpClient-1-8] DEBUG org.asynchttpclient.netty.handler.HttpHandler - 

Request DefaultFullHttpRequest(decodeResult: success, version: HTTP/1.1, content: EmptyByteBufBE)
GET /session/bd2daab9524a8cf20eef9bac33c035d0/element/c247e5c5-fde9-4c88-b941-347d362986b1/name HTTP/1.1
User-Agent: selenium/4.8.1 (java windows)
Cache-Control: no-cache
Content-Type: application/json; charset=utf-8
host: localhost:48692
accept: */*

Response DefaultHttpResponse(decodeResult: success, version: HTTP/1.1)
HTTP/1.1 200 OK
Content-Length: 15
Content-Type: application/json; charset=utf-8
cache-control: no-cache

02:24:49.521 [AsyncHttpClient-1-8] DEBUG org.asynchttpclient.netty.channel.ChannelManager - Adding key: http://localhost:48692 for channel [id: 0xabf81296, L:/127.0.0.1:60532 - R:localhost/127.0.0.1:48692]
02:24:49.522 [Forwarding findElement on session bd2daab9524a8cf20eef9bac33c035d0 to remote] DEBUG org.asynchttpclient.netty.request.NettyRequestSender - Using pooled Channel '[id: 0xabf81296, L:/127.0.0.1:60532 - R:localhost/127.0.0.1:48692]' for 'POST' to 'http://localhost:48692/session/bd2daab9524a8cf20eef9bac33c035d0/element'
02:24:49.522 [Forwarding findElement on session bd2daab9524a8cf20eef9bac33c035d0 to remote] DEBUG org.asynchttpclient.netty.request.NettyRequestSender - Using open Channel [id: 0xabf81296, L:/127.0.0.1:60532 - R:localhost/127.0.0.1:48692] for POST '/session/bd2daab9524a8cf20eef9bac33c035d0/element'
02:24:49.527 [AsyncHttpClient-1-8] DEBUG org.asynchttpclient.netty.handler.HttpHandler - 

Request DefaultHttpRequest(decodeResult: success, version: HTTP/1.1)
POST /session/bd2daab9524a8cf20eef9bac33c035d0/element HTTP/1.1
User-Agent: selenium/4.8.1 (java windows)
Content-Length: 59
Content-Type: application/json; charset=utf-8
host: localhost:48692
accept: */*

Response DefaultHttpResponse(decodeResult: success, version: HTTP/1.1)
HTTP/1.1 200 OK
Content-Length: 88
Content-Type: application/json; charset=utf-8
cache-control: no-cache

02:24:49.527 [AsyncHttpClient-1-8] DEBUG org.asynchttpclient.netty.channel.ChannelManager - Adding key: http://localhost:48692 for channel [id: 0xabf81296, L:/127.0.0.1:60532 - R:localhost/127.0.0.1:48692]
02:24:49.528 [Forwarding clickElement on session bd2daab9524a8cf20eef9bac33c035d0 to remote] DEBUG org.asynchttpclient.netty.request.NettyRequestSender - Using pooled Channel '[id: 0xabf81296, L:/127.0.0.1:60532 - R:localhost/127.0.0.1:48692]' for 'POST' to 'http://localhost:48692/session/bd2daab9524a8cf20eef9bac33c035d0/element/c247e5c5-fde9-4c88-b941-347d362986b1/click'
02:24:49.528 [Forwarding clickElement on session bd2daab9524a8cf20eef9bac33c035d0 to remote] DEBUG org.asynchttpclient.netty.request.NettyRequestSender - Using open Channel [id: 0xabf81296, L:/127.0.0.1:60532 - R:localhost/127.0.0.1:48692] for POST '/session/bd2daab9524a8cf20eef9bac33c035d0/element/c247e5c5-fde9-4c88-b941-347d362986b1/click'
02:24:49.562 [AsyncHttpClient-1-8] DEBUG org.asynchttpclient.netty.handler.HttpHandler - 

Request DefaultHttpRequest(decodeResult: success, version: HTTP/1.1)
POST /session/bd2daab9524a8cf20eef9bac33c035d0/element/c247e5c5-fde9-4c88-b941-347d362986b1/click HTTP/1.1
User-Agent: selenium/4.8.1 (java windows)
Content-Length: 50
Content-Type: application/json; charset=utf-8
host: localhost:48692
accept: */*

Response DefaultHttpResponse(decodeResult: success, version: HTTP/1.1)
HTTP/1.1 200 OK
Content-Length: 14
Content-Type: application/json; charset=utf-8
cache-control: no-cache

02:24:49.562 [AsyncHttpClient-1-8] DEBUG org.asynchttpclient.netty.channel.ChannelManager - Adding key: http://localhost:48692 for channel [id: 0xabf81296, L:/127.0.0.1:60532 - R:localhost/127.0.0.1:48692]
02:24:49.568 [Forwarding getAlertText on session bd2daab9524a8cf20eef9bac33c035d0 to remote] DEBUG org.asynchttpclient.netty.request.NettyRequestSender - Using pooled Channel '[id: 0xabf81296, L:/127.0.0.1:60532 - R:localhost/127.0.0.1:48692]' for 'GET' to 'http://localhost:48692/session/bd2daab9524a8cf20eef9bac33c035d0/alert/text'
02:24:49.568 [Forwarding getAlertText on session bd2daab9524a8cf20eef9bac33c035d0 to remote] DEBUG org.asynchttpclient.netty.request.NettyRequestSender - Using open Channel [id: 0xabf81296, L:/127.0.0.1:60532 - R:localhost/127.0.0.1:48692] for GET '/session/bd2daab9524a8cf20eef9bac33c035d0/alert/text'
02:24:49.600 [AsyncHttpClient-1-8] DEBUG org.asynchttpclient.netty.handler.HttpHandler - 

Request DefaultFullHttpRequest(decodeResult: success, version: HTTP/1.1, content: EmptyByteBufBE)
GET /session/bd2daab9524a8cf20eef9bac33c035d0/alert/text HTTP/1.1
User-Agent: selenium/4.8.1 (java windows)
Cache-Control: no-cache
Content-Type: application/json; charset=utf-8
host: localhost:48692
accept: */*

Response DefaultHttpResponse(decodeResult: success, version: HTTP/1.1)
HTTP/1.1 404 Not Found
Content-Length: 836
Content-Type: application/json; charset=utf-8
cache-control: no-cache

02:24:49.600 [AsyncHttpClient-1-8] DEBUG org.asynchttpclient.netty.channel.ChannelManager - Adding key: http://localhost:48692 for channel [id: 0xabf81296, L:/127.0.0.1:60532 - R:localhost/127.0.0.1:48692]
02:24:49.600 [Forwarding getCurrentUrl on session bd2daab9524a8cf20eef9bac33c035d0 to remote] DEBUG org.asynchttpclient.netty.request.NettyRequestSender - Using pooled Channel '[id: 0xabf81296, L:/127.0.0.1:60532 - R:localhost/127.0.0.1:48692]' for 'GET' to 'http://localhost:48692/session/bd2daab9524a8cf20eef9bac33c035d0/url'
02:24:49.600 [Forwarding getCurrentUrl on session bd2daab9524a8cf20eef9bac33c035d0 to remote] DEBUG org.asynchttpclient.netty.request.NettyRequestSender - Using open Channel [id: 0xabf81296, L:/127.0.0.1:60532 - R:localhost/127.0.0.1:48692] for GET '/session/bd2daab9524a8cf20eef9bac33c035d0/url'
02:24:49.605 [AsyncHttpClient-1-8] DEBUG org.asynchttpclient.netty.handler.HttpHandler - 

Request DefaultFullHttpRequest(decodeResult: success, version: HTTP/1.1, content: EmptyByteBufBE)
GET /session/bd2daab9524a8cf20eef9bac33c035d0/url HTTP/1.1
User-Agent: selenium/4.8.1 (java windows)
Cache-Control: no-cache
Content-Type: application/json; charset=utf-8
host: localhost:48692
accept: */*

Response DefaultHttpResponse(decodeResult: success, version: HTTP/1.1)
HTTP/1.1 200 OK
Content-Length: 53
Content-Type: application/json; charset=utf-8
cache-control: no-cache

02:24:49.605 [AsyncHttpClient-1-8] DEBUG org.asynchttpclient.netty.channel.ChannelManager - Adding key: http://localhost:48692 for channel [id: 0xabf81296, L:/127.0.0.1:60532 - R:localhost/127.0.0.1:48692]
02:24:49.605 [Forwarding screenshot on session bd2daab9524a8cf20eef9bac33c035d0 to remote] DEBUG org.asynchttpclient.netty.request.NettyRequestSender - Using pooled Channel '[id: 0xabf81296, L:/127.0.0.1:60532 - R:localhost/127.0.0.1:48692]' for 'GET' to 'http://localhost:48692/session/bd2daab9524a8cf20eef9bac33c035d0/screenshot'
02:24:49.605 [Forwarding screenshot on session bd2daab9524a8cf20eef9bac33c035d0 to remote] DEBUG org.asynchttpclient.netty.request.NettyRequestSender - Using open Channel [id: 0xabf81296, L:/127.0.0.1:60532 - R:localhost/127.0.0.1:48692] for GET '/session/bd2daab9524a8cf20eef9bac33c035d0/screenshot'
02:24:49.644 [AsyncHttpClient-1-1] DEBUG org.asynchttpclient.netty.channel.DefaultChannelPool - Entry count for : http://localhost:60533 : 1
02:24:49.808 [AsyncHttpClient-1-8] DEBUG org.asynchttpclient.netty.handler.HttpHandler - 

Request DefaultFullHttpRequest(decodeResult: success, version: HTTP/1.1, content: EmptyByteBufBE)
GET /session/bd2daab9524a8cf20eef9bac33c035d0/screenshot HTTP/1.1
User-Agent: selenium/4.8.1 (java windows)
Cache-Control: no-cache
Content-Type: application/json; charset=utf-8
host: localhost:48692
accept: */*

Response DefaultHttpResponse(decodeResult: success, version: HTTP/1.1)
HTTP/1.1 200 OK
Content-Length: 239504
Content-Type: application/json; charset=utf-8
cache-control: no-cache

02:24:49.808 [AsyncHttpClient-1-8] DEBUG org.asynchttpclient.netty.channel.ChannelManager - Adding key: http://localhost:48692 for channel [id: 0xabf81296, L:/127.0.0.1:60532 - R:localhost/127.0.0.1:48692]
02:24:49.815 [main] DEBUG net.serenitybdd.core.photography.Darkroom - Send negative for processing for target\site\serenity\4f1d4408c79fd745261551de7a2e872308427bc5e1a0e251346e04ed6140dd4d.png
02:24:49.815 [main] DEBUG net.thucydides.core.steps.StepInterceptor - STEP DONE: clickProductItem
02:24:49.816 [Darkroom Processing Line] DEBUG net.serenitybdd.core.photography.DarkroomProcessingLine - Processing screenshot image in /var/screenshots/screenshot-3419019048356302630
02:24:49.816 [Darkroom Processing Line] DEBUG net.serenitybdd.core.photography.DarkroomProcessingLine - Saving screenshot to target\site\serenity\4f1d4408c79fd745261551de7a2e872308427bc5e1a0e251346e04ed6140dd4d.png
02:24:49.853 [Forwarding getPageSource on session bd2daab9524a8cf20eef9bac33c035d0 to remote] DEBUG org.asynchttpclient.netty.request.NettyRequestSender - Using pooled Channel '[id: 0xabf81296, L:/127.0.0.1:60532 - R:localhost/127.0.0.1:48692]' for 'POST' to 'http://localhost:48692/session/bd2daab9524a8cf20eef9bac33c035d0/execute/sync'
02:24:49.854 [Forwarding getPageSource on session bd2daab9524a8cf20eef9bac33c035d0 to remote] DEBUG org.asynchttpclient.netty.request.NettyRequestSender - Using open Channel [id: 0xabf81296, L:/127.0.0.1:60532 - R:localhost/127.0.0.1:48692] for POST '/session/bd2daab9524a8cf20eef9bac33c035d0/execute/sync'
02:24:49.866 [AsyncHttpClient-1-8] DEBUG org.asynchttpclient.netty.handler.HttpHandler - 

Request DefaultHttpRequest(decodeResult: success, version: HTTP/1.1)
POST /session/bd2daab9524a8cf20eef9bac33c035d0/execute/sync HTTP/1.1
User-Agent: selenium/4.8.1 (java windows)
Content-Length: 176
Content-Type: application/json; charset=utf-8
host: localhost:48692
accept: */*

Response DefaultHttpResponse(decodeResult: success, version: HTTP/1.1)
HTTP/1.1 200 OK
Content-Length: 162506
Content-Type: application/json; charset=utf-8
cache-control: no-cache

02:24:49.866 [AsyncHttpClient-1-8] DEBUG org.asynchttpclient.netty.channel.ChannelManager - Adding key: http://localhost:48692 for channel [id: 0xabf81296, L:/127.0.0.1:60532 - R:localhost/127.0.0.1:48692]
02:24:49.880 [Forwarding getCurrentUrl on session bd2daab9524a8cf20eef9bac33c035d0 to remote] DEBUG org.asynchttpclient.netty.request.NettyRequestSender - Using pooled Channel '[id: 0xabf81296, L:/127.0.0.1:60532 - R:localhost/127.0.0.1:48692]' for 'GET' to 'http://localhost:48692/session/bd2daab9524a8cf20eef9bac33c035d0/url'
02:24:49.880 [Forwarding getCurrentUrl on session bd2daab9524a8cf20eef9bac33c035d0 to remote] DEBUG org.asynchttpclient.netty.request.NettyRequestSender - Using open Channel [id: 0xabf81296, L:/127.0.0.1:60532 - R:localhost/127.0.0.1:48692] for GET '/session/bd2daab9524a8cf20eef9bac33c035d0/url'
02:24:49.883 [AsyncHttpClient-1-8] DEBUG org.asynchttpclient.netty.handler.HttpHandler - 

Request DefaultFullHttpRequest(decodeResult: success, version: HTTP/1.1, content: EmptyByteBufBE)
GET /session/bd2daab9524a8cf20eef9bac33c035d0/url HTTP/1.1
User-Agent: selenium/4.8.1 (java windows)
Cache-Control: no-cache
Content-Type: application/json; charset=utf-8
host: localhost:48692
accept: */*

Response DefaultHttpResponse(decodeResult: success, version: HTTP/1.1)
HTTP/1.1 200 OK
Content-Length: 53
Content-Type: application/json; charset=utf-8
cache-control: no-cache

02:24:49.884 [AsyncHttpClient-1-8] DEBUG org.asynchttpclient.netty.channel.ChannelManager - Adding key: http://localhost:48692 for channel [id: 0xabf81296, L:/127.0.0.1:60532 - R:localhost/127.0.0.1:48692]
02:24:49.886 [main] DEBUG net.thucydides.core.steps.StepInterceptor - STARTING STEP: SelectProductSteps.inputNomorHandphone - inputNomorHandphone
02:24:49.890 [Forwarding findElement on session bd2daab9524a8cf20eef9bac33c035d0 to remote] DEBUG org.asynchttpclient.netty.request.NettyRequestSender - Using pooled Channel '[id: 0xabf81296, L:/127.0.0.1:60532 - R:localhost/127.0.0.1:48692]' for 'POST' to 'http://localhost:48692/session/bd2daab9524a8cf20eef9bac33c035d0/element'
02:24:49.890 [Forwarding findElement on session bd2daab9524a8cf20eef9bac33c035d0 to remote] DEBUG org.asynchttpclient.netty.request.NettyRequestSender - Using open Channel [id: 0xabf81296, L:/127.0.0.1:60532 - R:localhost/127.0.0.1:48692] for POST '/session/bd2daab9524a8cf20eef9bac33c035d0/element'
02:24:50.742 [AsyncHttpClient-1-1] DEBUG org.asynchttpclient.netty.channel.DefaultChannelPool - Entry count for : http://localhost:60533 : 1
02:24:51.847 [AsyncHttpClient-1-1] DEBUG org.asynchttpclient.netty.channel.DefaultChannelPool - Entry count for : http://localhost:60533 : 1
02:24:51.926 [AsyncHttpClient-1-8] DEBUG org.asynchttpclient.netty.handler.HttpHandler - 

Request DefaultHttpRequest(decodeResult: success, version: HTTP/1.1)
POST /session/bd2daab9524a8cf20eef9bac33c035d0/element HTTP/1.1
User-Agent: selenium/4.8.1 (java windows)
Content-Length: 62
Content-Type: application/json; charset=utf-8
host: localhost:48692
accept: */*

Response DefaultHttpResponse(decodeResult: success, version: HTTP/1.1)
HTTP/1.1 404 Not Found
Content-Length: 961
Content-Type: application/json; charset=utf-8
cache-control: no-cache

02:24:51.926 [AsyncHttpClient-1-8] DEBUG org.asynchttpclient.netty.channel.ChannelManager - Adding key: http://localhost:48692 for channel [id: 0xabf81296, L:/127.0.0.1:60532 - R:localhost/127.0.0.1:48692]
02:24:51.943 [Forwarding getAlertText on session bd2daab9524a8cf20eef9bac33c035d0 to remote] DEBUG org.asynchttpclient.netty.request.NettyRequestSender - Using pooled Channel '[id: 0xabf81296, L:/127.0.0.1:60532 - R:localhost/127.0.0.1:48692]' for 'GET' to 'http://localhost:48692/session/bd2daab9524a8cf20eef9bac33c035d0/alert/text'
02:24:51.943 [Forwarding getAlertText on session bd2daab9524a8cf20eef9bac33c035d0 to remote] DEBUG org.asynchttpclient.netty.request.NettyRequestSender - Using open Channel [id: 0xabf81296, L:/127.0.0.1:60532 - R:localhost/127.0.0.1:48692] for GET '/session/bd2daab9524a8cf20eef9bac33c035d0/alert/text'
02:24:51.946 [AsyncHttpClient-1-8] DEBUG org.asynchttpclient.netty.handler.HttpHandler - 

Request DefaultFullHttpRequest(decodeResult: success, version: HTTP/1.1, content: EmptyByteBufBE)
GET /session/bd2daab9524a8cf20eef9bac33c035d0/alert/text HTTP/1.1
User-Agent: selenium/4.8.1 (java windows)
Cache-Control: no-cache
Content-Type: application/json; charset=utf-8
host: localhost:48692
accept: */*

Response DefaultHttpResponse(decodeResult: success, version: HTTP/1.1)
HTTP/1.1 404 Not Found
Content-Length: 836
Content-Type: application/json; charset=utf-8
cache-control: no-cache

02:24:51.946 [AsyncHttpClient-1-8] DEBUG org.asynchttpclient.netty.channel.ChannelManager - Adding key: http://localhost:48692 for channel [id: 0xabf81296, L:/127.0.0.1:60532 - R:localhost/127.0.0.1:48692]
02:24:51.947 [Forwarding getCurrentUrl on session bd2daab9524a8cf20eef9bac33c035d0 to remote] DEBUG org.asynchttpclient.netty.request.NettyRequestSender - Using pooled Channel '[id: 0xabf81296, L:/127.0.0.1:60532 - R:localhost/127.0.0.1:48692]' for 'GET' to 'http://localhost:48692/session/bd2daab9524a8cf20eef9bac33c035d0/url'
02:24:51.947 [Forwarding getCurrentUrl on session bd2daab9524a8cf20eef9bac33c035d0 to remote] DEBUG org.asynchttpclient.netty.request.NettyRequestSender - Using open Channel [id: 0xabf81296, L:/127.0.0.1:60532 - R:localhost/127.0.0.1:48692] for GET '/session/bd2daab9524a8cf20eef9bac33c035d0/url'
02:24:51.953 [AsyncHttpClient-1-8] DEBUG org.asynchttpclient.netty.handler.HttpHandler - 

Request DefaultFullHttpRequest(decodeResult: success, version: HTTP/1.1, content: EmptyByteBufBE)
GET /session/bd2daab9524a8cf20eef9bac33c035d0/url HTTP/1.1
User-Agent: selenium/4.8.1 (java windows)
Cache-Control: no-cache
Content-Type: application/json; charset=utf-8
host: localhost:48692
accept: */*

Response DefaultHttpResponse(decodeResult: success, version: HTTP/1.1)
HTTP/1.1 200 OK
Content-Length: 53
Content-Type: application/json; charset=utf-8
cache-control: no-cache

02:24:51.953 [AsyncHttpClient-1-8] DEBUG org.asynchttpclient.netty.channel.ChannelManager - Adding key: http://localhost:48692 for channel [id: 0xabf81296, L:/127.0.0.1:60532 - R:localhost/127.0.0.1:48692]
02:24:51.954 [Forwarding screenshot on session bd2daab9524a8cf20eef9bac33c035d0 to remote] DEBUG org.asynchttpclient.netty.request.NettyRequestSender - Using pooled Channel '[id: 0xabf81296, L:/127.0.0.1:60532 - R:localhost/127.0.0.1:48692]' for 'GET' to 'http://localhost:48692/session/bd2daab9524a8cf20eef9bac33c035d0/screenshot'
02:24:51.954 [Forwarding screenshot on session bd2daab9524a8cf20eef9bac33c035d0 to remote] DEBUG org.asynchttpclient.netty.request.NettyRequestSender - Using open Channel [id: 0xabf81296, L:/127.0.0.1:60532 - R:localhost/127.0.0.1:48692] for GET '/session/bd2daab9524a8cf20eef9bac33c035d0/screenshot'
02:24:52.060 [AsyncHttpClient-1-8] DEBUG org.asynchttpclient.netty.handler.HttpHandler - 

Request DefaultFullHttpRequest(decodeResult: success, version: HTTP/1.1, content: EmptyByteBufBE)
GET /session/bd2daab9524a8cf20eef9bac33c035d0/screenshot HTTP/1.1
User-Agent: selenium/4.8.1 (java windows)
Cache-Control: no-cache
Content-Type: application/json; charset=utf-8
host: localhost:48692
accept: */*

Response DefaultHttpResponse(decodeResult: success, version: HTTP/1.1)
HTTP/1.1 200 OK
Content-Length: 239504
Content-Type: application/json; charset=utf-8
cache-control: no-cache

02:24:52.061 [AsyncHttpClient-1-8] DEBUG org.asynchttpclient.netty.channel.ChannelManager - Adding key: http://localhost:48692 for channel [id: 0xabf81296, L:/127.0.0.1:60532 - R:localhost/127.0.0.1:48692]
02:24:52.064 [main] DEBUG net.serenitybdd.core.photography.Darkroom - Send negative for processing for target\site\serenity\4f1d4408c79fd745261551de7a2e872308427bc5e1a0e251346e04ed6140dd4d.png
02:24:52.065 [Forwarding getPageSource on session bd2daab9524a8cf20eef9bac33c035d0 to remote] DEBUG org.asynchttpclient.netty.request.NettyRequestSender - Using pooled Channel '[id: 0xabf81296, L:/127.0.0.1:60532 - R:localhost/127.0.0.1:48692]' for 'POST' to 'http://localhost:48692/session/bd2daab9524a8cf20eef9bac33c035d0/execute/sync'
02:24:52.065 [Forwarding getPageSource on session bd2daab9524a8cf20eef9bac33c035d0 to remote] DEBUG org.asynchttpclient.netty.request.NettyRequestSender - Using open Channel [id: 0xabf81296, L:/127.0.0.1:60532 - R:localhost/127.0.0.1:48692] for POST '/session/bd2daab9524a8cf20eef9bac33c035d0/execute/sync'
02:24:52.076 [AsyncHttpClient-1-8] DEBUG org.asynchttpclient.netty.handler.HttpHandler - 

Request DefaultHttpRequest(decodeResult: success, version: HTTP/1.1)
POST /session/bd2daab9524a8cf20eef9bac33c035d0/execute/sync HTTP/1.1
User-Agent: selenium/4.8.1 (java windows)
Content-Length: 176
Content-Type: application/json; charset=utf-8
host: localhost:48692
accept: */*

Response DefaultHttpResponse(decodeResult: success, version: HTTP/1.1)
HTTP/1.1 200 OK
Content-Length: 162506
Content-Type: application/json; charset=utf-8
cache-control: no-cache

02:24:52.076 [AsyncHttpClient-1-8] DEBUG org.asynchttpclient.netty.channel.ChannelManager - Adding key: http://localhost:48692 for channel [id: 0xabf81296, L:/127.0.0.1:60532 - R:localhost/127.0.0.1:48692]
02:24:52.084 [Forwarding getCurrentUrl on session bd2daab9524a8cf20eef9bac33c035d0 to remote] DEBUG org.asynchttpclient.netty.request.NettyRequestSender - Using pooled Channel '[id: 0xabf81296, L:/127.0.0.1:60532 - R:localhost/127.0.0.1:48692]' for 'GET' to 'http://localhost:48692/session/bd2daab9524a8cf20eef9bac33c035d0/url'
02:24:52.084 [Forwarding getCurrentUrl on session bd2daab9524a8cf20eef9bac33c035d0 to remote] DEBUG org.asynchttpclient.netty.request.NettyRequestSender - Using open Channel [id: 0xabf81296, L:/127.0.0.1:60532 - R:localhost/127.0.0.1:48692] for GET '/session/bd2daab9524a8cf20eef9bac33c035d0/url'
02:24:52.088 [AsyncHttpClient-1-8] DEBUG org.asynchttpclient.netty.handler.HttpHandler - 

Request DefaultFullHttpRequest(decodeResult: success, version: HTTP/1.1, content: EmptyByteBufBE)
GET /session/bd2daab9524a8cf20eef9bac33c035d0/url HTTP/1.1
User-Agent: selenium/4.8.1 (java windows)
Cache-Control: no-cache
Content-Type: application/json; charset=utf-8
host: localhost:48692
accept: */*

Response DefaultHttpResponse(decodeResult: success, version: HTTP/1.1)
HTTP/1.1 200 OK
Content-Length: 53
Content-Type: application/json; charset=utf-8
cache-control: no-cache

02:24:52.088 [AsyncHttpClient-1-8] DEBUG org.asynchttpclient.netty.channel.ChannelManager - Adding key: http://localhost:48692 for channel [id: 0xabf81296, L:/127.0.0.1:60532 - R:localhost/127.0.0.1:48692]
  &amp#27;[31mWhen &amp#27;[0m&amp#27;[31mI am input nomor handphone&amp#27;[0m                           &amp#27;[90m# starter.stepdefintions.PaymentMethodSteps.proceedsToCheckout()&amp#27;[0m
      &amp#27;[31morg.openqa.selenium.NoSuchElementException: no such element: Unable to locate element: {"method":"css selector","selector":"#nomor\-handphone"}
  (Session info: chrome=111.0.5563.147)
For documentation on this error, please visit: https://selenium.dev/exceptions/#no_such_element
Build info: version: '4.8.1', revision: '8ebccac989'
System info: os.name: 'Windows 10', os.arch: 'amd64', os.version: '10.0', java.version: '18.0.1.1'
Driver info: org.openqa.selenium.chrome.ChromeDriver
Command: [bd2daab9524a8cf20eef9bac33c035d0, findElement {using=id, value=nomor-handphone}]
Capabilities {acceptInsecureCerts: false, browserName: chrome, browserVersion: 111.0.5563.147, chrome: {chromedriverVersion: 111.0.5563.64 (c710e93d5b63..., userDataDir: C:\Users\BUNAYY~1\AppData\L...}, goog:chromeOptions: {debuggerAddress: localhost:60533}, networkConnectionEnabled: false, pageLoadStrategy: normal, platformName: WINDOWS, proxy: Proxy(), se:cdp: ws://localhost:60533/devtoo..., se:cdpVersion: 111.0.5563.147, setWindowRect: true, strictFileInteractability: false, timeouts: {implicit: 0, pageLoad: 300000, script: 30000}, unhandledPromptBehavior: dismiss and notify, webauthn:extension:credBlob: true, webauthn:extension:largeBlob: true, webauthn:extension:minPinLength: true, webauthn:extension:prf: true, webauthn:virtualAuthenticators: true}
Session ID: bd2daab9524a8cf20eef9bac33c035d0
	at java.base/jdk.internal.reflect.DirectConstructorHandleAccessor.newInstance(DirectConstructorHandleAccessor.java:67)
	at java.base/java.lang.reflect.Constructor.newInstanceWithCaller(Constructor.java:499)
	at java.base/java.lang.reflect.Constructor.newInstance(Constructor.java:483)
	at org.openqa.selenium.remote.codec.w3c.W3CHttpResponseCodec.createException(W3CHttpResponseCodec.java:200)
	at org.openqa.selenium.remote.codec.w3c.W3CHttpResponseCodec.decode(W3CHttpResponseCodec.java:133)
	at org.openqa.selenium.remote.codec.w3c.W3CHttpResponseCodec.decode(W3CHttpResponseCodec.java:53)
	at org.openqa.selenium.remote.HttpCommandExecutor.execute(HttpCommandExecutor.java:184)
	at org.openqa.selenium.remote.service.DriverCommandExecutor.invokeExecute(DriverCommandExecutor.java:167)
	at org.openqa.selenium.remote.service.DriverCommandExecutor.execute(DriverCommandExecutor.java:142)
	at org.openqa.selenium.remote.RemoteWebDriver.execute(RemoteWebDriver.java:543)
	at org.openqa.selenium.remote.ElementLocation$ElementFinder$2.findElement(ElementLocation.java:162)
	at org.openqa.selenium.remote.ElementLocation.findElement(ElementLocation.java:60)
	at org.openqa.selenium.remote.RemoteWebDriver.findElement(RemoteWebDriver.java:352)
	at org.openqa.selenium.remote.RemoteWebDriver.findElement(RemoteWebDriver.java:344)
	at net.thucydides.core.webdriver.WebDriverFacade.findElement(WebDriverFacade.java:242)
	at net.serenitybdd.core.pages.WebElementResolverByLocator.resolveForDriver(WebElementResolverByLocator.java:25)
	at net.serenitybdd.core.pages.WebElementFacadeImpl.getResolvedElement(WebElementFacadeImpl.java:189)
	at net.serenitybdd.core.pages.WebElementFacadeImpl.getElement(WebElementFacadeImpl.java:184)
	at net.serenitybdd.core.pages.WebElementFacadeImpl.lambda$type$2(WebElementFacadeImpl.java:744)
	at net.serenitybdd.core.pages.WithRetries.perform(WithRetries.java:22)
	at net.serenitybdd.core.pages.WebElementFacadeImpl.type(WebElementFacadeImpl.java:743)
	at alta@1.0-SNAPSHOT/starter.pages.IsipulsaPage.inputNomorHandphone(IsipulsaPage.java:39)
	at alta@1.0-SNAPSHOT/starter.pages.IsipulsaPage$ByteBuddy$kaNqpncQ.inputNomorHandphone$accessor$0yjhczTJ(Unknown Source)
	at java.base/jdk.internal.reflect.DirectMethodHandleAccessor.invoke(DirectMethodHandleAccessor.java:104)
	at java.base/java.lang.reflect.Method.invoke(Method.java:577)
	at net.thucydides.core.steps.StepInterceptor.invokeMethod(StepInterceptor.java:518)
	at net.thucydides.core.steps.StepInterceptor.executeTestStepMethod(StepInterceptor.java:498)
	at net.thucydides.core.steps.StepInterceptor.runTestStep(StepInterceptor.java:472)
	at net.thucydides.core.steps.StepInterceptor.runOrSkipMethod(StepInterceptor.java:211)
	at net.thucydides.core.steps.StepInterceptor.testStepResult(StepInterceptor.java:198)
	at net.thucydides.core.steps.StepInterceptor.intercept(StepInterceptor.java:86)
	at net.thucydides.core.steps.ProxyConfiguration$InterceptorDispatcher.intercept(ProxyConfiguration.java:51)
	at alta@1.0-SNAPSHOT/starter.pages.IsipulsaPage$ByteBuddy$kaNqpncQ.inputNomorHandphone(Unknown Source)
	at alta@1.0-SNAPSHOT/starter.stepdefintions.SelectProductSteps.inputNomorHandphone(SelectProductSteps.java:36)
	at alta@1.0-SNAPSHOT/starter.stepdefintions.SelectProductSteps$ByteBuddy$0XTqyS86.inputNomorHandphone$accessor$2B8UO1bQ(Unknown Source)
	at java.base/jdk.internal.reflect.DirectMethodHandleAccessor.invoke(DirectMethodHandleAccessor.java:104)
	at java.base/java.lang.reflect.Method.invoke(Method.java:577)
	at net.thucydides.core.steps.BaseMethodRunner.invokeMethod(BaseMethodRunner.java:18)
	at net.thucydides.core.steps.NormalMethodRunner.invokeMethodAndNotifyFailures(NormalMethodRunner.java:18)
	at net.thucydides.core.steps.StepInterceptor.runNormalMethod(StepInterceptor.java:421)
	at net.thucydides.core.steps.StepInterceptor.testStepResult(StepInterceptor.java:193)
	at net.thucydides.core.steps.StepInterceptor.intercept(StepInterceptor.java:86)
	at net.thucydides.core.steps.ProxyConfiguration$InterceptorDispatcher.intercept(ProxyConfiguration.java:51)
	at alta@1.0-SNAPSHOT/starter.stepdefintions.SelectProductSteps$ByteBuddy$0XTqyS86.inputNomorHandphone(Unknown Source)
	at alta@1.0-SNAPSHOT/starter.stepdefintions.PaymentMethodSteps.proceedsToCheckout(PaymentMethodSteps.java:39)
	at ✽.I am input nomor handphone(file:///C:/Users/Bunayya%20Zulfikar/Downloads/Compressed/zip/Prioritas2/alta/src/test/resources/features/PaymentMethod.feature:5)
&amp#27;[0m
  &amp#27;[36mAnd &amp#27;[0m&amp#27;[36mI choose the Nominal of Pulsa&amp#27;[0m                         &amp#27;[90m# starter.stepdefintions.PaymentMethodSteps.chooseNominal()&amp#27;[0m
  &amp#27;[36mThen &amp#27;[0m&amp#27;[36mI select the payment method with DANA&amp#27;[0m                &amp#27;[90m# starter.stepdefintions.PaymentMethodSteps.selectPaymentMethod()&amp#27;[0m
02:24:52.113 [main] ERROR  - 
  _____   ___   ___   _____     ___   ___   ___    ___    ___ 
 |_   _| | __| / __| |_   _|   | __| | _ \ | _ \  / _ \  | _ \
   | |   | _|  \__ \   | |     | _|  |   / |   / | (_) | |   /
   |_|   |___| |___/   |_|     |___| |_|_\ |_|_\  \___/  |_|_\

Select Payment Method Dana After Choosing Product
---------------------------------------------------------------
02:24:52.114 [main] DEBUG  - RELATED ISSUES: 
02:24:52.115 [main] ERROR  -     Test failed at step: Input nomor handphone
02:24:52.115 [main] ERROR  -     no such element: Unable to locate element: {"method":"css selector","selector":"#nomor\-handphone"}
02:24:52.117 [AsyncHttpClient-1-10] DEBUG org.asynchttpclient.netty.handler.WebSocketHandler - Channel Closed: [id: 0x79c199c4, L:/127.0.0.1:60540 ! R:localhost/127.0.0.1:60533] with attribute NettyResponseFuture{currentRetry=0,
	isDone=1,
	isCancelled=0,
	asyncHandler=org.asynchttpclient.ws.WebSocketUpgradeHandler@4427ac8e,
	nettyRequest=org.asynchttpclient.netty.request.NettyRequest@1252a6e,
	future=java.util.concurrent.CompletableFuture@31f5fd83[Completed normally],
	uri=ws://localhost:60533/devtools/browser/8c4fd443-1a40-46e1-b244-2474b692f89c,
	keepAlive=true,
	redirectCount=0,
	timeoutsHolder=null,
	inAuth=0,
	touch=1680981881311}
02:24:52.117 [AsyncHttpClient-1-10] DEBUG org.asynchttpclient.netty.channel.ChannelManager - Closing Channel [id: 0x79c199c4, L:/127.0.0.1:60540 ! R:localhost/127.0.0.1:60533] 
02:24:52.117 [Driver Command Executor] DEBUG org.asynchttpclient.netty.request.NettyRequestSender - Using pooled Channel '[id: 0xabf81296, L:/127.0.0.1:60532 - R:localhost/127.0.0.1:48692]' for 'DELETE' to 'http://localhost:48692/session/bd2daab9524a8cf20eef9bac33c035d0'
02:24:52.117 [Driver Command Executor] DEBUG org.asynchttpclient.netty.request.NettyRequestSender - Using open Channel [id: 0xabf81296, L:/127.0.0.1:60532 - R:localhost/127.0.0.1:48692] for DELETE '/session/bd2daab9524a8cf20eef9bac33c035d0'
02:24:52.141 [AsyncHttpClient-1-9] DEBUG org.asynchttpclient.netty.handler.HttpHandler - Unexpected I/O exception on channel [id: 0xa41d3615, L:/127.0.0.1:60539 - R:localhost/127.0.0.1:60533]
java.net.SocketException: Connection reset
	at java.base/sun.nio.ch.SocketChannelImpl.throwConnectionReset(SocketChannelImpl.java:394)
	at java.base/sun.nio.ch.SocketChannelImpl.read(SocketChannelImpl.java:426)
	at io.netty.buffer.PooledByteBuf.setBytes(PooledByteBuf.java:259)
	at io.netty.buffer.AbstractByteBuf.writeBytes(AbstractByteBuf.java:1132)
	at io.netty.channel.socket.nio.NioSocketChannel.doReadBytes(NioSocketChannel.java:357)
	at io.netty.channel.nio.AbstractNioByteChannel$NioByteUnsafe.read(AbstractNioByteChannel.java:151)
	at io.netty.channel.nio.NioEventLoop.processSelectedKey(NioEventLoop.java:788)
	at io.netty.channel.nio.NioEventLoop.processSelectedKeysOptimized(NioEventLoop.java:724)
	at io.netty.channel.nio.NioEventLoop.processSelectedKeys(NioEventLoop.java:650)
	at io.netty.channel.nio.NioEventLoop.run(NioEventLoop.java:562)
	at io.netty.util.concurrent.SingleThreadEventExecutor$4.run(SingleThreadEventExecutor.java:997)
	at io.netty.util.internal.ThreadExecutorMap$2.run(ThreadExecutorMap.java:74)
	at io.netty.util.concurrent.FastThreadLocalRunnable.run(FastThreadLocalRunnable.java:30)
	at java.base/java.lang.Thread.run(Thread.java:833)
02:24:52.141 [AsyncHttpClient-1-9] DEBUG org.asynchttpclient.netty.channel.ChannelManager - Closing Channel [id: 0xa41d3615, L:/127.0.0.1:60539 - R:localhost/127.0.0.1:60533] 
02:24:52.141 [AsyncHttpClient-1-9] DEBUG org.asynchttpclient.netty.handler.HttpHandler - Channel Closed: [id: 0xa41d3615, L:/127.0.0.1:60539 ! R:localhost/127.0.0.1:60533] with attribute DISCARD
02:24:52.159 [AsyncHttpClient-1-8] DEBUG org.asynchttpclient.netty.handler.HttpHandler - 

Request DefaultFullHttpRequest(decodeResult: success, version: HTTP/1.1, content: EmptyByteBufBE)
DELETE /session/bd2daab9524a8cf20eef9bac33c035d0 HTTP/1.1
User-Agent: selenium/4.8.1 (java windows)
Content-Type: application/json; charset=utf-8
host: localhost:48692
accept: */*

Response DefaultHttpResponse(decodeResult: success, version: HTTP/1.1)
HTTP/1.1 200 OK
Content-Length: 14
Content-Type: application/json; charset=utf-8
cache-control: no-cache

02:24:52.159 [AsyncHttpClient-1-8] DEBUG org.asynchttpclient.netty.channel.ChannelManager - Adding key: http://localhost:48692 for channel [id: 0xabf81296, L:/127.0.0.1:60532 - R:localhost/127.0.0.1:48692]
02:24:52.346 [AsyncHttpClient-1-8] DEBUG org.asynchttpclient.netty.handler.HttpHandler - Channel Closed: [id: 0xabf81296, L:/127.0.0.1:60532 ! R:localhost/127.0.0.1:48692] with attribute DISCARD
]]></system-out>
    <system-err><![CDATA[Starting ChromeDriver 111.0.5563.64 (c710e93d5b63b7095afe8c2c17df34408078439d-refs/branch-heads/5563@{#995}) on port 48692
Only local connections are allowed.
Please see https://chromedriver.chromium.org/security-considerations for suggestions on keeping ChromeDriver safe.
ChromeDriver was started successfully.
Apr 09, 2023 2:24:41 AM org.openqa.selenium.devtools.CdpVersionFinder findNearestMatch
WARNING: Unable to find an exact match for CDP version 111, so returning the closest version found: 110
]]></system-err>
  </testcase>
  <testcase name="Not choosing a Payment Method After Selecting a Product" classname="Select Payment Method" time="0.045">
    <error type="io.cucumber.junit.UndefinedStepException"><![CDATA[io.cucumber.junit.UndefinedStepException: 
The step 'I already login with correct account sned go to the Isi Pulsa Page' is undefined.
You can implement this step using the snippet(s) below:

@Given("I already login with correct account sned go to the Isi Pulsa Page")
public void i_already_login_with_correct_account_sned_go_to_the_isi_pulsa_page() {
    // Write code here that turns the phrase above into concrete actions
    throw new io.cucumber.java.PendingException();
}

]]></error>
    <system-out><![CDATA[
Scenario: Not choosing a Payment Method After Selecting a Product          &amp#27;[90m# src/test/resources/features/PaymentMethod.feature:9&amp#27;[0m
02:24:52.444 [main] DEBUG io.cucumber.core.plugin.SerenityReporter - Running feature from file:///C:/Users/Bunayya%20Zulfikar/Downloads/Compressed/zip/Prioritas2/alta/src/test/resources/features/PaymentMethod.feature
02:24:52.445 [main] INFO  - 
  _____   ___   ___   _____     ___   _____     _     ___   _____   ___   ___  
 |_   _| | __| / __| |_   _|   / __| |_   _|   /_\   | _ \ |_   _| | __| |   \ 
   | |   | _|  \__ \   | |     \__ \   | |    / _ \  |   /   | |   | _|  | |) |
   |_|   |___| |___/   |_|     |___/   |_|   /_/ \_\ |_|_\   |_|   |___| |___/ 

Not choosing a Payment Method After Selecting a Product(select-payment-method;not-choosing-a-payment-method-after-selecting-a-product)
--------------------------------------------------------------------------------
  &amp#27;[33mGiven &amp#27;[0m&amp#27;[33mI already login with correct account sned go to the Isi Pulsa Page&amp#27;[0m
  &amp#27;[36mWhen &amp#27;[0m&amp#27;[36mI am input nomor handphone&amp#27;[0m                                          &amp#27;[90m# starter.stepdefintions.PaymentMethodSteps.proceedsToCheckout()&amp#27;[0m
  &amp#27;[36mAnd &amp#27;[0m&amp#27;[36mI choose the Nominal of Pulsa&amp#27;[0m                                        &amp#27;[90m# starter.stepdefintions.PaymentMethodSteps.chooseNominal()&amp#27;[0m
  &amp#27;[36mWhen &amp#27;[0m&amp#27;[36mI do not select any payment method and click Bayar Sekarang button&amp#27;[0m  &amp#27;[90m# starter.stepdefintions.PaymentMethodSteps.clickBayarSekarang()&amp#27;[0m
  &amp#27;[36mThen &amp#27;[0m&amp#27;[36mI should see a reminder message&amp#27;[0m                                     &amp#27;[90m# starter.stepdefintions.PaymentMethodSteps.validateReminderMessage()&amp#27;[0m
02:24:52.457 [main] INFO  - 
  _____   ___   ___   _____     ___   ___   _  _   ___    ___   _  _    ___ 
 |_   _| | __| / __| |_   _|   | _ \ | __| | \| | |   \  |_ _| | \| |  / __|
   | |   | _|  \__ \   | |     |  _/ | _|  | .` | | |) |  | |  | .` | | (_ |
   |_|   |___| |___/   |_|     |_|   |___| |_|\_| |___/  |___| |_|\_|  \___|

Not choosing a Payment Method After Selecting a Product
-----------------------------------------------------------------------------
]]></system-out>
  </testcase>
  <testcase name="Input correct nomor meter and correct nomor handphone" classname="Select Product ListrikPLN" time="7.691">
    <error type="net.thucydides.core.webdriver.exceptions.ElementShouldBeEnabledException"><![CDATA[net.thucydides.core.webdriver.exceptions.ElementShouldBeEnabledException: Expected enabled element was not enabled
Caused by: org.openqa.selenium.TimeoutException: Expected condition failed: waiting for By.id: product_type_0 to be enabled (tried for 5 second(s) with 100 milliseconds interval)
Caused by: org.openqa.selenium.NoSuchElementException: 
no such element: Unable to locate element: {"method":"css selector","selector":"#product_type_0"}
  (Session info: chrome=111.0.5563.147)
For documentation on this error, please visit: https://selenium.dev/exceptions/#no_such_element
Build info: version: '4.8.1', revision: '8ebccac989'
System info: os.name: 'Windows 10', os.arch: 'amd64', os.version: '10.0', java.version: '18.0.1.1'
Driver info: org.openqa.selenium.chrome.ChromeDriver
Command: [94eb8e2f3398ff578836789d0a15ee0a, findElement {using=id, value=product_type_0}]
Capabilities {acceptInsecureCerts: false, browserName: chrome, browserVersion: 111.0.5563.147, chrome: {chromedriverVersion: 111.0.5563.64 (c710e93d5b63..., userDataDir: C:\Users\BUNAYY~1\AppData\L...}, goog:chromeOptions: {debuggerAddress: localhost:60578}, networkConnectionEnabled: false, pageLoadStrategy: normal, platformName: WINDOWS, proxy: Proxy(), se:cdp: ws://localhost:60578/devtoo..., se:cdpVersion: 111.0.5563.147, setWindowRect: true, strictFileInteractability: false, timeouts: {implicit: 0, pageLoad: 300000, script: 30000}, unhandledPromptBehavior: dismiss and notify, webauthn:extension:credBlob: true, webauthn:extension:largeBlob: true, webauthn:extension:minPinLength: true, webauthn:extension:prf: true, webauthn:virtualAuthenticators: true}
Session ID: 94eb8e2f3398ff578836789d0a15ee0a
]]></error>
    <system-out><![CDATA[02:24:52.458 [main] DEBUG io.cucumber.core.plugin.SerenityReporter - Running feature from file:///C:/Users/Bunayya%20Zulfikar/Downloads/Compressed/zip/Prioritas2/alta/src/test/resources/features/SelectProduct.feature
02:24:52.460 [main] DEBUG net.thucydides.core.steps.StepEventBus - Test suite started for story net.thucydides.core.model.Story@d891cf10
02:24:52.460 [main] INFO  - Test Suite Started: Select Product ListrikPLN

Scenario: Input correct nomor meter and correct nomor handphone &amp#27;[90m# src/test/resources/features/SelectProduct.feature:3&amp#27;[0m
02:24:52.464 [main] DEBUG io.cucumber.core.plugin.SerenityReporter - Running feature from file:///C:/Users/Bunayya%20Zulfikar/Downloads/Compressed/zip/Prioritas2/alta/src/test/resources/features/SelectProduct.feature
02:24:52.465 [main] INFO  - 
  _____   ___   ___   _____     ___   _____     _     ___   _____   ___   ___  
 |_   _| | __| / __| |_   _|   / __| |_   _|   /_\   | _ \ |_   _| | __| |   \ 
   | |   | _|  \__ \   | |     \__ \   | |    / _ \  |   /   | |   | _|  | |) |
   |_|   |___| |___/   |_|     |___/   |_|   /_/ \_\ |_|_\   |_|   |___| |___/ 

Input correct nomor meter and correct nomor handphone(select-product-listrikpln;input-correct-nomor-meter-and-correct-nomor-handphone)
--------------------------------------------------------------------------------
02:24:52.487 [main] DEBUG net.thucydides.core.steps.StepInterceptor - STARTING STEP: SelectProductSteps.onTheHomePage - openPage
02:24:52.527 [main] INFO net.serenitybdd.core.webdriver.driverproviders.ChromeDriverProvider - Starting Chrome driver instance with capabilities:
02:24:52.527 [main] INFO net.serenitybdd.core.webdriver.driverproviders.ChromeDriverProvider - Capabilities {acceptInsecureCerts: false, browserName: chrome, goog:chromeOptions: {args: [remote-allow-origins=*], extensions: []}}
02:24:52.603 [AsyncHttpClient-1-11] DEBUG org.asynchttpclient.netty.channel.NettyConnectListener - Using new Channel '[id: 0x5620a98e, L:/127.0.0.1:60577 - R:localhost/127.0.0.1:39044]' for 'POST' to '/session'
02:24:52.950 [AsyncHttpClient-1-1] DEBUG org.asynchttpclient.netty.channel.DefaultChannelPool - Entry count for : http://localhost:48692 : 1
02:24:52.950 [AsyncHttpClient-1-1] DEBUG org.asynchttpclient.netty.channel.DefaultChannelPool - Entry count for : http://localhost:60533 : 1
02:24:52.950 [AsyncHttpClient-1-1] DEBUG org.asynchttpclient.netty.channel.DefaultChannelPool - Adding Candidate expired Channel [id: 0xabf81296, L:/127.0.0.1:60532 ! R:localhost/127.0.0.1:48692] isIdleTimeoutExpired=false isRemotelyClosed=true isTtlExpired=false
02:24:52.950 [AsyncHttpClient-1-1] DEBUG org.asynchttpclient.netty.channel.DefaultChannelPool - Closing Idle Channel [id: 0xabf81296, L:/127.0.0.1:60532 ! R:localhost/127.0.0.1:48692]
02:24:52.950 [AsyncHttpClient-1-1] DEBUG org.asynchttpclient.netty.channel.DefaultChannelPool - Adding Candidate expired Channel [id: 0xa41d3615, L:/127.0.0.1:60539 ! R:localhost/127.0.0.1:60533] isIdleTimeoutExpired=false isRemotelyClosed=true isTtlExpired=false
02:24:52.950 [AsyncHttpClient-1-1] DEBUG org.asynchttpclient.netty.channel.DefaultChannelPool - Closing Idle Channel [id: 0xa41d3615, L:/127.0.0.1:60539 ! R:localhost/127.0.0.1:60533]
02:24:52.950 [AsyncHttpClient-1-1] DEBUG org.asynchttpclient.netty.channel.DefaultChannelPool - Closed 2 connections out of 2 in 0 ms
02:24:53.074 [AsyncHttpClient-1-11] DEBUG org.asynchttpclient.netty.handler.HttpHandler - 

Request DefaultHttpRequest(decodeResult: success, version: HTTP/1.1)
POST /session HTTP/1.1
User-Agent: selenium/4.8.1 (java windows)
Content-Length: 507
Content-Type: application/json; charset=utf-8
host: localhost:39044
accept: */*

Response DefaultHttpResponse(decodeResult: success, version: HTTP/1.1)
HTTP/1.1 200 OK
Content-Length: 862
Content-Type: application/json; charset=utf-8
cache-control: no-cache

02:24:53.074 [AsyncHttpClient-1-11] DEBUG org.asynchttpclient.netty.channel.ChannelManager - Adding key: http://localhost:39044 for channel [id: 0x5620a98e, L:/127.0.0.1:60577 - R:localhost/127.0.0.1:39044]
02:24:53.078 [AsyncHttpClient-1-12] DEBUG org.asynchttpclient.netty.channel.NettyConnectListener - Using new Channel '[id: 0xec5754c2, L:/127.0.0.1:60584 - R:localhost/127.0.0.1:60578]' for 'GET' to '/json/version'
02:24:53.079 [AsyncHttpClient-1-12] DEBUG org.asynchttpclient.netty.handler.HttpHandler - 

Request DefaultFullHttpRequest(decodeResult: success, version: HTTP/1.1, content: EmptyByteBufBE)
GET /json/version HTTP/1.1
User-Agent: selenium/4.8.1 (java windows)
host: localhost:60578
accept: */*

Response DefaultHttpResponse(decodeResult: success, version: HTTP/1.1)
HTTP/1.1 200 OK
Content-Security-Policy: frame-ancestors 'none'
Content-Length: 424
Content-Type: application/json; charset=UTF-8

02:24:53.079 [AsyncHttpClient-1-12] DEBUG org.asynchttpclient.netty.channel.ChannelManager - Adding key: http://localhost:60578 for channel [id: 0xec5754c2, L:/127.0.0.1:60584 - R:localhost/127.0.0.1:60578]
02:24:53.081 [AsyncHttpClient-1-13] DEBUG org.asynchttpclient.netty.channel.NettyConnectListener - Using new Channel '[id: 0x8729108d, L:/127.0.0.1:60585 - R:localhost/127.0.0.1:60578]' for 'GET' to '/devtools/browser/e9a5668e-f7ea-4166-ba5b-7a082bd4dac8'
02:24:53.083 [AsyncHttpClient-1-13] DEBUG org.asynchttpclient.netty.handler.WebSocketHandler - 

Request DefaultFullHttpRequest(decodeResult: success, version: HTTP/1.1, content: EmptyByteBufBE)
GET /devtools/browser/e9a5668e-f7ea-4166-ba5b-7a082bd4dac8 HTTP/1.1
upgrade: websocket
connection: upgrade
sec-websocket-key: OpBAYfmwHLBh3fTgSNpv/Q==
sec-websocket-version: 13
origin: http://localhost:60578
host: localhost:60578
accept: */*
user-agent: AHC/2.1

Response DefaultHttpResponse(decodeResult: success, version: HTTP/1.1)
HTTP/1.1 101 WebSocket Protocol Handshake
Upgrade: WebSocket
Connection: Upgrade
Sec-WebSocket-Accept: GBtIawwXHuTgsy0Sn5IY8A4qwJI=

02:24:53.084 [Forwarding get on session 94eb8e2f3398ff578836789d0a15ee0a to remote] DEBUG org.asynchttpclient.netty.request.NettyRequestSender - Using pooled Channel '[id: 0x5620a98e, L:/127.0.0.1:60577 - R:localhost/127.0.0.1:39044]' for 'POST' to 'http://localhost:39044/session/94eb8e2f3398ff578836789d0a15ee0a/url'
02:24:53.084 [Forwarding get on session 94eb8e2f3398ff578836789d0a15ee0a to remote] DEBUG org.asynchttpclient.netty.request.NettyRequestSender - Using open Channel [id: 0x5620a98e, L:/127.0.0.1:60577 - R:localhost/127.0.0.1:39044] for POST '/session/94eb8e2f3398ff578836789d0a15ee0a/url'
02:24:53.370 [AsyncHttpClient-1-11] DEBUG org.asynchttpclient.netty.handler.HttpHandler - 

Request DefaultHttpRequest(decodeResult: success, version: HTTP/1.1)
POST /session/94eb8e2f3398ff578836789d0a15ee0a/url HTTP/1.1
User-Agent: selenium/4.8.1 (java windows)
Content-Length: 54
Content-Type: application/json; charset=utf-8
host: localhost:39044
accept: */*

Response DefaultHttpResponse(decodeResult: success, version: HTTP/1.1)
HTTP/1.1 200 OK
Content-Length: 14
Content-Type: application/json; charset=utf-8
cache-control: no-cache

02:24:53.370 [AsyncHttpClient-1-11] DEBUG org.asynchttpclient.netty.channel.ChannelManager - Adding key: http://localhost:39044 for channel [id: 0x5620a98e, L:/127.0.0.1:60577 - R:localhost/127.0.0.1:39044]
02:24:53.371 [Forwarding setTimeout on session 94eb8e2f3398ff578836789d0a15ee0a to remote] DEBUG org.asynchttpclient.netty.request.NettyRequestSender - Using pooled Channel '[id: 0x5620a98e, L:/127.0.0.1:60577 - R:localhost/127.0.0.1:39044]' for 'POST' to 'http://localhost:39044/session/94eb8e2f3398ff578836789d0a15ee0a/timeouts'
02:24:53.371 [Forwarding setTimeout on session 94eb8e2f3398ff578836789d0a15ee0a to remote] DEBUG org.asynchttpclient.netty.request.NettyRequestSender - Using open Channel [id: 0x5620a98e, L:/127.0.0.1:60577 - R:localhost/127.0.0.1:39044] for POST '/session/94eb8e2f3398ff578836789d0a15ee0a/timeouts'
02:24:53.372 [AsyncHttpClient-1-11] DEBUG org.asynchttpclient.netty.handler.HttpHandler - 

Request DefaultHttpRequest(decodeResult: success, version: HTTP/1.1)
POST /session/94eb8e2f3398ff578836789d0a15ee0a/timeouts HTTP/1.1
User-Agent: selenium/4.8.1 (java windows)
Content-Length: 22
Content-Type: application/json; charset=utf-8
host: localhost:39044
accept: */*

Response DefaultHttpResponse(decodeResult: success, version: HTTP/1.1)
HTTP/1.1 200 OK
Content-Length: 14
Content-Type: application/json; charset=utf-8
cache-control: no-cache

02:24:53.372 [AsyncHttpClient-1-11] DEBUG org.asynchttpclient.netty.channel.ChannelManager - Adding key: http://localhost:39044 for channel [id: 0x5620a98e, L:/127.0.0.1:60577 - R:localhost/127.0.0.1:39044]
02:24:53.376 [main] DEBUG net.serenitybdd.core.photography.Darkroom - Opening darkroom
02:24:53.377 [Darkroom Processing Line] DEBUG net.serenitybdd.core.photography.DarkroomProcessingLine - Darkroom processing line starting up
02:24:53.377 [Forwarding getAlertText on session 94eb8e2f3398ff578836789d0a15ee0a to remote] DEBUG org.asynchttpclient.netty.request.NettyRequestSender - Using pooled Channel '[id: 0x5620a98e, L:/127.0.0.1:60577 - R:localhost/127.0.0.1:39044]' for 'GET' to 'http://localhost:39044/session/94eb8e2f3398ff578836789d0a15ee0a/alert/text'
02:24:53.377 [Forwarding getAlertText on session 94eb8e2f3398ff578836789d0a15ee0a to remote] DEBUG org.asynchttpclient.netty.request.NettyRequestSender - Using open Channel [id: 0x5620a98e, L:/127.0.0.1:60577 - R:localhost/127.0.0.1:39044] for GET '/session/94eb8e2f3398ff578836789d0a15ee0a/alert/text'
02:24:53.379 [AsyncHttpClient-1-11] DEBUG org.asynchttpclient.netty.handler.HttpHandler - 

Request DefaultFullHttpRequest(decodeResult: success, version: HTTP/1.1, content: EmptyByteBufBE)
GET /session/94eb8e2f3398ff578836789d0a15ee0a/alert/text HTTP/1.1
User-Agent: selenium/4.8.1 (java windows)
Cache-Control: no-cache
Content-Type: application/json; charset=utf-8
host: localhost:39044
accept: */*

Response DefaultHttpResponse(decodeResult: success, version: HTTP/1.1)
HTTP/1.1 404 Not Found
Content-Length: 836
Content-Type: application/json; charset=utf-8
cache-control: no-cache

02:24:53.379 [AsyncHttpClient-1-11] DEBUG org.asynchttpclient.netty.channel.ChannelManager - Adding key: http://localhost:39044 for channel [id: 0x5620a98e, L:/127.0.0.1:60577 - R:localhost/127.0.0.1:39044]
02:24:53.380 [Forwarding getCurrentUrl on session 94eb8e2f3398ff578836789d0a15ee0a to remote] DEBUG org.asynchttpclient.netty.request.NettyRequestSender - Using pooled Channel '[id: 0x5620a98e, L:/127.0.0.1:60577 - R:localhost/127.0.0.1:39044]' for 'GET' to 'http://localhost:39044/session/94eb8e2f3398ff578836789d0a15ee0a/url'
02:24:53.380 [Forwarding getCurrentUrl on session 94eb8e2f3398ff578836789d0a15ee0a to remote] DEBUG org.asynchttpclient.netty.request.NettyRequestSender - Using open Channel [id: 0x5620a98e, L:/127.0.0.1:60577 - R:localhost/127.0.0.1:39044] for GET '/session/94eb8e2f3398ff578836789d0a15ee0a/url'
02:24:53.385 [AsyncHttpClient-1-11] DEBUG org.asynchttpclient.netty.handler.HttpHandler - 

Request DefaultFullHttpRequest(decodeResult: success, version: HTTP/1.1, content: EmptyByteBufBE)
GET /session/94eb8e2f3398ff578836789d0a15ee0a/url HTTP/1.1
User-Agent: selenium/4.8.1 (java windows)
Cache-Control: no-cache
Content-Type: application/json; charset=utf-8
host: localhost:39044
accept: */*

Response DefaultHttpResponse(decodeResult: success, version: HTTP/1.1)
HTTP/1.1 200 OK
Content-Length: 36
Content-Type: application/json; charset=utf-8
cache-control: no-cache

02:24:53.385 [AsyncHttpClient-1-11] DEBUG org.asynchttpclient.netty.channel.ChannelManager - Adding key: http://localhost:39044 for channel [id: 0x5620a98e, L:/127.0.0.1:60577 - R:localhost/127.0.0.1:39044]
02:24:53.385 [Forwarding screenshot on session 94eb8e2f3398ff578836789d0a15ee0a to remote] DEBUG org.asynchttpclient.netty.request.NettyRequestSender - Using pooled Channel '[id: 0x5620a98e, L:/127.0.0.1:60577 - R:localhost/127.0.0.1:39044]' for 'GET' to 'http://localhost:39044/session/94eb8e2f3398ff578836789d0a15ee0a/screenshot'
02:24:53.385 [Forwarding screenshot on session 94eb8e2f3398ff578836789d0a15ee0a to remote] DEBUG org.asynchttpclient.netty.request.NettyRequestSender - Using open Channel [id: 0x5620a98e, L:/127.0.0.1:60577 - R:localhost/127.0.0.1:39044] for GET '/session/94eb8e2f3398ff578836789d0a15ee0a/screenshot'
02:24:53.488 [AsyncHttpClient-1-11] DEBUG org.asynchttpclient.netty.handler.HttpHandler - 

Request DefaultFullHttpRequest(decodeResult: success, version: HTTP/1.1, content: EmptyByteBufBE)
GET /session/94eb8e2f3398ff578836789d0a15ee0a/screenshot HTTP/1.1
User-Agent: selenium/4.8.1 (java windows)
Cache-Control: no-cache
Content-Type: application/json; charset=utf-8
host: localhost:39044
accept: */*

Response DefaultHttpResponse(decodeResult: success, version: HTTP/1.1)
HTTP/1.1 200 OK
Content-Length: 14680
Content-Type: application/json; charset=utf-8
cache-control: no-cache

02:24:53.489 [AsyncHttpClient-1-11] DEBUG org.asynchttpclient.netty.channel.ChannelManager - Adding key: http://localhost:39044 for channel [id: 0x5620a98e, L:/127.0.0.1:60577 - R:localhost/127.0.0.1:39044]
02:24:53.489 [main] DEBUG net.serenitybdd.core.photography.Darkroom - Send negative for processing for target\site\serenity\8847ec282691e3b58bb61220bdcef38cfa963eac68315022851b5b85dc57d2b0.png
02:24:53.490 [main] DEBUG net.thucydides.core.steps.StepInterceptor - STEP DONE: openPage
02:24:53.490 [Darkroom Processing Line] DEBUG net.serenitybdd.core.photography.DarkroomProcessingLine - Processing screenshot image in /var/screenshots/screenshot-15199474771497600505
02:24:53.490 [Darkroom Processing Line] DEBUG net.serenitybdd.core.photography.DarkroomProcessingLine - Saving screenshot to target\site\serenity\8847ec282691e3b58bb61220bdcef38cfa963eac68315022851b5b85dc57d2b0.png
  &amp#27;[32mGiven &amp#27;[0m&amp#27;[32mI am on the home page&amp#27;[0m                                   &amp#27;[90m# starter.stepdefintions.SelectProductSteps.onTheHomePage()&amp#27;[0m
02:24:53.495 [Forwarding getPageSource on session 94eb8e2f3398ff578836789d0a15ee0a to remote] DEBUG org.asynchttpclient.netty.request.NettyRequestSender - Using pooled Channel '[id: 0x5620a98e, L:/127.0.0.1:60577 - R:localhost/127.0.0.1:39044]' for 'POST' to 'http://localhost:39044/session/94eb8e2f3398ff578836789d0a15ee0a/execute/sync'
02:24:53.495 [Forwarding getPageSource on session 94eb8e2f3398ff578836789d0a15ee0a to remote] DEBUG org.asynchttpclient.netty.request.NettyRequestSender - Using open Channel [id: 0x5620a98e, L:/127.0.0.1:60577 - R:localhost/127.0.0.1:39044] for POST '/session/94eb8e2f3398ff578836789d0a15ee0a/execute/sync'
02:24:53.501 [AsyncHttpClient-1-11] DEBUG org.asynchttpclient.netty.handler.HttpHandler - 

Request DefaultHttpRequest(decodeResult: success, version: HTTP/1.1)
POST /session/94eb8e2f3398ff578836789d0a15ee0a/execute/sync HTTP/1.1
User-Agent: selenium/4.8.1 (java windows)
Content-Length: 176
Content-Type: application/json; charset=utf-8
host: localhost:39044
accept: */*

Response DefaultHttpResponse(decodeResult: success, version: HTTP/1.1)
HTTP/1.1 200 OK
Content-Length: 200
Content-Type: application/json; charset=utf-8
cache-control: no-cache

02:24:53.501 [AsyncHttpClient-1-11] DEBUG org.asynchttpclient.netty.channel.ChannelManager - Adding key: http://localhost:39044 for channel [id: 0x5620a98e, L:/127.0.0.1:60577 - R:localhost/127.0.0.1:39044]
02:24:53.502 [Forwarding getCurrentUrl on session 94eb8e2f3398ff578836789d0a15ee0a to remote] DEBUG org.asynchttpclient.netty.request.NettyRequestSender - Using pooled Channel '[id: 0x5620a98e, L:/127.0.0.1:60577 - R:localhost/127.0.0.1:39044]' for 'GET' to 'http://localhost:39044/session/94eb8e2f3398ff578836789d0a15ee0a/url'
02:24:53.502 [Forwarding getCurrentUrl on session 94eb8e2f3398ff578836789d0a15ee0a to remote] DEBUG org.asynchttpclient.netty.request.NettyRequestSender - Using open Channel [id: 0x5620a98e, L:/127.0.0.1:60577 - R:localhost/127.0.0.1:39044] for GET '/session/94eb8e2f3398ff578836789d0a15ee0a/url'
02:24:53.506 [AsyncHttpClient-1-11] DEBUG org.asynchttpclient.netty.handler.HttpHandler - 

Request DefaultFullHttpRequest(decodeResult: success, version: HTTP/1.1, content: EmptyByteBufBE)
GET /session/94eb8e2f3398ff578836789d0a15ee0a/url HTTP/1.1
User-Agent: selenium/4.8.1 (java windows)
Cache-Control: no-cache
Content-Type: application/json; charset=utf-8
host: localhost:39044
accept: */*

Response DefaultHttpResponse(decodeResult: success, version: HTTP/1.1)
HTTP/1.1 200 OK
Content-Length: 36
Content-Type: application/json; charset=utf-8
cache-control: no-cache

02:24:53.506 [AsyncHttpClient-1-11] DEBUG org.asynchttpclient.netty.channel.ChannelManager - Adding key: http://localhost:39044 for channel [id: 0x5620a98e, L:/127.0.0.1:60577 - R:localhost/127.0.0.1:39044]
02:24:53.511 [Forwarding getPageSource on session 94eb8e2f3398ff578836789d0a15ee0a to remote] DEBUG org.asynchttpclient.netty.request.NettyRequestSender - Using pooled Channel '[id: 0x5620a98e, L:/127.0.0.1:60577 - R:localhost/127.0.0.1:39044]' for 'POST' to 'http://localhost:39044/session/94eb8e2f3398ff578836789d0a15ee0a/execute/sync'
02:24:53.511 [Forwarding getPageSource on session 94eb8e2f3398ff578836789d0a15ee0a to remote] DEBUG org.asynchttpclient.netty.request.NettyRequestSender - Using open Channel [id: 0x5620a98e, L:/127.0.0.1:60577 - R:localhost/127.0.0.1:39044] for POST '/session/94eb8e2f3398ff578836789d0a15ee0a/execute/sync'
02:24:53.515 [AsyncHttpClient-1-11] DEBUG org.asynchttpclient.netty.handler.HttpHandler - 

Request DefaultHttpRequest(decodeResult: success, version: HTTP/1.1)
POST /session/94eb8e2f3398ff578836789d0a15ee0a/execute/sync HTTP/1.1
User-Agent: selenium/4.8.1 (java windows)
Content-Length: 176
Content-Type: application/json; charset=utf-8
host: localhost:39044
accept: */*

Response DefaultHttpResponse(decodeResult: success, version: HTTP/1.1)
HTTP/1.1 200 OK
Content-Length: 200
Content-Type: application/json; charset=utf-8
cache-control: no-cache

02:24:53.515 [AsyncHttpClient-1-11] DEBUG org.asynchttpclient.netty.channel.ChannelManager - Adding key: http://localhost:39044 for channel [id: 0x5620a98e, L:/127.0.0.1:60577 - R:localhost/127.0.0.1:39044]
02:24:53.516 [Forwarding getCurrentUrl on session 94eb8e2f3398ff578836789d0a15ee0a to remote] DEBUG org.asynchttpclient.netty.request.NettyRequestSender - Using pooled Channel '[id: 0x5620a98e, L:/127.0.0.1:60577 - R:localhost/127.0.0.1:39044]' for 'GET' to 'http://localhost:39044/session/94eb8e2f3398ff578836789d0a15ee0a/url'
02:24:53.516 [Forwarding getCurrentUrl on session 94eb8e2f3398ff578836789d0a15ee0a to remote] DEBUG org.asynchttpclient.netty.request.NettyRequestSender - Using open Channel [id: 0x5620a98e, L:/127.0.0.1:60577 - R:localhost/127.0.0.1:39044] for GET '/session/94eb8e2f3398ff578836789d0a15ee0a/url'
02:24:53.520 [AsyncHttpClient-1-11] DEBUG org.asynchttpclient.netty.handler.HttpHandler - 

Request DefaultFullHttpRequest(decodeResult: success, version: HTTP/1.1, content: EmptyByteBufBE)
GET /session/94eb8e2f3398ff578836789d0a15ee0a/url HTTP/1.1
User-Agent: selenium/4.8.1 (java windows)
Cache-Control: no-cache
Content-Type: application/json; charset=utf-8
host: localhost:39044
accept: */*

Response DefaultHttpResponse(decodeResult: success, version: HTTP/1.1)
HTTP/1.1 200 OK
Content-Length: 36
Content-Type: application/json; charset=utf-8
cache-control: no-cache

02:24:53.520 [AsyncHttpClient-1-11] DEBUG org.asynchttpclient.netty.channel.ChannelManager - Adding key: http://localhost:39044 for channel [id: 0x5620a98e, L:/127.0.0.1:60577 - R:localhost/127.0.0.1:39044]
02:24:53.521 [main] DEBUG net.thucydides.core.steps.StepInterceptor - STARTING STEP: SelectProductSteps.clickIsiPulsa - clickProductItem
02:24:53.523 [Forwarding findElement on session 94eb8e2f3398ff578836789d0a15ee0a to remote] DEBUG org.asynchttpclient.netty.request.NettyRequestSender - Using pooled Channel '[id: 0x5620a98e, L:/127.0.0.1:60577 - R:localhost/127.0.0.1:39044]' for 'POST' to 'http://localhost:39044/session/94eb8e2f3398ff578836789d0a15ee0a/element'
02:24:53.523 [Forwarding findElement on session 94eb8e2f3398ff578836789d0a15ee0a to remote] DEBUG org.asynchttpclient.netty.request.NettyRequestSender - Using open Channel [id: 0x5620a98e, L:/127.0.0.1:60577 - R:localhost/127.0.0.1:39044] for POST '/session/94eb8e2f3398ff578836789d0a15ee0a/element'
02:24:54.043 [AsyncHttpClient-1-1] DEBUG org.asynchttpclient.netty.channel.DefaultChannelPool - Entry count for : http://localhost:60578 : 1
02:24:55.145 [AsyncHttpClient-1-1] DEBUG org.asynchttpclient.netty.channel.DefaultChannelPool - Entry count for : http://localhost:60578 : 1
02:24:55.559 [AsyncHttpClient-1-11] DEBUG org.asynchttpclient.netty.handler.HttpHandler - 

Request DefaultHttpRequest(decodeResult: success, version: HTTP/1.1)
POST /session/94eb8e2f3398ff578836789d0a15ee0a/element HTTP/1.1
User-Agent: selenium/4.8.1 (java windows)
Content-Length: 59
Content-Type: application/json; charset=utf-8
host: localhost:39044
accept: */*

Response DefaultHttpResponse(decodeResult: success, version: HTTP/1.1)
HTTP/1.1 404 Not Found
Content-Length: 958
Content-Type: application/json; charset=utf-8
cache-control: no-cache

02:24:55.559 [AsyncHttpClient-1-11] DEBUG org.asynchttpclient.netty.channel.ChannelManager - Adding key: http://localhost:39044 for channel [id: 0x5620a98e, L:/127.0.0.1:60577 - R:localhost/127.0.0.1:39044]
02:24:55.664 [Forwarding findElement on session 94eb8e2f3398ff578836789d0a15ee0a to remote] DEBUG org.asynchttpclient.netty.request.NettyRequestSender - Using pooled Channel '[id: 0x5620a98e, L:/127.0.0.1:60577 - R:localhost/127.0.0.1:39044]' for 'POST' to 'http://localhost:39044/session/94eb8e2f3398ff578836789d0a15ee0a/element'
02:24:55.664 [Forwarding findElement on session 94eb8e2f3398ff578836789d0a15ee0a to remote] DEBUG org.asynchttpclient.netty.request.NettyRequestSender - Using open Channel [id: 0x5620a98e, L:/127.0.0.1:60577 - R:localhost/127.0.0.1:39044] for POST '/session/94eb8e2f3398ff578836789d0a15ee0a/element'
02:24:56.243 [AsyncHttpClient-1-1] DEBUG org.asynchttpclient.netty.channel.DefaultChannelPool - Entry count for : http://localhost:60578 : 1
02:24:57.342 [AsyncHttpClient-1-1] DEBUG org.asynchttpclient.netty.channel.DefaultChannelPool - Entry count for : http://localhost:60578 : 1
02:24:57.678 [AsyncHttpClient-1-11] DEBUG org.asynchttpclient.netty.handler.HttpHandler - 

Request DefaultHttpRequest(decodeResult: success, version: HTTP/1.1)
POST /session/94eb8e2f3398ff578836789d0a15ee0a/element HTTP/1.1
User-Agent: selenium/4.8.1 (java windows)
Content-Length: 59
Content-Type: application/json; charset=utf-8
host: localhost:39044
accept: */*

Response DefaultHttpResponse(decodeResult: success, version: HTTP/1.1)
HTTP/1.1 404 Not Found
Content-Length: 958
Content-Type: application/json; charset=utf-8
cache-control: no-cache

02:24:57.678 [AsyncHttpClient-1-11] DEBUG org.asynchttpclient.netty.channel.ChannelManager - Adding key: http://localhost:39044 for channel [id: 0x5620a98e, L:/127.0.0.1:60577 - R:localhost/127.0.0.1:39044]
02:24:57.785 [Forwarding findElement on session 94eb8e2f3398ff578836789d0a15ee0a to remote] DEBUG org.asynchttpclient.netty.request.NettyRequestSender - Using pooled Channel '[id: 0x5620a98e, L:/127.0.0.1:60577 - R:localhost/127.0.0.1:39044]' for 'POST' to 'http://localhost:39044/session/94eb8e2f3398ff578836789d0a15ee0a/element'
02:24:57.785 [Forwarding findElement on session 94eb8e2f3398ff578836789d0a15ee0a to remote] DEBUG org.asynchttpclient.netty.request.NettyRequestSender - Using open Channel [id: 0x5620a98e, L:/127.0.0.1:60577 - R:localhost/127.0.0.1:39044] for POST '/session/94eb8e2f3398ff578836789d0a15ee0a/element'
02:24:58.446 [AsyncHttpClient-1-1] DEBUG org.asynchttpclient.netty.channel.DefaultChannelPool - Entry count for : http://localhost:60578 : 1
02:24:59.543 [AsyncHttpClient-1-1] DEBUG org.asynchttpclient.netty.channel.DefaultChannelPool - Entry count for : http://localhost:60578 : 1
02:24:59.820 [AsyncHttpClient-1-11] DEBUG org.asynchttpclient.netty.handler.HttpHandler - 

Request DefaultHttpRequest(decodeResult: success, version: HTTP/1.1)
POST /session/94eb8e2f3398ff578836789d0a15ee0a/element HTTP/1.1
User-Agent: selenium/4.8.1 (java windows)
Content-Length: 59
Content-Type: application/json; charset=utf-8
host: localhost:39044
accept: */*

Response DefaultHttpResponse(decodeResult: success, version: HTTP/1.1)
HTTP/1.1 404 Not Found
Content-Length: 958
Content-Type: application/json; charset=utf-8
cache-control: no-cache

02:24:59.820 [AsyncHttpClient-1-11] DEBUG org.asynchttpclient.netty.channel.ChannelManager - Adding key: http://localhost:39044 for channel [id: 0x5620a98e, L:/127.0.0.1:60577 - R:localhost/127.0.0.1:39044]
02:24:59.828 [Forwarding getAlertText on session 94eb8e2f3398ff578836789d0a15ee0a to remote] DEBUG org.asynchttpclient.netty.request.NettyRequestSender - Using pooled Channel '[id: 0x5620a98e, L:/127.0.0.1:60577 - R:localhost/127.0.0.1:39044]' for 'GET' to 'http://localhost:39044/session/94eb8e2f3398ff578836789d0a15ee0a/alert/text'
02:24:59.828 [Forwarding getAlertText on session 94eb8e2f3398ff578836789d0a15ee0a to remote] DEBUG org.asynchttpclient.netty.request.NettyRequestSender - Using open Channel [id: 0x5620a98e, L:/127.0.0.1:60577 - R:localhost/127.0.0.1:39044] for GET '/session/94eb8e2f3398ff578836789d0a15ee0a/alert/text'
02:24:59.829 [AsyncHttpClient-1-11] DEBUG org.asynchttpclient.netty.handler.HttpHandler - 

Request DefaultFullHttpRequest(decodeResult: success, version: HTTP/1.1, content: EmptyByteBufBE)
GET /session/94eb8e2f3398ff578836789d0a15ee0a/alert/text HTTP/1.1
User-Agent: selenium/4.8.1 (java windows)
Cache-Control: no-cache
Content-Type: application/json; charset=utf-8
host: localhost:39044
accept: */*

Response DefaultHttpResponse(decodeResult: success, version: HTTP/1.1)
HTTP/1.1 404 Not Found
Content-Length: 836
Content-Type: application/json; charset=utf-8
cache-control: no-cache

02:24:59.829 [AsyncHttpClient-1-11] DEBUG org.asynchttpclient.netty.channel.ChannelManager - Adding key: http://localhost:39044 for channel [id: 0x5620a98e, L:/127.0.0.1:60577 - R:localhost/127.0.0.1:39044]
02:24:59.830 [Forwarding getCurrentUrl on session 94eb8e2f3398ff578836789d0a15ee0a to remote] DEBUG org.asynchttpclient.netty.request.NettyRequestSender - Using pooled Channel '[id: 0x5620a98e, L:/127.0.0.1:60577 - R:localhost/127.0.0.1:39044]' for 'GET' to 'http://localhost:39044/session/94eb8e2f3398ff578836789d0a15ee0a/url'
02:24:59.830 [Forwarding getCurrentUrl on session 94eb8e2f3398ff578836789d0a15ee0a to remote] DEBUG org.asynchttpclient.netty.request.NettyRequestSender - Using open Channel [id: 0x5620a98e, L:/127.0.0.1:60577 - R:localhost/127.0.0.1:39044] for GET '/session/94eb8e2f3398ff578836789d0a15ee0a/url'
02:24:59.834 [AsyncHttpClient-1-11] DEBUG org.asynchttpclient.netty.handler.HttpHandler - 

Request DefaultFullHttpRequest(decodeResult: success, version: HTTP/1.1, content: EmptyByteBufBE)
GET /session/94eb8e2f3398ff578836789d0a15ee0a/url HTTP/1.1
User-Agent: selenium/4.8.1 (java windows)
Cache-Control: no-cache
Content-Type: application/json; charset=utf-8
host: localhost:39044
accept: */*

Response DefaultHttpResponse(decodeResult: success, version: HTTP/1.1)
HTTP/1.1 200 OK
Content-Length: 36
Content-Type: application/json; charset=utf-8
cache-control: no-cache

02:24:59.834 [AsyncHttpClient-1-11] DEBUG org.asynchttpclient.netty.channel.ChannelManager - Adding key: http://localhost:39044 for channel [id: 0x5620a98e, L:/127.0.0.1:60577 - R:localhost/127.0.0.1:39044]
02:24:59.834 [Forwarding screenshot on session 94eb8e2f3398ff578836789d0a15ee0a to remote] DEBUG org.asynchttpclient.netty.request.NettyRequestSender - Using pooled Channel '[id: 0x5620a98e, L:/127.0.0.1:60577 - R:localhost/127.0.0.1:39044]' for 'GET' to 'http://localhost:39044/session/94eb8e2f3398ff578836789d0a15ee0a/screenshot'
02:24:59.834 [Forwarding screenshot on session 94eb8e2f3398ff578836789d0a15ee0a to remote] DEBUG org.asynchttpclient.netty.request.NettyRequestSender - Using open Channel [id: 0x5620a98e, L:/127.0.0.1:60577 - R:localhost/127.0.0.1:39044] for GET '/session/94eb8e2f3398ff578836789d0a15ee0a/screenshot'
02:24:59.918 [AsyncHttpClient-1-11] DEBUG org.asynchttpclient.netty.handler.HttpHandler - 

Request DefaultFullHttpRequest(decodeResult: success, version: HTTP/1.1, content: EmptyByteBufBE)
GET /session/94eb8e2f3398ff578836789d0a15ee0a/screenshot HTTP/1.1
User-Agent: selenium/4.8.1 (java windows)
Cache-Control: no-cache
Content-Type: application/json; charset=utf-8
host: localhost:39044
accept: */*

Response DefaultHttpResponse(decodeResult: success, version: HTTP/1.1)
HTTP/1.1 200 OK
Content-Length: 14680
Content-Type: application/json; charset=utf-8
cache-control: no-cache

02:24:59.918 [AsyncHttpClient-1-11] DEBUG org.asynchttpclient.netty.channel.ChannelManager - Adding key: http://localhost:39044 for channel [id: 0x5620a98e, L:/127.0.0.1:60577 - R:localhost/127.0.0.1:39044]
02:24:59.919 [main] DEBUG net.serenitybdd.core.photography.Darkroom - Send negative for processing for target\site\serenity\8847ec282691e3b58bb61220bdcef38cfa963eac68315022851b5b85dc57d2b0.png
02:24:59.920 [Forwarding getPageSource on session 94eb8e2f3398ff578836789d0a15ee0a to remote] DEBUG org.asynchttpclient.netty.request.NettyRequestSender - Using pooled Channel '[id: 0x5620a98e, L:/127.0.0.1:60577 - R:localhost/127.0.0.1:39044]' for 'POST' to 'http://localhost:39044/session/94eb8e2f3398ff578836789d0a15ee0a/execute/sync'
02:24:59.920 [Forwarding getPageSource on session 94eb8e2f3398ff578836789d0a15ee0a to remote] DEBUG org.asynchttpclient.netty.request.NettyRequestSender - Using open Channel [id: 0x5620a98e, L:/127.0.0.1:60577 - R:localhost/127.0.0.1:39044] for POST '/session/94eb8e2f3398ff578836789d0a15ee0a/execute/sync'
02:24:59.924 [AsyncHttpClient-1-11] DEBUG org.asynchttpclient.netty.handler.HttpHandler - 

Request DefaultHttpRequest(decodeResult: success, version: HTTP/1.1)
POST /session/94eb8e2f3398ff578836789d0a15ee0a/execute/sync HTTP/1.1
User-Agent: selenium/4.8.1 (java windows)
Content-Length: 176
Content-Type: application/json; charset=utf-8
host: localhost:39044
accept: */*

Response DefaultHttpResponse(decodeResult: success, version: HTTP/1.1)
HTTP/1.1 200 OK
Content-Length: 200
Content-Type: application/json; charset=utf-8
cache-control: no-cache

02:24:59.924 [AsyncHttpClient-1-11] DEBUG org.asynchttpclient.netty.channel.ChannelManager - Adding key: http://localhost:39044 for channel [id: 0x5620a98e, L:/127.0.0.1:60577 - R:localhost/127.0.0.1:39044]
02:24:59.925 [Forwarding getCurrentUrl on session 94eb8e2f3398ff578836789d0a15ee0a to remote] DEBUG org.asynchttpclient.netty.request.NettyRequestSender - Using pooled Channel '[id: 0x5620a98e, L:/127.0.0.1:60577 - R:localhost/127.0.0.1:39044]' for 'GET' to 'http://localhost:39044/session/94eb8e2f3398ff578836789d0a15ee0a/url'
02:24:59.925 [Forwarding getCurrentUrl on session 94eb8e2f3398ff578836789d0a15ee0a to remote] DEBUG org.asynchttpclient.netty.request.NettyRequestSender - Using open Channel [id: 0x5620a98e, L:/127.0.0.1:60577 - R:localhost/127.0.0.1:39044] for GET '/session/94eb8e2f3398ff578836789d0a15ee0a/url'
02:24:59.929 [AsyncHttpClient-1-11] DEBUG org.asynchttpclient.netty.handler.HttpHandler - 

Request DefaultFullHttpRequest(decodeResult: success, version: HTTP/1.1, content: EmptyByteBufBE)
GET /session/94eb8e2f3398ff578836789d0a15ee0a/url HTTP/1.1
User-Agent: selenium/4.8.1 (java windows)
Cache-Control: no-cache
Content-Type: application/json; charset=utf-8
host: localhost:39044
accept: */*

Response DefaultHttpResponse(decodeResult: success, version: HTTP/1.1)
HTTP/1.1 200 OK
Content-Length: 36
Content-Type: application/json; charset=utf-8
cache-control: no-cache

02:24:59.929 [AsyncHttpClient-1-11] DEBUG org.asynchttpclient.netty.channel.ChannelManager - Adding key: http://localhost:39044 for channel [id: 0x5620a98e, L:/127.0.0.1:60577 - R:localhost/127.0.0.1:39044]
  &amp#27;[31mWhen &amp#27;[0m&amp#27;[31mI click Isi Pulsa product&amp#27;[0m                                &amp#27;[90m# starter.stepdefintions.SelectProductSteps.clickIsiPulsa()&amp#27;[0m
      &amp#27;[31mnet.thucydides.core.webdriver.exceptions.ElementShouldBeEnabledException: Expected enabled element was not enabled
	at net.serenitybdd.core.pages.WebElementFacadeImpl.waitUntilEnabled(WebElementFacadeImpl.java:1122)
	at net.serenitybdd.core.pages.WebElementFacadeImpl.waitUntilElementAvailable(WebElementFacadeImpl.java:906)
	at net.serenitybdd.core.pages.WebElementFacadeImpl.click(WebElementFacadeImpl.java:1204)
	at net.serenitybdd.core.pages.WebElementFacadeImpl.click(WebElementFacadeImpl.java:1224)
	at alta@1.0-SNAPSHOT/starter.pages.HomePage.clickProductItem(HomePage.java:21)
	at alta@1.0-SNAPSHOT/starter.pages.HomePage$ByteBuddy$bDnl9xQ4.clickProductItem$accessor$bdNP5XxI(Unknown Source)
	at java.base/jdk.internal.reflect.DirectMethodHandleAccessor.invoke(DirectMethodHandleAccessor.java:104)
	at java.base/java.lang.reflect.Method.invoke(Method.java:577)
	at net.thucydides.core.steps.StepInterceptor.invokeMethod(StepInterceptor.java:518)
	at net.thucydides.core.steps.StepInterceptor.executeTestStepMethod(StepInterceptor.java:498)
	at net.thucydides.core.steps.StepInterceptor.runTestStep(StepInterceptor.java:472)
	at net.thucydides.core.steps.StepInterceptor.runOrSkipMethod(StepInterceptor.java:211)
	at net.thucydides.core.steps.StepInterceptor.testStepResult(StepInterceptor.java:198)
	at net.thucydides.core.steps.StepInterceptor.intercept(StepInterceptor.java:86)
	at net.thucydides.core.steps.ProxyConfiguration$InterceptorDispatcher.intercept(ProxyConfiguration.java:51)
	at alta@1.0-SNAPSHOT/starter.pages.HomePage$ByteBuddy$bDnl9xQ4.clickProductItem(Unknown Source)
	at alta@1.0-SNAPSHOT/starter.stepdefintions.SelectProductSteps.clickIsiPulsa(SelectProductSteps.java:31)
	at ✽.I click Isi Pulsa product(file:///C:/Users/Bunayya%20Zulfikar/Downloads/Compressed/zip/Prioritas2/alta/src/test/resources/features/SelectProduct.feature:5)
Caused by: org.openqa.selenium.TimeoutException: Expected condition failed: waiting for By.id: product_type_0 to be enabled (tried for 5 second(s) with 100 milliseconds interval)
	at org.openqa.selenium.support.ui.FluentWait.timeoutException(FluentWait.java:263)
	at org.openqa.selenium.support.ui.FluentWait.until(FluentWait.java:231)
	at net.serenitybdd.core.pages.WebElementFacadeImpl.waitUntilEnabled(WebElementFacadeImpl.java:1119)
	at net.serenitybdd.core.pages.WebElementFacadeImpl.waitUntilElementAvailable(WebElementFacadeImpl.java:906)
	at net.serenitybdd.core.pages.WebElementFacadeImpl.click(WebElementFacadeImpl.java:1204)
	at net.serenitybdd.core.pages.WebElementFacadeImpl.click(WebElementFacadeImpl.java:1224)
	at alta@1.0-SNAPSHOT/starter.pages.HomePage.clickProductItem(HomePage.java:21)
	at alta@1.0-SNAPSHOT/starter.pages.HomePage$ByteBuddy$bDnl9xQ4.clickProductItem$accessor$bdNP5XxI(Unknown Source)
	at java.base/jdk.internal.reflect.DirectMethodHandleAccessor.invoke(DirectMethodHandleAccessor.java:104)
	at java.base/java.lang.reflect.Method.invoke(Method.java:577)
	at net.thucydides.core.steps.StepInterceptor.invokeMethod(StepInterceptor.java:518)
	at net.thucydides.core.steps.StepInterceptor.executeTestStepMethod(StepInterceptor.java:498)
	at net.thucydides.core.steps.StepInterceptor.runTestStep(StepInterceptor.java:472)
	at net.thucydides.core.steps.StepInterceptor.runOrSkipMethod(StepInterceptor.java:211)
	at net.thucydides.core.steps.StepInterceptor.testStepResult(StepInterceptor.java:198)
	at net.thucydides.core.steps.StepInterceptor.intercept(StepInterceptor.java:86)
	at net.thucydides.core.steps.ProxyConfiguration$InterceptorDispatcher.intercept(ProxyConfiguration.java:51)
	at alta@1.0-SNAPSHOT/starter.pages.HomePage$ByteBuddy$bDnl9xQ4.clickProductItem(Unknown Source)
	at alta@1.0-SNAPSHOT/starter.stepdefintions.SelectProductSteps.clickIsiPulsa(SelectProductSteps.java:31)
	at java.base/jdk.internal.reflect.DirectMethodHandleAccessor.invoke(DirectMethodHandleAccessor.java:104)
	at java.base/java.lang.reflect.Method.invoke(Method.java:577)
	at io.cucumber.java.Invoker.doInvoke(Invoker.java:66)
	at io.cucumber.java.Invoker.invoke(Invoker.java:24)
	at io.cucumber.java.AbstractGlueDefinition.invokeMethod(AbstractGlueDefinition.java:47)
	at io.cucumber.java.JavaStepDefinition.execute(JavaStepDefinition.java:29)
	at io.cucumber.core.runner.CoreStepDefinition.execute(CoreStepDefinition.java:66)
	at io.cucumber.core.runner.PickleStepDefinitionMatch.runStep(PickleStepDefinitionMatch.java:63)
	at io.cucumber.core.runner.ExecutionMode$1.execute(ExecutionMode.java:10)
	at io.cucumber.core.runner.TestStep.executeStep(TestStep.java:84)
	at io.cucumber.core.runner.TestStep.run(TestStep.java:56)
	at io.cucumber.core.runner.PickleStepTestStep.run(PickleStepTestStep.java:51)
	at io.cucumber.core.runner.TestCase.run(TestCase.java:84)
	at io.cucumber.core.runner.Runner.runPickle(Runner.java:75)
	at io.cucumber.junit.PickleRunners$NoStepDescriptions.lambda$run$0(PickleRunners.java:151)
	at io.cucumber.core.runtime.CucumberExecutionContext.lambda$runTestCase$5(CucumberExecutionContext.java:130)
	at io.cucumber.core.runtime.RethrowingThrowableCollector.executeAndThrow(RethrowingThrowableCollector.java:23)
	at io.cucumber.core.runtime.CucumberExecutionContext.runTestCase(CucumberExecutionContext.java:130)
	at io.cucumber.junit.PickleRunners$NoStepDescriptions.run(PickleRunners.java:148)
	at io.cucumber.junit.FeatureRunner.runChild(FeatureRunner.java:144)
	at io.cucumber.junit.FeatureRunner.runChild(FeatureRunner.java:28)
	at org.junit.runners.ParentRunner$4.run(ParentRunner.java:331)
	at org.junit.runners.ParentRunner$1.schedule(ParentRunner.java:79)
	at org.junit.runners.ParentRunner.runChildren(ParentRunner.java:329)
	at org.junit.runners.ParentRunner.access$100(ParentRunner.java:66)
	at org.junit.runners.ParentRunner$2.evaluate(ParentRunner.java:293)
	at org.junit.runners.ParentRunner$3.evaluate(ParentRunner.java:306)
	at org.junit.runners.ParentRunner.run(ParentRunner.java:413)
	at io.cucumber.junit.FeatureRunner.run(FeatureRunner.java:137)
	at io.cucumber.junit.CucumberSerenityBaseRunner.runChild(CucumberSerenityBaseRunner.java:330)
	at io.cucumber.junit.CucumberSerenityBaseRunner.runChild(CucumberSerenityBaseRunner.java:51)
	at org.junit.runners.ParentRunner$4.run(ParentRunner.java:331)
	at org.junit.runners.ParentRunner$1.schedule(ParentRunner.java:79)
	at org.junit.runners.ParentRunner.runChildren(ParentRunner.java:329)
	at org.junit.runners.ParentRunner.access$100(ParentRunner.java:66)
	at org.junit.runners.ParentRunner$2.evaluate(ParentRunner.java:293)
	at io.cucumber.junit.CucumberSerenityBaseRunner$RunCucumber.evaluate(CucumberSerenityBaseRunner.java:361)
	at org.junit.runners.ParentRunner$3.evaluate(ParentRunner.java:306)
	at org.junit.runners.ParentRunner.run(ParentRunner.java:413)
	at org.junit.runner.JUnitCore.run(JUnitCore.java:137)
	at org.junit.runner.JUnitCore.run(JUnitCore.java:115)
	at org.junit.vintage.engine.execution.RunnerExecutor.execute(RunnerExecutor.java:42)
	at org.junit.vintage.engine.VintageTestEngine.executeAllChildren(VintageTestEngine.java:80)
	at org.junit.vintage.engine.VintageTestEngine.execute(VintageTestEngine.java:72)
	at org.junit.platform.launcher.core.EngineExecutionOrchestrator.execute(EngineExecutionOrchestrator.java:107)
	at org.junit.platform.launcher.core.EngineExecutionOrchestrator.execute(EngineExecutionOrchestrator.java:88)
	at org.junit.platform.launcher.core.EngineExecutionOrchestrator.lambda$execute$0(EngineExecutionOrchestrator.java:54)
	at org.junit.platform.launcher.core.EngineExecutionOrchestrator.withInterceptedStreams(EngineExecutionOrchestrator.java:67)
	at org.junit.platform.launcher.core.EngineExecutionOrchestrator.execute(EngineExecutionOrchestrator.java:52)
	at org.junit.platform.launcher.core.DefaultLauncher.execute(DefaultLauncher.java:114)
	at org.junit.platform.launcher.core.DefaultLauncher.execute(DefaultLauncher.java:86)
	at org.junit.platform.launcher.core.DefaultLauncherSession$DelegatingLauncher.execute(DefaultLauncherSession.java:86)
	at org.junit.platform.launcher.core.SessionPerRequestLauncher.execute(SessionPerRequestLauncher.java:53)
	at org.apache.maven.surefire.junitplatform.JUnitPlatformProvider.execute(JUnitPlatformProvider.java:188)
	at org.apache.maven.surefire.junitplatform.JUnitPlatformProvider.invokeAllTests(JUnitPlatformProvider.java:154)
	at org.apache.maven.surefire.junitplatform.JUnitPlatformProvider.invoke(JUnitPlatformProvider.java:128)
	at org.apache.maven.surefire.booter.ForkedBooter.runSuitesInProcess(ForkedBooter.java:428)
	at org.apache.maven.surefire.booter.ForkedBooter.execute(ForkedBooter.java:162)
	at org.apache.maven.surefire.booter.ForkedBooter.run(ForkedBooter.java:562)
	at org.apache.maven.surefire.booter.ForkedBooter.main(ForkedBooter.java:548)
Caused by: org.openqa.selenium.NoSuchElementException: no such element: Unable to locate element: {"method":"css selector","selector":"#product_type_0"}
  (Session info: chrome=111.0.5563.147)
For documentation on this error, please visit: https://selenium.dev/exceptions/#no_such_element
Build info: version: '4.8.1', revision: '8ebccac989'
System info: os.name: 'Windows 10', os.arch: 'amd64', os.version: '10.0', java.version: '18.0.1.1'
Driver info: org.openqa.selenium.chrome.ChromeDriver
Command: [94eb8e2f3398ff578836789d0a15ee0a, findElement {using=id, value=product_type_0}]
Capabilities {acceptInsecureCerts: false, browserName: chrome, browserVersion: 111.0.5563.147, chrome: {chromedriverVersion: 111.0.5563.64 (c710e93d5b63..., userDataDir: C:\Users\BUNAYY~1\AppData\L...}, goog:chromeOptions: {debuggerAddress: localhost:60578}, networkConnectionEnabled: false, pageLoadStrategy: normal, platformName: WINDOWS, proxy: Proxy(), se:cdp: ws://localhost:60578/devtoo..., se:cdpVersion: 111.0.5563.147, setWindowRect: true, strictFileInteractability: false, timeouts: {implicit: 0, pageLoad: 300000, script: 30000}, unhandledPromptBehavior: dismiss and notify, webauthn:extension:credBlob: true, webauthn:extension:largeBlob: true, webauthn:extension:minPinLength: true, webauthn:extension:prf: true, webauthn:virtualAuthenticators: true}
Session ID: 94eb8e2f3398ff578836789d0a15ee0a
	at java.base/jdk.internal.reflect.DirectConstructorHandleAccessor.newInstance(DirectConstructorHandleAccessor.java:67)
	at java.base/java.lang.reflect.Constructor.newInstanceWithCaller(Constructor.java:499)
	at java.base/java.lang.reflect.Constructor.newInstance(Constructor.java:483)
	at org.openqa.selenium.remote.codec.w3c.W3CHttpResponseCodec.createException(W3CHttpResponseCodec.java:200)
	at org.openqa.selenium.remote.codec.w3c.W3CHttpResponseCodec.decode(W3CHttpResponseCodec.java:133)
	at org.openqa.selenium.remote.codec.w3c.W3CHttpResponseCodec.decode(W3CHttpResponseCodec.java:53)
	at org.openqa.selenium.remote.HttpCommandExecutor.execute(HttpCommandExecutor.java:184)
	at org.openqa.selenium.remote.service.DriverCommandExecutor.invokeExecute(DriverCommandExecutor.java:167)
	at org.openqa.selenium.remote.service.DriverCommandExecutor.execute(DriverCommandExecutor.java:142)
	at org.openqa.selenium.remote.RemoteWebDriver.execute(RemoteWebDriver.java:543)
	at org.openqa.selenium.remote.ElementLocation$ElementFinder$2.findElement(ElementLocation.java:162)
	at org.openqa.selenium.remote.ElementLocation.findElement(ElementLocation.java:60)
	at org.openqa.selenium.remote.RemoteWebDriver.findElement(RemoteWebDriver.java:352)
	at org.openqa.selenium.remote.RemoteWebDriver.findElement(RemoteWebDriver.java:344)
	at net.thucydides.core.webdriver.WebDriverFacade.findElement(WebDriverFacade.java:242)
	at net.serenitybdd.core.pages.WebElementResolverByLocator.resolveForDriver(WebElementResolverByLocator.java:25)
	at net.serenitybdd.core.pages.WebElementFacadeImpl.getResolvedElement(WebElementFacadeImpl.java:189)
	at net.serenitybdd.core.pages.WebElementFacadeImpl.getElement(WebElementFacadeImpl.java:184)
	at net.serenitybdd.core.pages.WebElementExpectations$3.apply(WebElementExpectations.java:63)
	at net.serenitybdd.core.pages.WebElementExpectations$3.apply(WebElementExpectations.java:55)
	at org.openqa.selenium.support.ui.FluentWait.until(FluentWait.java:208)
	... 77 more
&amp#27;[0m
  &amp#27;[36mAnd &amp#27;[0m&amp#27;[36mI enter correct nomor handphone&amp#27;[0m                           &amp#27;[90m# starter.stepdefintions.SelectProductSteps.inputNomorHandphone()&amp#27;[0m
  &amp#27;[36mThen &amp#27;[0m&amp#27;[36mI should be redirected to select nominal&amp#27;[0m                 &amp#27;[90m# starter.stepdefintions.SelectProductSteps.validateOnSelectNominal()&amp#27;[0m
02:24:59.953 [main] ERROR  - 
  _____   ___   ___   _____     ___     _     ___   _      ___   ___  
 |_   _| | __| / __| |_   _|   | __|   /_\   |_ _| | |    | __| |   \ 
   | |   | _|  \__ \   | |     | _|   / _ \   | |  | |__  | _|  | |) |
   |_|   |___| |___/   |_|     |_|   /_/ \_\ |___| |____| |___| |___/ 

Input correct nomor meter and correct nomor handphone
-----------------------------------------------------------------------
02:24:59.953 [main] DEBUG  - RELATED ISSUES: 
02:24:59.954 [main] ERROR  -     Test failed at step: Click product item
02:24:59.954 [main] ERROR  -     Expected enabled element was not enabled
02:24:59.957 [AsyncHttpClient-1-13] DEBUG org.asynchttpclient.netty.handler.WebSocketHandler - Channel Closed: [id: 0x8729108d, L:/127.0.0.1:60585 ! R:localhost/127.0.0.1:60578] with attribute NettyResponseFuture{currentRetry=0,
	isDone=1,
	isCancelled=0,
	asyncHandler=org.asynchttpclient.ws.WebSocketUpgradeHandler@5013de19,
	nettyRequest=org.asynchttpclient.netty.request.NettyRequest@15114a7f,
	future=java.util.concurrent.CompletableFuture@1256e549[Completed normally],
	uri=ws://localhost:60578/devtools/browser/e9a5668e-f7ea-4166-ba5b-7a082bd4dac8,
	keepAlive=true,
	redirectCount=0,
	timeoutsHolder=null,
	inAuth=0,
	touch=1680981893083}
02:24:59.957 [AsyncHttpClient-1-13] DEBUG org.asynchttpclient.netty.channel.ChannelManager - Closing Channel [id: 0x8729108d, L:/127.0.0.1:60585 ! R:localhost/127.0.0.1:60578] 
02:24:59.957 [Driver Command Executor] DEBUG org.asynchttpclient.netty.request.NettyRequestSender - Using pooled Channel '[id: 0x5620a98e, L:/127.0.0.1:60577 - R:localhost/127.0.0.1:39044]' for 'DELETE' to 'http://localhost:39044/session/94eb8e2f3398ff578836789d0a15ee0a'
02:24:59.957 [Driver Command Executor] DEBUG org.asynchttpclient.netty.request.NettyRequestSender - Using open Channel [id: 0x5620a98e, L:/127.0.0.1:60577 - R:localhost/127.0.0.1:39044] for DELETE '/session/94eb8e2f3398ff578836789d0a15ee0a'
02:25:00.001 [AsyncHttpClient-1-12] DEBUG org.asynchttpclient.netty.handler.HttpHandler - Unexpected I/O exception on channel [id: 0xec5754c2, L:/127.0.0.1:60584 - R:localhost/127.0.0.1:60578]
java.net.SocketException: Connection reset
	at java.base/sun.nio.ch.SocketChannelImpl.throwConnectionReset(SocketChannelImpl.java:394)
	at java.base/sun.nio.ch.SocketChannelImpl.read(SocketChannelImpl.java:426)
	at io.netty.buffer.PooledByteBuf.setBytes(PooledByteBuf.java:259)
	at io.netty.buffer.AbstractByteBuf.writeBytes(AbstractByteBuf.java:1132)
	at io.netty.channel.socket.nio.NioSocketChannel.doReadBytes(NioSocketChannel.java:357)
	at io.netty.channel.nio.AbstractNioByteChannel$NioByteUnsafe.read(AbstractNioByteChannel.java:151)
	at io.netty.channel.nio.NioEventLoop.processSelectedKey(NioEventLoop.java:788)
	at io.netty.channel.nio.NioEventLoop.processSelectedKeysOptimized(NioEventLoop.java:724)
	at io.netty.channel.nio.NioEventLoop.processSelectedKeys(NioEventLoop.java:650)
	at io.netty.channel.nio.NioEventLoop.run(NioEventLoop.java:562)
	at io.netty.util.concurrent.SingleThreadEventExecutor$4.run(SingleThreadEventExecutor.java:997)
	at io.netty.util.internal.ThreadExecutorMap$2.run(ThreadExecutorMap.java:74)
	at io.netty.util.concurrent.FastThreadLocalRunnable.run(FastThreadLocalRunnable.java:30)
	at java.base/java.lang.Thread.run(Thread.java:833)
02:25:00.001 [AsyncHttpClient-1-12] DEBUG org.asynchttpclient.netty.channel.ChannelManager - Closing Channel [id: 0xec5754c2, L:/127.0.0.1:60584 - R:localhost/127.0.0.1:60578] 
02:25:00.002 [AsyncHttpClient-1-12] DEBUG org.asynchttpclient.netty.handler.HttpHandler - Channel Closed: [id: 0xec5754c2, L:/127.0.0.1:60584 ! R:localhost/127.0.0.1:60578] with attribute DISCARD
02:25:00.015 [AsyncHttpClient-1-11] DEBUG org.asynchttpclient.netty.handler.HttpHandler - 

Request DefaultFullHttpRequest(decodeResult: success, version: HTTP/1.1, content: EmptyByteBufBE)
DELETE /session/94eb8e2f3398ff578836789d0a15ee0a HTTP/1.1
User-Agent: selenium/4.8.1 (java windows)
Content-Type: application/json; charset=utf-8
host: localhost:39044
accept: */*

Response DefaultHttpResponse(decodeResult: success, version: HTTP/1.1)
HTTP/1.1 200 OK
Content-Length: 14
Content-Type: application/json; charset=utf-8
cache-control: no-cache

02:25:00.015 [AsyncHttpClient-1-11] DEBUG org.asynchttpclient.netty.channel.ChannelManager - Adding key: http://localhost:39044 for channel [id: 0x5620a98e, L:/127.0.0.1:60577 - R:localhost/127.0.0.1:39044]
02:25:00.103 [AsyncHttpClient-1-11] DEBUG org.asynchttpclient.netty.handler.HttpHandler - Channel Closed: [id: 0x5620a98e, L:/127.0.0.1:60577 ! R:localhost/127.0.0.1:39044] with attribute DISCARD
]]></system-out>
    <system-err><![CDATA[Starting ChromeDriver 111.0.5563.64 (c710e93d5b63b7095afe8c2c17df34408078439d-refs/branch-heads/5563@{#995}) on port 39044
Only local connections are allowed.
Please see https://chromedriver.chromium.org/security-considerations for suggestions on keeping ChromeDriver safe.
ChromeDriver was started successfully.
Apr 09, 2023 2:24:53 AM org.openqa.selenium.devtools.CdpVersionFinder findNearestMatch
WARNING: Unable to find an exact match for CDP version 111, so returning the closest version found: 110
]]></system-err>
  </testcase>
  <testcase name="Input invalid nomor handphone" classname="Select Product ListrikPLN" time="0.078">
    <error type="io.cucumber.junit.UndefinedStepException"><![CDATA[io.cucumber.junit.UndefinedStepException: 
The step 'I click nominal pulsa' is undefined.
You can implement this step using the snippet(s) below:

@When("I click nominal pulsa")
public void i_click_nominal_pulsa() {
    // Write code here that turns the phrase above into concrete actions
    throw new io.cucumber.java.PendingException();
}

]]></error>
    <system-out><![CDATA[
Scenario: Input invalid nomor handphone &amp#27;[90m# src/test/resources/features/SelectProduct.feature:9&amp#27;[0m
02:25:00.170 [main] DEBUG io.cucumber.core.plugin.SerenityReporter - Running feature from file:///C:/Users/Bunayya%20Zulfikar/Downloads/Compressed/zip/Prioritas2/alta/src/test/resources/features/SelectProduct.feature
02:25:00.175 [main] INFO  - 
  _____   ___   ___   _____     ___   _____     _     ___   _____   ___   ___  
 |_   _| | __| / __| |_   _|   / __| |_   _|   /_\   | _ \ |_   _| | __| |   \ 
   | |   | _|  \__ \   | |     \__ \   | |    / _ \  |   /   | |   | _|  | |) |
   |_|   |___| |___/   |_|     |___/   |_|   /_/ \_\ |_|_\   |_|   |___| |___/ 

Input invalid nomor handphone(select-product-listrikpln;input-invalid-nomor-handphone)
--------------------------------------------------------------------------------
02:25:00.211 [main] DEBUG net.thucydides.core.steps.StepInterceptor - STARTING STEP: SelectProductSteps.clickIsiPulsa - clickProductItem
02:25:00.217 [main] DEBUG net.thucydides.core.steps.StepInterceptor - STEP DONE: clickProductItem
  &amp#27;[32mGiven &amp#27;[0m&amp#27;[32mI click Isi Pulsa product&amp#27;[0m       &amp#27;[90m# starter.stepdefintions.SelectProductSteps.clickIsiPulsa()&amp#27;[0m
02:25:00.222 [main] DEBUG net.thucydides.core.steps.StepInterceptor - STARTING STEP: SelectProductSteps.inputIncorrectNomorHandphone - inputNomorHandphone
02:25:00.224 [main] DEBUG net.thucydides.core.steps.StepInterceptor - STEP DONE: inputNomorHandphone
  &amp#27;[32mAnd &amp#27;[0m&amp#27;[32mI enter invalid nomor handphone&amp#27;[0m   &amp#27;[90m# starter.stepdefintions.SelectProductSteps.inputIncorrectNomorHandphone()&amp#27;[0m
  &amp#27;[33mWhen &amp#27;[0m&amp#27;[33mI click nominal pulsa&amp#27;[0m
  &amp#27;[36mThen &amp#27;[0m&amp#27;[36mI should see the warning message&amp#27;[0m &amp#27;[90m# starter.stepdefintions.SelectProductSteps.validateWarningMessage()&amp#27;[0m
02:25:00.231 [main] INFO  - 
  _____   ___   ___   _____     ___   ___   _  _   ___    ___   _  _    ___ 
 |_   _| | __| / __| |_   _|   | _ \ | __| | \| | |   \  |_ _| | \| |  / __|
   | |   | _|  \__ \   | |     |  _/ | _|  | .` | | |) |  | |  | .` | | (_ |
   |_|   |___| |___/   |_|     |_|   |___| |_|\_| |___/  |___| |_|\_|  \___|

Input invalid nomor handphone
-----------------------------------------------------------------------------
]]></system-out>
  </testcase>
</testsuite>