<?xml version="1.0" encoding="UTF-8"?>
<testsuite xmlns:xsi="http://www.w3.org/2001/XMLSchema-instance" xsi:noNamespaceSchemaLocation="https://maven.apache.org/surefire/maven-failsafe-plugin/xsd/failsafe-test-report-3.0.xsd" version="3.0" name="starter.CucumberTestSuite" time="127.787" tests="6" errors="4" skipped="0" failures="0">
  <properties>
    <property name="java.specification.version" value="18"/>
    <property name="webdriver.chrome.driver" value="src/test/resources/webdriver/chromedriver.exe"/>
    <property name="sun.cpu.isalist" value="amd64"/>
    <property name="sun.jnu.encoding" value="Cp1252"/>
    <property name="java.class.path" value="C:\Users\Bunayya Zulfikar\Documents\GitHub\QE_Refano-Saputra\11_Web_Programming_&amp;_Testing\praktikum\Web_Testing\Prioritas2\alta\target\test-classes;C:\Users\Bunayya Zulfikar\.m2\repository\net\serenity-bdd\serenity-core\3.6.21\serenity-core-3.6.21.jar;C:\Users\Bunayya Zulfikar\.m2\repository\net\serenity-bdd\serenity-model\3.6.21\serenity-model-3.6.21.jar;C:\Users\Bunayya Zulfikar\.m2\repository\org\apache\commons\commons-text\1.10.0\commons-text-1.10.0.jar;C:\Users\Bunayya Zulfikar\.m2\repository\commons-net\commons-net\3.9.0\commons-net-3.9.0.jar;C:\Users\Bunayya Zulfikar\.m2\repository\com\google\guava\guava\31.1-jre\guava-31.1-jre.jar;C:\Users\Bunayya Zulfikar\.m2\repository\com\google\guava\failureaccess\1.0.1\failureaccess-1.0.1.jar;C:\Users\Bunayya Zulfikar\.m2\repository\com\google\guava\listenablefuture\9999.0-empty-to-avoid-conflict-with-guava\listenablefuture-9999.0-empty-to-avoid-conflict-with-guava.jar;C:\Users\Bunayya Zulfikar\.m2\repository\com\google\code\findbugs\jsr305\3.0.2\jsr305-3.0.2.jar;C:\Users\Bunayya Zulfikar\.m2\repository\org\checkerframework\checker-qual\3.12.0\checker-qual-3.12.0.jar;C:\Users\Bunayya Zulfikar\.m2\repository\com\google\errorprone\error_prone_annotations\2.11.0\error_prone_annotations-2.11.0.jar;C:\Users\Bunayya Zulfikar\.m2\repository\com\google\j2objc\j2objc-annotations\1.3\j2objc-annotations-1.3.jar;C:\Users\Bunayya Zulfikar\.m2\repository\com\google\inject\guice\5.1.0\guice-5.1.0.jar;C:\Users\Bunayya Zulfikar\.m2\repository\javax\inject\javax.inject\1\javax.inject-1.jar;C:\Users\Bunayya Zulfikar\.m2\repository\aopalliance\aopalliance\1.0\aopalliance-1.0.jar;C:\Users\Bunayya Zulfikar\.m2\repository\org\jsoup\jsoup\1.14.3\jsoup-1.14.3.jar;C:\Users\Bunayya Zulfikar\.m2\repository\com\thoughtworks\xstream\xstream\1.4.20\xstream-1.4.20.jar;C:\Users\Bunayya Zulfikar\.m2\repository\io\github\x-stream\mxparser\1.2.2\mxparser-1.2.2.jar;C:\Users\Bunayya Zulfikar\.m2\repository\xmlpull\xmlpull\1.1.3.1\xmlpull-1.1.3.1.jar;C:\Users\Bunayya Zulfikar\.m2\repository\com\typesafe\config\1.4.2\config-1.4.2.jar;C:\Users\Bunayya Zulfikar\.m2\repository\org\imgscalr\imgscalr-lib\4.2\imgscalr-lib-4.2.jar;C:\Users\Bunayya Zulfikar\.m2\repository\org\awaitility\awaitility\4.2.0\awaitility-4.2.0.jar;C:\Users\Bunayya Zulfikar\.m2\repository\org\freemarker\freemarker\2.3.31\freemarker-2.3.31.jar;C:\Users\Bunayya Zulfikar\.m2\repository\io\github\classgraph\classgraph\4.8.138\classgraph-4.8.138.jar;C:\Users\Bunayya Zulfikar\.m2\repository\net\sourceforge\jexcelapi\jxl\2.6.12\jxl-2.6.12.jar;C:\Users\Bunayya Zulfikar\.m2\repository\net\bytebuddy\byte-buddy-agent\1.14.2\byte-buddy-agent-1.14.2.jar;C:\Users\Bunayya Zulfikar\.m2\repository\org\objenesis\objenesis\3.3\objenesis-3.3.jar;C:\Users\Bunayya Zulfikar\.m2\repository\net\serenity-bdd\serenity-reports\3.6.21\serenity-reports-3.6.21.jar;C:\Users\Bunayya Zulfikar\.m2\repository\net\serenity-bdd\serenity-stats\3.6.21\serenity-stats-3.6.21.jar;C:\Users\Bunayya Zulfikar\.m2\repository\net\serenity-bdd\serenity-reports-configuration\3.6.21\serenity-reports-configuration-3.6.21.jar;C:\Users\Bunayya Zulfikar\.m2\repository\com\vladsch\flexmark\flexmark-all\0.62.2\flexmark-all-0.62.2.jar;C:\Users\Bunayya Zulfikar\.m2\repository\com\vladsch\flexmark\flexmark\0.62.2\flexmark-0.62.2.jar;C:\Users\Bunayya Zulfikar\.m2\repository\com\vladsch\flexmark\flexmark-ext-abbreviation\0.62.2\flexmark-ext-abbreviation-0.62.2.jar;C:\Users\Bunayya Zulfikar\.m2\repository\com\vladsch\flexmark\flexmark-util\0.62.2\flexmark-util-0.62.2.jar;C:\Users\Bunayya Zulfikar\.m2\repository\com\vladsch\flexmark\flexmark-ext-admonition\0.62.2\flexmark-ext-admonition-0.62.2.jar;C:\Users\Bunayya Zulfikar\.m2\repository\com\vladsch\flexmark\flexmark-ext-anchorlink\0.62.2\flexmark-ext-anchorlink-0.62.2.jar;C:\Users\Bunayya Zulfikar\.m2\repository\com\vladsch\flexmark\flexmark-ext-aside\0.62.2\flexmark-ext-aside-0.62.2.jar;C:\Users\Bunayya Zulfikar\.m2\repository\com\vladsch\flexmark\flexmark-ext-attributes\0.62.2\flexmark-ext-attributes-0.62.2.jar;C:\Users\Bunayya Zulfikar\.m2\repository\com\vladsch\flexmark\flexmark-ext-autolink\0.62.2\flexmark-ext-autolink-0.62.2.jar;C:\Users\Bunayya Zulfikar\.m2\repository\org\nibor\autolink\autolink\0.6.0\autolink-0.6.0.jar;C:\Users\Bunayya Zulfikar\.m2\repository\com\vladsch\flexmark\flexmark-ext-definition\0.62.2\flexmark-ext-definition-0.62.2.jar;C:\Users\Bunayya Zulfikar\.m2\repository\com\vladsch\flexmark\flexmark-ext-emoji\0.62.2\flexmark-ext-emoji-0.62.2.jar;C:\Users\Bunayya Zulfikar\.m2\repository\com\vladsch\flexmark\flexmark-ext-enumerated-reference\0.62.2\flexmark-ext-enumerated-reference-0.62.2.jar;C:\Users\Bunayya Zulfikar\.m2\repository\com\vladsch\flexmark\flexmark-ext-escaped-character\0.62.2\flexmark-ext-escaped-character-0.62.2.jar;C:\Users\Bunayya Zulfikar\.m2\repository\com\vladsch\flexmark\flexmark-ext-footnotes\0.62.2\flexmark-ext-footnotes-0.62.2.jar;C:\Users\Bunayya Zulfikar\.m2\repository\com\vladsch\flexmark\flexmark-ext-gfm-issues\0.62.2\flexmark-ext-gfm-issues-0.62.2.jar;C:\Users\Bunayya Zulfikar\.m2\repository\com\vladsch\flexmark\flexmark-ext-gfm-strikethrough\0.62.2\flexmark-ext-gfm-strikethrough-0.62.2.jar;C:\Users\Bunayya Zulfikar\.m2\repository\com\vladsch\flexmark\flexmark-ext-gfm-tasklist\0.62.2\flexmark-ext-gfm-tasklist-0.62.2.jar;C:\Users\Bunayya Zulfikar\.m2\repository\com\vladsch\flexmark\flexmark-ext-gfm-users\0.62.2\flexmark-ext-gfm-users-0.62.2.jar;C:\Users\Bunayya Zulfikar\.m2\repository\com\vladsch\flexmark\flexmark-ext-gitlab\0.62.2\flexmark-ext-gitlab-0.62.2.jar;C:\Users\Bunayya Zulfikar\.m2\repository\com\vladsch\flexmark\flexmark-ext-jekyll-front-matter\0.62.2\flexmark-ext-jekyll-front-matter-0.62.2.jar;C:\Users\Bunayya Zulfikar\.m2\repository\com\vladsch\flexmark\flexmark-ext-jekyll-tag\0.62.2\flexmark-ext-jekyll-tag-0.62.2.jar;C:\Users\Bunayya Zulfikar\.m2\repository\com\vladsch\flexmark\flexmark-ext-media-tags\0.62.2\flexmark-ext-media-tags-0.62.2.jar;C:\Users\Bunayya Zulfikar\.m2\repository\com\vladsch\flexmark\flexmark-ext-macros\0.62.2\flexmark-ext-macros-0.62.2.jar;C:\Users\Bunayya Zulfikar\.m2\repository\com\vladsch\flexmark\flexmark-ext-ins\0.62.2\flexmark-ext-ins-0.62.2.jar;C:\Users\Bunayya Zulfikar\.m2\repository\com\vladsch\flexmark\flexmark-ext-xwiki-macros\0.62.2\flexmark-ext-xwiki-macros-0.62.2.jar;C:\Users\Bunayya Zulfikar\.m2\repository\com\vladsch\flexmark\flexmark-ext-superscript\0.62.2\flexmark-ext-superscript-0.62.2.jar;C:\Users\Bunayya Zulfikar\.m2\repository\com\vladsch\flexmark\flexmark-ext-tables\0.62.2\flexmark-ext-tables-0.62.2.jar;C:\Users\Bunayya Zulfikar\.m2\repository\com\vladsch\flexmark\flexmark-ext-toc\0.62.2\flexmark-ext-toc-0.62.2.jar;C:\Users\Bunayya Zulfikar\.m2\repository\com\vladsch\flexmark\flexmark-ext-typographic\0.62.2\flexmark-ext-typographic-0.62.2.jar;C:\Users\Bunayya Zulfikar\.m2\repository\com\vladsch\flexmark\flexmark-ext-wikilink\0.62.2\flexmark-ext-wikilink-0.62.2.jar;C:\Users\Bunayya Zulfikar\.m2\repository\com\vladsch\flexmark\flexmark-ext-yaml-front-matter\0.62.2\flexmark-ext-yaml-front-matter-0.62.2.jar;C:\Users\Bunayya Zulfikar\.m2\repository\com\vladsch\flexmark\flexmark-ext-youtube-embedded\0.62.2\flexmark-ext-youtube-embedded-0.62.2.jar;C:\Users\Bunayya Zulfikar\.m2\repository\com\vladsch\flexmark\flexmark-html2md-converter\0.62.2\flexmark-html2md-converter-0.62.2.jar;C:\Users\Bunayya Zulfikar\.m2\repository\com\vladsch\flexmark\flexmark-jira-converter\0.62.2\flexmark-jira-converter-0.62.2.jar;C:\Users\Bunayya Zulfikar\.m2\repository\com\vladsch\flexmark\flexmark-pdf-converter\0.62.2\flexmark-pdf-converter-0.62.2.jar;C:\Users\Bunayya Zulfikar\.m2\repository\com\openhtmltopdf\openhtmltopdf-core\1.0.0\openhtmltopdf-core-1.0.0.jar;C:\Users\Bunayya Zulfikar\.m2\repository\com\openhtmltopdf\openhtmltopdf-pdfbox\1.0.0\openhtmltopdf-pdfbox-1.0.0.jar;C:\Users\Bunayya Zulfikar\.m2\repository\org\apache\pdfbox\pdfbox\2.0.16\pdfbox-2.0.16.jar;C:\Users\Bunayya Zulfikar\.m2\repository\org\apache\pdfbox\fontbox\2.0.16\fontbox-2.0.16.jar;C:\Users\Bunayya Zulfikar\.m2\repository\org\apache\pdfbox\xmpbox\2.0.16\xmpbox-2.0.16.jar;C:\Users\Bunayya Zulfikar\.m2\repository\de\rototor\pdfbox\graphics2d\0.24\graphics2d-0.24.jar;C:\Users\Bunayya Zulfikar\.m2\repository\com\openhtmltopdf\openhtmltopdf-rtl-support\1.0.0\openhtmltopdf-rtl-support-1.0.0.jar;C:\Users\Bunayya Zulfikar\.m2\repository\com\openhtmltopdf\openhtmltopdf-jsoup-dom-converter\1.0.0\openhtmltopdf-jsoup-dom-converter-1.0.0.jar;C:\Users\Bunayya Zulfikar\.m2\repository\com\vladsch\flexmark\flexmark-profile-pegdown\0.62.2\flexmark-profile-pegdown-0.62.2.jar;C:\Users\Bunayya Zulfikar\.m2\repository\com\vladsch\flexmark\flexmark-util-ast\0.62.2\flexmark-util-ast-0.62.2.jar;C:\Users\Bunayya Zulfikar\.m2\repository\com\vladsch\flexmark\flexmark-util-builder\0.62.2\flexmark-util-builder-0.62.2.jar;C:\Users\Bunayya Zulfikar\.m2\repository\com\vladsch\flexmark\flexmark-util-collection\0.62.2\flexmark-util-collection-0.62.2.jar;C:\Users\Bunayya Zulfikar\.m2\repository\com\vladsch\flexmark\flexmark-util-data\0.62.2\flexmark-util-data-0.62.2.jar;C:\Users\Bunayya Zulfikar\.m2\repository\com\vladsch\flexmark\flexmark-util-dependency\0.62.2\flexmark-util-dependency-0.62.2.jar;C:\Users\Bunayya Zulfikar\.m2\repository\com\vladsch\flexmark\flexmark-util-format\0.62.2\flexmark-util-format-0.62.2.jar;C:\Users\Bunayya Zulfikar\.m2\repository\com\vladsch\flexmark\flexmark-util-html\0.62.2\flexmark-util-html-0.62.2.jar;C:\Users\Bunayya Zulfikar\.m2\repository\com\vladsch\flexmark\flexmark-util-misc\0.62.2\flexmark-util-misc-0.62.2.jar;C:\Users\Bunayya Zulfikar\.m2\repository\com\vladsch\flexmark\flexmark-util-options\0.62.2\flexmark-util-options-0.62.2.jar;C:\Users\Bunayya Zulfikar\.m2\repository\com\vladsch\flexmark\flexmark-util-sequence\0.62.2\flexmark-util-sequence-0.62.2.jar;C:\Users\Bunayya Zulfikar\.m2\repository\com\vladsch\flexmark\flexmark-util-visitor\0.62.2\flexmark-util-visitor-0.62.2.jar;C:\Users\Bunayya Zulfikar\.m2\repository\com\vladsch\flexmark\flexmark-youtrack-converter\0.62.2\flexmark-youtrack-converter-0.62.2.jar;C:\Users\Bunayya Zulfikar\.m2\repository\com\ibm\icu\icu4j\72.1\icu4j-72.1.jar;C:\Users\Bunayya Zulfikar\.m2\repository\es\nitaur\markdown\txtmark\0.16\txtmark-0.16.jar;C:\Users\Bunayya Zulfikar\.m2\repository\net\serenity-bdd\serenity-report-resources\3.6.21\serenity-report-resources-3.6.21.jar;C:\Users\Bunayya Zulfikar\.m2\repository\com\google\code\gson\gson\2.10.1\gson-2.10.1.jar;C:\Users\Bunayya Zulfikar\.m2\repository\com\fasterxml\jackson\core\jackson-core\2.15.0-rc1\jackson-core-2.15.0-rc1.jar;C:\Users\Bunayya Zulfikar\.m2\repository\com\fasterxml\jackson\core\jackson-databind\2.15.0-rc1\jackson-databind-2.15.0-rc1.jar;C:\Users\Bunayya Zulfikar\.m2\repository\com\fasterxml\jackson\core\jackson-annotations\2.15.0-rc1\jackson-annotations-2.15.0-rc1.jar;C:\Users\Bunayya Zulfikar\.m2\repository\commons-codec\commons-codec\1.15\commons-codec-1.15.jar;C:\Users\Bunayya Zulfikar\.m2\repository\commons-io\commons-io\2.11.0\commons-io-2.11.0.jar;C:\Users\Bunayya Zulfikar\.m2\repository\org\apache\httpcomponents\httpclient\4.5.13\httpclient-4.5.13.jar;C:\Users\Bunayya Zulfikar\.m2\repository\org\apache\httpcomponents\httpcore\4.4.13\httpcore-4.4.13.jar;C:\Users\Bunayya Zulfikar\.m2\repository\commons-logging\commons-logging\1.2\commons-logging-1.2.jar;C:\Users\Bunayya Zulfikar\.m2\repository\org\seleniumhq\selenium\selenium-java\4.8.1\selenium-java-4.8.1.jar;C:\Users\Bunayya Zulfikar\.m2\repository\org\seleniumhq\selenium\selenium-devtools-v108\4.8.1\selenium-devtools-v108-4.8.1.jar;C:\Users\Bunayya Zulfikar\.m2\repository\org\seleniumhq\selenium\selenium-devtools-v109\4.8.1\selenium-devtools-v109-4.8.1.jar;C:\Users\Bunayya Zulfikar\.m2\repository\org\seleniumhq\selenium\selenium-devtools-v110\4.8.1\selenium-devtools-v110-4.8.1.jar;C:\Users\Bunayya Zulfikar\.m2\repository\org\seleniumhq\selenium\selenium-devtools-v85\4.8.1\selenium-devtools-v85-4.8.1.jar;C:\Users\Bunayya Zulfikar\.m2\repository\org\seleniumhq\selenium\selenium-remote-driver\4.8.1\selenium-remote-driver-4.8.1.jar;C:\Users\Bunayya Zulfikar\.m2\repository\com\beust\jcommander\1.82\jcommander-1.82.jar;C:\Users\Bunayya Zulfikar\.m2\repository\io\netty\netty-buffer\4.1.87.Final\netty-buffer-4.1.87.Final.jar;C:\Users\Bunayya Zulfikar\.m2\repository\io\netty\netty-codec-http\4.1.87.Final\netty-codec-http-4.1.87.Final.jar;C:\Users\Bunayya Zulfikar\.m2\repository\io\netty\netty-codec\4.1.87.Final\netty-codec-4.1.87.Final.jar;C:\Users\Bunayya Zulfikar\.m2\repository\io\netty\netty-handler\4.1.87.Final\netty-handler-4.1.87.Final.jar;C:\Users\Bunayya Zulfikar\.m2\repository\io\netty\netty-common\4.1.87.Final\netty-common-4.1.87.Final.jar;C:\Users\Bunayya Zulfikar\.m2\repository\io\netty\netty-transport-classes-epoll\4.1.87.Final\netty-transport-classes-epoll-4.1.87.Final.jar;C:\Users\Bunayya Zulfikar\.m2\repository\io\netty\netty-transport-classes-kqueue\4.1.87.Final\netty-transport-classes-kqueue-4.1.87.Final.jar;C:\Users\Bunayya Zulfikar\.m2\repository\io\netty\netty-transport-native-epoll\4.1.87.Final\netty-transport-native-epoll-4.1.87.Final.jar;C:\Users\Bunayya Zulfikar\.m2\repository\io\netty\netty-transport-native-kqueue\4.1.87.Final\netty-transport-native-kqueue-4.1.87.Final.jar;C:\Users\Bunayya Zulfikar\.m2\repository\io\netty\netty-transport-native-unix-common\4.1.87.Final\netty-transport-native-unix-common-4.1.87.Final.jar;C:\Users\Bunayya Zulfikar\.m2\repository\io\netty\netty-transport\4.1.87.Final\netty-transport-4.1.87.Final.jar;C:\Users\Bunayya Zulfikar\.m2\repository\io\netty\netty-resolver\4.1.87.Final\netty-resolver-4.1.87.Final.jar;C:\Users\Bunayya Zulfikar\.m2\repository\io\opentelemetry\opentelemetry-api\1.22.0\opentelemetry-api-1.22.0.jar;C:\Users\Bunayya Zulfikar\.m2\repository\io\opentelemetry\opentelemetry-context\1.22.0\opentelemetry-context-1.22.0.jar;C:\Users\Bunayya Zulfikar\.m2\repository\io\opentelemetry\opentelemetry-exporter-logging\1.22.0\opentelemetry-exporter-logging-1.22.0.jar;C:\Users\Bunayya Zulfikar\.m2\repository\io\opentelemetry\opentelemetry-sdk-metrics\1.22.0\opentelemetry-sdk-metrics-1.22.0.jar;C:\Users\Bunayya Zulfikar\.m2\repository\io\opentelemetry\opentelemetry-sdk-logs\1.22.0-alpha\opentelemetry-sdk-logs-1.22.0-alpha.jar;C:\Users\Bunayya Zulfikar\.m2\repository\io\opentelemetry\opentelemetry-api-logs\1.22.0-alpha\opentelemetry-api-logs-1.22.0-alpha.jar;C:\Users\Bunayya Zulfikar\.m2\repository\io\opentelemetry\opentelemetry-sdk-common\1.22.0\opentelemetry-sdk-common-1.22.0.jar;C:\Users\Bunayya Zulfikar\.m2\repository\io\opentelemetry\opentelemetry-sdk-extension-autoconfigure-spi\1.22.0\opentelemetry-sdk-extension-autoconfigure-spi-1.22.0.jar;C:\Users\Bunayya Zulfikar\.m2\repository\io\opentelemetry\opentelemetry-sdk-extension-autoconfigure\1.22.0-alpha\opentelemetry-sdk-extension-autoconfigure-1.22.0-alpha.jar;C:\Users\Bunayya Zulfikar\.m2\repository\io\opentelemetry\opentelemetry-sdk-trace\1.22.0\opentelemetry-sdk-trace-1.22.0.jar;C:\Users\Bunayya Zulfikar\.m2\repository\io\opentelemetry\opentelemetry-sdk\1.22.0\opentelemetry-sdk-1.22.0.jar;C:\Users\Bunayya Zulfikar\.m2\repository\io\opentelemetry\opentelemetry-semconv\1.22.0-alpha\opentelemetry-semconv-1.22.0-alpha.jar;C:\Users\Bunayya Zulfikar\.m2\repository\io\ous\jtoml\2.0.0\jtoml-2.0.0.jar;C:\Users\Bunayya Zulfikar\.m2\repository\org\apache\commons\commons-exec\1.3\commons-exec-1.3.jar;C:\Users\Bunayya Zulfikar\.m2\repository\org\asynchttpclient\async-http-client\2.12.3\async-http-client-2.12.3.jar;C:\Users\Bunayya Zulfikar\.m2\repository\org\asynchttpclient\async-http-client-netty-utils\2.12.3\async-http-client-netty-utils-2.12.3.jar;C:\Users\Bunayya Zulfikar\.m2\repository\io\netty\netty-codec-socks\4.1.60.Final\netty-codec-socks-4.1.60.Final.jar;C:\Users\Bunayya Zulfikar\.m2\repository\io\netty\netty-handler-proxy\4.1.60.Final\netty-handler-proxy-4.1.60.Final.jar;C:\Users\Bunayya Zulfikar\.m2\repository\io\netty\netty-transport-native-epoll\4.1.60.Final\netty-transport-native-epoll-4.1.60.Final-linux-x86_64.jar;C:\Users\Bunayya Zulfikar\.m2\repository\io\netty\netty-transport-native-kqueue\4.1.60.Final\netty-transport-native-kqueue-4.1.60.Final-osx-x86_64.jar;C:\Users\Bunayya Zulfikar\.m2\repository\org\reactivestreams\reactive-streams\1.0.3\reactive-streams-1.0.3.jar;C:\Users\Bunayya Zulfikar\.m2\repository\com\typesafe\netty\netty-reactive-streams\2.0.4\netty-reactive-streams-2.0.4.jar;C:\Users\Bunayya Zulfikar\.m2\repository\org\seleniumhq\selenium\selenium-manager\4.8.1\selenium-manager-4.8.1.jar;C:\Users\Bunayya Zulfikar\.m2\repository\org\seleniumhq\selenium\selenium-safari-driver\4.8.1\selenium-safari-driver-4.8.1.jar;C:\Users\Bunayya Zulfikar\.m2\repository\org\seleniumhq\selenium\selenium-api\4.8.1\selenium-api-4.8.1.jar;C:\Users\Bunayya Zulfikar\.m2\repository\org\seleniumhq\selenium\selenium-support\4.8.1\selenium-support-4.8.1.jar;C:\Users\Bunayya Zulfikar\.m2\repository\com\google\auto\service\auto-service-annotations\1.0.1\auto-service-annotations-1.0.1.jar;C:\Users\Bunayya Zulfikar\.m2\repository\com\google\auto\service\auto-service\1.0.1\auto-service-1.0.1.jar;C:\Users\Bunayya Zulfikar\.m2\repository\com\google\auto\auto-common\1.2\auto-common-1.2.jar;C:\Users\Bunayya Zulfikar\.m2\repository\org\seleniumhq\selenium\selenium-json\4.8.1\selenium-json-4.8.1.jar;C:\Users\Bunayya Zulfikar\.m2\repository\org\seleniumhq\selenium\selenium-chrome-driver\4.8.1\selenium-chrome-driver-4.8.1.jar;C:\Users\Bunayya Zulfikar\.m2\repository\org\seleniumhq\selenium\selenium-chromium-driver\4.8.1\selenium-chromium-driver-4.8.1.jar;C:\Users\Bunayya Zulfikar\.m2\repository\org\seleniumhq\selenium\selenium-firefox-driver\4.8.1\selenium-firefox-driver-4.8.1.jar;C:\Users\Bunayya Zulfikar\.m2\repository\org\seleniumhq\selenium\selenium-http\4.8.1\selenium-http-4.8.1.jar;C:\Users\Bunayya Zulfikar\.m2\repository\dev\failsafe\failsafe\3.3.0\failsafe-3.3.0.jar;C:\Users\Bunayya Zulfikar\.m2\repository\org\seleniumhq\selenium\selenium-edge-driver\4.8.1\selenium-edge-driver-4.8.1.jar;C:\Users\Bunayya Zulfikar\.m2\repository\org\seleniumhq\selenium\selenium-ie-driver\4.8.1\selenium-ie-driver-4.8.1.jar;C:\Users\Bunayya Zulfikar\.m2\repository\org\projectlombok\lombok\1.18.20\lombok-1.18.20.jar;C:\Users\Bunayya Zulfikar\.m2\repository\io\appium\java-client\8.3.0\java-client-8.3.0.jar;C:\Users\Bunayya Zulfikar\.m2\repository\commons-validator\commons-validator\1.7\commons-validator-1.7.jar;C:\Users\Bunayya Zulfikar\.m2\repository\commons-digester\commons-digester\2.1\commons-digester-2.1.jar;C:\Users\Bunayya Zulfikar\.m2\repository\org\apache\groovy\groovy\4.0.10\groovy-4.0.10.jar;C:\Users\Bunayya Zulfikar\.m2\repository\net\sf\opencsv\opencsv\2.0\opencsv-2.0.jar;C:\Users\Bunayya Zulfikar\.m2\repository\commons-beanutils\commons-beanutils\1.9.4\commons-beanutils-1.9.4.jar;C:\Users\Bunayya Zulfikar\.m2\repository\org\apache\commons\commons-lang3\3.12.0\commons-lang3-3.12.0.jar;C:\Users\Bunayya Zulfikar\.m2\repository\commons-collections\commons-collections\3.2.2\commons-collections-3.2.2.jar;C:\Users\Bunayya Zulfikar\.m2\repository\org\fluentlenium\fluentlenium-core\0.10.2\fluentlenium-core-0.10.2.jar;C:\Users\Bunayya Zulfikar\.m2\repository\io\github\bonigarcia\webdrivermanager\5.3.0\webdrivermanager-5.3.0.jar;C:\Users\Bunayya Zulfikar\.m2\repository\com\github\docker-java\docker-java\3.2.13\docker-java-3.2.13.jar;C:\Users\Bunayya Zulfikar\.m2\repository\com\github\docker-java\docker-java-core\3.2.13\docker-java-core-3.2.13.jar;C:\Users\Bunayya Zulfikar\.m2\repository\com\github\docker-java\docker-java-api\3.2.13\docker-java-api-3.2.13.jar;C:\Users\Bunayya Zulfikar\.m2\repository\org\apache\commons\commons-compress\1.21\commons-compress-1.21.jar;C:\Users\Bunayya Zulfikar\.m2\repository\org\bouncycastle\bcpkix-jdk15on\1.64\bcpkix-jdk15on-1.64.jar;C:\Users\Bunayya Zulfikar\.m2\repository\org\bouncycastle\bcprov-jdk15on\1.64\bcprov-jdk15on-1.64.jar;C:\Users\Bunayya Zulfikar\.m2\repository\org\slf4j\jcl-over-slf4j\1.7.30\jcl-over-slf4j-1.7.30.jar;C:\Users\Bunayya Zulfikar\.m2\repository\com\github\docker-java\docker-java-transport-httpclient5\3.2.13\docker-java-transport-httpclient5-3.2.13.jar;C:\Users\Bunayya Zulfikar\.m2\repository\com\github\docker-java\docker-java-transport\3.2.13\docker-java-transport-3.2.13.jar;C:\Users\Bunayya Zulfikar\.m2\repository\net\java\dev\jna\jna\5.8.0\jna-5.8.0.jar;C:\Users\Bunayya Zulfikar\.m2\repository\org\brotli\dec\0.1.2\dec-0.1.2.jar;C:\Users\Bunayya Zulfikar\.m2\repository\org\apache\httpcomponents\client5\httpclient5\5.1.3\httpclient5-5.1.3.jar;C:\Users\Bunayya Zulfikar\.m2\repository\org\apache\httpcomponents\core5\httpcore5\5.1.3\httpcore5-5.1.3.jar;C:\Users\Bunayya Zulfikar\.m2\repository\org\apache\httpcomponents\core5\httpcore5-h2\5.1.3\httpcore5-h2-5.1.3.jar;C:\Users\Bunayya Zulfikar\.m2\repository\com\jhlabs\filters\2.0.235\filters-2.0.235.jar;C:\Users\Bunayya Zulfikar\.m2\repository\com\paulhammant\ngwebdriver\1.1.6\ngwebdriver-1.1.6.jar;C:\Users\Bunayya Zulfikar\.m2\repository\joda-time\joda-time\2.12.2\joda-time-2.12.2.jar;C:\Users\Bunayya Zulfikar\.m2\repository\org\hamcrest\hamcrest\2.2\hamcrest-2.2.jar;C:\Users\Bunayya Zulfikar\.m2\repository\com\google\jimfs\jimfs\1.2\jimfs-1.2.jar;C:\Users\Bunayya Zulfikar\.m2\repository\org\mockito\mockito-core\3.3.3\mockito-core-3.3.3.jar;C:\Users\Bunayya Zulfikar\.m2\repository\javax\xml\bind\jaxb-api\2.3.1\jaxb-api-2.3.1.jar;C:\Users\Bunayya Zulfikar\.m2\repository\javax\activation\javax.activation-api\1.2.0\javax.activation-api-1.2.0.jar;C:\Users\Bunayya Zulfikar\.m2\repository\com\sun\xml\bind\jaxb-core\2.3.0.1\jaxb-core-2.3.0.1.jar;C:\Users\Bunayya Zulfikar\.m2\repository\com\sun\xml\bind\jaxb-impl\2.3.3\jaxb-impl-2.3.3.jar;C:\Users\Bunayya Zulfikar\.m2\repository\jakarta\xml\bind\jakarta.xml.bind-api\2.3.3\jakarta.xml.bind-api-2.3.3.jar;C:\Users\Bunayya Zulfikar\.m2\repository\com\sun\activation\jakarta.activation\1.2.2\jakarta.activation-1.2.2.jar;C:\Users\Bunayya Zulfikar\.m2\repository\javax\activation\activation\1.1.1\activation-1.1.1.jar;C:\Users\Bunayya Zulfikar\.m2\repository\net\serenity-bdd\serenity-cucumber\3.6.21\serenity-cucumber-3.6.21.jar;C:\Users\Bunayya Zulfikar\.m2\repository\io\cucumber\cucumber-core\7.11.0\cucumber-core-7.11.0.jar;C:\Users\Bunayya Zulfikar\.m2\repository\io\cucumber\cucumber-gherkin\7.11.0\cucumber-gherkin-7.11.0.jar;C:\Users\Bunayya Zulfikar\.m2\repository\io\cucumber\cucumber-gherkin-messages\7.11.0\cucumber-gherkin-messages-7.11.0.jar;C:\Users\Bunayya Zulfikar\.m2\repository\io\cucumber\gherkin\26.0.3\gherkin-26.0.3.jar;C:\Users\Bunayya Zulfikar\.m2\repository\io\cucumber\messages\21.0.1\messages-21.0.1.jar;C:\Users\Bunayya Zulfikar\.m2\repository\io\cucumber\tag-expressions\5.0.1\tag-expressions-5.0.1.jar;C:\Users\Bunayya Zulfikar\.m2\repository\io\cucumber\cucumber-expressions\16.1.1\cucumber-expressions-16.1.1.jar;C:\Users\Bunayya Zulfikar\.m2\repository\io\cucumber\datatable\7.11.0\datatable-7.11.0.jar;C:\Users\Bunayya Zulfikar\.m2\repository\io\cucumber\cucumber-plugin\7.11.0\cucumber-plugin-7.11.0.jar;C:\Users\Bunayya Zulfikar\.m2\repository\io\cucumber\docstring\7.11.0\docstring-7.11.0.jar;C:\Users\Bunayya Zulfikar\.m2\repository\io\cucumber\html-formatter\20.2.1\html-formatter-20.2.1.jar;C:\Users\Bunayya Zulfikar\.m2\repository\io\cucumber\junit-xml-formatter\0.1.0\junit-xml-formatter-0.1.0.jar;C:\Users\Bunayya Zulfikar\.m2\repository\io\cucumber\ci-environment\9.1.0\ci-environment-9.1.0.jar;C:\Users\Bunayya Zulfikar\.m2\repository\io\cucumber\cucumber-java\7.11.0\cucumber-java-7.11.0.jar;C:\Users\Bunayya Zulfikar\.m2\repository\io\cucumber\cucumber-junit\7.11.0\cucumber-junit-7.11.0.jar;C:\Users\Bunayya Zulfikar\.m2\repository\org\apache\commons\commons-csv\1.5\commons-csv-1.5.jar;C:\Users\Bunayya Zulfikar\.m2\repository\net\serenity-bdd\serenity-screenplay\3.6.21\serenity-screenplay-3.6.21.jar;C:\Users\Bunayya Zulfikar\.m2\repository\net\serenity-bdd\serenity-screenplay-webdriver\3.6.21\serenity-screenplay-webdriver-3.6.21.jar;C:\Users\Bunayya Zulfikar\.m2\repository\net\serenity-bdd\serenity-ensure\3.6.21\serenity-ensure-3.6.21.jar;C:\Users\Bunayya Zulfikar\.m2\repository\net\serenity-bdd\serenity-junit\3.6.21\serenity-junit-3.6.21.jar;C:\Users\Bunayya Zulfikar\.m2\repository\org\jetbrains\kotlin\kotlin-stdlib\1.8.10\kotlin-stdlib-1.8.10.jar;C:\Users\Bunayya Zulfikar\.m2\repository\org\jetbrains\kotlin\kotlin-stdlib-common\1.8.10\kotlin-stdlib-common-1.8.10.jar;C:\Users\Bunayya Zulfikar\.m2\repository\org\jetbrains\annotations\13.0\annotations-13.0.jar;C:\Users\Bunayya Zulfikar\.m2\repository\org\junit\platform\junit-platform-launcher\1.8.2\junit-platform-launcher-1.8.2.jar;C:\Users\Bunayya Zulfikar\.m2\repository\org\junit\platform\junit-platform-engine\1.8.2\junit-platform-engine-1.8.2.jar;C:\Users\Bunayya Zulfikar\.m2\repository\org\opentest4j\opentest4j\1.2.0\opentest4j-1.2.0.jar;C:\Users\Bunayya Zulfikar\.m2\repository\org\junit\platform\junit-platform-commons\1.8.2\junit-platform-commons-1.8.2.jar;C:\Users\Bunayya Zulfikar\.m2\repository\org\apiguardian\apiguardian-api\1.1.2\apiguardian-api-1.1.2.jar;C:\Users\Bunayya Zulfikar\.m2\repository\org\junit\jupiter\junit-jupiter-engine\5.8.2\junit-jupiter-engine-5.8.2.jar;C:\Users\Bunayya Zulfikar\.m2\repository\org\junit\jupiter\junit-jupiter-api\5.8.2\junit-jupiter-api-5.8.2.jar;C:\Users\Bunayya Zulfikar\.m2\repository\org\junit\vintage\junit-vintage-engine\5.8.2\junit-vintage-engine-5.8.2.jar;C:\Users\Bunayya Zulfikar\.m2\repository\junit\junit\4.13.2\junit-4.13.2.jar;C:\Users\Bunayya Zulfikar\.m2\repository\org\hamcrest\hamcrest-core\1.3\hamcrest-core-1.3.jar;C:\Users\Bunayya Zulfikar\.m2\repository\ch\qos\logback\logback-classic\1.2.10\logback-classic-1.2.10.jar;C:\Users\Bunayya Zulfikar\.m2\repository\ch\qos\logback\logback-core\1.2.10\logback-core-1.2.10.jar;C:\Users\Bunayya Zulfikar\.m2\repository\org\slf4j\slf4j-api\1.7.32\slf4j-api-1.7.32.jar;C:\Users\Bunayya Zulfikar\.m2\repository\org\assertj\assertj-core\3.23.1\assertj-core-3.23.1.jar;C:\Users\Bunayya Zulfikar\.m2\repository\net\bytebuddy\byte-buddy\1.12.10\byte-buddy-1.12.10.jar;"/>
    <property name="java.vm.vendor" value="Oracle Corporation"/>
    <property name="sun.arch.data.model" value="64"/>
    <property name="user.variant" value=""/>
    <property name="java.vendor.url" value="https://java.oracle.com/"/>
    <property name="user.timezone" value="Asia/Jakarta"/>
    <property name="os.name" value="Windows 10"/>
    <property name="java.vm.specification.version" value="18"/>
    <property name="sun.java.launcher" value="SUN_STANDARD"/>
    <property name="user.country" value="ID"/>
    <property name="sun.boot.library.path" value="C:\Program Files\java-se-8u41-ri\bin"/>
    <property name="sun.java.command" value="org.apache.maven.surefire.booter.ForkedBooter C:\Users\Bunayya Zulfikar\AppData\Local\Temp\surefire9893569446671105708 2023-04-09T11-14-17_317-jvmRun1 surefire5133746420360594173tmp surefire_0480420044359860407tmp"/>
    <property name="jdk.debug" value="release"/>
    <property name="surefire.test.class.path" value="C:\Users\Bunayya Zulfikar\Documents\GitHub\QE_Refano-Saputra\11_Web_Programming_&amp;_Testing\praktikum\Web_Testing\Prioritas2\alta\target\test-classes;C:\Users\Bunayya Zulfikar\.m2\repository\net\serenity-bdd\serenity-core\3.6.21\serenity-core-3.6.21.jar;C:\Users\Bunayya Zulfikar\.m2\repository\net\serenity-bdd\serenity-model\3.6.21\serenity-model-3.6.21.jar;C:\Users\Bunayya Zulfikar\.m2\repository\org\apache\commons\commons-text\1.10.0\commons-text-1.10.0.jar;C:\Users\Bunayya Zulfikar\.m2\repository\commons-net\commons-net\3.9.0\commons-net-3.9.0.jar;C:\Users\Bunayya Zulfikar\.m2\repository\com\google\guava\guava\31.1-jre\guava-31.1-jre.jar;C:\Users\Bunayya Zulfikar\.m2\repository\com\google\guava\failureaccess\1.0.1\failureaccess-1.0.1.jar;C:\Users\Bunayya Zulfikar\.m2\repository\com\google\guava\listenablefuture\9999.0-empty-to-avoid-conflict-with-guava\listenablefuture-9999.0-empty-to-avoid-conflict-with-guava.jar;C:\Users\Bunayya Zulfikar\.m2\repository\com\google\code\findbugs\jsr305\3.0.2\jsr305-3.0.2.jar;C:\Users\Bunayya Zulfikar\.m2\repository\org\checkerframework\checker-qual\3.12.0\checker-qual-3.12.0.jar;C:\Users\Bunayya Zulfikar\.m2\repository\com\google\errorprone\error_prone_annotations\2.11.0\error_prone_annotations-2.11.0.jar;C:\Users\Bunayya Zulfikar\.m2\repository\com\google\j2objc\j2objc-annotations\1.3\j2objc-annotations-1.3.jar;C:\Users\Bunayya Zulfikar\.m2\repository\com\google\inject\guice\5.1.0\guice-5.1.0.jar;C:\Users\Bunayya Zulfikar\.m2\repository\javax\inject\javax.inject\1\javax.inject-1.jar;C:\Users\Bunayya Zulfikar\.m2\repository\aopalliance\aopalliance\1.0\aopalliance-1.0.jar;C:\Users\Bunayya Zulfikar\.m2\repository\org\jsoup\jsoup\1.14.3\jsoup-1.14.3.jar;C:\Users\Bunayya Zulfikar\.m2\repository\com\thoughtworks\xstream\xstream\1.4.20\xstream-1.4.20.jar;C:\Users\Bunayya Zulfikar\.m2\repository\io\github\x-stream\mxparser\1.2.2\mxparser-1.2.2.jar;C:\Users\Bunayya Zulfikar\.m2\repository\xmlpull\xmlpull\1.1.3.1\xmlpull-1.1.3.1.jar;C:\Users\Bunayya Zulfikar\.m2\repository\com\typesafe\config\1.4.2\config-1.4.2.jar;C:\Users\Bunayya Zulfikar\.m2\repository\org\imgscalr\imgscalr-lib\4.2\imgscalr-lib-4.2.jar;C:\Users\Bunayya Zulfikar\.m2\repository\org\awaitility\awaitility\4.2.0\awaitility-4.2.0.jar;C:\Users\Bunayya Zulfikar\.m2\repository\org\freemarker\freemarker\2.3.31\freemarker-2.3.31.jar;C:\Users\Bunayya Zulfikar\.m2\repository\io\github\classgraph\classgraph\4.8.138\classgraph-4.8.138.jar;C:\Users\Bunayya Zulfikar\.m2\repository\net\sourceforge\jexcelapi\jxl\2.6.12\jxl-2.6.12.jar;C:\Users\Bunayya Zulfikar\.m2\repository\net\bytebuddy\byte-buddy-agent\1.14.2\byte-buddy-agent-1.14.2.jar;C:\Users\Bunayya Zulfikar\.m2\repository\org\objenesis\objenesis\3.3\objenesis-3.3.jar;C:\Users\Bunayya Zulfikar\.m2\repository\net\serenity-bdd\serenity-reports\3.6.21\serenity-reports-3.6.21.jar;C:\Users\Bunayya Zulfikar\.m2\repository\net\serenity-bdd\serenity-stats\3.6.21\serenity-stats-3.6.21.jar;C:\Users\Bunayya Zulfikar\.m2\repository\net\serenity-bdd\serenity-reports-configuration\3.6.21\serenity-reports-configuration-3.6.21.jar;C:\Users\Bunayya Zulfikar\.m2\repository\com\vladsch\flexmark\flexmark-all\0.62.2\flexmark-all-0.62.2.jar;C:\Users\Bunayya Zulfikar\.m2\repository\com\vladsch\flexmark\flexmark\0.62.2\flexmark-0.62.2.jar;C:\Users\Bunayya Zulfikar\.m2\repository\com\vladsch\flexmark\flexmark-ext-abbreviation\0.62.2\flexmark-ext-abbreviation-0.62.2.jar;C:\Users\Bunayya Zulfikar\.m2\repository\com\vladsch\flexmark\flexmark-util\0.62.2\flexmark-util-0.62.2.jar;C:\Users\Bunayya Zulfikar\.m2\repository\com\vladsch\flexmark\flexmark-ext-admonition\0.62.2\flexmark-ext-admonition-0.62.2.jar;C:\Users\Bunayya Zulfikar\.m2\repository\com\vladsch\flexmark\flexmark-ext-anchorlink\0.62.2\flexmark-ext-anchorlink-0.62.2.jar;C:\Users\Bunayya Zulfikar\.m2\repository\com\vladsch\flexmark\flexmark-ext-aside\0.62.2\flexmark-ext-aside-0.62.2.jar;C:\Users\Bunayya Zulfikar\.m2\repository\com\vladsch\flexmark\flexmark-ext-attributes\0.62.2\flexmark-ext-attributes-0.62.2.jar;C:\Users\Bunayya Zulfikar\.m2\repository\com\vladsch\flexmark\flexmark-ext-autolink\0.62.2\flexmark-ext-autolink-0.62.2.jar;C:\Users\Bunayya Zulfikar\.m2\repository\org\nibor\autolink\autolink\0.6.0\autolink-0.6.0.jar;C:\Users\Bunayya Zulfikar\.m2\repository\com\vladsch\flexmark\flexmark-ext-definition\0.62.2\flexmark-ext-definition-0.62.2.jar;C:\Users\Bunayya Zulfikar\.m2\repository\com\vladsch\flexmark\flexmark-ext-emoji\0.62.2\flexmark-ext-emoji-0.62.2.jar;C:\Users\Bunayya Zulfikar\.m2\repository\com\vladsch\flexmark\flexmark-ext-enumerated-reference\0.62.2\flexmark-ext-enumerated-reference-0.62.2.jar;C:\Users\Bunayya Zulfikar\.m2\repository\com\vladsch\flexmark\flexmark-ext-escaped-character\0.62.2\flexmark-ext-escaped-character-0.62.2.jar;C:\Users\Bunayya Zulfikar\.m2\repository\com\vladsch\flexmark\flexmark-ext-footnotes\0.62.2\flexmark-ext-footnotes-0.62.2.jar;C:\Users\Bunayya Zulfikar\.m2\repository\com\vladsch\flexmark\flexmark-ext-gfm-issues\0.62.2\flexmark-ext-gfm-issues-0.62.2.jar;C:\Users\Bunayya Zulfikar\.m2\repository\com\vladsch\flexmark\flexmark-ext-gfm-strikethrough\0.62.2\flexmark-ext-gfm-strikethrough-0.62.2.jar;C:\Users\Bunayya Zulfikar\.m2\repository\com\vladsch\flexmark\flexmark-ext-gfm-tasklist\0.62.2\flexmark-ext-gfm-tasklist-0.62.2.jar;C:\Users\Bunayya Zulfikar\.m2\repository\com\vladsch\flexmark\flexmark-ext-gfm-users\0.62.2\flexmark-ext-gfm-users-0.62.2.jar;C:\Users\Bunayya Zulfikar\.m2\repository\com\vladsch\flexmark\flexmark-ext-gitlab\0.62.2\flexmark-ext-gitlab-0.62.2.jar;C:\Users\Bunayya Zulfikar\.m2\repository\com\vladsch\flexmark\flexmark-ext-jekyll-front-matter\0.62.2\flexmark-ext-jekyll-front-matter-0.62.2.jar;C:\Users\Bunayya Zulfikar\.m2\repository\com\vladsch\flexmark\flexmark-ext-jekyll-tag\0.62.2\flexmark-ext-jekyll-tag-0.62.2.jar;C:\Users\Bunayya Zulfikar\.m2\repository\com\vladsch\flexmark\flexmark-ext-media-tags\0.62.2\flexmark-ext-media-tags-0.62.2.jar;C:\Users\Bunayya Zulfikar\.m2\repository\com\vladsch\flexmark\flexmark-ext-macros\0.62.2\flexmark-ext-macros-0.62.2.jar;C:\Users\Bunayya Zulfikar\.m2\repository\com\vladsch\flexmark\flexmark-ext-ins\0.62.2\flexmark-ext-ins-0.62.2.jar;C:\Users\Bunayya Zulfikar\.m2\repository\com\vladsch\flexmark\flexmark-ext-xwiki-macros\0.62.2\flexmark-ext-xwiki-macros-0.62.2.jar;C:\Users\Bunayya Zulfikar\.m2\repository\com\vladsch\flexmark\flexmark-ext-superscript\0.62.2\flexmark-ext-superscript-0.62.2.jar;C:\Users\Bunayya Zulfikar\.m2\repository\com\vladsch\flexmark\flexmark-ext-tables\0.62.2\flexmark-ext-tables-0.62.2.jar;C:\Users\Bunayya Zulfikar\.m2\repository\com\vladsch\flexmark\flexmark-ext-toc\0.62.2\flexmark-ext-toc-0.62.2.jar;C:\Users\Bunayya Zulfikar\.m2\repository\com\vladsch\flexmark\flexmark-ext-typographic\0.62.2\flexmark-ext-typographic-0.62.2.jar;C:\Users\Bunayya Zulfikar\.m2\repository\com\vladsch\flexmark\flexmark-ext-wikilink\0.62.2\flexmark-ext-wikilink-0.62.2.jar;C:\Users\Bunayya Zulfikar\.m2\repository\com\vladsch\flexmark\flexmark-ext-yaml-front-matter\0.62.2\flexmark-ext-yaml-front-matter-0.62.2.jar;C:\Users\Bunayya Zulfikar\.m2\repository\com\vladsch\flexmark\flexmark-ext-youtube-embedded\0.62.2\flexmark-ext-youtube-embedded-0.62.2.jar;C:\Users\Bunayya Zulfikar\.m2\repository\com\vladsch\flexmark\flexmark-html2md-converter\0.62.2\flexmark-html2md-converter-0.62.2.jar;C:\Users\Bunayya Zulfikar\.m2\repository\com\vladsch\flexmark\flexmark-jira-converter\0.62.2\flexmark-jira-converter-0.62.2.jar;C:\Users\Bunayya Zulfikar\.m2\repository\com\vladsch\flexmark\flexmark-pdf-converter\0.62.2\flexmark-pdf-converter-0.62.2.jar;C:\Users\Bunayya Zulfikar\.m2\repository\com\openhtmltopdf\openhtmltopdf-core\1.0.0\openhtmltopdf-core-1.0.0.jar;C:\Users\Bunayya Zulfikar\.m2\repository\com\openhtmltopdf\openhtmltopdf-pdfbox\1.0.0\openhtmltopdf-pdfbox-1.0.0.jar;C:\Users\Bunayya Zulfikar\.m2\repository\org\apache\pdfbox\pdfbox\2.0.16\pdfbox-2.0.16.jar;C:\Users\Bunayya Zulfikar\.m2\repository\org\apache\pdfbox\fontbox\2.0.16\fontbox-2.0.16.jar;C:\Users\Bunayya Zulfikar\.m2\repository\org\apache\pdfbox\xmpbox\2.0.16\xmpbox-2.0.16.jar;C:\Users\Bunayya Zulfikar\.m2\repository\de\rototor\pdfbox\graphics2d\0.24\graphics2d-0.24.jar;C:\Users\Bunayya Zulfikar\.m2\repository\com\openhtmltopdf\openhtmltopdf-rtl-support\1.0.0\openhtmltopdf-rtl-support-1.0.0.jar;C:\Users\Bunayya Zulfikar\.m2\repository\com\openhtmltopdf\openhtmltopdf-jsoup-dom-converter\1.0.0\openhtmltopdf-jsoup-dom-converter-1.0.0.jar;C:\Users\Bunayya Zulfikar\.m2\repository\com\vladsch\flexmark\flexmark-profile-pegdown\0.62.2\flexmark-profile-pegdown-0.62.2.jar;C:\Users\Bunayya Zulfikar\.m2\repository\com\vladsch\flexmark\flexmark-util-ast\0.62.2\flexmark-util-ast-0.62.2.jar;C:\Users\Bunayya Zulfikar\.m2\repository\com\vladsch\flexmark\flexmark-util-builder\0.62.2\flexmark-util-builder-0.62.2.jar;C:\Users\Bunayya Zulfikar\.m2\repository\com\vladsch\flexmark\flexmark-util-collection\0.62.2\flexmark-util-collection-0.62.2.jar;C:\Users\Bunayya Zulfikar\.m2\repository\com\vladsch\flexmark\flexmark-util-data\0.62.2\flexmark-util-data-0.62.2.jar;C:\Users\Bunayya Zulfikar\.m2\repository\com\vladsch\flexmark\flexmark-util-dependency\0.62.2\flexmark-util-dependency-0.62.2.jar;C:\Users\Bunayya Zulfikar\.m2\repository\com\vladsch\flexmark\flexmark-util-format\0.62.2\flexmark-util-format-0.62.2.jar;C:\Users\Bunayya Zulfikar\.m2\repository\com\vladsch\flexmark\flexmark-util-html\0.62.2\flexmark-util-html-0.62.2.jar;C:\Users\Bunayya Zulfikar\.m2\repository\com\vladsch\flexmark\flexmark-util-misc\0.62.2\flexmark-util-misc-0.62.2.jar;C:\Users\Bunayya Zulfikar\.m2\repository\com\vladsch\flexmark\flexmark-util-options\0.62.2\flexmark-util-options-0.62.2.jar;C:\Users\Bunayya Zulfikar\.m2\repository\com\vladsch\flexmark\flexmark-util-sequence\0.62.2\flexmark-util-sequence-0.62.2.jar;C:\Users\Bunayya Zulfikar\.m2\repository\com\vladsch\flexmark\flexmark-util-visitor\0.62.2\flexmark-util-visitor-0.62.2.jar;C:\Users\Bunayya Zulfikar\.m2\repository\com\vladsch\flexmark\flexmark-youtrack-converter\0.62.2\flexmark-youtrack-converter-0.62.2.jar;C:\Users\Bunayya Zulfikar\.m2\repository\com\ibm\icu\icu4j\72.1\icu4j-72.1.jar;C:\Users\Bunayya Zulfikar\.m2\repository\es\nitaur\markdown\txtmark\0.16\txtmark-0.16.jar;C:\Users\Bunayya Zulfikar\.m2\repository\net\serenity-bdd\serenity-report-resources\3.6.21\serenity-report-resources-3.6.21.jar;C:\Users\Bunayya Zulfikar\.m2\repository\com\google\code\gson\gson\2.10.1\gson-2.10.1.jar;C:\Users\Bunayya Zulfikar\.m2\repository\com\fasterxml\jackson\core\jackson-core\2.15.0-rc1\jackson-core-2.15.0-rc1.jar;C:\Users\Bunayya Zulfikar\.m2\repository\com\fasterxml\jackson\core\jackson-databind\2.15.0-rc1\jackson-databind-2.15.0-rc1.jar;C:\Users\Bunayya Zulfikar\.m2\repository\com\fasterxml\jackson\core\jackson-annotations\2.15.0-rc1\jackson-annotations-2.15.0-rc1.jar;C:\Users\Bunayya Zulfikar\.m2\repository\commons-codec\commons-codec\1.15\commons-codec-1.15.jar;C:\Users\Bunayya Zulfikar\.m2\repository\commons-io\commons-io\2.11.0\commons-io-2.11.0.jar;C:\Users\Bunayya Zulfikar\.m2\repository\org\apache\httpcomponents\httpclient\4.5.13\httpclient-4.5.13.jar;C:\Users\Bunayya Zulfikar\.m2\repository\org\apache\httpcomponents\httpcore\4.4.13\httpcore-4.4.13.jar;C:\Users\Bunayya Zulfikar\.m2\repository\commons-logging\commons-logging\1.2\commons-logging-1.2.jar;C:\Users\Bunayya Zulfikar\.m2\repository\org\seleniumhq\selenium\selenium-java\4.8.1\selenium-java-4.8.1.jar;C:\Users\Bunayya Zulfikar\.m2\repository\org\seleniumhq\selenium\selenium-devtools-v108\4.8.1\selenium-devtools-v108-4.8.1.jar;C:\Users\Bunayya Zulfikar\.m2\repository\org\seleniumhq\selenium\selenium-devtools-v109\4.8.1\selenium-devtools-v109-4.8.1.jar;C:\Users\Bunayya Zulfikar\.m2\repository\org\seleniumhq\selenium\selenium-devtools-v110\4.8.1\selenium-devtools-v110-4.8.1.jar;C:\Users\Bunayya Zulfikar\.m2\repository\org\seleniumhq\selenium\selenium-devtools-v85\4.8.1\selenium-devtools-v85-4.8.1.jar;C:\Users\Bunayya Zulfikar\.m2\repository\org\seleniumhq\selenium\selenium-remote-driver\4.8.1\selenium-remote-driver-4.8.1.jar;C:\Users\Bunayya Zulfikar\.m2\repository\com\beust\jcommander\1.82\jcommander-1.82.jar;C:\Users\Bunayya Zulfikar\.m2\repository\io\netty\netty-buffer\4.1.87.Final\netty-buffer-4.1.87.Final.jar;C:\Users\Bunayya Zulfikar\.m2\repository\io\netty\netty-codec-http\4.1.87.Final\netty-codec-http-4.1.87.Final.jar;C:\Users\Bunayya Zulfikar\.m2\repository\io\netty\netty-codec\4.1.87.Final\netty-codec-4.1.87.Final.jar;C:\Users\Bunayya Zulfikar\.m2\repository\io\netty\netty-handler\4.1.87.Final\netty-handler-4.1.87.Final.jar;C:\Users\Bunayya Zulfikar\.m2\repository\io\netty\netty-common\4.1.87.Final\netty-common-4.1.87.Final.jar;C:\Users\Bunayya Zulfikar\.m2\repository\io\netty\netty-transport-classes-epoll\4.1.87.Final\netty-transport-classes-epoll-4.1.87.Final.jar;C:\Users\Bunayya Zulfikar\.m2\repository\io\netty\netty-transport-classes-kqueue\4.1.87.Final\netty-transport-classes-kqueue-4.1.87.Final.jar;C:\Users\Bunayya Zulfikar\.m2\repository\io\netty\netty-transport-native-epoll\4.1.87.Final\netty-transport-native-epoll-4.1.87.Final.jar;C:\Users\Bunayya Zulfikar\.m2\repository\io\netty\netty-transport-native-kqueue\4.1.87.Final\netty-transport-native-kqueue-4.1.87.Final.jar;C:\Users\Bunayya Zulfikar\.m2\repository\io\netty\netty-transport-native-unix-common\4.1.87.Final\netty-transport-native-unix-common-4.1.87.Final.jar;C:\Users\Bunayya Zulfikar\.m2\repository\io\netty\netty-transport\4.1.87.Final\netty-transport-4.1.87.Final.jar;C:\Users\Bunayya Zulfikar\.m2\repository\io\netty\netty-resolver\4.1.87.Final\netty-resolver-4.1.87.Final.jar;C:\Users\Bunayya Zulfikar\.m2\repository\io\opentelemetry\opentelemetry-api\1.22.0\opentelemetry-api-1.22.0.jar;C:\Users\Bunayya Zulfikar\.m2\repository\io\opentelemetry\opentelemetry-context\1.22.0\opentelemetry-context-1.22.0.jar;C:\Users\Bunayya Zulfikar\.m2\repository\io\opentelemetry\opentelemetry-exporter-logging\1.22.0\opentelemetry-exporter-logging-1.22.0.jar;C:\Users\Bunayya Zulfikar\.m2\repository\io\opentelemetry\opentelemetry-sdk-metrics\1.22.0\opentelemetry-sdk-metrics-1.22.0.jar;C:\Users\Bunayya Zulfikar\.m2\repository\io\opentelemetry\opentelemetry-sdk-logs\1.22.0-alpha\opentelemetry-sdk-logs-1.22.0-alpha.jar;C:\Users\Bunayya Zulfikar\.m2\repository\io\opentelemetry\opentelemetry-api-logs\1.22.0-alpha\opentelemetry-api-logs-1.22.0-alpha.jar;C:\Users\Bunayya Zulfikar\.m2\repository\io\opentelemetry\opentelemetry-sdk-common\1.22.0\opentelemetry-sdk-common-1.22.0.jar;C:\Users\Bunayya Zulfikar\.m2\repository\io\opentelemetry\opentelemetry-sdk-extension-autoconfigure-spi\1.22.0\opentelemetry-sdk-extension-autoconfigure-spi-1.22.0.jar;C:\Users\Bunayya Zulfikar\.m2\repository\io\opentelemetry\opentelemetry-sdk-extension-autoconfigure\1.22.0-alpha\opentelemetry-sdk-extension-autoconfigure-1.22.0-alpha.jar;C:\Users\Bunayya Zulfikar\.m2\repository\io\opentelemetry\opentelemetry-sdk-trace\1.22.0\opentelemetry-sdk-trace-1.22.0.jar;C:\Users\Bunayya Zulfikar\.m2\repository\io\opentelemetry\opentelemetry-sdk\1.22.0\opentelemetry-sdk-1.22.0.jar;C:\Users\Bunayya Zulfikar\.m2\repository\io\opentelemetry\opentelemetry-semconv\1.22.0-alpha\opentelemetry-semconv-1.22.0-alpha.jar;C:\Users\Bunayya Zulfikar\.m2\repository\io\ous\jtoml\2.0.0\jtoml-2.0.0.jar;C:\Users\Bunayya Zulfikar\.m2\repository\org\apache\commons\commons-exec\1.3\commons-exec-1.3.jar;C:\Users\Bunayya Zulfikar\.m2\repository\org\asynchttpclient\async-http-client\2.12.3\async-http-client-2.12.3.jar;C:\Users\Bunayya Zulfikar\.m2\repository\org\asynchttpclient\async-http-client-netty-utils\2.12.3\async-http-client-netty-utils-2.12.3.jar;C:\Users\Bunayya Zulfikar\.m2\repository\io\netty\netty-codec-socks\4.1.60.Final\netty-codec-socks-4.1.60.Final.jar;C:\Users\Bunayya Zulfikar\.m2\repository\io\netty\netty-handler-proxy\4.1.60.Final\netty-handler-proxy-4.1.60.Final.jar;C:\Users\Bunayya Zulfikar\.m2\repository\io\netty\netty-transport-native-epoll\4.1.60.Final\netty-transport-native-epoll-4.1.60.Final-linux-x86_64.jar;C:\Users\Bunayya Zulfikar\.m2\repository\io\netty\netty-transport-native-kqueue\4.1.60.Final\netty-transport-native-kqueue-4.1.60.Final-osx-x86_64.jar;C:\Users\Bunayya Zulfikar\.m2\repository\org\reactivestreams\reactive-streams\1.0.3\reactive-streams-1.0.3.jar;C:\Users\Bunayya Zulfikar\.m2\repository\com\typesafe\netty\netty-reactive-streams\2.0.4\netty-reactive-streams-2.0.4.jar;C:\Users\Bunayya Zulfikar\.m2\repository\org\seleniumhq\selenium\selenium-manager\4.8.1\selenium-manager-4.8.1.jar;C:\Users\Bunayya Zulfikar\.m2\repository\org\seleniumhq\selenium\selenium-safari-driver\4.8.1\selenium-safari-driver-4.8.1.jar;C:\Users\Bunayya Zulfikar\.m2\repository\org\seleniumhq\selenium\selenium-api\4.8.1\selenium-api-4.8.1.jar;C:\Users\Bunayya Zulfikar\.m2\repository\org\seleniumhq\selenium\selenium-support\4.8.1\selenium-support-4.8.1.jar;C:\Users\Bunayya Zulfikar\.m2\repository\com\google\auto\service\auto-service-annotations\1.0.1\auto-service-annotations-1.0.1.jar;C:\Users\Bunayya Zulfikar\.m2\repository\com\google\auto\service\auto-service\1.0.1\auto-service-1.0.1.jar;C:\Users\Bunayya Zulfikar\.m2\repository\com\google\auto\auto-common\1.2\auto-common-1.2.jar;C:\Users\Bunayya Zulfikar\.m2\repository\org\seleniumhq\selenium\selenium-json\4.8.1\selenium-json-4.8.1.jar;C:\Users\Bunayya Zulfikar\.m2\repository\org\seleniumhq\selenium\selenium-chrome-driver\4.8.1\selenium-chrome-driver-4.8.1.jar;C:\Users\Bunayya Zulfikar\.m2\repository\org\seleniumhq\selenium\selenium-chromium-driver\4.8.1\selenium-chromium-driver-4.8.1.jar;C:\Users\Bunayya Zulfikar\.m2\repository\org\seleniumhq\selenium\selenium-firefox-driver\4.8.1\selenium-firefox-driver-4.8.1.jar;C:\Users\Bunayya Zulfikar\.m2\repository\org\seleniumhq\selenium\selenium-http\4.8.1\selenium-http-4.8.1.jar;C:\Users\Bunayya Zulfikar\.m2\repository\dev\failsafe\failsafe\3.3.0\failsafe-3.3.0.jar;C:\Users\Bunayya Zulfikar\.m2\repository\org\seleniumhq\selenium\selenium-edge-driver\4.8.1\selenium-edge-driver-4.8.1.jar;C:\Users\Bunayya Zulfikar\.m2\repository\org\seleniumhq\selenium\selenium-ie-driver\4.8.1\selenium-ie-driver-4.8.1.jar;C:\Users\Bunayya Zulfikar\.m2\repository\org\projectlombok\lombok\1.18.20\lombok-1.18.20.jar;C:\Users\Bunayya Zulfikar\.m2\repository\io\appium\java-client\8.3.0\java-client-8.3.0.jar;C:\Users\Bunayya Zulfikar\.m2\repository\commons-validator\commons-validator\1.7\commons-validator-1.7.jar;C:\Users\Bunayya Zulfikar\.m2\repository\commons-digester\commons-digester\2.1\commons-digester-2.1.jar;C:\Users\Bunayya Zulfikar\.m2\repository\org\apache\groovy\groovy\4.0.10\groovy-4.0.10.jar;C:\Users\Bunayya Zulfikar\.m2\repository\net\sf\opencsv\opencsv\2.0\opencsv-2.0.jar;C:\Users\Bunayya Zulfikar\.m2\repository\commons-beanutils\commons-beanutils\1.9.4\commons-beanutils-1.9.4.jar;C:\Users\Bunayya Zulfikar\.m2\repository\org\apache\commons\commons-lang3\3.12.0\commons-lang3-3.12.0.jar;C:\Users\Bunayya Zulfikar\.m2\repository\commons-collections\commons-collections\3.2.2\commons-collections-3.2.2.jar;C:\Users\Bunayya Zulfikar\.m2\repository\org\fluentlenium\fluentlenium-core\0.10.2\fluentlenium-core-0.10.2.jar;C:\Users\Bunayya Zulfikar\.m2\repository\io\github\bonigarcia\webdrivermanager\5.3.0\webdrivermanager-5.3.0.jar;C:\Users\Bunayya Zulfikar\.m2\repository\com\github\docker-java\docker-java\3.2.13\docker-java-3.2.13.jar;C:\Users\Bunayya Zulfikar\.m2\repository\com\github\docker-java\docker-java-core\3.2.13\docker-java-core-3.2.13.jar;C:\Users\Bunayya Zulfikar\.m2\repository\com\github\docker-java\docker-java-api\3.2.13\docker-java-api-3.2.13.jar;C:\Users\Bunayya Zulfikar\.m2\repository\org\apache\commons\commons-compress\1.21\commons-compress-1.21.jar;C:\Users\Bunayya Zulfikar\.m2\repository\org\bouncycastle\bcpkix-jdk15on\1.64\bcpkix-jdk15on-1.64.jar;C:\Users\Bunayya Zulfikar\.m2\repository\org\bouncycastle\bcprov-jdk15on\1.64\bcprov-jdk15on-1.64.jar;C:\Users\Bunayya Zulfikar\.m2\repository\org\slf4j\jcl-over-slf4j\1.7.30\jcl-over-slf4j-1.7.30.jar;C:\Users\Bunayya Zulfikar\.m2\repository\com\github\docker-java\docker-java-transport-httpclient5\3.2.13\docker-java-transport-httpclient5-3.2.13.jar;C:\Users\Bunayya Zulfikar\.m2\repository\com\github\docker-java\docker-java-transport\3.2.13\docker-java-transport-3.2.13.jar;C:\Users\Bunayya Zulfikar\.m2\repository\net\java\dev\jna\jna\5.8.0\jna-5.8.0.jar;C:\Users\Bunayya Zulfikar\.m2\repository\org\brotli\dec\0.1.2\dec-0.1.2.jar;C:\Users\Bunayya Zulfikar\.m2\repository\org\apache\httpcomponents\client5\httpclient5\5.1.3\httpclient5-5.1.3.jar;C:\Users\Bunayya Zulfikar\.m2\repository\org\apache\httpcomponents\core5\httpcore5\5.1.3\httpcore5-5.1.3.jar;C:\Users\Bunayya Zulfikar\.m2\repository\org\apache\httpcomponents\core5\httpcore5-h2\5.1.3\httpcore5-h2-5.1.3.jar;C:\Users\Bunayya Zulfikar\.m2\repository\com\jhlabs\filters\2.0.235\filters-2.0.235.jar;C:\Users\Bunayya Zulfikar\.m2\repository\com\paulhammant\ngwebdriver\1.1.6\ngwebdriver-1.1.6.jar;C:\Users\Bunayya Zulfikar\.m2\repository\joda-time\joda-time\2.12.2\joda-time-2.12.2.jar;C:\Users\Bunayya Zulfikar\.m2\repository\org\hamcrest\hamcrest\2.2\hamcrest-2.2.jar;C:\Users\Bunayya Zulfikar\.m2\repository\com\google\jimfs\jimfs\1.2\jimfs-1.2.jar;C:\Users\Bunayya Zulfikar\.m2\repository\org\mockito\mockito-core\3.3.3\mockito-core-3.3.3.jar;C:\Users\Bunayya Zulfikar\.m2\repository\javax\xml\bind\jaxb-api\2.3.1\jaxb-api-2.3.1.jar;C:\Users\Bunayya Zulfikar\.m2\repository\javax\activation\javax.activation-api\1.2.0\javax.activation-api-1.2.0.jar;C:\Users\Bunayya Zulfikar\.m2\repository\com\sun\xml\bind\jaxb-core\2.3.0.1\jaxb-core-2.3.0.1.jar;C:\Users\Bunayya Zulfikar\.m2\repository\com\sun\xml\bind\jaxb-impl\2.3.3\jaxb-impl-2.3.3.jar;C:\Users\Bunayya Zulfikar\.m2\repository\jakarta\xml\bind\jakarta.xml.bind-api\2.3.3\jakarta.xml.bind-api-2.3.3.jar;C:\Users\Bunayya Zulfikar\.m2\repository\com\sun\activation\jakarta.activation\1.2.2\jakarta.activation-1.2.2.jar;C:\Users\Bunayya Zulfikar\.m2\repository\javax\activation\activation\1.1.1\activation-1.1.1.jar;C:\Users\Bunayya Zulfikar\.m2\repository\net\serenity-bdd\serenity-cucumber\3.6.21\serenity-cucumber-3.6.21.jar;C:\Users\Bunayya Zulfikar\.m2\repository\io\cucumber\cucumber-core\7.11.0\cucumber-core-7.11.0.jar;C:\Users\Bunayya Zulfikar\.m2\repository\io\cucumber\cucumber-gherkin\7.11.0\cucumber-gherkin-7.11.0.jar;C:\Users\Bunayya Zulfikar\.m2\repository\io\cucumber\cucumber-gherkin-messages\7.11.0\cucumber-gherkin-messages-7.11.0.jar;C:\Users\Bunayya Zulfikar\.m2\repository\io\cucumber\gherkin\26.0.3\gherkin-26.0.3.jar;C:\Users\Bunayya Zulfikar\.m2\repository\io\cucumber\messages\21.0.1\messages-21.0.1.jar;C:\Users\Bunayya Zulfikar\.m2\repository\io\cucumber\tag-expressions\5.0.1\tag-expressions-5.0.1.jar;C:\Users\Bunayya Zulfikar\.m2\repository\io\cucumber\cucumber-expressions\16.1.1\cucumber-expressions-16.1.1.jar;C:\Users\Bunayya Zulfikar\.m2\repository\io\cucumber\datatable\7.11.0\datatable-7.11.0.jar;C:\Users\Bunayya Zulfikar\.m2\repository\io\cucumber\cucumber-plugin\7.11.0\cucumber-plugin-7.11.0.jar;C:\Users\Bunayya Zulfikar\.m2\repository\io\cucumber\docstring\7.11.0\docstring-7.11.0.jar;C:\Users\Bunayya Zulfikar\.m2\repository\io\cucumber\html-formatter\20.2.1\html-formatter-20.2.1.jar;C:\Users\Bunayya Zulfikar\.m2\repository\io\cucumber\junit-xml-formatter\0.1.0\junit-xml-formatter-0.1.0.jar;C:\Users\Bunayya Zulfikar\.m2\repository\io\cucumber\ci-environment\9.1.0\ci-environment-9.1.0.jar;C:\Users\Bunayya Zulfikar\.m2\repository\io\cucumber\cucumber-java\7.11.0\cucumber-java-7.11.0.jar;C:\Users\Bunayya Zulfikar\.m2\repository\io\cucumber\cucumber-junit\7.11.0\cucumber-junit-7.11.0.jar;C:\Users\Bunayya Zulfikar\.m2\repository\org\apache\commons\commons-csv\1.5\commons-csv-1.5.jar;C:\Users\Bunayya Zulfikar\.m2\repository\net\serenity-bdd\serenity-screenplay\3.6.21\serenity-screenplay-3.6.21.jar;C:\Users\Bunayya Zulfikar\.m2\repository\net\serenity-bdd\serenity-screenplay-webdriver\3.6.21\serenity-screenplay-webdriver-3.6.21.jar;C:\Users\Bunayya Zulfikar\.m2\repository\net\serenity-bdd\serenity-ensure\3.6.21\serenity-ensure-3.6.21.jar;C:\Users\Bunayya Zulfikar\.m2\repository\net\serenity-bdd\serenity-junit\3.6.21\serenity-junit-3.6.21.jar;C:\Users\Bunayya Zulfikar\.m2\repository\org\jetbrains\kotlin\kotlin-stdlib\1.8.10\kotlin-stdlib-1.8.10.jar;C:\Users\Bunayya Zulfikar\.m2\repository\org\jetbrains\kotlin\kotlin-stdlib-common\1.8.10\kotlin-stdlib-common-1.8.10.jar;C:\Users\Bunayya Zulfikar\.m2\repository\org\jetbrains\annotations\13.0\annotations-13.0.jar;C:\Users\Bunayya Zulfikar\.m2\repository\org\junit\platform\junit-platform-launcher\1.8.2\junit-platform-launcher-1.8.2.jar;C:\Users\Bunayya Zulfikar\.m2\repository\org\junit\platform\junit-platform-engine\1.8.2\junit-platform-engine-1.8.2.jar;C:\Users\Bunayya Zulfikar\.m2\repository\org\opentest4j\opentest4j\1.2.0\opentest4j-1.2.0.jar;C:\Users\Bunayya Zulfikar\.m2\repository\org\junit\platform\junit-platform-commons\1.8.2\junit-platform-commons-1.8.2.jar;C:\Users\Bunayya Zulfikar\.m2\repository\org\apiguardian\apiguardian-api\1.1.2\apiguardian-api-1.1.2.jar;C:\Users\Bunayya Zulfikar\.m2\repository\org\junit\jupiter\junit-jupiter-engine\5.8.2\junit-jupiter-engine-5.8.2.jar;C:\Users\Bunayya Zulfikar\.m2\repository\org\junit\jupiter\junit-jupiter-api\5.8.2\junit-jupiter-api-5.8.2.jar;C:\Users\Bunayya Zulfikar\.m2\repository\org\junit\vintage\junit-vintage-engine\5.8.2\junit-vintage-engine-5.8.2.jar;C:\Users\Bunayya Zulfikar\.m2\repository\junit\junit\4.13.2\junit-4.13.2.jar;C:\Users\Bunayya Zulfikar\.m2\repository\org\hamcrest\hamcrest-core\1.3\hamcrest-core-1.3.jar;C:\Users\Bunayya Zulfikar\.m2\repository\ch\qos\logback\logback-classic\1.2.10\logback-classic-1.2.10.jar;C:\Users\Bunayya Zulfikar\.m2\repository\ch\qos\logback\logback-core\1.2.10\logback-core-1.2.10.jar;C:\Users\Bunayya Zulfikar\.m2\repository\org\slf4j\slf4j-api\1.7.32\slf4j-api-1.7.32.jar;C:\Users\Bunayya Zulfikar\.m2\repository\org\assertj\assertj-core\3.23.1\assertj-core-3.23.1.jar;C:\Users\Bunayya Zulfikar\.m2\repository\net\bytebuddy\byte-buddy\1.12.10\byte-buddy-1.12.10.jar;"/>
    <property name="sun.cpu.endian" value="little"/>
    <property name="user.home" value="C:\Users\Bunayya Zulfikar"/>
    <property name="user.language" value="en"/>
    <property name="java.specification.vendor" value="Oracle Corporation"/>
    <property name="jdk.module.path" value="C:\Users\Bunayya Zulfikar\Documents\GitHub\QE_Refano-Saputra\11_Web_Programming_&amp;_Testing\praktikum\Web_Testing\Prioritas2\alta\target\alta-1.0-SNAPSHOT.jar"/>
    <property name="java.version.date" value="2022-04-22"/>
    <property name="java.home" value="C:\Program Files\java-se-8u41-ri"/>
    <property name="file.separator" value="\"/>
    <property name="basedir" value="C:\Users\Bunayya Zulfikar\Documents\GitHub\QE_Refano-Saputra\11_Web_Programming_&amp;_Testing\praktikum\Web_Testing\Prioritas2\alta"/>
    <property name="java.vm.compressedOopsMode" value="Zero based"/>
    <property name="line.separator" value="&#10;"/>
    <property name="java.vm.specification.vendor" value="Oracle Corporation"/>
    <property name="java.specification.name" value="Java Platform API Specification"/>
    <property name="surefire.real.class.path" value="C:\Users\Bunayya Zulfikar\.m2\repository\org\apache\maven\surefire\surefire-booter\3.0.0-M5\surefire-booter-3.0.0-M5.jar;C:\Users\Bunayya Zulfikar\.m2\repository\org\apache\maven\surefire\surefire-api\3.0.0-M5\surefire-api-3.0.0-M5.jar;C:\Users\Bunayya Zulfikar\.m2\repository\org\apache\maven\surefire\surefire-logger-api\3.0.0-M5\surefire-logger-api-3.0.0-M5.jar;C:\Users\Bunayya Zulfikar\.m2\repository\org\apache\maven\surefire\surefire-shared-utils\3.0.0-M4\surefire-shared-utils-3.0.0-M4.jar;C:\Users\Bunayya Zulfikar\.m2\repository\org\apache\maven\surefire\surefire-extensions-spi\3.0.0-M5\surefire-extensions-spi-3.0.0-M5.jar;C:\Users\Bunayya Zulfikar\Documents\GitHub\QE_Refano-Saputra\11_Web_Programming_&amp;_Testing\praktikum\Web_Testing\Prioritas2\alta\target\test-classes;C:\Users\Bunayya Zulfikar\.m2\repository\net\serenity-bdd\serenity-core\3.6.21\serenity-core-3.6.21.jar;C:\Users\Bunayya Zulfikar\.m2\repository\net\serenity-bdd\serenity-model\3.6.21\serenity-model-3.6.21.jar;C:\Users\Bunayya Zulfikar\.m2\repository\org\apache\commons\commons-text\1.10.0\commons-text-1.10.0.jar;C:\Users\Bunayya Zulfikar\.m2\repository\commons-net\commons-net\3.9.0\commons-net-3.9.0.jar;C:\Users\Bunayya Zulfikar\.m2\repository\com\google\guava\guava\31.1-jre\guava-31.1-jre.jar;C:\Users\Bunayya Zulfikar\.m2\repository\com\google\guava\failureaccess\1.0.1\failureaccess-1.0.1.jar;C:\Users\Bunayya Zulfikar\.m2\repository\com\google\guava\listenablefuture\9999.0-empty-to-avoid-conflict-with-guava\listenablefuture-9999.0-empty-to-avoid-conflict-with-guava.jar;C:\Users\Bunayya Zulfikar\.m2\repository\com\google\code\findbugs\jsr305\3.0.2\jsr305-3.0.2.jar;C:\Users\Bunayya Zulfikar\.m2\repository\org\checkerframework\checker-qual\3.12.0\checker-qual-3.12.0.jar;C:\Users\Bunayya Zulfikar\.m2\repository\com\google\errorprone\error_prone_annotations\2.11.0\error_prone_annotations-2.11.0.jar;C:\Users\Bunayya Zulfikar\.m2\repository\com\google\j2objc\j2objc-annotations\1.3\j2objc-annotations-1.3.jar;C:\Users\Bunayya Zulfikar\.m2\repository\com\google\inject\guice\5.1.0\guice-5.1.0.jar;C:\Users\Bunayya Zulfikar\.m2\repository\javax\inject\javax.inject\1\javax.inject-1.jar;C:\Users\Bunayya Zulfikar\.m2\repository\aopalliance\aopalliance\1.0\aopalliance-1.0.jar;C:\Users\Bunayya Zulfikar\.m2\repository\org\jsoup\jsoup\1.14.3\jsoup-1.14.3.jar;C:\Users\Bunayya Zulfikar\.m2\repository\com\thoughtworks\xstream\xstream\1.4.20\xstream-1.4.20.jar;C:\Users\Bunayya Zulfikar\.m2\repository\io\github\x-stream\mxparser\1.2.2\mxparser-1.2.2.jar;C:\Users\Bunayya Zulfikar\.m2\repository\xmlpull\xmlpull\1.1.3.1\xmlpull-1.1.3.1.jar;C:\Users\Bunayya Zulfikar\.m2\repository\com\typesafe\config\1.4.2\config-1.4.2.jar;C:\Users\Bunayya Zulfikar\.m2\repository\org\imgscalr\imgscalr-lib\4.2\imgscalr-lib-4.2.jar;C:\Users\Bunayya Zulfikar\.m2\repository\org\awaitility\awaitility\4.2.0\awaitility-4.2.0.jar;C:\Users\Bunayya Zulfikar\.m2\repository\org\freemarker\freemarker\2.3.31\freemarker-2.3.31.jar;C:\Users\Bunayya Zulfikar\.m2\repository\io\github\classgraph\classgraph\4.8.138\classgraph-4.8.138.jar;C:\Users\Bunayya Zulfikar\.m2\repository\net\sourceforge\jexcelapi\jxl\2.6.12\jxl-2.6.12.jar;C:\Users\Bunayya Zulfikar\.m2\repository\net\bytebuddy\byte-buddy-agent\1.14.2\byte-buddy-agent-1.14.2.jar;C:\Users\Bunayya Zulfikar\.m2\repository\org\objenesis\objenesis\3.3\objenesis-3.3.jar;C:\Users\Bunayya Zulfikar\.m2\repository\net\serenity-bdd\serenity-reports\3.6.21\serenity-reports-3.6.21.jar;C:\Users\Bunayya Zulfikar\.m2\repository\net\serenity-bdd\serenity-stats\3.6.21\serenity-stats-3.6.21.jar;C:\Users\Bunayya Zulfikar\.m2\repository\net\serenity-bdd\serenity-reports-configuration\3.6.21\serenity-reports-configuration-3.6.21.jar;C:\Users\Bunayya Zulfikar\.m2\repository\com\vladsch\flexmark\flexmark-all\0.62.2\flexmark-all-0.62.2.jar;C:\Users\Bunayya Zulfikar\.m2\repository\com\vladsch\flexmark\flexmark\0.62.2\flexmark-0.62.2.jar;C:\Users\Bunayya Zulfikar\.m2\repository\com\vladsch\flexmark\flexmark-ext-abbreviation\0.62.2\flexmark-ext-abbreviation-0.62.2.jar;C:\Users\Bunayya Zulfikar\.m2\repository\com\vladsch\flexmark\flexmark-util\0.62.2\flexmark-util-0.62.2.jar;C:\Users\Bunayya Zulfikar\.m2\repository\com\vladsch\flexmark\flexmark-ext-admonition\0.62.2\flexmark-ext-admonition-0.62.2.jar;C:\Users\Bunayya Zulfikar\.m2\repository\com\vladsch\flexmark\flexmark-ext-anchorlink\0.62.2\flexmark-ext-anchorlink-0.62.2.jar;C:\Users\Bunayya Zulfikar\.m2\repository\com\vladsch\flexmark\flexmark-ext-aside\0.62.2\flexmark-ext-aside-0.62.2.jar;C:\Users\Bunayya Zulfikar\.m2\repository\com\vladsch\flexmark\flexmark-ext-attributes\0.62.2\flexmark-ext-attributes-0.62.2.jar;C:\Users\Bunayya Zulfikar\.m2\repository\com\vladsch\flexmark\flexmark-ext-autolink\0.62.2\flexmark-ext-autolink-0.62.2.jar;C:\Users\Bunayya Zulfikar\.m2\repository\org\nibor\autolink\autolink\0.6.0\autolink-0.6.0.jar;C:\Users\Bunayya Zulfikar\.m2\repository\com\vladsch\flexmark\flexmark-ext-definition\0.62.2\flexmark-ext-definition-0.62.2.jar;C:\Users\Bunayya Zulfikar\.m2\repository\com\vladsch\flexmark\flexmark-ext-emoji\0.62.2\flexmark-ext-emoji-0.62.2.jar;C:\Users\Bunayya Zulfikar\.m2\repository\com\vladsch\flexmark\flexmark-ext-enumerated-reference\0.62.2\flexmark-ext-enumerated-reference-0.62.2.jar;C:\Users\Bunayya Zulfikar\.m2\repository\com\vladsch\flexmark\flexmark-ext-escaped-character\0.62.2\flexmark-ext-escaped-character-0.62.2.jar;C:\Users\Bunayya Zulfikar\.m2\repository\com\vladsch\flexmark\flexmark-ext-footnotes\0.62.2\flexmark-ext-footnotes-0.62.2.jar;C:\Users\Bunayya Zulfikar\.m2\repository\com\vladsch\flexmark\flexmark-ext-gfm-issues\0.62.2\flexmark-ext-gfm-issues-0.62.2.jar;C:\Users\Bunayya Zulfikar\.m2\repository\com\vladsch\flexmark\flexmark-ext-gfm-strikethrough\0.62.2\flexmark-ext-gfm-strikethrough-0.62.2.jar;C:\Users\Bunayya Zulfikar\.m2\repository\com\vladsch\flexmark\flexmark-ext-gfm-tasklist\0.62.2\flexmark-ext-gfm-tasklist-0.62.2.jar;C:\Users\Bunayya Zulfikar\.m2\repository\com\vladsch\flexmark\flexmark-ext-gfm-users\0.62.2\flexmark-ext-gfm-users-0.62.2.jar;C:\Users\Bunayya Zulfikar\.m2\repository\com\vladsch\flexmark\flexmark-ext-gitlab\0.62.2\flexmark-ext-gitlab-0.62.2.jar;C:\Users\Bunayya Zulfikar\.m2\repository\com\vladsch\flexmark\flexmark-ext-jekyll-front-matter\0.62.2\flexmark-ext-jekyll-front-matter-0.62.2.jar;C:\Users\Bunayya Zulfikar\.m2\repository\com\vladsch\flexmark\flexmark-ext-jekyll-tag\0.62.2\flexmark-ext-jekyll-tag-0.62.2.jar;C:\Users\Bunayya Zulfikar\.m2\repository\com\vladsch\flexmark\flexmark-ext-media-tags\0.62.2\flexmark-ext-media-tags-0.62.2.jar;C:\Users\Bunayya Zulfikar\.m2\repository\com\vladsch\flexmark\flexmark-ext-macros\0.62.2\flexmark-ext-macros-0.62.2.jar;C:\Users\Bunayya Zulfikar\.m2\repository\com\vladsch\flexmark\flexmark-ext-ins\0.62.2\flexmark-ext-ins-0.62.2.jar;C:\Users\Bunayya Zulfikar\.m2\repository\com\vladsch\flexmark\flexmark-ext-xwiki-macros\0.62.2\flexmark-ext-xwiki-macros-0.62.2.jar;C:\Users\Bunayya Zulfikar\.m2\repository\com\vladsch\flexmark\flexmark-ext-superscript\0.62.2\flexmark-ext-superscript-0.62.2.jar;C:\Users\Bunayya Zulfikar\.m2\repository\com\vladsch\flexmark\flexmark-ext-tables\0.62.2\flexmark-ext-tables-0.62.2.jar;C:\Users\Bunayya Zulfikar\.m2\repository\com\vladsch\flexmark\flexmark-ext-toc\0.62.2\flexmark-ext-toc-0.62.2.jar;C:\Users\Bunayya Zulfikar\.m2\repository\com\vladsch\flexmark\flexmark-ext-typographic\0.62.2\flexmark-ext-typographic-0.62.2.jar;C:\Users\Bunayya Zulfikar\.m2\repository\com\vladsch\flexmark\flexmark-ext-wikilink\0.62.2\flexmark-ext-wikilink-0.62.2.jar;C:\Users\Bunayya Zulfikar\.m2\repository\com\vladsch\flexmark\flexmark-ext-yaml-front-matter\0.62.2\flexmark-ext-yaml-front-matter-0.62.2.jar;C:\Users\Bunayya Zulfikar\.m2\repository\com\vladsch\flexmark\flexmark-ext-youtube-embedded\0.62.2\flexmark-ext-youtube-embedded-0.62.2.jar;C:\Users\Bunayya Zulfikar\.m2\repository\com\vladsch\flexmark\flexmark-html2md-converter\0.62.2\flexmark-html2md-converter-0.62.2.jar;C:\Users\Bunayya Zulfikar\.m2\repository\com\vladsch\flexmark\flexmark-jira-converter\0.62.2\flexmark-jira-converter-0.62.2.jar;C:\Users\Bunayya Zulfikar\.m2\repository\com\vladsch\flexmark\flexmark-pdf-converter\0.62.2\flexmark-pdf-converter-0.62.2.jar;C:\Users\Bunayya Zulfikar\.m2\repository\com\openhtmltopdf\openhtmltopdf-core\1.0.0\openhtmltopdf-core-1.0.0.jar;C:\Users\Bunayya Zulfikar\.m2\repository\com\openhtmltopdf\openhtmltopdf-pdfbox\1.0.0\openhtmltopdf-pdfbox-1.0.0.jar;C:\Users\Bunayya Zulfikar\.m2\repository\org\apache\pdfbox\pdfbox\2.0.16\pdfbox-2.0.16.jar;C:\Users\Bunayya Zulfikar\.m2\repository\org\apache\pdfbox\fontbox\2.0.16\fontbox-2.0.16.jar;C:\Users\Bunayya Zulfikar\.m2\repository\org\apache\pdfbox\xmpbox\2.0.16\xmpbox-2.0.16.jar;C:\Users\Bunayya Zulfikar\.m2\repository\de\rototor\pdfbox\graphics2d\0.24\graphics2d-0.24.jar;C:\Users\Bunayya Zulfikar\.m2\repository\com\openhtmltopdf\openhtmltopdf-rtl-support\1.0.0\openhtmltopdf-rtl-support-1.0.0.jar;C:\Users\Bunayya Zulfikar\.m2\repository\com\openhtmltopdf\openhtmltopdf-jsoup-dom-converter\1.0.0\openhtmltopdf-jsoup-dom-converter-1.0.0.jar;C:\Users\Bunayya Zulfikar\.m2\repository\com\vladsch\flexmark\flexmark-profile-pegdown\0.62.2\flexmark-profile-pegdown-0.62.2.jar;C:\Users\Bunayya Zulfikar\.m2\repository\com\vladsch\flexmark\flexmark-util-ast\0.62.2\flexmark-util-ast-0.62.2.jar;C:\Users\Bunayya Zulfikar\.m2\repository\com\vladsch\flexmark\flexmark-util-builder\0.62.2\flexmark-util-builder-0.62.2.jar;C:\Users\Bunayya Zulfikar\.m2\repository\com\vladsch\flexmark\flexmark-util-collection\0.62.2\flexmark-util-collection-0.62.2.jar;C:\Users\Bunayya Zulfikar\.m2\repository\com\vladsch\flexmark\flexmark-util-data\0.62.2\flexmark-util-data-0.62.2.jar;C:\Users\Bunayya Zulfikar\.m2\repository\com\vladsch\flexmark\flexmark-util-dependency\0.62.2\flexmark-util-dependency-0.62.2.jar;C:\Users\Bunayya Zulfikar\.m2\repository\com\vladsch\flexmark\flexmark-util-format\0.62.2\flexmark-util-format-0.62.2.jar;C:\Users\Bunayya Zulfikar\.m2\repository\com\vladsch\flexmark\flexmark-util-html\0.62.2\flexmark-util-html-0.62.2.jar;C:\Users\Bunayya Zulfikar\.m2\repository\com\vladsch\flexmark\flexmark-util-misc\0.62.2\flexmark-util-misc-0.62.2.jar;C:\Users\Bunayya Zulfikar\.m2\repository\com\vladsch\flexmark\flexmark-util-options\0.62.2\flexmark-util-options-0.62.2.jar;C:\Users\Bunayya Zulfikar\.m2\repository\com\vladsch\flexmark\flexmark-util-sequence\0.62.2\flexmark-util-sequence-0.62.2.jar;C:\Users\Bunayya Zulfikar\.m2\repository\com\vladsch\flexmark\flexmark-util-visitor\0.62.2\flexmark-util-visitor-0.62.2.jar;C:\Users\Bunayya Zulfikar\.m2\repository\com\vladsch\flexmark\flexmark-youtrack-converter\0.62.2\flexmark-youtrack-converter-0.62.2.jar;C:\Users\Bunayya Zulfikar\.m2\repository\com\ibm\icu\icu4j\72.1\icu4j-72.1.jar;C:\Users\Bunayya Zulfikar\.m2\repository\es\nitaur\markdown\txtmark\0.16\txtmark-0.16.jar;C:\Users\Bunayya Zulfikar\.m2\repository\net\serenity-bdd\serenity-report-resources\3.6.21\serenity-report-resources-3.6.21.jar;C:\Users\Bunayya Zulfikar\.m2\repository\com\google\code\gson\gson\2.10.1\gson-2.10.1.jar;C:\Users\Bunayya Zulfikar\.m2\repository\com\fasterxml\jackson\core\jackson-core\2.15.0-rc1\jackson-core-2.15.0-rc1.jar;C:\Users\Bunayya Zulfikar\.m2\repository\com\fasterxml\jackson\core\jackson-databind\2.15.0-rc1\jackson-databind-2.15.0-rc1.jar;C:\Users\Bunayya Zulfikar\.m2\repository\com\fasterxml\jackson\core\jackson-annotations\2.15.0-rc1\jackson-annotations-2.15.0-rc1.jar;C:\Users\Bunayya Zulfikar\.m2\repository\commons-codec\commons-codec\1.15\commons-codec-1.15.jar;C:\Users\Bunayya Zulfikar\.m2\repository\commons-io\commons-io\2.11.0\commons-io-2.11.0.jar;C:\Users\Bunayya Zulfikar\.m2\repository\org\apache\httpcomponents\httpclient\4.5.13\httpclient-4.5.13.jar;C:\Users\Bunayya Zulfikar\.m2\repository\org\apache\httpcomponents\httpcore\4.4.13\httpcore-4.4.13.jar;C:\Users\Bunayya Zulfikar\.m2\repository\commons-logging\commons-logging\1.2\commons-logging-1.2.jar;C:\Users\Bunayya Zulfikar\.m2\repository\org\seleniumhq\selenium\selenium-java\4.8.1\selenium-java-4.8.1.jar;C:\Users\Bunayya Zulfikar\.m2\repository\org\seleniumhq\selenium\selenium-devtools-v108\4.8.1\selenium-devtools-v108-4.8.1.jar;C:\Users\Bunayya Zulfikar\.m2\repository\org\seleniumhq\selenium\selenium-devtools-v109\4.8.1\selenium-devtools-v109-4.8.1.jar;C:\Users\Bunayya Zulfikar\.m2\repository\org\seleniumhq\selenium\selenium-devtools-v110\4.8.1\selenium-devtools-v110-4.8.1.jar;C:\Users\Bunayya Zulfikar\.m2\repository\org\seleniumhq\selenium\selenium-devtools-v85\4.8.1\selenium-devtools-v85-4.8.1.jar;C:\Users\Bunayya Zulfikar\.m2\repository\org\seleniumhq\selenium\selenium-remote-driver\4.8.1\selenium-remote-driver-4.8.1.jar;C:\Users\Bunayya Zulfikar\.m2\repository\com\beust\jcommander\1.82\jcommander-1.82.jar;C:\Users\Bunayya Zulfikar\.m2\repository\io\netty\netty-buffer\4.1.87.Final\netty-buffer-4.1.87.Final.jar;C:\Users\Bunayya Zulfikar\.m2\repository\io\netty\netty-codec-http\4.1.87.Final\netty-codec-http-4.1.87.Final.jar;C:\Users\Bunayya Zulfikar\.m2\repository\io\netty\netty-codec\4.1.87.Final\netty-codec-4.1.87.Final.jar;C:\Users\Bunayya Zulfikar\.m2\repository\io\netty\netty-handler\4.1.87.Final\netty-handler-4.1.87.Final.jar;C:\Users\Bunayya Zulfikar\.m2\repository\io\netty\netty-common\4.1.87.Final\netty-common-4.1.87.Final.jar;C:\Users\Bunayya Zulfikar\.m2\repository\io\netty\netty-transport-classes-epoll\4.1.87.Final\netty-transport-classes-epoll-4.1.87.Final.jar;C:\Users\Bunayya Zulfikar\.m2\repository\io\netty\netty-transport-classes-kqueue\4.1.87.Final\netty-transport-classes-kqueue-4.1.87.Final.jar;C:\Users\Bunayya Zulfikar\.m2\repository\io\netty\netty-transport-native-epoll\4.1.87.Final\netty-transport-native-epoll-4.1.87.Final.jar;C:\Users\Bunayya Zulfikar\.m2\repository\io\netty\netty-transport-native-kqueue\4.1.87.Final\netty-transport-native-kqueue-4.1.87.Final.jar;C:\Users\Bunayya Zulfikar\.m2\repository\io\netty\netty-transport-native-unix-common\4.1.87.Final\netty-transport-native-unix-common-4.1.87.Final.jar;C:\Users\Bunayya Zulfikar\.m2\repository\io\netty\netty-transport\4.1.87.Final\netty-transport-4.1.87.Final.jar;C:\Users\Bunayya Zulfikar\.m2\repository\io\netty\netty-resolver\4.1.87.Final\netty-resolver-4.1.87.Final.jar;C:\Users\Bunayya Zulfikar\.m2\repository\io\opentelemetry\opentelemetry-api\1.22.0\opentelemetry-api-1.22.0.jar;C:\Users\Bunayya Zulfikar\.m2\repository\io\opentelemetry\opentelemetry-context\1.22.0\opentelemetry-context-1.22.0.jar;C:\Users\Bunayya Zulfikar\.m2\repository\io\opentelemetry\opentelemetry-exporter-logging\1.22.0\opentelemetry-exporter-logging-1.22.0.jar;C:\Users\Bunayya Zulfikar\.m2\repository\io\opentelemetry\opentelemetry-sdk-metrics\1.22.0\opentelemetry-sdk-metrics-1.22.0.jar;C:\Users\Bunayya Zulfikar\.m2\repository\io\opentelemetry\opentelemetry-sdk-logs\1.22.0-alpha\opentelemetry-sdk-logs-1.22.0-alpha.jar;C:\Users\Bunayya Zulfikar\.m2\repository\io\opentelemetry\opentelemetry-api-logs\1.22.0-alpha\opentelemetry-api-logs-1.22.0-alpha.jar;C:\Users\Bunayya Zulfikar\.m2\repository\io\opentelemetry\opentelemetry-sdk-common\1.22.0\opentelemetry-sdk-common-1.22.0.jar;C:\Users\Bunayya Zulfikar\.m2\repository\io\opentelemetry\opentelemetry-sdk-extension-autoconfigure-spi\1.22.0\opentelemetry-sdk-extension-autoconfigure-spi-1.22.0.jar;C:\Users\Bunayya Zulfikar\.m2\repository\io\opentelemetry\opentelemetry-sdk-extension-autoconfigure\1.22.0-alpha\opentelemetry-sdk-extension-autoconfigure-1.22.0-alpha.jar;C:\Users\Bunayya Zulfikar\.m2\repository\io\opentelemetry\opentelemetry-sdk-trace\1.22.0\opentelemetry-sdk-trace-1.22.0.jar;C:\Users\Bunayya Zulfikar\.m2\repository\io\opentelemetry\opentelemetry-sdk\1.22.0\opentelemetry-sdk-1.22.0.jar;C:\Users\Bunayya Zulfikar\.m2\repository\io\opentelemetry\opentelemetry-semconv\1.22.0-alpha\opentelemetry-semconv-1.22.0-alpha.jar;C:\Users\Bunayya Zulfikar\.m2\repository\io\ous\jtoml\2.0.0\jtoml-2.0.0.jar;C:\Users\Bunayya Zulfikar\.m2\repository\org\apache\commons\commons-exec\1.3\commons-exec-1.3.jar;C:\Users\Bunayya Zulfikar\.m2\repository\org\asynchttpclient\async-http-client\2.12.3\async-http-client-2.12.3.jar;C:\Users\Bunayya Zulfikar\.m2\repository\org\asynchttpclient\async-http-client-netty-utils\2.12.3\async-http-client-netty-utils-2.12.3.jar;C:\Users\Bunayya Zulfikar\.m2\repository\io\netty\netty-codec-socks\4.1.60.Final\netty-codec-socks-4.1.60.Final.jar;C:\Users\Bunayya Zulfikar\.m2\repository\io\netty\netty-handler-proxy\4.1.60.Final\netty-handler-proxy-4.1.60.Final.jar;C:\Users\Bunayya Zulfikar\.m2\repository\io\netty\netty-transport-native-epoll\4.1.60.Final\netty-transport-native-epoll-4.1.60.Final-linux-x86_64.jar;C:\Users\Bunayya Zulfikar\.m2\repository\io\netty\netty-transport-native-kqueue\4.1.60.Final\netty-transport-native-kqueue-4.1.60.Final-osx-x86_64.jar;C:\Users\Bunayya Zulfikar\.m2\repository\org\reactivestreams\reactive-streams\1.0.3\reactive-streams-1.0.3.jar;C:\Users\Bunayya Zulfikar\.m2\repository\com\typesafe\netty\netty-reactive-streams\2.0.4\netty-reactive-streams-2.0.4.jar;C:\Users\Bunayya Zulfikar\.m2\repository\org\seleniumhq\selenium\selenium-manager\4.8.1\selenium-manager-4.8.1.jar;C:\Users\Bunayya Zulfikar\.m2\repository\org\seleniumhq\selenium\selenium-safari-driver\4.8.1\selenium-safari-driver-4.8.1.jar;C:\Users\Bunayya Zulfikar\.m2\repository\org\seleniumhq\selenium\selenium-api\4.8.1\selenium-api-4.8.1.jar;C:\Users\Bunayya Zulfikar\.m2\repository\org\seleniumhq\selenium\selenium-support\4.8.1\selenium-support-4.8.1.jar;C:\Users\Bunayya Zulfikar\.m2\repository\com\google\auto\service\auto-service-annotations\1.0.1\auto-service-annotations-1.0.1.jar;C:\Users\Bunayya Zulfikar\.m2\repository\com\google\auto\service\auto-service\1.0.1\auto-service-1.0.1.jar;C:\Users\Bunayya Zulfikar\.m2\repository\com\google\auto\auto-common\1.2\auto-common-1.2.jar;C:\Users\Bunayya Zulfikar\.m2\repository\org\seleniumhq\selenium\selenium-json\4.8.1\selenium-json-4.8.1.jar;C:\Users\Bunayya Zulfikar\.m2\repository\org\seleniumhq\selenium\selenium-chrome-driver\4.8.1\selenium-chrome-driver-4.8.1.jar;C:\Users\Bunayya Zulfikar\.m2\repository\org\seleniumhq\selenium\selenium-chromium-driver\4.8.1\selenium-chromium-driver-4.8.1.jar;C:\Users\Bunayya Zulfikar\.m2\repository\org\seleniumhq\selenium\selenium-firefox-driver\4.8.1\selenium-firefox-driver-4.8.1.jar;C:\Users\Bunayya Zulfikar\.m2\repository\org\seleniumhq\selenium\selenium-http\4.8.1\selenium-http-4.8.1.jar;C:\Users\Bunayya Zulfikar\.m2\repository\dev\failsafe\failsafe\3.3.0\failsafe-3.3.0.jar;C:\Users\Bunayya Zulfikar\.m2\repository\org\seleniumhq\selenium\selenium-edge-driver\4.8.1\selenium-edge-driver-4.8.1.jar;C:\Users\Bunayya Zulfikar\.m2\repository\org\seleniumhq\selenium\selenium-ie-driver\4.8.1\selenium-ie-driver-4.8.1.jar;C:\Users\Bunayya Zulfikar\.m2\repository\org\projectlombok\lombok\1.18.20\lombok-1.18.20.jar;C:\Users\Bunayya Zulfikar\.m2\repository\io\appium\java-client\8.3.0\java-client-8.3.0.jar;C:\Users\Bunayya Zulfikar\.m2\repository\commons-validator\commons-validator\1.7\commons-validator-1.7.jar;C:\Users\Bunayya Zulfikar\.m2\repository\commons-digester\commons-digester\2.1\commons-digester-2.1.jar;C:\Users\Bunayya Zulfikar\.m2\repository\org\apache\groovy\groovy\4.0.10\groovy-4.0.10.jar;C:\Users\Bunayya Zulfikar\.m2\repository\net\sf\opencsv\opencsv\2.0\opencsv-2.0.jar;C:\Users\Bunayya Zulfikar\.m2\repository\commons-beanutils\commons-beanutils\1.9.4\commons-beanutils-1.9.4.jar;C:\Users\Bunayya Zulfikar\.m2\repository\org\apache\commons\commons-lang3\3.12.0\commons-lang3-3.12.0.jar;C:\Users\Bunayya Zulfikar\.m2\repository\commons-collections\commons-collections\3.2.2\commons-collections-3.2.2.jar;C:\Users\Bunayya Zulfikar\.m2\repository\org\fluentlenium\fluentlenium-core\0.10.2\fluentlenium-core-0.10.2.jar;C:\Users\Bunayya Zulfikar\.m2\repository\io\github\bonigarcia\webdrivermanager\5.3.0\webdrivermanager-5.3.0.jar;C:\Users\Bunayya Zulfikar\.m2\repository\com\github\docker-java\docker-java\3.2.13\docker-java-3.2.13.jar;C:\Users\Bunayya Zulfikar\.m2\repository\com\github\docker-java\docker-java-core\3.2.13\docker-java-core-3.2.13.jar;C:\Users\Bunayya Zulfikar\.m2\repository\com\github\docker-java\docker-java-api\3.2.13\docker-java-api-3.2.13.jar;C:\Users\Bunayya Zulfikar\.m2\repository\org\apache\commons\commons-compress\1.21\commons-compress-1.21.jar;C:\Users\Bunayya Zulfikar\.m2\repository\org\bouncycastle\bcpkix-jdk15on\1.64\bcpkix-jdk15on-1.64.jar;C:\Users\Bunayya Zulfikar\.m2\repository\org\bouncycastle\bcprov-jdk15on\1.64\bcprov-jdk15on-1.64.jar;C:\Users\Bunayya Zulfikar\.m2\repository\org\slf4j\jcl-over-slf4j\1.7.30\jcl-over-slf4j-1.7.30.jar;C:\Users\Bunayya Zulfikar\.m2\repository\com\github\docker-java\docker-java-transport-httpclient5\3.2.13\docker-java-transport-httpclient5-3.2.13.jar;C:\Users\Bunayya Zulfikar\.m2\repository\com\github\docker-java\docker-java-transport\3.2.13\docker-java-transport-3.2.13.jar;C:\Users\Bunayya Zulfikar\.m2\repository\net\java\dev\jna\jna\5.8.0\jna-5.8.0.jar;C:\Users\Bunayya Zulfikar\.m2\repository\org\brotli\dec\0.1.2\dec-0.1.2.jar;C:\Users\Bunayya Zulfikar\.m2\repository\org\apache\httpcomponents\client5\httpclient5\5.1.3\httpclient5-5.1.3.jar;C:\Users\Bunayya Zulfikar\.m2\repository\org\apache\httpcomponents\core5\httpcore5\5.1.3\httpcore5-5.1.3.jar;C:\Users\Bunayya Zulfikar\.m2\repository\org\apache\httpcomponents\core5\httpcore5-h2\5.1.3\httpcore5-h2-5.1.3.jar;C:\Users\Bunayya Zulfikar\.m2\repository\com\jhlabs\filters\2.0.235\filters-2.0.235.jar;C:\Users\Bunayya Zulfikar\.m2\repository\com\paulhammant\ngwebdriver\1.1.6\ngwebdriver-1.1.6.jar;C:\Users\Bunayya Zulfikar\.m2\repository\joda-time\joda-time\2.12.2\joda-time-2.12.2.jar;C:\Users\Bunayya Zulfikar\.m2\repository\org\hamcrest\hamcrest\2.2\hamcrest-2.2.jar;C:\Users\Bunayya Zulfikar\.m2\repository\com\google\jimfs\jimfs\1.2\jimfs-1.2.jar;C:\Users\Bunayya Zulfikar\.m2\repository\org\mockito\mockito-core\3.3.3\mockito-core-3.3.3.jar;C:\Users\Bunayya Zulfikar\.m2\repository\javax\xml\bind\jaxb-api\2.3.1\jaxb-api-2.3.1.jar;C:\Users\Bunayya Zulfikar\.m2\repository\javax\activation\javax.activation-api\1.2.0\javax.activation-api-1.2.0.jar;C:\Users\Bunayya Zulfikar\.m2\repository\com\sun\xml\bind\jaxb-core\2.3.0.1\jaxb-core-2.3.0.1.jar;C:\Users\Bunayya Zulfikar\.m2\repository\com\sun\xml\bind\jaxb-impl\2.3.3\jaxb-impl-2.3.3.jar;C:\Users\Bunayya Zulfikar\.m2\repository\jakarta\xml\bind\jakarta.xml.bind-api\2.3.3\jakarta.xml.bind-api-2.3.3.jar;C:\Users\Bunayya Zulfikar\.m2\repository\com\sun\activation\jakarta.activation\1.2.2\jakarta.activation-1.2.2.jar;C:\Users\Bunayya Zulfikar\.m2\repository\javax\activation\activation\1.1.1\activation-1.1.1.jar;C:\Users\Bunayya Zulfikar\.m2\repository\net\serenity-bdd\serenity-cucumber\3.6.21\serenity-cucumber-3.6.21.jar;C:\Users\Bunayya Zulfikar\.m2\repository\io\cucumber\cucumber-core\7.11.0\cucumber-core-7.11.0.jar;C:\Users\Bunayya Zulfikar\.m2\repository\io\cucumber\cucumber-gherkin\7.11.0\cucumber-gherkin-7.11.0.jar;C:\Users\Bunayya Zulfikar\.m2\repository\io\cucumber\cucumber-gherkin-messages\7.11.0\cucumber-gherkin-messages-7.11.0.jar;C:\Users\Bunayya Zulfikar\.m2\repository\io\cucumber\gherkin\26.0.3\gherkin-26.0.3.jar;C:\Users\Bunayya Zulfikar\.m2\repository\io\cucumber\messages\21.0.1\messages-21.0.1.jar;C:\Users\Bunayya Zulfikar\.m2\repository\io\cucumber\tag-expressions\5.0.1\tag-expressions-5.0.1.jar;C:\Users\Bunayya Zulfikar\.m2\repository\io\cucumber\cucumber-expressions\16.1.1\cucumber-expressions-16.1.1.jar;C:\Users\Bunayya Zulfikar\.m2\repository\io\cucumber\datatable\7.11.0\datatable-7.11.0.jar;C:\Users\Bunayya Zulfikar\.m2\repository\io\cucumber\cucumber-plugin\7.11.0\cucumber-plugin-7.11.0.jar;C:\Users\Bunayya Zulfikar\.m2\repository\io\cucumber\docstring\7.11.0\docstring-7.11.0.jar;C:\Users\Bunayya Zulfikar\.m2\repository\io\cucumber\html-formatter\20.2.1\html-formatter-20.2.1.jar;C:\Users\Bunayya Zulfikar\.m2\repository\io\cucumber\junit-xml-formatter\0.1.0\junit-xml-formatter-0.1.0.jar;C:\Users\Bunayya Zulfikar\.m2\repository\io\cucumber\ci-environment\9.1.0\ci-environment-9.1.0.jar;C:\Users\Bunayya Zulfikar\.m2\repository\io\cucumber\cucumber-java\7.11.0\cucumber-java-7.11.0.jar;C:\Users\Bunayya Zulfikar\.m2\repository\io\cucumber\cucumber-junit\7.11.0\cucumber-junit-7.11.0.jar;C:\Users\Bunayya Zulfikar\.m2\repository\org\apache\commons\commons-csv\1.5\commons-csv-1.5.jar;C:\Users\Bunayya Zulfikar\.m2\repository\net\serenity-bdd\serenity-screenplay\3.6.21\serenity-screenplay-3.6.21.jar;C:\Users\Bunayya Zulfikar\.m2\repository\net\serenity-bdd\serenity-screenplay-webdriver\3.6.21\serenity-screenplay-webdriver-3.6.21.jar;C:\Users\Bunayya Zulfikar\.m2\repository\net\serenity-bdd\serenity-ensure\3.6.21\serenity-ensure-3.6.21.jar;C:\Users\Bunayya Zulfikar\.m2\repository\net\serenity-bdd\serenity-junit\3.6.21\serenity-junit-3.6.21.jar;C:\Users\Bunayya Zulfikar\.m2\repository\org\jetbrains\kotlin\kotlin-stdlib\1.8.10\kotlin-stdlib-1.8.10.jar;C:\Users\Bunayya Zulfikar\.m2\repository\org\jetbrains\kotlin\kotlin-stdlib-common\1.8.10\kotlin-stdlib-common-1.8.10.jar;C:\Users\Bunayya Zulfikar\.m2\repository\org\jetbrains\annotations\13.0\annotations-13.0.jar;C:\Users\Bunayya Zulfikar\.m2\repository\org\junit\platform\junit-platform-launcher\1.8.2\junit-platform-launcher-1.8.2.jar;C:\Users\Bunayya Zulfikar\.m2\repository\org\junit\platform\junit-platform-engine\1.8.2\junit-platform-engine-1.8.2.jar;C:\Users\Bunayya Zulfikar\.m2\repository\org\opentest4j\opentest4j\1.2.0\opentest4j-1.2.0.jar;C:\Users\Bunayya Zulfikar\.m2\repository\org\junit\platform\junit-platform-commons\1.8.2\junit-platform-commons-1.8.2.jar;C:\Users\Bunayya Zulfikar\.m2\repository\org\apiguardian\apiguardian-api\1.1.2\apiguardian-api-1.1.2.jar;C:\Users\Bunayya Zulfikar\.m2\repository\org\junit\jupiter\junit-jupiter-engine\5.8.2\junit-jupiter-engine-5.8.2.jar;C:\Users\Bunayya Zulfikar\.m2\repository\org\junit\jupiter\junit-jupiter-api\5.8.2\junit-jupiter-api-5.8.2.jar;C:\Users\Bunayya Zulfikar\.m2\repository\org\junit\vintage\junit-vintage-engine\5.8.2\junit-vintage-engine-5.8.2.jar;C:\Users\Bunayya Zulfikar\.m2\repository\junit\junit\4.13.2\junit-4.13.2.jar;C:\Users\Bunayya Zulfikar\.m2\repository\org\hamcrest\hamcrest-core\1.3\hamcrest-core-1.3.jar;C:\Users\Bunayya Zulfikar\.m2\repository\ch\qos\logback\logback-classic\1.2.10\logback-classic-1.2.10.jar;C:\Users\Bunayya Zulfikar\.m2\repository\ch\qos\logback\logback-core\1.2.10\logback-core-1.2.10.jar;C:\Users\Bunayya Zulfikar\.m2\repository\org\slf4j\slf4j-api\1.7.32\slf4j-api-1.7.32.jar;C:\Users\Bunayya Zulfikar\.m2\repository\org\assertj\assertj-core\3.23.1\assertj-core-3.23.1.jar;C:\Users\Bunayya Zulfikar\.m2\repository\net\bytebuddy\byte-buddy\1.12.10\byte-buddy-1.12.10.jar;C:\Users\Bunayya Zulfikar\.m2\repository\org\apache\maven\surefire\surefire-junit-platform\3.0.0-M5\surefire-junit-platform-3.0.0-M5.jar;C:\Users\Bunayya Zulfikar\.m2\repository\org\apache\maven\surefire\common-java5\3.0.0-M5\common-java5-3.0.0-M5.jar"/>
    <property name="user.script" value=""/>
    <property name="java.protocol.handler.pkgs" value="com.google.common"/>
    <property name="sun.management.compiler" value="HotSpot 64-Bit Tiered Compilers"/>
    <property name="java.runtime.version" value="18.0.1.1+2-6"/>
    <property name="user.name" value="Fanotralala"/>
    <property name="path.separator" value=";"/>
    <property name="os.version" value="10.0"/>
    <property name="java.runtime.name" value="Java(TM) SE Runtime Environment"/>
    <property name="file.encoding" value="UTF-8"/>
    <property name="webdriver.base.url" value=""/>
    <property name="java.vm.name" value="Java HotSpot(TM) 64-Bit Server VM"/>
    <property name="localRepository" value="C:\Users\Bunayya Zulfikar\.m2\repository"/>
    <property name="java.vendor.url.bug" value="https://bugreport.java.com/bugreport/"/>
    <property name="java.io.tmpdir" value="C:\Users\BUNAYY~1\AppData\Local\Temp\"/>
    <property name="java.version" value="18.0.1.1"/>
    <property name="user.dir" value="C:\Users\Bunayya Zulfikar\Documents\GitHub\QE_Refano-Saputra\11_Web_Programming_&amp;_Testing\praktikum\Web_Testing\Prioritas2\alta"/>
    <property name="os.arch" value="amd64"/>
    <property name="java.vm.specification.name" value="Java Virtual Machine Specification"/>
    <property name="sun.os.patch.level" value=""/>
    <property name="native.encoding" value="Cp1252"/>
    <property name="java.library.path" value="C:\Program Files\java-se-8u41-ri\bin;C:\WINDOWS\Sun\Java\bin;C:\WINDOWS\system32;C:\WINDOWS;C:\Program Files\Common Files\Oracle\Java\javapath;C:\Program Files (x86)\Common Files\Oracle\Java\javapath;C:\Python310\Scripts\;C:\Python310\;C:\Program Files (x86)\Common Files\Intel\Shared Libraries\redist\intel64\compiler;C:\Program Files (x86)\Common Files\Intel\Shared Files\cpp\bin\Intel64;C:\Windows\system32;C:\Windows;C:\Windows\System32\Wbem;C:\Windows\System32\WindowsPowerShell\v1.0\;C:\Windows\System32\OpenSSH\;C:\Program Files (x86)\NVIDIA Corporation\PhysX\Common;C:\Program Files\NVIDIA Corporation\NVIDIA NvDLISR;C:\Program Files (x86)\MKVToolNix;C:\WINDOWS\system32;C:\WINDOWS;C:\WINDOWS\System32\Wbem;C:\WINDOWS\System32\WindowsPowerShell\v1.0\;C:\WINDOWS\System32\OpenSSH\;C:\Program Files\nodejs\;C:\ProgramData\chocolatey\bin;C:\Program Files\Git\cmd;C:\xampp\php;C:\ProgramData\ComposerSetup\bin;C:\PROGRA~1\IBM\SQLLIB\BIN;C:\PROGRA~1\IBM\SQLLIB\FUNCTION;C:\PROGRA~1\IBM\SQLLIB\SAMPLES\REPL;C:\Program Files\apache-maven-3.9.1\bin;C:\Program Files\Java\jdk-19\bin;C:\Users\Bunayya Zulfikar\AppData\Local\Microsoft\WindowsApps;C:\Users\Bunayya Zulfikar\AppData\Local\Programs\Microsoft VS Code\bin;C:\Program Files\java-se-8u41-ri\bin;C:\Users\Bunayya Zulfikar\AppData\Roaming\npm;C:\Users\Bunayya Zulfikar\AppData\Roaming\Composer\vendor\bin;C:\Users\Bunayya Zulfikar\AppData\Local\GitHubDesktop\bin;C:\Users\Bunayya Zulfikar\AppData\Local\spicetify;."/>
    <property name="java.vm.info" value="mixed mode"/>
    <property name="java.vendor" value="Oracle Corporation"/>
    <property name="java.vm.version" value="18.0.1.1+2-6"/>
    <property name="sun.io.unicode.encoding" value="UnicodeLittle"/>
    <property name="java.class.version" value="62.0"/>
  </properties>
  <testcase name="Login with correct credentials" classname="Login to Sepulsa Account" time="31.665">
    <system-out><![CDATA[11:14:21.217 [main] DEBUG net.thucydides.core.guice.Injectors - Created injector for module net.thucydides.core.guice.ThucydidesModule
11:14:21.668 [main] DEBUG io.cucumber.core.plugin.SerenityReporter - Running feature from file:///C:/Users/Bunayya%20Zulfikar/Documents/GitHub/QE_Refano-Saputra/11_Web_Programming_&_Testing/praktikum/Web_Testing/Prioritas2/alta/src/test/resources/features/Login.feature
11:14:21.908 [main] DEBUG net.thucydides.core.guice.Injectors - Created injector for module net.thucydides.core.guice.webdriver.WebDriverModule
11:14:21.966 [main] INFO  - 

-------------------------------------------------------------------------------------
     _______. _______ .______       _______ .__   __.  __  .___________.____    ____ 
    /       ||   ____||   _  \     |   ____||  \ |  | |  | |           |\   \  /   / 
   |   (----`|  |__   |  |_)  |    |  |__   |   \|  | |  | `---|  |----` \   \/   /  
    \   \    |   __|  |      /     |   __|  |  . `  | |  |     |  |       \_    _/   
.----)   |   |  |____ |  |\  \----.|  |____ |  |\   | |  |     |  |         |  |     
|_______/    |_______|| _| `._____||_______||__| \__| |__|     |__|         |__|    
                                                                                     
 News and tutorials at http://www.serenity-bdd.info                                  
 Documentation at https://wakaleo.gitbooks.io/the-serenity-book/content/             
 Join the Serenity Community on Gitter: https://gitter.im/serenity-bdd/serenity-core 
 Serenity BDD Support and Training at http://serenity-bdd.info/#/trainingandsupport  
-------------------------------------------------------------------------------------

11:14:21.975 [main] DEBUG net.thucydides.core.steps.StepEventBus - Test suite started for story net.thucydides.core.model.Story@d124f7c
11:14:21.980 [main] INFO  - Test Suite Started: Login to Sepulsa Account
11:14:22.030 [main] DEBUG io.cucumber.core.plugin.SerenityReporter - Running feature from file:///C:/Users/Bunayya%20Zulfikar/Documents/GitHub/QE_Refano-Saputra/11_Web_Programming_&_Testing/praktikum/Web_Testing/Prioritas2/alta/src/test/resources/features/PaymentMethod.feature
11:14:22.044 [main] DEBUG net.thucydides.core.steps.StepEventBus - Test suite started for story net.thucydides.core.model.Story@1f3cee16
11:14:22.045 [main] INFO  - Test Suite Started: Select Payment Method
11:14:22.046 [main] DEBUG io.cucumber.core.plugin.SerenityReporter - Running feature from file:///C:/Users/Bunayya%20Zulfikar/Documents/GitHub/QE_Refano-Saputra/11_Web_Programming_&_Testing/praktikum/Web_Testing/Prioritas2/alta/src/test/resources/features/SelectProduct.feature
11:14:22.058 [main] DEBUG net.thucydides.core.steps.StepEventBus - Test suite started for story net.thucydides.core.model.Story@d891cf10
11:14:22.060 [main] INFO  - Test Suite Started: Select Product ListrikPLN
11:14:22.061 [main] DEBUG io.cucumber.core.plugin.SerenityReporter - Running feature from file:///C:/Users/Bunayya%20Zulfikar/Documents/GitHub/QE_Refano-Saputra/11_Web_Programming_&_Testing/praktikum/Web_Testing/Prioritas2/alta/src/test/resources/features/Login.feature
11:14:22.070 [main] DEBUG net.thucydides.core.steps.StepEventBus - Test suite started for story net.thucydides.core.model.Story@d124f7c
11:14:22.072 [main] INFO  - Test Suite Started: Login to Sepulsa Account

Scenario: Login with correct credentials                      &amp#27;[90m# src/test/resources/features/Login.feature:3&amp#27;[0m
11:14:22.364 [main] DEBUG io.cucumber.core.plugin.SerenityReporter - Running feature from file:///C:/Users/Bunayya%20Zulfikar/Documents/GitHub/QE_Refano-Saputra/11_Web_Programming_&_Testing/praktikum/Web_Testing/Prioritas2/alta/src/test/resources/features/Login.feature
11:14:22.561 [main] INFO  - 
  _____   ___   ___   _____     ___   _____     _     ___   _____   ___   ___  
 |_   _| | __| / __| |_   _|   / __| |_   _|   /_\   | _ \ |_   _| | __| |   \ 
   | |   | _|  \__ \   | |     \__ \   | |    / _ \  |   /   | |   | _|  | |) |
   |_|   |___| |___/   |_|     |___/   |_|   /_/ \_\ |_|_\   |_|   |___| |___/ 

Login with correct credentials(login-to-sepulsa-account;login-with-correct-credentials)
--------------------------------------------------------------------------------
11:14:22.744 [main] DEBUG net.thucydides.core.requirements.model.cucumber.CucumberParser - Loading feature C:\Users\Bunayya Zulfikar\Documents\GitHub\QE_Refano-Saputra\11_Web_Programming_&_Testing\praktikum\Web_Testing\Prioritas2\alta\src\test\resources\features\Login.feature
11:14:22.812 [main] DEBUG net.thucydides.core.requirements.model.cucumber.CucumberParser - Loading feature C:\Users\Bunayya Zulfikar\Documents\GitHub\QE_Refano-Saputra\11_Web_Programming_&_Testing\praktikum\Web_Testing\Prioritas2\alta\src\test\resources\features\PaymentMethod.feature
11:14:22.828 [main] DEBUG net.thucydides.core.requirements.model.cucumber.CucumberParser - Loading feature C:\Users\Bunayya Zulfikar\Documents\GitHub\QE_Refano-Saputra\11_Web_Programming_&_Testing\praktikum\Web_Testing\Prioritas2\alta\src\test\resources\features\SelectProduct.feature
11:14:25.052 [main] DEBUG net.thucydides.core.steps.StepInterceptor - STARTING STEP: LoginSteps.onTheLoginPage - openPage
11:14:25.361 [main] INFO net.serenitybdd.core.webdriver.driverproviders.ChromeDriverProvider - Starting Chrome driver instance with capabilities:
11:14:25.370 [main] INFO net.serenitybdd.core.webdriver.driverproviders.ChromeDriverProvider - Capabilities {acceptInsecureCerts: false, browserName: chrome, goog:chromeOptions: {args: [remote-allow-origins=*], extensions: []}}
11:14:25.524 [main] DEBUG io.netty.util.internal.logging.InternalLoggerFactory - Using SLF4J as the default logging framework
11:14:25.529 [main] DEBUG io.netty.util.ResourceLeakDetector - -Dio.netty.leakDetection.level: simple
11:14:25.529 [main] DEBUG io.netty.util.ResourceLeakDetector - -Dio.netty.leakDetection.targetRecords: 4
11:14:25.536 [main] DEBUG io.netty.util.ResourceLeakDetectorFactory - Loaded default ResourceLeakDetector: io.netty.util.ResourceLeakDetector@7da1e005
11:14:25.566 [main] DEBUG io.netty.util.internal.PlatformDependent0 - -Dio.netty.noUnsafe: false
11:14:25.566 [main] DEBUG io.netty.util.internal.PlatformDependent0 - Java version: 18
11:14:25.567 [main] DEBUG io.netty.util.internal.PlatformDependent0 - sun.misc.Unsafe.theUnsafe: available
11:14:25.568 [main] DEBUG io.netty.util.internal.PlatformDependent0 - sun.misc.Unsafe.copyMemory: available
11:14:25.569 [main] DEBUG io.netty.util.internal.PlatformDependent0 - sun.misc.Unsafe.storeFence: available
11:14:25.570 [main] DEBUG io.netty.util.internal.PlatformDependent0 - java.nio.Buffer.address: available
11:14:25.571 [main] DEBUG io.netty.util.internal.PlatformDependent0 - direct buffer constructor: unavailable: Reflective setAccessible(true) disabled
11:14:25.572 [main] DEBUG io.netty.util.internal.PlatformDependent0 - java.nio.Bits.unaligned: available, true
11:14:25.574 [main] DEBUG io.netty.util.internal.PlatformDependent0 - jdk.internal.misc.Unsafe.allocateUninitializedArray(int): unavailable: class io.netty.util.internal.PlatformDependent0$7 cannot access class jdk.internal.misc.Unsafe (in module java.base) because module java.base does not export jdk.internal.misc to unnamed module @10959ece
11:14:25.575 [main] DEBUG io.netty.util.internal.PlatformDependent0 - java.nio.DirectByteBuffer.<init>(long, int): unavailable
11:14:25.575 [main] DEBUG io.netty.util.internal.PlatformDependent - sun.misc.Unsafe: available
11:14:25.577 [main] DEBUG io.netty.util.internal.PlatformDependent - maxDirectMemory: 4271898624 bytes (maybe)
11:14:25.578 [main] DEBUG io.netty.util.internal.PlatformDependent - -Dio.netty.tmpdir: C:\Users\BUNAYY~1\AppData\Local\Temp (java.io.tmpdir)
11:14:25.578 [main] DEBUG io.netty.util.internal.PlatformDependent - -Dio.netty.bitMode: 64 (sun.arch.data.model)
11:14:25.578 [main] DEBUG io.netty.util.internal.PlatformDependent - Platform: Windows
11:14:25.580 [main] DEBUG io.netty.util.internal.PlatformDependent - -Dio.netty.maxDirectMemory: -1 bytes
11:14:25.580 [main] DEBUG io.netty.util.internal.PlatformDependent - -Dio.netty.uninitializedArrayAllocationThreshold: -1
11:14:25.582 [main] DEBUG io.netty.util.internal.CleanerJava9 - java.nio.ByteBuffer.cleaner(): available
11:14:25.582 [main] DEBUG io.netty.util.internal.PlatformDependent - -Dio.netty.noPreferDirect: false
11:14:25.595 [main] DEBUG io.netty.util.internal.PlatformDependent - org.jctools-core.MpscChunkedArrayQueue: available
11:14:25.621 [main] DEBUG io.netty.util.internal.InternalThreadLocalMap - -Dio.netty.threadLocalMap.stringBuilder.initialSize: 1024
11:14:25.621 [main] DEBUG io.netty.util.internal.InternalThreadLocalMap - -Dio.netty.threadLocalMap.stringBuilder.maxSize: 4096
11:14:25.849 [main] DEBUG io.netty.handler.ssl.JdkSslContext - Default protocols (JDK): [TLSv1.3, TLSv1.2] 
11:14:25.849 [main] DEBUG io.netty.handler.ssl.JdkSslContext - Default cipher suites (JDK): [TLS_ECDHE_ECDSA_WITH_AES_256_GCM_SHA384, TLS_ECDHE_ECDSA_WITH_AES_128_GCM_SHA256, TLS_ECDHE_RSA_WITH_AES_128_GCM_SHA256, TLS_ECDHE_RSA_WITH_AES_256_GCM_SHA384, TLS_ECDHE_RSA_WITH_AES_128_CBC_SHA, TLS_ECDHE_RSA_WITH_AES_256_CBC_SHA, TLS_RSA_WITH_AES_128_GCM_SHA256, TLS_RSA_WITH_AES_128_CBC_SHA, TLS_RSA_WITH_AES_256_CBC_SHA, TLS_AES_128_GCM_SHA256, TLS_AES_256_GCM_SHA384]
11:14:25.926 [main] DEBUG io.netty.channel.MultithreadEventLoopGroup - -Dio.netty.eventLoopThreads: 24
11:14:25.939 [main] DEBUG io.netty.channel.nio.NioEventLoop - -Dio.netty.noKeySetOptimization: false
11:14:25.939 [main] DEBUG io.netty.channel.nio.NioEventLoop - -Dio.netty.selectorAutoRebuildThreshold: 512
11:14:26.080 [main] DEBUG io.netty.buffer.PooledByteBufAllocator - -Dio.netty.allocator.numHeapArenas: 24
11:14:26.081 [main] DEBUG io.netty.buffer.PooledByteBufAllocator - -Dio.netty.allocator.numDirectArenas: 24
11:14:26.081 [main] DEBUG io.netty.buffer.PooledByteBufAllocator - -Dio.netty.allocator.pageSize: 8192
11:14:26.081 [main] DEBUG io.netty.buffer.PooledByteBufAllocator - -Dio.netty.allocator.maxOrder: 9
11:14:26.081 [main] DEBUG io.netty.buffer.PooledByteBufAllocator - -Dio.netty.allocator.chunkSize: 4194304
11:14:26.082 [main] DEBUG io.netty.buffer.PooledByteBufAllocator - -Dio.netty.allocator.smallCacheSize: 256
11:14:26.082 [main] DEBUG io.netty.buffer.PooledByteBufAllocator - -Dio.netty.allocator.normalCacheSize: 64
11:14:26.082 [main] DEBUG io.netty.buffer.PooledByteBufAllocator - -Dio.netty.allocator.maxCachedBufferCapacity: 32768
11:14:26.082 [main] DEBUG io.netty.buffer.PooledByteBufAllocator - -Dio.netty.allocator.cacheTrimInterval: 8192
11:14:26.082 [main] DEBUG io.netty.buffer.PooledByteBufAllocator - -Dio.netty.allocator.cacheTrimIntervalMillis: 0
11:14:26.083 [main] DEBUG io.netty.buffer.PooledByteBufAllocator - -Dio.netty.allocator.useCacheForAllThreads: false
11:14:26.083 [main] DEBUG io.netty.buffer.PooledByteBufAllocator - -Dio.netty.allocator.maxCachedByteBuffersPerChunk: 1023
11:14:26.119 [main] DEBUG io.netty.buffer.ByteBufUtil - -Dio.netty.allocator.type: pooled
11:14:26.120 [main] DEBUG io.netty.buffer.ByteBufUtil - -Dio.netty.threadLocalDirectBufferSize: 0
11:14:26.120 [main] DEBUG io.netty.buffer.ByteBufUtil - -Dio.netty.maxThreadLocalCharBufferSize: 16384
11:14:27.237 [Forwarding newSession on session null to remote] DEBUG io.netty.channel.DefaultChannelId - -Dio.netty.processId: 15192 (auto-detected)
11:14:27.242 [Forwarding newSession on session null to remote] DEBUG io.netty.util.NetUtil - -Djava.net.preferIPv4Stack: false
11:14:27.243 [Forwarding newSession on session null to remote] DEBUG io.netty.util.NetUtil - -Djava.net.preferIPv6Addresses: false
11:14:27.273 [Forwarding newSession on session null to remote] DEBUG io.netty.util.NetUtilInitializations - Loopback interface: lo (Software Loopback Interface 1, 127.0.0.1)
11:14:27.274 [Forwarding newSession on session null to remote] DEBUG io.netty.util.NetUtil - Failed to get SOMAXCONN from sysctl and file \proc\sys\net\core\somaxconn. Default: 200
11:14:27.319 [Forwarding newSession on session null to remote] DEBUG io.netty.channel.DefaultChannelId - -Dio.netty.machineId: 7c:b2:7d:ff:fe:02:f3:d2 (auto-detected)
11:14:27.405 [AsyncHttpClient-1-2] DEBUG io.netty.buffer.AbstractByteBuf - -Dio.netty.buffer.checkAccessible: true
11:14:27.406 [AsyncHttpClient-1-2] DEBUG io.netty.buffer.AbstractByteBuf - -Dio.netty.buffer.checkBounds: true
11:14:27.406 [AsyncHttpClient-1-2] DEBUG io.netty.util.ResourceLeakDetectorFactory - Loaded default ResourceLeakDetector: io.netty.util.ResourceLeakDetector@3c4b528b
11:14:27.425 [AsyncHttpClient-1-2] DEBUG org.asynchttpclient.netty.channel.NettyConnectListener - Using new Channel '[id: 0x02c02815, L:/127.0.0.1:50334 - R:localhost/127.0.0.1:19142]' for 'POST' to '/session'
11:14:27.464 [AsyncHttpClient-1-2] DEBUG io.netty.util.Recycler - -Dio.netty.recycler.maxCapacityPerThread: 4096
11:14:27.464 [AsyncHttpClient-1-2] DEBUG io.netty.util.Recycler - -Dio.netty.recycler.ratio: 8
11:14:27.464 [AsyncHttpClient-1-2] DEBUG io.netty.util.Recycler - -Dio.netty.recycler.chunkSize: 32
11:14:27.464 [AsyncHttpClient-1-2] DEBUG io.netty.util.Recycler - -Dio.netty.recycler.blocking: false
11:14:28.385 [AsyncHttpClient-1-2] DEBUG io.netty.handler.codec.compression.Brotli - brotli4j not in the classpath; Brotli support will be unavailable.
11:14:28.385 [AsyncHttpClient-1-2] DEBUG org.asynchttpclient.netty.handler.HttpHandler - 

Request DefaultHttpRequest(decodeResult: success, version: HTTP/1.1)
POST /session HTTP/1.1
User-Agent: selenium/4.8.1 (java windows)
Content-Length: 507
Content-Type: application/json; charset=utf-8
host: localhost:19142
accept: */*

Response DefaultHttpResponse(decodeResult: success, version: HTTP/1.1)
HTTP/1.1 200 OK
Content-Length: 861
Content-Type: application/json; charset=utf-8
cache-control: no-cache

11:14:28.405 [AsyncHttpClient-1-2] DEBUG org.asynchttpclient.netty.channel.ChannelManager - Adding key: http://localhost:19142 for channel [id: 0x02c02815, L:/127.0.0.1:50334 - R:localhost/127.0.0.1:19142]
11:14:28.641 [AsyncHttpClient-1-3] DEBUG org.asynchttpclient.netty.channel.NettyConnectListener - Using new Channel '[id: 0x06ce228e, L:/127.0.0.1:50342 - R:localhost/127.0.0.1:50335]' for 'GET' to '/json/version'
11:14:28.650 [AsyncHttpClient-1-3] DEBUG org.asynchttpclient.netty.handler.HttpHandler - 

Request DefaultFullHttpRequest(decodeResult: success, version: HTTP/1.1, content: EmptyByteBufBE)
GET /json/version HTTP/1.1
User-Agent: selenium/4.8.1 (java windows)
host: localhost:50335
accept: */*

Response DefaultHttpResponse(decodeResult: success, version: HTTP/1.1)
HTTP/1.1 200 OK
Content-Security-Policy: frame-ancestors 'none'
Content-Length: 424
Content-Type: application/json; charset=UTF-8

11:14:28.652 [AsyncHttpClient-1-3] DEBUG org.asynchttpclient.netty.channel.ChannelManager - Adding key: http://localhost:50335 for channel [id: 0x06ce228e, L:/127.0.0.1:50342 - R:localhost/127.0.0.1:50335]
11:14:28.679 [main] DEBUG io.netty.util.internal.ThreadLocalRandom - -Dio.netty.initialSeedUniquifier: 0xaf8355af1c77c02a
11:14:28.688 [AsyncHttpClient-1-4] DEBUG org.asynchttpclient.netty.channel.NettyConnectListener - Using new Channel '[id: 0xabaf5adc, L:/127.0.0.1:50343 - R:localhost/127.0.0.1:50335]' for 'GET' to '/devtools/browser/ba9f7d48-028b-43bc-904f-a002bf1459f1'
11:14:28.700 [AsyncHttpClient-1-4] DEBUG org.asynchttpclient.netty.handler.WebSocketHandler - 

Request DefaultFullHttpRequest(decodeResult: success, version: HTTP/1.1, content: EmptyByteBufBE)
GET /devtools/browser/ba9f7d48-028b-43bc-904f-a002bf1459f1 HTTP/1.1
upgrade: websocket
connection: upgrade
sec-websocket-key: 4oKRue6psImNdDIkiO5+ig==
sec-websocket-version: 13
origin: http://localhost:50335
host: localhost:50335
accept: */*
user-agent: AHC/2.1

Response DefaultHttpResponse(decodeResult: success, version: HTTP/1.1)
HTTP/1.1 101 WebSocket Protocol Handshake
Upgrade: WebSocket
Connection: Upgrade
Sec-WebSocket-Accept: blI1Gz6JSj6DbZyLsPOMMIQmcrg=

11:14:29.029 [Forwarding get on session 33d259ce395fece4b52986130fc84b4f to remote] DEBUG org.asynchttpclient.netty.request.NettyRequestSender - Using pooled Channel '[id: 0x02c02815, L:/127.0.0.1:50334 - R:localhost/127.0.0.1:19142]' for 'POST' to 'http://localhost:19142/session/33d259ce395fece4b52986130fc84b4f/url'
11:14:29.030 [Forwarding get on session 33d259ce395fece4b52986130fc84b4f to remote] DEBUG org.asynchttpclient.netty.request.NettyRequestSender - Using open Channel [id: 0x02c02815, L:/127.0.0.1:50334 - R:localhost/127.0.0.1:19142] for POST '/session/33d259ce395fece4b52986130fc84b4f/url'
11:14:29.110 [AsyncHttpClient-1-1] DEBUG org.asynchttpclient.netty.channel.DefaultChannelPool - Entry count for : http://localhost:50335 : 1
11:14:30.202 [AsyncHttpClient-1-1] DEBUG org.asynchttpclient.netty.channel.DefaultChannelPool - Entry count for : http://localhost:50335 : 1
11:14:31.312 [AsyncHttpClient-1-1] DEBUG org.asynchttpclient.netty.channel.DefaultChannelPool - Entry count for : http://localhost:50335 : 1
11:14:32.404 [AsyncHttpClient-1-1] DEBUG org.asynchttpclient.netty.channel.DefaultChannelPool - Entry count for : http://localhost:50335 : 1
11:14:33.518 [AsyncHttpClient-1-1] DEBUG org.asynchttpclient.netty.channel.DefaultChannelPool - Entry count for : http://localhost:50335 : 1
11:14:34.604 [AsyncHttpClient-1-1] DEBUG org.asynchttpclient.netty.channel.DefaultChannelPool - Entry count for : http://localhost:50335 : 1
11:14:35.706 [AsyncHttpClient-1-1] DEBUG org.asynchttpclient.netty.channel.DefaultChannelPool - Entry count for : http://localhost:50335 : 1
11:14:36.810 [AsyncHttpClient-1-1] DEBUG org.asynchttpclient.netty.channel.DefaultChannelPool - Entry count for : http://localhost:50335 : 1
11:14:37.903 [AsyncHttpClient-1-1] DEBUG org.asynchttpclient.netty.channel.DefaultChannelPool - Entry count for : http://localhost:50335 : 1
11:14:39.006 [AsyncHttpClient-1-1] DEBUG org.asynchttpclient.netty.channel.DefaultChannelPool - Entry count for : http://localhost:50335 : 1
11:14:40.107 [AsyncHttpClient-1-1] DEBUG org.asynchttpclient.netty.channel.DefaultChannelPool - Entry count for : http://localhost:50335 : 1
11:14:41.203 [AsyncHttpClient-1-1] DEBUG org.asynchttpclient.netty.channel.DefaultChannelPool - Entry count for : http://localhost:50335 : 1
11:14:42.305 [AsyncHttpClient-1-1] DEBUG org.asynchttpclient.netty.channel.DefaultChannelPool - Entry count for : http://localhost:50335 : 1
11:14:43.405 [AsyncHttpClient-1-1] DEBUG org.asynchttpclient.netty.channel.DefaultChannelPool - Entry count for : http://localhost:50335 : 1
11:14:44.509 [AsyncHttpClient-1-1] DEBUG org.asynchttpclient.netty.channel.DefaultChannelPool - Entry count for : http://localhost:50335 : 1
11:14:45.074 [AsyncHttpClient-1-2] DEBUG org.asynchttpclient.netty.handler.HttpHandler - 

Request DefaultHttpRequest(decodeResult: success, version: HTTP/1.1)
POST /session/33d259ce395fece4b52986130fc84b4f/url HTTP/1.1
User-Agent: selenium/4.8.1 (java windows)
Content-Length: 54
Content-Type: application/json; charset=utf-8
host: localhost:19142
accept: */*

Response DefaultHttpResponse(decodeResult: success, version: HTTP/1.1)
HTTP/1.1 200 OK
Content-Length: 14
Content-Type: application/json; charset=utf-8
cache-control: no-cache

11:14:45.076 [AsyncHttpClient-1-2] DEBUG org.asynchttpclient.netty.channel.ChannelManager - Adding key: http://localhost:19142 for channel [id: 0x02c02815, L:/127.0.0.1:50334 - R:localhost/127.0.0.1:19142]
11:14:45.090 [Forwarding setTimeout on session 33d259ce395fece4b52986130fc84b4f to remote] DEBUG org.asynchttpclient.netty.request.NettyRequestSender - Using pooled Channel '[id: 0x02c02815, L:/127.0.0.1:50334 - R:localhost/127.0.0.1:19142]' for 'POST' to 'http://localhost:19142/session/33d259ce395fece4b52986130fc84b4f/timeouts'
11:14:45.090 [Forwarding setTimeout on session 33d259ce395fece4b52986130fc84b4f to remote] DEBUG org.asynchttpclient.netty.request.NettyRequestSender - Using open Channel [id: 0x02c02815, L:/127.0.0.1:50334 - R:localhost/127.0.0.1:19142] for POST '/session/33d259ce395fece4b52986130fc84b4f/timeouts'
11:14:45.095 [AsyncHttpClient-1-2] DEBUG org.asynchttpclient.netty.handler.HttpHandler - 

Request DefaultHttpRequest(decodeResult: success, version: HTTP/1.1)
POST /session/33d259ce395fece4b52986130fc84b4f/timeouts HTTP/1.1
User-Agent: selenium/4.8.1 (java windows)
Content-Length: 22
Content-Type: application/json; charset=utf-8
host: localhost:19142
accept: */*

Response DefaultHttpResponse(decodeResult: success, version: HTTP/1.1)
HTTP/1.1 200 OK
Content-Length: 14
Content-Type: application/json; charset=utf-8
cache-control: no-cache

11:14:45.097 [AsyncHttpClient-1-2] DEBUG org.asynchttpclient.netty.channel.ChannelManager - Adding key: http://localhost:19142 for channel [id: 0x02c02815, L:/127.0.0.1:50334 - R:localhost/127.0.0.1:19142]
11:14:45.196 [main] DEBUG net.serenitybdd.core.photography.Darkroom - Opening darkroom
11:14:45.200 [Darkroom Processing Line] DEBUG net.serenitybdd.core.photography.DarkroomProcessingLine - Darkroom processing line starting up
11:14:45.254 [Forwarding getAlertText on session 33d259ce395fece4b52986130fc84b4f to remote] DEBUG org.asynchttpclient.netty.request.NettyRequestSender - Using pooled Channel '[id: 0x02c02815, L:/127.0.0.1:50334 - R:localhost/127.0.0.1:19142]' for 'GET' to 'http://localhost:19142/session/33d259ce395fece4b52986130fc84b4f/alert/text'
11:14:45.254 [Forwarding getAlertText on session 33d259ce395fece4b52986130fc84b4f to remote] DEBUG org.asynchttpclient.netty.request.NettyRequestSender - Using open Channel [id: 0x02c02815, L:/127.0.0.1:50334 - R:localhost/127.0.0.1:19142] for GET '/session/33d259ce395fece4b52986130fc84b4f/alert/text'
11:14:45.261 [AsyncHttpClient-1-2] DEBUG org.asynchttpclient.netty.handler.HttpHandler - 

Request DefaultFullHttpRequest(decodeResult: success, version: HTTP/1.1, content: EmptyByteBufBE)
GET /session/33d259ce395fece4b52986130fc84b4f/alert/text HTTP/1.1
User-Agent: selenium/4.8.1 (java windows)
Cache-Control: no-cache
Content-Type: application/json; charset=utf-8
host: localhost:19142
accept: */*

Response DefaultHttpResponse(decodeResult: success, version: HTTP/1.1)
HTTP/1.1 404 Not Found
Content-Length: 836
Content-Type: application/json; charset=utf-8
cache-control: no-cache

11:14:45.262 [AsyncHttpClient-1-2] DEBUG org.asynchttpclient.netty.channel.ChannelManager - Adding key: http://localhost:19142 for channel [id: 0x02c02815, L:/127.0.0.1:50334 - R:localhost/127.0.0.1:19142]
11:14:45.286 [Forwarding getCurrentUrl on session 33d259ce395fece4b52986130fc84b4f to remote] DEBUG org.asynchttpclient.netty.request.NettyRequestSender - Using pooled Channel '[id: 0x02c02815, L:/127.0.0.1:50334 - R:localhost/127.0.0.1:19142]' for 'GET' to 'http://localhost:19142/session/33d259ce395fece4b52986130fc84b4f/url'
11:14:45.287 [Forwarding getCurrentUrl on session 33d259ce395fece4b52986130fc84b4f to remote] DEBUG org.asynchttpclient.netty.request.NettyRequestSender - Using open Channel [id: 0x02c02815, L:/127.0.0.1:50334 - R:localhost/127.0.0.1:19142] for GET '/session/33d259ce395fece4b52986130fc84b4f/url'
11:14:45.295 [AsyncHttpClient-1-2] DEBUG org.asynchttpclient.netty.handler.HttpHandler - 

Request DefaultFullHttpRequest(decodeResult: success, version: HTTP/1.1, content: EmptyByteBufBE)
GET /session/33d259ce395fece4b52986130fc84b4f/url HTTP/1.1
User-Agent: selenium/4.8.1 (java windows)
Cache-Control: no-cache
Content-Type: application/json; charset=utf-8
host: localhost:19142
accept: */*

Response DefaultHttpResponse(decodeResult: success, version: HTTP/1.1)
HTTP/1.1 200 OK
Content-Length: 36
Content-Type: application/json; charset=utf-8
cache-control: no-cache

11:14:45.295 [AsyncHttpClient-1-2] DEBUG org.asynchttpclient.netty.channel.ChannelManager - Adding key: http://localhost:19142 for channel [id: 0x02c02815, L:/127.0.0.1:50334 - R:localhost/127.0.0.1:19142]
11:14:45.302 [Forwarding screenshot on session 33d259ce395fece4b52986130fc84b4f to remote] DEBUG org.asynchttpclient.netty.request.NettyRequestSender - Using pooled Channel '[id: 0x02c02815, L:/127.0.0.1:50334 - R:localhost/127.0.0.1:19142]' for 'GET' to 'http://localhost:19142/session/33d259ce395fece4b52986130fc84b4f/screenshot'
11:14:45.302 [Forwarding screenshot on session 33d259ce395fece4b52986130fc84b4f to remote] DEBUG org.asynchttpclient.netty.request.NettyRequestSender - Using open Channel [id: 0x02c02815, L:/127.0.0.1:50334 - R:localhost/127.0.0.1:19142] for GET '/session/33d259ce395fece4b52986130fc84b4f/screenshot'
11:14:45.608 [AsyncHttpClient-1-1] DEBUG org.asynchttpclient.netty.channel.DefaultChannelPool - Entry count for : http://localhost:50335 : 1
11:14:45.633 [AsyncHttpClient-1-2] DEBUG org.asynchttpclient.netty.handler.HttpHandler - 

Request DefaultFullHttpRequest(decodeResult: success, version: HTTP/1.1, content: EmptyByteBufBE)
GET /session/33d259ce395fece4b52986130fc84b4f/screenshot HTTP/1.1
User-Agent: selenium/4.8.1 (java windows)
Cache-Control: no-cache
Content-Type: application/json; charset=utf-8
host: localhost:19142
accept: */*

Response DefaultHttpResponse(decodeResult: success, version: HTTP/1.1)
HTTP/1.1 200 OK
Content-Length: 501788
Content-Type: application/json; charset=utf-8
cache-control: no-cache

11:14:45.640 [AsyncHttpClient-1-2] DEBUG org.asynchttpclient.netty.channel.ChannelManager - Adding key: http://localhost:19142 for channel [id: 0x02c02815, L:/127.0.0.1:50334 - R:localhost/127.0.0.1:19142]
11:14:45.837 [main] DEBUG net.serenitybdd.core.photography.Darkroom - Send negative for processing for target\site\serenity\1c6ae259fef686064a35a4ff194bcdbab6fb0cd085221185a7c562b53d4d5a31.png
11:14:45.839 [Darkroom Processing Line] DEBUG net.serenitybdd.core.photography.DarkroomProcessingLine - Processing screenshot image in /var/screenshots/screenshot-2677546926676509242
11:14:45.840 [Darkroom Processing Line] DEBUG net.serenitybdd.core.photography.DarkroomProcessingLine - Saving screenshot to target\site\serenity\1c6ae259fef686064a35a4ff194bcdbab6fb0cd085221185a7c562b53d4d5a31.png
11:14:45.850 [main] DEBUG net.thucydides.core.steps.StepInterceptor - STEP DONE: openPage
11:14:45.928 [Forwarding getAlertText on session 33d259ce395fece4b52986130fc84b4f to remote] DEBUG org.asynchttpclient.netty.request.NettyRequestSender - Using pooled Channel '[id: 0x02c02815, L:/127.0.0.1:50334 - R:localhost/127.0.0.1:19142]' for 'GET' to 'http://localhost:19142/session/33d259ce395fece4b52986130fc84b4f/alert/text'
11:14:45.929 [Forwarding getAlertText on session 33d259ce395fece4b52986130fc84b4f to remote] DEBUG org.asynchttpclient.netty.request.NettyRequestSender - Using open Channel [id: 0x02c02815, L:/127.0.0.1:50334 - R:localhost/127.0.0.1:19142] for GET '/session/33d259ce395fece4b52986130fc84b4f/alert/text'
11:14:45.950 [AsyncHttpClient-1-2] DEBUG org.asynchttpclient.netty.handler.HttpHandler - 

Request DefaultFullHttpRequest(decodeResult: success, version: HTTP/1.1, content: EmptyByteBufBE)
GET /session/33d259ce395fece4b52986130fc84b4f/alert/text HTTP/1.1
User-Agent: selenium/4.8.1 (java windows)
Cache-Control: no-cache
Content-Type: application/json; charset=utf-8
host: localhost:19142
accept: */*

Response DefaultHttpResponse(decodeResult: success, version: HTTP/1.1)
HTTP/1.1 404 Not Found
Content-Length: 836
Content-Type: application/json; charset=utf-8
cache-control: no-cache

11:14:45.951 [AsyncHttpClient-1-2] DEBUG org.asynchttpclient.netty.channel.ChannelManager - Adding key: http://localhost:19142 for channel [id: 0x02c02815, L:/127.0.0.1:50334 - R:localhost/127.0.0.1:19142]
11:14:45.960 [Forwarding getCurrentUrl on session 33d259ce395fece4b52986130fc84b4f to remote] DEBUG org.asynchttpclient.netty.request.NettyRequestSender - Using pooled Channel '[id: 0x02c02815, L:/127.0.0.1:50334 - R:localhost/127.0.0.1:19142]' for 'GET' to 'http://localhost:19142/session/33d259ce395fece4b52986130fc84b4f/url'
11:14:45.960 [Forwarding getCurrentUrl on session 33d259ce395fece4b52986130fc84b4f to remote] DEBUG org.asynchttpclient.netty.request.NettyRequestSender - Using open Channel [id: 0x02c02815, L:/127.0.0.1:50334 - R:localhost/127.0.0.1:19142] for GET '/session/33d259ce395fece4b52986130fc84b4f/url'
11:14:45.978 [AsyncHttpClient-1-2] DEBUG org.asynchttpclient.netty.handler.HttpHandler - 

Request DefaultFullHttpRequest(decodeResult: success, version: HTTP/1.1, content: EmptyByteBufBE)
GET /session/33d259ce395fece4b52986130fc84b4f/url HTTP/1.1
User-Agent: selenium/4.8.1 (java windows)
Cache-Control: no-cache
Content-Type: application/json; charset=utf-8
host: localhost:19142
accept: */*

Response DefaultHttpResponse(decodeResult: success, version: HTTP/1.1)
HTTP/1.1 200 OK
Content-Length: 36
Content-Type: application/json; charset=utf-8
cache-control: no-cache

11:14:45.979 [AsyncHttpClient-1-2] DEBUG org.asynchttpclient.netty.channel.ChannelManager - Adding key: http://localhost:19142 for channel [id: 0x02c02815, L:/127.0.0.1:50334 - R:localhost/127.0.0.1:19142]
11:14:45.984 [Forwarding screenshot on session 33d259ce395fece4b52986130fc84b4f to remote] DEBUG org.asynchttpclient.netty.request.NettyRequestSender - Using pooled Channel '[id: 0x02c02815, L:/127.0.0.1:50334 - R:localhost/127.0.0.1:19142]' for 'GET' to 'http://localhost:19142/session/33d259ce395fece4b52986130fc84b4f/screenshot'
11:14:45.984 [Forwarding screenshot on session 33d259ce395fece4b52986130fc84b4f to remote] DEBUG org.asynchttpclient.netty.request.NettyRequestSender - Using open Channel [id: 0x02c02815, L:/127.0.0.1:50334 - R:localhost/127.0.0.1:19142] for GET '/session/33d259ce395fece4b52986130fc84b4f/screenshot'
11:14:46.302 [AsyncHttpClient-1-2] DEBUG org.asynchttpclient.netty.handler.HttpHandler - 

Request DefaultFullHttpRequest(decodeResult: success, version: HTTP/1.1, content: EmptyByteBufBE)
GET /session/33d259ce395fece4b52986130fc84b4f/screenshot HTTP/1.1
User-Agent: selenium/4.8.1 (java windows)
Cache-Control: no-cache
Content-Type: application/json; charset=utf-8
host: localhost:19142
accept: */*

Response DefaultHttpResponse(decodeResult: success, version: HTTP/1.1)
HTTP/1.1 200 OK
Content-Length: 501788
Content-Type: application/json; charset=utf-8
cache-control: no-cache

11:14:46.311 [AsyncHttpClient-1-2] DEBUG org.asynchttpclient.netty.channel.ChannelManager - Adding key: http://localhost:19142 for channel [id: 0x02c02815, L:/127.0.0.1:50334 - R:localhost/127.0.0.1:19142]
11:14:46.352 [main] DEBUG net.serenitybdd.core.photography.Darkroom - Send negative for processing for target\site\serenity\1c6ae259fef686064a35a4ff194bcdbab6fb0cd085221185a7c562b53d4d5a31.png
11:14:46.357 [Forwarding getPageSource on session 33d259ce395fece4b52986130fc84b4f to remote] DEBUG org.asynchttpclient.netty.request.NettyRequestSender - Using pooled Channel '[id: 0x02c02815, L:/127.0.0.1:50334 - R:localhost/127.0.0.1:19142]' for 'POST' to 'http://localhost:19142/session/33d259ce395fece4b52986130fc84b4f/execute/sync'
11:14:46.357 [Forwarding getPageSource on session 33d259ce395fece4b52986130fc84b4f to remote] DEBUG org.asynchttpclient.netty.request.NettyRequestSender - Using open Channel [id: 0x02c02815, L:/127.0.0.1:50334 - R:localhost/127.0.0.1:19142] for POST '/session/33d259ce395fece4b52986130fc84b4f/execute/sync'
11:14:46.394 [AsyncHttpClient-1-2] DEBUG org.asynchttpclient.netty.handler.HttpHandler - 

Request DefaultHttpRequest(decodeResult: success, version: HTTP/1.1)
POST /session/33d259ce395fece4b52986130fc84b4f/execute/sync HTTP/1.1
User-Agent: selenium/4.8.1 (java windows)
Content-Length: 176
Content-Type: application/json; charset=utf-8
host: localhost:19142
accept: */*

Response DefaultHttpResponse(decodeResult: success, version: HTTP/1.1)
HTTP/1.1 200 OK
Content-Length: 174757
Content-Type: application/json; charset=utf-8
cache-control: no-cache

11:14:46.397 [AsyncHttpClient-1-2] DEBUG org.asynchttpclient.netty.channel.ChannelManager - Adding key: http://localhost:19142 for channel [id: 0x02c02815, L:/127.0.0.1:50334 - R:localhost/127.0.0.1:19142]
11:14:46.706 [AsyncHttpClient-1-1] DEBUG org.asynchttpclient.netty.channel.DefaultChannelPool - Entry count for : http://localhost:50335 : 1
11:14:46.706 [AsyncHttpClient-1-1] DEBUG org.asynchttpclient.netty.channel.DefaultChannelPool - Entry count for : http://localhost:19142 : 1
11:14:46.709 [Forwarding getCurrentUrl on session 33d259ce395fece4b52986130fc84b4f to remote] DEBUG org.asynchttpclient.netty.request.NettyRequestSender - Using pooled Channel '[id: 0x02c02815, L:/127.0.0.1:50334 - R:localhost/127.0.0.1:19142]' for 'GET' to 'http://localhost:19142/session/33d259ce395fece4b52986130fc84b4f/url'
11:14:46.710 [Forwarding getCurrentUrl on session 33d259ce395fece4b52986130fc84b4f to remote] DEBUG org.asynchttpclient.netty.request.NettyRequestSender - Using open Channel [id: 0x02c02815, L:/127.0.0.1:50334 - R:localhost/127.0.0.1:19142] for GET '/session/33d259ce395fece4b52986130fc84b4f/url'
11:14:46.717 [AsyncHttpClient-1-2] DEBUG org.asynchttpclient.netty.handler.HttpHandler - 

Request DefaultFullHttpRequest(decodeResult: success, version: HTTP/1.1, content: EmptyByteBufBE)
GET /session/33d259ce395fece4b52986130fc84b4f/url HTTP/1.1
User-Agent: selenium/4.8.1 (java windows)
Cache-Control: no-cache
Content-Type: application/json; charset=utf-8
host: localhost:19142
accept: */*

Response DefaultHttpResponse(decodeResult: success, version: HTTP/1.1)
HTTP/1.1 200 OK
Content-Length: 36
Content-Type: application/json; charset=utf-8
cache-control: no-cache

11:14:46.718 [AsyncHttpClient-1-2] DEBUG org.asynchttpclient.netty.channel.ChannelManager - Adding key: http://localhost:19142 for channel [id: 0x02c02815, L:/127.0.0.1:50334 - R:localhost/127.0.0.1:19142]
11:14:46.727 [main] DEBUG net.thucydides.core.steps.StepInterceptor - STARTING STEP: LoginSteps.onTheLoginPage - validateOnLoginPage
11:14:46.760 [Forwarding findElement on session 33d259ce395fece4b52986130fc84b4f to remote] DEBUG org.asynchttpclient.netty.request.NettyRequestSender - Using pooled Channel '[id: 0x02c02815, L:/127.0.0.1:50334 - R:localhost/127.0.0.1:19142]' for 'POST' to 'http://localhost:19142/session/33d259ce395fece4b52986130fc84b4f/element'
11:14:46.761 [Forwarding findElement on session 33d259ce395fece4b52986130fc84b4f to remote] DEBUG org.asynchttpclient.netty.request.NettyRequestSender - Using open Channel [id: 0x02c02815, L:/127.0.0.1:50334 - R:localhost/127.0.0.1:19142] for POST '/session/33d259ce395fece4b52986130fc84b4f/element'
11:14:46.787 [AsyncHttpClient-1-2] DEBUG org.asynchttpclient.netty.handler.HttpHandler - 

Request DefaultHttpRequest(decodeResult: success, version: HTTP/1.1)
POST /session/33d259ce395fece4b52986130fc84b4f/element HTTP/1.1
User-Agent: selenium/4.8.1 (java windows)
Content-Length: 62
Content-Type: application/json; charset=utf-8
host: localhost:19142
accept: */*

Response DefaultHttpResponse(decodeResult: success, version: HTTP/1.1)
HTTP/1.1 200 OK
Content-Length: 88
Content-Type: application/json; charset=utf-8
cache-control: no-cache

11:14:46.787 [AsyncHttpClient-1-2] DEBUG org.asynchttpclient.netty.channel.ChannelManager - Adding key: http://localhost:19142 for channel [id: 0x02c02815, L:/127.0.0.1:50334 - R:localhost/127.0.0.1:19142]
11:14:46.812 [Forwarding isElementDisplayed on session 33d259ce395fece4b52986130fc84b4f to remote] DEBUG org.asynchttpclient.netty.request.NettyRequestSender - Using pooled Channel '[id: 0x02c02815, L:/127.0.0.1:50334 - R:localhost/127.0.0.1:19142]' for 'POST' to 'http://localhost:19142/session/33d259ce395fece4b52986130fc84b4f/execute/sync'
11:14:46.813 [Forwarding isElementDisplayed on session 33d259ce395fece4b52986130fc84b4f to remote] DEBUG org.asynchttpclient.netty.request.NettyRequestSender - Using open Channel [id: 0x02c02815, L:/127.0.0.1:50334 - R:localhost/127.0.0.1:19142] for POST '/session/33d259ce395fece4b52986130fc84b4f/execute/sync'
11:14:46.845 [AsyncHttpClient-1-2] DEBUG org.asynchttpclient.netty.handler.HttpHandler - 

Request DefaultHttpRequest(decodeResult: success, version: HTTP/1.1)
POST /session/33d259ce395fece4b52986130fc84b4f/execute/sync HTTP/1.1
User-Agent: selenium/4.8.1 (java windows)
Content-Length: 48807
Content-Type: application/json; charset=utf-8
host: localhost:19142
accept: */*

Response DefaultHttpResponse(decodeResult: success, version: HTTP/1.1)
HTTP/1.1 200 OK
Content-Length: 14
Content-Type: application/json; charset=utf-8
cache-control: no-cache

11:14:46.845 [AsyncHttpClient-1-2] DEBUG org.asynchttpclient.netty.channel.ChannelManager - Adding key: http://localhost:19142 for channel [id: 0x02c02815, L:/127.0.0.1:50334 - R:localhost/127.0.0.1:19142]
11:14:46.861 [Forwarding getAlertText on session 33d259ce395fece4b52986130fc84b4f to remote] DEBUG org.asynchttpclient.netty.request.NettyRequestSender - Using pooled Channel '[id: 0x02c02815, L:/127.0.0.1:50334 - R:localhost/127.0.0.1:19142]' for 'GET' to 'http://localhost:19142/session/33d259ce395fece4b52986130fc84b4f/alert/text'
11:14:46.861 [Forwarding getAlertText on session 33d259ce395fece4b52986130fc84b4f to remote] DEBUG org.asynchttpclient.netty.request.NettyRequestSender - Using open Channel [id: 0x02c02815, L:/127.0.0.1:50334 - R:localhost/127.0.0.1:19142] for GET '/session/33d259ce395fece4b52986130fc84b4f/alert/text'
11:14:46.865 [AsyncHttpClient-1-2] DEBUG org.asynchttpclient.netty.handler.HttpHandler - 

Request DefaultFullHttpRequest(decodeResult: success, version: HTTP/1.1, content: EmptyByteBufBE)
GET /session/33d259ce395fece4b52986130fc84b4f/alert/text HTTP/1.1
User-Agent: selenium/4.8.1 (java windows)
Cache-Control: no-cache
Content-Type: application/json; charset=utf-8
host: localhost:19142
accept: */*

Response DefaultHttpResponse(decodeResult: success, version: HTTP/1.1)
HTTP/1.1 404 Not Found
Content-Length: 836
Content-Type: application/json; charset=utf-8
cache-control: no-cache

11:14:46.865 [AsyncHttpClient-1-2] DEBUG org.asynchttpclient.netty.channel.ChannelManager - Adding key: http://localhost:19142 for channel [id: 0x02c02815, L:/127.0.0.1:50334 - R:localhost/127.0.0.1:19142]
11:14:46.869 [Forwarding getCurrentUrl on session 33d259ce395fece4b52986130fc84b4f to remote] DEBUG org.asynchttpclient.netty.request.NettyRequestSender - Using pooled Channel '[id: 0x02c02815, L:/127.0.0.1:50334 - R:localhost/127.0.0.1:19142]' for 'GET' to 'http://localhost:19142/session/33d259ce395fece4b52986130fc84b4f/url'
11:14:46.870 [Forwarding getCurrentUrl on session 33d259ce395fece4b52986130fc84b4f to remote] DEBUG org.asynchttpclient.netty.request.NettyRequestSender - Using open Channel [id: 0x02c02815, L:/127.0.0.1:50334 - R:localhost/127.0.0.1:19142] for GET '/session/33d259ce395fece4b52986130fc84b4f/url'
11:14:46.878 [AsyncHttpClient-1-2] DEBUG org.asynchttpclient.netty.handler.HttpHandler - 

Request DefaultFullHttpRequest(decodeResult: success, version: HTTP/1.1, content: EmptyByteBufBE)
GET /session/33d259ce395fece4b52986130fc84b4f/url HTTP/1.1
User-Agent: selenium/4.8.1 (java windows)
Cache-Control: no-cache
Content-Type: application/json; charset=utf-8
host: localhost:19142
accept: */*

Response DefaultHttpResponse(decodeResult: success, version: HTTP/1.1)
HTTP/1.1 200 OK
Content-Length: 36
Content-Type: application/json; charset=utf-8
cache-control: no-cache

11:14:46.878 [AsyncHttpClient-1-2] DEBUG org.asynchttpclient.netty.channel.ChannelManager - Adding key: http://localhost:19142 for channel [id: 0x02c02815, L:/127.0.0.1:50334 - R:localhost/127.0.0.1:19142]
11:14:46.881 [Forwarding screenshot on session 33d259ce395fece4b52986130fc84b4f to remote] DEBUG org.asynchttpclient.netty.request.NettyRequestSender - Using pooled Channel '[id: 0x02c02815, L:/127.0.0.1:50334 - R:localhost/127.0.0.1:19142]' for 'GET' to 'http://localhost:19142/session/33d259ce395fece4b52986130fc84b4f/screenshot'
11:14:46.881 [Forwarding screenshot on session 33d259ce395fece4b52986130fc84b4f to remote] DEBUG org.asynchttpclient.netty.request.NettyRequestSender - Using open Channel [id: 0x02c02815, L:/127.0.0.1:50334 - R:localhost/127.0.0.1:19142] for GET '/session/33d259ce395fece4b52986130fc84b4f/screenshot'
11:14:47.234 [AsyncHttpClient-1-2] DEBUG org.asynchttpclient.netty.handler.HttpHandler - 

Request DefaultFullHttpRequest(decodeResult: success, version: HTTP/1.1, content: EmptyByteBufBE)
GET /session/33d259ce395fece4b52986130fc84b4f/screenshot HTTP/1.1
User-Agent: selenium/4.8.1 (java windows)
Cache-Control: no-cache
Content-Type: application/json; charset=utf-8
host: localhost:19142
accept: */*

Response DefaultHttpResponse(decodeResult: success, version: HTTP/1.1)
HTTP/1.1 200 OK
Content-Length: 479228
Content-Type: application/json; charset=utf-8
cache-control: no-cache

11:14:47.240 [AsyncHttpClient-1-2] DEBUG org.asynchttpclient.netty.channel.ChannelManager - Adding key: http://localhost:19142 for channel [id: 0x02c02815, L:/127.0.0.1:50334 - R:localhost/127.0.0.1:19142]
11:14:47.327 [main] DEBUG net.serenitybdd.core.photography.Darkroom - Send negative for processing for target\site\serenity\60eb2dbf26adec6ce8129fa55377f09645a6ff24199e3c8d6455c87b32584786.png
11:14:47.328 [Darkroom Processing Line] DEBUG net.serenitybdd.core.photography.DarkroomProcessingLine - Processing screenshot image in /var/screenshots/screenshot-14127757487671233694
11:14:47.328 [Darkroom Processing Line] DEBUG net.serenitybdd.core.photography.DarkroomProcessingLine - Saving screenshot to target\site\serenity\60eb2dbf26adec6ce8129fa55377f09645a6ff24199e3c8d6455c87b32584786.png
11:14:47.329 [main] DEBUG net.thucydides.core.steps.StepInterceptor - STEP DONE: validateOnLoginPage
  &amp#27;[32mGiven &amp#27;[0m&amp#27;[32mI am on the Sepulsa login page&amp#27;[0m                        &amp#27;[90m# starter.stepdefintions.LoginSteps.onTheLoginPage()&amp#27;[0m
11:14:47.399 [Forwarding getAlertText on session 33d259ce395fece4b52986130fc84b4f to remote] DEBUG org.asynchttpclient.netty.request.NettyRequestSender - Using pooled Channel '[id: 0x02c02815, L:/127.0.0.1:50334 - R:localhost/127.0.0.1:19142]' for 'GET' to 'http://localhost:19142/session/33d259ce395fece4b52986130fc84b4f/alert/text'
11:14:47.399 [Forwarding getAlertText on session 33d259ce395fece4b52986130fc84b4f to remote] DEBUG org.asynchttpclient.netty.request.NettyRequestSender - Using open Channel [id: 0x02c02815, L:/127.0.0.1:50334 - R:localhost/127.0.0.1:19142] for GET '/session/33d259ce395fece4b52986130fc84b4f/alert/text'
11:14:47.405 [AsyncHttpClient-1-2] DEBUG org.asynchttpclient.netty.handler.HttpHandler - 

Request DefaultFullHttpRequest(decodeResult: success, version: HTTP/1.1, content: EmptyByteBufBE)
GET /session/33d259ce395fece4b52986130fc84b4f/alert/text HTTP/1.1
User-Agent: selenium/4.8.1 (java windows)
Cache-Control: no-cache
Content-Type: application/json; charset=utf-8
host: localhost:19142
accept: */*

Response DefaultHttpResponse(decodeResult: success, version: HTTP/1.1)
HTTP/1.1 404 Not Found
Content-Length: 836
Content-Type: application/json; charset=utf-8
cache-control: no-cache

11:14:47.406 [AsyncHttpClient-1-2] DEBUG org.asynchttpclient.netty.channel.ChannelManager - Adding key: http://localhost:19142 for channel [id: 0x02c02815, L:/127.0.0.1:50334 - R:localhost/127.0.0.1:19142]
11:14:47.413 [Forwarding getCurrentUrl on session 33d259ce395fece4b52986130fc84b4f to remote] DEBUG org.asynchttpclient.netty.request.NettyRequestSender - Using pooled Channel '[id: 0x02c02815, L:/127.0.0.1:50334 - R:localhost/127.0.0.1:19142]' for 'GET' to 'http://localhost:19142/session/33d259ce395fece4b52986130fc84b4f/url'
11:14:47.414 [Forwarding getCurrentUrl on session 33d259ce395fece4b52986130fc84b4f to remote] DEBUG org.asynchttpclient.netty.request.NettyRequestSender - Using open Channel [id: 0x02c02815, L:/127.0.0.1:50334 - R:localhost/127.0.0.1:19142] for GET '/session/33d259ce395fece4b52986130fc84b4f/url'
11:14:47.427 [AsyncHttpClient-1-2] DEBUG org.asynchttpclient.netty.handler.HttpHandler - 

Request DefaultFullHttpRequest(decodeResult: success, version: HTTP/1.1, content: EmptyByteBufBE)
GET /session/33d259ce395fece4b52986130fc84b4f/url HTTP/1.1
User-Agent: selenium/4.8.1 (java windows)
Cache-Control: no-cache
Content-Type: application/json; charset=utf-8
host: localhost:19142
accept: */*

Response DefaultHttpResponse(decodeResult: success, version: HTTP/1.1)
HTTP/1.1 200 OK
Content-Length: 36
Content-Type: application/json; charset=utf-8
cache-control: no-cache

11:14:47.427 [AsyncHttpClient-1-2] DEBUG org.asynchttpclient.netty.channel.ChannelManager - Adding key: http://localhost:19142 for channel [id: 0x02c02815, L:/127.0.0.1:50334 - R:localhost/127.0.0.1:19142]
11:14:47.433 [Forwarding screenshot on session 33d259ce395fece4b52986130fc84b4f to remote] DEBUG org.asynchttpclient.netty.request.NettyRequestSender - Using pooled Channel '[id: 0x02c02815, L:/127.0.0.1:50334 - R:localhost/127.0.0.1:19142]' for 'GET' to 'http://localhost:19142/session/33d259ce395fece4b52986130fc84b4f/screenshot'
11:14:47.433 [Forwarding screenshot on session 33d259ce395fece4b52986130fc84b4f to remote] DEBUG org.asynchttpclient.netty.request.NettyRequestSender - Using open Channel [id: 0x02c02815, L:/127.0.0.1:50334 - R:localhost/127.0.0.1:19142] for GET '/session/33d259ce395fece4b52986130fc84b4f/screenshot'
11:14:47.691 [AsyncHttpClient-1-2] DEBUG org.asynchttpclient.netty.handler.HttpHandler - 

Request DefaultFullHttpRequest(decodeResult: success, version: HTTP/1.1, content: EmptyByteBufBE)
GET /session/33d259ce395fece4b52986130fc84b4f/screenshot HTTP/1.1
User-Agent: selenium/4.8.1 (java windows)
Cache-Control: no-cache
Content-Type: application/json; charset=utf-8
host: localhost:19142
accept: */*

Response DefaultHttpResponse(decodeResult: success, version: HTTP/1.1)
HTTP/1.1 200 OK
Content-Length: 479228
Content-Type: application/json; charset=utf-8
cache-control: no-cache

11:14:47.697 [AsyncHttpClient-1-2] DEBUG org.asynchttpclient.netty.channel.ChannelManager - Adding key: http://localhost:19142 for channel [id: 0x02c02815, L:/127.0.0.1:50334 - R:localhost/127.0.0.1:19142]
11:14:47.727 [main] DEBUG net.serenitybdd.core.photography.Darkroom - Send negative for processing for target\site\serenity\60eb2dbf26adec6ce8129fa55377f09645a6ff24199e3c8d6455c87b32584786.png
11:14:47.731 [Forwarding getPageSource on session 33d259ce395fece4b52986130fc84b4f to remote] DEBUG org.asynchttpclient.netty.request.NettyRequestSender - Using pooled Channel '[id: 0x02c02815, L:/127.0.0.1:50334 - R:localhost/127.0.0.1:19142]' for 'POST' to 'http://localhost:19142/session/33d259ce395fece4b52986130fc84b4f/execute/sync'
11:14:47.731 [Forwarding getPageSource on session 33d259ce395fece4b52986130fc84b4f to remote] DEBUG org.asynchttpclient.netty.request.NettyRequestSender - Using open Channel [id: 0x02c02815, L:/127.0.0.1:50334 - R:localhost/127.0.0.1:19142] for POST '/session/33d259ce395fece4b52986130fc84b4f/execute/sync'
11:14:47.768 [AsyncHttpClient-1-2] DEBUG org.asynchttpclient.netty.handler.HttpHandler - 

Request DefaultHttpRequest(decodeResult: success, version: HTTP/1.1)
POST /session/33d259ce395fece4b52986130fc84b4f/execute/sync HTTP/1.1
User-Agent: selenium/4.8.1 (java windows)
Content-Length: 176
Content-Type: application/json; charset=utf-8
host: localhost:19142
accept: */*

Response DefaultHttpResponse(decodeResult: success, version: HTTP/1.1)
HTTP/1.1 200 OK
Content-Length: 174763
Content-Type: application/json; charset=utf-8
cache-control: no-cache

11:14:47.771 [AsyncHttpClient-1-2] DEBUG org.asynchttpclient.netty.channel.ChannelManager - Adding key: http://localhost:19142 for channel [id: 0x02c02815, L:/127.0.0.1:50334 - R:localhost/127.0.0.1:19142]
11:14:47.804 [AsyncHttpClient-1-1] DEBUG org.asynchttpclient.netty.channel.DefaultChannelPool - Entry count for : http://localhost:50335 : 1
11:14:47.804 [AsyncHttpClient-1-1] DEBUG org.asynchttpclient.netty.channel.DefaultChannelPool - Entry count for : http://localhost:19142 : 1
11:14:47.853 [Forwarding getCurrentUrl on session 33d259ce395fece4b52986130fc84b4f to remote] DEBUG org.asynchttpclient.netty.request.NettyRequestSender - Using pooled Channel '[id: 0x02c02815, L:/127.0.0.1:50334 - R:localhost/127.0.0.1:19142]' for 'GET' to 'http://localhost:19142/session/33d259ce395fece4b52986130fc84b4f/url'
11:14:47.854 [Forwarding getCurrentUrl on session 33d259ce395fece4b52986130fc84b4f to remote] DEBUG org.asynchttpclient.netty.request.NettyRequestSender - Using open Channel [id: 0x02c02815, L:/127.0.0.1:50334 - R:localhost/127.0.0.1:19142] for GET '/session/33d259ce395fece4b52986130fc84b4f/url'
11:14:47.861 [AsyncHttpClient-1-2] DEBUG org.asynchttpclient.netty.handler.HttpHandler - 

Request DefaultFullHttpRequest(decodeResult: success, version: HTTP/1.1, content: EmptyByteBufBE)
GET /session/33d259ce395fece4b52986130fc84b4f/url HTTP/1.1
User-Agent: selenium/4.8.1 (java windows)
Cache-Control: no-cache
Content-Type: application/json; charset=utf-8
host: localhost:19142
accept: */*

Response DefaultHttpResponse(decodeResult: success, version: HTTP/1.1)
HTTP/1.1 200 OK
Content-Length: 36
Content-Type: application/json; charset=utf-8
cache-control: no-cache

11:14:47.862 [AsyncHttpClient-1-2] DEBUG org.asynchttpclient.netty.channel.ChannelManager - Adding key: http://localhost:19142 for channel [id: 0x02c02815, L:/127.0.0.1:50334 - R:localhost/127.0.0.1:19142]
11:14:47.892 [Forwarding getAlertText on session 33d259ce395fece4b52986130fc84b4f to remote] DEBUG org.asynchttpclient.netty.request.NettyRequestSender - Using pooled Channel '[id: 0x02c02815, L:/127.0.0.1:50334 - R:localhost/127.0.0.1:19142]' for 'GET' to 'http://localhost:19142/session/33d259ce395fece4b52986130fc84b4f/alert/text'
11:14:47.892 [Forwarding getAlertText on session 33d259ce395fece4b52986130fc84b4f to remote] DEBUG org.asynchttpclient.netty.request.NettyRequestSender - Using open Channel [id: 0x02c02815, L:/127.0.0.1:50334 - R:localhost/127.0.0.1:19142] for GET '/session/33d259ce395fece4b52986130fc84b4f/alert/text'
11:14:47.896 [AsyncHttpClient-1-2] DEBUG org.asynchttpclient.netty.handler.HttpHandler - 

Request DefaultFullHttpRequest(decodeResult: success, version: HTTP/1.1, content: EmptyByteBufBE)
GET /session/33d259ce395fece4b52986130fc84b4f/alert/text HTTP/1.1
User-Agent: selenium/4.8.1 (java windows)
Cache-Control: no-cache
Content-Type: application/json; charset=utf-8
host: localhost:19142
accept: */*

Response DefaultHttpResponse(decodeResult: success, version: HTTP/1.1)
HTTP/1.1 404 Not Found
Content-Length: 836
Content-Type: application/json; charset=utf-8
cache-control: no-cache

11:14:47.897 [AsyncHttpClient-1-2] DEBUG org.asynchttpclient.netty.channel.ChannelManager - Adding key: http://localhost:19142 for channel [id: 0x02c02815, L:/127.0.0.1:50334 - R:localhost/127.0.0.1:19142]
11:14:47.900 [Forwarding getCurrentUrl on session 33d259ce395fece4b52986130fc84b4f to remote] DEBUG org.asynchttpclient.netty.request.NettyRequestSender - Using pooled Channel '[id: 0x02c02815, L:/127.0.0.1:50334 - R:localhost/127.0.0.1:19142]' for 'GET' to 'http://localhost:19142/session/33d259ce395fece4b52986130fc84b4f/url'
11:14:47.900 [Forwarding getCurrentUrl on session 33d259ce395fece4b52986130fc84b4f to remote] DEBUG org.asynchttpclient.netty.request.NettyRequestSender - Using open Channel [id: 0x02c02815, L:/127.0.0.1:50334 - R:localhost/127.0.0.1:19142] for GET '/session/33d259ce395fece4b52986130fc84b4f/url'
11:14:47.907 [AsyncHttpClient-1-2] DEBUG org.asynchttpclient.netty.handler.HttpHandler - 

Request DefaultFullHttpRequest(decodeResult: success, version: HTTP/1.1, content: EmptyByteBufBE)
GET /session/33d259ce395fece4b52986130fc84b4f/url HTTP/1.1
User-Agent: selenium/4.8.1 (java windows)
Cache-Control: no-cache
Content-Type: application/json; charset=utf-8
host: localhost:19142
accept: */*

Response DefaultHttpResponse(decodeResult: success, version: HTTP/1.1)
HTTP/1.1 200 OK
Content-Length: 36
Content-Type: application/json; charset=utf-8
cache-control: no-cache

11:14:47.907 [AsyncHttpClient-1-2] DEBUG org.asynchttpclient.netty.channel.ChannelManager - Adding key: http://localhost:19142 for channel [id: 0x02c02815, L:/127.0.0.1:50334 - R:localhost/127.0.0.1:19142]
11:14:47.910 [Forwarding screenshot on session 33d259ce395fece4b52986130fc84b4f to remote] DEBUG org.asynchttpclient.netty.request.NettyRequestSender - Using pooled Channel '[id: 0x02c02815, L:/127.0.0.1:50334 - R:localhost/127.0.0.1:19142]' for 'GET' to 'http://localhost:19142/session/33d259ce395fece4b52986130fc84b4f/screenshot'
11:14:47.910 [Forwarding screenshot on session 33d259ce395fece4b52986130fc84b4f to remote] DEBUG org.asynchttpclient.netty.request.NettyRequestSender - Using open Channel [id: 0x02c02815, L:/127.0.0.1:50334 - R:localhost/127.0.0.1:19142] for GET '/session/33d259ce395fece4b52986130fc84b4f/screenshot'
11:14:48.163 [AsyncHttpClient-1-2] DEBUG org.asynchttpclient.netty.handler.HttpHandler - 

Request DefaultFullHttpRequest(decodeResult: success, version: HTTP/1.1, content: EmptyByteBufBE)
GET /session/33d259ce395fece4b52986130fc84b4f/screenshot HTTP/1.1
User-Agent: selenium/4.8.1 (java windows)
Cache-Control: no-cache
Content-Type: application/json; charset=utf-8
host: localhost:19142
accept: */*

Response DefaultHttpResponse(decodeResult: success, version: HTTP/1.1)
HTTP/1.1 200 OK
Content-Length: 479228
Content-Type: application/json; charset=utf-8
cache-control: no-cache

11:14:48.169 [AsyncHttpClient-1-2] DEBUG org.asynchttpclient.netty.channel.ChannelManager - Adding key: http://localhost:19142 for channel [id: 0x02c02815, L:/127.0.0.1:50334 - R:localhost/127.0.0.1:19142]
11:14:48.218 [main] DEBUG net.serenitybdd.core.photography.Darkroom - Send negative for processing for target\site\serenity\60eb2dbf26adec6ce8129fa55377f09645a6ff24199e3c8d6455c87b32584786.png
11:14:48.222 [Forwarding getPageSource on session 33d259ce395fece4b52986130fc84b4f to remote] DEBUG org.asynchttpclient.netty.request.NettyRequestSender - Using pooled Channel '[id: 0x02c02815, L:/127.0.0.1:50334 - R:localhost/127.0.0.1:19142]' for 'POST' to 'http://localhost:19142/session/33d259ce395fece4b52986130fc84b4f/execute/sync'
11:14:48.222 [Forwarding getPageSource on session 33d259ce395fece4b52986130fc84b4f to remote] DEBUG org.asynchttpclient.netty.request.NettyRequestSender - Using open Channel [id: 0x02c02815, L:/127.0.0.1:50334 - R:localhost/127.0.0.1:19142] for POST '/session/33d259ce395fece4b52986130fc84b4f/execute/sync'
11:14:48.261 [AsyncHttpClient-1-2] DEBUG org.asynchttpclient.netty.handler.HttpHandler - 

Request DefaultHttpRequest(decodeResult: success, version: HTTP/1.1)
POST /session/33d259ce395fece4b52986130fc84b4f/execute/sync HTTP/1.1
User-Agent: selenium/4.8.1 (java windows)
Content-Length: 176
Content-Type: application/json; charset=utf-8
host: localhost:19142
accept: */*

Response DefaultHttpResponse(decodeResult: success, version: HTTP/1.1)
HTTP/1.1 200 OK
Content-Length: 174763
Content-Type: application/json; charset=utf-8
cache-control: no-cache

11:14:48.263 [AsyncHttpClient-1-2] DEBUG org.asynchttpclient.netty.channel.ChannelManager - Adding key: http://localhost:19142 for channel [id: 0x02c02815, L:/127.0.0.1:50334 - R:localhost/127.0.0.1:19142]
11:14:48.331 [Forwarding getCurrentUrl on session 33d259ce395fece4b52986130fc84b4f to remote] DEBUG org.asynchttpclient.netty.request.NettyRequestSender - Using pooled Channel '[id: 0x02c02815, L:/127.0.0.1:50334 - R:localhost/127.0.0.1:19142]' for 'GET' to 'http://localhost:19142/session/33d259ce395fece4b52986130fc84b4f/url'
11:14:48.331 [Forwarding getCurrentUrl on session 33d259ce395fece4b52986130fc84b4f to remote] DEBUG org.asynchttpclient.netty.request.NettyRequestSender - Using open Channel [id: 0x02c02815, L:/127.0.0.1:50334 - R:localhost/127.0.0.1:19142] for GET '/session/33d259ce395fece4b52986130fc84b4f/url'
11:14:48.335 [AsyncHttpClient-1-2] DEBUG org.asynchttpclient.netty.handler.HttpHandler - 

Request DefaultFullHttpRequest(decodeResult: success, version: HTTP/1.1, content: EmptyByteBufBE)
GET /session/33d259ce395fece4b52986130fc84b4f/url HTTP/1.1
User-Agent: selenium/4.8.1 (java windows)
Cache-Control: no-cache
Content-Type: application/json; charset=utf-8
host: localhost:19142
accept: */*

Response DefaultHttpResponse(decodeResult: success, version: HTTP/1.1)
HTTP/1.1 200 OK
Content-Length: 36
Content-Type: application/json; charset=utf-8
cache-control: no-cache

11:14:48.335 [AsyncHttpClient-1-2] DEBUG org.asynchttpclient.netty.channel.ChannelManager - Adding key: http://localhost:19142 for channel [id: 0x02c02815, L:/127.0.0.1:50334 - R:localhost/127.0.0.1:19142]
11:14:48.339 [main] DEBUG net.thucydides.core.steps.StepInterceptor - STARTING STEP: LoginSteps.clickLoginButton - clickLoginButton
11:14:48.348 [Forwarding findElement on session 33d259ce395fece4b52986130fc84b4f to remote] DEBUG org.asynchttpclient.netty.request.NettyRequestSender - Using pooled Channel '[id: 0x02c02815, L:/127.0.0.1:50334 - R:localhost/127.0.0.1:19142]' for 'POST' to 'http://localhost:19142/session/33d259ce395fece4b52986130fc84b4f/element'
11:14:48.349 [Forwarding findElement on session 33d259ce395fece4b52986130fc84b4f to remote] DEBUG org.asynchttpclient.netty.request.NettyRequestSender - Using open Channel [id: 0x02c02815, L:/127.0.0.1:50334 - R:localhost/127.0.0.1:19142] for POST '/session/33d259ce395fece4b52986130fc84b4f/element'
11:14:48.358 [AsyncHttpClient-1-2] DEBUG org.asynchttpclient.netty.handler.HttpHandler - 

Request DefaultHttpRequest(decodeResult: success, version: HTTP/1.1)
POST /session/33d259ce395fece4b52986130fc84b4f/element HTTP/1.1
User-Agent: selenium/4.8.1 (java windows)
Content-Length: 62
Content-Type: application/json; charset=utf-8
host: localhost:19142
accept: */*

Response DefaultHttpResponse(decodeResult: success, version: HTTP/1.1)
HTTP/1.1 200 OK
Content-Length: 88
Content-Type: application/json; charset=utf-8
cache-control: no-cache

11:14:48.358 [AsyncHttpClient-1-2] DEBUG org.asynchttpclient.netty.channel.ChannelManager - Adding key: http://localhost:19142 for channel [id: 0x02c02815, L:/127.0.0.1:50334 - R:localhost/127.0.0.1:19142]
11:14:48.361 [Forwarding getElementTagName on session 33d259ce395fece4b52986130fc84b4f to remote] DEBUG org.asynchttpclient.netty.request.NettyRequestSender - Using pooled Channel '[id: 0x02c02815, L:/127.0.0.1:50334 - R:localhost/127.0.0.1:19142]' for 'GET' to 'http://localhost:19142/session/33d259ce395fece4b52986130fc84b4f/element/582b8242-c48c-40fb-9d10-f881184be10a/name'
11:14:48.361 [Forwarding getElementTagName on session 33d259ce395fece4b52986130fc84b4f to remote] DEBUG org.asynchttpclient.netty.request.NettyRequestSender - Using open Channel [id: 0x02c02815, L:/127.0.0.1:50334 - R:localhost/127.0.0.1:19142] for GET '/session/33d259ce395fece4b52986130fc84b4f/element/582b8242-c48c-40fb-9d10-f881184be10a/name'
11:14:48.367 [AsyncHttpClient-1-2] DEBUG org.asynchttpclient.netty.handler.HttpHandler - 

Request DefaultFullHttpRequest(decodeResult: success, version: HTTP/1.1, content: EmptyByteBufBE)
GET /session/33d259ce395fece4b52986130fc84b4f/element/582b8242-c48c-40fb-9d10-f881184be10a/name HTTP/1.1
User-Agent: selenium/4.8.1 (java windows)
Cache-Control: no-cache
Content-Type: application/json; charset=utf-8
host: localhost:19142
accept: */*

Response DefaultHttpResponse(decodeResult: success, version: HTTP/1.1)
HTTP/1.1 200 OK
Content-Length: 16
Content-Type: application/json; charset=utf-8
cache-control: no-cache

11:14:48.367 [AsyncHttpClient-1-2] DEBUG org.asynchttpclient.netty.channel.ChannelManager - Adding key: http://localhost:19142 for channel [id: 0x02c02815, L:/127.0.0.1:50334 - R:localhost/127.0.0.1:19142]
11:14:48.369 [Forwarding getElementTagName on session 33d259ce395fece4b52986130fc84b4f to remote] DEBUG org.asynchttpclient.netty.request.NettyRequestSender - Using pooled Channel '[id: 0x02c02815, L:/127.0.0.1:50334 - R:localhost/127.0.0.1:19142]' for 'GET' to 'http://localhost:19142/session/33d259ce395fece4b52986130fc84b4f/element/582b8242-c48c-40fb-9d10-f881184be10a/name'
11:14:48.369 [Forwarding getElementTagName on session 33d259ce395fece4b52986130fc84b4f to remote] DEBUG org.asynchttpclient.netty.request.NettyRequestSender - Using open Channel [id: 0x02c02815, L:/127.0.0.1:50334 - R:localhost/127.0.0.1:19142] for GET '/session/33d259ce395fece4b52986130fc84b4f/element/582b8242-c48c-40fb-9d10-f881184be10a/name'
11:14:48.374 [AsyncHttpClient-1-2] DEBUG org.asynchttpclient.netty.handler.HttpHandler - 

Request DefaultFullHttpRequest(decodeResult: success, version: HTTP/1.1, content: EmptyByteBufBE)
GET /session/33d259ce395fece4b52986130fc84b4f/element/582b8242-c48c-40fb-9d10-f881184be10a/name HTTP/1.1
User-Agent: selenium/4.8.1 (java windows)
Cache-Control: no-cache
Content-Type: application/json; charset=utf-8
host: localhost:19142
accept: */*

Response DefaultHttpResponse(decodeResult: success, version: HTTP/1.1)
HTTP/1.1 200 OK
Content-Length: 16
Content-Type: application/json; charset=utf-8
cache-control: no-cache

11:14:48.374 [AsyncHttpClient-1-2] DEBUG org.asynchttpclient.netty.channel.ChannelManager - Adding key: http://localhost:19142 for channel [id: 0x02c02815, L:/127.0.0.1:50334 - R:localhost/127.0.0.1:19142]
11:14:48.378 [Forwarding findElement on session 33d259ce395fece4b52986130fc84b4f to remote] DEBUG org.asynchttpclient.netty.request.NettyRequestSender - Using pooled Channel '[id: 0x02c02815, L:/127.0.0.1:50334 - R:localhost/127.0.0.1:19142]' for 'POST' to 'http://localhost:19142/session/33d259ce395fece4b52986130fc84b4f/element'
11:14:48.378 [Forwarding findElement on session 33d259ce395fece4b52986130fc84b4f to remote] DEBUG org.asynchttpclient.netty.request.NettyRequestSender - Using open Channel [id: 0x02c02815, L:/127.0.0.1:50334 - R:localhost/127.0.0.1:19142] for POST '/session/33d259ce395fece4b52986130fc84b4f/element'
11:14:48.387 [AsyncHttpClient-1-2] DEBUG org.asynchttpclient.netty.handler.HttpHandler - 

Request DefaultHttpRequest(decodeResult: success, version: HTTP/1.1)
POST /session/33d259ce395fece4b52986130fc84b4f/element HTTP/1.1
User-Agent: selenium/4.8.1 (java windows)
Content-Length: 62
Content-Type: application/json; charset=utf-8
host: localhost:19142
accept: */*

Response DefaultHttpResponse(decodeResult: success, version: HTTP/1.1)
HTTP/1.1 200 OK
Content-Length: 88
Content-Type: application/json; charset=utf-8
cache-control: no-cache

11:14:48.387 [AsyncHttpClient-1-2] DEBUG org.asynchttpclient.netty.channel.ChannelManager - Adding key: http://localhost:19142 for channel [id: 0x02c02815, L:/127.0.0.1:50334 - R:localhost/127.0.0.1:19142]
11:14:48.389 [Forwarding clickElement on session 33d259ce395fece4b52986130fc84b4f to remote] DEBUG org.asynchttpclient.netty.request.NettyRequestSender - Using pooled Channel '[id: 0x02c02815, L:/127.0.0.1:50334 - R:localhost/127.0.0.1:19142]' for 'POST' to 'http://localhost:19142/session/33d259ce395fece4b52986130fc84b4f/element/582b8242-c48c-40fb-9d10-f881184be10a/click'
11:14:48.389 [Forwarding clickElement on session 33d259ce395fece4b52986130fc84b4f to remote] DEBUG org.asynchttpclient.netty.request.NettyRequestSender - Using open Channel [id: 0x02c02815, L:/127.0.0.1:50334 - R:localhost/127.0.0.1:19142] for POST '/session/33d259ce395fece4b52986130fc84b4f/element/582b8242-c48c-40fb-9d10-f881184be10a/click'
11:14:48.440 [AsyncHttpClient-1-2] DEBUG org.asynchttpclient.netty.handler.HttpHandler - 

Request DefaultHttpRequest(decodeResult: success, version: HTTP/1.1)
POST /session/33d259ce395fece4b52986130fc84b4f/element/582b8242-c48c-40fb-9d10-f881184be10a/click HTTP/1.1
User-Agent: selenium/4.8.1 (java windows)
Content-Length: 50
Content-Type: application/json; charset=utf-8
host: localhost:19142
accept: */*

Response DefaultHttpResponse(decodeResult: success, version: HTTP/1.1)
HTTP/1.1 200 OK
Content-Length: 14
Content-Type: application/json; charset=utf-8
cache-control: no-cache

11:14:48.441 [AsyncHttpClient-1-2] DEBUG org.asynchttpclient.netty.channel.ChannelManager - Adding key: http://localhost:19142 for channel [id: 0x02c02815, L:/127.0.0.1:50334 - R:localhost/127.0.0.1:19142]
11:14:48.463 [Forwarding getAlertText on session 33d259ce395fece4b52986130fc84b4f to remote] DEBUG org.asynchttpclient.netty.request.NettyRequestSender - Using pooled Channel '[id: 0x02c02815, L:/127.0.0.1:50334 - R:localhost/127.0.0.1:19142]' for 'GET' to 'http://localhost:19142/session/33d259ce395fece4b52986130fc84b4f/alert/text'
11:14:48.463 [Forwarding getAlertText on session 33d259ce395fece4b52986130fc84b4f to remote] DEBUG org.asynchttpclient.netty.request.NettyRequestSender - Using open Channel [id: 0x02c02815, L:/127.0.0.1:50334 - R:localhost/127.0.0.1:19142] for GET '/session/33d259ce395fece4b52986130fc84b4f/alert/text'
11:14:48.514 [AsyncHttpClient-1-2] DEBUG org.asynchttpclient.netty.handler.HttpHandler - 

Request DefaultFullHttpRequest(decodeResult: success, version: HTTP/1.1, content: EmptyByteBufBE)
GET /session/33d259ce395fece4b52986130fc84b4f/alert/text HTTP/1.1
User-Agent: selenium/4.8.1 (java windows)
Cache-Control: no-cache
Content-Type: application/json; charset=utf-8
host: localhost:19142
accept: */*

Response DefaultHttpResponse(decodeResult: success, version: HTTP/1.1)
HTTP/1.1 404 Not Found
Content-Length: 836
Content-Type: application/json; charset=utf-8
cache-control: no-cache

11:14:48.514 [AsyncHttpClient-1-2] DEBUG org.asynchttpclient.netty.channel.ChannelManager - Adding key: http://localhost:19142 for channel [id: 0x02c02815, L:/127.0.0.1:50334 - R:localhost/127.0.0.1:19142]
11:14:48.517 [Forwarding getCurrentUrl on session 33d259ce395fece4b52986130fc84b4f to remote] DEBUG org.asynchttpclient.netty.request.NettyRequestSender - Using pooled Channel '[id: 0x02c02815, L:/127.0.0.1:50334 - R:localhost/127.0.0.1:19142]' for 'GET' to 'http://localhost:19142/session/33d259ce395fece4b52986130fc84b4f/url'
11:14:48.517 [Forwarding getCurrentUrl on session 33d259ce395fece4b52986130fc84b4f to remote] DEBUG org.asynchttpclient.netty.request.NettyRequestSender - Using open Channel [id: 0x02c02815, L:/127.0.0.1:50334 - R:localhost/127.0.0.1:19142] for GET '/session/33d259ce395fece4b52986130fc84b4f/url'
11:14:48.523 [AsyncHttpClient-1-2] DEBUG org.asynchttpclient.netty.handler.HttpHandler - 

Request DefaultFullHttpRequest(decodeResult: success, version: HTTP/1.1, content: EmptyByteBufBE)
GET /session/33d259ce395fece4b52986130fc84b4f/url HTTP/1.1
User-Agent: selenium/4.8.1 (java windows)
Cache-Control: no-cache
Content-Type: application/json; charset=utf-8
host: localhost:19142
accept: */*

Response DefaultHttpResponse(decodeResult: success, version: HTTP/1.1)
HTTP/1.1 200 OK
Content-Length: 42
Content-Type: application/json; charset=utf-8
cache-control: no-cache

11:14:48.523 [AsyncHttpClient-1-2] DEBUG org.asynchttpclient.netty.channel.ChannelManager - Adding key: http://localhost:19142 for channel [id: 0x02c02815, L:/127.0.0.1:50334 - R:localhost/127.0.0.1:19142]
11:14:48.525 [Forwarding screenshot on session 33d259ce395fece4b52986130fc84b4f to remote] DEBUG org.asynchttpclient.netty.request.NettyRequestSender - Using pooled Channel '[id: 0x02c02815, L:/127.0.0.1:50334 - R:localhost/127.0.0.1:19142]' for 'GET' to 'http://localhost:19142/session/33d259ce395fece4b52986130fc84b4f/screenshot'
11:14:48.525 [Forwarding screenshot on session 33d259ce395fece4b52986130fc84b4f to remote] DEBUG org.asynchttpclient.netty.request.NettyRequestSender - Using open Channel [id: 0x02c02815, L:/127.0.0.1:50334 - R:localhost/127.0.0.1:19142] for GET '/session/33d259ce395fece4b52986130fc84b4f/screenshot'
11:14:48.903 [AsyncHttpClient-1-1] DEBUG org.asynchttpclient.netty.channel.DefaultChannelPool - Entry count for : http://localhost:50335 : 1
11:14:49.018 [AsyncHttpClient-1-2] DEBUG org.asynchttpclient.netty.handler.HttpHandler - 

Request DefaultFullHttpRequest(decodeResult: success, version: HTTP/1.1, content: EmptyByteBufBE)
GET /session/33d259ce395fece4b52986130fc84b4f/screenshot HTTP/1.1
User-Agent: selenium/4.8.1 (java windows)
Cache-Control: no-cache
Content-Type: application/json; charset=utf-8
host: localhost:19142
accept: */*

Response DefaultHttpResponse(decodeResult: success, version: HTTP/1.1)
HTTP/1.1 200 OK
Content-Length: 277256
Content-Type: application/json; charset=utf-8
cache-control: no-cache

11:14:49.021 [AsyncHttpClient-1-2] DEBUG org.asynchttpclient.netty.channel.ChannelManager - Adding key: http://localhost:19142 for channel [id: 0x02c02815, L:/127.0.0.1:50334 - R:localhost/127.0.0.1:19142]
11:14:49.041 [main] DEBUG net.serenitybdd.core.photography.Darkroom - Send negative for processing for target\site\serenity\6c14964afb175fcd1fcd055aeac833a40b5cdc11bb14153ac4af1122dd145a3e.png
11:14:49.041 [Darkroom Processing Line] DEBUG net.serenitybdd.core.photography.DarkroomProcessingLine - Processing screenshot image in /var/screenshots/screenshot-3034312237598557200
11:14:49.041 [Darkroom Processing Line] DEBUG net.serenitybdd.core.photography.DarkroomProcessingLine - Saving screenshot to target\site\serenity\6c14964afb175fcd1fcd055aeac833a40b5cdc11bb14153ac4af1122dd145a3e.png
11:14:49.041 [main] DEBUG net.thucydides.core.steps.StepInterceptor - STEP DONE: clickLoginButton
  &amp#27;[32mWhen &amp#27;[0m&amp#27;[32mI click login button&amp#27;[0m                                   &amp#27;[90m# starter.stepdefintions.LoginSteps.clickLoginButton()&amp#27;[0m
11:14:49.068 [Forwarding getPageSource on session 33d259ce395fece4b52986130fc84b4f to remote] DEBUG org.asynchttpclient.netty.request.NettyRequestSender - Using pooled Channel '[id: 0x02c02815, L:/127.0.0.1:50334 - R:localhost/127.0.0.1:19142]' for 'POST' to 'http://localhost:19142/session/33d259ce395fece4b52986130fc84b4f/execute/sync'
11:14:49.068 [Forwarding getPageSource on session 33d259ce395fece4b52986130fc84b4f to remote] DEBUG org.asynchttpclient.netty.request.NettyRequestSender - Using open Channel [id: 0x02c02815, L:/127.0.0.1:50334 - R:localhost/127.0.0.1:19142] for POST '/session/33d259ce395fece4b52986130fc84b4f/execute/sync'
11:14:49.087 [AsyncHttpClient-1-2] DEBUG org.asynchttpclient.netty.handler.HttpHandler - 

Request DefaultHttpRequest(decodeResult: success, version: HTTP/1.1)
POST /session/33d259ce395fece4b52986130fc84b4f/execute/sync HTTP/1.1
User-Agent: selenium/4.8.1 (java windows)
Content-Length: 176
Content-Type: application/json; charset=utf-8
host: localhost:19142
accept: */*

Response DefaultHttpResponse(decodeResult: success, version: HTTP/1.1)
HTTP/1.1 200 OK
Content-Length: 96996
Content-Type: application/json; charset=utf-8
cache-control: no-cache

11:14:49.088 [AsyncHttpClient-1-2] DEBUG org.asynchttpclient.netty.channel.ChannelManager - Adding key: http://localhost:19142 for channel [id: 0x02c02815, L:/127.0.0.1:50334 - R:localhost/127.0.0.1:19142]
11:14:49.114 [Forwarding getCurrentUrl on session 33d259ce395fece4b52986130fc84b4f to remote] DEBUG org.asynchttpclient.netty.request.NettyRequestSender - Using pooled Channel '[id: 0x02c02815, L:/127.0.0.1:50334 - R:localhost/127.0.0.1:19142]' for 'GET' to 'http://localhost:19142/session/33d259ce395fece4b52986130fc84b4f/url'
11:14:49.114 [Forwarding getCurrentUrl on session 33d259ce395fece4b52986130fc84b4f to remote] DEBUG org.asynchttpclient.netty.request.NettyRequestSender - Using open Channel [id: 0x02c02815, L:/127.0.0.1:50334 - R:localhost/127.0.0.1:19142] for GET '/session/33d259ce395fece4b52986130fc84b4f/url'
11:14:49.121 [AsyncHttpClient-1-2] DEBUG org.asynchttpclient.netty.handler.HttpHandler - 

Request DefaultFullHttpRequest(decodeResult: success, version: HTTP/1.1, content: EmptyByteBufBE)
GET /session/33d259ce395fece4b52986130fc84b4f/url HTTP/1.1
User-Agent: selenium/4.8.1 (java windows)
Cache-Control: no-cache
Content-Type: application/json; charset=utf-8
host: localhost:19142
accept: */*

Response DefaultHttpResponse(decodeResult: success, version: HTTP/1.1)
HTTP/1.1 200 OK
Content-Length: 42
Content-Type: application/json; charset=utf-8
cache-control: no-cache

11:14:49.122 [AsyncHttpClient-1-2] DEBUG org.asynchttpclient.netty.channel.ChannelManager - Adding key: http://localhost:19142 for channel [id: 0x02c02815, L:/127.0.0.1:50334 - R:localhost/127.0.0.1:19142]
11:14:49.151 [Forwarding getAlertText on session 33d259ce395fece4b52986130fc84b4f to remote] DEBUG org.asynchttpclient.netty.request.NettyRequestSender - Using pooled Channel '[id: 0x02c02815, L:/127.0.0.1:50334 - R:localhost/127.0.0.1:19142]' for 'GET' to 'http://localhost:19142/session/33d259ce395fece4b52986130fc84b4f/alert/text'
11:14:49.151 [Forwarding getAlertText on session 33d259ce395fece4b52986130fc84b4f to remote] DEBUG org.asynchttpclient.netty.request.NettyRequestSender - Using open Channel [id: 0x02c02815, L:/127.0.0.1:50334 - R:localhost/127.0.0.1:19142] for GET '/session/33d259ce395fece4b52986130fc84b4f/alert/text'
11:14:49.155 [AsyncHttpClient-1-2] DEBUG org.asynchttpclient.netty.handler.HttpHandler - 

Request DefaultFullHttpRequest(decodeResult: success, version: HTTP/1.1, content: EmptyByteBufBE)
GET /session/33d259ce395fece4b52986130fc84b4f/alert/text HTTP/1.1
User-Agent: selenium/4.8.1 (java windows)
Cache-Control: no-cache
Content-Type: application/json; charset=utf-8
host: localhost:19142
accept: */*

Response DefaultHttpResponse(decodeResult: success, version: HTTP/1.1)
HTTP/1.1 404 Not Found
Content-Length: 836
Content-Type: application/json; charset=utf-8
cache-control: no-cache

11:14:49.156 [AsyncHttpClient-1-2] DEBUG org.asynchttpclient.netty.channel.ChannelManager - Adding key: http://localhost:19142 for channel [id: 0x02c02815, L:/127.0.0.1:50334 - R:localhost/127.0.0.1:19142]
11:14:49.159 [Forwarding getCurrentUrl on session 33d259ce395fece4b52986130fc84b4f to remote] DEBUG org.asynchttpclient.netty.request.NettyRequestSender - Using pooled Channel '[id: 0x02c02815, L:/127.0.0.1:50334 - R:localhost/127.0.0.1:19142]' for 'GET' to 'http://localhost:19142/session/33d259ce395fece4b52986130fc84b4f/url'
11:14:49.159 [Forwarding getCurrentUrl on session 33d259ce395fece4b52986130fc84b4f to remote] DEBUG org.asynchttpclient.netty.request.NettyRequestSender - Using open Channel [id: 0x02c02815, L:/127.0.0.1:50334 - R:localhost/127.0.0.1:19142] for GET '/session/33d259ce395fece4b52986130fc84b4f/url'
11:14:49.166 [AsyncHttpClient-1-2] DEBUG org.asynchttpclient.netty.handler.HttpHandler - 

Request DefaultFullHttpRequest(decodeResult: success, version: HTTP/1.1, content: EmptyByteBufBE)
GET /session/33d259ce395fece4b52986130fc84b4f/url HTTP/1.1
User-Agent: selenium/4.8.1 (java windows)
Cache-Control: no-cache
Content-Type: application/json; charset=utf-8
host: localhost:19142
accept: */*

Response DefaultHttpResponse(decodeResult: success, version: HTTP/1.1)
HTTP/1.1 200 OK
Content-Length: 42
Content-Type: application/json; charset=utf-8
cache-control: no-cache

11:14:49.166 [AsyncHttpClient-1-2] DEBUG org.asynchttpclient.netty.channel.ChannelManager - Adding key: http://localhost:19142 for channel [id: 0x02c02815, L:/127.0.0.1:50334 - R:localhost/127.0.0.1:19142]
11:14:49.168 [Forwarding screenshot on session 33d259ce395fece4b52986130fc84b4f to remote] DEBUG org.asynchttpclient.netty.request.NettyRequestSender - Using pooled Channel '[id: 0x02c02815, L:/127.0.0.1:50334 - R:localhost/127.0.0.1:19142]' for 'GET' to 'http://localhost:19142/session/33d259ce395fece4b52986130fc84b4f/screenshot'
11:14:49.169 [Forwarding screenshot on session 33d259ce395fece4b52986130fc84b4f to remote] DEBUG org.asynchttpclient.netty.request.NettyRequestSender - Using open Channel [id: 0x02c02815, L:/127.0.0.1:50334 - R:localhost/127.0.0.1:19142] for GET '/session/33d259ce395fece4b52986130fc84b4f/screenshot'
11:14:49.453 [AsyncHttpClient-1-2] DEBUG org.asynchttpclient.netty.handler.HttpHandler - 

Request DefaultFullHttpRequest(decodeResult: success, version: HTTP/1.1, content: EmptyByteBufBE)
GET /session/33d259ce395fece4b52986130fc84b4f/screenshot HTTP/1.1
User-Agent: selenium/4.8.1 (java windows)
Cache-Control: no-cache
Content-Type: application/json; charset=utf-8
host: localhost:19142
accept: */*

Response DefaultHttpResponse(decodeResult: success, version: HTTP/1.1)
HTTP/1.1 200 OK
Content-Length: 277256
Content-Type: application/json; charset=utf-8
cache-control: no-cache

11:14:49.455 [AsyncHttpClient-1-2] DEBUG org.asynchttpclient.netty.channel.ChannelManager - Adding key: http://localhost:19142 for channel [id: 0x02c02815, L:/127.0.0.1:50334 - R:localhost/127.0.0.1:19142]
11:14:49.466 [main] DEBUG net.serenitybdd.core.photography.Darkroom - Send negative for processing for target\site\serenity\6c14964afb175fcd1fcd055aeac833a40b5cdc11bb14153ac4af1122dd145a3e.png
11:14:49.468 [Forwarding getPageSource on session 33d259ce395fece4b52986130fc84b4f to remote] DEBUG org.asynchttpclient.netty.request.NettyRequestSender - Using pooled Channel '[id: 0x02c02815, L:/127.0.0.1:50334 - R:localhost/127.0.0.1:19142]' for 'POST' to 'http://localhost:19142/session/33d259ce395fece4b52986130fc84b4f/execute/sync'
11:14:49.468 [Forwarding getPageSource on session 33d259ce395fece4b52986130fc84b4f to remote] DEBUG org.asynchttpclient.netty.request.NettyRequestSender - Using open Channel [id: 0x02c02815, L:/127.0.0.1:50334 - R:localhost/127.0.0.1:19142] for POST '/session/33d259ce395fece4b52986130fc84b4f/execute/sync'
11:14:49.485 [AsyncHttpClient-1-2] DEBUG org.asynchttpclient.netty.handler.HttpHandler - 

Request DefaultHttpRequest(decodeResult: success, version: HTTP/1.1)
POST /session/33d259ce395fece4b52986130fc84b4f/execute/sync HTTP/1.1
User-Agent: selenium/4.8.1 (java windows)
Content-Length: 176
Content-Type: application/json; charset=utf-8
host: localhost:19142
accept: */*

Response DefaultHttpResponse(decodeResult: success, version: HTTP/1.1)
HTTP/1.1 200 OK
Content-Length: 96996
Content-Type: application/json; charset=utf-8
cache-control: no-cache

11:14:49.486 [AsyncHttpClient-1-2] DEBUG org.asynchttpclient.netty.channel.ChannelManager - Adding key: http://localhost:19142 for channel [id: 0x02c02815, L:/127.0.0.1:50334 - R:localhost/127.0.0.1:19142]
11:14:49.500 [Forwarding getCurrentUrl on session 33d259ce395fece4b52986130fc84b4f to remote] DEBUG org.asynchttpclient.netty.request.NettyRequestSender - Using pooled Channel '[id: 0x02c02815, L:/127.0.0.1:50334 - R:localhost/127.0.0.1:19142]' for 'GET' to 'http://localhost:19142/session/33d259ce395fece4b52986130fc84b4f/url'
11:14:49.500 [Forwarding getCurrentUrl on session 33d259ce395fece4b52986130fc84b4f to remote] DEBUG org.asynchttpclient.netty.request.NettyRequestSender - Using open Channel [id: 0x02c02815, L:/127.0.0.1:50334 - R:localhost/127.0.0.1:19142] for GET '/session/33d259ce395fece4b52986130fc84b4f/url'
11:14:49.507 [AsyncHttpClient-1-2] DEBUG org.asynchttpclient.netty.handler.HttpHandler - 

Request DefaultFullHttpRequest(decodeResult: success, version: HTTP/1.1, content: EmptyByteBufBE)
GET /session/33d259ce395fece4b52986130fc84b4f/url HTTP/1.1
User-Agent: selenium/4.8.1 (java windows)
Cache-Control: no-cache
Content-Type: application/json; charset=utf-8
host: localhost:19142
accept: */*

Response DefaultHttpResponse(decodeResult: success, version: HTTP/1.1)
HTTP/1.1 200 OK
Content-Length: 42
Content-Type: application/json; charset=utf-8
cache-control: no-cache

11:14:49.507 [AsyncHttpClient-1-2] DEBUG org.asynchttpclient.netty.channel.ChannelManager - Adding key: http://localhost:19142 for channel [id: 0x02c02815, L:/127.0.0.1:50334 - R:localhost/127.0.0.1:19142]
11:14:49.512 [main] DEBUG net.thucydides.core.steps.StepInterceptor - STARTING STEP: LoginSteps.inputEmail - inputEmail
11:14:49.523 [Forwarding findElement on session 33d259ce395fece4b52986130fc84b4f to remote] DEBUG org.asynchttpclient.netty.request.NettyRequestSender - Using pooled Channel '[id: 0x02c02815, L:/127.0.0.1:50334 - R:localhost/127.0.0.1:19142]' for 'POST' to 'http://localhost:19142/session/33d259ce395fece4b52986130fc84b4f/element'
11:14:49.524 [Forwarding findElement on session 33d259ce395fece4b52986130fc84b4f to remote] DEBUG org.asynchttpclient.netty.request.NettyRequestSender - Using open Channel [id: 0x02c02815, L:/127.0.0.1:50334 - R:localhost/127.0.0.1:19142] for POST '/session/33d259ce395fece4b52986130fc84b4f/element'
11:14:49.545 [AsyncHttpClient-1-2] DEBUG org.asynchttpclient.netty.handler.HttpHandler - 

Request DefaultHttpRequest(decodeResult: success, version: HTTP/1.1)
POST /session/33d259ce395fece4b52986130fc84b4f/element HTTP/1.1
User-Agent: selenium/4.8.1 (java windows)
Content-Length: 50
Content-Type: application/json; charset=utf-8
host: localhost:19142
accept: */*

Response DefaultHttpResponse(decodeResult: success, version: HTTP/1.1)
HTTP/1.1 200 OK
Content-Length: 88
Content-Type: application/json; charset=utf-8
cache-control: no-cache

11:14:49.546 [AsyncHttpClient-1-2] DEBUG org.asynchttpclient.netty.channel.ChannelManager - Adding key: http://localhost:19142 for channel [id: 0x02c02815, L:/127.0.0.1:50334 - R:localhost/127.0.0.1:19142]
11:14:49.548 [Forwarding clearElement on session 33d259ce395fece4b52986130fc84b4f to remote] DEBUG org.asynchttpclient.netty.request.NettyRequestSender - Using pooled Channel '[id: 0x02c02815, L:/127.0.0.1:50334 - R:localhost/127.0.0.1:19142]' for 'POST' to 'http://localhost:19142/session/33d259ce395fece4b52986130fc84b4f/element/f44894c4-de9e-49c1-a29f-a6721dedceec/clear'
11:14:49.549 [Forwarding clearElement on session 33d259ce395fece4b52986130fc84b4f to remote] DEBUG org.asynchttpclient.netty.request.NettyRequestSender - Using open Channel [id: 0x02c02815, L:/127.0.0.1:50334 - R:localhost/127.0.0.1:19142] for POST '/session/33d259ce395fece4b52986130fc84b4f/element/f44894c4-de9e-49c1-a29f-a6721dedceec/clear'
11:14:49.645 [AsyncHttpClient-1-2] DEBUG org.asynchttpclient.netty.handler.HttpHandler - 

Request DefaultHttpRequest(decodeResult: success, version: HTTP/1.1)
POST /session/33d259ce395fece4b52986130fc84b4f/element/f44894c4-de9e-49c1-a29f-a6721dedceec/clear HTTP/1.1
User-Agent: selenium/4.8.1 (java windows)
Content-Length: 50
Content-Type: application/json; charset=utf-8
host: localhost:19142
accept: */*

Response DefaultHttpResponse(decodeResult: success, version: HTTP/1.1)
HTTP/1.1 200 OK
Content-Length: 14
Content-Type: application/json; charset=utf-8
cache-control: no-cache

11:14:49.646 [AsyncHttpClient-1-2] DEBUG org.asynchttpclient.netty.channel.ChannelManager - Adding key: http://localhost:19142 for channel [id: 0x02c02815, L:/127.0.0.1:50334 - R:localhost/127.0.0.1:19142]
11:14:49.662 [Forwarding sendKeysToElement on session 33d259ce395fece4b52986130fc84b4f to remote] DEBUG org.asynchttpclient.netty.request.NettyRequestSender - Using pooled Channel '[id: 0x02c02815, L:/127.0.0.1:50334 - R:localhost/127.0.0.1:19142]' for 'POST' to 'http://localhost:19142/session/33d259ce395fece4b52986130fc84b4f/element/f44894c4-de9e-49c1-a29f-a6721dedceec/value'
11:14:49.662 [Forwarding sendKeysToElement on session 33d259ce395fece4b52986130fc84b4f to remote] DEBUG org.asynchttpclient.netty.request.NettyRequestSender - Using open Channel [id: 0x02c02815, L:/127.0.0.1:50334 - R:localhost/127.0.0.1:19142] for POST '/session/33d259ce395fece4b52986130fc84b4f/element/f44894c4-de9e-49c1-a29f-a6721dedceec/value'
11:14:50.002 [AsyncHttpClient-1-1] DEBUG org.asynchttpclient.netty.channel.DefaultChannelPool - Entry count for : http://localhost:50335 : 1
11:14:50.005 [AsyncHttpClient-1-2] DEBUG org.asynchttpclient.netty.handler.HttpHandler - 

Request DefaultHttpRequest(decodeResult: success, version: HTTP/1.1)
POST /session/33d259ce395fece4b52986130fc84b4f/element/f44894c4-de9e-49c1-a29f-a6721dedceec/value HTTP/1.1
User-Agent: selenium/4.8.1 (java windows)
Content-Length: 281
Content-Type: application/json; charset=utf-8
host: localhost:19142
accept: */*

Response DefaultHttpResponse(decodeResult: success, version: HTTP/1.1)
HTTP/1.1 200 OK
Content-Length: 14
Content-Type: application/json; charset=utf-8
cache-control: no-cache

11:14:50.005 [AsyncHttpClient-1-2] DEBUG org.asynchttpclient.netty.channel.ChannelManager - Adding key: http://localhost:19142 for channel [id: 0x02c02815, L:/127.0.0.1:50334 - R:localhost/127.0.0.1:19142]
11:14:50.017 [Forwarding getAlertText on session 33d259ce395fece4b52986130fc84b4f to remote] DEBUG org.asynchttpclient.netty.request.NettyRequestSender - Using pooled Channel '[id: 0x02c02815, L:/127.0.0.1:50334 - R:localhost/127.0.0.1:19142]' for 'GET' to 'http://localhost:19142/session/33d259ce395fece4b52986130fc84b4f/alert/text'
11:14:50.017 [Forwarding getAlertText on session 33d259ce395fece4b52986130fc84b4f to remote] DEBUG org.asynchttpclient.netty.request.NettyRequestSender - Using open Channel [id: 0x02c02815, L:/127.0.0.1:50334 - R:localhost/127.0.0.1:19142] for GET '/session/33d259ce395fece4b52986130fc84b4f/alert/text'
11:14:50.019 [AsyncHttpClient-1-2] DEBUG org.asynchttpclient.netty.handler.HttpHandler - 

Request DefaultFullHttpRequest(decodeResult: success, version: HTTP/1.1, content: EmptyByteBufBE)
GET /session/33d259ce395fece4b52986130fc84b4f/alert/text HTTP/1.1
User-Agent: selenium/4.8.1 (java windows)
Cache-Control: no-cache
Content-Type: application/json; charset=utf-8
host: localhost:19142
accept: */*

Response DefaultHttpResponse(decodeResult: success, version: HTTP/1.1)
HTTP/1.1 404 Not Found
Content-Length: 836
Content-Type: application/json; charset=utf-8
cache-control: no-cache

11:14:50.019 [AsyncHttpClient-1-2] DEBUG org.asynchttpclient.netty.channel.ChannelManager - Adding key: http://localhost:19142 for channel [id: 0x02c02815, L:/127.0.0.1:50334 - R:localhost/127.0.0.1:19142]
11:14:50.021 [Forwarding getCurrentUrl on session 33d259ce395fece4b52986130fc84b4f to remote] DEBUG org.asynchttpclient.netty.request.NettyRequestSender - Using pooled Channel '[id: 0x02c02815, L:/127.0.0.1:50334 - R:localhost/127.0.0.1:19142]' for 'GET' to 'http://localhost:19142/session/33d259ce395fece4b52986130fc84b4f/url'
11:14:50.021 [Forwarding getCurrentUrl on session 33d259ce395fece4b52986130fc84b4f to remote] DEBUG org.asynchttpclient.netty.request.NettyRequestSender - Using open Channel [id: 0x02c02815, L:/127.0.0.1:50334 - R:localhost/127.0.0.1:19142] for GET '/session/33d259ce395fece4b52986130fc84b4f/url'
11:14:50.026 [AsyncHttpClient-1-2] DEBUG org.asynchttpclient.netty.handler.HttpHandler - 

Request DefaultFullHttpRequest(decodeResult: success, version: HTTP/1.1, content: EmptyByteBufBE)
GET /session/33d259ce395fece4b52986130fc84b4f/url HTTP/1.1
User-Agent: selenium/4.8.1 (java windows)
Cache-Control: no-cache
Content-Type: application/json; charset=utf-8
host: localhost:19142
accept: */*

Response DefaultHttpResponse(decodeResult: success, version: HTTP/1.1)
HTTP/1.1 200 OK
Content-Length: 42
Content-Type: application/json; charset=utf-8
cache-control: no-cache

11:14:50.027 [AsyncHttpClient-1-2] DEBUG org.asynchttpclient.netty.channel.ChannelManager - Adding key: http://localhost:19142 for channel [id: 0x02c02815, L:/127.0.0.1:50334 - R:localhost/127.0.0.1:19142]
11:14:50.028 [Forwarding screenshot on session 33d259ce395fece4b52986130fc84b4f to remote] DEBUG org.asynchttpclient.netty.request.NettyRequestSender - Using pooled Channel '[id: 0x02c02815, L:/127.0.0.1:50334 - R:localhost/127.0.0.1:19142]' for 'GET' to 'http://localhost:19142/session/33d259ce395fece4b52986130fc84b4f/screenshot'
11:14:50.028 [Forwarding screenshot on session 33d259ce395fece4b52986130fc84b4f to remote] DEBUG org.asynchttpclient.netty.request.NettyRequestSender - Using open Channel [id: 0x02c02815, L:/127.0.0.1:50334 - R:localhost/127.0.0.1:19142] for GET '/session/33d259ce395fece4b52986130fc84b4f/screenshot'
11:14:50.251 [AsyncHttpClient-1-2] DEBUG org.asynchttpclient.netty.handler.HttpHandler - 

Request DefaultFullHttpRequest(decodeResult: success, version: HTTP/1.1, content: EmptyByteBufBE)
GET /session/33d259ce395fece4b52986130fc84b4f/screenshot HTTP/1.1
User-Agent: selenium/4.8.1 (java windows)
Cache-Control: no-cache
Content-Type: application/json; charset=utf-8
host: localhost:19142
accept: */*

Response DefaultHttpResponse(decodeResult: success, version: HTTP/1.1)
HTTP/1.1 200 OK
Content-Length: 281852
Content-Type: application/json; charset=utf-8
cache-control: no-cache

11:14:50.253 [AsyncHttpClient-1-2] DEBUG org.asynchttpclient.netty.channel.ChannelManager - Adding key: http://localhost:19142 for channel [id: 0x02c02815, L:/127.0.0.1:50334 - R:localhost/127.0.0.1:19142]
11:14:50.261 [main] DEBUG net.serenitybdd.core.photography.Darkroom - Send negative for processing for target\site\serenity\772803f26439e918243cbd0516cf5d13e60047a01ab094de4b780ce34e31025c.png
11:14:50.262 [main] DEBUG net.thucydides.core.steps.StepInterceptor - STEP DONE: inputEmail
11:14:50.262 [Darkroom Processing Line] DEBUG net.serenitybdd.core.photography.DarkroomProcessingLine - Processing screenshot image in /var/screenshots/screenshot-4901708182220555212
11:14:50.262 [Darkroom Processing Line] DEBUG net.serenitybdd.core.photography.DarkroomProcessingLine - Saving screenshot to target\site\serenity\772803f26439e918243cbd0516cf5d13e60047a01ab094de4b780ce34e31025c.png
  &amp#27;[32mAnd &amp#27;[0m&amp#27;[32mI enter correct email&amp#27;[0m                                   &amp#27;[90m# starter.stepdefintions.LoginSteps.inputEmail()&amp#27;[0m
11:14:50.277 [Forwarding getPageSource on session 33d259ce395fece4b52986130fc84b4f to remote] DEBUG org.asynchttpclient.netty.request.NettyRequestSender - Using pooled Channel '[id: 0x02c02815, L:/127.0.0.1:50334 - R:localhost/127.0.0.1:19142]' for 'POST' to 'http://localhost:19142/session/33d259ce395fece4b52986130fc84b4f/execute/sync'
11:14:50.277 [Forwarding getPageSource on session 33d259ce395fece4b52986130fc84b4f to remote] DEBUG org.asynchttpclient.netty.request.NettyRequestSender - Using open Channel [id: 0x02c02815, L:/127.0.0.1:50334 - R:localhost/127.0.0.1:19142] for POST '/session/33d259ce395fece4b52986130fc84b4f/execute/sync'
11:14:50.290 [AsyncHttpClient-1-2] DEBUG org.asynchttpclient.netty.handler.HttpHandler - 

Request DefaultHttpRequest(decodeResult: success, version: HTTP/1.1)
POST /session/33d259ce395fece4b52986130fc84b4f/execute/sync HTTP/1.1
User-Agent: selenium/4.8.1 (java windows)
Content-Length: 176
Content-Type: application/json; charset=utf-8
host: localhost:19142
accept: */*

Response DefaultHttpResponse(decodeResult: success, version: HTTP/1.1)
HTTP/1.1 200 OK
Content-Length: 97040
Content-Type: application/json; charset=utf-8
cache-control: no-cache

11:14:50.291 [AsyncHttpClient-1-2] DEBUG org.asynchttpclient.netty.channel.ChannelManager - Adding key: http://localhost:19142 for channel [id: 0x02c02815, L:/127.0.0.1:50334 - R:localhost/127.0.0.1:19142]
11:14:50.300 [Forwarding getCurrentUrl on session 33d259ce395fece4b52986130fc84b4f to remote] DEBUG org.asynchttpclient.netty.request.NettyRequestSender - Using pooled Channel '[id: 0x02c02815, L:/127.0.0.1:50334 - R:localhost/127.0.0.1:19142]' for 'GET' to 'http://localhost:19142/session/33d259ce395fece4b52986130fc84b4f/url'
11:14:50.300 [Forwarding getCurrentUrl on session 33d259ce395fece4b52986130fc84b4f to remote] DEBUG org.asynchttpclient.netty.request.NettyRequestSender - Using open Channel [id: 0x02c02815, L:/127.0.0.1:50334 - R:localhost/127.0.0.1:19142] for GET '/session/33d259ce395fece4b52986130fc84b4f/url'
11:14:50.305 [AsyncHttpClient-1-2] DEBUG org.asynchttpclient.netty.handler.HttpHandler - 

Request DefaultFullHttpRequest(decodeResult: success, version: HTTP/1.1, content: EmptyByteBufBE)
GET /session/33d259ce395fece4b52986130fc84b4f/url HTTP/1.1
User-Agent: selenium/4.8.1 (java windows)
Cache-Control: no-cache
Content-Type: application/json; charset=utf-8
host: localhost:19142
accept: */*

Response DefaultHttpResponse(decodeResult: success, version: HTTP/1.1)
HTTP/1.1 200 OK
Content-Length: 42
Content-Type: application/json; charset=utf-8
cache-control: no-cache

11:14:50.305 [AsyncHttpClient-1-2] DEBUG org.asynchttpclient.netty.channel.ChannelManager - Adding key: http://localhost:19142 for channel [id: 0x02c02815, L:/127.0.0.1:50334 - R:localhost/127.0.0.1:19142]
11:14:50.321 [Forwarding getAlertText on session 33d259ce395fece4b52986130fc84b4f to remote] DEBUG org.asynchttpclient.netty.request.NettyRequestSender - Using pooled Channel '[id: 0x02c02815, L:/127.0.0.1:50334 - R:localhost/127.0.0.1:19142]' for 'GET' to 'http://localhost:19142/session/33d259ce395fece4b52986130fc84b4f/alert/text'
11:14:50.321 [Forwarding getAlertText on session 33d259ce395fece4b52986130fc84b4f to remote] DEBUG org.asynchttpclient.netty.request.NettyRequestSender - Using open Channel [id: 0x02c02815, L:/127.0.0.1:50334 - R:localhost/127.0.0.1:19142] for GET '/session/33d259ce395fece4b52986130fc84b4f/alert/text'
11:14:50.323 [AsyncHttpClient-1-2] DEBUG org.asynchttpclient.netty.handler.HttpHandler - 

Request DefaultFullHttpRequest(decodeResult: success, version: HTTP/1.1, content: EmptyByteBufBE)
GET /session/33d259ce395fece4b52986130fc84b4f/alert/text HTTP/1.1
User-Agent: selenium/4.8.1 (java windows)
Cache-Control: no-cache
Content-Type: application/json; charset=utf-8
host: localhost:19142
accept: */*

Response DefaultHttpResponse(decodeResult: success, version: HTTP/1.1)
HTTP/1.1 404 Not Found
Content-Length: 836
Content-Type: application/json; charset=utf-8
cache-control: no-cache

11:14:50.323 [AsyncHttpClient-1-2] DEBUG org.asynchttpclient.netty.channel.ChannelManager - Adding key: http://localhost:19142 for channel [id: 0x02c02815, L:/127.0.0.1:50334 - R:localhost/127.0.0.1:19142]
11:14:50.324 [Forwarding getCurrentUrl on session 33d259ce395fece4b52986130fc84b4f to remote] DEBUG org.asynchttpclient.netty.request.NettyRequestSender - Using pooled Channel '[id: 0x02c02815, L:/127.0.0.1:50334 - R:localhost/127.0.0.1:19142]' for 'GET' to 'http://localhost:19142/session/33d259ce395fece4b52986130fc84b4f/url'
11:14:50.324 [Forwarding getCurrentUrl on session 33d259ce395fece4b52986130fc84b4f to remote] DEBUG org.asynchttpclient.netty.request.NettyRequestSender - Using open Channel [id: 0x02c02815, L:/127.0.0.1:50334 - R:localhost/127.0.0.1:19142] for GET '/session/33d259ce395fece4b52986130fc84b4f/url'
11:14:50.329 [AsyncHttpClient-1-2] DEBUG org.asynchttpclient.netty.handler.HttpHandler - 

Request DefaultFullHttpRequest(decodeResult: success, version: HTTP/1.1, content: EmptyByteBufBE)
GET /session/33d259ce395fece4b52986130fc84b4f/url HTTP/1.1
User-Agent: selenium/4.8.1 (java windows)
Cache-Control: no-cache
Content-Type: application/json; charset=utf-8
host: localhost:19142
accept: */*

Response DefaultHttpResponse(decodeResult: success, version: HTTP/1.1)
HTTP/1.1 200 OK
Content-Length: 42
Content-Type: application/json; charset=utf-8
cache-control: no-cache

11:14:50.329 [AsyncHttpClient-1-2] DEBUG org.asynchttpclient.netty.channel.ChannelManager - Adding key: http://localhost:19142 for channel [id: 0x02c02815, L:/127.0.0.1:50334 - R:localhost/127.0.0.1:19142]
11:14:50.330 [Forwarding screenshot on session 33d259ce395fece4b52986130fc84b4f to remote] DEBUG org.asynchttpclient.netty.request.NettyRequestSender - Using pooled Channel '[id: 0x02c02815, L:/127.0.0.1:50334 - R:localhost/127.0.0.1:19142]' for 'GET' to 'http://localhost:19142/session/33d259ce395fece4b52986130fc84b4f/screenshot'
11:14:50.330 [Forwarding screenshot on session 33d259ce395fece4b52986130fc84b4f to remote] DEBUG org.asynchttpclient.netty.request.NettyRequestSender - Using open Channel [id: 0x02c02815, L:/127.0.0.1:50334 - R:localhost/127.0.0.1:19142] for GET '/session/33d259ce395fece4b52986130fc84b4f/screenshot'
11:14:50.544 [AsyncHttpClient-1-2] DEBUG org.asynchttpclient.netty.handler.HttpHandler - 

Request DefaultFullHttpRequest(decodeResult: success, version: HTTP/1.1, content: EmptyByteBufBE)
GET /session/33d259ce395fece4b52986130fc84b4f/screenshot HTTP/1.1
User-Agent: selenium/4.8.1 (java windows)
Cache-Control: no-cache
Content-Type: application/json; charset=utf-8
host: localhost:19142
accept: */*

Response DefaultHttpResponse(decodeResult: success, version: HTTP/1.1)
HTTP/1.1 200 OK
Content-Length: 281852
Content-Type: application/json; charset=utf-8
cache-control: no-cache

11:14:50.547 [AsyncHttpClient-1-2] DEBUG org.asynchttpclient.netty.channel.ChannelManager - Adding key: http://localhost:19142 for channel [id: 0x02c02815, L:/127.0.0.1:50334 - R:localhost/127.0.0.1:19142]
11:14:50.556 [main] DEBUG net.serenitybdd.core.photography.Darkroom - Send negative for processing for target\site\serenity\772803f26439e918243cbd0516cf5d13e60047a01ab094de4b780ce34e31025c.png
11:14:50.558 [Forwarding getPageSource on session 33d259ce395fece4b52986130fc84b4f to remote] DEBUG org.asynchttpclient.netty.request.NettyRequestSender - Using pooled Channel '[id: 0x02c02815, L:/127.0.0.1:50334 - R:localhost/127.0.0.1:19142]' for 'POST' to 'http://localhost:19142/session/33d259ce395fece4b52986130fc84b4f/execute/sync'
11:14:50.558 [Forwarding getPageSource on session 33d259ce395fece4b52986130fc84b4f to remote] DEBUG org.asynchttpclient.netty.request.NettyRequestSender - Using open Channel [id: 0x02c02815, L:/127.0.0.1:50334 - R:localhost/127.0.0.1:19142] for POST '/session/33d259ce395fece4b52986130fc84b4f/execute/sync'
11:14:50.570 [AsyncHttpClient-1-2] DEBUG org.asynchttpclient.netty.handler.HttpHandler - 

Request DefaultHttpRequest(decodeResult: success, version: HTTP/1.1)
POST /session/33d259ce395fece4b52986130fc84b4f/execute/sync HTTP/1.1
User-Agent: selenium/4.8.1 (java windows)
Content-Length: 176
Content-Type: application/json; charset=utf-8
host: localhost:19142
accept: */*

Response DefaultHttpResponse(decodeResult: success, version: HTTP/1.1)
HTTP/1.1 200 OK
Content-Length: 97040
Content-Type: application/json; charset=utf-8
cache-control: no-cache

11:14:50.570 [AsyncHttpClient-1-2] DEBUG org.asynchttpclient.netty.channel.ChannelManager - Adding key: http://localhost:19142 for channel [id: 0x02c02815, L:/127.0.0.1:50334 - R:localhost/127.0.0.1:19142]
11:14:50.579 [Forwarding getCurrentUrl on session 33d259ce395fece4b52986130fc84b4f to remote] DEBUG org.asynchttpclient.netty.request.NettyRequestSender - Using pooled Channel '[id: 0x02c02815, L:/127.0.0.1:50334 - R:localhost/127.0.0.1:19142]' for 'GET' to 'http://localhost:19142/session/33d259ce395fece4b52986130fc84b4f/url'
11:14:50.579 [Forwarding getCurrentUrl on session 33d259ce395fece4b52986130fc84b4f to remote] DEBUG org.asynchttpclient.netty.request.NettyRequestSender - Using open Channel [id: 0x02c02815, L:/127.0.0.1:50334 - R:localhost/127.0.0.1:19142] for GET '/session/33d259ce395fece4b52986130fc84b4f/url'
11:14:50.585 [AsyncHttpClient-1-2] DEBUG org.asynchttpclient.netty.handler.HttpHandler - 

Request DefaultFullHttpRequest(decodeResult: success, version: HTTP/1.1, content: EmptyByteBufBE)
GET /session/33d259ce395fece4b52986130fc84b4f/url HTTP/1.1
User-Agent: selenium/4.8.1 (java windows)
Cache-Control: no-cache
Content-Type: application/json; charset=utf-8
host: localhost:19142
accept: */*

Response DefaultHttpResponse(decodeResult: success, version: HTTP/1.1)
HTTP/1.1 200 OK
Content-Length: 42
Content-Type: application/json; charset=utf-8
cache-control: no-cache

11:14:50.585 [AsyncHttpClient-1-2] DEBUG org.asynchttpclient.netty.channel.ChannelManager - Adding key: http://localhost:19142 for channel [id: 0x02c02815, L:/127.0.0.1:50334 - R:localhost/127.0.0.1:19142]
11:14:50.588 [main] DEBUG net.thucydides.core.steps.StepInterceptor - STARTING STEP: LoginSteps.inputPassword - inputPassword
11:14:50.593 [Forwarding findElement on session 33d259ce395fece4b52986130fc84b4f to remote] DEBUG org.asynchttpclient.netty.request.NettyRequestSender - Using pooled Channel '[id: 0x02c02815, L:/127.0.0.1:50334 - R:localhost/127.0.0.1:19142]' for 'POST' to 'http://localhost:19142/session/33d259ce395fece4b52986130fc84b4f/element'
11:14:50.593 [Forwarding findElement on session 33d259ce395fece4b52986130fc84b4f to remote] DEBUG org.asynchttpclient.netty.request.NettyRequestSender - Using open Channel [id: 0x02c02815, L:/127.0.0.1:50334 - R:localhost/127.0.0.1:19142] for POST '/session/33d259ce395fece4b52986130fc84b4f/element'
11:14:50.606 [AsyncHttpClient-1-2] DEBUG org.asynchttpclient.netty.handler.HttpHandler - 

Request DefaultHttpRequest(decodeResult: success, version: HTTP/1.1)
POST /session/33d259ce395fece4b52986130fc84b4f/element HTTP/1.1
User-Agent: selenium/4.8.1 (java windows)
Content-Length: 53
Content-Type: application/json; charset=utf-8
host: localhost:19142
accept: */*

Response DefaultHttpResponse(decodeResult: success, version: HTTP/1.1)
HTTP/1.1 200 OK
Content-Length: 88
Content-Type: application/json; charset=utf-8
cache-control: no-cache

11:14:50.607 [AsyncHttpClient-1-2] DEBUG org.asynchttpclient.netty.channel.ChannelManager - Adding key: http://localhost:19142 for channel [id: 0x02c02815, L:/127.0.0.1:50334 - R:localhost/127.0.0.1:19142]
11:14:50.608 [Forwarding clearElement on session 33d259ce395fece4b52986130fc84b4f to remote] DEBUG org.asynchttpclient.netty.request.NettyRequestSender - Using pooled Channel '[id: 0x02c02815, L:/127.0.0.1:50334 - R:localhost/127.0.0.1:19142]' for 'POST' to 'http://localhost:19142/session/33d259ce395fece4b52986130fc84b4f/element/8e02ee16-6a50-43b9-ad2e-38774f04eae0/clear'
11:14:50.608 [Forwarding clearElement on session 33d259ce395fece4b52986130fc84b4f to remote] DEBUG org.asynchttpclient.netty.request.NettyRequestSender - Using open Channel [id: 0x02c02815, L:/127.0.0.1:50334 - R:localhost/127.0.0.1:19142] for POST '/session/33d259ce395fece4b52986130fc84b4f/element/8e02ee16-6a50-43b9-ad2e-38774f04eae0/clear'
11:14:50.644 [AsyncHttpClient-1-2] DEBUG org.asynchttpclient.netty.handler.HttpHandler - 

Request DefaultHttpRequest(decodeResult: success, version: HTTP/1.1)
POST /session/33d259ce395fece4b52986130fc84b4f/element/8e02ee16-6a50-43b9-ad2e-38774f04eae0/clear HTTP/1.1
User-Agent: selenium/4.8.1 (java windows)
Content-Length: 50
Content-Type: application/json; charset=utf-8
host: localhost:19142
accept: */*

Response DefaultHttpResponse(decodeResult: success, version: HTTP/1.1)
HTTP/1.1 200 OK
Content-Length: 14
Content-Type: application/json; charset=utf-8
cache-control: no-cache

11:14:50.644 [AsyncHttpClient-1-2] DEBUG org.asynchttpclient.netty.channel.ChannelManager - Adding key: http://localhost:19142 for channel [id: 0x02c02815, L:/127.0.0.1:50334 - R:localhost/127.0.0.1:19142]
11:14:50.648 [Forwarding sendKeysToElement on session 33d259ce395fece4b52986130fc84b4f to remote] DEBUG org.asynchttpclient.netty.request.NettyRequestSender - Using pooled Channel '[id: 0x02c02815, L:/127.0.0.1:50334 - R:localhost/127.0.0.1:19142]' for 'POST' to 'http://localhost:19142/session/33d259ce395fece4b52986130fc84b4f/element/8e02ee16-6a50-43b9-ad2e-38774f04eae0/value'
11:14:50.648 [Forwarding sendKeysToElement on session 33d259ce395fece4b52986130fc84b4f to remote] DEBUG org.asynchttpclient.netty.request.NettyRequestSender - Using open Channel [id: 0x02c02815, L:/127.0.0.1:50334 - R:localhost/127.0.0.1:19142] for POST '/session/33d259ce395fece4b52986130fc84b4f/element/8e02ee16-6a50-43b9-ad2e-38774f04eae0/value'
11:14:50.792 [AsyncHttpClient-1-2] DEBUG org.asynchttpclient.netty.handler.HttpHandler - 

Request DefaultHttpRequest(decodeResult: success, version: HTTP/1.1)
POST /session/33d259ce395fece4b52986130fc84b4f/element/8e02ee16-6a50-43b9-ad2e-38774f04eae0/value HTTP/1.1
User-Agent: selenium/4.8.1 (java windows)
Content-Length: 221
Content-Type: application/json; charset=utf-8
host: localhost:19142
accept: */*

Response DefaultHttpResponse(decodeResult: success, version: HTTP/1.1)
HTTP/1.1 200 OK
Content-Length: 14
Content-Type: application/json; charset=utf-8
cache-control: no-cache

11:14:50.793 [AsyncHttpClient-1-2] DEBUG org.asynchttpclient.netty.channel.ChannelManager - Adding key: http://localhost:19142 for channel [id: 0x02c02815, L:/127.0.0.1:50334 - R:localhost/127.0.0.1:19142]
11:14:50.812 [Forwarding getAlertText on session 33d259ce395fece4b52986130fc84b4f to remote] DEBUG org.asynchttpclient.netty.request.NettyRequestSender - Using pooled Channel '[id: 0x02c02815, L:/127.0.0.1:50334 - R:localhost/127.0.0.1:19142]' for 'GET' to 'http://localhost:19142/session/33d259ce395fece4b52986130fc84b4f/alert/text'
11:14:50.812 [Forwarding getAlertText on session 33d259ce395fece4b52986130fc84b4f to remote] DEBUG org.asynchttpclient.netty.request.NettyRequestSender - Using open Channel [id: 0x02c02815, L:/127.0.0.1:50334 - R:localhost/127.0.0.1:19142] for GET '/session/33d259ce395fece4b52986130fc84b4f/alert/text'
11:14:50.816 [AsyncHttpClient-1-2] DEBUG org.asynchttpclient.netty.handler.HttpHandler - 

Request DefaultFullHttpRequest(decodeResult: success, version: HTTP/1.1, content: EmptyByteBufBE)
GET /session/33d259ce395fece4b52986130fc84b4f/alert/text HTTP/1.1
User-Agent: selenium/4.8.1 (java windows)
Cache-Control: no-cache
Content-Type: application/json; charset=utf-8
host: localhost:19142
accept: */*

Response DefaultHttpResponse(decodeResult: success, version: HTTP/1.1)
HTTP/1.1 404 Not Found
Content-Length: 836
Content-Type: application/json; charset=utf-8
cache-control: no-cache

11:14:50.817 [AsyncHttpClient-1-2] DEBUG org.asynchttpclient.netty.channel.ChannelManager - Adding key: http://localhost:19142 for channel [id: 0x02c02815, L:/127.0.0.1:50334 - R:localhost/127.0.0.1:19142]
11:14:50.821 [Forwarding getCurrentUrl on session 33d259ce395fece4b52986130fc84b4f to remote] DEBUG org.asynchttpclient.netty.request.NettyRequestSender - Using pooled Channel '[id: 0x02c02815, L:/127.0.0.1:50334 - R:localhost/127.0.0.1:19142]' for 'GET' to 'http://localhost:19142/session/33d259ce395fece4b52986130fc84b4f/url'
11:14:50.821 [Forwarding getCurrentUrl on session 33d259ce395fece4b52986130fc84b4f to remote] DEBUG org.asynchttpclient.netty.request.NettyRequestSender - Using open Channel [id: 0x02c02815, L:/127.0.0.1:50334 - R:localhost/127.0.0.1:19142] for GET '/session/33d259ce395fece4b52986130fc84b4f/url'
11:14:50.829 [AsyncHttpClient-1-2] DEBUG org.asynchttpclient.netty.handler.HttpHandler - 

Request DefaultFullHttpRequest(decodeResult: success, version: HTTP/1.1, content: EmptyByteBufBE)
GET /session/33d259ce395fece4b52986130fc84b4f/url HTTP/1.1
User-Agent: selenium/4.8.1 (java windows)
Cache-Control: no-cache
Content-Type: application/json; charset=utf-8
host: localhost:19142
accept: */*

Response DefaultHttpResponse(decodeResult: success, version: HTTP/1.1)
HTTP/1.1 200 OK
Content-Length: 42
Content-Type: application/json; charset=utf-8
cache-control: no-cache

11:14:50.830 [AsyncHttpClient-1-2] DEBUG org.asynchttpclient.netty.channel.ChannelManager - Adding key: http://localhost:19142 for channel [id: 0x02c02815, L:/127.0.0.1:50334 - R:localhost/127.0.0.1:19142]
11:14:50.832 [Forwarding screenshot on session 33d259ce395fece4b52986130fc84b4f to remote] DEBUG org.asynchttpclient.netty.request.NettyRequestSender - Using pooled Channel '[id: 0x02c02815, L:/127.0.0.1:50334 - R:localhost/127.0.0.1:19142]' for 'GET' to 'http://localhost:19142/session/33d259ce395fece4b52986130fc84b4f/screenshot'
11:14:50.832 [Forwarding screenshot on session 33d259ce395fece4b52986130fc84b4f to remote] DEBUG org.asynchttpclient.netty.request.NettyRequestSender - Using open Channel [id: 0x02c02815, L:/127.0.0.1:50334 - R:localhost/127.0.0.1:19142] for GET '/session/33d259ce395fece4b52986130fc84b4f/screenshot'
11:14:51.104 [AsyncHttpClient-1-1] DEBUG org.asynchttpclient.netty.channel.DefaultChannelPool - Entry count for : http://localhost:50335 : 1
11:14:51.121 [AsyncHttpClient-1-2] DEBUG org.asynchttpclient.netty.handler.HttpHandler - 

Request DefaultFullHttpRequest(decodeResult: success, version: HTTP/1.1, content: EmptyByteBufBE)
GET /session/33d259ce395fece4b52986130fc84b4f/screenshot HTTP/1.1
User-Agent: selenium/4.8.1 (java windows)
Cache-Control: no-cache
Content-Type: application/json; charset=utf-8
host: localhost:19142
accept: */*

Response DefaultHttpResponse(decodeResult: success, version: HTTP/1.1)
HTTP/1.1 200 OK
Content-Length: 280128
Content-Type: application/json; charset=utf-8
cache-control: no-cache

11:14:51.123 [AsyncHttpClient-1-2] DEBUG org.asynchttpclient.netty.channel.ChannelManager - Adding key: http://localhost:19142 for channel [id: 0x02c02815, L:/127.0.0.1:50334 - R:localhost/127.0.0.1:19142]
11:14:51.133 [main] DEBUG net.serenitybdd.core.photography.Darkroom - Send negative for processing for target\site\serenity\b0a1f3275ba2000c5e58019af4d76500b8a7fa6e2100f04181dfe00c3231b6ed.png
11:14:51.134 [main] DEBUG net.thucydides.core.steps.StepInterceptor - STEP DONE: inputPassword
11:14:51.134 [Darkroom Processing Line] DEBUG net.serenitybdd.core.photography.DarkroomProcessingLine - Processing screenshot image in /var/screenshots/screenshot-16744477255335557818
11:14:51.134 [Darkroom Processing Line] DEBUG net.serenitybdd.core.photography.DarkroomProcessingLine - Saving screenshot to target\site\serenity\b0a1f3275ba2000c5e58019af4d76500b8a7fa6e2100f04181dfe00c3231b6ed.png
  &amp#27;[32mAnd &amp#27;[0m&amp#27;[32mI enter correct password&amp#27;[0m                                &amp#27;[90m# starter.stepdefintions.LoginSteps.inputPassword()&amp#27;[0m
11:14:51.154 [Forwarding getPageSource on session 33d259ce395fece4b52986130fc84b4f to remote] DEBUG org.asynchttpclient.netty.request.NettyRequestSender - Using pooled Channel '[id: 0x02c02815, L:/127.0.0.1:50334 - R:localhost/127.0.0.1:19142]' for 'POST' to 'http://localhost:19142/session/33d259ce395fece4b52986130fc84b4f/execute/sync'
11:14:51.154 [Forwarding getPageSource on session 33d259ce395fece4b52986130fc84b4f to remote] DEBUG org.asynchttpclient.netty.request.NettyRequestSender - Using open Channel [id: 0x02c02815, L:/127.0.0.1:50334 - R:localhost/127.0.0.1:19142] for POST '/session/33d259ce395fece4b52986130fc84b4f/execute/sync'
11:14:51.169 [AsyncHttpClient-1-2] DEBUG org.asynchttpclient.netty.handler.HttpHandler - 

Request DefaultHttpRequest(decodeResult: success, version: HTTP/1.1)
POST /session/33d259ce395fece4b52986130fc84b4f/execute/sync HTTP/1.1
User-Agent: selenium/4.8.1 (java windows)
Content-Length: 176
Content-Type: application/json; charset=utf-8
host: localhost:19142
accept: */*

Response DefaultHttpResponse(decodeResult: success, version: HTTP/1.1)
HTTP/1.1 200 OK
Content-Length: 97059
Content-Type: application/json; charset=utf-8
cache-control: no-cache

11:14:51.170 [AsyncHttpClient-1-2] DEBUG org.asynchttpclient.netty.channel.ChannelManager - Adding key: http://localhost:19142 for channel [id: 0x02c02815, L:/127.0.0.1:50334 - R:localhost/127.0.0.1:19142]
11:14:51.178 [Forwarding getCurrentUrl on session 33d259ce395fece4b52986130fc84b4f to remote] DEBUG org.asynchttpclient.netty.request.NettyRequestSender - Using pooled Channel '[id: 0x02c02815, L:/127.0.0.1:50334 - R:localhost/127.0.0.1:19142]' for 'GET' to 'http://localhost:19142/session/33d259ce395fece4b52986130fc84b4f/url'
11:14:51.178 [Forwarding getCurrentUrl on session 33d259ce395fece4b52986130fc84b4f to remote] DEBUG org.asynchttpclient.netty.request.NettyRequestSender - Using open Channel [id: 0x02c02815, L:/127.0.0.1:50334 - R:localhost/127.0.0.1:19142] for GET '/session/33d259ce395fece4b52986130fc84b4f/url'
11:14:51.184 [AsyncHttpClient-1-2] DEBUG org.asynchttpclient.netty.handler.HttpHandler - 

Request DefaultFullHttpRequest(decodeResult: success, version: HTTP/1.1, content: EmptyByteBufBE)
GET /session/33d259ce395fece4b52986130fc84b4f/url HTTP/1.1
User-Agent: selenium/4.8.1 (java windows)
Cache-Control: no-cache
Content-Type: application/json; charset=utf-8
host: localhost:19142
accept: */*

Response DefaultHttpResponse(decodeResult: success, version: HTTP/1.1)
HTTP/1.1 200 OK
Content-Length: 42
Content-Type: application/json; charset=utf-8
cache-control: no-cache

11:14:51.185 [AsyncHttpClient-1-2] DEBUG org.asynchttpclient.netty.channel.ChannelManager - Adding key: http://localhost:19142 for channel [id: 0x02c02815, L:/127.0.0.1:50334 - R:localhost/127.0.0.1:19142]
11:14:51.208 [Forwarding getAlertText on session 33d259ce395fece4b52986130fc84b4f to remote] DEBUG org.asynchttpclient.netty.request.NettyRequestSender - Using pooled Channel '[id: 0x02c02815, L:/127.0.0.1:50334 - R:localhost/127.0.0.1:19142]' for 'GET' to 'http://localhost:19142/session/33d259ce395fece4b52986130fc84b4f/alert/text'
11:14:51.208 [Forwarding getAlertText on session 33d259ce395fece4b52986130fc84b4f to remote] DEBUG org.asynchttpclient.netty.request.NettyRequestSender - Using open Channel [id: 0x02c02815, L:/127.0.0.1:50334 - R:localhost/127.0.0.1:19142] for GET '/session/33d259ce395fece4b52986130fc84b4f/alert/text'
11:14:51.210 [AsyncHttpClient-1-2] DEBUG org.asynchttpclient.netty.handler.HttpHandler - 

Request DefaultFullHttpRequest(decodeResult: success, version: HTTP/1.1, content: EmptyByteBufBE)
GET /session/33d259ce395fece4b52986130fc84b4f/alert/text HTTP/1.1
User-Agent: selenium/4.8.1 (java windows)
Cache-Control: no-cache
Content-Type: application/json; charset=utf-8
host: localhost:19142
accept: */*

Response DefaultHttpResponse(decodeResult: success, version: HTTP/1.1)
HTTP/1.1 404 Not Found
Content-Length: 836
Content-Type: application/json; charset=utf-8
cache-control: no-cache

11:14:51.211 [AsyncHttpClient-1-2] DEBUG org.asynchttpclient.netty.channel.ChannelManager - Adding key: http://localhost:19142 for channel [id: 0x02c02815, L:/127.0.0.1:50334 - R:localhost/127.0.0.1:19142]
11:14:51.213 [Forwarding getCurrentUrl on session 33d259ce395fece4b52986130fc84b4f to remote] DEBUG org.asynchttpclient.netty.request.NettyRequestSender - Using pooled Channel '[id: 0x02c02815, L:/127.0.0.1:50334 - R:localhost/127.0.0.1:19142]' for 'GET' to 'http://localhost:19142/session/33d259ce395fece4b52986130fc84b4f/url'
11:14:51.213 [Forwarding getCurrentUrl on session 33d259ce395fece4b52986130fc84b4f to remote] DEBUG org.asynchttpclient.netty.request.NettyRequestSender - Using open Channel [id: 0x02c02815, L:/127.0.0.1:50334 - R:localhost/127.0.0.1:19142] for GET '/session/33d259ce395fece4b52986130fc84b4f/url'
11:14:51.219 [AsyncHttpClient-1-2] DEBUG org.asynchttpclient.netty.handler.HttpHandler - 

Request DefaultFullHttpRequest(decodeResult: success, version: HTTP/1.1, content: EmptyByteBufBE)
GET /session/33d259ce395fece4b52986130fc84b4f/url HTTP/1.1
User-Agent: selenium/4.8.1 (java windows)
Cache-Control: no-cache
Content-Type: application/json; charset=utf-8
host: localhost:19142
accept: */*

Response DefaultHttpResponse(decodeResult: success, version: HTTP/1.1)
HTTP/1.1 200 OK
Content-Length: 42
Content-Type: application/json; charset=utf-8
cache-control: no-cache

11:14:51.219 [AsyncHttpClient-1-2] DEBUG org.asynchttpclient.netty.channel.ChannelManager - Adding key: http://localhost:19142 for channel [id: 0x02c02815, L:/127.0.0.1:50334 - R:localhost/127.0.0.1:19142]
11:14:51.221 [Forwarding screenshot on session 33d259ce395fece4b52986130fc84b4f to remote] DEBUG org.asynchttpclient.netty.request.NettyRequestSender - Using pooled Channel '[id: 0x02c02815, L:/127.0.0.1:50334 - R:localhost/127.0.0.1:19142]' for 'GET' to 'http://localhost:19142/session/33d259ce395fece4b52986130fc84b4f/screenshot'
11:14:51.221 [Forwarding screenshot on session 33d259ce395fece4b52986130fc84b4f to remote] DEBUG org.asynchttpclient.netty.request.NettyRequestSender - Using open Channel [id: 0x02c02815, L:/127.0.0.1:50334 - R:localhost/127.0.0.1:19142] for GET '/session/33d259ce395fece4b52986130fc84b4f/screenshot'
11:14:51.449 [AsyncHttpClient-1-2] DEBUG org.asynchttpclient.netty.handler.HttpHandler - 

Request DefaultFullHttpRequest(decodeResult: success, version: HTTP/1.1, content: EmptyByteBufBE)
GET /session/33d259ce395fece4b52986130fc84b4f/screenshot HTTP/1.1
User-Agent: selenium/4.8.1 (java windows)
Cache-Control: no-cache
Content-Type: application/json; charset=utf-8
host: localhost:19142
accept: */*

Response DefaultHttpResponse(decodeResult: success, version: HTTP/1.1)
HTTP/1.1 200 OK
Content-Length: 276732
Content-Type: application/json; charset=utf-8
cache-control: no-cache

11:14:51.451 [AsyncHttpClient-1-2] DEBUG org.asynchttpclient.netty.channel.ChannelManager - Adding key: http://localhost:19142 for channel [id: 0x02c02815, L:/127.0.0.1:50334 - R:localhost/127.0.0.1:19142]
11:14:51.464 [main] DEBUG net.serenitybdd.core.photography.Darkroom - Send negative for processing for target\site\serenity\924d18a0000470d70d3384c714a3ad577f164b4dd5ecd39c9b2ff6a9712649d4.png
11:14:51.464 [Darkroom Processing Line] DEBUG net.serenitybdd.core.photography.DarkroomProcessingLine - Processing screenshot image in /var/screenshots/screenshot-10598746470493988111
11:14:51.464 [Darkroom Processing Line] DEBUG net.serenitybdd.core.photography.DarkroomProcessingLine - Saving screenshot to target\site\serenity\924d18a0000470d70d3384c714a3ad577f164b4dd5ecd39c9b2ff6a9712649d4.png
11:14:51.467 [Forwarding getPageSource on session 33d259ce395fece4b52986130fc84b4f to remote] DEBUG org.asynchttpclient.netty.request.NettyRequestSender - Using pooled Channel '[id: 0x02c02815, L:/127.0.0.1:50334 - R:localhost/127.0.0.1:19142]' for 'POST' to 'http://localhost:19142/session/33d259ce395fece4b52986130fc84b4f/execute/sync'
11:14:51.467 [Forwarding getPageSource on session 33d259ce395fece4b52986130fc84b4f to remote] DEBUG org.asynchttpclient.netty.request.NettyRequestSender - Using open Channel [id: 0x02c02815, L:/127.0.0.1:50334 - R:localhost/127.0.0.1:19142] for POST '/session/33d259ce395fece4b52986130fc84b4f/execute/sync'
11:14:51.487 [AsyncHttpClient-1-2] DEBUG org.asynchttpclient.netty.handler.HttpHandler - 

Request DefaultHttpRequest(decodeResult: success, version: HTTP/1.1)
POST /session/33d259ce395fece4b52986130fc84b4f/execute/sync HTTP/1.1
User-Agent: selenium/4.8.1 (java windows)
Content-Length: 176
Content-Type: application/json; charset=utf-8
host: localhost:19142
accept: */*

Response DefaultHttpResponse(decodeResult: success, version: HTTP/1.1)
HTTP/1.1 200 OK
Content-Length: 97059
Content-Type: application/json; charset=utf-8
cache-control: no-cache

11:14:51.488 [AsyncHttpClient-1-2] DEBUG org.asynchttpclient.netty.channel.ChannelManager - Adding key: http://localhost:19142 for channel [id: 0x02c02815, L:/127.0.0.1:50334 - R:localhost/127.0.0.1:19142]
11:14:51.500 [Forwarding getCurrentUrl on session 33d259ce395fece4b52986130fc84b4f to remote] DEBUG org.asynchttpclient.netty.request.NettyRequestSender - Using pooled Channel '[id: 0x02c02815, L:/127.0.0.1:50334 - R:localhost/127.0.0.1:19142]' for 'GET' to 'http://localhost:19142/session/33d259ce395fece4b52986130fc84b4f/url'
11:14:51.501 [Forwarding getCurrentUrl on session 33d259ce395fece4b52986130fc84b4f to remote] DEBUG org.asynchttpclient.netty.request.NettyRequestSender - Using open Channel [id: 0x02c02815, L:/127.0.0.1:50334 - R:localhost/127.0.0.1:19142] for GET '/session/33d259ce395fece4b52986130fc84b4f/url'
11:14:51.509 [AsyncHttpClient-1-2] DEBUG org.asynchttpclient.netty.handler.HttpHandler - 

Request DefaultFullHttpRequest(decodeResult: success, version: HTTP/1.1, content: EmptyByteBufBE)
GET /session/33d259ce395fece4b52986130fc84b4f/url HTTP/1.1
User-Agent: selenium/4.8.1 (java windows)
Cache-Control: no-cache
Content-Type: application/json; charset=utf-8
host: localhost:19142
accept: */*

Response DefaultHttpResponse(decodeResult: success, version: HTTP/1.1)
HTTP/1.1 200 OK
Content-Length: 42
Content-Type: application/json; charset=utf-8
cache-control: no-cache

11:14:51.509 [AsyncHttpClient-1-2] DEBUG org.asynchttpclient.netty.channel.ChannelManager - Adding key: http://localhost:19142 for channel [id: 0x02c02815, L:/127.0.0.1:50334 - R:localhost/127.0.0.1:19142]
11:14:51.524 [main] DEBUG net.thucydides.core.steps.StepInterceptor - STARTING STEP: LoginSteps.clickSubmitButton - clickSubmitButton
11:14:51.537 [Forwarding findElement on session 33d259ce395fece4b52986130fc84b4f to remote] DEBUG org.asynchttpclient.netty.request.NettyRequestSender - Using pooled Channel '[id: 0x02c02815, L:/127.0.0.1:50334 - R:localhost/127.0.0.1:19142]' for 'POST' to 'http://localhost:19142/session/33d259ce395fece4b52986130fc84b4f/element'
11:14:51.537 [Forwarding findElement on session 33d259ce395fece4b52986130fc84b4f to remote] DEBUG org.asynchttpclient.netty.request.NettyRequestSender - Using open Channel [id: 0x02c02815, L:/127.0.0.1:50334 - R:localhost/127.0.0.1:19142] for POST '/session/33d259ce395fece4b52986130fc84b4f/element'
11:14:51.576 [AsyncHttpClient-1-2] DEBUG org.asynchttpclient.netty.handler.HttpHandler - 

Request DefaultHttpRequest(decodeResult: success, version: HTTP/1.1)
POST /session/33d259ce395fece4b52986130fc84b4f/element HTTP/1.1
User-Agent: selenium/4.8.1 (java windows)
Content-Length: 57
Content-Type: application/json; charset=utf-8
host: localhost:19142
accept: */*

Response DefaultHttpResponse(decodeResult: success, version: HTTP/1.1)
HTTP/1.1 200 OK
Content-Length: 88
Content-Type: application/json; charset=utf-8
cache-control: no-cache

11:14:51.576 [AsyncHttpClient-1-2] DEBUG org.asynchttpclient.netty.channel.ChannelManager - Adding key: http://localhost:19142 for channel [id: 0x02c02815, L:/127.0.0.1:50334 - R:localhost/127.0.0.1:19142]
11:14:51.582 [Forwarding getElementTagName on session 33d259ce395fece4b52986130fc84b4f to remote] DEBUG org.asynchttpclient.netty.request.NettyRequestSender - Using pooled Channel '[id: 0x02c02815, L:/127.0.0.1:50334 - R:localhost/127.0.0.1:19142]' for 'GET' to 'http://localhost:19142/session/33d259ce395fece4b52986130fc84b4f/element/6598ccad-9361-40e2-bdb3-00f07fce3686/name'
11:14:51.582 [Forwarding getElementTagName on session 33d259ce395fece4b52986130fc84b4f to remote] DEBUG org.asynchttpclient.netty.request.NettyRequestSender - Using open Channel [id: 0x02c02815, L:/127.0.0.1:50334 - R:localhost/127.0.0.1:19142] for GET '/session/33d259ce395fece4b52986130fc84b4f/element/6598ccad-9361-40e2-bdb3-00f07fce3686/name'
11:14:51.608 [AsyncHttpClient-1-2] DEBUG org.asynchttpclient.netty.handler.HttpHandler - 

Request DefaultFullHttpRequest(decodeResult: success, version: HTTP/1.1, content: EmptyByteBufBE)
GET /session/33d259ce395fece4b52986130fc84b4f/element/6598ccad-9361-40e2-bdb3-00f07fce3686/name HTTP/1.1
User-Agent: selenium/4.8.1 (java windows)
Cache-Control: no-cache
Content-Type: application/json; charset=utf-8
host: localhost:19142
accept: */*

Response DefaultHttpResponse(decodeResult: success, version: HTTP/1.1)
HTTP/1.1 200 OK
Content-Length: 18
Content-Type: application/json; charset=utf-8
cache-control: no-cache

11:14:51.609 [AsyncHttpClient-1-2] DEBUG org.asynchttpclient.netty.channel.ChannelManager - Adding key: http://localhost:19142 for channel [id: 0x02c02815, L:/127.0.0.1:50334 - R:localhost/127.0.0.1:19142]
11:14:51.612 [Forwarding getElementTagName on session 33d259ce395fece4b52986130fc84b4f to remote] DEBUG org.asynchttpclient.netty.request.NettyRequestSender - Using pooled Channel '[id: 0x02c02815, L:/127.0.0.1:50334 - R:localhost/127.0.0.1:19142]' for 'GET' to 'http://localhost:19142/session/33d259ce395fece4b52986130fc84b4f/element/6598ccad-9361-40e2-bdb3-00f07fce3686/name'
11:14:51.613 [Forwarding getElementTagName on session 33d259ce395fece4b52986130fc84b4f to remote] DEBUG org.asynchttpclient.netty.request.NettyRequestSender - Using open Channel [id: 0x02c02815, L:/127.0.0.1:50334 - R:localhost/127.0.0.1:19142] for GET '/session/33d259ce395fece4b52986130fc84b4f/element/6598ccad-9361-40e2-bdb3-00f07fce3686/name'
11:14:51.623 [AsyncHttpClient-1-2] DEBUG org.asynchttpclient.netty.handler.HttpHandler - 

Request DefaultFullHttpRequest(decodeResult: success, version: HTTP/1.1, content: EmptyByteBufBE)
GET /session/33d259ce395fece4b52986130fc84b4f/element/6598ccad-9361-40e2-bdb3-00f07fce3686/name HTTP/1.1
User-Agent: selenium/4.8.1 (java windows)
Cache-Control: no-cache
Content-Type: application/json; charset=utf-8
host: localhost:19142
accept: */*

Response DefaultHttpResponse(decodeResult: success, version: HTTP/1.1)
HTTP/1.1 200 OK
Content-Length: 18
Content-Type: application/json; charset=utf-8
cache-control: no-cache

11:14:51.624 [AsyncHttpClient-1-2] DEBUG org.asynchttpclient.netty.channel.ChannelManager - Adding key: http://localhost:19142 for channel [id: 0x02c02815, L:/127.0.0.1:50334 - R:localhost/127.0.0.1:19142]
11:14:51.633 [Forwarding isElementEnabled on session 33d259ce395fece4b52986130fc84b4f to remote] DEBUG org.asynchttpclient.netty.request.NettyRequestSender - Using pooled Channel '[id: 0x02c02815, L:/127.0.0.1:50334 - R:localhost/127.0.0.1:19142]' for 'GET' to 'http://localhost:19142/session/33d259ce395fece4b52986130fc84b4f/element/6598ccad-9361-40e2-bdb3-00f07fce3686/enabled'
11:14:51.634 [Forwarding isElementEnabled on session 33d259ce395fece4b52986130fc84b4f to remote] DEBUG org.asynchttpclient.netty.request.NettyRequestSender - Using open Channel [id: 0x02c02815, L:/127.0.0.1:50334 - R:localhost/127.0.0.1:19142] for GET '/session/33d259ce395fece4b52986130fc84b4f/element/6598ccad-9361-40e2-bdb3-00f07fce3686/enabled'
11:14:51.680 [AsyncHttpClient-1-2] DEBUG org.asynchttpclient.netty.handler.HttpHandler - 

Request DefaultFullHttpRequest(decodeResult: success, version: HTTP/1.1, content: EmptyByteBufBE)
GET /session/33d259ce395fece4b52986130fc84b4f/element/6598ccad-9361-40e2-bdb3-00f07fce3686/enabled HTTP/1.1
User-Agent: selenium/4.8.1 (java windows)
Cache-Control: no-cache
Content-Type: application/json; charset=utf-8
host: localhost:19142
accept: */*

Response DefaultHttpResponse(decodeResult: success, version: HTTP/1.1)
HTTP/1.1 200 OK
Content-Length: 14
Content-Type: application/json; charset=utf-8
cache-control: no-cache

11:14:51.680 [AsyncHttpClient-1-2] DEBUG org.asynchttpclient.netty.channel.ChannelManager - Adding key: http://localhost:19142 for channel [id: 0x02c02815, L:/127.0.0.1:50334 - R:localhost/127.0.0.1:19142]
11:14:51.683 [Forwarding isElementEnabled on session 33d259ce395fece4b52986130fc84b4f to remote] DEBUG org.asynchttpclient.netty.request.NettyRequestSender - Using pooled Channel '[id: 0x02c02815, L:/127.0.0.1:50334 - R:localhost/127.0.0.1:19142]' for 'GET' to 'http://localhost:19142/session/33d259ce395fece4b52986130fc84b4f/element/6598ccad-9361-40e2-bdb3-00f07fce3686/enabled'
11:14:51.683 [Forwarding isElementEnabled on session 33d259ce395fece4b52986130fc84b4f to remote] DEBUG org.asynchttpclient.netty.request.NettyRequestSender - Using open Channel [id: 0x02c02815, L:/127.0.0.1:50334 - R:localhost/127.0.0.1:19142] for GET '/session/33d259ce395fece4b52986130fc84b4f/element/6598ccad-9361-40e2-bdb3-00f07fce3686/enabled'
11:14:51.691 [AsyncHttpClient-1-2] DEBUG org.asynchttpclient.netty.handler.HttpHandler - 

Request DefaultFullHttpRequest(decodeResult: success, version: HTTP/1.1, content: EmptyByteBufBE)
GET /session/33d259ce395fece4b52986130fc84b4f/element/6598ccad-9361-40e2-bdb3-00f07fce3686/enabled HTTP/1.1
User-Agent: selenium/4.8.1 (java windows)
Cache-Control: no-cache
Content-Type: application/json; charset=utf-8
host: localhost:19142
accept: */*

Response DefaultHttpResponse(decodeResult: success, version: HTTP/1.1)
HTTP/1.1 200 OK
Content-Length: 14
Content-Type: application/json; charset=utf-8
cache-control: no-cache

11:14:51.691 [AsyncHttpClient-1-2] DEBUG org.asynchttpclient.netty.channel.ChannelManager - Adding key: http://localhost:19142 for channel [id: 0x02c02815, L:/127.0.0.1:50334 - R:localhost/127.0.0.1:19142]
11:14:51.695 [Forwarding findElement on session 33d259ce395fece4b52986130fc84b4f to remote] DEBUG org.asynchttpclient.netty.request.NettyRequestSender - Using pooled Channel '[id: 0x02c02815, L:/127.0.0.1:50334 - R:localhost/127.0.0.1:19142]' for 'POST' to 'http://localhost:19142/session/33d259ce395fece4b52986130fc84b4f/element'
11:14:51.695 [Forwarding findElement on session 33d259ce395fece4b52986130fc84b4f to remote] DEBUG org.asynchttpclient.netty.request.NettyRequestSender - Using open Channel [id: 0x02c02815, L:/127.0.0.1:50334 - R:localhost/127.0.0.1:19142] for POST '/session/33d259ce395fece4b52986130fc84b4f/element'
11:14:51.705 [AsyncHttpClient-1-2] DEBUG org.asynchttpclient.netty.handler.HttpHandler - 

Request DefaultHttpRequest(decodeResult: success, version: HTTP/1.1)
POST /session/33d259ce395fece4b52986130fc84b4f/element HTTP/1.1
User-Agent: selenium/4.8.1 (java windows)
Content-Length: 57
Content-Type: application/json; charset=utf-8
host: localhost:19142
accept: */*

Response DefaultHttpResponse(decodeResult: success, version: HTTP/1.1)
HTTP/1.1 200 OK
Content-Length: 88
Content-Type: application/json; charset=utf-8
cache-control: no-cache

11:14:51.705 [AsyncHttpClient-1-2] DEBUG org.asynchttpclient.netty.channel.ChannelManager - Adding key: http://localhost:19142 for channel [id: 0x02c02815, L:/127.0.0.1:50334 - R:localhost/127.0.0.1:19142]
11:14:51.708 [Forwarding clickElement on session 33d259ce395fece4b52986130fc84b4f to remote] DEBUG org.asynchttpclient.netty.request.NettyRequestSender - Using pooled Channel '[id: 0x02c02815, L:/127.0.0.1:50334 - R:localhost/127.0.0.1:19142]' for 'POST' to 'http://localhost:19142/session/33d259ce395fece4b52986130fc84b4f/element/6598ccad-9361-40e2-bdb3-00f07fce3686/click'
11:14:51.709 [Forwarding clickElement on session 33d259ce395fece4b52986130fc84b4f to remote] DEBUG org.asynchttpclient.netty.request.NettyRequestSender - Using open Channel [id: 0x02c02815, L:/127.0.0.1:50334 - R:localhost/127.0.0.1:19142] for POST '/session/33d259ce395fece4b52986130fc84b4f/element/6598ccad-9361-40e2-bdb3-00f07fce3686/click'
11:14:51.792 [AsyncHttpClient-1-2] DEBUG org.asynchttpclient.netty.handler.HttpHandler - 

Request DefaultHttpRequest(decodeResult: success, version: HTTP/1.1)
POST /session/33d259ce395fece4b52986130fc84b4f/element/6598ccad-9361-40e2-bdb3-00f07fce3686/click HTTP/1.1
User-Agent: selenium/4.8.1 (java windows)
Content-Length: 50
Content-Type: application/json; charset=utf-8
host: localhost:19142
accept: */*

Response DefaultHttpResponse(decodeResult: success, version: HTTP/1.1)
HTTP/1.1 200 OK
Content-Length: 14
Content-Type: application/json; charset=utf-8
cache-control: no-cache

11:14:51.792 [AsyncHttpClient-1-2] DEBUG org.asynchttpclient.netty.channel.ChannelManager - Adding key: http://localhost:19142 for channel [id: 0x02c02815, L:/127.0.0.1:50334 - R:localhost/127.0.0.1:19142]
11:14:51.801 [Forwarding getAlertText on session 33d259ce395fece4b52986130fc84b4f to remote] DEBUG org.asynchttpclient.netty.request.NettyRequestSender - Using pooled Channel '[id: 0x02c02815, L:/127.0.0.1:50334 - R:localhost/127.0.0.1:19142]' for 'GET' to 'http://localhost:19142/session/33d259ce395fece4b52986130fc84b4f/alert/text'
11:14:51.801 [Forwarding getAlertText on session 33d259ce395fece4b52986130fc84b4f to remote] DEBUG org.asynchttpclient.netty.request.NettyRequestSender - Using open Channel [id: 0x02c02815, L:/127.0.0.1:50334 - R:localhost/127.0.0.1:19142] for GET '/session/33d259ce395fece4b52986130fc84b4f/alert/text'
11:14:51.803 [AsyncHttpClient-1-2] DEBUG org.asynchttpclient.netty.handler.HttpHandler - 

Request DefaultFullHttpRequest(decodeResult: success, version: HTTP/1.1, content: EmptyByteBufBE)
GET /session/33d259ce395fece4b52986130fc84b4f/alert/text HTTP/1.1
User-Agent: selenium/4.8.1 (java windows)
Cache-Control: no-cache
Content-Type: application/json; charset=utf-8
host: localhost:19142
accept: */*

Response DefaultHttpResponse(decodeResult: success, version: HTTP/1.1)
HTTP/1.1 404 Not Found
Content-Length: 836
Content-Type: application/json; charset=utf-8
cache-control: no-cache

11:14:51.804 [AsyncHttpClient-1-2] DEBUG org.asynchttpclient.netty.channel.ChannelManager - Adding key: http://localhost:19142 for channel [id: 0x02c02815, L:/127.0.0.1:50334 - R:localhost/127.0.0.1:19142]
11:14:51.805 [Forwarding getCurrentUrl on session 33d259ce395fece4b52986130fc84b4f to remote] DEBUG org.asynchttpclient.netty.request.NettyRequestSender - Using pooled Channel '[id: 0x02c02815, L:/127.0.0.1:50334 - R:localhost/127.0.0.1:19142]' for 'GET' to 'http://localhost:19142/session/33d259ce395fece4b52986130fc84b4f/url'
11:14:51.805 [Forwarding getCurrentUrl on session 33d259ce395fece4b52986130fc84b4f to remote] DEBUG org.asynchttpclient.netty.request.NettyRequestSender - Using open Channel [id: 0x02c02815, L:/127.0.0.1:50334 - R:localhost/127.0.0.1:19142] for GET '/session/33d259ce395fece4b52986130fc84b4f/url'
11:14:51.810 [AsyncHttpClient-1-2] DEBUG org.asynchttpclient.netty.handler.HttpHandler - 

Request DefaultFullHttpRequest(decodeResult: success, version: HTTP/1.1, content: EmptyByteBufBE)
GET /session/33d259ce395fece4b52986130fc84b4f/url HTTP/1.1
User-Agent: selenium/4.8.1 (java windows)
Cache-Control: no-cache
Content-Type: application/json; charset=utf-8
host: localhost:19142
accept: */*

Response DefaultHttpResponse(decodeResult: success, version: HTTP/1.1)
HTTP/1.1 200 OK
Content-Length: 42
Content-Type: application/json; charset=utf-8
cache-control: no-cache

11:14:51.810 [AsyncHttpClient-1-2] DEBUG org.asynchttpclient.netty.channel.ChannelManager - Adding key: http://localhost:19142 for channel [id: 0x02c02815, L:/127.0.0.1:50334 - R:localhost/127.0.0.1:19142]
11:14:51.811 [Forwarding screenshot on session 33d259ce395fece4b52986130fc84b4f to remote] DEBUG org.asynchttpclient.netty.request.NettyRequestSender - Using pooled Channel '[id: 0x02c02815, L:/127.0.0.1:50334 - R:localhost/127.0.0.1:19142]' for 'GET' to 'http://localhost:19142/session/33d259ce395fece4b52986130fc84b4f/screenshot'
11:14:51.811 [Forwarding screenshot on session 33d259ce395fece4b52986130fc84b4f to remote] DEBUG org.asynchttpclient.netty.request.NettyRequestSender - Using open Channel [id: 0x02c02815, L:/127.0.0.1:50334 - R:localhost/127.0.0.1:19142] for GET '/session/33d259ce395fece4b52986130fc84b4f/screenshot'
11:14:52.199 [AsyncHttpClient-1-2] DEBUG org.asynchttpclient.netty.handler.HttpHandler - 

Request DefaultFullHttpRequest(decodeResult: success, version: HTTP/1.1, content: EmptyByteBufBE)
GET /session/33d259ce395fece4b52986130fc84b4f/screenshot HTTP/1.1
User-Agent: selenium/4.8.1 (java windows)
Cache-Control: no-cache
Content-Type: application/json; charset=utf-8
host: localhost:19142
accept: */*

Response DefaultHttpResponse(decodeResult: success, version: HTTP/1.1)
HTTP/1.1 200 OK
Content-Length: 156728
Content-Type: application/json; charset=utf-8
cache-control: no-cache

11:14:52.202 [AsyncHttpClient-1-2] DEBUG org.asynchttpclient.netty.channel.ChannelManager - Adding key: http://localhost:19142 for channel [id: 0x02c02815, L:/127.0.0.1:50334 - R:localhost/127.0.0.1:19142]
11:14:52.205 [AsyncHttpClient-1-1] DEBUG org.asynchttpclient.netty.channel.DefaultChannelPool - Entry count for : http://localhost:50335 : 1
11:14:52.205 [AsyncHttpClient-1-1] DEBUG org.asynchttpclient.netty.channel.DefaultChannelPool - Entry count for : http://localhost:19142 : 1
11:14:52.216 [main] DEBUG net.serenitybdd.core.photography.Darkroom - Send negative for processing for target\site\serenity\3b668f1fb3d5cb6162c98d63deaf4b75ac0fdb78aad6bebbc0e80b025d09d18f.png
11:14:52.216 [main] DEBUG net.thucydides.core.steps.StepInterceptor - STEP DONE: clickSubmitButton
11:14:52.217 [Darkroom Processing Line] DEBUG net.serenitybdd.core.photography.DarkroomProcessingLine - Processing screenshot image in /var/screenshots/screenshot-3392669304527376369
  &amp#27;[32mWhen &amp#27;[0m&amp#27;[32mI click on the submit button&amp#27;[0m                           &amp#27;[90m# starter.stepdefintions.LoginSteps.clickSubmitButton()&amp#27;[0m
11:14:52.217 [Darkroom Processing Line] DEBUG net.serenitybdd.core.photography.DarkroomProcessingLine - Saving screenshot to target\site\serenity\3b668f1fb3d5cb6162c98d63deaf4b75ac0fdb78aad6bebbc0e80b025d09d18f.png
11:14:52.260 [Forwarding getPageSource on session 33d259ce395fece4b52986130fc84b4f to remote] DEBUG org.asynchttpclient.netty.request.NettyRequestSender - Using pooled Channel '[id: 0x02c02815, L:/127.0.0.1:50334 - R:localhost/127.0.0.1:19142]' for 'POST' to 'http://localhost:19142/session/33d259ce395fece4b52986130fc84b4f/execute/sync'
11:14:52.260 [Forwarding getPageSource on session 33d259ce395fece4b52986130fc84b4f to remote] DEBUG org.asynchttpclient.netty.request.NettyRequestSender - Using open Channel [id: 0x02c02815, L:/127.0.0.1:50334 - R:localhost/127.0.0.1:19142] for POST '/session/33d259ce395fece4b52986130fc84b4f/execute/sync'
11:14:52.302 [AsyncHttpClient-1-2] DEBUG org.asynchttpclient.netty.handler.HttpHandler - 

Request DefaultHttpRequest(decodeResult: success, version: HTTP/1.1)
POST /session/33d259ce395fece4b52986130fc84b4f/execute/sync HTTP/1.1
User-Agent: selenium/4.8.1 (java windows)
Content-Length: 176
Content-Type: application/json; charset=utf-8
host: localhost:19142
accept: */*

Response DefaultHttpResponse(decodeResult: success, version: HTTP/1.1)
HTTP/1.1 200 OK
Content-Length: 103507
Content-Type: application/json; charset=utf-8
cache-control: no-cache

11:14:52.303 [AsyncHttpClient-1-2] DEBUG org.asynchttpclient.netty.channel.ChannelManager - Adding key: http://localhost:19142 for channel [id: 0x02c02815, L:/127.0.0.1:50334 - R:localhost/127.0.0.1:19142]
11:14:52.335 [Forwarding getCurrentUrl on session 33d259ce395fece4b52986130fc84b4f to remote] DEBUG org.asynchttpclient.netty.request.NettyRequestSender - Using pooled Channel '[id: 0x02c02815, L:/127.0.0.1:50334 - R:localhost/127.0.0.1:19142]' for 'GET' to 'http://localhost:19142/session/33d259ce395fece4b52986130fc84b4f/url'
11:14:52.335 [Forwarding getCurrentUrl on session 33d259ce395fece4b52986130fc84b4f to remote] DEBUG org.asynchttpclient.netty.request.NettyRequestSender - Using open Channel [id: 0x02c02815, L:/127.0.0.1:50334 - R:localhost/127.0.0.1:19142] for GET '/session/33d259ce395fece4b52986130fc84b4f/url'
11:14:52.351 [AsyncHttpClient-1-2] DEBUG org.asynchttpclient.netty.handler.HttpHandler - 

Request DefaultFullHttpRequest(decodeResult: success, version: HTTP/1.1, content: EmptyByteBufBE)
GET /session/33d259ce395fece4b52986130fc84b4f/url HTTP/1.1
User-Agent: selenium/4.8.1 (java windows)
Cache-Control: no-cache
Content-Type: application/json; charset=utf-8
host: localhost:19142
accept: */*

Response DefaultHttpResponse(decodeResult: success, version: HTTP/1.1)
HTTP/1.1 200 OK
Content-Length: 42
Content-Type: application/json; charset=utf-8
cache-control: no-cache

11:14:52.352 [AsyncHttpClient-1-2] DEBUG org.asynchttpclient.netty.channel.ChannelManager - Adding key: http://localhost:19142 for channel [id: 0x02c02815, L:/127.0.0.1:50334 - R:localhost/127.0.0.1:19142]
11:14:52.399 [Forwarding getAlertText on session 33d259ce395fece4b52986130fc84b4f to remote] DEBUG org.asynchttpclient.netty.request.NettyRequestSender - Using pooled Channel '[id: 0x02c02815, L:/127.0.0.1:50334 - R:localhost/127.0.0.1:19142]' for 'GET' to 'http://localhost:19142/session/33d259ce395fece4b52986130fc84b4f/alert/text'
11:14:52.399 [Forwarding getAlertText on session 33d259ce395fece4b52986130fc84b4f to remote] DEBUG org.asynchttpclient.netty.request.NettyRequestSender - Using open Channel [id: 0x02c02815, L:/127.0.0.1:50334 - R:localhost/127.0.0.1:19142] for GET '/session/33d259ce395fece4b52986130fc84b4f/alert/text'
11:14:52.433 [AsyncHttpClient-1-2] DEBUG org.asynchttpclient.netty.handler.HttpHandler - 

Request DefaultFullHttpRequest(decodeResult: success, version: HTTP/1.1, content: EmptyByteBufBE)
GET /session/33d259ce395fece4b52986130fc84b4f/alert/text HTTP/1.1
User-Agent: selenium/4.8.1 (java windows)
Cache-Control: no-cache
Content-Type: application/json; charset=utf-8
host: localhost:19142
accept: */*

Response DefaultHttpResponse(decodeResult: success, version: HTTP/1.1)
HTTP/1.1 404 Not Found
Content-Length: 836
Content-Type: application/json; charset=utf-8
cache-control: no-cache

11:14:52.433 [AsyncHttpClient-1-2] DEBUG org.asynchttpclient.netty.channel.ChannelManager - Adding key: http://localhost:19142 for channel [id: 0x02c02815, L:/127.0.0.1:50334 - R:localhost/127.0.0.1:19142]
11:14:52.437 [Forwarding getCurrentUrl on session 33d259ce395fece4b52986130fc84b4f to remote] DEBUG org.asynchttpclient.netty.request.NettyRequestSender - Using pooled Channel '[id: 0x02c02815, L:/127.0.0.1:50334 - R:localhost/127.0.0.1:19142]' for 'GET' to 'http://localhost:19142/session/33d259ce395fece4b52986130fc84b4f/url'
11:14:52.438 [Forwarding getCurrentUrl on session 33d259ce395fece4b52986130fc84b4f to remote] DEBUG org.asynchttpclient.netty.request.NettyRequestSender - Using open Channel [id: 0x02c02815, L:/127.0.0.1:50334 - R:localhost/127.0.0.1:19142] for GET '/session/33d259ce395fece4b52986130fc84b4f/url'
11:14:52.445 [AsyncHttpClient-1-2] DEBUG org.asynchttpclient.netty.handler.HttpHandler - 

Request DefaultFullHttpRequest(decodeResult: success, version: HTTP/1.1, content: EmptyByteBufBE)
GET /session/33d259ce395fece4b52986130fc84b4f/url HTTP/1.1
User-Agent: selenium/4.8.1 (java windows)
Cache-Control: no-cache
Content-Type: application/json; charset=utf-8
host: localhost:19142
accept: */*

Response DefaultHttpResponse(decodeResult: success, version: HTTP/1.1)
HTTP/1.1 200 OK
Content-Length: 42
Content-Type: application/json; charset=utf-8
cache-control: no-cache

11:14:52.446 [AsyncHttpClient-1-2] DEBUG org.asynchttpclient.netty.channel.ChannelManager - Adding key: http://localhost:19142 for channel [id: 0x02c02815, L:/127.0.0.1:50334 - R:localhost/127.0.0.1:19142]
11:14:52.448 [Forwarding screenshot on session 33d259ce395fece4b52986130fc84b4f to remote] DEBUG org.asynchttpclient.netty.request.NettyRequestSender - Using pooled Channel '[id: 0x02c02815, L:/127.0.0.1:50334 - R:localhost/127.0.0.1:19142]' for 'GET' to 'http://localhost:19142/session/33d259ce395fece4b52986130fc84b4f/screenshot'
11:14:52.448 [Forwarding screenshot on session 33d259ce395fece4b52986130fc84b4f to remote] DEBUG org.asynchttpclient.netty.request.NettyRequestSender - Using open Channel [id: 0x02c02815, L:/127.0.0.1:50334 - R:localhost/127.0.0.1:19142] for GET '/session/33d259ce395fece4b52986130fc84b4f/screenshot'
11:14:52.681 [AsyncHttpClient-1-2] DEBUG org.asynchttpclient.netty.handler.HttpHandler - 

Request DefaultFullHttpRequest(decodeResult: success, version: HTTP/1.1, content: EmptyByteBufBE)
GET /session/33d259ce395fece4b52986130fc84b4f/screenshot HTTP/1.1
User-Agent: selenium/4.8.1 (java windows)
Cache-Control: no-cache
Content-Type: application/json; charset=utf-8
host: localhost:19142
accept: */*

Response DefaultHttpResponse(decodeResult: success, version: HTTP/1.1)
HTTP/1.1 200 OK
Content-Length: 158028
Content-Type: application/json; charset=utf-8
cache-control: no-cache

11:14:52.683 [AsyncHttpClient-1-2] DEBUG org.asynchttpclient.netty.channel.ChannelManager - Adding key: http://localhost:19142 for channel [id: 0x02c02815, L:/127.0.0.1:50334 - R:localhost/127.0.0.1:19142]
11:14:52.688 [main] DEBUG net.serenitybdd.core.photography.Darkroom - Send negative for processing for target\site\serenity\fcd88d2bb75205ed5aea31d5da8954dd431109afa9b68c661aeb2e5922027711.png
11:14:52.688 [Darkroom Processing Line] DEBUG net.serenitybdd.core.photography.DarkroomProcessingLine - Processing screenshot image in /var/screenshots/screenshot-4827830175922917616
11:14:52.689 [Darkroom Processing Line] DEBUG net.serenitybdd.core.photography.DarkroomProcessingLine - Saving screenshot to target\site\serenity\fcd88d2bb75205ed5aea31d5da8954dd431109afa9b68c661aeb2e5922027711.png
11:14:52.690 [Forwarding getPageSource on session 33d259ce395fece4b52986130fc84b4f to remote] DEBUG org.asynchttpclient.netty.request.NettyRequestSender - Using pooled Channel '[id: 0x02c02815, L:/127.0.0.1:50334 - R:localhost/127.0.0.1:19142]' for 'POST' to 'http://localhost:19142/session/33d259ce395fece4b52986130fc84b4f/execute/sync'
11:14:52.690 [Forwarding getPageSource on session 33d259ce395fece4b52986130fc84b4f to remote] DEBUG org.asynchttpclient.netty.request.NettyRequestSender - Using open Channel [id: 0x02c02815, L:/127.0.0.1:50334 - R:localhost/127.0.0.1:19142] for POST '/session/33d259ce395fece4b52986130fc84b4f/execute/sync'
11:14:52.705 [AsyncHttpClient-1-2] DEBUG org.asynchttpclient.netty.handler.HttpHandler - 

Request DefaultHttpRequest(decodeResult: success, version: HTTP/1.1)
POST /session/33d259ce395fece4b52986130fc84b4f/execute/sync HTTP/1.1
User-Agent: selenium/4.8.1 (java windows)
Content-Length: 176
Content-Type: application/json; charset=utf-8
host: localhost:19142
accept: */*

Response DefaultHttpResponse(decodeResult: success, version: HTTP/1.1)
HTTP/1.1 200 OK
Content-Length: 103810
Content-Type: application/json; charset=utf-8
cache-control: no-cache

11:14:52.706 [AsyncHttpClient-1-2] DEBUG org.asynchttpclient.netty.channel.ChannelManager - Adding key: http://localhost:19142 for channel [id: 0x02c02815, L:/127.0.0.1:50334 - R:localhost/127.0.0.1:19142]
11:14:52.719 [Forwarding getCurrentUrl on session 33d259ce395fece4b52986130fc84b4f to remote] DEBUG org.asynchttpclient.netty.request.NettyRequestSender - Using pooled Channel '[id: 0x02c02815, L:/127.0.0.1:50334 - R:localhost/127.0.0.1:19142]' for 'GET' to 'http://localhost:19142/session/33d259ce395fece4b52986130fc84b4f/url'
11:14:52.720 [Forwarding getCurrentUrl on session 33d259ce395fece4b52986130fc84b4f to remote] DEBUG org.asynchttpclient.netty.request.NettyRequestSender - Using open Channel [id: 0x02c02815, L:/127.0.0.1:50334 - R:localhost/127.0.0.1:19142] for GET '/session/33d259ce395fece4b52986130fc84b4f/url'
11:14:52.727 [AsyncHttpClient-1-2] DEBUG org.asynchttpclient.netty.handler.HttpHandler - 

Request DefaultFullHttpRequest(decodeResult: success, version: HTTP/1.1, content: EmptyByteBufBE)
GET /session/33d259ce395fece4b52986130fc84b4f/url HTTP/1.1
User-Agent: selenium/4.8.1 (java windows)
Cache-Control: no-cache
Content-Type: application/json; charset=utf-8
host: localhost:19142
accept: */*

Response DefaultHttpResponse(decodeResult: success, version: HTTP/1.1)
HTTP/1.1 200 OK
Content-Length: 42
Content-Type: application/json; charset=utf-8
cache-control: no-cache

11:14:52.728 [AsyncHttpClient-1-2] DEBUG org.asynchttpclient.netty.channel.ChannelManager - Adding key: http://localhost:19142 for channel [id: 0x02c02815, L:/127.0.0.1:50334 - R:localhost/127.0.0.1:19142]
11:14:52.736 [main] DEBUG net.thucydides.core.steps.StepInterceptor - STARTING STEP: LoginSteps.validateLoginSuccess - validateLoginSuccess
11:14:52.746 [Forwarding findElement on session 33d259ce395fece4b52986130fc84b4f to remote] DEBUG org.asynchttpclient.netty.request.NettyRequestSender - Using pooled Channel '[id: 0x02c02815, L:/127.0.0.1:50334 - R:localhost/127.0.0.1:19142]' for 'POST' to 'http://localhost:19142/session/33d259ce395fece4b52986130fc84b4f/element'
11:14:52.747 [Forwarding findElement on session 33d259ce395fece4b52986130fc84b4f to remote] DEBUG org.asynchttpclient.netty.request.NettyRequestSender - Using open Channel [id: 0x02c02815, L:/127.0.0.1:50334 - R:localhost/127.0.0.1:19142] for POST '/session/33d259ce395fece4b52986130fc84b4f/element'
11:14:52.767 [AsyncHttpClient-1-2] DEBUG org.asynchttpclient.netty.handler.HttpHandler - 

Request DefaultHttpRequest(decodeResult: success, version: HTTP/1.1)
POST /session/33d259ce395fece4b52986130fc84b4f/element HTTP/1.1
User-Agent: selenium/4.8.1 (java windows)
Content-Length: 62
Content-Type: application/json; charset=utf-8
host: localhost:19142
accept: */*

Response DefaultHttpResponse(decodeResult: success, version: HTTP/1.1)
HTTP/1.1 200 OK
Content-Length: 88
Content-Type: application/json; charset=utf-8
cache-control: no-cache

11:14:52.767 [AsyncHttpClient-1-2] DEBUG org.asynchttpclient.netty.channel.ChannelManager - Adding key: http://localhost:19142 for channel [id: 0x02c02815, L:/127.0.0.1:50334 - R:localhost/127.0.0.1:19142]
11:14:52.776 [Forwarding isElementDisplayed on session 33d259ce395fece4b52986130fc84b4f to remote] DEBUG org.asynchttpclient.netty.request.NettyRequestSender - Using pooled Channel '[id: 0x02c02815, L:/127.0.0.1:50334 - R:localhost/127.0.0.1:19142]' for 'POST' to 'http://localhost:19142/session/33d259ce395fece4b52986130fc84b4f/execute/sync'
11:14:52.776 [Forwarding isElementDisplayed on session 33d259ce395fece4b52986130fc84b4f to remote] DEBUG org.asynchttpclient.netty.request.NettyRequestSender - Using open Channel [id: 0x02c02815, L:/127.0.0.1:50334 - R:localhost/127.0.0.1:19142] for POST '/session/33d259ce395fece4b52986130fc84b4f/execute/sync'
11:14:52.814 [AsyncHttpClient-1-2] DEBUG org.asynchttpclient.netty.handler.HttpHandler - 

Request DefaultHttpRequest(decodeResult: success, version: HTTP/1.1)
POST /session/33d259ce395fece4b52986130fc84b4f/execute/sync HTTP/1.1
User-Agent: selenium/4.8.1 (java windows)
Content-Length: 48807
Content-Type: application/json; charset=utf-8
host: localhost:19142
accept: */*

Response DefaultHttpResponse(decodeResult: success, version: HTTP/1.1)
HTTP/1.1 200 OK
Content-Length: 14
Content-Type: application/json; charset=utf-8
cache-control: no-cache

11:14:52.814 [AsyncHttpClient-1-2] DEBUG org.asynchttpclient.netty.channel.ChannelManager - Adding key: http://localhost:19142 for channel [id: 0x02c02815, L:/127.0.0.1:50334 - R:localhost/127.0.0.1:19142]
11:14:52.837 [Forwarding getAlertText on session 33d259ce395fece4b52986130fc84b4f to remote] DEBUG org.asynchttpclient.netty.request.NettyRequestSender - Using pooled Channel '[id: 0x02c02815, L:/127.0.0.1:50334 - R:localhost/127.0.0.1:19142]' for 'GET' to 'http://localhost:19142/session/33d259ce395fece4b52986130fc84b4f/alert/text'
11:14:52.837 [Forwarding getAlertText on session 33d259ce395fece4b52986130fc84b4f to remote] DEBUG org.asynchttpclient.netty.request.NettyRequestSender - Using open Channel [id: 0x02c02815, L:/127.0.0.1:50334 - R:localhost/127.0.0.1:19142] for GET '/session/33d259ce395fece4b52986130fc84b4f/alert/text'
11:14:52.841 [AsyncHttpClient-1-2] DEBUG org.asynchttpclient.netty.handler.HttpHandler - 

Request DefaultFullHttpRequest(decodeResult: success, version: HTTP/1.1, content: EmptyByteBufBE)
GET /session/33d259ce395fece4b52986130fc84b4f/alert/text HTTP/1.1
User-Agent: selenium/4.8.1 (java windows)
Cache-Control: no-cache
Content-Type: application/json; charset=utf-8
host: localhost:19142
accept: */*

Response DefaultHttpResponse(decodeResult: success, version: HTTP/1.1)
HTTP/1.1 404 Not Found
Content-Length: 836
Content-Type: application/json; charset=utf-8
cache-control: no-cache

11:14:52.841 [AsyncHttpClient-1-2] DEBUG org.asynchttpclient.netty.channel.ChannelManager - Adding key: http://localhost:19142 for channel [id: 0x02c02815, L:/127.0.0.1:50334 - R:localhost/127.0.0.1:19142]
11:14:52.845 [Forwarding getCurrentUrl on session 33d259ce395fece4b52986130fc84b4f to remote] DEBUG org.asynchttpclient.netty.request.NettyRequestSender - Using pooled Channel '[id: 0x02c02815, L:/127.0.0.1:50334 - R:localhost/127.0.0.1:19142]' for 'GET' to 'http://localhost:19142/session/33d259ce395fece4b52986130fc84b4f/url'
11:14:52.845 [Forwarding getCurrentUrl on session 33d259ce395fece4b52986130fc84b4f to remote] DEBUG org.asynchttpclient.netty.request.NettyRequestSender - Using open Channel [id: 0x02c02815, L:/127.0.0.1:50334 - R:localhost/127.0.0.1:19142] for GET '/session/33d259ce395fece4b52986130fc84b4f/url'
11:14:52.854 [AsyncHttpClient-1-2] DEBUG org.asynchttpclient.netty.handler.HttpHandler - 

Request DefaultFullHttpRequest(decodeResult: success, version: HTTP/1.1, content: EmptyByteBufBE)
GET /session/33d259ce395fece4b52986130fc84b4f/url HTTP/1.1
User-Agent: selenium/4.8.1 (java windows)
Cache-Control: no-cache
Content-Type: application/json; charset=utf-8
host: localhost:19142
accept: */*

Response DefaultHttpResponse(decodeResult: success, version: HTTP/1.1)
HTTP/1.1 200 OK
Content-Length: 42
Content-Type: application/json; charset=utf-8
cache-control: no-cache

11:14:52.855 [AsyncHttpClient-1-2] DEBUG org.asynchttpclient.netty.channel.ChannelManager - Adding key: http://localhost:19142 for channel [id: 0x02c02815, L:/127.0.0.1:50334 - R:localhost/127.0.0.1:19142]
11:14:52.858 [Forwarding screenshot on session 33d259ce395fece4b52986130fc84b4f to remote] DEBUG org.asynchttpclient.netty.request.NettyRequestSender - Using pooled Channel '[id: 0x02c02815, L:/127.0.0.1:50334 - R:localhost/127.0.0.1:19142]' for 'GET' to 'http://localhost:19142/session/33d259ce395fece4b52986130fc84b4f/screenshot'
11:14:52.858 [Forwarding screenshot on session 33d259ce395fece4b52986130fc84b4f to remote] DEBUG org.asynchttpclient.netty.request.NettyRequestSender - Using open Channel [id: 0x02c02815, L:/127.0.0.1:50334 - R:localhost/127.0.0.1:19142] for GET '/session/33d259ce395fece4b52986130fc84b4f/screenshot'
11:14:53.193 [AsyncHttpClient-1-2] DEBUG org.asynchttpclient.netty.handler.HttpHandler - 

Request DefaultFullHttpRequest(decodeResult: success, version: HTTP/1.1, content: EmptyByteBufBE)
GET /session/33d259ce395fece4b52986130fc84b4f/screenshot HTTP/1.1
User-Agent: selenium/4.8.1 (java windows)
Cache-Control: no-cache
Content-Type: application/json; charset=utf-8
host: localhost:19142
accept: */*

Response DefaultHttpResponse(decodeResult: success, version: HTTP/1.1)
HTTP/1.1 200 OK
Content-Length: 159708
Content-Type: application/json; charset=utf-8
cache-control: no-cache

11:14:53.195 [AsyncHttpClient-1-2] DEBUG org.asynchttpclient.netty.channel.ChannelManager - Adding key: http://localhost:19142 for channel [id: 0x02c02815, L:/127.0.0.1:50334 - R:localhost/127.0.0.1:19142]
11:14:53.205 [main] DEBUG net.serenitybdd.core.photography.Darkroom - Send negative for processing for target\site\serenity\78e74209c27a3d64feb914896e5e5d5af85aed21d5d701e175ce34cf61873883.png
11:14:53.206 [main] DEBUG net.thucydides.core.steps.StepInterceptor - STEP DONE: validateLoginSuccess
11:14:53.206 [Darkroom Processing Line] DEBUG net.serenitybdd.core.photography.DarkroomProcessingLine - Processing screenshot image in /var/screenshots/screenshot-10229327350253815472
11:14:53.206 [Darkroom Processing Line] DEBUG net.serenitybdd.core.photography.DarkroomProcessingLine - Saving screenshot to target\site\serenity\78e74209c27a3d64feb914896e5e5d5af85aed21d5d701e175ce34cf61873883.png
  &amp#27;[32mThen &amp#27;[0m&amp#27;[32mI should be redirected to my Sepulsa account dashboard&amp#27;[0m &amp#27;[90m# starter.stepdefintions.LoginSteps.validateLoginSuccess()&amp#27;[0m
11:14:53.228 [main] INFO  - 
  _____   ___   ___   _____     ___     _     ___   ___   ___   ___  
 |_   _| | __| / __| |_   _|   | _ \   /_\   / __| / __| | __| |   \ 
   | |   | _|  \__ \   | |     |  _/  / _ \  \__ \ \__ \ | _|  | |) |
   |_|   |___| |___/   |_|     |_|   /_/ \_\ |___/ |___/ |___| |___/ 

Login with correct credentials
----------------------------------------------------------------------
11:14:53.311 [AsyncHttpClient-1-1] DEBUG org.asynchttpclient.netty.channel.DefaultChannelPool - Entry count for : http://localhost:50335 : 1
11:14:53.311 [AsyncHttpClient-1-1] DEBUG org.asynchttpclient.netty.channel.DefaultChannelPool - Entry count for : http://localhost:19142 : 1
11:14:53.393 [Driver Command Executor] DEBUG org.asynchttpclient.netty.request.NettyRequestSender - Using pooled Channel '[id: 0x02c02815, L:/127.0.0.1:50334 - R:localhost/127.0.0.1:19142]' for 'DELETE' to 'http://localhost:19142/session/33d259ce395fece4b52986130fc84b4f'
11:14:53.394 [Driver Command Executor] DEBUG org.asynchttpclient.netty.request.NettyRequestSender - Using open Channel [id: 0x02c02815, L:/127.0.0.1:50334 - R:localhost/127.0.0.1:19142] for DELETE '/session/33d259ce395fece4b52986130fc84b4f'
11:14:53.518 [AsyncHttpClient-1-3] DEBUG org.asynchttpclient.netty.handler.HttpHandler - Unexpected I/O exception on channel [id: 0x06ce228e, L:/127.0.0.1:50342 - R:localhost/127.0.0.1:50335]
java.net.SocketException: Connection reset
	at java.base/sun.nio.ch.SocketChannelImpl.throwConnectionReset(SocketChannelImpl.java:394)
	at java.base/sun.nio.ch.SocketChannelImpl.read(SocketChannelImpl.java:426)
	at io.netty.buffer.PooledByteBuf.setBytes(PooledByteBuf.java:259)
	at io.netty.buffer.AbstractByteBuf.writeBytes(AbstractByteBuf.java:1132)
	at io.netty.channel.socket.nio.NioSocketChannel.doReadBytes(NioSocketChannel.java:357)
	at io.netty.channel.nio.AbstractNioByteChannel$NioByteUnsafe.read(AbstractNioByteChannel.java:151)
	at io.netty.channel.nio.NioEventLoop.processSelectedKey(NioEventLoop.java:788)
	at io.netty.channel.nio.NioEventLoop.processSelectedKeysOptimized(NioEventLoop.java:724)
	at io.netty.channel.nio.NioEventLoop.processSelectedKeys(NioEventLoop.java:650)
	at io.netty.channel.nio.NioEventLoop.run(NioEventLoop.java:562)
	at io.netty.util.concurrent.SingleThreadEventExecutor$4.run(SingleThreadEventExecutor.java:997)
	at io.netty.util.internal.ThreadExecutorMap$2.run(ThreadExecutorMap.java:74)
	at io.netty.util.concurrent.FastThreadLocalRunnable.run(FastThreadLocalRunnable.java:30)
	at java.base/java.lang.Thread.run(Thread.java:833)
11:14:53.518 [AsyncHttpClient-1-4] DEBUG org.asynchttpclient.netty.handler.WebSocketHandler - Unexpected I/O exception on channel [id: 0xabaf5adc, L:/127.0.0.1:50343 - R:localhost/127.0.0.1:50335]
java.net.SocketException: Connection reset
	at java.base/sun.nio.ch.SocketChannelImpl.throwConnectionReset(SocketChannelImpl.java:394)
	at java.base/sun.nio.ch.SocketChannelImpl.read(SocketChannelImpl.java:426)
	at io.netty.buffer.PooledByteBuf.setBytes(PooledByteBuf.java:259)
	at io.netty.buffer.AbstractByteBuf.writeBytes(AbstractByteBuf.java:1132)
	at io.netty.channel.socket.nio.NioSocketChannel.doReadBytes(NioSocketChannel.java:357)
	at io.netty.channel.nio.AbstractNioByteChannel$NioByteUnsafe.read(AbstractNioByteChannel.java:151)
	at io.netty.channel.nio.NioEventLoop.processSelectedKey(NioEventLoop.java:788)
	at io.netty.channel.nio.NioEventLoop.processSelectedKeysOptimized(NioEventLoop.java:724)
	at io.netty.channel.nio.NioEventLoop.processSelectedKeys(NioEventLoop.java:650)
	at io.netty.channel.nio.NioEventLoop.run(NioEventLoop.java:562)
	at io.netty.util.concurrent.SingleThreadEventExecutor$4.run(SingleThreadEventExecutor.java:997)
	at io.netty.util.internal.ThreadExecutorMap$2.run(ThreadExecutorMap.java:74)
	at io.netty.util.concurrent.FastThreadLocalRunnable.run(FastThreadLocalRunnable.java:30)
	at java.base/java.lang.Thread.run(Thread.java:833)
11:14:53.519 [AsyncHttpClient-1-3] DEBUG org.asynchttpclient.netty.channel.ChannelManager - Closing Channel [id: 0x06ce228e, L:/127.0.0.1:50342 - R:localhost/127.0.0.1:50335] 
11:14:53.520 [AsyncHttpClient-1-4] DEBUG org.asynchttpclient.netty.handler.WebSocketHandler - Was unable to recover Future: NettyResponseFuture{currentRetry=0,
	isDone=1,
	isCancelled=0,
	asyncHandler=org.asynchttpclient.ws.WebSocketUpgradeHandler@1c2a8656,
	nettyRequest=org.asynchttpclient.netty.request.NettyRequest@2614b449,
	future=java.util.concurrent.CompletableFuture@69bd0f28[Completed normally],
	uri=ws://localhost:50335/devtools/browser/ba9f7d48-028b-43bc-904f-a002bf1459f1,
	keepAlive=true,
	redirectCount=0,
	timeoutsHolder=null,
	inAuth=0,
	touch=1681013693519}
11:14:53.521 [AsyncHttpClient-1-4] DEBUG org.asynchttpclient.netty.channel.ChannelManager - Closing Channel [id: 0xabaf5adc, L:/127.0.0.1:50343 - R:localhost/127.0.0.1:50335] 
11:14:53.522 [AsyncHttpClient-1-4] WARN org.asynchttpclient.netty.handler.WebSocketHandler - onError
java.net.SocketException: Connection reset
	at java.base/sun.nio.ch.SocketChannelImpl.throwConnectionReset(SocketChannelImpl.java:394)
	at java.base/sun.nio.ch.SocketChannelImpl.read(SocketChannelImpl.java:426)
	at io.netty.buffer.PooledByteBuf.setBytes(PooledByteBuf.java:259)
	at io.netty.buffer.AbstractByteBuf.writeBytes(AbstractByteBuf.java:1132)
	at io.netty.channel.socket.nio.NioSocketChannel.doReadBytes(NioSocketChannel.java:357)
	at io.netty.channel.nio.AbstractNioByteChannel$NioByteUnsafe.read(AbstractNioByteChannel.java:151)
	at io.netty.channel.nio.NioEventLoop.processSelectedKey(NioEventLoop.java:788)
	at io.netty.channel.nio.NioEventLoop.processSelectedKeysOptimized(NioEventLoop.java:724)
	at io.netty.channel.nio.NioEventLoop.processSelectedKeys(NioEventLoop.java:650)
	at io.netty.channel.nio.NioEventLoop.run(NioEventLoop.java:562)
	at io.netty.util.concurrent.SingleThreadEventExecutor$4.run(SingleThreadEventExecutor.java:997)
	at io.netty.util.internal.ThreadExecutorMap$2.run(ThreadExecutorMap.java:74)
	at io.netty.util.concurrent.FastThreadLocalRunnable.run(FastThreadLocalRunnable.java:30)
	at java.base/java.lang.Thread.run(Thread.java:833)
11:14:53.524 [AsyncHttpClient-1-3] DEBUG org.asynchttpclient.netty.handler.HttpHandler - Channel Closed: [id: 0x06ce228e, L:/127.0.0.1:50342 ! R:localhost/127.0.0.1:50335] with attribute DISCARD
11:14:53.526 [AsyncHttpClient-1-4] DEBUG org.asynchttpclient.netty.channel.ChannelManager - Closing Channel [id: 0xabaf5adc, L:/127.0.0.1:50343 ! R:localhost/127.0.0.1:50335] 
11:14:53.526 [AsyncHttpClient-1-4] DEBUG org.asynchttpclient.netty.handler.WebSocketHandler - Channel Closed: [id: 0xabaf5adc, L:/127.0.0.1:50343 ! R:localhost/127.0.0.1:50335] with attribute DISCARD
11:14:53.564 [AsyncHttpClient-1-2] DEBUG org.asynchttpclient.netty.handler.HttpHandler - 

Request DefaultFullHttpRequest(decodeResult: success, version: HTTP/1.1, content: EmptyByteBufBE)
DELETE /session/33d259ce395fece4b52986130fc84b4f HTTP/1.1
User-Agent: selenium/4.8.1 (java windows)
Content-Type: application/json; charset=utf-8
host: localhost:19142
accept: */*

Response DefaultHttpResponse(decodeResult: success, version: HTTP/1.1)
HTTP/1.1 200 OK
Content-Length: 14
Content-Type: application/json; charset=utf-8
cache-control: no-cache

11:14:53.564 [AsyncHttpClient-1-2] DEBUG org.asynchttpclient.netty.channel.ChannelManager - Adding key: http://localhost:19142 for channel [id: 0x02c02815, L:/127.0.0.1:50334 - R:localhost/127.0.0.1:19142]
11:14:53.729 [AsyncHttpClient-1-2] DEBUG org.asynchttpclient.netty.handler.HttpHandler - Channel Closed: [id: 0x02c02815, L:/127.0.0.1:50334 ! R:localhost/127.0.0.1:19142] with attribute DISCARD
]]></system-out>
    <system-err><![CDATA[Starting ChromeDriver 111.0.5563.64 (c710e93d5b63b7095afe8c2c17df34408078439d-refs/branch-heads/5563@{#995}) on port 19142
Only local connections are allowed.
Please see https://chromedriver.chromium.org/security-considerations for suggestions on keeping ChromeDriver safe.
ChromeDriver was started successfully.
Apr 09, 2023 11:14:28 AM org.openqa.selenium.devtools.CdpVersionFinder findNearestMatch
WARNING: Unable to find an exact match for CDP version 111, so returning the closest version found: 110
Apr 09, 2023 11:14:53 AM org.openqa.selenium.remote.http.WebSocket$Listener onError
WARNING: Connection reset
java.net.SocketException: Connection reset
	at java.base/sun.nio.ch.SocketChannelImpl.throwConnectionReset(SocketChannelImpl.java:394)
	at java.base/sun.nio.ch.SocketChannelImpl.read(SocketChannelImpl.java:426)
	at io.netty.buffer.PooledByteBuf.setBytes(PooledByteBuf.java:259)
	at io.netty.buffer.AbstractByteBuf.writeBytes(AbstractByteBuf.java:1132)
	at io.netty.channel.socket.nio.NioSocketChannel.doReadBytes(NioSocketChannel.java:357)
	at io.netty.channel.nio.AbstractNioByteChannel$NioByteUnsafe.read(AbstractNioByteChannel.java:151)
	at io.netty.channel.nio.NioEventLoop.processSelectedKey(NioEventLoop.java:788)
	at io.netty.channel.nio.NioEventLoop.processSelectedKeysOptimized(NioEventLoop.java:724)
	at io.netty.channel.nio.NioEventLoop.processSelectedKeys(NioEventLoop.java:650)
	at io.netty.channel.nio.NioEventLoop.run(NioEventLoop.java:562)
	at io.netty.util.concurrent.SingleThreadEventExecutor$4.run(SingleThreadEventExecutor.java:997)
	at io.netty.util.internal.ThreadExecutorMap$2.run(ThreadExecutorMap.java:74)
	at io.netty.util.concurrent.FastThreadLocalRunnable.run(FastThreadLocalRunnable.java:30)
	at java.base/java.lang.Thread.run(Thread.java:833)

]]></system-err>
  </testcase>
  <testcase name="Login with incorrect password" classname="Login to Sepulsa Account" time="35.046">
    <system-out><![CDATA[
Scenario: Login with incorrect password &amp#27;[90m# src/test/resources/features/Login.feature:11&amp#27;[0m
11:14:53.759 [main] DEBUG io.cucumber.core.plugin.SerenityReporter - Running feature from file:///C:/Users/Bunayya%20Zulfikar/Documents/GitHub/QE_Refano-Saputra/11_Web_Programming_&_Testing/praktikum/Web_Testing/Prioritas2/alta/src/test/resources/features/Login.feature
11:14:53.761 [main] INFO  - 
  _____   ___   ___   _____     ___   _____     _     ___   _____   ___   ___  
 |_   _| | __| / __| |_   _|   / __| |_   _|   /_\   | _ \ |_   _| | __| |   \ 
   | |   | _|  \__ \   | |     \__ \   | |    / _ \  |   /   | |   | _|  | |) |
   |_|   |___| |___/   |_|     |___/   |_|   /_/ \_\ |_|_\   |_|   |___| |___/ 

Login with incorrect password(login-to-sepulsa-account;login-with-incorrect-password)
--------------------------------------------------------------------------------
11:14:53.786 [main] DEBUG net.thucydides.core.steps.StepInterceptor - STARTING STEP: LoginSteps.onTheLoginPage - openPage
11:14:53.844 [main] INFO net.serenitybdd.core.webdriver.driverproviders.ChromeDriverProvider - Starting Chrome driver instance with capabilities:
11:14:53.845 [main] INFO net.serenitybdd.core.webdriver.driverproviders.ChromeDriverProvider - Capabilities {acceptInsecureCerts: false, browserName: chrome, goog:chromeOptions: {args: [remote-allow-origins=*], extensions: []}}
11:14:53.923 [AsyncHttpClient-1-5] DEBUG org.asynchttpclient.netty.channel.NettyConnectListener - Using new Channel '[id: 0x2dc8607f, L:/127.0.0.1:50372 - R:localhost/127.0.0.1:27225]' for 'POST' to '/session'
11:14:54.406 [AsyncHttpClient-1-1] DEBUG org.asynchttpclient.netty.channel.DefaultChannelPool - Entry count for : http://localhost:50335 : 1
11:14:54.406 [AsyncHttpClient-1-1] DEBUG org.asynchttpclient.netty.channel.DefaultChannelPool - Entry count for : http://localhost:19142 : 1
11:14:54.406 [AsyncHttpClient-1-1] DEBUG org.asynchttpclient.netty.channel.DefaultChannelPool - Adding Candidate expired Channel [id: 0x06ce228e, L:/127.0.0.1:50342 ! R:localhost/127.0.0.1:50335] isIdleTimeoutExpired=false isRemotelyClosed=true isTtlExpired=false
11:14:54.406 [AsyncHttpClient-1-1] DEBUG org.asynchttpclient.netty.channel.DefaultChannelPool - Closing Idle Channel [id: 0x06ce228e, L:/127.0.0.1:50342 ! R:localhost/127.0.0.1:50335]
11:14:54.407 [AsyncHttpClient-1-1] DEBUG org.asynchttpclient.netty.channel.DefaultChannelPool - Adding Candidate expired Channel [id: 0x02c02815, L:/127.0.0.1:50334 ! R:localhost/127.0.0.1:19142] isIdleTimeoutExpired=false isRemotelyClosed=true isTtlExpired=false
11:14:54.407 [AsyncHttpClient-1-1] DEBUG org.asynchttpclient.netty.channel.DefaultChannelPool - Closing Idle Channel [id: 0x02c02815, L:/127.0.0.1:50334 ! R:localhost/127.0.0.1:19142]
11:14:54.408 [AsyncHttpClient-1-1] DEBUG org.asynchttpclient.netty.channel.DefaultChannelPool - Closed 2 connections out of 2 in 2 ms
11:14:54.841 [AsyncHttpClient-1-5] DEBUG org.asynchttpclient.netty.handler.HttpHandler - 

Request DefaultHttpRequest(decodeResult: success, version: HTTP/1.1)
POST /session HTTP/1.1
User-Agent: selenium/4.8.1 (java windows)
Content-Length: 507
Content-Type: application/json; charset=utf-8
host: localhost:27225
accept: */*

Response DefaultHttpResponse(decodeResult: success, version: HTTP/1.1)
HTTP/1.1 200 OK
Content-Length: 863
Content-Type: application/json; charset=utf-8
cache-control: no-cache

11:14:54.841 [AsyncHttpClient-1-5] DEBUG org.asynchttpclient.netty.channel.ChannelManager - Adding key: http://localhost:27225 for channel [id: 0x2dc8607f, L:/127.0.0.1:50372 - R:localhost/127.0.0.1:27225]
11:14:54.863 [AsyncHttpClient-1-6] DEBUG org.asynchttpclient.netty.channel.NettyConnectListener - Using new Channel '[id: 0x9717f700, L:/127.0.0.1:50380 - R:localhost/127.0.0.1:50373]' for 'GET' to '/json/version'
11:14:54.868 [AsyncHttpClient-1-6] DEBUG org.asynchttpclient.netty.handler.HttpHandler - 

Request DefaultFullHttpRequest(decodeResult: success, version: HTTP/1.1, content: EmptyByteBufBE)
GET /json/version HTTP/1.1
User-Agent: selenium/4.8.1 (java windows)
host: localhost:50373
accept: */*

Response DefaultHttpResponse(decodeResult: success, version: HTTP/1.1)
HTTP/1.1 200 OK
Content-Security-Policy: frame-ancestors 'none'
Content-Length: 424
Content-Type: application/json; charset=UTF-8

11:14:54.868 [AsyncHttpClient-1-6] DEBUG org.asynchttpclient.netty.channel.ChannelManager - Adding key: http://localhost:50373 for channel [id: 0x9717f700, L:/127.0.0.1:50380 - R:localhost/127.0.0.1:50373]
11:14:54.875 [AsyncHttpClient-1-7] DEBUG org.asynchttpclient.netty.channel.NettyConnectListener - Using new Channel '[id: 0x04e73f00, L:/127.0.0.1:50381 - R:localhost/127.0.0.1:50373]' for 'GET' to '/devtools/browser/d58179ce-a180-474b-8190-fcdf129f43fa'
11:14:54.880 [AsyncHttpClient-1-7] DEBUG org.asynchttpclient.netty.handler.WebSocketHandler - 

Request DefaultFullHttpRequest(decodeResult: success, version: HTTP/1.1, content: EmptyByteBufBE)
GET /devtools/browser/d58179ce-a180-474b-8190-fcdf129f43fa HTTP/1.1
upgrade: websocket
connection: upgrade
sec-websocket-key: pZ67Mg8BhlIzcr2apkgqDg==
sec-websocket-version: 13
origin: http://localhost:50373
host: localhost:50373
accept: */*
user-agent: AHC/2.1

Response DefaultHttpResponse(decodeResult: success, version: HTTP/1.1)
HTTP/1.1 101 WebSocket Protocol Handshake
Upgrade: WebSocket
Connection: Upgrade
Sec-WebSocket-Accept: WWqleiqp0LSR55cFsxk99hMHf3I=

11:14:54.897 [Forwarding get on session 94944358f9038b00ea62aa3c8f1f8c50 to remote] DEBUG org.asynchttpclient.netty.request.NettyRequestSender - Using pooled Channel '[id: 0x2dc8607f, L:/127.0.0.1:50372 - R:localhost/127.0.0.1:27225]' for 'POST' to 'http://localhost:27225/session/94944358f9038b00ea62aa3c8f1f8c50/url'
11:14:54.897 [Forwarding get on session 94944358f9038b00ea62aa3c8f1f8c50 to remote] DEBUG org.asynchttpclient.netty.request.NettyRequestSender - Using open Channel [id: 0x2dc8607f, L:/127.0.0.1:50372 - R:localhost/127.0.0.1:27225] for POST '/session/94944358f9038b00ea62aa3c8f1f8c50/url'
11:14:55.503 [AsyncHttpClient-1-1] DEBUG org.asynchttpclient.netty.channel.DefaultChannelPool - Entry count for : http://localhost:50373 : 1
11:14:56.608 [AsyncHttpClient-1-1] DEBUG org.asynchttpclient.netty.channel.DefaultChannelPool - Entry count for : http://localhost:50373 : 1
11:14:57.713 [AsyncHttpClient-1-1] DEBUG org.asynchttpclient.netty.channel.DefaultChannelPool - Entry count for : http://localhost:50373 : 1
11:14:58.809 [AsyncHttpClient-1-1] DEBUG org.asynchttpclient.netty.channel.DefaultChannelPool - Entry count for : http://localhost:50373 : 1
11:14:59.902 [AsyncHttpClient-1-1] DEBUG org.asynchttpclient.netty.channel.DefaultChannelPool - Entry count for : http://localhost:50373 : 1
11:15:01.004 [AsyncHttpClient-1-1] DEBUG org.asynchttpclient.netty.channel.DefaultChannelPool - Entry count for : http://localhost:50373 : 1
11:15:02.107 [AsyncHttpClient-1-1] DEBUG org.asynchttpclient.netty.channel.DefaultChannelPool - Entry count for : http://localhost:50373 : 1
11:15:03.208 [AsyncHttpClient-1-1] DEBUG org.asynchttpclient.netty.channel.DefaultChannelPool - Entry count for : http://localhost:50373 : 1
11:15:04.304 [AsyncHttpClient-1-1] DEBUG org.asynchttpclient.netty.channel.DefaultChannelPool - Entry count for : http://localhost:50373 : 1
11:15:05.404 [AsyncHttpClient-1-1] DEBUG org.asynchttpclient.netty.channel.DefaultChannelPool - Entry count for : http://localhost:50373 : 1
11:15:06.502 [AsyncHttpClient-1-1] DEBUG org.asynchttpclient.netty.channel.DefaultChannelPool - Entry count for : http://localhost:50373 : 1
11:15:07.603 [AsyncHttpClient-1-1] DEBUG org.asynchttpclient.netty.channel.DefaultChannelPool - Entry count for : http://localhost:50373 : 1
11:15:08.702 [AsyncHttpClient-1-1] DEBUG org.asynchttpclient.netty.channel.DefaultChannelPool - Entry count for : http://localhost:50373 : 1
11:15:09.804 [AsyncHttpClient-1-1] DEBUG org.asynchttpclient.netty.channel.DefaultChannelPool - Entry count for : http://localhost:50373 : 1
11:15:10.912 [AsyncHttpClient-1-1] DEBUG org.asynchttpclient.netty.channel.DefaultChannelPool - Entry count for : http://localhost:50373 : 1
11:15:12.003 [AsyncHttpClient-1-1] DEBUG org.asynchttpclient.netty.channel.DefaultChannelPool - Entry count for : http://localhost:50373 : 1
11:15:13.102 [AsyncHttpClient-1-1] DEBUG org.asynchttpclient.netty.channel.DefaultChannelPool - Entry count for : http://localhost:50373 : 1
11:15:14.204 [AsyncHttpClient-1-1] DEBUG org.asynchttpclient.netty.channel.DefaultChannelPool - Entry count for : http://localhost:50373 : 1
11:15:15.307 [AsyncHttpClient-1-1] DEBUG org.asynchttpclient.netty.channel.DefaultChannelPool - Entry count for : http://localhost:50373 : 1
11:15:16.407 [AsyncHttpClient-1-1] DEBUG org.asynchttpclient.netty.channel.DefaultChannelPool - Entry count for : http://localhost:50373 : 1
11:15:17.508 [AsyncHttpClient-1-1] DEBUG org.asynchttpclient.netty.channel.DefaultChannelPool - Entry count for : http://localhost:50373 : 1
11:15:18.603 [AsyncHttpClient-1-1] DEBUG org.asynchttpclient.netty.channel.DefaultChannelPool - Entry count for : http://localhost:50373 : 1
11:15:19.704 [AsyncHttpClient-1-1] DEBUG org.asynchttpclient.netty.channel.DefaultChannelPool - Entry count for : http://localhost:50373 : 1
11:15:19.732 [AsyncHttpClient-1-5] DEBUG org.asynchttpclient.netty.handler.HttpHandler - 

Request DefaultHttpRequest(decodeResult: success, version: HTTP/1.1)
POST /session/94944358f9038b00ea62aa3c8f1f8c50/url HTTP/1.1
User-Agent: selenium/4.8.1 (java windows)
Content-Length: 54
Content-Type: application/json; charset=utf-8
host: localhost:27225
accept: */*

Response DefaultHttpResponse(decodeResult: success, version: HTTP/1.1)
HTTP/1.1 200 OK
Content-Length: 14
Content-Type: application/json; charset=utf-8
cache-control: no-cache

11:15:19.732 [AsyncHttpClient-1-5] DEBUG org.asynchttpclient.netty.channel.ChannelManager - Adding key: http://localhost:27225 for channel [id: 0x2dc8607f, L:/127.0.0.1:50372 - R:localhost/127.0.0.1:27225]
11:15:19.734 [Forwarding setTimeout on session 94944358f9038b00ea62aa3c8f1f8c50 to remote] DEBUG org.asynchttpclient.netty.request.NettyRequestSender - Using pooled Channel '[id: 0x2dc8607f, L:/127.0.0.1:50372 - R:localhost/127.0.0.1:27225]' for 'POST' to 'http://localhost:27225/session/94944358f9038b00ea62aa3c8f1f8c50/timeouts'
11:15:19.734 [Forwarding setTimeout on session 94944358f9038b00ea62aa3c8f1f8c50 to remote] DEBUG org.asynchttpclient.netty.request.NettyRequestSender - Using open Channel [id: 0x2dc8607f, L:/127.0.0.1:50372 - R:localhost/127.0.0.1:27225] for POST '/session/94944358f9038b00ea62aa3c8f1f8c50/timeouts'
11:15:19.736 [AsyncHttpClient-1-5] DEBUG org.asynchttpclient.netty.handler.HttpHandler - 

Request DefaultHttpRequest(decodeResult: success, version: HTTP/1.1)
POST /session/94944358f9038b00ea62aa3c8f1f8c50/timeouts HTTP/1.1
User-Agent: selenium/4.8.1 (java windows)
Content-Length: 22
Content-Type: application/json; charset=utf-8
host: localhost:27225
accept: */*

Response DefaultHttpResponse(decodeResult: success, version: HTTP/1.1)
HTTP/1.1 200 OK
Content-Length: 14
Content-Type: application/json; charset=utf-8
cache-control: no-cache

11:15:19.736 [AsyncHttpClient-1-5] DEBUG org.asynchttpclient.netty.channel.ChannelManager - Adding key: http://localhost:27225 for channel [id: 0x2dc8607f, L:/127.0.0.1:50372 - R:localhost/127.0.0.1:27225]
11:15:19.749 [Forwarding getAlertText on session 94944358f9038b00ea62aa3c8f1f8c50 to remote] DEBUG org.asynchttpclient.netty.request.NettyRequestSender - Using pooled Channel '[id: 0x2dc8607f, L:/127.0.0.1:50372 - R:localhost/127.0.0.1:27225]' for 'GET' to 'http://localhost:27225/session/94944358f9038b00ea62aa3c8f1f8c50/alert/text'
11:15:19.749 [Forwarding getAlertText on session 94944358f9038b00ea62aa3c8f1f8c50 to remote] DEBUG org.asynchttpclient.netty.request.NettyRequestSender - Using open Channel [id: 0x2dc8607f, L:/127.0.0.1:50372 - R:localhost/127.0.0.1:27225] for GET '/session/94944358f9038b00ea62aa3c8f1f8c50/alert/text'
11:15:19.752 [AsyncHttpClient-1-5] DEBUG org.asynchttpclient.netty.handler.HttpHandler - 

Request DefaultFullHttpRequest(decodeResult: success, version: HTTP/1.1, content: EmptyByteBufBE)
GET /session/94944358f9038b00ea62aa3c8f1f8c50/alert/text HTTP/1.1
User-Agent: selenium/4.8.1 (java windows)
Cache-Control: no-cache
Content-Type: application/json; charset=utf-8
host: localhost:27225
accept: */*

Response DefaultHttpResponse(decodeResult: success, version: HTTP/1.1)
HTTP/1.1 404 Not Found
Content-Length: 836
Content-Type: application/json; charset=utf-8
cache-control: no-cache

11:15:19.752 [AsyncHttpClient-1-5] DEBUG org.asynchttpclient.netty.channel.ChannelManager - Adding key: http://localhost:27225 for channel [id: 0x2dc8607f, L:/127.0.0.1:50372 - R:localhost/127.0.0.1:27225]
11:15:19.755 [Forwarding getCurrentUrl on session 94944358f9038b00ea62aa3c8f1f8c50 to remote] DEBUG org.asynchttpclient.netty.request.NettyRequestSender - Using pooled Channel '[id: 0x2dc8607f, L:/127.0.0.1:50372 - R:localhost/127.0.0.1:27225]' for 'GET' to 'http://localhost:27225/session/94944358f9038b00ea62aa3c8f1f8c50/url'
11:15:19.755 [Forwarding getCurrentUrl on session 94944358f9038b00ea62aa3c8f1f8c50 to remote] DEBUG org.asynchttpclient.netty.request.NettyRequestSender - Using open Channel [id: 0x2dc8607f, L:/127.0.0.1:50372 - R:localhost/127.0.0.1:27225] for GET '/session/94944358f9038b00ea62aa3c8f1f8c50/url'
11:15:19.763 [AsyncHttpClient-1-5] DEBUG org.asynchttpclient.netty.handler.HttpHandler - 

Request DefaultFullHttpRequest(decodeResult: success, version: HTTP/1.1, content: EmptyByteBufBE)
GET /session/94944358f9038b00ea62aa3c8f1f8c50/url HTTP/1.1
User-Agent: selenium/4.8.1 (java windows)
Cache-Control: no-cache
Content-Type: application/json; charset=utf-8
host: localhost:27225
accept: */*

Response DefaultHttpResponse(decodeResult: success, version: HTTP/1.1)
HTTP/1.1 200 OK
Content-Length: 36
Content-Type: application/json; charset=utf-8
cache-control: no-cache

11:15:19.763 [AsyncHttpClient-1-5] DEBUG org.asynchttpclient.netty.channel.ChannelManager - Adding key: http://localhost:27225 for channel [id: 0x2dc8607f, L:/127.0.0.1:50372 - R:localhost/127.0.0.1:27225]
11:15:19.765 [Forwarding screenshot on session 94944358f9038b00ea62aa3c8f1f8c50 to remote] DEBUG org.asynchttpclient.netty.request.NettyRequestSender - Using pooled Channel '[id: 0x2dc8607f, L:/127.0.0.1:50372 - R:localhost/127.0.0.1:27225]' for 'GET' to 'http://localhost:27225/session/94944358f9038b00ea62aa3c8f1f8c50/screenshot'
11:15:19.765 [Forwarding screenshot on session 94944358f9038b00ea62aa3c8f1f8c50 to remote] DEBUG org.asynchttpclient.netty.request.NettyRequestSender - Using open Channel [id: 0x2dc8607f, L:/127.0.0.1:50372 - R:localhost/127.0.0.1:27225] for GET '/session/94944358f9038b00ea62aa3c8f1f8c50/screenshot'
11:15:20.807 [AsyncHttpClient-1-1] DEBUG org.asynchttpclient.netty.channel.DefaultChannelPool - Entry count for : http://localhost:50373 : 1
11:15:20.999 [AsyncHttpClient-1-5] DEBUG org.asynchttpclient.netty.handler.HttpHandler - 

Request DefaultFullHttpRequest(decodeResult: success, version: HTTP/1.1, content: EmptyByteBufBE)
GET /session/94944358f9038b00ea62aa3c8f1f8c50/screenshot HTTP/1.1
User-Agent: selenium/4.8.1 (java windows)
Cache-Control: no-cache
Content-Type: application/json; charset=utf-8
host: localhost:27225
accept: */*

Response DefaultHttpResponse(decodeResult: success, version: HTTP/1.1)
HTTP/1.1 200 OK
Content-Length: 414116
Content-Type: application/json; charset=utf-8
cache-control: no-cache

11:15:21.000 [AsyncHttpClient-1-5] DEBUG org.asynchttpclient.netty.channel.ChannelManager - Adding key: http://localhost:27225 for channel [id: 0x2dc8607f, L:/127.0.0.1:50372 - R:localhost/127.0.0.1:27225]
11:15:21.010 [main] DEBUG net.serenitybdd.core.photography.Darkroom - Send negative for processing for target\site\serenity\50a045f027fc0a4b8077156c25f1caab556242ebd75a1339a693bbb909749473.png
11:15:21.010 [main] DEBUG net.thucydides.core.steps.StepInterceptor - STEP DONE: openPage
11:15:21.010 [Darkroom Processing Line] DEBUG net.serenitybdd.core.photography.DarkroomProcessingLine - Processing screenshot image in /var/screenshots/screenshot-374728402705691965
11:15:21.011 [Darkroom Processing Line] DEBUG net.serenitybdd.core.photography.DarkroomProcessingLine - Saving screenshot to target\site\serenity\50a045f027fc0a4b8077156c25f1caab556242ebd75a1339a693bbb909749473.png
11:15:21.020 [Forwarding getPageSource on session 94944358f9038b00ea62aa3c8f1f8c50 to remote] DEBUG org.asynchttpclient.netty.request.NettyRequestSender - Using pooled Channel '[id: 0x2dc8607f, L:/127.0.0.1:50372 - R:localhost/127.0.0.1:27225]' for 'POST' to 'http://localhost:27225/session/94944358f9038b00ea62aa3c8f1f8c50/execute/sync'
11:15:21.020 [Forwarding getPageSource on session 94944358f9038b00ea62aa3c8f1f8c50 to remote] DEBUG org.asynchttpclient.netty.request.NettyRequestSender - Using open Channel [id: 0x2dc8607f, L:/127.0.0.1:50372 - R:localhost/127.0.0.1:27225] for POST '/session/94944358f9038b00ea62aa3c8f1f8c50/execute/sync'
11:15:21.055 [AsyncHttpClient-1-5] DEBUG org.asynchttpclient.netty.handler.HttpHandler - 

Request DefaultHttpRequest(decodeResult: success, version: HTTP/1.1)
POST /session/94944358f9038b00ea62aa3c8f1f8c50/execute/sync HTTP/1.1
User-Agent: selenium/4.8.1 (java windows)
Content-Length: 176
Content-Type: application/json; charset=utf-8
host: localhost:27225
accept: */*

Response DefaultHttpResponse(decodeResult: success, version: HTTP/1.1)
HTTP/1.1 200 OK
Content-Length: 181782
Content-Type: application/json; charset=utf-8
cache-control: no-cache

11:15:21.057 [AsyncHttpClient-1-5] DEBUG org.asynchttpclient.netty.channel.ChannelManager - Adding key: http://localhost:27225 for channel [id: 0x2dc8607f, L:/127.0.0.1:50372 - R:localhost/127.0.0.1:27225]
11:15:21.114 [Forwarding getCurrentUrl on session 94944358f9038b00ea62aa3c8f1f8c50 to remote] DEBUG org.asynchttpclient.netty.request.NettyRequestSender - Using pooled Channel '[id: 0x2dc8607f, L:/127.0.0.1:50372 - R:localhost/127.0.0.1:27225]' for 'GET' to 'http://localhost:27225/session/94944358f9038b00ea62aa3c8f1f8c50/url'
11:15:21.114 [Forwarding getCurrentUrl on session 94944358f9038b00ea62aa3c8f1f8c50 to remote] DEBUG org.asynchttpclient.netty.request.NettyRequestSender - Using open Channel [id: 0x2dc8607f, L:/127.0.0.1:50372 - R:localhost/127.0.0.1:27225] for GET '/session/94944358f9038b00ea62aa3c8f1f8c50/url'
11:15:21.125 [AsyncHttpClient-1-5] DEBUG org.asynchttpclient.netty.handler.HttpHandler - 

Request DefaultFullHttpRequest(decodeResult: success, version: HTTP/1.1, content: EmptyByteBufBE)
GET /session/94944358f9038b00ea62aa3c8f1f8c50/url HTTP/1.1
User-Agent: selenium/4.8.1 (java windows)
Cache-Control: no-cache
Content-Type: application/json; charset=utf-8
host: localhost:27225
accept: */*

Response DefaultHttpResponse(decodeResult: success, version: HTTP/1.1)
HTTP/1.1 200 OK
Content-Length: 36
Content-Type: application/json; charset=utf-8
cache-control: no-cache

11:15:21.126 [AsyncHttpClient-1-5] DEBUG org.asynchttpclient.netty.channel.ChannelManager - Adding key: http://localhost:27225 for channel [id: 0x2dc8607f, L:/127.0.0.1:50372 - R:localhost/127.0.0.1:27225]
11:15:21.137 [main] DEBUG net.thucydides.core.steps.StepInterceptor - STARTING STEP: LoginSteps.onTheLoginPage - validateOnLoginPage
11:15:21.148 [Forwarding findElement on session 94944358f9038b00ea62aa3c8f1f8c50 to remote] DEBUG org.asynchttpclient.netty.request.NettyRequestSender - Using pooled Channel '[id: 0x2dc8607f, L:/127.0.0.1:50372 - R:localhost/127.0.0.1:27225]' for 'POST' to 'http://localhost:27225/session/94944358f9038b00ea62aa3c8f1f8c50/element'
11:15:21.148 [Forwarding findElement on session 94944358f9038b00ea62aa3c8f1f8c50 to remote] DEBUG org.asynchttpclient.netty.request.NettyRequestSender - Using open Channel [id: 0x2dc8607f, L:/127.0.0.1:50372 - R:localhost/127.0.0.1:27225] for POST '/session/94944358f9038b00ea62aa3c8f1f8c50/element'
11:15:21.202 [AsyncHttpClient-1-5] DEBUG org.asynchttpclient.netty.handler.HttpHandler - 

Request DefaultHttpRequest(decodeResult: success, version: HTTP/1.1)
POST /session/94944358f9038b00ea62aa3c8f1f8c50/element HTTP/1.1
User-Agent: selenium/4.8.1 (java windows)
Content-Length: 62
Content-Type: application/json; charset=utf-8
host: localhost:27225
accept: */*

Response DefaultHttpResponse(decodeResult: success, version: HTTP/1.1)
HTTP/1.1 200 OK
Content-Length: 88
Content-Type: application/json; charset=utf-8
cache-control: no-cache

11:15:21.203 [AsyncHttpClient-1-5] DEBUG org.asynchttpclient.netty.channel.ChannelManager - Adding key: http://localhost:27225 for channel [id: 0x2dc8607f, L:/127.0.0.1:50372 - R:localhost/127.0.0.1:27225]
11:15:21.213 [Forwarding isElementDisplayed on session 94944358f9038b00ea62aa3c8f1f8c50 to remote] DEBUG org.asynchttpclient.netty.request.NettyRequestSender - Using pooled Channel '[id: 0x2dc8607f, L:/127.0.0.1:50372 - R:localhost/127.0.0.1:27225]' for 'POST' to 'http://localhost:27225/session/94944358f9038b00ea62aa3c8f1f8c50/execute/sync'
11:15:21.213 [Forwarding isElementDisplayed on session 94944358f9038b00ea62aa3c8f1f8c50 to remote] DEBUG org.asynchttpclient.netty.request.NettyRequestSender - Using open Channel [id: 0x2dc8607f, L:/127.0.0.1:50372 - R:localhost/127.0.0.1:27225] for POST '/session/94944358f9038b00ea62aa3c8f1f8c50/execute/sync'
11:15:21.242 [AsyncHttpClient-1-5] DEBUG org.asynchttpclient.netty.handler.HttpHandler - 

Request DefaultHttpRequest(decodeResult: success, version: HTTP/1.1)
POST /session/94944358f9038b00ea62aa3c8f1f8c50/execute/sync HTTP/1.1
User-Agent: selenium/4.8.1 (java windows)
Content-Length: 48807
Content-Type: application/json; charset=utf-8
host: localhost:27225
accept: */*

Response DefaultHttpResponse(decodeResult: success, version: HTTP/1.1)
HTTP/1.1 200 OK
Content-Length: 14
Content-Type: application/json; charset=utf-8
cache-control: no-cache

11:15:21.243 [AsyncHttpClient-1-5] DEBUG org.asynchttpclient.netty.channel.ChannelManager - Adding key: http://localhost:27225 for channel [id: 0x2dc8607f, L:/127.0.0.1:50372 - R:localhost/127.0.0.1:27225]
11:15:21.250 [Forwarding getAlertText on session 94944358f9038b00ea62aa3c8f1f8c50 to remote] DEBUG org.asynchttpclient.netty.request.NettyRequestSender - Using pooled Channel '[id: 0x2dc8607f, L:/127.0.0.1:50372 - R:localhost/127.0.0.1:27225]' for 'GET' to 'http://localhost:27225/session/94944358f9038b00ea62aa3c8f1f8c50/alert/text'
11:15:21.250 [Forwarding getAlertText on session 94944358f9038b00ea62aa3c8f1f8c50 to remote] DEBUG org.asynchttpclient.netty.request.NettyRequestSender - Using open Channel [id: 0x2dc8607f, L:/127.0.0.1:50372 - R:localhost/127.0.0.1:27225] for GET '/session/94944358f9038b00ea62aa3c8f1f8c50/alert/text'
11:15:21.253 [AsyncHttpClient-1-5] DEBUG org.asynchttpclient.netty.handler.HttpHandler - 

Request DefaultFullHttpRequest(decodeResult: success, version: HTTP/1.1, content: EmptyByteBufBE)
GET /session/94944358f9038b00ea62aa3c8f1f8c50/alert/text HTTP/1.1
User-Agent: selenium/4.8.1 (java windows)
Cache-Control: no-cache
Content-Type: application/json; charset=utf-8
host: localhost:27225
accept: */*

Response DefaultHttpResponse(decodeResult: success, version: HTTP/1.1)
HTTP/1.1 404 Not Found
Content-Length: 836
Content-Type: application/json; charset=utf-8
cache-control: no-cache

11:15:21.253 [AsyncHttpClient-1-5] DEBUG org.asynchttpclient.netty.channel.ChannelManager - Adding key: http://localhost:27225 for channel [id: 0x2dc8607f, L:/127.0.0.1:50372 - R:localhost/127.0.0.1:27225]
11:15:21.255 [Forwarding getCurrentUrl on session 94944358f9038b00ea62aa3c8f1f8c50 to remote] DEBUG org.asynchttpclient.netty.request.NettyRequestSender - Using pooled Channel '[id: 0x2dc8607f, L:/127.0.0.1:50372 - R:localhost/127.0.0.1:27225]' for 'GET' to 'http://localhost:27225/session/94944358f9038b00ea62aa3c8f1f8c50/url'
11:15:21.255 [Forwarding getCurrentUrl on session 94944358f9038b00ea62aa3c8f1f8c50 to remote] DEBUG org.asynchttpclient.netty.request.NettyRequestSender - Using open Channel [id: 0x2dc8607f, L:/127.0.0.1:50372 - R:localhost/127.0.0.1:27225] for GET '/session/94944358f9038b00ea62aa3c8f1f8c50/url'
11:15:21.261 [AsyncHttpClient-1-5] DEBUG org.asynchttpclient.netty.handler.HttpHandler - 

Request DefaultFullHttpRequest(decodeResult: success, version: HTTP/1.1, content: EmptyByteBufBE)
GET /session/94944358f9038b00ea62aa3c8f1f8c50/url HTTP/1.1
User-Agent: selenium/4.8.1 (java windows)
Cache-Control: no-cache
Content-Type: application/json; charset=utf-8
host: localhost:27225
accept: */*

Response DefaultHttpResponse(decodeResult: success, version: HTTP/1.1)
HTTP/1.1 200 OK
Content-Length: 36
Content-Type: application/json; charset=utf-8
cache-control: no-cache

11:15:21.261 [AsyncHttpClient-1-5] DEBUG org.asynchttpclient.netty.channel.ChannelManager - Adding key: http://localhost:27225 for channel [id: 0x2dc8607f, L:/127.0.0.1:50372 - R:localhost/127.0.0.1:27225]
11:15:21.262 [Forwarding screenshot on session 94944358f9038b00ea62aa3c8f1f8c50 to remote] DEBUG org.asynchttpclient.netty.request.NettyRequestSender - Using pooled Channel '[id: 0x2dc8607f, L:/127.0.0.1:50372 - R:localhost/127.0.0.1:27225]' for 'GET' to 'http://localhost:27225/session/94944358f9038b00ea62aa3c8f1f8c50/screenshot'
11:15:21.262 [Forwarding screenshot on session 94944358f9038b00ea62aa3c8f1f8c50 to remote] DEBUG org.asynchttpclient.netty.request.NettyRequestSender - Using open Channel [id: 0x2dc8607f, L:/127.0.0.1:50372 - R:localhost/127.0.0.1:27225] for GET '/session/94944358f9038b00ea62aa3c8f1f8c50/screenshot'
11:15:21.620 [AsyncHttpClient-1-5] DEBUG org.asynchttpclient.netty.handler.HttpHandler - 

Request DefaultFullHttpRequest(decodeResult: success, version: HTTP/1.1, content: EmptyByteBufBE)
GET /session/94944358f9038b00ea62aa3c8f1f8c50/screenshot HTTP/1.1
User-Agent: selenium/4.8.1 (java windows)
Cache-Control: no-cache
Content-Type: application/json; charset=utf-8
host: localhost:27225
accept: */*

Response DefaultHttpResponse(decodeResult: success, version: HTTP/1.1)
HTTP/1.1 200 OK
Content-Length: 500624
Content-Type: application/json; charset=utf-8
cache-control: no-cache

11:15:21.621 [AsyncHttpClient-1-5] DEBUG org.asynchttpclient.netty.channel.ChannelManager - Adding key: http://localhost:27225 for channel [id: 0x2dc8607f, L:/127.0.0.1:50372 - R:localhost/127.0.0.1:27225]
11:15:21.636 [main] DEBUG net.serenitybdd.core.photography.Darkroom - Send negative for processing for target\site\serenity\5247dd6bd927a85b1e2578c778acd3caa1f0a84f06f21993dbc196e05ee7bcd9.png
11:15:21.636 [main] DEBUG net.thucydides.core.steps.StepInterceptor - STEP DONE: validateOnLoginPage
  &amp#27;[32mGiven &amp#27;[0m&amp#27;[32mI am on the Sepulsa login page&amp#27;[0m  &amp#27;[90m# starter.stepdefintions.LoginSteps.onTheLoginPage()&amp#27;[0m
11:15:21.636 [Darkroom Processing Line] DEBUG net.serenitybdd.core.photography.DarkroomProcessingLine - Processing screenshot image in /var/screenshots/screenshot-15679262831166064568
11:15:21.636 [Darkroom Processing Line] DEBUG net.serenitybdd.core.photography.DarkroomProcessingLine - Saving screenshot to target\site\serenity\5247dd6bd927a85b1e2578c778acd3caa1f0a84f06f21993dbc196e05ee7bcd9.png
11:15:21.656 [Forwarding getPageSource on session 94944358f9038b00ea62aa3c8f1f8c50 to remote] DEBUG org.asynchttpclient.netty.request.NettyRequestSender - Using pooled Channel '[id: 0x2dc8607f, L:/127.0.0.1:50372 - R:localhost/127.0.0.1:27225]' for 'POST' to 'http://localhost:27225/session/94944358f9038b00ea62aa3c8f1f8c50/execute/sync'
11:15:21.656 [Forwarding getPageSource on session 94944358f9038b00ea62aa3c8f1f8c50 to remote] DEBUG org.asynchttpclient.netty.request.NettyRequestSender - Using open Channel [id: 0x2dc8607f, L:/127.0.0.1:50372 - R:localhost/127.0.0.1:27225] for POST '/session/94944358f9038b00ea62aa3c8f1f8c50/execute/sync'
11:15:21.683 [AsyncHttpClient-1-5] DEBUG org.asynchttpclient.netty.handler.HttpHandler - 

Request DefaultHttpRequest(decodeResult: success, version: HTTP/1.1)
POST /session/94944358f9038b00ea62aa3c8f1f8c50/execute/sync HTTP/1.1
User-Agent: selenium/4.8.1 (java windows)
Content-Length: 176
Content-Type: application/json; charset=utf-8
host: localhost:27225
accept: */*

Response DefaultHttpResponse(decodeResult: success, version: HTTP/1.1)
HTTP/1.1 200 OK
Content-Length: 181782
Content-Type: application/json; charset=utf-8
cache-control: no-cache

11:15:21.684 [AsyncHttpClient-1-5] DEBUG org.asynchttpclient.netty.channel.ChannelManager - Adding key: http://localhost:27225 for channel [id: 0x2dc8607f, L:/127.0.0.1:50372 - R:localhost/127.0.0.1:27225]
11:15:21.721 [Forwarding getCurrentUrl on session 94944358f9038b00ea62aa3c8f1f8c50 to remote] DEBUG org.asynchttpclient.netty.request.NettyRequestSender - Using pooled Channel '[id: 0x2dc8607f, L:/127.0.0.1:50372 - R:localhost/127.0.0.1:27225]' for 'GET' to 'http://localhost:27225/session/94944358f9038b00ea62aa3c8f1f8c50/url'
11:15:21.721 [Forwarding getCurrentUrl on session 94944358f9038b00ea62aa3c8f1f8c50 to remote] DEBUG org.asynchttpclient.netty.request.NettyRequestSender - Using open Channel [id: 0x2dc8607f, L:/127.0.0.1:50372 - R:localhost/127.0.0.1:27225] for GET '/session/94944358f9038b00ea62aa3c8f1f8c50/url'
11:15:21.728 [AsyncHttpClient-1-5] DEBUG org.asynchttpclient.netty.handler.HttpHandler - 

Request DefaultFullHttpRequest(decodeResult: success, version: HTTP/1.1, content: EmptyByteBufBE)
GET /session/94944358f9038b00ea62aa3c8f1f8c50/url HTTP/1.1
User-Agent: selenium/4.8.1 (java windows)
Cache-Control: no-cache
Content-Type: application/json; charset=utf-8
host: localhost:27225
accept: */*

Response DefaultHttpResponse(decodeResult: success, version: HTTP/1.1)
HTTP/1.1 200 OK
Content-Length: 36
Content-Type: application/json; charset=utf-8
cache-control: no-cache

11:15:21.729 [AsyncHttpClient-1-5] DEBUG org.asynchttpclient.netty.channel.ChannelManager - Adding key: http://localhost:27225 for channel [id: 0x2dc8607f, L:/127.0.0.1:50372 - R:localhost/127.0.0.1:27225]
11:15:21.759 [Forwarding getAlertText on session 94944358f9038b00ea62aa3c8f1f8c50 to remote] DEBUG org.asynchttpclient.netty.request.NettyRequestSender - Using pooled Channel '[id: 0x2dc8607f, L:/127.0.0.1:50372 - R:localhost/127.0.0.1:27225]' for 'GET' to 'http://localhost:27225/session/94944358f9038b00ea62aa3c8f1f8c50/alert/text'
11:15:21.759 [Forwarding getAlertText on session 94944358f9038b00ea62aa3c8f1f8c50 to remote] DEBUG org.asynchttpclient.netty.request.NettyRequestSender - Using open Channel [id: 0x2dc8607f, L:/127.0.0.1:50372 - R:localhost/127.0.0.1:27225] for GET '/session/94944358f9038b00ea62aa3c8f1f8c50/alert/text'
11:15:21.762 [AsyncHttpClient-1-5] DEBUG org.asynchttpclient.netty.handler.HttpHandler - 

Request DefaultFullHttpRequest(decodeResult: success, version: HTTP/1.1, content: EmptyByteBufBE)
GET /session/94944358f9038b00ea62aa3c8f1f8c50/alert/text HTTP/1.1
User-Agent: selenium/4.8.1 (java windows)
Cache-Control: no-cache
Content-Type: application/json; charset=utf-8
host: localhost:27225
accept: */*

Response DefaultHttpResponse(decodeResult: success, version: HTTP/1.1)
HTTP/1.1 404 Not Found
Content-Length: 836
Content-Type: application/json; charset=utf-8
cache-control: no-cache

11:15:21.763 [AsyncHttpClient-1-5] DEBUG org.asynchttpclient.netty.channel.ChannelManager - Adding key: http://localhost:27225 for channel [id: 0x2dc8607f, L:/127.0.0.1:50372 - R:localhost/127.0.0.1:27225]
11:15:21.766 [Forwarding getCurrentUrl on session 94944358f9038b00ea62aa3c8f1f8c50 to remote] DEBUG org.asynchttpclient.netty.request.NettyRequestSender - Using pooled Channel '[id: 0x2dc8607f, L:/127.0.0.1:50372 - R:localhost/127.0.0.1:27225]' for 'GET' to 'http://localhost:27225/session/94944358f9038b00ea62aa3c8f1f8c50/url'
11:15:21.766 [Forwarding getCurrentUrl on session 94944358f9038b00ea62aa3c8f1f8c50 to remote] DEBUG org.asynchttpclient.netty.request.NettyRequestSender - Using open Channel [id: 0x2dc8607f, L:/127.0.0.1:50372 - R:localhost/127.0.0.1:27225] for GET '/session/94944358f9038b00ea62aa3c8f1f8c50/url'
11:15:21.774 [AsyncHttpClient-1-5] DEBUG org.asynchttpclient.netty.handler.HttpHandler - 

Request DefaultFullHttpRequest(decodeResult: success, version: HTTP/1.1, content: EmptyByteBufBE)
GET /session/94944358f9038b00ea62aa3c8f1f8c50/url HTTP/1.1
User-Agent: selenium/4.8.1 (java windows)
Cache-Control: no-cache
Content-Type: application/json; charset=utf-8
host: localhost:27225
accept: */*

Response DefaultHttpResponse(decodeResult: success, version: HTTP/1.1)
HTTP/1.1 200 OK
Content-Length: 36
Content-Type: application/json; charset=utf-8
cache-control: no-cache

11:15:21.774 [AsyncHttpClient-1-5] DEBUG org.asynchttpclient.netty.channel.ChannelManager - Adding key: http://localhost:27225 for channel [id: 0x2dc8607f, L:/127.0.0.1:50372 - R:localhost/127.0.0.1:27225]
11:15:21.775 [Forwarding screenshot on session 94944358f9038b00ea62aa3c8f1f8c50 to remote] DEBUG org.asynchttpclient.netty.request.NettyRequestSender - Using pooled Channel '[id: 0x2dc8607f, L:/127.0.0.1:50372 - R:localhost/127.0.0.1:27225]' for 'GET' to 'http://localhost:27225/session/94944358f9038b00ea62aa3c8f1f8c50/screenshot'
11:15:21.775 [Forwarding screenshot on session 94944358f9038b00ea62aa3c8f1f8c50 to remote] DEBUG org.asynchttpclient.netty.request.NettyRequestSender - Using open Channel [id: 0x2dc8607f, L:/127.0.0.1:50372 - R:localhost/127.0.0.1:27225] for GET '/session/94944358f9038b00ea62aa3c8f1f8c50/screenshot'
11:15:21.905 [AsyncHttpClient-1-1] DEBUG org.asynchttpclient.netty.channel.DefaultChannelPool - Entry count for : http://localhost:50373 : 1
11:15:22.064 [AsyncHttpClient-1-5] DEBUG org.asynchttpclient.netty.handler.HttpHandler - 

Request DefaultFullHttpRequest(decodeResult: success, version: HTTP/1.1, content: EmptyByteBufBE)
GET /session/94944358f9038b00ea62aa3c8f1f8c50/screenshot HTTP/1.1
User-Agent: selenium/4.8.1 (java windows)
Cache-Control: no-cache
Content-Type: application/json; charset=utf-8
host: localhost:27225
accept: */*

Response DefaultHttpResponse(decodeResult: success, version: HTTP/1.1)
HTTP/1.1 200 OK
Content-Length: 500624
Content-Type: application/json; charset=utf-8
cache-control: no-cache

11:15:22.066 [AsyncHttpClient-1-5] DEBUG org.asynchttpclient.netty.channel.ChannelManager - Adding key: http://localhost:27225 for channel [id: 0x2dc8607f, L:/127.0.0.1:50372 - R:localhost/127.0.0.1:27225]
11:15:22.085 [main] DEBUG net.serenitybdd.core.photography.Darkroom - Send negative for processing for target\site\serenity\5247dd6bd927a85b1e2578c778acd3caa1f0a84f06f21993dbc196e05ee7bcd9.png
11:15:22.087 [Forwarding getPageSource on session 94944358f9038b00ea62aa3c8f1f8c50 to remote] DEBUG org.asynchttpclient.netty.request.NettyRequestSender - Using pooled Channel '[id: 0x2dc8607f, L:/127.0.0.1:50372 - R:localhost/127.0.0.1:27225]' for 'POST' to 'http://localhost:27225/session/94944358f9038b00ea62aa3c8f1f8c50/execute/sync'
11:15:22.087 [Forwarding getPageSource on session 94944358f9038b00ea62aa3c8f1f8c50 to remote] DEBUG org.asynchttpclient.netty.request.NettyRequestSender - Using open Channel [id: 0x2dc8607f, L:/127.0.0.1:50372 - R:localhost/127.0.0.1:27225] for POST '/session/94944358f9038b00ea62aa3c8f1f8c50/execute/sync'
11:15:22.119 [AsyncHttpClient-1-5] DEBUG org.asynchttpclient.netty.handler.HttpHandler - 

Request DefaultHttpRequest(decodeResult: success, version: HTTP/1.1)
POST /session/94944358f9038b00ea62aa3c8f1f8c50/execute/sync HTTP/1.1
User-Agent: selenium/4.8.1 (java windows)
Content-Length: 176
Content-Type: application/json; charset=utf-8
host: localhost:27225
accept: */*

Response DefaultHttpResponse(decodeResult: success, version: HTTP/1.1)
HTTP/1.1 200 OK
Content-Length: 181782
Content-Type: application/json; charset=utf-8
cache-control: no-cache

11:15:22.121 [AsyncHttpClient-1-5] DEBUG org.asynchttpclient.netty.channel.ChannelManager - Adding key: http://localhost:27225 for channel [id: 0x2dc8607f, L:/127.0.0.1:50372 - R:localhost/127.0.0.1:27225]
11:15:22.187 [Forwarding getCurrentUrl on session 94944358f9038b00ea62aa3c8f1f8c50 to remote] DEBUG org.asynchttpclient.netty.request.NettyRequestSender - Using pooled Channel '[id: 0x2dc8607f, L:/127.0.0.1:50372 - R:localhost/127.0.0.1:27225]' for 'GET' to 'http://localhost:27225/session/94944358f9038b00ea62aa3c8f1f8c50/url'
11:15:22.187 [Forwarding getCurrentUrl on session 94944358f9038b00ea62aa3c8f1f8c50 to remote] DEBUG org.asynchttpclient.netty.request.NettyRequestSender - Using open Channel [id: 0x2dc8607f, L:/127.0.0.1:50372 - R:localhost/127.0.0.1:27225] for GET '/session/94944358f9038b00ea62aa3c8f1f8c50/url'
11:15:22.198 [AsyncHttpClient-1-5] DEBUG org.asynchttpclient.netty.handler.HttpHandler - 

Request DefaultFullHttpRequest(decodeResult: success, version: HTTP/1.1, content: EmptyByteBufBE)
GET /session/94944358f9038b00ea62aa3c8f1f8c50/url HTTP/1.1
User-Agent: selenium/4.8.1 (java windows)
Cache-Control: no-cache
Content-Type: application/json; charset=utf-8
host: localhost:27225
accept: */*

Response DefaultHttpResponse(decodeResult: success, version: HTTP/1.1)
HTTP/1.1 200 OK
Content-Length: 36
Content-Type: application/json; charset=utf-8
cache-control: no-cache

11:15:22.198 [AsyncHttpClient-1-5] DEBUG org.asynchttpclient.netty.channel.ChannelManager - Adding key: http://localhost:27225 for channel [id: 0x2dc8607f, L:/127.0.0.1:50372 - R:localhost/127.0.0.1:27225]
11:15:22.205 [main] DEBUG net.thucydides.core.steps.StepInterceptor - STARTING STEP: LoginSteps.clickLoginButton - clickLoginButton
11:15:22.217 [Forwarding findElement on session 94944358f9038b00ea62aa3c8f1f8c50 to remote] DEBUG org.asynchttpclient.netty.request.NettyRequestSender - Using pooled Channel '[id: 0x2dc8607f, L:/127.0.0.1:50372 - R:localhost/127.0.0.1:27225]' for 'POST' to 'http://localhost:27225/session/94944358f9038b00ea62aa3c8f1f8c50/element'
11:15:22.217 [Forwarding findElement on session 94944358f9038b00ea62aa3c8f1f8c50 to remote] DEBUG org.asynchttpclient.netty.request.NettyRequestSender - Using open Channel [id: 0x2dc8607f, L:/127.0.0.1:50372 - R:localhost/127.0.0.1:27225] for POST '/session/94944358f9038b00ea62aa3c8f1f8c50/element'
11:15:22.238 [AsyncHttpClient-1-5] DEBUG org.asynchttpclient.netty.handler.HttpHandler - 

Request DefaultHttpRequest(decodeResult: success, version: HTTP/1.1)
POST /session/94944358f9038b00ea62aa3c8f1f8c50/element HTTP/1.1
User-Agent: selenium/4.8.1 (java windows)
Content-Length: 62
Content-Type: application/json; charset=utf-8
host: localhost:27225
accept: */*

Response DefaultHttpResponse(decodeResult: success, version: HTTP/1.1)
HTTP/1.1 200 OK
Content-Length: 88
Content-Type: application/json; charset=utf-8
cache-control: no-cache

11:15:22.239 [AsyncHttpClient-1-5] DEBUG org.asynchttpclient.netty.channel.ChannelManager - Adding key: http://localhost:27225 for channel [id: 0x2dc8607f, L:/127.0.0.1:50372 - R:localhost/127.0.0.1:27225]
11:15:22.242 [Forwarding getElementTagName on session 94944358f9038b00ea62aa3c8f1f8c50 to remote] DEBUG org.asynchttpclient.netty.request.NettyRequestSender - Using pooled Channel '[id: 0x2dc8607f, L:/127.0.0.1:50372 - R:localhost/127.0.0.1:27225]' for 'GET' to 'http://localhost:27225/session/94944358f9038b00ea62aa3c8f1f8c50/element/9774ecf7-0cfe-4cf8-bee4-541e81ec9428/name'
11:15:22.242 [Forwarding getElementTagName on session 94944358f9038b00ea62aa3c8f1f8c50 to remote] DEBUG org.asynchttpclient.netty.request.NettyRequestSender - Using open Channel [id: 0x2dc8607f, L:/127.0.0.1:50372 - R:localhost/127.0.0.1:27225] for GET '/session/94944358f9038b00ea62aa3c8f1f8c50/element/9774ecf7-0cfe-4cf8-bee4-541e81ec9428/name'
11:15:22.255 [AsyncHttpClient-1-5] DEBUG org.asynchttpclient.netty.handler.HttpHandler - 

Request DefaultFullHttpRequest(decodeResult: success, version: HTTP/1.1, content: EmptyByteBufBE)
GET /session/94944358f9038b00ea62aa3c8f1f8c50/element/9774ecf7-0cfe-4cf8-bee4-541e81ec9428/name HTTP/1.1
User-Agent: selenium/4.8.1 (java windows)
Cache-Control: no-cache
Content-Type: application/json; charset=utf-8
host: localhost:27225
accept: */*

Response DefaultHttpResponse(decodeResult: success, version: HTTP/1.1)
HTTP/1.1 200 OK
Content-Length: 16
Content-Type: application/json; charset=utf-8
cache-control: no-cache

11:15:22.255 [AsyncHttpClient-1-5] DEBUG org.asynchttpclient.netty.channel.ChannelManager - Adding key: http://localhost:27225 for channel [id: 0x2dc8607f, L:/127.0.0.1:50372 - R:localhost/127.0.0.1:27225]
11:15:22.258 [Forwarding getElementTagName on session 94944358f9038b00ea62aa3c8f1f8c50 to remote] DEBUG org.asynchttpclient.netty.request.NettyRequestSender - Using pooled Channel '[id: 0x2dc8607f, L:/127.0.0.1:50372 - R:localhost/127.0.0.1:27225]' for 'GET' to 'http://localhost:27225/session/94944358f9038b00ea62aa3c8f1f8c50/element/9774ecf7-0cfe-4cf8-bee4-541e81ec9428/name'
11:15:22.259 [Forwarding getElementTagName on session 94944358f9038b00ea62aa3c8f1f8c50 to remote] DEBUG org.asynchttpclient.netty.request.NettyRequestSender - Using open Channel [id: 0x2dc8607f, L:/127.0.0.1:50372 - R:localhost/127.0.0.1:27225] for GET '/session/94944358f9038b00ea62aa3c8f1f8c50/element/9774ecf7-0cfe-4cf8-bee4-541e81ec9428/name'
11:15:22.267 [AsyncHttpClient-1-5] DEBUG org.asynchttpclient.netty.handler.HttpHandler - 

Request DefaultFullHttpRequest(decodeResult: success, version: HTTP/1.1, content: EmptyByteBufBE)
GET /session/94944358f9038b00ea62aa3c8f1f8c50/element/9774ecf7-0cfe-4cf8-bee4-541e81ec9428/name HTTP/1.1
User-Agent: selenium/4.8.1 (java windows)
Cache-Control: no-cache
Content-Type: application/json; charset=utf-8
host: localhost:27225
accept: */*

Response DefaultHttpResponse(decodeResult: success, version: HTTP/1.1)
HTTP/1.1 200 OK
Content-Length: 16
Content-Type: application/json; charset=utf-8
cache-control: no-cache

11:15:22.268 [AsyncHttpClient-1-5] DEBUG org.asynchttpclient.netty.channel.ChannelManager - Adding key: http://localhost:27225 for channel [id: 0x2dc8607f, L:/127.0.0.1:50372 - R:localhost/127.0.0.1:27225]
11:15:22.273 [Forwarding findElement on session 94944358f9038b00ea62aa3c8f1f8c50 to remote] DEBUG org.asynchttpclient.netty.request.NettyRequestSender - Using pooled Channel '[id: 0x2dc8607f, L:/127.0.0.1:50372 - R:localhost/127.0.0.1:27225]' for 'POST' to 'http://localhost:27225/session/94944358f9038b00ea62aa3c8f1f8c50/element'
11:15:22.273 [Forwarding findElement on session 94944358f9038b00ea62aa3c8f1f8c50 to remote] DEBUG org.asynchttpclient.netty.request.NettyRequestSender - Using open Channel [id: 0x2dc8607f, L:/127.0.0.1:50372 - R:localhost/127.0.0.1:27225] for POST '/session/94944358f9038b00ea62aa3c8f1f8c50/element'
11:15:22.293 [AsyncHttpClient-1-5] DEBUG org.asynchttpclient.netty.handler.HttpHandler - 

Request DefaultHttpRequest(decodeResult: success, version: HTTP/1.1)
POST /session/94944358f9038b00ea62aa3c8f1f8c50/element HTTP/1.1
User-Agent: selenium/4.8.1 (java windows)
Content-Length: 62
Content-Type: application/json; charset=utf-8
host: localhost:27225
accept: */*

Response DefaultHttpResponse(decodeResult: success, version: HTTP/1.1)
HTTP/1.1 200 OK
Content-Length: 88
Content-Type: application/json; charset=utf-8
cache-control: no-cache

11:15:22.294 [AsyncHttpClient-1-5] DEBUG org.asynchttpclient.netty.channel.ChannelManager - Adding key: http://localhost:27225 for channel [id: 0x2dc8607f, L:/127.0.0.1:50372 - R:localhost/127.0.0.1:27225]
11:15:22.297 [Forwarding clickElement on session 94944358f9038b00ea62aa3c8f1f8c50 to remote] DEBUG org.asynchttpclient.netty.request.NettyRequestSender - Using pooled Channel '[id: 0x2dc8607f, L:/127.0.0.1:50372 - R:localhost/127.0.0.1:27225]' for 'POST' to 'http://localhost:27225/session/94944358f9038b00ea62aa3c8f1f8c50/element/9774ecf7-0cfe-4cf8-bee4-541e81ec9428/click'
11:15:22.298 [Forwarding clickElement on session 94944358f9038b00ea62aa3c8f1f8c50 to remote] DEBUG org.asynchttpclient.netty.request.NettyRequestSender - Using open Channel [id: 0x2dc8607f, L:/127.0.0.1:50372 - R:localhost/127.0.0.1:27225] for POST '/session/94944358f9038b00ea62aa3c8f1f8c50/element/9774ecf7-0cfe-4cf8-bee4-541e81ec9428/click'
11:15:22.467 [AsyncHttpClient-1-5] DEBUG org.asynchttpclient.netty.handler.HttpHandler - 

Request DefaultHttpRequest(decodeResult: success, version: HTTP/1.1)
POST /session/94944358f9038b00ea62aa3c8f1f8c50/element/9774ecf7-0cfe-4cf8-bee4-541e81ec9428/click HTTP/1.1
User-Agent: selenium/4.8.1 (java windows)
Content-Length: 50
Content-Type: application/json; charset=utf-8
host: localhost:27225
accept: */*

Response DefaultHttpResponse(decodeResult: success, version: HTTP/1.1)
HTTP/1.1 200 OK
Content-Length: 14
Content-Type: application/json; charset=utf-8
cache-control: no-cache

11:15:22.468 [AsyncHttpClient-1-5] DEBUG org.asynchttpclient.netty.channel.ChannelManager - Adding key: http://localhost:27225 for channel [id: 0x2dc8607f, L:/127.0.0.1:50372 - R:localhost/127.0.0.1:27225]
11:15:22.498 [Forwarding getAlertText on session 94944358f9038b00ea62aa3c8f1f8c50 to remote] DEBUG org.asynchttpclient.netty.request.NettyRequestSender - Using pooled Channel '[id: 0x2dc8607f, L:/127.0.0.1:50372 - R:localhost/127.0.0.1:27225]' for 'GET' to 'http://localhost:27225/session/94944358f9038b00ea62aa3c8f1f8c50/alert/text'
11:15:22.498 [Forwarding getAlertText on session 94944358f9038b00ea62aa3c8f1f8c50 to remote] DEBUG org.asynchttpclient.netty.request.NettyRequestSender - Using open Channel [id: 0x2dc8607f, L:/127.0.0.1:50372 - R:localhost/127.0.0.1:27225] for GET '/session/94944358f9038b00ea62aa3c8f1f8c50/alert/text'
11:15:22.567 [AsyncHttpClient-1-5] DEBUG org.asynchttpclient.netty.handler.HttpHandler - 

Request DefaultFullHttpRequest(decodeResult: success, version: HTTP/1.1, content: EmptyByteBufBE)
GET /session/94944358f9038b00ea62aa3c8f1f8c50/alert/text HTTP/1.1
User-Agent: selenium/4.8.1 (java windows)
Cache-Control: no-cache
Content-Type: application/json; charset=utf-8
host: localhost:27225
accept: */*

Response DefaultHttpResponse(decodeResult: success, version: HTTP/1.1)
HTTP/1.1 404 Not Found
Content-Length: 836
Content-Type: application/json; charset=utf-8
cache-control: no-cache

11:15:22.567 [AsyncHttpClient-1-5] DEBUG org.asynchttpclient.netty.channel.ChannelManager - Adding key: http://localhost:27225 for channel [id: 0x2dc8607f, L:/127.0.0.1:50372 - R:localhost/127.0.0.1:27225]
11:15:22.572 [Forwarding getCurrentUrl on session 94944358f9038b00ea62aa3c8f1f8c50 to remote] DEBUG org.asynchttpclient.netty.request.NettyRequestSender - Using pooled Channel '[id: 0x2dc8607f, L:/127.0.0.1:50372 - R:localhost/127.0.0.1:27225]' for 'GET' to 'http://localhost:27225/session/94944358f9038b00ea62aa3c8f1f8c50/url'
11:15:22.573 [Forwarding getCurrentUrl on session 94944358f9038b00ea62aa3c8f1f8c50 to remote] DEBUG org.asynchttpclient.netty.request.NettyRequestSender - Using open Channel [id: 0x2dc8607f, L:/127.0.0.1:50372 - R:localhost/127.0.0.1:27225] for GET '/session/94944358f9038b00ea62aa3c8f1f8c50/url'
11:15:22.654 [AsyncHttpClient-1-5] DEBUG org.asynchttpclient.netty.handler.HttpHandler - 

Request DefaultFullHttpRequest(decodeResult: success, version: HTTP/1.1, content: EmptyByteBufBE)
GET /session/94944358f9038b00ea62aa3c8f1f8c50/url HTTP/1.1
User-Agent: selenium/4.8.1 (java windows)
Cache-Control: no-cache
Content-Type: application/json; charset=utf-8
host: localhost:27225
accept: */*

Response DefaultHttpResponse(decodeResult: success, version: HTTP/1.1)
HTTP/1.1 200 OK
Content-Length: 42
Content-Type: application/json; charset=utf-8
cache-control: no-cache

11:15:22.655 [AsyncHttpClient-1-5] DEBUG org.asynchttpclient.netty.channel.ChannelManager - Adding key: http://localhost:27225 for channel [id: 0x2dc8607f, L:/127.0.0.1:50372 - R:localhost/127.0.0.1:27225]
11:15:22.658 [Forwarding screenshot on session 94944358f9038b00ea62aa3c8f1f8c50 to remote] DEBUG org.asynchttpclient.netty.request.NettyRequestSender - Using pooled Channel '[id: 0x2dc8607f, L:/127.0.0.1:50372 - R:localhost/127.0.0.1:27225]' for 'GET' to 'http://localhost:27225/session/94944358f9038b00ea62aa3c8f1f8c50/screenshot'
11:15:22.659 [Forwarding screenshot on session 94944358f9038b00ea62aa3c8f1f8c50 to remote] DEBUG org.asynchttpclient.netty.request.NettyRequestSender - Using open Channel [id: 0x2dc8607f, L:/127.0.0.1:50372 - R:localhost/127.0.0.1:27225] for GET '/session/94944358f9038b00ea62aa3c8f1f8c50/screenshot'
11:15:23.003 [AsyncHttpClient-1-1] DEBUG org.asynchttpclient.netty.channel.DefaultChannelPool - Entry count for : http://localhost:50373 : 1
11:15:23.339 [AsyncHttpClient-1-5] DEBUG org.asynchttpclient.netty.handler.HttpHandler - 

Request DefaultFullHttpRequest(decodeResult: success, version: HTTP/1.1, content: EmptyByteBufBE)
GET /session/94944358f9038b00ea62aa3c8f1f8c50/screenshot HTTP/1.1
User-Agent: selenium/4.8.1 (java windows)
Cache-Control: no-cache
Content-Type: application/json; charset=utf-8
host: localhost:27225
accept: */*

Response DefaultHttpResponse(decodeResult: success, version: HTTP/1.1)
HTTP/1.1 200 OK
Content-Length: 277256
Content-Type: application/json; charset=utf-8
cache-control: no-cache

11:15:23.340 [AsyncHttpClient-1-5] DEBUG org.asynchttpclient.netty.channel.ChannelManager - Adding key: http://localhost:27225 for channel [id: 0x2dc8607f, L:/127.0.0.1:50372 - R:localhost/127.0.0.1:27225]
11:15:23.350 [main] DEBUG net.serenitybdd.core.photography.Darkroom - Send negative for processing for target\site\serenity\6c14964afb175fcd1fcd055aeac833a40b5cdc11bb14153ac4af1122dd145a3e.png
11:15:23.350 [main] DEBUG net.thucydides.core.steps.StepInterceptor - STEP DONE: clickLoginButton
  &amp#27;[32mWhen &amp#27;[0m&amp#27;[32mI click login button&amp#27;[0m             &amp#27;[90m# starter.stepdefintions.LoginSteps.clickLoginButton()&amp#27;[0m
11:15:23.362 [Forwarding getPageSource on session 94944358f9038b00ea62aa3c8f1f8c50 to remote] DEBUG org.asynchttpclient.netty.request.NettyRequestSender - Using pooled Channel '[id: 0x2dc8607f, L:/127.0.0.1:50372 - R:localhost/127.0.0.1:27225]' for 'POST' to 'http://localhost:27225/session/94944358f9038b00ea62aa3c8f1f8c50/execute/sync'
11:15:23.362 [Forwarding getPageSource on session 94944358f9038b00ea62aa3c8f1f8c50 to remote] DEBUG org.asynchttpclient.netty.request.NettyRequestSender - Using open Channel [id: 0x2dc8607f, L:/127.0.0.1:50372 - R:localhost/127.0.0.1:27225] for POST '/session/94944358f9038b00ea62aa3c8f1f8c50/execute/sync'
11:15:23.376 [AsyncHttpClient-1-5] DEBUG org.asynchttpclient.netty.handler.HttpHandler - 

Request DefaultHttpRequest(decodeResult: success, version: HTTP/1.1)
POST /session/94944358f9038b00ea62aa3c8f1f8c50/execute/sync HTTP/1.1
User-Agent: selenium/4.8.1 (java windows)
Content-Length: 176
Content-Type: application/json; charset=utf-8
host: localhost:27225
accept: */*

Response DefaultHttpResponse(decodeResult: success, version: HTTP/1.1)
HTTP/1.1 200 OK
Content-Length: 96690
Content-Type: application/json; charset=utf-8
cache-control: no-cache

11:15:23.376 [AsyncHttpClient-1-5] DEBUG org.asynchttpclient.netty.channel.ChannelManager - Adding key: http://localhost:27225 for channel [id: 0x2dc8607f, L:/127.0.0.1:50372 - R:localhost/127.0.0.1:27225]
11:15:23.392 [Forwarding getCurrentUrl on session 94944358f9038b00ea62aa3c8f1f8c50 to remote] DEBUG org.asynchttpclient.netty.request.NettyRequestSender - Using pooled Channel '[id: 0x2dc8607f, L:/127.0.0.1:50372 - R:localhost/127.0.0.1:27225]' for 'GET' to 'http://localhost:27225/session/94944358f9038b00ea62aa3c8f1f8c50/url'
11:15:23.392 [Forwarding getCurrentUrl on session 94944358f9038b00ea62aa3c8f1f8c50 to remote] DEBUG org.asynchttpclient.netty.request.NettyRequestSender - Using open Channel [id: 0x2dc8607f, L:/127.0.0.1:50372 - R:localhost/127.0.0.1:27225] for GET '/session/94944358f9038b00ea62aa3c8f1f8c50/url'
11:15:23.398 [AsyncHttpClient-1-5] DEBUG org.asynchttpclient.netty.handler.HttpHandler - 

Request DefaultFullHttpRequest(decodeResult: success, version: HTTP/1.1, content: EmptyByteBufBE)
GET /session/94944358f9038b00ea62aa3c8f1f8c50/url HTTP/1.1
User-Agent: selenium/4.8.1 (java windows)
Cache-Control: no-cache
Content-Type: application/json; charset=utf-8
host: localhost:27225
accept: */*

Response DefaultHttpResponse(decodeResult: success, version: HTTP/1.1)
HTTP/1.1 200 OK
Content-Length: 42
Content-Type: application/json; charset=utf-8
cache-control: no-cache

11:15:23.399 [AsyncHttpClient-1-5] DEBUG org.asynchttpclient.netty.channel.ChannelManager - Adding key: http://localhost:27225 for channel [id: 0x2dc8607f, L:/127.0.0.1:50372 - R:localhost/127.0.0.1:27225]
11:15:23.454 [Forwarding getAlertText on session 94944358f9038b00ea62aa3c8f1f8c50 to remote] DEBUG org.asynchttpclient.netty.request.NettyRequestSender - Using pooled Channel '[id: 0x2dc8607f, L:/127.0.0.1:50372 - R:localhost/127.0.0.1:27225]' for 'GET' to 'http://localhost:27225/session/94944358f9038b00ea62aa3c8f1f8c50/alert/text'
11:15:23.454 [Forwarding getAlertText on session 94944358f9038b00ea62aa3c8f1f8c50 to remote] DEBUG org.asynchttpclient.netty.request.NettyRequestSender - Using open Channel [id: 0x2dc8607f, L:/127.0.0.1:50372 - R:localhost/127.0.0.1:27225] for GET '/session/94944358f9038b00ea62aa3c8f1f8c50/alert/text'
11:15:23.457 [AsyncHttpClient-1-5] DEBUG org.asynchttpclient.netty.handler.HttpHandler - 

Request DefaultFullHttpRequest(decodeResult: success, version: HTTP/1.1, content: EmptyByteBufBE)
GET /session/94944358f9038b00ea62aa3c8f1f8c50/alert/text HTTP/1.1
User-Agent: selenium/4.8.1 (java windows)
Cache-Control: no-cache
Content-Type: application/json; charset=utf-8
host: localhost:27225
accept: */*

Response DefaultHttpResponse(decodeResult: success, version: HTTP/1.1)
HTTP/1.1 404 Not Found
Content-Length: 836
Content-Type: application/json; charset=utf-8
cache-control: no-cache

11:15:23.457 [AsyncHttpClient-1-5] DEBUG org.asynchttpclient.netty.channel.ChannelManager - Adding key: http://localhost:27225 for channel [id: 0x2dc8607f, L:/127.0.0.1:50372 - R:localhost/127.0.0.1:27225]
11:15:23.459 [Forwarding getCurrentUrl on session 94944358f9038b00ea62aa3c8f1f8c50 to remote] DEBUG org.asynchttpclient.netty.request.NettyRequestSender - Using pooled Channel '[id: 0x2dc8607f, L:/127.0.0.1:50372 - R:localhost/127.0.0.1:27225]' for 'GET' to 'http://localhost:27225/session/94944358f9038b00ea62aa3c8f1f8c50/url'
11:15:23.459 [Forwarding getCurrentUrl on session 94944358f9038b00ea62aa3c8f1f8c50 to remote] DEBUG org.asynchttpclient.netty.request.NettyRequestSender - Using open Channel [id: 0x2dc8607f, L:/127.0.0.1:50372 - R:localhost/127.0.0.1:27225] for GET '/session/94944358f9038b00ea62aa3c8f1f8c50/url'
11:15:23.465 [AsyncHttpClient-1-5] DEBUG org.asynchttpclient.netty.handler.HttpHandler - 

Request DefaultFullHttpRequest(decodeResult: success, version: HTTP/1.1, content: EmptyByteBufBE)
GET /session/94944358f9038b00ea62aa3c8f1f8c50/url HTTP/1.1
User-Agent: selenium/4.8.1 (java windows)
Cache-Control: no-cache
Content-Type: application/json; charset=utf-8
host: localhost:27225
accept: */*

Response DefaultHttpResponse(decodeResult: success, version: HTTP/1.1)
HTTP/1.1 200 OK
Content-Length: 42
Content-Type: application/json; charset=utf-8
cache-control: no-cache

11:15:23.466 [AsyncHttpClient-1-5] DEBUG org.asynchttpclient.netty.channel.ChannelManager - Adding key: http://localhost:27225 for channel [id: 0x2dc8607f, L:/127.0.0.1:50372 - R:localhost/127.0.0.1:27225]
11:15:23.467 [Forwarding screenshot on session 94944358f9038b00ea62aa3c8f1f8c50 to remote] DEBUG org.asynchttpclient.netty.request.NettyRequestSender - Using pooled Channel '[id: 0x2dc8607f, L:/127.0.0.1:50372 - R:localhost/127.0.0.1:27225]' for 'GET' to 'http://localhost:27225/session/94944358f9038b00ea62aa3c8f1f8c50/screenshot'
11:15:23.467 [Forwarding screenshot on session 94944358f9038b00ea62aa3c8f1f8c50 to remote] DEBUG org.asynchttpclient.netty.request.NettyRequestSender - Using open Channel [id: 0x2dc8607f, L:/127.0.0.1:50372 - R:localhost/127.0.0.1:27225] for GET '/session/94944358f9038b00ea62aa3c8f1f8c50/screenshot'
11:15:23.691 [AsyncHttpClient-1-5] DEBUG org.asynchttpclient.netty.handler.HttpHandler - 

Request DefaultFullHttpRequest(decodeResult: success, version: HTTP/1.1, content: EmptyByteBufBE)
GET /session/94944358f9038b00ea62aa3c8f1f8c50/screenshot HTTP/1.1
User-Agent: selenium/4.8.1 (java windows)
Cache-Control: no-cache
Content-Type: application/json; charset=utf-8
host: localhost:27225
accept: */*

Response DefaultHttpResponse(decodeResult: success, version: HTTP/1.1)
HTTP/1.1 200 OK
Content-Length: 277256
Content-Type: application/json; charset=utf-8
cache-control: no-cache

11:15:23.692 [AsyncHttpClient-1-5] DEBUG org.asynchttpclient.netty.channel.ChannelManager - Adding key: http://localhost:27225 for channel [id: 0x2dc8607f, L:/127.0.0.1:50372 - R:localhost/127.0.0.1:27225]
11:15:23.703 [main] DEBUG net.serenitybdd.core.photography.Darkroom - Send negative for processing for target\site\serenity\6c14964afb175fcd1fcd055aeac833a40b5cdc11bb14153ac4af1122dd145a3e.png
11:15:23.705 [Forwarding getPageSource on session 94944358f9038b00ea62aa3c8f1f8c50 to remote] DEBUG org.asynchttpclient.netty.request.NettyRequestSender - Using pooled Channel '[id: 0x2dc8607f, L:/127.0.0.1:50372 - R:localhost/127.0.0.1:27225]' for 'POST' to 'http://localhost:27225/session/94944358f9038b00ea62aa3c8f1f8c50/execute/sync'
11:15:23.705 [Forwarding getPageSource on session 94944358f9038b00ea62aa3c8f1f8c50 to remote] DEBUG org.asynchttpclient.netty.request.NettyRequestSender - Using open Channel [id: 0x2dc8607f, L:/127.0.0.1:50372 - R:localhost/127.0.0.1:27225] for POST '/session/94944358f9038b00ea62aa3c8f1f8c50/execute/sync'
11:15:23.719 [AsyncHttpClient-1-5] DEBUG org.asynchttpclient.netty.handler.HttpHandler - 

Request DefaultHttpRequest(decodeResult: success, version: HTTP/1.1)
POST /session/94944358f9038b00ea62aa3c8f1f8c50/execute/sync HTTP/1.1
User-Agent: selenium/4.8.1 (java windows)
Content-Length: 176
Content-Type: application/json; charset=utf-8
host: localhost:27225
accept: */*

Response DefaultHttpResponse(decodeResult: success, version: HTTP/1.1)
HTTP/1.1 200 OK
Content-Length: 96690
Content-Type: application/json; charset=utf-8
cache-control: no-cache

11:15:23.719 [AsyncHttpClient-1-5] DEBUG org.asynchttpclient.netty.channel.ChannelManager - Adding key: http://localhost:27225 for channel [id: 0x2dc8607f, L:/127.0.0.1:50372 - R:localhost/127.0.0.1:27225]
11:15:23.728 [Forwarding getCurrentUrl on session 94944358f9038b00ea62aa3c8f1f8c50 to remote] DEBUG org.asynchttpclient.netty.request.NettyRequestSender - Using pooled Channel '[id: 0x2dc8607f, L:/127.0.0.1:50372 - R:localhost/127.0.0.1:27225]' for 'GET' to 'http://localhost:27225/session/94944358f9038b00ea62aa3c8f1f8c50/url'
11:15:23.728 [Forwarding getCurrentUrl on session 94944358f9038b00ea62aa3c8f1f8c50 to remote] DEBUG org.asynchttpclient.netty.request.NettyRequestSender - Using open Channel [id: 0x2dc8607f, L:/127.0.0.1:50372 - R:localhost/127.0.0.1:27225] for GET '/session/94944358f9038b00ea62aa3c8f1f8c50/url'
11:15:23.733 [AsyncHttpClient-1-5] DEBUG org.asynchttpclient.netty.handler.HttpHandler - 

Request DefaultFullHttpRequest(decodeResult: success, version: HTTP/1.1, content: EmptyByteBufBE)
GET /session/94944358f9038b00ea62aa3c8f1f8c50/url HTTP/1.1
User-Agent: selenium/4.8.1 (java windows)
Cache-Control: no-cache
Content-Type: application/json; charset=utf-8
host: localhost:27225
accept: */*

Response DefaultHttpResponse(decodeResult: success, version: HTTP/1.1)
HTTP/1.1 200 OK
Content-Length: 42
Content-Type: application/json; charset=utf-8
cache-control: no-cache

11:15:23.733 [AsyncHttpClient-1-5] DEBUG org.asynchttpclient.netty.channel.ChannelManager - Adding key: http://localhost:27225 for channel [id: 0x2dc8607f, L:/127.0.0.1:50372 - R:localhost/127.0.0.1:27225]
11:15:23.736 [main] DEBUG net.thucydides.core.steps.StepInterceptor - STARTING STEP: LoginSteps.inputEmail - inputEmail
11:15:23.740 [Forwarding findElement on session 94944358f9038b00ea62aa3c8f1f8c50 to remote] DEBUG org.asynchttpclient.netty.request.NettyRequestSender - Using pooled Channel '[id: 0x2dc8607f, L:/127.0.0.1:50372 - R:localhost/127.0.0.1:27225]' for 'POST' to 'http://localhost:27225/session/94944358f9038b00ea62aa3c8f1f8c50/element'
11:15:23.740 [Forwarding findElement on session 94944358f9038b00ea62aa3c8f1f8c50 to remote] DEBUG org.asynchttpclient.netty.request.NettyRequestSender - Using open Channel [id: 0x2dc8607f, L:/127.0.0.1:50372 - R:localhost/127.0.0.1:27225] for POST '/session/94944358f9038b00ea62aa3c8f1f8c50/element'
11:15:23.760 [AsyncHttpClient-1-5] DEBUG org.asynchttpclient.netty.handler.HttpHandler - 

Request DefaultHttpRequest(decodeResult: success, version: HTTP/1.1)
POST /session/94944358f9038b00ea62aa3c8f1f8c50/element HTTP/1.1
User-Agent: selenium/4.8.1 (java windows)
Content-Length: 50
Content-Type: application/json; charset=utf-8
host: localhost:27225
accept: */*

Response DefaultHttpResponse(decodeResult: success, version: HTTP/1.1)
HTTP/1.1 200 OK
Content-Length: 88
Content-Type: application/json; charset=utf-8
cache-control: no-cache

11:15:23.760 [AsyncHttpClient-1-5] DEBUG org.asynchttpclient.netty.channel.ChannelManager - Adding key: http://localhost:27225 for channel [id: 0x2dc8607f, L:/127.0.0.1:50372 - R:localhost/127.0.0.1:27225]
11:15:23.762 [Forwarding clearElement on session 94944358f9038b00ea62aa3c8f1f8c50 to remote] DEBUG org.asynchttpclient.netty.request.NettyRequestSender - Using pooled Channel '[id: 0x2dc8607f, L:/127.0.0.1:50372 - R:localhost/127.0.0.1:27225]' for 'POST' to 'http://localhost:27225/session/94944358f9038b00ea62aa3c8f1f8c50/element/5d1fcbfa-6e11-47cf-9410-be6395a90f71/clear'
11:15:23.763 [Forwarding clearElement on session 94944358f9038b00ea62aa3c8f1f8c50 to remote] DEBUG org.asynchttpclient.netty.request.NettyRequestSender - Using open Channel [id: 0x2dc8607f, L:/127.0.0.1:50372 - R:localhost/127.0.0.1:27225] for POST '/session/94944358f9038b00ea62aa3c8f1f8c50/element/5d1fcbfa-6e11-47cf-9410-be6395a90f71/clear'
11:15:23.821 [AsyncHttpClient-1-5] DEBUG org.asynchttpclient.netty.handler.HttpHandler - 

Request DefaultHttpRequest(decodeResult: success, version: HTTP/1.1)
POST /session/94944358f9038b00ea62aa3c8f1f8c50/element/5d1fcbfa-6e11-47cf-9410-be6395a90f71/clear HTTP/1.1
User-Agent: selenium/4.8.1 (java windows)
Content-Length: 50
Content-Type: application/json; charset=utf-8
host: localhost:27225
accept: */*

Response DefaultHttpResponse(decodeResult: success, version: HTTP/1.1)
HTTP/1.1 200 OK
Content-Length: 14
Content-Type: application/json; charset=utf-8
cache-control: no-cache

11:15:23.822 [AsyncHttpClient-1-5] DEBUG org.asynchttpclient.netty.channel.ChannelManager - Adding key: http://localhost:27225 for channel [id: 0x2dc8607f, L:/127.0.0.1:50372 - R:localhost/127.0.0.1:27225]
11:15:23.826 [Forwarding sendKeysToElement on session 94944358f9038b00ea62aa3c8f1f8c50 to remote] DEBUG org.asynchttpclient.netty.request.NettyRequestSender - Using pooled Channel '[id: 0x2dc8607f, L:/127.0.0.1:50372 - R:localhost/127.0.0.1:27225]' for 'POST' to 'http://localhost:27225/session/94944358f9038b00ea62aa3c8f1f8c50/element/5d1fcbfa-6e11-47cf-9410-be6395a90f71/value'
11:15:23.827 [Forwarding sendKeysToElement on session 94944358f9038b00ea62aa3c8f1f8c50 to remote] DEBUG org.asynchttpclient.netty.request.NettyRequestSender - Using open Channel [id: 0x2dc8607f, L:/127.0.0.1:50372 - R:localhost/127.0.0.1:27225] for POST '/session/94944358f9038b00ea62aa3c8f1f8c50/element/5d1fcbfa-6e11-47cf-9410-be6395a90f71/value'
11:15:24.105 [AsyncHttpClient-1-1] DEBUG org.asynchttpclient.netty.channel.DefaultChannelPool - Entry count for : http://localhost:50373 : 1
11:15:24.173 [AsyncHttpClient-1-5] DEBUG org.asynchttpclient.netty.handler.HttpHandler - 

Request DefaultHttpRequest(decodeResult: success, version: HTTP/1.1)
POST /session/94944358f9038b00ea62aa3c8f1f8c50/element/5d1fcbfa-6e11-47cf-9410-be6395a90f71/value HTTP/1.1
User-Agent: selenium/4.8.1 (java windows)
Content-Length: 281
Content-Type: application/json; charset=utf-8
host: localhost:27225
accept: */*

Response DefaultHttpResponse(decodeResult: success, version: HTTP/1.1)
HTTP/1.1 200 OK
Content-Length: 14
Content-Type: application/json; charset=utf-8
cache-control: no-cache

11:15:24.174 [AsyncHttpClient-1-5] DEBUG org.asynchttpclient.netty.channel.ChannelManager - Adding key: http://localhost:27225 for channel [id: 0x2dc8607f, L:/127.0.0.1:50372 - R:localhost/127.0.0.1:27225]
11:15:24.194 [Forwarding getAlertText on session 94944358f9038b00ea62aa3c8f1f8c50 to remote] DEBUG org.asynchttpclient.netty.request.NettyRequestSender - Using pooled Channel '[id: 0x2dc8607f, L:/127.0.0.1:50372 - R:localhost/127.0.0.1:27225]' for 'GET' to 'http://localhost:27225/session/94944358f9038b00ea62aa3c8f1f8c50/alert/text'
11:15:24.195 [Forwarding getAlertText on session 94944358f9038b00ea62aa3c8f1f8c50 to remote] DEBUG org.asynchttpclient.netty.request.NettyRequestSender - Using open Channel [id: 0x2dc8607f, L:/127.0.0.1:50372 - R:localhost/127.0.0.1:27225] for GET '/session/94944358f9038b00ea62aa3c8f1f8c50/alert/text'
11:15:24.199 [AsyncHttpClient-1-5] DEBUG org.asynchttpclient.netty.handler.HttpHandler - 

Request DefaultFullHttpRequest(decodeResult: success, version: HTTP/1.1, content: EmptyByteBufBE)
GET /session/94944358f9038b00ea62aa3c8f1f8c50/alert/text HTTP/1.1
User-Agent: selenium/4.8.1 (java windows)
Cache-Control: no-cache
Content-Type: application/json; charset=utf-8
host: localhost:27225
accept: */*

Response DefaultHttpResponse(decodeResult: success, version: HTTP/1.1)
HTTP/1.1 404 Not Found
Content-Length: 836
Content-Type: application/json; charset=utf-8
cache-control: no-cache

11:15:24.199 [AsyncHttpClient-1-5] DEBUG org.asynchttpclient.netty.channel.ChannelManager - Adding key: http://localhost:27225 for channel [id: 0x2dc8607f, L:/127.0.0.1:50372 - R:localhost/127.0.0.1:27225]
11:15:24.202 [Forwarding getCurrentUrl on session 94944358f9038b00ea62aa3c8f1f8c50 to remote] DEBUG org.asynchttpclient.netty.request.NettyRequestSender - Using pooled Channel '[id: 0x2dc8607f, L:/127.0.0.1:50372 - R:localhost/127.0.0.1:27225]' for 'GET' to 'http://localhost:27225/session/94944358f9038b00ea62aa3c8f1f8c50/url'
11:15:24.203 [Forwarding getCurrentUrl on session 94944358f9038b00ea62aa3c8f1f8c50 to remote] DEBUG org.asynchttpclient.netty.request.NettyRequestSender - Using open Channel [id: 0x2dc8607f, L:/127.0.0.1:50372 - R:localhost/127.0.0.1:27225] for GET '/session/94944358f9038b00ea62aa3c8f1f8c50/url'
11:15:24.212 [AsyncHttpClient-1-5] DEBUG org.asynchttpclient.netty.handler.HttpHandler - 

Request DefaultFullHttpRequest(decodeResult: success, version: HTTP/1.1, content: EmptyByteBufBE)
GET /session/94944358f9038b00ea62aa3c8f1f8c50/url HTTP/1.1
User-Agent: selenium/4.8.1 (java windows)
Cache-Control: no-cache
Content-Type: application/json; charset=utf-8
host: localhost:27225
accept: */*

Response DefaultHttpResponse(decodeResult: success, version: HTTP/1.1)
HTTP/1.1 200 OK
Content-Length: 42
Content-Type: application/json; charset=utf-8
cache-control: no-cache

11:15:24.212 [AsyncHttpClient-1-5] DEBUG org.asynchttpclient.netty.channel.ChannelManager - Adding key: http://localhost:27225 for channel [id: 0x2dc8607f, L:/127.0.0.1:50372 - R:localhost/127.0.0.1:27225]
11:15:24.215 [Forwarding screenshot on session 94944358f9038b00ea62aa3c8f1f8c50 to remote] DEBUG org.asynchttpclient.netty.request.NettyRequestSender - Using pooled Channel '[id: 0x2dc8607f, L:/127.0.0.1:50372 - R:localhost/127.0.0.1:27225]' for 'GET' to 'http://localhost:27225/session/94944358f9038b00ea62aa3c8f1f8c50/screenshot'
11:15:24.215 [Forwarding screenshot on session 94944358f9038b00ea62aa3c8f1f8c50 to remote] DEBUG org.asynchttpclient.netty.request.NettyRequestSender - Using open Channel [id: 0x2dc8607f, L:/127.0.0.1:50372 - R:localhost/127.0.0.1:27225] for GET '/session/94944358f9038b00ea62aa3c8f1f8c50/screenshot'
11:15:24.486 [AsyncHttpClient-1-5] DEBUG org.asynchttpclient.netty.handler.HttpHandler - 

Request DefaultFullHttpRequest(decodeResult: success, version: HTTP/1.1, content: EmptyByteBufBE)
GET /session/94944358f9038b00ea62aa3c8f1f8c50/screenshot HTTP/1.1
User-Agent: selenium/4.8.1 (java windows)
Cache-Control: no-cache
Content-Type: application/json; charset=utf-8
host: localhost:27225
accept: */*

Response DefaultHttpResponse(decodeResult: success, version: HTTP/1.1)
HTTP/1.1 200 OK
Content-Length: 281852
Content-Type: application/json; charset=utf-8
cache-control: no-cache

11:15:24.487 [AsyncHttpClient-1-5] DEBUG org.asynchttpclient.netty.channel.ChannelManager - Adding key: http://localhost:27225 for channel [id: 0x2dc8607f, L:/127.0.0.1:50372 - R:localhost/127.0.0.1:27225]
11:15:24.499 [main] DEBUG net.serenitybdd.core.photography.Darkroom - Send negative for processing for target\site\serenity\772803f26439e918243cbd0516cf5d13e60047a01ab094de4b780ce34e31025c.png
11:15:24.499 [main] DEBUG net.thucydides.core.steps.StepInterceptor - STEP DONE: inputEmail
  &amp#27;[32mAnd &amp#27;[0m&amp#27;[32mI enter correct email&amp#27;[0m             &amp#27;[90m# starter.stepdefintions.LoginSteps.inputEmail()&amp#27;[0m
11:15:24.513 [Forwarding getPageSource on session 94944358f9038b00ea62aa3c8f1f8c50 to remote] DEBUG org.asynchttpclient.netty.request.NettyRequestSender - Using pooled Channel '[id: 0x2dc8607f, L:/127.0.0.1:50372 - R:localhost/127.0.0.1:27225]' for 'POST' to 'http://localhost:27225/session/94944358f9038b00ea62aa3c8f1f8c50/execute/sync'
11:15:24.513 [Forwarding getPageSource on session 94944358f9038b00ea62aa3c8f1f8c50 to remote] DEBUG org.asynchttpclient.netty.request.NettyRequestSender - Using open Channel [id: 0x2dc8607f, L:/127.0.0.1:50372 - R:localhost/127.0.0.1:27225] for POST '/session/94944358f9038b00ea62aa3c8f1f8c50/execute/sync'
11:15:24.540 [AsyncHttpClient-1-5] DEBUG org.asynchttpclient.netty.handler.HttpHandler - 

Request DefaultHttpRequest(decodeResult: success, version: HTTP/1.1)
POST /session/94944358f9038b00ea62aa3c8f1f8c50/execute/sync HTTP/1.1
User-Agent: selenium/4.8.1 (java windows)
Content-Length: 176
Content-Type: application/json; charset=utf-8
host: localhost:27225
accept: */*

Response DefaultHttpResponse(decodeResult: success, version: HTTP/1.1)
HTTP/1.1 200 OK
Content-Length: 96734
Content-Type: application/json; charset=utf-8
cache-control: no-cache

11:15:24.541 [AsyncHttpClient-1-5] DEBUG org.asynchttpclient.netty.channel.ChannelManager - Adding key: http://localhost:27225 for channel [id: 0x2dc8607f, L:/127.0.0.1:50372 - R:localhost/127.0.0.1:27225]
11:15:24.562 [Forwarding getCurrentUrl on session 94944358f9038b00ea62aa3c8f1f8c50 to remote] DEBUG org.asynchttpclient.netty.request.NettyRequestSender - Using pooled Channel '[id: 0x2dc8607f, L:/127.0.0.1:50372 - R:localhost/127.0.0.1:27225]' for 'GET' to 'http://localhost:27225/session/94944358f9038b00ea62aa3c8f1f8c50/url'
11:15:24.563 [Forwarding getCurrentUrl on session 94944358f9038b00ea62aa3c8f1f8c50 to remote] DEBUG org.asynchttpclient.netty.request.NettyRequestSender - Using open Channel [id: 0x2dc8607f, L:/127.0.0.1:50372 - R:localhost/127.0.0.1:27225] for GET '/session/94944358f9038b00ea62aa3c8f1f8c50/url'
11:15:24.572 [AsyncHttpClient-1-5] DEBUG org.asynchttpclient.netty.handler.HttpHandler - 

Request DefaultFullHttpRequest(decodeResult: success, version: HTTP/1.1, content: EmptyByteBufBE)
GET /session/94944358f9038b00ea62aa3c8f1f8c50/url HTTP/1.1
User-Agent: selenium/4.8.1 (java windows)
Cache-Control: no-cache
Content-Type: application/json; charset=utf-8
host: localhost:27225
accept: */*

Response DefaultHttpResponse(decodeResult: success, version: HTTP/1.1)
HTTP/1.1 200 OK
Content-Length: 42
Content-Type: application/json; charset=utf-8
cache-control: no-cache

11:15:24.573 [AsyncHttpClient-1-5] DEBUG org.asynchttpclient.netty.channel.ChannelManager - Adding key: http://localhost:27225 for channel [id: 0x2dc8607f, L:/127.0.0.1:50372 - R:localhost/127.0.0.1:27225]
11:15:24.613 [Forwarding getAlertText on session 94944358f9038b00ea62aa3c8f1f8c50 to remote] DEBUG org.asynchttpclient.netty.request.NettyRequestSender - Using pooled Channel '[id: 0x2dc8607f, L:/127.0.0.1:50372 - R:localhost/127.0.0.1:27225]' for 'GET' to 'http://localhost:27225/session/94944358f9038b00ea62aa3c8f1f8c50/alert/text'
11:15:24.613 [Forwarding getAlertText on session 94944358f9038b00ea62aa3c8f1f8c50 to remote] DEBUG org.asynchttpclient.netty.request.NettyRequestSender - Using open Channel [id: 0x2dc8607f, L:/127.0.0.1:50372 - R:localhost/127.0.0.1:27225] for GET '/session/94944358f9038b00ea62aa3c8f1f8c50/alert/text'
11:15:24.618 [AsyncHttpClient-1-5] DEBUG org.asynchttpclient.netty.handler.HttpHandler - 

Request DefaultFullHttpRequest(decodeResult: success, version: HTTP/1.1, content: EmptyByteBufBE)
GET /session/94944358f9038b00ea62aa3c8f1f8c50/alert/text HTTP/1.1
User-Agent: selenium/4.8.1 (java windows)
Cache-Control: no-cache
Content-Type: application/json; charset=utf-8
host: localhost:27225
accept: */*

Response DefaultHttpResponse(decodeResult: success, version: HTTP/1.1)
HTTP/1.1 404 Not Found
Content-Length: 836
Content-Type: application/json; charset=utf-8
cache-control: no-cache

11:15:24.619 [AsyncHttpClient-1-5] DEBUG org.asynchttpclient.netty.channel.ChannelManager - Adding key: http://localhost:27225 for channel [id: 0x2dc8607f, L:/127.0.0.1:50372 - R:localhost/127.0.0.1:27225]
11:15:24.626 [Forwarding getCurrentUrl on session 94944358f9038b00ea62aa3c8f1f8c50 to remote] DEBUG org.asynchttpclient.netty.request.NettyRequestSender - Using pooled Channel '[id: 0x2dc8607f, L:/127.0.0.1:50372 - R:localhost/127.0.0.1:27225]' for 'GET' to 'http://localhost:27225/session/94944358f9038b00ea62aa3c8f1f8c50/url'
11:15:24.626 [Forwarding getCurrentUrl on session 94944358f9038b00ea62aa3c8f1f8c50 to remote] DEBUG org.asynchttpclient.netty.request.NettyRequestSender - Using open Channel [id: 0x2dc8607f, L:/127.0.0.1:50372 - R:localhost/127.0.0.1:27225] for GET '/session/94944358f9038b00ea62aa3c8f1f8c50/url'
11:15:24.639 [AsyncHttpClient-1-5] DEBUG org.asynchttpclient.netty.handler.HttpHandler - 

Request DefaultFullHttpRequest(decodeResult: success, version: HTTP/1.1, content: EmptyByteBufBE)
GET /session/94944358f9038b00ea62aa3c8f1f8c50/url HTTP/1.1
User-Agent: selenium/4.8.1 (java windows)
Cache-Control: no-cache
Content-Type: application/json; charset=utf-8
host: localhost:27225
accept: */*

Response DefaultHttpResponse(decodeResult: success, version: HTTP/1.1)
HTTP/1.1 200 OK
Content-Length: 42
Content-Type: application/json; charset=utf-8
cache-control: no-cache

11:15:24.640 [AsyncHttpClient-1-5] DEBUG org.asynchttpclient.netty.channel.ChannelManager - Adding key: http://localhost:27225 for channel [id: 0x2dc8607f, L:/127.0.0.1:50372 - R:localhost/127.0.0.1:27225]
11:15:24.645 [Forwarding screenshot on session 94944358f9038b00ea62aa3c8f1f8c50 to remote] DEBUG org.asynchttpclient.netty.request.NettyRequestSender - Using pooled Channel '[id: 0x2dc8607f, L:/127.0.0.1:50372 - R:localhost/127.0.0.1:27225]' for 'GET' to 'http://localhost:27225/session/94944358f9038b00ea62aa3c8f1f8c50/screenshot'
11:15:24.645 [Forwarding screenshot on session 94944358f9038b00ea62aa3c8f1f8c50 to remote] DEBUG org.asynchttpclient.netty.request.NettyRequestSender - Using open Channel [id: 0x2dc8607f, L:/127.0.0.1:50372 - R:localhost/127.0.0.1:27225] for GET '/session/94944358f9038b00ea62aa3c8f1f8c50/screenshot'
11:15:24.915 [AsyncHttpClient-1-5] DEBUG org.asynchttpclient.netty.handler.HttpHandler - 

Request DefaultFullHttpRequest(decodeResult: success, version: HTTP/1.1, content: EmptyByteBufBE)
GET /session/94944358f9038b00ea62aa3c8f1f8c50/screenshot HTTP/1.1
User-Agent: selenium/4.8.1 (java windows)
Cache-Control: no-cache
Content-Type: application/json; charset=utf-8
host: localhost:27225
accept: */*

Response DefaultHttpResponse(decodeResult: success, version: HTTP/1.1)
HTTP/1.1 200 OK
Content-Length: 281852
Content-Type: application/json; charset=utf-8
cache-control: no-cache

11:15:24.916 [AsyncHttpClient-1-5] DEBUG org.asynchttpclient.netty.channel.ChannelManager - Adding key: http://localhost:27225 for channel [id: 0x2dc8607f, L:/127.0.0.1:50372 - R:localhost/127.0.0.1:27225]
11:15:24.927 [main] DEBUG net.serenitybdd.core.photography.Darkroom - Send negative for processing for target\site\serenity\772803f26439e918243cbd0516cf5d13e60047a01ab094de4b780ce34e31025c.png
11:15:24.928 [Forwarding getPageSource on session 94944358f9038b00ea62aa3c8f1f8c50 to remote] DEBUG org.asynchttpclient.netty.request.NettyRequestSender - Using pooled Channel '[id: 0x2dc8607f, L:/127.0.0.1:50372 - R:localhost/127.0.0.1:27225]' for 'POST' to 'http://localhost:27225/session/94944358f9038b00ea62aa3c8f1f8c50/execute/sync'
11:15:24.928 [Forwarding getPageSource on session 94944358f9038b00ea62aa3c8f1f8c50 to remote] DEBUG org.asynchttpclient.netty.request.NettyRequestSender - Using open Channel [id: 0x2dc8607f, L:/127.0.0.1:50372 - R:localhost/127.0.0.1:27225] for POST '/session/94944358f9038b00ea62aa3c8f1f8c50/execute/sync'
11:15:24.942 [AsyncHttpClient-1-5] DEBUG org.asynchttpclient.netty.handler.HttpHandler - 

Request DefaultHttpRequest(decodeResult: success, version: HTTP/1.1)
POST /session/94944358f9038b00ea62aa3c8f1f8c50/execute/sync HTTP/1.1
User-Agent: selenium/4.8.1 (java windows)
Content-Length: 176
Content-Type: application/json; charset=utf-8
host: localhost:27225
accept: */*

Response DefaultHttpResponse(decodeResult: success, version: HTTP/1.1)
HTTP/1.1 200 OK
Content-Length: 96734
Content-Type: application/json; charset=utf-8
cache-control: no-cache

11:15:24.943 [AsyncHttpClient-1-5] DEBUG org.asynchttpclient.netty.channel.ChannelManager - Adding key: http://localhost:27225 for channel [id: 0x2dc8607f, L:/127.0.0.1:50372 - R:localhost/127.0.0.1:27225]
11:15:24.955 [Forwarding getCurrentUrl on session 94944358f9038b00ea62aa3c8f1f8c50 to remote] DEBUG org.asynchttpclient.netty.request.NettyRequestSender - Using pooled Channel '[id: 0x2dc8607f, L:/127.0.0.1:50372 - R:localhost/127.0.0.1:27225]' for 'GET' to 'http://localhost:27225/session/94944358f9038b00ea62aa3c8f1f8c50/url'
11:15:24.955 [Forwarding getCurrentUrl on session 94944358f9038b00ea62aa3c8f1f8c50 to remote] DEBUG org.asynchttpclient.netty.request.NettyRequestSender - Using open Channel [id: 0x2dc8607f, L:/127.0.0.1:50372 - R:localhost/127.0.0.1:27225] for GET '/session/94944358f9038b00ea62aa3c8f1f8c50/url'
11:15:24.963 [AsyncHttpClient-1-5] DEBUG org.asynchttpclient.netty.handler.HttpHandler - 

Request DefaultFullHttpRequest(decodeResult: success, version: HTTP/1.1, content: EmptyByteBufBE)
GET /session/94944358f9038b00ea62aa3c8f1f8c50/url HTTP/1.1
User-Agent: selenium/4.8.1 (java windows)
Cache-Control: no-cache
Content-Type: application/json; charset=utf-8
host: localhost:27225
accept: */*

Response DefaultHttpResponse(decodeResult: success, version: HTTP/1.1)
HTTP/1.1 200 OK
Content-Length: 42
Content-Type: application/json; charset=utf-8
cache-control: no-cache

11:15:24.963 [AsyncHttpClient-1-5] DEBUG org.asynchttpclient.netty.channel.ChannelManager - Adding key: http://localhost:27225 for channel [id: 0x2dc8607f, L:/127.0.0.1:50372 - R:localhost/127.0.0.1:27225]
11:15:24.969 [main] DEBUG net.thucydides.core.steps.StepInterceptor - STARTING STEP: LoginSteps.inputIncorrectPassword - inputPassword
11:15:24.977 [Forwarding findElement on session 94944358f9038b00ea62aa3c8f1f8c50 to remote] DEBUG org.asynchttpclient.netty.request.NettyRequestSender - Using pooled Channel '[id: 0x2dc8607f, L:/127.0.0.1:50372 - R:localhost/127.0.0.1:27225]' for 'POST' to 'http://localhost:27225/session/94944358f9038b00ea62aa3c8f1f8c50/element'
11:15:24.977 [Forwarding findElement on session 94944358f9038b00ea62aa3c8f1f8c50 to remote] DEBUG org.asynchttpclient.netty.request.NettyRequestSender - Using open Channel [id: 0x2dc8607f, L:/127.0.0.1:50372 - R:localhost/127.0.0.1:27225] for POST '/session/94944358f9038b00ea62aa3c8f1f8c50/element'
11:15:25.010 [AsyncHttpClient-1-5] DEBUG org.asynchttpclient.netty.handler.HttpHandler - 

Request DefaultHttpRequest(decodeResult: success, version: HTTP/1.1)
POST /session/94944358f9038b00ea62aa3c8f1f8c50/element HTTP/1.1
User-Agent: selenium/4.8.1 (java windows)
Content-Length: 53
Content-Type: application/json; charset=utf-8
host: localhost:27225
accept: */*

Response DefaultHttpResponse(decodeResult: success, version: HTTP/1.1)
HTTP/1.1 200 OK
Content-Length: 88
Content-Type: application/json; charset=utf-8
cache-control: no-cache

11:15:25.011 [AsyncHttpClient-1-5] DEBUG org.asynchttpclient.netty.channel.ChannelManager - Adding key: http://localhost:27225 for channel [id: 0x2dc8607f, L:/127.0.0.1:50372 - R:localhost/127.0.0.1:27225]
11:15:25.014 [Forwarding clearElement on session 94944358f9038b00ea62aa3c8f1f8c50 to remote] DEBUG org.asynchttpclient.netty.request.NettyRequestSender - Using pooled Channel '[id: 0x2dc8607f, L:/127.0.0.1:50372 - R:localhost/127.0.0.1:27225]' for 'POST' to 'http://localhost:27225/session/94944358f9038b00ea62aa3c8f1f8c50/element/1965ee79-6866-4187-a741-32e7c0a67302/clear'
11:15:25.014 [Forwarding clearElement on session 94944358f9038b00ea62aa3c8f1f8c50 to remote] DEBUG org.asynchttpclient.netty.request.NettyRequestSender - Using open Channel [id: 0x2dc8607f, L:/127.0.0.1:50372 - R:localhost/127.0.0.1:27225] for POST '/session/94944358f9038b00ea62aa3c8f1f8c50/element/1965ee79-6866-4187-a741-32e7c0a67302/clear'
11:15:25.108 [AsyncHttpClient-1-5] DEBUG org.asynchttpclient.netty.handler.HttpHandler - 

Request DefaultHttpRequest(decodeResult: success, version: HTTP/1.1)
POST /session/94944358f9038b00ea62aa3c8f1f8c50/element/1965ee79-6866-4187-a741-32e7c0a67302/clear HTTP/1.1
User-Agent: selenium/4.8.1 (java windows)
Content-Length: 50
Content-Type: application/json; charset=utf-8
host: localhost:27225
accept: */*

Response DefaultHttpResponse(decodeResult: success, version: HTTP/1.1)
HTTP/1.1 200 OK
Content-Length: 14
Content-Type: application/json; charset=utf-8
cache-control: no-cache

11:15:25.109 [AsyncHttpClient-1-5] DEBUG org.asynchttpclient.netty.channel.ChannelManager - Adding key: http://localhost:27225 for channel [id: 0x2dc8607f, L:/127.0.0.1:50372 - R:localhost/127.0.0.1:27225]
11:15:25.114 [Forwarding sendKeysToElement on session 94944358f9038b00ea62aa3c8f1f8c50 to remote] DEBUG org.asynchttpclient.netty.request.NettyRequestSender - Using pooled Channel '[id: 0x2dc8607f, L:/127.0.0.1:50372 - R:localhost/127.0.0.1:27225]' for 'POST' to 'http://localhost:27225/session/94944358f9038b00ea62aa3c8f1f8c50/element/1965ee79-6866-4187-a741-32e7c0a67302/value'
11:15:25.114 [Forwarding sendKeysToElement on session 94944358f9038b00ea62aa3c8f1f8c50 to remote] DEBUG org.asynchttpclient.netty.request.NettyRequestSender - Using open Channel [id: 0x2dc8607f, L:/127.0.0.1:50372 - R:localhost/127.0.0.1:27225] for POST '/session/94944358f9038b00ea62aa3c8f1f8c50/element/1965ee79-6866-4187-a741-32e7c0a67302/value'
11:15:25.206 [AsyncHttpClient-1-1] DEBUG org.asynchttpclient.netty.channel.DefaultChannelPool - Entry count for : http://localhost:50373 : 1
11:15:25.387 [AsyncHttpClient-1-5] DEBUG org.asynchttpclient.netty.handler.HttpHandler - 

Request DefaultHttpRequest(decodeResult: success, version: HTTP/1.1)
POST /session/94944358f9038b00ea62aa3c8f1f8c50/element/1965ee79-6866-4187-a741-32e7c0a67302/value HTTP/1.1
User-Agent: selenium/4.8.1 (java windows)
Content-Length: 191
Content-Type: application/json; charset=utf-8
host: localhost:27225
accept: */*

Response DefaultHttpResponse(decodeResult: success, version: HTTP/1.1)
HTTP/1.1 200 OK
Content-Length: 14
Content-Type: application/json; charset=utf-8
cache-control: no-cache

11:15:25.388 [AsyncHttpClient-1-5] DEBUG org.asynchttpclient.netty.channel.ChannelManager - Adding key: http://localhost:27225 for channel [id: 0x2dc8607f, L:/127.0.0.1:50372 - R:localhost/127.0.0.1:27225]
11:15:25.410 [Forwarding getAlertText on session 94944358f9038b00ea62aa3c8f1f8c50 to remote] DEBUG org.asynchttpclient.netty.request.NettyRequestSender - Using pooled Channel '[id: 0x2dc8607f, L:/127.0.0.1:50372 - R:localhost/127.0.0.1:27225]' for 'GET' to 'http://localhost:27225/session/94944358f9038b00ea62aa3c8f1f8c50/alert/text'
11:15:25.410 [Forwarding getAlertText on session 94944358f9038b00ea62aa3c8f1f8c50 to remote] DEBUG org.asynchttpclient.netty.request.NettyRequestSender - Using open Channel [id: 0x2dc8607f, L:/127.0.0.1:50372 - R:localhost/127.0.0.1:27225] for GET '/session/94944358f9038b00ea62aa3c8f1f8c50/alert/text'
11:15:25.415 [AsyncHttpClient-1-5] DEBUG org.asynchttpclient.netty.handler.HttpHandler - 

Request DefaultFullHttpRequest(decodeResult: success, version: HTTP/1.1, content: EmptyByteBufBE)
GET /session/94944358f9038b00ea62aa3c8f1f8c50/alert/text HTTP/1.1
User-Agent: selenium/4.8.1 (java windows)
Cache-Control: no-cache
Content-Type: application/json; charset=utf-8
host: localhost:27225
accept: */*

Response DefaultHttpResponse(decodeResult: success, version: HTTP/1.1)
HTTP/1.1 404 Not Found
Content-Length: 836
Content-Type: application/json; charset=utf-8
cache-control: no-cache

11:15:25.415 [AsyncHttpClient-1-5] DEBUG org.asynchttpclient.netty.channel.ChannelManager - Adding key: http://localhost:27225 for channel [id: 0x2dc8607f, L:/127.0.0.1:50372 - R:localhost/127.0.0.1:27225]
11:15:25.421 [Forwarding getCurrentUrl on session 94944358f9038b00ea62aa3c8f1f8c50 to remote] DEBUG org.asynchttpclient.netty.request.NettyRequestSender - Using pooled Channel '[id: 0x2dc8607f, L:/127.0.0.1:50372 - R:localhost/127.0.0.1:27225]' for 'GET' to 'http://localhost:27225/session/94944358f9038b00ea62aa3c8f1f8c50/url'
11:15:25.421 [Forwarding getCurrentUrl on session 94944358f9038b00ea62aa3c8f1f8c50 to remote] DEBUG org.asynchttpclient.netty.request.NettyRequestSender - Using open Channel [id: 0x2dc8607f, L:/127.0.0.1:50372 - R:localhost/127.0.0.1:27225] for GET '/session/94944358f9038b00ea62aa3c8f1f8c50/url'
11:15:25.432 [AsyncHttpClient-1-5] DEBUG org.asynchttpclient.netty.handler.HttpHandler - 

Request DefaultFullHttpRequest(decodeResult: success, version: HTTP/1.1, content: EmptyByteBufBE)
GET /session/94944358f9038b00ea62aa3c8f1f8c50/url HTTP/1.1
User-Agent: selenium/4.8.1 (java windows)
Cache-Control: no-cache
Content-Type: application/json; charset=utf-8
host: localhost:27225
accept: */*

Response DefaultHttpResponse(decodeResult: success, version: HTTP/1.1)
HTTP/1.1 200 OK
Content-Length: 42
Content-Type: application/json; charset=utf-8
cache-control: no-cache

11:15:25.432 [AsyncHttpClient-1-5] DEBUG org.asynchttpclient.netty.channel.ChannelManager - Adding key: http://localhost:27225 for channel [id: 0x2dc8607f, L:/127.0.0.1:50372 - R:localhost/127.0.0.1:27225]
11:15:25.436 [Forwarding screenshot on session 94944358f9038b00ea62aa3c8f1f8c50 to remote] DEBUG org.asynchttpclient.netty.request.NettyRequestSender - Using pooled Channel '[id: 0x2dc8607f, L:/127.0.0.1:50372 - R:localhost/127.0.0.1:27225]' for 'GET' to 'http://localhost:27225/session/94944358f9038b00ea62aa3c8f1f8c50/screenshot'
11:15:25.436 [Forwarding screenshot on session 94944358f9038b00ea62aa3c8f1f8c50 to remote] DEBUG org.asynchttpclient.netty.request.NettyRequestSender - Using open Channel [id: 0x2dc8607f, L:/127.0.0.1:50372 - R:localhost/127.0.0.1:27225] for GET '/session/94944358f9038b00ea62aa3c8f1f8c50/screenshot'
11:15:25.758 [AsyncHttpClient-1-5] DEBUG org.asynchttpclient.netty.handler.HttpHandler - 

Request DefaultFullHttpRequest(decodeResult: success, version: HTTP/1.1, content: EmptyByteBufBE)
GET /session/94944358f9038b00ea62aa3c8f1f8c50/screenshot HTTP/1.1
User-Agent: selenium/4.8.1 (java windows)
Cache-Control: no-cache
Content-Type: application/json; charset=utf-8
host: localhost:27225
accept: */*

Response DefaultHttpResponse(decodeResult: success, version: HTTP/1.1)
HTTP/1.1 200 OK
Content-Length: 279596
Content-Type: application/json; charset=utf-8
cache-control: no-cache

11:15:25.759 [AsyncHttpClient-1-5] DEBUG org.asynchttpclient.netty.channel.ChannelManager - Adding key: http://localhost:27225 for channel [id: 0x2dc8607f, L:/127.0.0.1:50372 - R:localhost/127.0.0.1:27225]
11:15:25.768 [main] DEBUG net.serenitybdd.core.photography.Darkroom - Send negative for processing for target\site\serenity\343d068f15093175ea2b65d3d6c0eb61b2df26a5a38550cd47377724009bbf04.png
11:15:25.768 [main] DEBUG net.thucydides.core.steps.StepInterceptor - STEP DONE: inputPassword
  &amp#27;[32mAnd &amp#27;[0m&amp#27;[32mI enter incorrect password&amp#27;[0m        &amp#27;[90m# starter.stepdefintions.LoginSteps.inputIncorrectPassword()&amp#27;[0m
11:15:25.768 [Darkroom Processing Line] DEBUG net.serenitybdd.core.photography.DarkroomProcessingLine - Processing screenshot image in /var/screenshots/screenshot-279504877354724882
11:15:25.769 [Darkroom Processing Line] DEBUG net.serenitybdd.core.photography.DarkroomProcessingLine - Saving screenshot to target\site\serenity\343d068f15093175ea2b65d3d6c0eb61b2df26a5a38550cd47377724009bbf04.png
11:15:25.781 [Forwarding getPageSource on session 94944358f9038b00ea62aa3c8f1f8c50 to remote] DEBUG org.asynchttpclient.netty.request.NettyRequestSender - Using pooled Channel '[id: 0x2dc8607f, L:/127.0.0.1:50372 - R:localhost/127.0.0.1:27225]' for 'POST' to 'http://localhost:27225/session/94944358f9038b00ea62aa3c8f1f8c50/execute/sync'
11:15:25.781 [Forwarding getPageSource on session 94944358f9038b00ea62aa3c8f1f8c50 to remote] DEBUG org.asynchttpclient.netty.request.NettyRequestSender - Using open Channel [id: 0x2dc8607f, L:/127.0.0.1:50372 - R:localhost/127.0.0.1:27225] for POST '/session/94944358f9038b00ea62aa3c8f1f8c50/execute/sync'
11:15:25.792 [AsyncHttpClient-1-5] DEBUG org.asynchttpclient.netty.handler.HttpHandler - 

Request DefaultHttpRequest(decodeResult: success, version: HTTP/1.1)
POST /session/94944358f9038b00ea62aa3c8f1f8c50/execute/sync HTTP/1.1
User-Agent: selenium/4.8.1 (java windows)
Content-Length: 176
Content-Type: application/json; charset=utf-8
host: localhost:27225
accept: */*

Response DefaultHttpResponse(decodeResult: success, version: HTTP/1.1)
HTTP/1.1 200 OK
Content-Length: 96750
Content-Type: application/json; charset=utf-8
cache-control: no-cache

11:15:25.792 [AsyncHttpClient-1-5] DEBUG org.asynchttpclient.netty.channel.ChannelManager - Adding key: http://localhost:27225 for channel [id: 0x2dc8607f, L:/127.0.0.1:50372 - R:localhost/127.0.0.1:27225]
11:15:25.799 [Forwarding getCurrentUrl on session 94944358f9038b00ea62aa3c8f1f8c50 to remote] DEBUG org.asynchttpclient.netty.request.NettyRequestSender - Using pooled Channel '[id: 0x2dc8607f, L:/127.0.0.1:50372 - R:localhost/127.0.0.1:27225]' for 'GET' to 'http://localhost:27225/session/94944358f9038b00ea62aa3c8f1f8c50/url'
11:15:25.799 [Forwarding getCurrentUrl on session 94944358f9038b00ea62aa3c8f1f8c50 to remote] DEBUG org.asynchttpclient.netty.request.NettyRequestSender - Using open Channel [id: 0x2dc8607f, L:/127.0.0.1:50372 - R:localhost/127.0.0.1:27225] for GET '/session/94944358f9038b00ea62aa3c8f1f8c50/url'
11:15:25.804 [AsyncHttpClient-1-5] DEBUG org.asynchttpclient.netty.handler.HttpHandler - 

Request DefaultFullHttpRequest(decodeResult: success, version: HTTP/1.1, content: EmptyByteBufBE)
GET /session/94944358f9038b00ea62aa3c8f1f8c50/url HTTP/1.1
User-Agent: selenium/4.8.1 (java windows)
Cache-Control: no-cache
Content-Type: application/json; charset=utf-8
host: localhost:27225
accept: */*

Response DefaultHttpResponse(decodeResult: success, version: HTTP/1.1)
HTTP/1.1 200 OK
Content-Length: 42
Content-Type: application/json; charset=utf-8
cache-control: no-cache

11:15:25.804 [AsyncHttpClient-1-5] DEBUG org.asynchttpclient.netty.channel.ChannelManager - Adding key: http://localhost:27225 for channel [id: 0x2dc8607f, L:/127.0.0.1:50372 - R:localhost/127.0.0.1:27225]
11:15:25.816 [Forwarding getPageSource on session 94944358f9038b00ea62aa3c8f1f8c50 to remote] DEBUG org.asynchttpclient.netty.request.NettyRequestSender - Using pooled Channel '[id: 0x2dc8607f, L:/127.0.0.1:50372 - R:localhost/127.0.0.1:27225]' for 'POST' to 'http://localhost:27225/session/94944358f9038b00ea62aa3c8f1f8c50/execute/sync'
11:15:25.816 [Forwarding getPageSource on session 94944358f9038b00ea62aa3c8f1f8c50 to remote] DEBUG org.asynchttpclient.netty.request.NettyRequestSender - Using open Channel [id: 0x2dc8607f, L:/127.0.0.1:50372 - R:localhost/127.0.0.1:27225] for POST '/session/94944358f9038b00ea62aa3c8f1f8c50/execute/sync'
11:15:25.826 [AsyncHttpClient-1-5] DEBUG org.asynchttpclient.netty.handler.HttpHandler - 

Request DefaultHttpRequest(decodeResult: success, version: HTTP/1.1)
POST /session/94944358f9038b00ea62aa3c8f1f8c50/execute/sync HTTP/1.1
User-Agent: selenium/4.8.1 (java windows)
Content-Length: 176
Content-Type: application/json; charset=utf-8
host: localhost:27225
accept: */*

Response DefaultHttpResponse(decodeResult: success, version: HTTP/1.1)
HTTP/1.1 200 OK
Content-Length: 96750
Content-Type: application/json; charset=utf-8
cache-control: no-cache

11:15:25.826 [AsyncHttpClient-1-5] DEBUG org.asynchttpclient.netty.channel.ChannelManager - Adding key: http://localhost:27225 for channel [id: 0x2dc8607f, L:/127.0.0.1:50372 - R:localhost/127.0.0.1:27225]
11:15:25.833 [Forwarding getCurrentUrl on session 94944358f9038b00ea62aa3c8f1f8c50 to remote] DEBUG org.asynchttpclient.netty.request.NettyRequestSender - Using pooled Channel '[id: 0x2dc8607f, L:/127.0.0.1:50372 - R:localhost/127.0.0.1:27225]' for 'GET' to 'http://localhost:27225/session/94944358f9038b00ea62aa3c8f1f8c50/url'
11:15:25.833 [Forwarding getCurrentUrl on session 94944358f9038b00ea62aa3c8f1f8c50 to remote] DEBUG org.asynchttpclient.netty.request.NettyRequestSender - Using open Channel [id: 0x2dc8607f, L:/127.0.0.1:50372 - R:localhost/127.0.0.1:27225] for GET '/session/94944358f9038b00ea62aa3c8f1f8c50/url'
11:15:25.837 [AsyncHttpClient-1-5] DEBUG org.asynchttpclient.netty.handler.HttpHandler - 

Request DefaultFullHttpRequest(decodeResult: success, version: HTTP/1.1, content: EmptyByteBufBE)
GET /session/94944358f9038b00ea62aa3c8f1f8c50/url HTTP/1.1
User-Agent: selenium/4.8.1 (java windows)
Cache-Control: no-cache
Content-Type: application/json; charset=utf-8
host: localhost:27225
accept: */*

Response DefaultHttpResponse(decodeResult: success, version: HTTP/1.1)
HTTP/1.1 200 OK
Content-Length: 42
Content-Type: application/json; charset=utf-8
cache-control: no-cache

11:15:25.838 [AsyncHttpClient-1-5] DEBUG org.asynchttpclient.netty.channel.ChannelManager - Adding key: http://localhost:27225 for channel [id: 0x2dc8607f, L:/127.0.0.1:50372 - R:localhost/127.0.0.1:27225]
11:15:25.839 [main] DEBUG net.thucydides.core.steps.StepInterceptor - STARTING STEP: LoginSteps.clickSubmitButton - clickSubmitButton
11:15:25.843 [Forwarding findElement on session 94944358f9038b00ea62aa3c8f1f8c50 to remote] DEBUG org.asynchttpclient.netty.request.NettyRequestSender - Using pooled Channel '[id: 0x2dc8607f, L:/127.0.0.1:50372 - R:localhost/127.0.0.1:27225]' for 'POST' to 'http://localhost:27225/session/94944358f9038b00ea62aa3c8f1f8c50/element'
11:15:25.843 [Forwarding findElement on session 94944358f9038b00ea62aa3c8f1f8c50 to remote] DEBUG org.asynchttpclient.netty.request.NettyRequestSender - Using open Channel [id: 0x2dc8607f, L:/127.0.0.1:50372 - R:localhost/127.0.0.1:27225] for POST '/session/94944358f9038b00ea62aa3c8f1f8c50/element'
11:15:25.856 [AsyncHttpClient-1-5] DEBUG org.asynchttpclient.netty.handler.HttpHandler - 

Request DefaultHttpRequest(decodeResult: success, version: HTTP/1.1)
POST /session/94944358f9038b00ea62aa3c8f1f8c50/element HTTP/1.1
User-Agent: selenium/4.8.1 (java windows)
Content-Length: 57
Content-Type: application/json; charset=utf-8
host: localhost:27225
accept: */*

Response DefaultHttpResponse(decodeResult: success, version: HTTP/1.1)
HTTP/1.1 200 OK
Content-Length: 88
Content-Type: application/json; charset=utf-8
cache-control: no-cache

11:15:25.857 [AsyncHttpClient-1-5] DEBUG org.asynchttpclient.netty.channel.ChannelManager - Adding key: http://localhost:27225 for channel [id: 0x2dc8607f, L:/127.0.0.1:50372 - R:localhost/127.0.0.1:27225]
11:15:25.858 [Forwarding getElementTagName on session 94944358f9038b00ea62aa3c8f1f8c50 to remote] DEBUG org.asynchttpclient.netty.request.NettyRequestSender - Using pooled Channel '[id: 0x2dc8607f, L:/127.0.0.1:50372 - R:localhost/127.0.0.1:27225]' for 'GET' to 'http://localhost:27225/session/94944358f9038b00ea62aa3c8f1f8c50/element/56174c5f-e8b4-4ba1-a962-a9807fabff8d/name'
11:15:25.858 [Forwarding getElementTagName on session 94944358f9038b00ea62aa3c8f1f8c50 to remote] DEBUG org.asynchttpclient.netty.request.NettyRequestSender - Using open Channel [id: 0x2dc8607f, L:/127.0.0.1:50372 - R:localhost/127.0.0.1:27225] for GET '/session/94944358f9038b00ea62aa3c8f1f8c50/element/56174c5f-e8b4-4ba1-a962-a9807fabff8d/name'
11:15:25.863 [AsyncHttpClient-1-5] DEBUG org.asynchttpclient.netty.handler.HttpHandler - 

Request DefaultFullHttpRequest(decodeResult: success, version: HTTP/1.1, content: EmptyByteBufBE)
GET /session/94944358f9038b00ea62aa3c8f1f8c50/element/56174c5f-e8b4-4ba1-a962-a9807fabff8d/name HTTP/1.1
User-Agent: selenium/4.8.1 (java windows)
Cache-Control: no-cache
Content-Type: application/json; charset=utf-8
host: localhost:27225
accept: */*

Response DefaultHttpResponse(decodeResult: success, version: HTTP/1.1)
HTTP/1.1 200 OK
Content-Length: 18
Content-Type: application/json; charset=utf-8
cache-control: no-cache

11:15:25.863 [AsyncHttpClient-1-5] DEBUG org.asynchttpclient.netty.channel.ChannelManager - Adding key: http://localhost:27225 for channel [id: 0x2dc8607f, L:/127.0.0.1:50372 - R:localhost/127.0.0.1:27225]
11:15:25.864 [Forwarding getElementTagName on session 94944358f9038b00ea62aa3c8f1f8c50 to remote] DEBUG org.asynchttpclient.netty.request.NettyRequestSender - Using pooled Channel '[id: 0x2dc8607f, L:/127.0.0.1:50372 - R:localhost/127.0.0.1:27225]' for 'GET' to 'http://localhost:27225/session/94944358f9038b00ea62aa3c8f1f8c50/element/56174c5f-e8b4-4ba1-a962-a9807fabff8d/name'
11:15:25.864 [Forwarding getElementTagName on session 94944358f9038b00ea62aa3c8f1f8c50 to remote] DEBUG org.asynchttpclient.netty.request.NettyRequestSender - Using open Channel [id: 0x2dc8607f, L:/127.0.0.1:50372 - R:localhost/127.0.0.1:27225] for GET '/session/94944358f9038b00ea62aa3c8f1f8c50/element/56174c5f-e8b4-4ba1-a962-a9807fabff8d/name'
11:15:25.868 [AsyncHttpClient-1-5] DEBUG org.asynchttpclient.netty.handler.HttpHandler - 

Request DefaultFullHttpRequest(decodeResult: success, version: HTTP/1.1, content: EmptyByteBufBE)
GET /session/94944358f9038b00ea62aa3c8f1f8c50/element/56174c5f-e8b4-4ba1-a962-a9807fabff8d/name HTTP/1.1
User-Agent: selenium/4.8.1 (java windows)
Cache-Control: no-cache
Content-Type: application/json; charset=utf-8
host: localhost:27225
accept: */*

Response DefaultHttpResponse(decodeResult: success, version: HTTP/1.1)
HTTP/1.1 200 OK
Content-Length: 18
Content-Type: application/json; charset=utf-8
cache-control: no-cache

11:15:25.868 [AsyncHttpClient-1-5] DEBUG org.asynchttpclient.netty.channel.ChannelManager - Adding key: http://localhost:27225 for channel [id: 0x2dc8607f, L:/127.0.0.1:50372 - R:localhost/127.0.0.1:27225]
11:15:25.870 [Forwarding isElementEnabled on session 94944358f9038b00ea62aa3c8f1f8c50 to remote] DEBUG org.asynchttpclient.netty.request.NettyRequestSender - Using pooled Channel '[id: 0x2dc8607f, L:/127.0.0.1:50372 - R:localhost/127.0.0.1:27225]' for 'GET' to 'http://localhost:27225/session/94944358f9038b00ea62aa3c8f1f8c50/element/56174c5f-e8b4-4ba1-a962-a9807fabff8d/enabled'
11:15:25.871 [Forwarding isElementEnabled on session 94944358f9038b00ea62aa3c8f1f8c50 to remote] DEBUG org.asynchttpclient.netty.request.NettyRequestSender - Using open Channel [id: 0x2dc8607f, L:/127.0.0.1:50372 - R:localhost/127.0.0.1:27225] for GET '/session/94944358f9038b00ea62aa3c8f1f8c50/element/56174c5f-e8b4-4ba1-a962-a9807fabff8d/enabled'
11:15:25.879 [AsyncHttpClient-1-5] DEBUG org.asynchttpclient.netty.handler.HttpHandler - 

Request DefaultFullHttpRequest(decodeResult: success, version: HTTP/1.1, content: EmptyByteBufBE)
GET /session/94944358f9038b00ea62aa3c8f1f8c50/element/56174c5f-e8b4-4ba1-a962-a9807fabff8d/enabled HTTP/1.1
User-Agent: selenium/4.8.1 (java windows)
Cache-Control: no-cache
Content-Type: application/json; charset=utf-8
host: localhost:27225
accept: */*

Response DefaultHttpResponse(decodeResult: success, version: HTTP/1.1)
HTTP/1.1 200 OK
Content-Length: 14
Content-Type: application/json; charset=utf-8
cache-control: no-cache

11:15:25.879 [AsyncHttpClient-1-5] DEBUG org.asynchttpclient.netty.channel.ChannelManager - Adding key: http://localhost:27225 for channel [id: 0x2dc8607f, L:/127.0.0.1:50372 - R:localhost/127.0.0.1:27225]
11:15:25.881 [Forwarding isElementEnabled on session 94944358f9038b00ea62aa3c8f1f8c50 to remote] DEBUG org.asynchttpclient.netty.request.NettyRequestSender - Using pooled Channel '[id: 0x2dc8607f, L:/127.0.0.1:50372 - R:localhost/127.0.0.1:27225]' for 'GET' to 'http://localhost:27225/session/94944358f9038b00ea62aa3c8f1f8c50/element/56174c5f-e8b4-4ba1-a962-a9807fabff8d/enabled'
11:15:25.881 [Forwarding isElementEnabled on session 94944358f9038b00ea62aa3c8f1f8c50 to remote] DEBUG org.asynchttpclient.netty.request.NettyRequestSender - Using open Channel [id: 0x2dc8607f, L:/127.0.0.1:50372 - R:localhost/127.0.0.1:27225] for GET '/session/94944358f9038b00ea62aa3c8f1f8c50/element/56174c5f-e8b4-4ba1-a962-a9807fabff8d/enabled'
11:15:25.887 [AsyncHttpClient-1-5] DEBUG org.asynchttpclient.netty.handler.HttpHandler - 

Request DefaultFullHttpRequest(decodeResult: success, version: HTTP/1.1, content: EmptyByteBufBE)
GET /session/94944358f9038b00ea62aa3c8f1f8c50/element/56174c5f-e8b4-4ba1-a962-a9807fabff8d/enabled HTTP/1.1
User-Agent: selenium/4.8.1 (java windows)
Cache-Control: no-cache
Content-Type: application/json; charset=utf-8
host: localhost:27225
accept: */*

Response DefaultHttpResponse(decodeResult: success, version: HTTP/1.1)
HTTP/1.1 200 OK
Content-Length: 14
Content-Type: application/json; charset=utf-8
cache-control: no-cache

11:15:25.887 [AsyncHttpClient-1-5] DEBUG org.asynchttpclient.netty.channel.ChannelManager - Adding key: http://localhost:27225 for channel [id: 0x2dc8607f, L:/127.0.0.1:50372 - R:localhost/127.0.0.1:27225]
11:15:25.889 [Forwarding findElement on session 94944358f9038b00ea62aa3c8f1f8c50 to remote] DEBUG org.asynchttpclient.netty.request.NettyRequestSender - Using pooled Channel '[id: 0x2dc8607f, L:/127.0.0.1:50372 - R:localhost/127.0.0.1:27225]' for 'POST' to 'http://localhost:27225/session/94944358f9038b00ea62aa3c8f1f8c50/element'
11:15:25.889 [Forwarding findElement on session 94944358f9038b00ea62aa3c8f1f8c50 to remote] DEBUG org.asynchttpclient.netty.request.NettyRequestSender - Using open Channel [id: 0x2dc8607f, L:/127.0.0.1:50372 - R:localhost/127.0.0.1:27225] for POST '/session/94944358f9038b00ea62aa3c8f1f8c50/element'
11:15:25.897 [AsyncHttpClient-1-5] DEBUG org.asynchttpclient.netty.handler.HttpHandler - 

Request DefaultHttpRequest(decodeResult: success, version: HTTP/1.1)
POST /session/94944358f9038b00ea62aa3c8f1f8c50/element HTTP/1.1
User-Agent: selenium/4.8.1 (java windows)
Content-Length: 57
Content-Type: application/json; charset=utf-8
host: localhost:27225
accept: */*

Response DefaultHttpResponse(decodeResult: success, version: HTTP/1.1)
HTTP/1.1 200 OK
Content-Length: 88
Content-Type: application/json; charset=utf-8
cache-control: no-cache

11:15:25.897 [AsyncHttpClient-1-5] DEBUG org.asynchttpclient.netty.channel.ChannelManager - Adding key: http://localhost:27225 for channel [id: 0x2dc8607f, L:/127.0.0.1:50372 - R:localhost/127.0.0.1:27225]
11:15:25.898 [Forwarding clickElement on session 94944358f9038b00ea62aa3c8f1f8c50 to remote] DEBUG org.asynchttpclient.netty.request.NettyRequestSender - Using pooled Channel '[id: 0x2dc8607f, L:/127.0.0.1:50372 - R:localhost/127.0.0.1:27225]' for 'POST' to 'http://localhost:27225/session/94944358f9038b00ea62aa3c8f1f8c50/element/56174c5f-e8b4-4ba1-a962-a9807fabff8d/click'
11:15:25.898 [Forwarding clickElement on session 94944358f9038b00ea62aa3c8f1f8c50 to remote] DEBUG org.asynchttpclient.netty.request.NettyRequestSender - Using open Channel [id: 0x2dc8607f, L:/127.0.0.1:50372 - R:localhost/127.0.0.1:27225] for POST '/session/94944358f9038b00ea62aa3c8f1f8c50/element/56174c5f-e8b4-4ba1-a962-a9807fabff8d/click'
11:15:26.013 [AsyncHttpClient-1-5] DEBUG org.asynchttpclient.netty.handler.HttpHandler - 

Request DefaultHttpRequest(decodeResult: success, version: HTTP/1.1)
POST /session/94944358f9038b00ea62aa3c8f1f8c50/element/56174c5f-e8b4-4ba1-a962-a9807fabff8d/click HTTP/1.1
User-Agent: selenium/4.8.1 (java windows)
Content-Length: 50
Content-Type: application/json; charset=utf-8
host: localhost:27225
accept: */*

Response DefaultHttpResponse(decodeResult: success, version: HTTP/1.1)
HTTP/1.1 200 OK
Content-Length: 14
Content-Type: application/json; charset=utf-8
cache-control: no-cache

11:15:26.014 [AsyncHttpClient-1-5] DEBUG org.asynchttpclient.netty.channel.ChannelManager - Adding key: http://localhost:27225 for channel [id: 0x2dc8607f, L:/127.0.0.1:50372 - R:localhost/127.0.0.1:27225]
11:15:26.033 [Forwarding getAlertText on session 94944358f9038b00ea62aa3c8f1f8c50 to remote] DEBUG org.asynchttpclient.netty.request.NettyRequestSender - Using pooled Channel '[id: 0x2dc8607f, L:/127.0.0.1:50372 - R:localhost/127.0.0.1:27225]' for 'GET' to 'http://localhost:27225/session/94944358f9038b00ea62aa3c8f1f8c50/alert/text'
11:15:26.033 [Forwarding getAlertText on session 94944358f9038b00ea62aa3c8f1f8c50 to remote] DEBUG org.asynchttpclient.netty.request.NettyRequestSender - Using open Channel [id: 0x2dc8607f, L:/127.0.0.1:50372 - R:localhost/127.0.0.1:27225] for GET '/session/94944358f9038b00ea62aa3c8f1f8c50/alert/text'
11:15:26.037 [AsyncHttpClient-1-5] DEBUG org.asynchttpclient.netty.handler.HttpHandler - 

Request DefaultFullHttpRequest(decodeResult: success, version: HTTP/1.1, content: EmptyByteBufBE)
GET /session/94944358f9038b00ea62aa3c8f1f8c50/alert/text HTTP/1.1
User-Agent: selenium/4.8.1 (java windows)
Cache-Control: no-cache
Content-Type: application/json; charset=utf-8
host: localhost:27225
accept: */*

Response DefaultHttpResponse(decodeResult: success, version: HTTP/1.1)
HTTP/1.1 404 Not Found
Content-Length: 836
Content-Type: application/json; charset=utf-8
cache-control: no-cache

11:15:26.038 [AsyncHttpClient-1-5] DEBUG org.asynchttpclient.netty.channel.ChannelManager - Adding key: http://localhost:27225 for channel [id: 0x2dc8607f, L:/127.0.0.1:50372 - R:localhost/127.0.0.1:27225]
11:15:26.041 [Forwarding getCurrentUrl on session 94944358f9038b00ea62aa3c8f1f8c50 to remote] DEBUG org.asynchttpclient.netty.request.NettyRequestSender - Using pooled Channel '[id: 0x2dc8607f, L:/127.0.0.1:50372 - R:localhost/127.0.0.1:27225]' for 'GET' to 'http://localhost:27225/session/94944358f9038b00ea62aa3c8f1f8c50/url'
11:15:26.041 [Forwarding getCurrentUrl on session 94944358f9038b00ea62aa3c8f1f8c50 to remote] DEBUG org.asynchttpclient.netty.request.NettyRequestSender - Using open Channel [id: 0x2dc8607f, L:/127.0.0.1:50372 - R:localhost/127.0.0.1:27225] for GET '/session/94944358f9038b00ea62aa3c8f1f8c50/url'
11:15:26.051 [AsyncHttpClient-1-5] DEBUG org.asynchttpclient.netty.handler.HttpHandler - 

Request DefaultFullHttpRequest(decodeResult: success, version: HTTP/1.1, content: EmptyByteBufBE)
GET /session/94944358f9038b00ea62aa3c8f1f8c50/url HTTP/1.1
User-Agent: selenium/4.8.1 (java windows)
Cache-Control: no-cache
Content-Type: application/json; charset=utf-8
host: localhost:27225
accept: */*

Response DefaultHttpResponse(decodeResult: success, version: HTTP/1.1)
HTTP/1.1 200 OK
Content-Length: 42
Content-Type: application/json; charset=utf-8
cache-control: no-cache

11:15:26.052 [AsyncHttpClient-1-5] DEBUG org.asynchttpclient.netty.channel.ChannelManager - Adding key: http://localhost:27225 for channel [id: 0x2dc8607f, L:/127.0.0.1:50372 - R:localhost/127.0.0.1:27225]
11:15:26.054 [Forwarding screenshot on session 94944358f9038b00ea62aa3c8f1f8c50 to remote] DEBUG org.asynchttpclient.netty.request.NettyRequestSender - Using pooled Channel '[id: 0x2dc8607f, L:/127.0.0.1:50372 - R:localhost/127.0.0.1:27225]' for 'GET' to 'http://localhost:27225/session/94944358f9038b00ea62aa3c8f1f8c50/screenshot'
11:15:26.055 [Forwarding screenshot on session 94944358f9038b00ea62aa3c8f1f8c50 to remote] DEBUG org.asynchttpclient.netty.request.NettyRequestSender - Using open Channel [id: 0x2dc8607f, L:/127.0.0.1:50372 - R:localhost/127.0.0.1:27225] for GET '/session/94944358f9038b00ea62aa3c8f1f8c50/screenshot'
11:15:26.304 [AsyncHttpClient-1-1] DEBUG org.asynchttpclient.netty.channel.DefaultChannelPool - Entry count for : http://localhost:50373 : 1
11:15:26.387 [AsyncHttpClient-1-5] DEBUG org.asynchttpclient.netty.handler.HttpHandler - 

Request DefaultFullHttpRequest(decodeResult: success, version: HTTP/1.1, content: EmptyByteBufBE)
GET /session/94944358f9038b00ea62aa3c8f1f8c50/screenshot HTTP/1.1
User-Agent: selenium/4.8.1 (java windows)
Cache-Control: no-cache
Content-Type: application/json; charset=utf-8
host: localhost:27225
accept: */*

Response DefaultHttpResponse(decodeResult: success, version: HTTP/1.1)
HTTP/1.1 200 OK
Content-Length: 157160
Content-Type: application/json; charset=utf-8
cache-control: no-cache

11:15:26.387 [AsyncHttpClient-1-5] DEBUG org.asynchttpclient.netty.channel.ChannelManager - Adding key: http://localhost:27225 for channel [id: 0x2dc8607f, L:/127.0.0.1:50372 - R:localhost/127.0.0.1:27225]
11:15:26.393 [main] DEBUG net.serenitybdd.core.photography.Darkroom - Send negative for processing for target\site\serenity\f99b47fb278f8465597a0d8a2302f0e50696cebf36d5fce54ecb35fdf5444156.png
11:15:26.393 [main] DEBUG net.thucydides.core.steps.StepInterceptor - STEP DONE: clickSubmitButton
11:15:26.393 [Darkroom Processing Line] DEBUG net.serenitybdd.core.photography.DarkroomProcessingLine - Processing screenshot image in /var/screenshots/screenshot-14294626078194883384
  &amp#27;[32mWhen &amp#27;[0m&amp#27;[32mI click on the submit button&amp#27;[0m     &amp#27;[90m# starter.stepdefintions.LoginSteps.clickSubmitButton()&amp#27;[0m
11:15:26.393 [Darkroom Processing Line] DEBUG net.serenitybdd.core.photography.DarkroomProcessingLine - Saving screenshot to target\site\serenity\f99b47fb278f8465597a0d8a2302f0e50696cebf36d5fce54ecb35fdf5444156.png
11:15:26.402 [Forwarding getPageSource on session 94944358f9038b00ea62aa3c8f1f8c50 to remote] DEBUG org.asynchttpclient.netty.request.NettyRequestSender - Using pooled Channel '[id: 0x2dc8607f, L:/127.0.0.1:50372 - R:localhost/127.0.0.1:27225]' for 'POST' to 'http://localhost:27225/session/94944358f9038b00ea62aa3c8f1f8c50/execute/sync'
11:15:26.402 [Forwarding getPageSource on session 94944358f9038b00ea62aa3c8f1f8c50 to remote] DEBUG org.asynchttpclient.netty.request.NettyRequestSender - Using open Channel [id: 0x2dc8607f, L:/127.0.0.1:50372 - R:localhost/127.0.0.1:27225] for POST '/session/94944358f9038b00ea62aa3c8f1f8c50/execute/sync'
11:15:26.416 [AsyncHttpClient-1-5] DEBUG org.asynchttpclient.netty.handler.HttpHandler - 

Request DefaultHttpRequest(decodeResult: success, version: HTTP/1.1)
POST /session/94944358f9038b00ea62aa3c8f1f8c50/execute/sync HTTP/1.1
User-Agent: selenium/4.8.1 (java windows)
Content-Length: 176
Content-Type: application/json; charset=utf-8
host: localhost:27225
accept: */*

Response DefaultHttpResponse(decodeResult: success, version: HTTP/1.1)
HTTP/1.1 200 OK
Content-Length: 101176
Content-Type: application/json; charset=utf-8
cache-control: no-cache

11:15:26.416 [AsyncHttpClient-1-5] DEBUG org.asynchttpclient.netty.channel.ChannelManager - Adding key: http://localhost:27225 for channel [id: 0x2dc8607f, L:/127.0.0.1:50372 - R:localhost/127.0.0.1:27225]
11:15:26.433 [Forwarding getCurrentUrl on session 94944358f9038b00ea62aa3c8f1f8c50 to remote] DEBUG org.asynchttpclient.netty.request.NettyRequestSender - Using pooled Channel '[id: 0x2dc8607f, L:/127.0.0.1:50372 - R:localhost/127.0.0.1:27225]' for 'GET' to 'http://localhost:27225/session/94944358f9038b00ea62aa3c8f1f8c50/url'
11:15:26.433 [Forwarding getCurrentUrl on session 94944358f9038b00ea62aa3c8f1f8c50 to remote] DEBUG org.asynchttpclient.netty.request.NettyRequestSender - Using open Channel [id: 0x2dc8607f, L:/127.0.0.1:50372 - R:localhost/127.0.0.1:27225] for GET '/session/94944358f9038b00ea62aa3c8f1f8c50/url'
11:15:26.444 [AsyncHttpClient-1-5] DEBUG org.asynchttpclient.netty.handler.HttpHandler - 

Request DefaultFullHttpRequest(decodeResult: success, version: HTTP/1.1, content: EmptyByteBufBE)
GET /session/94944358f9038b00ea62aa3c8f1f8c50/url HTTP/1.1
User-Agent: selenium/4.8.1 (java windows)
Cache-Control: no-cache
Content-Type: application/json; charset=utf-8
host: localhost:27225
accept: */*

Response DefaultHttpResponse(decodeResult: success, version: HTTP/1.1)
HTTP/1.1 200 OK
Content-Length: 42
Content-Type: application/json; charset=utf-8
cache-control: no-cache

11:15:26.445 [AsyncHttpClient-1-5] DEBUG org.asynchttpclient.netty.channel.ChannelManager - Adding key: http://localhost:27225 for channel [id: 0x2dc8607f, L:/127.0.0.1:50372 - R:localhost/127.0.0.1:27225]
11:15:26.464 [Forwarding getAlertText on session 94944358f9038b00ea62aa3c8f1f8c50 to remote] DEBUG org.asynchttpclient.netty.request.NettyRequestSender - Using pooled Channel '[id: 0x2dc8607f, L:/127.0.0.1:50372 - R:localhost/127.0.0.1:27225]' for 'GET' to 'http://localhost:27225/session/94944358f9038b00ea62aa3c8f1f8c50/alert/text'
11:15:26.464 [Forwarding getAlertText on session 94944358f9038b00ea62aa3c8f1f8c50 to remote] DEBUG org.asynchttpclient.netty.request.NettyRequestSender - Using open Channel [id: 0x2dc8607f, L:/127.0.0.1:50372 - R:localhost/127.0.0.1:27225] for GET '/session/94944358f9038b00ea62aa3c8f1f8c50/alert/text'
11:15:26.467 [AsyncHttpClient-1-5] DEBUG org.asynchttpclient.netty.handler.HttpHandler - 

Request DefaultFullHttpRequest(decodeResult: success, version: HTTP/1.1, content: EmptyByteBufBE)
GET /session/94944358f9038b00ea62aa3c8f1f8c50/alert/text HTTP/1.1
User-Agent: selenium/4.8.1 (java windows)
Cache-Control: no-cache
Content-Type: application/json; charset=utf-8
host: localhost:27225
accept: */*

Response DefaultHttpResponse(decodeResult: success, version: HTTP/1.1)
HTTP/1.1 404 Not Found
Content-Length: 836
Content-Type: application/json; charset=utf-8
cache-control: no-cache

11:15:26.467 [AsyncHttpClient-1-5] DEBUG org.asynchttpclient.netty.channel.ChannelManager - Adding key: http://localhost:27225 for channel [id: 0x2dc8607f, L:/127.0.0.1:50372 - R:localhost/127.0.0.1:27225]
11:15:26.468 [Forwarding getCurrentUrl on session 94944358f9038b00ea62aa3c8f1f8c50 to remote] DEBUG org.asynchttpclient.netty.request.NettyRequestSender - Using pooled Channel '[id: 0x2dc8607f, L:/127.0.0.1:50372 - R:localhost/127.0.0.1:27225]' for 'GET' to 'http://localhost:27225/session/94944358f9038b00ea62aa3c8f1f8c50/url'
11:15:26.468 [Forwarding getCurrentUrl on session 94944358f9038b00ea62aa3c8f1f8c50 to remote] DEBUG org.asynchttpclient.netty.request.NettyRequestSender - Using open Channel [id: 0x2dc8607f, L:/127.0.0.1:50372 - R:localhost/127.0.0.1:27225] for GET '/session/94944358f9038b00ea62aa3c8f1f8c50/url'
11:15:26.472 [AsyncHttpClient-1-5] DEBUG org.asynchttpclient.netty.handler.HttpHandler - 

Request DefaultFullHttpRequest(decodeResult: success, version: HTTP/1.1, content: EmptyByteBufBE)
GET /session/94944358f9038b00ea62aa3c8f1f8c50/url HTTP/1.1
User-Agent: selenium/4.8.1 (java windows)
Cache-Control: no-cache
Content-Type: application/json; charset=utf-8
host: localhost:27225
accept: */*

Response DefaultHttpResponse(decodeResult: success, version: HTTP/1.1)
HTTP/1.1 200 OK
Content-Length: 42
Content-Type: application/json; charset=utf-8
cache-control: no-cache

11:15:26.473 [AsyncHttpClient-1-5] DEBUG org.asynchttpclient.netty.channel.ChannelManager - Adding key: http://localhost:27225 for channel [id: 0x2dc8607f, L:/127.0.0.1:50372 - R:localhost/127.0.0.1:27225]
11:15:26.474 [Forwarding screenshot on session 94944358f9038b00ea62aa3c8f1f8c50 to remote] DEBUG org.asynchttpclient.netty.request.NettyRequestSender - Using pooled Channel '[id: 0x2dc8607f, L:/127.0.0.1:50372 - R:localhost/127.0.0.1:27225]' for 'GET' to 'http://localhost:27225/session/94944358f9038b00ea62aa3c8f1f8c50/screenshot'
11:15:26.474 [Forwarding screenshot on session 94944358f9038b00ea62aa3c8f1f8c50 to remote] DEBUG org.asynchttpclient.netty.request.NettyRequestSender - Using open Channel [id: 0x2dc8607f, L:/127.0.0.1:50372 - R:localhost/127.0.0.1:27225] for GET '/session/94944358f9038b00ea62aa3c8f1f8c50/screenshot'
11:15:26.695 [AsyncHttpClient-1-5] DEBUG org.asynchttpclient.netty.handler.HttpHandler - 

Request DefaultFullHttpRequest(decodeResult: success, version: HTTP/1.1, content: EmptyByteBufBE)
GET /session/94944358f9038b00ea62aa3c8f1f8c50/screenshot HTTP/1.1
User-Agent: selenium/4.8.1 (java windows)
Cache-Control: no-cache
Content-Type: application/json; charset=utf-8
host: localhost:27225
accept: */*

Response DefaultHttpResponse(decodeResult: success, version: HTTP/1.1)
HTTP/1.1 200 OK
Content-Length: 158032
Content-Type: application/json; charset=utf-8
cache-control: no-cache

11:15:26.695 [AsyncHttpClient-1-5] DEBUG org.asynchttpclient.netty.channel.ChannelManager - Adding key: http://localhost:27225 for channel [id: 0x2dc8607f, L:/127.0.0.1:50372 - R:localhost/127.0.0.1:27225]
11:15:26.701 [main] DEBUG net.serenitybdd.core.photography.Darkroom - Send negative for processing for target\site\serenity\57b9bf9e947c4ff1207073e02941ed18b56a089ed7617df55525aefa721bc010.png
11:15:26.701 [Darkroom Processing Line] DEBUG net.serenitybdd.core.photography.DarkroomProcessingLine - Processing screenshot image in /var/screenshots/screenshot-4757101883602657329
11:15:26.702 [Darkroom Processing Line] DEBUG net.serenitybdd.core.photography.DarkroomProcessingLine - Saving screenshot to target\site\serenity\57b9bf9e947c4ff1207073e02941ed18b56a089ed7617df55525aefa721bc010.png
11:15:26.703 [Forwarding getPageSource on session 94944358f9038b00ea62aa3c8f1f8c50 to remote] DEBUG org.asynchttpclient.netty.request.NettyRequestSender - Using pooled Channel '[id: 0x2dc8607f, L:/127.0.0.1:50372 - R:localhost/127.0.0.1:27225]' for 'POST' to 'http://localhost:27225/session/94944358f9038b00ea62aa3c8f1f8c50/execute/sync'
11:15:26.703 [Forwarding getPageSource on session 94944358f9038b00ea62aa3c8f1f8c50 to remote] DEBUG org.asynchttpclient.netty.request.NettyRequestSender - Using open Channel [id: 0x2dc8607f, L:/127.0.0.1:50372 - R:localhost/127.0.0.1:27225] for POST '/session/94944358f9038b00ea62aa3c8f1f8c50/execute/sync'
11:15:26.720 [AsyncHttpClient-1-5] DEBUG org.asynchttpclient.netty.handler.HttpHandler - 

Request DefaultHttpRequest(decodeResult: success, version: HTTP/1.1)
POST /session/94944358f9038b00ea62aa3c8f1f8c50/execute/sync HTTP/1.1
User-Agent: selenium/4.8.1 (java windows)
Content-Length: 176
Content-Type: application/json; charset=utf-8
host: localhost:27225
accept: */*

Response DefaultHttpResponse(decodeResult: success, version: HTTP/1.1)
HTTP/1.1 200 OK
Content-Length: 101568
Content-Type: application/json; charset=utf-8
cache-control: no-cache

11:15:26.722 [AsyncHttpClient-1-5] DEBUG org.asynchttpclient.netty.channel.ChannelManager - Adding key: http://localhost:27225 for channel [id: 0x2dc8607f, L:/127.0.0.1:50372 - R:localhost/127.0.0.1:27225]
11:15:26.728 [Forwarding getCurrentUrl on session 94944358f9038b00ea62aa3c8f1f8c50 to remote] DEBUG org.asynchttpclient.netty.request.NettyRequestSender - Using pooled Channel '[id: 0x2dc8607f, L:/127.0.0.1:50372 - R:localhost/127.0.0.1:27225]' for 'GET' to 'http://localhost:27225/session/94944358f9038b00ea62aa3c8f1f8c50/url'
11:15:26.728 [Forwarding getCurrentUrl on session 94944358f9038b00ea62aa3c8f1f8c50 to remote] DEBUG org.asynchttpclient.netty.request.NettyRequestSender - Using open Channel [id: 0x2dc8607f, L:/127.0.0.1:50372 - R:localhost/127.0.0.1:27225] for GET '/session/94944358f9038b00ea62aa3c8f1f8c50/url'
11:15:26.736 [AsyncHttpClient-1-5] DEBUG org.asynchttpclient.netty.handler.HttpHandler - 

Request DefaultFullHttpRequest(decodeResult: success, version: HTTP/1.1, content: EmptyByteBufBE)
GET /session/94944358f9038b00ea62aa3c8f1f8c50/url HTTP/1.1
User-Agent: selenium/4.8.1 (java windows)
Cache-Control: no-cache
Content-Type: application/json; charset=utf-8
host: localhost:27225
accept: */*

Response DefaultHttpResponse(decodeResult: success, version: HTTP/1.1)
HTTP/1.1 200 OK
Content-Length: 42
Content-Type: application/json; charset=utf-8
cache-control: no-cache

11:15:26.736 [AsyncHttpClient-1-5] DEBUG org.asynchttpclient.netty.channel.ChannelManager - Adding key: http://localhost:27225 for channel [id: 0x2dc8607f, L:/127.0.0.1:50372 - R:localhost/127.0.0.1:27225]
11:15:26.740 [main] DEBUG net.thucydides.core.steps.StepInterceptor - STARTING STEP: LoginSteps.credentialAlert - incorrectCredentialAlert
11:15:26.746 [Forwarding findElement on session 94944358f9038b00ea62aa3c8f1f8c50 to remote] DEBUG org.asynchttpclient.netty.request.NettyRequestSender - Using pooled Channel '[id: 0x2dc8607f, L:/127.0.0.1:50372 - R:localhost/127.0.0.1:27225]' for 'POST' to 'http://localhost:27225/session/94944358f9038b00ea62aa3c8f1f8c50/element'
11:15:26.746 [Forwarding findElement on session 94944358f9038b00ea62aa3c8f1f8c50 to remote] DEBUG org.asynchttpclient.netty.request.NettyRequestSender - Using open Channel [id: 0x2dc8607f, L:/127.0.0.1:50372 - R:localhost/127.0.0.1:27225] for POST '/session/94944358f9038b00ea62aa3c8f1f8c50/element'
11:15:27.403 [AsyncHttpClient-1-1] DEBUG org.asynchttpclient.netty.channel.DefaultChannelPool - Entry count for : http://localhost:50373 : 1
11:15:28.222 [AsyncHttpClient-1-5] DEBUG org.asynchttpclient.netty.handler.HttpHandler - 

Request DefaultHttpRequest(decodeResult: success, version: HTTP/1.1)
POST /session/94944358f9038b00ea62aa3c8f1f8c50/element HTTP/1.1
User-Agent: selenium/4.8.1 (java windows)
Content-Length: 62
Content-Type: application/json; charset=utf-8
host: localhost:27225
accept: */*

Response DefaultHttpResponse(decodeResult: success, version: HTTP/1.1)
HTTP/1.1 200 OK
Content-Length: 88
Content-Type: application/json; charset=utf-8
cache-control: no-cache

11:15:28.223 [AsyncHttpClient-1-5] DEBUG org.asynchttpclient.netty.channel.ChannelManager - Adding key: http://localhost:27225 for channel [id: 0x2dc8607f, L:/127.0.0.1:50372 - R:localhost/127.0.0.1:27225]
11:15:28.230 [Forwarding isElementDisplayed on session 94944358f9038b00ea62aa3c8f1f8c50 to remote] DEBUG org.asynchttpclient.netty.request.NettyRequestSender - Using pooled Channel '[id: 0x2dc8607f, L:/127.0.0.1:50372 - R:localhost/127.0.0.1:27225]' for 'POST' to 'http://localhost:27225/session/94944358f9038b00ea62aa3c8f1f8c50/execute/sync'
11:15:28.230 [Forwarding isElementDisplayed on session 94944358f9038b00ea62aa3c8f1f8c50 to remote] DEBUG org.asynchttpclient.netty.request.NettyRequestSender - Using open Channel [id: 0x2dc8607f, L:/127.0.0.1:50372 - R:localhost/127.0.0.1:27225] for POST '/session/94944358f9038b00ea62aa3c8f1f8c50/execute/sync'
11:15:28.271 [AsyncHttpClient-1-5] DEBUG org.asynchttpclient.netty.handler.HttpHandler - 

Request DefaultHttpRequest(decodeResult: success, version: HTTP/1.1)
POST /session/94944358f9038b00ea62aa3c8f1f8c50/execute/sync HTTP/1.1
User-Agent: selenium/4.8.1 (java windows)
Content-Length: 48807
Content-Type: application/json; charset=utf-8
host: localhost:27225
accept: */*

Response DefaultHttpResponse(decodeResult: success, version: HTTP/1.1)
HTTP/1.1 200 OK
Content-Length: 14
Content-Type: application/json; charset=utf-8
cache-control: no-cache

11:15:28.271 [AsyncHttpClient-1-5] DEBUG org.asynchttpclient.netty.channel.ChannelManager - Adding key: http://localhost:27225 for channel [id: 0x2dc8607f, L:/127.0.0.1:50372 - R:localhost/127.0.0.1:27225]
11:15:28.299 [Forwarding getAlertText on session 94944358f9038b00ea62aa3c8f1f8c50 to remote] DEBUG org.asynchttpclient.netty.request.NettyRequestSender - Using pooled Channel '[id: 0x2dc8607f, L:/127.0.0.1:50372 - R:localhost/127.0.0.1:27225]' for 'GET' to 'http://localhost:27225/session/94944358f9038b00ea62aa3c8f1f8c50/alert/text'
11:15:28.299 [Forwarding getAlertText on session 94944358f9038b00ea62aa3c8f1f8c50 to remote] DEBUG org.asynchttpclient.netty.request.NettyRequestSender - Using open Channel [id: 0x2dc8607f, L:/127.0.0.1:50372 - R:localhost/127.0.0.1:27225] for GET '/session/94944358f9038b00ea62aa3c8f1f8c50/alert/text'
11:15:28.303 [AsyncHttpClient-1-5] DEBUG org.asynchttpclient.netty.handler.HttpHandler - 

Request DefaultFullHttpRequest(decodeResult: success, version: HTTP/1.1, content: EmptyByteBufBE)
GET /session/94944358f9038b00ea62aa3c8f1f8c50/alert/text HTTP/1.1
User-Agent: selenium/4.8.1 (java windows)
Cache-Control: no-cache
Content-Type: application/json; charset=utf-8
host: localhost:27225
accept: */*

Response DefaultHttpResponse(decodeResult: success, version: HTTP/1.1)
HTTP/1.1 404 Not Found
Content-Length: 836
Content-Type: application/json; charset=utf-8
cache-control: no-cache

11:15:28.303 [AsyncHttpClient-1-5] DEBUG org.asynchttpclient.netty.channel.ChannelManager - Adding key: http://localhost:27225 for channel [id: 0x2dc8607f, L:/127.0.0.1:50372 - R:localhost/127.0.0.1:27225]
11:15:28.306 [Forwarding getCurrentUrl on session 94944358f9038b00ea62aa3c8f1f8c50 to remote] DEBUG org.asynchttpclient.netty.request.NettyRequestSender - Using pooled Channel '[id: 0x2dc8607f, L:/127.0.0.1:50372 - R:localhost/127.0.0.1:27225]' for 'GET' to 'http://localhost:27225/session/94944358f9038b00ea62aa3c8f1f8c50/url'
11:15:28.307 [Forwarding getCurrentUrl on session 94944358f9038b00ea62aa3c8f1f8c50 to remote] DEBUG org.asynchttpclient.netty.request.NettyRequestSender - Using open Channel [id: 0x2dc8607f, L:/127.0.0.1:50372 - R:localhost/127.0.0.1:27225] for GET '/session/94944358f9038b00ea62aa3c8f1f8c50/url'
11:15:28.317 [AsyncHttpClient-1-5] DEBUG org.asynchttpclient.netty.handler.HttpHandler - 

Request DefaultFullHttpRequest(decodeResult: success, version: HTTP/1.1, content: EmptyByteBufBE)
GET /session/94944358f9038b00ea62aa3c8f1f8c50/url HTTP/1.1
User-Agent: selenium/4.8.1 (java windows)
Cache-Control: no-cache
Content-Type: application/json; charset=utf-8
host: localhost:27225
accept: */*

Response DefaultHttpResponse(decodeResult: success, version: HTTP/1.1)
HTTP/1.1 200 OK
Content-Length: 42
Content-Type: application/json; charset=utf-8
cache-control: no-cache

11:15:28.317 [AsyncHttpClient-1-5] DEBUG org.asynchttpclient.netty.channel.ChannelManager - Adding key: http://localhost:27225 for channel [id: 0x2dc8607f, L:/127.0.0.1:50372 - R:localhost/127.0.0.1:27225]
11:15:28.319 [Forwarding screenshot on session 94944358f9038b00ea62aa3c8f1f8c50 to remote] DEBUG org.asynchttpclient.netty.request.NettyRequestSender - Using pooled Channel '[id: 0x2dc8607f, L:/127.0.0.1:50372 - R:localhost/127.0.0.1:27225]' for 'GET' to 'http://localhost:27225/session/94944358f9038b00ea62aa3c8f1f8c50/screenshot'
11:15:28.319 [Forwarding screenshot on session 94944358f9038b00ea62aa3c8f1f8c50 to remote] DEBUG org.asynchttpclient.netty.request.NettyRequestSender - Using open Channel [id: 0x2dc8607f, L:/127.0.0.1:50372 - R:localhost/127.0.0.1:27225] for GET '/session/94944358f9038b00ea62aa3c8f1f8c50/screenshot'
11:15:28.503 [AsyncHttpClient-1-1] DEBUG org.asynchttpclient.netty.channel.DefaultChannelPool - Entry count for : http://localhost:50373 : 1
11:15:28.602 [AsyncHttpClient-1-5] DEBUG org.asynchttpclient.netty.handler.HttpHandler - 

Request DefaultFullHttpRequest(decodeResult: success, version: HTTP/1.1, content: EmptyByteBufBE)
GET /session/94944358f9038b00ea62aa3c8f1f8c50/screenshot HTTP/1.1
User-Agent: selenium/4.8.1 (java windows)
Cache-Control: no-cache
Content-Type: application/json; charset=utf-8
host: localhost:27225
accept: */*

Response DefaultHttpResponse(decodeResult: success, version: HTTP/1.1)
HTTP/1.1 200 OK
Content-Length: 286192
Content-Type: application/json; charset=utf-8
cache-control: no-cache

11:15:28.603 [AsyncHttpClient-1-5] DEBUG org.asynchttpclient.netty.channel.ChannelManager - Adding key: http://localhost:27225 for channel [id: 0x2dc8607f, L:/127.0.0.1:50372 - R:localhost/127.0.0.1:27225]
11:15:28.610 [main] DEBUG net.serenitybdd.core.photography.Darkroom - Send negative for processing for target\site\serenity\6576fba820b8597fddfffcec6c6db79fb33bba98c6d3ad40afaf1ab2df80da84.png
11:15:28.610 [main] DEBUG net.thucydides.core.steps.StepInterceptor - STEP DONE: incorrectCredentialAlert
  &amp#27;[32mThen &amp#27;[0m&amp#27;[32mI should see the error message&amp#27;[0m   &amp#27;[90m# starter.stepdefintions.LoginSteps.credentialAlert()&amp#27;[0m
11:15:28.610 [Darkroom Processing Line] DEBUG net.serenitybdd.core.photography.DarkroomProcessingLine - Processing screenshot image in /var/screenshots/screenshot-18174991893607338845
11:15:28.610 [Darkroom Processing Line] DEBUG net.serenitybdd.core.photography.DarkroomProcessingLine - Saving screenshot to target\site\serenity\6576fba820b8597fddfffcec6c6db79fb33bba98c6d3ad40afaf1ab2df80da84.png
11:15:28.615 [main] INFO  - 
  _____   ___   ___   _____     ___     _     ___   ___   ___   ___  
 |_   _| | __| / __| |_   _|   | _ \   /_\   / __| / __| | __| |   \ 
   | |   | _|  \__ \   | |     |  _/  / _ \  \__ \ \__ \ | _|  | |) |
   |_|   |___| |___/   |_|     |_|   /_/ \_\ |___/ |___/ |___| |___/ 

Login with incorrect password
----------------------------------------------------------------------
11:15:28.616 [Driver Command Executor] DEBUG org.asynchttpclient.netty.request.NettyRequestSender - Using pooled Channel '[id: 0x2dc8607f, L:/127.0.0.1:50372 - R:localhost/127.0.0.1:27225]' for 'DELETE' to 'http://localhost:27225/session/94944358f9038b00ea62aa3c8f1f8c50'
11:15:28.616 [AsyncHttpClient-1-7] DEBUG org.asynchttpclient.netty.handler.WebSocketHandler - Channel Closed: [id: 0x04e73f00, L:/127.0.0.1:50381 ! R:localhost/127.0.0.1:50373] with attribute NettyResponseFuture{currentRetry=0,
	isDone=1,
	isCancelled=0,
	asyncHandler=org.asynchttpclient.ws.WebSocketUpgradeHandler@1c3b7171,
	nettyRequest=org.asynchttpclient.netty.request.NettyRequest@5939fc92,
	future=java.util.concurrent.CompletableFuture@57a4f6a6[Completed normally],
	uri=ws://localhost:50373/devtools/browser/d58179ce-a180-474b-8190-fcdf129f43fa,
	keepAlive=true,
	redirectCount=0,
	timeoutsHolder=null,
	inAuth=0,
	touch=1681013694881}
11:15:28.616 [Driver Command Executor] DEBUG org.asynchttpclient.netty.request.NettyRequestSender - Using open Channel [id: 0x2dc8607f, L:/127.0.0.1:50372 - R:localhost/127.0.0.1:27225] for DELETE '/session/94944358f9038b00ea62aa3c8f1f8c50'
11:15:28.616 [AsyncHttpClient-1-7] DEBUG org.asynchttpclient.netty.channel.ChannelManager - Closing Channel [id: 0x04e73f00, L:/127.0.0.1:50381 ! R:localhost/127.0.0.1:50373] 
11:15:28.652 [AsyncHttpClient-1-6] DEBUG org.asynchttpclient.netty.handler.HttpHandler - Unexpected I/O exception on channel [id: 0x9717f700, L:/127.0.0.1:50380 - R:localhost/127.0.0.1:50373]
java.net.SocketException: Connection reset
	at java.base/sun.nio.ch.SocketChannelImpl.throwConnectionReset(SocketChannelImpl.java:394)
	at java.base/sun.nio.ch.SocketChannelImpl.read(SocketChannelImpl.java:426)
	at io.netty.buffer.PooledByteBuf.setBytes(PooledByteBuf.java:259)
	at io.netty.buffer.AbstractByteBuf.writeBytes(AbstractByteBuf.java:1132)
	at io.netty.channel.socket.nio.NioSocketChannel.doReadBytes(NioSocketChannel.java:357)
	at io.netty.channel.nio.AbstractNioByteChannel$NioByteUnsafe.read(AbstractNioByteChannel.java:151)
	at io.netty.channel.nio.NioEventLoop.processSelectedKey(NioEventLoop.java:788)
	at io.netty.channel.nio.NioEventLoop.processSelectedKeysOptimized(NioEventLoop.java:724)
	at io.netty.channel.nio.NioEventLoop.processSelectedKeys(NioEventLoop.java:650)
	at io.netty.channel.nio.NioEventLoop.run(NioEventLoop.java:562)
	at io.netty.util.concurrent.SingleThreadEventExecutor$4.run(SingleThreadEventExecutor.java:997)
	at io.netty.util.internal.ThreadExecutorMap$2.run(ThreadExecutorMap.java:74)
	at io.netty.util.concurrent.FastThreadLocalRunnable.run(FastThreadLocalRunnable.java:30)
	at java.base/java.lang.Thread.run(Thread.java:833)
11:15:28.653 [AsyncHttpClient-1-6] DEBUG org.asynchttpclient.netty.channel.ChannelManager - Closing Channel [id: 0x9717f700, L:/127.0.0.1:50380 - R:localhost/127.0.0.1:50373] 
11:15:28.653 [AsyncHttpClient-1-6] DEBUG org.asynchttpclient.netty.handler.HttpHandler - Channel Closed: [id: 0x9717f700, L:/127.0.0.1:50380 ! R:localhost/127.0.0.1:50373] with attribute DISCARD
11:15:28.672 [AsyncHttpClient-1-5] DEBUG org.asynchttpclient.netty.handler.HttpHandler - 

Request DefaultFullHttpRequest(decodeResult: success, version: HTTP/1.1, content: EmptyByteBufBE)
DELETE /session/94944358f9038b00ea62aa3c8f1f8c50 HTTP/1.1
User-Agent: selenium/4.8.1 (java windows)
Content-Type: application/json; charset=utf-8
host: localhost:27225
accept: */*

Response DefaultHttpResponse(decodeResult: success, version: HTTP/1.1)
HTTP/1.1 200 OK
Content-Length: 14
Content-Type: application/json; charset=utf-8
cache-control: no-cache

11:15:28.672 [AsyncHttpClient-1-5] DEBUG org.asynchttpclient.netty.channel.ChannelManager - Adding key: http://localhost:27225 for channel [id: 0x2dc8607f, L:/127.0.0.1:50372 - R:localhost/127.0.0.1:27225]
11:15:28.747 [AsyncHttpClient-1-5] DEBUG org.asynchttpclient.netty.handler.HttpHandler - Channel Closed: [id: 0x2dc8607f, L:/127.0.0.1:50372 ! R:localhost/127.0.0.1:27225] with attribute DISCARD
]]></system-out>
    <system-err><![CDATA[Starting ChromeDriver 111.0.5563.64 (c710e93d5b63b7095afe8c2c17df34408078439d-refs/branch-heads/5563@{#995}) on port 27225
Only local connections are allowed.
Please see https://chromedriver.chromium.org/security-considerations for suggestions on keeping ChromeDriver safe.
ChromeDriver was started successfully.
Apr 09, 2023 11:14:54 AM org.openqa.selenium.devtools.CdpVersionFinder findNearestMatch
WARNING: Unable to find an exact match for CDP version 111, so returning the closest version found: 110
]]></system-err>
  </testcase>
  <testcase name="Select Payment Method Dana After Choosing Product" classname="Select Payment Method" time="34.124">
    <error type="org.openqa.selenium.NoSuchElementException"><![CDATA[org.openqa.selenium.NoSuchElementException: 
no such element: Unable to locate element: {"method":"css selector","selector":"#nomor\-handphone"}
  (Session info: chrome=111.0.5563.147)
For documentation on this error, please visit: https://selenium.dev/exceptions/#no_such_element
Build info: version: '4.8.1', revision: '8ebccac989'
System info: os.name: 'Windows 10', os.arch: 'amd64', os.version: '10.0', java.version: '18.0.1.1'
Driver info: org.openqa.selenium.chrome.ChromeDriver
Command: [fb97dd5cbfd8ecd90cf9bd62df4aa787, findElement {using=id, value=nomor-handphone}]
Capabilities {acceptInsecureCerts: false, browserName: chrome, browserVersion: 111.0.5563.147, chrome: {chromedriverVersion: 111.0.5563.64 (c710e93d5b63..., userDataDir: C:\Users\BUNAYY~1\AppData\L...}, goog:chromeOptions: {debuggerAddress: localhost:50411}, networkConnectionEnabled: false, pageLoadStrategy: normal, platformName: WINDOWS, proxy: Proxy(), se:cdp: ws://localhost:50411/devtoo..., se:cdpVersion: 111.0.5563.147, setWindowRect: true, strictFileInteractability: false, timeouts: {implicit: 0, pageLoad: 300000, script: 30000}, unhandledPromptBehavior: dismiss and notify, webauthn:extension:credBlob: true, webauthn:extension:largeBlob: true, webauthn:extension:minPinLength: true, webauthn:extension:prf: true, webauthn:virtualAuthenticators: true}
Session ID: fb97dd5cbfd8ecd90cf9bd62df4aa787
]]></error>
    <system-out><![CDATA[11:15:28.796 [main] DEBUG io.cucumber.core.plugin.SerenityReporter - Running feature from file:///C:/Users/Bunayya%20Zulfikar/Documents/GitHub/QE_Refano-Saputra/11_Web_Programming_&_Testing/praktikum/Web_Testing/Prioritas2/alta/src/test/resources/features/PaymentMethod.feature
11:15:28.806 [main] DEBUG net.thucydides.core.steps.StepEventBus - Test suite started for story net.thucydides.core.model.Story@1f3cee16
11:15:28.808 [main] INFO  - Test Suite Started: Select Payment Method

Scenario: Select Payment Method Dana After Choosing Product &amp#27;[90m# src/test/resources/features/PaymentMethod.feature:3&amp#27;[0m
11:15:28.856 [main] DEBUG io.cucumber.core.plugin.SerenityReporter - Running feature from file:///C:/Users/Bunayya%20Zulfikar/Documents/GitHub/QE_Refano-Saputra/11_Web_Programming_&_Testing/praktikum/Web_Testing/Prioritas2/alta/src/test/resources/features/PaymentMethod.feature
11:15:28.868 [main] INFO  - 
  _____   ___   ___   _____     ___   _____     _     ___   _____   ___   ___  
 |_   _| | __| / __| |_   _|   / __| |_   _|   /_\   | _ \ |_   _| | __| |   \ 
   | |   | _|  \__ \   | |     \__ \   | |    / _ \  |   /   | |   | _|  | |) |
   |_|   |___| |___/   |_|     |___/   |_|   /_/ \_\ |_|_\   |_|   |___| |___/ 

Select Payment Method Dana After Choosing Product(select-payment-method;select-payment-method-dana-after-choosing-product)
--------------------------------------------------------------------------------
11:15:29.083 [main] DEBUG net.thucydides.core.steps.StepInterceptor - STARTING STEP: PaymentMethodSteps.onTheIsiPulsaPage - openPage
11:15:29.134 [main] INFO net.serenitybdd.core.webdriver.driverproviders.ChromeDriverProvider - Starting Chrome driver instance with capabilities:
11:15:29.134 [main] INFO net.serenitybdd.core.webdriver.driverproviders.ChromeDriverProvider - Capabilities {acceptInsecureCerts: false, browserName: chrome, goog:chromeOptions: {args: [remote-allow-origins=*], extensions: []}}
11:15:29.216 [AsyncHttpClient-1-8] DEBUG org.asynchttpclient.netty.channel.NettyConnectListener - Using new Channel '[id: 0x1e3fad18, L:/127.0.0.1:50410 - R:localhost/127.0.0.1:11052]' for 'POST' to '/session'
11:15:29.609 [AsyncHttpClient-1-1] DEBUG org.asynchttpclient.netty.channel.DefaultChannelPool - Entry count for : http://localhost:50373 : 1
11:15:29.609 [AsyncHttpClient-1-1] DEBUG org.asynchttpclient.netty.channel.DefaultChannelPool - Entry count for : http://localhost:27225 : 1
11:15:29.609 [AsyncHttpClient-1-1] DEBUG org.asynchttpclient.netty.channel.DefaultChannelPool - Adding Candidate expired Channel [id: 0x9717f700, L:/127.0.0.1:50380 ! R:localhost/127.0.0.1:50373] isIdleTimeoutExpired=false isRemotelyClosed=true isTtlExpired=false
11:15:29.609 [AsyncHttpClient-1-1] DEBUG org.asynchttpclient.netty.channel.DefaultChannelPool - Closing Idle Channel [id: 0x9717f700, L:/127.0.0.1:50380 ! R:localhost/127.0.0.1:50373]
11:15:29.609 [AsyncHttpClient-1-1] DEBUG org.asynchttpclient.netty.channel.DefaultChannelPool - Adding Candidate expired Channel [id: 0x2dc8607f, L:/127.0.0.1:50372 ! R:localhost/127.0.0.1:27225] isIdleTimeoutExpired=false isRemotelyClosed=true isTtlExpired=false
11:15:29.609 [AsyncHttpClient-1-1] DEBUG org.asynchttpclient.netty.channel.DefaultChannelPool - Closing Idle Channel [id: 0x2dc8607f, L:/127.0.0.1:50372 ! R:localhost/127.0.0.1:27225]
11:15:29.609 [AsyncHttpClient-1-1] DEBUG org.asynchttpclient.netty.channel.DefaultChannelPool - Closed 2 connections out of 2 in 0 ms
11:15:29.919 [AsyncHttpClient-1-8] DEBUG org.asynchttpclient.netty.handler.HttpHandler - 

Request DefaultHttpRequest(decodeResult: success, version: HTTP/1.1)
POST /session HTTP/1.1
User-Agent: selenium/4.8.1 (java windows)
Content-Length: 507
Content-Type: application/json; charset=utf-8
host: localhost:11052
accept: */*

Response DefaultHttpResponse(decodeResult: success, version: HTTP/1.1)
HTTP/1.1 200 OK
Content-Length: 861
Content-Type: application/json; charset=utf-8
cache-control: no-cache

11:15:29.919 [AsyncHttpClient-1-8] DEBUG org.asynchttpclient.netty.channel.ChannelManager - Adding key: http://localhost:11052 for channel [id: 0x1e3fad18, L:/127.0.0.1:50410 - R:localhost/127.0.0.1:11052]
11:15:29.935 [AsyncHttpClient-1-9] DEBUG org.asynchttpclient.netty.channel.NettyConnectListener - Using new Channel '[id: 0xd27b1694, L:/127.0.0.1:50417 - R:localhost/127.0.0.1:50411]' for 'GET' to '/json/version'
11:15:29.939 [AsyncHttpClient-1-9] DEBUG org.asynchttpclient.netty.handler.HttpHandler - 

Request DefaultFullHttpRequest(decodeResult: success, version: HTTP/1.1, content: EmptyByteBufBE)
GET /json/version HTTP/1.1
User-Agent: selenium/4.8.1 (java windows)
host: localhost:50411
accept: */*

Response DefaultHttpResponse(decodeResult: success, version: HTTP/1.1)
HTTP/1.1 200 OK
Content-Security-Policy: frame-ancestors 'none'
Content-Length: 424
Content-Type: application/json; charset=UTF-8

11:15:29.939 [AsyncHttpClient-1-9] DEBUG org.asynchttpclient.netty.channel.ChannelManager - Adding key: http://localhost:50411 for channel [id: 0xd27b1694, L:/127.0.0.1:50417 - R:localhost/127.0.0.1:50411]
11:15:29.944 [AsyncHttpClient-1-10] DEBUG org.asynchttpclient.netty.channel.NettyConnectListener - Using new Channel '[id: 0xd726a6c0, L:/127.0.0.1:50418 - R:localhost/127.0.0.1:50411]' for 'GET' to '/devtools/browser/0b4748e2-48c5-42c9-b605-9a730405ff57'
11:15:29.950 [AsyncHttpClient-1-10] DEBUG org.asynchttpclient.netty.handler.WebSocketHandler - 

Request DefaultFullHttpRequest(decodeResult: success, version: HTTP/1.1, content: EmptyByteBufBE)
GET /devtools/browser/0b4748e2-48c5-42c9-b605-9a730405ff57 HTTP/1.1
upgrade: websocket
connection: upgrade
sec-websocket-key: Sj2zy1ksjjZ7lcm1xfmzKA==
sec-websocket-version: 13
origin: http://localhost:50411
host: localhost:50411
accept: */*
user-agent: AHC/2.1

Response DefaultHttpResponse(decodeResult: success, version: HTTP/1.1)
HTTP/1.1 101 WebSocket Protocol Handshake
Upgrade: WebSocket
Connection: Upgrade
Sec-WebSocket-Accept: MVsud9L8CiGHnIBMGpsFlWR6QVA=

11:15:29.959 [Forwarding get on session fb97dd5cbfd8ecd90cf9bd62df4aa787 to remote] DEBUG org.asynchttpclient.netty.request.NettyRequestSender - Using pooled Channel '[id: 0x1e3fad18, L:/127.0.0.1:50410 - R:localhost/127.0.0.1:11052]' for 'POST' to 'http://localhost:11052/session/fb97dd5cbfd8ecd90cf9bd62df4aa787/url'
11:15:29.959 [Forwarding get on session fb97dd5cbfd8ecd90cf9bd62df4aa787 to remote] DEBUG org.asynchttpclient.netty.request.NettyRequestSender - Using open Channel [id: 0x1e3fad18, L:/127.0.0.1:50410 - R:localhost/127.0.0.1:11052] for POST '/session/fb97dd5cbfd8ecd90cf9bd62df4aa787/url'
11:15:30.703 [AsyncHttpClient-1-1] DEBUG org.asynchttpclient.netty.channel.DefaultChannelPool - Entry count for : http://localhost:50411 : 1
11:15:31.811 [AsyncHttpClient-1-1] DEBUG org.asynchttpclient.netty.channel.DefaultChannelPool - Entry count for : http://localhost:50411 : 1
11:15:32.903 [AsyncHttpClient-1-1] DEBUG org.asynchttpclient.netty.channel.DefaultChannelPool - Entry count for : http://localhost:50411 : 1
11:15:34.003 [AsyncHttpClient-1-1] DEBUG org.asynchttpclient.netty.channel.DefaultChannelPool - Entry count for : http://localhost:50411 : 1
11:15:35.104 [AsyncHttpClient-1-1] DEBUG org.asynchttpclient.netty.channel.DefaultChannelPool - Entry count for : http://localhost:50411 : 1
11:15:36.206 [AsyncHttpClient-1-1] DEBUG org.asynchttpclient.netty.channel.DefaultChannelPool - Entry count for : http://localhost:50411 : 1
11:15:37.308 [AsyncHttpClient-1-1] DEBUG org.asynchttpclient.netty.channel.DefaultChannelPool - Entry count for : http://localhost:50411 : 1
11:15:38.403 [AsyncHttpClient-1-1] DEBUG org.asynchttpclient.netty.channel.DefaultChannelPool - Entry count for : http://localhost:50411 : 1
11:15:39.508 [AsyncHttpClient-1-1] DEBUG org.asynchttpclient.netty.channel.DefaultChannelPool - Entry count for : http://localhost:50411 : 1
11:15:40.611 [AsyncHttpClient-1-1] DEBUG org.asynchttpclient.netty.channel.DefaultChannelPool - Entry count for : http://localhost:50411 : 1
11:15:41.703 [AsyncHttpClient-1-1] DEBUG org.asynchttpclient.netty.channel.DefaultChannelPool - Entry count for : http://localhost:50411 : 1
11:15:42.806 [AsyncHttpClient-1-1] DEBUG org.asynchttpclient.netty.channel.DefaultChannelPool - Entry count for : http://localhost:50411 : 1
11:15:43.903 [AsyncHttpClient-1-1] DEBUG org.asynchttpclient.netty.channel.DefaultChannelPool - Entry count for : http://localhost:50411 : 1
11:15:45.004 [AsyncHttpClient-1-1] DEBUG org.asynchttpclient.netty.channel.DefaultChannelPool - Entry count for : http://localhost:50411 : 1
11:15:46.103 [AsyncHttpClient-1-1] DEBUG org.asynchttpclient.netty.channel.DefaultChannelPool - Entry count for : http://localhost:50411 : 1
11:15:47.204 [AsyncHttpClient-1-1] DEBUG org.asynchttpclient.netty.channel.DefaultChannelPool - Entry count for : http://localhost:50411 : 1
11:15:48.308 [AsyncHttpClient-1-1] DEBUG org.asynchttpclient.netty.channel.DefaultChannelPool - Entry count for : http://localhost:50411 : 1
11:15:49.408 [AsyncHttpClient-1-1] DEBUG org.asynchttpclient.netty.channel.DefaultChannelPool - Entry count for : http://localhost:50411 : 1
11:15:50.503 [AsyncHttpClient-1-1] DEBUG org.asynchttpclient.netty.channel.DefaultChannelPool - Entry count for : http://localhost:50411 : 1
11:15:51.604 [AsyncHttpClient-1-1] DEBUG org.asynchttpclient.netty.channel.DefaultChannelPool - Entry count for : http://localhost:50411 : 1
11:15:52.703 [AsyncHttpClient-1-1] DEBUG org.asynchttpclient.netty.channel.DefaultChannelPool - Entry count for : http://localhost:50411 : 1
11:15:53.805 [AsyncHttpClient-1-1] DEBUG org.asynchttpclient.netty.channel.DefaultChannelPool - Entry count for : http://localhost:50411 : 1
11:15:54.116 [AsyncHttpClient-1-8] DEBUG org.asynchttpclient.netty.handler.HttpHandler - 

Request DefaultHttpRequest(decodeResult: success, version: HTTP/1.1)
POST /session/fb97dd5cbfd8ecd90cf9bd62df4aa787/url HTTP/1.1
User-Agent: selenium/4.8.1 (java windows)
Content-Length: 54
Content-Type: application/json; charset=utf-8
host: localhost:11052
accept: */*

Response DefaultHttpResponse(decodeResult: success, version: HTTP/1.1)
HTTP/1.1 200 OK
Content-Length: 14
Content-Type: application/json; charset=utf-8
cache-control: no-cache

11:15:54.116 [AsyncHttpClient-1-8] DEBUG org.asynchttpclient.netty.channel.ChannelManager - Adding key: http://localhost:11052 for channel [id: 0x1e3fad18, L:/127.0.0.1:50410 - R:localhost/127.0.0.1:11052]
11:15:54.120 [Forwarding setTimeout on session fb97dd5cbfd8ecd90cf9bd62df4aa787 to remote] DEBUG org.asynchttpclient.netty.request.NettyRequestSender - Using pooled Channel '[id: 0x1e3fad18, L:/127.0.0.1:50410 - R:localhost/127.0.0.1:11052]' for 'POST' to 'http://localhost:11052/session/fb97dd5cbfd8ecd90cf9bd62df4aa787/timeouts'
11:15:54.120 [Forwarding setTimeout on session fb97dd5cbfd8ecd90cf9bd62df4aa787 to remote] DEBUG org.asynchttpclient.netty.request.NettyRequestSender - Using open Channel [id: 0x1e3fad18, L:/127.0.0.1:50410 - R:localhost/127.0.0.1:11052] for POST '/session/fb97dd5cbfd8ecd90cf9bd62df4aa787/timeouts'
11:15:54.122 [AsyncHttpClient-1-8] DEBUG org.asynchttpclient.netty.handler.HttpHandler - 

Request DefaultHttpRequest(decodeResult: success, version: HTTP/1.1)
POST /session/fb97dd5cbfd8ecd90cf9bd62df4aa787/timeouts HTTP/1.1
User-Agent: selenium/4.8.1 (java windows)
Content-Length: 22
Content-Type: application/json; charset=utf-8
host: localhost:11052
accept: */*

Response DefaultHttpResponse(decodeResult: success, version: HTTP/1.1)
HTTP/1.1 200 OK
Content-Length: 14
Content-Type: application/json; charset=utf-8
cache-control: no-cache

11:15:54.122 [AsyncHttpClient-1-8] DEBUG org.asynchttpclient.netty.channel.ChannelManager - Adding key: http://localhost:11052 for channel [id: 0x1e3fad18, L:/127.0.0.1:50410 - R:localhost/127.0.0.1:11052]
11:15:54.137 [main] DEBUG net.serenitybdd.core.photography.Darkroom - Opening darkroom
11:15:54.138 [Darkroom Processing Line] DEBUG net.serenitybdd.core.photography.DarkroomProcessingLine - Darkroom processing line starting up
11:15:54.140 [Forwarding getAlertText on session fb97dd5cbfd8ecd90cf9bd62df4aa787 to remote] DEBUG org.asynchttpclient.netty.request.NettyRequestSender - Using pooled Channel '[id: 0x1e3fad18, L:/127.0.0.1:50410 - R:localhost/127.0.0.1:11052]' for 'GET' to 'http://localhost:11052/session/fb97dd5cbfd8ecd90cf9bd62df4aa787/alert/text'
11:15:54.140 [Forwarding getAlertText on session fb97dd5cbfd8ecd90cf9bd62df4aa787 to remote] DEBUG org.asynchttpclient.netty.request.NettyRequestSender - Using open Channel [id: 0x1e3fad18, L:/127.0.0.1:50410 - R:localhost/127.0.0.1:11052] for GET '/session/fb97dd5cbfd8ecd90cf9bd62df4aa787/alert/text'
11:15:54.145 [AsyncHttpClient-1-8] DEBUG org.asynchttpclient.netty.handler.HttpHandler - 

Request DefaultFullHttpRequest(decodeResult: success, version: HTTP/1.1, content: EmptyByteBufBE)
GET /session/fb97dd5cbfd8ecd90cf9bd62df4aa787/alert/text HTTP/1.1
User-Agent: selenium/4.8.1 (java windows)
Cache-Control: no-cache
Content-Type: application/json; charset=utf-8
host: localhost:11052
accept: */*

Response DefaultHttpResponse(decodeResult: success, version: HTTP/1.1)
HTTP/1.1 404 Not Found
Content-Length: 836
Content-Type: application/json; charset=utf-8
cache-control: no-cache

11:15:54.145 [AsyncHttpClient-1-8] DEBUG org.asynchttpclient.netty.channel.ChannelManager - Adding key: http://localhost:11052 for channel [id: 0x1e3fad18, L:/127.0.0.1:50410 - R:localhost/127.0.0.1:11052]
11:15:54.148 [Forwarding getCurrentUrl on session fb97dd5cbfd8ecd90cf9bd62df4aa787 to remote] DEBUG org.asynchttpclient.netty.request.NettyRequestSender - Using pooled Channel '[id: 0x1e3fad18, L:/127.0.0.1:50410 - R:localhost/127.0.0.1:11052]' for 'GET' to 'http://localhost:11052/session/fb97dd5cbfd8ecd90cf9bd62df4aa787/url'
11:15:54.148 [Forwarding getCurrentUrl on session fb97dd5cbfd8ecd90cf9bd62df4aa787 to remote] DEBUG org.asynchttpclient.netty.request.NettyRequestSender - Using open Channel [id: 0x1e3fad18, L:/127.0.0.1:50410 - R:localhost/127.0.0.1:11052] for GET '/session/fb97dd5cbfd8ecd90cf9bd62df4aa787/url'
11:15:54.162 [AsyncHttpClient-1-8] DEBUG org.asynchttpclient.netty.handler.HttpHandler - 

Request DefaultFullHttpRequest(decodeResult: success, version: HTTP/1.1, content: EmptyByteBufBE)
GET /session/fb97dd5cbfd8ecd90cf9bd62df4aa787/url HTTP/1.1
User-Agent: selenium/4.8.1 (java windows)
Cache-Control: no-cache
Content-Type: application/json; charset=utf-8
host: localhost:11052
accept: */*

Response DefaultHttpResponse(decodeResult: success, version: HTTP/1.1)
HTTP/1.1 200 OK
Content-Length: 36
Content-Type: application/json; charset=utf-8
cache-control: no-cache

11:15:54.162 [AsyncHttpClient-1-8] DEBUG org.asynchttpclient.netty.channel.ChannelManager - Adding key: http://localhost:11052 for channel [id: 0x1e3fad18, L:/127.0.0.1:50410 - R:localhost/127.0.0.1:11052]
11:15:54.165 [Forwarding screenshot on session fb97dd5cbfd8ecd90cf9bd62df4aa787 to remote] DEBUG org.asynchttpclient.netty.request.NettyRequestSender - Using pooled Channel '[id: 0x1e3fad18, L:/127.0.0.1:50410 - R:localhost/127.0.0.1:11052]' for 'GET' to 'http://localhost:11052/session/fb97dd5cbfd8ecd90cf9bd62df4aa787/screenshot'
11:15:54.165 [Forwarding screenshot on session fb97dd5cbfd8ecd90cf9bd62df4aa787 to remote] DEBUG org.asynchttpclient.netty.request.NettyRequestSender - Using open Channel [id: 0x1e3fad18, L:/127.0.0.1:50410 - R:localhost/127.0.0.1:11052] for GET '/session/fb97dd5cbfd8ecd90cf9bd62df4aa787/screenshot'
11:15:54.442 [AsyncHttpClient-1-8] DEBUG org.asynchttpclient.netty.handler.HttpHandler - 

Request DefaultFullHttpRequest(decodeResult: success, version: HTTP/1.1, content: EmptyByteBufBE)
GET /session/fb97dd5cbfd8ecd90cf9bd62df4aa787/screenshot HTTP/1.1
User-Agent: selenium/4.8.1 (java windows)
Cache-Control: no-cache
Content-Type: application/json; charset=utf-8
host: localhost:11052
accept: */*

Response DefaultHttpResponse(decodeResult: success, version: HTTP/1.1)
HTTP/1.1 200 OK
Content-Length: 501788
Content-Type: application/json; charset=utf-8
cache-control: no-cache

11:15:54.444 [AsyncHttpClient-1-8] DEBUG org.asynchttpclient.netty.channel.ChannelManager - Adding key: http://localhost:11052 for channel [id: 0x1e3fad18, L:/127.0.0.1:50410 - R:localhost/127.0.0.1:11052]
11:15:54.455 [main] DEBUG net.serenitybdd.core.photography.Darkroom - Send negative for processing for target\site\serenity\8ce3a49aecb198733184fe6b4ae0ff121967b2ac086de193b1b747bc83ce67e0.png
11:15:54.455 [main] DEBUG net.thucydides.core.steps.StepInterceptor - STEP DONE: openPage
11:15:54.456 [Darkroom Processing Line] DEBUG net.serenitybdd.core.photography.DarkroomProcessingLine - Processing screenshot image in /var/screenshots/screenshot-2011486947442755057
11:15:54.456 [Darkroom Processing Line] DEBUG net.serenitybdd.core.photography.DarkroomProcessingLine - Saving screenshot to target\site\serenity\8ce3a49aecb198733184fe6b4ae0ff121967b2ac086de193b1b747bc83ce67e0.png
11:15:54.464 [Forwarding getPageSource on session fb97dd5cbfd8ecd90cf9bd62df4aa787 to remote] DEBUG org.asynchttpclient.netty.request.NettyRequestSender - Using pooled Channel '[id: 0x1e3fad18, L:/127.0.0.1:50410 - R:localhost/127.0.0.1:11052]' for 'POST' to 'http://localhost:11052/session/fb97dd5cbfd8ecd90cf9bd62df4aa787/execute/sync'
11:15:54.464 [Forwarding getPageSource on session fb97dd5cbfd8ecd90cf9bd62df4aa787 to remote] DEBUG org.asynchttpclient.netty.request.NettyRequestSender - Using open Channel [id: 0x1e3fad18, L:/127.0.0.1:50410 - R:localhost/127.0.0.1:11052] for POST '/session/fb97dd5cbfd8ecd90cf9bd62df4aa787/execute/sync'
11:15:54.494 [AsyncHttpClient-1-8] DEBUG org.asynchttpclient.netty.handler.HttpHandler - 

Request DefaultHttpRequest(decodeResult: success, version: HTTP/1.1)
POST /session/fb97dd5cbfd8ecd90cf9bd62df4aa787/execute/sync HTTP/1.1
User-Agent: selenium/4.8.1 (java windows)
Content-Length: 176
Content-Type: application/json; charset=utf-8
host: localhost:11052
accept: */*

Response DefaultHttpResponse(decodeResult: success, version: HTTP/1.1)
HTTP/1.1 200 OK
Content-Length: 174757
Content-Type: application/json; charset=utf-8
cache-control: no-cache

11:15:54.495 [AsyncHttpClient-1-8] DEBUG org.asynchttpclient.netty.channel.ChannelManager - Adding key: http://localhost:11052 for channel [id: 0x1e3fad18, L:/127.0.0.1:50410 - R:localhost/127.0.0.1:11052]
11:15:54.527 [Forwarding getCurrentUrl on session fb97dd5cbfd8ecd90cf9bd62df4aa787 to remote] DEBUG org.asynchttpclient.netty.request.NettyRequestSender - Using pooled Channel '[id: 0x1e3fad18, L:/127.0.0.1:50410 - R:localhost/127.0.0.1:11052]' for 'GET' to 'http://localhost:11052/session/fb97dd5cbfd8ecd90cf9bd62df4aa787/url'
11:15:54.527 [Forwarding getCurrentUrl on session fb97dd5cbfd8ecd90cf9bd62df4aa787 to remote] DEBUG org.asynchttpclient.netty.request.NettyRequestSender - Using open Channel [id: 0x1e3fad18, L:/127.0.0.1:50410 - R:localhost/127.0.0.1:11052] for GET '/session/fb97dd5cbfd8ecd90cf9bd62df4aa787/url'
11:15:54.537 [AsyncHttpClient-1-8] DEBUG org.asynchttpclient.netty.handler.HttpHandler - 

Request DefaultFullHttpRequest(decodeResult: success, version: HTTP/1.1, content: EmptyByteBufBE)
GET /session/fb97dd5cbfd8ecd90cf9bd62df4aa787/url HTTP/1.1
User-Agent: selenium/4.8.1 (java windows)
Cache-Control: no-cache
Content-Type: application/json; charset=utf-8
host: localhost:11052
accept: */*

Response DefaultHttpResponse(decodeResult: success, version: HTTP/1.1)
HTTP/1.1 200 OK
Content-Length: 36
Content-Type: application/json; charset=utf-8
cache-control: no-cache

11:15:54.538 [AsyncHttpClient-1-8] DEBUG org.asynchttpclient.netty.channel.ChannelManager - Adding key: http://localhost:11052 for channel [id: 0x1e3fad18, L:/127.0.0.1:50410 - R:localhost/127.0.0.1:11052]
11:15:54.545 [main] DEBUG net.thucydides.core.steps.StepInterceptor - STARTING STEP: PaymentMethodSteps.onTheIsiPulsaPage - clickLoginButton
11:15:54.554 [Forwarding findElement on session fb97dd5cbfd8ecd90cf9bd62df4aa787 to remote] DEBUG org.asynchttpclient.netty.request.NettyRequestSender - Using pooled Channel '[id: 0x1e3fad18, L:/127.0.0.1:50410 - R:localhost/127.0.0.1:11052]' for 'POST' to 'http://localhost:11052/session/fb97dd5cbfd8ecd90cf9bd62df4aa787/element'
11:15:54.554 [Forwarding findElement on session fb97dd5cbfd8ecd90cf9bd62df4aa787 to remote] DEBUG org.asynchttpclient.netty.request.NettyRequestSender - Using open Channel [id: 0x1e3fad18, L:/127.0.0.1:50410 - R:localhost/127.0.0.1:11052] for POST '/session/fb97dd5cbfd8ecd90cf9bd62df4aa787/element'
11:15:54.590 [AsyncHttpClient-1-8] DEBUG org.asynchttpclient.netty.handler.HttpHandler - 

Request DefaultHttpRequest(decodeResult: success, version: HTTP/1.1)
POST /session/fb97dd5cbfd8ecd90cf9bd62df4aa787/element HTTP/1.1
User-Agent: selenium/4.8.1 (java windows)
Content-Length: 62
Content-Type: application/json; charset=utf-8
host: localhost:11052
accept: */*

Response DefaultHttpResponse(decodeResult: success, version: HTTP/1.1)
HTTP/1.1 200 OK
Content-Length: 88
Content-Type: application/json; charset=utf-8
cache-control: no-cache

11:15:54.590 [AsyncHttpClient-1-8] DEBUG org.asynchttpclient.netty.channel.ChannelManager - Adding key: http://localhost:11052 for channel [id: 0x1e3fad18, L:/127.0.0.1:50410 - R:localhost/127.0.0.1:11052]
11:15:54.594 [Forwarding getElementTagName on session fb97dd5cbfd8ecd90cf9bd62df4aa787 to remote] DEBUG org.asynchttpclient.netty.request.NettyRequestSender - Using pooled Channel '[id: 0x1e3fad18, L:/127.0.0.1:50410 - R:localhost/127.0.0.1:11052]' for 'GET' to 'http://localhost:11052/session/fb97dd5cbfd8ecd90cf9bd62df4aa787/element/6ae06d29-80ab-4964-a86f-7eb4a20e25de/name'
11:15:54.594 [Forwarding getElementTagName on session fb97dd5cbfd8ecd90cf9bd62df4aa787 to remote] DEBUG org.asynchttpclient.netty.request.NettyRequestSender - Using open Channel [id: 0x1e3fad18, L:/127.0.0.1:50410 - R:localhost/127.0.0.1:11052] for GET '/session/fb97dd5cbfd8ecd90cf9bd62df4aa787/element/6ae06d29-80ab-4964-a86f-7eb4a20e25de/name'
11:15:54.607 [AsyncHttpClient-1-8] DEBUG org.asynchttpclient.netty.handler.HttpHandler - 

Request DefaultFullHttpRequest(decodeResult: success, version: HTTP/1.1, content: EmptyByteBufBE)
GET /session/fb97dd5cbfd8ecd90cf9bd62df4aa787/element/6ae06d29-80ab-4964-a86f-7eb4a20e25de/name HTTP/1.1
User-Agent: selenium/4.8.1 (java windows)
Cache-Control: no-cache
Content-Type: application/json; charset=utf-8
host: localhost:11052
accept: */*

Response DefaultHttpResponse(decodeResult: success, version: HTTP/1.1)
HTTP/1.1 200 OK
Content-Length: 16
Content-Type: application/json; charset=utf-8
cache-control: no-cache

11:15:54.607 [AsyncHttpClient-1-8] DEBUG org.asynchttpclient.netty.channel.ChannelManager - Adding key: http://localhost:11052 for channel [id: 0x1e3fad18, L:/127.0.0.1:50410 - R:localhost/127.0.0.1:11052]
11:15:54.610 [Forwarding getElementTagName on session fb97dd5cbfd8ecd90cf9bd62df4aa787 to remote] DEBUG org.asynchttpclient.netty.request.NettyRequestSender - Using pooled Channel '[id: 0x1e3fad18, L:/127.0.0.1:50410 - R:localhost/127.0.0.1:11052]' for 'GET' to 'http://localhost:11052/session/fb97dd5cbfd8ecd90cf9bd62df4aa787/element/6ae06d29-80ab-4964-a86f-7eb4a20e25de/name'
11:15:54.610 [Forwarding getElementTagName on session fb97dd5cbfd8ecd90cf9bd62df4aa787 to remote] DEBUG org.asynchttpclient.netty.request.NettyRequestSender - Using open Channel [id: 0x1e3fad18, L:/127.0.0.1:50410 - R:localhost/127.0.0.1:11052] for GET '/session/fb97dd5cbfd8ecd90cf9bd62df4aa787/element/6ae06d29-80ab-4964-a86f-7eb4a20e25de/name'
11:15:54.620 [AsyncHttpClient-1-8] DEBUG org.asynchttpclient.netty.handler.HttpHandler - 

Request DefaultFullHttpRequest(decodeResult: success, version: HTTP/1.1, content: EmptyByteBufBE)
GET /session/fb97dd5cbfd8ecd90cf9bd62df4aa787/element/6ae06d29-80ab-4964-a86f-7eb4a20e25de/name HTTP/1.1
User-Agent: selenium/4.8.1 (java windows)
Cache-Control: no-cache
Content-Type: application/json; charset=utf-8
host: localhost:11052
accept: */*

Response DefaultHttpResponse(decodeResult: success, version: HTTP/1.1)
HTTP/1.1 200 OK
Content-Length: 16
Content-Type: application/json; charset=utf-8
cache-control: no-cache

11:15:54.620 [AsyncHttpClient-1-8] DEBUG org.asynchttpclient.netty.channel.ChannelManager - Adding key: http://localhost:11052 for channel [id: 0x1e3fad18, L:/127.0.0.1:50410 - R:localhost/127.0.0.1:11052]
11:15:54.624 [Forwarding findElement on session fb97dd5cbfd8ecd90cf9bd62df4aa787 to remote] DEBUG org.asynchttpclient.netty.request.NettyRequestSender - Using pooled Channel '[id: 0x1e3fad18, L:/127.0.0.1:50410 - R:localhost/127.0.0.1:11052]' for 'POST' to 'http://localhost:11052/session/fb97dd5cbfd8ecd90cf9bd62df4aa787/element'
11:15:54.624 [Forwarding findElement on session fb97dd5cbfd8ecd90cf9bd62df4aa787 to remote] DEBUG org.asynchttpclient.netty.request.NettyRequestSender - Using open Channel [id: 0x1e3fad18, L:/127.0.0.1:50410 - R:localhost/127.0.0.1:11052] for POST '/session/fb97dd5cbfd8ecd90cf9bd62df4aa787/element'
11:15:54.644 [AsyncHttpClient-1-8] DEBUG org.asynchttpclient.netty.handler.HttpHandler - 

Request DefaultHttpRequest(decodeResult: success, version: HTTP/1.1)
POST /session/fb97dd5cbfd8ecd90cf9bd62df4aa787/element HTTP/1.1
User-Agent: selenium/4.8.1 (java windows)
Content-Length: 62
Content-Type: application/json; charset=utf-8
host: localhost:11052
accept: */*

Response DefaultHttpResponse(decodeResult: success, version: HTTP/1.1)
HTTP/1.1 200 OK
Content-Length: 88
Content-Type: application/json; charset=utf-8
cache-control: no-cache

11:15:54.645 [AsyncHttpClient-1-8] DEBUG org.asynchttpclient.netty.channel.ChannelManager - Adding key: http://localhost:11052 for channel [id: 0x1e3fad18, L:/127.0.0.1:50410 - R:localhost/127.0.0.1:11052]
11:15:54.649 [Forwarding clickElement on session fb97dd5cbfd8ecd90cf9bd62df4aa787 to remote] DEBUG org.asynchttpclient.netty.request.NettyRequestSender - Using pooled Channel '[id: 0x1e3fad18, L:/127.0.0.1:50410 - R:localhost/127.0.0.1:11052]' for 'POST' to 'http://localhost:11052/session/fb97dd5cbfd8ecd90cf9bd62df4aa787/element/6ae06d29-80ab-4964-a86f-7eb4a20e25de/click'
11:15:54.649 [Forwarding clickElement on session fb97dd5cbfd8ecd90cf9bd62df4aa787 to remote] DEBUG org.asynchttpclient.netty.request.NettyRequestSender - Using open Channel [id: 0x1e3fad18, L:/127.0.0.1:50410 - R:localhost/127.0.0.1:11052] for POST '/session/fb97dd5cbfd8ecd90cf9bd62df4aa787/element/6ae06d29-80ab-4964-a86f-7eb4a20e25de/click'
11:15:54.777 [AsyncHttpClient-1-8] DEBUG org.asynchttpclient.netty.handler.HttpHandler - 

Request DefaultHttpRequest(decodeResult: success, version: HTTP/1.1)
POST /session/fb97dd5cbfd8ecd90cf9bd62df4aa787/element/6ae06d29-80ab-4964-a86f-7eb4a20e25de/click HTTP/1.1
User-Agent: selenium/4.8.1 (java windows)
Content-Length: 50
Content-Type: application/json; charset=utf-8
host: localhost:11052
accept: */*

Response DefaultHttpResponse(decodeResult: success, version: HTTP/1.1)
HTTP/1.1 200 OK
Content-Length: 14
Content-Type: application/json; charset=utf-8
cache-control: no-cache

11:15:54.777 [AsyncHttpClient-1-8] DEBUG org.asynchttpclient.netty.channel.ChannelManager - Adding key: http://localhost:11052 for channel [id: 0x1e3fad18, L:/127.0.0.1:50410 - R:localhost/127.0.0.1:11052]
11:15:54.804 [Forwarding getAlertText on session fb97dd5cbfd8ecd90cf9bd62df4aa787 to remote] DEBUG org.asynchttpclient.netty.request.NettyRequestSender - Using pooled Channel '[id: 0x1e3fad18, L:/127.0.0.1:50410 - R:localhost/127.0.0.1:11052]' for 'GET' to 'http://localhost:11052/session/fb97dd5cbfd8ecd90cf9bd62df4aa787/alert/text'
11:15:54.804 [Forwarding getAlertText on session fb97dd5cbfd8ecd90cf9bd62df4aa787 to remote] DEBUG org.asynchttpclient.netty.request.NettyRequestSender - Using open Channel [id: 0x1e3fad18, L:/127.0.0.1:50410 - R:localhost/127.0.0.1:11052] for GET '/session/fb97dd5cbfd8ecd90cf9bd62df4aa787/alert/text'
11:15:54.906 [AsyncHttpClient-1-1] DEBUG org.asynchttpclient.netty.channel.DefaultChannelPool - Entry count for : http://localhost:50411 : 1
11:15:54.929 [AsyncHttpClient-1-8] DEBUG org.asynchttpclient.netty.handler.HttpHandler - 

Request DefaultFullHttpRequest(decodeResult: success, version: HTTP/1.1, content: EmptyByteBufBE)
GET /session/fb97dd5cbfd8ecd90cf9bd62df4aa787/alert/text HTTP/1.1
User-Agent: selenium/4.8.1 (java windows)
Cache-Control: no-cache
Content-Type: application/json; charset=utf-8
host: localhost:11052
accept: */*

Response DefaultHttpResponse(decodeResult: success, version: HTTP/1.1)
HTTP/1.1 404 Not Found
Content-Length: 836
Content-Type: application/json; charset=utf-8
cache-control: no-cache

11:15:54.929 [AsyncHttpClient-1-8] DEBUG org.asynchttpclient.netty.channel.ChannelManager - Adding key: http://localhost:11052 for channel [id: 0x1e3fad18, L:/127.0.0.1:50410 - R:localhost/127.0.0.1:11052]
11:15:54.930 [Forwarding getCurrentUrl on session fb97dd5cbfd8ecd90cf9bd62df4aa787 to remote] DEBUG org.asynchttpclient.netty.request.NettyRequestSender - Using pooled Channel '[id: 0x1e3fad18, L:/127.0.0.1:50410 - R:localhost/127.0.0.1:11052]' for 'GET' to 'http://localhost:11052/session/fb97dd5cbfd8ecd90cf9bd62df4aa787/url'
11:15:54.930 [Forwarding getCurrentUrl on session fb97dd5cbfd8ecd90cf9bd62df4aa787 to remote] DEBUG org.asynchttpclient.netty.request.NettyRequestSender - Using open Channel [id: 0x1e3fad18, L:/127.0.0.1:50410 - R:localhost/127.0.0.1:11052] for GET '/session/fb97dd5cbfd8ecd90cf9bd62df4aa787/url'
11:15:54.939 [AsyncHttpClient-1-8] DEBUG org.asynchttpclient.netty.handler.HttpHandler - 

Request DefaultFullHttpRequest(decodeResult: success, version: HTTP/1.1, content: EmptyByteBufBE)
GET /session/fb97dd5cbfd8ecd90cf9bd62df4aa787/url HTTP/1.1
User-Agent: selenium/4.8.1 (java windows)
Cache-Control: no-cache
Content-Type: application/json; charset=utf-8
host: localhost:11052
accept: */*

Response DefaultHttpResponse(decodeResult: success, version: HTTP/1.1)
HTTP/1.1 200 OK
Content-Length: 42
Content-Type: application/json; charset=utf-8
cache-control: no-cache

11:15:54.939 [AsyncHttpClient-1-8] DEBUG org.asynchttpclient.netty.channel.ChannelManager - Adding key: http://localhost:11052 for channel [id: 0x1e3fad18, L:/127.0.0.1:50410 - R:localhost/127.0.0.1:11052]
11:15:54.940 [Forwarding screenshot on session fb97dd5cbfd8ecd90cf9bd62df4aa787 to remote] DEBUG org.asynchttpclient.netty.request.NettyRequestSender - Using pooled Channel '[id: 0x1e3fad18, L:/127.0.0.1:50410 - R:localhost/127.0.0.1:11052]' for 'GET' to 'http://localhost:11052/session/fb97dd5cbfd8ecd90cf9bd62df4aa787/screenshot'
11:15:54.940 [Forwarding screenshot on session fb97dd5cbfd8ecd90cf9bd62df4aa787 to remote] DEBUG org.asynchttpclient.netty.request.NettyRequestSender - Using open Channel [id: 0x1e3fad18, L:/127.0.0.1:50410 - R:localhost/127.0.0.1:11052] for GET '/session/fb97dd5cbfd8ecd90cf9bd62df4aa787/screenshot'
11:15:55.303 [AsyncHttpClient-1-8] DEBUG org.asynchttpclient.netty.handler.HttpHandler - 

Request DefaultFullHttpRequest(decodeResult: success, version: HTTP/1.1, content: EmptyByteBufBE)
GET /session/fb97dd5cbfd8ecd90cf9bd62df4aa787/screenshot HTTP/1.1
User-Agent: selenium/4.8.1 (java windows)
Cache-Control: no-cache
Content-Type: application/json; charset=utf-8
host: localhost:11052
accept: */*

Response DefaultHttpResponse(decodeResult: success, version: HTTP/1.1)
HTTP/1.1 200 OK
Content-Length: 277256
Content-Type: application/json; charset=utf-8
cache-control: no-cache

11:15:55.304 [AsyncHttpClient-1-8] DEBUG org.asynchttpclient.netty.channel.ChannelManager - Adding key: http://localhost:11052 for channel [id: 0x1e3fad18, L:/127.0.0.1:50410 - R:localhost/127.0.0.1:11052]
11:15:55.312 [main] DEBUG net.serenitybdd.core.photography.Darkroom - Send negative for processing for target\site\serenity\6c14964afb175fcd1fcd055aeac833a40b5cdc11bb14153ac4af1122dd145a3e.png
11:15:55.312 [main] DEBUG net.thucydides.core.steps.StepInterceptor - STEP DONE: clickLoginButton
11:15:55.318 [Forwarding getPageSource on session fb97dd5cbfd8ecd90cf9bd62df4aa787 to remote] DEBUG org.asynchttpclient.netty.request.NettyRequestSender - Using pooled Channel '[id: 0x1e3fad18, L:/127.0.0.1:50410 - R:localhost/127.0.0.1:11052]' for 'POST' to 'http://localhost:11052/session/fb97dd5cbfd8ecd90cf9bd62df4aa787/execute/sync'
11:15:55.318 [Forwarding getPageSource on session fb97dd5cbfd8ecd90cf9bd62df4aa787 to remote] DEBUG org.asynchttpclient.netty.request.NettyRequestSender - Using open Channel [id: 0x1e3fad18, L:/127.0.0.1:50410 - R:localhost/127.0.0.1:11052] for POST '/session/fb97dd5cbfd8ecd90cf9bd62df4aa787/execute/sync'
11:15:55.331 [AsyncHttpClient-1-8] DEBUG org.asynchttpclient.netty.handler.HttpHandler - 

Request DefaultHttpRequest(decodeResult: success, version: HTTP/1.1)
POST /session/fb97dd5cbfd8ecd90cf9bd62df4aa787/execute/sync HTTP/1.1
User-Agent: selenium/4.8.1 (java windows)
Content-Length: 176
Content-Type: application/json; charset=utf-8
host: localhost:11052
accept: */*

Response DefaultHttpResponse(decodeResult: success, version: HTTP/1.1)
HTTP/1.1 200 OK
Content-Length: 96996
Content-Type: application/json; charset=utf-8
cache-control: no-cache

11:15:55.332 [AsyncHttpClient-1-8] DEBUG org.asynchttpclient.netty.channel.ChannelManager - Adding key: http://localhost:11052 for channel [id: 0x1e3fad18, L:/127.0.0.1:50410 - R:localhost/127.0.0.1:11052]
11:15:55.341 [Forwarding getCurrentUrl on session fb97dd5cbfd8ecd90cf9bd62df4aa787 to remote] DEBUG org.asynchttpclient.netty.request.NettyRequestSender - Using pooled Channel '[id: 0x1e3fad18, L:/127.0.0.1:50410 - R:localhost/127.0.0.1:11052]' for 'GET' to 'http://localhost:11052/session/fb97dd5cbfd8ecd90cf9bd62df4aa787/url'
11:15:55.341 [Forwarding getCurrentUrl on session fb97dd5cbfd8ecd90cf9bd62df4aa787 to remote] DEBUG org.asynchttpclient.netty.request.NettyRequestSender - Using open Channel [id: 0x1e3fad18, L:/127.0.0.1:50410 - R:localhost/127.0.0.1:11052] for GET '/session/fb97dd5cbfd8ecd90cf9bd62df4aa787/url'
11:15:55.346 [AsyncHttpClient-1-8] DEBUG org.asynchttpclient.netty.handler.HttpHandler - 

Request DefaultFullHttpRequest(decodeResult: success, version: HTTP/1.1, content: EmptyByteBufBE)
GET /session/fb97dd5cbfd8ecd90cf9bd62df4aa787/url HTTP/1.1
User-Agent: selenium/4.8.1 (java windows)
Cache-Control: no-cache
Content-Type: application/json; charset=utf-8
host: localhost:11052
accept: */*

Response DefaultHttpResponse(decodeResult: success, version: HTTP/1.1)
HTTP/1.1 200 OK
Content-Length: 42
Content-Type: application/json; charset=utf-8
cache-control: no-cache

11:15:55.346 [AsyncHttpClient-1-8] DEBUG org.asynchttpclient.netty.channel.ChannelManager - Adding key: http://localhost:11052 for channel [id: 0x1e3fad18, L:/127.0.0.1:50410 - R:localhost/127.0.0.1:11052]
11:15:55.351 [main] DEBUG net.thucydides.core.steps.StepInterceptor - STARTING STEP: PaymentMethodSteps.onTheIsiPulsaPage - inputEmail
11:15:55.355 [Forwarding findElement on session fb97dd5cbfd8ecd90cf9bd62df4aa787 to remote] DEBUG org.asynchttpclient.netty.request.NettyRequestSender - Using pooled Channel '[id: 0x1e3fad18, L:/127.0.0.1:50410 - R:localhost/127.0.0.1:11052]' for 'POST' to 'http://localhost:11052/session/fb97dd5cbfd8ecd90cf9bd62df4aa787/element'
11:15:55.355 [Forwarding findElement on session fb97dd5cbfd8ecd90cf9bd62df4aa787 to remote] DEBUG org.asynchttpclient.netty.request.NettyRequestSender - Using open Channel [id: 0x1e3fad18, L:/127.0.0.1:50410 - R:localhost/127.0.0.1:11052] for POST '/session/fb97dd5cbfd8ecd90cf9bd62df4aa787/element'
11:15:55.372 [AsyncHttpClient-1-8] DEBUG org.asynchttpclient.netty.handler.HttpHandler - 

Request DefaultHttpRequest(decodeResult: success, version: HTTP/1.1)
POST /session/fb97dd5cbfd8ecd90cf9bd62df4aa787/element HTTP/1.1
User-Agent: selenium/4.8.1 (java windows)
Content-Length: 50
Content-Type: application/json; charset=utf-8
host: localhost:11052
accept: */*

Response DefaultHttpResponse(decodeResult: success, version: HTTP/1.1)
HTTP/1.1 200 OK
Content-Length: 88
Content-Type: application/json; charset=utf-8
cache-control: no-cache

11:15:55.372 [AsyncHttpClient-1-8] DEBUG org.asynchttpclient.netty.channel.ChannelManager - Adding key: http://localhost:11052 for channel [id: 0x1e3fad18, L:/127.0.0.1:50410 - R:localhost/127.0.0.1:11052]
11:15:55.374 [Forwarding clearElement on session fb97dd5cbfd8ecd90cf9bd62df4aa787 to remote] DEBUG org.asynchttpclient.netty.request.NettyRequestSender - Using pooled Channel '[id: 0x1e3fad18, L:/127.0.0.1:50410 - R:localhost/127.0.0.1:11052]' for 'POST' to 'http://localhost:11052/session/fb97dd5cbfd8ecd90cf9bd62df4aa787/element/3fe91ec1-b857-4f10-ac02-01ebdc6deb5d/clear'
11:15:55.374 [Forwarding clearElement on session fb97dd5cbfd8ecd90cf9bd62df4aa787 to remote] DEBUG org.asynchttpclient.netty.request.NettyRequestSender - Using open Channel [id: 0x1e3fad18, L:/127.0.0.1:50410 - R:localhost/127.0.0.1:11052] for POST '/session/fb97dd5cbfd8ecd90cf9bd62df4aa787/element/3fe91ec1-b857-4f10-ac02-01ebdc6deb5d/clear'
11:15:55.418 [AsyncHttpClient-1-8] DEBUG org.asynchttpclient.netty.handler.HttpHandler - 

Request DefaultHttpRequest(decodeResult: success, version: HTTP/1.1)
POST /session/fb97dd5cbfd8ecd90cf9bd62df4aa787/element/3fe91ec1-b857-4f10-ac02-01ebdc6deb5d/clear HTTP/1.1
User-Agent: selenium/4.8.1 (java windows)
Content-Length: 50
Content-Type: application/json; charset=utf-8
host: localhost:11052
accept: */*

Response DefaultHttpResponse(decodeResult: success, version: HTTP/1.1)
HTTP/1.1 200 OK
Content-Length: 14
Content-Type: application/json; charset=utf-8
cache-control: no-cache

11:15:55.418 [AsyncHttpClient-1-8] DEBUG org.asynchttpclient.netty.channel.ChannelManager - Adding key: http://localhost:11052 for channel [id: 0x1e3fad18, L:/127.0.0.1:50410 - R:localhost/127.0.0.1:11052]
11:15:55.420 [Forwarding sendKeysToElement on session fb97dd5cbfd8ecd90cf9bd62df4aa787 to remote] DEBUG org.asynchttpclient.netty.request.NettyRequestSender - Using pooled Channel '[id: 0x1e3fad18, L:/127.0.0.1:50410 - R:localhost/127.0.0.1:11052]' for 'POST' to 'http://localhost:11052/session/fb97dd5cbfd8ecd90cf9bd62df4aa787/element/3fe91ec1-b857-4f10-ac02-01ebdc6deb5d/value'
11:15:55.420 [Forwarding sendKeysToElement on session fb97dd5cbfd8ecd90cf9bd62df4aa787 to remote] DEBUG org.asynchttpclient.netty.request.NettyRequestSender - Using open Channel [id: 0x1e3fad18, L:/127.0.0.1:50410 - R:localhost/127.0.0.1:11052] for POST '/session/fb97dd5cbfd8ecd90cf9bd62df4aa787/element/3fe91ec1-b857-4f10-ac02-01ebdc6deb5d/value'
11:15:55.671 [AsyncHttpClient-1-8] DEBUG org.asynchttpclient.netty.handler.HttpHandler - 

Request DefaultHttpRequest(decodeResult: success, version: HTTP/1.1)
POST /session/fb97dd5cbfd8ecd90cf9bd62df4aa787/element/3fe91ec1-b857-4f10-ac02-01ebdc6deb5d/value HTTP/1.1
User-Agent: selenium/4.8.1 (java windows)
Content-Length: 331
Content-Type: application/json; charset=utf-8
host: localhost:11052
accept: */*

Response DefaultHttpResponse(decodeResult: success, version: HTTP/1.1)
HTTP/1.1 200 OK
Content-Length: 14
Content-Type: application/json; charset=utf-8
cache-control: no-cache

11:15:55.671 [AsyncHttpClient-1-8] DEBUG org.asynchttpclient.netty.channel.ChannelManager - Adding key: http://localhost:11052 for channel [id: 0x1e3fad18, L:/127.0.0.1:50410 - R:localhost/127.0.0.1:11052]
11:15:55.681 [Forwarding getAlertText on session fb97dd5cbfd8ecd90cf9bd62df4aa787 to remote] DEBUG org.asynchttpclient.netty.request.NettyRequestSender - Using pooled Channel '[id: 0x1e3fad18, L:/127.0.0.1:50410 - R:localhost/127.0.0.1:11052]' for 'GET' to 'http://localhost:11052/session/fb97dd5cbfd8ecd90cf9bd62df4aa787/alert/text'
11:15:55.682 [Forwarding getAlertText on session fb97dd5cbfd8ecd90cf9bd62df4aa787 to remote] DEBUG org.asynchttpclient.netty.request.NettyRequestSender - Using open Channel [id: 0x1e3fad18, L:/127.0.0.1:50410 - R:localhost/127.0.0.1:11052] for GET '/session/fb97dd5cbfd8ecd90cf9bd62df4aa787/alert/text'
11:15:55.683 [AsyncHttpClient-1-8] DEBUG org.asynchttpclient.netty.handler.HttpHandler - 

Request DefaultFullHttpRequest(decodeResult: success, version: HTTP/1.1, content: EmptyByteBufBE)
GET /session/fb97dd5cbfd8ecd90cf9bd62df4aa787/alert/text HTTP/1.1
User-Agent: selenium/4.8.1 (java windows)
Cache-Control: no-cache
Content-Type: application/json; charset=utf-8
host: localhost:11052
accept: */*

Response DefaultHttpResponse(decodeResult: success, version: HTTP/1.1)
HTTP/1.1 404 Not Found
Content-Length: 836
Content-Type: application/json; charset=utf-8
cache-control: no-cache

11:15:55.684 [AsyncHttpClient-1-8] DEBUG org.asynchttpclient.netty.channel.ChannelManager - Adding key: http://localhost:11052 for channel [id: 0x1e3fad18, L:/127.0.0.1:50410 - R:localhost/127.0.0.1:11052]
11:15:55.685 [Forwarding getCurrentUrl on session fb97dd5cbfd8ecd90cf9bd62df4aa787 to remote] DEBUG org.asynchttpclient.netty.request.NettyRequestSender - Using pooled Channel '[id: 0x1e3fad18, L:/127.0.0.1:50410 - R:localhost/127.0.0.1:11052]' for 'GET' to 'http://localhost:11052/session/fb97dd5cbfd8ecd90cf9bd62df4aa787/url'
11:15:55.685 [Forwarding getCurrentUrl on session fb97dd5cbfd8ecd90cf9bd62df4aa787 to remote] DEBUG org.asynchttpclient.netty.request.NettyRequestSender - Using open Channel [id: 0x1e3fad18, L:/127.0.0.1:50410 - R:localhost/127.0.0.1:11052] for GET '/session/fb97dd5cbfd8ecd90cf9bd62df4aa787/url'
11:15:55.689 [AsyncHttpClient-1-8] DEBUG org.asynchttpclient.netty.handler.HttpHandler - 

Request DefaultFullHttpRequest(decodeResult: success, version: HTTP/1.1, content: EmptyByteBufBE)
GET /session/fb97dd5cbfd8ecd90cf9bd62df4aa787/url HTTP/1.1
User-Agent: selenium/4.8.1 (java windows)
Cache-Control: no-cache
Content-Type: application/json; charset=utf-8
host: localhost:11052
accept: */*

Response DefaultHttpResponse(decodeResult: success, version: HTTP/1.1)
HTTP/1.1 200 OK
Content-Length: 42
Content-Type: application/json; charset=utf-8
cache-control: no-cache

11:15:55.689 [AsyncHttpClient-1-8] DEBUG org.asynchttpclient.netty.channel.ChannelManager - Adding key: http://localhost:11052 for channel [id: 0x1e3fad18, L:/127.0.0.1:50410 - R:localhost/127.0.0.1:11052]
11:15:55.690 [Forwarding screenshot on session fb97dd5cbfd8ecd90cf9bd62df4aa787 to remote] DEBUG org.asynchttpclient.netty.request.NettyRequestSender - Using pooled Channel '[id: 0x1e3fad18, L:/127.0.0.1:50410 - R:localhost/127.0.0.1:11052]' for 'GET' to 'http://localhost:11052/session/fb97dd5cbfd8ecd90cf9bd62df4aa787/screenshot'
11:15:55.691 [Forwarding screenshot on session fb97dd5cbfd8ecd90cf9bd62df4aa787 to remote] DEBUG org.asynchttpclient.netty.request.NettyRequestSender - Using open Channel [id: 0x1e3fad18, L:/127.0.0.1:50410 - R:localhost/127.0.0.1:11052] for GET '/session/fb97dd5cbfd8ecd90cf9bd62df4aa787/screenshot'
11:15:55.898 [AsyncHttpClient-1-8] DEBUG org.asynchttpclient.netty.handler.HttpHandler - 

Request DefaultFullHttpRequest(decodeResult: success, version: HTTP/1.1, content: EmptyByteBufBE)
GET /session/fb97dd5cbfd8ecd90cf9bd62df4aa787/screenshot HTTP/1.1
User-Agent: selenium/4.8.1 (java windows)
Cache-Control: no-cache
Content-Type: application/json; charset=utf-8
host: localhost:11052
accept: */*

Response DefaultHttpResponse(decodeResult: success, version: HTTP/1.1)
HTTP/1.1 200 OK
Content-Length: 282196
Content-Type: application/json; charset=utf-8
cache-control: no-cache

11:15:55.899 [AsyncHttpClient-1-8] DEBUG org.asynchttpclient.netty.channel.ChannelManager - Adding key: http://localhost:11052 for channel [id: 0x1e3fad18, L:/127.0.0.1:50410 - R:localhost/127.0.0.1:11052]
11:15:55.907 [main] DEBUG net.serenitybdd.core.photography.Darkroom - Send negative for processing for target\site\serenity\788c3ff06fd0a63ef3cbff08f55a8beb60714463afa97bfaa04b45557f14892b.png
11:15:55.907 [main] DEBUG net.thucydides.core.steps.StepInterceptor - STEP DONE: inputEmail
11:15:55.908 [Darkroom Processing Line] DEBUG net.serenitybdd.core.photography.DarkroomProcessingLine - Processing screenshot image in /var/screenshots/screenshot-13315630453424072965
11:15:55.908 [Darkroom Processing Line] DEBUG net.serenitybdd.core.photography.DarkroomProcessingLine - Saving screenshot to target\site\serenity\788c3ff06fd0a63ef3cbff08f55a8beb60714463afa97bfaa04b45557f14892b.png
11:15:55.916 [Forwarding getPageSource on session fb97dd5cbfd8ecd90cf9bd62df4aa787 to remote] DEBUG org.asynchttpclient.netty.request.NettyRequestSender - Using pooled Channel '[id: 0x1e3fad18, L:/127.0.0.1:50410 - R:localhost/127.0.0.1:11052]' for 'POST' to 'http://localhost:11052/session/fb97dd5cbfd8ecd90cf9bd62df4aa787/execute/sync'
11:15:55.917 [Forwarding getPageSource on session fb97dd5cbfd8ecd90cf9bd62df4aa787 to remote] DEBUG org.asynchttpclient.netty.request.NettyRequestSender - Using open Channel [id: 0x1e3fad18, L:/127.0.0.1:50410 - R:localhost/127.0.0.1:11052] for POST '/session/fb97dd5cbfd8ecd90cf9bd62df4aa787/execute/sync'
11:15:55.930 [AsyncHttpClient-1-8] DEBUG org.asynchttpclient.netty.handler.HttpHandler - 

Request DefaultHttpRequest(decodeResult: success, version: HTTP/1.1)
POST /session/fb97dd5cbfd8ecd90cf9bd62df4aa787/execute/sync HTTP/1.1
User-Agent: selenium/4.8.1 (java windows)
Content-Length: 176
Content-Type: application/json; charset=utf-8
host: localhost:11052
accept: */*

Response DefaultHttpResponse(decodeResult: success, version: HTTP/1.1)
HTTP/1.1 200 OK
Content-Length: 97045
Content-Type: application/json; charset=utf-8
cache-control: no-cache

11:15:55.930 [AsyncHttpClient-1-8] DEBUG org.asynchttpclient.netty.channel.ChannelManager - Adding key: http://localhost:11052 for channel [id: 0x1e3fad18, L:/127.0.0.1:50410 - R:localhost/127.0.0.1:11052]
11:15:55.936 [Forwarding getCurrentUrl on session fb97dd5cbfd8ecd90cf9bd62df4aa787 to remote] DEBUG org.asynchttpclient.netty.request.NettyRequestSender - Using pooled Channel '[id: 0x1e3fad18, L:/127.0.0.1:50410 - R:localhost/127.0.0.1:11052]' for 'GET' to 'http://localhost:11052/session/fb97dd5cbfd8ecd90cf9bd62df4aa787/url'
11:15:55.936 [Forwarding getCurrentUrl on session fb97dd5cbfd8ecd90cf9bd62df4aa787 to remote] DEBUG org.asynchttpclient.netty.request.NettyRequestSender - Using open Channel [id: 0x1e3fad18, L:/127.0.0.1:50410 - R:localhost/127.0.0.1:11052] for GET '/session/fb97dd5cbfd8ecd90cf9bd62df4aa787/url'
11:15:55.942 [AsyncHttpClient-1-8] DEBUG org.asynchttpclient.netty.handler.HttpHandler - 

Request DefaultFullHttpRequest(decodeResult: success, version: HTTP/1.1, content: EmptyByteBufBE)
GET /session/fb97dd5cbfd8ecd90cf9bd62df4aa787/url HTTP/1.1
User-Agent: selenium/4.8.1 (java windows)
Cache-Control: no-cache
Content-Type: application/json; charset=utf-8
host: localhost:11052
accept: */*

Response DefaultHttpResponse(decodeResult: success, version: HTTP/1.1)
HTTP/1.1 200 OK
Content-Length: 42
Content-Type: application/json; charset=utf-8
cache-control: no-cache

11:15:55.942 [AsyncHttpClient-1-8] DEBUG org.asynchttpclient.netty.channel.ChannelManager - Adding key: http://localhost:11052 for channel [id: 0x1e3fad18, L:/127.0.0.1:50410 - R:localhost/127.0.0.1:11052]
11:15:55.944 [main] DEBUG net.thucydides.core.steps.StepInterceptor - STARTING STEP: PaymentMethodSteps.onTheIsiPulsaPage - inputPassword
11:15:55.947 [Forwarding findElement on session fb97dd5cbfd8ecd90cf9bd62df4aa787 to remote] DEBUG org.asynchttpclient.netty.request.NettyRequestSender - Using pooled Channel '[id: 0x1e3fad18, L:/127.0.0.1:50410 - R:localhost/127.0.0.1:11052]' for 'POST' to 'http://localhost:11052/session/fb97dd5cbfd8ecd90cf9bd62df4aa787/element'
11:15:55.947 [Forwarding findElement on session fb97dd5cbfd8ecd90cf9bd62df4aa787 to remote] DEBUG org.asynchttpclient.netty.request.NettyRequestSender - Using open Channel [id: 0x1e3fad18, L:/127.0.0.1:50410 - R:localhost/127.0.0.1:11052] for POST '/session/fb97dd5cbfd8ecd90cf9bd62df4aa787/element'
11:15:55.960 [AsyncHttpClient-1-8] DEBUG org.asynchttpclient.netty.handler.HttpHandler - 

Request DefaultHttpRequest(decodeResult: success, version: HTTP/1.1)
POST /session/fb97dd5cbfd8ecd90cf9bd62df4aa787/element HTTP/1.1
User-Agent: selenium/4.8.1 (java windows)
Content-Length: 53
Content-Type: application/json; charset=utf-8
host: localhost:11052
accept: */*

Response DefaultHttpResponse(decodeResult: success, version: HTTP/1.1)
HTTP/1.1 200 OK
Content-Length: 88
Content-Type: application/json; charset=utf-8
cache-control: no-cache

11:15:55.960 [AsyncHttpClient-1-8] DEBUG org.asynchttpclient.netty.channel.ChannelManager - Adding key: http://localhost:11052 for channel [id: 0x1e3fad18, L:/127.0.0.1:50410 - R:localhost/127.0.0.1:11052]
11:15:55.961 [Forwarding clearElement on session fb97dd5cbfd8ecd90cf9bd62df4aa787 to remote] DEBUG org.asynchttpclient.netty.request.NettyRequestSender - Using pooled Channel '[id: 0x1e3fad18, L:/127.0.0.1:50410 - R:localhost/127.0.0.1:11052]' for 'POST' to 'http://localhost:11052/session/fb97dd5cbfd8ecd90cf9bd62df4aa787/element/8d56a0ba-57b8-434b-bb51-906ce1856c8e/clear'
11:15:55.961 [Forwarding clearElement on session fb97dd5cbfd8ecd90cf9bd62df4aa787 to remote] DEBUG org.asynchttpclient.netty.request.NettyRequestSender - Using open Channel [id: 0x1e3fad18, L:/127.0.0.1:50410 - R:localhost/127.0.0.1:11052] for POST '/session/fb97dd5cbfd8ecd90cf9bd62df4aa787/element/8d56a0ba-57b8-434b-bb51-906ce1856c8e/clear'
11:15:55.996 [AsyncHttpClient-1-8] DEBUG org.asynchttpclient.netty.handler.HttpHandler - 

Request DefaultHttpRequest(decodeResult: success, version: HTTP/1.1)
POST /session/fb97dd5cbfd8ecd90cf9bd62df4aa787/element/8d56a0ba-57b8-434b-bb51-906ce1856c8e/clear HTTP/1.1
User-Agent: selenium/4.8.1 (java windows)
Content-Length: 50
Content-Type: application/json; charset=utf-8
host: localhost:11052
accept: */*

Response DefaultHttpResponse(decodeResult: success, version: HTTP/1.1)
HTTP/1.1 200 OK
Content-Length: 14
Content-Type: application/json; charset=utf-8
cache-control: no-cache

11:15:55.996 [AsyncHttpClient-1-8] DEBUG org.asynchttpclient.netty.channel.ChannelManager - Adding key: http://localhost:11052 for channel [id: 0x1e3fad18, L:/127.0.0.1:50410 - R:localhost/127.0.0.1:11052]
11:15:55.998 [Forwarding sendKeysToElement on session fb97dd5cbfd8ecd90cf9bd62df4aa787 to remote] DEBUG org.asynchttpclient.netty.request.NettyRequestSender - Using pooled Channel '[id: 0x1e3fad18, L:/127.0.0.1:50410 - R:localhost/127.0.0.1:11052]' for 'POST' to 'http://localhost:11052/session/fb97dd5cbfd8ecd90cf9bd62df4aa787/element/8d56a0ba-57b8-434b-bb51-906ce1856c8e/value'
11:15:55.998 [Forwarding sendKeysToElement on session fb97dd5cbfd8ecd90cf9bd62df4aa787 to remote] DEBUG org.asynchttpclient.netty.request.NettyRequestSender - Using open Channel [id: 0x1e3fad18, L:/127.0.0.1:50410 - R:localhost/127.0.0.1:11052] for POST '/session/fb97dd5cbfd8ecd90cf9bd62df4aa787/element/8d56a0ba-57b8-434b-bb51-906ce1856c8e/value'
11:15:56.003 [AsyncHttpClient-1-1] DEBUG org.asynchttpclient.netty.channel.DefaultChannelPool - Entry count for : http://localhost:50411 : 1
11:15:56.241 [AsyncHttpClient-1-8] DEBUG org.asynchttpclient.netty.handler.HttpHandler - 

Request DefaultHttpRequest(decodeResult: success, version: HTTP/1.1)
POST /session/fb97dd5cbfd8ecd90cf9bd62df4aa787/element/8d56a0ba-57b8-434b-bb51-906ce1856c8e/value HTTP/1.1
User-Agent: selenium/4.8.1 (java windows)
Content-Length: 241
Content-Type: application/json; charset=utf-8
host: localhost:11052
accept: */*

Response DefaultHttpResponse(decodeResult: success, version: HTTP/1.1)
HTTP/1.1 200 OK
Content-Length: 14
Content-Type: application/json; charset=utf-8
cache-control: no-cache

11:15:56.241 [AsyncHttpClient-1-8] DEBUG org.asynchttpclient.netty.channel.ChannelManager - Adding key: http://localhost:11052 for channel [id: 0x1e3fad18, L:/127.0.0.1:50410 - R:localhost/127.0.0.1:11052]
11:15:56.250 [Forwarding getAlertText on session fb97dd5cbfd8ecd90cf9bd62df4aa787 to remote] DEBUG org.asynchttpclient.netty.request.NettyRequestSender - Using pooled Channel '[id: 0x1e3fad18, L:/127.0.0.1:50410 - R:localhost/127.0.0.1:11052]' for 'GET' to 'http://localhost:11052/session/fb97dd5cbfd8ecd90cf9bd62df4aa787/alert/text'
11:15:56.251 [Forwarding getAlertText on session fb97dd5cbfd8ecd90cf9bd62df4aa787 to remote] DEBUG org.asynchttpclient.netty.request.NettyRequestSender - Using open Channel [id: 0x1e3fad18, L:/127.0.0.1:50410 - R:localhost/127.0.0.1:11052] for GET '/session/fb97dd5cbfd8ecd90cf9bd62df4aa787/alert/text'
11:15:56.253 [AsyncHttpClient-1-8] DEBUG org.asynchttpclient.netty.handler.HttpHandler - 

Request DefaultFullHttpRequest(decodeResult: success, version: HTTP/1.1, content: EmptyByteBufBE)
GET /session/fb97dd5cbfd8ecd90cf9bd62df4aa787/alert/text HTTP/1.1
User-Agent: selenium/4.8.1 (java windows)
Cache-Control: no-cache
Content-Type: application/json; charset=utf-8
host: localhost:11052
accept: */*

Response DefaultHttpResponse(decodeResult: success, version: HTTP/1.1)
HTTP/1.1 404 Not Found
Content-Length: 836
Content-Type: application/json; charset=utf-8
cache-control: no-cache

11:15:56.253 [AsyncHttpClient-1-8] DEBUG org.asynchttpclient.netty.channel.ChannelManager - Adding key: http://localhost:11052 for channel [id: 0x1e3fad18, L:/127.0.0.1:50410 - R:localhost/127.0.0.1:11052]
11:15:56.255 [Forwarding getCurrentUrl on session fb97dd5cbfd8ecd90cf9bd62df4aa787 to remote] DEBUG org.asynchttpclient.netty.request.NettyRequestSender - Using pooled Channel '[id: 0x1e3fad18, L:/127.0.0.1:50410 - R:localhost/127.0.0.1:11052]' for 'GET' to 'http://localhost:11052/session/fb97dd5cbfd8ecd90cf9bd62df4aa787/url'
11:15:56.255 [Forwarding getCurrentUrl on session fb97dd5cbfd8ecd90cf9bd62df4aa787 to remote] DEBUG org.asynchttpclient.netty.request.NettyRequestSender - Using open Channel [id: 0x1e3fad18, L:/127.0.0.1:50410 - R:localhost/127.0.0.1:11052] for GET '/session/fb97dd5cbfd8ecd90cf9bd62df4aa787/url'
11:15:56.262 [AsyncHttpClient-1-8] DEBUG org.asynchttpclient.netty.handler.HttpHandler - 

Request DefaultFullHttpRequest(decodeResult: success, version: HTTP/1.1, content: EmptyByteBufBE)
GET /session/fb97dd5cbfd8ecd90cf9bd62df4aa787/url HTTP/1.1
User-Agent: selenium/4.8.1 (java windows)
Cache-Control: no-cache
Content-Type: application/json; charset=utf-8
host: localhost:11052
accept: */*

Response DefaultHttpResponse(decodeResult: success, version: HTTP/1.1)
HTTP/1.1 200 OK
Content-Length: 42
Content-Type: application/json; charset=utf-8
cache-control: no-cache

11:15:56.262 [AsyncHttpClient-1-8] DEBUG org.asynchttpclient.netty.channel.ChannelManager - Adding key: http://localhost:11052 for channel [id: 0x1e3fad18, L:/127.0.0.1:50410 - R:localhost/127.0.0.1:11052]
11:15:56.264 [Forwarding screenshot on session fb97dd5cbfd8ecd90cf9bd62df4aa787 to remote] DEBUG org.asynchttpclient.netty.request.NettyRequestSender - Using pooled Channel '[id: 0x1e3fad18, L:/127.0.0.1:50410 - R:localhost/127.0.0.1:11052]' for 'GET' to 'http://localhost:11052/session/fb97dd5cbfd8ecd90cf9bd62df4aa787/screenshot'
11:15:56.264 [Forwarding screenshot on session fb97dd5cbfd8ecd90cf9bd62df4aa787 to remote] DEBUG org.asynchttpclient.netty.request.NettyRequestSender - Using open Channel [id: 0x1e3fad18, L:/127.0.0.1:50410 - R:localhost/127.0.0.1:11052] for GET '/session/fb97dd5cbfd8ecd90cf9bd62df4aa787/screenshot'
11:15:56.574 [AsyncHttpClient-1-8] DEBUG org.asynchttpclient.netty.handler.HttpHandler - 

Request DefaultFullHttpRequest(decodeResult: success, version: HTTP/1.1, content: EmptyByteBufBE)
GET /session/fb97dd5cbfd8ecd90cf9bd62df4aa787/screenshot HTTP/1.1
User-Agent: selenium/4.8.1 (java windows)
Cache-Control: no-cache
Content-Type: application/json; charset=utf-8
host: localhost:11052
accept: */*

Response DefaultHttpResponse(decodeResult: success, version: HTTP/1.1)
HTTP/1.1 200 OK
Content-Length: 282600
Content-Type: application/json; charset=utf-8
cache-control: no-cache

11:15:56.575 [AsyncHttpClient-1-8] DEBUG org.asynchttpclient.netty.channel.ChannelManager - Adding key: http://localhost:11052 for channel [id: 0x1e3fad18, L:/127.0.0.1:50410 - R:localhost/127.0.0.1:11052]
11:15:56.581 [main] DEBUG net.serenitybdd.core.photography.Darkroom - Send negative for processing for target\site\serenity\6c16da85202dde51792c295bb7083bc3aeec869a7a531a1b76feef4a1b8103fb.png
11:15:56.581 [main] DEBUG net.thucydides.core.steps.StepInterceptor - STEP DONE: inputPassword
11:15:56.581 [Darkroom Processing Line] DEBUG net.serenitybdd.core.photography.DarkroomProcessingLine - Processing screenshot image in /var/screenshots/screenshot-9843800215986705418
11:15:56.581 [Darkroom Processing Line] DEBUG net.serenitybdd.core.photography.DarkroomProcessingLine - Saving screenshot to target\site\serenity\6c16da85202dde51792c295bb7083bc3aeec869a7a531a1b76feef4a1b8103fb.png
11:15:56.586 [Forwarding getPageSource on session fb97dd5cbfd8ecd90cf9bd62df4aa787 to remote] DEBUG org.asynchttpclient.netty.request.NettyRequestSender - Using pooled Channel '[id: 0x1e3fad18, L:/127.0.0.1:50410 - R:localhost/127.0.0.1:11052]' for 'POST' to 'http://localhost:11052/session/fb97dd5cbfd8ecd90cf9bd62df4aa787/execute/sync'
11:15:56.586 [Forwarding getPageSource on session fb97dd5cbfd8ecd90cf9bd62df4aa787 to remote] DEBUG org.asynchttpclient.netty.request.NettyRequestSender - Using open Channel [id: 0x1e3fad18, L:/127.0.0.1:50410 - R:localhost/127.0.0.1:11052] for POST '/session/fb97dd5cbfd8ecd90cf9bd62df4aa787/execute/sync'
11:15:56.597 [AsyncHttpClient-1-8] DEBUG org.asynchttpclient.netty.handler.HttpHandler - 

Request DefaultHttpRequest(decodeResult: success, version: HTTP/1.1)
POST /session/fb97dd5cbfd8ecd90cf9bd62df4aa787/execute/sync HTTP/1.1
User-Agent: selenium/4.8.1 (java windows)
Content-Length: 176
Content-Type: application/json; charset=utf-8
host: localhost:11052
accept: */*

Response DefaultHttpResponse(decodeResult: success, version: HTTP/1.1)
HTTP/1.1 200 OK
Content-Length: 97066
Content-Type: application/json; charset=utf-8
cache-control: no-cache

11:15:56.597 [AsyncHttpClient-1-8] DEBUG org.asynchttpclient.netty.channel.ChannelManager - Adding key: http://localhost:11052 for channel [id: 0x1e3fad18, L:/127.0.0.1:50410 - R:localhost/127.0.0.1:11052]
11:15:56.601 [Forwarding getCurrentUrl on session fb97dd5cbfd8ecd90cf9bd62df4aa787 to remote] DEBUG org.asynchttpclient.netty.request.NettyRequestSender - Using pooled Channel '[id: 0x1e3fad18, L:/127.0.0.1:50410 - R:localhost/127.0.0.1:11052]' for 'GET' to 'http://localhost:11052/session/fb97dd5cbfd8ecd90cf9bd62df4aa787/url'
11:15:56.601 [Forwarding getCurrentUrl on session fb97dd5cbfd8ecd90cf9bd62df4aa787 to remote] DEBUG org.asynchttpclient.netty.request.NettyRequestSender - Using open Channel [id: 0x1e3fad18, L:/127.0.0.1:50410 - R:localhost/127.0.0.1:11052] for GET '/session/fb97dd5cbfd8ecd90cf9bd62df4aa787/url'
11:15:56.605 [AsyncHttpClient-1-8] DEBUG org.asynchttpclient.netty.handler.HttpHandler - 

Request DefaultFullHttpRequest(decodeResult: success, version: HTTP/1.1, content: EmptyByteBufBE)
GET /session/fb97dd5cbfd8ecd90cf9bd62df4aa787/url HTTP/1.1
User-Agent: selenium/4.8.1 (java windows)
Cache-Control: no-cache
Content-Type: application/json; charset=utf-8
host: localhost:11052
accept: */*

Response DefaultHttpResponse(decodeResult: success, version: HTTP/1.1)
HTTP/1.1 200 OK
Content-Length: 42
Content-Type: application/json; charset=utf-8
cache-control: no-cache

11:15:56.606 [AsyncHttpClient-1-8] DEBUG org.asynchttpclient.netty.channel.ChannelManager - Adding key: http://localhost:11052 for channel [id: 0x1e3fad18, L:/127.0.0.1:50410 - R:localhost/127.0.0.1:11052]
11:15:56.618 [main] DEBUG net.thucydides.core.steps.StepInterceptor - STARTING STEP: PaymentMethodSteps.onTheIsiPulsaPage - clickSubmitButton
11:15:56.623 [Forwarding findElement on session fb97dd5cbfd8ecd90cf9bd62df4aa787 to remote] DEBUG org.asynchttpclient.netty.request.NettyRequestSender - Using pooled Channel '[id: 0x1e3fad18, L:/127.0.0.1:50410 - R:localhost/127.0.0.1:11052]' for 'POST' to 'http://localhost:11052/session/fb97dd5cbfd8ecd90cf9bd62df4aa787/element'
11:15:56.623 [Forwarding findElement on session fb97dd5cbfd8ecd90cf9bd62df4aa787 to remote] DEBUG org.asynchttpclient.netty.request.NettyRequestSender - Using open Channel [id: 0x1e3fad18, L:/127.0.0.1:50410 - R:localhost/127.0.0.1:11052] for POST '/session/fb97dd5cbfd8ecd90cf9bd62df4aa787/element'
11:15:56.636 [AsyncHttpClient-1-8] DEBUG org.asynchttpclient.netty.handler.HttpHandler - 

Request DefaultHttpRequest(decodeResult: success, version: HTTP/1.1)
POST /session/fb97dd5cbfd8ecd90cf9bd62df4aa787/element HTTP/1.1
User-Agent: selenium/4.8.1 (java windows)
Content-Length: 57
Content-Type: application/json; charset=utf-8
host: localhost:11052
accept: */*

Response DefaultHttpResponse(decodeResult: success, version: HTTP/1.1)
HTTP/1.1 200 OK
Content-Length: 88
Content-Type: application/json; charset=utf-8
cache-control: no-cache

11:15:56.636 [AsyncHttpClient-1-8] DEBUG org.asynchttpclient.netty.channel.ChannelManager - Adding key: http://localhost:11052 for channel [id: 0x1e3fad18, L:/127.0.0.1:50410 - R:localhost/127.0.0.1:11052]
11:15:56.637 [Forwarding getElementTagName on session fb97dd5cbfd8ecd90cf9bd62df4aa787 to remote] DEBUG org.asynchttpclient.netty.request.NettyRequestSender - Using pooled Channel '[id: 0x1e3fad18, L:/127.0.0.1:50410 - R:localhost/127.0.0.1:11052]' for 'GET' to 'http://localhost:11052/session/fb97dd5cbfd8ecd90cf9bd62df4aa787/element/e4e23ad2-48fe-4055-8c60-8b8b3aad98f1/name'
11:15:56.637 [Forwarding getElementTagName on session fb97dd5cbfd8ecd90cf9bd62df4aa787 to remote] DEBUG org.asynchttpclient.netty.request.NettyRequestSender - Using open Channel [id: 0x1e3fad18, L:/127.0.0.1:50410 - R:localhost/127.0.0.1:11052] for GET '/session/fb97dd5cbfd8ecd90cf9bd62df4aa787/element/e4e23ad2-48fe-4055-8c60-8b8b3aad98f1/name'
11:15:56.643 [AsyncHttpClient-1-8] DEBUG org.asynchttpclient.netty.handler.HttpHandler - 

Request DefaultFullHttpRequest(decodeResult: success, version: HTTP/1.1, content: EmptyByteBufBE)
GET /session/fb97dd5cbfd8ecd90cf9bd62df4aa787/element/e4e23ad2-48fe-4055-8c60-8b8b3aad98f1/name HTTP/1.1
User-Agent: selenium/4.8.1 (java windows)
Cache-Control: no-cache
Content-Type: application/json; charset=utf-8
host: localhost:11052
accept: */*

Response DefaultHttpResponse(decodeResult: success, version: HTTP/1.1)
HTTP/1.1 200 OK
Content-Length: 18
Content-Type: application/json; charset=utf-8
cache-control: no-cache

11:15:56.643 [AsyncHttpClient-1-8] DEBUG org.asynchttpclient.netty.channel.ChannelManager - Adding key: http://localhost:11052 for channel [id: 0x1e3fad18, L:/127.0.0.1:50410 - R:localhost/127.0.0.1:11052]
11:15:56.644 [Forwarding getElementTagName on session fb97dd5cbfd8ecd90cf9bd62df4aa787 to remote] DEBUG org.asynchttpclient.netty.request.NettyRequestSender - Using pooled Channel '[id: 0x1e3fad18, L:/127.0.0.1:50410 - R:localhost/127.0.0.1:11052]' for 'GET' to 'http://localhost:11052/session/fb97dd5cbfd8ecd90cf9bd62df4aa787/element/e4e23ad2-48fe-4055-8c60-8b8b3aad98f1/name'
11:15:56.644 [Forwarding getElementTagName on session fb97dd5cbfd8ecd90cf9bd62df4aa787 to remote] DEBUG org.asynchttpclient.netty.request.NettyRequestSender - Using open Channel [id: 0x1e3fad18, L:/127.0.0.1:50410 - R:localhost/127.0.0.1:11052] for GET '/session/fb97dd5cbfd8ecd90cf9bd62df4aa787/element/e4e23ad2-48fe-4055-8c60-8b8b3aad98f1/name'
11:15:56.649 [AsyncHttpClient-1-8] DEBUG org.asynchttpclient.netty.handler.HttpHandler - 

Request DefaultFullHttpRequest(decodeResult: success, version: HTTP/1.1, content: EmptyByteBufBE)
GET /session/fb97dd5cbfd8ecd90cf9bd62df4aa787/element/e4e23ad2-48fe-4055-8c60-8b8b3aad98f1/name HTTP/1.1
User-Agent: selenium/4.8.1 (java windows)
Cache-Control: no-cache
Content-Type: application/json; charset=utf-8
host: localhost:11052
accept: */*

Response DefaultHttpResponse(decodeResult: success, version: HTTP/1.1)
HTTP/1.1 200 OK
Content-Length: 18
Content-Type: application/json; charset=utf-8
cache-control: no-cache

11:15:56.649 [AsyncHttpClient-1-8] DEBUG org.asynchttpclient.netty.channel.ChannelManager - Adding key: http://localhost:11052 for channel [id: 0x1e3fad18, L:/127.0.0.1:50410 - R:localhost/127.0.0.1:11052]
11:15:56.650 [Forwarding isElementEnabled on session fb97dd5cbfd8ecd90cf9bd62df4aa787 to remote] DEBUG org.asynchttpclient.netty.request.NettyRequestSender - Using pooled Channel '[id: 0x1e3fad18, L:/127.0.0.1:50410 - R:localhost/127.0.0.1:11052]' for 'GET' to 'http://localhost:11052/session/fb97dd5cbfd8ecd90cf9bd62df4aa787/element/e4e23ad2-48fe-4055-8c60-8b8b3aad98f1/enabled'
11:15:56.651 [Forwarding isElementEnabled on session fb97dd5cbfd8ecd90cf9bd62df4aa787 to remote] DEBUG org.asynchttpclient.netty.request.NettyRequestSender - Using open Channel [id: 0x1e3fad18, L:/127.0.0.1:50410 - R:localhost/127.0.0.1:11052] for GET '/session/fb97dd5cbfd8ecd90cf9bd62df4aa787/element/e4e23ad2-48fe-4055-8c60-8b8b3aad98f1/enabled'
11:15:56.662 [AsyncHttpClient-1-8] DEBUG org.asynchttpclient.netty.handler.HttpHandler - 

Request DefaultFullHttpRequest(decodeResult: success, version: HTTP/1.1, content: EmptyByteBufBE)
GET /session/fb97dd5cbfd8ecd90cf9bd62df4aa787/element/e4e23ad2-48fe-4055-8c60-8b8b3aad98f1/enabled HTTP/1.1
User-Agent: selenium/4.8.1 (java windows)
Cache-Control: no-cache
Content-Type: application/json; charset=utf-8
host: localhost:11052
accept: */*

Response DefaultHttpResponse(decodeResult: success, version: HTTP/1.1)
HTTP/1.1 200 OK
Content-Length: 14
Content-Type: application/json; charset=utf-8
cache-control: no-cache

11:15:56.662 [AsyncHttpClient-1-8] DEBUG org.asynchttpclient.netty.channel.ChannelManager - Adding key: http://localhost:11052 for channel [id: 0x1e3fad18, L:/127.0.0.1:50410 - R:localhost/127.0.0.1:11052]
11:15:56.663 [Forwarding isElementEnabled on session fb97dd5cbfd8ecd90cf9bd62df4aa787 to remote] DEBUG org.asynchttpclient.netty.request.NettyRequestSender - Using pooled Channel '[id: 0x1e3fad18, L:/127.0.0.1:50410 - R:localhost/127.0.0.1:11052]' for 'GET' to 'http://localhost:11052/session/fb97dd5cbfd8ecd90cf9bd62df4aa787/element/e4e23ad2-48fe-4055-8c60-8b8b3aad98f1/enabled'
11:15:56.663 [Forwarding isElementEnabled on session fb97dd5cbfd8ecd90cf9bd62df4aa787 to remote] DEBUG org.asynchttpclient.netty.request.NettyRequestSender - Using open Channel [id: 0x1e3fad18, L:/127.0.0.1:50410 - R:localhost/127.0.0.1:11052] for GET '/session/fb97dd5cbfd8ecd90cf9bd62df4aa787/element/e4e23ad2-48fe-4055-8c60-8b8b3aad98f1/enabled'
11:15:56.672 [AsyncHttpClient-1-8] DEBUG org.asynchttpclient.netty.handler.HttpHandler - 

Request DefaultFullHttpRequest(decodeResult: success, version: HTTP/1.1, content: EmptyByteBufBE)
GET /session/fb97dd5cbfd8ecd90cf9bd62df4aa787/element/e4e23ad2-48fe-4055-8c60-8b8b3aad98f1/enabled HTTP/1.1
User-Agent: selenium/4.8.1 (java windows)
Cache-Control: no-cache
Content-Type: application/json; charset=utf-8
host: localhost:11052
accept: */*

Response DefaultHttpResponse(decodeResult: success, version: HTTP/1.1)
HTTP/1.1 200 OK
Content-Length: 14
Content-Type: application/json; charset=utf-8
cache-control: no-cache

11:15:56.672 [AsyncHttpClient-1-8] DEBUG org.asynchttpclient.netty.channel.ChannelManager - Adding key: http://localhost:11052 for channel [id: 0x1e3fad18, L:/127.0.0.1:50410 - R:localhost/127.0.0.1:11052]
11:15:56.673 [Forwarding findElement on session fb97dd5cbfd8ecd90cf9bd62df4aa787 to remote] DEBUG org.asynchttpclient.netty.request.NettyRequestSender - Using pooled Channel '[id: 0x1e3fad18, L:/127.0.0.1:50410 - R:localhost/127.0.0.1:11052]' for 'POST' to 'http://localhost:11052/session/fb97dd5cbfd8ecd90cf9bd62df4aa787/element'
11:15:56.673 [Forwarding findElement on session fb97dd5cbfd8ecd90cf9bd62df4aa787 to remote] DEBUG org.asynchttpclient.netty.request.NettyRequestSender - Using open Channel [id: 0x1e3fad18, L:/127.0.0.1:50410 - R:localhost/127.0.0.1:11052] for POST '/session/fb97dd5cbfd8ecd90cf9bd62df4aa787/element'
11:15:56.683 [AsyncHttpClient-1-8] DEBUG org.asynchttpclient.netty.handler.HttpHandler - 

Request DefaultHttpRequest(decodeResult: success, version: HTTP/1.1)
POST /session/fb97dd5cbfd8ecd90cf9bd62df4aa787/element HTTP/1.1
User-Agent: selenium/4.8.1 (java windows)
Content-Length: 57
Content-Type: application/json; charset=utf-8
host: localhost:11052
accept: */*

Response DefaultHttpResponse(decodeResult: success, version: HTTP/1.1)
HTTP/1.1 200 OK
Content-Length: 88
Content-Type: application/json; charset=utf-8
cache-control: no-cache

11:15:56.683 [AsyncHttpClient-1-8] DEBUG org.asynchttpclient.netty.channel.ChannelManager - Adding key: http://localhost:11052 for channel [id: 0x1e3fad18, L:/127.0.0.1:50410 - R:localhost/127.0.0.1:11052]
11:15:56.684 [Forwarding clickElement on session fb97dd5cbfd8ecd90cf9bd62df4aa787 to remote] DEBUG org.asynchttpclient.netty.request.NettyRequestSender - Using pooled Channel '[id: 0x1e3fad18, L:/127.0.0.1:50410 - R:localhost/127.0.0.1:11052]' for 'POST' to 'http://localhost:11052/session/fb97dd5cbfd8ecd90cf9bd62df4aa787/element/e4e23ad2-48fe-4055-8c60-8b8b3aad98f1/click'
11:15:56.684 [Forwarding clickElement on session fb97dd5cbfd8ecd90cf9bd62df4aa787 to remote] DEBUG org.asynchttpclient.netty.request.NettyRequestSender - Using open Channel [id: 0x1e3fad18, L:/127.0.0.1:50410 - R:localhost/127.0.0.1:11052] for POST '/session/fb97dd5cbfd8ecd90cf9bd62df4aa787/element/e4e23ad2-48fe-4055-8c60-8b8b3aad98f1/click'
11:15:56.779 [AsyncHttpClient-1-8] DEBUG org.asynchttpclient.netty.handler.HttpHandler - 

Request DefaultHttpRequest(decodeResult: success, version: HTTP/1.1)
POST /session/fb97dd5cbfd8ecd90cf9bd62df4aa787/element/e4e23ad2-48fe-4055-8c60-8b8b3aad98f1/click HTTP/1.1
User-Agent: selenium/4.8.1 (java windows)
Content-Length: 50
Content-Type: application/json; charset=utf-8
host: localhost:11052
accept: */*

Response DefaultHttpResponse(decodeResult: success, version: HTTP/1.1)
HTTP/1.1 200 OK
Content-Length: 14
Content-Type: application/json; charset=utf-8
cache-control: no-cache

11:15:56.779 [AsyncHttpClient-1-8] DEBUG org.asynchttpclient.netty.channel.ChannelManager - Adding key: http://localhost:11052 for channel [id: 0x1e3fad18, L:/127.0.0.1:50410 - R:localhost/127.0.0.1:11052]
11:15:56.788 [Forwarding getAlertText on session fb97dd5cbfd8ecd90cf9bd62df4aa787 to remote] DEBUG org.asynchttpclient.netty.request.NettyRequestSender - Using pooled Channel '[id: 0x1e3fad18, L:/127.0.0.1:50410 - R:localhost/127.0.0.1:11052]' for 'GET' to 'http://localhost:11052/session/fb97dd5cbfd8ecd90cf9bd62df4aa787/alert/text'
11:15:56.788 [Forwarding getAlertText on session fb97dd5cbfd8ecd90cf9bd62df4aa787 to remote] DEBUG org.asynchttpclient.netty.request.NettyRequestSender - Using open Channel [id: 0x1e3fad18, L:/127.0.0.1:50410 - R:localhost/127.0.0.1:11052] for GET '/session/fb97dd5cbfd8ecd90cf9bd62df4aa787/alert/text'
11:15:56.790 [AsyncHttpClient-1-8] DEBUG org.asynchttpclient.netty.handler.HttpHandler - 

Request DefaultFullHttpRequest(decodeResult: success, version: HTTP/1.1, content: EmptyByteBufBE)
GET /session/fb97dd5cbfd8ecd90cf9bd62df4aa787/alert/text HTTP/1.1
User-Agent: selenium/4.8.1 (java windows)
Cache-Control: no-cache
Content-Type: application/json; charset=utf-8
host: localhost:11052
accept: */*

Response DefaultHttpResponse(decodeResult: success, version: HTTP/1.1)
HTTP/1.1 404 Not Found
Content-Length: 836
Content-Type: application/json; charset=utf-8
cache-control: no-cache

11:15:56.791 [AsyncHttpClient-1-8] DEBUG org.asynchttpclient.netty.channel.ChannelManager - Adding key: http://localhost:11052 for channel [id: 0x1e3fad18, L:/127.0.0.1:50410 - R:localhost/127.0.0.1:11052]
11:15:56.792 [Forwarding getCurrentUrl on session fb97dd5cbfd8ecd90cf9bd62df4aa787 to remote] DEBUG org.asynchttpclient.netty.request.NettyRequestSender - Using pooled Channel '[id: 0x1e3fad18, L:/127.0.0.1:50410 - R:localhost/127.0.0.1:11052]' for 'GET' to 'http://localhost:11052/session/fb97dd5cbfd8ecd90cf9bd62df4aa787/url'
11:15:56.792 [Forwarding getCurrentUrl on session fb97dd5cbfd8ecd90cf9bd62df4aa787 to remote] DEBUG org.asynchttpclient.netty.request.NettyRequestSender - Using open Channel [id: 0x1e3fad18, L:/127.0.0.1:50410 - R:localhost/127.0.0.1:11052] for GET '/session/fb97dd5cbfd8ecd90cf9bd62df4aa787/url'
11:15:56.798 [AsyncHttpClient-1-8] DEBUG org.asynchttpclient.netty.handler.HttpHandler - 

Request DefaultFullHttpRequest(decodeResult: success, version: HTTP/1.1, content: EmptyByteBufBE)
GET /session/fb97dd5cbfd8ecd90cf9bd62df4aa787/url HTTP/1.1
User-Agent: selenium/4.8.1 (java windows)
Cache-Control: no-cache
Content-Type: application/json; charset=utf-8
host: localhost:11052
accept: */*

Response DefaultHttpResponse(decodeResult: success, version: HTTP/1.1)
HTTP/1.1 200 OK
Content-Length: 42
Content-Type: application/json; charset=utf-8
cache-control: no-cache

11:15:56.798 [AsyncHttpClient-1-8] DEBUG org.asynchttpclient.netty.channel.ChannelManager - Adding key: http://localhost:11052 for channel [id: 0x1e3fad18, L:/127.0.0.1:50410 - R:localhost/127.0.0.1:11052]
11:15:56.800 [Forwarding screenshot on session fb97dd5cbfd8ecd90cf9bd62df4aa787 to remote] DEBUG org.asynchttpclient.netty.request.NettyRequestSender - Using pooled Channel '[id: 0x1e3fad18, L:/127.0.0.1:50410 - R:localhost/127.0.0.1:11052]' for 'GET' to 'http://localhost:11052/session/fb97dd5cbfd8ecd90cf9bd62df4aa787/screenshot'
11:15:56.800 [Forwarding screenshot on session fb97dd5cbfd8ecd90cf9bd62df4aa787 to remote] DEBUG org.asynchttpclient.netty.request.NettyRequestSender - Using open Channel [id: 0x1e3fad18, L:/127.0.0.1:50410 - R:localhost/127.0.0.1:11052] for GET '/session/fb97dd5cbfd8ecd90cf9bd62df4aa787/screenshot'
11:15:57.036 [AsyncHttpClient-1-8] DEBUG org.asynchttpclient.netty.handler.HttpHandler - 

Request DefaultFullHttpRequest(decodeResult: success, version: HTTP/1.1, content: EmptyByteBufBE)
GET /session/fb97dd5cbfd8ecd90cf9bd62df4aa787/screenshot HTTP/1.1
User-Agent: selenium/4.8.1 (java windows)
Cache-Control: no-cache
Content-Type: application/json; charset=utf-8
host: localhost:11052
accept: */*

Response DefaultHttpResponse(decodeResult: success, version: HTTP/1.1)
HTTP/1.1 200 OK
Content-Length: 157088
Content-Type: application/json; charset=utf-8
cache-control: no-cache

11:15:57.037 [AsyncHttpClient-1-8] DEBUG org.asynchttpclient.netty.channel.ChannelManager - Adding key: http://localhost:11052 for channel [id: 0x1e3fad18, L:/127.0.0.1:50410 - R:localhost/127.0.0.1:11052]
11:15:57.041 [main] DEBUG net.serenitybdd.core.photography.Darkroom - Send negative for processing for target\site\serenity\515c57fb092dc8096c8a9c51b9f26655b2979f2c6ffdb796531c77cf78549595.png
11:15:57.041 [main] DEBUG net.thucydides.core.steps.StepInterceptor - STEP DONE: clickSubmitButton
11:15:57.041 [Darkroom Processing Line] DEBUG net.serenitybdd.core.photography.DarkroomProcessingLine - Processing screenshot image in /var/screenshots/screenshot-13889328322963958665
  &amp#27;[32mGiven &amp#27;[0m&amp#27;[32mI am on the Isi Pulsa Page&amp#27;[0m                          &amp#27;[90m# starter.stepdefintions.PaymentMethodSteps.onTheIsiPulsaPage()&amp#27;[0m
11:15:57.041 [Darkroom Processing Line] DEBUG net.serenitybdd.core.photography.DarkroomProcessingLine - Saving screenshot to target\site\serenity\515c57fb092dc8096c8a9c51b9f26655b2979f2c6ffdb796531c77cf78549595.png
11:15:57.051 [Forwarding getPageSource on session fb97dd5cbfd8ecd90cf9bd62df4aa787 to remote] DEBUG org.asynchttpclient.netty.request.NettyRequestSender - Using pooled Channel '[id: 0x1e3fad18, L:/127.0.0.1:50410 - R:localhost/127.0.0.1:11052]' for 'POST' to 'http://localhost:11052/session/fb97dd5cbfd8ecd90cf9bd62df4aa787/execute/sync'
11:15:57.051 [Forwarding getPageSource on session fb97dd5cbfd8ecd90cf9bd62df4aa787 to remote] DEBUG org.asynchttpclient.netty.request.NettyRequestSender - Using open Channel [id: 0x1e3fad18, L:/127.0.0.1:50410 - R:localhost/127.0.0.1:11052] for POST '/session/fb97dd5cbfd8ecd90cf9bd62df4aa787/execute/sync'
11:15:57.063 [AsyncHttpClient-1-8] DEBUG org.asynchttpclient.netty.handler.HttpHandler - 

Request DefaultHttpRequest(decodeResult: success, version: HTTP/1.1)
POST /session/fb97dd5cbfd8ecd90cf9bd62df4aa787/execute/sync HTTP/1.1
User-Agent: selenium/4.8.1 (java windows)
Content-Length: 176
Content-Type: application/json; charset=utf-8
host: localhost:11052
accept: */*

Response DefaultHttpResponse(decodeResult: success, version: HTTP/1.1)
HTTP/1.1 200 OK
Content-Length: 103532
Content-Type: application/json; charset=utf-8
cache-control: no-cache

11:15:57.063 [AsyncHttpClient-1-8] DEBUG org.asynchttpclient.netty.channel.ChannelManager - Adding key: http://localhost:11052 for channel [id: 0x1e3fad18, L:/127.0.0.1:50410 - R:localhost/127.0.0.1:11052]
11:15:57.068 [Forwarding getCurrentUrl on session fb97dd5cbfd8ecd90cf9bd62df4aa787 to remote] DEBUG org.asynchttpclient.netty.request.NettyRequestSender - Using pooled Channel '[id: 0x1e3fad18, L:/127.0.0.1:50410 - R:localhost/127.0.0.1:11052]' for 'GET' to 'http://localhost:11052/session/fb97dd5cbfd8ecd90cf9bd62df4aa787/url'
11:15:57.068 [Forwarding getCurrentUrl on session fb97dd5cbfd8ecd90cf9bd62df4aa787 to remote] DEBUG org.asynchttpclient.netty.request.NettyRequestSender - Using open Channel [id: 0x1e3fad18, L:/127.0.0.1:50410 - R:localhost/127.0.0.1:11052] for GET '/session/fb97dd5cbfd8ecd90cf9bd62df4aa787/url'
11:15:57.072 [AsyncHttpClient-1-8] DEBUG org.asynchttpclient.netty.handler.HttpHandler - 

Request DefaultFullHttpRequest(decodeResult: success, version: HTTP/1.1, content: EmptyByteBufBE)
GET /session/fb97dd5cbfd8ecd90cf9bd62df4aa787/url HTTP/1.1
User-Agent: selenium/4.8.1 (java windows)
Cache-Control: no-cache
Content-Type: application/json; charset=utf-8
host: localhost:11052
accept: */*

Response DefaultHttpResponse(decodeResult: success, version: HTTP/1.1)
HTTP/1.1 200 OK
Content-Length: 42
Content-Type: application/json; charset=utf-8
cache-control: no-cache

11:15:57.072 [AsyncHttpClient-1-8] DEBUG org.asynchttpclient.netty.channel.ChannelManager - Adding key: http://localhost:11052 for channel [id: 0x1e3fad18, L:/127.0.0.1:50410 - R:localhost/127.0.0.1:11052]
11:15:57.084 [Forwarding getPageSource on session fb97dd5cbfd8ecd90cf9bd62df4aa787 to remote] DEBUG org.asynchttpclient.netty.request.NettyRequestSender - Using pooled Channel '[id: 0x1e3fad18, L:/127.0.0.1:50410 - R:localhost/127.0.0.1:11052]' for 'POST' to 'http://localhost:11052/session/fb97dd5cbfd8ecd90cf9bd62df4aa787/execute/sync'
11:15:57.084 [Forwarding getPageSource on session fb97dd5cbfd8ecd90cf9bd62df4aa787 to remote] DEBUG org.asynchttpclient.netty.request.NettyRequestSender - Using open Channel [id: 0x1e3fad18, L:/127.0.0.1:50410 - R:localhost/127.0.0.1:11052] for POST '/session/fb97dd5cbfd8ecd90cf9bd62df4aa787/execute/sync'
11:15:57.096 [AsyncHttpClient-1-8] DEBUG org.asynchttpclient.netty.handler.HttpHandler - 

Request DefaultHttpRequest(decodeResult: success, version: HTTP/1.1)
POST /session/fb97dd5cbfd8ecd90cf9bd62df4aa787/execute/sync HTTP/1.1
User-Agent: selenium/4.8.1 (java windows)
Content-Length: 176
Content-Type: application/json; charset=utf-8
host: localhost:11052
accept: */*

Response DefaultHttpResponse(decodeResult: success, version: HTTP/1.1)
HTTP/1.1 200 OK
Content-Length: 103532
Content-Type: application/json; charset=utf-8
cache-control: no-cache

11:15:57.096 [AsyncHttpClient-1-8] DEBUG org.asynchttpclient.netty.channel.ChannelManager - Adding key: http://localhost:11052 for channel [id: 0x1e3fad18, L:/127.0.0.1:50410 - R:localhost/127.0.0.1:11052]
11:15:57.102 [Forwarding getCurrentUrl on session fb97dd5cbfd8ecd90cf9bd62df4aa787 to remote] DEBUG org.asynchttpclient.netty.request.NettyRequestSender - Using pooled Channel '[id: 0x1e3fad18, L:/127.0.0.1:50410 - R:localhost/127.0.0.1:11052]' for 'GET' to 'http://localhost:11052/session/fb97dd5cbfd8ecd90cf9bd62df4aa787/url'
11:15:57.102 [Forwarding getCurrentUrl on session fb97dd5cbfd8ecd90cf9bd62df4aa787 to remote] DEBUG org.asynchttpclient.netty.request.NettyRequestSender - Using open Channel [id: 0x1e3fad18, L:/127.0.0.1:50410 - R:localhost/127.0.0.1:11052] for GET '/session/fb97dd5cbfd8ecd90cf9bd62df4aa787/url'
11:15:57.106 [AsyncHttpClient-1-1] DEBUG org.asynchttpclient.netty.channel.DefaultChannelPool - Entry count for : http://localhost:50411 : 1
11:15:57.106 [AsyncHttpClient-1-8] DEBUG org.asynchttpclient.netty.handler.HttpHandler - 

Request DefaultFullHttpRequest(decodeResult: success, version: HTTP/1.1, content: EmptyByteBufBE)
GET /session/fb97dd5cbfd8ecd90cf9bd62df4aa787/url HTTP/1.1
User-Agent: selenium/4.8.1 (java windows)
Cache-Control: no-cache
Content-Type: application/json; charset=utf-8
host: localhost:11052
accept: */*

Response DefaultHttpResponse(decodeResult: success, version: HTTP/1.1)
HTTP/1.1 200 OK
Content-Length: 42
Content-Type: application/json; charset=utf-8
cache-control: no-cache

11:15:57.106 [AsyncHttpClient-1-8] DEBUG org.asynchttpclient.netty.channel.ChannelManager - Adding key: http://localhost:11052 for channel [id: 0x1e3fad18, L:/127.0.0.1:50410 - R:localhost/127.0.0.1:11052]
11:15:57.109 [main] DEBUG net.thucydides.core.steps.StepInterceptor - STARTING STEP: PaymentMethodSteps.proceedsToCheckout - clickProductItem
11:15:57.111 [Forwarding findElement on session fb97dd5cbfd8ecd90cf9bd62df4aa787 to remote] DEBUG org.asynchttpclient.netty.request.NettyRequestSender - Using pooled Channel '[id: 0x1e3fad18, L:/127.0.0.1:50410 - R:localhost/127.0.0.1:11052]' for 'POST' to 'http://localhost:11052/session/fb97dd5cbfd8ecd90cf9bd62df4aa787/element'
11:15:57.112 [Forwarding findElement on session fb97dd5cbfd8ecd90cf9bd62df4aa787 to remote] DEBUG org.asynchttpclient.netty.request.NettyRequestSender - Using open Channel [id: 0x1e3fad18, L:/127.0.0.1:50410 - R:localhost/127.0.0.1:11052] for POST '/session/fb97dd5cbfd8ecd90cf9bd62df4aa787/element'
11:15:58.207 [AsyncHttpClient-1-1] DEBUG org.asynchttpclient.netty.channel.DefaultChannelPool - Entry count for : http://localhost:50411 : 1
11:15:59.151 [AsyncHttpClient-1-8] DEBUG org.asynchttpclient.netty.handler.HttpHandler - 

Request DefaultHttpRequest(decodeResult: success, version: HTTP/1.1)
POST /session/fb97dd5cbfd8ecd90cf9bd62df4aa787/element HTTP/1.1
User-Agent: selenium/4.8.1 (java windows)
Content-Length: 59
Content-Type: application/json; charset=utf-8
host: localhost:11052
accept: */*

Response DefaultHttpResponse(decodeResult: success, version: HTTP/1.1)
HTTP/1.1 404 Not Found
Content-Length: 958
Content-Type: application/json; charset=utf-8
cache-control: no-cache

11:15:59.151 [AsyncHttpClient-1-8] DEBUG org.asynchttpclient.netty.channel.ChannelManager - Adding key: http://localhost:11052 for channel [id: 0x1e3fad18, L:/127.0.0.1:50410 - R:localhost/127.0.0.1:11052]
11:15:59.264 [Forwarding findElement on session fb97dd5cbfd8ecd90cf9bd62df4aa787 to remote] DEBUG org.asynchttpclient.netty.request.NettyRequestSender - Using pooled Channel '[id: 0x1e3fad18, L:/127.0.0.1:50410 - R:localhost/127.0.0.1:11052]' for 'POST' to 'http://localhost:11052/session/fb97dd5cbfd8ecd90cf9bd62df4aa787/element'
11:15:59.264 [Forwarding findElement on session fb97dd5cbfd8ecd90cf9bd62df4aa787 to remote] DEBUG org.asynchttpclient.netty.request.NettyRequestSender - Using open Channel [id: 0x1e3fad18, L:/127.0.0.1:50410 - R:localhost/127.0.0.1:11052] for POST '/session/fb97dd5cbfd8ecd90cf9bd62df4aa787/element'
11:15:59.309 [AsyncHttpClient-1-1] DEBUG org.asynchttpclient.netty.channel.DefaultChannelPool - Entry count for : http://localhost:50411 : 1
11:15:59.599 [AsyncHttpClient-1-8] DEBUG org.asynchttpclient.netty.handler.HttpHandler - 

Request DefaultHttpRequest(decodeResult: success, version: HTTP/1.1)
POST /session/fb97dd5cbfd8ecd90cf9bd62df4aa787/element HTTP/1.1
User-Agent: selenium/4.8.1 (java windows)
Content-Length: 59
Content-Type: application/json; charset=utf-8
host: localhost:11052
accept: */*

Response DefaultHttpResponse(decodeResult: success, version: HTTP/1.1)
HTTP/1.1 200 OK
Content-Length: 88
Content-Type: application/json; charset=utf-8
cache-control: no-cache

11:15:59.600 [AsyncHttpClient-1-8] DEBUG org.asynchttpclient.netty.channel.ChannelManager - Adding key: http://localhost:11052 for channel [id: 0x1e3fad18, L:/127.0.0.1:50410 - R:localhost/127.0.0.1:11052]
11:15:59.601 [Forwarding getElementTagName on session fb97dd5cbfd8ecd90cf9bd62df4aa787 to remote] DEBUG org.asynchttpclient.netty.request.NettyRequestSender - Using pooled Channel '[id: 0x1e3fad18, L:/127.0.0.1:50410 - R:localhost/127.0.0.1:11052]' for 'GET' to 'http://localhost:11052/session/fb97dd5cbfd8ecd90cf9bd62df4aa787/element/e429c238-68d4-4872-8c76-a53fda5a4ae2/name'
11:15:59.601 [Forwarding getElementTagName on session fb97dd5cbfd8ecd90cf9bd62df4aa787 to remote] DEBUG org.asynchttpclient.netty.request.NettyRequestSender - Using open Channel [id: 0x1e3fad18, L:/127.0.0.1:50410 - R:localhost/127.0.0.1:11052] for GET '/session/fb97dd5cbfd8ecd90cf9bd62df4aa787/element/e429c238-68d4-4872-8c76-a53fda5a4ae2/name'
11:15:59.608 [AsyncHttpClient-1-8] DEBUG org.asynchttpclient.netty.handler.HttpHandler - 

Request DefaultFullHttpRequest(decodeResult: success, version: HTTP/1.1, content: EmptyByteBufBE)
GET /session/fb97dd5cbfd8ecd90cf9bd62df4aa787/element/e429c238-68d4-4872-8c76-a53fda5a4ae2/name HTTP/1.1
User-Agent: selenium/4.8.1 (java windows)
Cache-Control: no-cache
Content-Type: application/json; charset=utf-8
host: localhost:11052
accept: */*

Response DefaultHttpResponse(decodeResult: success, version: HTTP/1.1)
HTTP/1.1 200 OK
Content-Length: 15
Content-Type: application/json; charset=utf-8
cache-control: no-cache

11:15:59.608 [AsyncHttpClient-1-8] DEBUG org.asynchttpclient.netty.channel.ChannelManager - Adding key: http://localhost:11052 for channel [id: 0x1e3fad18, L:/127.0.0.1:50410 - R:localhost/127.0.0.1:11052]
11:15:59.609 [Forwarding getElementTagName on session fb97dd5cbfd8ecd90cf9bd62df4aa787 to remote] DEBUG org.asynchttpclient.netty.request.NettyRequestSender - Using pooled Channel '[id: 0x1e3fad18, L:/127.0.0.1:50410 - R:localhost/127.0.0.1:11052]' for 'GET' to 'http://localhost:11052/session/fb97dd5cbfd8ecd90cf9bd62df4aa787/element/e429c238-68d4-4872-8c76-a53fda5a4ae2/name'
11:15:59.609 [Forwarding getElementTagName on session fb97dd5cbfd8ecd90cf9bd62df4aa787 to remote] DEBUG org.asynchttpclient.netty.request.NettyRequestSender - Using open Channel [id: 0x1e3fad18, L:/127.0.0.1:50410 - R:localhost/127.0.0.1:11052] for GET '/session/fb97dd5cbfd8ecd90cf9bd62df4aa787/element/e429c238-68d4-4872-8c76-a53fda5a4ae2/name'
11:15:59.612 [AsyncHttpClient-1-8] DEBUG org.asynchttpclient.netty.handler.HttpHandler - 

Request DefaultFullHttpRequest(decodeResult: success, version: HTTP/1.1, content: EmptyByteBufBE)
GET /session/fb97dd5cbfd8ecd90cf9bd62df4aa787/element/e429c238-68d4-4872-8c76-a53fda5a4ae2/name HTTP/1.1
User-Agent: selenium/4.8.1 (java windows)
Cache-Control: no-cache
Content-Type: application/json; charset=utf-8
host: localhost:11052
accept: */*

Response DefaultHttpResponse(decodeResult: success, version: HTTP/1.1)
HTTP/1.1 200 OK
Content-Length: 15
Content-Type: application/json; charset=utf-8
cache-control: no-cache

11:15:59.612 [AsyncHttpClient-1-8] DEBUG org.asynchttpclient.netty.channel.ChannelManager - Adding key: http://localhost:11052 for channel [id: 0x1e3fad18, L:/127.0.0.1:50410 - R:localhost/127.0.0.1:11052]
11:15:59.613 [Forwarding findElement on session fb97dd5cbfd8ecd90cf9bd62df4aa787 to remote] DEBUG org.asynchttpclient.netty.request.NettyRequestSender - Using pooled Channel '[id: 0x1e3fad18, L:/127.0.0.1:50410 - R:localhost/127.0.0.1:11052]' for 'POST' to 'http://localhost:11052/session/fb97dd5cbfd8ecd90cf9bd62df4aa787/element'
11:15:59.613 [Forwarding findElement on session fb97dd5cbfd8ecd90cf9bd62df4aa787 to remote] DEBUG org.asynchttpclient.netty.request.NettyRequestSender - Using open Channel [id: 0x1e3fad18, L:/127.0.0.1:50410 - R:localhost/127.0.0.1:11052] for POST '/session/fb97dd5cbfd8ecd90cf9bd62df4aa787/element'
11:15:59.620 [AsyncHttpClient-1-8] DEBUG org.asynchttpclient.netty.handler.HttpHandler - 

Request DefaultHttpRequest(decodeResult: success, version: HTTP/1.1)
POST /session/fb97dd5cbfd8ecd90cf9bd62df4aa787/element HTTP/1.1
User-Agent: selenium/4.8.1 (java windows)
Content-Length: 59
Content-Type: application/json; charset=utf-8
host: localhost:11052
accept: */*

Response DefaultHttpResponse(decodeResult: success, version: HTTP/1.1)
HTTP/1.1 200 OK
Content-Length: 88
Content-Type: application/json; charset=utf-8
cache-control: no-cache

11:15:59.620 [AsyncHttpClient-1-8] DEBUG org.asynchttpclient.netty.channel.ChannelManager - Adding key: http://localhost:11052 for channel [id: 0x1e3fad18, L:/127.0.0.1:50410 - R:localhost/127.0.0.1:11052]
11:15:59.621 [Forwarding clickElement on session fb97dd5cbfd8ecd90cf9bd62df4aa787 to remote] DEBUG org.asynchttpclient.netty.request.NettyRequestSender - Using pooled Channel '[id: 0x1e3fad18, L:/127.0.0.1:50410 - R:localhost/127.0.0.1:11052]' for 'POST' to 'http://localhost:11052/session/fb97dd5cbfd8ecd90cf9bd62df4aa787/element/e429c238-68d4-4872-8c76-a53fda5a4ae2/click'
11:15:59.621 [Forwarding clickElement on session fb97dd5cbfd8ecd90cf9bd62df4aa787 to remote] DEBUG org.asynchttpclient.netty.request.NettyRequestSender - Using open Channel [id: 0x1e3fad18, L:/127.0.0.1:50410 - R:localhost/127.0.0.1:11052] for POST '/session/fb97dd5cbfd8ecd90cf9bd62df4aa787/element/e429c238-68d4-4872-8c76-a53fda5a4ae2/click'
11:15:59.679 [AsyncHttpClient-1-8] DEBUG org.asynchttpclient.netty.handler.HttpHandler - 

Request DefaultHttpRequest(decodeResult: success, version: HTTP/1.1)
POST /session/fb97dd5cbfd8ecd90cf9bd62df4aa787/element/e429c238-68d4-4872-8c76-a53fda5a4ae2/click HTTP/1.1
User-Agent: selenium/4.8.1 (java windows)
Content-Length: 50
Content-Type: application/json; charset=utf-8
host: localhost:11052
accept: */*

Response DefaultHttpResponse(decodeResult: success, version: HTTP/1.1)
HTTP/1.1 200 OK
Content-Length: 14
Content-Type: application/json; charset=utf-8
cache-control: no-cache

11:15:59.679 [AsyncHttpClient-1-8] DEBUG org.asynchttpclient.netty.channel.ChannelManager - Adding key: http://localhost:11052 for channel [id: 0x1e3fad18, L:/127.0.0.1:50410 - R:localhost/127.0.0.1:11052]
11:15:59.691 [Forwarding getAlertText on session fb97dd5cbfd8ecd90cf9bd62df4aa787 to remote] DEBUG org.asynchttpclient.netty.request.NettyRequestSender - Using pooled Channel '[id: 0x1e3fad18, L:/127.0.0.1:50410 - R:localhost/127.0.0.1:11052]' for 'GET' to 'http://localhost:11052/session/fb97dd5cbfd8ecd90cf9bd62df4aa787/alert/text'
11:15:59.692 [Forwarding getAlertText on session fb97dd5cbfd8ecd90cf9bd62df4aa787 to remote] DEBUG org.asynchttpclient.netty.request.NettyRequestSender - Using open Channel [id: 0x1e3fad18, L:/127.0.0.1:50410 - R:localhost/127.0.0.1:11052] for GET '/session/fb97dd5cbfd8ecd90cf9bd62df4aa787/alert/text'
11:15:59.729 [AsyncHttpClient-1-8] DEBUG org.asynchttpclient.netty.handler.HttpHandler - 

Request DefaultFullHttpRequest(decodeResult: success, version: HTTP/1.1, content: EmptyByteBufBE)
GET /session/fb97dd5cbfd8ecd90cf9bd62df4aa787/alert/text HTTP/1.1
User-Agent: selenium/4.8.1 (java windows)
Cache-Control: no-cache
Content-Type: application/json; charset=utf-8
host: localhost:11052
accept: */*

Response DefaultHttpResponse(decodeResult: success, version: HTTP/1.1)
HTTP/1.1 404 Not Found
Content-Length: 836
Content-Type: application/json; charset=utf-8
cache-control: no-cache

11:15:59.730 [AsyncHttpClient-1-8] DEBUG org.asynchttpclient.netty.channel.ChannelManager - Adding key: http://localhost:11052 for channel [id: 0x1e3fad18, L:/127.0.0.1:50410 - R:localhost/127.0.0.1:11052]
11:15:59.731 [Forwarding getCurrentUrl on session fb97dd5cbfd8ecd90cf9bd62df4aa787 to remote] DEBUG org.asynchttpclient.netty.request.NettyRequestSender - Using pooled Channel '[id: 0x1e3fad18, L:/127.0.0.1:50410 - R:localhost/127.0.0.1:11052]' for 'GET' to 'http://localhost:11052/session/fb97dd5cbfd8ecd90cf9bd62df4aa787/url'
11:15:59.731 [Forwarding getCurrentUrl on session fb97dd5cbfd8ecd90cf9bd62df4aa787 to remote] DEBUG org.asynchttpclient.netty.request.NettyRequestSender - Using open Channel [id: 0x1e3fad18, L:/127.0.0.1:50410 - R:localhost/127.0.0.1:11052] for GET '/session/fb97dd5cbfd8ecd90cf9bd62df4aa787/url'
11:15:59.747 [AsyncHttpClient-1-8] DEBUG org.asynchttpclient.netty.handler.HttpHandler - 

Request DefaultFullHttpRequest(decodeResult: success, version: HTTP/1.1, content: EmptyByteBufBE)
GET /session/fb97dd5cbfd8ecd90cf9bd62df4aa787/url HTTP/1.1
User-Agent: selenium/4.8.1 (java windows)
Cache-Control: no-cache
Content-Type: application/json; charset=utf-8
host: localhost:11052
accept: */*

Response DefaultHttpResponse(decodeResult: success, version: HTTP/1.1)
HTTP/1.1 200 OK
Content-Length: 53
Content-Type: application/json; charset=utf-8
cache-control: no-cache

11:15:59.747 [AsyncHttpClient-1-8] DEBUG org.asynchttpclient.netty.channel.ChannelManager - Adding key: http://localhost:11052 for channel [id: 0x1e3fad18, L:/127.0.0.1:50410 - R:localhost/127.0.0.1:11052]
11:15:59.748 [Forwarding screenshot on session fb97dd5cbfd8ecd90cf9bd62df4aa787 to remote] DEBUG org.asynchttpclient.netty.request.NettyRequestSender - Using pooled Channel '[id: 0x1e3fad18, L:/127.0.0.1:50410 - R:localhost/127.0.0.1:11052]' for 'GET' to 'http://localhost:11052/session/fb97dd5cbfd8ecd90cf9bd62df4aa787/screenshot'
11:15:59.748 [Forwarding screenshot on session fb97dd5cbfd8ecd90cf9bd62df4aa787 to remote] DEBUG org.asynchttpclient.netty.request.NettyRequestSender - Using open Channel [id: 0x1e3fad18, L:/127.0.0.1:50410 - R:localhost/127.0.0.1:11052] for GET '/session/fb97dd5cbfd8ecd90cf9bd62df4aa787/screenshot'
11:15:59.985 [AsyncHttpClient-1-8] DEBUG org.asynchttpclient.netty.handler.HttpHandler - 

Request DefaultFullHttpRequest(decodeResult: success, version: HTTP/1.1, content: EmptyByteBufBE)
GET /session/fb97dd5cbfd8ecd90cf9bd62df4aa787/screenshot HTTP/1.1
User-Agent: selenium/4.8.1 (java windows)
Cache-Control: no-cache
Content-Type: application/json; charset=utf-8
host: localhost:11052
accept: */*

Response DefaultHttpResponse(decodeResult: success, version: HTTP/1.1)
HTTP/1.1 200 OK
Content-Length: 239504
Content-Type: application/json; charset=utf-8
cache-control: no-cache

11:15:59.985 [AsyncHttpClient-1-8] DEBUG org.asynchttpclient.netty.channel.ChannelManager - Adding key: http://localhost:11052 for channel [id: 0x1e3fad18, L:/127.0.0.1:50410 - R:localhost/127.0.0.1:11052]
11:15:59.990 [main] DEBUG net.serenitybdd.core.photography.Darkroom - Send negative for processing for target\site\serenity\4f1d4408c79fd745261551de7a2e872308427bc5e1a0e251346e04ed6140dd4d.png
11:15:59.990 [main] DEBUG net.thucydides.core.steps.StepInterceptor - STEP DONE: clickProductItem
11:15:59.990 [Darkroom Processing Line] DEBUG net.serenitybdd.core.photography.DarkroomProcessingLine - Processing screenshot image in /var/screenshots/screenshot-6300855511916566460
11:15:59.990 [Darkroom Processing Line] DEBUG net.serenitybdd.core.photography.DarkroomProcessingLine - Saving screenshot to target\site\serenity\4f1d4408c79fd745261551de7a2e872308427bc5e1a0e251346e04ed6140dd4d.png
11:16:00.050 [Forwarding getAlertText on session fb97dd5cbfd8ecd90cf9bd62df4aa787 to remote] DEBUG org.asynchttpclient.netty.request.NettyRequestSender - Using pooled Channel '[id: 0x1e3fad18, L:/127.0.0.1:50410 - R:localhost/127.0.0.1:11052]' for 'GET' to 'http://localhost:11052/session/fb97dd5cbfd8ecd90cf9bd62df4aa787/alert/text'
11:16:00.050 [Forwarding getAlertText on session fb97dd5cbfd8ecd90cf9bd62df4aa787 to remote] DEBUG org.asynchttpclient.netty.request.NettyRequestSender - Using open Channel [id: 0x1e3fad18, L:/127.0.0.1:50410 - R:localhost/127.0.0.1:11052] for GET '/session/fb97dd5cbfd8ecd90cf9bd62df4aa787/alert/text'
11:16:00.052 [AsyncHttpClient-1-8] DEBUG org.asynchttpclient.netty.handler.HttpHandler - 

Request DefaultFullHttpRequest(decodeResult: success, version: HTTP/1.1, content: EmptyByteBufBE)
GET /session/fb97dd5cbfd8ecd90cf9bd62df4aa787/alert/text HTTP/1.1
User-Agent: selenium/4.8.1 (java windows)
Cache-Control: no-cache
Content-Type: application/json; charset=utf-8
host: localhost:11052
accept: */*

Response DefaultHttpResponse(decodeResult: success, version: HTTP/1.1)
HTTP/1.1 404 Not Found
Content-Length: 836
Content-Type: application/json; charset=utf-8
cache-control: no-cache

11:16:00.052 [AsyncHttpClient-1-8] DEBUG org.asynchttpclient.netty.channel.ChannelManager - Adding key: http://localhost:11052 for channel [id: 0x1e3fad18, L:/127.0.0.1:50410 - R:localhost/127.0.0.1:11052]
11:16:00.053 [Forwarding getCurrentUrl on session fb97dd5cbfd8ecd90cf9bd62df4aa787 to remote] DEBUG org.asynchttpclient.netty.request.NettyRequestSender - Using pooled Channel '[id: 0x1e3fad18, L:/127.0.0.1:50410 - R:localhost/127.0.0.1:11052]' for 'GET' to 'http://localhost:11052/session/fb97dd5cbfd8ecd90cf9bd62df4aa787/url'
11:16:00.053 [Forwarding getCurrentUrl on session fb97dd5cbfd8ecd90cf9bd62df4aa787 to remote] DEBUG org.asynchttpclient.netty.request.NettyRequestSender - Using open Channel [id: 0x1e3fad18, L:/127.0.0.1:50410 - R:localhost/127.0.0.1:11052] for GET '/session/fb97dd5cbfd8ecd90cf9bd62df4aa787/url'
11:16:00.056 [AsyncHttpClient-1-8] DEBUG org.asynchttpclient.netty.handler.HttpHandler - 

Request DefaultFullHttpRequest(decodeResult: success, version: HTTP/1.1, content: EmptyByteBufBE)
GET /session/fb97dd5cbfd8ecd90cf9bd62df4aa787/url HTTP/1.1
User-Agent: selenium/4.8.1 (java windows)
Cache-Control: no-cache
Content-Type: application/json; charset=utf-8
host: localhost:11052
accept: */*

Response DefaultHttpResponse(decodeResult: success, version: HTTP/1.1)
HTTP/1.1 200 OK
Content-Length: 53
Content-Type: application/json; charset=utf-8
cache-control: no-cache

11:16:00.056 [AsyncHttpClient-1-8] DEBUG org.asynchttpclient.netty.channel.ChannelManager - Adding key: http://localhost:11052 for channel [id: 0x1e3fad18, L:/127.0.0.1:50410 - R:localhost/127.0.0.1:11052]
11:16:00.057 [Forwarding screenshot on session fb97dd5cbfd8ecd90cf9bd62df4aa787 to remote] DEBUG org.asynchttpclient.netty.request.NettyRequestSender - Using pooled Channel '[id: 0x1e3fad18, L:/127.0.0.1:50410 - R:localhost/127.0.0.1:11052]' for 'GET' to 'http://localhost:11052/session/fb97dd5cbfd8ecd90cf9bd62df4aa787/screenshot'
11:16:00.057 [Forwarding screenshot on session fb97dd5cbfd8ecd90cf9bd62df4aa787 to remote] DEBUG org.asynchttpclient.netty.request.NettyRequestSender - Using open Channel [id: 0x1e3fad18, L:/127.0.0.1:50410 - R:localhost/127.0.0.1:11052] for GET '/session/fb97dd5cbfd8ecd90cf9bd62df4aa787/screenshot'
11:16:00.210 [AsyncHttpClient-1-8] DEBUG org.asynchttpclient.netty.handler.HttpHandler - 

Request DefaultFullHttpRequest(decodeResult: success, version: HTTP/1.1, content: EmptyByteBufBE)
GET /session/fb97dd5cbfd8ecd90cf9bd62df4aa787/screenshot HTTP/1.1
User-Agent: selenium/4.8.1 (java windows)
Cache-Control: no-cache
Content-Type: application/json; charset=utf-8
host: localhost:11052
accept: */*

Response DefaultHttpResponse(decodeResult: success, version: HTTP/1.1)
HTTP/1.1 200 OK
Content-Length: 239504
Content-Type: application/json; charset=utf-8
cache-control: no-cache

11:16:00.211 [AsyncHttpClient-1-8] DEBUG org.asynchttpclient.netty.channel.ChannelManager - Adding key: http://localhost:11052 for channel [id: 0x1e3fad18, L:/127.0.0.1:50410 - R:localhost/127.0.0.1:11052]
11:16:00.218 [main] DEBUG net.serenitybdd.core.photography.Darkroom - Send negative for processing for target\site\serenity\4f1d4408c79fd745261551de7a2e872308427bc5e1a0e251346e04ed6140dd4d.png
11:16:00.220 [Forwarding getPageSource on session fb97dd5cbfd8ecd90cf9bd62df4aa787 to remote] DEBUG org.asynchttpclient.netty.request.NettyRequestSender - Using pooled Channel '[id: 0x1e3fad18, L:/127.0.0.1:50410 - R:localhost/127.0.0.1:11052]' for 'POST' to 'http://localhost:11052/session/fb97dd5cbfd8ecd90cf9bd62df4aa787/execute/sync'
11:16:00.220 [Forwarding getPageSource on session fb97dd5cbfd8ecd90cf9bd62df4aa787 to remote] DEBUG org.asynchttpclient.netty.request.NettyRequestSender - Using open Channel [id: 0x1e3fad18, L:/127.0.0.1:50410 - R:localhost/127.0.0.1:11052] for POST '/session/fb97dd5cbfd8ecd90cf9bd62df4aa787/execute/sync'
11:16:00.241 [AsyncHttpClient-1-8] DEBUG org.asynchttpclient.netty.handler.HttpHandler - 

Request DefaultHttpRequest(decodeResult: success, version: HTTP/1.1)
POST /session/fb97dd5cbfd8ecd90cf9bd62df4aa787/execute/sync HTTP/1.1
User-Agent: selenium/4.8.1 (java windows)
Content-Length: 176
Content-Type: application/json; charset=utf-8
host: localhost:11052
accept: */*

Response DefaultHttpResponse(decodeResult: success, version: HTTP/1.1)
HTTP/1.1 200 OK
Content-Length: 196807
Content-Type: application/json; charset=utf-8
cache-control: no-cache

11:16:00.242 [AsyncHttpClient-1-8] DEBUG org.asynchttpclient.netty.channel.ChannelManager - Adding key: http://localhost:11052 for channel [id: 0x1e3fad18, L:/127.0.0.1:50410 - R:localhost/127.0.0.1:11052]
11:16:00.265 [Forwarding getCurrentUrl on session fb97dd5cbfd8ecd90cf9bd62df4aa787 to remote] DEBUG org.asynchttpclient.netty.request.NettyRequestSender - Using pooled Channel '[id: 0x1e3fad18, L:/127.0.0.1:50410 - R:localhost/127.0.0.1:11052]' for 'GET' to 'http://localhost:11052/session/fb97dd5cbfd8ecd90cf9bd62df4aa787/url'
11:16:00.265 [Forwarding getCurrentUrl on session fb97dd5cbfd8ecd90cf9bd62df4aa787 to remote] DEBUG org.asynchttpclient.netty.request.NettyRequestSender - Using open Channel [id: 0x1e3fad18, L:/127.0.0.1:50410 - R:localhost/127.0.0.1:11052] for GET '/session/fb97dd5cbfd8ecd90cf9bd62df4aa787/url'
11:16:00.269 [AsyncHttpClient-1-8] DEBUG org.asynchttpclient.netty.handler.HttpHandler - 

Request DefaultFullHttpRequest(decodeResult: success, version: HTTP/1.1, content: EmptyByteBufBE)
GET /session/fb97dd5cbfd8ecd90cf9bd62df4aa787/url HTTP/1.1
User-Agent: selenium/4.8.1 (java windows)
Cache-Control: no-cache
Content-Type: application/json; charset=utf-8
host: localhost:11052
accept: */*

Response DefaultHttpResponse(decodeResult: success, version: HTTP/1.1)
HTTP/1.1 200 OK
Content-Length: 53
Content-Type: application/json; charset=utf-8
cache-control: no-cache

11:16:00.270 [AsyncHttpClient-1-8] DEBUG org.asynchttpclient.netty.channel.ChannelManager - Adding key: http://localhost:11052 for channel [id: 0x1e3fad18, L:/127.0.0.1:50410 - R:localhost/127.0.0.1:11052]
11:16:00.273 [main] DEBUG net.thucydides.core.steps.StepInterceptor - STARTING STEP: SelectProductSteps.inputNomorHandphone - inputNomorHandphone
11:16:00.276 [Forwarding findElement on session fb97dd5cbfd8ecd90cf9bd62df4aa787 to remote] DEBUG org.asynchttpclient.netty.request.NettyRequestSender - Using pooled Channel '[id: 0x1e3fad18, L:/127.0.0.1:50410 - R:localhost/127.0.0.1:11052]' for 'POST' to 'http://localhost:11052/session/fb97dd5cbfd8ecd90cf9bd62df4aa787/element'
11:16:00.277 [Forwarding findElement on session fb97dd5cbfd8ecd90cf9bd62df4aa787 to remote] DEBUG org.asynchttpclient.netty.request.NettyRequestSender - Using open Channel [id: 0x1e3fad18, L:/127.0.0.1:50410 - R:localhost/127.0.0.1:11052] for POST '/session/fb97dd5cbfd8ecd90cf9bd62df4aa787/element'
11:16:00.403 [AsyncHttpClient-1-1] DEBUG org.asynchttpclient.netty.channel.DefaultChannelPool - Entry count for : http://localhost:50411 : 1
11:16:01.507 [AsyncHttpClient-1-1] DEBUG org.asynchttpclient.netty.channel.DefaultChannelPool - Entry count for : http://localhost:50411 : 1
11:16:02.340 [AsyncHttpClient-1-8] DEBUG org.asynchttpclient.netty.handler.HttpHandler - 

Request DefaultHttpRequest(decodeResult: success, version: HTTP/1.1)
POST /session/fb97dd5cbfd8ecd90cf9bd62df4aa787/element HTTP/1.1
User-Agent: selenium/4.8.1 (java windows)
Content-Length: 62
Content-Type: application/json; charset=utf-8
host: localhost:11052
accept: */*

Response DefaultHttpResponse(decodeResult: success, version: HTTP/1.1)
HTTP/1.1 404 Not Found
Content-Length: 961
Content-Type: application/json; charset=utf-8
cache-control: no-cache

11:16:02.341 [AsyncHttpClient-1-8] DEBUG org.asynchttpclient.netty.channel.ChannelManager - Adding key: http://localhost:11052 for channel [id: 0x1e3fad18, L:/127.0.0.1:50410 - R:localhost/127.0.0.1:11052]
11:16:02.352 [Forwarding getAlertText on session fb97dd5cbfd8ecd90cf9bd62df4aa787 to remote] DEBUG org.asynchttpclient.netty.request.NettyRequestSender - Using pooled Channel '[id: 0x1e3fad18, L:/127.0.0.1:50410 - R:localhost/127.0.0.1:11052]' for 'GET' to 'http://localhost:11052/session/fb97dd5cbfd8ecd90cf9bd62df4aa787/alert/text'
11:16:02.352 [Forwarding getAlertText on session fb97dd5cbfd8ecd90cf9bd62df4aa787 to remote] DEBUG org.asynchttpclient.netty.request.NettyRequestSender - Using open Channel [id: 0x1e3fad18, L:/127.0.0.1:50410 - R:localhost/127.0.0.1:11052] for GET '/session/fb97dd5cbfd8ecd90cf9bd62df4aa787/alert/text'
11:16:02.354 [AsyncHttpClient-1-8] DEBUG org.asynchttpclient.netty.handler.HttpHandler - 

Request DefaultFullHttpRequest(decodeResult: success, version: HTTP/1.1, content: EmptyByteBufBE)
GET /session/fb97dd5cbfd8ecd90cf9bd62df4aa787/alert/text HTTP/1.1
User-Agent: selenium/4.8.1 (java windows)
Cache-Control: no-cache
Content-Type: application/json; charset=utf-8
host: localhost:11052
accept: */*

Response DefaultHttpResponse(decodeResult: success, version: HTTP/1.1)
HTTP/1.1 404 Not Found
Content-Length: 836
Content-Type: application/json; charset=utf-8
cache-control: no-cache

11:16:02.354 [AsyncHttpClient-1-8] DEBUG org.asynchttpclient.netty.channel.ChannelManager - Adding key: http://localhost:11052 for channel [id: 0x1e3fad18, L:/127.0.0.1:50410 - R:localhost/127.0.0.1:11052]
11:16:02.356 [Forwarding getCurrentUrl on session fb97dd5cbfd8ecd90cf9bd62df4aa787 to remote] DEBUG org.asynchttpclient.netty.request.NettyRequestSender - Using pooled Channel '[id: 0x1e3fad18, L:/127.0.0.1:50410 - R:localhost/127.0.0.1:11052]' for 'GET' to 'http://localhost:11052/session/fb97dd5cbfd8ecd90cf9bd62df4aa787/url'
11:16:02.356 [Forwarding getCurrentUrl on session fb97dd5cbfd8ecd90cf9bd62df4aa787 to remote] DEBUG org.asynchttpclient.netty.request.NettyRequestSender - Using open Channel [id: 0x1e3fad18, L:/127.0.0.1:50410 - R:localhost/127.0.0.1:11052] for GET '/session/fb97dd5cbfd8ecd90cf9bd62df4aa787/url'
11:16:02.363 [AsyncHttpClient-1-8] DEBUG org.asynchttpclient.netty.handler.HttpHandler - 

Request DefaultFullHttpRequest(decodeResult: success, version: HTTP/1.1, content: EmptyByteBufBE)
GET /session/fb97dd5cbfd8ecd90cf9bd62df4aa787/url HTTP/1.1
User-Agent: selenium/4.8.1 (java windows)
Cache-Control: no-cache
Content-Type: application/json; charset=utf-8
host: localhost:11052
accept: */*

Response DefaultHttpResponse(decodeResult: success, version: HTTP/1.1)
HTTP/1.1 200 OK
Content-Length: 53
Content-Type: application/json; charset=utf-8
cache-control: no-cache

11:16:02.364 [AsyncHttpClient-1-8] DEBUG org.asynchttpclient.netty.channel.ChannelManager - Adding key: http://localhost:11052 for channel [id: 0x1e3fad18, L:/127.0.0.1:50410 - R:localhost/127.0.0.1:11052]
11:16:02.365 [Forwarding screenshot on session fb97dd5cbfd8ecd90cf9bd62df4aa787 to remote] DEBUG org.asynchttpclient.netty.request.NettyRequestSender - Using pooled Channel '[id: 0x1e3fad18, L:/127.0.0.1:50410 - R:localhost/127.0.0.1:11052]' for 'GET' to 'http://localhost:11052/session/fb97dd5cbfd8ecd90cf9bd62df4aa787/screenshot'
11:16:02.365 [Forwarding screenshot on session fb97dd5cbfd8ecd90cf9bd62df4aa787 to remote] DEBUG org.asynchttpclient.netty.request.NettyRequestSender - Using open Channel [id: 0x1e3fad18, L:/127.0.0.1:50410 - R:localhost/127.0.0.1:11052] for GET '/session/fb97dd5cbfd8ecd90cf9bd62df4aa787/screenshot'
11:16:02.506 [AsyncHttpClient-1-8] DEBUG org.asynchttpclient.netty.handler.HttpHandler - 

Request DefaultFullHttpRequest(decodeResult: success, version: HTTP/1.1, content: EmptyByteBufBE)
GET /session/fb97dd5cbfd8ecd90cf9bd62df4aa787/screenshot HTTP/1.1
User-Agent: selenium/4.8.1 (java windows)
Cache-Control: no-cache
Content-Type: application/json; charset=utf-8
host: localhost:11052
accept: */*

Response DefaultHttpResponse(decodeResult: success, version: HTTP/1.1)
HTTP/1.1 200 OK
Content-Length: 239560
Content-Type: application/json; charset=utf-8
cache-control: no-cache

11:16:02.506 [AsyncHttpClient-1-8] DEBUG org.asynchttpclient.netty.channel.ChannelManager - Adding key: http://localhost:11052 for channel [id: 0x1e3fad18, L:/127.0.0.1:50410 - R:localhost/127.0.0.1:11052]
11:16:02.511 [main] DEBUG net.serenitybdd.core.photography.Darkroom - Send negative for processing for target\site\serenity\e1646acf6e43792cefdea5c7c8ffc75655b123ca398721f5b730643e4ceccc8a.png
11:16:02.511 [Darkroom Processing Line] DEBUG net.serenitybdd.core.photography.DarkroomProcessingLine - Processing screenshot image in /var/screenshots/screenshot-10619041680338748218
11:16:02.511 [Darkroom Processing Line] DEBUG net.serenitybdd.core.photography.DarkroomProcessingLine - Saving screenshot to target\site\serenity\e1646acf6e43792cefdea5c7c8ffc75655b123ca398721f5b730643e4ceccc8a.png
11:16:02.512 [Forwarding getPageSource on session fb97dd5cbfd8ecd90cf9bd62df4aa787 to remote] DEBUG org.asynchttpclient.netty.request.NettyRequestSender - Using pooled Channel '[id: 0x1e3fad18, L:/127.0.0.1:50410 - R:localhost/127.0.0.1:11052]' for 'POST' to 'http://localhost:11052/session/fb97dd5cbfd8ecd90cf9bd62df4aa787/execute/sync'
11:16:02.512 [Forwarding getPageSource on session fb97dd5cbfd8ecd90cf9bd62df4aa787 to remote] DEBUG org.asynchttpclient.netty.request.NettyRequestSender - Using open Channel [id: 0x1e3fad18, L:/127.0.0.1:50410 - R:localhost/127.0.0.1:11052] for POST '/session/fb97dd5cbfd8ecd90cf9bd62df4aa787/execute/sync'
11:16:02.529 [AsyncHttpClient-1-8] DEBUG org.asynchttpclient.netty.handler.HttpHandler - 

Request DefaultHttpRequest(decodeResult: success, version: HTTP/1.1)
POST /session/fb97dd5cbfd8ecd90cf9bd62df4aa787/execute/sync HTTP/1.1
User-Agent: selenium/4.8.1 (java windows)
Content-Length: 176
Content-Type: application/json; charset=utf-8
host: localhost:11052
accept: */*

Response DefaultHttpResponse(decodeResult: success, version: HTTP/1.1)
HTTP/1.1 200 OK
Content-Length: 213959
Content-Type: application/json; charset=utf-8
cache-control: no-cache

11:16:02.529 [AsyncHttpClient-1-8] DEBUG org.asynchttpclient.netty.channel.ChannelManager - Adding key: http://localhost:11052 for channel [id: 0x1e3fad18, L:/127.0.0.1:50410 - R:localhost/127.0.0.1:11052]
11:16:02.543 [Forwarding getCurrentUrl on session fb97dd5cbfd8ecd90cf9bd62df4aa787 to remote] DEBUG org.asynchttpclient.netty.request.NettyRequestSender - Using pooled Channel '[id: 0x1e3fad18, L:/127.0.0.1:50410 - R:localhost/127.0.0.1:11052]' for 'GET' to 'http://localhost:11052/session/fb97dd5cbfd8ecd90cf9bd62df4aa787/url'
11:16:02.543 [Forwarding getCurrentUrl on session fb97dd5cbfd8ecd90cf9bd62df4aa787 to remote] DEBUG org.asynchttpclient.netty.request.NettyRequestSender - Using open Channel [id: 0x1e3fad18, L:/127.0.0.1:50410 - R:localhost/127.0.0.1:11052] for GET '/session/fb97dd5cbfd8ecd90cf9bd62df4aa787/url'
11:16:02.548 [AsyncHttpClient-1-8] DEBUG org.asynchttpclient.netty.handler.HttpHandler - 

Request DefaultFullHttpRequest(decodeResult: success, version: HTTP/1.1, content: EmptyByteBufBE)
GET /session/fb97dd5cbfd8ecd90cf9bd62df4aa787/url HTTP/1.1
User-Agent: selenium/4.8.1 (java windows)
Cache-Control: no-cache
Content-Type: application/json; charset=utf-8
host: localhost:11052
accept: */*

Response DefaultHttpResponse(decodeResult: success, version: HTTP/1.1)
HTTP/1.1 200 OK
Content-Length: 53
Content-Type: application/json; charset=utf-8
cache-control: no-cache

11:16:02.548 [AsyncHttpClient-1-8] DEBUG org.asynchttpclient.netty.channel.ChannelManager - Adding key: http://localhost:11052 for channel [id: 0x1e3fad18, L:/127.0.0.1:50410 - R:localhost/127.0.0.1:11052]
  &amp#27;[31mWhen &amp#27;[0m&amp#27;[31mI am input nomor handphone&amp#27;[0m                           &amp#27;[90m# starter.stepdefintions.PaymentMethodSteps.proceedsToCheckout()&amp#27;[0m
      &amp#27;[31morg.openqa.selenium.NoSuchElementException: no such element: Unable to locate element: {"method":"css selector","selector":"#nomor\-handphone"}
  (Session info: chrome=111.0.5563.147)
For documentation on this error, please visit: https://selenium.dev/exceptions/#no_such_element
Build info: version: '4.8.1', revision: '8ebccac989'
System info: os.name: 'Windows 10', os.arch: 'amd64', os.version: '10.0', java.version: '18.0.1.1'
Driver info: org.openqa.selenium.chrome.ChromeDriver
Command: [fb97dd5cbfd8ecd90cf9bd62df4aa787, findElement {using=id, value=nomor-handphone}]
Capabilities {acceptInsecureCerts: false, browserName: chrome, browserVersion: 111.0.5563.147, chrome: {chromedriverVersion: 111.0.5563.64 (c710e93d5b63..., userDataDir: C:\Users\BUNAYY~1\AppData\L...}, goog:chromeOptions: {debuggerAddress: localhost:50411}, networkConnectionEnabled: false, pageLoadStrategy: normal, platformName: WINDOWS, proxy: Proxy(), se:cdp: ws://localhost:50411/devtoo..., se:cdpVersion: 111.0.5563.147, setWindowRect: true, strictFileInteractability: false, timeouts: {implicit: 0, pageLoad: 300000, script: 30000}, unhandledPromptBehavior: dismiss and notify, webauthn:extension:credBlob: true, webauthn:extension:largeBlob: true, webauthn:extension:minPinLength: true, webauthn:extension:prf: true, webauthn:virtualAuthenticators: true}
Session ID: fb97dd5cbfd8ecd90cf9bd62df4aa787
	at java.base/jdk.internal.reflect.DirectConstructorHandleAccessor.newInstance(DirectConstructorHandleAccessor.java:67)
	at java.base/java.lang.reflect.Constructor.newInstanceWithCaller(Constructor.java:499)
	at java.base/java.lang.reflect.Constructor.newInstance(Constructor.java:483)
	at org.openqa.selenium.remote.codec.w3c.W3CHttpResponseCodec.createException(W3CHttpResponseCodec.java:200)
	at org.openqa.selenium.remote.codec.w3c.W3CHttpResponseCodec.decode(W3CHttpResponseCodec.java:133)
	at org.openqa.selenium.remote.codec.w3c.W3CHttpResponseCodec.decode(W3CHttpResponseCodec.java:53)
	at org.openqa.selenium.remote.HttpCommandExecutor.execute(HttpCommandExecutor.java:184)
	at org.openqa.selenium.remote.service.DriverCommandExecutor.invokeExecute(DriverCommandExecutor.java:167)
	at org.openqa.selenium.remote.service.DriverCommandExecutor.execute(DriverCommandExecutor.java:142)
	at org.openqa.selenium.remote.RemoteWebDriver.execute(RemoteWebDriver.java:543)
	at org.openqa.selenium.remote.ElementLocation$ElementFinder$2.findElement(ElementLocation.java:162)
	at org.openqa.selenium.remote.ElementLocation.findElement(ElementLocation.java:60)
	at org.openqa.selenium.remote.RemoteWebDriver.findElement(RemoteWebDriver.java:352)
	at org.openqa.selenium.remote.RemoteWebDriver.findElement(RemoteWebDriver.java:344)
	at net.thucydides.core.webdriver.WebDriverFacade.findElement(WebDriverFacade.java:242)
	at net.serenitybdd.core.pages.WebElementResolverByLocator.resolveForDriver(WebElementResolverByLocator.java:25)
	at net.serenitybdd.core.pages.WebElementFacadeImpl.getResolvedElement(WebElementFacadeImpl.java:189)
	at net.serenitybdd.core.pages.WebElementFacadeImpl.getElement(WebElementFacadeImpl.java:184)
	at net.serenitybdd.core.pages.WebElementFacadeImpl.lambda$type$2(WebElementFacadeImpl.java:744)
	at net.serenitybdd.core.pages.WithRetries.perform(WithRetries.java:22)
	at net.serenitybdd.core.pages.WebElementFacadeImpl.type(WebElementFacadeImpl.java:743)
	at alta@1.0-SNAPSHOT/starter.pages.IsipulsaPage.inputNomorHandphone(IsipulsaPage.java:39)
	at alta@1.0-SNAPSHOT/starter.pages.IsipulsaPage$ByteBuddy$AgGe7rzZ.inputNomorHandphone$accessor$lVSquYdj(Unknown Source)
	at java.base/jdk.internal.reflect.DirectMethodHandleAccessor.invoke(DirectMethodHandleAccessor.java:104)
	at java.base/java.lang.reflect.Method.invoke(Method.java:577)
	at net.thucydides.core.steps.StepInterceptor.invokeMethod(StepInterceptor.java:518)
	at net.thucydides.core.steps.StepInterceptor.executeTestStepMethod(StepInterceptor.java:498)
	at net.thucydides.core.steps.StepInterceptor.runTestStep(StepInterceptor.java:472)
	at net.thucydides.core.steps.StepInterceptor.runOrSkipMethod(StepInterceptor.java:211)
	at net.thucydides.core.steps.StepInterceptor.testStepResult(StepInterceptor.java:198)
	at net.thucydides.core.steps.StepInterceptor.intercept(StepInterceptor.java:86)
	at net.thucydides.core.steps.ProxyConfiguration$InterceptorDispatcher.intercept(ProxyConfiguration.java:51)
	at alta@1.0-SNAPSHOT/starter.pages.IsipulsaPage$ByteBuddy$AgGe7rzZ.inputNomorHandphone(Unknown Source)
	at alta@1.0-SNAPSHOT/starter.stepdefintions.SelectProductSteps.inputNomorHandphone(SelectProductSteps.java:36)
	at alta@1.0-SNAPSHOT/starter.stepdefintions.SelectProductSteps$ByteBuddy$5VXAFTD3.inputNomorHandphone$accessor$RFzpp8iN(Unknown Source)
	at java.base/jdk.internal.reflect.DirectMethodHandleAccessor.invoke(DirectMethodHandleAccessor.java:104)
	at java.base/java.lang.reflect.Method.invoke(Method.java:577)
	at net.thucydides.core.steps.BaseMethodRunner.invokeMethod(BaseMethodRunner.java:18)
	at net.thucydides.core.steps.NormalMethodRunner.invokeMethodAndNotifyFailures(NormalMethodRunner.java:18)
	at net.thucydides.core.steps.StepInterceptor.runNormalMethod(StepInterceptor.java:421)
	at net.thucydides.core.steps.StepInterceptor.testStepResult(StepInterceptor.java:193)
	at net.thucydides.core.steps.StepInterceptor.intercept(StepInterceptor.java:86)
	at net.thucydides.core.steps.ProxyConfiguration$InterceptorDispatcher.intercept(ProxyConfiguration.java:51)
	at alta@1.0-SNAPSHOT/starter.stepdefintions.SelectProductSteps$ByteBuddy$5VXAFTD3.inputNomorHandphone(Unknown Source)
	at alta@1.0-SNAPSHOT/starter.stepdefintions.PaymentMethodSteps.proceedsToCheckout(PaymentMethodSteps.java:39)
	at ✽.I am input nomor handphone(file:///C:/Users/Bunayya%20Zulfikar/Documents/GitHub/QE_Refano-Saputra/11_Web_Programming_&_Testing/praktikum/Web_Testing/Prioritas2/alta/src/test/resources/features/PaymentMethod.feature:5)
&amp#27;[0m
  &amp#27;[36mAnd &amp#27;[0m&amp#27;[36mI choose the Nominal of Pulsa&amp#27;[0m                         &amp#27;[90m# starter.stepdefintions.PaymentMethodSteps.chooseNominal()&amp#27;[0m
  &amp#27;[36mThen &amp#27;[0m&amp#27;[36mI select the payment method with DANA&amp#27;[0m                &amp#27;[90m# starter.stepdefintions.PaymentMethodSteps.selectPaymentMethod()&amp#27;[0m
11:16:02.608 [main] ERROR  - 
  _____   ___   ___   _____     ___   ___   ___    ___    ___ 
 |_   _| | __| / __| |_   _|   | __| | _ \ | _ \  / _ \  | _ \
   | |   | _|  \__ \   | |     | _|  |   / |   / | (_) | |   /
   |_|   |___| |___/   |_|     |___| |_|_\ |_|_\  \___/  |_|_\

Select Payment Method Dana After Choosing Product
---------------------------------------------------------------
11:16:02.610 [AsyncHttpClient-1-1] DEBUG org.asynchttpclient.netty.channel.DefaultChannelPool - Entry count for : http://localhost:50411 : 1
11:16:02.610 [AsyncHttpClient-1-1] DEBUG org.asynchttpclient.netty.channel.DefaultChannelPool - Entry count for : http://localhost:11052 : 1
11:16:02.611 [main] DEBUG  - RELATED ISSUES: 
11:16:02.613 [main] ERROR  -     Test failed at step: Input nomor handphone
11:16:02.614 [main] ERROR  -     no such element: Unable to locate element: {"method":"css selector","selector":"#nomor\-handphone"}
11:16:02.618 [AsyncHttpClient-1-10] DEBUG org.asynchttpclient.netty.handler.WebSocketHandler - Channel Closed: [id: 0xd726a6c0, L:/127.0.0.1:50418 ! R:localhost/127.0.0.1:50411] with attribute NettyResponseFuture{currentRetry=0,
	isDone=1,
	isCancelled=0,
	asyncHandler=org.asynchttpclient.ws.WebSocketUpgradeHandler@6101f092,
	nettyRequest=org.asynchttpclient.netty.request.NettyRequest@240362d6,
	future=java.util.concurrent.CompletableFuture@382db3f[Completed normally],
	uri=ws://localhost:50411/devtools/browser/0b4748e2-48c5-42c9-b605-9a730405ff57,
	keepAlive=true,
	redirectCount=0,
	timeoutsHolder=null,
	inAuth=0,
	touch=1681013729951}
11:16:02.618 [AsyncHttpClient-1-10] DEBUG org.asynchttpclient.netty.channel.ChannelManager - Closing Channel [id: 0xd726a6c0, L:/127.0.0.1:50418 ! R:localhost/127.0.0.1:50411] 
11:16:02.618 [Driver Command Executor] DEBUG org.asynchttpclient.netty.request.NettyRequestSender - Using pooled Channel '[id: 0x1e3fad18, L:/127.0.0.1:50410 - R:localhost/127.0.0.1:11052]' for 'DELETE' to 'http://localhost:11052/session/fb97dd5cbfd8ecd90cf9bd62df4aa787'
11:16:02.618 [Driver Command Executor] DEBUG org.asynchttpclient.netty.request.NettyRequestSender - Using open Channel [id: 0x1e3fad18, L:/127.0.0.1:50410 - R:localhost/127.0.0.1:11052] for DELETE '/session/fb97dd5cbfd8ecd90cf9bd62df4aa787'
11:16:02.738 [AsyncHttpClient-1-9] DEBUG org.asynchttpclient.netty.handler.HttpHandler - Unexpected I/O exception on channel [id: 0xd27b1694, L:/127.0.0.1:50417 - R:localhost/127.0.0.1:50411]
java.net.SocketException: Connection reset
	at java.base/sun.nio.ch.SocketChannelImpl.throwConnectionReset(SocketChannelImpl.java:394)
	at java.base/sun.nio.ch.SocketChannelImpl.read(SocketChannelImpl.java:426)
	at io.netty.buffer.PooledByteBuf.setBytes(PooledByteBuf.java:259)
	at io.netty.buffer.AbstractByteBuf.writeBytes(AbstractByteBuf.java:1132)
	at io.netty.channel.socket.nio.NioSocketChannel.doReadBytes(NioSocketChannel.java:357)
	at io.netty.channel.nio.AbstractNioByteChannel$NioByteUnsafe.read(AbstractNioByteChannel.java:151)
	at io.netty.channel.nio.NioEventLoop.processSelectedKey(NioEventLoop.java:788)
	at io.netty.channel.nio.NioEventLoop.processSelectedKeysOptimized(NioEventLoop.java:724)
	at io.netty.channel.nio.NioEventLoop.processSelectedKeys(NioEventLoop.java:650)
	at io.netty.channel.nio.NioEventLoop.run(NioEventLoop.java:562)
	at io.netty.util.concurrent.SingleThreadEventExecutor$4.run(SingleThreadEventExecutor.java:997)
	at io.netty.util.internal.ThreadExecutorMap$2.run(ThreadExecutorMap.java:74)
	at io.netty.util.concurrent.FastThreadLocalRunnable.run(FastThreadLocalRunnable.java:30)
	at java.base/java.lang.Thread.run(Thread.java:833)
11:16:02.738 [AsyncHttpClient-1-9] DEBUG org.asynchttpclient.netty.channel.ChannelManager - Closing Channel [id: 0xd27b1694, L:/127.0.0.1:50417 - R:localhost/127.0.0.1:50411] 
11:16:02.738 [AsyncHttpClient-1-9] DEBUG org.asynchttpclient.netty.handler.HttpHandler - Channel Closed: [id: 0xd27b1694, L:/127.0.0.1:50417 ! R:localhost/127.0.0.1:50411] with attribute DISCARD
11:16:02.780 [AsyncHttpClient-1-8] DEBUG org.asynchttpclient.netty.handler.HttpHandler - 

Request DefaultFullHttpRequest(decodeResult: success, version: HTTP/1.1, content: EmptyByteBufBE)
DELETE /session/fb97dd5cbfd8ecd90cf9bd62df4aa787 HTTP/1.1
User-Agent: selenium/4.8.1 (java windows)
Content-Type: application/json; charset=utf-8
host: localhost:11052
accept: */*

Response DefaultHttpResponse(decodeResult: success, version: HTTP/1.1)
HTTP/1.1 200 OK
Content-Length: 14
Content-Type: application/json; charset=utf-8
cache-control: no-cache

11:16:02.780 [AsyncHttpClient-1-8] DEBUG org.asynchttpclient.netty.channel.ChannelManager - Adding key: http://localhost:11052 for channel [id: 0x1e3fad18, L:/127.0.0.1:50410 - R:localhost/127.0.0.1:11052]
11:16:02.861 [AsyncHttpClient-1-8] DEBUG org.asynchttpclient.netty.handler.HttpHandler - Channel Closed: [id: 0x1e3fad18, L:/127.0.0.1:50410 ! R:localhost/127.0.0.1:11052] with attribute DISCARD
]]></system-out>
    <system-err><![CDATA[Starting ChromeDriver 111.0.5563.64 (c710e93d5b63b7095afe8c2c17df34408078439d-refs/branch-heads/5563@{#995}) on port 11052
Only local connections are allowed.
Please see https://chromedriver.chromium.org/security-considerations for suggestions on keeping ChromeDriver safe.
ChromeDriver was started successfully.
Apr 09, 2023 11:15:29 AM org.openqa.selenium.devtools.CdpVersionFinder findNearestMatch
WARNING: Unable to find an exact match for CDP version 111, so returning the closest version found: 110
]]></system-err>
  </testcase>
  <testcase name="Not choosing a Payment Method After Selecting a Product" classname="Select Payment Method" time="0.17">
    <error type="io.cucumber.junit.UndefinedStepException"><![CDATA[io.cucumber.junit.UndefinedStepException: 
The step 'I already login with correct account sned go to the Isi Pulsa Page' is undefined.
You can implement this step using the snippet(s) below:

@Given("I already login with correct account sned go to the Isi Pulsa Page")
public void i_already_login_with_correct_account_sned_go_to_the_isi_pulsa_page() {
    // Write code here that turns the phrase above into concrete actions
    throw new io.cucumber.java.PendingException();
}

]]></error>
    <system-out><![CDATA[
Scenario: Not choosing a Payment Method After Selecting a Product          &amp#27;[90m# src/test/resources/features/PaymentMethod.feature:9&amp#27;[0m
11:16:03.063 [main] DEBUG io.cucumber.core.plugin.SerenityReporter - Running feature from file:///C:/Users/Bunayya%20Zulfikar/Documents/GitHub/QE_Refano-Saputra/11_Web_Programming_&_Testing/praktikum/Web_Testing/Prioritas2/alta/src/test/resources/features/PaymentMethod.feature
11:16:03.068 [main] INFO  - 
  _____   ___   ___   _____     ___   _____     _     ___   _____   ___   ___  
 |_   _| | __| / __| |_   _|   / __| |_   _|   /_\   | _ \ |_   _| | __| |   \ 
   | |   | _|  \__ \   | |     \__ \   | |    / _ \  |   /   | |   | _|  | |) |
   |_|   |___| |___/   |_|     |___/   |_|   /_/ \_\ |_|_\   |_|   |___| |___/ 

Not choosing a Payment Method After Selecting a Product(select-payment-method;not-choosing-a-payment-method-after-selecting-a-product)
--------------------------------------------------------------------------------
  &amp#27;[33mGiven &amp#27;[0m&amp#27;[33mI already login with correct account sned go to the Isi Pulsa Page&amp#27;[0m
  &amp#27;[36mWhen &amp#27;[0m&amp#27;[36mI am input nomor handphone&amp#27;[0m                                          &amp#27;[90m# starter.stepdefintions.PaymentMethodSteps.proceedsToCheckout()&amp#27;[0m
  &amp#27;[36mAnd &amp#27;[0m&amp#27;[36mI choose the Nominal of Pulsa&amp#27;[0m                                        &amp#27;[90m# starter.stepdefintions.PaymentMethodSteps.chooseNominal()&amp#27;[0m
  &amp#27;[36mWhen &amp#27;[0m&amp#27;[36mI do not select any payment method and click Bayar Sekarang button&amp#27;[0m  &amp#27;[90m# starter.stepdefintions.PaymentMethodSteps.clickBayarSekarang()&amp#27;[0m
  &amp#27;[36mThen &amp#27;[0m&amp#27;[36mI should see a reminder message&amp#27;[0m                                     &amp#27;[90m# starter.stepdefintions.PaymentMethodSteps.validateReminderMessage()&amp#27;[0m
11:16:03.114 [main] INFO  - 
  _____   ___   ___   _____     ___   ___   _  _   ___    ___   _  _    ___ 
 |_   _| | __| / __| |_   _|   | _ \ | __| | \| | |   \  |_ _| | \| |  / __|
   | |   | _|  \__ \   | |     |  _/ | _|  | .` | | |) |  | |  | .` | | (_ |
   |_|   |___| |___/   |_|     |_|   |___| |_|\_| |___/  |___| |_|\_|  \___|

Not choosing a Payment Method After Selecting a Product
-----------------------------------------------------------------------------
]]></system-out>
  </testcase>
  <testcase name="Input correct nomor meter and correct nomor handphone" classname="Select Product ListrikPLN" time="20.231">
    <error type="org.openqa.selenium.NoSuchElementException"><![CDATA[org.openqa.selenium.NoSuchElementException: 
no such element: Unable to locate element: {"method":"css selector","selector":"#nomor\-handphone"}
  (Session info: chrome=111.0.5563.147)
For documentation on this error, please visit: https://selenium.dev/exceptions/#no_such_element
Build info: version: '4.8.1', revision: '8ebccac989'
System info: os.name: 'Windows 10', os.arch: 'amd64', os.version: '10.0', java.version: '18.0.1.1'
Driver info: org.openqa.selenium.chrome.ChromeDriver
Command: [717f6a4acff8fb977a07ef24ea2fe2a3, findElement {using=id, value=nomor-handphone}]
Capabilities {acceptInsecureCerts: false, browserName: chrome, browserVersion: 111.0.5563.147, chrome: {chromedriverVersion: 111.0.5563.64 (c710e93d5b63..., userDataDir: C:\Users\BUNAYY~1\AppData\L...}, goog:chromeOptions: {debuggerAddress: localhost:50459}, networkConnectionEnabled: false, pageLoadStrategy: normal, platformName: WINDOWS, proxy: Proxy(), se:cdp: ws://localhost:50459/devtoo..., se:cdpVersion: 111.0.5563.147, setWindowRect: true, strictFileInteractability: false, timeouts: {implicit: 0, pageLoad: 300000, script: 30000}, unhandledPromptBehavior: dismiss and notify, webauthn:extension:credBlob: true, webauthn:extension:largeBlob: true, webauthn:extension:minPinLength: true, webauthn:extension:prf: true, webauthn:virtualAuthenticators: true}
Session ID: 717f6a4acff8fb977a07ef24ea2fe2a3
]]></error>
    <system-out><![CDATA[11:16:03.117 [main] DEBUG io.cucumber.core.plugin.SerenityReporter - Running feature from file:///C:/Users/Bunayya%20Zulfikar/Documents/GitHub/QE_Refano-Saputra/11_Web_Programming_&_Testing/praktikum/Web_Testing/Prioritas2/alta/src/test/resources/features/SelectProduct.feature
11:16:03.122 [main] DEBUG net.thucydides.core.steps.StepEventBus - Test suite started for story net.thucydides.core.model.Story@d891cf10
11:16:03.123 [main] INFO  - Test Suite Started: Select Product ListrikPLN

Scenario: Input correct nomor meter and correct nomor handphone &amp#27;[90m# src/test/resources/features/SelectProduct.feature:3&amp#27;[0m
11:16:03.135 [main] DEBUG io.cucumber.core.plugin.SerenityReporter - Running feature from file:///C:/Users/Bunayya%20Zulfikar/Documents/GitHub/QE_Refano-Saputra/11_Web_Programming_&_Testing/praktikum/Web_Testing/Prioritas2/alta/src/test/resources/features/SelectProduct.feature
11:16:03.139 [main] INFO  - 
  _____   ___   ___   _____     ___   _____     _     ___   _____   ___   ___  
 |_   _| | __| / __| |_   _|   / __| |_   _|   /_\   | _ \ |_   _| | __| |   \ 
   | |   | _|  \__ \   | |     \__ \   | |    / _ \  |   /   | |   | _|  | |) |
   |_|   |___| |___/   |_|     |___/   |_|   /_/ \_\ |_|_\   |_|   |___| |___/ 

Input correct nomor meter and correct nomor handphone(select-product-listrikpln;input-correct-nomor-meter-and-correct-nomor-handphone)
--------------------------------------------------------------------------------
11:16:03.188 [main] DEBUG net.thucydides.core.steps.StepInterceptor - STARTING STEP: SelectProductSteps.onTheHomePage - openPage
11:16:03.284 [main] INFO net.serenitybdd.core.webdriver.driverproviders.ChromeDriverProvider - Starting Chrome driver instance with capabilities:
11:16:03.284 [main] INFO net.serenitybdd.core.webdriver.driverproviders.ChromeDriverProvider - Capabilities {acceptInsecureCerts: false, browserName: chrome, goog:chromeOptions: {args: [remote-allow-origins=*], extensions: []}}
11:16:03.455 [AsyncHttpClient-1-11] DEBUG org.asynchttpclient.netty.channel.NettyConnectListener - Using new Channel '[id: 0x89545277, L:/127.0.0.1:50458 - R:localhost/127.0.0.1:39297]' for 'POST' to '/session'
11:16:03.709 [AsyncHttpClient-1-1] DEBUG org.asynchttpclient.netty.channel.DefaultChannelPool - Entry count for : http://localhost:50411 : 1
11:16:03.709 [AsyncHttpClient-1-1] DEBUG org.asynchttpclient.netty.channel.DefaultChannelPool - Entry count for : http://localhost:11052 : 1
11:16:03.709 [AsyncHttpClient-1-1] DEBUG org.asynchttpclient.netty.channel.DefaultChannelPool - Adding Candidate expired Channel [id: 0xd27b1694, L:/127.0.0.1:50417 ! R:localhost/127.0.0.1:50411] isIdleTimeoutExpired=false isRemotelyClosed=true isTtlExpired=false
11:16:03.709 [AsyncHttpClient-1-1] DEBUG org.asynchttpclient.netty.channel.DefaultChannelPool - Closing Idle Channel [id: 0xd27b1694, L:/127.0.0.1:50417 ! R:localhost/127.0.0.1:50411]
11:16:03.709 [AsyncHttpClient-1-1] DEBUG org.asynchttpclient.netty.channel.DefaultChannelPool - Adding Candidate expired Channel [id: 0x1e3fad18, L:/127.0.0.1:50410 ! R:localhost/127.0.0.1:11052] isIdleTimeoutExpired=false isRemotelyClosed=true isTtlExpired=false
11:16:03.709 [AsyncHttpClient-1-1] DEBUG org.asynchttpclient.netty.channel.DefaultChannelPool - Closing Idle Channel [id: 0x1e3fad18, L:/127.0.0.1:50410 ! R:localhost/127.0.0.1:11052]
11:16:03.709 [AsyncHttpClient-1-1] DEBUG org.asynchttpclient.netty.channel.DefaultChannelPool - Closed 2 connections out of 2 in 0 ms
11:16:04.095 [AsyncHttpClient-1-11] DEBUG org.asynchttpclient.netty.handler.HttpHandler - 

Request DefaultHttpRequest(decodeResult: success, version: HTTP/1.1)
POST /session HTTP/1.1
User-Agent: selenium/4.8.1 (java windows)
Content-Length: 507
Content-Type: application/json; charset=utf-8
host: localhost:39297
accept: */*

Response DefaultHttpResponse(decodeResult: success, version: HTTP/1.1)
HTTP/1.1 200 OK
Content-Length: 863
Content-Type: application/json; charset=utf-8
cache-control: no-cache

11:16:04.095 [AsyncHttpClient-1-11] DEBUG org.asynchttpclient.netty.channel.ChannelManager - Adding key: http://localhost:39297 for channel [id: 0x89545277, L:/127.0.0.1:50458 - R:localhost/127.0.0.1:39297]
11:16:04.112 [AsyncHttpClient-1-12] DEBUG org.asynchttpclient.netty.channel.NettyConnectListener - Using new Channel '[id: 0x36cd59b0, L:/127.0.0.1:50465 - R:localhost/127.0.0.1:50459]' for 'GET' to '/json/version'
11:16:04.117 [AsyncHttpClient-1-12] DEBUG org.asynchttpclient.netty.handler.HttpHandler - 

Request DefaultFullHttpRequest(decodeResult: success, version: HTTP/1.1, content: EmptyByteBufBE)
GET /json/version HTTP/1.1
User-Agent: selenium/4.8.1 (java windows)
host: localhost:50459
accept: */*

Response DefaultHttpResponse(decodeResult: success, version: HTTP/1.1)
HTTP/1.1 200 OK
Content-Security-Policy: frame-ancestors 'none'
Content-Length: 424
Content-Type: application/json; charset=UTF-8

11:16:04.117 [AsyncHttpClient-1-12] DEBUG org.asynchttpclient.netty.channel.ChannelManager - Adding key: http://localhost:50459 for channel [id: 0x36cd59b0, L:/127.0.0.1:50465 - R:localhost/127.0.0.1:50459]
11:16:04.123 [AsyncHttpClient-1-13] DEBUG org.asynchttpclient.netty.channel.NettyConnectListener - Using new Channel '[id: 0x31e97e23, L:/127.0.0.1:50466 - R:localhost/127.0.0.1:50459]' for 'GET' to '/devtools/browser/5465f54c-9ccc-4177-8922-468f33c4fbb2'
11:16:04.127 [AsyncHttpClient-1-13] DEBUG org.asynchttpclient.netty.handler.WebSocketHandler - 

Request DefaultFullHttpRequest(decodeResult: success, version: HTTP/1.1, content: EmptyByteBufBE)
GET /devtools/browser/5465f54c-9ccc-4177-8922-468f33c4fbb2 HTTP/1.1
upgrade: websocket
connection: upgrade
sec-websocket-key: Zseqctid4phbfdfkSESpJw==
sec-websocket-version: 13
origin: http://localhost:50459
host: localhost:50459
accept: */*
user-agent: AHC/2.1

Response DefaultHttpResponse(decodeResult: success, version: HTTP/1.1)
HTTP/1.1 101 WebSocket Protocol Handshake
Upgrade: WebSocket
Connection: Upgrade
Sec-WebSocket-Accept: WDpmObIjXu2nwSSEg0X+Lvr7MXA=

11:16:04.137 [Forwarding get on session 717f6a4acff8fb977a07ef24ea2fe2a3 to remote] DEBUG org.asynchttpclient.netty.request.NettyRequestSender - Using pooled Channel '[id: 0x89545277, L:/127.0.0.1:50458 - R:localhost/127.0.0.1:39297]' for 'POST' to 'http://localhost:39297/session/717f6a4acff8fb977a07ef24ea2fe2a3/url'
11:16:04.137 [Forwarding get on session 717f6a4acff8fb977a07ef24ea2fe2a3 to remote] DEBUG org.asynchttpclient.netty.request.NettyRequestSender - Using open Channel [id: 0x89545277, L:/127.0.0.1:50458 - R:localhost/127.0.0.1:39297] for POST '/session/717f6a4acff8fb977a07ef24ea2fe2a3/url'
11:16:04.806 [AsyncHttpClient-1-1] DEBUG org.asynchttpclient.netty.channel.DefaultChannelPool - Entry count for : http://localhost:50459 : 1
11:16:05.905 [AsyncHttpClient-1-1] DEBUG org.asynchttpclient.netty.channel.DefaultChannelPool - Entry count for : http://localhost:50459 : 1
11:16:07.004 [AsyncHttpClient-1-1] DEBUG org.asynchttpclient.netty.channel.DefaultChannelPool - Entry count for : http://localhost:50459 : 1
11:16:08.104 [AsyncHttpClient-1-1] DEBUG org.asynchttpclient.netty.channel.DefaultChannelPool - Entry count for : http://localhost:50459 : 1
11:16:09.204 [AsyncHttpClient-1-1] DEBUG org.asynchttpclient.netty.channel.DefaultChannelPool - Entry count for : http://localhost:50459 : 1
11:16:10.306 [AsyncHttpClient-1-1] DEBUG org.asynchttpclient.netty.channel.DefaultChannelPool - Entry count for : http://localhost:50459 : 1
11:16:11.407 [AsyncHttpClient-1-1] DEBUG org.asynchttpclient.netty.channel.DefaultChannelPool - Entry count for : http://localhost:50459 : 1
11:16:12.504 [AsyncHttpClient-1-1] DEBUG org.asynchttpclient.netty.channel.DefaultChannelPool - Entry count for : http://localhost:50459 : 1
11:16:13.603 [AsyncHttpClient-1-1] DEBUG org.asynchttpclient.netty.channel.DefaultChannelPool - Entry count for : http://localhost:50459 : 1
11:16:14.703 [AsyncHttpClient-1-1] DEBUG org.asynchttpclient.netty.channel.DefaultChannelPool - Entry count for : http://localhost:50459 : 1
11:16:15.803 [AsyncHttpClient-1-1] DEBUG org.asynchttpclient.netty.channel.DefaultChannelPool - Entry count for : http://localhost:50459 : 1
11:16:16.904 [AsyncHttpClient-1-1] DEBUG org.asynchttpclient.netty.channel.DefaultChannelPool - Entry count for : http://localhost:50459 : 1
11:16:17.218 [AsyncHttpClient-1-11] DEBUG org.asynchttpclient.netty.handler.HttpHandler - 

Request DefaultHttpRequest(decodeResult: success, version: HTTP/1.1)
POST /session/717f6a4acff8fb977a07ef24ea2fe2a3/url HTTP/1.1
User-Agent: selenium/4.8.1 (java windows)
Content-Length: 54
Content-Type: application/json; charset=utf-8
host: localhost:39297
accept: */*

Response DefaultHttpResponse(decodeResult: success, version: HTTP/1.1)
HTTP/1.1 200 OK
Content-Length: 14
Content-Type: application/json; charset=utf-8
cache-control: no-cache

11:16:17.218 [AsyncHttpClient-1-11] DEBUG org.asynchttpclient.netty.channel.ChannelManager - Adding key: http://localhost:39297 for channel [id: 0x89545277, L:/127.0.0.1:50458 - R:localhost/127.0.0.1:39297]
11:16:17.220 [Forwarding setTimeout on session 717f6a4acff8fb977a07ef24ea2fe2a3 to remote] DEBUG org.asynchttpclient.netty.request.NettyRequestSender - Using pooled Channel '[id: 0x89545277, L:/127.0.0.1:50458 - R:localhost/127.0.0.1:39297]' for 'POST' to 'http://localhost:39297/session/717f6a4acff8fb977a07ef24ea2fe2a3/timeouts'
11:16:17.220 [Forwarding setTimeout on session 717f6a4acff8fb977a07ef24ea2fe2a3 to remote] DEBUG org.asynchttpclient.netty.request.NettyRequestSender - Using open Channel [id: 0x89545277, L:/127.0.0.1:50458 - R:localhost/127.0.0.1:39297] for POST '/session/717f6a4acff8fb977a07ef24ea2fe2a3/timeouts'
11:16:17.222 [AsyncHttpClient-1-11] DEBUG org.asynchttpclient.netty.handler.HttpHandler - 

Request DefaultHttpRequest(decodeResult: success, version: HTTP/1.1)
POST /session/717f6a4acff8fb977a07ef24ea2fe2a3/timeouts HTTP/1.1
User-Agent: selenium/4.8.1 (java windows)
Content-Length: 22
Content-Type: application/json; charset=utf-8
host: localhost:39297
accept: */*

Response DefaultHttpResponse(decodeResult: success, version: HTTP/1.1)
HTTP/1.1 200 OK
Content-Length: 14
Content-Type: application/json; charset=utf-8
cache-control: no-cache

11:16:17.222 [AsyncHttpClient-1-11] DEBUG org.asynchttpclient.netty.channel.ChannelManager - Adding key: http://localhost:39297 for channel [id: 0x89545277, L:/127.0.0.1:50458 - R:localhost/127.0.0.1:39297]
11:16:17.232 [main] DEBUG net.serenitybdd.core.photography.Darkroom - Opening darkroom
11:16:17.233 [Darkroom Processing Line] DEBUG net.serenitybdd.core.photography.DarkroomProcessingLine - Darkroom processing line starting up
11:16:17.234 [Forwarding getAlertText on session 717f6a4acff8fb977a07ef24ea2fe2a3 to remote] DEBUG org.asynchttpclient.netty.request.NettyRequestSender - Using pooled Channel '[id: 0x89545277, L:/127.0.0.1:50458 - R:localhost/127.0.0.1:39297]' for 'GET' to 'http://localhost:39297/session/717f6a4acff8fb977a07ef24ea2fe2a3/alert/text'
11:16:17.234 [Forwarding getAlertText on session 717f6a4acff8fb977a07ef24ea2fe2a3 to remote] DEBUG org.asynchttpclient.netty.request.NettyRequestSender - Using open Channel [id: 0x89545277, L:/127.0.0.1:50458 - R:localhost/127.0.0.1:39297] for GET '/session/717f6a4acff8fb977a07ef24ea2fe2a3/alert/text'
11:16:17.236 [AsyncHttpClient-1-11] DEBUG org.asynchttpclient.netty.handler.HttpHandler - 

Request DefaultFullHttpRequest(decodeResult: success, version: HTTP/1.1, content: EmptyByteBufBE)
GET /session/717f6a4acff8fb977a07ef24ea2fe2a3/alert/text HTTP/1.1
User-Agent: selenium/4.8.1 (java windows)
Cache-Control: no-cache
Content-Type: application/json; charset=utf-8
host: localhost:39297
accept: */*

Response DefaultHttpResponse(decodeResult: success, version: HTTP/1.1)
HTTP/1.1 404 Not Found
Content-Length: 836
Content-Type: application/json; charset=utf-8
cache-control: no-cache

11:16:17.236 [AsyncHttpClient-1-11] DEBUG org.asynchttpclient.netty.channel.ChannelManager - Adding key: http://localhost:39297 for channel [id: 0x89545277, L:/127.0.0.1:50458 - R:localhost/127.0.0.1:39297]
11:16:17.238 [Forwarding getCurrentUrl on session 717f6a4acff8fb977a07ef24ea2fe2a3 to remote] DEBUG org.asynchttpclient.netty.request.NettyRequestSender - Using pooled Channel '[id: 0x89545277, L:/127.0.0.1:50458 - R:localhost/127.0.0.1:39297]' for 'GET' to 'http://localhost:39297/session/717f6a4acff8fb977a07ef24ea2fe2a3/url'
11:16:17.239 [Forwarding getCurrentUrl on session 717f6a4acff8fb977a07ef24ea2fe2a3 to remote] DEBUG org.asynchttpclient.netty.request.NettyRequestSender - Using open Channel [id: 0x89545277, L:/127.0.0.1:50458 - R:localhost/127.0.0.1:39297] for GET '/session/717f6a4acff8fb977a07ef24ea2fe2a3/url'
11:16:17.280 [AsyncHttpClient-1-11] DEBUG org.asynchttpclient.netty.handler.HttpHandler - 

Request DefaultFullHttpRequest(decodeResult: success, version: HTTP/1.1, content: EmptyByteBufBE)
GET /session/717f6a4acff8fb977a07ef24ea2fe2a3/url HTTP/1.1
User-Agent: selenium/4.8.1 (java windows)
Cache-Control: no-cache
Content-Type: application/json; charset=utf-8
host: localhost:39297
accept: */*

Response DefaultHttpResponse(decodeResult: success, version: HTTP/1.1)
HTTP/1.1 200 OK
Content-Length: 36
Content-Type: application/json; charset=utf-8
cache-control: no-cache

11:16:17.280 [AsyncHttpClient-1-11] DEBUG org.asynchttpclient.netty.channel.ChannelManager - Adding key: http://localhost:39297 for channel [id: 0x89545277, L:/127.0.0.1:50458 - R:localhost/127.0.0.1:39297]
11:16:17.281 [Forwarding screenshot on session 717f6a4acff8fb977a07ef24ea2fe2a3 to remote] DEBUG org.asynchttpclient.netty.request.NettyRequestSender - Using pooled Channel '[id: 0x89545277, L:/127.0.0.1:50458 - R:localhost/127.0.0.1:39297]' for 'GET' to 'http://localhost:39297/session/717f6a4acff8fb977a07ef24ea2fe2a3/screenshot'
11:16:17.282 [Forwarding screenshot on session 717f6a4acff8fb977a07ef24ea2fe2a3 to remote] DEBUG org.asynchttpclient.netty.request.NettyRequestSender - Using open Channel [id: 0x89545277, L:/127.0.0.1:50458 - R:localhost/127.0.0.1:39297] for GET '/session/717f6a4acff8fb977a07ef24ea2fe2a3/screenshot'
11:16:18.008 [AsyncHttpClient-1-1] DEBUG org.asynchttpclient.netty.channel.DefaultChannelPool - Entry count for : http://localhost:50459 : 1
11:16:18.043 [AsyncHttpClient-1-11] DEBUG org.asynchttpclient.netty.handler.HttpHandler - 

Request DefaultFullHttpRequest(decodeResult: success, version: HTTP/1.1, content: EmptyByteBufBE)
GET /session/717f6a4acff8fb977a07ef24ea2fe2a3/screenshot HTTP/1.1
User-Agent: selenium/4.8.1 (java windows)
Cache-Control: no-cache
Content-Type: application/json; charset=utf-8
host: localhost:39297
accept: */*

Response DefaultHttpResponse(decodeResult: success, version: HTTP/1.1)
HTTP/1.1 200 OK
Content-Length: 220168
Content-Type: application/json; charset=utf-8
cache-control: no-cache

11:16:18.045 [AsyncHttpClient-1-11] DEBUG org.asynchttpclient.netty.channel.ChannelManager - Adding key: http://localhost:39297 for channel [id: 0x89545277, L:/127.0.0.1:50458 - R:localhost/127.0.0.1:39297]
11:16:18.050 [main] DEBUG net.serenitybdd.core.photography.Darkroom - Send negative for processing for target\site\serenity\7f30c6316d6686822e0f510fa2e00d2f7e06c4088b612f9120279fec8fc46f39.png
11:16:18.050 [main] DEBUG net.thucydides.core.steps.StepInterceptor - STEP DONE: openPage
  &amp#27;[32mGiven &amp#27;[0m&amp#27;[32mI am on the home page&amp#27;[0m                                   &amp#27;[90m# starter.stepdefintions.SelectProductSteps.onTheHomePage()&amp#27;[0m
11:16:18.050 [Darkroom Processing Line] DEBUG net.serenitybdd.core.photography.DarkroomProcessingLine - Processing screenshot image in /var/screenshots/screenshot-6389139323846776556
11:16:18.050 [Darkroom Processing Line] DEBUG net.serenitybdd.core.photography.DarkroomProcessingLine - Saving screenshot to target\site\serenity\7f30c6316d6686822e0f510fa2e00d2f7e06c4088b612f9120279fec8fc46f39.png
11:16:18.059 [Forwarding getPageSource on session 717f6a4acff8fb977a07ef24ea2fe2a3 to remote] DEBUG org.asynchttpclient.netty.request.NettyRequestSender - Using pooled Channel '[id: 0x89545277, L:/127.0.0.1:50458 - R:localhost/127.0.0.1:39297]' for 'POST' to 'http://localhost:39297/session/717f6a4acff8fb977a07ef24ea2fe2a3/execute/sync'
11:16:18.059 [Forwarding getPageSource on session 717f6a4acff8fb977a07ef24ea2fe2a3 to remote] DEBUG org.asynchttpclient.netty.request.NettyRequestSender - Using open Channel [id: 0x89545277, L:/127.0.0.1:50458 - R:localhost/127.0.0.1:39297] for POST '/session/717f6a4acff8fb977a07ef24ea2fe2a3/execute/sync'
11:16:18.090 [AsyncHttpClient-1-11] DEBUG org.asynchttpclient.netty.handler.HttpHandler - 

Request DefaultHttpRequest(decodeResult: success, version: HTTP/1.1)
POST /session/717f6a4acff8fb977a07ef24ea2fe2a3/execute/sync HTTP/1.1
User-Agent: selenium/4.8.1 (java windows)
Content-Length: 176
Content-Type: application/json; charset=utf-8
host: localhost:39297
accept: */*

Response DefaultHttpResponse(decodeResult: success, version: HTTP/1.1)
HTTP/1.1 200 OK
Content-Length: 182431
Content-Type: application/json; charset=utf-8
cache-control: no-cache

11:16:18.091 [AsyncHttpClient-1-11] DEBUG org.asynchttpclient.netty.channel.ChannelManager - Adding key: http://localhost:39297 for channel [id: 0x89545277, L:/127.0.0.1:50458 - R:localhost/127.0.0.1:39297]
11:16:18.127 [Forwarding getCurrentUrl on session 717f6a4acff8fb977a07ef24ea2fe2a3 to remote] DEBUG org.asynchttpclient.netty.request.NettyRequestSender - Using pooled Channel '[id: 0x89545277, L:/127.0.0.1:50458 - R:localhost/127.0.0.1:39297]' for 'GET' to 'http://localhost:39297/session/717f6a4acff8fb977a07ef24ea2fe2a3/url'
11:16:18.127 [Forwarding getCurrentUrl on session 717f6a4acff8fb977a07ef24ea2fe2a3 to remote] DEBUG org.asynchttpclient.netty.request.NettyRequestSender - Using open Channel [id: 0x89545277, L:/127.0.0.1:50458 - R:localhost/127.0.0.1:39297] for GET '/session/717f6a4acff8fb977a07ef24ea2fe2a3/url'
11:16:18.137 [AsyncHttpClient-1-11] DEBUG org.asynchttpclient.netty.handler.HttpHandler - 

Request DefaultFullHttpRequest(decodeResult: success, version: HTTP/1.1, content: EmptyByteBufBE)
GET /session/717f6a4acff8fb977a07ef24ea2fe2a3/url HTTP/1.1
User-Agent: selenium/4.8.1 (java windows)
Cache-Control: no-cache
Content-Type: application/json; charset=utf-8
host: localhost:39297
accept: */*

Response DefaultHttpResponse(decodeResult: success, version: HTTP/1.1)
HTTP/1.1 200 OK
Content-Length: 36
Content-Type: application/json; charset=utf-8
cache-control: no-cache

11:16:18.137 [AsyncHttpClient-1-11] DEBUG org.asynchttpclient.netty.channel.ChannelManager - Adding key: http://localhost:39297 for channel [id: 0x89545277, L:/127.0.0.1:50458 - R:localhost/127.0.0.1:39297]
11:16:18.168 [Forwarding getAlertText on session 717f6a4acff8fb977a07ef24ea2fe2a3 to remote] DEBUG org.asynchttpclient.netty.request.NettyRequestSender - Using pooled Channel '[id: 0x89545277, L:/127.0.0.1:50458 - R:localhost/127.0.0.1:39297]' for 'GET' to 'http://localhost:39297/session/717f6a4acff8fb977a07ef24ea2fe2a3/alert/text'
11:16:18.168 [Forwarding getAlertText on session 717f6a4acff8fb977a07ef24ea2fe2a3 to remote] DEBUG org.asynchttpclient.netty.request.NettyRequestSender - Using open Channel [id: 0x89545277, L:/127.0.0.1:50458 - R:localhost/127.0.0.1:39297] for GET '/session/717f6a4acff8fb977a07ef24ea2fe2a3/alert/text'
11:16:18.172 [AsyncHttpClient-1-11] DEBUG org.asynchttpclient.netty.handler.HttpHandler - 

Request DefaultFullHttpRequest(decodeResult: success, version: HTTP/1.1, content: EmptyByteBufBE)
GET /session/717f6a4acff8fb977a07ef24ea2fe2a3/alert/text HTTP/1.1
User-Agent: selenium/4.8.1 (java windows)
Cache-Control: no-cache
Content-Type: application/json; charset=utf-8
host: localhost:39297
accept: */*

Response DefaultHttpResponse(decodeResult: success, version: HTTP/1.1)
HTTP/1.1 404 Not Found
Content-Length: 836
Content-Type: application/json; charset=utf-8
cache-control: no-cache

11:16:18.173 [AsyncHttpClient-1-11] DEBUG org.asynchttpclient.netty.channel.ChannelManager - Adding key: http://localhost:39297 for channel [id: 0x89545277, L:/127.0.0.1:50458 - R:localhost/127.0.0.1:39297]
11:16:18.176 [Forwarding getCurrentUrl on session 717f6a4acff8fb977a07ef24ea2fe2a3 to remote] DEBUG org.asynchttpclient.netty.request.NettyRequestSender - Using pooled Channel '[id: 0x89545277, L:/127.0.0.1:50458 - R:localhost/127.0.0.1:39297]' for 'GET' to 'http://localhost:39297/session/717f6a4acff8fb977a07ef24ea2fe2a3/url'
11:16:18.176 [Forwarding getCurrentUrl on session 717f6a4acff8fb977a07ef24ea2fe2a3 to remote] DEBUG org.asynchttpclient.netty.request.NettyRequestSender - Using open Channel [id: 0x89545277, L:/127.0.0.1:50458 - R:localhost/127.0.0.1:39297] for GET '/session/717f6a4acff8fb977a07ef24ea2fe2a3/url'
11:16:18.186 [AsyncHttpClient-1-11] DEBUG org.asynchttpclient.netty.handler.HttpHandler - 

Request DefaultFullHttpRequest(decodeResult: success, version: HTTP/1.1, content: EmptyByteBufBE)
GET /session/717f6a4acff8fb977a07ef24ea2fe2a3/url HTTP/1.1
User-Agent: selenium/4.8.1 (java windows)
Cache-Control: no-cache
Content-Type: application/json; charset=utf-8
host: localhost:39297
accept: */*

Response DefaultHttpResponse(decodeResult: success, version: HTTP/1.1)
HTTP/1.1 200 OK
Content-Length: 36
Content-Type: application/json; charset=utf-8
cache-control: no-cache

11:16:18.186 [AsyncHttpClient-1-11] DEBUG org.asynchttpclient.netty.channel.ChannelManager - Adding key: http://localhost:39297 for channel [id: 0x89545277, L:/127.0.0.1:50458 - R:localhost/127.0.0.1:39297]
11:16:18.188 [Forwarding screenshot on session 717f6a4acff8fb977a07ef24ea2fe2a3 to remote] DEBUG org.asynchttpclient.netty.request.NettyRequestSender - Using pooled Channel '[id: 0x89545277, L:/127.0.0.1:50458 - R:localhost/127.0.0.1:39297]' for 'GET' to 'http://localhost:39297/session/717f6a4acff8fb977a07ef24ea2fe2a3/screenshot'
11:16:18.188 [Forwarding screenshot on session 717f6a4acff8fb977a07ef24ea2fe2a3 to remote] DEBUG org.asynchttpclient.netty.request.NettyRequestSender - Using open Channel [id: 0x89545277, L:/127.0.0.1:50458 - R:localhost/127.0.0.1:39297] for GET '/session/717f6a4acff8fb977a07ef24ea2fe2a3/screenshot'
11:16:18.594 [AsyncHttpClient-1-11] DEBUG org.asynchttpclient.netty.handler.HttpHandler - 

Request DefaultFullHttpRequest(decodeResult: success, version: HTTP/1.1, content: EmptyByteBufBE)
GET /session/717f6a4acff8fb977a07ef24ea2fe2a3/screenshot HTTP/1.1
User-Agent: selenium/4.8.1 (java windows)
Cache-Control: no-cache
Content-Type: application/json; charset=utf-8
host: localhost:39297
accept: */*

Response DefaultHttpResponse(decodeResult: success, version: HTTP/1.1)
HTTP/1.1 200 OK
Content-Length: 240696
Content-Type: application/json; charset=utf-8
cache-control: no-cache

11:16:18.595 [AsyncHttpClient-1-11] DEBUG org.asynchttpclient.netty.channel.ChannelManager - Adding key: http://localhost:39297 for channel [id: 0x89545277, L:/127.0.0.1:50458 - R:localhost/127.0.0.1:39297]
11:16:18.606 [main] DEBUG net.serenitybdd.core.photography.Darkroom - Send negative for processing for target\site\serenity\37927f2b39391636786eba0ca8f109ddc6a7ecba916ff8d6af8ef0888d9856c8.png
11:16:18.606 [Darkroom Processing Line] DEBUG net.serenitybdd.core.photography.DarkroomProcessingLine - Processing screenshot image in /var/screenshots/screenshot-13098951713334207731
11:16:18.607 [Darkroom Processing Line] DEBUG net.serenitybdd.core.photography.DarkroomProcessingLine - Saving screenshot to target\site\serenity\37927f2b39391636786eba0ca8f109ddc6a7ecba916ff8d6af8ef0888d9856c8.png
11:16:18.608 [Forwarding getPageSource on session 717f6a4acff8fb977a07ef24ea2fe2a3 to remote] DEBUG org.asynchttpclient.netty.request.NettyRequestSender - Using pooled Channel '[id: 0x89545277, L:/127.0.0.1:50458 - R:localhost/127.0.0.1:39297]' for 'POST' to 'http://localhost:39297/session/717f6a4acff8fb977a07ef24ea2fe2a3/execute/sync'
11:16:18.608 [Forwarding getPageSource on session 717f6a4acff8fb977a07ef24ea2fe2a3 to remote] DEBUG org.asynchttpclient.netty.request.NettyRequestSender - Using open Channel [id: 0x89545277, L:/127.0.0.1:50458 - R:localhost/127.0.0.1:39297] for POST '/session/717f6a4acff8fb977a07ef24ea2fe2a3/execute/sync'
11:16:18.648 [AsyncHttpClient-1-11] DEBUG org.asynchttpclient.netty.handler.HttpHandler - 

Request DefaultHttpRequest(decodeResult: success, version: HTTP/1.1)
POST /session/717f6a4acff8fb977a07ef24ea2fe2a3/execute/sync HTTP/1.1
User-Agent: selenium/4.8.1 (java windows)
Content-Length: 176
Content-Type: application/json; charset=utf-8
host: localhost:39297
accept: */*

Response DefaultHttpResponse(decodeResult: success, version: HTTP/1.1)
HTTP/1.1 200 OK
Content-Length: 182431
Content-Type: application/json; charset=utf-8
cache-control: no-cache

11:16:18.649 [AsyncHttpClient-1-11] DEBUG org.asynchttpclient.netty.channel.ChannelManager - Adding key: http://localhost:39297 for channel [id: 0x89545277, L:/127.0.0.1:50458 - R:localhost/127.0.0.1:39297]
11:16:18.675 [Forwarding getCurrentUrl on session 717f6a4acff8fb977a07ef24ea2fe2a3 to remote] DEBUG org.asynchttpclient.netty.request.NettyRequestSender - Using pooled Channel '[id: 0x89545277, L:/127.0.0.1:50458 - R:localhost/127.0.0.1:39297]' for 'GET' to 'http://localhost:39297/session/717f6a4acff8fb977a07ef24ea2fe2a3/url'
11:16:18.675 [Forwarding getCurrentUrl on session 717f6a4acff8fb977a07ef24ea2fe2a3 to remote] DEBUG org.asynchttpclient.netty.request.NettyRequestSender - Using open Channel [id: 0x89545277, L:/127.0.0.1:50458 - R:localhost/127.0.0.1:39297] for GET '/session/717f6a4acff8fb977a07ef24ea2fe2a3/url'
11:16:18.682 [AsyncHttpClient-1-11] DEBUG org.asynchttpclient.netty.handler.HttpHandler - 

Request DefaultFullHttpRequest(decodeResult: success, version: HTTP/1.1, content: EmptyByteBufBE)
GET /session/717f6a4acff8fb977a07ef24ea2fe2a3/url HTTP/1.1
User-Agent: selenium/4.8.1 (java windows)
Cache-Control: no-cache
Content-Type: application/json; charset=utf-8
host: localhost:39297
accept: */*

Response DefaultHttpResponse(decodeResult: success, version: HTTP/1.1)
HTTP/1.1 200 OK
Content-Length: 36
Content-Type: application/json; charset=utf-8
cache-control: no-cache

11:16:18.683 [AsyncHttpClient-1-11] DEBUG org.asynchttpclient.netty.channel.ChannelManager - Adding key: http://localhost:39297 for channel [id: 0x89545277, L:/127.0.0.1:50458 - R:localhost/127.0.0.1:39297]
11:16:18.688 [main] DEBUG net.thucydides.core.steps.StepInterceptor - STARTING STEP: SelectProductSteps.clickIsiPulsa - clickProductItem
11:16:18.694 [Forwarding findElement on session 717f6a4acff8fb977a07ef24ea2fe2a3 to remote] DEBUG org.asynchttpclient.netty.request.NettyRequestSender - Using pooled Channel '[id: 0x89545277, L:/127.0.0.1:50458 - R:localhost/127.0.0.1:39297]' for 'POST' to 'http://localhost:39297/session/717f6a4acff8fb977a07ef24ea2fe2a3/element'
11:16:18.694 [Forwarding findElement on session 717f6a4acff8fb977a07ef24ea2fe2a3 to remote] DEBUG org.asynchttpclient.netty.request.NettyRequestSender - Using open Channel [id: 0x89545277, L:/127.0.0.1:50458 - R:localhost/127.0.0.1:39297] for POST '/session/717f6a4acff8fb977a07ef24ea2fe2a3/element'
11:16:18.717 [AsyncHttpClient-1-11] DEBUG org.asynchttpclient.netty.handler.HttpHandler - 

Request DefaultHttpRequest(decodeResult: success, version: HTTP/1.1)
POST /session/717f6a4acff8fb977a07ef24ea2fe2a3/element HTTP/1.1
User-Agent: selenium/4.8.1 (java windows)
Content-Length: 59
Content-Type: application/json; charset=utf-8
host: localhost:39297
accept: */*

Response DefaultHttpResponse(decodeResult: success, version: HTTP/1.1)
HTTP/1.1 200 OK
Content-Length: 88
Content-Type: application/json; charset=utf-8
cache-control: no-cache

11:16:18.718 [AsyncHttpClient-1-11] DEBUG org.asynchttpclient.netty.channel.ChannelManager - Adding key: http://localhost:39297 for channel [id: 0x89545277, L:/127.0.0.1:50458 - R:localhost/127.0.0.1:39297]
11:16:18.720 [Forwarding getElementTagName on session 717f6a4acff8fb977a07ef24ea2fe2a3 to remote] DEBUG org.asynchttpclient.netty.request.NettyRequestSender - Using pooled Channel '[id: 0x89545277, L:/127.0.0.1:50458 - R:localhost/127.0.0.1:39297]' for 'GET' to 'http://localhost:39297/session/717f6a4acff8fb977a07ef24ea2fe2a3/element/23ee8554-1b99-4e8d-be92-e2b1dad57905/name'
11:16:18.720 [Forwarding getElementTagName on session 717f6a4acff8fb977a07ef24ea2fe2a3 to remote] DEBUG org.asynchttpclient.netty.request.NettyRequestSender - Using open Channel [id: 0x89545277, L:/127.0.0.1:50458 - R:localhost/127.0.0.1:39297] for GET '/session/717f6a4acff8fb977a07ef24ea2fe2a3/element/23ee8554-1b99-4e8d-be92-e2b1dad57905/name'
11:16:18.728 [AsyncHttpClient-1-11] DEBUG org.asynchttpclient.netty.handler.HttpHandler - 

Request DefaultFullHttpRequest(decodeResult: success, version: HTTP/1.1, content: EmptyByteBufBE)
GET /session/717f6a4acff8fb977a07ef24ea2fe2a3/element/23ee8554-1b99-4e8d-be92-e2b1dad57905/name HTTP/1.1
User-Agent: selenium/4.8.1 (java windows)
Cache-Control: no-cache
Content-Type: application/json; charset=utf-8
host: localhost:39297
accept: */*

Response DefaultHttpResponse(decodeResult: success, version: HTTP/1.1)
HTTP/1.1 200 OK
Content-Length: 15
Content-Type: application/json; charset=utf-8
cache-control: no-cache

11:16:18.729 [AsyncHttpClient-1-11] DEBUG org.asynchttpclient.netty.channel.ChannelManager - Adding key: http://localhost:39297 for channel [id: 0x89545277, L:/127.0.0.1:50458 - R:localhost/127.0.0.1:39297]
11:16:18.731 [Forwarding getElementTagName on session 717f6a4acff8fb977a07ef24ea2fe2a3 to remote] DEBUG org.asynchttpclient.netty.request.NettyRequestSender - Using pooled Channel '[id: 0x89545277, L:/127.0.0.1:50458 - R:localhost/127.0.0.1:39297]' for 'GET' to 'http://localhost:39297/session/717f6a4acff8fb977a07ef24ea2fe2a3/element/23ee8554-1b99-4e8d-be92-e2b1dad57905/name'
11:16:18.731 [Forwarding getElementTagName on session 717f6a4acff8fb977a07ef24ea2fe2a3 to remote] DEBUG org.asynchttpclient.netty.request.NettyRequestSender - Using open Channel [id: 0x89545277, L:/127.0.0.1:50458 - R:localhost/127.0.0.1:39297] for GET '/session/717f6a4acff8fb977a07ef24ea2fe2a3/element/23ee8554-1b99-4e8d-be92-e2b1dad57905/name'
11:16:18.738 [AsyncHttpClient-1-11] DEBUG org.asynchttpclient.netty.handler.HttpHandler - 

Request DefaultFullHttpRequest(decodeResult: success, version: HTTP/1.1, content: EmptyByteBufBE)
GET /session/717f6a4acff8fb977a07ef24ea2fe2a3/element/23ee8554-1b99-4e8d-be92-e2b1dad57905/name HTTP/1.1
User-Agent: selenium/4.8.1 (java windows)
Cache-Control: no-cache
Content-Type: application/json; charset=utf-8
host: localhost:39297
accept: */*

Response DefaultHttpResponse(decodeResult: success, version: HTTP/1.1)
HTTP/1.1 200 OK
Content-Length: 15
Content-Type: application/json; charset=utf-8
cache-control: no-cache

11:16:18.738 [AsyncHttpClient-1-11] DEBUG org.asynchttpclient.netty.channel.ChannelManager - Adding key: http://localhost:39297 for channel [id: 0x89545277, L:/127.0.0.1:50458 - R:localhost/127.0.0.1:39297]
11:16:18.742 [Forwarding findElement on session 717f6a4acff8fb977a07ef24ea2fe2a3 to remote] DEBUG org.asynchttpclient.netty.request.NettyRequestSender - Using pooled Channel '[id: 0x89545277, L:/127.0.0.1:50458 - R:localhost/127.0.0.1:39297]' for 'POST' to 'http://localhost:39297/session/717f6a4acff8fb977a07ef24ea2fe2a3/element'
11:16:18.742 [Forwarding findElement on session 717f6a4acff8fb977a07ef24ea2fe2a3 to remote] DEBUG org.asynchttpclient.netty.request.NettyRequestSender - Using open Channel [id: 0x89545277, L:/127.0.0.1:50458 - R:localhost/127.0.0.1:39297] for POST '/session/717f6a4acff8fb977a07ef24ea2fe2a3/element'
11:16:18.758 [AsyncHttpClient-1-11] DEBUG org.asynchttpclient.netty.handler.HttpHandler - 

Request DefaultHttpRequest(decodeResult: success, version: HTTP/1.1)
POST /session/717f6a4acff8fb977a07ef24ea2fe2a3/element HTTP/1.1
User-Agent: selenium/4.8.1 (java windows)
Content-Length: 59
Content-Type: application/json; charset=utf-8
host: localhost:39297
accept: */*

Response DefaultHttpResponse(decodeResult: success, version: HTTP/1.1)
HTTP/1.1 200 OK
Content-Length: 88
Content-Type: application/json; charset=utf-8
cache-control: no-cache

11:16:18.759 [AsyncHttpClient-1-11] DEBUG org.asynchttpclient.netty.channel.ChannelManager - Adding key: http://localhost:39297 for channel [id: 0x89545277, L:/127.0.0.1:50458 - R:localhost/127.0.0.1:39297]
11:16:18.761 [Forwarding clickElement on session 717f6a4acff8fb977a07ef24ea2fe2a3 to remote] DEBUG org.asynchttpclient.netty.request.NettyRequestSender - Using pooled Channel '[id: 0x89545277, L:/127.0.0.1:50458 - R:localhost/127.0.0.1:39297]' for 'POST' to 'http://localhost:39297/session/717f6a4acff8fb977a07ef24ea2fe2a3/element/23ee8554-1b99-4e8d-be92-e2b1dad57905/click'
11:16:18.761 [Forwarding clickElement on session 717f6a4acff8fb977a07ef24ea2fe2a3 to remote] DEBUG org.asynchttpclient.netty.request.NettyRequestSender - Using open Channel [id: 0x89545277, L:/127.0.0.1:50458 - R:localhost/127.0.0.1:39297] for POST '/session/717f6a4acff8fb977a07ef24ea2fe2a3/element/23ee8554-1b99-4e8d-be92-e2b1dad57905/click'
11:16:19.104 [AsyncHttpClient-1-1] DEBUG org.asynchttpclient.netty.channel.DefaultChannelPool - Entry count for : http://localhost:50459 : 1
11:16:19.849 [AsyncHttpClient-1-11] DEBUG org.asynchttpclient.netty.handler.HttpHandler - 

Request DefaultHttpRequest(decodeResult: success, version: HTTP/1.1)
POST /session/717f6a4acff8fb977a07ef24ea2fe2a3/element/23ee8554-1b99-4e8d-be92-e2b1dad57905/click HTTP/1.1
User-Agent: selenium/4.8.1 (java windows)
Content-Length: 50
Content-Type: application/json; charset=utf-8
host: localhost:39297
accept: */*

Response DefaultHttpResponse(decodeResult: success, version: HTTP/1.1)
HTTP/1.1 200 OK
Content-Length: 14
Content-Type: application/json; charset=utf-8
cache-control: no-cache

11:16:19.849 [AsyncHttpClient-1-11] DEBUG org.asynchttpclient.netty.channel.ChannelManager - Adding key: http://localhost:39297 for channel [id: 0x89545277, L:/127.0.0.1:50458 - R:localhost/127.0.0.1:39297]
11:16:19.868 [Forwarding getAlertText on session 717f6a4acff8fb977a07ef24ea2fe2a3 to remote] DEBUG org.asynchttpclient.netty.request.NettyRequestSender - Using pooled Channel '[id: 0x89545277, L:/127.0.0.1:50458 - R:localhost/127.0.0.1:39297]' for 'GET' to 'http://localhost:39297/session/717f6a4acff8fb977a07ef24ea2fe2a3/alert/text'
11:16:19.868 [Forwarding getAlertText on session 717f6a4acff8fb977a07ef24ea2fe2a3 to remote] DEBUG org.asynchttpclient.netty.request.NettyRequestSender - Using open Channel [id: 0x89545277, L:/127.0.0.1:50458 - R:localhost/127.0.0.1:39297] for GET '/session/717f6a4acff8fb977a07ef24ea2fe2a3/alert/text'
11:16:19.999 [AsyncHttpClient-1-11] DEBUG org.asynchttpclient.netty.handler.HttpHandler - 

Request DefaultFullHttpRequest(decodeResult: success, version: HTTP/1.1, content: EmptyByteBufBE)
GET /session/717f6a4acff8fb977a07ef24ea2fe2a3/alert/text HTTP/1.1
User-Agent: selenium/4.8.1 (java windows)
Cache-Control: no-cache
Content-Type: application/json; charset=utf-8
host: localhost:39297
accept: */*

Response DefaultHttpResponse(decodeResult: success, version: HTTP/1.1)
HTTP/1.1 404 Not Found
Content-Length: 836
Content-Type: application/json; charset=utf-8
cache-control: no-cache

11:16:19.999 [AsyncHttpClient-1-11] DEBUG org.asynchttpclient.netty.channel.ChannelManager - Adding key: http://localhost:39297 for channel [id: 0x89545277, L:/127.0.0.1:50458 - R:localhost/127.0.0.1:39297]
11:16:20.000 [Forwarding getCurrentUrl on session 717f6a4acff8fb977a07ef24ea2fe2a3 to remote] DEBUG org.asynchttpclient.netty.request.NettyRequestSender - Using pooled Channel '[id: 0x89545277, L:/127.0.0.1:50458 - R:localhost/127.0.0.1:39297]' for 'GET' to 'http://localhost:39297/session/717f6a4acff8fb977a07ef24ea2fe2a3/url'
11:16:20.000 [Forwarding getCurrentUrl on session 717f6a4acff8fb977a07ef24ea2fe2a3 to remote] DEBUG org.asynchttpclient.netty.request.NettyRequestSender - Using open Channel [id: 0x89545277, L:/127.0.0.1:50458 - R:localhost/127.0.0.1:39297] for GET '/session/717f6a4acff8fb977a07ef24ea2fe2a3/url'
11:16:20.005 [AsyncHttpClient-1-11] DEBUG org.asynchttpclient.netty.handler.HttpHandler - 

Request DefaultFullHttpRequest(decodeResult: success, version: HTTP/1.1, content: EmptyByteBufBE)
GET /session/717f6a4acff8fb977a07ef24ea2fe2a3/url HTTP/1.1
User-Agent: selenium/4.8.1 (java windows)
Cache-Control: no-cache
Content-Type: application/json; charset=utf-8
host: localhost:39297
accept: */*

Response DefaultHttpResponse(decodeResult: success, version: HTTP/1.1)
HTTP/1.1 200 OK
Content-Length: 53
Content-Type: application/json; charset=utf-8
cache-control: no-cache

11:16:20.005 [AsyncHttpClient-1-11] DEBUG org.asynchttpclient.netty.channel.ChannelManager - Adding key: http://localhost:39297 for channel [id: 0x89545277, L:/127.0.0.1:50458 - R:localhost/127.0.0.1:39297]
11:16:20.006 [Forwarding screenshot on session 717f6a4acff8fb977a07ef24ea2fe2a3 to remote] DEBUG org.asynchttpclient.netty.request.NettyRequestSender - Using pooled Channel '[id: 0x89545277, L:/127.0.0.1:50458 - R:localhost/127.0.0.1:39297]' for 'GET' to 'http://localhost:39297/session/717f6a4acff8fb977a07ef24ea2fe2a3/screenshot'
11:16:20.006 [Forwarding screenshot on session 717f6a4acff8fb977a07ef24ea2fe2a3 to remote] DEBUG org.asynchttpclient.netty.request.NettyRequestSender - Using open Channel [id: 0x89545277, L:/127.0.0.1:50458 - R:localhost/127.0.0.1:39297] for GET '/session/717f6a4acff8fb977a07ef24ea2fe2a3/screenshot'
11:16:20.202 [AsyncHttpClient-1-1] DEBUG org.asynchttpclient.netty.channel.DefaultChannelPool - Entry count for : http://localhost:50459 : 1
11:16:20.449 [AsyncHttpClient-1-11] DEBUG org.asynchttpclient.netty.handler.HttpHandler - 

Request DefaultFullHttpRequest(decodeResult: success, version: HTTP/1.1, content: EmptyByteBufBE)
GET /session/717f6a4acff8fb977a07ef24ea2fe2a3/screenshot HTTP/1.1
User-Agent: selenium/4.8.1 (java windows)
Cache-Control: no-cache
Content-Type: application/json; charset=utf-8
host: localhost:39297
accept: */*

Response DefaultHttpResponse(decodeResult: success, version: HTTP/1.1)
HTTP/1.1 200 OK
Content-Length: 239504
Content-Type: application/json; charset=utf-8
cache-control: no-cache

11:16:20.450 [AsyncHttpClient-1-11] DEBUG org.asynchttpclient.netty.channel.ChannelManager - Adding key: http://localhost:39297 for channel [id: 0x89545277, L:/127.0.0.1:50458 - R:localhost/127.0.0.1:39297]
11:16:20.458 [main] DEBUG net.serenitybdd.core.photography.Darkroom - Send negative for processing for target\site\serenity\4f1d4408c79fd745261551de7a2e872308427bc5e1a0e251346e04ed6140dd4d.png
11:16:20.458 [main] DEBUG net.thucydides.core.steps.StepInterceptor - STEP DONE: clickProductItem
  &amp#27;[32mWhen &amp#27;[0m&amp#27;[32mI click Isi Pulsa product&amp#27;[0m                                &amp#27;[90m# starter.stepdefintions.SelectProductSteps.clickIsiPulsa()&amp#27;[0m
11:16:20.468 [Forwarding getPageSource on session 717f6a4acff8fb977a07ef24ea2fe2a3 to remote] DEBUG org.asynchttpclient.netty.request.NettyRequestSender - Using pooled Channel '[id: 0x89545277, L:/127.0.0.1:50458 - R:localhost/127.0.0.1:39297]' for 'POST' to 'http://localhost:39297/session/717f6a4acff8fb977a07ef24ea2fe2a3/execute/sync'
11:16:20.469 [Forwarding getPageSource on session 717f6a4acff8fb977a07ef24ea2fe2a3 to remote] DEBUG org.asynchttpclient.netty.request.NettyRequestSender - Using open Channel [id: 0x89545277, L:/127.0.0.1:50458 - R:localhost/127.0.0.1:39297] for POST '/session/717f6a4acff8fb977a07ef24ea2fe2a3/execute/sync'
11:16:20.483 [AsyncHttpClient-1-11] DEBUG org.asynchttpclient.netty.handler.HttpHandler - 

Request DefaultHttpRequest(decodeResult: success, version: HTTP/1.1)
POST /session/717f6a4acff8fb977a07ef24ea2fe2a3/execute/sync HTTP/1.1
User-Agent: selenium/4.8.1 (java windows)
Content-Length: 176
Content-Type: application/json; charset=utf-8
host: localhost:39297
accept: */*

Response DefaultHttpResponse(decodeResult: success, version: HTTP/1.1)
HTTP/1.1 200 OK
Content-Length: 88815
Content-Type: application/json; charset=utf-8
cache-control: no-cache

11:16:20.483 [AsyncHttpClient-1-11] DEBUG org.asynchttpclient.netty.channel.ChannelManager - Adding key: http://localhost:39297 for channel [id: 0x89545277, L:/127.0.0.1:50458 - R:localhost/127.0.0.1:39297]
11:16:20.490 [Forwarding getCurrentUrl on session 717f6a4acff8fb977a07ef24ea2fe2a3 to remote] DEBUG org.asynchttpclient.netty.request.NettyRequestSender - Using pooled Channel '[id: 0x89545277, L:/127.0.0.1:50458 - R:localhost/127.0.0.1:39297]' for 'GET' to 'http://localhost:39297/session/717f6a4acff8fb977a07ef24ea2fe2a3/url'
11:16:20.490 [Forwarding getCurrentUrl on session 717f6a4acff8fb977a07ef24ea2fe2a3 to remote] DEBUG org.asynchttpclient.netty.request.NettyRequestSender - Using open Channel [id: 0x89545277, L:/127.0.0.1:50458 - R:localhost/127.0.0.1:39297] for GET '/session/717f6a4acff8fb977a07ef24ea2fe2a3/url'
11:16:20.495 [AsyncHttpClient-1-11] DEBUG org.asynchttpclient.netty.handler.HttpHandler - 

Request DefaultFullHttpRequest(decodeResult: success, version: HTTP/1.1, content: EmptyByteBufBE)
GET /session/717f6a4acff8fb977a07ef24ea2fe2a3/url HTTP/1.1
User-Agent: selenium/4.8.1 (java windows)
Cache-Control: no-cache
Content-Type: application/json; charset=utf-8
host: localhost:39297
accept: */*

Response DefaultHttpResponse(decodeResult: success, version: HTTP/1.1)
HTTP/1.1 200 OK
Content-Length: 53
Content-Type: application/json; charset=utf-8
cache-control: no-cache

11:16:20.495 [AsyncHttpClient-1-11] DEBUG org.asynchttpclient.netty.channel.ChannelManager - Adding key: http://localhost:39297 for channel [id: 0x89545277, L:/127.0.0.1:50458 - R:localhost/127.0.0.1:39297]
11:16:20.512 [Forwarding getAlertText on session 717f6a4acff8fb977a07ef24ea2fe2a3 to remote] DEBUG org.asynchttpclient.netty.request.NettyRequestSender - Using pooled Channel '[id: 0x89545277, L:/127.0.0.1:50458 - R:localhost/127.0.0.1:39297]' for 'GET' to 'http://localhost:39297/session/717f6a4acff8fb977a07ef24ea2fe2a3/alert/text'
11:16:20.512 [Forwarding getAlertText on session 717f6a4acff8fb977a07ef24ea2fe2a3 to remote] DEBUG org.asynchttpclient.netty.request.NettyRequestSender - Using open Channel [id: 0x89545277, L:/127.0.0.1:50458 - R:localhost/127.0.0.1:39297] for GET '/session/717f6a4acff8fb977a07ef24ea2fe2a3/alert/text'
11:16:20.514 [AsyncHttpClient-1-11] DEBUG org.asynchttpclient.netty.handler.HttpHandler - 

Request DefaultFullHttpRequest(decodeResult: success, version: HTTP/1.1, content: EmptyByteBufBE)
GET /session/717f6a4acff8fb977a07ef24ea2fe2a3/alert/text HTTP/1.1
User-Agent: selenium/4.8.1 (java windows)
Cache-Control: no-cache
Content-Type: application/json; charset=utf-8
host: localhost:39297
accept: */*

Response DefaultHttpResponse(decodeResult: success, version: HTTP/1.1)
HTTP/1.1 404 Not Found
Content-Length: 836
Content-Type: application/json; charset=utf-8
cache-control: no-cache

11:16:20.514 [AsyncHttpClient-1-11] DEBUG org.asynchttpclient.netty.channel.ChannelManager - Adding key: http://localhost:39297 for channel [id: 0x89545277, L:/127.0.0.1:50458 - R:localhost/127.0.0.1:39297]
11:16:20.516 [Forwarding getCurrentUrl on session 717f6a4acff8fb977a07ef24ea2fe2a3 to remote] DEBUG org.asynchttpclient.netty.request.NettyRequestSender - Using pooled Channel '[id: 0x89545277, L:/127.0.0.1:50458 - R:localhost/127.0.0.1:39297]' for 'GET' to 'http://localhost:39297/session/717f6a4acff8fb977a07ef24ea2fe2a3/url'
11:16:20.516 [Forwarding getCurrentUrl on session 717f6a4acff8fb977a07ef24ea2fe2a3 to remote] DEBUG org.asynchttpclient.netty.request.NettyRequestSender - Using open Channel [id: 0x89545277, L:/127.0.0.1:50458 - R:localhost/127.0.0.1:39297] for GET '/session/717f6a4acff8fb977a07ef24ea2fe2a3/url'
11:16:20.521 [AsyncHttpClient-1-11] DEBUG org.asynchttpclient.netty.handler.HttpHandler - 

Request DefaultFullHttpRequest(decodeResult: success, version: HTTP/1.1, content: EmptyByteBufBE)
GET /session/717f6a4acff8fb977a07ef24ea2fe2a3/url HTTP/1.1
User-Agent: selenium/4.8.1 (java windows)
Cache-Control: no-cache
Content-Type: application/json; charset=utf-8
host: localhost:39297
accept: */*

Response DefaultHttpResponse(decodeResult: success, version: HTTP/1.1)
HTTP/1.1 200 OK
Content-Length: 53
Content-Type: application/json; charset=utf-8
cache-control: no-cache

11:16:20.522 [AsyncHttpClient-1-11] DEBUG org.asynchttpclient.netty.channel.ChannelManager - Adding key: http://localhost:39297 for channel [id: 0x89545277, L:/127.0.0.1:50458 - R:localhost/127.0.0.1:39297]
11:16:20.523 [Forwarding screenshot on session 717f6a4acff8fb977a07ef24ea2fe2a3 to remote] DEBUG org.asynchttpclient.netty.request.NettyRequestSender - Using pooled Channel '[id: 0x89545277, L:/127.0.0.1:50458 - R:localhost/127.0.0.1:39297]' for 'GET' to 'http://localhost:39297/session/717f6a4acff8fb977a07ef24ea2fe2a3/screenshot'
11:16:20.523 [Forwarding screenshot on session 717f6a4acff8fb977a07ef24ea2fe2a3 to remote] DEBUG org.asynchttpclient.netty.request.NettyRequestSender - Using open Channel [id: 0x89545277, L:/127.0.0.1:50458 - R:localhost/127.0.0.1:39297] for GET '/session/717f6a4acff8fb977a07ef24ea2fe2a3/screenshot'
11:16:20.711 [AsyncHttpClient-1-11] DEBUG org.asynchttpclient.netty.handler.HttpHandler - 

Request DefaultFullHttpRequest(decodeResult: success, version: HTTP/1.1, content: EmptyByteBufBE)
GET /session/717f6a4acff8fb977a07ef24ea2fe2a3/screenshot HTTP/1.1
User-Agent: selenium/4.8.1 (java windows)
Cache-Control: no-cache
Content-Type: application/json; charset=utf-8
host: localhost:39297
accept: */*

Response DefaultHttpResponse(decodeResult: success, version: HTTP/1.1)
HTTP/1.1 200 OK
Content-Length: 239504
Content-Type: application/json; charset=utf-8
cache-control: no-cache

11:16:20.711 [AsyncHttpClient-1-11] DEBUG org.asynchttpclient.netty.channel.ChannelManager - Adding key: http://localhost:39297 for channel [id: 0x89545277, L:/127.0.0.1:50458 - R:localhost/127.0.0.1:39297]
11:16:20.718 [main] DEBUG net.serenitybdd.core.photography.Darkroom - Send negative for processing for target\site\serenity\4f1d4408c79fd745261551de7a2e872308427bc5e1a0e251346e04ed6140dd4d.png
11:16:20.719 [Forwarding getPageSource on session 717f6a4acff8fb977a07ef24ea2fe2a3 to remote] DEBUG org.asynchttpclient.netty.request.NettyRequestSender - Using pooled Channel '[id: 0x89545277, L:/127.0.0.1:50458 - R:localhost/127.0.0.1:39297]' for 'POST' to 'http://localhost:39297/session/717f6a4acff8fb977a07ef24ea2fe2a3/execute/sync'
11:16:20.719 [Forwarding getPageSource on session 717f6a4acff8fb977a07ef24ea2fe2a3 to remote] DEBUG org.asynchttpclient.netty.request.NettyRequestSender - Using open Channel [id: 0x89545277, L:/127.0.0.1:50458 - R:localhost/127.0.0.1:39297] for POST '/session/717f6a4acff8fb977a07ef24ea2fe2a3/execute/sync'
11:16:20.737 [AsyncHttpClient-1-11] DEBUG org.asynchttpclient.netty.handler.HttpHandler - 

Request DefaultHttpRequest(decodeResult: success, version: HTTP/1.1)
POST /session/717f6a4acff8fb977a07ef24ea2fe2a3/execute/sync HTTP/1.1
User-Agent: selenium/4.8.1 (java windows)
Content-Length: 176
Content-Type: application/json; charset=utf-8
host: localhost:39297
accept: */*

Response DefaultHttpResponse(decodeResult: success, version: HTTP/1.1)
HTTP/1.1 200 OK
Content-Length: 211224
Content-Type: application/json; charset=utf-8
cache-control: no-cache

11:16:20.737 [AsyncHttpClient-1-11] DEBUG org.asynchttpclient.netty.channel.ChannelManager - Adding key: http://localhost:39297 for channel [id: 0x89545277, L:/127.0.0.1:50458 - R:localhost/127.0.0.1:39297]
11:16:20.746 [Forwarding getCurrentUrl on session 717f6a4acff8fb977a07ef24ea2fe2a3 to remote] DEBUG org.asynchttpclient.netty.request.NettyRequestSender - Using pooled Channel '[id: 0x89545277, L:/127.0.0.1:50458 - R:localhost/127.0.0.1:39297]' for 'GET' to 'http://localhost:39297/session/717f6a4acff8fb977a07ef24ea2fe2a3/url'
11:16:20.746 [Forwarding getCurrentUrl on session 717f6a4acff8fb977a07ef24ea2fe2a3 to remote] DEBUG org.asynchttpclient.netty.request.NettyRequestSender - Using open Channel [id: 0x89545277, L:/127.0.0.1:50458 - R:localhost/127.0.0.1:39297] for GET '/session/717f6a4acff8fb977a07ef24ea2fe2a3/url'
11:16:20.749 [AsyncHttpClient-1-11] DEBUG org.asynchttpclient.netty.handler.HttpHandler - 

Request DefaultFullHttpRequest(decodeResult: success, version: HTTP/1.1, content: EmptyByteBufBE)
GET /session/717f6a4acff8fb977a07ef24ea2fe2a3/url HTTP/1.1
User-Agent: selenium/4.8.1 (java windows)
Cache-Control: no-cache
Content-Type: application/json; charset=utf-8
host: localhost:39297
accept: */*

Response DefaultHttpResponse(decodeResult: success, version: HTTP/1.1)
HTTP/1.1 200 OK
Content-Length: 53
Content-Type: application/json; charset=utf-8
cache-control: no-cache

11:16:20.750 [AsyncHttpClient-1-11] DEBUG org.asynchttpclient.netty.channel.ChannelManager - Adding key: http://localhost:39297 for channel [id: 0x89545277, L:/127.0.0.1:50458 - R:localhost/127.0.0.1:39297]
11:16:20.753 [main] DEBUG net.thucydides.core.steps.StepInterceptor - STARTING STEP: SelectProductSteps.inputNomorHandphone - inputNomorHandphone
11:16:20.755 [Forwarding findElement on session 717f6a4acff8fb977a07ef24ea2fe2a3 to remote] DEBUG org.asynchttpclient.netty.request.NettyRequestSender - Using pooled Channel '[id: 0x89545277, L:/127.0.0.1:50458 - R:localhost/127.0.0.1:39297]' for 'POST' to 'http://localhost:39297/session/717f6a4acff8fb977a07ef24ea2fe2a3/element'
11:16:20.755 [Forwarding findElement on session 717f6a4acff8fb977a07ef24ea2fe2a3 to remote] DEBUG org.asynchttpclient.netty.request.NettyRequestSender - Using open Channel [id: 0x89545277, L:/127.0.0.1:50458 - R:localhost/127.0.0.1:39297] for POST '/session/717f6a4acff8fb977a07ef24ea2fe2a3/element'
11:16:21.302 [AsyncHttpClient-1-1] DEBUG org.asynchttpclient.netty.channel.DefaultChannelPool - Entry count for : http://localhost:50459 : 1
11:16:22.404 [AsyncHttpClient-1-1] DEBUG org.asynchttpclient.netty.channel.DefaultChannelPool - Entry count for : http://localhost:50459 : 1
11:16:22.810 [AsyncHttpClient-1-11] DEBUG org.asynchttpclient.netty.handler.HttpHandler - 

Request DefaultHttpRequest(decodeResult: success, version: HTTP/1.1)
POST /session/717f6a4acff8fb977a07ef24ea2fe2a3/element HTTP/1.1
User-Agent: selenium/4.8.1 (java windows)
Content-Length: 62
Content-Type: application/json; charset=utf-8
host: localhost:39297
accept: */*

Response DefaultHttpResponse(decodeResult: success, version: HTTP/1.1)
HTTP/1.1 404 Not Found
Content-Length: 961
Content-Type: application/json; charset=utf-8
cache-control: no-cache

11:16:22.810 [AsyncHttpClient-1-11] DEBUG org.asynchttpclient.netty.channel.ChannelManager - Adding key: http://localhost:39297 for channel [id: 0x89545277, L:/127.0.0.1:50458 - R:localhost/127.0.0.1:39297]
11:16:22.821 [Forwarding getAlertText on session 717f6a4acff8fb977a07ef24ea2fe2a3 to remote] DEBUG org.asynchttpclient.netty.request.NettyRequestSender - Using pooled Channel '[id: 0x89545277, L:/127.0.0.1:50458 - R:localhost/127.0.0.1:39297]' for 'GET' to 'http://localhost:39297/session/717f6a4acff8fb977a07ef24ea2fe2a3/alert/text'
11:16:22.821 [Forwarding getAlertText on session 717f6a4acff8fb977a07ef24ea2fe2a3 to remote] DEBUG org.asynchttpclient.netty.request.NettyRequestSender - Using open Channel [id: 0x89545277, L:/127.0.0.1:50458 - R:localhost/127.0.0.1:39297] for GET '/session/717f6a4acff8fb977a07ef24ea2fe2a3/alert/text'
11:16:22.824 [AsyncHttpClient-1-11] DEBUG org.asynchttpclient.netty.handler.HttpHandler - 

Request DefaultFullHttpRequest(decodeResult: success, version: HTTP/1.1, content: EmptyByteBufBE)
GET /session/717f6a4acff8fb977a07ef24ea2fe2a3/alert/text HTTP/1.1
User-Agent: selenium/4.8.1 (java windows)
Cache-Control: no-cache
Content-Type: application/json; charset=utf-8
host: localhost:39297
accept: */*

Response DefaultHttpResponse(decodeResult: success, version: HTTP/1.1)
HTTP/1.1 404 Not Found
Content-Length: 836
Content-Type: application/json; charset=utf-8
cache-control: no-cache

11:16:22.825 [AsyncHttpClient-1-11] DEBUG org.asynchttpclient.netty.channel.ChannelManager - Adding key: http://localhost:39297 for channel [id: 0x89545277, L:/127.0.0.1:50458 - R:localhost/127.0.0.1:39297]
11:16:22.826 [Forwarding getCurrentUrl on session 717f6a4acff8fb977a07ef24ea2fe2a3 to remote] DEBUG org.asynchttpclient.netty.request.NettyRequestSender - Using pooled Channel '[id: 0x89545277, L:/127.0.0.1:50458 - R:localhost/127.0.0.1:39297]' for 'GET' to 'http://localhost:39297/session/717f6a4acff8fb977a07ef24ea2fe2a3/url'
11:16:22.827 [Forwarding getCurrentUrl on session 717f6a4acff8fb977a07ef24ea2fe2a3 to remote] DEBUG org.asynchttpclient.netty.request.NettyRequestSender - Using open Channel [id: 0x89545277, L:/127.0.0.1:50458 - R:localhost/127.0.0.1:39297] for GET '/session/717f6a4acff8fb977a07ef24ea2fe2a3/url'
11:16:22.834 [AsyncHttpClient-1-11] DEBUG org.asynchttpclient.netty.handler.HttpHandler - 

Request DefaultFullHttpRequest(decodeResult: success, version: HTTP/1.1, content: EmptyByteBufBE)
GET /session/717f6a4acff8fb977a07ef24ea2fe2a3/url HTTP/1.1
User-Agent: selenium/4.8.1 (java windows)
Cache-Control: no-cache
Content-Type: application/json; charset=utf-8
host: localhost:39297
accept: */*

Response DefaultHttpResponse(decodeResult: success, version: HTTP/1.1)
HTTP/1.1 200 OK
Content-Length: 53
Content-Type: application/json; charset=utf-8
cache-control: no-cache

11:16:22.835 [AsyncHttpClient-1-11] DEBUG org.asynchttpclient.netty.channel.ChannelManager - Adding key: http://localhost:39297 for channel [id: 0x89545277, L:/127.0.0.1:50458 - R:localhost/127.0.0.1:39297]
11:16:22.836 [Forwarding screenshot on session 717f6a4acff8fb977a07ef24ea2fe2a3 to remote] DEBUG org.asynchttpclient.netty.request.NettyRequestSender - Using pooled Channel '[id: 0x89545277, L:/127.0.0.1:50458 - R:localhost/127.0.0.1:39297]' for 'GET' to 'http://localhost:39297/session/717f6a4acff8fb977a07ef24ea2fe2a3/screenshot'
11:16:22.836 [Forwarding screenshot on session 717f6a4acff8fb977a07ef24ea2fe2a3 to remote] DEBUG org.asynchttpclient.netty.request.NettyRequestSender - Using open Channel [id: 0x89545277, L:/127.0.0.1:50458 - R:localhost/127.0.0.1:39297] for GET '/session/717f6a4acff8fb977a07ef24ea2fe2a3/screenshot'
11:16:23.028 [AsyncHttpClient-1-11] DEBUG org.asynchttpclient.netty.handler.HttpHandler - 

Request DefaultFullHttpRequest(decodeResult: success, version: HTTP/1.1, content: EmptyByteBufBE)
GET /session/717f6a4acff8fb977a07ef24ea2fe2a3/screenshot HTTP/1.1
User-Agent: selenium/4.8.1 (java windows)
Cache-Control: no-cache
Content-Type: application/json; charset=utf-8
host: localhost:39297
accept: */*

Response DefaultHttpResponse(decodeResult: success, version: HTTP/1.1)
HTTP/1.1 200 OK
Content-Length: 239560
Content-Type: application/json; charset=utf-8
cache-control: no-cache

11:16:23.028 [AsyncHttpClient-1-11] DEBUG org.asynchttpclient.netty.channel.ChannelManager - Adding key: http://localhost:39297 for channel [id: 0x89545277, L:/127.0.0.1:50458 - R:localhost/127.0.0.1:39297]
11:16:23.038 [main] DEBUG net.serenitybdd.core.photography.Darkroom - Send negative for processing for target\site\serenity\e1646acf6e43792cefdea5c7c8ffc75655b123ca398721f5b730643e4ceccc8a.png
11:16:23.039 [Forwarding getPageSource on session 717f6a4acff8fb977a07ef24ea2fe2a3 to remote] DEBUG org.asynchttpclient.netty.request.NettyRequestSender - Using pooled Channel '[id: 0x89545277, L:/127.0.0.1:50458 - R:localhost/127.0.0.1:39297]' for 'POST' to 'http://localhost:39297/session/717f6a4acff8fb977a07ef24ea2fe2a3/execute/sync'
11:16:23.039 [Forwarding getPageSource on session 717f6a4acff8fb977a07ef24ea2fe2a3 to remote] DEBUG org.asynchttpclient.netty.request.NettyRequestSender - Using open Channel [id: 0x89545277, L:/127.0.0.1:50458 - R:localhost/127.0.0.1:39297] for POST '/session/717f6a4acff8fb977a07ef24ea2fe2a3/execute/sync'
11:16:23.061 [AsyncHttpClient-1-11] DEBUG org.asynchttpclient.netty.handler.HttpHandler - 

Request DefaultHttpRequest(decodeResult: success, version: HTTP/1.1)
POST /session/717f6a4acff8fb977a07ef24ea2fe2a3/execute/sync HTTP/1.1
User-Agent: selenium/4.8.1 (java windows)
Content-Length: 176
Content-Type: application/json; charset=utf-8
host: localhost:39297
accept: */*

Response DefaultHttpResponse(decodeResult: success, version: HTTP/1.1)
HTTP/1.1 200 OK
Content-Length: 211224
Content-Type: application/json; charset=utf-8
cache-control: no-cache

11:16:23.062 [AsyncHttpClient-1-11] DEBUG org.asynchttpclient.netty.channel.ChannelManager - Adding key: http://localhost:39297 for channel [id: 0x89545277, L:/127.0.0.1:50458 - R:localhost/127.0.0.1:39297]
11:16:23.073 [Forwarding getCurrentUrl on session 717f6a4acff8fb977a07ef24ea2fe2a3 to remote] DEBUG org.asynchttpclient.netty.request.NettyRequestSender - Using pooled Channel '[id: 0x89545277, L:/127.0.0.1:50458 - R:localhost/127.0.0.1:39297]' for 'GET' to 'http://localhost:39297/session/717f6a4acff8fb977a07ef24ea2fe2a3/url'
11:16:23.074 [Forwarding getCurrentUrl on session 717f6a4acff8fb977a07ef24ea2fe2a3 to remote] DEBUG org.asynchttpclient.netty.request.NettyRequestSender - Using open Channel [id: 0x89545277, L:/127.0.0.1:50458 - R:localhost/127.0.0.1:39297] for GET '/session/717f6a4acff8fb977a07ef24ea2fe2a3/url'
11:16:23.079 [AsyncHttpClient-1-11] DEBUG org.asynchttpclient.netty.handler.HttpHandler - 

Request DefaultFullHttpRequest(decodeResult: success, version: HTTP/1.1, content: EmptyByteBufBE)
GET /session/717f6a4acff8fb977a07ef24ea2fe2a3/url HTTP/1.1
User-Agent: selenium/4.8.1 (java windows)
Cache-Control: no-cache
Content-Type: application/json; charset=utf-8
host: localhost:39297
accept: */*

Response DefaultHttpResponse(decodeResult: success, version: HTTP/1.1)
HTTP/1.1 200 OK
Content-Length: 53
Content-Type: application/json; charset=utf-8
cache-control: no-cache

11:16:23.079 [AsyncHttpClient-1-11] DEBUG org.asynchttpclient.netty.channel.ChannelManager - Adding key: http://localhost:39297 for channel [id: 0x89545277, L:/127.0.0.1:50458 - R:localhost/127.0.0.1:39297]
  &amp#27;[31mAnd &amp#27;[0m&amp#27;[31mI enter correct nomor handphone&amp#27;[0m                           &amp#27;[90m# starter.stepdefintions.SelectProductSteps.inputNomorHandphone()&amp#27;[0m
      &amp#27;[31morg.openqa.selenium.NoSuchElementException: no such element: Unable to locate element: {"method":"css selector","selector":"#nomor\-handphone"}
  (Session info: chrome=111.0.5563.147)
For documentation on this error, please visit: https://selenium.dev/exceptions/#no_such_element
Build info: version: '4.8.1', revision: '8ebccac989'
System info: os.name: 'Windows 10', os.arch: 'amd64', os.version: '10.0', java.version: '18.0.1.1'
Driver info: org.openqa.selenium.chrome.ChromeDriver
Command: [717f6a4acff8fb977a07ef24ea2fe2a3, findElement {using=id, value=nomor-handphone}]
Capabilities {acceptInsecureCerts: false, browserName: chrome, browserVersion: 111.0.5563.147, chrome: {chromedriverVersion: 111.0.5563.64 (c710e93d5b63..., userDataDir: C:\Users\BUNAYY~1\AppData\L...}, goog:chromeOptions: {debuggerAddress: localhost:50459}, networkConnectionEnabled: false, pageLoadStrategy: normal, platformName: WINDOWS, proxy: Proxy(), se:cdp: ws://localhost:50459/devtoo..., se:cdpVersion: 111.0.5563.147, setWindowRect: true, strictFileInteractability: false, timeouts: {implicit: 0, pageLoad: 300000, script: 30000}, unhandledPromptBehavior: dismiss and notify, webauthn:extension:credBlob: true, webauthn:extension:largeBlob: true, webauthn:extension:minPinLength: true, webauthn:extension:prf: true, webauthn:virtualAuthenticators: true}
Session ID: 717f6a4acff8fb977a07ef24ea2fe2a3
	at java.base/jdk.internal.reflect.DirectConstructorHandleAccessor.newInstance(DirectConstructorHandleAccessor.java:67)
	at java.base/java.lang.reflect.Constructor.newInstanceWithCaller(Constructor.java:499)
	at java.base/java.lang.reflect.Constructor.newInstance(Constructor.java:483)
	at org.openqa.selenium.remote.codec.w3c.W3CHttpResponseCodec.createException(W3CHttpResponseCodec.java:200)
	at org.openqa.selenium.remote.codec.w3c.W3CHttpResponseCodec.decode(W3CHttpResponseCodec.java:133)
	at org.openqa.selenium.remote.codec.w3c.W3CHttpResponseCodec.decode(W3CHttpResponseCodec.java:53)
	at org.openqa.selenium.remote.HttpCommandExecutor.execute(HttpCommandExecutor.java:184)
	at org.openqa.selenium.remote.service.DriverCommandExecutor.invokeExecute(DriverCommandExecutor.java:167)
	at org.openqa.selenium.remote.service.DriverCommandExecutor.execute(DriverCommandExecutor.java:142)
	at org.openqa.selenium.remote.RemoteWebDriver.execute(RemoteWebDriver.java:543)
	at org.openqa.selenium.remote.ElementLocation$ElementFinder$2.findElement(ElementLocation.java:162)
	at org.openqa.selenium.remote.ElementLocation.findElement(ElementLocation.java:60)
	at org.openqa.selenium.remote.RemoteWebDriver.findElement(RemoteWebDriver.java:352)
	at org.openqa.selenium.remote.RemoteWebDriver.findElement(RemoteWebDriver.java:344)
	at net.thucydides.core.webdriver.WebDriverFacade.findElement(WebDriverFacade.java:242)
	at net.serenitybdd.core.pages.WebElementResolverByLocator.resolveForDriver(WebElementResolverByLocator.java:25)
	at net.serenitybdd.core.pages.WebElementFacadeImpl.getResolvedElement(WebElementFacadeImpl.java:189)
	at net.serenitybdd.core.pages.WebElementFacadeImpl.getElement(WebElementFacadeImpl.java:184)
	at net.serenitybdd.core.pages.WebElementFacadeImpl.lambda$type$2(WebElementFacadeImpl.java:744)
	at net.serenitybdd.core.pages.WithRetries.perform(WithRetries.java:22)
	at net.serenitybdd.core.pages.WebElementFacadeImpl.type(WebElementFacadeImpl.java:743)
	at alta@1.0-SNAPSHOT/starter.pages.IsipulsaPage.inputNomorHandphone(IsipulsaPage.java:39)
	at alta@1.0-SNAPSHOT/starter.pages.IsipulsaPage$ByteBuddy$AgGe7rzZ.inputNomorHandphone$accessor$lVSquYdj(Unknown Source)
	at java.base/jdk.internal.reflect.DirectMethodHandleAccessor.invoke(DirectMethodHandleAccessor.java:104)
	at java.base/java.lang.reflect.Method.invoke(Method.java:577)
	at net.thucydides.core.steps.StepInterceptor.invokeMethod(StepInterceptor.java:518)
	at net.thucydides.core.steps.StepInterceptor.executeTestStepMethod(StepInterceptor.java:498)
	at net.thucydides.core.steps.StepInterceptor.runTestStep(StepInterceptor.java:472)
	at net.thucydides.core.steps.StepInterceptor.runOrSkipMethod(StepInterceptor.java:211)
	at net.thucydides.core.steps.StepInterceptor.testStepResult(StepInterceptor.java:198)
	at net.thucydides.core.steps.StepInterceptor.intercept(StepInterceptor.java:86)
	at net.thucydides.core.steps.ProxyConfiguration$InterceptorDispatcher.intercept(ProxyConfiguration.java:51)
	at alta@1.0-SNAPSHOT/starter.pages.IsipulsaPage$ByteBuddy$AgGe7rzZ.inputNomorHandphone(Unknown Source)
	at alta@1.0-SNAPSHOT/starter.stepdefintions.SelectProductSteps.inputNomorHandphone(SelectProductSteps.java:36)
	at ✽.I enter correct nomor handphone(file:///C:/Users/Bunayya%20Zulfikar/Documents/GitHub/QE_Refano-Saputra/11_Web_Programming_&_Testing/praktikum/Web_Testing/Prioritas2/alta/src/test/resources/features/SelectProduct.feature:6)
&amp#27;[0m
  &amp#27;[36mThen &amp#27;[0m&amp#27;[36mI should be redirected to select nominal&amp#27;[0m                 &amp#27;[90m# starter.stepdefintions.SelectProductSteps.validateOnSelectNominal()&amp#27;[0m
11:16:23.099 [main] ERROR  - 
  _____   ___   ___   _____     ___   ___   ___    ___    ___ 
 |_   _| | __| / __| |_   _|   | __| | _ \ | _ \  / _ \  | _ \
   | |   | _|  \__ \   | |     | _|  |   / |   / | (_) | |   /
   |_|   |___| |___/   |_|     |___| |_|_\ |_|_\  \___/  |_|_\

Input correct nomor meter and correct nomor handphone
---------------------------------------------------------------
11:16:23.099 [main] DEBUG  - RELATED ISSUES: 
11:16:23.101 [main] ERROR  -     Test failed at step: Input nomor handphone: 081906037547
11:16:23.101 [main] ERROR  -     no such element: Unable to locate element: {"method":"css selector","selector":"#nomor\-handphone"}
11:16:23.103 [AsyncHttpClient-1-13] DEBUG org.asynchttpclient.netty.handler.WebSocketHandler - Channel Closed: [id: 0x31e97e23, L:/127.0.0.1:50466 ! R:localhost/127.0.0.1:50459] with attribute NettyResponseFuture{currentRetry=0,
	isDone=1,
	isCancelled=0,
	asyncHandler=org.asynchttpclient.ws.WebSocketUpgradeHandler@712a8042,
	nettyRequest=org.asynchttpclient.netty.request.NettyRequest@34281003,
	future=java.util.concurrent.CompletableFuture@584ff6cf[Completed normally],
	uri=ws://localhost:50459/devtools/browser/5465f54c-9ccc-4177-8922-468f33c4fbb2,
	keepAlive=true,
	redirectCount=0,
	timeoutsHolder=null,
	inAuth=0,
	touch=1681013764128}
11:16:23.103 [AsyncHttpClient-1-13] DEBUG org.asynchttpclient.netty.channel.ChannelManager - Closing Channel [id: 0x31e97e23, L:/127.0.0.1:50466 ! R:localhost/127.0.0.1:50459] 
11:16:23.103 [Driver Command Executor] DEBUG org.asynchttpclient.netty.request.NettyRequestSender - Using pooled Channel '[id: 0x89545277, L:/127.0.0.1:50458 - R:localhost/127.0.0.1:39297]' for 'DELETE' to 'http://localhost:39297/session/717f6a4acff8fb977a07ef24ea2fe2a3'
11:16:23.103 [Driver Command Executor] DEBUG org.asynchttpclient.netty.request.NettyRequestSender - Using open Channel [id: 0x89545277, L:/127.0.0.1:50458 - R:localhost/127.0.0.1:39297] for DELETE '/session/717f6a4acff8fb977a07ef24ea2fe2a3'
11:16:23.171 [AsyncHttpClient-1-12] DEBUG org.asynchttpclient.netty.handler.HttpHandler - Unexpected I/O exception on channel [id: 0x36cd59b0, L:/127.0.0.1:50465 - R:localhost/127.0.0.1:50459]
java.net.SocketException: Connection reset
	at java.base/sun.nio.ch.SocketChannelImpl.throwConnectionReset(SocketChannelImpl.java:394)
	at java.base/sun.nio.ch.SocketChannelImpl.read(SocketChannelImpl.java:426)
	at io.netty.buffer.PooledByteBuf.setBytes(PooledByteBuf.java:259)
	at io.netty.buffer.AbstractByteBuf.writeBytes(AbstractByteBuf.java:1132)
	at io.netty.channel.socket.nio.NioSocketChannel.doReadBytes(NioSocketChannel.java:357)
	at io.netty.channel.nio.AbstractNioByteChannel$NioByteUnsafe.read(AbstractNioByteChannel.java:151)
	at io.netty.channel.nio.NioEventLoop.processSelectedKey(NioEventLoop.java:788)
	at io.netty.channel.nio.NioEventLoop.processSelectedKeysOptimized(NioEventLoop.java:724)
	at io.netty.channel.nio.NioEventLoop.processSelectedKeys(NioEventLoop.java:650)
	at io.netty.channel.nio.NioEventLoop.run(NioEventLoop.java:562)
	at io.netty.util.concurrent.SingleThreadEventExecutor$4.run(SingleThreadEventExecutor.java:997)
	at io.netty.util.internal.ThreadExecutorMap$2.run(ThreadExecutorMap.java:74)
	at io.netty.util.concurrent.FastThreadLocalRunnable.run(FastThreadLocalRunnable.java:30)
	at java.base/java.lang.Thread.run(Thread.java:833)
11:16:23.171 [AsyncHttpClient-1-12] DEBUG org.asynchttpclient.netty.channel.ChannelManager - Closing Channel [id: 0x36cd59b0, L:/127.0.0.1:50465 - R:localhost/127.0.0.1:50459] 
11:16:23.172 [AsyncHttpClient-1-12] DEBUG org.asynchttpclient.netty.handler.HttpHandler - Channel Closed: [id: 0x36cd59b0, L:/127.0.0.1:50465 ! R:localhost/127.0.0.1:50459] with attribute DISCARD
11:16:23.195 [AsyncHttpClient-1-11] DEBUG org.asynchttpclient.netty.handler.HttpHandler - 

Request DefaultFullHttpRequest(decodeResult: success, version: HTTP/1.1, content: EmptyByteBufBE)
DELETE /session/717f6a4acff8fb977a07ef24ea2fe2a3 HTTP/1.1
User-Agent: selenium/4.8.1 (java windows)
Content-Type: application/json; charset=utf-8
host: localhost:39297
accept: */*

Response DefaultHttpResponse(decodeResult: success, version: HTTP/1.1)
HTTP/1.1 200 OK
Content-Length: 14
Content-Type: application/json; charset=utf-8
cache-control: no-cache

11:16:23.195 [AsyncHttpClient-1-11] DEBUG org.asynchttpclient.netty.channel.ChannelManager - Adding key: http://localhost:39297 for channel [id: 0x89545277, L:/127.0.0.1:50458 - R:localhost/127.0.0.1:39297]
11:16:23.307 [AsyncHttpClient-1-11] DEBUG org.asynchttpclient.netty.handler.HttpHandler - Channel Closed: [id: 0x89545277, L:/127.0.0.1:50458 ! R:localhost/127.0.0.1:39297] with attribute DISCARD
]]></system-out>
    <system-err><![CDATA[Starting ChromeDriver 111.0.5563.64 (c710e93d5b63b7095afe8c2c17df34408078439d-refs/branch-heads/5563@{#995}) on port 39297
Only local connections are allowed.
Please see https://chromedriver.chromium.org/security-considerations for suggestions on keeping ChromeDriver safe.
ChromeDriver was started successfully.
Apr 09, 2023 11:16:04 AM org.openqa.selenium.devtools.CdpVersionFinder findNearestMatch
WARNING: Unable to find an exact match for CDP version 111, so returning the closest version found: 110
]]></system-err>
  </testcase>
  <testcase name="Input invalid nomor handphone" classname="Select Product ListrikPLN" time="0.12">
    <error type="io.cucumber.junit.UndefinedStepException"><![CDATA[io.cucumber.junit.UndefinedStepException: 
The step 'I click nominal pulsa' is undefined.
You can implement this step using the snippet(s) below:

@When("I click nominal pulsa")
public void i_click_nominal_pulsa() {
    // Write code here that turns the phrase above into concrete actions
    throw new io.cucumber.java.PendingException();
}

]]></error>
    <system-out><![CDATA[
Scenario: Input invalid nomor handphone &amp#27;[90m# src/test/resources/features/SelectProduct.feature:9&amp#27;[0m
11:16:23.371 [main] DEBUG io.cucumber.core.plugin.SerenityReporter - Running feature from file:///C:/Users/Bunayya%20Zulfikar/Documents/GitHub/QE_Refano-Saputra/11_Web_Programming_&_Testing/praktikum/Web_Testing/Prioritas2/alta/src/test/resources/features/SelectProduct.feature
11:16:23.376 [main] INFO  - 
  _____   ___   ___   _____     ___   _____     _     ___   _____   ___   ___  
 |_   _| | __| / __| |_   _|   / __| |_   _|   /_\   | _ \ |_   _| | __| |   \ 
   | |   | _|  \__ \   | |     \__ \   | |    / _ \  |   /   | |   | _|  | |) |
   |_|   |___| |___/   |_|     |___/   |_|   /_/ \_\ |_|_\   |_|   |___| |___/ 

Input invalid nomor handphone(select-product-listrikpln;input-invalid-nomor-handphone)
--------------------------------------------------------------------------------
11:16:23.434 [main] DEBUG net.thucydides.core.steps.StepInterceptor - STARTING STEP: SelectProductSteps.clickIsiPulsa - clickProductItem
11:16:23.448 [main] DEBUG net.thucydides.core.steps.StepInterceptor - STEP DONE: clickProductItem
  &amp#27;[32mGiven &amp#27;[0m&amp#27;[32mI click Isi Pulsa product&amp#27;[0m       &amp#27;[90m# starter.stepdefintions.SelectProductSteps.clickIsiPulsa()&amp#27;[0m
11:16:23.459 [main] DEBUG net.thucydides.core.steps.StepInterceptor - STARTING STEP: SelectProductSteps.inputIncorrectNomorHandphone - inputNomorHandphone
11:16:23.462 [main] DEBUG net.thucydides.core.steps.StepInterceptor - STEP DONE: inputNomorHandphone
  &amp#27;[32mAnd &amp#27;[0m&amp#27;[32mI enter invalid nomor handphone&amp#27;[0m   &amp#27;[90m# starter.stepdefintions.SelectProductSteps.inputIncorrectNomorHandphone()&amp#27;[0m
  &amp#27;[33mWhen &amp#27;[0m&amp#27;[33mI click nominal pulsa&amp#27;[0m
  &amp#27;[36mThen &amp#27;[0m&amp#27;[36mI should see the warning message&amp#27;[0m &amp#27;[90m# starter.stepdefintions.SelectProductSteps.validateWarningMessage()&amp#27;[0m
11:16:23.476 [main] INFO  - 
  _____   ___   ___   _____     ___   ___   _  _   ___    ___   _  _    ___ 
 |_   _| | __| / __| |_   _|   | _ \ | __| | \| | |   \  |_ _| | \| |  / __|
   | |   | _|  \__ \   | |     |  _/ | _|  | .` | | |) |  | |  | .` | | (_ |
   |_|   |___| |___/   |_|     |_|   |___| |_|\_| |___/  |___| |_|\_|  \___|

Input invalid nomor handphone
-----------------------------------------------------------------------------
]]></system-out>
  </testcase>
</testsuite>